2025-12-02 17:04:30,528 LT1-thread root DEBUG client.py                 82    logger_log                : Starting TestCase _run_test_case HFP HFP/AG/VRA/BV-04-C
2025-12-02 17:04:30,529 LT1-thread root DEBUG client.py                 82    logger_log                : pre_run HFP HFP/AG/VRA/BV-04-C
2025-12-02 17:04:30,529 LT1-thread root DEBUG client.py                 82    logger_log                : About to run test case HFP HFP/AG/VRA/BV-04-C with commands:
2025-12-02 17:04:30,529 LT1-thread root DEBUG client.py                 82    logger_log                : 0) class=<class 'autopts.ptsprojects.testcase.TestFunc'>, func=<bound method Stack.core_init of <autopts.ptsprojects.stack.stack.Stack object at 0x000001F5FA8D3620>> start_wid=None stop_wid=None post_wid=None skip_call=None call_count=0 args=() kwds={}
2025-12-02 17:04:30,530 LT1-thread root DEBUG client.py                 82    logger_log                : 1) class=<class 'autopts.ptsprojects.testcase.TestFunc'>, func=<bound method IutCtl.start of <autopts.ptsprojects.zephyr.iutctl.ZephyrCtl object at 0x000001F5FE1407D0>> start_wid=None stop_wid=None post_wid=None skip_call=None call_count=0 args=(<autopts.ptsprojects.zephyr.ztestcase.ZTestCase object at 0x000001F5FFCE2B10>,) kwds={}
2025-12-02 17:04:30,530 LT1-thread root DEBUG client.py                 82    logger_log                : 2) class=<class 'autopts.ptsprojects.testcase.TestFunc'>, func=<bound method IutCtl.wait_iut_ready_event of <autopts.ptsprojects.zephyr.iutctl.ZephyrCtl object at 0x000001F5FE1407D0>> start_wid=None stop_wid=None post_wid=None skip_call=None call_count=0 args=(False,) kwds={}
2025-12-02 17:04:30,530 LT1-thread root DEBUG client.py                 82    logger_log                : 3) class=<class 'autopts.ptsprojects.testcase.TestFunc'>, func=<function core_reg_svc_gap at 0x000001F5FBF8B600> start_wid=None stop_wid=None post_wid=None skip_call=None call_count=75 args=() kwds={}
2025-12-02 17:04:30,530 LT1-thread root DEBUG client.py                 82    logger_log                : 4) class=<class 'autopts.ptsprojects.testcase.TestFunc'>, func=<function core_reg_svc_l2cap at 0x000001F5FBF8B880> start_wid=None stop_wid=None post_wid=None skip_call=None call_count=74 args=() kwds={}
2025-12-02 17:04:30,530 LT1-thread root DEBUG client.py                 82    logger_log                : 5) class=<class 'autopts.ptsprojects.testcase.TestFunc'>, func=<bound method Stack.gap_init of <autopts.ptsprojects.stack.stack.Stack object at 0x000001F5FA8D3620>> start_wid=None stop_wid=None post_wid=None skip_call=None call_count=74 args=(b'Tester_08E44E',) kwds={}
2025-12-02 17:04:30,530 LT1-thread root DEBUG client.py                 82    logger_log                : 6) class=<class 'autopts.ptsprojects.testcase.TestFunc'>, func=<function gap_read_ctrl_info at 0x000001F5FC44DF80> start_wid=None stop_wid=None post_wid=None skip_call=None call_count=74 args=() kwds={}
2025-12-02 17:04:30,530 LT1-thread root DEBUG client.py                 82    logger_log                : 7) class=<class 'autopts.ptsprojects.testcase.TestFunc'>, func=<function test_cases.<locals>.<lambda> at 0x000001F5FFC22020> start_wid=None stop_wid=None post_wid=None skip_call=None call_count=74 args=() kwds={}
2025-12-02 17:04:30,530 LT1-thread root DEBUG client.py                 82    logger_log                : 8) class=<class 'autopts.ptsprojects.testcase.TestFunc'>, func=<function set_pts_addr at 0x000001F5FBF8B1A0> start_wid=None stop_wid=None post_wid=None skip_call=None call_count=74 args=('00:1B:DC:08:E4:4E', 0) kwds={}
2025-12-02 17:04:30,530 LT1-thread root DEBUG client.py                 82    logger_log                : 9) class=<class 'autopts.ptsprojects.testcase.TestFunc'>, func=<function core_reg_svc_hfp at 0x000001F5FC420CC0> start_wid=None stop_wid=None post_wid=None skip_call=None call_count=74 args=() kwds={}
2025-12-02 17:04:30,531 LT1-thread root DEBUG client.py                 82    logger_log                : 10) class=<class 'autopts.ptsprojects.testcase.TestFunc'>, func=<bound method Stack.hfp_init of <autopts.ptsprojects.stack.stack.Stack object at 0x000001F5FA8D3620>> start_wid=None stop_wid=None post_wid=None skip_call=None call_count=74 args=() kwds={}
2025-12-02 17:04:30,531 LT1-thread root DEBUG client.py                 82    logger_log                : 11) class=<class 'autopts.ptsprojects.testcase.TestFuncCleanUp'>, func=<bound method Stack.cleanup of <autopts.ptsprojects.stack.stack.Stack object at 0x000001F5FA8D3620>> start_wid=None stop_wid=None post_wid=None skip_call=None call_count=0 args=() kwds={}
2025-12-02 17:04:30,531 LT1-thread root DEBUG client.py                 82    logger_log                : 12) class=<class 'autopts.ptsprojects.testcase.TestFuncCleanUp'>, func=<bound method ZephyrCtl.stop of <autopts.ptsprojects.zephyr.iutctl.ZephyrCtl object at 0x000001F5FE1407D0>> start_wid=None stop_wid=None post_wid=None skip_call=None call_count=0 args=() kwds={}
2025-12-02 17:04:30,531 LT1-thread root DEBUG client.py                 82    logger_log                : pre_run, run pre test case script
2025-12-02 17:04:30,541 LT1-thread root DEBUG client.py                 82    logger_log                : Starting test function: class=<class 'autopts.ptsprojects.testcase.TestFunc'>, func=<bound method Stack.core_init of <autopts.ptsprojects.stack.stack.Stack object at 0x000001F5FA8D3620>> start_wid=None stop_wid=None post_wid=None skip_call=None call_count=1 args=() kwds={}
2025-12-02 17:04:30,542 LT1-thread root DEBUG client.py                 82    logger_log                : Test function parameters: args=(), kwds={}
2025-12-02 17:04:30,542 LT1-thread root DEBUG client.py                 82    logger_log                : Starting test function: class=<class 'autopts.ptsprojects.testcase.TestFunc'>, func=<bound method IutCtl.start of <autopts.ptsprojects.zephyr.iutctl.ZephyrCtl object at 0x000001F5FE1407D0>> start_wid=None stop_wid=None post_wid=None skip_call=None call_count=1 args=(<autopts.ptsprojects.zephyr.ztestcase.ZTestCase object at 0x000001F5FFCE2B10>,) kwds={}
2025-12-02 17:04:30,542 LT1-thread root DEBUG client.py                 82    logger_log                : Test function parameters: args=(<autopts.ptsprojects.zephyr.ztestcase.ZTestCase object at 0x000001F5FFCE2B10>,), kwds={}
2025-12-02 17:04:30,542 LT1-thread root DEBUG client.py                 82    logger_log                : <class 'autopts.ptsprojects.zephyr.iutctl.ZephyrCtl'>.start
2025-12-02 17:04:30,542 LT1-thread root DEBUG client.py                 82    logger_log                : <class 'autopts.ptsprojects.zephyr.iutctl.ZephyrCtl'>.flush_serial
2025-12-02 17:04:31,758 LT1-thread root DEBUG client.py                 82    logger_log                : Starting socat process: socat.exe -x -v tcp:10.17.12.9:61881,retry=100,interval=1 /dev/ttyS2,raw,b115200,
2025-12-02 17:04:31,768 LT1-thread root DEBUG client.py                 82    logger_log                : accept
2025-12-02 17:04:32,360 BTPWorkerThread-1472 (_rx_task) root DEBUG client.py                 82    logger_log                : BTPWorkerThread-1472 (_rx_task) started
2025-12-02 17:04:32,360 LT1-thread root DEBUG client.py                 82    logger_log                : Starting test function: class=<class 'autopts.ptsprojects.testcase.TestFunc'>, func=<bound method IutCtl.wait_iut_ready_event of <autopts.ptsprojects.zephyr.iutctl.ZephyrCtl object at 0x000001F5FE1407D0>> start_wid=None stop_wid=None post_wid=None skip_call=None call_count=1 args=(False,) kwds={}
2025-12-02 17:04:32,360 LT1-thread root DEBUG client.py                 82    logger_log                : Test function parameters: args=(False,), kwds={}
2025-12-02 17:04:32,361 LT1-thread root DEBUG client.py                 82    logger_log                : IUT ready event received OK
2025-12-02 17:04:32,361 LT1-thread root DEBUG client.py                 82    logger_log                : Starting test function: class=<class 'autopts.ptsprojects.testcase.TestFunc'>, func=<function core_reg_svc_gap at 0x000001F5FBF8B600> start_wid=None stop_wid=None post_wid=None skip_call=None call_count=76 args=() kwds={}
2025-12-02 17:04:32,361 LT1-thread root DEBUG client.py                 82    logger_log                : Test function parameters: args=(), kwds={}
2025-12-02 17:04:32,362 LT1-thread root DEBUG client.py                 82    logger_log                : core_reg_svc_univ: gap_reg (GAP)
2025-12-02 17:04:32,362 LT1-thread root DEBUG client.py                 82    logger_log                : send, 0 3 255 '1'
2025-12-02 17:04:32,362 LT1-thread root DEBUG client.py                 82    logger_log                : sending frame '0003ff010001'
2025-12-02 17:04:32,362 LT1-thread root DEBUG client.py                 82    logger_log                : core_reg_svc_rsp_succ
2025-12-02 17:04:32,362 LT1-thread root DEBUG client.py                 82    logger_log                : read
2025-12-02 17:04:36,091 BTPWorkerThread-1472 (_rx_task) root DEBUG client.py                 82    logger_log                : Read 5 bytes
2025-12-02 17:04:36,123 BTPWorkerThread-1472 (_rx_task) root DEBUG client.py                 82    logger_log                : Received: hdr: Header(svc_id=0x00, op=0x03, ctrl_index=0xff, data_len=0x00) bytearray(b'\x00\x03\xff\x00\x00')
2025-12-02 17:04:36,155 BTPWorkerThread-1472 (_rx_task) root DEBUG client.py                 82    logger_log                : Received data: {''}, bytearray(b'')
2025-12-02 17:04:36,187 LT1-thread root DEBUG client.py                 82    logger_log                : received Header(svc_id=0, op=3, ctrl_index=255, data_len=0) (b'',)
2025-12-02 17:04:36,187 LT1-thread root DEBUG client.py                 82    logger_log                : expected ((0, 3, 255, 0), (b'',))
2025-12-02 17:04:36,187 LT1-thread root DEBUG client.py                 82    logger_log                : response is valid
2025-12-02 17:04:36,187 LT1-thread root DEBUG client.py                 82    logger_log                : Reading supported commands for service: GAP
2025-12-02 17:04:36,187 LT1-thread root DEBUG client.py                 82    logger_log                : send, 1 1 255 ''
2025-12-02 17:04:36,187 LT1-thread root DEBUG client.py                 82    logger_log                : sending frame '0101ff0000'
2025-12-02 17:04:36,188 LT1-thread root DEBUG client.py                 82    logger_log                : read
2025-12-02 17:04:36,267 BTPWorkerThread-1472 (_rx_task) root DEBUG client.py                 82    logger_log                : Read 5 bytes
2025-12-02 17:04:36,298 BTPWorkerThread-1472 (_rx_task) root DEBUG client.py                 82    logger_log                : Received: hdr: Header(svc_id=0x01, op=0x01, ctrl_index=0xff, data_len=0x06) bytearray(b'\x01\x01\xff\x06\x00')
2025-12-02 17:04:36,361 BTPWorkerThread-1472 (_rx_task) root DEBUG client.py                 82    logger_log                : Read 6 bytes data
2025-12-02 17:04:36,392 BTPWorkerThread-1472 (_rx_task) root DEBUG client.py                 82    logger_log                : Received data: {'6e ff 7f 1f fe f7'}, bytearray(b'n\xff\x7f\x1f\xfe\xf7')
2025-12-02 17:04:36,439 LT1-thread root DEBUG client.py                 82    logger_log                : Starting test function: class=<class 'autopts.ptsprojects.testcase.TestFunc'>, func=<function core_reg_svc_l2cap at 0x000001F5FBF8B880> start_wid=None stop_wid=None post_wid=None skip_call=None call_count=75 args=() kwds={}
2025-12-02 17:04:36,439 LT1-thread root DEBUG client.py                 82    logger_log                : Test function parameters: args=(), kwds={}
2025-12-02 17:04:36,439 LT1-thread root DEBUG client.py                 82    logger_log                : core_reg_svc_univ: l2cap_reg (L2CAP)
2025-12-02 17:04:36,439 LT1-thread root DEBUG client.py                 82    logger_log                : send, 0 3 255 '3'
2025-12-02 17:04:36,439 LT1-thread root DEBUG client.py                 82    logger_log                : sending frame '0003ff010003'
2025-12-02 17:04:36,440 LT1-thread root DEBUG client.py                 82    logger_log                : core_reg_svc_rsp_succ
2025-12-02 17:04:36,440 LT1-thread root DEBUG client.py                 82    logger_log                : read
2025-12-02 17:04:36,518 BTPWorkerThread-1472 (_rx_task) root DEBUG client.py                 82    logger_log                : Read 5 bytes
2025-12-02 17:04:36,549 BTPWorkerThread-1472 (_rx_task) root DEBUG client.py                 82    logger_log                : Received: hdr: Header(svc_id=0x00, op=0x03, ctrl_index=0xff, data_len=0x00) bytearray(b'\x00\x03\xff\x00\x00')
2025-12-02 17:04:36,581 BTPWorkerThread-1472 (_rx_task) root DEBUG client.py                 82    logger_log                : Received data: {''}, bytearray(b'')
2025-12-02 17:04:36,628 LT1-thread root DEBUG client.py                 82    logger_log                : received Header(svc_id=0, op=3, ctrl_index=255, data_len=0) (b'',)
2025-12-02 17:04:36,628 LT1-thread root DEBUG client.py                 82    logger_log                : expected ((0, 3, 255, 0), (b'',))
2025-12-02 17:04:36,628 LT1-thread root DEBUG client.py                 82    logger_log                : response is valid
2025-12-02 17:04:36,628 LT1-thread root DEBUG client.py                 82    logger_log                : Reading supported commands for service: L2CAP
2025-12-02 17:04:36,629 LT1-thread root DEBUG client.py                 82    logger_log                : send, 3 1 255 ''
2025-12-02 17:04:36,629 LT1-thread root DEBUG client.py                 82    logger_log                : sending frame '0301ff0000'
2025-12-02 17:04:36,629 LT1-thread root DEBUG client.py                 82    logger_log                : read
2025-12-02 17:04:36,707 BTPWorkerThread-1472 (_rx_task) root DEBUG client.py                 82    logger_log                : Read 5 bytes
2025-12-02 17:04:36,738 BTPWorkerThread-1472 (_rx_task) root DEBUG client.py                 82    logger_log                : Received: hdr: Header(svc_id=0x03, op=0x01, ctrl_index=0xff, data_len=0x02) bytearray(b'\x03\x01\xff\x02\x00')
2025-12-02 17:04:36,801 BTPWorkerThread-1472 (_rx_task) root DEBUG client.py                 82    logger_log                : Read 2 bytes data
2025-12-02 17:04:36,833 BTPWorkerThread-1472 (_rx_task) root DEBUG client.py                 82    logger_log                : Received data: {'be 03'}, bytearray(b'\xbe\x03')
2025-12-02 17:04:36,881 LT1-thread root DEBUG client.py                 82    logger_log                : Starting test function: class=<class 'autopts.ptsprojects.testcase.TestFunc'>, func=<bound method Stack.gap_init of <autopts.ptsprojects.stack.stack.Stack object at 0x000001F5FA8D3620>> start_wid=None stop_wid=None post_wid=None skip_call=None call_count=75 args=(b'Tester_08E44E',) kwds={}
2025-12-02 17:04:36,881 LT1-thread root DEBUG client.py                 82    logger_log                : Test function parameters: args=(b'Tester_08E44E',), kwds={}
2025-12-02 17:04:36,881 LT1-thread root DEBUG client.py                 82    logger_log                : Starting test function: class=<class 'autopts.ptsprojects.testcase.TestFunc'>, func=<function gap_read_ctrl_info at 0x000001F5FC44DF80> start_wid=None stop_wid=None post_wid=None skip_call=None call_count=75 args=() kwds={}
2025-12-02 17:04:36,881 LT1-thread root DEBUG client.py                 82    logger_log                : Test function parameters: args=(), kwds={}
2025-12-02 17:04:36,881 LT1-thread root DEBUG client.py                 82    logger_log                : gap_read_ctrl_info
2025-12-02 17:04:36,882 LT1-thread root DEBUG client.py                 82    logger_log                : send, 1 3 0 ''
2025-12-02 17:04:36,882 LT1-thread root DEBUG client.py                 82    logger_log                : sending frame '0103000000'
2025-12-02 17:04:36,882 LT1-thread root DEBUG client.py                 82    logger_log                : read
2025-12-02 17:04:36,959 BTPWorkerThread-1472 (_rx_task) root DEBUG client.py                 82    logger_log                : Read 5 bytes
2025-12-02 17:04:36,991 BTPWorkerThread-1472 (_rx_task) root DEBUG client.py                 82    logger_log                : Received: hdr: Header(svc_id=0x01, op=0x03, ctrl_index=0x00, data_len=0x115) bytearray(b'\x01\x03\x00\x15\x01')
2025-12-02 17:04:37,055 BTPWorkerThread-1472 (_rx_task) root DEBUG client.py                 82    logger_log                : Read 277 bytes data
2025-12-02 17:04:37,087 BTPWorkerThread-1472 (_rx_task) root DEBUG client.py                 82    logger_log                : Received data: {'19 78 ee 69 17 d0 d3 06 02 00 13 02 00 00 00 00 00 62 74 70 5f 74 65 73 74 65 72 00 00 00 00 00 00 00 00 00 00 00 00 00 00 00 00 00 00 00 00 00 00 00 00 00 00 00 00 00 00 00 00 00 00 00 00 00 00 00 00 00 00 00 00 00 00 00 00 00 00 00 00 00 00 00 00 00 00 00 00 00 00 00 00 00 00 00 00 00 00 00 00 00 00 00 00 00 00 00 00 00 00 00 00 00 00 00 00 00 00 00 00 00 00 00 00 00 00 00 00 00 00 00 00 00 00 00 00 00 00 00 00 00 00 00 00 00 00 00 00 00 00 00 00 00 00 00 00 00 00 00 00 00 00 00 00 00 00 00 00 00 00 00 00 00 00 00 00 00 00 00 00 00 00 00 00 00 00 00 00 00 00 00 00 00 00 00 00 00 00 00 00 00 00 00 00 00 00 00 00 00 00 00 00 00 00 00 00 00 00 00 00 00 00 00 00 00 00 00 00 00 00 00 00 00 00 00 00 00 00 00 00 00 00 00 00 00 00 00 00 00 00 00 00 00 00 00 00 00 00 00 00 00 00 00 00 00 00 00 00 00 00 00 00 00 00 00 00 00 00'}, bytearray(b'\x19x\xeei\x17\xd0\xd3\x06\x02\x00\x13\x02\x00\x00\x00\x00\x00btp_tester\x00\x00\x00\x00\x00\x00\x00\x00\x00\x00\x00\x00\x00\x00\x00\x00\x00\x00\x00\x00\x00\x00\x00\x00\x00\x00\x00\x00\x00\x00\x00\x00\x00\x00\x00\x00\x00\x00\x00\x00\x00\x00\x00\x00\x00\x00\x00\x00\x00\x00\x00\x00\x00\x00\x00\x00\x00\x00\x00\x00\x00\x00\x00\x00\x00\x00\x00\x00\x00\x00\x00\x00\x00\x00\x00\x00\x00\x00\x00\x00\x00\x00\x00\x00\x00\x00\x00\x00\x00\x00\x00\x00\x00\x00\x00\x00\x00\x00\x00\x00\x00\x00\x00\x00\x00\x00\x00\x00\x00\x00\x00\x00\x00\x00\x00\x00\x00\x00\x00\x00\x00\x00\x00\x00\x00\x00\x00\x00\x00\x00\x00\x00\x00\x00\x00\x00\x00\x00\x00\x00\x00\x00\x00\x00\x00\x00\x00\x00\x00\x00\x00\x00\x00\x00\x00\x00\x00\x00\x00\x00\x00\x00\x00\x00\x00\x00\x00\x00\x00\x00\x00\x00\x00\x00\x00\x00\x00\x00\x00\x00\x00\x00\x00\x00\x00\x00\x00\x00\x00\x00\x00\x00\x00\x00\x00\x00\x00\x00\x00\x00\x00\x00\x00\x00\x00\x00\x00\x00\x00\x00\x00\x00\x00\x00\x00\x00\x00\x00\x00\x00\x00\x00\x00\x00\x00\x00\x00\x00\x00\x00\x00\x00\x00\x00\x00\x00\x00\x00\x00\x00\x00\x00\x00\x00\x00\x00\x00\x00\x00\x00')
2025-12-02 17:04:37,135 LT1-thread root DEBUG client.py                 82    logger_log                : received Header(svc_id=1, op=3, ctrl_index=0, data_len=277) (b'\x19x\xeei\x17\xd0\xd3\x06\x02\x00\x13\x02\x00\x00\x00\x00\x00btp_tester\x00\x00\x00\x00\x00\x00\x00\x00\x00\x00\x00\x00\x00\x00\x00\x00\x00\x00\x00\x00\x00\x00\x00\x00\x00\x00\x00\x00\x00\x00\x00\x00\x00\x00\x00\x00\x00\x00\x00\x00\x00\x00\x00\x00\x00\x00\x00\x00\x00\x00\x00\x00\x00\x00\x00\x00\x00\x00\x00\x00\x00\x00\x00\x00\x00\x00\x00\x00\x00\x00\x00\x00\x00\x00\x00\x00\x00\x00\x00\x00\x00\x00\x00\x00\x00\x00\x00\x00\x00\x00\x00\x00\x00\x00\x00\x00\x00\x00\x00\x00\x00\x00\x00\x00\x00\x00\x00\x00\x00\x00\x00\x00\x00\x00\x00\x00\x00\x00\x00\x00\x00\x00\x00\x00\x00\x00\x00\x00\x00\x00\x00\x00\x00\x00\x00\x00\x00\x00\x00\x00\x00\x00\x00\x00\x00\x00\x00\x00\x00\x00\x00\x00\x00\x00\x00\x00\x00\x00\x00\x00\x00\x00\x00\x00\x00\x00\x00\x00\x00\x00\x00\x00\x00\x00\x00\x00\x00\x00\x00\x00\x00\x00\x00\x00\x00\x00\x00\x00\x00\x00\x00\x00\x00\x00\x00\x00\x00\x00\x00\x00\x00\x00\x00\x00\x00\x00\x00\x00\x00\x00\x00\x00\x00\x00\x00\x00\x00\x00\x00\x00\x00\x00\x00\x00\x00\x00\x00\x00\x00\x00\x00\x00\x00\x00\x00\x00\x00\x00\x00\x00\x00\x00\x00\x00\x00\x00\x00\x00\x00\x00',)
2025-12-02 17:04:37,135 LT1-thread root DEBUG client.py                 82    logger_log                : IUT address 'd01769ee7819' 'public'
2025-12-02 17:04:37,135 LT1-thread root DEBUG client.py                 82    logger_log                : __gap_current_settings_update 531
2025-12-02 17:04:37,135 LT1-thread root DEBUG client.py                 82    logger_log                : Starting test function: class=<class 'autopts.ptsprojects.testcase.TestFunc'>, func=<function test_cases.<locals>.<lambda> at 0x000001F5FFC22020> start_wid=None stop_wid=None post_wid=None skip_call=None call_count=75 args=() kwds={}
2025-12-02 17:04:37,135 LT1-thread root DEBUG client.py                 82    logger_log                : Test function parameters: args=(), kwds={}
2025-12-02 17:04:37,138 LT1-thread root DEBUG client.py                 82    logger_log                : Starting test function: class=<class 'autopts.ptsprojects.testcase.TestFunc'>, func=<function set_pts_addr at 0x000001F5FBF8B1A0> start_wid=None stop_wid=None post_wid=None skip_call=None call_count=75 args=('00:1B:DC:08:E4:4E', 0) kwds={}
2025-12-02 17:04:37,139 LT1-thread root DEBUG client.py                 82    logger_log                : Test function parameters: args=('00:1B:DC:08:E4:4E', 0), kwds={}
2025-12-02 17:04:37,139 LT1-thread root DEBUG client.py                 82    logger_log                : Starting test function: class=<class 'autopts.ptsprojects.testcase.TestFunc'>, func=<function core_reg_svc_hfp at 0x000001F5FC420CC0> start_wid=None stop_wid=None post_wid=None skip_call=None call_count=75 args=() kwds={}
2025-12-02 17:04:37,139 LT1-thread root DEBUG client.py                 82    logger_log                : Test function parameters: args=(), kwds={}
2025-12-02 17:04:37,139 LT1-thread root DEBUG client.py                 82    logger_log                : core_reg_svc_univ: hfp_reg (HFP)
2025-12-02 17:04:37,139 LT1-thread root DEBUG client.py                 82    logger_log                : send, 0 3 255 '33'
2025-12-02 17:04:37,139 LT1-thread root DEBUG client.py                 82    logger_log                : sending frame '0003ff010021'
2025-12-02 17:04:37,140 LT1-thread root DEBUG client.py                 82    logger_log                : core_reg_svc_rsp_succ
2025-12-02 17:04:37,140 LT1-thread root DEBUG client.py                 82    logger_log                : read
2025-12-02 17:04:37,199 BTPWorkerThread-1472 (_rx_task) root DEBUG client.py                 82    logger_log                : Read 5 bytes
2025-12-02 17:04:37,231 BTPWorkerThread-1472 (_rx_task) root DEBUG client.py                 82    logger_log                : Received: hdr: Header(svc_id=0x00, op=0x03, ctrl_index=0xff, data_len=0x00) bytearray(b'\x00\x03\xff\x00\x00')
2025-12-02 17:04:37,263 BTPWorkerThread-1472 (_rx_task) root DEBUG client.py                 82    logger_log                : Received data: {''}, bytearray(b'')
2025-12-02 17:04:37,311 LT1-thread root DEBUG client.py                 82    logger_log                : received Header(svc_id=0, op=3, ctrl_index=255, data_len=0) (b'',)
2025-12-02 17:04:37,311 LT1-thread root DEBUG client.py                 82    logger_log                : expected ((0, 3, 255, 0), (b'',))
2025-12-02 17:04:37,311 LT1-thread root DEBUG client.py                 82    logger_log                : response is valid
2025-12-02 17:04:37,312 LT1-thread root DEBUG client.py                 82    logger_log                : Reading supported commands for service: HFP
2025-12-02 17:04:37,312 LT1-thread root DEBUG client.py                 82    logger_log                : send, 33 1 255 ''
2025-12-02 17:04:37,312 LT1-thread root DEBUG client.py                 82    logger_log                : sending frame '2101ff0000'
2025-12-02 17:04:37,312 LT1-thread root DEBUG client.py                 82    logger_log                : read
2025-12-02 17:04:37,391 BTPWorkerThread-1472 (_rx_task) root DEBUG client.py                 82    logger_log                : Read 5 bytes
2025-12-02 17:04:37,423 BTPWorkerThread-1472 (_rx_task) root DEBUG client.py                 82    logger_log                : Received: hdr: Header(svc_id=0x21, op=0x01, ctrl_index=0xff, data_len=0x05) bytearray(b'!\x01\xff\x05\x00')
2025-12-02 17:04:37,487 BTPWorkerThread-1472 (_rx_task) root DEBUG client.py                 82    logger_log                : Read 5 bytes data
2025-12-02 17:04:37,502 BTPWorkerThread-1472 (_rx_task) root DEBUG client.py                 82    logger_log                : Received data: {'fe ff ff ff 7f'}, bytearray(b'\xfe\xff\xff\xff\x7f')
2025-12-02 17:04:37,549 LT1-thread root DEBUG client.py                 82    logger_log                : Starting test function: class=<class 'autopts.ptsprojects.testcase.TestFunc'>, func=<bound method Stack.hfp_init of <autopts.ptsprojects.stack.stack.Stack object at 0x000001F5FA8D3620>> start_wid=None stop_wid=None post_wid=None skip_call=None call_count=75 args=() kwds={}
2025-12-02 17:04:37,549 LT1-thread root DEBUG client.py                 82    logger_log                : Test function parameters: args=(), kwds={}
2025-12-02 17:04:37,551 LT1-thread root DEBUG client.py                 82    logger_log                : ClientCallback.get_result run_test_case
2025-12-02 17:04:39,757 LT1-callback ClientCallback.on_implicit_send INFO client.py                 82    logger_log                : 
    ********************
    BEGIN OnImplicitSend:
    project_name: HFP
    wid: 121
    test_case_name: HFP/AG/VRA/BV-04-C
    description: Click Ok, then make a connection request to the PTS from the Implementation Under Test (IUT).
    style: MMI_Style_Ok_Cancel1 0x11041
2025-12-02 17:04:39,757 LT1-callback ClientCallback.on_implicit_send INFO client.py                 82    logger_log                : Calling test cases on_implicit_send
2025-12-02 17:04:39,757 LT1-callback ClientCallback.on_implicit_send INFO client.py                 82    logger_log                : 
    on_implicit_send returned response: WAIT
    END OnImplicitSend
    ********************
2025-12-02 17:04:40,575 LT1-thread root DEBUG client.py                 82    logger_log                : HFP HFP/AG/VRA/BV-04-C on_implicit_send
2025-12-02 17:04:40,575 LT1-thread root DEBUG client.py                 82    logger_log                : hfp_wid_hdl, 121, Click Ok, then make a connection request to the PTS from the Implementation Under Test (IUT)., HFP/AG/VRA/BV-04-C
2025-12-02 17:04:40,575 LT1-thread root DEBUG client.py                 82    logger_log                : gap_conn None 224
2025-12-02 17:04:40,575 LT1-thread root DEBUG client.py                 82    logger_log                : send, 1 14 0 "bytearray(b'\\xe0N\\xe4\\x08\\xdc\\x1b\\x00\\x00')"
2025-12-02 17:04:40,576 LT1-thread root DEBUG client.py                 82    logger_log                : sending frame '010e000800e04ee408dc1b0000'
2025-12-02 17:04:40,576 LT1-thread root DEBUG client.py                 82    logger_log                : read
2025-12-02 17:04:40,653 BTPWorkerThread-1472 (_rx_task) root DEBUG client.py                 82    logger_log                : Read 5 bytes
2025-12-02 17:04:40,684 BTPWorkerThread-1472 (_rx_task) root DEBUG client.py                 82    logger_log                : Received: hdr: Header(svc_id=0x01, op=0x0e, ctrl_index=0x00, data_len=0x00) bytearray(b'\x01\x0e\x00\x00\x00')
2025-12-02 17:04:40,715 BTPWorkerThread-1472 (_rx_task) root DEBUG client.py                 82    logger_log                : Received data: {''}, bytearray(b'')
2025-12-02 17:04:41,051 BTPWorkerThread-1472 (_rx_task) root DEBUG client.py                 82    logger_log                : Read 5 bytes
2025-12-02 17:04:41,083 BTPWorkerThread-1472 (_rx_task) root DEBUG client.py                 82    logger_log                : Received: hdr: Header(svc_id=0x01, op=0x82, ctrl_index=0x00, data_len=0x0d) bytearray(b'\x01\x82\x00\r\x00')
2025-12-02 17:04:41,147 BTPWorkerThread-1472 (_rx_task) root DEBUG client.py                 82    logger_log                : Read 13 bytes data
2025-12-02 17:04:41,179 BTPWorkerThread-1472 (_rx_task) root DEBUG client.py                 82    logger_log                : Received data: {'e0 4e e4 08 dc 1b 00 00 00 00 00 00 00'}, bytearray(b'\xe0N\xe4\x08\xdc\x1b\x00\x00\x00\x00\x00\x00\x00')
2025-12-02 17:04:41,227 BTPWorkerThread-1472 (_rx_task) root DEBUG client.py                 82    logger_log                : event_handler Header(svc_id=1, op=130, ctrl_index=0, data_len=13) (b'\xe0N\xe4\x08\xdc\x1b\x00\x00\x00\x00\x00\x00\x00',)
2025-12-02 17:04:41,259 BTPWorkerThread-1472 (_rx_task) root DEBUG client.py                 82    logger_log                : gap_connected_ev_ b'\xe0N\xe4\x08\xdc\x1b\x00\x00\x00\x00\x00\x00\x00'
2025-12-02 17:04:41,291 LT1-thread root DEBUG client.py                 82    logger_log                : gap_pair None 224
2025-12-02 17:04:41,291 LT1-thread root DEBUG client.py                 82    logger_log                : send, 1 17 0 "bytearray(b'\\xe0N\\xe4\\x08\\xdc\\x1b\\x00')"
2025-12-02 17:04:41,291 LT1-thread root DEBUG client.py                 82    logger_log                : sending frame '0111000700e04ee408dc1b00'
2025-12-02 17:04:41,292 LT1-thread root DEBUG client.py                 82    logger_log                : gap_command_rsp_succ
2025-12-02 17:04:41,292 LT1-thread root DEBUG client.py                 82    logger_log                : read
2025-12-02 17:04:41,369 BTPWorkerThread-1472 (_rx_task) root DEBUG client.py                 82    logger_log                : Read 5 bytes
2025-12-02 17:04:41,401 BTPWorkerThread-1472 (_rx_task) root DEBUG client.py                 82    logger_log                : Received: hdr: Header(svc_id=0x01, op=0x11, ctrl_index=0x00, data_len=0x00) bytearray(b'\x01\x11\x00\x00\x00')
2025-12-02 17:04:41,433 BTPWorkerThread-1472 (_rx_task) root DEBUG client.py                 82    logger_log                : Received data: {''}, bytearray(b'')
2025-12-02 17:04:41,481 LT1-thread root DEBUG client.py                 82    logger_log                : received Header(svc_id=1, op=17, ctrl_index=0, data_len=0) (b'',)
2025-12-02 17:04:41,481 LT1-thread root DEBUG client.py                 82    logger_log                : hfp_enable_slc None 1 1
2025-12-02 17:04:41,481 LT1-thread root DEBUG client.py                 82    logger_log                : send, 33 2 0 "bytearray(b'\\xe0N\\xe4\\x08\\xdc\\x1b\\x00\\x01\\x01\\x00')"
2025-12-02 17:04:41,481 LT1-thread root DEBUG client.py                 82    logger_log                : sending frame '2102000a00e04ee408dc1b00010100'
2025-12-02 17:04:41,482 LT1-thread root DEBUG client.py                 82    logger_log                : read
2025-12-02 17:04:41,561 BTPWorkerThread-1472 (_rx_task) root DEBUG client.py                 82    logger_log                : Read 5 bytes
2025-12-02 17:04:41,593 BTPWorkerThread-1472 (_rx_task) root DEBUG client.py                 82    logger_log                : Received: hdr: Header(svc_id=0x21, op=0x02, ctrl_index=0x00, data_len=0x00) bytearray(b'!\x02\x00\x00\x00')
2025-12-02 17:04:41,625 BTPWorkerThread-1472 (_rx_task) root DEBUG client.py                 82    logger_log                : Received data: {''}, bytearray(b'')
2025-12-02 17:04:41,672 LT1-thread root DEBUG client.py                 82    logger_log                : Sending response 'OK' to wid 121 test case HFP/AG/VRA/BV-04-C
2025-12-02 17:04:41,674 LT1-thread root DEBUG client.py                 82    logger_log                : ClientCallback.get_result run_test_case
2025-12-02 17:04:42,149 BTPWorkerThread-1472 (_rx_task) root DEBUG client.py                 82    logger_log                : Read 5 bytes
2025-12-02 17:04:42,149 BTPWorkerThread-1472 (_rx_task) root DEBUG client.py                 82    logger_log                : Received: hdr: Header(svc_id=0x01, op=0x91, ctrl_index=0x00, data_len=0x09) bytearray(b'\x01\x91\x00\t\x00')
2025-12-02 17:04:42,149 BTPWorkerThread-1472 (_rx_task) root DEBUG client.py                 82    logger_log                : Read 9 bytes data
2025-12-02 17:04:42,150 BTPWorkerThread-1472 (_rx_task) root DEBUG client.py                 82    logger_log                : Received data: {'e0 4e e4 08 dc 1b 00 01 10'}, bytearray(b'\xe0N\xe4\x08\xdc\x1b\x00\x01\x10')
2025-12-02 17:04:42,150 BTPWorkerThread-1472 (_rx_task) root DEBUG client.py                 82    logger_log                : event_handler Header(svc_id=1, op=145, ctrl_index=0, data_len=9) (b'\xe0N\xe4\x08\xdc\x1b\x00\x01\x10',)
2025-12-02 17:04:42,150 BTPWorkerThread-1472 (_rx_task) root DEBUG client.py                 82    logger_log                : gap_encryption_change_ev_
2025-12-02 17:04:42,150 BTPWorkerThread-1472 (_rx_task) root DEBUG client.py                 82    logger_log                : enc change received b'\xe0N\xe4\x08\xdc\x1b\x00\x01\x10'
2025-12-02 17:04:42,150 BTPWorkerThread-1472 (_rx_task) root DEBUG client.py                 82    logger_log                : received (224, '001bdc08e44e', 1, 16)
2025-12-02 17:04:42,150 BTPWorkerThread-1472 (_rx_task) root DEBUG client.py                 82    logger_log                : Read 5 bytes
2025-12-02 17:04:42,150 BTPWorkerThread-1472 (_rx_task) root DEBUG client.py                 82    logger_log                : Received: hdr: Header(svc_id=0x01, op=0x89, ctrl_index=0x00, data_len=0x08) bytearray(b'\x01\x89\x00\x08\x00')
2025-12-02 17:04:42,151 BTPWorkerThread-1472 (_rx_task) root DEBUG client.py                 82    logger_log                : Read 8 bytes data
2025-12-02 17:04:42,151 BTPWorkerThread-1472 (_rx_task) root DEBUG client.py                 82    logger_log                : Received data: {'e0 4e e4 08 dc 1b 00 02'}, bytearray(b'\xe0N\xe4\x08\xdc\x1b\x00\x02')
2025-12-02 17:04:42,151 BTPWorkerThread-1472 (_rx_task) root DEBUG client.py                 82    logger_log                : event_handler Header(svc_id=1, op=137, ctrl_index=0, data_len=8) (b'\xe0N\xe4\x08\xdc\x1b\x00\x02',)
2025-12-02 17:04:42,151 BTPWorkerThread-1472 (_rx_task) root DEBUG client.py                 82    logger_log                : gap_sec_level_changed_ev_
2025-12-02 17:04:42,151 BTPWorkerThread-1472 (_rx_task) root DEBUG client.py                 82    logger_log                : received b'\xe0N\xe4\x08\xdc\x1b\x00\x02'
2025-12-02 17:04:42,151 BTPWorkerThread-1472 (_rx_task) root DEBUG client.py                 82    logger_log                : received (224, '001bdc08e44e', 2)
2025-12-02 17:04:42,229 LT1-callback ClientCallback.on_implicit_send INFO client.py                 82    logger_log                : 
    ********************
    BEGIN OnImplicitSend:
    project_name: HFP
    wid: 86
    test_case_name: HFP/AG/VRA/BV-04-C
    description: Place the Implementation Under Test (IUT) in a state which will allow a request from the PTS to activate voice recognition, then click Ok.
    style: MMI_Style_Ok_Cancel1 0x11041
2025-12-02 17:04:42,230 LT1-callback ClientCallback.on_implicit_send INFO client.py                 82    logger_log                : Calling test cases on_implicit_send
2025-12-02 17:04:42,230 LT1-callback ClientCallback.on_implicit_send INFO client.py                 82    logger_log                : 
    on_implicit_send returned response: WAIT
    END OnImplicitSend
    ********************
2025-12-02 17:04:42,685 LT1-thread root DEBUG client.py                 82    logger_log                : HFP HFP/AG/VRA/BV-04-C on_implicit_send
2025-12-02 17:04:42,685 LT1-thread root DEBUG client.py                 82    logger_log                : hfp_wid_hdl, 86, Place the Implementation Under Test (IUT) in a state which will allow a request from the PTS to activate voice recognition, then click Ok., HFP/AG/VRA/BV-04-C
2025-12-02 17:04:42,685 LT1-thread root DEBUG client.py                 82    logger_log                : Sending response 'OK' to wid 86 test case HFP/AG/VRA/BV-04-C
2025-12-02 17:04:42,687 LT1-thread root DEBUG client.py                 82    logger_log                : ClientCallback.get_result run_test_case
2025-12-02 17:04:43,244 LT1-callback ClientCallback.on_implicit_send INFO client.py                 82    logger_log                : 
    ********************
    BEGIN OnImplicitSend:
    project_name: HFP
    wid: 153
    test_case_name: HFP/AG/VRA/BV-04-C
    description: Verify that at least one of the following statements are true:
1. An audio notification, alerting the user that Voice Recognition is activated and waiting for voice input was heard on the Implementation Under Test (IUT).
2. An audio connection is present.
Click OK to continue.
    style: MMI_Style_Ok_Cancel1 0x11041
2025-12-02 17:04:43,245 LT1-callback ClientCallback.on_implicit_send INFO client.py                 82    logger_log                : Calling test cases on_implicit_send
2025-12-02 17:04:43,245 LT1-callback ClientCallback.on_implicit_send INFO client.py                 82    logger_log                : 
    on_implicit_send returned response: WAIT
    END OnImplicitSend
    ********************
2025-12-02 17:04:43,697 LT1-thread root DEBUG client.py                 82    logger_log                : HFP HFP/AG/VRA/BV-04-C on_implicit_send
2025-12-02 17:04:43,697 LT1-thread root DEBUG client.py                 82    logger_log                : hfp_wid_hdl, 153, Verify that at least one of the following statements are true:
1. An audio notification, alerting the user that Voice Recognition is activated and waiting for voice input was heard on the Implementation Under Test (IUT).
2. An audio connection is present.
Click OK to continue., HFP/AG/VRA/BV-04-C
2025-12-02 17:04:43,697 LT1-thread root DEBUG client.py                 82    logger_log                : Sending response 'OK' to wid 153 test case HFP/AG/VRA/BV-04-C
2025-12-02 17:04:43,699 LT1-thread root DEBUG client.py                 82    logger_log                : ClientCallback.get_result run_test_case
2025-12-02 17:04:46,719 LT1-callback ClientCallback.on_implicit_send INFO client.py                 82    logger_log                : 
    ********************
    BEGIN OnImplicitSend:
    project_name: HFP
    wid: 3
    test_case_name: HFP/AG/VRA/BV-04-C
    description: Click Ok, then initiate an audio connection (SCO) from the Implementation Under Test (IUT) to the PTS.
    style: MMI_Style_Ok_Cancel1 0x11041
2025-12-02 17:04:46,719 LT1-callback ClientCallback.on_implicit_send INFO client.py                 82    logger_log                : Calling test cases on_implicit_send
2025-12-02 17:04:46,719 LT1-callback ClientCallback.on_implicit_send INFO client.py                 82    logger_log                : 
    on_implicit_send returned response: WAIT
    END OnImplicitSend
    ********************
2025-12-02 17:04:47,721 LT1-thread root DEBUG client.py                 82    logger_log                : HFP HFP/AG/VRA/BV-04-C on_implicit_send
2025-12-02 17:04:47,721 LT1-thread root DEBUG client.py                 82    logger_log                : hfp_wid_hdl, 3, Click Ok, then initiate an audio connection (SCO) from the Implementation Under Test (IUT) to the PTS., HFP/AG/VRA/BV-04-C
2025-12-02 17:04:50,721 LT1-thread root DEBUG client.py                 82    logger_log                : hfp_control 25 0
2025-12-02 17:04:50,721 LT1-thread root DEBUG client.py                 82    logger_log                : send, 33 5 0 "bytearray(b'\\x19\\x00\\x00')"
2025-12-02 17:04:50,721 LT1-thread root DEBUG client.py                 82    logger_log                : sending frame '2105000300190000'
2025-12-02 17:04:50,721 LT1-thread root DEBUG client.py                 82    logger_log                : read
2025-12-02 17:04:50,806 BTPWorkerThread-1472 (_rx_task) root DEBUG client.py                 82    logger_log                : Read 5 bytes
2025-12-02 17:04:50,806 BTPWorkerThread-1472 (_rx_task) root DEBUG client.py                 82    logger_log                : Received: hdr: Header(svc_id=0x21, op=0x05, ctrl_index=0x00, data_len=0x00) bytearray(b'!\x05\x00\x00\x00')
2025-12-02 17:04:50,807 BTPWorkerThread-1472 (_rx_task) root DEBUG client.py                 82    logger_log                : Received data: {''}, bytearray(b'')
2025-12-02 17:04:50,807 LT1-thread root DEBUG client.py                 82    logger_log                : Sending response 'OK' to wid 3 test case HFP/AG/VRA/BV-04-C
2025-12-02 17:04:50,809 LT1-thread root DEBUG client.py                 82    logger_log                : ClientCallback.get_result run_test_case
2025-12-02 17:04:50,824 LT1-callback ClientCallback.on_implicit_send INFO client.py                 82    logger_log                : 
    ********************
    BEGIN OnImplicitSend:
    project_name: HFP
    wid: 219
    test_case_name: HFP/AG/VRA/BV-04-C
    description: Place the Implementation Under Test (IUT) in a state which will allow a voice recognition deactivation from PTS, then click Ok.
    style: MMI_Style_Ok_Cancel1 0x11041
2025-12-02 17:04:50,824 LT1-callback ClientCallback.on_implicit_send INFO client.py                 82    logger_log                : Calling test cases on_implicit_send
2025-12-02 17:04:50,824 LT1-callback ClientCallback.on_implicit_send INFO client.py                 82    logger_log                : 
    on_implicit_send returned response: WAIT
    END OnImplicitSend
    ********************
2025-12-02 17:04:50,884 BTPWorkerThread-1472 (_rx_task) root DEBUG client.py                 82    logger_log                : Read 5 bytes
2025-12-02 17:04:50,884 BTPWorkerThread-1472 (_rx_task) root DEBUG client.py                 82    logger_log                : Received: hdr: Header(svc_id=0x21, op=0x81, ctrl_index=0x00, data_len=0x00) bytearray(b'!\x81\x00\x00\x00')
2025-12-02 17:04:50,885 BTPWorkerThread-1472 (_rx_task) root DEBUG client.py                 82    logger_log                : Received data: {''}, bytearray(b'')
2025-12-02 17:04:50,885 BTPWorkerThread-1472 (_rx_task) root DEBUG client.py                 82    logger_log                : event_handler Header(svc_id=33, op=129, ctrl_index=0, data_len=0) (b'',)
2025-12-02 17:04:50,885 BTPWorkerThread-1472 (_rx_task) root DEBUG client.py                 82    logger_log                : hfp_sco_connected_ev b'' 0
2025-12-02 17:04:51,824 LT1-thread root DEBUG client.py                 82    logger_log                : HFP HFP/AG/VRA/BV-04-C on_implicit_send
2025-12-02 17:04:51,824 LT1-thread root DEBUG client.py                 82    logger_log                : hfp_wid_hdl, 219, Place the Implementation Under Test (IUT) in a state which will allow a voice recognition deactivation from PTS, then click Ok., HFP/AG/VRA/BV-04-C
2025-12-02 17:04:51,824 LT1-thread root DEBUG client.py                 82    logger_log                : Sending response 'OK' to wid 219 test case HFP/AG/VRA/BV-04-C
2025-12-02 17:04:51,826 LT1-thread root DEBUG client.py                 82    logger_log                : ClientCallback.get_result run_test_case
2025-12-02 17:04:51,879 LT1-callback ClientCallback.on_implicit_send INFO client.py                 82    logger_log                : 
    ********************
    BEGIN OnImplicitSend:
    project_name: HFP
    wid: 4
    test_case_name: HFP/AG/VRA/BV-04-C
    description: Click Ok, then close the audio connection (SCO) between the Implementation Under Test (IUT) and the PTS.  Do not close the service level connection (SLC) or power-off the IUT.
    style: MMI_Style_Ok_Cancel1 0x11041
2025-12-02 17:04:51,879 LT1-callback ClientCallback.on_implicit_send INFO client.py                 82    logger_log                : Calling test cases on_implicit_send
2025-12-02 17:04:51,879 LT1-callback ClientCallback.on_implicit_send INFO client.py                 82    logger_log                : 
    on_implicit_send returned response: WAIT
    END OnImplicitSend
    ********************
2025-12-02 17:04:52,830 LT1-thread root DEBUG client.py                 82    logger_log                : HFP HFP/AG/VRA/BV-04-C on_implicit_send
2025-12-02 17:04:52,830 LT1-thread root DEBUG client.py                 82    logger_log                : hfp_wid_hdl, 4, Click Ok, then close the audio connection (SCO) between the Implementation Under Test (IUT) and the PTS.  Do not close the service level connection (SLC) or power-off the IUT., HFP/AG/VRA/BV-04-C
2025-12-02 17:04:52,830 LT1-thread root DEBUG client.py                 82    logger_log                : hfp_disable_audio
2025-12-02 17:04:52,830 LT1-thread root DEBUG client.py                 82    logger_log                : send, 33 17 0 "bytearray(b'\\x00')"
2025-12-02 17:04:52,830 LT1-thread root DEBUG client.py                 82    logger_log                : sending frame '211100010000'
2025-12-02 17:04:52,831 LT1-thread root DEBUG client.py                 82    logger_log                : read
2025-12-02 17:04:52,910 BTPWorkerThread-1472 (_rx_task) root DEBUG client.py                 82    logger_log                : Read 5 bytes
2025-12-02 17:04:52,942 BTPWorkerThread-1472 (_rx_task) root DEBUG client.py                 82    logger_log                : Received: hdr: Header(svc_id=0x21, op=0x11, ctrl_index=0x00, data_len=0x00) bytearray(b'!\x11\x00\x00\x00')
2025-12-02 17:04:52,974 BTPWorkerThread-1472 (_rx_task) root DEBUG client.py                 82    logger_log                : Received data: {''}, bytearray(b'')
2025-12-02 17:04:53,022 LT1-thread root DEBUG client.py                 82    logger_log                : Sending response 'OK' to wid 4 test case HFP/AG/VRA/BV-04-C
2025-12-02 17:04:53,022 BTPWorkerThread-1472 (_rx_task) root DEBUG client.py                 82    logger_log                : Read 5 bytes
2025-12-02 17:04:53,023 BTPWorkerThread-1472 (_rx_task) root DEBUG client.py                 82    logger_log                : Received: hdr: Header(svc_id=0x21, op=0x82, ctrl_index=0x00, data_len=0x00) bytearray(b'!\x82\x00\x00\x00')
2025-12-02 17:04:53,023 BTPWorkerThread-1472 (_rx_task) root DEBUG client.py                 82    logger_log                : Received data: {''}, bytearray(b'')
2025-12-02 17:04:53,023 BTPWorkerThread-1472 (_rx_task) root DEBUG client.py                 82    logger_log                : event_handler Header(svc_id=33, op=130, ctrl_index=0, data_len=0) (b'',)
2025-12-02 17:04:53,024 BTPWorkerThread-1472 (_rx_task) root DEBUG client.py                 82    logger_log                : hfp_sco_disconnected_ev b'' 0
2025-12-02 17:04:53,024 LT1-thread root DEBUG client.py                 82    logger_log                : ClientCallback.get_result run_test_case
2025-12-02 17:04:53,027 LT1-callback ClientCallback.on_implicit_send INFO client.py                 82    logger_log                : 
    ********************
    BEGIN OnImplicitSend:
    project_name: HFP
    wid: 2
    test_case_name: HFP/AG/VRA/BV-04-C
    description: Click Ok, then disable the service level connection using the Implementation Under Test (IUT).
    style: MMI_Style_Ok 0x11040
2025-12-02 17:04:53,027 LT1-callback ClientCallback.on_implicit_send INFO client.py                 82    logger_log                : Calling test cases on_implicit_send
2025-12-02 17:04:53,028 LT1-callback ClientCallback.on_implicit_send INFO client.py                 82    logger_log                : 
    on_implicit_send returned response: WAIT
    END OnImplicitSend
    ********************
2025-12-02 17:04:54,034 LT1-thread root DEBUG client.py                 82    logger_log                : HFP HFP/AG/VRA/BV-04-C on_implicit_send
2025-12-02 17:04:54,034 LT1-thread root DEBUG client.py                 82    logger_log                : hfp_wid_hdl, 2, Click Ok, then disable the service level connection using the Implementation Under Test (IUT)., HFP/AG/VRA/BV-04-C
2025-12-02 17:04:54,034 LT1-thread root DEBUG client.py                 82    logger_log                : hdl_wid_2: Disable service level connection
2025-12-02 17:04:54,034 LT1-thread root DEBUG client.py                 82    logger_log                : hfp_disable_slc
2025-12-02 17:04:54,035 LT1-thread root DEBUG client.py                 82    logger_log                : send, 33 3 0 "bytearray(b'\\x00')"
2025-12-02 17:04:54,035 LT1-thread root DEBUG client.py                 82    logger_log                : sending frame '210300010000'
2025-12-02 17:04:54,036 LT1-thread root DEBUG client.py                 82    logger_log                : read
2025-12-02 17:04:54,114 BTPWorkerThread-1472 (_rx_task) root DEBUG client.py                 82    logger_log                : Read 5 bytes
2025-12-02 17:04:54,146 BTPWorkerThread-1472 (_rx_task) root DEBUG client.py                 82    logger_log                : Received: hdr: Header(svc_id=0x21, op=0x03, ctrl_index=0x00, data_len=0x00) bytearray(b'!\x03\x00\x00\x00')
2025-12-02 17:04:54,178 BTPWorkerThread-1472 (_rx_task) root DEBUG client.py                 82    logger_log                : Received data: {''}, bytearray(b'')
2025-12-02 17:04:54,210 LT1-thread root DEBUG client.py                 82    logger_log                : Sending response 'Ok' to wid 2 test case HFP/AG/VRA/BV-04-C
2025-12-02 17:04:54,212 LT1-thread root DEBUG client.py                 82    logger_log                : ClientCallback.get_result run_test_case
2025-12-02 17:04:55,138 BTPWorkerThread-1472 (_rx_task) root DEBUG client.py                 82    logger_log                : Read 5 bytes
2025-12-02 17:04:55,139 BTPWorkerThread-1472 (_rx_task) root DEBUG client.py                 82    logger_log                : Received: hdr: Header(svc_id=0x01, op=0x83, ctrl_index=0x00, data_len=0x07) bytearray(b'\x01\x83\x00\x07\x00')
2025-12-02 17:04:55,139 BTPWorkerThread-1472 (_rx_task) root DEBUG client.py                 82    logger_log                : Read 7 bytes data
2025-12-02 17:04:55,139 BTPWorkerThread-1472 (_rx_task) root DEBUG client.py                 82    logger_log                : Received data: {'e0 4e e4 08 dc 1b 00'}, bytearray(b'\xe0N\xe4\x08\xdc\x1b\x00')
2025-12-02 17:04:55,139 BTPWorkerThread-1472 (_rx_task) root DEBUG client.py                 82    logger_log                : event_handler Header(svc_id=1, op=131, ctrl_index=0, data_len=7) (b'\xe0N\xe4\x08\xdc\x1b\x00',)
2025-12-02 17:04:55,139 BTPWorkerThread-1472 (_rx_task) root DEBUG client.py                 82    logger_log                : gap_disconnected_ev_ b'\xe0N\xe4\x08\xdc\x1b\x00'
2025-12-02 17:04:57,932 LT1-callback ClientCallback.log INFO client.py                 82    logger_log                : PTS_LOGTYPE_START_TEST Start Test Case 

+1656 ms
 HFP/AG/VRA/BV-04-C HFP/AG/VRA/BV-04-C

2025-12-02 17:04:58,774 LT1-callback ClientCallback.log INFO client.py                 82    logger_log                : PTS_LOGTYPE_FINAL_VERDICT Final Verdict 

+19828 ms
 HFP/AG/VRA/BV-04-C PASS

2025-12-02 17:04:58,778 LT1-callback ClientCallback.log INFO client.py                 82    logger_log                : PTS_LOGTYPE_FINAL_VERDICT Encrypted Verdict 

+19828 ms
 HFP/AG/VRA/BV-04-C A1#MjdhZDhmYmQwZmQ2ZWM1NTllYmM1OTBhZjlhYWM2ZTI0MmY1ODUxY2Y4ZjBiYjZmYmQ1ZGQ4ZTc4YjAwNmI0OQ==#6PovV6kNj5T4+q1KXoUezTJcV6tdtRBWVePovgzIaa4PETKVSBSvp795/MFNjVzl

2025-12-02 17:04:58,783 LT1-callback ClientCallback.log INFO client.py                 82    logger_log                : PTS_LOGTYPE_END_TEST Test Case Ended 

+19828 ms
 HFP/AG/VRA/BV-04-C HFP/AG/VRA/BV-04-C

2025-12-02 17:04:58,925 LT1-callback root DEBUG client.py                 82    logger_log                : ClientCallback, set_result, run_test_case, PASS
2025-12-02 17:04:58,926 LT1-thread root DEBUG client.py                 82    logger_log                : After run_test_case error_code=0 status='PASS'
2025-12-02 17:04:58,926 LT1-thread root DEBUG client.py                 82    logger_log                : post_run HFP HFP/AG/VRA/BV-04-C 0
2025-12-02 17:04:58,926 LT1-thread root DEBUG client.py                 82    logger_log                : Starting test function: class=<class 'autopts.ptsprojects.testcase.TestFuncCleanUp'>, func=<bound method Stack.cleanup of <autopts.ptsprojects.stack.stack.Stack object at 0x000001F5FA8D3620>> start_wid=None stop_wid=None post_wid=None skip_call=None call_count=1 args=() kwds={}
2025-12-02 17:04:58,926 LT1-thread root DEBUG client.py                 82    logger_log                : Test function parameters: args=(), kwds={}
2025-12-02 17:04:58,926 LT1-thread root DEBUG client.py                 82    logger_log                : Starting test function: class=<class 'autopts.ptsprojects.testcase.TestFuncCleanUp'>, func=<bound method ZephyrCtl.stop of <autopts.ptsprojects.zephyr.iutctl.ZephyrCtl object at 0x000001F5FE1407D0>> start_wid=None stop_wid=None post_wid=None skip_call=None call_count=1 args=() kwds={}
2025-12-02 17:04:58,926 LT1-thread root DEBUG client.py                 82    logger_log                : Test function parameters: args=(), kwds={}
2025-12-02 17:04:58,927 LT1-thread root DEBUG client.py                 82    logger_log                : <class 'autopts.ptsprojects.zephyr.iutctl.ZephyrCtl'>.stop
2025-12-02 17:04:58,927 LT1-thread root DEBUG client.py                 82    logger_log                : About to reset DUT: JLink -CommandFile reset.jlink -usb 1063214216 -device MIMXRT1176XXXA_M7
2025-12-02 17:04:59,253 BTPWorkerThread-1472 (_rx_task) root DEBUG client.py                 82    logger_log                : Read 5 bytes
2025-12-02 17:04:59,254 BTPWorkerThread-1472 (_rx_task) root DEBUG client.py                 82    logger_log                : Received: hdr: Header(svc_id=0x00, op=0x80, ctrl_index=0xff, data_len=0x00) bytearray(b'\x00\x80\xff\x00\x00')
2025-12-02 17:04:59,254 BTPWorkerThread-1472 (_rx_task) root DEBUG client.py                 82    logger_log                : Received data: {''}, bytearray(b'')
2025-12-02 17:04:59,254 BTPWorkerThread-1472 (_rx_task) root DEBUG client.py                 82    logger_log                : event_handler Header(svc_id=0, op=128, ctrl_index=255, data_len=0) (b'',)
2025-12-02 17:04:59,254 BTPWorkerThread-1472 (_rx_task) root DEBUG client.py                 82    logger_log                : core_iut_ready_ev
2025-12-02 17:04:59,708 LT1-thread root DEBUG client.py                 82    logger_log                : IUT ready event received OK
2025-12-02 17:04:59,708 LT1-thread root DEBUG client.py                 82    logger_log                : Waiting for _rx_worker to finish ...
2025-12-02 17:05:00,259 BTPWorkerThread-1472 (_rx_task) root DEBUG client.py                 82    logger_log                : BTPWorkerThread-1472 (_rx_task) finishing...
2025-12-02 17:05:03,266 LT1-thread root DEBUG client.py                 82    logger_log                : post_run, cleanup running post test case script
2025-12-02 17:05:03,266 LT1-thread root DEBUG client.py                 82    logger_log                : post_run, run post test case script
2025-12-02 17:05:03,357 LT1-thread root DEBUG client.py                 82    logger_log                : Done TestCase _run_test_case HFP HFP/AG/VRA/BV-04-C
