2025-01-07 22:35:57,707 LT1-thread root DEBUG client.py                 71    logger_log                : Starting TestCase _run_test_case GAP GAP/SEC/SEM/BV-60-C
2025-01-07 22:35:57,707 LT1-thread root DEBUG client.py                 71    logger_log                : pre_run GAP GAP/SEC/SEM/BV-60-C
2025-01-07 22:35:57,707 LT1-thread root DEBUG client.py                 71    logger_log                : About to run test case GAP GAP/SEC/SEM/BV-60-C with commands:
2025-01-07 22:35:57,707 LT1-thread root DEBUG client.py                 71    logger_log                : 0) class=<class 'autopts.ptsprojects.testcase.TestFunc'>, func=<bound method Stack.core_init of <autopts.ptsprojects.stack.stack.Stack object at 0x000002318206AB10>> start_wid=None stop_wid=None post_wid=None skip_call=None call_count=0 args=() kwds={}
2025-01-07 22:35:57,707 LT1-thread root DEBUG client.py                 71    logger_log                : 1) class=<class 'autopts.ptsprojects.testcase.TestFunc'>, func=<bound method ZephyrCtl.hw_reset of <autopts.ptsprojects.zephyr.iutctl.ZephyrCtl object at 0x0000023181FCEB50>> start_wid=None stop_wid=None post_wid=None skip_call=None call_count=0 args=() kwds={}
2025-01-07 22:35:57,707 LT1-thread root DEBUG client.py                 71    logger_log                : 2) class=<class 'autopts.ptsprojects.testcase.TestFunc'>, func=<bound method ZephyrCtl.start of <autopts.ptsprojects.zephyr.iutctl.ZephyrCtl object at 0x0000023181FCEB50>> start_wid=None stop_wid=None post_wid=None skip_call=None call_count=0 args=(<autopts.ptsprojects.zephyr.ztestcase.ZTestCase object at 0x0000023182B48990>,) kwds={}
2025-01-07 22:35:57,707 LT1-thread root DEBUG client.py                 71    logger_log                : 3) class=<class 'autopts.ptsprojects.testcase.TestFunc'>, func=<bound method ZephyrCtl.hw_reset of <autopts.ptsprojects.zephyr.iutctl.ZephyrCtl object at 0x0000023181FCEB50>> start_wid=None stop_wid=None post_wid=None skip_call=None call_count=0 args=() kwds={}
2025-01-07 22:35:57,707 LT1-thread root DEBUG client.py                 71    logger_log                : 4) class=<class 'autopts.ptsprojects.testcase.TestFunc'>, func=<bound method ZephyrCtl.wait_iut_ready_event of <autopts.ptsprojects.zephyr.iutctl.ZephyrCtl object at 0x0000023181FCEB50>> start_wid=None stop_wid=None post_wid=None skip_call=None call_count=0 args=(False,) kwds={}
2025-01-07 22:35:57,707 LT1-thread root DEBUG client.py                 71    logger_log                : 5) class=<class 'autopts.ptsprojects.testcase.TestFunc'>, func=<function core_reg_svc_gap at 0x00000231FE524540> start_wid=None stop_wid=None post_wid=None skip_call=None call_count=53 args=() kwds={}
2025-01-07 22:35:57,707 LT1-thread root DEBUG client.py                 71    logger_log                : 6) class=<class 'autopts.ptsprojects.testcase.TestFunc'>, func=<bound method Stack.gap_init of <autopts.ptsprojects.stack.stack.Stack object at 0x000002318206AB10>> start_wid=None stop_wid=None post_wid=None skip_call=None call_count=53 args=(b'Tester_59F2E6', 'ABCD', '1111', '1111', '11', '1111', b'\x17github.com/auto-pts', (8, 'PADV_Tester'), 'FF') kwds={}
2025-01-07 22:35:57,707 LT1-thread root DEBUG client.py                 71    logger_log                : 7) class=<class 'autopts.ptsprojects.testcase.TestFunc'>, func=<function gap_read_ctrl_info at 0x00000231FE534400> start_wid=None stop_wid=None post_wid=None skip_call=None call_count=53 args=() kwds={}
2025-01-07 22:35:57,707 LT1-thread root DEBUG client.py                 71    logger_log                : 8) class=<class 'autopts.ptsprojects.testcase.TestFunc'>, func=<function test_cases.<locals>.<lambda> at 0x0000023182AA4FE0> start_wid=None stop_wid=None post_wid=None skip_call=None call_count=53 args=() kwds={}
2025-01-07 22:35:57,707 LT1-thread root DEBUG client.py                 71    logger_log                : 9) class=<class 'autopts.ptsprojects.testcase.TestFunc'>, func=<function test_cases.<locals>.<lambda> at 0x0000023182AA5080> start_wid=None stop_wid=None post_wid=None skip_call=None call_count=53 args=() kwds={}
2025-01-07 22:35:57,707 LT1-thread root DEBUG client.py                 71    logger_log                : 10) class=<class 'autopts.ptsprojects.testcase.TestFunc'>, func=<function test_cases.<locals>.<lambda> at 0x0000023182AA5120> start_wid=None stop_wid=None post_wid=None skip_call=None call_count=53 args=() kwds={}
2025-01-07 22:35:57,707 LT1-thread root DEBUG client.py                 71    logger_log                : 11) class=<class 'autopts.ptsprojects.testcase.TestFunc'>, func=<function test_cases.<locals>.<lambda> at 0x0000023182AA51C0> start_wid=None stop_wid=None post_wid=None skip_call=None call_count=53 args=() kwds={}
2025-01-07 22:35:57,707 LT1-thread root DEBUG client.py                 71    logger_log                : 12) class=<class 'autopts.ptsprojects.testcase.TestFunc'>, func=<function test_cases.<locals>.<lambda> at 0x0000023182AA5260> start_wid=None stop_wid=None post_wid=None skip_call=None call_count=53 args=() kwds={}
2025-01-07 22:35:57,707 LT1-thread root DEBUG client.py                 71    logger_log                : 13) class=<class 'autopts.ptsprojects.testcase.TestFunc'>, func=<function test_cases.<locals>.<lambda> at 0x0000023182AA5300> start_wid=None stop_wid=None post_wid=None skip_call=None call_count=53 args=() kwds={}
2025-01-07 22:35:57,707 LT1-thread root DEBUG client.py                 71    logger_log                : 14) class=<class 'autopts.ptsprojects.testcase.TestFunc'>, func=<function test_cases.<locals>.<lambda> at 0x0000023182AA53A0> start_wid=None stop_wid=None post_wid=None skip_call=None call_count=53 args=() kwds={}
2025-01-07 22:35:57,707 LT1-thread root DEBUG client.py                 71    logger_log                : 15) class=<class 'autopts.ptsprojects.testcase.TestFunc'>, func=<function test_cases.<locals>.<lambda> at 0x0000023182AA5440> start_wid=None stop_wid=None post_wid=None skip_call=None call_count=53 args=() kwds={}
2025-01-07 22:35:57,707 LT1-thread root DEBUG client.py                 71    logger_log                : 16) class=<class 'autopts.ptsprojects.testcase.TestFunc'>, func=<function test_cases.<locals>.<lambda> at 0x0000023182AA54E0> start_wid=None stop_wid=None post_wid=None skip_call=None call_count=53 args=() kwds={}
2025-01-07 22:35:57,707 LT1-thread root DEBUG client.py                 71    logger_log                : 17) class=<class 'autopts.ptsprojects.testcase.TestFunc'>, func=<function test_cases.<locals>.<lambda> at 0x0000023182AA5580> start_wid=None stop_wid=None post_wid=None skip_call=None call_count=53 args=() kwds={}
2025-01-07 22:35:57,707 LT1-thread root DEBUG client.py                 71    logger_log                : 18) class=<class 'autopts.ptsprojects.testcase.TestFunc'>, func=<function test_cases.<locals>.<lambda> at 0x0000023182AA5620> start_wid=None stop_wid=None post_wid=None skip_call=None call_count=53 args=() kwds={}
2025-01-07 22:35:57,707 LT1-thread root DEBUG client.py                 71    logger_log                : 19) class=<class 'autopts.ptsprojects.testcase.TestFunc'>, func=<function test_cases.<locals>.<lambda> at 0x0000023182AA56C0> start_wid=None stop_wid=None post_wid=None skip_call=None call_count=53 args=() kwds={}
2025-01-07 22:35:57,707 LT1-thread root DEBUG client.py                 71    logger_log                : 20) class=<class 'autopts.ptsprojects.testcase.TestFunc'>, func=<function core_reg_svc_gatt at 0x00000231FE524680> start_wid=None stop_wid=None post_wid=None skip_call=None call_count=53 args=() kwds={}
2025-01-07 22:35:57,707 LT1-thread root DEBUG client.py                 71    logger_log                : 21) class=<class 'autopts.ptsprojects.testcase.TestFunc'>, func=<bound method Stack.gatt_init of <autopts.ptsprojects.stack.stack.Stack object at 0x000002318206AB10>> start_wid=None stop_wid=None post_wid=None skip_call=None call_count=53 args=() kwds={}
2025-01-07 22:35:57,707 LT1-thread root DEBUG client.py                 71    logger_log                : 22) class=<class 'autopts.ptsprojects.testcase.TestFunc'>, func=<function gap_set_io_cap at 0x00000231FE527920> start_wid=None stop_wid=None post_wid=None skip_call=None call_count=53 args=(4,) kwds={}
2025-01-07 22:35:57,707 LT1-thread root DEBUG client.py                 71    logger_log                : 23) class=<class 'autopts.ptsprojects.testcase.TestFunc'>, func=<function set_pts_addr at 0x00000231FE5240E0> start_wid=None stop_wid=None post_wid=None skip_call=None call_count=53 args=('C0:07:E8:59:F2:E6', 0) kwds={}
2025-01-07 22:35:57,707 LT1-thread root DEBUG client.py                 71    logger_log                : 24) class=<class 'autopts.ptsprojects.testcase.TestFunc'>, func=<function gatts_add_svc at 0x00000231FE535DA0> start_wid=None stop_wid=None post_wid=None skip_call=None call_count=53 args=(0, 'AA51') kwds={}
2025-01-07 22:35:57,707 LT1-thread root DEBUG client.py                 71    logger_log                : 25) class=<class 'autopts.ptsprojects.testcase.TestFunc'>, func=<function gatts_add_char at 0x00000231FE535EE0> start_wid=None stop_wid=None post_wid=None skip_call=None call_count=53 args=(0, 2, 17, 'AA52') kwds={}
2025-01-07 22:35:57,707 LT1-thread root DEBUG client.py                 71    logger_log                : 26) class=<class 'autopts.ptsprojects.testcase.TestFunc'>, func=<function gatts_set_val at 0x00000231FE535F80> start_wid=None stop_wid=None post_wid=None skip_call=None call_count=53 args=(0, '01') kwds={}
2025-01-07 22:35:57,707 LT1-thread root DEBUG client.py                 71    logger_log                : 27) class=<class 'autopts.ptsprojects.testcase.TestFunc'>, func=<function gatts_add_char at 0x00000231FE535EE0> start_wid=None stop_wid=None post_wid=None skip_call=None call_count=53 args=(0, 2, 5, 'AA53') kwds={}
2025-01-07 22:35:57,707 LT1-thread root DEBUG client.py                 71    logger_log                : 28) class=<class 'autopts.ptsprojects.testcase.TestFunc'>, func=<function gatts_set_val at 0x00000231FE535F80> start_wid=None stop_wid=None post_wid=None skip_call=None call_count=53 args=(0, '02') kwds={}
2025-01-07 22:35:57,707 LT1-thread root DEBUG client.py                 71    logger_log                : 29) class=<class 'autopts.ptsprojects.testcase.TestFunc'>, func=<function gatts_add_char at 0x00000231FE535EE0> start_wid=None stop_wid=None post_wid=None skip_call=None call_count=53 args=(0, 66, 3, 'AA54') kwds={}
2025-01-07 22:35:57,707 LT1-thread root DEBUG client.py                 71    logger_log                : 30) class=<class 'autopts.ptsprojects.testcase.TestFunc'>, func=<function gatts_set_val at 0x00000231FE535F80> start_wid=None stop_wid=None post_wid=None skip_call=None call_count=53 args=(0, '03') kwds={}
2025-01-07 22:35:57,707 LT1-thread root DEBUG client.py                 71    logger_log                : 31) class=<class 'autopts.ptsprojects.testcase.TestFunc'>, func=<function gatts_add_char at 0x00000231FE535EE0> start_wid=None stop_wid=None post_wid=None skip_call=None call_count=53 args=(0, 10, 48, 'AA55') kwds={}
2025-01-07 22:35:57,707 LT1-thread root DEBUG client.py                 71    logger_log                : 32) class=<class 'autopts.ptsprojects.testcase.TestFunc'>, func=<function gatts_set_val at 0x00000231FE535F80> start_wid=None stop_wid=None post_wid=None skip_call=None call_count=53 args=(0, '04') kwds={}
2025-01-07 22:35:57,707 LT1-thread root DEBUG client.py                 71    logger_log                : 33) class=<class 'autopts.ptsprojects.testcase.TestFunc'>, func=<function gatts_start_server at 0x00000231FE536200> start_wid=None stop_wid=None post_wid=None skip_call=None call_count=53 args=() kwds={}
2025-01-07 22:35:57,707 LT1-thread root DEBUG client.py                 71    logger_log                : 34) class=<class 'autopts.ptsprojects.testcase.TestFuncCleanUp'>, func=<bound method Stack.cleanup of <autopts.ptsprojects.stack.stack.Stack object at 0x000002318206AB10>> start_wid=None stop_wid=None post_wid=None skip_call=None call_count=0 args=() kwds={}
2025-01-07 22:35:57,707 LT1-thread root DEBUG client.py                 71    logger_log                : 35) class=<class 'autopts.ptsprojects.testcase.TestFuncCleanUp'>, func=<bound method ZephyrCtl.stop of <autopts.ptsprojects.zephyr.iutctl.ZephyrCtl object at 0x0000023181FCEB50>> start_wid=None stop_wid=None post_wid=None skip_call=None call_count=0 args=() kwds={}
2025-01-07 22:35:57,707 LT1-thread root DEBUG client.py                 71    logger_log                : pre_run, run pre test case script
2025-01-07 22:35:57,727 LT1-thread root DEBUG client.py                 71    logger_log                : Starting test function: class=<class 'autopts.ptsprojects.testcase.TestFunc'>, func=<bound method Stack.core_init of <autopts.ptsprojects.stack.stack.Stack object at 0x000002318206AB10>> start_wid=None stop_wid=None post_wid=None skip_call=None call_count=1 args=() kwds={}
2025-01-07 22:35:57,727 LT1-thread root DEBUG client.py                 71    logger_log                : Test function parameters: args=(), kwds={}
2025-01-07 22:35:57,727 LT1-thread root DEBUG client.py                 71    logger_log                : Starting test function: class=<class 'autopts.ptsprojects.testcase.TestFunc'>, func=<bound method ZephyrCtl.hw_reset of <autopts.ptsprojects.zephyr.iutctl.ZephyrCtl object at 0x0000023181FCEB50>> start_wid=None stop_wid=None post_wid=None skip_call=None call_count=1 args=() kwds={}
2025-01-07 22:35:57,727 LT1-thread root DEBUG client.py                 71    logger_log                : Test function parameters: args=(), kwds={}
2025-01-07 22:35:57,727 LT1-thread root DEBUG client.py                 71    logger_log                : Starting test function: class=<class 'autopts.ptsprojects.testcase.TestFunc'>, func=<bound method ZephyrCtl.start of <autopts.ptsprojects.zephyr.iutctl.ZephyrCtl object at 0x0000023181FCEB50>> start_wid=None stop_wid=None post_wid=None skip_call=None call_count=1 args=(<autopts.ptsprojects.zephyr.ztestcase.ZTestCase object at 0x0000023182B48990>,) kwds={}
2025-01-07 22:35:57,727 LT1-thread root DEBUG client.py                 71    logger_log                : Test function parameters: args=(<autopts.ptsprojects.zephyr.ztestcase.ZTestCase object at 0x0000023182B48990>,), kwds={}
2025-01-07 22:35:57,727 LT1-thread root DEBUG client.py                 71    logger_log                : <class 'autopts.ptsprojects.zephyr.iutctl.ZephyrCtl'>.start
2025-01-07 22:35:57,727 LT1-thread root DEBUG client.py                 71    logger_log                : <class 'autopts.ptsprojects.zephyr.iutctl.ZephyrCtl'>.flush_serial
2025-01-07 22:35:58,987 LT1-thread root DEBUG client.py                 71    logger_log                : Starting socat process: socat.exe -x -v tcp:10.192.253.135:62825,retry=100,interval=1 /dev/ttyS34,raw,b115200
2025-01-07 22:35:59,017 LT1-thread root DEBUG client.py                 71    logger_log                : accept
2025-01-07 22:35:59,607 BTPWorkerThread-1258 (_rx_task) root DEBUG client.py                 71    logger_log                : BTPWorkerThread-1258 (_rx_task) started
2025-01-07 22:35:59,607 LT1-thread root DEBUG client.py                 71    logger_log                : Starting test function: class=<class 'autopts.ptsprojects.testcase.TestFunc'>, func=<bound method ZephyrCtl.hw_reset of <autopts.ptsprojects.zephyr.iutctl.ZephyrCtl object at 0x0000023181FCEB50>> start_wid=None stop_wid=None post_wid=None skip_call=None call_count=1 args=() kwds={}
2025-01-07 22:35:59,607 LT1-thread root DEBUG client.py                 71    logger_log                : Test function parameters: args=(), kwds={}
2025-01-07 22:35:59,607 LT1-thread root DEBUG client.py                 71    logger_log                : Starting test function: class=<class 'autopts.ptsprojects.testcase.TestFunc'>, func=<bound method ZephyrCtl.wait_iut_ready_event of <autopts.ptsprojects.zephyr.iutctl.ZephyrCtl object at 0x0000023181FCEB50>> start_wid=None stop_wid=None post_wid=None skip_call=None call_count=1 args=(False,) kwds={}
2025-01-07 22:35:59,607 LT1-thread root DEBUG client.py                 71    logger_log                : Test function parameters: args=(False,), kwds={}
2025-01-07 22:35:59,607 LT1-thread root DEBUG client.py                 71    logger_log                : IUT ready event received OK
2025-01-07 22:35:59,607 LT1-thread root DEBUG client.py                 71    logger_log                : <class 'autopts.rtt.RTTLogger'>.start
2025-01-07 22:35:59,607 LT1-thread root DEBUG client.py                 71    logger_log                : <class 'autopts.rtt.RTT'>.start
2025-01-07 22:36:00,595 BTPWorkerThread-1258 (_rx_task) root DEBUG client.py                 71    logger_log                : Read 5 bytes
2025-01-07 22:36:00,595 BTPWorkerThread-1258 (_rx_task) root DEBUG client.py                 71    logger_log                : Received: hdr: Header(svc_id=0x00, op=0x80, ctrl_index=0xff, data_len=0x00) bytearray(b'\x00\x80\xff\x00\x00')
2025-01-07 22:36:00,595 BTPWorkerThread-1258 (_rx_task) root DEBUG client.py                 71    logger_log                : Received data: {''}, bytearray(b'')
2025-01-07 22:36:00,595 BTPWorkerThread-1258 (_rx_task) root DEBUG client.py                 71    logger_log                : event_handler Header(svc_id=0, op=128, ctrl_index=255, data_len=0) (b'',)
2025-01-07 22:36:00,595 BTPWorkerThread-1258 (_rx_task) root DEBUG client.py                 71    logger_log                : core_iut_ready_ev
2025-01-07 22:36:10,416 LT1-thread root DEBUG client.py                 71    logger_log                : Starting test function: class=<class 'autopts.ptsprojects.testcase.TestFunc'>, func=<function core_reg_svc_gap at 0x00000231FE524540> start_wid=None stop_wid=None post_wid=None skip_call=None call_count=54 args=() kwds={}
2025-01-07 22:36:10,416 LT1-thread root DEBUG client.py                 71    logger_log                : Test function parameters: args=(), kwds={}
2025-01-07 22:36:10,417 LT1-thread root DEBUG client.py                 71    logger_log                : core_reg_svc_gap
2025-01-07 22:36:10,417 LT1-thread root DEBUG client.py                 71    logger_log                : send, 0 3 255 '1'
2025-01-07 22:36:10,417 LT1-thread root DEBUG client.py                 71    logger_log                : sending frame '0003ff010001'
2025-01-07 22:36:10,417 LT1-thread root DEBUG client.py                 71    logger_log                : core_reg_svc_rsp_succ
2025-01-07 22:36:10,417 LT1-thread root DEBUG client.py                 71    logger_log                : read
2025-01-07 22:36:10,499 BTPWorkerThread-1258 (_rx_task) root DEBUG client.py                 71    logger_log                : Read 5 bytes
2025-01-07 22:36:10,509 BTPWorkerThread-1258 (_rx_task) root DEBUG client.py                 71    logger_log                : Received: hdr: Header(svc_id=0x00, op=0x03, ctrl_index=0xff, data_len=0x00) bytearray(b'\x00\x03\xff\x00\x00')
2025-01-07 22:36:10,514 BTPWorkerThread-1258 (_rx_task) root DEBUG client.py                 71    logger_log                : Received data: {''}, bytearray(b'')
2025-01-07 22:36:10,514 LT1-thread root DEBUG client.py                 71    logger_log                : received Header(svc_id=0, op=3, ctrl_index=255, data_len=0) (b'',)
2025-01-07 22:36:10,514 LT1-thread root DEBUG client.py                 71    logger_log                : expected ((0, 3, 255, 0), (b'',))
2025-01-07 22:36:10,514 LT1-thread root DEBUG client.py                 71    logger_log                : response is valid
2025-01-07 22:36:10,515 LT1-thread root DEBUG client.py                 71    logger_log                : Starting test function: class=<class 'autopts.ptsprojects.testcase.TestFunc'>, func=<bound method Stack.gap_init of <autopts.ptsprojects.stack.stack.Stack object at 0x000002318206AB10>> start_wid=None stop_wid=None post_wid=None skip_call=None call_count=54 args=(b'Tester_59F2E6', 'ABCD', '1111', '1111', '11', '1111', b'\x17github.com/auto-pts', (8, 'PADV_Tester'), 'FF') kwds={}
2025-01-07 22:36:10,515 LT1-thread root DEBUG client.py                 71    logger_log                : Test function parameters: args=(b'Tester_59F2E6', 'ABCD', '1111', '1111', '11', '1111', b'\x17github.com/auto-pts', (8, 'PADV_Tester'), 'FF'), kwds={}
2025-01-07 22:36:10,515 LT1-thread root DEBUG client.py                 71    logger_log                : Starting test function: class=<class 'autopts.ptsprojects.testcase.TestFunc'>, func=<function gap_read_ctrl_info at 0x00000231FE534400> start_wid=None stop_wid=None post_wid=None skip_call=None call_count=54 args=() kwds={}
2025-01-07 22:36:10,515 LT1-thread root DEBUG client.py                 71    logger_log                : Test function parameters: args=(), kwds={}
2025-01-07 22:36:10,515 LT1-thread root DEBUG client.py                 71    logger_log                : gap_read_ctrl_info
2025-01-07 22:36:10,516 LT1-thread root DEBUG client.py                 71    logger_log                : send, 1 3 0 ''
2025-01-07 22:36:10,516 LT1-thread root DEBUG client.py                 71    logger_log                : sending frame '0103000000'
2025-01-07 22:36:10,516 LT1-thread root DEBUG client.py                 71    logger_log                : read
2025-01-07 22:36:11,446 BTPWorkerThread-1258 (_rx_task) root DEBUG client.py                 71    logger_log                : Read 5 bytes
2025-01-07 22:36:11,457 BTPWorkerThread-1258 (_rx_task) root DEBUG client.py                 71    logger_log                : Received: hdr: Header(svc_id=0x01, op=0x03, ctrl_index=0x00, data_len=0x115) bytearray(b'\x01\x03\x00\x15\x01')
2025-01-07 22:36:11,484 BTPWorkerThread-1258 (_rx_task) root DEBUG client.py                 71    logger_log                : Read 277 bytes data
2025-01-07 22:36:11,505 BTPWorkerThread-1258 (_rx_task) root DEBUG client.py                 71    logger_log                : Received data: {'28 00 03 37 60 00 13 06 02 00 13 02 00 00 00 00 00 62 74 70 5f 74 65 73 74 65 72 00 00 00 00 00 00 00 00 00 00 00 00 00 00 00 00 00 00 00 00 00 00 00 00 00 00 00 00 00 00 00 00 00 00 00 00 00 00 00 00 00 00 00 00 00 00 00 00 00 00 00 00 00 00 00 00 00 00 00 00 00 00 00 00 00 00 00 00 00 00 00 00 00 00 00 00 00 00 00 00 00 00 00 00 00 00 00 00 00 00 00 00 00 00 00 00 00 00 00 00 00 00 00 00 00 00 00 00 00 00 00 00 00 00 00 00 00 00 00 00 00 00 00 00 00 00 00 00 00 00 00 00 00 00 00 00 00 00 00 00 00 00 00 00 00 00 00 00 00 00 00 00 00 00 00 00 00 00 00 00 00 00 00 00 00 00 00 00 00 00 00 00 00 00 00 00 00 00 00 00 00 00 00 00 00 00 00 00 00 00 00 00 00 00 00 00 00 00 00 00 00 00 00 00 00 00 00 00 00 00 00 00 00 00 00 00 00 00 00 00 00 00 00 00 00 00 00 00 00 00 00 00 00 00 00 00 00 00 00 00 00 00 00 00 00 00 00 00 00 00'}, bytearray(b'(\x00\x037`\x00\x13\x06\x02\x00\x13\x02\x00\x00\x00\x00\x00btp_tester\x00\x00\x00\x00\x00\x00\x00\x00\x00\x00\x00\x00\x00\x00\x00\x00\x00\x00\x00\x00\x00\x00\x00\x00\x00\x00\x00\x00\x00\x00\x00\x00\x00\x00\x00\x00\x00\x00\x00\x00\x00\x00\x00\x00\x00\x00\x00\x00\x00\x00\x00\x00\x00\x00\x00\x00\x00\x00\x00\x00\x00\x00\x00\x00\x00\x00\x00\x00\x00\x00\x00\x00\x00\x00\x00\x00\x00\x00\x00\x00\x00\x00\x00\x00\x00\x00\x00\x00\x00\x00\x00\x00\x00\x00\x00\x00\x00\x00\x00\x00\x00\x00\x00\x00\x00\x00\x00\x00\x00\x00\x00\x00\x00\x00\x00\x00\x00\x00\x00\x00\x00\x00\x00\x00\x00\x00\x00\x00\x00\x00\x00\x00\x00\x00\x00\x00\x00\x00\x00\x00\x00\x00\x00\x00\x00\x00\x00\x00\x00\x00\x00\x00\x00\x00\x00\x00\x00\x00\x00\x00\x00\x00\x00\x00\x00\x00\x00\x00\x00\x00\x00\x00\x00\x00\x00\x00\x00\x00\x00\x00\x00\x00\x00\x00\x00\x00\x00\x00\x00\x00\x00\x00\x00\x00\x00\x00\x00\x00\x00\x00\x00\x00\x00\x00\x00\x00\x00\x00\x00\x00\x00\x00\x00\x00\x00\x00\x00\x00\x00\x00\x00\x00\x00\x00\x00\x00\x00\x00\x00\x00\x00\x00\x00\x00\x00\x00\x00\x00\x00\x00\x00\x00\x00\x00\x00\x00\x00\x00\x00\x00')
2025-01-07 22:36:11,533 LT1-thread root DEBUG client.py                 71    logger_log                : received Header(svc_id=1, op=3, ctrl_index=0, data_len=277) (b'(\x00\x037`\x00\x13\x06\x02\x00\x13\x02\x00\x00\x00\x00\x00btp_tester\x00\x00\x00\x00\x00\x00\x00\x00\x00\x00\x00\x00\x00\x00\x00\x00\x00\x00\x00\x00\x00\x00\x00\x00\x00\x00\x00\x00\x00\x00\x00\x00\x00\x00\x00\x00\x00\x00\x00\x00\x00\x00\x00\x00\x00\x00\x00\x00\x00\x00\x00\x00\x00\x00\x00\x00\x00\x00\x00\x00\x00\x00\x00\x00\x00\x00\x00\x00\x00\x00\x00\x00\x00\x00\x00\x00\x00\x00\x00\x00\x00\x00\x00\x00\x00\x00\x00\x00\x00\x00\x00\x00\x00\x00\x00\x00\x00\x00\x00\x00\x00\x00\x00\x00\x00\x00\x00\x00\x00\x00\x00\x00\x00\x00\x00\x00\x00\x00\x00\x00\x00\x00\x00\x00\x00\x00\x00\x00\x00\x00\x00\x00\x00\x00\x00\x00\x00\x00\x00\x00\x00\x00\x00\x00\x00\x00\x00\x00\x00\x00\x00\x00\x00\x00\x00\x00\x00\x00\x00\x00\x00\x00\x00\x00\x00\x00\x00\x00\x00\x00\x00\x00\x00\x00\x00\x00\x00\x00\x00\x00\x00\x00\x00\x00\x00\x00\x00\x00\x00\x00\x00\x00\x00\x00\x00\x00\x00\x00\x00\x00\x00\x00\x00\x00\x00\x00\x00\x00\x00\x00\x00\x00\x00\x00\x00\x00\x00\x00\x00\x00\x00\x00\x00\x00\x00\x00\x00\x00\x00\x00\x00\x00\x00\x00\x00\x00\x00\x00\x00\x00\x00\x00\x00\x00\x00\x00\x00\x00\x00\x00',)
2025-01-07 22:36:11,533 LT1-thread root DEBUG client.py                 71    logger_log                : IUT address '006037030028' 'public'
2025-01-07 22:36:11,534 LT1-thread root DEBUG client.py                 71    logger_log                : __gap_current_settings_update 531
2025-01-07 22:36:11,534 LT1-thread root DEBUG client.py                 71    logger_log                : Starting test function: class=<class 'autopts.ptsprojects.testcase.TestFunc'>, func=<function test_cases.<locals>.<lambda> at 0x0000023182AA4FE0> start_wid=None stop_wid=None post_wid=None skip_call=None call_count=54 args=() kwds={}
2025-01-07 22:36:11,534 LT1-thread root DEBUG client.py                 71    logger_log                : Test function parameters: args=(), kwds={}
2025-01-07 22:36:11,547 LT1-thread root DEBUG client.py                 71    logger_log                : Starting test function: class=<class 'autopts.ptsprojects.testcase.TestFunc'>, func=<function test_cases.<locals>.<lambda> at 0x0000023182AA5080> start_wid=None stop_wid=None post_wid=None skip_call=None call_count=54 args=() kwds={}
2025-01-07 22:36:11,547 LT1-thread root DEBUG client.py                 71    logger_log                : Test function parameters: args=(), kwds={}
2025-01-07 22:36:11,560 LT1-thread root DEBUG client.py                 71    logger_log                : Starting test function: class=<class 'autopts.ptsprojects.testcase.TestFunc'>, func=<function test_cases.<locals>.<lambda> at 0x0000023182AA5120> start_wid=None stop_wid=None post_wid=None skip_call=None call_count=54 args=() kwds={}
2025-01-07 22:36:11,560 LT1-thread root DEBUG client.py                 71    logger_log                : Test function parameters: args=(), kwds={}
2025-01-07 22:36:11,574 LT1-thread root DEBUG client.py                 71    logger_log                : Starting test function: class=<class 'autopts.ptsprojects.testcase.TestFunc'>, func=<function test_cases.<locals>.<lambda> at 0x0000023182AA51C0> start_wid=None stop_wid=None post_wid=None skip_call=None call_count=54 args=() kwds={}
2025-01-07 22:36:11,574 LT1-thread root DEBUG client.py                 71    logger_log                : Test function parameters: args=(), kwds={}
2025-01-07 22:36:11,586 LT1-thread root DEBUG client.py                 71    logger_log                : Starting test function: class=<class 'autopts.ptsprojects.testcase.TestFunc'>, func=<function test_cases.<locals>.<lambda> at 0x0000023182AA5260> start_wid=None stop_wid=None post_wid=None skip_call=None call_count=54 args=() kwds={}
2025-01-07 22:36:11,587 LT1-thread root DEBUG client.py                 71    logger_log                : Test function parameters: args=(), kwds={}
2025-01-07 22:36:11,599 LT1-thread root DEBUG client.py                 71    logger_log                : Starting test function: class=<class 'autopts.ptsprojects.testcase.TestFunc'>, func=<function test_cases.<locals>.<lambda> at 0x0000023182AA5300> start_wid=None stop_wid=None post_wid=None skip_call=None call_count=54 args=() kwds={}
2025-01-07 22:36:11,600 LT1-thread root DEBUG client.py                 71    logger_log                : Test function parameters: args=(), kwds={}
2025-01-07 22:36:11,614 LT1-thread root DEBUG client.py                 71    logger_log                : Starting test function: class=<class 'autopts.ptsprojects.testcase.TestFunc'>, func=<function test_cases.<locals>.<lambda> at 0x0000023182AA53A0> start_wid=None stop_wid=None post_wid=None skip_call=None call_count=54 args=() kwds={}
2025-01-07 22:36:11,614 LT1-thread root DEBUG client.py                 71    logger_log                : Test function parameters: args=(), kwds={}
2025-01-07 22:36:11,629 LT1-thread root DEBUG client.py                 71    logger_log                : Starting test function: class=<class 'autopts.ptsprojects.testcase.TestFunc'>, func=<function test_cases.<locals>.<lambda> at 0x0000023182AA5440> start_wid=None stop_wid=None post_wid=None skip_call=None call_count=54 args=() kwds={}
2025-01-07 22:36:11,629 LT1-thread root DEBUG client.py                 71    logger_log                : Test function parameters: args=(), kwds={}
2025-01-07 22:36:11,645 LT1-thread root DEBUG client.py                 71    logger_log                : Starting test function: class=<class 'autopts.ptsprojects.testcase.TestFunc'>, func=<function test_cases.<locals>.<lambda> at 0x0000023182AA54E0> start_wid=None stop_wid=None post_wid=None skip_call=None call_count=54 args=() kwds={}
2025-01-07 22:36:11,645 LT1-thread root DEBUG client.py                 71    logger_log                : Test function parameters: args=(), kwds={}
2025-01-07 22:36:11,658 LT1-thread root DEBUG client.py                 71    logger_log                : Starting test function: class=<class 'autopts.ptsprojects.testcase.TestFunc'>, func=<function test_cases.<locals>.<lambda> at 0x0000023182AA5580> start_wid=None stop_wid=None post_wid=None skip_call=None call_count=54 args=() kwds={}
2025-01-07 22:36:11,659 LT1-thread root DEBUG client.py                 71    logger_log                : Test function parameters: args=(), kwds={}
2025-01-07 22:36:11,672 LT1-thread root DEBUG client.py                 71    logger_log                : Starting test function: class=<class 'autopts.ptsprojects.testcase.TestFunc'>, func=<function test_cases.<locals>.<lambda> at 0x0000023182AA5620> start_wid=None stop_wid=None post_wid=None skip_call=None call_count=54 args=() kwds={}
2025-01-07 22:36:11,672 LT1-thread root DEBUG client.py                 71    logger_log                : Test function parameters: args=(), kwds={}
2025-01-07 22:36:11,686 LT1-thread root DEBUG client.py                 71    logger_log                : Starting test function: class=<class 'autopts.ptsprojects.testcase.TestFunc'>, func=<function test_cases.<locals>.<lambda> at 0x0000023182AA56C0> start_wid=None stop_wid=None post_wid=None skip_call=None call_count=54 args=() kwds={}
2025-01-07 22:36:11,687 LT1-thread root DEBUG client.py                 71    logger_log                : Test function parameters: args=(), kwds={}
2025-01-07 22:36:11,700 LT1-thread root DEBUG client.py                 71    logger_log                : Starting test function: class=<class 'autopts.ptsprojects.testcase.TestFunc'>, func=<function core_reg_svc_gatt at 0x00000231FE524680> start_wid=None stop_wid=None post_wid=None skip_call=None call_count=54 args=() kwds={}
2025-01-07 22:36:11,700 LT1-thread root DEBUG client.py                 71    logger_log                : Test function parameters: args=(), kwds={}
2025-01-07 22:36:11,700 LT1-thread root DEBUG client.py                 71    logger_log                : core_reg_svc_gatt
2025-01-07 22:36:11,700 LT1-thread root DEBUG client.py                 71    logger_log                : send, 0 3 255 '2'
2025-01-07 22:36:11,701 LT1-thread root DEBUG client.py                 71    logger_log                : sending frame '0003ff010002'
2025-01-07 22:36:11,701 LT1-thread root DEBUG client.py                 71    logger_log                : core_reg_svc_rsp_succ
2025-01-07 22:36:11,701 LT1-thread root DEBUG client.py                 71    logger_log                : read
2025-01-07 22:36:11,768 BTPWorkerThread-1258 (_rx_task) root DEBUG client.py                 71    logger_log                : Read 5 bytes
2025-01-07 22:36:11,778 BTPWorkerThread-1258 (_rx_task) root DEBUG client.py                 71    logger_log                : Received: hdr: Header(svc_id=0x00, op=0x03, ctrl_index=0xff, data_len=0x00) bytearray(b'\x00\x03\xff\x00\x00')
2025-01-07 22:36:11,789 BTPWorkerThread-1258 (_rx_task) root DEBUG client.py                 71    logger_log                : Received data: {''}, bytearray(b'')
2025-01-07 22:36:11,800 LT1-thread root DEBUG client.py                 71    logger_log                : received Header(svc_id=0, op=3, ctrl_index=255, data_len=0) (b'',)
2025-01-07 22:36:11,800 LT1-thread root DEBUG client.py                 71    logger_log                : expected ((0, 3, 255, 0), (b'',))
2025-01-07 22:36:11,800 LT1-thread root DEBUG client.py                 71    logger_log                : response is valid
2025-01-07 22:36:11,800 LT1-thread root DEBUG client.py                 71    logger_log                : Starting test function: class=<class 'autopts.ptsprojects.testcase.TestFunc'>, func=<bound method Stack.gatt_init of <autopts.ptsprojects.stack.stack.Stack object at 0x000002318206AB10>> start_wid=None stop_wid=None post_wid=None skip_call=None call_count=54 args=() kwds={}
2025-01-07 22:36:11,801 LT1-thread root DEBUG client.py                 71    logger_log                : Test function parameters: args=(), kwds={}
2025-01-07 22:36:11,801 LT1-thread root DEBUG client.py                 71    logger_log                : Starting test function: class=<class 'autopts.ptsprojects.testcase.TestFunc'>, func=<function gap_set_io_cap at 0x00000231FE527920> start_wid=None stop_wid=None post_wid=None skip_call=None call_count=54 args=(4,) kwds={}
2025-01-07 22:36:11,801 LT1-thread root DEBUG client.py                 71    logger_log                : Test function parameters: args=(4,), kwds={}
2025-01-07 22:36:11,801 LT1-thread root DEBUG client.py                 71    logger_log                : gap_set_io_cap 4
2025-01-07 22:36:11,801 LT1-thread root DEBUG client.py                 71    logger_log                : send, 1 16 0 '\x04'
2025-01-07 22:36:11,801 LT1-thread root DEBUG client.py                 71    logger_log                : sending frame '011000010004'
2025-01-07 22:36:11,802 LT1-thread root DEBUG client.py                 71    logger_log                : gap_command_rsp_succ
2025-01-07 22:36:11,802 LT1-thread root DEBUG client.py                 71    logger_log                : read
2025-01-07 22:36:11,858 BTPWorkerThread-1258 (_rx_task) root DEBUG client.py                 71    logger_log                : Read 5 bytes
2025-01-07 22:36:11,869 BTPWorkerThread-1258 (_rx_task) root DEBUG client.py                 71    logger_log                : Received: hdr: Header(svc_id=0x01, op=0x10, ctrl_index=0x00, data_len=0x00) bytearray(b'\x01\x10\x00\x00\x00')
2025-01-07 22:36:11,880 BTPWorkerThread-1258 (_rx_task) root DEBUG client.py                 71    logger_log                : Received data: {''}, bytearray(b'')
2025-01-07 22:36:11,891 LT1-thread root DEBUG client.py                 71    logger_log                : received Header(svc_id=1, op=16, ctrl_index=0, data_len=0) (b'',)
2025-01-07 22:36:11,891 LT1-thread root DEBUG client.py                 71    logger_log                : Starting test function: class=<class 'autopts.ptsprojects.testcase.TestFunc'>, func=<function set_pts_addr at 0x00000231FE5240E0> start_wid=None stop_wid=None post_wid=None skip_call=None call_count=54 args=('C0:07:E8:59:F2:E6', 0) kwds={}
2025-01-07 22:36:11,891 LT1-thread root DEBUG client.py                 71    logger_log                : Test function parameters: args=('C0:07:E8:59:F2:E6', 0), kwds={}
2025-01-07 22:36:11,892 LT1-thread root DEBUG client.py                 71    logger_log                : Starting test function: class=<class 'autopts.ptsprojects.testcase.TestFunc'>, func=<function gatts_add_svc at 0x00000231FE535DA0> start_wid=None stop_wid=None post_wid=None skip_call=None call_count=54 args=(0, 'AA51') kwds={}
2025-01-07 22:36:11,892 LT1-thread root DEBUG client.py                 71    logger_log                : Test function parameters: args=(0, 'AA51'), kwds={}
2025-01-07 22:36:11,892 LT1-thread root DEBUG client.py                 71    logger_log                : gatts_add_svc 0 'AA51'
2025-01-07 22:36:11,892 LT1-thread root DEBUG client.py                 71    logger_log                : send, 2 2 0 "bytearray(b'\\x00\\x02\\xaaQ')"
2025-01-07 22:36:11,892 LT1-thread root DEBUG client.py                 71    logger_log                : sending frame '02020004000002aa51'
2025-01-07 22:36:11,892 LT1-thread root DEBUG client.py                 71    logger_log                : gatt_command_rsp_succ
2025-01-07 22:36:11,892 LT1-thread root DEBUG client.py                 71    logger_log                : read
2025-01-07 22:36:11,951 BTPWorkerThread-1258 (_rx_task) root DEBUG client.py                 71    logger_log                : Read 5 bytes
2025-01-07 22:36:11,963 BTPWorkerThread-1258 (_rx_task) root DEBUG client.py                 71    logger_log                : Received: hdr: Header(svc_id=0x02, op=0x02, ctrl_index=0x00, data_len=0x02) bytearray(b'\x02\x02\x00\x02\x00')
2025-01-07 22:36:11,992 BTPWorkerThread-1258 (_rx_task) root DEBUG client.py                 71    logger_log                : Read 2 bytes data
2025-01-07 22:36:12,015 BTPWorkerThread-1258 (_rx_task) root DEBUG client.py                 71    logger_log                : Received data: {'00 00'}, bytearray(b'\x00\x00')
2025-01-07 22:36:12,031 LT1-thread root DEBUG client.py                 71    logger_log                : received Header(svc_id=2, op=2, ctrl_index=0, data_len=2) (b'\x00\x00',)
2025-01-07 22:36:12,031 LT1-thread root DEBUG client.py                 71    logger_log                : Starting test function: class=<class 'autopts.ptsprojects.testcase.TestFunc'>, func=<function gatts_add_char at 0x00000231FE535EE0> start_wid=None stop_wid=None post_wid=None skip_call=None call_count=54 args=(0, 2, 17, 'AA52') kwds={}
2025-01-07 22:36:12,031 LT1-thread root DEBUG client.py                 71    logger_log                : Test function parameters: args=(0, 2, 17, 'AA52'), kwds={}
2025-01-07 22:36:12,031 LT1-thread root DEBUG client.py                 71    logger_log                : gatts_add_char 0 2 17 'AA52'
2025-01-07 22:36:12,031 LT1-thread root DEBUG client.py                 71    logger_log                : send, 2 3 0 "bytearray(b'\\x00\\x00\\x02\\x11\\x02\\xaaR')"
2025-01-07 22:36:12,031 LT1-thread root DEBUG client.py                 71    logger_log                : sending frame '02030007000000021102aa52'
2025-01-07 22:36:12,032 LT1-thread root DEBUG client.py                 71    logger_log                : gatt_command_rsp_succ
2025-01-07 22:36:12,032 LT1-thread root DEBUG client.py                 71    logger_log                : read
2025-01-07 22:36:12,094 BTPWorkerThread-1258 (_rx_task) root DEBUG client.py                 71    logger_log                : Read 5 bytes
2025-01-07 22:36:12,111 BTPWorkerThread-1258 (_rx_task) root DEBUG client.py                 71    logger_log                : Received: hdr: Header(svc_id=0x02, op=0x03, ctrl_index=0x00, data_len=0x02) bytearray(b'\x02\x03\x00\x02\x00')
2025-01-07 22:36:12,139 BTPWorkerThread-1258 (_rx_task) root DEBUG client.py                 71    logger_log                : Read 2 bytes data
2025-01-07 22:36:12,150 BTPWorkerThread-1258 (_rx_task) root DEBUG client.py                 71    logger_log                : Received data: {'00 00'}, bytearray(b'\x00\x00')
2025-01-07 22:36:12,178 LT1-thread root DEBUG client.py                 71    logger_log                : received Header(svc_id=2, op=3, ctrl_index=0, data_len=2) (b'\x00\x00',)
2025-01-07 22:36:12,178 LT1-thread root DEBUG client.py                 71    logger_log                : Starting test function: class=<class 'autopts.ptsprojects.testcase.TestFunc'>, func=<function gatts_set_val at 0x00000231FE535F80> start_wid=None stop_wid=None post_wid=None skip_call=None call_count=54 args=(0, '01') kwds={}
2025-01-07 22:36:12,178 LT1-thread root DEBUG client.py                 71    logger_log                : Test function parameters: args=(0, '01'), kwds={}
2025-01-07 22:36:12,178 LT1-thread root DEBUG client.py                 71    logger_log                : gatts_set_val 0 '01' 
2025-01-07 22:36:12,178 LT1-thread root DEBUG client.py                 71    logger_log                : send, 2 6 0 "bytearray(b'\\x00\\x00\\x01\\x00\\x01')"
2025-01-07 22:36:12,179 LT1-thread root DEBUG client.py                 71    logger_log                : sending frame '02060005000000010001'
2025-01-07 22:36:12,179 LT1-thread root DEBUG client.py                 71    logger_log                : gatt_command_rsp_succ
2025-01-07 22:36:12,179 LT1-thread root DEBUG client.py                 71    logger_log                : read
2025-01-07 22:36:12,241 BTPWorkerThread-1258 (_rx_task) root DEBUG client.py                 71    logger_log                : Read 5 bytes
2025-01-07 22:36:12,262 BTPWorkerThread-1258 (_rx_task) root DEBUG client.py                 71    logger_log                : Received: hdr: Header(svc_id=0x02, op=0x06, ctrl_index=0x00, data_len=0x00) bytearray(b'\x02\x06\x00\x00\x00')
2025-01-07 22:36:12,297 BTPWorkerThread-1258 (_rx_task) root DEBUG client.py                 71    logger_log                : Received data: {''}, bytearray(b'')
2025-01-07 22:36:12,324 LT1-thread root DEBUG client.py                 71    logger_log                : received Header(svc_id=2, op=6, ctrl_index=0, data_len=0) (b'',)
2025-01-07 22:36:12,324 LT1-thread root DEBUG client.py                 71    logger_log                : Starting test function: class=<class 'autopts.ptsprojects.testcase.TestFunc'>, func=<function gatts_add_char at 0x00000231FE535EE0> start_wid=None stop_wid=None post_wid=None skip_call=None call_count=54 args=(0, 2, 5, 'AA53') kwds={}
2025-01-07 22:36:12,324 LT1-thread root DEBUG client.py                 71    logger_log                : Test function parameters: args=(0, 2, 5, 'AA53'), kwds={}
2025-01-07 22:36:12,324 LT1-thread root DEBUG client.py                 71    logger_log                : gatts_add_char 0 2 5 'AA53'
2025-01-07 22:36:12,324 LT1-thread root DEBUG client.py                 71    logger_log                : send, 2 3 0 "bytearray(b'\\x00\\x00\\x02\\x05\\x02\\xaaS')"
2025-01-07 22:36:12,324 LT1-thread root DEBUG client.py                 71    logger_log                : sending frame '02030007000000020502aa53'
2025-01-07 22:36:12,325 LT1-thread root DEBUG client.py                 71    logger_log                : gatt_command_rsp_succ
2025-01-07 22:36:12,325 LT1-thread root DEBUG client.py                 71    logger_log                : read
2025-01-07 22:36:12,389 BTPWorkerThread-1258 (_rx_task) root DEBUG client.py                 71    logger_log                : Read 5 bytes
2025-01-07 22:36:12,401 BTPWorkerThread-1258 (_rx_task) root DEBUG client.py                 71    logger_log                : Received: hdr: Header(svc_id=0x02, op=0x03, ctrl_index=0x00, data_len=0x02) bytearray(b'\x02\x03\x00\x02\x00')
2025-01-07 22:36:12,418 BTPWorkerThread-1258 (_rx_task) root DEBUG client.py                 71    logger_log                : Read 2 bytes data
2025-01-07 22:36:12,430 BTPWorkerThread-1258 (_rx_task) root DEBUG client.py                 71    logger_log                : Received data: {'00 00'}, bytearray(b'\x00\x00')
2025-01-07 22:36:12,440 LT1-thread root DEBUG client.py                 71    logger_log                : received Header(svc_id=2, op=3, ctrl_index=0, data_len=2) (b'\x00\x00',)
2025-01-07 22:36:12,440 LT1-thread root DEBUG client.py                 71    logger_log                : Starting test function: class=<class 'autopts.ptsprojects.testcase.TestFunc'>, func=<function gatts_set_val at 0x00000231FE535F80> start_wid=None stop_wid=None post_wid=None skip_call=None call_count=54 args=(0, '02') kwds={}
2025-01-07 22:36:12,440 LT1-thread root DEBUG client.py                 71    logger_log                : Test function parameters: args=(0, '02'), kwds={}
2025-01-07 22:36:12,441 LT1-thread root DEBUG client.py                 71    logger_log                : gatts_set_val 0 '02' 
2025-01-07 22:36:12,441 LT1-thread root DEBUG client.py                 71    logger_log                : send, 2 6 0 "bytearray(b'\\x00\\x00\\x01\\x00\\x02')"
2025-01-07 22:36:12,441 LT1-thread root DEBUG client.py                 71    logger_log                : sending frame '02060005000000010002'
2025-01-07 22:36:12,441 LT1-thread root DEBUG client.py                 71    logger_log                : gatt_command_rsp_succ
2025-01-07 22:36:12,441 LT1-thread root DEBUG client.py                 71    logger_log                : read
2025-01-07 22:36:12,505 BTPWorkerThread-1258 (_rx_task) root DEBUG client.py                 71    logger_log                : Read 5 bytes
2025-01-07 22:36:12,516 BTPWorkerThread-1258 (_rx_task) root DEBUG client.py                 71    logger_log                : Received: hdr: Header(svc_id=0x02, op=0x06, ctrl_index=0x00, data_len=0x00) bytearray(b'\x02\x06\x00\x00\x00')
2025-01-07 22:36:12,527 BTPWorkerThread-1258 (_rx_task) root DEBUG client.py                 71    logger_log                : Received data: {''}, bytearray(b'')
2025-01-07 22:36:12,527 LT1-thread root DEBUG client.py                 71    logger_log                : received Header(svc_id=2, op=6, ctrl_index=0, data_len=0) (b'',)
2025-01-07 22:36:12,527 LT1-thread root DEBUG client.py                 71    logger_log                : Starting test function: class=<class 'autopts.ptsprojects.testcase.TestFunc'>, func=<function gatts_add_char at 0x00000231FE535EE0> start_wid=None stop_wid=None post_wid=None skip_call=None call_count=54 args=(0, 66, 3, 'AA54') kwds={}
2025-01-07 22:36:12,528 LT1-thread root DEBUG client.py                 71    logger_log                : Test function parameters: args=(0, 66, 3, 'AA54'), kwds={}
2025-01-07 22:36:12,528 LT1-thread root DEBUG client.py                 71    logger_log                : gatts_add_char 0 66 3 'AA54'
2025-01-07 22:36:12,528 LT1-thread root DEBUG client.py                 71    logger_log                : send, 2 3 0 "bytearray(b'\\x00\\x00B\\x03\\x02\\xaaT')"
2025-01-07 22:36:12,528 LT1-thread root DEBUG client.py                 71    logger_log                : sending frame '02030007000000420302aa54'
2025-01-07 22:36:12,529 LT1-thread root DEBUG client.py                 71    logger_log                : gatt_command_rsp_succ
2025-01-07 22:36:12,529 LT1-thread root DEBUG client.py                 71    logger_log                : read
2025-01-07 22:36:12,584 BTPWorkerThread-1258 (_rx_task) root DEBUG client.py                 71    logger_log                : Read 5 bytes
2025-01-07 22:36:12,610 BTPWorkerThread-1258 (_rx_task) root DEBUG client.py                 71    logger_log                : Received: hdr: Header(svc_id=0x02, op=0x03, ctrl_index=0x00, data_len=0x02) bytearray(b'\x02\x03\x00\x02\x00')
2025-01-07 22:36:12,646 BTPWorkerThread-1258 (_rx_task) root DEBUG client.py                 71    logger_log                : Read 2 bytes data
2025-01-07 22:36:12,651 BTPWorkerThread-1258 (_rx_task) root DEBUG client.py                 71    logger_log                : Received data: {'00 00'}, bytearray(b'\x00\x00')
2025-01-07 22:36:12,656 LT1-thread root DEBUG client.py                 71    logger_log                : received Header(svc_id=2, op=3, ctrl_index=0, data_len=2) (b'\x00\x00',)
2025-01-07 22:36:12,656 LT1-thread root DEBUG client.py                 71    logger_log                : Starting test function: class=<class 'autopts.ptsprojects.testcase.TestFunc'>, func=<function gatts_set_val at 0x00000231FE535F80> start_wid=None stop_wid=None post_wid=None skip_call=None call_count=54 args=(0, '03') kwds={}
2025-01-07 22:36:12,657 LT1-thread root DEBUG client.py                 71    logger_log                : Test function parameters: args=(0, '03'), kwds={}
2025-01-07 22:36:12,657 LT1-thread root DEBUG client.py                 71    logger_log                : gatts_set_val 0 '03' 
2025-01-07 22:36:12,657 LT1-thread root DEBUG client.py                 71    logger_log                : send, 2 6 0 "bytearray(b'\\x00\\x00\\x01\\x00\\x03')"
2025-01-07 22:36:12,657 LT1-thread root DEBUG client.py                 71    logger_log                : sending frame '02060005000000010003'
2025-01-07 22:36:12,657 LT1-thread root DEBUG client.py                 71    logger_log                : gatt_command_rsp_succ
2025-01-07 22:36:12,658 LT1-thread root DEBUG client.py                 71    logger_log                : read
2025-01-07 22:36:12,716 BTPWorkerThread-1258 (_rx_task) root DEBUG client.py                 71    logger_log                : Read 5 bytes
2025-01-07 22:36:12,726 BTPWorkerThread-1258 (_rx_task) root DEBUG client.py                 71    logger_log                : Received: hdr: Header(svc_id=0x02, op=0x06, ctrl_index=0x00, data_len=0x00) bytearray(b'\x02\x06\x00\x00\x00')
2025-01-07 22:36:12,739 BTPWorkerThread-1258 (_rx_task) root DEBUG client.py                 71    logger_log                : Received data: {''}, bytearray(b'')
2025-01-07 22:36:12,750 LT1-thread root DEBUG client.py                 71    logger_log                : received Header(svc_id=2, op=6, ctrl_index=0, data_len=0) (b'',)
2025-01-07 22:36:12,750 LT1-thread root DEBUG client.py                 71    logger_log                : Starting test function: class=<class 'autopts.ptsprojects.testcase.TestFunc'>, func=<function gatts_add_char at 0x00000231FE535EE0> start_wid=None stop_wid=None post_wid=None skip_call=None call_count=54 args=(0, 10, 48, 'AA55') kwds={}
2025-01-07 22:36:12,751 LT1-thread root DEBUG client.py                 71    logger_log                : Test function parameters: args=(0, 10, 48, 'AA55'), kwds={}
2025-01-07 22:36:12,751 LT1-thread root DEBUG client.py                 71    logger_log                : gatts_add_char 0 10 48 'AA55'
2025-01-07 22:36:12,751 LT1-thread root DEBUG client.py                 71    logger_log                : send, 2 3 0 "bytearray(b'\\x00\\x00\\n0\\x02\\xaaU')"
2025-01-07 22:36:12,751 LT1-thread root DEBUG client.py                 71    logger_log                : sending frame '020300070000000a3002aa55'
2025-01-07 22:36:12,751 LT1-thread root DEBUG client.py                 71    logger_log                : gatt_command_rsp_succ
2025-01-07 22:36:12,752 LT1-thread root DEBUG client.py                 71    logger_log                : read
2025-01-07 22:36:12,805 BTPWorkerThread-1258 (_rx_task) root DEBUG client.py                 71    logger_log                : Read 5 bytes
2025-01-07 22:36:12,817 BTPWorkerThread-1258 (_rx_task) root DEBUG client.py                 71    logger_log                : Received: hdr: Header(svc_id=0x02, op=0x03, ctrl_index=0x00, data_len=0x02) bytearray(b'\x02\x03\x00\x02\x00')
2025-01-07 22:36:12,828 BTPWorkerThread-1258 (_rx_task) root DEBUG client.py                 71    logger_log                : Read 2 bytes data
2025-01-07 22:36:12,840 BTPWorkerThread-1258 (_rx_task) root DEBUG client.py                 71    logger_log                : Received data: {'00 00'}, bytearray(b'\x00\x00')
2025-01-07 22:36:12,857 LT1-thread root DEBUG client.py                 71    logger_log                : received Header(svc_id=2, op=3, ctrl_index=0, data_len=2) (b'\x00\x00',)
2025-01-07 22:36:12,857 LT1-thread root DEBUG client.py                 71    logger_log                : Starting test function: class=<class 'autopts.ptsprojects.testcase.TestFunc'>, func=<function gatts_set_val at 0x00000231FE535F80> start_wid=None stop_wid=None post_wid=None skip_call=None call_count=54 args=(0, '04') kwds={}
2025-01-07 22:36:12,857 LT1-thread root DEBUG client.py                 71    logger_log                : Test function parameters: args=(0, '04'), kwds={}
2025-01-07 22:36:12,857 LT1-thread root DEBUG client.py                 71    logger_log                : gatts_set_val 0 '04' 
2025-01-07 22:36:12,858 LT1-thread root DEBUG client.py                 71    logger_log                : send, 2 6 0 "bytearray(b'\\x00\\x00\\x01\\x00\\x04')"
2025-01-07 22:36:12,858 LT1-thread root DEBUG client.py                 71    logger_log                : sending frame '02060005000000010004'
2025-01-07 22:36:12,858 LT1-thread root DEBUG client.py                 71    logger_log                : gatt_command_rsp_succ
2025-01-07 22:36:12,858 LT1-thread root DEBUG client.py                 71    logger_log                : read
2025-01-07 22:36:12,923 BTPWorkerThread-1258 (_rx_task) root DEBUG client.py                 71    logger_log                : Read 5 bytes
2025-01-07 22:36:12,934 BTPWorkerThread-1258 (_rx_task) root DEBUG client.py                 71    logger_log                : Received: hdr: Header(svc_id=0x02, op=0x06, ctrl_index=0x00, data_len=0x00) bytearray(b'\x02\x06\x00\x00\x00')
2025-01-07 22:36:12,945 BTPWorkerThread-1258 (_rx_task) root DEBUG client.py                 71    logger_log                : Received data: {''}, bytearray(b'')
2025-01-07 22:36:12,962 LT1-thread root DEBUG client.py                 71    logger_log                : received Header(svc_id=2, op=6, ctrl_index=0, data_len=0) (b'',)
2025-01-07 22:36:12,962 LT1-thread root DEBUG client.py                 71    logger_log                : Starting test function: class=<class 'autopts.ptsprojects.testcase.TestFunc'>, func=<function gatts_start_server at 0x00000231FE536200> start_wid=None stop_wid=None post_wid=None skip_call=None call_count=54 args=() kwds={}
2025-01-07 22:36:12,962 LT1-thread root DEBUG client.py                 71    logger_log                : Test function parameters: args=(), kwds={}
2025-01-07 22:36:12,962 LT1-thread root DEBUG client.py                 71    logger_log                : gatts_start_server
2025-01-07 22:36:12,964 LT1-thread root DEBUG client.py                 71    logger_log                : send, 2 7 0 ''
2025-01-07 22:36:12,964 LT1-thread root DEBUG client.py                 71    logger_log                : sending frame '0207000000'
2025-01-07 22:36:12,964 LT1-thread root DEBUG client.py                 71    logger_log                : gatt_command_rsp_succ
2025-01-07 22:36:12,964 LT1-thread root DEBUG client.py                 71    logger_log                : read
2025-01-07 22:36:13,020 BTPWorkerThread-1258 (_rx_task) root DEBUG client.py                 71    logger_log                : Read 5 bytes
2025-01-07 22:36:13,036 BTPWorkerThread-1258 (_rx_task) root DEBUG client.py                 71    logger_log                : Received: hdr: Header(svc_id=0x02, op=0x07, ctrl_index=0x00, data_len=0x03) bytearray(b'\x02\x07\x00\x03\x00')
2025-01-07 22:36:13,057 BTPWorkerThread-1258 (_rx_task) root DEBUG client.py                 71    logger_log                : Read 3 bytes data
2025-01-07 22:36:13,068 BTPWorkerThread-1258 (_rx_task) root DEBUG client.py                 71    logger_log                : Received data: {'00 00 00'}, bytearray(b'\x00\x00\x00')
2025-01-07 22:36:13,073 LT1-thread root DEBUG client.py                 71    logger_log                : received Header(svc_id=2, op=7, ctrl_index=0, data_len=3) (b'\x00\x00\x00',)
2025-01-07 22:36:13,077 LT1-thread root DEBUG client.py                 71    logger_log                : ClientCallback.get_result run_test_case
2025-01-07 22:36:14,641 LT1-callback ClientCallback.on_implicit_send INFO client.py                 71    logger_log                : 
    ********************
    BEGIN OnImplicitSend:
    project_name: GAP
    wid: 209
    test_case_name: GAP/SEC/SEM/BV-60-C
    description: Please make sure the IUT does not initiate the security. Click OK when ready.
    style: MMI_Style_Ok_Cancel1 0x11041
2025-01-07 22:36:14,641 LT1-callback ClientCallback.on_implicit_send INFO client.py                 71    logger_log                : Calling test cases on_implicit_send
2025-01-07 22:36:14,642 LT1-callback ClientCallback.on_implicit_send INFO client.py                 71    logger_log                : 
    on_implicit_send returned response: WAIT
    END OnImplicitSend
    ********************
2025-01-07 22:36:15,079 LT1-thread root DEBUG client.py                 71    logger_log                : GAP GAP/SEC/SEM/BV-60-C on_implicit_send
2025-01-07 22:36:15,079 LT1-thread root DEBUG client.py                 71    logger_log                : gap_wid_hdl, 209, Please make sure the IUT does not initiate the security. Click OK when ready., GAP/SEC/SEM/BV-60-C
2025-01-07 22:36:15,079 LT1-thread root DEBUG client.py                 71    logger_log                : Sending response 'OK' to wid 209 test case GAP/SEC/SEM/BV-60-C
2025-01-07 22:36:15,082 LT1-thread root DEBUG client.py                 71    logger_log                : ClientCallback.get_result run_test_case
2025-01-07 22:36:15,088 LT1-callback ClientCallback.on_implicit_send INFO client.py                 71    logger_log                : 
    ********************
    BEGIN OnImplicitSend:
    project_name: GAP
    wid: 241
    test_case_name: GAP/SEC/SEM/BV-60-C
    description: Please configures the IUT into LE Security Mode 1 Level 3. Press OK to continue.
    style: MMI_Style_Ok_Cancel1 0x11041
2025-01-07 22:36:15,088 LT1-callback ClientCallback.on_implicit_send INFO client.py                 71    logger_log                : Calling test cases on_implicit_send
2025-01-07 22:36:15,088 LT1-callback ClientCallback.on_implicit_send INFO client.py                 71    logger_log                : 
    on_implicit_send returned response: WAIT
    END OnImplicitSend
    ********************
2025-01-07 22:36:16,083 LT1-thread root DEBUG client.py                 71    logger_log                : GAP GAP/SEC/SEM/BV-60-C on_implicit_send
2025-01-07 22:36:16,083 LT1-thread root DEBUG client.py                 71    logger_log                : gap_wid_hdl, 241, Please configures the IUT into LE Security Mode 1 Level 3. Press OK to continue., GAP/SEC/SEM/BV-60-C
2025-01-07 22:36:16,083 LT1-thread root DEBUG client.py                 71    logger_log                : gap_set_io_cap 4
2025-01-07 22:36:16,083 LT1-thread root DEBUG client.py                 71    logger_log                : send, 1 16 0 '\x04'
2025-01-07 22:36:16,083 LT1-thread root DEBUG client.py                 71    logger_log                : sending frame '011000010004'
2025-01-07 22:36:16,083 LT1-thread root DEBUG client.py                 71    logger_log                : gap_command_rsp_succ
2025-01-07 22:36:16,084 LT1-thread root DEBUG client.py                 71    logger_log                : read
2025-01-07 22:36:16,124 BTPWorkerThread-1258 (_rx_task) root DEBUG client.py                 71    logger_log                : Read 5 bytes
2025-01-07 22:36:16,124 BTPWorkerThread-1258 (_rx_task) root DEBUG client.py                 71    logger_log                : Received: hdr: Header(svc_id=0x01, op=0x10, ctrl_index=0x00, data_len=0x00) bytearray(b'\x01\x10\x00\x00\x00')
2025-01-07 22:36:16,124 BTPWorkerThread-1258 (_rx_task) root DEBUG client.py                 71    logger_log                : Received data: {''}, bytearray(b'')
2025-01-07 22:36:16,124 LT1-thread root DEBUG client.py                 71    logger_log                : received Header(svc_id=1, op=16, ctrl_index=0, data_len=0) (b'',)
2025-01-07 22:36:16,125 LT1-thread root DEBUG client.py                 71    logger_log                : Sending response 'OK' to wid 241 test case GAP/SEC/SEM/BV-60-C
2025-01-07 22:36:16,127 LT1-thread root DEBUG client.py                 71    logger_log                : ClientCallback.get_result run_test_case
2025-01-07 22:36:17,550 LT1-callback ClientCallback.on_implicit_send INFO client.py                 71    logger_log                : 
    ********************
    BEGIN OnImplicitSend:
    project_name: GAP
    wid: 91
    test_case_name: GAP/SEC/SEM/BV-60-C
    description: Please send a connectable undirected advertising report.
    style: MMI_Style_Ok_Cancel2 0x11141
2025-01-07 22:36:17,550 LT1-callback ClientCallback.on_implicit_send INFO client.py                 71    logger_log                : Calling test cases on_implicit_send
2025-01-07 22:36:17,550 LT1-callback ClientCallback.on_implicit_send INFO client.py                 71    logger_log                : 
    on_implicit_send returned response: WAIT
    END OnImplicitSend
    ********************
2025-01-07 22:36:18,130 LT1-thread root DEBUG client.py                 71    logger_log                : GAP GAP/SEC/SEM/BV-60-C on_implicit_send
2025-01-07 22:36:18,130 LT1-thread root DEBUG client.py                 71    logger_log                : gap_wid_hdl, 91, Please send a connectable undirected advertising report., GAP/SEC/SEM/BV-60-C
2025-01-07 22:36:18,130 LT1-thread root DEBUG client.py                 71    logger_log                : gap_set_conn
2025-01-07 22:36:18,130 LT1-thread root DEBUG client.py                 71    logger_log                : gap_adv_ind_on {9: b'Tester_59F2E6'} None
2025-01-07 22:36:18,130 LT1-thread root DEBUG client.py                 71    logger_log                : send, 1 10 0 "bytearray(b'\\x0f\\x00\\t\\rTester_59F2E6\\xff\\xff\\xff\\xff\\x00')"
2025-01-07 22:36:18,130 LT1-thread root DEBUG client.py                 71    logger_log                : sending frame '010a0016000f00090d5465737465725f353946324536ffffffff00'
2025-01-07 22:36:18,131 LT1-thread root DEBUG client.py                 71    logger_log                : gap_command_rsp_succ
2025-01-07 22:36:18,131 LT1-thread root DEBUG client.py                 71    logger_log                : read
2025-01-07 22:36:18,168 BTPWorkerThread-1258 (_rx_task) root DEBUG client.py                 71    logger_log                : Read 5 bytes
2025-01-07 22:36:18,179 BTPWorkerThread-1258 (_rx_task) root DEBUG client.py                 71    logger_log                : Received: hdr: Header(svc_id=0x01, op=0x0a, ctrl_index=0x00, data_len=0x04) bytearray(b'\x01\n\x00\x04\x00')
2025-01-07 22:36:18,191 BTPWorkerThread-1258 (_rx_task) root DEBUG client.py                 71    logger_log                : Read 4 bytes data
2025-01-07 22:36:18,201 BTPWorkerThread-1258 (_rx_task) root DEBUG client.py                 71    logger_log                : Received data: {'13 06 00 00'}, bytearray(b'\x13\x06\x00\x00')
2025-01-07 22:36:18,201 LT1-thread root DEBUG client.py                 71    logger_log                : received Header(svc_id=1, op=10, ctrl_index=0, data_len=4) (b'\x13\x06\x00\x00',)
2025-01-07 22:36:18,201 LT1-thread root DEBUG client.py                 71    logger_log                : __gap_current_settings_update (b'\x13\x06\x00\x00',)
2025-01-07 22:36:18,201 LT1-thread root DEBUG client.py                 71    logger_log                : Sending response 'OK' to wid 91 test case GAP/SEC/SEM/BV-60-C
2025-01-07 22:36:18,204 LT1-thread root DEBUG client.py                 71    logger_log                : ClientCallback.get_result run_test_case
2025-01-07 22:36:18,310 BTPWorkerThread-1258 (_rx_task) root DEBUG client.py                 71    logger_log                : Read 5 bytes
2025-01-07 22:36:18,310 BTPWorkerThread-1258 (_rx_task) root DEBUG client.py                 71    logger_log                : Received: hdr: Header(svc_id=0x01, op=0x82, ctrl_index=0x00, data_len=0x0d) bytearray(b'\x01\x82\x00\r\x00')
2025-01-07 22:36:18,311 BTPWorkerThread-1258 (_rx_task) root DEBUG client.py                 71    logger_log                : Read 13 bytes data
2025-01-07 22:36:18,311 BTPWorkerThread-1258 (_rx_task) root DEBUG client.py                 71    logger_log                : Received data: {'00 e6 f2 59 e8 07 c0 38 00 00 00 d0 07'}, bytearray(b'\x00\xe6\xf2Y\xe8\x07\xc08\x00\x00\x00\xd0\x07')
2025-01-07 22:36:18,311 BTPWorkerThread-1258 (_rx_task) root DEBUG client.py                 71    logger_log                : event_handler Header(svc_id=1, op=130, ctrl_index=0, data_len=13) (b'\x00\xe6\xf2Y\xe8\x07\xc08\x00\x00\x00\xd0\x07',)
2025-01-07 22:36:18,311 BTPWorkerThread-1258 (_rx_task) root DEBUG client.py                 71    logger_log                : gap_connected_ev_ b'\x00\xe6\xf2Y\xe8\x07\xc08\x00\x00\x00\xd0\x07'
2025-01-07 22:36:18,311 BTPWorkerThread-1258 (_rx_task) root DEBUG client.py                 71    logger_log                : Read 5 bytes
2025-01-07 22:36:18,312 BTPWorkerThread-1258 (_rx_task) root DEBUG client.py                 71    logger_log                : Received: hdr: Header(svc_id=0x01, op=0x80, ctrl_index=0x00, data_len=0x04) bytearray(b'\x01\x80\x00\x04\x00')
2025-01-07 22:36:18,312 BTPWorkerThread-1258 (_rx_task) root DEBUG client.py                 71    logger_log                : Read 4 bytes data
2025-01-07 22:36:18,312 BTPWorkerThread-1258 (_rx_task) root DEBUG client.py                 71    logger_log                : Received data: {'13 02 00 00'}, bytearray(b'\x13\x02\x00\x00')
2025-01-07 22:36:18,312 BTPWorkerThread-1258 (_rx_task) root DEBUG client.py                 71    logger_log                : event_handler Header(svc_id=1, op=128, ctrl_index=0, data_len=4) (b'\x13\x02\x00\x00',)
2025-01-07 22:36:18,312 BTPWorkerThread-1258 (_rx_task) root DEBUG client.py                 71    logger_log                : gap_new_settings_ev_ b'\x13\x02\x00\x00'
2025-01-07 22:36:18,313 BTPWorkerThread-1258 (_rx_task) root DEBUG client.py                 71    logger_log                : __gap_current_settings_update 531
2025-01-07 22:36:18,899 BTPWorkerThread-1258 (_rx_task) root DEBUG client.py                 71    logger_log                : Read 5 bytes
2025-01-07 22:36:18,899 BTPWorkerThread-1258 (_rx_task) root DEBUG client.py                 71    logger_log                : Received: hdr: Header(svc_id=0x01, op=0x85, ctrl_index=0x00, data_len=0x07) bytearray(b'\x01\x85\x00\x07\x00')
2025-01-07 22:36:18,899 BTPWorkerThread-1258 (_rx_task) root DEBUG client.py                 71    logger_log                : Read 7 bytes data
2025-01-07 22:36:18,900 BTPWorkerThread-1258 (_rx_task) root DEBUG client.py                 71    logger_log                : Received data: {'00 e6 f2 59 e8 07 c0'}, bytearray(b'\x00\xe6\xf2Y\xe8\x07\xc0')
2025-01-07 22:36:18,900 BTPWorkerThread-1258 (_rx_task) root DEBUG client.py                 71    logger_log                : event_handler Header(svc_id=1, op=133, ctrl_index=0, data_len=7) (b'\x00\xe6\xf2Y\xe8\x07\xc0',)
2025-01-07 22:36:18,900 BTPWorkerThread-1258 (_rx_task) root DEBUG client.py                 71    logger_log                : gap_passkey_entry_req_ev_
2025-01-07 22:36:18,955 LT1-callback ClientCallback.on_implicit_send INFO client.py                 71    logger_log                : 
    ********************
    BEGIN OnImplicitSend:
    project_name: GAP
    wid: 206
    test_case_name: GAP/SEC/SEM/BV-60-C
    description: The Secure ID is 376636
    style: MMI_Style_Ok 0x11040
2025-01-07 22:36:18,955 LT1-callback ClientCallback.on_implicit_send INFO client.py                 71    logger_log                : Calling test cases on_implicit_send
2025-01-07 22:36:18,955 LT1-callback ClientCallback.on_implicit_send INFO client.py                 71    logger_log                : 
    on_implicit_send returned response: WAIT
    END OnImplicitSend
    ********************
2025-01-07 22:36:19,204 LT1-thread root DEBUG client.py                 71    logger_log                : GAP GAP/SEC/SEM/BV-60-C on_implicit_send
2025-01-07 22:36:19,205 LT1-thread root DEBUG client.py                 71    logger_log                : gap_wid_hdl, 206, The Secure ID is 376636, GAP/SEC/SEM/BV-60-C
2025-01-07 22:36:19,205 LT1-thread root DEBUG client.py                 71    logger_log                : description='The Secure ID is 376636'
2025-01-07 22:36:19,205 LT1-thread root DEBUG client.py                 71    logger_log                : passkey='376636'
2025-01-07 22:36:19,205 LT1-thread root DEBUG client.py                 71    logger_log                : gap_passkey_entry_rsp 'c007e859f2e6' 0
2025-01-07 22:36:19,206 LT1-thread root DEBUG client.py                 71    logger_log                : send, 1 19 0 "bytearray(b'\\x00\\xe6\\xf2Y\\xe8\\x07\\xc0<\\xbf\\x05\\x00')"
2025-01-07 22:36:19,206 LT1-thread root DEBUG client.py                 71    logger_log                : sending frame '0113000b0000e6f259e807c03cbf0500'
2025-01-07 22:36:19,206 LT1-thread root DEBUG client.py                 71    logger_log                : gap_command_rsp_succ
2025-01-07 22:36:19,207 LT1-thread root DEBUG client.py                 71    logger_log                : read
2025-01-07 22:36:19,265 BTPWorkerThread-1258 (_rx_task) root DEBUG client.py                 71    logger_log                : Read 5 bytes
2025-01-07 22:36:19,276 BTPWorkerThread-1258 (_rx_task) root DEBUG client.py                 71    logger_log                : Received: hdr: Header(svc_id=0x01, op=0x13, ctrl_index=0x00, data_len=0x00) bytearray(b'\x01\x13\x00\x00\x00')
2025-01-07 22:36:19,281 BTPWorkerThread-1258 (_rx_task) root DEBUG client.py                 71    logger_log                : Received data: {''}, bytearray(b'')
2025-01-07 22:36:19,281 LT1-thread root DEBUG client.py                 71    logger_log                : received Header(svc_id=1, op=19, ctrl_index=0, data_len=0) (b'',)
2025-01-07 22:36:19,281 LT1-thread root DEBUG client.py                 71    logger_log                : Sending response 'Ok' to wid 206 test case GAP/SEC/SEM/BV-60-C
2025-01-07 22:36:19,284 LT1-thread root DEBUG client.py                 71    logger_log                : ClientCallback.get_result run_test_case
2025-01-07 22:36:19,760 BTPWorkerThread-1258 (_rx_task) root DEBUG client.py                 71    logger_log                : Read 5 bytes
2025-01-07 22:36:19,761 BTPWorkerThread-1258 (_rx_task) root DEBUG client.py                 71    logger_log                : Received: hdr: Header(svc_id=0x01, op=0x89, ctrl_index=0x00, data_len=0x08) bytearray(b'\x01\x89\x00\x08\x00')
2025-01-07 22:36:19,761 BTPWorkerThread-1258 (_rx_task) root DEBUG client.py                 71    logger_log                : Read 8 bytes data
2025-01-07 22:36:19,761 BTPWorkerThread-1258 (_rx_task) root DEBUG client.py                 71    logger_log                : Received data: {'00 e6 f2 59 e8 07 c0 03'}, bytearray(b'\x00\xe6\xf2Y\xe8\x07\xc0\x03')
2025-01-07 22:36:19,761 BTPWorkerThread-1258 (_rx_task) root DEBUG client.py                 71    logger_log                : event_handler Header(svc_id=1, op=137, ctrl_index=0, data_len=8) (b'\x00\xe6\xf2Y\xe8\x07\xc0\x03',)
2025-01-07 22:36:19,761 BTPWorkerThread-1258 (_rx_task) root DEBUG client.py                 71    logger_log                : gap_sec_level_changed_ev_
2025-01-07 22:36:19,761 BTPWorkerThread-1258 (_rx_task) root DEBUG client.py                 71    logger_log                : received b'\x00\xe6\xf2Y\xe8\x07\xc0\x03'
2025-01-07 22:36:19,761 BTPWorkerThread-1258 (_rx_task) root DEBUG client.py                 71    logger_log                : received (0, 'c007e859f2e6', 3)
2025-01-07 22:36:19,948 LT1-callback ClientCallback.on_implicit_send INFO client.py                 71    logger_log                : 
    ********************
    BEGIN OnImplicitSend:
    project_name: GAP
    wid: 235
    test_case_name: GAP/SEC/SEM/BV-60-C
    description: Please send ATT_WRITE_REQUEST to handle 0x000D with CCCD set to 0x0001 to enable notification. Discover services if needed.
    style: MMI_Style_Ok_Cancel2 0x11141
2025-01-07 22:36:19,949 LT1-callback ClientCallback.on_implicit_send INFO client.py                 71    logger_log                : Calling test cases on_implicit_send
2025-01-07 22:36:19,949 LT1-callback ClientCallback.on_implicit_send INFO client.py                 71    logger_log                : 
    on_implicit_send returned response: WAIT
    END OnImplicitSend
    ********************
2025-01-07 22:36:20,284 LT1-thread root DEBUG client.py                 71    logger_log                : GAP GAP/SEC/SEM/BV-60-C on_implicit_send
2025-01-07 22:36:20,284 LT1-thread root DEBUG client.py                 71    logger_log                : gap_wid_hdl, 235, Please send ATT_WRITE_REQUEST to handle 0x000D with CCCD set to 0x0001 to enable notification. Discover services if needed., GAP/SEC/SEM/BV-60-C
2025-01-07 22:36:20,285 LT1-thread root DEBUG client.py                 71    logger_log                : gattc_cfg_notify 0 'c007e859f2e6', 1, '000D'
2025-01-07 22:36:20,285 LT1-thread root DEBUG client.py                 71    logger_log                : send, 2 26 0 "bytearray(b'\\x00\\xe6\\xf2Y\\xe8\\x07\\xc0\\x01\\r\\x00')"
2025-01-07 22:36:20,285 LT1-thread root DEBUG client.py                 71    logger_log                : sending frame '021a000a0000e6f259e807c0010d00'
2025-01-07 22:36:20,285 LT1-thread root DEBUG client.py                 71    logger_log                : read
2025-01-07 22:36:20,723 BTPWorkerThread-1258 (_rx_task) root DEBUG client.py                 71    logger_log                : Read 5 bytes
2025-01-07 22:36:20,734 BTPWorkerThread-1258 (_rx_task) root DEBUG client.py                 71    logger_log                : Received: hdr: Header(svc_id=0x02, op=0x1a, ctrl_index=0x00, data_len=0x00) bytearray(b'\x02\x1a\x00\x00\x00')
2025-01-07 22:36:20,756 BTPWorkerThread-1258 (_rx_task) root DEBUG client.py                 71    logger_log                : Received data: {''}, bytearray(b'')
2025-01-07 22:36:20,762 LT1-thread root DEBUG client.py                 71    logger_log                : gattc_cfg_notify received Header(svc_id=2, op=26, ctrl_index=0, data_len=0) (b'',)
2025-01-07 22:36:20,762 LT1-thread root DEBUG client.py                 71    logger_log                : Sending response 'OK' to wid 235 test case GAP/SEC/SEM/BV-60-C
2025-01-07 22:36:20,765 LT1-thread root DEBUG client.py                 71    logger_log                : ClientCallback.get_result run_test_case
2025-01-07 22:36:20,774 LT1-callback ClientCallback.on_implicit_send INFO client.py                 71    logger_log                : 
    ********************
    BEGIN OnImplicitSend:
    project_name: GAP
    wid: 118
    test_case_name: GAP/SEC/SEM/BV-60-C
    description: Please press ok to disconnect the link.
    style: MMI_Style_Ok_Cancel1 0x11041
2025-01-07 22:36:20,774 LT1-callback ClientCallback.on_implicit_send INFO client.py                 71    logger_log                : Calling test cases on_implicit_send
2025-01-07 22:36:20,774 LT1-callback ClientCallback.on_implicit_send INFO client.py                 71    logger_log                : 
    on_implicit_send returned response: WAIT
    END OnImplicitSend
    ********************
2025-01-07 22:36:21,765 LT1-thread root DEBUG client.py                 71    logger_log                : GAP GAP/SEC/SEM/BV-60-C on_implicit_send
2025-01-07 22:36:21,765 LT1-thread root DEBUG client.py                 71    logger_log                : gap_wid_hdl, 118, Please press ok to disconnect the link., GAP/SEC/SEM/BV-60-C
2025-01-07 22:36:21,765 LT1-thread root DEBUG client.py                 71    logger_log                : Sending response 'OK' to wid 118 test case GAP/SEC/SEM/BV-60-C
2025-01-07 22:36:21,768 LT1-thread root DEBUG client.py                 71    logger_log                : ClientCallback.get_result run_test_case
2025-01-07 22:36:22,047 BTPWorkerThread-1258 (_rx_task) root DEBUG client.py                 71    logger_log                : Read 5 bytes
2025-01-07 22:36:22,048 BTPWorkerThread-1258 (_rx_task) root DEBUG client.py                 71    logger_log                : Received: hdr: Header(svc_id=0x01, op=0x83, ctrl_index=0x00, data_len=0x07) bytearray(b'\x01\x83\x00\x07\x00')
2025-01-07 22:36:22,048 BTPWorkerThread-1258 (_rx_task) root DEBUG client.py                 71    logger_log                : Read 7 bytes data
2025-01-07 22:36:22,048 BTPWorkerThread-1258 (_rx_task) root DEBUG client.py                 71    logger_log                : Received data: {'00 e6 f2 59 e8 07 c0'}, bytearray(b'\x00\xe6\xf2Y\xe8\x07\xc0')
2025-01-07 22:36:22,048 BTPWorkerThread-1258 (_rx_task) root DEBUG client.py                 71    logger_log                : event_handler Header(svc_id=1, op=131, ctrl_index=0, data_len=7) (b'\x00\xe6\xf2Y\xe8\x07\xc0',)
2025-01-07 22:36:22,048 BTPWorkerThread-1258 (_rx_task) root DEBUG client.py                 71    logger_log                : gap_disconnected_ev_ b'\x00\xe6\xf2Y\xe8\x07\xc0'
2025-01-07 22:36:22,237 LT1-callback ClientCallback.on_implicit_send INFO client.py                 71    logger_log                : 
    ********************
    BEGIN OnImplicitSend:
    project_name: GAP
    wid: 91
    test_case_name: GAP/SEC/SEM/BV-60-C
    description: Please send a connectable undirected advertising report.
    style: MMI_Style_Ok_Cancel2 0x11141
2025-01-07 22:36:22,237 LT1-callback ClientCallback.on_implicit_send INFO client.py                 71    logger_log                : Calling test cases on_implicit_send
2025-01-07 22:36:22,237 LT1-callback ClientCallback.on_implicit_send INFO client.py                 71    logger_log                : 
    on_implicit_send returned response: WAIT
    END OnImplicitSend
    ********************
2025-01-07 22:36:22,770 LT1-thread root DEBUG client.py                 71    logger_log                : GAP GAP/SEC/SEM/BV-60-C on_implicit_send
2025-01-07 22:36:22,770 LT1-thread root DEBUG client.py                 71    logger_log                : gap_wid_hdl, 91, Please send a connectable undirected advertising report., GAP/SEC/SEM/BV-60-C
2025-01-07 22:36:22,770 LT1-thread root DEBUG client.py                 71    logger_log                : gap_set_conn
2025-01-07 22:36:22,770 LT1-thread root DEBUG client.py                 71    logger_log                : gap_adv_ind_on {9: b'Tester_59F2E6'} None
2025-01-07 22:36:22,770 LT1-thread root DEBUG client.py                 71    logger_log                : send, 1 10 0 "bytearray(b'\\x0f\\x00\\t\\rTester_59F2E6\\xff\\xff\\xff\\xff\\x00')"
2025-01-07 22:36:22,770 LT1-thread root DEBUG client.py                 71    logger_log                : sending frame '010a0016000f00090d5465737465725f353946324536ffffffff00'
2025-01-07 22:36:22,771 LT1-thread root DEBUG client.py                 71    logger_log                : gap_command_rsp_succ
2025-01-07 22:36:22,771 LT1-thread root DEBUG client.py                 71    logger_log                : read
2025-01-07 22:36:22,834 BTPWorkerThread-1258 (_rx_task) root DEBUG client.py                 71    logger_log                : Read 5 bytes
2025-01-07 22:36:22,834 BTPWorkerThread-1258 (_rx_task) root DEBUG client.py                 71    logger_log                : Received: hdr: Header(svc_id=0x01, op=0x0a, ctrl_index=0x00, data_len=0x04) bytearray(b'\x01\n\x00\x04\x00')
2025-01-07 22:36:22,840 BTPWorkerThread-1258 (_rx_task) root DEBUG client.py                 71    logger_log                : Read 4 bytes data
2025-01-07 22:36:22,840 BTPWorkerThread-1258 (_rx_task) root DEBUG client.py                 71    logger_log                : Received data: {'13 06 00 00'}, bytearray(b'\x13\x06\x00\x00')
2025-01-07 22:36:22,851 LT1-thread root DEBUG client.py                 71    logger_log                : received Header(svc_id=1, op=10, ctrl_index=0, data_len=4) (b'\x13\x06\x00\x00',)
2025-01-07 22:36:22,851 LT1-thread root DEBUG client.py                 71    logger_log                : __gap_current_settings_update (b'\x13\x06\x00\x00',)
2025-01-07 22:36:22,851 LT1-thread root DEBUG client.py                 71    logger_log                : Sending response 'OK' to wid 91 test case GAP/SEC/SEM/BV-60-C
2025-01-07 22:36:22,854 LT1-thread root DEBUG client.py                 71    logger_log                : ClientCallback.get_result run_test_case
2025-01-07 22:36:23,127 BTPWorkerThread-1258 (_rx_task) root DEBUG client.py                 71    logger_log                : Read 5 bytes
2025-01-07 22:36:23,128 BTPWorkerThread-1258 (_rx_task) root DEBUG client.py                 71    logger_log                : Received: hdr: Header(svc_id=0x01, op=0x82, ctrl_index=0x00, data_len=0x0d) bytearray(b'\x01\x82\x00\r\x00')
2025-01-07 22:36:23,128 BTPWorkerThread-1258 (_rx_task) root DEBUG client.py                 71    logger_log                : Read 13 bytes data
2025-01-07 22:36:23,128 BTPWorkerThread-1258 (_rx_task) root DEBUG client.py                 71    logger_log                : Received data: {'00 e6 f2 59 e8 07 c0 38 00 00 00 d0 07'}, bytearray(b'\x00\xe6\xf2Y\xe8\x07\xc08\x00\x00\x00\xd0\x07')
2025-01-07 22:36:23,128 BTPWorkerThread-1258 (_rx_task) root DEBUG client.py                 71    logger_log                : event_handler Header(svc_id=1, op=130, ctrl_index=0, data_len=13) (b'\x00\xe6\xf2Y\xe8\x07\xc08\x00\x00\x00\xd0\x07',)
2025-01-07 22:36:23,129 BTPWorkerThread-1258 (_rx_task) root DEBUG client.py                 71    logger_log                : gap_connected_ev_ b'\x00\xe6\xf2Y\xe8\x07\xc08\x00\x00\x00\xd0\x07'
2025-01-07 22:36:23,129 BTPWorkerThread-1258 (_rx_task) root DEBUG client.py                 71    logger_log                : Read 5 bytes
2025-01-07 22:36:23,129 BTPWorkerThread-1258 (_rx_task) root DEBUG client.py                 71    logger_log                : Received: hdr: Header(svc_id=0x01, op=0x80, ctrl_index=0x00, data_len=0x04) bytearray(b'\x01\x80\x00\x04\x00')
2025-01-07 22:36:23,129 BTPWorkerThread-1258 (_rx_task) root DEBUG client.py                 71    logger_log                : Read 4 bytes data
2025-01-07 22:36:23,130 BTPWorkerThread-1258 (_rx_task) root DEBUG client.py                 71    logger_log                : Received data: {'13 02 00 00'}, bytearray(b'\x13\x02\x00\x00')
2025-01-07 22:36:23,130 BTPWorkerThread-1258 (_rx_task) root DEBUG client.py                 71    logger_log                : event_handler Header(svc_id=1, op=128, ctrl_index=0, data_len=4) (b'\x13\x02\x00\x00',)
2025-01-07 22:36:23,130 BTPWorkerThread-1258 (_rx_task) root DEBUG client.py                 71    logger_log                : gap_new_settings_ev_ b'\x13\x02\x00\x00'
2025-01-07 22:36:23,130 BTPWorkerThread-1258 (_rx_task) root DEBUG client.py                 71    logger_log                : __gap_current_settings_update 531
2025-01-07 22:36:23,690 LT1-callback ClientCallback.on_implicit_send INFO client.py                 71    logger_log                : 
    ********************
    BEGIN OnImplicitSend:
    project_name: GAP
    wid: 238
    test_case_name: GAP/SEC/SEM/BV-60-C
    description: Please confirm that IUT does not send a GATT_HandleValueNotification to the Upper Tester
    style: MMI_Style_Yes_No1 0x11044
2025-01-07 22:36:23,690 LT1-callback ClientCallback.on_implicit_send INFO client.py                 71    logger_log                : Calling test cases on_implicit_send
2025-01-07 22:36:23,690 LT1-callback ClientCallback.on_implicit_send INFO client.py                 71    logger_log                : 
    on_implicit_send returned response: WAIT
    END OnImplicitSend
    ********************
2025-01-07 22:36:23,854 LT1-thread root DEBUG client.py                 71    logger_log                : GAP GAP/SEC/SEM/BV-60-C on_implicit_send
2025-01-07 22:36:23,855 LT1-thread root DEBUG client.py                 71    logger_log                : gap_wid_hdl, 238, Please confirm that IUT does not send a GATT_HandleValueNotification to the Upper Tester, GAP/SEC/SEM/BV-60-C
2025-01-07 22:36:28,674 BTPWorkerThread-1258 (_rx_task) root DEBUG client.py                 71    logger_log                : Read 5 bytes
2025-01-07 22:36:28,674 BTPWorkerThread-1258 (_rx_task) root DEBUG client.py                 71    logger_log                : Received: hdr: Header(svc_id=0x01, op=0x88, ctrl_index=0x00, data_len=0x0d) bytearray(b'\x01\x88\x00\r\x00')
2025-01-07 22:36:28,675 BTPWorkerThread-1258 (_rx_task) root DEBUG client.py                 71    logger_log                : Read 13 bytes data
2025-01-07 22:36:28,675 BTPWorkerThread-1258 (_rx_task) root DEBUG client.py                 71    logger_log                : Received data: {'00 e6 f2 59 e8 07 c0 18 00 00 00 2a 00'}, bytearray(b'\x00\xe6\xf2Y\xe8\x07\xc0\x18\x00\x00\x00*\x00')
2025-01-07 22:36:28,675 BTPWorkerThread-1258 (_rx_task) root DEBUG client.py                 71    logger_log                : event_handler Header(svc_id=1, op=136, ctrl_index=0, data_len=13) (b'\x00\xe6\xf2Y\xe8\x07\xc0\x18\x00\x00\x00*\x00',)
2025-01-07 22:36:28,675 BTPWorkerThread-1258 (_rx_task) root DEBUG client.py                 71    logger_log                : gap_conn_param_update_ev_
2025-01-07 22:36:28,675 BTPWorkerThread-1258 (_rx_task) root DEBUG client.py                 71    logger_log                : received b'\x00\xe6\xf2Y\xe8\x07\xc0\x18\x00\x00\x00*\x00'
2025-01-07 22:36:28,675 BTPWorkerThread-1258 (_rx_task) root DEBUG client.py                 71    logger_log                : received (0, b'c007e859f2e6', 24, 0, 42)
2025-01-07 22:36:28,856 LT1-thread root DEBUG client.py                 71    logger_log                : Sending response 'Yes' to wid 238 test case GAP/SEC/SEM/BV-60-C
2025-01-07 22:36:28,859 LT1-thread root DEBUG client.py                 71    logger_log                : ClientCallback.get_result run_test_case
2025-01-07 22:36:28,864 LT1-callback ClientCallback.on_implicit_send INFO client.py                 71    logger_log                : 
    ********************
    BEGIN OnImplicitSend:
    project_name: GAP
    wid: 106
    test_case_name: GAP/SEC/SEM/BV-60-C
    description: Waiting for HCI_ENCRYPTION_CHANGE_EVENT...
    style: MMI_Style_Ok_Cancel2 0x11141
2025-01-07 22:36:28,865 LT1-callback ClientCallback.on_implicit_send INFO client.py                 71    logger_log                : Calling test cases on_implicit_send
2025-01-07 22:36:28,865 LT1-callback ClientCallback.on_implicit_send INFO client.py                 71    logger_log                : 
    on_implicit_send returned response: WAIT
    END OnImplicitSend
    ********************
2025-01-07 22:36:28,942 BTPWorkerThread-1258 (_rx_task) root DEBUG client.py                 71    logger_log                : Read 5 bytes
2025-01-07 22:36:28,942 BTPWorkerThread-1258 (_rx_task) root DEBUG client.py                 71    logger_log                : Received: hdr: Header(svc_id=0x01, op=0x89, ctrl_index=0x00, data_len=0x08) bytearray(b'\x01\x89\x00\x08\x00')
2025-01-07 22:36:28,943 BTPWorkerThread-1258 (_rx_task) root DEBUG client.py                 71    logger_log                : Read 8 bytes data
2025-01-07 22:36:28,943 BTPWorkerThread-1258 (_rx_task) root DEBUG client.py                 71    logger_log                : Received data: {'00 e6 f2 59 e8 07 c0 03'}, bytearray(b'\x00\xe6\xf2Y\xe8\x07\xc0\x03')
2025-01-07 22:36:28,943 BTPWorkerThread-1258 (_rx_task) root DEBUG client.py                 71    logger_log                : event_handler Header(svc_id=1, op=137, ctrl_index=0, data_len=8) (b'\x00\xe6\xf2Y\xe8\x07\xc0\x03',)
2025-01-07 22:36:28,943 BTPWorkerThread-1258 (_rx_task) root DEBUG client.py                 71    logger_log                : gap_sec_level_changed_ev_
2025-01-07 22:36:28,943 BTPWorkerThread-1258 (_rx_task) root DEBUG client.py                 71    logger_log                : received b'\x00\xe6\xf2Y\xe8\x07\xc0\x03'
2025-01-07 22:36:28,943 BTPWorkerThread-1258 (_rx_task) root DEBUG client.py                 71    logger_log                : received (0, 'c007e859f2e6', 3)
2025-01-07 22:36:29,005 BTPWorkerThread-1258 (_rx_task) root DEBUG client.py                 71    logger_log                : Read 5 bytes
2025-01-07 22:36:29,006 BTPWorkerThread-1258 (_rx_task) root DEBUG client.py                 71    logger_log                : Received: hdr: Header(svc_id=0x02, op=0x80, ctrl_index=0x00, data_len=0x0d) bytearray(b'\x02\x80\x00\r\x00')
2025-01-07 22:36:29,006 BTPWorkerThread-1258 (_rx_task) root DEBUG client.py                 71    logger_log                : Read 13 bytes data
2025-01-07 22:36:29,006 BTPWorkerThread-1258 (_rx_task) root DEBUG client.py                 71    logger_log                : Received data: {'00 e6 f2 59 e8 07 c0 01 0b 00 01 00 62'}, bytearray(b'\x00\xe6\xf2Y\xe8\x07\xc0\x01\x0b\x00\x01\x00b')
2025-01-07 22:36:29,006 BTPWorkerThread-1258 (_rx_task) root DEBUG client.py                 71    logger_log                : event_handler Header(svc_id=2, op=128, ctrl_index=0, data_len=13) (b'\x00\xe6\xf2Y\xe8\x07\xc0\x01\x0b\x00\x01\x00b',)
2025-01-07 22:36:29,006 BTPWorkerThread-1258 (_rx_task) root DEBUG client.py                 71    logger_log                : gatt_notification_ev_ 0 'c007e859f2e6' 1 11 b'b'
2025-01-07 22:36:29,859 LT1-thread root DEBUG client.py                 71    logger_log                : GAP GAP/SEC/SEM/BV-60-C on_implicit_send
2025-01-07 22:36:29,859 LT1-thread root DEBUG client.py                 71    logger_log                : gap_wid_hdl, 106, Waiting for HCI_ENCRYPTION_CHANGE_EVENT..., GAP/SEC/SEM/BV-60-C
2025-01-07 22:36:58,518 BTPWorkerThread-1258 (_rx_task) root DEBUG client.py                 71    logger_log                : Read 5 bytes
2025-01-07 22:36:58,529 BTPWorkerThread-1258 (_rx_task) root DEBUG client.py                 71    logger_log                : Received: hdr: Header(svc_id=0x01, op=0x83, ctrl_index=0x00, data_len=0x07) bytearray(b'\x01\x83\x00\x07\x00')
2025-01-07 22:36:58,550 BTPWorkerThread-1258 (_rx_task) root DEBUG client.py                 71    logger_log                : Read 7 bytes data
2025-01-07 22:36:58,561 BTPWorkerThread-1258 (_rx_task) root DEBUG client.py                 71    logger_log                : Received data: {'00 e6 f2 59 e8 07 c0'}, bytearray(b'\x00\xe6\xf2Y\xe8\x07\xc0')
2025-01-07 22:36:58,583 BTPWorkerThread-1258 (_rx_task) root DEBUG client.py                 71    logger_log                : event_handler Header(svc_id=1, op=131, ctrl_index=0, data_len=7) (b'\x00\xe6\xf2Y\xe8\x07\xc0',)
2025-01-07 22:36:58,594 BTPWorkerThread-1258 (_rx_task) root DEBUG client.py                 71    logger_log                : gap_disconnected_ev_ b'\x00\xe6\xf2Y\xe8\x07\xc0'
2025-01-07 22:36:59,862 LT1-thread root DEBUG client.py                 71    logger_log                : Sending response 'OK' to wid 106 test case GAP/SEC/SEM/BV-60-C
2025-01-07 22:36:59,865 LT1-thread root DEBUG client.py                 71    logger_log                : ClientCallback.get_result run_test_case
2025-01-07 22:36:59,867 LT1-callback ClientCallback.on_implicit_send INFO client.py                 71    logger_log                : 
    ********************
    BEGIN OnImplicitSend:
    project_name: GAP
    wid: 239
    test_case_name: GAP/SEC/SEM/BV-60-C
    description: Please confirm that IUT send a GATT_HandleValueNotification to the Upper Tester
    style: MMI_Style_Yes_No1 0x11044
2025-01-07 22:36:59,868 LT1-callback ClientCallback.on_implicit_send INFO client.py                 71    logger_log                : Calling test cases on_implicit_send
2025-01-07 22:36:59,868 LT1-callback ClientCallback.on_implicit_send INFO client.py                 71    logger_log                : 
    on_implicit_send returned response: WAIT
    END OnImplicitSend
    ********************
2025-01-07 22:37:00,865 LT1-thread root DEBUG client.py                 71    logger_log                : GAP GAP/SEC/SEM/BV-60-C on_implicit_send
2025-01-07 22:37:00,865 LT1-thread root DEBUG client.py                 71    logger_log                : gap_wid_hdl, 239, Please confirm that IUT send a GATT_HandleValueNotification to the Upper Tester, GAP/SEC/SEM/BV-60-C
2025-01-07 22:37:00,866 LT1-thread root DEBUG client.py                 71    logger_log                : Sending response 'Yes' to wid 239 test case GAP/SEC/SEM/BV-60-C
2025-01-07 22:37:00,868 LT1-thread root DEBUG client.py                 71    logger_log                : ClientCallback.get_result run_test_case
2025-01-07 22:37:03,436 LT1-callback ClientCallback.log INFO client.py                 71    logger_log                : PTS_LOGTYPE_START_TEST Start Test Case 

+1516 ms
 GAP/SEC/SEM/BV-60-C GAP/SEC/SEM/BV-60-C

2025-01-07 22:37:04,349 LT1-callback ClientCallback.log INFO client.py                 71    logger_log                : PTS_LOGTYPE_FINAL_VERDICT Final Verdict 

+48797 ms
 GAP/SEC/SEM/BV-60-C PASS

2025-01-07 22:37:04,356 LT1-callback ClientCallback.log INFO client.py                 71    logger_log                : PTS_LOGTYPE_FINAL_VERDICT Encrypted Verdict 

+48797 ms
 GAP/SEC/SEM/BV-60-C A1#ZWY4MzQ5MDg3MmQwNTIxOGQzMzQ5YjY2ODA5M2MzNjQ5ZDY4NmY0Yjc2MzIzM2VkNTUyNTFhNGU4Mjg1MjI0NA==#ux0xA760KsbrZ1tWdVsp1+kGxn18BzcJmQiAuFaVX/p/FLbVcWFlFdJq3fJVTyop

2025-01-07 22:37:04,532 LT1-callback ClientCallback.log INFO client.py                 71    logger_log                : PTS_LOGTYPE_END_TEST Test Case Ended 

+48797 ms
 GAP/SEC/SEM/BV-60-C GAP/SEC/SEM/BV-60-C

2025-01-07 22:37:04,757 LT1-callback root DEBUG client.py                 71    logger_log                : ClientCallback, set_result, run_test_case, PASS
2025-01-07 22:37:04,758 LT1-thread root DEBUG client.py                 71    logger_log                : After run_test_case error_code=0 status='PASS'
2025-01-07 22:37:04,758 LT1-thread root DEBUG client.py                 71    logger_log                : post_run GAP GAP/SEC/SEM/BV-60-C 0
2025-01-07 22:37:04,758 LT1-thread root DEBUG client.py                 71    logger_log                : Starting test function: class=<class 'autopts.ptsprojects.testcase.TestFuncCleanUp'>, func=<bound method Stack.cleanup of <autopts.ptsprojects.stack.stack.Stack object at 0x000002318206AB10>> start_wid=None stop_wid=None post_wid=None skip_call=None call_count=1 args=() kwds={}
2025-01-07 22:37:04,759 LT1-thread root DEBUG client.py                 71    logger_log                : Test function parameters: args=(), kwds={}
2025-01-07 22:37:04,759 LT1-thread root DEBUG client.py                 71    logger_log                : Starting test function: class=<class 'autopts.ptsprojects.testcase.TestFuncCleanUp'>, func=<bound method ZephyrCtl.stop of <autopts.ptsprojects.zephyr.iutctl.ZephyrCtl object at 0x0000023181FCEB50>> start_wid=None stop_wid=None post_wid=None skip_call=None call_count=1 args=() kwds={}
2025-01-07 22:37:04,759 LT1-thread root DEBUG client.py                 71    logger_log                : Test function parameters: args=(), kwds={}
2025-01-07 22:37:04,759 LT1-thread root DEBUG client.py                 71    logger_log                : <class 'autopts.ptsprojects.zephyr.iutctl.ZephyrCtl'>.stop
2025-01-07 22:37:04,860 LT1-thread root DEBUG client.py                 71    logger_log                : <class 'autopts.rtt.RTTLogger'>.stop
2025-01-07 22:37:04,860 LT1-thread root DEBUG client.py                 71    logger_log                : <class 'autopts.rtt.RTT'>.stop
2025-01-07 22:37:04,880 LT1-thread root DEBUG client.py                 71    logger_log                : About to reset DUT: JLink -CommandFile reset.jlink -usb 1064371884 -device MCXW716
2025-01-07 22:37:05,337 BTPWorkerThread-1258 (_rx_task) root DEBUG client.py                 71    logger_log                : Read 5 bytes
2025-01-07 22:37:05,357 BTPWorkerThread-1258 (_rx_task) root DEBUG client.py                 71    logger_log                : Received: hdr: Header(svc_id=0x00, op=0x80, ctrl_index=0xff, data_len=0x00) bytearray(b'\x00\x80\xff\x00\x00')
2025-01-07 22:37:05,376 BTPWorkerThread-1258 (_rx_task) root DEBUG client.py                 71    logger_log                : Received data: {''}, bytearray(b'')
2025-01-07 22:37:05,406 BTPWorkerThread-1258 (_rx_task) root DEBUG client.py                 71    logger_log                : event_handler Header(svc_id=0, op=128, ctrl_index=255, data_len=0) (b'',)
2025-01-07 22:37:05,416 BTPWorkerThread-1258 (_rx_task) root DEBUG client.py                 71    logger_log                : core_iut_ready_ev
2025-01-07 22:37:05,416 LT1-thread root DEBUG client.py                 71    logger_log                : IUT ready event received OK
2025-01-07 22:37:05,416 LT1-thread root DEBUG client.py                 71    logger_log                : Waiting for _rx_worker to finish ...
2025-01-07 22:37:06,417 BTPWorkerThread-1258 (_rx_task) root DEBUG client.py                 71    logger_log                : BTPWorkerThread-1258 (_rx_task) finishing...
2025-01-07 22:37:06,417 LT1-thread root DEBUG client.py                 71    logger_log                : Waiting for _rx_worker to finish ...
2025-01-07 22:37:09,435 LT1-thread root DEBUG client.py                 71    logger_log                : post_run, cleanup running post test case script
2025-01-07 22:37:09,435 LT1-thread root DEBUG client.py                 71    logger_log                : post_run, run post test case script
2025-01-07 22:37:09,575 LT1-thread root DEBUG client.py                 71    logger_log                : Done TestCase _run_test_case GAP GAP/SEC/SEM/BV-60-C
