2025-11-13 17:00:44,287 LT1-thread root DEBUG client.py                 80    logger_log                : Starting TestCase _run_test_case HFP HFP/AG/RHH/BV-01-C
2025-11-13 17:00:44,287 LT1-thread root DEBUG client.py                 80    logger_log                : pre_run HFP HFP/AG/RHH/BV-01-C
2025-11-13 17:00:44,287 LT1-thread root DEBUG client.py                 80    logger_log                : About to run test case HFP HFP/AG/RHH/BV-01-C with commands:
2025-11-13 17:00:44,287 LT1-thread root DEBUG client.py                 80    logger_log                : 0) class=<class 'autopts.ptsprojects.testcase.TestFunc'>, func=<bound method Stack.core_init of <autopts.ptsprojects.stack.stack.Stack object at 0x000002443E2B16A0>> start_wid=None stop_wid=None post_wid=None skip_call=None call_count=4 args=() kwds={}
2025-11-13 17:00:44,287 LT1-thread root DEBUG client.py                 80    logger_log                : 1) class=<class 'autopts.ptsprojects.testcase.TestFunc'>, func=<bound method ZephyrCtl.hw_reset of <autopts.ptsprojects.zephyr.iutctl.ZephyrCtl object at 0x000002443DBA4560>> start_wid=None stop_wid=None post_wid=None skip_call=None call_count=4 args=() kwds={}
2025-11-13 17:00:44,287 LT1-thread root DEBUG client.py                 80    logger_log                : 2) class=<class 'autopts.ptsprojects.testcase.TestFunc'>, func=<bound method ZephyrCtl.start of <autopts.ptsprojects.zephyr.iutctl.ZephyrCtl object at 0x000002443DBA4560>> start_wid=None stop_wid=None post_wid=None skip_call=None call_count=4 args=(<autopts.ptsprojects.zephyr.ztestcase.ZTestCase object at 0x000002443F994C50>,) kwds={}
2025-11-13 17:00:44,287 LT1-thread root DEBUG client.py                 80    logger_log                : 3) class=<class 'autopts.ptsprojects.testcase.TestFunc'>, func=<bound method ZephyrCtl.hw_reset of <autopts.ptsprojects.zephyr.iutctl.ZephyrCtl object at 0x000002443DBA4560>> start_wid=None stop_wid=None post_wid=None skip_call=None call_count=4 args=() kwds={}
2025-11-13 17:00:44,287 LT1-thread root DEBUG client.py                 80    logger_log                : 4) class=<class 'autopts.ptsprojects.testcase.TestFunc'>, func=<bound method ZephyrCtl.wait_iut_ready_event of <autopts.ptsprojects.zephyr.iutctl.ZephyrCtl object at 0x000002443DBA4560>> start_wid=None stop_wid=None post_wid=None skip_call=None call_count=4 args=(False,) kwds={}
2025-11-13 17:00:44,287 LT1-thread root DEBUG client.py                 80    logger_log                : 5) class=<class 'autopts.ptsprojects.testcase.TestFunc'>, func=<function core_reg_svc_gap at 0x000002443C0D6340> start_wid=None stop_wid=None post_wid=None skip_call=None call_count=130 args=() kwds={}
2025-11-13 17:00:44,287 LT1-thread root DEBUG client.py                 80    logger_log                : 6) class=<class 'autopts.ptsprojects.testcase.TestFunc'>, func=<function core_reg_svc_l2cap at 0x000002443C0D65C0> start_wid=None stop_wid=None post_wid=None skip_call=None call_count=130 args=() kwds={}
2025-11-13 17:00:44,287 LT1-thread root DEBUG client.py                 80    logger_log                : 7) class=<class 'autopts.ptsprojects.testcase.TestFunc'>, func=<bound method Stack.gap_init of <autopts.ptsprojects.stack.stack.Stack object at 0x000002443E2B16A0>> start_wid=None stop_wid=None post_wid=None skip_call=None call_count=130 args=(b'Tester_08E44E',) kwds={}
2025-11-13 17:00:44,287 LT1-thread root DEBUG client.py                 80    logger_log                : 8) class=<class 'autopts.ptsprojects.testcase.TestFunc'>, func=<function gap_read_ctrl_info at 0x000002443C0F8680> start_wid=None stop_wid=None post_wid=None skip_call=None call_count=130 args=() kwds={}
2025-11-13 17:00:44,287 LT1-thread root DEBUG client.py                 80    logger_log                : 9) class=<class 'autopts.ptsprojects.testcase.TestFunc'>, func=<function test_cases.<locals>.<lambda> at 0x000002443F8F84A0> start_wid=None stop_wid=None post_wid=None skip_call=None call_count=130 args=() kwds={}
2025-11-13 17:00:44,287 LT1-thread root DEBUG client.py                 80    logger_log                : 10) class=<class 'autopts.ptsprojects.testcase.TestFunc'>, func=<function set_pts_addr at 0x000002443C0D5EE0> start_wid=None stop_wid=None post_wid=None skip_call=None call_count=130 args=('00:1B:DC:08:E4:4E', 0) kwds={}
2025-11-13 17:00:44,287 LT1-thread root DEBUG client.py                 80    logger_log                : 11) class=<class 'autopts.ptsprojects.testcase.TestFunc'>, func=<function core_reg_svc_hfp at 0x000002443C0D79C0> start_wid=None stop_wid=None post_wid=None skip_call=None call_count=130 args=() kwds={}
2025-11-13 17:00:44,287 LT1-thread root DEBUG client.py                 80    logger_log                : 12) class=<class 'autopts.ptsprojects.testcase.TestFunc'>, func=<bound method Stack.hfp_init of <autopts.ptsprojects.stack.stack.Stack object at 0x000002443E2B16A0>> start_wid=None stop_wid=None post_wid=None skip_call=None call_count=130 args=() kwds={}
2025-11-13 17:00:44,287 LT1-thread root DEBUG client.py                 80    logger_log                : 13) class=<class 'autopts.ptsprojects.testcase.TestFuncCleanUp'>, func=<bound method Stack.cleanup of <autopts.ptsprojects.stack.stack.Stack object at 0x000002443E2B16A0>> start_wid=None stop_wid=None post_wid=None skip_call=None call_count=4 args=() kwds={}
2025-11-13 17:00:44,287 LT1-thread root DEBUG client.py                 80    logger_log                : 14) class=<class 'autopts.ptsprojects.testcase.TestFuncCleanUp'>, func=<bound method ZephyrCtl.stop of <autopts.ptsprojects.zephyr.iutctl.ZephyrCtl object at 0x000002443DBA4560>> start_wid=None stop_wid=None post_wid=None skip_call=None call_count=4 args=() kwds={}
2025-11-13 17:00:44,287 LT1-thread root DEBUG client.py                 80    logger_log                : pre_run, run pre test case script
2025-11-13 17:00:44,297 LT1-thread root DEBUG client.py                 80    logger_log                : Starting test function: class=<class 'autopts.ptsprojects.testcase.TestFunc'>, func=<bound method Stack.core_init of <autopts.ptsprojects.stack.stack.Stack object at 0x000002443E2B16A0>> start_wid=None stop_wid=None post_wid=None skip_call=None call_count=5 args=() kwds={}
2025-11-13 17:00:44,297 LT1-thread root DEBUG client.py                 80    logger_log                : Test function parameters: args=(), kwds={}
2025-11-13 17:00:44,297 LT1-thread root DEBUG client.py                 80    logger_log                : Starting test function: class=<class 'autopts.ptsprojects.testcase.TestFunc'>, func=<bound method ZephyrCtl.hw_reset of <autopts.ptsprojects.zephyr.iutctl.ZephyrCtl object at 0x000002443DBA4560>> start_wid=None stop_wid=None post_wid=None skip_call=None call_count=5 args=() kwds={}
2025-11-13 17:00:44,297 LT1-thread root DEBUG client.py                 80    logger_log                : Test function parameters: args=(), kwds={}
2025-11-13 17:00:44,297 LT1-thread root DEBUG client.py                 80    logger_log                : Starting test function: class=<class 'autopts.ptsprojects.testcase.TestFunc'>, func=<bound method ZephyrCtl.start of <autopts.ptsprojects.zephyr.iutctl.ZephyrCtl object at 0x000002443DBA4560>> start_wid=None stop_wid=None post_wid=None skip_call=None call_count=5 args=(<autopts.ptsprojects.zephyr.ztestcase.ZTestCase object at 0x000002443F994C50>,) kwds={}
2025-11-13 17:00:44,297 LT1-thread root DEBUG client.py                 80    logger_log                : Test function parameters: args=(<autopts.ptsprojects.zephyr.ztestcase.ZTestCase object at 0x000002443F994C50>,), kwds={}
2025-11-13 17:00:44,297 LT1-thread root DEBUG client.py                 80    logger_log                : <class 'autopts.ptsprojects.zephyr.iutctl.ZephyrCtl'>.start
2025-11-13 17:00:44,297 LT1-thread root DEBUG client.py                 80    logger_log                : <class 'autopts.ptsprojects.zephyr.iutctl.ZephyrCtl'>.flush_serial
2025-11-13 17:00:45,472 LT1-thread root DEBUG client.py                 80    logger_log                : Starting socat process: socat.exe -x -v tcp:10.17.12.9:58422,retry=100,interval=1 /dev/ttyS2,raw,b115200
2025-11-13 17:00:45,482 LT1-thread root DEBUG client.py                 80    logger_log                : accept
2025-11-13 17:00:45,552 BTPWorkerThread-2599 (_rx_task) root DEBUG client.py                 80    logger_log                : BTPWorkerThread-2599 (_rx_task) started
2025-11-13 17:00:45,552 LT1-thread root DEBUG client.py                 80    logger_log                : Starting test function: class=<class 'autopts.ptsprojects.testcase.TestFunc'>, func=<bound method ZephyrCtl.hw_reset of <autopts.ptsprojects.zephyr.iutctl.ZephyrCtl object at 0x000002443DBA4560>> start_wid=None stop_wid=None post_wid=None skip_call=None call_count=5 args=() kwds={}
2025-11-13 17:00:45,552 LT1-thread root DEBUG client.py                 80    logger_log                : Test function parameters: args=(), kwds={}
2025-11-13 17:00:45,552 LT1-thread root DEBUG client.py                 80    logger_log                : Starting test function: class=<class 'autopts.ptsprojects.testcase.TestFunc'>, func=<bound method ZephyrCtl.wait_iut_ready_event of <autopts.ptsprojects.zephyr.iutctl.ZephyrCtl object at 0x000002443DBA4560>> start_wid=None stop_wid=None post_wid=None skip_call=None call_count=5 args=(False,) kwds={}
2025-11-13 17:00:45,552 LT1-thread root DEBUG client.py                 80    logger_log                : Test function parameters: args=(False,), kwds={}
2025-11-13 17:00:45,552 LT1-thread root DEBUG client.py                 80    logger_log                : IUT ready event received OK
2025-11-13 17:00:45,552 LT1-thread root DEBUG client.py                 80    logger_log                : Starting test function: class=<class 'autopts.ptsprojects.testcase.TestFunc'>, func=<function core_reg_svc_gap at 0x000002443C0D6340> start_wid=None stop_wid=None post_wid=None skip_call=None call_count=131 args=() kwds={}
2025-11-13 17:00:45,552 LT1-thread root DEBUG client.py                 80    logger_log                : Test function parameters: args=(), kwds={}
2025-11-13 17:00:45,552 LT1-thread root DEBUG client.py                 80    logger_log                : core_reg_svc_univ: gap_reg (GAP)
2025-11-13 17:00:45,552 LT1-thread root DEBUG client.py                 80    logger_log                : send, 0 3 255 '1'
2025-11-13 17:00:45,552 LT1-thread root DEBUG client.py                 80    logger_log                : sending frame '0003ff010001'
2025-11-13 17:00:45,552 LT1-thread root DEBUG client.py                 80    logger_log                : core_reg_svc_rsp_succ
2025-11-13 17:00:45,552 LT1-thread root DEBUG client.py                 80    logger_log                : read
2025-11-13 17:00:49,215 BTPWorkerThread-2599 (_rx_task) root DEBUG client.py                 80    logger_log                : Read 5 bytes
2025-11-13 17:00:49,235 BTPWorkerThread-2599 (_rx_task) root DEBUG client.py                 80    logger_log                : Received: hdr: Header(svc_id=0x00, op=0x03, ctrl_index=0xff, data_len=0x00) bytearray(b'\x00\x03\xff\x00\x00')
2025-11-13 17:00:49,245 BTPWorkerThread-2599 (_rx_task) root DEBUG client.py                 80    logger_log                : Received data: {''}, bytearray(b'')
2025-11-13 17:00:49,275 LT1-thread root DEBUG client.py                 80    logger_log                : received Header(svc_id=0, op=3, ctrl_index=255, data_len=0) (b'',)
2025-11-13 17:00:49,275 LT1-thread root DEBUG client.py                 80    logger_log                : expected ((0, 3, 255, 0), (b'',))
2025-11-13 17:00:49,275 LT1-thread root DEBUG client.py                 80    logger_log                : response is valid
2025-11-13 17:00:49,275 LT1-thread root DEBUG client.py                 80    logger_log                : Reading supported commands for service: GAP
2025-11-13 17:00:49,275 LT1-thread root DEBUG client.py                 80    logger_log                : send, 1 1 255 ''
2025-11-13 17:00:49,275 LT1-thread root DEBUG client.py                 80    logger_log                : sending frame '0101ff0000'
2025-11-13 17:00:49,275 LT1-thread root DEBUG client.py                 80    logger_log                : read
2025-11-13 17:00:49,355 BTPWorkerThread-2599 (_rx_task) root DEBUG client.py                 80    logger_log                : Read 5 bytes
2025-11-13 17:00:49,375 BTPWorkerThread-2599 (_rx_task) root DEBUG client.py                 80    logger_log                : Received: hdr: Header(svc_id=0x01, op=0x01, ctrl_index=0xff, data_len=0x06) bytearray(b'\x01\x01\xff\x06\x00')
2025-11-13 17:00:49,375 BTPWorkerThread-2599 (_rx_task) root DEBUG client.py                 80    logger_log                : Read 6 bytes data
2025-11-13 17:00:49,395 BTPWorkerThread-2599 (_rx_task) root DEBUG client.py                 80    logger_log                : Received data: {'6e ff 7f 1f fe f7'}, bytearray(b'n\xff\x7f\x1f\xfe\xf7')
2025-11-13 17:00:49,395 LT1-thread root DEBUG client.py                 80    logger_log                : Starting test function: class=<class 'autopts.ptsprojects.testcase.TestFunc'>, func=<function core_reg_svc_l2cap at 0x000002443C0D65C0> start_wid=None stop_wid=None post_wid=None skip_call=None call_count=131 args=() kwds={}
2025-11-13 17:00:49,395 LT1-thread root DEBUG client.py                 80    logger_log                : Test function parameters: args=(), kwds={}
2025-11-13 17:00:49,395 LT1-thread root DEBUG client.py                 80    logger_log                : core_reg_svc_univ: l2cap_reg (L2CAP)
2025-11-13 17:00:49,395 LT1-thread root DEBUG client.py                 80    logger_log                : send, 0 3 255 '3'
2025-11-13 17:00:49,395 LT1-thread root DEBUG client.py                 80    logger_log                : sending frame '0003ff010003'
2025-11-13 17:00:49,395 LT1-thread root DEBUG client.py                 80    logger_log                : core_reg_svc_rsp_succ
2025-11-13 17:00:49,395 LT1-thread root DEBUG client.py                 80    logger_log                : read
2025-11-13 17:00:49,465 BTPWorkerThread-2599 (_rx_task) root DEBUG client.py                 80    logger_log                : Read 5 bytes
2025-11-13 17:00:49,475 BTPWorkerThread-2599 (_rx_task) root DEBUG client.py                 80    logger_log                : Received: hdr: Header(svc_id=0x00, op=0x03, ctrl_index=0xff, data_len=0x00) bytearray(b'\x00\x03\xff\x00\x00')
2025-11-13 17:00:49,495 BTPWorkerThread-2599 (_rx_task) root DEBUG client.py                 80    logger_log                : Received data: {''}, bytearray(b'')
2025-11-13 17:00:49,525 LT1-thread root DEBUG client.py                 80    logger_log                : received Header(svc_id=0, op=3, ctrl_index=255, data_len=0) (b'',)
2025-11-13 17:00:49,525 LT1-thread root DEBUG client.py                 80    logger_log                : expected ((0, 3, 255, 0), (b'',))
2025-11-13 17:00:49,525 LT1-thread root DEBUG client.py                 80    logger_log                : response is valid
2025-11-13 17:00:49,525 LT1-thread root DEBUG client.py                 80    logger_log                : Reading supported commands for service: L2CAP
2025-11-13 17:00:49,525 LT1-thread root DEBUG client.py                 80    logger_log                : send, 3 1 255 ''
2025-11-13 17:00:49,525 LT1-thread root DEBUG client.py                 80    logger_log                : sending frame '0301ff0000'
2025-11-13 17:00:49,525 LT1-thread root DEBUG client.py                 80    logger_log                : read
2025-11-13 17:00:49,585 BTPWorkerThread-2599 (_rx_task) root DEBUG client.py                 80    logger_log                : Read 5 bytes
2025-11-13 17:00:49,605 BTPWorkerThread-2599 (_rx_task) root DEBUG client.py                 80    logger_log                : Received: hdr: Header(svc_id=0x03, op=0x01, ctrl_index=0xff, data_len=0x02) bytearray(b'\x03\x01\xff\x02\x00')
2025-11-13 17:00:49,645 BTPWorkerThread-2599 (_rx_task) root DEBUG client.py                 80    logger_log                : Read 2 bytes data
2025-11-13 17:00:49,665 BTPWorkerThread-2599 (_rx_task) root DEBUG client.py                 80    logger_log                : Received data: {'be 03'}, bytearray(b'\xbe\x03')
2025-11-13 17:00:49,686 LT1-thread root DEBUG client.py                 80    logger_log                : Starting test function: class=<class 'autopts.ptsprojects.testcase.TestFunc'>, func=<bound method Stack.gap_init of <autopts.ptsprojects.stack.stack.Stack object at 0x000002443E2B16A0>> start_wid=None stop_wid=None post_wid=None skip_call=None call_count=131 args=(b'Tester_08E44E',) kwds={}
2025-11-13 17:00:49,686 LT1-thread root DEBUG client.py                 80    logger_log                : Test function parameters: args=(b'Tester_08E44E',), kwds={}
2025-11-13 17:00:49,686 LT1-thread root DEBUG client.py                 80    logger_log                : Starting test function: class=<class 'autopts.ptsprojects.testcase.TestFunc'>, func=<function gap_read_ctrl_info at 0x000002443C0F8680> start_wid=None stop_wid=None post_wid=None skip_call=None call_count=131 args=() kwds={}
2025-11-13 17:00:49,686 LT1-thread root DEBUG client.py                 80    logger_log                : Test function parameters: args=(), kwds={}
2025-11-13 17:00:49,686 LT1-thread root DEBUG client.py                 80    logger_log                : gap_read_ctrl_info
2025-11-13 17:00:49,686 LT1-thread root DEBUG client.py                 80    logger_log                : send, 1 3 0 ''
2025-11-13 17:00:49,686 LT1-thread root DEBUG client.py                 80    logger_log                : sending frame '0103000000'
2025-11-13 17:00:49,686 LT1-thread root DEBUG client.py                 80    logger_log                : read
2025-11-13 17:00:49,755 BTPWorkerThread-2599 (_rx_task) root DEBUG client.py                 80    logger_log                : Read 5 bytes
2025-11-13 17:00:49,766 BTPWorkerThread-2599 (_rx_task) root DEBUG client.py                 80    logger_log                : Received: hdr: Header(svc_id=0x01, op=0x03, ctrl_index=0x00, data_len=0x115) bytearray(b'\x01\x03\x00\x15\x01')
2025-11-13 17:00:49,766 BTPWorkerThread-2599 (_rx_task) root DEBUG client.py                 80    logger_log                : Read 277 bytes data
2025-11-13 17:00:49,766 BTPWorkerThread-2599 (_rx_task) root DEBUG client.py                 80    logger_log                : Received data: {'19 78 ee 69 17 d0 d3 06 02 00 13 02 00 00 00 00 00 62 74 70 5f 74 65 73 74 65 72 00 00 00 00 00 00 00 00 00 00 00 00 00 00 00 00 00 00 00 00 00 00 00 00 00 00 00 00 00 00 00 00 00 00 00 00 00 00 00 00 00 00 00 00 00 00 00 00 00 00 00 00 00 00 00 00 00 00 00 00 00 00 00 00 00 00 00 00 00 00 00 00 00 00 00 00 00 00 00 00 00 00 00 00 00 00 00 00 00 00 00 00 00 00 00 00 00 00 00 00 00 00 00 00 00 00 00 00 00 00 00 00 00 00 00 00 00 00 00 00 00 00 00 00 00 00 00 00 00 00 00 00 00 00 00 00 00 00 00 00 00 00 00 00 00 00 00 00 00 00 00 00 00 00 00 00 00 00 00 00 00 00 00 00 00 00 00 00 00 00 00 00 00 00 00 00 00 00 00 00 00 00 00 00 00 00 00 00 00 00 00 00 00 00 00 00 00 00 00 00 00 00 00 00 00 00 00 00 00 00 00 00 00 00 00 00 00 00 00 00 00 00 00 00 00 00 00 00 00 00 00 00 00 00 00 00 00 00 00 00 00 00 00 00 00 00 00 00 00 00'}, bytearray(b'\x19x\xeei\x17\xd0\xd3\x06\x02\x00\x13\x02\x00\x00\x00\x00\x00btp_tester\x00\x00\x00\x00\x00\x00\x00\x00\x00\x00\x00\x00\x00\x00\x00\x00\x00\x00\x00\x00\x00\x00\x00\x00\x00\x00\x00\x00\x00\x00\x00\x00\x00\x00\x00\x00\x00\x00\x00\x00\x00\x00\x00\x00\x00\x00\x00\x00\x00\x00\x00\x00\x00\x00\x00\x00\x00\x00\x00\x00\x00\x00\x00\x00\x00\x00\x00\x00\x00\x00\x00\x00\x00\x00\x00\x00\x00\x00\x00\x00\x00\x00\x00\x00\x00\x00\x00\x00\x00\x00\x00\x00\x00\x00\x00\x00\x00\x00\x00\x00\x00\x00\x00\x00\x00\x00\x00\x00\x00\x00\x00\x00\x00\x00\x00\x00\x00\x00\x00\x00\x00\x00\x00\x00\x00\x00\x00\x00\x00\x00\x00\x00\x00\x00\x00\x00\x00\x00\x00\x00\x00\x00\x00\x00\x00\x00\x00\x00\x00\x00\x00\x00\x00\x00\x00\x00\x00\x00\x00\x00\x00\x00\x00\x00\x00\x00\x00\x00\x00\x00\x00\x00\x00\x00\x00\x00\x00\x00\x00\x00\x00\x00\x00\x00\x00\x00\x00\x00\x00\x00\x00\x00\x00\x00\x00\x00\x00\x00\x00\x00\x00\x00\x00\x00\x00\x00\x00\x00\x00\x00\x00\x00\x00\x00\x00\x00\x00\x00\x00\x00\x00\x00\x00\x00\x00\x00\x00\x00\x00\x00\x00\x00\x00\x00\x00\x00\x00\x00\x00\x00\x00\x00\x00\x00\x00\x00\x00\x00\x00\x00')
2025-11-13 17:00:49,786 LT1-thread root DEBUG client.py                 80    logger_log                : received Header(svc_id=1, op=3, ctrl_index=0, data_len=277) (b'\x19x\xeei\x17\xd0\xd3\x06\x02\x00\x13\x02\x00\x00\x00\x00\x00btp_tester\x00\x00\x00\x00\x00\x00\x00\x00\x00\x00\x00\x00\x00\x00\x00\x00\x00\x00\x00\x00\x00\x00\x00\x00\x00\x00\x00\x00\x00\x00\x00\x00\x00\x00\x00\x00\x00\x00\x00\x00\x00\x00\x00\x00\x00\x00\x00\x00\x00\x00\x00\x00\x00\x00\x00\x00\x00\x00\x00\x00\x00\x00\x00\x00\x00\x00\x00\x00\x00\x00\x00\x00\x00\x00\x00\x00\x00\x00\x00\x00\x00\x00\x00\x00\x00\x00\x00\x00\x00\x00\x00\x00\x00\x00\x00\x00\x00\x00\x00\x00\x00\x00\x00\x00\x00\x00\x00\x00\x00\x00\x00\x00\x00\x00\x00\x00\x00\x00\x00\x00\x00\x00\x00\x00\x00\x00\x00\x00\x00\x00\x00\x00\x00\x00\x00\x00\x00\x00\x00\x00\x00\x00\x00\x00\x00\x00\x00\x00\x00\x00\x00\x00\x00\x00\x00\x00\x00\x00\x00\x00\x00\x00\x00\x00\x00\x00\x00\x00\x00\x00\x00\x00\x00\x00\x00\x00\x00\x00\x00\x00\x00\x00\x00\x00\x00\x00\x00\x00\x00\x00\x00\x00\x00\x00\x00\x00\x00\x00\x00\x00\x00\x00\x00\x00\x00\x00\x00\x00\x00\x00\x00\x00\x00\x00\x00\x00\x00\x00\x00\x00\x00\x00\x00\x00\x00\x00\x00\x00\x00\x00\x00\x00\x00\x00\x00\x00\x00\x00\x00\x00\x00\x00\x00\x00\x00\x00\x00\x00\x00\x00',)
2025-11-13 17:00:49,786 LT1-thread root DEBUG client.py                 80    logger_log                : IUT address 'd01769ee7819' 'public'
2025-11-13 17:00:49,786 LT1-thread root DEBUG client.py                 80    logger_log                : __gap_current_settings_update 531
2025-11-13 17:00:49,786 LT1-thread root DEBUG client.py                 80    logger_log                : Starting test function: class=<class 'autopts.ptsprojects.testcase.TestFunc'>, func=<function test_cases.<locals>.<lambda> at 0x000002443F8F84A0> start_wid=None stop_wid=None post_wid=None skip_call=None call_count=131 args=() kwds={}
2025-11-13 17:00:49,786 LT1-thread root DEBUG client.py                 80    logger_log                : Test function parameters: args=(), kwds={}
2025-11-13 17:00:49,786 LT1-thread root DEBUG client.py                 80    logger_log                : Starting test function: class=<class 'autopts.ptsprojects.testcase.TestFunc'>, func=<function set_pts_addr at 0x000002443C0D5EE0> start_wid=None stop_wid=None post_wid=None skip_call=None call_count=131 args=('00:1B:DC:08:E4:4E', 0) kwds={}
2025-11-13 17:00:49,786 LT1-thread root DEBUG client.py                 80    logger_log                : Test function parameters: args=('00:1B:DC:08:E4:4E', 0), kwds={}
2025-11-13 17:00:49,786 LT1-thread root DEBUG client.py                 80    logger_log                : Starting test function: class=<class 'autopts.ptsprojects.testcase.TestFunc'>, func=<function core_reg_svc_hfp at 0x000002443C0D79C0> start_wid=None stop_wid=None post_wid=None skip_call=None call_count=131 args=() kwds={}
2025-11-13 17:00:49,786 LT1-thread root DEBUG client.py                 80    logger_log                : Test function parameters: args=(), kwds={}
2025-11-13 17:00:49,786 LT1-thread root DEBUG client.py                 80    logger_log                : core_reg_svc_univ: hfp_reg (HFP)
2025-11-13 17:00:49,786 LT1-thread root DEBUG client.py                 80    logger_log                : send, 0 3 255 '33'
2025-11-13 17:00:49,786 LT1-thread root DEBUG client.py                 80    logger_log                : sending frame '0003ff010021'
2025-11-13 17:00:49,786 LT1-thread root DEBUG client.py                 80    logger_log                : core_reg_svc_rsp_succ
2025-11-13 17:00:49,786 LT1-thread root DEBUG client.py                 80    logger_log                : read
2025-11-13 17:00:49,876 BTPWorkerThread-2599 (_rx_task) root DEBUG client.py                 80    logger_log                : Read 5 bytes
2025-11-13 17:00:49,896 BTPWorkerThread-2599 (_rx_task) root DEBUG client.py                 80    logger_log                : Received: hdr: Header(svc_id=0x00, op=0x03, ctrl_index=0xff, data_len=0x00) bytearray(b'\x00\x03\xff\x00\x00')
2025-11-13 17:00:49,896 BTPWorkerThread-2599 (_rx_task) root DEBUG client.py                 80    logger_log                : Received data: {''}, bytearray(b'')
2025-11-13 17:00:49,896 LT1-thread root DEBUG client.py                 80    logger_log                : received Header(svc_id=0, op=3, ctrl_index=255, data_len=0) (b'',)
2025-11-13 17:00:49,896 LT1-thread root DEBUG client.py                 80    logger_log                : expected ((0, 3, 255, 0), (b'',))
2025-11-13 17:00:49,896 LT1-thread root DEBUG client.py                 80    logger_log                : response is valid
2025-11-13 17:00:49,896 LT1-thread root DEBUG client.py                 80    logger_log                : Reading supported commands for service: HFP
2025-11-13 17:00:49,896 LT1-thread root DEBUG client.py                 80    logger_log                : send, 33 1 255 ''
2025-11-13 17:00:49,896 LT1-thread root DEBUG client.py                 80    logger_log                : sending frame '2101ff0000'
2025-11-13 17:00:49,896 LT1-thread root DEBUG client.py                 80    logger_log                : read
2025-11-13 17:00:49,976 BTPWorkerThread-2599 (_rx_task) root DEBUG client.py                 80    logger_log                : Read 5 bytes
2025-11-13 17:00:49,996 BTPWorkerThread-2599 (_rx_task) root DEBUG client.py                 80    logger_log                : Received: hdr: Header(svc_id=0x21, op=0x01, ctrl_index=0xff, data_len=0x05) bytearray(b'!\x01\xff\x05\x00')
2025-11-13 17:00:50,026 BTPWorkerThread-2599 (_rx_task) root DEBUG client.py                 80    logger_log                : Read 5 bytes data
2025-11-13 17:00:50,046 BTPWorkerThread-2599 (_rx_task) root DEBUG client.py                 80    logger_log                : Received data: {'fe ff ff ff 7f'}, bytearray(b'\xfe\xff\xff\xff\x7f')
2025-11-13 17:00:50,056 LT1-thread root DEBUG client.py                 80    logger_log                : Starting test function: class=<class 'autopts.ptsprojects.testcase.TestFunc'>, func=<bound method Stack.hfp_init of <autopts.ptsprojects.stack.stack.Stack object at 0x000002443E2B16A0>> start_wid=None stop_wid=None post_wid=None skip_call=None call_count=131 args=() kwds={}
2025-11-13 17:00:50,056 LT1-thread root DEBUG client.py                 80    logger_log                : Test function parameters: args=(), kwds={}
2025-11-13 17:00:50,056 LT1-thread root DEBUG client.py                 80    logger_log                : ClientCallback.get_result run_test_case
2025-11-13 17:00:52,113 LT1-callback ClientCallback.on_implicit_send INFO client.py                 80    logger_log                : 
    ********************
    BEGIN OnImplicitSend:
    project_name: 
    wid: 135
    test_case_name: HFP/AG/RHH/BV-01-C
    description: Place a call from an external line to the Implementation Under Test (IUT).  Place the call on hold after accepting, then click Ok.
    style: MMI_Style_Ok_Cancel1 0x11041
2025-11-13 17:00:52,113 LT1-callback ClientCallback.on_implicit_send INFO client.py                 80    logger_log                : Calling test cases on_implicit_send
2025-11-13 17:00:52,113 LT1-callback ClientCallback.on_implicit_send INFO client.py                 80    logger_log                : 
    on_implicit_send returned response: WAIT
    END OnImplicitSend
    ********************
2025-11-13 17:00:53,066 LT1-thread root DEBUG client.py                 80    logger_log                : HFP HFP/AG/RHH/BV-01-C on_implicit_send
2025-11-13 17:00:53,066 LT1-thread root DEBUG client.py                 80    logger_log                : hfp_wid_hdl, 135, Place a call from an external line to the Implementation Under Test (IUT).  Place the call on hold after accepting, then click Ok., HFP/AG/RHH/BV-01-C
2025-11-13 17:00:53,066 LT1-thread root DEBUG client.py                 80    logger_log                : hfp_set_ongoing_calls
2025-11-13 17:00:53,066 LT1-thread root DEBUG client.py                 80    logger_log                : send, 33 36 0 "bytearray(b'\\x00\\x06\\x01\\x01\\x00\\x071234567')"
2025-11-13 17:00:53,066 LT1-thread root DEBUG client.py                 80    logger_log                : sending frame '2124000d0000060101000731323334353637'
2025-11-13 17:00:53,066 LT1-thread root DEBUG client.py                 80    logger_log                : read
2025-11-13 17:00:53,136 BTPWorkerThread-2599 (_rx_task) root DEBUG client.py                 80    logger_log                : Read 5 bytes
2025-11-13 17:00:53,156 BTPWorkerThread-2599 (_rx_task) root DEBUG client.py                 80    logger_log                : Received: hdr: Header(svc_id=0x21, op=0x24, ctrl_index=0x00, data_len=0x00) bytearray(b'!$\x00\x00\x00')
2025-11-13 17:00:53,156 BTPWorkerThread-2599 (_rx_task) root DEBUG client.py                 80    logger_log                : Received data: {''}, bytearray(b'')
2025-11-13 17:00:53,156 LT1-thread root DEBUG client.py                 80    logger_log                : Sending response 'OK' to wid 135 test case HFP/AG/RHH/BV-01-C
2025-11-13 17:00:53,156 LT1-thread root DEBUG client.py                 80    logger_log                : ClientCallback.get_result run_test_case
2025-11-13 17:03:58,048 LT1-callback ClientCallback.log INFO client.py                 80    logger_log                : PTS_LOGTYPE_START_TEST Start Test Case 

+2703 ms
 HFP/AG/RHH/BV-01-C HFP/AG/RHH/BV-01-C

2025-11-13 17:03:58,241 LT1-callback ClientCallback.log INFO client.py                 80    logger_log                : PTS_LOGTYPE_FINAL_VERDICT Final Verdict 

+187578 ms
 HFP/AG/RHH/BV-01-C INDCSV

2025-11-13 17:03:58,241 LT1-callback ClientCallback.log INFO client.py                 80    logger_log                : PTS_LOGTYPE_FINAL_VERDICT Encrypted Verdict 

+187578 ms
 HFP/AG/RHH/BV-01-C A1#NTQyYmQ3NjMwMDg0ZWI0ODc1MTg1YTUxNzExMjZiZWIwNTBhNGVlYWViY2E5OTBjNjVjODM5ZWU0ZjNjZTRkNA==#C15UYS+hr7nXNyfXezIR6jk2Oqmgikwb1RCRyCtt1vQkEu8oET4e2+oVgU21E5QJ

2025-11-13 17:03:58,252 LT1-callback ClientCallback.log INFO client.py                 80    logger_log                : PTS_LOGTYPE_END_TEST Test Case Ended 

+187578 ms
 HFP/AG/RHH/BV-01-C HFP/AG/RHH/BV-01-C

2025-11-13 17:03:58,315 LT1-callback root DEBUG client.py                 80    logger_log                : ClientCallback, set_result, run_test_case, INDCSV
2025-11-13 17:03:58,315 LT1-thread root DEBUG client.py                 80    logger_log                : After run_test_case error_code=0 status='INDCSV'
2025-11-13 17:03:58,315 LT1-thread root DEBUG client.py                 80    logger_log                : post_run HFP HFP/AG/RHH/BV-01-C 0
2025-11-13 17:03:58,315 LT1-thread root DEBUG client.py                 80    logger_log                : Starting test function: class=<class 'autopts.ptsprojects.testcase.TestFuncCleanUp'>, func=<bound method Stack.cleanup of <autopts.ptsprojects.stack.stack.Stack object at 0x000002443E2B16A0>> start_wid=None stop_wid=None post_wid=None skip_call=None call_count=5 args=() kwds={}
2025-11-13 17:03:58,315 LT1-thread root DEBUG client.py                 80    logger_log                : Test function parameters: args=(), kwds={}
2025-11-13 17:03:58,315 MainThread root DEBUG client.py                 80    logger_log                : Interrupting HFP HFP/AG/RHH/BV-01-C test case of thread LT1-thread
2025-11-13 17:03:58,315 LT1-thread root DEBUG client.py                 80    logger_log                : Starting test function: class=<class 'autopts.ptsprojects.testcase.TestFuncCleanUp'>, func=<bound method ZephyrCtl.stop of <autopts.ptsprojects.zephyr.iutctl.ZephyrCtl object at 0x000002443DBA4560>> start_wid=None stop_wid=None post_wid=None skip_call=None call_count=5 args=() kwds={}
2025-11-13 17:03:58,315 LT1-thread root DEBUG client.py                 80    logger_log                : Test function parameters: args=(), kwds={}
2025-11-13 17:03:58,315 LT1-thread root DEBUG client.py                 80    logger_log                : <class 'autopts.ptsprojects.zephyr.iutctl.ZephyrCtl'>.stop
2025-11-13 17:03:58,315 LT1-thread root DEBUG client.py                 80    logger_log                : About to reset DUT: JLink -CommandFile reset.jlink -usb 1063214216 -device MIMXRT1176XXXA_M7
2025-11-13 17:03:58,623 BTPWorkerThread-2599 (_rx_task) root DEBUG client.py                 80    logger_log                : Read 5 bytes
2025-11-13 17:03:58,646 BTPWorkerThread-2599 (_rx_task) root DEBUG client.py                 80    logger_log                : Received: hdr: Header(svc_id=0x00, op=0x80, ctrl_index=0xff, data_len=0x00) bytearray(b'\x00\x80\xff\x00\x00')
2025-11-13 17:03:58,671 BTPWorkerThread-2599 (_rx_task) root DEBUG client.py                 80    logger_log                : Received data: {''}, bytearray(b'')
2025-11-13 17:03:58,701 BTPWorkerThread-2599 (_rx_task) root DEBUG client.py                 80    logger_log                : event_handler Header(svc_id=0, op=128, ctrl_index=255, data_len=0) (b'',)
2025-11-13 17:03:58,717 BTPWorkerThread-2599 (_rx_task) root DEBUG client.py                 80    logger_log                : core_iut_ready_ev
2025-11-13 17:03:58,717 LT1-thread root DEBUG client.py                 80    logger_log                : IUT ready event received OK
2025-11-13 17:03:58,717 LT1-thread root DEBUG client.py                 80    logger_log                : Waiting for _rx_worker to finish ...
2025-11-13 17:03:59,733 LT1-thread root DEBUG client.py                 80    logger_log                : Waiting for _rx_worker to finish ...
2025-11-13 17:03:59,733 BTPWorkerThread-2599 (_rx_task) root DEBUG client.py                 80    logger_log                : BTPWorkerThread-2599 (_rx_task) finishing...
2025-11-13 17:04:02,738 LT1-thread root DEBUG client.py                 80    logger_log                : post_run, cleanup running post test case script
2025-11-13 17:04:02,738 LT1-thread root DEBUG client.py                 80    logger_log                : post_run, run post test case script
2025-11-13 17:04:02,803 LT1-thread root DEBUG client.py                 80    logger_log                : Done TestCase _run_test_case HFP HFP/AG/RHH/BV-01-C
