> 2025/02/11 20:11:30.278554  length=6 from=0 to=5
 00 03 ff 01 00 01                                ......
--
< 2025/02/11 20:11:30.318550  length=5 from=0 to=4
 00 03 ff 00 00                                   .....
--
> 2025/02/11 20:11:30.458724  length=5 from=6 to=10
 01 03 00 00 00                                   .....
--
< 2025/02/11 20:11:31.258663  length=64 from=5 to=68
 01 03 00 15 01 15 44 be 5f 45 49 13 06 02 00 13  ......D._EI.....
 22 00 00 00 00 00 62 74 70 5f 74 65 73 74 65 72  ".....btp_tester
 00 00 00 00 00 00 00 00 00 00 00 00 00 00 00 00  ................
 00 00 00 00 00 00 00 00 00 00 00 00 00 00 00 00  ................
--
< 2025/02/11 20:11:31.264535  length=64 from=69 to=132
 00 00 00 00 00 00 00 00 00 00 00 00 00 00 00 00  ................
 00 00 00 00 00 00 00 00 00 00 00 00 00 00 00 00  ................
 00 00 00 00 00 00 00 00 00 00 00 00 00 00 00 00  ................
 00 00 00 00 00 00 00 00 00 00 00 00 00 00 00 00  ................
--
< 2025/02/11 20:11:31.268013  length=32 from=133 to=164
 00 00 00 00 00 00 00 00 00 00 00 00 00 00 00 00  ................
 00 00 00 00 00 00 00 00 00 00 00 00 00 00 00 00  ................
--
< 2025/02/11 20:11:31.269977  length=32 from=165 to=196
 00 00 00 00 00 00 00 00 00 00 00 00 00 00 00 00  ................
 00 00 00 00 00 00 00 00 00 00 00 00 00 00 00 00  ................
--
< 2025/02/11 20:11:31.271764  length=32 from=197 to=228
 00 00 00 00 00 00 00 00 00 00 00 00 00 00 00 00  ................
 00 00 00 00 00 00 00 00 00 00 00 00 00 00 00 00  ................
--
< 2025/02/11 20:11:31.288762  length=58 from=229 to=286
 00 00 00 00 00 00 00 00 00 00 00 00 00 00 00 00  ................
 00 00 00 00 00 00 00 00 00 00 00 00 00 00 00 00  ................
 00 00 00 00 00 00 00 00 00 00 00 00 00 00 00 00  ................
 00 00 00 00 00 00 00 00 00 00                    ..........
--
> 2025/02/11 20:11:31.488578  length=6 from=11 to=16
 00 03 ff 01 00 02                                ......
--
< 2025/02/11 20:11:31.508568  length=5 from=287 to=291
 00 03 ff 00 00                                   .....
--
> 2025/02/11 20:11:31.608507  length=6 from=17 to=22
 01 10 00 01 00 04                                ......
--
< 2025/02/11 20:11:31.628500  length=5 from=292 to=296
 01 10 00 00 00                                   .....
--
> 2025/02/11 20:11:31.728552  length=9 from=23 to=31
 02 02 00 04 00 00 02 aa 51                       ........Q
--
< 2025/02/11 20:11:31.748639  length=7 from=297 to=303
 02 02 00 02 00 00 00                             .......
--
> 2025/02/11 20:11:31.888611  length=12 from=32 to=43
 02 03 00 07 00 00 00 02 11 02 aa 52              ...........R
--
< 2025/02/11 20:11:31.908635  length=7 from=304 to=310
 02 03 00 02 00 00 00                             .......
--
> 2025/02/11 20:11:32.048613  length=10 from=44 to=53
 02 06 00 05 00 00 00 01 00 01                    ..........
--
< 2025/02/11 20:11:32.068590  length=5 from=311 to=315
 02 06 00 00 00                                   .....
--
> 2025/02/11 20:11:32.188547  length=12 from=54 to=65
 02 03 00 07 00 00 00 02 05 02 aa 53              ...........S
--
< 2025/02/11 20:11:32.208603  length=7 from=316 to=322
 02 03 00 02 00 00 00                             .......
--
> 2025/02/11 20:11:32.288576  length=10 from=66 to=75
 02 06 00 05 00 00 00 01 00 02                    ..........
--
< 2025/02/11 20:11:32.308707  length=5 from=323 to=327
 02 06 00 00 00                                   .....
--
> 2025/02/11 20:11:32.388509  length=12 from=76 to=87
 02 03 00 07 00 00 00 42 03 02 aa 54              .......B...T
--
< 2025/02/11 20:11:32.408647  length=7 from=328 to=334
 02 03 00 02 00 00 00                             .......
--
> 2025/02/11 20:11:32.508510  length=10 from=88 to=97
 02 06 00 05 00 00 00 01 00 03                    ..........
--
< 2025/02/11 20:11:32.528661  length=5 from=335 to=339
 02 06 00 00 00                                   .....
--
> 2025/02/11 20:11:32.608508  length=12 from=98 to=109
 02 03 00 07 00 00 00 0a                          ........
 30 02 aa 55                                      0..U
--
< 2025/02/11 20:11:32.628696  length=7 from=340 to=346
 02 03 00 02 00 00 00                             .......
--
> 2025/02/11 20:11:32.748499  length=10 from=110 to=119
 02 06 00 05 00 00 00 01 00 04                    ..........
--
< 2025/02/11 20:11:32.768560  length=5 from=347 to=351
 02 06 00 00 00                                   .....
--
> 2025/02/11 20:11:32.848584  length=5 from=120 to=124
 02 07 00 00 00                                   .....
--
< 2025/02/11 20:11:32.868743  length=8 from=352 to=359
 02 07 00 03 00 00 00 00                          ........
--
> 2025/02/11 20:11:35.958612  length=27 from=125 to=151
 01 0a                                            ..
 00 16 00 0f 00 09 0d 54 65 73 74 65 72 5f 32 35  .......Tester_25
 44 45 32 41 ff ff ff ff 00                       DE2A.....
--
< 2025/02/11 20:11:35.978785  length=9 from=360 to=368
 01 0a                                            ..
 00 04 00 13 26 00 00                             ....&..
--
< 2025/02/11 20:11:37.238814  length=27 from=369 to=395
 01 82 00 0d 00 00 2a de 25 e8 07 c0 38 00 00 00  ......*.%...8...
 d0 07 01 80 00 04 00 13 22 00 00                 ........"..
--
< 2025/02/11 20:11:38.611404  length=12 from=396 to=407
 01 83 00 07 00 00 2a de 25 e8 07 c0              ......*.%...
--
> 2025/02/11 20:11:39.050637  length=27 from=152 to=178
 01 0a                                            ..
 00 16 00 0f 00 09 0d 54 65 73 74 65 72 5f 32 35  .......Tester_25
 44 45 32 41 ff ff ff ff 01                       DE2A.....
--
< 2025/02/11 20:11:39.070751  length=9 from=408 to=416
 01 0a                                            ..
 00 04 00 13 26 00 00                             ....&..
--
< 2025/02/11 20:11:41.581660  length=27 from=417 to=443
 01 82 00 0d 00 00 2a de 25 e8 07 c0 38 00 00 00  ......*.%...8...
 d0 07 01 80 00 04 00 13 22 00 00                 ........"..
--
< 2025/02/11 20:11:42.301671  length=12 from=444 to=455
 01 83 00 07 00 00 2a de 25 e8 07 c0              ......*.%...
--
> 2025/02/11 20:11:43.181109  length=27 from=179 to=205
 01 0a                                            ..
 00 16 00 0f 00 09 0d 54 65 73 74 65 72 5f 32 35  .......Tester_25
 44 45 32 41 ff ff ff ff 01                       DE2A.....
--
< 2025/02/11 20:11:43.201119  length=9 from=456 to=464
 01 0a                                            ..
 00 04 00 13 26 00 00                             ....&..
--
< 2025/02/11 20:11:43.501264  length=27 from=465 to=491
 01 82 00 0d 00 00 2a de 25 e8 07 c0 38 00 00 00  ......*.%...8...
 d0 07 01 80 00 04 00 13 22 00 00                 ........"..
--
< 2025/02/11 20:11:44.191878  length=12 from=492 to=503
 01 83 00 07 00 00 2a de 25 e8 07 c0              ......*.%...
--
> 2025/02/11 20:11:45.321149  length=27 from=206 to=232
 01 0a                                            ..
 00 16 00 0f 00 09 0d 54 65 73 74 65 72 5f 32 35  .......Tester_25
 44 45 32 41 ff ff ff ff 01                       DE2A.....
--
< 2025/02/11 20:11:45.341279  length=9 from=504 to=512
 01 0a                                            ..
 00 04 00 13 26 00 00                             ....&..
--
< 2025/02/11 20:11:45.491767  length=27 from=513 to=539
 01 82 00 0d 00 00 2a de 25 e8 07 c0 38 00 00 00  ......*.%...8...
 d0 07 01 80 00 04 00 13 22 00 00                 ........"..
--
< 2025/02/11 20:11:46.201987  length=12 from=540 to=551
 01 83 00 07 00 00 2a de 25 e8 07 c0              ......*.%...
--
> 2025/02/11 20:11:46.501109  length=27 from=233 to=259
 01 0a                                            ..
 00 16 00 0f 00 09 0d 54 65 73 74 65 72 5f 32 35  .......Tester_25
 44 45 32 41 ff ff ff ff 01                       DE2A.....
--
< 2025/02/11 20:11:46.521308  length=9 from=552 to=560
 01 0a                                            ..
 00 04 00 13 26 00 00                             ....&..
--
< 2025/02/11 20:11:46.661755  length=27 from=561 to=587
 01 82 00 0d 00 00 2a de 25 e8 07 c0 38 00 00 00  ......*.%...8...
 d0 07 01 80 00 04 00 13 22 00 00                 ........"..
--
< 2025/02/11 20:11:47.391915  length=12 from=588 to=599
 01 83 00 07 00 00 2a de 25 e8 07 c0              ......*.%...
--
> 2025/02/11 20:11:47.611129  length=27 from=260 to=286
 01 0a                                            ..
 00 16 00 0f 00 09 0d 54 65 73 74 65 72 5f 32 35  .......Tester_25
 44 45 32 41 ff ff ff ff 01                       DE2A.....
--
< 2025/02/11 20:11:47.631258  length=9 from=600 to=608
 01 0a                                            ..
 00 04 00 13 26 00 00                             ....&..
--
< 2025/02/11 20:11:48.331967  length=27 from=609 to=635
 01 82 00 0d 00 00 2a de 25 e8 07 c0 38 00 00 00  ......*.%...8...
 d0 07 01 80 00 04 00 13 22 00 00                 ........"..
--
< 2025/02/11 20:11:49.002010  length=12 from=636 to=647
 01 83 00 07 00 00 2a de 25 e8 07 c0              ......*.%...
--
> 2025/02/11 20:11:49.751209  length=27 from=287 to=313
 01 0a                                            ..
 00 16 00 0f 00 09 0d 54 65 73 74 65 72 5f 32 35  .......Tester_25
 44 45 32 41 ff ff ff ff 01                       DE2A.....
--
< 2025/02/11 20:11:49.771353  length=9 from=648 to=656
 01 0a                                            ..
 00 04 00 13 26 00 00                             ....&..
--
< 2025/02/11 20:11:49.911828  length=27 from=657 to=683
 01 82 00 0d 00 00 2a de 25 e8 07 c0 38 00 00 00  ......*.%...8...
 d0 07 01 80 00 04 00 13 22 00 00                 ........"..
--
< 2025/02/11 20:11:50.661941  length=12 from=684 to=695
 01 83 00 07 00 00 2a de 25 e8 07 c0              ......*.%...
--
> 2025/02/11 20:11:50.881204  length=27 from=314 to=340
 01 0a                                            ..
 00 16 00 0f 00 09 0d 54 65 73 74 65 72 5f 32 35  .......Tester_25
 44 45 32 41 ff ff ff ff 01                       DE2A.....
--
< 2025/02/11 20:11:50.901299  length=9 from=696 to=704
 01 0a                                            ..
 00 04 00 13 26 00 00                             ....&..
--
< 2025/02/11 20:11:51.182079  length=27 from=705 to=731
 01 82 00 0d 00 00 2a de 25 e8 07 c0 38 00 00 00  ......*.%...8...
 d0 07 01 80 00 04 00 13 22 00 00                 ........"..
--
< 2025/02/11 20:11:51.891950  length=12 from=732 to=743
 01 83 00 07 00 00 2a de 25 e8 07 c0              ......*.%...
--
> 2025/02/11 20:11:53.031261  length=27 from=341 to=367
 01 0a                                            ..
 00 16 00 0f 00 09 0d 54 65 73 74 65 72 5f 32 35  .......Tester_25
 44 45 32 41 ff ff ff ff 01                       DE2A.....
--
< 2025/02/11 20:11:53.051314  length=9 from=744 to=752
 01 0a                                            ..
 00 04 00 13 26 00 00                             ....&..
--
< 2025/02/11 20:11:53.471855  length=27 from=753 to=779
 01 82 00 0d 00 00 2a de 25 e8 07 c0 38 00 00 00  ......*.%...8...
 d0 07 01 80 00 04 00 13 22 00 00                 ........"..
--
< 2025/02/11 20:11:54.152027  length=12 from=780 to=791
 01 83 00 07 00 00 2a de 25 e8 07 c0              ......*.%...
--
< 2025/02/11 20:11:59.366073  length=5 from=792 to=796
 00 80 ff 00 00                                   .....
--
