2025-02-15 12:37:36,038 LT1-thread root DEBUG client.py                 71    logger_log                : Starting TestCase _run_test_case L2CAP L2CAP/COS/CFC/BV-03-C
2025-02-15 12:37:36,039 LT1-thread root DEBUG client.py                 71    logger_log                : pre_run L2CAP L2CAP/COS/CFC/BV-03-C
2025-02-15 12:37:36,040 LT1-thread root DEBUG client.py                 71    logger_log                : About to run test case L2CAP L2CAP/COS/CFC/BV-03-C with commands:
2025-02-15 12:37:36,040 LT1-thread root DEBUG client.py                 71    logger_log                : 0) class=<class 'autopts.ptsprojects.testcase.TestFunc'>, func=<bound method Stack.core_init of <autopts.ptsprojects.stack.stack.Stack object at 0x00000220F526C610>> start_wid=None stop_wid=None post_wid=None skip_call=None call_count=0 args=() kwds={}
2025-02-15 12:37:36,040 LT1-thread root DEBUG client.py                 71    logger_log                : 1) class=<class 'autopts.ptsprojects.testcase.TestFunc'>, func=<bound method ZephyrCtl.hw_reset of <autopts.ptsprojects.zephyr.iutctl.ZephyrCtl object at 0x00000220F4F93C50>> start_wid=None stop_wid=None post_wid=None skip_call=None call_count=0 args=() kwds={}
2025-02-15 12:37:36,041 LT1-thread root DEBUG client.py                 71    logger_log                : 2) class=<class 'autopts.ptsprojects.testcase.TestFunc'>, func=<bound method ZephyrCtl.start of <autopts.ptsprojects.zephyr.iutctl.ZephyrCtl object at 0x00000220F4F93C50>> start_wid=None stop_wid=None post_wid=None skip_call=None call_count=0 args=(<autopts.ptsprojects.zephyr.ztestcase.ZTestCase object at 0x00000220F54F7310>,) kwds={}
2025-02-15 12:37:36,041 LT1-thread root DEBUG client.py                 71    logger_log                : 3) class=<class 'autopts.ptsprojects.testcase.TestFunc'>, func=<bound method ZephyrCtl.hw_reset of <autopts.ptsprojects.zephyr.iutctl.ZephyrCtl object at 0x00000220F4F93C50>> start_wid=None stop_wid=None post_wid=None skip_call=None call_count=0 args=() kwds={}
2025-02-15 12:37:36,041 LT1-thread root DEBUG client.py                 71    logger_log                : 4) class=<class 'autopts.ptsprojects.testcase.TestFunc'>, func=<bound method ZephyrCtl.wait_iut_ready_event of <autopts.ptsprojects.zephyr.iutctl.ZephyrCtl object at 0x00000220F4F93C50>> start_wid=None stop_wid=None post_wid=None skip_call=None call_count=0 args=(False,) kwds={}
2025-02-15 12:37:36,042 LT1-thread root DEBUG client.py                 71    logger_log                : 5) class=<class 'autopts.ptsprojects.testcase.TestFunc'>, func=<function core_reg_svc_gap at 0x00000220F11D4C20> start_wid=None stop_wid=None post_wid=None skip_call=None call_count=6 args=() kwds={}
2025-02-15 12:37:36,042 LT1-thread root DEBUG client.py                 71    logger_log                : 6) class=<class 'autopts.ptsprojects.testcase.TestFunc'>, func=<function core_reg_svc_l2cap at 0x00000220F11D4EA0> start_wid=None stop_wid=None post_wid=None skip_call=None call_count=6 args=() kwds={}
2025-02-15 12:37:36,042 LT1-thread root DEBUG client.py                 71    logger_log                : 7) class=<class 'autopts.ptsprojects.testcase.TestFunc'>, func=<function gap_read_ctrl_info at 0x00000220F11E5260> start_wid=None stop_wid=None post_wid=None skip_call=None call_count=6 args=() kwds={}
2025-02-15 12:37:36,042 LT1-thread root DEBUG client.py                 71    logger_log                : 8) class=<class 'autopts.ptsprojects.testcase.TestFunc'>, func=<function test_cases.<locals>.<lambda> at 0x00000220F54DCA40> start_wid=None stop_wid=None post_wid=None skip_call=None call_count=6 args=() kwds={}
2025-02-15 12:37:36,042 LT1-thread root DEBUG client.py                 71    logger_log                : 9) class=<class 'autopts.ptsprojects.testcase.TestFunc'>, func=<function test_cases.<locals>.<lambda> at 0x00000220F54DCAE0> start_wid=None stop_wid=None post_wid=None skip_call=None call_count=6 args=() kwds={}
2025-02-15 12:37:36,042 LT1-thread root DEBUG client.py                 71    logger_log                : 10) class=<class 'autopts.ptsprojects.testcase.TestFunc'>, func=<function test_cases.<locals>.<lambda> at 0x00000220F54DCB80> start_wid=None stop_wid=None post_wid=None skip_call=None call_count=6 args=() kwds={}
2025-02-15 12:37:36,042 LT1-thread root DEBUG client.py                 71    logger_log                : 11) class=<class 'autopts.ptsprojects.testcase.TestFunc'>, func=<function test_cases.<locals>.<lambda> at 0x00000220F54DCC20> start_wid=None stop_wid=None post_wid=None skip_call=None call_count=6 args=() kwds={}
2025-02-15 12:37:36,042 LT1-thread root DEBUG client.py                 71    logger_log                : 12) class=<class 'autopts.ptsprojects.testcase.TestFunc'>, func=<function test_cases.<locals>.<lambda> at 0x00000220F54DCCC0> start_wid=None stop_wid=None post_wid=None skip_call=None call_count=6 args=() kwds={}
2025-02-15 12:37:36,042 LT1-thread root DEBUG client.py                 71    logger_log                : 13) class=<class 'autopts.ptsprojects.testcase.TestFunc'>, func=<function test_cases.<locals>.<lambda> at 0x00000220F54DCD60> start_wid=None stop_wid=None post_wid=None skip_call=None call_count=6 args=() kwds={}
2025-02-15 12:37:36,043 LT1-thread root DEBUG client.py                 71    logger_log                : 14) class=<class 'autopts.ptsprojects.testcase.TestFunc'>, func=<function test_cases.<locals>.<lambda> at 0x00000220F54DCE00> start_wid=None stop_wid=None post_wid=None skip_call=None call_count=6 args=() kwds={}
2025-02-15 12:37:36,043 LT1-thread root DEBUG client.py                 71    logger_log                : 15) class=<class 'autopts.ptsprojects.testcase.TestFunc'>, func=<function test_cases.<locals>.<lambda> at 0x00000220F54DCEA0> start_wid=None stop_wid=None post_wid=None skip_call=None call_count=6 args=() kwds={}
2025-02-15 12:37:36,043 LT1-thread root DEBUG client.py                 71    logger_log                : 16) class=<class 'autopts.ptsprojects.testcase.TestFunc'>, func=<function test_cases.<locals>.<lambda> at 0x00000220F54DCF40> start_wid=None stop_wid=None post_wid=None skip_call=None call_count=6 args=() kwds={}
2025-02-15 12:37:36,043 LT1-thread root DEBUG client.py                 71    logger_log                : 17) class=<class 'autopts.ptsprojects.testcase.TestFunc'>, func=<function test_cases.<locals>.<lambda> at 0x00000220F54DCFE0> start_wid=None stop_wid=None post_wid=None skip_call=None call_count=6 args=() kwds={}
2025-02-15 12:37:36,043 LT1-thread root DEBUG client.py                 71    logger_log                : 18) class=<class 'autopts.ptsprojects.testcase.TestFunc'>, func=<function test_cases.<locals>.<lambda> at 0x00000220F54DD080> start_wid=None stop_wid=None post_wid=None skip_call=None call_count=6 args=() kwds={}
2025-02-15 12:37:36,044 LT1-thread root DEBUG client.py                 71    logger_log                : 19) class=<class 'autopts.ptsprojects.testcase.TestFunc'>, func=<function test_cases.<locals>.<lambda> at 0x00000220F54DD120> start_wid=None stop_wid=None post_wid=None skip_call=None call_count=6 args=() kwds={}
2025-02-15 12:37:36,044 LT1-thread root DEBUG client.py                 71    logger_log                : 20) class=<class 'autopts.ptsprojects.testcase.TestFunc'>, func=<function test_cases.<locals>.<lambda> at 0x00000220F54DD1C0> start_wid=None stop_wid=None post_wid=None skip_call=None call_count=6 args=() kwds={}
2025-02-15 12:37:36,044 LT1-thread root DEBUG client.py                 71    logger_log                : 21) class=<class 'autopts.ptsprojects.testcase.TestFunc'>, func=<function test_cases.<locals>.<lambda> at 0x00000220F54DD260> start_wid=None stop_wid=None post_wid=None skip_call=None call_count=6 args=() kwds={}
2025-02-15 12:37:36,044 LT1-thread root DEBUG client.py                 71    logger_log                : 22) class=<class 'autopts.ptsprojects.testcase.TestFunc'>, func=<function test_cases.<locals>.<lambda> at 0x00000220F54DD300> start_wid=None stop_wid=None post_wid=None skip_call=None call_count=6 args=() kwds={}
2025-02-15 12:37:36,044 LT1-thread root DEBUG client.py                 71    logger_log                : 23) class=<class 'autopts.ptsprojects.testcase.TestFunc'>, func=<function set_pts_addr at 0x00000220F11D47C0> start_wid=None stop_wid=None post_wid=None skip_call=None call_count=6 args=('C0:07:E8:25:DE:2A', 0) kwds={}
2025-02-15 12:37:36,044 LT1-thread root DEBUG client.py                 71    logger_log                : 24) class=<class 'autopts.ptsprojects.testcase.TestFunc'>, func=<bound method Stack.l2cap_init of <autopts.ptsprojects.stack.stack.Stack object at 0x00000220F526C610>> start_wid=None stop_wid=None post_wid=None skip_call=None call_count=6 args=(128, 120) kwds={}
2025-02-15 12:37:36,044 LT1-thread root DEBUG client.py                 71    logger_log                : 25) class=<class 'autopts.ptsprojects.testcase.TestFunc'>, func=<function l2cap_le_listen at 0x00000220F1241BC0> start_wid=None stop_wid=None post_wid=None skip_call=None call_count=6 args=(128, 120, 0) kwds={}
2025-02-15 12:37:36,044 LT1-thread root DEBUG client.py                 71    logger_log                : 26) class=<class 'autopts.ptsprojects.testcase.TestFuncCleanUp'>, func=<bound method Stack.cleanup of <autopts.ptsprojects.stack.stack.Stack object at 0x00000220F526C610>> start_wid=None stop_wid=None post_wid=None skip_call=None call_count=0 args=() kwds={}
2025-02-15 12:37:36,045 LT1-thread root DEBUG client.py                 71    logger_log                : 27) class=<class 'autopts.ptsprojects.testcase.TestFuncCleanUp'>, func=<bound method ZephyrCtl.stop of <autopts.ptsprojects.zephyr.iutctl.ZephyrCtl object at 0x00000220F4F93C50>> start_wid=None stop_wid=None post_wid=None skip_call=None call_count=0 args=() kwds={}
2025-02-15 12:37:36,045 LT1-thread root DEBUG client.py                 71    logger_log                : pre_run, run pre test case script
2025-02-15 12:37:36,059 LT1-thread root DEBUG client.py                 71    logger_log                : Starting test function: class=<class 'autopts.ptsprojects.testcase.TestFunc'>, func=<bound method Stack.core_init of <autopts.ptsprojects.stack.stack.Stack object at 0x00000220F526C610>> start_wid=None stop_wid=None post_wid=None skip_call=None call_count=1 args=() kwds={}
2025-02-15 12:37:36,059 LT1-thread root DEBUG client.py                 71    logger_log                : Test function parameters: args=(), kwds={}
2025-02-15 12:37:36,059 LT1-thread root DEBUG client.py                 71    logger_log                : Starting test function: class=<class 'autopts.ptsprojects.testcase.TestFunc'>, func=<bound method ZephyrCtl.hw_reset of <autopts.ptsprojects.zephyr.iutctl.ZephyrCtl object at 0x00000220F4F93C50>> start_wid=None stop_wid=None post_wid=None skip_call=None call_count=1 args=() kwds={}
2025-02-15 12:37:36,059 LT1-thread root DEBUG client.py                 71    logger_log                : Test function parameters: args=(), kwds={}
2025-02-15 12:37:36,060 LT1-thread root DEBUG client.py                 71    logger_log                : Starting test function: class=<class 'autopts.ptsprojects.testcase.TestFunc'>, func=<bound method ZephyrCtl.start of <autopts.ptsprojects.zephyr.iutctl.ZephyrCtl object at 0x00000220F4F93C50>> start_wid=None stop_wid=None post_wid=None skip_call=None call_count=1 args=(<autopts.ptsprojects.zephyr.ztestcase.ZTestCase object at 0x00000220F54F7310>,) kwds={}
2025-02-15 12:37:36,060 LT1-thread root DEBUG client.py                 71    logger_log                : Test function parameters: args=(<autopts.ptsprojects.zephyr.ztestcase.ZTestCase object at 0x00000220F54F7310>,), kwds={}
2025-02-15 12:37:36,060 LT1-thread root DEBUG client.py                 71    logger_log                : <class 'autopts.ptsprojects.zephyr.iutctl.ZephyrCtl'>.start
2025-02-15 12:37:36,060 LT1-thread root DEBUG client.py                 71    logger_log                : <class 'autopts.ptsprojects.zephyr.iutctl.ZephyrCtl'>.flush_serial
2025-02-15 12:37:37,358 LT1-thread root DEBUG client.py                 71    logger_log                : Starting socat process: socat.exe -x -v tcp:10.192.253.135:61474,retry=100,interval=1 /dev/ttyS35,raw,b115200
2025-02-15 12:37:37,373 LT1-thread root DEBUG client.py                 71    logger_log                : accept
2025-02-15 12:37:37,520 BTPWorkerThread-19748 (_rx_task) root DEBUG client.py                 71    logger_log                : BTPWorkerThread-19748 (_rx_task) started
2025-02-15 12:37:37,520 LT1-thread root DEBUG client.py                 71    logger_log                : Starting test function: class=<class 'autopts.ptsprojects.testcase.TestFunc'>, func=<bound method ZephyrCtl.hw_reset of <autopts.ptsprojects.zephyr.iutctl.ZephyrCtl object at 0x00000220F4F93C50>> start_wid=None stop_wid=None post_wid=None skip_call=None call_count=1 args=() kwds={}
2025-02-15 12:37:37,521 LT1-thread root DEBUG client.py                 71    logger_log                : Test function parameters: args=(), kwds={}
2025-02-15 12:37:37,521 LT1-thread root DEBUG client.py                 71    logger_log                : Starting test function: class=<class 'autopts.ptsprojects.testcase.TestFunc'>, func=<bound method ZephyrCtl.wait_iut_ready_event of <autopts.ptsprojects.zephyr.iutctl.ZephyrCtl object at 0x00000220F4F93C50>> start_wid=None stop_wid=None post_wid=None skip_call=None call_count=1 args=(False,) kwds={}
2025-02-15 12:37:37,521 LT1-thread root DEBUG client.py                 71    logger_log                : Test function parameters: args=(False,), kwds={}
2025-02-15 12:37:37,523 LT1-thread root DEBUG client.py                 71    logger_log                : IUT ready event received OK
2025-02-15 12:37:37,523 LT1-thread root DEBUG client.py                 71    logger_log                : Starting test function: class=<class 'autopts.ptsprojects.testcase.TestFunc'>, func=<function core_reg_svc_gap at 0x00000220F11D4C20> start_wid=None stop_wid=None post_wid=None skip_call=None call_count=7 args=() kwds={}
2025-02-15 12:37:37,524 LT1-thread root DEBUG client.py                 71    logger_log                : Test function parameters: args=(), kwds={}
2025-02-15 12:37:37,524 LT1-thread root DEBUG client.py                 71    logger_log                : core_reg_svc_gap
2025-02-15 12:37:37,524 LT1-thread root DEBUG client.py                 71    logger_log                : send, 0 3 255 '1'
2025-02-15 12:37:37,524 LT1-thread root DEBUG client.py                 71    logger_log                : sending frame '0003ff010001'
2025-02-15 12:37:37,525 LT1-thread root DEBUG client.py                 71    logger_log                : core_reg_svc_rsp_succ
2025-02-15 12:37:37,525 LT1-thread root DEBUG client.py                 71    logger_log                : read
2025-02-15 12:37:37,615 BTPWorkerThread-19748 (_rx_task) root DEBUG client.py                 71    logger_log                : Read 5 bytes
2025-02-15 12:37:37,635 BTPWorkerThread-19748 (_rx_task) root DEBUG client.py                 71    logger_log                : Received: hdr: Header(svc_id=0x00, op=0x03, ctrl_index=0xff, data_len=0x00) bytearray(b'\x00\x03\xff\x00\x00')
2025-02-15 12:37:37,654 BTPWorkerThread-19748 (_rx_task) root DEBUG client.py                 71    logger_log                : Received data: {''}, bytearray(b'')
2025-02-15 12:37:37,673 LT1-thread root DEBUG client.py                 71    logger_log                : received Header(svc_id=0, op=3, ctrl_index=255, data_len=0) (b'',)
2025-02-15 12:37:37,673 LT1-thread root DEBUG client.py                 71    logger_log                : expected ((0, 3, 255, 0), (b'',))
2025-02-15 12:37:37,673 LT1-thread root DEBUG client.py                 71    logger_log                : response is valid
2025-02-15 12:37:37,673 LT1-thread root DEBUG client.py                 71    logger_log                : Starting test function: class=<class 'autopts.ptsprojects.testcase.TestFunc'>, func=<function core_reg_svc_l2cap at 0x00000220F11D4EA0> start_wid=None stop_wid=None post_wid=None skip_call=None call_count=7 args=() kwds={}
2025-02-15 12:37:37,673 LT1-thread root DEBUG client.py                 71    logger_log                : Test function parameters: args=(), kwds={}
2025-02-15 12:37:37,674 LT1-thread root DEBUG client.py                 71    logger_log                : core_reg_svc_l2cap
2025-02-15 12:37:37,674 LT1-thread root DEBUG client.py                 71    logger_log                : send, 0 3 255 '3'
2025-02-15 12:37:37,674 LT1-thread root DEBUG client.py                 71    logger_log                : sending frame '0003ff010003'
2025-02-15 12:37:37,675 LT1-thread root DEBUG client.py                 71    logger_log                : core_reg_svc_rsp_succ
2025-02-15 12:37:37,675 LT1-thread root DEBUG client.py                 71    logger_log                : read
2025-02-15 12:37:37,741 BTPWorkerThread-19748 (_rx_task) root DEBUG client.py                 71    logger_log                : Read 5 bytes
2025-02-15 12:37:37,761 BTPWorkerThread-19748 (_rx_task) root DEBUG client.py                 71    logger_log                : Received: hdr: Header(svc_id=0x00, op=0x03, ctrl_index=0xff, data_len=0x00) bytearray(b'\x00\x03\xff\x00\x00')
2025-02-15 12:37:37,781 BTPWorkerThread-19748 (_rx_task) root DEBUG client.py                 71    logger_log                : Received data: {''}, bytearray(b'')
2025-02-15 12:37:37,810 LT1-thread root DEBUG client.py                 71    logger_log                : received Header(svc_id=0, op=3, ctrl_index=255, data_len=0) (b'',)
2025-02-15 12:37:37,810 LT1-thread root DEBUG client.py                 71    logger_log                : expected ((0, 3, 255, 0), (b'',))
2025-02-15 12:37:37,811 LT1-thread root DEBUG client.py                 71    logger_log                : response is valid
2025-02-15 12:37:37,811 LT1-thread root DEBUG client.py                 71    logger_log                : Starting test function: class=<class 'autopts.ptsprojects.testcase.TestFunc'>, func=<function gap_read_ctrl_info at 0x00000220F11E5260> start_wid=None stop_wid=None post_wid=None skip_call=None call_count=7 args=() kwds={}
2025-02-15 12:37:37,812 LT1-thread root DEBUG client.py                 71    logger_log                : Test function parameters: args=(), kwds={}
2025-02-15 12:37:37,812 LT1-thread root DEBUG client.py                 71    logger_log                : gap_read_ctrl_info
2025-02-15 12:37:37,812 LT1-thread root DEBUG client.py                 71    logger_log                : send, 1 3 0 ''
2025-02-15 12:37:37,812 LT1-thread root DEBUG client.py                 71    logger_log                : sending frame '0103000000'
2025-02-15 12:37:37,812 LT1-thread root DEBUG client.py                 71    logger_log                : read
2025-02-15 12:37:38,544 BTPWorkerThread-19748 (_rx_task) root DEBUG client.py                 71    logger_log                : Read 5 bytes
2025-02-15 12:37:38,563 BTPWorkerThread-19748 (_rx_task) root DEBUG client.py                 71    logger_log                : Received: hdr: Header(svc_id=0x01, op=0x03, ctrl_index=0x00, data_len=0x115) bytearray(b'\x01\x03\x00\x15\x01')
2025-02-15 12:37:38,602 BTPWorkerThread-19748 (_rx_task) root DEBUG client.py                 71    logger_log                : Read 277 bytes data
2025-02-15 12:37:38,622 BTPWorkerThread-19748 (_rx_task) root DEBUG client.py                 71    logger_log                : Received data: {'28 00 03 37 60 00 13 06 02 00 13 02 00 00 00 00 00 62 74 70 5f 74 65 73 74 65 72 00 00 00 00 00 00 00 00 00 00 00 00 00 00 00 00 00 00 00 00 00 00 00 00 00 00 00 00 00 00 00 00 00 00 00 00 00 00 00 00 00 00 00 00 00 00 00 00 00 00 00 00 00 00 00 00 00 00 00 00 00 00 00 00 00 00 00 00 00 00 00 00 00 00 00 00 00 00 00 00 00 00 00 00 00 00 00 00 00 00 00 00 00 00 00 00 00 00 00 00 00 00 00 00 00 00 00 00 00 00 00 00 00 00 00 00 00 00 00 00 00 00 00 00 00 00 00 00 00 00 00 00 00 00 00 00 00 00 00 00 00 00 00 00 00 00 00 00 00 00 00 00 00 00 00 00 00 00 00 00 00 00 00 00 00 00 00 00 00 00 00 00 00 00 00 00 00 00 00 00 00 00 00 00 00 00 00 00 00 00 00 00 00 00 00 00 00 00 00 00 00 00 00 00 00 00 00 00 00 00 00 00 00 00 00 00 00 00 00 00 00 00 00 00 00 00 00 00 00 00 00 00 00 00 00 00 00 00 00 00 00 00 00 00 00 00 00 00 00 00'}, bytearray(b'(\x00\x037`\x00\x13\x06\x02\x00\x13\x02\x00\x00\x00\x00\x00btp_tester\x00\x00\x00\x00\x00\x00\x00\x00\x00\x00\x00\x00\x00\x00\x00\x00\x00\x00\x00\x00\x00\x00\x00\x00\x00\x00\x00\x00\x00\x00\x00\x00\x00\x00\x00\x00\x00\x00\x00\x00\x00\x00\x00\x00\x00\x00\x00\x00\x00\x00\x00\x00\x00\x00\x00\x00\x00\x00\x00\x00\x00\x00\x00\x00\x00\x00\x00\x00\x00\x00\x00\x00\x00\x00\x00\x00\x00\x00\x00\x00\x00\x00\x00\x00\x00\x00\x00\x00\x00\x00\x00\x00\x00\x00\x00\x00\x00\x00\x00\x00\x00\x00\x00\x00\x00\x00\x00\x00\x00\x00\x00\x00\x00\x00\x00\x00\x00\x00\x00\x00\x00\x00\x00\x00\x00\x00\x00\x00\x00\x00\x00\x00\x00\x00\x00\x00\x00\x00\x00\x00\x00\x00\x00\x00\x00\x00\x00\x00\x00\x00\x00\x00\x00\x00\x00\x00\x00\x00\x00\x00\x00\x00\x00\x00\x00\x00\x00\x00\x00\x00\x00\x00\x00\x00\x00\x00\x00\x00\x00\x00\x00\x00\x00\x00\x00\x00\x00\x00\x00\x00\x00\x00\x00\x00\x00\x00\x00\x00\x00\x00\x00\x00\x00\x00\x00\x00\x00\x00\x00\x00\x00\x00\x00\x00\x00\x00\x00\x00\x00\x00\x00\x00\x00\x00\x00\x00\x00\x00\x00\x00\x00\x00\x00\x00\x00\x00\x00\x00\x00\x00\x00\x00\x00\x00\x00\x00\x00\x00\x00\x00')
2025-02-15 12:37:38,652 LT1-thread root DEBUG client.py                 71    logger_log                : received Header(svc_id=1, op=3, ctrl_index=0, data_len=277) (b'(\x00\x037`\x00\x13\x06\x02\x00\x13\x02\x00\x00\x00\x00\x00btp_tester\x00\x00\x00\x00\x00\x00\x00\x00\x00\x00\x00\x00\x00\x00\x00\x00\x00\x00\x00\x00\x00\x00\x00\x00\x00\x00\x00\x00\x00\x00\x00\x00\x00\x00\x00\x00\x00\x00\x00\x00\x00\x00\x00\x00\x00\x00\x00\x00\x00\x00\x00\x00\x00\x00\x00\x00\x00\x00\x00\x00\x00\x00\x00\x00\x00\x00\x00\x00\x00\x00\x00\x00\x00\x00\x00\x00\x00\x00\x00\x00\x00\x00\x00\x00\x00\x00\x00\x00\x00\x00\x00\x00\x00\x00\x00\x00\x00\x00\x00\x00\x00\x00\x00\x00\x00\x00\x00\x00\x00\x00\x00\x00\x00\x00\x00\x00\x00\x00\x00\x00\x00\x00\x00\x00\x00\x00\x00\x00\x00\x00\x00\x00\x00\x00\x00\x00\x00\x00\x00\x00\x00\x00\x00\x00\x00\x00\x00\x00\x00\x00\x00\x00\x00\x00\x00\x00\x00\x00\x00\x00\x00\x00\x00\x00\x00\x00\x00\x00\x00\x00\x00\x00\x00\x00\x00\x00\x00\x00\x00\x00\x00\x00\x00\x00\x00\x00\x00\x00\x00\x00\x00\x00\x00\x00\x00\x00\x00\x00\x00\x00\x00\x00\x00\x00\x00\x00\x00\x00\x00\x00\x00\x00\x00\x00\x00\x00\x00\x00\x00\x00\x00\x00\x00\x00\x00\x00\x00\x00\x00\x00\x00\x00\x00\x00\x00\x00\x00\x00\x00\x00\x00\x00\x00\x00\x00\x00\x00\x00\x00\x00',)
2025-02-15 12:37:38,652 LT1-thread root DEBUG client.py                 71    logger_log                : IUT address '006037030028' 'public'
2025-02-15 12:37:38,652 LT1-thread root DEBUG client.py                 71    logger_log                : __gap_current_settings_update 531
2025-02-15 12:37:38,652 LT1-thread root DEBUG client.py                 71    logger_log                : Starting test function: class=<class 'autopts.ptsprojects.testcase.TestFunc'>, func=<function test_cases.<locals>.<lambda> at 0x00000220F54DCA40> start_wid=None stop_wid=None post_wid=None skip_call=None call_count=7 args=() kwds={}
2025-02-15 12:37:38,652 LT1-thread root DEBUG client.py                 71    logger_log                : Test function parameters: args=(), kwds={}
2025-02-15 12:39:05,591 LT1-callback ClientCallback.log INFO client.py                 71    logger_log                : PTS_LOGTYPE_START_TEST Start Test Case 

+31 ms
 L2CAP/COS/CFC/BV-02-C L2CAP/COS/CFC/BV-02-C

2025-02-15 12:39:05,871 LT1-callback ClientCallback.log INFO client.py                 71    logger_log                : PTS_LOGTYPE_FINAL_VERDICT Final Verdict 

+93844 ms
 L2CAP/COS/CFC/BV-02-C INCONC

2025-02-15 12:39:05,881 LT1-callback ClientCallback.log INFO client.py                 71    logger_log                : PTS_LOGTYPE_FINAL_VERDICT Encrypted Verdict 

+93844 ms
 L2CAP/COS/CFC/BV-02-C A1#ZWY4MzQ5MDg3MmQwNTIxOGQzMzQ5YjY2ODA5M2MzNjQ5ZDY4NmY0Yjc2MzIzM2VkNTUyNTFhNGU4Mjg1MjI0NA==#Jx/g46+QHa8Zo+AsYnLuk424gmDus+BZoJ1Tx5ZctuuabaYyhpJrWFAIRMiSrun4

2025-02-15 12:39:05,881 LT1-callback ClientCallback.log INFO client.py                 71    logger_log                : PTS_LOGTYPE_END_TEST Test Case Ended 

+93844 ms
 L2CAP/COS/CFC/BV-02-C L2CAP/COS/CFC/BV-02-C

2025-02-15 12:39:06,011 LT1-callback root DEBUG client.py                 71    logger_log                : ClientCallback, set_result, run_test_case, INCONC
2025-02-15 12:39:06,021 LT1-thread root DEBUG client.py                 71    logger_log                : Starting test function: class=<class 'autopts.ptsprojects.testcase.TestFunc'>, func=<function test_cases.<locals>.<lambda> at 0x00000220F54DCAE0> start_wid=None stop_wid=None post_wid=None skip_call=None call_count=7 args=() kwds={}
2025-02-15 12:39:06,021 LT1-thread root DEBUG client.py                 71    logger_log                : Test function parameters: args=(), kwds={}
2025-02-15 12:39:06,021 LT1-thread root DEBUG client.py                 71    logger_log                : Starting test function: class=<class 'autopts.ptsprojects.testcase.TestFunc'>, func=<function test_cases.<locals>.<lambda> at 0x00000220F54DCB80> start_wid=None stop_wid=None post_wid=None skip_call=None call_count=7 args=() kwds={}
2025-02-15 12:39:06,021 LT1-thread root DEBUG client.py                 71    logger_log                : Test function parameters: args=(), kwds={}
2025-02-15 12:39:06,031 LT1-thread root DEBUG client.py                 71    logger_log                : Starting test function: class=<class 'autopts.ptsprojects.testcase.TestFunc'>, func=<function test_cases.<locals>.<lambda> at 0x00000220F54DCC20> start_wid=None stop_wid=None post_wid=None skip_call=None call_count=7 args=() kwds={}
2025-02-15 12:39:06,031 LT1-thread root DEBUG client.py                 71    logger_log                : Test function parameters: args=(), kwds={}
2025-02-15 12:39:06,041 LT1-thread root DEBUG client.py                 71    logger_log                : Starting test function: class=<class 'autopts.ptsprojects.testcase.TestFunc'>, func=<function test_cases.<locals>.<lambda> at 0x00000220F54DCCC0> start_wid=None stop_wid=None post_wid=None skip_call=None call_count=7 args=() kwds={}
2025-02-15 12:39:06,041 LT1-thread root DEBUG client.py                 71    logger_log                : Test function parameters: args=(), kwds={}
2025-02-15 12:39:06,041 LT1-thread root DEBUG client.py                 71    logger_log                : Starting test function: class=<class 'autopts.ptsprojects.testcase.TestFunc'>, func=<function test_cases.<locals>.<lambda> at 0x00000220F54DCD60> start_wid=None stop_wid=None post_wid=None skip_call=None call_count=7 args=() kwds={}
2025-02-15 12:39:06,041 LT1-thread root DEBUG client.py                 71    logger_log                : Test function parameters: args=(), kwds={}
2025-02-15 12:39:06,051 LT1-thread root DEBUG client.py                 71    logger_log                : Starting test function: class=<class 'autopts.ptsprojects.testcase.TestFunc'>, func=<function test_cases.<locals>.<lambda> at 0x00000220F54DCE00> start_wid=None stop_wid=None post_wid=None skip_call=None call_count=7 args=() kwds={}
2025-02-15 12:39:06,051 LT1-thread root DEBUG client.py                 71    logger_log                : Test function parameters: args=(), kwds={}
2025-02-15 12:39:06,051 LT1-thread root DEBUG client.py                 71    logger_log                : Starting test function: class=<class 'autopts.ptsprojects.testcase.TestFunc'>, func=<function test_cases.<locals>.<lambda> at 0x00000220F54DCEA0> start_wid=None stop_wid=None post_wid=None skip_call=None call_count=7 args=() kwds={}
2025-02-15 12:39:06,051 LT1-thread root DEBUG client.py                 71    logger_log                : Test function parameters: args=(), kwds={}
2025-02-15 12:39:06,061 LT1-thread root DEBUG client.py                 71    logger_log                : Starting test function: class=<class 'autopts.ptsprojects.testcase.TestFunc'>, func=<function test_cases.<locals>.<lambda> at 0x00000220F54DCF40> start_wid=None stop_wid=None post_wid=None skip_call=None call_count=7 args=() kwds={}
2025-02-15 12:39:06,061 LT1-thread root DEBUG client.py                 71    logger_log                : Test function parameters: args=(), kwds={}
2025-02-15 12:39:06,071 LT1-thread root DEBUG client.py                 71    logger_log                : Starting test function: class=<class 'autopts.ptsprojects.testcase.TestFunc'>, func=<function test_cases.<locals>.<lambda> at 0x00000220F54DCFE0> start_wid=None stop_wid=None post_wid=None skip_call=None call_count=7 args=() kwds={}
2025-02-15 12:39:06,071 LT1-thread root DEBUG client.py                 71    logger_log                : Test function parameters: args=(), kwds={}
2025-02-15 12:39:06,071 LT1-thread root DEBUG client.py                 71    logger_log                : Starting test function: class=<class 'autopts.ptsprojects.testcase.TestFunc'>, func=<function test_cases.<locals>.<lambda> at 0x00000220F54DD080> start_wid=None stop_wid=None post_wid=None skip_call=None call_count=7 args=() kwds={}
2025-02-15 12:39:06,071 LT1-thread root DEBUG client.py                 71    logger_log                : Test function parameters: args=(), kwds={}
2025-02-15 12:39:06,081 LT1-thread root DEBUG client.py                 71    logger_log                : Starting test function: class=<class 'autopts.ptsprojects.testcase.TestFunc'>, func=<function test_cases.<locals>.<lambda> at 0x00000220F54DD120> start_wid=None stop_wid=None post_wid=None skip_call=None call_count=7 args=() kwds={}
2025-02-15 12:39:06,081 LT1-thread root DEBUG client.py                 71    logger_log                : Test function parameters: args=(), kwds={}
2025-02-15 12:39:06,081 LT1-thread root DEBUG client.py                 71    logger_log                : Starting test function: class=<class 'autopts.ptsprojects.testcase.TestFunc'>, func=<function test_cases.<locals>.<lambda> at 0x00000220F54DD1C0> start_wid=None stop_wid=None post_wid=None skip_call=None call_count=7 args=() kwds={}
2025-02-15 12:39:06,081 LT1-thread root DEBUG client.py                 71    logger_log                : Test function parameters: args=(), kwds={}
2025-02-15 12:39:06,091 LT1-thread root DEBUG client.py                 71    logger_log                : Starting test function: class=<class 'autopts.ptsprojects.testcase.TestFunc'>, func=<function test_cases.<locals>.<lambda> at 0x00000220F54DD260> start_wid=None stop_wid=None post_wid=None skip_call=None call_count=7 args=() kwds={}
2025-02-15 12:39:06,091 LT1-thread root DEBUG client.py                 71    logger_log                : Test function parameters: args=(), kwds={}
2025-02-15 12:39:06,101 LT1-thread root DEBUG client.py                 71    logger_log                : Starting test function: class=<class 'autopts.ptsprojects.testcase.TestFunc'>, func=<function test_cases.<locals>.<lambda> at 0x00000220F54DD300> start_wid=None stop_wid=None post_wid=None skip_call=None call_count=7 args=() kwds={}
2025-02-15 12:39:06,101 LT1-thread root DEBUG client.py                 71    logger_log                : Test function parameters: args=(), kwds={}
2025-02-15 12:39:06,111 LT1-thread root DEBUG client.py                 71    logger_log                : Starting test function: class=<class 'autopts.ptsprojects.testcase.TestFunc'>, func=<function set_pts_addr at 0x00000220F11D47C0> start_wid=None stop_wid=None post_wid=None skip_call=None call_count=7 args=('C0:07:E8:25:DE:2A', 0) kwds={}
2025-02-15 12:39:06,111 LT1-thread root DEBUG client.py                 71    logger_log                : Test function parameters: args=('C0:07:E8:25:DE:2A', 0), kwds={}
2025-02-15 12:39:06,111 LT1-thread root DEBUG client.py                 71    logger_log                : Starting test function: class=<class 'autopts.ptsprojects.testcase.TestFunc'>, func=<bound method Stack.l2cap_init of <autopts.ptsprojects.stack.stack.Stack object at 0x00000220F526C610>> start_wid=None stop_wid=None post_wid=None skip_call=None call_count=7 args=(128, 120) kwds={}
2025-02-15 12:39:06,111 LT1-thread root DEBUG client.py                 71    logger_log                : Test function parameters: args=(128, 120), kwds={}
2025-02-15 12:39:06,111 LT1-thread root DEBUG client.py                 71    logger_log                : Starting test function: class=<class 'autopts.ptsprojects.testcase.TestFunc'>, func=<function l2cap_le_listen at 0x00000220F1241BC0> start_wid=None stop_wid=None post_wid=None skip_call=None call_count=7 args=(128, 120, 0) kwds={}
2025-02-15 12:39:06,111 LT1-thread root DEBUG client.py                 71    logger_log                : Test function parameters: args=(128, 120, 0), kwds={}
2025-02-15 12:39:06,111 LT1-thread root DEBUG client.py                 71    logger_log                : l2cap_le_listen 128 1 120 0
2025-02-15 12:39:06,111 LT1-thread root DEBUG client.py                 71    logger_log                : send, 3 5 0 "bytearray(b'\\x80\\x00\\x01x\\x00\\x00\\x00')"
2025-02-15 12:39:06,111 LT1-thread root DEBUG client.py                 71    logger_log                : sending frame '030500070080000178000000'
2025-02-15 12:39:06,111 LT1-thread root DEBUG client.py                 71    logger_log                : l2cap_command_rsp_succ
2025-02-15 12:39:06,111 LT1-thread root DEBUG client.py                 71    logger_log                : read
2025-02-15 12:39:06,181 BTPWorkerThread-19748 (_rx_task) root DEBUG client.py                 71    logger_log                : Read 5 bytes
2025-02-15 12:39:06,201 BTPWorkerThread-19748 (_rx_task) root DEBUG client.py                 71    logger_log                : Received: hdr: Header(svc_id=0x03, op=0x05, ctrl_index=0x00, data_len=0x00) bytearray(b'\x03\x05\x00\x00\x00')
2025-02-15 12:39:06,221 BTPWorkerThread-19748 (_rx_task) root DEBUG client.py                 71    logger_log                : Received data: {''}, bytearray(b'')
2025-02-15 12:39:06,251 LT1-thread root DEBUG client.py                 71    logger_log                : received Header(svc_id=3, op=5, ctrl_index=0, data_len=0) (b'',)
2025-02-15 12:39:06,251 LT1-thread root DEBUG client.py                 71    logger_log                : ClientCallback.get_result run_test_case
2025-02-15 12:39:06,251 LT1-thread root DEBUG client.py                 71    logger_log                : After run_test_case error_code=0 status='INCONC'
2025-02-15 12:39:06,251 LT1-thread root DEBUG client.py                 71    logger_log                : post_run L2CAP L2CAP/COS/CFC/BV-03-C 0
2025-02-15 12:39:06,251 MainThread root DEBUG client.py                 71    logger_log                : Interrupting L2CAP L2CAP/COS/CFC/BV-03-C test case of thread LT1-thread
2025-02-15 12:39:06,251 LT1-thread root DEBUG client.py                 71    logger_log                : Starting test function: class=<class 'autopts.ptsprojects.testcase.TestFuncCleanUp'>, func=<bound method Stack.cleanup of <autopts.ptsprojects.stack.stack.Stack object at 0x00000220F526C610>> start_wid=None stop_wid=None post_wid=None skip_call=None call_count=1 args=() kwds={}
2025-02-15 12:39:06,251 LT1-thread root DEBUG client.py                 71    logger_log                : Test function parameters: args=(), kwds={}
2025-02-15 12:39:06,251 LT1-thread root DEBUG client.py                 71    logger_log                : Starting test function: class=<class 'autopts.ptsprojects.testcase.TestFuncCleanUp'>, func=<bound method ZephyrCtl.stop of <autopts.ptsprojects.zephyr.iutctl.ZephyrCtl object at 0x00000220F4F93C50>> start_wid=None stop_wid=None post_wid=None skip_call=None call_count=1 args=() kwds={}
2025-02-15 12:39:06,251 LT1-thread root DEBUG client.py                 71    logger_log                : Test function parameters: args=(), kwds={}
2025-02-15 12:39:06,251 LT1-thread root DEBUG client.py                 71    logger_log                : <class 'autopts.ptsprojects.zephyr.iutctl.ZephyrCtl'>.stop
2025-02-15 12:39:06,251 LT1-thread root DEBUG client.py                 71    logger_log                : About to reset DUT: JLink -CommandFile reset.jlink -usb 1064371884 -device MCXW716
2025-02-15 12:39:06,750 BTPWorkerThread-19748 (_rx_task) root DEBUG client.py                 71    logger_log                : Read 5 bytes
2025-02-15 12:39:06,770 BTPWorkerThread-19748 (_rx_task) root DEBUG client.py                 71    logger_log                : Received: hdr: Header(svc_id=0x00, op=0x80, ctrl_index=0xff, data_len=0x00) bytearray(b'\x00\x80\xff\x00\x00')
2025-02-15 12:39:06,790 BTPWorkerThread-19748 (_rx_task) root DEBUG client.py                 71    logger_log                : Received data: {''}, bytearray(b'')
2025-02-15 12:39:06,820 BTPWorkerThread-19748 (_rx_task) root DEBUG client.py                 71    logger_log                : event_handler Header(svc_id=0, op=128, ctrl_index=255, data_len=0) (b'',)
2025-02-15 12:39:06,840 BTPWorkerThread-19748 (_rx_task) root DEBUG client.py                 71    logger_log                : core_iut_ready_ev
2025-02-15 12:39:06,860 LT1-thread root DEBUG client.py                 71    logger_log                : IUT ready event received OK
2025-02-15 12:39:06,860 LT1-thread root DEBUG client.py                 71    logger_log                : Waiting for _rx_worker to finish ...
2025-02-15 12:39:07,745 LT1-callback ClientCallback.on_implicit_send INFO client.py                 71    logger_log                : 
    ********************
    BEGIN OnImplicitSend:
    project_name: L2CAP
    wid: 51
    test_case_name: L2CAP/COS/CFC/BV-03-C
    description: Initiate or create LE ACL connection to the PTS.
    style: MMI_Style_Ok_Cancel2 0x11141
2025-02-15 12:39:07,745 LT1-callback ClientCallback.on_implicit_send INFO client.py                 71    logger_log                : Calling test cases on_implicit_send
2025-02-15 12:39:07,745 LT1-callback ClientCallback.on_implicit_send INFO client.py                 71    logger_log                : 
    on_implicit_send returned response: WAIT
    END OnImplicitSend
    ********************
2025-02-15 12:39:07,865 BTPWorkerThread-19748 (_rx_task) root DEBUG client.py                 71    logger_log                : BTPWorkerThread-19748 (_rx_task) finishing...
2025-02-15 12:39:07,865 LT1-thread root DEBUG client.py                 71    logger_log                : Waiting for _rx_worker to finish ...
2025-02-15 12:39:10,877 LT1-thread root DEBUG client.py                 71    logger_log                : post_run, cleanup running post test case script
2025-02-15 12:39:10,877 LT1-thread root DEBUG client.py                 71    logger_log                : post_run, run post test case script
2025-02-15 12:39:11,017 LT1-thread root DEBUG client.py                 71    logger_log                : Done TestCase _run_test_case L2CAP L2CAP/COS/CFC/BV-03-C
