2026-03-06 18:29:41,386 LT1-thread root DEBUG client.py                 82    logger_log                : Starting TestCase _run_test_case AVRCP AVRCP/TG/SGSIT/ATTR/BV-06-C
2026-03-06 18:29:41,387 LT1-thread root DEBUG client.py                 82    logger_log                : pre_run AVRCP AVRCP/TG/SGSIT/ATTR/BV-06-C
2026-03-06 18:29:41,387 LT1-thread root DEBUG client.py                 82    logger_log                : About to run test case AVRCP AVRCP/TG/SGSIT/ATTR/BV-06-C with commands:
2026-03-06 18:29:41,387 LT1-thread root DEBUG client.py                 82    logger_log                : 0) class=<class 'autopts.ptsprojects.testcase.TestFunc'>, func=<bound method Stack.core_init of <autopts.ptsprojects.stack.stack.Stack object at 0x0000022A5AAC2960>> start_wid=None stop_wid=None post_wid=None skip_call=None call_count=0 args=() kwds={}
2026-03-06 18:29:41,388 LT1-thread root DEBUG client.py                 82    logger_log                : 1) class=<class 'autopts.ptsprojects.testcase.TestFunc'>, func=<bound method IutCtl.start of <autopts.ptsprojects.zephyr.iutctl.ZephyrCtl object at 0x0000022A5AA2D520>> start_wid=None stop_wid=None post_wid=None skip_call=None call_count=0 args=(<autopts.ptsprojects.zephyr.ztestcase.ZTestCase object at 0x0000022A5AE13C80>,) kwds={}
2026-03-06 18:29:41,388 LT1-thread root DEBUG client.py                 82    logger_log                : 2) class=<class 'autopts.ptsprojects.testcase.TestFunc'>, func=<bound method IutCtl.wait_iut_ready_event of <autopts.ptsprojects.zephyr.iutctl.ZephyrCtl object at 0x0000022A5AA2D520>> start_wid=None stop_wid=None post_wid=None skip_call=None call_count=0 args=(False,) kwds={}
2026-03-06 18:29:41,388 LT1-thread root DEBUG client.py                 82    logger_log                : 3) class=<class 'autopts.ptsprojects.testcase.TestFunc'>, func=<function core_reg_svc_gap at 0x0000022A585A6020> start_wid=None stop_wid=None post_wid=None skip_call=None call_count=102 args=() kwds={}
2026-03-06 18:29:41,388 LT1-thread root DEBUG client.py                 82    logger_log                : 4) class=<class 'autopts.ptsprojects.testcase.TestFunc'>, func=<bound method Stack.gap_init of <autopts.ptsprojects.stack.stack.Stack object at 0x0000022A5AAC2960>> start_wid=None stop_wid=None post_wid=None skip_call=None call_count=101 args=(b'Tester_08E44E',) kwds={}
2026-03-06 18:29:41,388 LT1-thread root DEBUG client.py                 82    logger_log                : 5) class=<class 'autopts.ptsprojects.testcase.TestFunc'>, func=<function gap_read_ctrl_info at 0x0000022A585E0400> start_wid=None stop_wid=None post_wid=None skip_call=None call_count=101 args=() kwds={}
2026-03-06 18:29:41,388 LT1-thread root DEBUG client.py                 82    logger_log                : 6) class=<class 'autopts.ptsprojects.testcase.TestFunc'>, func=<function test_cases.<locals>.<lambda> at 0x0000022A5AB649A0> start_wid=None stop_wid=None post_wid=None skip_call=None call_count=101 args=() kwds={}
2026-03-06 18:29:41,388 LT1-thread root DEBUG client.py                 82    logger_log                : 7) class=<class 'autopts.ptsprojects.testcase.TestFunc'>, func=<function set_pts_addr at 0x0000022A585A5BC0> start_wid=None stop_wid=None post_wid=None skip_call=None call_count=101 args=('00:1B:DC:08:E4:4E', 0) kwds={}
2026-03-06 18:29:41,388 LT1-thread root DEBUG client.py                 82    logger_log                : 8) class=<class 'autopts.ptsprojects.testcase.TestFunc'>, func=<function core_reg_svc_avrcp at 0x0000022A585A7740> start_wid=None stop_wid=None post_wid=None skip_call=None call_count=101 args=() kwds={}
2026-03-06 18:29:41,388 LT1-thread root DEBUG client.py                 82    logger_log                : 9) class=<class 'autopts.ptsprojects.testcase.TestFunc'>, func=<bound method Stack.avrcp_init of <autopts.ptsprojects.stack.stack.Stack object at 0x0000022A5AAC2960>> start_wid=None stop_wid=None post_wid=None skip_call=None call_count=101 args=() kwds={}
2026-03-06 18:29:41,388 LT1-thread root DEBUG client.py                 82    logger_log                : 10) class=<class 'autopts.ptsprojects.testcase.TestFuncCleanUp'>, func=<bound method Stack.cleanup of <autopts.ptsprojects.stack.stack.Stack object at 0x0000022A5AAC2960>> start_wid=None stop_wid=None post_wid=None skip_call=None call_count=0 args=() kwds={}
2026-03-06 18:29:41,388 LT1-thread root DEBUG client.py                 82    logger_log                : 11) class=<class 'autopts.ptsprojects.testcase.TestFuncCleanUp'>, func=<bound method ZephyrCtl.stop of <autopts.ptsprojects.zephyr.iutctl.ZephyrCtl object at 0x0000022A5AA2D520>> start_wid=None stop_wid=None post_wid=None skip_call=None call_count=0 args=() kwds={}
2026-03-06 18:29:41,388 LT1-thread root DEBUG client.py                 82    logger_log                : pre_run, run pre test case script
2026-03-06 18:29:41,411 LT1-thread root DEBUG client.py                 82    logger_log                : Starting test function: class=<class 'autopts.ptsprojects.testcase.TestFunc'>, func=<bound method Stack.core_init of <autopts.ptsprojects.stack.stack.Stack object at 0x0000022A5AAC2960>> start_wid=None stop_wid=None post_wid=None skip_call=None call_count=1 args=() kwds={}
2026-03-06 18:29:41,411 LT1-thread root DEBUG client.py                 82    logger_log                : Test function parameters: args=(), kwds={}
2026-03-06 18:29:41,411 LT1-thread root DEBUG client.py                 82    logger_log                : Starting test function: class=<class 'autopts.ptsprojects.testcase.TestFunc'>, func=<bound method IutCtl.start of <autopts.ptsprojects.zephyr.iutctl.ZephyrCtl object at 0x0000022A5AA2D520>> start_wid=None stop_wid=None post_wid=None skip_call=None call_count=1 args=(<autopts.ptsprojects.zephyr.ztestcase.ZTestCase object at 0x0000022A5AE13C80>,) kwds={}
2026-03-06 18:29:41,411 LT1-thread root DEBUG client.py                 82    logger_log                : Test function parameters: args=(<autopts.ptsprojects.zephyr.ztestcase.ZTestCase object at 0x0000022A5AE13C80>,), kwds={}
2026-03-06 18:29:41,411 LT1-thread root DEBUG client.py                 82    logger_log                : <class 'autopts.ptsprojects.zephyr.iutctl.ZephyrCtl'>.start
2026-03-06 18:29:41,412 LT1-thread root DEBUG client.py                 82    logger_log                : <class 'autopts.ptsprojects.zephyr.iutctl.ZephyrCtl'>.flush_serial
2026-03-06 18:29:42,633 LT1-thread root DEBUG client.py                 82    logger_log                : Starting socat process: socat.exe -x -v tcp:10.17.12.9:64218,retry=100,interval=1 /dev/ttyS2,raw,b115200,
2026-03-06 18:29:42,650 LT1-thread root DEBUG client.py                 82    logger_log                : accept
2026-03-06 18:29:42,722 BTPWorkerThread-3331 (_rx_task) root DEBUG client.py                 82    logger_log                : BTPWorkerThread-3331 (_rx_task) started
2026-03-06 18:29:42,722 LT1-thread root DEBUG client.py                 82    logger_log                : Starting test function: class=<class 'autopts.ptsprojects.testcase.TestFunc'>, func=<bound method IutCtl.wait_iut_ready_event of <autopts.ptsprojects.zephyr.iutctl.ZephyrCtl object at 0x0000022A5AA2D520>> start_wid=None stop_wid=None post_wid=None skip_call=None call_count=1 args=(False,) kwds={}
2026-03-06 18:29:42,722 LT1-thread root DEBUG client.py                 82    logger_log                : Test function parameters: args=(False,), kwds={}
2026-03-06 18:29:42,723 LT1-thread root DEBUG client.py                 82    logger_log                : IUT ready event received OK
2026-03-06 18:29:42,724 LT1-thread root DEBUG client.py                 82    logger_log                : Starting test function: class=<class 'autopts.ptsprojects.testcase.TestFunc'>, func=<function core_reg_svc_gap at 0x0000022A585A6020> start_wid=None stop_wid=None post_wid=None skip_call=None call_count=103 args=() kwds={}
2026-03-06 18:29:42,724 LT1-thread root DEBUG client.py                 82    logger_log                : Test function parameters: args=(), kwds={}
2026-03-06 18:29:42,724 LT1-thread root DEBUG client.py                 82    logger_log                : core_reg_svc_univ: gap_reg (GAP)
2026-03-06 18:29:42,724 LT1-thread root DEBUG client.py                 82    logger_log                : send, 0 3 255 '1'
2026-03-06 18:29:42,724 LT1-thread root DEBUG client.py                 82    logger_log                : sending frame '0003ff010001'
2026-03-06 18:29:42,724 LT1-thread root DEBUG client.py                 82    logger_log                : core_reg_svc_rsp_succ
2026-03-06 18:29:42,724 LT1-thread root DEBUG client.py                 82    logger_log                : read
2026-03-06 18:29:46,909 BTPWorkerThread-3331 (_rx_task) root DEBUG client.py                 82    logger_log                : Read 5 bytes
2026-03-06 18:29:46,920 BTPWorkerThread-3331 (_rx_task) root DEBUG client.py                 82    logger_log                : Received: hdr: Header(svc_id=0x00, op=0x03, ctrl_index=0xff, data_len=0x00) bytearray(b'\x00\x03\xff\x00\x00')
2026-03-06 18:29:46,926 BTPWorkerThread-3331 (_rx_task) root DEBUG client.py                 82    logger_log                : Received data: {''}, bytearray(b'')
2026-03-06 18:29:46,931 LT1-thread root DEBUG client.py                 82    logger_log                : received Header(svc_id=0, op=3, ctrl_index=255, data_len=0) (b'',)
2026-03-06 18:29:46,931 LT1-thread root DEBUG client.py                 82    logger_log                : expected ((0, 3, 255, 0), (b'',))
2026-03-06 18:29:46,931 LT1-thread root DEBUG client.py                 82    logger_log                : response is valid
2026-03-06 18:29:46,931 LT1-thread root DEBUG client.py                 82    logger_log                : Reading supported commands for service: GAP
2026-03-06 18:29:46,931 LT1-thread root DEBUG client.py                 82    logger_log                : send, 1 1 255 ''
2026-03-06 18:29:46,931 LT1-thread root DEBUG client.py                 82    logger_log                : sending frame '0101ff0000'
2026-03-06 18:29:46,932 LT1-thread root DEBUG client.py                 82    logger_log                : read
2026-03-06 18:29:46,971 BTPWorkerThread-3331 (_rx_task) root DEBUG client.py                 82    logger_log                : Read 5 bytes
2026-03-06 18:29:46,981 BTPWorkerThread-3331 (_rx_task) root DEBUG client.py                 82    logger_log                : Received: hdr: Header(svc_id=0x01, op=0x01, ctrl_index=0xff, data_len=0x07) bytearray(b'\x01\x01\xff\x07\x00')
2026-03-06 18:29:46,993 BTPWorkerThread-3331 (_rx_task) root DEBUG client.py                 82    logger_log                : Read 7 bytes data
2026-03-06 18:29:47,004 BTPWorkerThread-3331 (_rx_task) root DEBUG client.py                 82    logger_log                : Received data: {'6e ff 7f 1f fe f7 0e'}, bytearray(b'n\xff\x7f\x1f\xfe\xf7\x0e')
2026-03-06 18:29:47,010 LT1-thread root DEBUG client.py                 82    logger_log                : Starting test function: class=<class 'autopts.ptsprojects.testcase.TestFunc'>, func=<bound method Stack.gap_init of <autopts.ptsprojects.stack.stack.Stack object at 0x0000022A5AAC2960>> start_wid=None stop_wid=None post_wid=None skip_call=None call_count=102 args=(b'Tester_08E44E',) kwds={}
2026-03-06 18:29:47,010 LT1-thread root DEBUG client.py                 82    logger_log                : Test function parameters: args=(b'Tester_08E44E',), kwds={}
2026-03-06 18:29:47,010 LT1-thread root DEBUG client.py                 82    logger_log                : Starting test function: class=<class 'autopts.ptsprojects.testcase.TestFunc'>, func=<function gap_read_ctrl_info at 0x0000022A585E0400> start_wid=None stop_wid=None post_wid=None skip_call=None call_count=102 args=() kwds={}
2026-03-06 18:29:47,010 LT1-thread root DEBUG client.py                 82    logger_log                : Test function parameters: args=(), kwds={}
2026-03-06 18:29:47,010 LT1-thread root DEBUG client.py                 82    logger_log                : gap_read_ctrl_info
2026-03-06 18:29:47,010 LT1-thread root DEBUG client.py                 82    logger_log                : send, 1 3 0 ''
2026-03-06 18:29:47,010 LT1-thread root DEBUG client.py                 82    logger_log                : sending frame '0103000000'
2026-03-06 18:29:47,010 LT1-thread root DEBUG client.py                 82    logger_log                : read
2026-03-06 18:29:47,053 BTPWorkerThread-3331 (_rx_task) root DEBUG client.py                 82    logger_log                : Read 5 bytes
2026-03-06 18:29:47,070 BTPWorkerThread-3331 (_rx_task) root DEBUG client.py                 82    logger_log                : Received: hdr: Header(svc_id=0x01, op=0x03, ctrl_index=0x00, data_len=0x115) bytearray(b'\x01\x03\x00\x15\x01')
2026-03-06 18:29:47,070 BTPWorkerThread-3331 (_rx_task) root DEBUG client.py                 82    logger_log                : Read 277 bytes data
2026-03-06 18:29:47,070 BTPWorkerThread-3331 (_rx_task) root DEBUG client.py                 82    logger_log                : Received data: {'19 78 ee 69 17 d0 d3 06 02 00 13 02 00 00 00 00 00 62 74 70 5f 74 65 73 74 65 72 00 00 00 00 00 00 00 00 00 00 00 00 00 00 00 00 00 00 00 00 00 00 00 00 00 00 00 00 00 00 00 00 00 00 00 00 00 00 00 00 00 00 00 00 00 00 00 00 00 00 00 00 00 00 00 00 00 00 00 00 00 00 00 00 00 00 00 00 00 00 00 00 00 00 00 00 00 00 00 00 00 00 00 00 00 00 00 00 00 00 00 00 00 00 00 00 00 00 00 00 00 00 00 00 00 00 00 00 00 00 00 00 00 00 00 00 00 00 00 00 00 00 00 00 00 00 00 00 00 00 00 00 00 00 00 00 00 00 00 00 00 00 00 00 00 00 00 00 00 00 00 00 00 00 00 00 00 00 00 00 00 00 00 00 00 00 00 00 00 00 00 00 00 00 00 00 00 00 00 00 00 00 00 00 00 00 00 00 00 00 00 00 00 00 00 00 00 00 00 00 00 00 00 00 00 00 00 00 00 00 00 00 00 00 00 00 00 00 00 00 00 00 00 00 00 00 00 00 00 00 00 00 00 00 00 00 00 00 00 00 00 00 00 00 00 00 00 00 00 00'}, bytearray(b'\x19x\xeei\x17\xd0\xd3\x06\x02\x00\x13\x02\x00\x00\x00\x00\x00btp_tester\x00\x00\x00\x00\x00\x00\x00\x00\x00\x00\x00\x00\x00\x00\x00\x00\x00\x00\x00\x00\x00\x00\x00\x00\x00\x00\x00\x00\x00\x00\x00\x00\x00\x00\x00\x00\x00\x00\x00\x00\x00\x00\x00\x00\x00\x00\x00\x00\x00\x00\x00\x00\x00\x00\x00\x00\x00\x00\x00\x00\x00\x00\x00\x00\x00\x00\x00\x00\x00\x00\x00\x00\x00\x00\x00\x00\x00\x00\x00\x00\x00\x00\x00\x00\x00\x00\x00\x00\x00\x00\x00\x00\x00\x00\x00\x00\x00\x00\x00\x00\x00\x00\x00\x00\x00\x00\x00\x00\x00\x00\x00\x00\x00\x00\x00\x00\x00\x00\x00\x00\x00\x00\x00\x00\x00\x00\x00\x00\x00\x00\x00\x00\x00\x00\x00\x00\x00\x00\x00\x00\x00\x00\x00\x00\x00\x00\x00\x00\x00\x00\x00\x00\x00\x00\x00\x00\x00\x00\x00\x00\x00\x00\x00\x00\x00\x00\x00\x00\x00\x00\x00\x00\x00\x00\x00\x00\x00\x00\x00\x00\x00\x00\x00\x00\x00\x00\x00\x00\x00\x00\x00\x00\x00\x00\x00\x00\x00\x00\x00\x00\x00\x00\x00\x00\x00\x00\x00\x00\x00\x00\x00\x00\x00\x00\x00\x00\x00\x00\x00\x00\x00\x00\x00\x00\x00\x00\x00\x00\x00\x00\x00\x00\x00\x00\x00\x00\x00\x00\x00\x00\x00\x00\x00\x00\x00\x00\x00\x00\x00\x00')
2026-03-06 18:29:47,077 LT1-thread root DEBUG client.py                 82    logger_log                : received Header(svc_id=1, op=3, ctrl_index=0, data_len=277) (b'\x19x\xeei\x17\xd0\xd3\x06\x02\x00\x13\x02\x00\x00\x00\x00\x00btp_tester\x00\x00\x00\x00\x00\x00\x00\x00\x00\x00\x00\x00\x00\x00\x00\x00\x00\x00\x00\x00\x00\x00\x00\x00\x00\x00\x00\x00\x00\x00\x00\x00\x00\x00\x00\x00\x00\x00\x00\x00\x00\x00\x00\x00\x00\x00\x00\x00\x00\x00\x00\x00\x00\x00\x00\x00\x00\x00\x00\x00\x00\x00\x00\x00\x00\x00\x00\x00\x00\x00\x00\x00\x00\x00\x00\x00\x00\x00\x00\x00\x00\x00\x00\x00\x00\x00\x00\x00\x00\x00\x00\x00\x00\x00\x00\x00\x00\x00\x00\x00\x00\x00\x00\x00\x00\x00\x00\x00\x00\x00\x00\x00\x00\x00\x00\x00\x00\x00\x00\x00\x00\x00\x00\x00\x00\x00\x00\x00\x00\x00\x00\x00\x00\x00\x00\x00\x00\x00\x00\x00\x00\x00\x00\x00\x00\x00\x00\x00\x00\x00\x00\x00\x00\x00\x00\x00\x00\x00\x00\x00\x00\x00\x00\x00\x00\x00\x00\x00\x00\x00\x00\x00\x00\x00\x00\x00\x00\x00\x00\x00\x00\x00\x00\x00\x00\x00\x00\x00\x00\x00\x00\x00\x00\x00\x00\x00\x00\x00\x00\x00\x00\x00\x00\x00\x00\x00\x00\x00\x00\x00\x00\x00\x00\x00\x00\x00\x00\x00\x00\x00\x00\x00\x00\x00\x00\x00\x00\x00\x00\x00\x00\x00\x00\x00\x00\x00\x00\x00\x00\x00\x00\x00\x00\x00\x00\x00\x00\x00\x00\x00',)
2026-03-06 18:29:47,077 LT1-thread root DEBUG client.py                 82    logger_log                : IUT address 'd01769ee7819' 'public'
2026-03-06 18:29:47,077 LT1-thread root DEBUG client.py                 82    logger_log                : __gap_current_settings_update 531
2026-03-06 18:29:47,078 LT1-thread root DEBUG client.py                 82    logger_log                : Starting test function: class=<class 'autopts.ptsprojects.testcase.TestFunc'>, func=<function test_cases.<locals>.<lambda> at 0x0000022A5AB649A0> start_wid=None stop_wid=None post_wid=None skip_call=None call_count=102 args=() kwds={}
2026-03-06 18:29:47,078 LT1-thread root DEBUG client.py                 82    logger_log                : Test function parameters: args=(), kwds={}
2026-03-06 18:29:47,082 LT1-thread root DEBUG client.py                 82    logger_log                : Starting test function: class=<class 'autopts.ptsprojects.testcase.TestFunc'>, func=<function set_pts_addr at 0x0000022A585A5BC0> start_wid=None stop_wid=None post_wid=None skip_call=None call_count=102 args=('00:1B:DC:08:E4:4E', 0) kwds={}
2026-03-06 18:29:47,082 LT1-thread root DEBUG client.py                 82    logger_log                : Test function parameters: args=('00:1B:DC:08:E4:4E', 0), kwds={}
2026-03-06 18:29:47,082 LT1-thread root DEBUG client.py                 82    logger_log                : Starting test function: class=<class 'autopts.ptsprojects.testcase.TestFunc'>, func=<function core_reg_svc_avrcp at 0x0000022A585A7740> start_wid=None stop_wid=None post_wid=None skip_call=None call_count=102 args=() kwds={}
2026-03-06 18:29:47,082 LT1-thread root DEBUG client.py                 82    logger_log                : Test function parameters: args=(), kwds={}
2026-03-06 18:29:47,083 LT1-thread root DEBUG client.py                 82    logger_log                : core_reg_svc_univ: avrcp_reg (AVRCP)
2026-03-06 18:29:47,083 LT1-thread root DEBUG client.py                 82    logger_log                : send, 0 3 255 '37'
2026-03-06 18:29:47,083 LT1-thread root DEBUG client.py                 82    logger_log                : sending frame '0003ff010025'
2026-03-06 18:29:47,083 LT1-thread root DEBUG client.py                 82    logger_log                : core_reg_svc_rsp_succ
2026-03-06 18:29:47,083 LT1-thread root DEBUG client.py                 82    logger_log                : read
2026-03-06 18:29:47,115 BTPWorkerThread-3331 (_rx_task) root DEBUG client.py                 82    logger_log                : Read 5 bytes
2026-03-06 18:29:47,126 BTPWorkerThread-3331 (_rx_task) root DEBUG client.py                 82    logger_log                : Received: hdr: Header(svc_id=0x00, op=0x03, ctrl_index=0xff, data_len=0x00) bytearray(b'\x00\x03\xff\x00\x00')
2026-03-06 18:29:47,136 BTPWorkerThread-3331 (_rx_task) root DEBUG client.py                 82    logger_log                : Received data: {''}, bytearray(b'')
2026-03-06 18:29:47,153 LT1-thread root DEBUG client.py                 82    logger_log                : received Header(svc_id=0, op=3, ctrl_index=255, data_len=0) (b'',)
2026-03-06 18:29:47,153 LT1-thread root DEBUG client.py                 82    logger_log                : expected ((0, 3, 255, 0), (b'',))
2026-03-06 18:29:47,153 LT1-thread root DEBUG client.py                 82    logger_log                : response is valid
2026-03-06 18:29:47,153 LT1-thread root DEBUG client.py                 82    logger_log                : Reading supported commands for service: AVRCP
2026-03-06 18:29:47,153 LT1-thread root DEBUG client.py                 82    logger_log                : send, 37 1 255 ''
2026-03-06 18:29:47,153 LT1-thread root DEBUG client.py                 82    logger_log                : sending frame '2501ff0000'
2026-03-06 18:29:47,154 LT1-thread root DEBUG client.py                 82    logger_log                : read
2026-03-06 18:29:47,195 BTPWorkerThread-3331 (_rx_task) root DEBUG client.py                 82    logger_log                : Read 5 bytes
2026-03-06 18:29:47,207 BTPWorkerThread-3331 (_rx_task) root DEBUG client.py                 82    logger_log                : Received: hdr: Header(svc_id=0x25, op=0x01, ctrl_index=0xff, data_len=0x05) bytearray(b'%\x01\xff\x05\x00')
2026-03-06 18:29:47,207 BTPWorkerThread-3331 (_rx_task) root DEBUG client.py                 82    logger_log                : Read 5 bytes data
2026-03-06 18:29:47,207 BTPWorkerThread-3331 (_rx_task) root DEBUG client.py                 82    logger_log                : Received data: {'fe ff ff ff 1f'}, bytearray(b'\xfe\xff\xff\xff\x1f')
2026-03-06 18:29:47,207 LT1-thread root DEBUG client.py                 82    logger_log                : Starting test function: class=<class 'autopts.ptsprojects.testcase.TestFunc'>, func=<bound method Stack.avrcp_init of <autopts.ptsprojects.stack.stack.Stack object at 0x0000022A5AAC2960>> start_wid=None stop_wid=None post_wid=None skip_call=None call_count=102 args=() kwds={}
2026-03-06 18:29:47,208 LT1-thread root DEBUG client.py                 82    logger_log                : Test function parameters: args=(), kwds={}
2026-03-06 18:29:47,209 LT1-thread root DEBUG client.py                 82    logger_log                : ClientCallback.get_result run_test_case
2026-03-06 18:29:49,215 LT1-callback ClientCallback.on_implicit_send INFO client.py                 82    logger_log                : 
    ********************
    BEGIN OnImplicitSend:
    project_name: AVRCP
    wid: 20000
    test_case_name: AVRCP/TG/SGSIT/ATTR/BV-06-C
    description: Please prepare IUT into a connectable mode in BR/EDR.

Description: Verify that the Implementation Under Test (IUT) can accept GATT connect request from PTS.
    style: MMI_Style_Ok_Cancel1 0x11041
2026-03-06 18:29:49,216 LT1-callback ClientCallback.on_implicit_send INFO client.py                 82    logger_log                : Calling test cases on_implicit_send
2026-03-06 18:29:49,216 LT1-callback ClientCallback.on_implicit_send INFO client.py                 82    logger_log                : 
    on_implicit_send returned response: WAIT
    END OnImplicitSend
    ********************
2026-03-06 18:29:50,210 LT1-thread root DEBUG client.py                 82    logger_log                : AVRCP AVRCP/TG/SGSIT/ATTR/BV-06-C on_implicit_send
2026-03-06 18:29:50,210 LT1-thread root DEBUG client.py                 82    logger_log                : avrcp_wid_hdl, 20000, Please prepare IUT into a connectable mode in BR/EDR.

Description: Verify that the Implementation Under Test (IUT) can accept GATT connect request from PTS., AVRCP/TG/SGSIT/ATTR/BV-06-C
2026-03-06 18:29:50,210 LT1-thread root DEBUG client.py                 82    logger_log                : gap_set_conn
2026-03-06 18:29:50,210 LT1-thread root DEBUG client.py                 82    logger_log                : gap_set_gendiscov
2026-03-06 18:29:50,210 LT1-thread root DEBUG client.py                 82    logger_log                : send, 1 8 0 '1'
2026-03-06 18:29:50,210 LT1-thread root DEBUG client.py                 82    logger_log                : sending frame '010800010001'
2026-03-06 18:29:50,211 LT1-thread root DEBUG client.py                 82    logger_log                : gap_command_rsp_succ
2026-03-06 18:29:50,211 LT1-thread root DEBUG client.py                 82    logger_log                : read
2026-03-06 18:29:50,264 BTPWorkerThread-3331 (_rx_task) root DEBUG client.py                 82    logger_log                : Read 5 bytes
2026-03-06 18:29:50,275 BTPWorkerThread-3331 (_rx_task) root DEBUG client.py                 82    logger_log                : Received: hdr: Header(svc_id=0x01, op=0x08, ctrl_index=0x00, data_len=0x04) bytearray(b'\x01\x08\x00\x04\x00')
2026-03-06 18:29:50,286 BTPWorkerThread-3331 (_rx_task) root DEBUG client.py                 82    logger_log                : Read 4 bytes data
2026-03-06 18:29:50,291 BTPWorkerThread-3331 (_rx_task) root DEBUG client.py                 82    logger_log                : Received data: {'1b 02 00 00'}, bytearray(b'\x1b\x02\x00\x00')
2026-03-06 18:29:50,291 LT1-thread root DEBUG client.py                 82    logger_log                : received Header(svc_id=1, op=8, ctrl_index=0, data_len=4) (b'\x1b\x02\x00\x00',)
2026-03-06 18:29:50,291 LT1-thread root DEBUG client.py                 82    logger_log                : __gap_current_settings_update (b'\x1b\x02\x00\x00',)
2026-03-06 18:29:50,291 LT1-thread root DEBUG client.py                 82    logger_log                : gap_adv_ind_on {9: b'Tester_08E44E'} None
2026-03-06 18:29:50,291 LT1-thread root DEBUG client.py                 82    logger_log                : send, 1 10 0 "bytearray(b'\\x0f\\x00\\t\\rTester_08E44E\\xff\\xff\\xff\\xff\\x00')"
2026-03-06 18:29:50,292 LT1-thread root DEBUG client.py                 82    logger_log                : sending frame '010a0016000f00090d5465737465725f303845343445ffffffff00'
2026-03-06 18:29:50,292 LT1-thread root DEBUG client.py                 82    logger_log                : gap_command_rsp_succ
2026-03-06 18:29:50,292 LT1-thread root DEBUG client.py                 82    logger_log                : read
2026-03-06 18:29:50,335 BTPWorkerThread-3331 (_rx_task) root DEBUG client.py                 82    logger_log                : Read 5 bytes
2026-03-06 18:29:50,345 BTPWorkerThread-3331 (_rx_task) root DEBUG client.py                 82    logger_log                : Received: hdr: Header(svc_id=0x01, op=0x0a, ctrl_index=0x00, data_len=0x04) bytearray(b'\x01\n\x00\x04\x00')
2026-03-06 18:29:50,368 BTPWorkerThread-3331 (_rx_task) root DEBUG client.py                 82    logger_log                : Read 4 bytes data
2026-03-06 18:29:50,379 BTPWorkerThread-3331 (_rx_task) root DEBUG client.py                 82    logger_log                : Received data: {'1b 06 00 00'}, bytearray(b'\x1b\x06\x00\x00')
2026-03-06 18:29:50,390 LT1-thread root DEBUG client.py                 82    logger_log                : received Header(svc_id=1, op=10, ctrl_index=0, data_len=4) (b'\x1b\x06\x00\x00',)
2026-03-06 18:29:50,390 LT1-thread root DEBUG client.py                 82    logger_log                : __gap_current_settings_update (b'\x1b\x06\x00\x00',)
2026-03-06 18:29:50,390 LT1-thread root DEBUG client.py                 82    logger_log                : Sending response 'OK' to wid 20000 test case AVRCP/TG/SGSIT/ATTR/BV-06-C
2026-03-06 18:29:50,392 LT1-thread root DEBUG client.py                 82    logger_log                : ClientCallback.get_result run_test_case
2026-03-06 18:29:53,059 BTPWorkerThread-3331 (_rx_task) root DEBUG client.py                 82    logger_log                : Read 5 bytes
2026-03-06 18:29:53,060 BTPWorkerThread-3331 (_rx_task) root DEBUG client.py                 82    logger_log                : Received: hdr: Header(svc_id=0x01, op=0x82, ctrl_index=0x00, data_len=0x0d) bytearray(b'\x01\x82\x00\r\x00')
2026-03-06 18:29:53,060 BTPWorkerThread-3331 (_rx_task) root DEBUG client.py                 82    logger_log                : Read 13 bytes data
2026-03-06 18:29:53,060 BTPWorkerThread-3331 (_rx_task) root DEBUG client.py                 82    logger_log                : Received data: {'e0 4e e4 08 dc 1b 00 00 00 00 00 00 00'}, bytearray(b'\xe0N\xe4\x08\xdc\x1b\x00\x00\x00\x00\x00\x00\x00')
2026-03-06 18:29:53,060 BTPWorkerThread-3331 (_rx_task) root DEBUG client.py                 82    logger_log                : event_handler Header(svc_id=1, op=130, ctrl_index=0, data_len=13) (b'\xe0N\xe4\x08\xdc\x1b\x00\x00\x00\x00\x00\x00\x00',)
2026-03-06 18:29:53,060 BTPWorkerThread-3331 (_rx_task) root DEBUG client.py                 82    logger_log                : gap_connected_ev_ b'\xe0N\xe4\x08\xdc\x1b\x00\x00\x00\x00\x00\x00\x00'
2026-03-06 18:29:53,060 BTPWorkerThread-3331 (_rx_task) root DEBUG client.py                 82    logger_log                : Read 5 bytes
2026-03-06 18:29:53,060 BTPWorkerThread-3331 (_rx_task) root DEBUG client.py                 82    logger_log                : Received: hdr: Header(svc_id=0x01, op=0x80, ctrl_index=0x00, data_len=0x04) bytearray(b'\x01\x80\x00\x04\x00')
2026-03-06 18:29:53,060 BTPWorkerThread-3331 (_rx_task) root DEBUG client.py                 82    logger_log                : Read 4 bytes data
2026-03-06 18:29:53,061 BTPWorkerThread-3331 (_rx_task) root DEBUG client.py                 82    logger_log                : Received data: {'1b 02 00 00'}, bytearray(b'\x1b\x02\x00\x00')
2026-03-06 18:29:53,061 BTPWorkerThread-3331 (_rx_task) root DEBUG client.py                 82    logger_log                : event_handler Header(svc_id=1, op=128, ctrl_index=0, data_len=4) (b'\x1b\x02\x00\x00',)
2026-03-06 18:29:53,061 BTPWorkerThread-3331 (_rx_task) root DEBUG client.py                 82    logger_log                : gap_new_settings_ev_ b'\x1b\x02\x00\x00'
2026-03-06 18:29:53,061 BTPWorkerThread-3331 (_rx_task) root DEBUG client.py                 82    logger_log                : __gap_current_settings_update 539
2026-03-06 18:29:54,141 BTPWorkerThread-3331 (_rx_task) root DEBUG client.py                 82    logger_log                : Read 5 bytes
2026-03-06 18:29:54,142 BTPWorkerThread-3331 (_rx_task) root DEBUG client.py                 82    logger_log                : Received: hdr: Header(svc_id=0x01, op=0x83, ctrl_index=0x00, data_len=0x07) bytearray(b'\x01\x83\x00\x07\x00')
2026-03-06 18:29:54,142 BTPWorkerThread-3331 (_rx_task) root DEBUG client.py                 82    logger_log                : Read 7 bytes data
2026-03-06 18:29:54,142 BTPWorkerThread-3331 (_rx_task) root DEBUG client.py                 82    logger_log                : Received data: {'e0 4e e4 08 dc 1b 00'}, bytearray(b'\xe0N\xe4\x08\xdc\x1b\x00')
2026-03-06 18:29:54,142 BTPWorkerThread-3331 (_rx_task) root DEBUG client.py                 82    logger_log                : event_handler Header(svc_id=1, op=131, ctrl_index=0, data_len=7) (b'\xe0N\xe4\x08\xdc\x1b\x00',)
2026-03-06 18:29:54,142 BTPWorkerThread-3331 (_rx_task) root DEBUG client.py                 82    logger_log                : gap_disconnected_ev_ b'\xe0N\xe4\x08\xdc\x1b\x00'
2026-03-06 18:29:56,847 LT1-callback ClientCallback.log INFO client.py                 82    logger_log                : PTS_LOGTYPE_START_TEST Start Test Case 

+141 ms
 AVRCP/TG/SGSIT/ATTR/BV-06-C AVRCP/TG/SGSIT/ATTR/BV-06-C

2026-03-06 18:29:57,178 LT1-callback ClientCallback.log INFO client.py                 82    logger_log                : PTS_LOGTYPE_FINAL_VERDICT Final Verdict 

+9000 ms
 AVRCP/TG/SGSIT/ATTR/BV-06-C PASS

2026-03-06 18:29:57,183 LT1-callback ClientCallback.log INFO client.py                 82    logger_log                : PTS_LOGTYPE_FINAL_VERDICT Encrypted Verdict 

+9000 ms
 AVRCP/TG/SGSIT/ATTR/BV-06-C A1#ZWY4MzQ5MDg3MmQwNTIxOGQzMzQ5YjY2ODA5M2MzNjQ5ZDY4NmY0Yjc2MzIzM2VkNTUyNTFhNGU4Mjg1MjI0NA==#FU7I8tdMUWMZnpeliMMGupACGJoL5hixTuQ6RoziCAs5IGU4pcwT4afXcPSPny6dqw1gyv9gIxc=

2026-03-06 18:29:57,187 LT1-callback ClientCallback.log INFO client.py                 82    logger_log                : PTS_LOGTYPE_END_TEST Test Case Ended 

+9000 ms
 AVRCP/TG/SGSIT/ATTR/BV-06-C AVRCP/TG/SGSIT/ATTR/BV-06-C

2026-03-06 18:29:57,215 LT1-callback root DEBUG client.py                 82    logger_log                : ClientCallback, set_result, run_test_case, PASS
2026-03-06 18:29:57,215 LT1-thread root DEBUG client.py                 82    logger_log                : After run_test_case error_code=0 status='PASS'
2026-03-06 18:29:57,216 LT1-thread root DEBUG client.py                 82    logger_log                : post_run AVRCP AVRCP/TG/SGSIT/ATTR/BV-06-C 0
2026-03-06 18:29:57,216 LT1-thread root DEBUG client.py                 82    logger_log                : Starting test function: class=<class 'autopts.ptsprojects.testcase.TestFuncCleanUp'>, func=<bound method Stack.cleanup of <autopts.ptsprojects.stack.stack.Stack object at 0x0000022A5AAC2960>> start_wid=None stop_wid=None post_wid=None skip_call=None call_count=1 args=() kwds={}
2026-03-06 18:29:57,216 LT1-thread root DEBUG client.py                 82    logger_log                : Test function parameters: args=(), kwds={}
2026-03-06 18:29:57,216 LT1-thread root DEBUG client.py                 82    logger_log                : Starting test function: class=<class 'autopts.ptsprojects.testcase.TestFuncCleanUp'>, func=<bound method ZephyrCtl.stop of <autopts.ptsprojects.zephyr.iutctl.ZephyrCtl object at 0x0000022A5AA2D520>> start_wid=None stop_wid=None post_wid=None skip_call=None call_count=1 args=() kwds={}
2026-03-06 18:29:57,216 LT1-thread root DEBUG client.py                 82    logger_log                : Test function parameters: args=(), kwds={}
2026-03-06 18:29:57,217 LT1-thread root DEBUG client.py                 82    logger_log                : <class 'autopts.ptsprojects.zephyr.iutctl.ZephyrCtl'>.stop
2026-03-06 18:29:57,217 LT1-thread root DEBUG client.py                 82    logger_log                : About to reset DUT: JLink -CommandFile reset.jlink -usb 1063214216 -device MIMXRT1176XXXA_M7
2026-03-06 18:29:57,554 BTPWorkerThread-3331 (_rx_task) root DEBUG client.py                 82    logger_log                : Read 5 bytes
2026-03-06 18:29:57,554 BTPWorkerThread-3331 (_rx_task) root DEBUG client.py                 82    logger_log                : Received: hdr: Header(svc_id=0x00, op=0x80, ctrl_index=0xff, data_len=0x00) bytearray(b'\x00\x80\xff\x00\x00')
2026-03-06 18:29:57,555 BTPWorkerThread-3331 (_rx_task) root DEBUG client.py                 82    logger_log                : Received data: {''}, bytearray(b'')
2026-03-06 18:29:57,555 BTPWorkerThread-3331 (_rx_task) root DEBUG client.py                 82    logger_log                : event_handler Header(svc_id=0, op=128, ctrl_index=255, data_len=0) (b'',)
2026-03-06 18:29:57,555 BTPWorkerThread-3331 (_rx_task) root DEBUG client.py                 82    logger_log                : core_iut_ready_ev
2026-03-06 18:29:58,029 LT1-thread root DEBUG client.py                 82    logger_log                : IUT ready event received OK
2026-03-06 18:29:58,029 LT1-thread root DEBUG client.py                 82    logger_log                : Waiting for _rx_worker to finish ...
2026-03-06 18:29:58,555 BTPWorkerThread-3331 (_rx_task) root DEBUG client.py                 82    logger_log                : BTPWorkerThread-3331 (_rx_task) finishing...
2026-03-06 18:30:01,561 LT1-thread root DEBUG client.py                 82    logger_log                : post_run, cleanup running post test case script
2026-03-06 18:30:01,561 LT1-thread root DEBUG client.py                 82    logger_log                : post_run, run post test case script
2026-03-06 18:30:01,651 LT1-thread root DEBUG client.py                 82    logger_log                : Done TestCase _run_test_case AVRCP AVRCP/TG/SGSIT/ATTR/BV-06-C
