2025-03-05 23:23:03,588 LT1-thread root DEBUG client.py                 71    logger_log                : Starting TestCase _run_test_case GATT GATT/CL/GAT/BV-02-C
2025-03-05 23:23:03,589 LT1-thread root DEBUG client.py                 71    logger_log                : pre_run GATT GATT/CL/GAT/BV-02-C
2025-03-05 23:23:03,589 LT1-thread root DEBUG client.py                 71    logger_log                : About to run test case GATT GATT/CL/GAT/BV-02-C with commands:
2025-03-05 23:23:03,590 LT1-thread root DEBUG client.py                 71    logger_log                : 0) class=<class 'autopts.ptsprojects.testcase.TestFunc'>, func=<bound method Stack.core_init of <autopts.ptsprojects.stack.stack.Stack object at 0x0000022DC2EF3CD0>> start_wid=None stop_wid=None post_wid=None skip_call=None call_count=0 args=() kwds={}
2025-03-05 23:23:03,590 LT1-thread root DEBUG client.py                 71    logger_log                : 1) class=<class 'autopts.ptsprojects.testcase.TestFunc'>, func=<bound method ZephyrCtl.hw_reset of <autopts.ptsprojects.zephyr.iutctl.ZephyrCtl object at 0x0000022DC2EF3ED0>> start_wid=None stop_wid=None post_wid=None skip_call=None call_count=0 args=() kwds={}
2025-03-05 23:23:03,590 LT1-thread root DEBUG client.py                 71    logger_log                : 2) class=<class 'autopts.ptsprojects.testcase.TestFunc'>, func=<bound method ZephyrCtl.start of <autopts.ptsprojects.zephyr.iutctl.ZephyrCtl object at 0x0000022DC2EF3ED0>> start_wid=None stop_wid=None post_wid=None skip_call=None call_count=0 args=(<autopts.ptsprojects.zephyr.ztestcase.ZTestCase object at 0x0000022DC3213F50>,) kwds={}
2025-03-05 23:23:03,590 LT1-thread root DEBUG client.py                 71    logger_log                : 3) class=<class 'autopts.ptsprojects.testcase.TestFunc'>, func=<bound method ZephyrCtl.hw_reset of <autopts.ptsprojects.zephyr.iutctl.ZephyrCtl object at 0x0000022DC2EF3ED0>> start_wid=None stop_wid=None post_wid=None skip_call=None call_count=0 args=() kwds={}
2025-03-05 23:23:03,591 LT1-thread root DEBUG client.py                 71    logger_log                : 4) class=<class 'autopts.ptsprojects.testcase.TestFunc'>, func=<bound method ZephyrCtl.wait_iut_ready_event of <autopts.ptsprojects.zephyr.iutctl.ZephyrCtl object at 0x0000022DC2EF3ED0>> start_wid=None stop_wid=None post_wid=None skip_call=None call_count=0 args=(False,) kwds={}
2025-03-05 23:23:03,591 LT1-thread root DEBUG client.py                 71    logger_log                : 5) class=<class 'autopts.ptsprojects.testcase.TestFunc'>, func=<bound method Stack.gap_init of <autopts.ptsprojects.stack.stack.Stack object at 0x0000022DC2EF3CD0>> start_wid=None stop_wid=None post_wid=None skip_call=None call_count=73 args=(b'Tester_25DE2A',) kwds={}
2025-03-05 23:23:03,591 LT1-thread root DEBUG client.py                 71    logger_log                : 6) class=<class 'autopts.ptsprojects.testcase.TestFunc'>, func=<function core_reg_svc_gap at 0x0000022DBEE7C7C0> start_wid=None stop_wid=None post_wid=None skip_call=None call_count=73 args=() kwds={}
2025-03-05 23:23:03,591 LT1-thread root DEBUG client.py                 71    logger_log                : 7) class=<class 'autopts.ptsprojects.testcase.TestFunc'>, func=<function gap_read_ctrl_info at 0x0000022DBEE88680> start_wid=None stop_wid=None post_wid=None skip_call=None call_count=73 args=() kwds={}
2025-03-05 23:23:03,591 LT1-thread root DEBUG client.py                 71    logger_log                : 8) class=<class 'autopts.ptsprojects.testcase.TestFunc'>, func=<function test_cases_client.<locals>.<lambda> at 0x0000022DC31AD580> start_wid=None stop_wid=None post_wid=None skip_call=None call_count=73 args=() kwds={}
2025-03-05 23:23:03,591 LT1-thread root DEBUG client.py                 71    logger_log                : 9) class=<class 'autopts.ptsprojects.testcase.TestFunc'>, func=<function core_reg_svc_gatt at 0x0000022DBEE7C900> start_wid=None stop_wid=None post_wid=None skip_call=None call_count=73 args=() kwds={}
2025-03-05 23:23:03,591 LT1-thread root DEBUG client.py                 71    logger_log                : 10) class=<class 'autopts.ptsprojects.testcase.TestFunc'>, func=<function set_pts_addr at 0x0000022DBEE7C360> start_wid=None stop_wid=None post_wid=None skip_call=None call_count=73 args=('C0:07:E8:25:DE:2A', 0) kwds={}
2025-03-05 23:23:03,592 LT1-thread root DEBUG client.py                 71    logger_log                : 11) class=<class 'autopts.ptsprojects.testcase.TestFunc'>, func=<bound method Stack.gatt_init of <autopts.ptsprojects.stack.stack.Stack object at 0x0000022DC2EF3CD0>> start_wid=None stop_wid=None post_wid=None skip_call=None call_count=73 args=() kwds={}
2025-03-05 23:23:03,592 LT1-thread root DEBUG client.py                 71    logger_log                : 12) class=<class 'autopts.ptsprojects.testcase.TestFuncCleanUp'>, func=<bound method Stack.cleanup of <autopts.ptsprojects.stack.stack.Stack object at 0x0000022DC2EF3CD0>> start_wid=None stop_wid=None post_wid=None skip_call=None call_count=0 args=() kwds={}
2025-03-05 23:23:03,592 LT1-thread root DEBUG client.py                 71    logger_log                : 13) class=<class 'autopts.ptsprojects.testcase.TestFuncCleanUp'>, func=<bound method ZephyrCtl.stop of <autopts.ptsprojects.zephyr.iutctl.ZephyrCtl object at 0x0000022DC2EF3ED0>> start_wid=None stop_wid=None post_wid=None skip_call=None call_count=0 args=() kwds={}
2025-03-05 23:23:03,592 LT1-thread root DEBUG client.py                 71    logger_log                : pre_run, run pre test case script
2025-03-05 23:23:03,605 LT1-thread root DEBUG client.py                 71    logger_log                : Starting test function: class=<class 'autopts.ptsprojects.testcase.TestFunc'>, func=<bound method Stack.core_init of <autopts.ptsprojects.stack.stack.Stack object at 0x0000022DC2EF3CD0>> start_wid=None stop_wid=None post_wid=None skip_call=None call_count=1 args=() kwds={}
2025-03-05 23:23:03,606 LT1-thread root DEBUG client.py                 71    logger_log                : Test function parameters: args=(), kwds={}
2025-03-05 23:23:03,606 LT1-thread root DEBUG client.py                 71    logger_log                : Starting test function: class=<class 'autopts.ptsprojects.testcase.TestFunc'>, func=<bound method ZephyrCtl.hw_reset of <autopts.ptsprojects.zephyr.iutctl.ZephyrCtl object at 0x0000022DC2EF3ED0>> start_wid=None stop_wid=None post_wid=None skip_call=None call_count=1 args=() kwds={}
2025-03-05 23:23:03,606 LT1-thread root DEBUG client.py                 71    logger_log                : Test function parameters: args=(), kwds={}
2025-03-05 23:23:03,606 LT1-thread root DEBUG client.py                 71    logger_log                : Starting test function: class=<class 'autopts.ptsprojects.testcase.TestFunc'>, func=<bound method ZephyrCtl.start of <autopts.ptsprojects.zephyr.iutctl.ZephyrCtl object at 0x0000022DC2EF3ED0>> start_wid=None stop_wid=None post_wid=None skip_call=None call_count=1 args=(<autopts.ptsprojects.zephyr.ztestcase.ZTestCase object at 0x0000022DC3213F50>,) kwds={}
2025-03-05 23:23:03,607 LT1-thread root DEBUG client.py                 71    logger_log                : Test function parameters: args=(<autopts.ptsprojects.zephyr.ztestcase.ZTestCase object at 0x0000022DC3213F50>,), kwds={}
2025-03-05 23:23:03,607 LT1-thread root DEBUG client.py                 71    logger_log                : <class 'autopts.ptsprojects.zephyr.iutctl.ZephyrCtl'>.start
2025-03-05 23:23:03,607 LT1-thread root DEBUG client.py                 71    logger_log                : <class 'autopts.ptsprojects.zephyr.iutctl.ZephyrCtl'>.flush_serial
2025-03-05 23:23:04,937 LT1-thread root DEBUG client.py                 71    logger_log                : Starting socat process: socat.exe -x -v tcp:10.192.253.135:62381,retry=100,interval=1 /dev/ttyS35,raw,b115200
2025-03-05 23:23:04,955 LT1-thread root DEBUG client.py                 71    logger_log                : accept
2025-03-05 23:23:05,113 BTPWorkerThread-3716 (_rx_task) root DEBUG client.py                 71    logger_log                : BTPWorkerThread-3716 (_rx_task) started
2025-03-05 23:23:05,113 LT1-thread root DEBUG client.py                 71    logger_log                : Starting test function: class=<class 'autopts.ptsprojects.testcase.TestFunc'>, func=<bound method ZephyrCtl.hw_reset of <autopts.ptsprojects.zephyr.iutctl.ZephyrCtl object at 0x0000022DC2EF3ED0>> start_wid=None stop_wid=None post_wid=None skip_call=None call_count=1 args=() kwds={}
2025-03-05 23:23:05,113 LT1-thread root DEBUG client.py                 71    logger_log                : Test function parameters: args=(), kwds={}
2025-03-05 23:23:05,114 LT1-thread root DEBUG client.py                 71    logger_log                : Starting test function: class=<class 'autopts.ptsprojects.testcase.TestFunc'>, func=<bound method ZephyrCtl.wait_iut_ready_event of <autopts.ptsprojects.zephyr.iutctl.ZephyrCtl object at 0x0000022DC2EF3ED0>> start_wid=None stop_wid=None post_wid=None skip_call=None call_count=1 args=(False,) kwds={}
2025-03-05 23:23:05,114 LT1-thread root DEBUG client.py                 71    logger_log                : Test function parameters: args=(False,), kwds={}
2025-03-05 23:23:05,116 LT1-thread root DEBUG client.py                 71    logger_log                : IUT ready event received OK
2025-03-05 23:23:05,116 LT1-thread root DEBUG client.py                 71    logger_log                : Starting test function: class=<class 'autopts.ptsprojects.testcase.TestFunc'>, func=<bound method Stack.gap_init of <autopts.ptsprojects.stack.stack.Stack object at 0x0000022DC2EF3CD0>> start_wid=None stop_wid=None post_wid=None skip_call=None call_count=74 args=(b'Tester_25DE2A',) kwds={}
2025-03-05 23:23:05,116 LT1-thread root DEBUG client.py                 71    logger_log                : Test function parameters: args=(b'Tester_25DE2A',), kwds={}
2025-03-05 23:23:05,117 LT1-thread root DEBUG client.py                 71    logger_log                : Starting test function: class=<class 'autopts.ptsprojects.testcase.TestFunc'>, func=<function core_reg_svc_gap at 0x0000022DBEE7C7C0> start_wid=None stop_wid=None post_wid=None skip_call=None call_count=74 args=() kwds={}
2025-03-05 23:23:05,117 LT1-thread root DEBUG client.py                 71    logger_log                : Test function parameters: args=(), kwds={}
2025-03-05 23:23:05,117 LT1-thread root DEBUG client.py                 71    logger_log                : core_reg_svc_gap
2025-03-05 23:23:05,118 LT1-thread root DEBUG client.py                 71    logger_log                : send, 0 3 255 '1'
2025-03-05 23:23:05,118 LT1-thread root DEBUG client.py                 71    logger_log                : sending frame '0003ff010001'
2025-03-05 23:23:05,118 LT1-thread root DEBUG client.py                 71    logger_log                : core_reg_svc_rsp_succ
2025-03-05 23:23:05,119 LT1-thread root DEBUG client.py                 71    logger_log                : read
2025-03-05 23:23:05,225 BTPWorkerThread-3716 (_rx_task) root DEBUG client.py                 71    logger_log                : Read 5 bytes
2025-03-05 23:23:05,257 BTPWorkerThread-3716 (_rx_task) root DEBUG client.py                 71    logger_log                : Received: hdr: Header(svc_id=0x00, op=0x03, ctrl_index=0xff, data_len=0x00) bytearray(b'\x00\x03\xff\x00\x00')
2025-03-05 23:23:05,288 BTPWorkerThread-3716 (_rx_task) root DEBUG client.py                 71    logger_log                : Received data: {''}, bytearray(b'')
2025-03-05 23:23:05,318 LT1-thread root DEBUG client.py                 71    logger_log                : received Header(svc_id=0, op=3, ctrl_index=255, data_len=0) (b'',)
2025-03-05 23:23:05,319 LT1-thread root DEBUG client.py                 71    logger_log                : expected ((0, 3, 255, 0), (b'',))
2025-03-05 23:23:05,319 LT1-thread root DEBUG client.py                 71    logger_log                : response is valid
2025-03-05 23:23:05,319 LT1-thread root DEBUG client.py                 71    logger_log                : Starting test function: class=<class 'autopts.ptsprojects.testcase.TestFunc'>, func=<function gap_read_ctrl_info at 0x0000022DBEE88680> start_wid=None stop_wid=None post_wid=None skip_call=None call_count=74 args=() kwds={}
2025-03-05 23:23:05,320 LT1-thread root DEBUG client.py                 71    logger_log                : Test function parameters: args=(), kwds={}
2025-03-05 23:23:05,320 LT1-thread root DEBUG client.py                 71    logger_log                : gap_read_ctrl_info
2025-03-05 23:23:05,320 LT1-thread root DEBUG client.py                 71    logger_log                : send, 1 3 0 ''
2025-03-05 23:23:05,320 LT1-thread root DEBUG client.py                 71    logger_log                : sending frame '0103000000'
2025-03-05 23:23:05,321 LT1-thread root DEBUG client.py                 71    logger_log                : read
2025-03-05 23:23:05,459 BTPWorkerThread-3716 (_rx_task) root DEBUG client.py                 71    logger_log                : Read 5 bytes
2025-03-05 23:23:05,489 BTPWorkerThread-3716 (_rx_task) root DEBUG client.py                 71    logger_log                : Received: hdr: Header(svc_id=0x01, op=0x03, ctrl_index=0x00, data_len=0x115) bytearray(b'\x01\x03\x00\x15\x01')
2025-03-05 23:23:05,550 BTPWorkerThread-3716 (_rx_task) root DEBUG client.py                 71    logger_log                : Read 277 bytes data
2025-03-05 23:23:05,582 BTPWorkerThread-3716 (_rx_task) root DEBUG client.py                 71    logger_log                : Received data: {'28 00 03 37 60 00 13 06 02 00 13 02 00 00 00 00 00 62 74 70 5f 74 65 73 74 65 72 00 00 00 00 00 00 00 00 00 00 00 00 00 00 00 00 00 00 00 00 00 00 00 00 00 00 00 00 00 00 00 00 00 00 00 00 00 00 00 00 00 00 00 00 00 00 00 00 00 00 00 00 00 00 00 00 00 00 00 00 00 00 00 00 00 00 00 00 00 00 00 00 00 00 00 00 00 00 00 00 00 00 00 00 00 00 00 00 00 00 00 00 00 00 00 00 00 00 00 00 00 00 00 00 00 00 00 00 00 00 00 00 00 00 00 00 00 00 00 00 00 00 00 00 00 00 00 00 00 00 00 00 00 00 00 00 00 00 00 00 00 00 00 00 00 00 00 00 00 00 00 00 00 00 00 00 00 00 00 00 00 00 00 00 00 00 00 00 00 00 00 00 00 00 00 00 00 00 00 00 00 00 00 00 00 00 00 00 00 00 00 00 00 00 00 00 00 00 00 00 00 00 00 00 00 00 00 00 00 00 00 00 00 00 00 00 00 00 00 00 00 00 00 00 00 00 00 00 00 00 00 00 00 00 00 00 00 00 00 00 00 00 00 00 00 00 00 00 00 00'}, bytearray(b'(\x00\x037`\x00\x13\x06\x02\x00\x13\x02\x00\x00\x00\x00\x00btp_tester\x00\x00\x00\x00\x00\x00\x00\x00\x00\x00\x00\x00\x00\x00\x00\x00\x00\x00\x00\x00\x00\x00\x00\x00\x00\x00\x00\x00\x00\x00\x00\x00\x00\x00\x00\x00\x00\x00\x00\x00\x00\x00\x00\x00\x00\x00\x00\x00\x00\x00\x00\x00\x00\x00\x00\x00\x00\x00\x00\x00\x00\x00\x00\x00\x00\x00\x00\x00\x00\x00\x00\x00\x00\x00\x00\x00\x00\x00\x00\x00\x00\x00\x00\x00\x00\x00\x00\x00\x00\x00\x00\x00\x00\x00\x00\x00\x00\x00\x00\x00\x00\x00\x00\x00\x00\x00\x00\x00\x00\x00\x00\x00\x00\x00\x00\x00\x00\x00\x00\x00\x00\x00\x00\x00\x00\x00\x00\x00\x00\x00\x00\x00\x00\x00\x00\x00\x00\x00\x00\x00\x00\x00\x00\x00\x00\x00\x00\x00\x00\x00\x00\x00\x00\x00\x00\x00\x00\x00\x00\x00\x00\x00\x00\x00\x00\x00\x00\x00\x00\x00\x00\x00\x00\x00\x00\x00\x00\x00\x00\x00\x00\x00\x00\x00\x00\x00\x00\x00\x00\x00\x00\x00\x00\x00\x00\x00\x00\x00\x00\x00\x00\x00\x00\x00\x00\x00\x00\x00\x00\x00\x00\x00\x00\x00\x00\x00\x00\x00\x00\x00\x00\x00\x00\x00\x00\x00\x00\x00\x00\x00\x00\x00\x00\x00\x00\x00\x00\x00\x00\x00\x00\x00\x00\x00\x00\x00\x00\x00\x00\x00')
2025-03-05 23:23:05,597 LT1-thread root DEBUG client.py                 71    logger_log                : received Header(svc_id=1, op=3, ctrl_index=0, data_len=277) (b'(\x00\x037`\x00\x13\x06\x02\x00\x13\x02\x00\x00\x00\x00\x00btp_tester\x00\x00\x00\x00\x00\x00\x00\x00\x00\x00\x00\x00\x00\x00\x00\x00\x00\x00\x00\x00\x00\x00\x00\x00\x00\x00\x00\x00\x00\x00\x00\x00\x00\x00\x00\x00\x00\x00\x00\x00\x00\x00\x00\x00\x00\x00\x00\x00\x00\x00\x00\x00\x00\x00\x00\x00\x00\x00\x00\x00\x00\x00\x00\x00\x00\x00\x00\x00\x00\x00\x00\x00\x00\x00\x00\x00\x00\x00\x00\x00\x00\x00\x00\x00\x00\x00\x00\x00\x00\x00\x00\x00\x00\x00\x00\x00\x00\x00\x00\x00\x00\x00\x00\x00\x00\x00\x00\x00\x00\x00\x00\x00\x00\x00\x00\x00\x00\x00\x00\x00\x00\x00\x00\x00\x00\x00\x00\x00\x00\x00\x00\x00\x00\x00\x00\x00\x00\x00\x00\x00\x00\x00\x00\x00\x00\x00\x00\x00\x00\x00\x00\x00\x00\x00\x00\x00\x00\x00\x00\x00\x00\x00\x00\x00\x00\x00\x00\x00\x00\x00\x00\x00\x00\x00\x00\x00\x00\x00\x00\x00\x00\x00\x00\x00\x00\x00\x00\x00\x00\x00\x00\x00\x00\x00\x00\x00\x00\x00\x00\x00\x00\x00\x00\x00\x00\x00\x00\x00\x00\x00\x00\x00\x00\x00\x00\x00\x00\x00\x00\x00\x00\x00\x00\x00\x00\x00\x00\x00\x00\x00\x00\x00\x00\x00\x00\x00\x00\x00\x00\x00\x00\x00\x00\x00\x00\x00\x00\x00\x00\x00',)
2025-03-05 23:23:05,598 LT1-thread root DEBUG client.py                 71    logger_log                : IUT address '006037030028' 'public'
2025-03-05 23:23:05,598 LT1-thread root DEBUG client.py                 71    logger_log                : __gap_current_settings_update 531
2025-03-05 23:23:05,599 LT1-thread root DEBUG client.py                 71    logger_log                : Starting test function: class=<class 'autopts.ptsprojects.testcase.TestFunc'>, func=<function test_cases_client.<locals>.<lambda> at 0x0000022DC31AD580> start_wid=None stop_wid=None post_wid=None skip_call=None call_count=74 args=() kwds={}
2025-03-05 23:23:05,599 LT1-thread root DEBUG client.py                 71    logger_log                : Test function parameters: args=(), kwds={}
2025-03-05 23:23:05,604 LT1-thread root DEBUG client.py                 71    logger_log                : Starting test function: class=<class 'autopts.ptsprojects.testcase.TestFunc'>, func=<function core_reg_svc_gatt at 0x0000022DBEE7C900> start_wid=None stop_wid=None post_wid=None skip_call=None call_count=74 args=() kwds={}
2025-03-05 23:23:05,605 LT1-thread root DEBUG client.py                 71    logger_log                : Test function parameters: args=(), kwds={}
2025-03-05 23:23:05,605 LT1-thread root DEBUG client.py                 71    logger_log                : core_reg_svc_gatt
2025-03-05 23:23:05,605 LT1-thread root DEBUG client.py                 71    logger_log                : send, 0 3 255 '2'
2025-03-05 23:23:05,605 LT1-thread root DEBUG client.py                 71    logger_log                : sending frame '0003ff010002'
2025-03-05 23:23:05,606 LT1-thread root DEBUG client.py                 71    logger_log                : core_reg_svc_rsp_succ
2025-03-05 23:23:05,606 LT1-thread root DEBUG client.py                 71    logger_log                : read
2025-03-05 23:23:05,690 BTPWorkerThread-3716 (_rx_task) root DEBUG client.py                 71    logger_log                : Read 5 bytes
2025-03-05 23:23:05,722 BTPWorkerThread-3716 (_rx_task) root DEBUG client.py                 71    logger_log                : Received: hdr: Header(svc_id=0x00, op=0x03, ctrl_index=0xff, data_len=0x00) bytearray(b'\x00\x03\xff\x00\x00')
2025-03-05 23:23:05,754 BTPWorkerThread-3716 (_rx_task) root DEBUG client.py                 71    logger_log                : Received data: {''}, bytearray(b'')
2025-03-05 23:23:05,802 LT1-thread root DEBUG client.py                 71    logger_log                : received Header(svc_id=0, op=3, ctrl_index=255, data_len=0) (b'',)
2025-03-05 23:23:05,802 LT1-thread root DEBUG client.py                 71    logger_log                : expected ((0, 3, 255, 0), (b'',))
2025-03-05 23:23:05,802 LT1-thread root DEBUG client.py                 71    logger_log                : response is valid
2025-03-05 23:23:05,803 LT1-thread root DEBUG client.py                 71    logger_log                : Starting test function: class=<class 'autopts.ptsprojects.testcase.TestFunc'>, func=<function set_pts_addr at 0x0000022DBEE7C360> start_wid=None stop_wid=None post_wid=None skip_call=None call_count=74 args=('C0:07:E8:25:DE:2A', 0) kwds={}
2025-03-05 23:23:05,803 LT1-thread root DEBUG client.py                 71    logger_log                : Test function parameters: args=('C0:07:E8:25:DE:2A', 0), kwds={}
2025-03-05 23:23:05,803 LT1-thread root DEBUG client.py                 71    logger_log                : Starting test function: class=<class 'autopts.ptsprojects.testcase.TestFunc'>, func=<bound method Stack.gatt_init of <autopts.ptsprojects.stack.stack.Stack object at 0x0000022DC2EF3CD0>> start_wid=None stop_wid=None post_wid=None skip_call=None call_count=74 args=() kwds={}
2025-03-05 23:23:05,803 LT1-thread root DEBUG client.py                 71    logger_log                : Test function parameters: args=(), kwds={}
2025-03-05 23:23:05,806 LT1-thread root DEBUG client.py                 71    logger_log                : ClientCallback.get_result run_test_case
2025-03-05 23:23:14,133 LT1-callback ClientCallback.on_implicit_send INFO client.py                 71    logger_log                : 
    ********************
    BEGIN OnImplicitSend:
    project_name: GATT
    wid: 1
    test_case_name: GATT/CL/GAT/BV-02-C
    description: Please prepare IUT into a connectable mode.

Description: Verify that the Implementation Under Test (IUT) can accept GATT connect request from PTS.
    style: MMI_Style_Ok_Cancel2 0x11141
2025-03-05 23:23:14,133 LT1-callback ClientCallback.on_implicit_send INFO client.py                 71    logger_log                : Calling test cases on_implicit_send
2025-03-05 23:23:14,133 LT1-callback ClientCallback.on_implicit_send INFO client.py                 71    logger_log                : 
    on_implicit_send returned response: WAIT
    END OnImplicitSend
    ********************
2025-03-05 23:23:14,895 LT1-thread root DEBUG client.py                 71    logger_log                : GATT GATT/CL/GAT/BV-02-C on_implicit_send
2025-03-05 23:23:14,895 LT1-thread root DEBUG client.py                 71    logger_log                : gatt_wid_hdl, 1, Please prepare IUT into a connectable mode.

Description: Verify that the Implementation Under Test (IUT) can accept GATT connect request from PTS., GATT/CL/GAT/BV-02-C
2025-03-05 23:23:14,895 LT1-thread root DEBUG client.py                 71    logger_log                : gap_set_conn
2025-03-05 23:23:14,895 LT1-thread root DEBUG client.py                 71    logger_log                : gap_set_gendiscov
2025-03-05 23:23:14,895 LT1-thread root DEBUG client.py                 71    logger_log                : send, 1 8 0 '1'
2025-03-05 23:23:14,896 LT1-thread root DEBUG client.py                 71    logger_log                : sending frame '010800010001'
2025-03-05 23:23:14,896 LT1-thread root DEBUG client.py                 71    logger_log                : gap_command_rsp_succ
2025-03-05 23:23:14,896 LT1-thread root DEBUG client.py                 71    logger_log                : read
2025-03-05 23:23:14,957 BTPWorkerThread-3716 (_rx_task) root DEBUG client.py                 71    logger_log                : Read 5 bytes
2025-03-05 23:23:14,988 BTPWorkerThread-3716 (_rx_task) root DEBUG client.py                 71    logger_log                : Received: hdr: Header(svc_id=0x01, op=0x08, ctrl_index=0x00, data_len=0x04) bytearray(b'\x01\x08\x00\x04\x00')
2025-03-05 23:23:15,051 BTPWorkerThread-3716 (_rx_task) root DEBUG client.py                 71    logger_log                : Read 4 bytes data
2025-03-05 23:23:15,082 BTPWorkerThread-3716 (_rx_task) root DEBUG client.py                 71    logger_log                : Received data: {'1b 02 00 00'}, bytearray(b'\x1b\x02\x00\x00')
2025-03-05 23:23:15,128 LT1-thread root DEBUG client.py                 71    logger_log                : received Header(svc_id=1, op=8, ctrl_index=0, data_len=4) (b'\x1b\x02\x00\x00',)
2025-03-05 23:23:15,128 LT1-thread root DEBUG client.py                 71    logger_log                : __gap_current_settings_update (b'\x1b\x02\x00\x00',)
2025-03-05 23:23:15,128 LT1-thread root DEBUG client.py                 71    logger_log                : gap_adv_ind_on {9: b'Tester_25DE2A'} None
2025-03-05 23:23:15,129 LT1-thread root DEBUG client.py                 71    logger_log                : send, 1 10 0 "bytearray(b'\\x0f\\x00\\t\\rTester_25DE2A\\xff\\xff\\xff\\xff\\x00')"
2025-03-05 23:23:15,129 LT1-thread root DEBUG client.py                 71    logger_log                : sending frame '010a0016000f00090d5465737465725f323544453241ffffffff00'
2025-03-05 23:23:15,129 LT1-thread root DEBUG client.py                 71    logger_log                : gap_command_rsp_succ
2025-03-05 23:23:15,129 LT1-thread root DEBUG client.py                 71    logger_log                : read
2025-03-05 23:23:15,207 BTPWorkerThread-3716 (_rx_task) root DEBUG client.py                 71    logger_log                : Read 5 bytes
2025-03-05 23:23:15,238 BTPWorkerThread-3716 (_rx_task) root DEBUG client.py                 71    logger_log                : Received: hdr: Header(svc_id=0x01, op=0x0a, ctrl_index=0x00, data_len=0x04) bytearray(b'\x01\n\x00\x04\x00')
2025-03-05 23:23:15,300 BTPWorkerThread-3716 (_rx_task) root DEBUG client.py                 71    logger_log                : Read 4 bytes data
2025-03-05 23:23:15,331 BTPWorkerThread-3716 (_rx_task) root DEBUG client.py                 71    logger_log                : Received data: {'1b 06 00 00'}, bytearray(b'\x1b\x06\x00\x00')
2025-03-05 23:23:15,378 LT1-thread root DEBUG client.py                 71    logger_log                : received Header(svc_id=1, op=10, ctrl_index=0, data_len=4) (b'\x1b\x06\x00\x00',)
2025-03-05 23:23:15,378 LT1-thread root DEBUG client.py                 71    logger_log                : __gap_current_settings_update (b'\x1b\x06\x00\x00',)
2025-03-05 23:23:15,768 BTPWorkerThread-3716 (_rx_task) root DEBUG client.py                 71    logger_log                : Read 5 bytes
2025-03-05 23:23:15,799 BTPWorkerThread-3716 (_rx_task) root DEBUG client.py                 71    logger_log                : Received: hdr: Header(svc_id=0x01, op=0x82, ctrl_index=0x00, data_len=0x0d) bytearray(b'\x01\x82\x00\r\x00')
2025-03-05 23:23:15,845 BTPWorkerThread-3716 (_rx_task) root DEBUG client.py                 71    logger_log                : Read 13 bytes data
2025-03-05 23:23:15,876 BTPWorkerThread-3716 (_rx_task) root DEBUG client.py                 71    logger_log                : Received data: {'00 2a de 25 e8 07 c0 38 00 00 00 d0 07'}, bytearray(b'\x00*\xde%\xe8\x07\xc08\x00\x00\x00\xd0\x07')
2025-03-05 23:23:15,924 BTPWorkerThread-3716 (_rx_task) root DEBUG client.py                 71    logger_log                : event_handler Header(svc_id=1, op=130, ctrl_index=0, data_len=13) (b'\x00*\xde%\xe8\x07\xc08\x00\x00\x00\xd0\x07',)
2025-03-05 23:23:15,956 BTPWorkerThread-3716 (_rx_task) root DEBUG client.py                 71    logger_log                : gap_connected_ev_ b'\x00*\xde%\xe8\x07\xc08\x00\x00\x00\xd0\x07'
2025-03-05 23:23:15,987 LT1-thread root DEBUG client.py                 71    logger_log                : Sending response 'OK' to wid 1 test case GATT/CL/GAT/BV-02-C
2025-03-05 23:23:15,987 BTPWorkerThread-3716 (_rx_task) root DEBUG client.py                 71    logger_log                : Read 5 bytes
2025-03-05 23:23:15,988 BTPWorkerThread-3716 (_rx_task) root DEBUG client.py                 71    logger_log                : Received: hdr: Header(svc_id=0x01, op=0x80, ctrl_index=0x00, data_len=0x04) bytearray(b'\x01\x80\x00\x04\x00')
2025-03-05 23:23:15,988 BTPWorkerThread-3716 (_rx_task) root DEBUG client.py                 71    logger_log                : Read 4 bytes data
2025-03-05 23:23:15,989 BTPWorkerThread-3716 (_rx_task) root DEBUG client.py                 71    logger_log                : Received data: {'1b 02 00 00'}, bytearray(b'\x1b\x02\x00\x00')
2025-03-05 23:23:15,989 BTPWorkerThread-3716 (_rx_task) root DEBUG client.py                 71    logger_log                : event_handler Header(svc_id=1, op=128, ctrl_index=0, data_len=4) (b'\x1b\x02\x00\x00',)
2025-03-05 23:23:15,989 BTPWorkerThread-3716 (_rx_task) root DEBUG client.py                 71    logger_log                : gap_new_settings_ev_ b'\x1b\x02\x00\x00'
2025-03-05 23:23:15,989 BTPWorkerThread-3716 (_rx_task) root DEBUG client.py                 71    logger_log                : __gap_current_settings_update 539
2025-03-05 23:23:15,990 LT1-thread root DEBUG client.py                 71    logger_log                : ClientCallback.get_result run_test_case
2025-03-05 23:23:21,287 BTPWorkerThread-3716 (_rx_task) root DEBUG client.py                 71    logger_log                : Read 5 bytes
2025-03-05 23:23:21,287 BTPWorkerThread-3716 (_rx_task) root DEBUG client.py                 71    logger_log                : Received: hdr: Header(svc_id=0x01, op=0x88, ctrl_index=0x00, data_len=0x0d) bytearray(b'\x01\x88\x00\r\x00')
2025-03-05 23:23:21,287 BTPWorkerThread-3716 (_rx_task) root DEBUG client.py                 71    logger_log                : Read 13 bytes data
2025-03-05 23:23:21,288 BTPWorkerThread-3716 (_rx_task) root DEBUG client.py                 71    logger_log                : Received data: {'00 2a de 25 e8 07 c0 18 00 00 00 2a 00'}, bytearray(b'\x00*\xde%\xe8\x07\xc0\x18\x00\x00\x00*\x00')
2025-03-05 23:23:21,288 BTPWorkerThread-3716 (_rx_task) root DEBUG client.py                 71    logger_log                : event_handler Header(svc_id=1, op=136, ctrl_index=0, data_len=13) (b'\x00*\xde%\xe8\x07\xc0\x18\x00\x00\x00*\x00',)
2025-03-05 23:23:21,288 BTPWorkerThread-3716 (_rx_task) root DEBUG client.py                 71    logger_log                : gap_conn_param_update_ev_
2025-03-05 23:23:21,288 BTPWorkerThread-3716 (_rx_task) root DEBUG client.py                 71    logger_log                : received b'\x00*\xde%\xe8\x07\xc0\x18\x00\x00\x00*\x00'
2025-03-05 23:23:21,288 BTPWorkerThread-3716 (_rx_task) root DEBUG client.py                 71    logger_log                : received (0, b'c007e825de2a', 24, 0, 42)
2025-03-05 23:23:23,755 BTPWorkerThread-3716 (_rx_task) root DEBUG client.py                 71    logger_log                : Read 5 bytes
2025-03-05 23:23:23,755 BTPWorkerThread-3716 (_rx_task) root DEBUG client.py                 71    logger_log                : Received: hdr: Header(svc_id=0x01, op=0x89, ctrl_index=0x00, data_len=0x08) bytearray(b'\x01\x89\x00\x08\x00')
2025-03-05 23:23:23,756 BTPWorkerThread-3716 (_rx_task) root DEBUG client.py                 71    logger_log                : Read 8 bytes data
2025-03-05 23:23:23,756 BTPWorkerThread-3716 (_rx_task) root DEBUG client.py                 71    logger_log                : Received data: {'00 2a de 25 e8 07 c0 02'}, bytearray(b'\x00*\xde%\xe8\x07\xc0\x02')
2025-03-05 23:23:23,756 BTPWorkerThread-3716 (_rx_task) root DEBUG client.py                 71    logger_log                : event_handler Header(svc_id=1, op=137, ctrl_index=0, data_len=8) (b'\x00*\xde%\xe8\x07\xc0\x02',)
2025-03-05 23:23:23,756 BTPWorkerThread-3716 (_rx_task) root DEBUG client.py                 71    logger_log                : gap_sec_level_changed_ev_
2025-03-05 23:23:23,756 BTPWorkerThread-3716 (_rx_task) root DEBUG client.py                 71    logger_log                : received b'\x00*\xde%\xe8\x07\xc0\x02'
2025-03-05 23:23:23,756 BTPWorkerThread-3716 (_rx_task) root DEBUG client.py                 71    logger_log                : received (0, 'c007e825de2a', 2)
2025-03-05 23:23:23,767 LT1-callback ClientCallback.on_implicit_send INFO client.py                 71    logger_log                : 
    ********************
    BEGIN OnImplicitSend:
    project_name: GATT
    wid: 400
    test_case_name: GATT/CL/GAT/BV-02-C
    description: Please prepare IUT into an L2CAP Credit Based Connection connectable mode using LE signaling channel.

Description: Verify that the Implementation Under Test (IUT) can accept L2CAP_CREDIT_BASED_CONNECTION_REQ from PTS.
    style: MMI_Style_Ok_Cancel2 0x11141
2025-03-05 23:23:23,768 LT1-callback ClientCallback.on_implicit_send INFO client.py                 71    logger_log                : Calling test cases on_implicit_send
2025-03-05 23:23:23,768 LT1-callback ClientCallback.on_implicit_send INFO client.py                 71    logger_log                : 
    on_implicit_send returned response: WAIT
    END OnImplicitSend
    ********************
2025-03-05 23:23:24,037 LT1-thread root DEBUG client.py                 71    logger_log                : GATT GATT/CL/GAT/BV-02-C on_implicit_send
2025-03-05 23:23:24,037 LT1-thread root DEBUG client.py                 71    logger_log                : gatt_wid_hdl, 400, Please prepare IUT into an L2CAP Credit Based Connection connectable mode using LE signaling channel.

Description: Verify that the Implementation Under Test (IUT) can accept L2CAP_CREDIT_BASED_CONNECTION_REQ from PTS., GATT/CL/GAT/BV-02-C
2025-03-05 23:23:24,037 LT1-thread root DEBUG client.py                 71    logger_log                : Sending response 'OK' to wid 400 test case GATT/CL/GAT/BV-02-C
2025-03-05 23:23:24,040 LT1-thread root DEBUG client.py                 71    logger_log                : ClientCallback.get_result run_test_case
2025-03-05 23:23:25,934 BTPWorkerThread-3716 (_rx_task) root DEBUG client.py                 71    logger_log                : Read 5 bytes
2025-03-05 23:23:25,934 BTPWorkerThread-3716 (_rx_task) root DEBUG client.py                 71    logger_log                : Received: hdr: Header(svc_id=0x01, op=0x89, ctrl_index=0x00, data_len=0x08) bytearray(b'\x01\x89\x00\x08\x00')
2025-03-05 23:23:25,935 BTPWorkerThread-3716 (_rx_task) root DEBUG client.py                 71    logger_log                : Read 8 bytes data
2025-03-05 23:23:25,935 BTPWorkerThread-3716 (_rx_task) root DEBUG client.py                 71    logger_log                : Received data: {'00 2a de 25 e8 07 c0 02'}, bytearray(b'\x00*\xde%\xe8\x07\xc0\x02')
2025-03-05 23:23:25,935 BTPWorkerThread-3716 (_rx_task) root DEBUG client.py                 71    logger_log                : event_handler Header(svc_id=1, op=137, ctrl_index=0, data_len=8) (b'\x00*\xde%\xe8\x07\xc0\x02',)
2025-03-05 23:23:25,935 BTPWorkerThread-3716 (_rx_task) root DEBUG client.py                 71    logger_log                : gap_sec_level_changed_ev_
2025-03-05 23:23:25,935 BTPWorkerThread-3716 (_rx_task) root DEBUG client.py                 71    logger_log                : received b'\x00*\xde%\xe8\x07\xc0\x02'
2025-03-05 23:23:25,935 BTPWorkerThread-3716 (_rx_task) root DEBUG client.py                 71    logger_log                : received (0, 'c007e825de2a', 2)
2025-03-05 23:23:30,962 LT1-callback ClientCallback.on_implicit_send INFO client.py                 71    logger_log                : 
    ********************
    BEGIN OnImplicitSend:
    project_name: GATT
    wid: 74
    test_case_name: GATT/CL/GAT/BV-02-C
    description: Please send write request with characteristic handle = '0198'O with <= '1' byte of any octet value to the PTS.

Description: Verify that the Implementation Under Test (IUT) can send write request.
    style: MMI_Style_Ok_Cancel2 0x11141
2025-03-05 23:23:30,962 LT1-callback ClientCallback.on_implicit_send INFO client.py                 71    logger_log                : Calling test cases on_implicit_send
2025-03-05 23:23:30,962 LT1-callback ClientCallback.on_implicit_send INFO client.py                 71    logger_log                : 
    on_implicit_send returned response: WAIT
    END OnImplicitSend
    ********************
2025-03-05 23:23:31,102 LT1-thread root DEBUG client.py                 71    logger_log                : GATT GATT/CL/GAT/BV-02-C on_implicit_send
2025-03-05 23:23:31,102 LT1-thread root DEBUG client.py                 71    logger_log                : gatt_wid_hdl, 74, Please send write request with characteristic handle = '0198'O with <= '1' byte of any octet value to the PTS.

Description: Verify that the Implementation Under Test (IUT) can send write request., GATT/CL/GAT/BV-02-C
2025-03-05 23:23:31,102 LT1-thread root DEBUG client.py                 71    logger_log                : parse_description "Please send write request with characteristic handle = '0198'O with <= '1' byte of any octet value to the PTS.\n\nDescription: Verify that the Implementation Under Test (IUT) can send write request."
2025-03-05 23:23:31,102 LT1-thread root DEBUG client.py                 71    logger_log                : Parse result: ['0198', '1']
2025-03-05 23:23:31,103 LT1-thread root DEBUG client.py                 71    logger_log                : gattc_write 0 'c007e825de2a' '0198' '12' 1
2025-03-05 23:23:31,103 LT1-thread root DEBUG client.py                 71    logger_log                : send, 2 23 0 "bytearray(b'\\x00*\\xde%\\xe8\\x07\\xc0\\x98\\x01\\x01\\x00\\x12')"
2025-03-05 23:23:31,103 LT1-thread root DEBUG client.py                 71    logger_log                : sending frame '0217000c00002ade25e807c09801010012'
2025-03-05 23:23:31,103 LT1-thread root DEBUG client.py                 71    logger_log                : read
2025-03-05 23:24:00,693 BTPWorkerThread-3716 (_rx_task) root DEBUG client.py                 71    logger_log                : Read 5 bytes
2025-03-05 23:24:00,724 BTPWorkerThread-3716 (_rx_task) root DEBUG client.py                 71    logger_log                : Received: hdr: Header(svc_id=0x02, op=0x17, ctrl_index=0x00, data_len=0x01) bytearray(b'\x02\x17\x00\x01\x00')
2025-03-05 23:24:00,786 BTPWorkerThread-3716 (_rx_task) root DEBUG client.py                 71    logger_log                : Read 1 bytes data
2025-03-05 23:24:00,818 BTPWorkerThread-3716 (_rx_task) root DEBUG client.py                 71    logger_log                : Received data: {'0e'}, bytearray(b'\x0e')
2025-03-05 23:24:00,865 LT1-thread root DEBUG client.py                 71    logger_log                : gattc_write_rsp received Header(svc_id=2, op=23, ctrl_index=0, data_len=1) (b'\x0e',)
2025-03-05 23:24:00,865 BTPWorkerThread-3716 (_rx_task) root DEBUG client.py                 71    logger_log                : Read 5 bytes
2025-03-05 23:24:00,866 LT1-thread root DEBUG client.py                 71    logger_log                : gattc_write_rsp 14
2025-03-05 23:24:00,866 BTPWorkerThread-3716 (_rx_task) root DEBUG client.py                 71    logger_log                : Received: hdr: Header(svc_id=0x01, op=0x83, ctrl_index=0x00, data_len=0x07) bytearray(b'\x01\x83\x00\x07\x00')
2025-03-05 23:24:00,866 BTPWorkerThread-3716 (_rx_task) root DEBUG client.py                 71    logger_log                : Read 7 bytes data
2025-03-05 23:24:00,866 LT1-thread root DEBUG client.py                 71    logger_log                : Sending response 'OK' to wid 74 test case GATT/CL/GAT/BV-02-C
2025-03-05 23:24:00,867 BTPWorkerThread-3716 (_rx_task) root DEBUG client.py                 71    logger_log                : Received data: {'00 2a de 25 e8 07 c0'}, bytearray(b'\x00*\xde%\xe8\x07\xc0')
2025-03-05 23:24:00,867 BTPWorkerThread-3716 (_rx_task) root DEBUG client.py                 71    logger_log                : event_handler Header(svc_id=1, op=131, ctrl_index=0, data_len=7) (b'\x00*\xde%\xe8\x07\xc0',)
2025-03-05 23:24:00,867 BTPWorkerThread-3716 (_rx_task) root DEBUG client.py                 71    logger_log                : gap_disconnected_ev_ b'\x00*\xde%\xe8\x07\xc0'
2025-03-05 23:24:00,870 LT1-thread root DEBUG client.py                 71    logger_log                : ClientCallback.get_result run_test_case
2025-03-05 23:24:00,875 LT1-callback ClientCallback.on_implicit_send INFO client.py                 71    logger_log                : 
    ********************
    BEGIN OnImplicitSend:
    project_name: GATT
    wid: 71
    test_case_name: GATT/CL/GAT/BV-02-C
    description: Please wait for 30 second timeout to abort the procedure.

Description: Verify that the Implementation Under Test (IUT) can handle timeout after send Write characteristic without receiving response in 30 seconds.
    style: MMI_Style_Ok_Cancel2 0x11141
2025-03-05 23:24:00,876 LT1-callback ClientCallback.on_implicit_send INFO client.py                 71    logger_log                : Calling test cases on_implicit_send
2025-03-05 23:24:00,876 LT1-callback ClientCallback.on_implicit_send INFO client.py                 71    logger_log                : 
    on_implicit_send returned response: WAIT
    END OnImplicitSend
    ********************
2025-03-05 23:24:01,874 LT1-thread root DEBUG client.py                 71    logger_log                : GATT GATT/CL/GAT/BV-02-C on_implicit_send
2025-03-05 23:24:01,874 LT1-thread root DEBUG client.py                 71    logger_log                : gatt_wid_hdl, 71, Please wait for 30 second timeout to abort the procedure.

Description: Verify that the Implementation Under Test (IUT) can handle timeout after send Write characteristic without receiving response in 30 seconds., GATT/CL/GAT/BV-02-C
2025-03-05 23:24:01,874 LT1-thread root DEBUG client.py                 71    logger_log                : Sending response 'OK' to wid 71 test case GATT/CL/GAT/BV-02-C
2025-03-05 23:24:01,877 LT1-thread root DEBUG client.py                 71    logger_log                : ClientCallback.get_result run_test_case
2025-03-05 23:24:04,431 LT1-callback ClientCallback.log INFO client.py                 71    logger_log                : PTS_LOGTYPE_START_TEST Start Test Case 

+2032 ms
 GATT/CL/GAT/BV-02-C GATT/CL/GAT/BV-02-C

2025-03-05 23:24:05,299 LT1-callback ClientCallback.log INFO client.py                 71    logger_log                : PTS_LOGTYPE_FINAL_VERDICT Final Verdict 

+56469 ms
 GATT/CL/GAT/BV-02-C PASS

2025-03-05 23:24:05,307 LT1-callback ClientCallback.log INFO client.py                 71    logger_log                : PTS_LOGTYPE_FINAL_VERDICT Encrypted Verdict 

+56469 ms
 GATT/CL/GAT/BV-02-C A1#ZWY4MzQ5MDg3MmQwNTIxOGQzMzQ5YjY2ODA5M2MzNjQ5ZDY4NmY0Yjc2MzIzM2VkNTUyNTFhNGU4Mjg1MjI0NA==#Q2mZCWzr3hQ+xkXAyDEGw7FWEhf9HtaRchcHXJefinZF4ATudSlbvtJq3fJVTyop

2025-03-05 23:24:05,441 LT1-callback ClientCallback.log INFO client.py                 71    logger_log                : PTS_LOGTYPE_END_TEST Test Case Ended 

+56469 ms
 GATT/CL/GAT/BV-02-C GATT/CL/GAT/BV-02-C

2025-03-05 23:24:05,528 LT1-callback root DEBUG client.py                 71    logger_log                : ClientCallback, set_result, run_test_case, PASS
2025-03-05 23:24:05,528 LT1-thread root DEBUG client.py                 71    logger_log                : After run_test_case error_code=0 status='PASS'
2025-03-05 23:24:05,528 LT1-thread root DEBUG client.py                 71    logger_log                : post_run GATT GATT/CL/GAT/BV-02-C 0
2025-03-05 23:24:05,528 LT1-thread root DEBUG client.py                 71    logger_log                : Starting test function: class=<class 'autopts.ptsprojects.testcase.TestFuncCleanUp'>, func=<bound method Stack.cleanup of <autopts.ptsprojects.stack.stack.Stack object at 0x0000022DC2EF3CD0>> start_wid=None stop_wid=None post_wid=None skip_call=None call_count=1 args=() kwds={}
2025-03-05 23:24:05,528 LT1-thread root DEBUG client.py                 71    logger_log                : Test function parameters: args=(), kwds={}
2025-03-05 23:24:05,528 LT1-thread root DEBUG client.py                 71    logger_log                : Starting test function: class=<class 'autopts.ptsprojects.testcase.TestFuncCleanUp'>, func=<bound method ZephyrCtl.stop of <autopts.ptsprojects.zephyr.iutctl.ZephyrCtl object at 0x0000022DC2EF3ED0>> start_wid=None stop_wid=None post_wid=None skip_call=None call_count=1 args=() kwds={}
2025-03-05 23:24:05,528 LT1-thread root DEBUG client.py                 71    logger_log                : Test function parameters: args=(), kwds={}
2025-03-05 23:24:05,528 LT1-thread root DEBUG client.py                 71    logger_log                : <class 'autopts.ptsprojects.zephyr.iutctl.ZephyrCtl'>.stop
2025-03-05 23:24:05,528 LT1-thread root DEBUG client.py                 71    logger_log                : About to reset DUT: JLink -CommandFile reset.jlink -usb 1064371884 -device MCXW716
2025-03-05 23:24:06,113 BTPWorkerThread-3716 (_rx_task) root DEBUG client.py                 71    logger_log                : Read 5 bytes
2025-03-05 23:24:06,145 BTPWorkerThread-3716 (_rx_task) root DEBUG client.py                 71    logger_log                : Received: hdr: Header(svc_id=0x00, op=0x80, ctrl_index=0xff, data_len=0x00) bytearray(b'\x00\x80\xff\x00\x00')
2025-03-05 23:24:06,177 BTPWorkerThread-3716 (_rx_task) root DEBUG client.py                 71    logger_log                : Received data: {''}, bytearray(b'')
2025-03-05 23:24:06,225 BTPWorkerThread-3716 (_rx_task) root DEBUG client.py                 71    logger_log                : event_handler Header(svc_id=0, op=128, ctrl_index=255, data_len=0) (b'',)
2025-03-05 23:24:06,257 BTPWorkerThread-3716 (_rx_task) root DEBUG client.py                 71    logger_log                : core_iut_ready_ev
2025-03-05 23:24:06,287 LT1-thread root DEBUG client.py                 71    logger_log                : IUT ready event received OK
2025-03-05 23:24:06,287 LT1-thread root DEBUG client.py                 71    logger_log                : Waiting for _rx_worker to finish ...
2025-03-05 23:24:07,287 BTPWorkerThread-3716 (_rx_task) root DEBUG client.py                 71    logger_log                : BTPWorkerThread-3716 (_rx_task) finishing...
2025-03-05 23:24:10,294 LT1-thread root DEBUG client.py                 71    logger_log                : post_run, cleanup running post test case script
2025-03-05 23:24:10,294 LT1-thread root DEBUG client.py                 71    logger_log                : post_run, run post test case script
2025-03-05 23:24:10,472 LT1-thread root DEBUG client.py                 71    logger_log                : Done TestCase _run_test_case GATT GATT/CL/GAT/BV-02-C
