< 2025/01/09 01:10:55.029730  length=5 from=0 to=4
 00 80 ff 00 00                                   .....
--
> 2025/01/09 01:11:04.905702  length=6 from=0 to=5
 00 03 ff 01 00 01                                ......
--
< 2025/01/09 01:11:04.951781  length=5 from=5 to=9
 00 03 ff 00 00                                   .....
--
> 2025/01/09 01:11:04.999718  length=6 from=6 to=11
 00 03 ff 01 00 03                                ......
--
< 2025/01/09 01:11:05.014843  length=5 from=10 to=14
 00 03 ff 00 00                                   .....
--
> 2025/01/09 01:11:05.093778  length=5 from=12 to=16
 01 03 00 00 00                                   .....
--
< 2025/01/09 01:11:05.877770  length=160 from=15 to=174
 01 03 00 15 01 28 00 03 37 60 00 13 06 02 00 13  .....(..7`......
 02 00 00 00 00 00 62 74 70 5f 74 65 73 74 65 72  ......btp_tester
 00 00 00 00 00 00 00 00 00 00 00 00 00 00 00 00  ................
 00 00 00 00 00 00 00 00 00 00 00 00 00 00 00 00  ................
 00 00 00 00 00 00 00 00 00 00 00 00 00 00 00 00  ................
 00 00 00 00 00 00 00 00 00 00 00 00 00 00 00 00  ................
 00 00 00 00 00 00 00 00 00 00 00 00 00 00 00 00  ................
 00 00 00 00 00 00 00 00 00 00 00 00 00 00 00 00  ................
 00 00 00 00 00 00 00 00 00 00 00 00 00 00 00 00  ................
 00 00 00 00 00 00 00 00 00 00 00 00 00 00 00 00  ................
--
< 2025/01/09 01:11:05.886213  length=96 from=175 to=270
 00 00 00 00 00 00 00 00 00 00 00 00 00 00 00 00  ................
 00 00 00 00 00 00 00 00 00 00 00 00 00 00 00 00  ................
 00 00 00 00 00 00 00 00 00 00 00 00 00 00 00 00  ................
 00 00 00 00 00 00 00 00 00 00 00 00 00 00 00 00  ................
 00 00 00 00 00 00 00 00 00 00 00 00 00 00 00 00  ................
 00 00 00 00 00 00 00 00 00 00 00 00 00 00 00 00  ................
--
< 2025/01/09 01:11:05.892086  length=26 from=271 to=296
 00 00 00 00 00 00 00 00 00 00 00 00 00 00 00 00  ................
 00 00 00 00 00 00 00 00 00 00                    ..........
--
> 2025/01/09 01:11:06.110751  length=12 from=17 to=28
 03 05 00 07 00 80 00 01 78 00 00 00              ........x...
--
< 2025/01/09 01:11:06.125776  length=5 from=297 to=301
 03 05 00 00 00                                   .....
--
> 2025/01/09 01:11:08.186367  length=13 from=29 to=41
 01 0e 00 08 00 00 e6 f2 59 e8 07 c0 00           ........Y....
--
< 2025/01/09 01:11:08.201376  length=5 from=302 to=306
 01 0e 00 00 00                                   .....
--
< 2025/01/09 01:11:08.263480  length=18 from=307 to=324
 01 82 00 0d 00 00 e6 f2 59 e8 07 c0 18 00 00 00  ........Y.......
 90 01                                            ..
--
> 2025/01/09 01:11:10.264756  length=18 from=42 to=59
 03 02 00 0d 00 00 e6 f2 59 e8 07 c0 80 00 78 00  ........Y.....x.
 01 00                                            ..
--
< 2025/01/09 01:11:10.279749  length=7 from=325 to=331
 03 02 00 02 00 01 00                             .......
--
< 2025/01/09 01:11:14.548979  length=42 from=332 to=373
 03 82 00 0c 00 00 00 00 00 00 00 e6 f2 59 e8 07  .............Y..
 c0 01 8c 00 08 00 00 e6 f2 59 e8 07 c0 09 01 83  .........Y......
 00 07 00 00 e6 f2 59 e8 07 c0                    ......Y...
--
< 2025/01/09 01:11:15.091047  length=5 from=374 to=378
 00 80 ff 00 00                                   .....
--
