> 2025/01/09 19:33:16.969747  length=6 from=0 to=5
 00 03 ff 01 00 01                                ......
--
< 2025/01/09 19:33:17.017361  length=5 from=0 to=4
 00 03 ff 00 00                                   .....
--
> 2025/01/09 19:33:17.103880  length=5 from=6 to=10
 01 03 00 00 00                                   .....
--
< 2025/01/09 19:33:17.949716  length=32 from=5 to=36
 01 03 00 15 01 28 00 03 37 60 00 13 06 02 00 13  .....(..7`......
 02 00 00 00 00 00 62 74 70 5f 74 65 73 74 65 72  ......btp_tester
--
< 2025/01/09 19:33:17.958842  length=96 from=37 to=132
 00 00 00 00 00 00 00 00 00 00 00 00 00 00 00 00  ................
 00 00 00 00 00 00 00 00 00 00 00 00 00 00 00 00  ................
 00 00 00 00 00 00 00 00 00 00 00 00 00 00 00 00  ................
 00 00 00 00 00 00 00 00 00 00 00 00 00 00 00 00  ................
 00 00 00 00 00 00 00 00 00 00 00 00 00 00 00 00  ................
 00 00 00 00 00 00 00 00 00 00 00 00 00 00 00 00  ................
--
< 2025/01/09 19:33:17.975108  length=154 from=133 to=286
 00 00 00 00 00 00 00 00 00 00 00 00 00 00 00 00  ................
 00 00 00 00 00 00 00 00 00 00 00 00 00 00 00 00  ................
 00 00 00 00 00 00 00 00 00 00 00 00 00 00 00 00  ................
 00 00 00 00 00 00 00 00 00 00 00 00 00 00 00 00  ................
 00 00 00 00 00 00 00 00 00 00 00 00 00 00 00 00  ................
 00 00 00 00 00 00 00 00 00 00 00 00 00 00 00 00  ................
 00 00 00 00 00 00 00 00 00 00 00 00 00 00 00 00  ................
 00 00 00 00 00 00 00 00 00 00 00 00 00 00 00 00  ................
 00 00 00 00 00 00 00 00 00 00 00 00 00 00 00 00  ................
 00 00 00 00 00 00 00 00 00 00                    ..........
--
> 2025/01/09 19:33:18.627229  length=6 from=11 to=16
 00 03 ff 01 00 02                                ......
--
< 2025/01/09 19:33:18.646664  length=5 from=287 to=291
 00 03 ff 00 00                                   .....
--
> 2025/01/09 19:33:18.769969  length=6 from=17 to=22
 01 10 00 01 00 04                                ......
--
< 2025/01/09 19:33:18.791107  length=5 from=292 to=296
 01 10 00 00 00                                   .....
--
> 2025/01/09 19:33:18.909378  length=9 from=23 to=31
 02 02 00 04 00 00 02 aa 51                       ........Q
--
< 2025/01/09 19:33:18.928942  length=7 from=297 to=303
 02 02 00 02 00 00 00                             .......
--
> 2025/01/09 19:33:19.095987  length=12 from=32 to=43
 02 03 00 07 00 00 00 02 11 02 aa 52              ...........R
--
< 2025/01/09 19:33:19.115579  length=7 from=304 to=310
 02 03 00 02 00 00 00                             .......
--
> 2025/01/09 19:33:19.302303  length=10 from=44 to=53
 02 06 00 05 00 00 00 01 00 01                    ..........
--
< 2025/01/09 19:33:19.325446  length=5 from=311 to=315
 02 06 00 00 00                                   .....
--
> 2025/01/09 19:33:19.477561  length=12 from=54 to=65
 02 03 00 07 00 00 00 02 05 02 aa 53              ...........S
--
< 2025/01/09 19:33:19.493251  length=7 from=316 to=322
 02 03 00 02 00 00 00                             .......
--
> 2025/01/09 19:33:19.682386  length=10 from=66 to=75
 02 06 00 05 00 00 00 01 00 02                    ..........
--
< 2025/01/09 19:33:19.702674  length=5 from=323 to=327
 02 06 00 00 00                                   .....
--
> 2025/01/09 19:33:19.814030  length=12 from=76 to=87
 02 03 00 07 00 00 00 42 03 02 aa 54              .......B...T
--
< 2025/01/09 19:33:19.829264  length=7 from=328 to=334
 02 03 00 02 00 00 00                             .......
--
> 2025/01/09 19:33:20.013848  length=10 from=88 to=97
 02 06 00 05 00 00 00 01 00 03                    ..........
--
< 2025/01/09 19:33:20.029138  length=5 from=335 to=339
 02 06 00 00 00                                   .....
--
> 2025/01/09 19:33:20.182525  length=12 from=98 to=109
 02 03 00 07 00 00 00 0a                          ........
 30 02 aa 55                                      0..U
--
< 2025/01/09 19:33:20.203337  length=7 from=340 to=346
 02 03 00 02 00 00 00                             .......
--
> 2025/01/09 19:33:20.351100  length=10 from=110 to=119
 02 06 00 05 00 00 00 01 00 04                    ..........
--
< 2025/01/09 19:33:20.371156  length=5 from=347 to=351
 02 06 00 00 00                                   .....
--
> 2025/01/09 19:33:20.535466  length=5 from=120 to=124
 02 07 00 00 00                                   .....
--
< 2025/01/09 19:33:20.550677  length=8 from=352 to=359
 02 07 00 03 00 00 00 00                          ........
--
> 2025/01/09 19:33:25.832821  length=27 from=125 to=151
 01 0a                                            ..
 00 16 00 0f 00 09 0d 54 65 73 74 65 72 5f 35 39  .......Tester_59
 46 32 45 36 ff ff ff ff 00                       F2E6.....
--
< 2025/01/09 19:33:25.847941  length=9 from=360 to=368
 01 0a                                            ..
 00 04 00 13 06 00 00                             .......
--
< 2025/01/09 19:33:31.188394  length=5 from=369 to=373
 00 80 ff 00 00                                   .....
--
