2025-03-06 02:57:27,324 LT1-thread root DEBUG client.py                 71    logger_log                : Starting TestCase _run_test_case GAP GAP/BROB/BCST/BV-04-C
2025-03-06 02:57:27,325 LT1-thread root DEBUG client.py                 71    logger_log                : pre_run GAP GAP/BROB/BCST/BV-04-C
2025-03-06 02:57:27,325 LT1-thread root DEBUG client.py                 71    logger_log                : About to run test case GAP GAP/BROB/BCST/BV-04-C with commands:
2025-03-06 02:57:27,325 LT1-thread root DEBUG client.py                 71    logger_log                : 0) class=<class 'autopts.ptsprojects.testcase.TestFunc'>, func=<bound method Stack.core_init of <autopts.ptsprojects.stack.stack.Stack object at 0x0000022DC2EF3CD0>> start_wid=None stop_wid=None post_wid=None skip_call=None call_count=0 args=() kwds={}
2025-03-06 02:57:27,325 LT1-thread root DEBUG client.py                 71    logger_log                : 1) class=<class 'autopts.ptsprojects.testcase.TestFunc'>, func=<bound method ZephyrCtl.hw_reset of <autopts.ptsprojects.zephyr.iutctl.ZephyrCtl object at 0x0000022DC2EF3ED0>> start_wid=None stop_wid=None post_wid=None skip_call=None call_count=0 args=() kwds={}
2025-03-06 02:57:27,326 LT1-thread root DEBUG client.py                 71    logger_log                : 2) class=<class 'autopts.ptsprojects.testcase.TestFunc'>, func=<bound method ZephyrCtl.start of <autopts.ptsprojects.zephyr.iutctl.ZephyrCtl object at 0x0000022DC2EF3ED0>> start_wid=None stop_wid=None post_wid=None skip_call=None call_count=0 args=(<autopts.ptsprojects.zephyr.ztestcase.ZTestCase object at 0x0000022DC3409090>,) kwds={}
2025-03-06 02:57:27,326 LT1-thread root DEBUG client.py                 71    logger_log                : 3) class=<class 'autopts.ptsprojects.testcase.TestFunc'>, func=<bound method ZephyrCtl.hw_reset of <autopts.ptsprojects.zephyr.iutctl.ZephyrCtl object at 0x0000022DC2EF3ED0>> start_wid=None stop_wid=None post_wid=None skip_call=None call_count=0 args=() kwds={}
2025-03-06 02:57:27,326 LT1-thread root DEBUG client.py                 71    logger_log                : 4) class=<class 'autopts.ptsprojects.testcase.TestFunc'>, func=<bound method ZephyrCtl.wait_iut_ready_event of <autopts.ptsprojects.zephyr.iutctl.ZephyrCtl object at 0x0000022DC2EF3ED0>> start_wid=None stop_wid=None post_wid=None skip_call=None call_count=0 args=(False,) kwds={}
2025-03-06 02:57:27,326 LT1-thread root DEBUG client.py                 71    logger_log                : 5) class=<class 'autopts.ptsprojects.testcase.TestFunc'>, func=<function core_reg_svc_gap at 0x0000022DBEE7C7C0> start_wid=None stop_wid=None post_wid=None skip_call=None call_count=157 args=() kwds={}
2025-03-06 02:57:27,327 LT1-thread root DEBUG client.py                 71    logger_log                : 6) class=<class 'autopts.ptsprojects.testcase.TestFunc'>, func=<bound method Stack.gap_init of <autopts.ptsprojects.stack.stack.Stack object at 0x0000022DC2EF3CD0>> start_wid=None stop_wid=None post_wid=None skip_call=None call_count=157 args=(b'Tester_25DE2A', 'ABCD', '1111', '1111', '11', '1111', b'\x17github.com/auto-pts', (8, 'PADV_Tester'), 'FF') kwds={}
2025-03-06 02:57:27,327 LT1-thread root DEBUG client.py                 71    logger_log                : 7) class=<class 'autopts.ptsprojects.testcase.TestFunc'>, func=<function gap_read_ctrl_info at 0x0000022DBEE88680> start_wid=None stop_wid=None post_wid=None skip_call=None call_count=157 args=() kwds={}
2025-03-06 02:57:27,327 LT1-thread root DEBUG client.py                 71    logger_log                : 8) class=<class 'autopts.ptsprojects.testcase.TestFunc'>, func=<function test_cases.<locals>.<lambda> at 0x0000022DC32928E0> start_wid=None stop_wid=None post_wid=None skip_call=None call_count=157 args=() kwds={}
2025-03-06 02:57:27,327 LT1-thread root DEBUG client.py                 71    logger_log                : 9) class=<class 'autopts.ptsprojects.testcase.TestFunc'>, func=<function test_cases.<locals>.<lambda> at 0x0000022DC3292980> start_wid=None stop_wid=None post_wid=None skip_call=None call_count=157 args=() kwds={}
2025-03-06 02:57:27,327 LT1-thread root DEBUG client.py                 71    logger_log                : 10) class=<class 'autopts.ptsprojects.testcase.TestFunc'>, func=<function test_cases.<locals>.<lambda> at 0x0000022DC3292A20> start_wid=None stop_wid=None post_wid=None skip_call=None call_count=157 args=() kwds={}
2025-03-06 02:57:27,328 LT1-thread root DEBUG client.py                 71    logger_log                : 11) class=<class 'autopts.ptsprojects.testcase.TestFunc'>, func=<function test_cases.<locals>.<lambda> at 0x0000022DC3292AC0> start_wid=None stop_wid=None post_wid=None skip_call=None call_count=157 args=() kwds={}
2025-03-06 02:57:27,328 LT1-thread root DEBUG client.py                 71    logger_log                : 12) class=<class 'autopts.ptsprojects.testcase.TestFunc'>, func=<function test_cases.<locals>.<lambda> at 0x0000022DC3292B60> start_wid=None stop_wid=None post_wid=None skip_call=None call_count=157 args=() kwds={}
2025-03-06 02:57:27,328 LT1-thread root DEBUG client.py                 71    logger_log                : 13) class=<class 'autopts.ptsprojects.testcase.TestFunc'>, func=<function test_cases.<locals>.<lambda> at 0x0000022DC3292C00> start_wid=None stop_wid=None post_wid=None skip_call=None call_count=157 args=() kwds={}
2025-03-06 02:57:27,328 LT1-thread root DEBUG client.py                 71    logger_log                : 14) class=<class 'autopts.ptsprojects.testcase.TestFunc'>, func=<function test_cases.<locals>.<lambda> at 0x0000022DC3292CA0> start_wid=None stop_wid=None post_wid=None skip_call=None call_count=157 args=() kwds={}
2025-03-06 02:57:27,328 LT1-thread root DEBUG client.py                 71    logger_log                : 15) class=<class 'autopts.ptsprojects.testcase.TestFunc'>, func=<function test_cases.<locals>.<lambda> at 0x0000022DC3292D40> start_wid=None stop_wid=None post_wid=None skip_call=None call_count=157 args=() kwds={}
2025-03-06 02:57:27,328 LT1-thread root DEBUG client.py                 71    logger_log                : 16) class=<class 'autopts.ptsprojects.testcase.TestFunc'>, func=<function test_cases.<locals>.<lambda> at 0x0000022DC3292DE0> start_wid=None stop_wid=None post_wid=None skip_call=None call_count=157 args=() kwds={}
2025-03-06 02:57:27,328 LT1-thread root DEBUG client.py                 71    logger_log                : 17) class=<class 'autopts.ptsprojects.testcase.TestFunc'>, func=<function test_cases.<locals>.<lambda> at 0x0000022DC3292E80> start_wid=None stop_wid=None post_wid=None skip_call=None call_count=157 args=() kwds={}
2025-03-06 02:57:27,329 LT1-thread root DEBUG client.py                 71    logger_log                : 18) class=<class 'autopts.ptsprojects.testcase.TestFunc'>, func=<function test_cases.<locals>.<lambda> at 0x0000022DC3292F20> start_wid=None stop_wid=None post_wid=None skip_call=None call_count=157 args=() kwds={}
2025-03-06 02:57:27,329 LT1-thread root DEBUG client.py                 71    logger_log                : 19) class=<class 'autopts.ptsprojects.testcase.TestFunc'>, func=<function test_cases.<locals>.<lambda> at 0x0000022DC3292FC0> start_wid=None stop_wid=None post_wid=None skip_call=None call_count=157 args=() kwds={}
2025-03-06 02:57:27,329 LT1-thread root DEBUG client.py                 71    logger_log                : 20) class=<class 'autopts.ptsprojects.testcase.TestFunc'>, func=<function core_reg_svc_gatt at 0x0000022DBEE7C900> start_wid=None stop_wid=None post_wid=None skip_call=None call_count=157 args=() kwds={}
2025-03-06 02:57:27,329 LT1-thread root DEBUG client.py                 71    logger_log                : 21) class=<class 'autopts.ptsprojects.testcase.TestFunc'>, func=<bound method Stack.gatt_init of <autopts.ptsprojects.stack.stack.Stack object at 0x0000022DC2EF3CD0>> start_wid=None stop_wid=None post_wid=None skip_call=None call_count=157 args=() kwds={}
2025-03-06 02:57:27,329 LT1-thread root DEBUG client.py                 71    logger_log                : 22) class=<class 'autopts.ptsprojects.testcase.TestFunc'>, func=<function gap_set_io_cap at 0x0000022DBEE7FBA0> start_wid=None stop_wid=None post_wid=None skip_call=None call_count=157 args=(4,) kwds={}
2025-03-06 02:57:27,329 LT1-thread root DEBUG client.py                 71    logger_log                : 23) class=<class 'autopts.ptsprojects.testcase.TestFunc'>, func=<function set_pts_addr at 0x0000022DBEE7C360> start_wid=None stop_wid=None post_wid=None skip_call=None call_count=157 args=('C0:07:E8:25:DE:2A', 0) kwds={}
2025-03-06 02:57:27,330 LT1-thread root DEBUG client.py                 71    logger_log                : 24) class=<class 'autopts.ptsprojects.testcase.TestFunc'>, func=<function gatts_add_svc at 0x0000022DBEE8A020> start_wid=None stop_wid=None post_wid=None skip_call=None call_count=156 args=(0, 'AA51') kwds={}
2025-03-06 02:57:27,330 LT1-thread root DEBUG client.py                 71    logger_log                : 25) class=<class 'autopts.ptsprojects.testcase.TestFunc'>, func=<function gatts_add_char at 0x0000022DBEE8A160> start_wid=None stop_wid=None post_wid=None skip_call=None call_count=156 args=(0, 2, 17, 'AA52') kwds={}
2025-03-06 02:57:27,330 LT1-thread root DEBUG client.py                 71    logger_log                : 26) class=<class 'autopts.ptsprojects.testcase.TestFunc'>, func=<function gatts_set_val at 0x0000022DBEE8A200> start_wid=None stop_wid=None post_wid=None skip_call=None call_count=156 args=(0, '01') kwds={}
2025-03-06 02:57:27,330 LT1-thread root DEBUG client.py                 71    logger_log                : 27) class=<class 'autopts.ptsprojects.testcase.TestFunc'>, func=<function gatts_add_char at 0x0000022DBEE8A160> start_wid=None stop_wid=None post_wid=None skip_call=None call_count=156 args=(0, 2, 5, 'AA53') kwds={}
2025-03-06 02:57:27,330 LT1-thread root DEBUG client.py                 71    logger_log                : 28) class=<class 'autopts.ptsprojects.testcase.TestFunc'>, func=<function gatts_set_val at 0x0000022DBEE8A200> start_wid=None stop_wid=None post_wid=None skip_call=None call_count=156 args=(0, '02') kwds={}
2025-03-06 02:57:27,330 LT1-thread root DEBUG client.py                 71    logger_log                : 29) class=<class 'autopts.ptsprojects.testcase.TestFunc'>, func=<function gatts_add_char at 0x0000022DBEE8A160> start_wid=None stop_wid=None post_wid=None skip_call=None call_count=156 args=(0, 66, 3, 'AA54') kwds={}
2025-03-06 02:57:27,331 LT1-thread root DEBUG client.py                 71    logger_log                : 30) class=<class 'autopts.ptsprojects.testcase.TestFunc'>, func=<function gatts_set_val at 0x0000022DBEE8A200> start_wid=None stop_wid=None post_wid=None skip_call=None call_count=156 args=(0, '03') kwds={}
2025-03-06 02:57:27,331 LT1-thread root DEBUG client.py                 71    logger_log                : 31) class=<class 'autopts.ptsprojects.testcase.TestFunc'>, func=<function gatts_add_char at 0x0000022DBEE8A160> start_wid=None stop_wid=None post_wid=None skip_call=None call_count=156 args=(0, 10, 48, 'AA55') kwds={}
2025-03-06 02:57:27,331 LT1-thread root DEBUG client.py                 71    logger_log                : 32) class=<class 'autopts.ptsprojects.testcase.TestFunc'>, func=<function gatts_set_val at 0x0000022DBEE8A200> start_wid=None stop_wid=None post_wid=None skip_call=None call_count=156 args=(0, '04') kwds={}
2025-03-06 02:57:27,331 LT1-thread root DEBUG client.py                 71    logger_log                : 33) class=<class 'autopts.ptsprojects.testcase.TestFunc'>, func=<function gatts_start_server at 0x0000022DBEE8A480> start_wid=None stop_wid=None post_wid=None skip_call=None call_count=156 args=() kwds={}
2025-03-06 02:57:27,331 LT1-thread root DEBUG client.py                 71    logger_log                : 34) class=<class 'autopts.ptsprojects.testcase.TestFuncCleanUp'>, func=<bound method Stack.cleanup of <autopts.ptsprojects.stack.stack.Stack object at 0x0000022DC2EF3CD0>> start_wid=None stop_wid=None post_wid=None skip_call=None call_count=0 args=() kwds={}
2025-03-06 02:57:27,331 LT1-thread root DEBUG client.py                 71    logger_log                : 35) class=<class 'autopts.ptsprojects.testcase.TestFuncCleanUp'>, func=<bound method ZephyrCtl.stop of <autopts.ptsprojects.zephyr.iutctl.ZephyrCtl object at 0x0000022DC2EF3ED0>> start_wid=None stop_wid=None post_wid=None skip_call=None call_count=0 args=() kwds={}
2025-03-06 02:57:27,332 LT1-thread root DEBUG client.py                 71    logger_log                : pre_run, run pre test case script
2025-03-06 02:57:27,345 LT1-thread root DEBUG client.py                 71    logger_log                : Starting test function: class=<class 'autopts.ptsprojects.testcase.TestFunc'>, func=<bound method Stack.core_init of <autopts.ptsprojects.stack.stack.Stack object at 0x0000022DC2EF3CD0>> start_wid=None stop_wid=None post_wid=None skip_call=None call_count=1 args=() kwds={}
2025-03-06 02:57:27,346 LT1-thread root DEBUG client.py                 71    logger_log                : Test function parameters: args=(), kwds={}
2025-03-06 02:57:27,346 LT1-thread root DEBUG client.py                 71    logger_log                : Starting test function: class=<class 'autopts.ptsprojects.testcase.TestFunc'>, func=<bound method ZephyrCtl.hw_reset of <autopts.ptsprojects.zephyr.iutctl.ZephyrCtl object at 0x0000022DC2EF3ED0>> start_wid=None stop_wid=None post_wid=None skip_call=None call_count=1 args=() kwds={}
2025-03-06 02:57:27,346 LT1-thread root DEBUG client.py                 71    logger_log                : Test function parameters: args=(), kwds={}
2025-03-06 02:57:27,346 LT1-thread root DEBUG client.py                 71    logger_log                : Starting test function: class=<class 'autopts.ptsprojects.testcase.TestFunc'>, func=<bound method ZephyrCtl.start of <autopts.ptsprojects.zephyr.iutctl.ZephyrCtl object at 0x0000022DC2EF3ED0>> start_wid=None stop_wid=None post_wid=None skip_call=None call_count=1 args=(<autopts.ptsprojects.zephyr.ztestcase.ZTestCase object at 0x0000022DC3409090>,) kwds={}
2025-03-06 02:57:27,347 LT1-thread root DEBUG client.py                 71    logger_log                : Test function parameters: args=(<autopts.ptsprojects.zephyr.ztestcase.ZTestCase object at 0x0000022DC3409090>,), kwds={}
2025-03-06 02:57:27,347 LT1-thread root DEBUG client.py                 71    logger_log                : <class 'autopts.ptsprojects.zephyr.iutctl.ZephyrCtl'>.start
2025-03-06 02:57:27,347 LT1-thread root DEBUG client.py                 71    logger_log                : <class 'autopts.ptsprojects.zephyr.iutctl.ZephyrCtl'>.flush_serial
2025-03-06 02:57:28,614 LT1-thread root DEBUG client.py                 71    logger_log                : Starting socat process: socat.exe -x -v tcp:10.192.253.135:60367,retry=100,interval=1 /dev/ttyS35,raw,b115200
2025-03-06 02:57:28,627 LT1-thread root DEBUG client.py                 71    logger_log                : accept
2025-03-06 02:57:28,763 BTPWorkerThread-13215 (_rx_task) root DEBUG client.py                 71    logger_log                : BTPWorkerThread-13215 (_rx_task) started
2025-03-06 02:57:28,763 LT1-thread root DEBUG client.py                 71    logger_log                : Starting test function: class=<class 'autopts.ptsprojects.testcase.TestFunc'>, func=<bound method ZephyrCtl.hw_reset of <autopts.ptsprojects.zephyr.iutctl.ZephyrCtl object at 0x0000022DC2EF3ED0>> start_wid=None stop_wid=None post_wid=None skip_call=None call_count=1 args=() kwds={}
2025-03-06 02:57:28,763 LT1-thread root DEBUG client.py                 71    logger_log                : Test function parameters: args=(), kwds={}
2025-03-06 02:57:28,763 LT1-thread root DEBUG client.py                 71    logger_log                : Starting test function: class=<class 'autopts.ptsprojects.testcase.TestFunc'>, func=<bound method ZephyrCtl.wait_iut_ready_event of <autopts.ptsprojects.zephyr.iutctl.ZephyrCtl object at 0x0000022DC2EF3ED0>> start_wid=None stop_wid=None post_wid=None skip_call=None call_count=1 args=(False,) kwds={}
2025-03-06 02:57:28,764 LT1-thread root DEBUG client.py                 71    logger_log                : Test function parameters: args=(False,), kwds={}
2025-03-06 02:57:28,765 LT1-thread root DEBUG client.py                 71    logger_log                : IUT ready event received OK
2025-03-06 02:57:28,765 LT1-thread root DEBUG client.py                 71    logger_log                : Starting test function: class=<class 'autopts.ptsprojects.testcase.TestFunc'>, func=<function core_reg_svc_gap at 0x0000022DBEE7C7C0> start_wid=None stop_wid=None post_wid=None skip_call=None call_count=158 args=() kwds={}
2025-03-06 02:57:28,766 LT1-thread root DEBUG client.py                 71    logger_log                : Test function parameters: args=(), kwds={}
2025-03-06 02:57:28,766 LT1-thread root DEBUG client.py                 71    logger_log                : core_reg_svc_gap
2025-03-06 02:57:28,766 LT1-thread root DEBUG client.py                 71    logger_log                : send, 0 3 255 '1'
2025-03-06 02:57:28,766 LT1-thread root DEBUG client.py                 71    logger_log                : sending frame '0003ff010001'
2025-03-06 02:57:28,766 LT1-thread root DEBUG client.py                 71    logger_log                : core_reg_svc_rsp_succ
2025-03-06 02:57:28,766 LT1-thread root DEBUG client.py                 71    logger_log                : read
2025-03-06 02:57:28,884 BTPWorkerThread-13215 (_rx_task) root DEBUG client.py                 71    logger_log                : Read 5 bytes
2025-03-06 02:57:28,916 BTPWorkerThread-13215 (_rx_task) root DEBUG client.py                 71    logger_log                : Received: hdr: Header(svc_id=0x00, op=0x03, ctrl_index=0xff, data_len=0x00) bytearray(b'\x00\x03\xff\x00\x00')
2025-03-06 02:57:28,948 BTPWorkerThread-13215 (_rx_task) root DEBUG client.py                 71    logger_log                : Received data: {''}, bytearray(b'')
2025-03-06 02:57:28,995 LT1-thread root DEBUG client.py                 71    logger_log                : received Header(svc_id=0, op=3, ctrl_index=255, data_len=0) (b'',)
2025-03-06 02:57:28,995 LT1-thread root DEBUG client.py                 71    logger_log                : expected ((0, 3, 255, 0), (b'',))
2025-03-06 02:57:28,995 LT1-thread root DEBUG client.py                 71    logger_log                : response is valid
2025-03-06 02:57:28,996 LT1-thread root DEBUG client.py                 71    logger_log                : Starting test function: class=<class 'autopts.ptsprojects.testcase.TestFunc'>, func=<bound method Stack.gap_init of <autopts.ptsprojects.stack.stack.Stack object at 0x0000022DC2EF3CD0>> start_wid=None stop_wid=None post_wid=None skip_call=None call_count=158 args=(b'Tester_25DE2A', 'ABCD', '1111', '1111', '11', '1111', b'\x17github.com/auto-pts', (8, 'PADV_Tester'), 'FF') kwds={}
2025-03-06 02:57:28,996 LT1-thread root DEBUG client.py                 71    logger_log                : Test function parameters: args=(b'Tester_25DE2A', 'ABCD', '1111', '1111', '11', '1111', b'\x17github.com/auto-pts', (8, 'PADV_Tester'), 'FF'), kwds={}
2025-03-06 02:57:28,996 LT1-thread root DEBUG client.py                 71    logger_log                : Starting test function: class=<class 'autopts.ptsprojects.testcase.TestFunc'>, func=<function gap_read_ctrl_info at 0x0000022DBEE88680> start_wid=None stop_wid=None post_wid=None skip_call=None call_count=158 args=() kwds={}
2025-03-06 02:57:28,996 LT1-thread root DEBUG client.py                 71    logger_log                : Test function parameters: args=(), kwds={}
2025-03-06 02:57:28,996 LT1-thread root DEBUG client.py                 71    logger_log                : gap_read_ctrl_info
2025-03-06 02:57:28,996 LT1-thread root DEBUG client.py                 71    logger_log                : send, 1 3 0 ''
2025-03-06 02:57:28,997 LT1-thread root DEBUG client.py                 71    logger_log                : sending frame '0103000000'
2025-03-06 02:57:28,997 LT1-thread root DEBUG client.py                 71    logger_log                : read
2025-03-06 02:57:29,136 BTPWorkerThread-13215 (_rx_task) root DEBUG client.py                 71    logger_log                : Read 5 bytes
2025-03-06 02:57:29,168 BTPWorkerThread-13215 (_rx_task) root DEBUG client.py                 71    logger_log                : Received: hdr: Header(svc_id=0x01, op=0x03, ctrl_index=0x00, data_len=0x115) bytearray(b'\x01\x03\x00\x15\x01')
2025-03-06 02:57:29,232 BTPWorkerThread-13215 (_rx_task) root DEBUG client.py                 71    logger_log                : Read 277 bytes data
2025-03-06 02:57:29,264 BTPWorkerThread-13215 (_rx_task) root DEBUG client.py                 71    logger_log                : Received data: {'f2 bc 35 bd 98 76 13 06 02 00 13 22 00 00 00 00 00 62 74 70 5f 74 65 73 74 65 72 00 00 00 00 00 00 00 00 00 00 00 00 00 00 00 00 00 00 00 00 00 00 00 00 00 00 00 00 00 00 00 00 00 00 00 00 00 00 00 00 00 00 00 00 00 00 00 00 00 00 00 00 00 00 00 00 00 00 00 00 00 00 00 00 00 00 00 00 00 00 00 00 00 00 00 00 00 00 00 00 00 00 00 00 00 00 00 00 00 00 00 00 00 00 00 00 00 00 00 00 00 00 00 00 00 00 00 00 00 00 00 00 00 00 00 00 00 00 00 00 00 00 00 00 00 00 00 00 00 00 00 00 00 00 00 00 00 00 00 00 00 00 00 00 00 00 00 00 00 00 00 00 00 00 00 00 00 00 00 00 00 00 00 00 00 00 00 00 00 00 00 00 00 00 00 00 00 00 00 00 00 00 00 00 00 00 00 00 00 00 00 00 00 00 00 00 00 00 00 00 00 00 00 00 00 00 00 00 00 00 00 00 00 00 00 00 00 00 00 00 00 00 00 00 00 00 00 00 00 00 00 00 00 00 00 00 00 00 00 00 00 00 00 00 00 00 00 00 00 00'}, bytearray(b'\xf2\xbc5\xbd\x98v\x13\x06\x02\x00\x13"\x00\x00\x00\x00\x00btp_tester\x00\x00\x00\x00\x00\x00\x00\x00\x00\x00\x00\x00\x00\x00\x00\x00\x00\x00\x00\x00\x00\x00\x00\x00\x00\x00\x00\x00\x00\x00\x00\x00\x00\x00\x00\x00\x00\x00\x00\x00\x00\x00\x00\x00\x00\x00\x00\x00\x00\x00\x00\x00\x00\x00\x00\x00\x00\x00\x00\x00\x00\x00\x00\x00\x00\x00\x00\x00\x00\x00\x00\x00\x00\x00\x00\x00\x00\x00\x00\x00\x00\x00\x00\x00\x00\x00\x00\x00\x00\x00\x00\x00\x00\x00\x00\x00\x00\x00\x00\x00\x00\x00\x00\x00\x00\x00\x00\x00\x00\x00\x00\x00\x00\x00\x00\x00\x00\x00\x00\x00\x00\x00\x00\x00\x00\x00\x00\x00\x00\x00\x00\x00\x00\x00\x00\x00\x00\x00\x00\x00\x00\x00\x00\x00\x00\x00\x00\x00\x00\x00\x00\x00\x00\x00\x00\x00\x00\x00\x00\x00\x00\x00\x00\x00\x00\x00\x00\x00\x00\x00\x00\x00\x00\x00\x00\x00\x00\x00\x00\x00\x00\x00\x00\x00\x00\x00\x00\x00\x00\x00\x00\x00\x00\x00\x00\x00\x00\x00\x00\x00\x00\x00\x00\x00\x00\x00\x00\x00\x00\x00\x00\x00\x00\x00\x00\x00\x00\x00\x00\x00\x00\x00\x00\x00\x00\x00\x00\x00\x00\x00\x00\x00\x00\x00\x00\x00\x00\x00\x00\x00\x00\x00\x00\x00\x00\x00\x00\x00\x00\x00')
2025-03-06 02:57:29,312 LT1-thread root DEBUG client.py                 71    logger_log                : received Header(svc_id=1, op=3, ctrl_index=0, data_len=277) (b'\xf2\xbc5\xbd\x98v\x13\x06\x02\x00\x13"\x00\x00\x00\x00\x00btp_tester\x00\x00\x00\x00\x00\x00\x00\x00\x00\x00\x00\x00\x00\x00\x00\x00\x00\x00\x00\x00\x00\x00\x00\x00\x00\x00\x00\x00\x00\x00\x00\x00\x00\x00\x00\x00\x00\x00\x00\x00\x00\x00\x00\x00\x00\x00\x00\x00\x00\x00\x00\x00\x00\x00\x00\x00\x00\x00\x00\x00\x00\x00\x00\x00\x00\x00\x00\x00\x00\x00\x00\x00\x00\x00\x00\x00\x00\x00\x00\x00\x00\x00\x00\x00\x00\x00\x00\x00\x00\x00\x00\x00\x00\x00\x00\x00\x00\x00\x00\x00\x00\x00\x00\x00\x00\x00\x00\x00\x00\x00\x00\x00\x00\x00\x00\x00\x00\x00\x00\x00\x00\x00\x00\x00\x00\x00\x00\x00\x00\x00\x00\x00\x00\x00\x00\x00\x00\x00\x00\x00\x00\x00\x00\x00\x00\x00\x00\x00\x00\x00\x00\x00\x00\x00\x00\x00\x00\x00\x00\x00\x00\x00\x00\x00\x00\x00\x00\x00\x00\x00\x00\x00\x00\x00\x00\x00\x00\x00\x00\x00\x00\x00\x00\x00\x00\x00\x00\x00\x00\x00\x00\x00\x00\x00\x00\x00\x00\x00\x00\x00\x00\x00\x00\x00\x00\x00\x00\x00\x00\x00\x00\x00\x00\x00\x00\x00\x00\x00\x00\x00\x00\x00\x00\x00\x00\x00\x00\x00\x00\x00\x00\x00\x00\x00\x00\x00\x00\x00\x00\x00\x00\x00\x00\x00\x00\x00\x00\x00\x00\x00',)
2025-03-06 02:57:29,312 LT1-thread root DEBUG client.py                 71    logger_log                : IUT address '7698bd35bcf2' 'random'
2025-03-06 02:57:29,312 LT1-thread root DEBUG client.py                 71    logger_log                : __gap_current_settings_update 8723
2025-03-06 02:57:29,313 LT1-thread root DEBUG client.py                 71    logger_log                : Starting test function: class=<class 'autopts.ptsprojects.testcase.TestFunc'>, func=<function test_cases.<locals>.<lambda> at 0x0000022DC32928E0> start_wid=None stop_wid=None post_wid=None skip_call=None call_count=158 args=() kwds={}
2025-03-06 02:57:29,313 LT1-thread root DEBUG client.py                 71    logger_log                : Test function parameters: args=(), kwds={}
2025-03-06 02:57:29,330 LT1-thread root DEBUG client.py                 71    logger_log                : Starting test function: class=<class 'autopts.ptsprojects.testcase.TestFunc'>, func=<function test_cases.<locals>.<lambda> at 0x0000022DC3292980> start_wid=None stop_wid=None post_wid=None skip_call=None call_count=158 args=() kwds={}
2025-03-06 02:57:29,331 LT1-thread root DEBUG client.py                 71    logger_log                : Test function parameters: args=(), kwds={}
2025-03-06 02:57:29,349 LT1-thread root DEBUG client.py                 71    logger_log                : Starting test function: class=<class 'autopts.ptsprojects.testcase.TestFunc'>, func=<function test_cases.<locals>.<lambda> at 0x0000022DC3292A20> start_wid=None stop_wid=None post_wid=None skip_call=None call_count=158 args=() kwds={}
2025-03-06 02:57:29,349 LT1-thread root DEBUG client.py                 71    logger_log                : Test function parameters: args=(), kwds={}
2025-03-06 02:57:29,367 LT1-thread root DEBUG client.py                 71    logger_log                : Starting test function: class=<class 'autopts.ptsprojects.testcase.TestFunc'>, func=<function test_cases.<locals>.<lambda> at 0x0000022DC3292AC0> start_wid=None stop_wid=None post_wid=None skip_call=None call_count=158 args=() kwds={}
2025-03-06 02:57:29,367 LT1-thread root DEBUG client.py                 71    logger_log                : Test function parameters: args=(), kwds={}
2025-03-06 02:57:29,384 LT1-thread root DEBUG client.py                 71    logger_log                : Starting test function: class=<class 'autopts.ptsprojects.testcase.TestFunc'>, func=<function test_cases.<locals>.<lambda> at 0x0000022DC3292B60> start_wid=None stop_wid=None post_wid=None skip_call=None call_count=158 args=() kwds={}
2025-03-06 02:57:29,384 LT1-thread root DEBUG client.py                 71    logger_log                : Test function parameters: args=(), kwds={}
2025-03-06 02:57:29,402 LT1-thread root DEBUG client.py                 71    logger_log                : Starting test function: class=<class 'autopts.ptsprojects.testcase.TestFunc'>, func=<function test_cases.<locals>.<lambda> at 0x0000022DC3292C00> start_wid=None stop_wid=None post_wid=None skip_call=None call_count=158 args=() kwds={}
2025-03-06 02:57:29,402 LT1-thread root DEBUG client.py                 71    logger_log                : Test function parameters: args=(), kwds={}
2025-03-06 02:57:29,419 LT1-thread root DEBUG client.py                 71    logger_log                : Starting test function: class=<class 'autopts.ptsprojects.testcase.TestFunc'>, func=<function test_cases.<locals>.<lambda> at 0x0000022DC3292CA0> start_wid=None stop_wid=None post_wid=None skip_call=None call_count=158 args=() kwds={}
2025-03-06 02:57:29,420 LT1-thread root DEBUG client.py                 71    logger_log                : Test function parameters: args=(), kwds={}
2025-03-06 02:57:29,437 LT1-thread root DEBUG client.py                 71    logger_log                : Starting test function: class=<class 'autopts.ptsprojects.testcase.TestFunc'>, func=<function test_cases.<locals>.<lambda> at 0x0000022DC3292D40> start_wid=None stop_wid=None post_wid=None skip_call=None call_count=158 args=() kwds={}
2025-03-06 02:57:29,438 LT1-thread root DEBUG client.py                 71    logger_log                : Test function parameters: args=(), kwds={}
2025-03-06 02:57:29,456 LT1-thread root DEBUG client.py                 71    logger_log                : Starting test function: class=<class 'autopts.ptsprojects.testcase.TestFunc'>, func=<function test_cases.<locals>.<lambda> at 0x0000022DC3292DE0> start_wid=None stop_wid=None post_wid=None skip_call=None call_count=158 args=() kwds={}
2025-03-06 02:57:29,457 LT1-thread root DEBUG client.py                 71    logger_log                : Test function parameters: args=(), kwds={}
2025-03-06 02:57:29,475 LT1-thread root DEBUG client.py                 71    logger_log                : Starting test function: class=<class 'autopts.ptsprojects.testcase.TestFunc'>, func=<function test_cases.<locals>.<lambda> at 0x0000022DC3292E80> start_wid=None stop_wid=None post_wid=None skip_call=None call_count=158 args=() kwds={}
2025-03-06 02:57:29,475 LT1-thread root DEBUG client.py                 71    logger_log                : Test function parameters: args=(), kwds={}
2025-03-06 02:57:29,499 LT1-thread root DEBUG client.py                 71    logger_log                : Starting test function: class=<class 'autopts.ptsprojects.testcase.TestFunc'>, func=<function test_cases.<locals>.<lambda> at 0x0000022DC3292F20> start_wid=None stop_wid=None post_wid=None skip_call=None call_count=158 args=() kwds={}
2025-03-06 02:57:29,500 LT1-thread root DEBUG client.py                 71    logger_log                : Test function parameters: args=(), kwds={}
2025-03-06 02:57:29,519 LT1-thread root DEBUG client.py                 71    logger_log                : Starting test function: class=<class 'autopts.ptsprojects.testcase.TestFunc'>, func=<function test_cases.<locals>.<lambda> at 0x0000022DC3292FC0> start_wid=None stop_wid=None post_wid=None skip_call=None call_count=158 args=() kwds={}
2025-03-06 02:57:29,519 LT1-thread root DEBUG client.py                 71    logger_log                : Test function parameters: args=(), kwds={}
2025-03-06 02:57:29,538 LT1-thread root DEBUG client.py                 71    logger_log                : Starting test function: class=<class 'autopts.ptsprojects.testcase.TestFunc'>, func=<function core_reg_svc_gatt at 0x0000022DBEE7C900> start_wid=None stop_wid=None post_wid=None skip_call=None call_count=158 args=() kwds={}
2025-03-06 02:57:29,538 LT1-thread root DEBUG client.py                 71    logger_log                : Test function parameters: args=(), kwds={}
2025-03-06 02:57:29,539 LT1-thread root DEBUG client.py                 71    logger_log                : core_reg_svc_gatt
2025-03-06 02:57:29,539 LT1-thread root DEBUG client.py                 71    logger_log                : send, 0 3 255 '2'
2025-03-06 02:57:29,539 LT1-thread root DEBUG client.py                 71    logger_log                : sending frame '0003ff010002'
2025-03-06 02:57:29,539 LT1-thread root DEBUG client.py                 71    logger_log                : core_reg_svc_rsp_succ
2025-03-06 02:57:29,540 LT1-thread root DEBUG client.py                 71    logger_log                : read
2025-03-06 02:57:29,624 BTPWorkerThread-13215 (_rx_task) root DEBUG client.py                 71    logger_log                : Read 5 bytes
2025-03-06 02:57:29,656 BTPWorkerThread-13215 (_rx_task) root DEBUG client.py                 71    logger_log                : Received: hdr: Header(svc_id=0x00, op=0x03, ctrl_index=0xff, data_len=0x00) bytearray(b'\x00\x03\xff\x00\x00')
2025-03-06 02:57:29,688 BTPWorkerThread-13215 (_rx_task) root DEBUG client.py                 71    logger_log                : Received data: {''}, bytearray(b'')
2025-03-06 02:57:29,736 LT1-thread root DEBUG client.py                 71    logger_log                : received Header(svc_id=0, op=3, ctrl_index=255, data_len=0) (b'',)
2025-03-06 02:57:29,736 LT1-thread root DEBUG client.py                 71    logger_log                : expected ((0, 3, 255, 0), (b'',))
2025-03-06 02:57:29,737 LT1-thread root DEBUG client.py                 71    logger_log                : response is valid
2025-03-06 02:57:29,737 LT1-thread root DEBUG client.py                 71    logger_log                : Starting test function: class=<class 'autopts.ptsprojects.testcase.TestFunc'>, func=<bound method Stack.gatt_init of <autopts.ptsprojects.stack.stack.Stack object at 0x0000022DC2EF3CD0>> start_wid=None stop_wid=None post_wid=None skip_call=None call_count=158 args=() kwds={}
2025-03-06 02:57:29,737 LT1-thread root DEBUG client.py                 71    logger_log                : Test function parameters: args=(), kwds={}
2025-03-06 02:57:29,737 LT1-thread root DEBUG client.py                 71    logger_log                : Starting test function: class=<class 'autopts.ptsprojects.testcase.TestFunc'>, func=<function gap_set_io_cap at 0x0000022DBEE7FBA0> start_wid=None stop_wid=None post_wid=None skip_call=None call_count=158 args=(4,) kwds={}
2025-03-06 02:57:29,738 LT1-thread root DEBUG client.py                 71    logger_log                : Test function parameters: args=(4,), kwds={}
2025-03-06 02:57:29,738 LT1-thread root DEBUG client.py                 71    logger_log                : gap_set_io_cap 4
2025-03-06 02:57:29,738 LT1-thread root DEBUG client.py                 71    logger_log                : send, 1 16 0 '\x04'
2025-03-06 02:57:29,738 LT1-thread root DEBUG client.py                 71    logger_log                : sending frame '011000010004'
2025-03-06 02:57:29,738 LT1-thread root DEBUG client.py                 71    logger_log                : gap_command_rsp_succ
2025-03-06 02:57:29,739 LT1-thread root DEBUG client.py                 71    logger_log                : read
2025-03-06 02:57:29,814 BTPWorkerThread-13215 (_rx_task) root DEBUG client.py                 71    logger_log                : Read 5 bytes
2025-03-06 02:57:29,846 BTPWorkerThread-13215 (_rx_task) root DEBUG client.py                 71    logger_log                : Received: hdr: Header(svc_id=0x01, op=0x10, ctrl_index=0x00, data_len=0x00) bytearray(b'\x01\x10\x00\x00\x00')
2025-03-06 02:57:29,878 BTPWorkerThread-13215 (_rx_task) root DEBUG client.py                 71    logger_log                : Received data: {''}, bytearray(b'')
2025-03-06 02:57:29,927 LT1-thread root DEBUG client.py                 71    logger_log                : received Header(svc_id=1, op=16, ctrl_index=0, data_len=0) (b'',)
2025-03-06 02:57:29,928 LT1-thread root DEBUG client.py                 71    logger_log                : Starting test function: class=<class 'autopts.ptsprojects.testcase.TestFunc'>, func=<function set_pts_addr at 0x0000022DBEE7C360> start_wid=None stop_wid=None post_wid=None skip_call=None call_count=158 args=('C0:07:E8:25:DE:2A', 0) kwds={}
2025-03-06 02:57:29,928 LT1-thread root DEBUG client.py                 71    logger_log                : Test function parameters: args=('C0:07:E8:25:DE:2A', 0), kwds={}
2025-03-06 02:57:29,928 LT1-thread root DEBUG client.py                 71    logger_log                : Starting test function: class=<class 'autopts.ptsprojects.testcase.TestFunc'>, func=<function gatts_add_svc at 0x0000022DBEE8A020> start_wid=None stop_wid=None post_wid=None skip_call=None call_count=157 args=(0, 'AA51') kwds={}
2025-03-06 02:57:29,929 LT1-thread root DEBUG client.py                 71    logger_log                : Test function parameters: args=(0, 'AA51'), kwds={}
2025-03-06 02:57:29,929 LT1-thread root DEBUG client.py                 71    logger_log                : gatts_add_svc 0 'AA51'
2025-03-06 02:57:29,929 LT1-thread root DEBUG client.py                 71    logger_log                : send, 2 2 0 "bytearray(b'\\x00\\x02\\xaaQ')"
2025-03-06 02:57:29,929 LT1-thread root DEBUG client.py                 71    logger_log                : sending frame '02020004000002aa51'
2025-03-06 02:57:29,930 LT1-thread root DEBUG client.py                 71    logger_log                : gatt_command_rsp_succ
2025-03-06 02:57:29,930 LT1-thread root DEBUG client.py                 71    logger_log                : read
2025-03-06 02:57:29,988 BTPWorkerThread-13215 (_rx_task) root DEBUG client.py                 71    logger_log                : Read 5 bytes
2025-03-06 02:57:30,020 BTPWorkerThread-13215 (_rx_task) root DEBUG client.py                 71    logger_log                : Received: hdr: Header(svc_id=0x02, op=0x02, ctrl_index=0x00, data_len=0x02) bytearray(b'\x02\x02\x00\x02\x00')
2025-03-06 02:57:30,084 BTPWorkerThread-13215 (_rx_task) root DEBUG client.py                 71    logger_log                : Read 2 bytes data
2025-03-06 02:57:30,115 BTPWorkerThread-13215 (_rx_task) root DEBUG client.py                 71    logger_log                : Received data: {'00 00'}, bytearray(b'\x00\x00')
2025-03-06 02:57:30,162 LT1-thread root DEBUG client.py                 71    logger_log                : received Header(svc_id=2, op=2, ctrl_index=0, data_len=2) (b'\x00\x00',)
2025-03-06 02:57:30,163 LT1-thread root DEBUG client.py                 71    logger_log                : Starting test function: class=<class 'autopts.ptsprojects.testcase.TestFunc'>, func=<function gatts_add_char at 0x0000022DBEE8A160> start_wid=None stop_wid=None post_wid=None skip_call=None call_count=157 args=(0, 2, 17, 'AA52') kwds={}
2025-03-06 02:57:30,163 LT1-thread root DEBUG client.py                 71    logger_log                : Test function parameters: args=(0, 2, 17, 'AA52'), kwds={}
2025-03-06 02:57:30,163 LT1-thread root DEBUG client.py                 71    logger_log                : gatts_add_char 0 2 17 'AA52'
2025-03-06 02:57:30,164 LT1-thread root DEBUG client.py                 71    logger_log                : send, 2 3 0 "bytearray(b'\\x00\\x00\\x02\\x11\\x02\\xaaR')"
2025-03-06 02:57:30,164 LT1-thread root DEBUG client.py                 71    logger_log                : sending frame '02030007000000021102aa52'
2025-03-06 02:57:30,165 LT1-thread root DEBUG client.py                 71    logger_log                : gatt_command_rsp_succ
2025-03-06 02:57:30,165 LT1-thread root DEBUG client.py                 71    logger_log                : read
2025-03-06 02:57:30,240 BTPWorkerThread-13215 (_rx_task) root DEBUG client.py                 71    logger_log                : Read 5 bytes
2025-03-06 02:57:30,272 BTPWorkerThread-13215 (_rx_task) root DEBUG client.py                 71    logger_log                : Received: hdr: Header(svc_id=0x02, op=0x03, ctrl_index=0x00, data_len=0x02) bytearray(b'\x02\x03\x00\x02\x00')
2025-03-06 02:57:30,336 BTPWorkerThread-13215 (_rx_task) root DEBUG client.py                 71    logger_log                : Read 2 bytes data
2025-03-06 02:57:30,368 BTPWorkerThread-13215 (_rx_task) root DEBUG client.py                 71    logger_log                : Received data: {'00 00'}, bytearray(b'\x00\x00')
2025-03-06 02:57:30,416 LT1-thread root DEBUG client.py                 71    logger_log                : received Header(svc_id=2, op=3, ctrl_index=0, data_len=2) (b'\x00\x00',)
2025-03-06 02:57:30,416 LT1-thread root DEBUG client.py                 71    logger_log                : Starting test function: class=<class 'autopts.ptsprojects.testcase.TestFunc'>, func=<function gatts_set_val at 0x0000022DBEE8A200> start_wid=None stop_wid=None post_wid=None skip_call=None call_count=157 args=(0, '01') kwds={}
2025-03-06 02:57:30,416 LT1-thread root DEBUG client.py                 71    logger_log                : Test function parameters: args=(0, '01'), kwds={}
2025-03-06 02:57:30,417 LT1-thread root DEBUG client.py                 71    logger_log                : gatts_set_val 0 '01' 
2025-03-06 02:57:30,417 LT1-thread root DEBUG client.py                 71    logger_log                : send, 2 6 0 "bytearray(b'\\x00\\x00\\x01\\x00\\x01')"
2025-03-06 02:57:30,417 LT1-thread root DEBUG client.py                 71    logger_log                : sending frame '02060005000000010001'
2025-03-06 02:57:30,417 LT1-thread root DEBUG client.py                 71    logger_log                : gatt_command_rsp_succ
2025-03-06 02:57:30,418 LT1-thread root DEBUG client.py                 71    logger_log                : read
2025-03-06 02:57:30,494 BTPWorkerThread-13215 (_rx_task) root DEBUG client.py                 71    logger_log                : Read 5 bytes
2025-03-06 02:57:30,526 BTPWorkerThread-13215 (_rx_task) root DEBUG client.py                 71    logger_log                : Received: hdr: Header(svc_id=0x02, op=0x06, ctrl_index=0x00, data_len=0x00) bytearray(b'\x02\x06\x00\x00\x00')
2025-03-06 02:57:30,557 BTPWorkerThread-13215 (_rx_task) root DEBUG client.py                 71    logger_log                : Received data: {''}, bytearray(b'')
2025-03-06 02:57:30,604 LT1-thread root DEBUG client.py                 71    logger_log                : received Header(svc_id=2, op=6, ctrl_index=0, data_len=0) (b'',)
2025-03-06 02:57:30,604 LT1-thread root DEBUG client.py                 71    logger_log                : Starting test function: class=<class 'autopts.ptsprojects.testcase.TestFunc'>, func=<function gatts_add_char at 0x0000022DBEE8A160> start_wid=None stop_wid=None post_wid=None skip_call=None call_count=157 args=(0, 2, 5, 'AA53') kwds={}
2025-03-06 02:57:30,605 LT1-thread root DEBUG client.py                 71    logger_log                : Test function parameters: args=(0, 2, 5, 'AA53'), kwds={}
2025-03-06 02:57:30,605 LT1-thread root DEBUG client.py                 71    logger_log                : gatts_add_char 0 2 5 'AA53'
2025-03-06 02:57:30,605 LT1-thread root DEBUG client.py                 71    logger_log                : send, 2 3 0 "bytearray(b'\\x00\\x00\\x02\\x05\\x02\\xaaS')"
2025-03-06 02:57:30,605 LT1-thread root DEBUG client.py                 71    logger_log                : sending frame '02030007000000020502aa53'
2025-03-06 02:57:30,606 LT1-thread root DEBUG client.py                 71    logger_log                : gatt_command_rsp_succ
2025-03-06 02:57:30,606 LT1-thread root DEBUG client.py                 71    logger_log                : read
2025-03-06 02:57:30,680 BTPWorkerThread-13215 (_rx_task) root DEBUG client.py                 71    logger_log                : Read 5 bytes
2025-03-06 02:57:30,711 BTPWorkerThread-13215 (_rx_task) root DEBUG client.py                 71    logger_log                : Received: hdr: Header(svc_id=0x02, op=0x03, ctrl_index=0x00, data_len=0x02) bytearray(b'\x02\x03\x00\x02\x00')
2025-03-06 02:57:30,774 BTPWorkerThread-13215 (_rx_task) root DEBUG client.py                 71    logger_log                : Read 2 bytes data
2025-03-06 02:57:30,806 BTPWorkerThread-13215 (_rx_task) root DEBUG client.py                 71    logger_log                : Received data: {'00 00'}, bytearray(b'\x00\x00')
2025-03-06 02:57:30,854 LT1-thread root DEBUG client.py                 71    logger_log                : received Header(svc_id=2, op=3, ctrl_index=0, data_len=2) (b'\x00\x00',)
2025-03-06 02:57:30,854 LT1-thread root DEBUG client.py                 71    logger_log                : Starting test function: class=<class 'autopts.ptsprojects.testcase.TestFunc'>, func=<function gatts_set_val at 0x0000022DBEE8A200> start_wid=None stop_wid=None post_wid=None skip_call=None call_count=157 args=(0, '02') kwds={}
2025-03-06 02:57:30,855 LT1-thread root DEBUG client.py                 71    logger_log                : Test function parameters: args=(0, '02'), kwds={}
2025-03-06 02:57:30,855 LT1-thread root DEBUG client.py                 71    logger_log                : gatts_set_val 0 '02' 
2025-03-06 02:57:30,855 LT1-thread root DEBUG client.py                 71    logger_log                : send, 2 6 0 "bytearray(b'\\x00\\x00\\x01\\x00\\x02')"
2025-03-06 02:57:30,856 LT1-thread root DEBUG client.py                 71    logger_log                : sending frame '02060005000000010002'
2025-03-06 02:57:30,856 LT1-thread root DEBUG client.py                 71    logger_log                : gatt_command_rsp_succ
2025-03-06 02:57:30,856 LT1-thread root DEBUG client.py                 71    logger_log                : read
2025-03-06 02:57:30,918 BTPWorkerThread-13215 (_rx_task) root DEBUG client.py                 71    logger_log                : Read 5 bytes
2025-03-06 02:57:30,949 BTPWorkerThread-13215 (_rx_task) root DEBUG client.py                 71    logger_log                : Received: hdr: Header(svc_id=0x02, op=0x06, ctrl_index=0x00, data_len=0x00) bytearray(b'\x02\x06\x00\x00\x00')
2025-03-06 02:57:30,980 BTPWorkerThread-13215 (_rx_task) root DEBUG client.py                 71    logger_log                : Received data: {''}, bytearray(b'')
2025-03-06 02:57:31,026 LT1-thread root DEBUG client.py                 71    logger_log                : received Header(svc_id=2, op=6, ctrl_index=0, data_len=0) (b'',)
2025-03-06 02:57:31,026 LT1-thread root DEBUG client.py                 71    logger_log                : Starting test function: class=<class 'autopts.ptsprojects.testcase.TestFunc'>, func=<function gatts_add_char at 0x0000022DBEE8A160> start_wid=None stop_wid=None post_wid=None skip_call=None call_count=157 args=(0, 66, 3, 'AA54') kwds={}
2025-03-06 02:57:31,027 LT1-thread root DEBUG client.py                 71    logger_log                : Test function parameters: args=(0, 66, 3, 'AA54'), kwds={}
2025-03-06 02:57:31,027 LT1-thread root DEBUG client.py                 71    logger_log                : gatts_add_char 0 66 3 'AA54'
2025-03-06 02:57:31,027 LT1-thread root DEBUG client.py                 71    logger_log                : send, 2 3 0 "bytearray(b'\\x00\\x00B\\x03\\x02\\xaaT')"
2025-03-06 02:57:31,027 LT1-thread root DEBUG client.py                 71    logger_log                : sending frame '02030007000000420302aa54'
2025-03-06 02:57:31,028 LT1-thread root DEBUG client.py                 71    logger_log                : gatt_command_rsp_succ
2025-03-06 02:57:31,028 LT1-thread root DEBUG client.py                 71    logger_log                : read
2025-03-06 02:57:31,103 BTPWorkerThread-13215 (_rx_task) root DEBUG client.py                 71    logger_log                : Read 5 bytes
2025-03-06 02:57:31,134 BTPWorkerThread-13215 (_rx_task) root DEBUG client.py                 71    logger_log                : Received: hdr: Header(svc_id=0x02, op=0x03, ctrl_index=0x00, data_len=0x02) bytearray(b'\x02\x03\x00\x02\x00')
2025-03-06 02:57:31,196 BTPWorkerThread-13215 (_rx_task) root DEBUG client.py                 71    logger_log                : Read 2 bytes data
2025-03-06 02:57:31,227 BTPWorkerThread-13215 (_rx_task) root DEBUG client.py                 71    logger_log                : Received data: {'00 00'}, bytearray(b'\x00\x00')
2025-03-06 02:57:31,274 LT1-thread root DEBUG client.py                 71    logger_log                : received Header(svc_id=2, op=3, ctrl_index=0, data_len=2) (b'\x00\x00',)
2025-03-06 02:57:31,274 LT1-thread root DEBUG client.py                 71    logger_log                : Starting test function: class=<class 'autopts.ptsprojects.testcase.TestFunc'>, func=<function gatts_set_val at 0x0000022DBEE8A200> start_wid=None stop_wid=None post_wid=None skip_call=None call_count=157 args=(0, '03') kwds={}
2025-03-06 02:57:31,275 LT1-thread root DEBUG client.py                 71    logger_log                : Test function parameters: args=(0, '03'), kwds={}
2025-03-06 02:57:31,275 LT1-thread root DEBUG client.py                 71    logger_log                : gatts_set_val 0 '03' 
2025-03-06 02:57:31,275 LT1-thread root DEBUG client.py                 71    logger_log                : send, 2 6 0 "bytearray(b'\\x00\\x00\\x01\\x00\\x03')"
2025-03-06 02:57:31,276 LT1-thread root DEBUG client.py                 71    logger_log                : sending frame '02060005000000010003'
2025-03-06 02:57:31,276 LT1-thread root DEBUG client.py                 71    logger_log                : gatt_command_rsp_succ
2025-03-06 02:57:31,276 LT1-thread root DEBUG client.py                 71    logger_log                : read
2025-03-06 02:57:31,350 BTPWorkerThread-13215 (_rx_task) root DEBUG client.py                 71    logger_log                : Read 5 bytes
2025-03-06 02:57:31,381 BTPWorkerThread-13215 (_rx_task) root DEBUG client.py                 71    logger_log                : Received: hdr: Header(svc_id=0x02, op=0x06, ctrl_index=0x00, data_len=0x00) bytearray(b'\x02\x06\x00\x00\x00')
2025-03-06 02:57:31,412 BTPWorkerThread-13215 (_rx_task) root DEBUG client.py                 71    logger_log                : Received data: {''}, bytearray(b'')
2025-03-06 02:57:31,460 LT1-thread root DEBUG client.py                 71    logger_log                : received Header(svc_id=2, op=6, ctrl_index=0, data_len=0) (b'',)
2025-03-06 02:57:31,460 LT1-thread root DEBUG client.py                 71    logger_log                : Starting test function: class=<class 'autopts.ptsprojects.testcase.TestFunc'>, func=<function gatts_add_char at 0x0000022DBEE8A160> start_wid=None stop_wid=None post_wid=None skip_call=None call_count=157 args=(0, 10, 48, 'AA55') kwds={}
2025-03-06 02:57:31,461 LT1-thread root DEBUG client.py                 71    logger_log                : Test function parameters: args=(0, 10, 48, 'AA55'), kwds={}
2025-03-06 02:57:31,461 LT1-thread root DEBUG client.py                 71    logger_log                : gatts_add_char 0 10 48 'AA55'
2025-03-06 02:57:31,461 LT1-thread root DEBUG client.py                 71    logger_log                : send, 2 3 0 "bytearray(b'\\x00\\x00\\n0\\x02\\xaaU')"
2025-03-06 02:57:31,461 LT1-thread root DEBUG client.py                 71    logger_log                : sending frame '020300070000000a3002aa55'
2025-03-06 02:57:31,462 LT1-thread root DEBUG client.py                 71    logger_log                : gatt_command_rsp_succ
2025-03-06 02:57:31,462 LT1-thread root DEBUG client.py                 71    logger_log                : read
2025-03-06 02:57:31,538 BTPWorkerThread-13215 (_rx_task) root DEBUG client.py                 71    logger_log                : Read 5 bytes
2025-03-06 02:57:31,570 BTPWorkerThread-13215 (_rx_task) root DEBUG client.py                 71    logger_log                : Received: hdr: Header(svc_id=0x02, op=0x03, ctrl_index=0x00, data_len=0x02) bytearray(b'\x02\x03\x00\x02\x00')
2025-03-06 02:57:31,634 BTPWorkerThread-13215 (_rx_task) root DEBUG client.py                 71    logger_log                : Read 2 bytes data
2025-03-06 02:57:31,666 BTPWorkerThread-13215 (_rx_task) root DEBUG client.py                 71    logger_log                : Received data: {'00 00'}, bytearray(b'\x00\x00')
2025-03-06 02:57:31,714 LT1-thread root DEBUG client.py                 71    logger_log                : received Header(svc_id=2, op=3, ctrl_index=0, data_len=2) (b'\x00\x00',)
2025-03-06 02:57:31,714 LT1-thread root DEBUG client.py                 71    logger_log                : Starting test function: class=<class 'autopts.ptsprojects.testcase.TestFunc'>, func=<function gatts_set_val at 0x0000022DBEE8A200> start_wid=None stop_wid=None post_wid=None skip_call=None call_count=157 args=(0, '04') kwds={}
2025-03-06 02:57:31,715 LT1-thread root DEBUG client.py                 71    logger_log                : Test function parameters: args=(0, '04'), kwds={}
2025-03-06 02:57:31,715 LT1-thread root DEBUG client.py                 71    logger_log                : gatts_set_val 0 '04' 
2025-03-06 02:57:31,715 LT1-thread root DEBUG client.py                 71    logger_log                : send, 2 6 0 "bytearray(b'\\x00\\x00\\x01\\x00\\x04')"
2025-03-06 02:57:31,716 LT1-thread root DEBUG client.py                 71    logger_log                : sending frame '02060005000000010004'
2025-03-06 02:57:31,716 LT1-thread root DEBUG client.py                 71    logger_log                : gatt_command_rsp_succ
2025-03-06 02:57:31,716 LT1-thread root DEBUG client.py                 71    logger_log                : read
2025-03-06 02:57:31,793 BTPWorkerThread-13215 (_rx_task) root DEBUG client.py                 71    logger_log                : Read 5 bytes
2025-03-06 02:57:31,824 BTPWorkerThread-13215 (_rx_task) root DEBUG client.py                 71    logger_log                : Received: hdr: Header(svc_id=0x02, op=0x06, ctrl_index=0x00, data_len=0x00) bytearray(b'\x02\x06\x00\x00\x00')
2025-03-06 02:57:31,854 BTPWorkerThread-13215 (_rx_task) root DEBUG client.py                 71    logger_log                : Received data: {''}, bytearray(b'')
2025-03-06 02:57:31,900 LT1-thread root DEBUG client.py                 71    logger_log                : received Header(svc_id=2, op=6, ctrl_index=0, data_len=0) (b'',)
2025-03-06 02:57:31,900 LT1-thread root DEBUG client.py                 71    logger_log                : Starting test function: class=<class 'autopts.ptsprojects.testcase.TestFunc'>, func=<function gatts_start_server at 0x0000022DBEE8A480> start_wid=None stop_wid=None post_wid=None skip_call=None call_count=157 args=() kwds={}
2025-03-06 02:57:31,901 LT1-thread root DEBUG client.py                 71    logger_log                : Test function parameters: args=(), kwds={}
2025-03-06 02:57:31,901 LT1-thread root DEBUG client.py                 71    logger_log                : gatts_start_server
2025-03-06 02:57:31,901 LT1-thread root DEBUG client.py                 71    logger_log                : send, 2 7 0 ''
2025-03-06 02:57:31,901 LT1-thread root DEBUG client.py                 71    logger_log                : sending frame '0207000000'
2025-03-06 02:57:31,902 LT1-thread root DEBUG client.py                 71    logger_log                : gatt_command_rsp_succ
2025-03-06 02:57:31,902 LT1-thread root DEBUG client.py                 71    logger_log                : read
2025-03-06 02:57:31,978 BTPWorkerThread-13215 (_rx_task) root DEBUG client.py                 71    logger_log                : Read 5 bytes
2025-03-06 02:57:32,010 BTPWorkerThread-13215 (_rx_task) root DEBUG client.py                 71    logger_log                : Received: hdr: Header(svc_id=0x02, op=0x07, ctrl_index=0x00, data_len=0x03) bytearray(b'\x02\x07\x00\x03\x00')
2025-03-06 02:57:32,057 BTPWorkerThread-13215 (_rx_task) root DEBUG client.py                 71    logger_log                : Read 3 bytes data
2025-03-06 02:57:32,088 BTPWorkerThread-13215 (_rx_task) root DEBUG client.py                 71    logger_log                : Received data: {'00 00 00'}, bytearray(b'\x00\x00\x00')
2025-03-06 02:57:32,136 LT1-thread root DEBUG client.py                 71    logger_log                : received Header(svc_id=2, op=7, ctrl_index=0, data_len=3) (b'\x00\x00\x00',)
2025-03-06 02:57:32,139 LT1-thread root DEBUG client.py                 71    logger_log                : ClientCallback.get_result run_test_case
2025-03-06 02:57:43,125 LT1-callback ClientCallback.on_implicit_send INFO client.py                 71    logger_log                : 
    ********************
    BEGIN OnImplicitSend:
    project_name: GAP
    wid: 79
    test_case_name: GAP/BROB/BCST/BV-04-C
    description: Please send non-connectable undirected advertising report with non-resolvable private address.
    style: MMI_Style_Ok_Cancel1 0x11041
2025-03-06 02:57:43,125 LT1-callback ClientCallback.on_implicit_send INFO client.py                 71    logger_log                : Calling test cases on_implicit_send
2025-03-06 02:57:43,125 LT1-callback ClientCallback.on_implicit_send INFO client.py                 71    logger_log                : 
    on_implicit_send returned response: WAIT
    END OnImplicitSend
    ********************
2025-03-06 02:57:43,228 LT1-thread root DEBUG client.py                 71    logger_log                : GAP GAP/BROB/BCST/BV-04-C on_implicit_send
2025-03-06 02:57:43,228 LT1-thread root DEBUG client.py                 71    logger_log                : gap_wid_hdl, 79, Please send non-connectable undirected advertising report with non-resolvable private address., GAP/BROB/BCST/BV-04-C
2025-03-06 02:57:43,228 LT1-thread root DEBUG client.py                 71    logger_log                : gap_set_nonconn
2025-03-06 02:57:43,228 LT1-thread root DEBUG client.py                 71    logger_log                : send, 1 6 0 '0'
2025-03-06 02:57:43,228 LT1-thread root DEBUG client.py                 71    logger_log                : sending frame '010600010000'
2025-03-06 02:57:43,229 LT1-thread root DEBUG client.py                 71    logger_log                : gap_command_rsp_succ
2025-03-06 02:57:43,229 LT1-thread root DEBUG client.py                 71    logger_log                : read
2025-03-06 02:57:43,306 BTPWorkerThread-13215 (_rx_task) root DEBUG client.py                 71    logger_log                : Read 5 bytes
2025-03-06 02:57:43,338 BTPWorkerThread-13215 (_rx_task) root DEBUG client.py                 71    logger_log                : Received: hdr: Header(svc_id=0x01, op=0x06, ctrl_index=0x00, data_len=0x04) bytearray(b'\x01\x06\x00\x04\x00')
2025-03-06 02:57:43,400 BTPWorkerThread-13215 (_rx_task) root DEBUG client.py                 71    logger_log                : Read 4 bytes data
2025-03-06 02:57:43,431 BTPWorkerThread-13215 (_rx_task) root DEBUG client.py                 71    logger_log                : Received data: {'11 22 00 00'}, bytearray(b'\x11"\x00\x00')
2025-03-06 02:57:43,478 LT1-thread root DEBUG client.py                 71    logger_log                : received Header(svc_id=1, op=6, ctrl_index=0, data_len=4) (b'\x11"\x00\x00',)
2025-03-06 02:57:43,478 LT1-thread root DEBUG client.py                 71    logger_log                : __gap_current_settings_update (b'\x11"\x00\x00',)
2025-03-06 02:57:43,479 LT1-thread root DEBUG client.py                 71    logger_log                : gap_adv_ind_on {9: b'Tester_25DE2A'} None
2025-03-06 02:57:43,479 LT1-thread root DEBUG client.py                 71    logger_log                : send, 1 10 0 "bytearray(b'\\x0f\\x00\\t\\rTester_25DE2A\\xff\\xff\\xff\\xff\\x00')"
2025-03-06 02:57:43,479 LT1-thread root DEBUG client.py                 71    logger_log                : sending frame '010a0016000f00090d5465737465725f323544453241ffffffff00'
2025-03-06 02:57:43,479 LT1-thread root DEBUG client.py                 71    logger_log                : gap_command_rsp_succ
2025-03-06 02:57:43,479 LT1-thread root DEBUG client.py                 71    logger_log                : read
2025-03-06 02:57:43,540 BTPWorkerThread-13215 (_rx_task) root DEBUG client.py                 71    logger_log                : Read 5 bytes
2025-03-06 02:57:43,572 BTPWorkerThread-13215 (_rx_task) root DEBUG client.py                 71    logger_log                : Received: hdr: Header(svc_id=0x01, op=0x0a, ctrl_index=0x00, data_len=0x04) bytearray(b'\x01\n\x00\x04\x00')
2025-03-06 02:57:43,634 BTPWorkerThread-13215 (_rx_task) root DEBUG client.py                 71    logger_log                : Read 4 bytes data
2025-03-06 02:57:43,665 BTPWorkerThread-13215 (_rx_task) root DEBUG client.py                 71    logger_log                : Received data: {'11 26 00 00'}, bytearray(b'\x11&\x00\x00')
2025-03-06 02:57:43,712 LT1-thread root DEBUG client.py                 71    logger_log                : received Header(svc_id=1, op=10, ctrl_index=0, data_len=4) (b'\x11&\x00\x00',)
2025-03-06 02:57:43,712 LT1-thread root DEBUG client.py                 71    logger_log                : __gap_current_settings_update (b'\x11&\x00\x00',)
2025-03-06 02:57:43,712 LT1-thread root DEBUG client.py                 71    logger_log                : Sending response 'OK' to wid 79 test case GAP/BROB/BCST/BV-04-C
2025-03-06 02:57:43,716 LT1-thread root DEBUG client.py                 71    logger_log                : ClientCallback.get_result run_test_case
2025-03-06 02:57:46,338 LT1-callback ClientCallback.log INFO client.py                 71    logger_log                : PTS_LOGTYPE_START_TEST Start Test Case 

+16 ms
 GAP/BROB/BCST/BV-04-C GAP/BROB/BCST/BV-04-C

2025-03-06 02:57:46,789 LT1-callback ClientCallback.log INFO client.py                 71    logger_log                : PTS_LOGTYPE_FINAL_VERDICT Final Verdict 

+7266 ms
 GAP/BROB/BCST/BV-04-C PASS

2025-03-06 02:57:46,797 LT1-callback ClientCallback.log INFO client.py                 71    logger_log                : PTS_LOGTYPE_FINAL_VERDICT Encrypted Verdict 

+7266 ms
 GAP/BROB/BCST/BV-04-C A1#ZWY4MzQ5MDg3MmQwNTIxOGQzMzQ5YjY2ODA5M2MzNjQ5ZDY4NmY0Yjc2MzIzM2VkNTUyNTFhNGU4Mjg1MjI0NA==#Q2mZCWzr3hQ0tD0IOvo1+GAiXS2w8pHF1aMAqUXZbvu8ek/gEuWOtGBuvqLVc5Se

2025-03-06 02:57:46,921 LT1-callback ClientCallback.log INFO client.py                 71    logger_log                : PTS_LOGTYPE_END_TEST Test Case Ended 

+7266 ms
 GAP/BROB/BCST/BV-04-C GAP/BROB/BCST/BV-04-C

2025-03-06 02:57:47,151 LT1-callback root DEBUG client.py                 71    logger_log                : ClientCallback, set_result, run_test_case, PASS
2025-03-06 02:57:47,161 LT1-thread root DEBUG client.py                 71    logger_log                : After run_test_case error_code=0 status='PASS'
2025-03-06 02:57:47,161 LT1-thread root DEBUG client.py                 71    logger_log                : post_run GAP GAP/BROB/BCST/BV-04-C 0
2025-03-06 02:57:47,161 LT1-thread root DEBUG client.py                 71    logger_log                : Starting test function: class=<class 'autopts.ptsprojects.testcase.TestFuncCleanUp'>, func=<bound method Stack.cleanup of <autopts.ptsprojects.stack.stack.Stack object at 0x0000022DC2EF3CD0>> start_wid=None stop_wid=None post_wid=None skip_call=None call_count=1 args=() kwds={}
2025-03-06 02:57:47,161 LT1-thread root DEBUG client.py                 71    logger_log                : Test function parameters: args=(), kwds={}
2025-03-06 02:57:47,161 LT1-thread root DEBUG client.py                 71    logger_log                : Starting test function: class=<class 'autopts.ptsprojects.testcase.TestFuncCleanUp'>, func=<bound method ZephyrCtl.stop of <autopts.ptsprojects.zephyr.iutctl.ZephyrCtl object at 0x0000022DC2EF3ED0>> start_wid=None stop_wid=None post_wid=None skip_call=None call_count=1 args=() kwds={}
2025-03-06 02:57:47,161 LT1-thread root DEBUG client.py                 71    logger_log                : Test function parameters: args=(), kwds={}
2025-03-06 02:57:47,161 LT1-thread root DEBUG client.py                 71    logger_log                : <class 'autopts.ptsprojects.zephyr.iutctl.ZephyrCtl'>.stop
2025-03-06 02:57:47,161 LT1-thread root DEBUG client.py                 71    logger_log                : About to reset DUT: JLink -CommandFile reset.jlink -usb 1064371884 -device MCXW716
2025-03-06 02:57:47,722 BTPWorkerThread-13215 (_rx_task) root DEBUG client.py                 71    logger_log                : Read 5 bytes
2025-03-06 02:57:47,754 BTPWorkerThread-13215 (_rx_task) root DEBUG client.py                 71    logger_log                : Received: hdr: Header(svc_id=0x00, op=0x80, ctrl_index=0xff, data_len=0x00) bytearray(b'\x00\x80\xff\x00\x00')
2025-03-06 02:57:47,786 BTPWorkerThread-13215 (_rx_task) root DEBUG client.py                 71    logger_log                : Received data: {''}, bytearray(b'')
2025-03-06 02:57:47,834 BTPWorkerThread-13215 (_rx_task) root DEBUG client.py                 71    logger_log                : event_handler Header(svc_id=0, op=128, ctrl_index=255, data_len=0) (b'',)
2025-03-06 02:57:47,866 BTPWorkerThread-13215 (_rx_task) root DEBUG client.py                 71    logger_log                : core_iut_ready_ev
2025-03-06 02:57:47,883 LT1-thread root DEBUG client.py                 71    logger_log                : IUT ready event received OK
2025-03-06 02:57:47,883 LT1-thread root DEBUG client.py                 71    logger_log                : Waiting for _rx_worker to finish ...
2025-03-06 02:57:48,887 BTPWorkerThread-13215 (_rx_task) root DEBUG client.py                 71    logger_log                : BTPWorkerThread-13215 (_rx_task) finishing...
2025-03-06 02:57:48,887 LT1-thread root DEBUG client.py                 71    logger_log                : Waiting for _rx_worker to finish ...
2025-03-06 02:57:51,894 LT1-thread root DEBUG client.py                 71    logger_log                : post_run, cleanup running post test case script
2025-03-06 02:57:51,894 LT1-thread root DEBUG client.py                 71    logger_log                : post_run, run post test case script
2025-03-06 02:57:52,066 LT1-thread root DEBUG client.py                 71    logger_log                : Done TestCase _run_test_case GAP GAP/BROB/BCST/BV-04-C
