< 2025/01/05 00:27:51.296929  length=5 from=0 to=4
 00 80 ff 00 00                                   .....
--
> 2025/01/05 00:28:01.155918  length=6 from=0 to=5
 00 03 ff 01 00 01                                ......
--
< 2025/01/05 00:28:01.203013  length=5 from=5 to=9
 00 03 ff 00 00                                   .....
--
> 2025/01/05 00:28:01.249885  length=5 from=6 to=10
 01 03 00 00 00                                   .....
--
< 2025/01/05 00:28:02.138361  length=160 from=10 to=169
 01 03 00 15 01 9c 73 b4 f4 00 74 13 06 02 00 13  ......s...t.....
 22 00 00 00 00 00 62 74 70 5f 74 65 73 74 65 72  ".....btp_tester
 00 00 00 00 00 00 00 00 00 00 00 00 00 00 00 00  ................
 00 00 00 00 00 00 00 00 00 00 00 00 00 00 00 00  ................
 00 00 00 00 00 00 00 00 00 00 00 00 00 00 00 00  ................
 00 00 00 00 00 00 00 00 00 00 00 00 00 00 00 00  ................
 00 00 00 00 00 00 00 00 00 00 00 00 00 00 00 00  ................
 00 00 00 00 00 00 00 00 00 00 00 00 00 00 00 00  ................
 00 00 00 00 00 00 00 00 00 00 00 00 00 00 00 00  ................
 00 00 00 00 00 00 00 00 00 00 00 00 00 00 00 00  ................
--
< 2025/01/05 00:28:02.148527  length=96 from=170 to=265
 00 00 00 00 00 00 00 00 00 00 00 00 00 00 00 00  ................
 00 00 00 00 00 00 00 00 00 00 00 00 00 00 00 00  ................
 00 00 00 00 00 00 00 00 00 00 00 00 00 00 00 00  ................
 00 00 00 00 00 00 00 00 00 00 00 00 00 00 00 00  ................
 00 00 00 00 00 00 00 00 00 00 00 00 00 00 00 00  ................
 00 00 00 00 00 00 00 00 00 00 00 00 00 00 00 00  ................
--
< 2025/01/05 00:28:02.154604  length=26 from=266 to=291
 00 00 00 00 00 00 00 00 00 00 00 00 00 00 00 00  ................
 00 00 00 00 00 00 00 00 00 00                    ..........
--
> 2025/01/05 00:28:02.451217  length=6 from=11 to=16
 00 03 ff 01 00 02                                ......
--
< 2025/01/05 00:28:02.466288  length=5 from=292 to=296
 00 03 ff 00 00                                   .....
--
> 2025/01/05 00:28:02.528237  length=6 from=17 to=22
 01 10 00 01 00 04                                ......
--
< 2025/01/05 00:28:02.544329  length=5 from=297 to=301
 01 10 00 00 00                                   .....
--
> 2025/01/05 00:28:02.591598  length=9 from=23 to=31
 02 02 00 04 00 00 02 aa 51                       ........Q
--
< 2025/01/05 00:28:02.607619  length=7 from=302 to=308
 02 02 00 02 00 00 00                             .......
--
> 2025/01/05 00:28:02.669571  length=12 from=32 to=43
 02 03 00 07 00 00 00 02 11 02 aa 52              ...........R
--
< 2025/01/05 00:28:02.685752  length=7 from=309 to=315
 02 03 00 02 00 00 00                             .......
--
> 2025/01/05 00:28:02.748573  length=10 from=44 to=53
 02 06 00 05 00 00 00 01 00 01                    ..........
--
< 2025/01/05 00:28:02.763701  length=5 from=316 to=320
 02 06 00 00 00                                   .....
--
> 2025/01/05 00:28:02.843560  length=12 from=54 to=65
 02 03 00 07 00 00 00 02 05 02 aa 53              ...........S
--
< 2025/01/05 00:28:02.859706  length=7 from=321 to=327
 02 03 00 02 00 00 00                             .......
--
> 2025/01/05 00:28:03.001588  length=10 from=66 to=75
 02 06 00 05 00 00 00 01 00 02                    ..........
--
< 2025/01/05 00:28:03.017661  length=5 from=328 to=332
 02 06 00 00 00                                   .....
--
> 2025/01/05 00:28:03.113526  length=12 from=76 to=87
 02 03 00 07 00 00 00 42 03 02 aa 54              .......B...T
--
< 2025/01/05 00:28:03.128701  length=7 from=333 to=339
 02 03 00 02 00 00 00                             .......
--
> 2025/01/05 00:28:03.207533  length=10 from=88 to=97
 02 06 00 05 00 00 00 01 00 03                    ..........
--
< 2025/01/05 00:28:03.222630  length=5 from=340 to=344
 02 06 00 00 00                                   .....
--
> 2025/01/05 00:28:03.285561  length=12 from=98 to=109
 02 03 00 07 00 00 00 0a                          ........
 30 02 aa 55                                      0..U
--
< 2025/01/05 00:28:03.301654  length=7 from=345 to=351
 02 03 00 02 00 00 00                             .......
--
> 2025/01/05 00:28:03.410543  length=10 from=110 to=119
 02 06 00 05 00 00 00 01 00 04                    ..........
--
< 2025/01/05 00:28:03.426629  length=5 from=352 to=356
 02 06 00 00 00                                   .....
--
> 2025/01/05 00:28:03.504568  length=5 from=120 to=124
 02 07 00 00 00                                   .....
--
< 2025/01/05 00:28:03.519705  length=8 from=357 to=364
 02 07 00 03 00 00 00 00                          ........
--
> 2025/01/05 00:28:06.616790  length=27 from=125 to=151
 01 0a                                            ..
 00 16 00 0f 00 09 0d 54 65 73 74 65 72 5f 32 35  .......Tester_25
 44 45 32 41 ff ff ff ff 00                       DE2A.....
--
< 2025/01/05 00:28:06.632797  length=9 from=365 to=373
 01 0a                                            ..
 00 04 00 13 26 00 00                             ....&..
--
< 2025/01/05 00:28:07.209950  length=27 from=374 to=400
 01 82 00 0d 00 00 2a de 25 e8 07 c0 38 00 00 00  ......*.%...8...
 d0 07 01 80 00 04 00 13 22 00 00                 ........"..
--
< 2025/01/05 00:28:08.610492  length=12 from=401 to=412
 01 83 00 07 00 00 2a de 25 e8 07 c0              ......*.%...
--
> 2025/01/05 00:28:09.700405  length=27 from=152 to=178
 01 0a                                            ..
 00 16 00 0f 00 09 0d 54 65 73 74 65 72 5f 32 35  .......Tester_25
 44 45 32 41 ff ff ff ff 01                       DE2A.....
--
< 2025/01/05 00:28:09.716469  length=9 from=413 to=421
 01 0a                                            ..
 00 04 00 13 26 00 00                             ....&..
--
< 2025/01/05 00:28:10.015161  length=27 from=422 to=448
 01 82 00 0d 00 00 2a de 25 e8 07 c0 38 00 00 00  ......*.%...8...
 d0 07 01 80 00 04 00 13 22 00 00                 ........"..
--
< 2025/01/05 00:28:10.705363  length=12 from=449 to=460
 01 83 00 07 00 00 2a de 25 e8 07 c0              ......*.%...
--
> 2025/01/05 00:28:11.778670  length=27 from=179 to=205
 01 0a                                            ..
 00 16 00 0f 00 09 0d 54 65 73 74 65 72 5f 32 35  .......Tester_25
 44 45 32 41 ff ff ff ff 01                       DE2A.....
--
< 2025/01/05 00:28:11.793767  length=9 from=461 to=469
 01 0a                                            ..
 00 04 00 13 26 00 00                             ....&..
--
< 2025/01/05 00:28:12.640024  length=27 from=470 to=496
 01 82 00 0d 00 00 2a de 25 e8 07 c0 38 00 00 00  ......*.%...8...
 d0 07 01 80 00 04 00 13 22 00 00                 ........"..
--
< 2025/01/05 00:28:13.364640  length=12 from=497 to=508
 01 83 00 07 00 00 2a de 25 e8 07 c0              ......*.%...
--
> 2025/01/05 00:28:13.848237  length=27 from=206 to=232
 01 0a                                            ..
 00 16 00 0f 00 09 0d 54 65 73 74 65 72 5f 32 35  .......Tester_25
 44 45 32 41 ff ff ff ff 01                       DE2A.....
--
< 2025/01/05 00:28:13.864382  length=9 from=509 to=517
 01 0a                                            ..
 00 04 00 13 26 00 00                             ....&..
--
< 2025/01/05 00:28:14.429410  length=27 from=518 to=544
 01 82 00 0d 00 00 2a de 25 e8 07 c0 38 00 00 00  ......*.%...8...
 d0 07 01 80 00 04 00 13 22 00 00                 ........"..
--
< 2025/01/05 00:28:15.141401  length=12 from=545 to=556
 01 83 00 07 00 00 2a de 25 e8 07 c0              ......*.%...
--
> 2025/01/05 00:28:15.897472  length=27 from=233 to=259
 01 0a                                            ..
 00 16 00 0f 00 09 0d 54 65 73 74 65 72 5f 32 35  .......Tester_25
 44 45 32 41 ff ff ff ff 01                       DE2A.....
--
< 2025/01/05 00:28:15.913511  length=9 from=557 to=565
 01 0a                                            ..
 00 04 00 13 26 00 00                             ....&..
--
< 2025/01/05 00:28:16.055985  length=27 from=566 to=592
 01 82 00 0d 00 00 2a de 25 e8 07 c0 38 00 00 00  ......*.%...8...
 d0 07 01 80 00 04 00 13 22 00 00                 ........"..
--
< 2025/01/05 00:28:16.798942  length=12 from=593 to=604
 01 83 00 07 00 00 2a de 25 e8 07 c0              ......*.%...
--
> 2025/01/05 00:28:17.975042  length=27 from=260 to=286
 01 0a                                            ..
 00 16 00 0f 00 09 0d 54 65 73 74 65 72 5f 32 35  .......Tester_25
 44 45 32 41 ff ff ff ff 01                       DE2A.....
--
< 2025/01/05 00:28:17.991129  length=9 from=605 to=613
 01 0a                                            ..
 00 04 00 13 26 00 00                             ....&..
--
< 2025/01/05 00:28:18.286392  length=27 from=614 to=640
 01 82 00 0d 00 00 2a de 25 e8 07 c0 38 00 00 00  ......*.%...8...
 d0 07 01 80 00 04 00 13 22 00 00                 ........"..
--
< 2025/01/05 00:28:18.997480  length=12 from=641 to=652
 01 83 00 07 00 00 2a de 25 e8 07 c0              ......*.%...
--
> 2025/01/05 00:28:20.052355  length=27 from=287 to=313
 01 0a                                            ..
 00 16 00 0f 00 09 0d 54 65 73 74 65 72 5f 32 35  .......Tester_25
 44 45 32 41 ff ff ff ff 01                       DE2A.....
--
< 2025/01/05 00:28:20.068448  length=9 from=653 to=661
 01 0a                                            ..
 00 04 00 13 26 00 00                             ....&..
--
< 2025/01/05 00:28:20.364861  length=27 from=662 to=688
 01 82 00 0d 00 00 2a de 25 e8 07 c0 38 00 00 00  ......*.%...8...
 d0 07 01 80 00 04 00 13 22 00 00                 ........"..
--
< 2025/01/05 00:28:21.059892  length=12 from=689 to=700
 01 83 00 07 00 00 2a de 25 e8 07 c0              ......*.%...
--
> 2025/01/05 00:28:22.133477  length=27 from=314 to=340
 01 0a                                            ..
 00 16 00 0f 00 09 0d 54 65 73 74 65 72 5f 32 35  .......Tester_25
 44 45 32 41 ff ff ff ff 01                       DE2A.....
--
< 2025/01/05 00:28:22.149641  length=9 from=701 to=709
 01 0a                                            ..
 00 04 00 13 26 00 00                             ....&..
--
< 2025/01/05 00:28:23.270341  length=27 from=710 to=736
 01 82 00 0d 00 00 2a de 25 e8 07 c0 38 00 00 00  ......*.%...8...
 d0 07 01 80 00 04 00 13 22 00 00                 ........"..
--
< 2025/01/05 00:28:23.997460  length=12 from=737 to=748
 01 83 00 07 00 00 2a de 25 e8 07 c0              ......*.%...
--
> 2025/01/05 00:28:25.239982  length=27 from=341 to=367
 01 0a                                            ..
 00 16 00 0f 00 09 0d 54 65 73 74 65 72 5f 32 35  .......Tester_25
 44 45 32 41 ff ff ff ff 01                       DE2A.....
--
< 2025/01/05 00:28:25.256116  length=9 from=749 to=757
 01 0a                                            ..
 00 04 00 13 26 00 00                             ....&..
--
< 2025/01/05 00:28:25.398458  length=27 from=758 to=784
 01 82 00 0d 00 00 2a de 25 e8 07 c0 38 00 00 00  ......*.%...8...
 d0 07 01 80 00 04 00 13 22 00 00                 ........"..
--
< 2025/01/05 00:28:26.109011  length=12 from=785 to=796
 01 83 00 07 00 00 2a de 25 e8 07 c0              ......*.%...
--
< 2025/01/05 00:28:32.050222  length=5 from=797 to=801
 00 80 ff 00 00                                   .....
--
