02:19:24:157	> BTP_CORE_CMD_REGISTER_SERVICE (0x00|0x03|0xff)
                  raw data (1): 00 03 ff 01 00 01
02:19:24:317	< BTP_CORE_CMD_REGISTER_SERVICE (0x00|0x03|0xff)
                  raw data (0): 00 03 ff 00 00
02:19:24:347	> BTP_CORE_CMD_REGISTER_SERVICE (0x00|0x03|0xff)
                  raw data (2): 00 03 ff 01 00 02
02:19:24:457	< BTP_CORE_CMD_REGISTER_SERVICE (0x00|0x03|0xff)
                  raw data (0): 00 03 ff 00 00
02:19:24:487	> BTP_GAP_CMD_READ_CONTROLLER_INFO (0x01|0x03|0x00)
                  raw data (0): 01 03 00 00 00
02:19:24:637	< BTP_GAP_CMD_READ_CONTROLLER_INFO (0x01|0x03|0x00)
                  raw data (277): 
                  01 03 00 15 01 28 00 03 37 60 00 13 06 02 00 13 
                  02 00 00 00 00 00 62 74 70 5f 74 65 73 74 65 72 
                  00 00 00 00 00 00 00 00 00 00 00 00 00 00 00 00 
                  00 00 00 00 00 00 00 00 00 00 00 00 00 00 00 00 
                  00 00 00 00 00 00 00 00 00 00 00 00 00 00 00 00 
                  00 00 00 00 00 00 00 00 00 00 00 00 00 00 00 00 
                  00 00 00 00 00 00 00 00 00 00 00 00 00 00 00 00 
                  00 00 00 00 00 00 00 00 00 00 00 00 00 00 00 00 
                  00 00 00 00 00 00 00 00 00 00 00 00 00 00 00 00 
                  00 00 00 00 00 00 00 00 00 00 00 00 00 00 00 00 
                  00 00 00 00 00 00 00 00 00 00 00 00 00 00 00 00 
                  00 00 00 00 00 00 00 00 00 00 00 00 00 00 00 00 
                  00 00 00 00 00 00 00 00 00 00 00 00 00 00 00 00 
                  00 00 00 00 00 00 00 00 00 00 00 00 00 00 00 00 
                  00 00 00 00 00 00 00 00 00 00 00 00 00 00 00 00 
                  00 00 00 00 00 00 00 00 00 00 00 00 00 00 00 00 
                  00 00 00 00 00 00 00 00 00 00 00 00 00 00 00 00 
                  00 00 00 00 00 00 00 00 00 00
02:19:24:667	> BTP_GAP_CMD_SET_IO_CAP (0x01|0x10|0x00)
                  raw data (1): 01 10 00 01 00 00
02:19:24:777	< BTP_GAP_CMD_SET_IO_CAP (0x01|0x10|0x00)
                  raw data (0): 01 10 00 00 00
02:19:24:807	> BTP_GATT_CMD_ADD_SERVICE (0x02|0x02|0x00)
                  raw data (4): 02 02 00 04 00 01 02 aa 40
02:19:24:957	< BTP_GATT_CMD_ADD_SERVICE (0x02|0x02|0x00)
                  raw data (2): 02 02 00 02 00 00 00
02:19:24:987	> BTP_GATT_CMD_ADD_CHARACTERISTIC (0x02|0x03|0x00)
                  raw data (7): 02 03 00 07 00 00 00 0a 03 02 aa 50
02:19:25:127	< BTP_GATT_CMD_ADD_CHARACTERISTIC (0x02|0x03|0x00)
                  raw data (2): 02 03 00 02 00 00 00
02:19:25:157	> BTP_GATT_CMD_SET_VALUE (0x02|0x06|0x00)
                  raw data (12): 
                  02 06 00 0c 00 00 00 08 00 01 23 45 67 89 ab cd 
                  ef
02:19:25:287	< BTP_GATT_CMD_SET_VALUE (0x02|0x06|0x00)
                  raw data (0): 02 06 00 00 00
02:19:25:317	> BTP_GATT_CMD_ADD_CHARACTERISTIC (0x02|0x03|0x00)
                  raw data (7): 02 03 00 07 00 00 00 0a 0c 02 aa 51
02:19:25:467	< BTP_GATT_CMD_ADD_CHARACTERISTIC (0x02|0x03|0x00)
                  raw data (2): 02 03 00 02 00 00 00
02:19:25:497	> BTP_GATT_CMD_SET_VALUE (0x02|0x06|0x00)
                  raw data (12): 
                  02 06 00 0c 00 00 00 08 00 01 23 45 67 89 ab cd 
                  ef
02:19:25:577	< BTP_GATT_CMD_SET_VALUE (0x02|0x06|0x00)
                  raw data (0): 02 06 00 00 00
02:19:25:597	> BTP_GATT_CMD_ADD_CHARACTERISTIC (0x02|0x03|0x00)
                  raw data (7): 02 03 00 07 00 00 00 0a 30 02 aa 52
02:19:25:747	< BTP_GATT_CMD_ADD_CHARACTERISTIC (0x02|0x03|0x00)
                  raw data (2): 02 03 00 02 00 00 00
02:19:25:777	> BTP_GATT_CMD_SET_VALUE (0x02|0x06|0x00)
                  raw data (12): 
                  02 06 00 0c 00 00 00 08 00 01 23 45 67 89 ab cd 
                  ef
02:19:25:887	< BTP_GATT_CMD_SET_VALUE (0x02|0x06|0x00)
                  raw data (0): 02 06 00 00 00
02:19:25:917	> BTP_GATT_CMD_ADD_CHARACTERISTIC (0x02|0x03|0x00)
                  raw data (7): 02 03 00 07 00 00 00 0a c0 02 aa 53
02:19:26:067	< BTP_GATT_CMD_ADD_CHARACTERISTIC (0x02|0x03|0x00)
                  raw data (2): 02 03 00 02 00 00 00
02:19:26:097	> BTP_GATT_CMD_SET_VALUE (0x02|0x06|0x00)
                  raw data (12): 
                  02 06 00 0c 00 00 00 08 00 01 23 45 67 89 ab cd 
                  ef
02:19:26:207	< BTP_GATT_CMD_SET_VALUE (0x02|0x06|0x00)
                  raw data (0): 02 06 00 00 00
02:19:26:237	> BTP_GATT_CMD_ADD_CHARACTERISTIC (0x02|0x03|0x00)
                  raw data (7): 02 03 00 07 00 00 00 3a 03 02 aa 54
02:19:26:367	< BTP_GATT_CMD_ADD_CHARACTERISTIC (0x02|0x03|0x00)
                  raw data (2): 02 03 00 02 00 00 00
02:19:26:377	> BTP_GATT_CMD_SET_VALUE (0x02|0x06|0x00)
                  raw data (12): 
                  02 06 00 0c 00 00 00 08 00 01 23 45 67 89 ab cd 
                  ef
02:19:26:487	< BTP_GATT_CMD_SET_VALUE (0x02|0x06|0x00)
                  raw data (0): 02 06 00 00 00
02:19:26:517	> BTP_GATT_CMD_ADD_DESCRIPTOR (0x02|0x04|0x00)
                  raw data (6): 02 04 00 06 00 00 00 03 02 02 29
02:19:26:667	< BTP_GATT_CMD_ADD_DESCRIPTOR (0x02|0x04|0x00)
                  raw data (2): 02 04 00 02 00 00 00
02:19:26:697	> BTP_GATT_CMD_ADD_CHARACTERISTIC (0x02|0x03|0x00)
                  raw data (7): 02 03 00 07 00 00 00 3a 03 02 aa 55
02:19:26:827	< BTP_GATT_CMD_ADD_CHARACTERISTIC (0x02|0x03|0x00)
                  raw data (2): 02 03 00 02 00 00 00
02:19:26:827	> BTP_GATT_CMD_SET_VALUE (0x02|0x06|0x00)
                  raw data (12): 
                  02 06 00 0c 00 00 00 08 00 01 23 45 67 89 ab cd 
                  ef
02:19:26:927	< BTP_GATT_CMD_SET_VALUE (0x02|0x06|0x00)
                  raw data (0): 02 06 00 00 00
02:19:26:927	> BTP_GATT_CMD_ADD_DESCRIPTOR (0x02|0x04|0x00)
                  raw data (6): 02 04 00 06 00 00 00 03 02 02 29
02:19:27:047	< BTP_GATT_CMD_ADD_DESCRIPTOR (0x02|0x04|0x00)
                  raw data (2): 02 04 00 02 00 00 00
02:19:27:047	> BTP_GATT_CMD_ADD_CHARACTERISTIC (0x02|0x03|0x00)
                  raw data (7): 02 03 00 07 00 00 00 46 03 02 aa 56
02:19:27:207	< BTP_GATT_CMD_ADD_CHARACTERISTIC (0x02|0x03|0x00)
                  raw data (2): 02 03 00 02 00 00 00
02:19:27:237	> BTP_GATT_CMD_SET_VALUE (0x02|0x06|0x00)
                  raw data (12): 
                  02 06 00 0c 00 00 00 08 00 01 23 45 67 89 ab cd 
                  ef
02:19:27:367	< BTP_GATT_CMD_SET_VALUE (0x02|0x06|0x00)
                  raw data (0): 02 06 00 00 00
02:19:27:397	> BTP_GATT_CMD_ADD_CHARACTERISTIC (0x02|0x03|0x00)
                  raw data (7): 02 03 00 07 00 00 00 46 30 02 aa 57
02:19:27:547	< BTP_GATT_CMD_ADD_CHARACTERISTIC (0x02|0x03|0x00)
                  raw data (2): 02 03 00 02 00 00 00
02:19:27:577	> BTP_GATT_CMD_SET_VALUE (0x02|0x06|0x00)
                  raw data (12): 
                  02 06 00 0c 00 00 00 08 00 01 23 45 67 89 ab cd 
                  ef
02:19:27:677	< BTP_GATT_CMD_SET_VALUE (0x02|0x06|0x00)
                  raw data (0): 02 06 00 00 00
02:19:27:707	> BTP_GATT_CMD_ADD_CHARACTERISTIC (0x02|0x03|0x00)
                  raw data (7): 02 03 00 07 00 00 00 8a 03 02 aa 58
02:19:27:867	< BTP_GATT_CMD_ADD_CHARACTERISTIC (0x02|0x03|0x00)
                  raw data (2): 02 03 00 02 00 00 00
02:19:27:887	> BTP_GATT_CMD_SET_VALUE (0x02|0x06|0x00)
                  raw data (12): 
                  02 06 00 0c 00 00 00 08 00 01 23 45 67 89 ab cd 
                  ef
02:19:28:007	< BTP_GATT_CMD_SET_VALUE (0x02|0x06|0x00)
                  raw data (0): 02 06 00 00 00
02:19:28:037	> BTP_GATT_CMD_ADD_DESCRIPTOR (0x02|0x04|0x00)
                  raw data (6): 02 04 00 06 00 00 00 01 02 00 29
02:19:28:167	< BTP_GATT_CMD_ADD_DESCRIPTOR (0x02|0x04|0x00)
                  raw data (2): 02 04 00 02 00 00 00
02:19:28:197	> BTP_GATT_CMD_SET_VALUE (0x02|0x06|0x00)
                  raw data (6): 02 06 00 06 00 00 00 02 00 01 00
02:19:28:307	< BTP_GATT_CMD_SET_VALUE (0x02|0x06|0x00)
                  raw data (0): 02 06 00 00 00
02:19:28:337	> BTP_GATT_CMD_ADD_CHARACTERISTIC (0x02|0x03|0x00)
                  raw data (7): 02 03 00 07 00 00 00 0a 0c 02 aa 59
02:19:28:487	< BTP_GATT_CMD_ADD_CHARACTERISTIC (0x02|0x03|0x00)
                  raw data (2): 02 03 00 02 00 00 00
02:19:28:517	> BTP_GATT_CMD_SET_VALUE (0x02|0x06|0x00)
                  raw data (12): 
                  02 06 00 0c 00 00 00 08 00 01 23 45 67 89 ab cd 
                  ef
02:19:28:627	< BTP_GATT_CMD_SET_VALUE (0x02|0x06|0x00)
                  raw data (0): 02 06 00 00 00
02:19:28:657	> BTP_GATT_CMD_SET_ENC_KEY_SIZE (0x02|0x09|0x00)
                  raw data (3): 02 09 00 03 00 00 00 0f
02:19:28:767	< BTP_GATT_CMD_SET_ENC_KEY_SIZE (0x02|0x09|0x00)
                  raw data (0): 02 09 00 00 00
02:19:28:797	> BTP_GATT_CMD_ADD_CHARACTERISTIC (0x02|0x03|0x00)
                  raw data (7): 02 03 00 07 00 00 00 0a 0c 02 aa 5a
02:19:28:947	< BTP_GATT_CMD_ADD_CHARACTERISTIC (0x02|0x03|0x00)
                  raw data (2): 02 03 00 02 00 00 00
02:19:28:977	> BTP_GATT_CMD_SET_VALUE (0x02|0x06|0x00)
                  raw data (12): 
                  02 06 00 0c 00 00 00 08 00 01 23 45 67 89 ab cd 
                  ef
02:19:29:087	< BTP_GATT_CMD_SET_VALUE (0x02|0x06|0x00)
                  raw data (0): 02 06 00 00 00
02:19:29:117	> BTP_GATT_CMD_SET_ENC_KEY_SIZE (0x02|0x09|0x00)
                  raw data (3): 02 09 00 03 00 00 00 0f
02:19:29:227	< BTP_GATT_CMD_SET_ENC_KEY_SIZE (0x02|0x09|0x00)
                  raw data (0): 02 09 00 00 00
02:19:29:227	> BTP_GATT_CMD_ADD_CHARACTERISTIC (0x02|0x03|0x00)
                  raw data (21): 
                  02 03 00 15 00 00 00 0a 03 10 f0 00 bb 50 04 51 
                  40 00 b1 23 45 67 89 ab cd ef
02:19:29:337	< BTP_GATT_CMD_ADD_CHARACTERISTIC (0x02|0x03|0x00)
                  raw data (2): 02 03 00 02 00 00 00
02:19:29:347	> BTP_GATT_CMD_SET_VALUE (0x02|0x06|0x00)
                  raw data (12): 
                  02 06 00 0c 00 00 00 08 00 01 23 45 67 89 ab cd 
                  ef
02:19:29:457	< BTP_GATT_CMD_SET_VALUE (0x02|0x06|0x00)
                  raw data (0): 02 06 00 00 00
02:19:29:487	> BTP_GATT_CMD_ADD_SERVICE (0x02|0x02|0x00)
                  raw data (4): 02 02 00 04 00 00 02 aa 41
02:19:29:608	< BTP_GATT_CMD_ADD_SERVICE (0x02|0x02|0x00)
                  raw data (2): 02 02 00 02 00 00 00
02:19:29:639	> BTP_GATT_CMD_ADD_INCLUDED_SERVICE (0x02|0x05|0x00)
                  raw data (2): 02 05 00 02 00 01 00
02:19:29:788	< BTP_GATT_CMD_ADD_INCLUDED_SERVICE (0x02|0x05|0x00)
                  raw data (2): 02 05 00 02 00 00 00
02:19:29:819	> BTP_GATT_CMD_ADD_CHARACTERISTIC (0x02|0x03|0x00)
                  raw data (7): 02 03 00 07 00 00 00 0a 03 02 aa 50
02:19:29:938	< BTP_GATT_CMD_ADD_CHARACTERISTIC (0x02|0x03|0x00)
                  raw data (2): 02 03 00 02 00 00 00
02:19:29:948	> BTP_GATT_CMD_SET_VALUE (0x02|0x06|0x00)
                  raw data (36): 
                  02 06 00 24 00 00 00 20 00 01 23 45 67 89 ab cd 
                  ef 01 23 45 67 89 ab cd ef 01 23 45 67 89 ab cd 
                  ef 01 23 45 67 89 ab cd ef
02:19:30:048	< BTP_GATT_CMD_SET_VALUE (0x02|0x06|0x00)
                  raw data (0): 02 06 00 00 00
02:19:30:068	> BTP_GATT_CMD_ADD_CHARACTERISTIC (0x02|0x03|0x00)
                  raw data (7): 02 03 00 07 00 00 00 0a 03 02 aa 51
02:19:30:208	< BTP_GATT_CMD_ADD_CHARACTERISTIC (0x02|0x03|0x00)
                  raw data (2): 02 03 00 02 00 00 00
02:19:30:238	> BTP_GATT_CMD_SET_VALUE (0x02|0x06|0x00)
                  raw data (36): 
                  02 06 00 24 00 00 00 20 00 fe dc ba 98 76 54 32 
                  10 fe dc ba 98 76 54 32 10 fe dc ba 98 76 54 32 
                  10 fe dc ba 98 76 54 32 10
02:19:30:348	< BTP_GATT_CMD_SET_VALUE (0x02|0x06|0x00)
                  raw data (0): 02 06 00 00 00
02:19:30:379	> BTP_GATT_CMD_ADD_CHARACTERISTIC (0x02|0x03|0x00)
                  raw data (7): 02 03 00 07 00 00 00 0a 0c 02 aa 52
02:19:30:519	< BTP_GATT_CMD_ADD_CHARACTERISTIC (0x02|0x03|0x00)
                  raw data (2): 02 03 00 02 00 00 00
02:19:30:539	> BTP_GATT_CMD_SET_VALUE (0x02|0x06|0x00)
                  raw data (60): 
                  02 06 00 3c 00 00 00 38 00 fe dc ba 98 76 54 32 
                  10 fe dc ba 98 76 54 32 10 fe dc ba 98 76 54 32 
                  10 fe dc ba 98 76 54 32 10 fe dc ba 98 76 54 32 
                  10 fe dc ba 98 76 54 32 10 fe dc ba 98 76 54 32 
                  10
02:19:30:639	< BTP_GATT_CMD_SET_VALUE (0x02|0x06|0x00)
                  raw data (0): 02 06 00 00 00
02:19:30:669	> BTP_GATT_CMD_SET_ENC_KEY_SIZE (0x02|0x09|0x00)
                  raw data (3): 02 09 00 03 00 00 00 0f
02:19:30:749	< BTP_GATT_CMD_SET_ENC_KEY_SIZE (0x02|0x09|0x00)
                  raw data (0): 02 09 00 00 00
02:19:30:769	> BTP_GATT_CMD_ADD_CHARACTERISTIC (0x02|0x03|0x00)
                  raw data (7): 02 03 00 07 00 00 00 02 01 02 aa 53
02:19:30:899	< BTP_GATT_CMD_ADD_CHARACTERISTIC (0x02|0x03|0x00)
                  raw data (2): 02 03 00 02 00 00 00
02:19:30:919	> BTP_GATT_CMD_SET_VALUE (0x02|0x06|0x00)
                  raw data (84): 
                  02 06 00 54 00 00 00 50 00 01 23 45 67 89 ab cd 
                  ef 01 23 45 67 89 ab cd ef 01 23 45 67 89 ab cd 
                  ef 01 23 45 67 89 ab cd ef 01 23 45 67 89 ab cd 
                  ef 01 23 45 67 89 ab cd ef 01 23 45 67 89 ab cd 
                  ef 01 23 45 67 89 ab cd ef 01 23 45 67 89 ab cd 
                  ef 01 23 45 67 89 ab cd ef
02:19:31:039	< BTP_GATT_CMD_SET_VALUE (0x02|0x06|0x00)
                  raw data (0): 02 06 00 00 00
02:19:31:069	> BTP_GATT_CMD_ADD_DESCRIPTOR (0x02|0x04|0x00)
                  raw data (6): 02 04 00 06 00 00 00 03 02 54 aa
02:19:31:219	< BTP_GATT_CMD_ADD_DESCRIPTOR (0x02|0x04|0x00)
                  raw data (2): 02 04 00 02 00 00 00
02:19:31:279	> BTP_GATT_CMD_SET_VALUE (0x02|0x06|0x00)
                  raw data (68): 
                  02 06 00 44 00 00 00 40 00 01 01 01 01 01 01 01 
                  01 01 01 01 01 01 01 01 01 01 01 01 01 01 01 01 
                  01 01 01 01 01 01 01 01 01 01 01 01 01 01 01 01 
                  01 01 01 01 01 01 01 01 01 01 01 01 01 01 01 01 
                  01 01 01 01 01 01 01 01 01
02:19:31:389	< BTP_GATT_CMD_SET_VALUE (0x02|0x06|0x00)
                  raw data (0): 02 06 00 00 00
02:19:31:419	> BTP_GATT_CMD_ADD_CHARACTERISTIC (0x02|0x03|0x00)
                  raw data (7): 02 03 00 07 00 00 00 0a 03 02 aa 55
02:19:31:570	< BTP_GATT_CMD_ADD_CHARACTERISTIC (0x02|0x03|0x00)
                  raw data (2): 02 03 00 02 00 00 00
02:19:31:600	> BTP_GATT_CMD_SET_VALUE (0x02|0x06|0x00)
                  raw data (84): 
                  02 06 00 54 00 00 00 50 00 01 23 45 67 89 ab cd 
                  ef 01 23 45 67 89 ab cd ef 01 23 45 67 89 ab cd 
                  ef 01 23 45 67 89 ab cd ef 01 23 45 67 89 ab cd 
                  ef 01 23 45 67 89 ab cd ef 01 23 45 67 89 ab cd 
                  ef 01 23 45 67 89 ab cd ef 01 23 45 67 89 ab cd 
                  ef 01 23 45 67 89 ab cd ef
02:19:31:700	< BTP_GATT_CMD_SET_VALUE (0x02|0x06|0x00)
                  raw data (0): 02 06 00 00 00
02:19:31:730	> BTP_GATT_CMD_ADD_CHARACTERISTIC (0x02|0x03|0x00)
                  raw data (7): 02 03 00 07 00 00 00 0a 03 02 aa 56
02:19:31:880	< BTP_GATT_CMD_ADD_CHARACTERISTIC (0x02|0x03|0x00)
                  raw data (2): 02 03 00 02 00 00 00
02:19:31:910	> BTP_GATT_CMD_SET_VALUE (0x02|0x06|0x00)
                  raw data (516): 
                  02 06 00 04 02 00 00 00 02 02 02 02 02 02 02 02 
                  02 02 02 02 02 02 02 02 02 02 02 02 02 02 02 02 
                  02 02 02 02 02 02 02 02 02 02 02 02 02 02 02 02 
                  02 02 02 02 02 02 02 02 02 02 02 02 02 02 02 02 
                  02 02 02 02 02 02 02 02 02 02 02 02 02 02 02 02 
                  02 02 02 02 02 02 02 02 02 02 02 02 02 02 02 02 
                  02 02 02 02 02 02 02 02 02 02 02 02 02 02 02 02 
                  02 02 02 02 02 02 02 02 02 02 02 02 02 02 02 02 
                  02 02 02 02 02 02 02 02 02 02 02 02 02 02 02 02 
                  02 02 02 02 02 02 02 02 02 02 02 02 02 02 02 02 
                  02 02 02 02 02 02 02 02 02 02 02 02 02 02 02 02 
                  02 02 02 02 02 02 02 02 02 02 02 02 02 02 02 02 
                  02 02 02 02 02 02 02 02 02 02 02 02 02 02 02 02 
                  02 02 02 02 02 02 02 02 02 02 02 02 02 02 02 02 
                  02 02 02 02 02 02 02 02 02 02 02 02 02 02 02 02 
                  02 02 02 02 02 02 02 02 02 02 02 02 02 02 02 02 
                  02 02 02 02 02 02 02 02 02 02 02 02 02 02 02 02 
                  02 02 02 02 02 02 02 02 02 02 02 02 02 02 02 02 
                  02 02 02 02 02 02 02 02 02 02 02 02 02 02 02 02 
                  02 02 02 02 02 02 02 02 02 02 02 02 02 02 02 02 
                  02 02 02 02 02 02 02 02 02 02 02 02 02 02 02 02 
                  02 02 02 02 02 02 02 02 02 02 02 02 02 02 02 02 
                  02 02 02 02 02 02 02 02 02 02 02 02 02 02 02 02 
                  02 02 02 02 02 02 02 02 02 02 02 02 02 02 02 02 
                  02 02 02 02 02 02 02 02 02 02 02 02 02 02 02 02 
                  02 02 02 02 02 02 02 02 02 02 02 02 02 02 02 02 
                  02 02 02 02 02 02 02 02 02 02 02 02 02 02 02 02 
                  02 02 02 02 02 02 02 02 02 02 02 02 02 02 02 02 
                  02 02 02 02 02 02 02 02 02 02 02 02 02 02 02 02 
                  02 02 02 02 02 02 02 02 02 02 02 02 02 02 02 02 
                  02 02 02 02 02 02 02 02 02 02 02 02 02 02 02 02 
                  02 02 02 02 02 02 02 02 02 02 02 02 02 02 02 02 
                  02 02 02 02 02 02 02 02 02
02:19:32:060	< BTP_GATT_CMD_SET_VALUE (0x02|0x06|0x00)
                  raw data (0): 02 06 00 00 00
02:19:32:090	> BTP_GATT_CMD_START_SERVER (0x02|0x07|0x00)
                  raw data (0): 02 07 00 00 00
02:19:32:240	< BTP_GATT_CMD_START_SERVER (0x02|0x07|0x00)
                  raw data (3): 02 07 00 03 00 00 00 00
02:19:52:361	> BTP_GAP_CMD_SET_DISCOVERABLE (0x01|0x08|0x00)
                  raw data (1): 01 08 00 01 00 01
02:19:52:521	< BTP_GAP_CMD_SET_DISCOVERABLE (0x01|0x08|0x00)
                  raw data (4): 01 08 00 04 00 1b 02 00 00
02:19:52:551	> BTP_GAP_CMD_START_ADVERTISING (0x01|0x0a|0x00)
                  raw data (22): 
                  01 0a 00 16 00 0f 00 09 0d 54 65 73 74 65 72 5f 
                  35 39 46 32 45 36 ff ff ff ff 00
02:19:52:701	< BTP_GAP_CMD_START_ADVERTISING (0x01|0x0a|0x00)
                  raw data (4): 01 0a 00 04 00 1b 06 00 00
02:19:53:671	< BTP_GAP_EV_DEVICE_CONNECTED (0x01|0x82|0x00)
                  raw data (13): 
                  01 82 00 0d 00 00 e6 f2 59 e8 07 c0 38 00 00 00 
                  d0 07
02:19:53:731	< BTP_GAP_EV_NEW_SETTINGS (0x01|0x80|0x00)
                  raw data (4): 01 80 00 04 00 1b 02 00 00
02:19:59:120	< BTP_GAP_EV_CONN_PARAM_UPDATE (0x01|0x88|0x00)
                  raw data (13): 
                  01 88 00 0d 00 00 e6 f2 59 e8 07 c0 18 00 00 00 
                  2a 00
02:20:02:402	< BTP_GAP_EV_SEC_LEVEL_CHANGED (0x01|0x89|0x00)
                  raw data (8): 01 89 00 08 00 00 e6 f2 59 e8 07 c0 02
02:20:04:604	< BTP_GAP_EV_SEC_LEVEL_CHANGED (0x01|0x89|0x00)
                  raw data (8): 01 89 00 08 00 00 e6 f2 59 e8 07 c0 02
02:20:10:824	> BTP_GATT_CMD_GET_ATTRIBUTES (0x02|0x1c|0x00)
                  raw data (5): 02 1c 00 05 00 01 00 ff ff 00
02:20:10:984	< BTP_GATT_CMD_GET_ATTRIBUTES (0x02|0x1c|0x00)
                  raw data (465): 
                  02 1c 00 d1 01 4b 01 00 01 02 00 28 02 00 01 02 
                  03 28 03 00 00 02 05 2a 04 00 03 02 02 29 05 00 
                  01 02 03 28 06 00 03 02 29 2b 07 00 01 02 03 28 
                  08 00 01 02 2a 2b 09 00 01 02 03 28 0a 00 01 02 
                  3a 2b 0b 00 01 02 00 28 0c 00 01 02 03 28 0d 00 
                  09 02 00 2a 0e 00 01 02 03 28 0f 00 21 02 01 2a 
                  10 00 01 02 03 28 11 00 01 02 04 2a 12 00 01 02 
                  00 28 13 00 01 02 03 28 14 00 01 02 24 2a 15 00 
                  01 02 03 28 16 00 01 02 29 2a 17 00 01 02 03 28 
                  18 00 01 02 50 2a 19 00 01 02 03 28 1a 00 01 02 
                  25 2a 1b 00 01 02 03 28 1c 00 01 02 26 2a 1d 00 
                  01 02 03 28 1e 00 01 02 27 2a 1f 00 01 02 03 28 
                  20 00 01 02 28 2a 21 00 01 02 01 28 22 00 01 02 
                  03 28 23 00 43 02 aa 50 24 00 01 02 03 28 25 00 
                  4c 02 aa 51 26 00 01 02 03 28 27 00 70 02 aa 52 
                  28 00 01 02 03 28 29 00 43 02 aa 53 2a 00 01 02 
                  03 28 2b 00 43 02 aa 54 2c 00 03 02 02 29 2d 00 
                  01 02 03 28 2e 00 43 02 aa 55 2f 00 03 02 02 29 
                  30 00 01 02 03 28 31 00 43 02 aa 56 32 00 01 02 
                  03 28 33 00 70 02 aa 57 34 00 01 02 03 28 35 00 
                  43 02 aa 58 36 00 01 02 00 29 37 00 01 02 03 28 
                  38 00 4c 02 aa 59 39 00 01 02 03 28 3a 00 4c 02 
                  aa 5a 3b 00 01 02 03 28 3c 00 43 10 f0 00 bb 50 
                  04 51 40 00 b1 23 45 67 89 ab cd ef 3d 00 01 02 
                  00 28 3e 00 01 02 02 28 3f 00 01 02 03 28 40 00 
                  43 02 aa 50 41 00 01 02 03 28 42 00 43 02 aa 51 
                  43 00 01 02 03 28 44 00 4c 02 aa 52 45 00 01 02 
                  03 28 46 00 41 02 aa 53 47 00 43 02 54 aa 48 00 
                  01 02 03 28 49 00 43 02 aa 55 4a 00 01 02 03 28 
                  4b 00 43 02 aa 56
02:20:11:004	> BTP_GATT_CMD_GET_ATTRIBUTE_VALUE (0x02|0x1d|0x00)
                  raw data (9): 02 1d 00 09 00 00 e6 f2 59 e8 07 c0 01 00
02:20:11:154	< BTP_GATT_CMD_GET_ATTRIBUTE_VALUE (0x02|0x1d|0x00)
                  raw data (5): 02 1d 00 05 00 00 02 00 01 18
02:20:11:184	> BTP_GATT_CMD_GET_ATTRIBUTE_VALUE (0x02|0x1d|0x00)
                  raw data (9): 02 1d 00 09 00 00 e6 f2 59 e8 07 c0 02 00
02:20:11:334	< BTP_GATT_CMD_GET_ATTRIBUTE_VALUE (0x02|0x1d|0x00)
                  raw data (8): 02 1d 00 08 00 00 05 00 20 03 00 05 2a
02:20:11:364	> BTP_GATT_CMD_GET_ATTRIBUTE_VALUE (0x02|0x1d|0x00)
                  raw data (9): 02 1d 00 09 00 00 e6 f2 59 e8 07 c0 03 00
02:20:11:494	< BTP_GATT_CMD_GET_ATTRIBUTE_VALUE (0x02|0x1d|0x00)
                  raw data (3): 02 1d 00 03 00 02 00 00
02:20:11:514	> BTP_GATT_CMD_GET_ATTRIBUTE_VALUE (0x02|0x1d|0x00)
                  raw data (9): 02 1d 00 09 00 00 e6 f2 59 e8 07 c0 04 00
02:20:11:664	< BTP_GATT_CMD_GET_ATTRIBUTE_VALUE (0x02|0x1d|0x00)
                  raw data (5): 02 1d 00 05 00 00 02 00 00 00
02:20:11:684	> BTP_GATT_CMD_GET_ATTRIBUTE_VALUE (0x02|0x1d|0x00)
                  raw data (9): 02 1d 00 09 00 00 e6 f2 59 e8 07 c0 05 00
02:20:11:824	< BTP_GATT_CMD_GET_ATTRIBUTE_VALUE (0x02|0x1d|0x00)
                  raw data (8): 02 1d 00 08 00 00 05 00 0a 06 00 29 2b
02:20:11:854	> BTP_GATT_CMD_GET_ATTRIBUTE_VALUE (0x02|0x1d|0x00)
                  raw data (9): 02 1d 00 09 00 00 e6 f2 59 e8 07 c0 06 00
02:20:11:994	< BTP_GATT_CMD_GET_ATTRIBUTE_VALUE (0x02|0x1d|0x00)
                  raw data (4): 02 1d 00 04 00 00 01 00 02
02:20:12:024	> BTP_GATT_CMD_GET_ATTRIBUTE_VALUE (0x02|0x1d|0x00)
                  raw data (9): 02 1d 00 09 00 00 e6 f2 59 e8 07 c0 07 00
02:20:12:154	< BTP_GATT_CMD_GET_ATTRIBUTE_VALUE (0x02|0x1d|0x00)
                  raw data (8): 02 1d 00 08 00 00 05 00 02 08 00 2a 2b
02:20:12:184	> BTP_GATT_CMD_GET_ATTRIBUTE_VALUE (0x02|0x1d|0x00)
                  raw data (9): 02 1d 00 09 00 00 e6 f2 59 e8 07 c0 08 00
02:20:12:334	< BTP_GATT_CMD_GET_ATTRIBUTE_VALUE (0x02|0x1d|0x00)
                  raw data (19): 
                  02 1d 00 13 00 00 10 00 80 61 c3 7e ef 85 32 f3 
                  2d 0c b7 d8 b7 1e 5a b6
02:20:12:364	> BTP_GATT_CMD_GET_ATTRIBUTE_VALUE (0x02|0x1d|0x00)
                  raw data (9): 02 1d 00 09 00 00 e6 f2 59 e8 07 c0 09 00
02:20:12:484	< BTP_GATT_CMD_GET_ATTRIBUTE_VALUE (0x02|0x1d|0x00)
                  raw data (8): 02 1d 00 08 00 00 05 00 02 0a 00 3a 2b
02:20:12:514	> BTP_GATT_CMD_GET_ATTRIBUTE_VALUE (0x02|0x1d|0x00)
                  raw data (9): 02 1d 00 09 00 00 e6 f2 59 e8 07 c0 0a 00
02:20:12:654	< BTP_GATT_CMD_GET_ATTRIBUTE_VALUE (0x02|0x1d|0x00)
                  raw data (4): 02 1d 00 04 00 00 01 00 01
02:20:12:684	> BTP_GATT_CMD_GET_ATTRIBUTE_VALUE (0x02|0x1d|0x00)
                  raw data (9): 02 1d 00 09 00 00 e6 f2 59 e8 07 c0 0b 00
02:20:12:834	< BTP_GATT_CMD_GET_ATTRIBUTE_VALUE (0x02|0x1d|0x00)
                  raw data (5): 02 1d 00 05 00 00 02 00 00 18
02:20:12:864	> BTP_GATT_CMD_GET_ATTRIBUTE_VALUE (0x02|0x1d|0x00)
                  raw data (9): 02 1d 00 09 00 00 e6 f2 59 e8 07 c0 0c 00
02:20:13:014	< BTP_GATT_CMD_GET_ATTRIBUTE_VALUE (0x02|0x1d|0x00)
                  raw data (8): 02 1d 00 08 00 00 05 00 0a 0d 00 00 2a
02:20:13:044	> BTP_GATT_CMD_GET_ATTRIBUTE_VALUE (0x02|0x1d|0x00)
                  raw data (9): 02 1d 00 09 00 00 e6 f2 59 e8 07 c0 0d 00
02:20:13:194	< BTP_GATT_CMD_GET_ATTRIBUTE_VALUE (0x02|0x1d|0x00)
                  raw data (9): 02 1d 00 09 00 00 06 00 54 65 73 74 65 72
02:20:13:214	> BTP_GATT_CMD_GET_ATTRIBUTE_VALUE (0x02|0x1d|0x00)
                  raw data (9): 02 1d 00 09 00 00 e6 f2 59 e8 07 c0 0e 00
02:20:13:374	< BTP_GATT_CMD_GET_ATTRIBUTE_VALUE (0x02|0x1d|0x00)
                  raw data (8): 02 1d 00 08 00 00 05 00 0a 0f 00 01 2a
02:20:13:404	> BTP_GATT_CMD_GET_ATTRIBUTE_VALUE (0x02|0x1d|0x00)
                  raw data (9): 02 1d 00 09 00 00 e6 f2 59 e8 07 c0 0f 00
02:20:13:554	< BTP_GATT_CMD_GET_ATTRIBUTE_VALUE (0x02|0x1d|0x00)
                  raw data (5): 02 1d 00 05 00 00 02 00 00 00
02:20:13:584	> BTP_GATT_CMD_GET_ATTRIBUTE_VALUE (0x02|0x1d|0x00)
                  raw data (9): 02 1d 00 09 00 00 e6 f2 59 e8 07 c0 10 00
02:20:13:734	< BTP_GATT_CMD_GET_ATTRIBUTE_VALUE (0x02|0x1d|0x00)
                  raw data (8): 02 1d 00 08 00 00 05 00 02 11 00 04 2a
02:20:13:764	> BTP_GATT_CMD_GET_ATTRIBUTE_VALUE (0x02|0x1d|0x00)
                  raw data (9): 02 1d 00 09 00 00 e6 f2 59 e8 07 c0 11 00
02:20:13:914	< BTP_GATT_CMD_GET_ATTRIBUTE_VALUE (0x02|0x1d|0x00)
                  raw data (11): 02 1d 00 0b 00 00 08 00 18 00 28 00 00 00 2a 00
02:20:13:934	> BTP_GATT_CMD_GET_ATTRIBUTE_VALUE (0x02|0x1d|0x00)
                  raw data (9): 02 1d 00 09 00 00 e6 f2 59 e8 07 c0 12 00
02:20:14:074	< BTP_GATT_CMD_GET_ATTRIBUTE_VALUE (0x02|0x1d|0x00)
                  raw data (5): 02 1d 00 05 00 00 02 00 0a 18
02:20:14:074	> BTP_GATT_CMD_GET_ATTRIBUTE_VALUE (0x02|0x1d|0x00)
                  raw data (9): 02 1d 00 09 00 00 e6 f2 59 e8 07 c0 13 00
02:20:14:224	< BTP_GATT_CMD_GET_ATTRIBUTE_VALUE (0x02|0x1d|0x00)
                  raw data (8): 02 1d 00 08 00 00 05 00 02 14 00 24 2a
02:20:14:254	> BTP_GATT_CMD_GET_ATTRIBUTE_VALUE (0x02|0x1d|0x00)
                  raw data (9): 02 1d 00 09 00 00 e6 f2 59 e8 07 c0 14 00
02:20:14:404	< BTP_GATT_CMD_GET_ATTRIBUTE_VALUE (0x02|0x1d|0x00)
                  raw data (11): 02 1d 00 0b 00 00 08 00 6d 63 78 77 37 31 36 63
02:20:14:434	> BTP_GATT_CMD_GET_ATTRIBUTE_VALUE (0x02|0x1d|0x00)
                  raw data (9): 02 1d 00 09 00 00 e6 f2 59 e8 07 c0 15 00
02:20:14:584	< BTP_GATT_CMD_GET_ATTRIBUTE_VALUE (0x02|0x1d|0x00)
                  raw data (8): 02 1d 00 08 00 00 05 00 02 16 00 29 2a
02:20:14:634	> BTP_GATT_CMD_GET_ATTRIBUTE_VALUE (0x02|0x1d|0x00)
                  raw data (9): 02 1d 00 09 00 00 e6 f2 59 e8 07 c0 16 00
02:20:14:774	< BTP_GATT_CMD_GET_ATTRIBUTE_VALUE (0x02|0x1d|0x00)
                  raw data (6): 02 1d 00 06 00 00 03 00 4e 58 50
02:20:14:794	> BTP_GATT_CMD_GET_ATTRIBUTE_VALUE (0x02|0x1d|0x00)
                  raw data (9): 02 1d 00 09 00 00 e6 f2 59 e8 07 c0 17 00
02:20:14:944	< BTP_GATT_CMD_GET_ATTRIBUTE_VALUE (0x02|0x1d|0x00)
                  raw data (8): 02 1d 00 08 00 00 05 00 02 18 00 50 2a
02:20:14:974	> BTP_GATT_CMD_GET_ATTRIBUTE_VALUE (0x02|0x1d|0x00)
                  raw data (9): 02 1d 00 09 00 00 e6 f2 59 e8 07 c0 18 00
02:20:15:084	< BTP_GATT_CMD_GET_ATTRIBUTE_VALUE (0x02|0x1d|0x00)
                  raw data (10): 02 1d 00 0a 00 00 07 00 01 00 00 00 00 01 00
02:20:15:084	> BTP_GATT_CMD_GET_ATTRIBUTE_VALUE (0x02|0x1d|0x00)
                  raw data (9): 02 1d 00 09 00 00 e6 f2 59 e8 07 c0 19 00
02:20:15:234	< BTP_GATT_CMD_GET_ATTRIBUTE_VALUE (0x02|0x1d|0x00)
                  raw data (8): 02 1d 00 08 00 00 05 00 02 1a 00 25 2a
02:20:15:264	> BTP_GATT_CMD_GET_ATTRIBUTE_VALUE (0x02|0x1d|0x00)
                  raw data (9): 02 1d 00 09 00 00 e6 f2 59 e8 07 c0 1a 00
02:20:15:414	< BTP_GATT_CMD_GET_ATTRIBUTE_VALUE (0x02|0x1d|0x00)
                  raw data (3): 02 1d 00 03 00 00 00 00
02:20:15:444	> BTP_GATT_CMD_GET_ATTRIBUTE_VALUE (0x02|0x1d|0x00)
                  raw data (9): 02 1d 00 09 00 00 e6 f2 59 e8 07 c0 1b 00
02:20:15:594	< BTP_GATT_CMD_GET_ATTRIBUTE_VALUE (0x02|0x1d|0x00)
                  raw data (8): 02 1d 00 08 00 00 05 00 02 1c 00 26 2a
02:20:15:604	> BTP_GATT_CMD_GET_ATTRIBUTE_VALUE (0x02|0x1d|0x00)
                  raw data (9): 02 1d 00 09 00 00 e6 f2 59 e8 07 c0 1c 00
02:20:15:744	< BTP_GATT_CMD_GET_ATTRIBUTE_VALUE (0x02|0x1d|0x00)
                  raw data (10): 02 1d 00 0a 00 00 07 00 30 2e 30 2e 30 2b 30
02:20:15:774	> BTP_GATT_CMD_GET_ATTRIBUTE_VALUE (0x02|0x1d|0x00)
                  raw data (9): 02 1d 00 09 00 00 e6 f2 59 e8 07 c0 1d 00
02:20:15:924	< BTP_GATT_CMD_GET_ATTRIBUTE_VALUE (0x02|0x1d|0x00)
                  raw data (8): 02 1d 00 08 00 00 05 00 02 1e 00 27 2a
02:20:15:944	> BTP_GATT_CMD_GET_ATTRIBUTE_VALUE (0x02|0x1d|0x00)
                  raw data (9): 02 1d 00 09 00 00 e6 f2 59 e8 07 c0 1e 00
02:20:16:044	< BTP_GATT_CMD_GET_ATTRIBUTE_VALUE (0x02|0x1d|0x00)
                  raw data (3): 02 1d 00 03 00 00 00 00
02:20:16:044	> BTP_GATT_CMD_GET_ATTRIBUTE_VALUE (0x02|0x1d|0x00)
                  raw data (9): 02 1d 00 09 00 00 e6 f2 59 e8 07 c0 1f 00
02:20:16:194	< BTP_GATT_CMD_GET_ATTRIBUTE_VALUE (0x02|0x1d|0x00)
                  raw data (8): 02 1d 00 08 00 00 05 00 02 20 00 28 2a
02:20:16:224	> BTP_GATT_CMD_GET_ATTRIBUTE_VALUE (0x02|0x1d|0x00)
                  raw data (9): 02 1d 00 09 00 00 e6 f2 59 e8 07 c0 20 00
02:20:16:374	< BTP_GATT_CMD_GET_ATTRIBUTE_VALUE (0x02|0x1d|0x00)
                  raw data (3): 02 1d 00 03 00 00 00 00
02:20:16:404	> BTP_GATT_CMD_GET_ATTRIBUTE_VALUE (0x02|0x1d|0x00)
                  raw data (9): 02 1d 00 09 00 00 e6 f2 59 e8 07 c0 21 00
02:20:16:544	< BTP_GATT_CMD_GET_ATTRIBUTE_VALUE (0x02|0x1d|0x00)
                  raw data (5): 02 1d 00 05 00 00 02 00 aa 40
02:20:16:544	> BTP_GATT_CMD_GET_ATTRIBUTE_VALUE (0x02|0x1d|0x00)
                  raw data (9): 02 1d 00 09 00 00 e6 f2 59 e8 07 c0 22 00
02:20:16:694	< BTP_GATT_CMD_GET_ATTRIBUTE_VALUE (0x02|0x1d|0x00)
                  raw data (8): 02 1d 00 08 00 00 05 00 0a 23 00 aa 50
02:20:16:724	> BTP_GATT_CMD_GET_ATTRIBUTE_VALUE (0x02|0x1d|0x00)
                  raw data (9): 02 1d 00 09 00 00 e6 f2 59 e8 07 c0 23 00
02:20:16:874	< BTP_GATT_CMD_GET_ATTRIBUTE_VALUE (0x02|0x1d|0x00)
                  raw data (11): 02 1d 00 0b 00 00 08 00 01 23 45 67 89 ab cd ef
02:20:16:904	> BTP_GATT_CMD_GET_ATTRIBUTE_VALUE (0x02|0x1d|0x00)
                  raw data (9): 02 1d 00 09 00 00 e6 f2 59 e8 07 c0 24 00
02:20:17:054	< BTP_GATT_CMD_GET_ATTRIBUTE_VALUE (0x02|0x1d|0x00)
                  raw data (8): 02 1d 00 08 00 00 05 00 0a 25 00 aa 51
02:20:17:084	> BTP_GATT_CMD_GET_ATTRIBUTE_VALUE (0x02|0x1d|0x00)
                  raw data (9): 02 1d 00 09 00 00 e6 f2 59 e8 07 c0 25 00
02:20:17:234	< BTP_GATT_CMD_GET_ATTRIBUTE_VALUE (0x02|0x1d|0x00)
                  raw data (11): 02 1d 00 0b 00 00 08 00 01 23 45 67 89 ab cd ef
02:20:17:244	> BTP_GATT_CMD_GET_ATTRIBUTE_VALUE (0x02|0x1d|0x00)
                  raw data (9): 02 1d 00 09 00 00 e6 f2 59 e8 07 c0 26 00
02:20:17:384	< BTP_GATT_CMD_GET_ATTRIBUTE_VALUE (0x02|0x1d|0x00)
                  raw data (8): 02 1d 00 08 00 00 05 00 0a 27 00 aa 52
02:20:17:394	> BTP_GATT_CMD_GET_ATTRIBUTE_VALUE (0x02|0x1d|0x00)
                  raw data (9): 02 1d 00 09 00 00 e6 f2 59 e8 07 c0 27 00
02:20:17:554	< BTP_GATT_CMD_GET_ATTRIBUTE_VALUE (0x02|0x1d|0x00)
                  raw data (11): 02 1d 00 0b 00 00 08 00 01 23 45 67 89 ab cd ef
02:20:17:574	> BTP_GATT_CMD_GET_ATTRIBUTE_VALUE (0x02|0x1d|0x00)
                  raw data (9): 02 1d 00 09 00 00 e6 f2 59 e8 07 c0 28 00
02:20:17:714	< BTP_GATT_CMD_GET_ATTRIBUTE_VALUE (0x02|0x1d|0x00)
                  raw data (8): 02 1d 00 08 00 00 05 00 0a 29 00 aa 53
02:20:17:724	> BTP_GATT_CMD_GET_ATTRIBUTE_VALUE (0x02|0x1d|0x00)
                  raw data (9): 02 1d 00 09 00 00 e6 f2 59 e8 07 c0 29 00
02:20:17:834	< BTP_GATT_CMD_GET_ATTRIBUTE_VALUE (0x02|0x1d|0x00)
                  raw data (3): 02 1d 00 03 00 08 00 00
02:20:17:834	> BTP_GATT_CMD_GET_ATTRIBUTE_VALUE (0x02|0x1d|0x00)
                  raw data (9): 02 1d 00 09 00 00 e6 f2 59 e8 07 c0 2a 00
02:20:17:994	< BTP_GATT_CMD_GET_ATTRIBUTE_VALUE (0x02|0x1d|0x00)
                  raw data (8): 02 1d 00 08 00 00 05 00 3a 2b 00 aa 54
02:20:18:014	> BTP_GATT_CMD_GET_ATTRIBUTE_VALUE (0x02|0x1d|0x00)
                  raw data (9): 02 1d 00 09 00 00 e6 f2 59 e8 07 c0 2b 00
02:20:18:154	< BTP_GATT_CMD_GET_ATTRIBUTE_VALUE (0x02|0x1d|0x00)
                  raw data (11): 02 1d 00 0b 00 00 08 00 01 23 45 67 89 ab cd ef
02:20:18:184	> BTP_GATT_CMD_GET_ATTRIBUTE_VALUE (0x02|0x1d|0x00)
                  raw data (9): 02 1d 00 09 00 00 e6 f2 59 e8 07 c0 2c 00
02:20:18:334	< BTP_GATT_CMD_GET_ATTRIBUTE_VALUE (0x02|0x1d|0x00)
                  raw data (5): 02 1d 00 05 00 00 02 00 00 00
02:20:18:364	> BTP_GATT_CMD_GET_ATTRIBUTE_VALUE (0x02|0x1d|0x00)
                  raw data (9): 02 1d 00 09 00 00 e6 f2 59 e8 07 c0 2d 00
02:20:18:514	< BTP_GATT_CMD_GET_ATTRIBUTE_VALUE (0x02|0x1d|0x00)
                  raw data (8): 02 1d 00 08 00 00 05 00 3a 2e 00 aa 55
02:20:18:544	> BTP_GATT_CMD_GET_ATTRIBUTE_VALUE (0x02|0x1d|0x00)
                  raw data (9): 02 1d 00 09 00 00 e6 f2 59 e8 07 c0 2e 00
02:20:18:714	< BTP_GATT_CMD_GET_ATTRIBUTE_VALUE (0x02|0x1d|0x00)
                  raw data (11): 02 1d 00 0b 00 00 08 00 01 23 45 67 89 ab cd ef
02:20:18:734	> BTP_GATT_CMD_GET_ATTRIBUTE_VALUE (0x02|0x1d|0x00)
                  raw data (9): 02 1d 00 09 00 00 e6 f2 59 e8 07 c0 2f 00
02:20:18:894	< BTP_GATT_CMD_GET_ATTRIBUTE_VALUE (0x02|0x1d|0x00)
                  raw data (5): 02 1d 00 05 00 00 02 00 00 00
02:20:18:924	> BTP_GATT_CMD_GET_ATTRIBUTE_VALUE (0x02|0x1d|0x00)
                  raw data (9): 02 1d 00 09 00 00 e6 f2 59 e8 07 c0 30 00
02:20:19:064	< BTP_GATT_CMD_GET_ATTRIBUTE_VALUE (0x02|0x1d|0x00)
                  raw data (8): 02 1d 00 08 00 00 05 00 46 31 00 aa 56
02:20:19:094	> BTP_GATT_CMD_GET_ATTRIBUTE_VALUE (0x02|0x1d|0x00)
                  raw data (9): 02 1d 00 09 00 00 e6 f2 59 e8 07 c0 31 00
02:20:19:234	< BTP_GATT_CMD_GET_ATTRIBUTE_VALUE (0x02|0x1d|0x00)
                  raw data (11): 02 1d 00 0b 00 00 08 00 01 23 45 67 89 ab cd ef
02:20:19:254	> BTP_GATT_CMD_GET_ATTRIBUTE_VALUE (0x02|0x1d|0x00)
                  raw data (9): 02 1d 00 09 00 00 e6 f2 59 e8 07 c0 32 00
02:20:19:364	< BTP_GATT_CMD_GET_ATTRIBUTE_VALUE (0x02|0x1d|0x00)
                  raw data (8): 02 1d 00 08 00 00 05 00 46 33 00 aa 57
02:20:19:384	> BTP_GATT_CMD_GET_ATTRIBUTE_VALUE (0x02|0x1d|0x00)
                  raw data (9): 02 1d 00 09 00 00 e6 f2 59 e8 07 c0 33 00
02:20:19:484	< BTP_GATT_CMD_GET_ATTRIBUTE_VALUE (0x02|0x1d|0x00)
                  raw data (11): 02 1d 00 0b 00 00 08 00 01 23 45 67 89 ab cd ef
02:20:19:484	> BTP_GATT_CMD_GET_ATTRIBUTE_VALUE (0x02|0x1d|0x00)
                  raw data (9): 02 1d 00 09 00 00 e6 f2 59 e8 07 c0 34 00
02:20:19:644	< BTP_GATT_CMD_GET_ATTRIBUTE_VALUE (0x02|0x1d|0x00)
                  raw data (8): 02 1d 00 08 00 00 05 00 8a 35 00 aa 58
02:20:19:674	> BTP_GATT_CMD_GET_ATTRIBUTE_VALUE (0x02|0x1d|0x00)
                  raw data (9): 02 1d 00 09 00 00 e6 f2 59 e8 07 c0 35 00
02:20:19:824	< BTP_GATT_CMD_GET_ATTRIBUTE_VALUE (0x02|0x1d|0x00)
                  raw data (11): 02 1d 00 0b 00 00 08 00 01 23 45 67 89 ab cd ef
02:20:19:854	> BTP_GATT_CMD_GET_ATTRIBUTE_VALUE (0x02|0x1d|0x00)
                  raw data (9): 02 1d 00 09 00 00 e6 f2 59 e8 07 c0 36 00
02:20:20:004	< BTP_GATT_CMD_GET_ATTRIBUTE_VALUE (0x02|0x1d|0x00)
                  raw data (5): 02 1d 00 05 00 00 02 00 01 00
02:20:20:034	> BTP_GATT_CMD_GET_ATTRIBUTE_VALUE (0x02|0x1d|0x00)
                  raw data (9): 02 1d 00 09 00 00 e6 f2 59 e8 07 c0 37 00
02:20:20:144	< BTP_GATT_CMD_GET_ATTRIBUTE_VALUE (0x02|0x1d|0x00)
                  raw data (8): 02 1d 00 08 00 00 05 00 0a 38 00 aa 59
02:20:20:144	> BTP_GATT_CMD_GET_ATTRIBUTE_VALUE (0x02|0x1d|0x00)
                  raw data (9): 02 1d 00 09 00 00 e6 f2 59 e8 07 c0 38 00
02:20:20:304	< BTP_GATT_CMD_GET_ATTRIBUTE_VALUE (0x02|0x1d|0x00)
                  raw data (11): 02 1d 00 0b 00 00 08 00 01 23 45 67 89 ab cd ef
02:20:20:334	> BTP_GATT_CMD_GET_ATTRIBUTE_VALUE (0x02|0x1d|0x00)
                  raw data (9): 02 1d 00 09 00 00 e6 f2 59 e8 07 c0 39 00
02:20:20:484	< BTP_GATT_CMD_GET_ATTRIBUTE_VALUE (0x02|0x1d|0x00)
                  raw data (8): 02 1d 00 08 00 00 05 00 0a 3a 00 aa 5a
02:20:20:514	> BTP_GATT_CMD_GET_ATTRIBUTE_VALUE (0x02|0x1d|0x00)
                  raw data (9): 02 1d 00 09 00 00 e6 f2 59 e8 07 c0 3a 00
02:20:20:654	< BTP_GATT_CMD_GET_ATTRIBUTE_VALUE (0x02|0x1d|0x00)
                  raw data (11): 02 1d 00 0b 00 00 08 00 01 23 45 67 89 ab cd ef
02:20:20:674	> BTP_GATT_CMD_GET_ATTRIBUTE_VALUE (0x02|0x1d|0x00)
                  raw data (9): 02 1d 00 09 00 00 e6 f2 59 e8 07 c0 3b 00
02:20:20:794	< BTP_GATT_CMD_GET_ATTRIBUTE_VALUE (0x02|0x1d|0x00)
                  raw data (22): 
                  02 1d 00 16 00 00 13 00 0a 3c 00 f0 00 bb 50 04 
                  51 40 00 b1 23 45 67 89 ab cd ef
02:20:20:824	> BTP_GATT_CMD_GET_ATTRIBUTE_VALUE (0x02|0x1d|0x00)
                  raw data (9): 02 1d 00 09 00 00 e6 f2 59 e8 07 c0 3c 00
02:20:20:964	< BTP_GATT_CMD_GET_ATTRIBUTE_VALUE (0x02|0x1d|0x00)
                  raw data (11): 02 1d 00 0b 00 00 08 00 01 23 45 67 89 ab cd ef
02:20:20:994	> BTP_GATT_CMD_GET_ATTRIBUTE_VALUE (0x02|0x1d|0x00)
                  raw data (9): 02 1d 00 09 00 00 e6 f2 59 e8 07 c0 3d 00
02:20:21:104	< BTP_GATT_CMD_GET_ATTRIBUTE_VALUE (0x02|0x1d|0x00)
                  raw data (5): 02 1d 00 05 00 00 02 00 aa 41
02:20:21:104	> BTP_GATT_CMD_GET_ATTRIBUTE_VALUE (0x02|0x1d|0x00)
                  raw data (9): 02 1d 00 09 00 00 e6 f2 59 e8 07 c0 3e 00
02:20:21:264	< BTP_GATT_CMD_GET_ATTRIBUTE_VALUE (0x02|0x1d|0x00)
                  raw data (9): 02 1d 00 09 00 00 06 00 21 00 3c 00 aa 40
02:20:21:294	> BTP_GATT_CMD_GET_ATTRIBUTE_VALUE (0x02|0x1d|0x00)
                  raw data (9): 02 1d 00 09 00 00 e6 f2 59 e8 07 c0 3f 00
02:20:21:444	< BTP_GATT_CMD_GET_ATTRIBUTE_VALUE (0x02|0x1d|0x00)
                  raw data (8): 02 1d 00 08 00 00 05 00 0a 40 00 aa 50
02:20:21:464	> BTP_GATT_CMD_GET_ATTRIBUTE_VALUE (0x02|0x1d|0x00)
                  raw data (9): 02 1d 00 09 00 00 e6 f2 59 e8 07 c0 40 00
02:20:21:594	< BTP_GATT_CMD_GET_ATTRIBUTE_VALUE (0x02|0x1d|0x00)
                  raw data (35): 
                  02 1d 00 23 00 00 20 00 01 23 45 67 89 ab cd ef 
                  01 23 45 67 89 ab cd ef 01 23 45 67 89 ab cd ef 
                  01 23 45 67 89 ab cd ef
02:20:21:624	> BTP_GATT_CMD_GET_ATTRIBUTE_VALUE (0x02|0x1d|0x00)
                  raw data (9): 02 1d 00 09 00 00 e6 f2 59 e8 07 c0 41 00
02:20:21:774	< BTP_GATT_CMD_GET_ATTRIBUTE_VALUE (0x02|0x1d|0x00)
                  raw data (8): 02 1d 00 08 00 00 05 00 0a 42 00 aa 51
02:20:21:804	> BTP_GATT_CMD_GET_ATTRIBUTE_VALUE (0x02|0x1d|0x00)
                  raw data (9): 02 1d 00 09 00 00 e6 f2 59 e8 07 c0 42 00
02:20:21:954	< BTP_GATT_CMD_GET_ATTRIBUTE_VALUE (0x02|0x1d|0x00)
                  raw data (35): 
                  02 1d 00 23 00 00 20 00 fe dc ba 98 76 54 32 10 
                  fe dc ba 98 76 54 32 10 fe dc ba 98 76 54 32 10 
                  fe dc ba 98 76 54 32 10
02:20:21:984	> BTP_GATT_CMD_GET_ATTRIBUTE_VALUE (0x02|0x1d|0x00)
                  raw data (9): 02 1d 00 09 00 00 e6 f2 59 e8 07 c0 43 00
02:20:22:144	< BTP_GATT_CMD_GET_ATTRIBUTE_VALUE (0x02|0x1d|0x00)
                  raw data (8): 02 1d 00 08 00 00 05 00 0a 44 00 aa 52
02:20:22:174	> BTP_GATT_CMD_GET_ATTRIBUTE_VALUE (0x02|0x1d|0x00)
                  raw data (9): 02 1d 00 09 00 00 e6 f2 59 e8 07 c0 44 00
02:20:22:324	< BTP_GATT_CMD_GET_ATTRIBUTE_VALUE (0x02|0x1d|0x00)
                  raw data (59): 
                  02 1d 00 3b 00 00 38 00 fe dc ba 98 76 54 32 10 
                  fe dc ba 98 76 54 32 10 fe dc ba 98 76 54 32 10 
                  fe dc ba 98 76 54 32 10 fe dc ba 98 76 54 32 10 
                  fe dc ba 98 76 54 32 10 fe dc ba 98 76 54 32 10
02:20:22:354	> BTP_GATT_CMD_GET_ATTRIBUTE_VALUE (0x02|0x1d|0x00)
                  raw data (9): 02 1d 00 09 00 00 e6 f2 59 e8 07 c0 45 00
02:20:22:504	< BTP_GATT_CMD_GET_ATTRIBUTE_VALUE (0x02|0x1d|0x00)
                  raw data (8): 02 1d 00 08 00 00 05 00 02 46 00 aa 53
02:20:22:534	> BTP_GATT_CMD_GET_ATTRIBUTE_VALUE (0x02|0x1d|0x00)
                  raw data (9): 02 1d 00 09 00 00 e6 f2 59 e8 07 c0 46 00
02:20:22:684	< BTP_GATT_CMD_GET_ATTRIBUTE_VALUE (0x02|0x1d|0x00)
                  raw data (83): 
                  02 1d 00 53 00 00 50 00 01 23 45 67 89 ab cd ef 
                  01 23 45 67 89 ab cd ef 01 23 45 67 89 ab cd ef 
                  01 23 45 67 89 ab cd ef 01 23 45 67 89 ab cd ef 
                  01 23 45 67 89 ab cd ef 01 23 45 67 89 ab cd ef 
                  01 23 45 67 89 ab cd ef 01 23 45 67 89 ab cd ef 
                  01 23 45 67 89 ab cd ef
02:20:22:704	> BTP_GATT_CMD_GET_ATTRIBUTE_VALUE (0x02|0x1d|0x00)
                  raw data (9): 02 1d 00 09 00 00 e6 f2 59 e8 07 c0 47 00
02:20:22:844	< BTP_GATT_CMD_GET_ATTRIBUTE_VALUE (0x02|0x1d|0x00)
                  raw data (67): 
                  02 1d 00 43 00 00 40 00 01 01 01 01 01 01 01 01 
                  01 01 01 01 01 01 01 01 01 01 01 01 01 01 01 01 
                  01 01 01 01 01 01 01 01 01 01 01 01 01 01 01 01 
                  01 01 01 01 01 01 01 01 01 01 01 01 01 01 01 01 
                  01 01 01 01 01 01 01 01
02:20:22:874	> BTP_GATT_CMD_GET_ATTRIBUTE_VALUE (0x02|0x1d|0x00)
                  raw data (9): 02 1d 00 09 00 00 e6 f2 59 e8 07 c0 48 00
02:20:22:954	< BTP_GATT_CMD_GET_ATTRIBUTE_VALUE (0x02|0x1d|0x00)
                  raw data (8): 02 1d 00 08 00 00 05 00 0a 49 00 aa 55
02:20:22:954	> BTP_GATT_CMD_GET_ATTRIBUTE_VALUE (0x02|0x1d|0x00)
                  raw data (9): 02 1d 00 09 00 00 e6 f2 59 e8 07 c0 49 00
02:20:23:124	< BTP_GATT_CMD_GET_ATTRIBUTE_VALUE (0x02|0x1d|0x00)
                  raw data (83): 
                  02 1d 00 53 00 00 50 00 01 23 45 67 89 ab cd ef 
                  01 23 45 67 89 ab cd ef 01 23 45 67 89 ab cd ef 
                  01 23 45 67 89 ab cd ef 01 23 45 67 89 ab cd ef 
                  01 23 45 67 89 ab cd ef 01 23 45 67 89 ab cd ef 
                  01 23 45 67 89 ab cd ef 01 23 45 67 89 ab cd ef 
                  01 23 45 67 89 ab cd ef
02:20:23:154	> BTP_GATT_CMD_GET_ATTRIBUTE_VALUE (0x02|0x1d|0x00)
                  raw data (9): 02 1d 00 09 00 00 e6 f2 59 e8 07 c0 4a 00
02:20:23:284	< BTP_GATT_CMD_GET_ATTRIBUTE_VALUE (0x02|0x1d|0x00)
                  raw data (8): 02 1d 00 08 00 00 05 00 0a 4b 00 aa 56
02:20:23:304	> BTP_GATT_CMD_GET_ATTRIBUTE_VALUE (0x02|0x1d|0x00)
                  raw data (9): 02 1d 00 09 00 00 e6 f2 59 e8 07 c0 4b 00
02:20:23:464	< BTP_GATT_CMD_GET_ATTRIBUTE_VALUE (0x02|0x1d|0x00)
                  raw data (515): 
                  02 1d 00 03 02 00 00 02 02 02 02 02 02 02 02 02 
                  02 02 02 02 02 02 02 02 02 02 02 02 02 02 02 02 
                  02 02 02 02 02 02 02 02 02 02 02 02 02 02 02 02 
                  02 02 02 02 02 02 02 02 02 02 02 02 02 02 02 02 
                  02 02 02 02 02 02 02 02 02 02 02 02 02 02 02 02 
                  02 02 02 02 02 02 02 02 02 02 02 02 02 02 02 02 
                  02 02 02 02 02 02 02 02 02 02 02 02 02 02 02 02 
                  02 02 02 02 02 02 02 02 02 02 02 02 02 02 02 02 
                  02 02 02 02 02 02 02 02 02 02 02 02 02 02 02 02 
                  02 02 02 02 02 02 02 02 02 02 02 02 02 02 02 02 
                  02 02 02 02 02 02 02 02 02 02 02 02 02 02 02 02 
                  02 02 02 02 02 02 02 02 02 02 02 02 02 02 02 02 
                  02 02 02 02 02 02 02 02 02 02 02 02 02 02 02 02 
                  02 02 02 02 02 02 02 02 02 02 02 02 02 02 02 02 
                  02 02 02 02 02 02 02 02 02 02 02 02 02 02 02 02 
                  02 02 02 02 02 02 02 02 02 02 02 02 02 02 02 02 
                  02 02 02 02 02 02 02 02 02 02 02 02 02 02 02 02 
                  02 02 02 02 02 02 02 02 02 02 02 02 02 02 02 02 
                  02 02 02 02 02 02 02 02 02 02 02 02 02 02 02 02 
                  02 02 02 02 02 02 02 02 02 02 02 02 02 02 02 02 
                  02 02 02 02 02 02 02 02 02 02 02 02 02 02 02 02 
                  02 02 02 02 02 02 02 02 02 02 02 02 02 02 02 02 
                  02 02 02 02 02 02 02 02 02 02 02 02 02 02 02 02 
                  02 02 02 02 02 02 02 02 02 02 02 02 02 02 02 02 
                  02 02 02 02 02 02 02 02 02 02 02 02 02 02 02 02 
                  02 02 02 02 02 02 02 02 02 02 02 02 02 02 02 02 
                  02 02 02 02 02 02 02 02 02 02 02 02 02 02 02 02 
                  02 02 02 02 02 02 02 02 02 02 02 02 02 02 02 02 
                  02 02 02 02 02 02 02 02 02 02 02 02 02 02 02 02 
                  02 02 02 02 02 02 02 02 02 02 02 02 02 02 02 02 
                  02 02 02 02 02 02 02 02 02 02 02 02 02 02 02 02 
                  02 02 02 02 02 02 02 02 02 02 02 02 02 02 02 02 
                  02 02 02 02 02 02 02 02
02:20:24:854	< BTP_GAP_EV_DEVICE_DISCONNECTED (0x01|0x83|0x00)
                  raw data (7): 01 83 00 07 00 00 e6 f2 59 e8 07 c0
02:20:32:048	< BTP_CORE_EV_IUT_READY (0x00|0x80|0xff)
                  raw data (0): 00 80 ff 00 00
