11:07:44:845    > BTP_CORE_CMD_REGISTER_SERVICE (0x00|0x03|0xff)
                  raw data (1): 00 03 ff 01 00|01
11:07:48:517    < BTP_CORE_CMD_REGISTER_SERVICE (0x00|0x03|0xff)
                  raw data (0): 00 03 ff 00 00|
11:07:48:549    > BTP_GAP_CMD_READ_SUPPORTED_COMMANDS (0x01|0x01|0xff)
                  raw data (0): 01 01 ff 00 00|
11:07:48:737    < BTP_GAP_CMD_READ_SUPPORTED_COMMANDS (0x01|0x01|0xff)
                  raw data (6): 01 01 ff 06 00|6e ff 7f 1f fe f7
11:07:48:769    > BTP_GAP_CMD_READ_CONTROLLER_INFO (0x01|0x03|0x00)
                  raw data (0): 01 03 00 00 00|
11:07:48:905    < BTP_GAP_CMD_READ_CONTROLLER_INFO (0x01|0x03|0x00)
                  raw data (277): 
                  01 03 00 15 01|19 78 ee 69 17 d0 d3 06 02 00 13 
                  02 00 00 00 00 00 62 74 70 5f 74 65 73 74 65 72 
                  00 00 00 00 00 00 00 00 00 00 00 00 00 00 00 00 
                  00 00 00 00 00 00 00 00 00 00 00 00 00 00 00 00 
                  00 00 00 00 00 00 00 00 00 00 00 00 00 00 00 00 
                  00 00 00 00 00 00 00 00 00 00 00 00 00 00 00 00 
                  00 00 00 00 00 00 00 00 00 00 00 00 00 00 00 00 
                  00 00 00 00 00 00 00 00 00 00 00 00 00 00 00 00 
                  00 00 00 00 00 00 00 00 00 00 00 00 00 00 00 00 
                  00 00 00 00 00 00 00 00 00 00 00 00 00 00 00 00 
                  00 00 00 00 00 00 00 00 00 00 00 00 00 00 00 00 
                  00 00 00 00 00 00 00 00 00 00 00 00 00 00 00 00 
                  00 00 00 00 00 00 00 00 00 00 00 00 00 00 00 00 
                  00 00 00 00 00 00 00 00 00 00 00 00 00 00 00 00 
                  00 00 00 00 00 00 00 00 00 00 00 00 00 00 00 00 
                  00 00 00 00 00 00 00 00 00 00 00 00 00 00 00 00 
                  00 00 00 00 00 00 00 00 00 00 00 00 00 00 00 00 
                  00 00 00 00 00 00 00 00 00 00
11:07:48:940    > BTP_CORE_CMD_REGISTER_SERVICE (0x00|0x03|0xff)
                  raw data (37): 00 03 ff 01 00|25
11:07:49:045    < BTP_CORE_CMD_REGISTER_SERVICE (0x00|0x03|0xff)
                  raw data (0): 00 03 ff 00 00|
11:07:49:093    > BTP_AVRCP_CMD_READ_SUPPORTED_COMMANDS (0x25|0x01|0xff)
                  raw data (0): 25 01 ff 00 00|
11:07:49:280    < BTP_AVRCP_CMD_READ_SUPPORTED_COMMANDS (0x25|0x01|0xff)
                  raw data (5): 25 01 ff 05 00|fe ff e7 ff 7f
11:07:53:349    > BTP_GAP_CMD_SET_DISCOVERABLE (0x01|0x08|0x00)
                  raw data (1): 01 08 00 01 00|01
11:07:53:520    < BTP_GAP_CMD_SET_DISCOVERABLE (0x01|0x08|0x00)
                  raw data (4): 01 08 00 04 00|1b 02 00 00
11:07:53:569    > BTP_GAP_CMD_START_ADVERTISING (0x01|0x0a|0x00)
                  raw data (22): 
                  01 0a 00 16 00|0f 00 09 0d 54 65 73 74 65 72 5f 
                  30 38 45 34 34 45 ff ff ff ff 00
11:07:53:768    < BTP_GAP_CMD_START_ADVERTISING (0x01|0x0a|0x00)
                  raw data (4): 01 0a 00 04 00|1b 06 00 00
11:07:56:094    < BTP_GAP_EV_DEVICE_CONNECTED (0x01|0x82|0x00)
                  raw data (13): 
                  01 82 00 0d 00|e0 4e e4 08 dc 1b 00 00 00 00 00 
                  00 00
11:07:56:095    < BTP_GAP_EV_NEW_SETTINGS (0x01|0x80|0x00)
                  raw data (4): 01 80 00 04 00|1b 02 00 00
11:07:59:486    < BTP_GAP_EV_ENCRYPTION_CHANGE (0x01|0x91|0x00)
                  raw data (9): 01 91 00 09 00|e0 4e e4 08 dc 1b 00 01 10
11:07:59:659    < BTP_GAP_EV_SEC_LEVEL_CHANGED (0x01|0x89|0x00)
                  raw data (8): 01 89 00 08 00|e0 4e e4 08 dc 1b 00 02
11:07:59:830    < BTP_AVRCP_EV_CONTROL_CONNECTED (0x25|0x80|0x00)
                  raw data (6): 25 80 00 06 00|4e e4 08 dc 1b 00
11:07:59:940    < BTP_AVRCP_EV_CONTROL_CONNECTED (0x25|0x80|0x00)
                  raw data (6): 25 80 00 06 00|4e e4 08 dc 1b 00
11:07:59:943    < BTP_AVRCP_EV_BROWSING_CONNECTED (0x25|0x82|0x00)
                  raw data (6): 25 82 00 06 00|4e e4 08 dc 1b 00
11:07:59:944    < BTP_AVRCP_EV_BROWSING_CONNECTED (0x25|0x82|0x00)
                  raw data (6): 25 82 00 06 00|4e e4 08 dc 1b 00
11:08:01:967    > BTP_AVRCP_CMD_CA_CT_CONNECT (0x25|0x22|0x00)
                  raw data (6): 25 22 00 06 00|4e e4 08 dc 1b 00
11:08:02:061    < BTP_AVRCP_CMD_CA_CT_CONNECT (0x25|0x22|0x00)
                  raw data (0): 25 22 00 00 00|
11:08:02:184    < BTP_AVRCP_EV_CA_CT_CONNECTED (0x25|0x9d|0x00)
                  raw data (6): 25 9d 00 06 00|4e e4 08 dc 1b 00
11:08:03:249    > BTP_AVRCP_CMD_REGISTER_NOTIFICATION (0x25|0x12|0x00)
                  raw data (11): 25 12 00 0b 00|4e e4 08 dc 1b 00 0c 00 00 00 00
11:08:03:373    < BTP_AVRCP_CMD_REGISTER_NOTIFICATION (0x25|0x12|0x00)
                  raw data (0): 25 12 00 00 00|
11:08:03:532    < BTP_AVRCP_EV_REGISTER_NOTIFICATION_RSP (0x25|0x90|0x00)
                  raw data (10): 25 90 00 0a 00|4e e4 08 dc 1b 00 04 0c 56 10
11:08:04:424    < BTP_AVRCP_EV_REGISTER_NOTIFICATION_RSP (0x25|0x90|0x00)
                  raw data (10): 25 90 00 0a 00|4e e4 08 dc 1b 00 0d 0c 60 10
11:08:04:578    < BTP_AVRCP_EV_GET_FOLDER_ITEMS_RSP (0x25|0x95|0x00)
                  raw data (172): 
                  25 95 00 ac 00|4e e4 08 dc 1b 00 04 60 10 07 00 
                  02 14 00 01 00 00 00 01 00 00 00 02 01 6a 00 06 
                  00 41 6c 62 75 6d 73 02 15 00 02 00 00 00 02 00 
                  00 00 03 00 6a 00 07 00 41 72 74 69 73 74 73 02 
                  14 00 03 00 00 00 03 00 00 00 04 00 6a 00 06 00 
                  47 65 6e 72 65 73 02 16 00 04 00 00 00 04 00 00 
                  00 05 00 6a 00 08 00 50 6c 61 79 6c 69 73 74 02 
                  13 00 05 00 00 00 05 00 00 00 01 01 6a 00 05 00 
                  53 6f 6e 67 73 02 13 00 06 00 00 00 06 00 00 00 
                  06 00 6a 00 05 00 59 65 61 72 73 02 13 00 07 00 
                  00 00 07 00 00 00 00 00 6a 00 05 00 4d 69 78 65 
                  64
11:08:04:594    > BTP_AVRCP_CMD_CA_CT_DISCONNECT (0x25|0x23|0x00)
                  raw data (6): 25 23 00 06 00|4e e4 08 dc 1b 00
11:08:04:733    < BTP_AVRCP_CMD_CA_CT_DISCONNECT (0x25|0x23|0x00)
                  raw data (0): 25 23 00 00 00|
11:08:04:767    < BTP_AVRCP_EV_CA_CT_DISCONNECTED (0x25|0x9e|0x00)
                  raw data (6): 25 9e 00 06 00|4e e4 08 dc 1b 00
11:08:05:811    > BTP_AVRCP_CMD_CA_CT_CONNECT (0x25|0x22|0x00)
                  raw data (6): 25 22 00 06 00|4e e4 08 dc 1b 00
11:08:05:906    < BTP_AVRCP_CMD_CA_CT_CONNECT (0x25|0x22|0x00)
                  raw data (0): 25 22 00 00 00|
11:08:05:999    < BTP_AVRCP_EV_CA_CT_CONNECTED (0x25|0x9d|0x00)
                  raw data (6): 25 9d 00 06 00|4e e4 08 dc 1b 00
11:08:06:078    > BTP_AVRCP_CMD_GET_FOLDER_ITEMS (0x25|0x17|0x00)
                  raw data (20): 
                  25 17 00 14 00|4e e4 08 dc 1b 00 03 00 00 00 00 
                  0a 00 00 00 01 08 00 00 00
11:08:06:177    < BTP_AVRCP_CMD_GET_FOLDER_ITEMS (0x25|0x17|0x00)
                  raw data (0): 25 17 00 00 00|
11:08:06:178    > BTP_AVRCP_CMD_CHANGE_PATH (0x25|0x1a|0x00)
                  raw data (17): 
                  25 1a 00 11 00|4e e4 08 dc 1b 00 60 10 01 01 00 
                  00 00 01 00 00 00
11:08:06:269    < BTP_AVRCP_CMD_CHANGE_PATH (0x25|0x1a|0x00)
                  raw data (0): 25 1a 00 00 00|
11:08:06:348    < BTP_AVRCP_EV_GET_FOLDER_ITEMS_RSP (0x25|0x95|0x00)
                  raw data (111): 
                  25 95 00 6f 00|4e e4 08 dc 1b 00 04 60 10 02 00 
                  03 15 00 10 00 00 00 10 00 00 00 00 6a 00 07 00 
                  53 61 6d 70 6c 65 31 02 03 00 00 00 6a 00 03 00 
                  50 54 53 08 00 00 00 6a 00 07 00 30 30 30 30 30 
                  30 32 03 15 00 50 00 00 00 50 00 00 00 00 6a 00 
                  07 00 53 61 6d 70 6c 65 33 02 03 00 00 00 6a 00 
                  03 00 50 54 53 08 00 00 00 6a 00 07 00 30 30 30 
                  30 30 30 32
11:08:06:489    < BTP_AVRCP_EV_CHANGE_PATH_RSP (0x25|0x98|0x00)
                  raw data (11): 25 98 00 0b 00|4e e4 08 dc 1b 00 04 02 00 00 00
11:08:06:538    > BTP_AVRCP_CMD_GET_FOLDER_ITEMS (0x25|0x17|0x00)
                  raw data (20): 
                  25 17 00 14 00|4e e4 08 dc 1b 00 03 00 00 00 00 
                  0a 00 00 00 01 08 00 00 00
11:08:06:690    < BTP_AVRCP_CMD_GET_FOLDER_ITEMS (0x25|0x17|0x00)
                  raw data (0): 25 17 00 00 00|
11:08:06:737    < BTP_AVRCP_EV_GET_FOLDER_ITEMS_RSP (0x25|0x95|0x00)
                  raw data (111): 
                  25 95 00 6f 00|4e e4 08 dc 1b 00 04 60 10 02 00 
                  03 15 00 10 00 00 00 10 00 00 00 00 6a 00 07 00 
                  53 61 6d 70 6c 65 31 02 03 00 00 00 6a 00 03 00 
                  50 54 53 08 00 00 00 6a 00 07 00 30 30 30 30 30 
                  30 32 03 15 00 50 00 00 00 50 00 00 00 00 6a 00 
                  07 00 53 61 6d 70 6c 65 33 02 03 00 00 00 6a 00 
                  03 00 50 54 53 08 00 00 00 6a 00 07 00 30 30 30 
                  30 30 30 32
11:08:07:019    < BTP_CORE_EV_IUT_READY (0x00|0x80|0xff)
                  raw data (0): 00 80 ff 00 00|
