2025-01-05 00:34:15,975 LT1-thread root DEBUG client.py                 71    logger_log                : Starting TestCase _run_test_case GAP GAP/PRIV/CONN/BV-10-C
2025-01-05 00:34:15,985 LT1-thread root DEBUG client.py                 71    logger_log                : pre_run GAP GAP/PRIV/CONN/BV-10-C
2025-01-05 00:34:15,985 LT1-thread root DEBUG client.py                 71    logger_log                : About to run test case GAP GAP/PRIV/CONN/BV-10-C with commands:
2025-01-05 00:34:15,985 LT1-thread root DEBUG client.py                 71    logger_log                : 0) class=<class 'autopts.ptsprojects.testcase.TestFunc'>, func=<bound method Stack.core_init of <autopts.ptsprojects.stack.stack.Stack object at 0x000001CE003A0450>> start_wid=None stop_wid=None post_wid=None skip_call=None call_count=0 args=() kwds={}
2025-01-05 00:34:15,985 LT1-thread root DEBUG client.py                 71    logger_log                : 1) class=<class 'autopts.ptsprojects.testcase.TestFunc'>, func=<bound method ZephyrCtl.hw_reset of <autopts.ptsprojects.zephyr.iutctl.ZephyrCtl object at 0x000001CE7D2B9F50>> start_wid=None stop_wid=None post_wid=None skip_call=None call_count=0 args=() kwds={}
2025-01-05 00:34:15,985 LT1-thread root DEBUG client.py                 71    logger_log                : 2) class=<class 'autopts.ptsprojects.testcase.TestFunc'>, func=<bound method ZephyrCtl.start of <autopts.ptsprojects.zephyr.iutctl.ZephyrCtl object at 0x000001CE7D2B9F50>> start_wid=None stop_wid=None post_wid=None skip_call=None call_count=0 args=(<autopts.ptsprojects.zephyr.ztestcase.ZTestCase object at 0x000001CE00810410>,) kwds={}
2025-01-05 00:34:15,985 LT1-thread root DEBUG client.py                 71    logger_log                : 3) class=<class 'autopts.ptsprojects.testcase.TestFunc'>, func=<bound method ZephyrCtl.hw_reset of <autopts.ptsprojects.zephyr.iutctl.ZephyrCtl object at 0x000001CE7D2B9F50>> start_wid=None stop_wid=None post_wid=None skip_call=None call_count=0 args=() kwds={}
2025-01-05 00:34:15,985 LT1-thread root DEBUG client.py                 71    logger_log                : 4) class=<class 'autopts.ptsprojects.testcase.TestFunc'>, func=<bound method ZephyrCtl.wait_iut_ready_event of <autopts.ptsprojects.zephyr.iutctl.ZephyrCtl object at 0x000001CE7D2B9F50>> start_wid=None stop_wid=None post_wid=None skip_call=None call_count=0 args=(False,) kwds={}
2025-01-05 00:34:15,985 LT1-thread root DEBUG client.py                 71    logger_log                : 5) class=<class 'autopts.ptsprojects.testcase.TestFunc'>, func=<function core_reg_svc_gap at 0x000001CE7BEB4540> start_wid=None stop_wid=None post_wid=None skip_call=None call_count=144 args=() kwds={}
2025-01-05 00:34:15,985 LT1-thread root DEBUG client.py                 71    logger_log                : 6) class=<class 'autopts.ptsprojects.testcase.TestFunc'>, func=<bound method Stack.gap_init of <autopts.ptsprojects.stack.stack.Stack object at 0x000001CE003A0450>> start_wid=None stop_wid=None post_wid=None skip_call=None call_count=144 args=(b'Tester_25DE2A', 'ABCD', '1111', '1111', '11', '1111', b'\x17github.com/auto-pts', (8, 'PADV_Tester'), 'FF') kwds={}
2025-01-05 00:34:15,985 LT1-thread root DEBUG client.py                 71    logger_log                : 7) class=<class 'autopts.ptsprojects.testcase.TestFunc'>, func=<function gap_read_ctrl_info at 0x000001CE7BEC4400> start_wid=None stop_wid=None post_wid=None skip_call=None call_count=144 args=() kwds={}
2025-01-05 00:34:15,985 LT1-thread root DEBUG client.py                 71    logger_log                : 8) class=<class 'autopts.ptsprojects.testcase.TestFunc'>, func=<function test_cases.<locals>.<lambda> at 0x000001CE006623E0> start_wid=None stop_wid=None post_wid=None skip_call=None call_count=144 args=() kwds={}
2025-01-05 00:34:15,985 LT1-thread root DEBUG client.py                 71    logger_log                : 9) class=<class 'autopts.ptsprojects.testcase.TestFunc'>, func=<function test_cases.<locals>.<lambda> at 0x000001CE00662480> start_wid=None stop_wid=None post_wid=None skip_call=None call_count=144 args=() kwds={}
2025-01-05 00:34:15,985 LT1-thread root DEBUG client.py                 71    logger_log                : 10) class=<class 'autopts.ptsprojects.testcase.TestFunc'>, func=<function test_cases.<locals>.<lambda> at 0x000001CE00662520> start_wid=None stop_wid=None post_wid=None skip_call=None call_count=144 args=() kwds={}
2025-01-05 00:34:15,985 LT1-thread root DEBUG client.py                 71    logger_log                : 11) class=<class 'autopts.ptsprojects.testcase.TestFunc'>, func=<function test_cases.<locals>.<lambda> at 0x000001CE006625C0> start_wid=None stop_wid=None post_wid=None skip_call=None call_count=144 args=() kwds={}
2025-01-05 00:34:15,985 LT1-thread root DEBUG client.py                 71    logger_log                : 12) class=<class 'autopts.ptsprojects.testcase.TestFunc'>, func=<function test_cases.<locals>.<lambda> at 0x000001CE00662660> start_wid=None stop_wid=None post_wid=None skip_call=None call_count=144 args=() kwds={}
2025-01-05 00:34:15,985 LT1-thread root DEBUG client.py                 71    logger_log                : 13) class=<class 'autopts.ptsprojects.testcase.TestFunc'>, func=<function test_cases.<locals>.<lambda> at 0x000001CE00662700> start_wid=None stop_wid=None post_wid=None skip_call=None call_count=144 args=() kwds={}
2025-01-05 00:34:15,985 LT1-thread root DEBUG client.py                 71    logger_log                : 14) class=<class 'autopts.ptsprojects.testcase.TestFunc'>, func=<function test_cases.<locals>.<lambda> at 0x000001CE006627A0> start_wid=None stop_wid=None post_wid=None skip_call=None call_count=144 args=() kwds={}
2025-01-05 00:34:15,985 LT1-thread root DEBUG client.py                 71    logger_log                : 15) class=<class 'autopts.ptsprojects.testcase.TestFunc'>, func=<function test_cases.<locals>.<lambda> at 0x000001CE00662840> start_wid=None stop_wid=None post_wid=None skip_call=None call_count=144 args=() kwds={}
2025-01-05 00:34:15,985 LT1-thread root DEBUG client.py                 71    logger_log                : 16) class=<class 'autopts.ptsprojects.testcase.TestFunc'>, func=<function test_cases.<locals>.<lambda> at 0x000001CE006628E0> start_wid=None stop_wid=None post_wid=None skip_call=None call_count=144 args=() kwds={}
2025-01-05 00:34:15,985 LT1-thread root DEBUG client.py                 71    logger_log                : 17) class=<class 'autopts.ptsprojects.testcase.TestFunc'>, func=<function test_cases.<locals>.<lambda> at 0x000001CE00662980> start_wid=None stop_wid=None post_wid=None skip_call=None call_count=144 args=() kwds={}
2025-01-05 00:34:15,985 LT1-thread root DEBUG client.py                 71    logger_log                : 18) class=<class 'autopts.ptsprojects.testcase.TestFunc'>, func=<function test_cases.<locals>.<lambda> at 0x000001CE00662A20> start_wid=None stop_wid=None post_wid=None skip_call=None call_count=144 args=() kwds={}
2025-01-05 00:34:15,985 LT1-thread root DEBUG client.py                 71    logger_log                : 19) class=<class 'autopts.ptsprojects.testcase.TestFunc'>, func=<function test_cases.<locals>.<lambda> at 0x000001CE00662AC0> start_wid=None stop_wid=None post_wid=None skip_call=None call_count=144 args=() kwds={}
2025-01-05 00:34:15,985 LT1-thread root DEBUG client.py                 71    logger_log                : 20) class=<class 'autopts.ptsprojects.testcase.TestFunc'>, func=<function core_reg_svc_gatt at 0x000001CE7BEB4680> start_wid=None stop_wid=None post_wid=None skip_call=None call_count=144 args=() kwds={}
2025-01-05 00:34:15,985 LT1-thread root DEBUG client.py                 71    logger_log                : 21) class=<class 'autopts.ptsprojects.testcase.TestFunc'>, func=<bound method Stack.gatt_init of <autopts.ptsprojects.stack.stack.Stack object at 0x000001CE003A0450>> start_wid=None stop_wid=None post_wid=None skip_call=None call_count=144 args=() kwds={}
2025-01-05 00:34:15,985 LT1-thread root DEBUG client.py                 71    logger_log                : 22) class=<class 'autopts.ptsprojects.testcase.TestFunc'>, func=<function gap_set_io_cap at 0x000001CE7BEB7920> start_wid=None stop_wid=None post_wid=None skip_call=None call_count=144 args=(4,) kwds={}
2025-01-05 00:34:15,985 LT1-thread root DEBUG client.py                 71    logger_log                : 23) class=<class 'autopts.ptsprojects.testcase.TestFunc'>, func=<function set_pts_addr at 0x000001CE7BEB40E0> start_wid=None stop_wid=None post_wid=None skip_call=None call_count=144 args=('C0:07:E8:25:DE:2A', 0) kwds={}
2025-01-05 00:34:15,985 LT1-thread root DEBUG client.py                 71    logger_log                : 24) class=<class 'autopts.ptsprojects.testcase.TestFunc'>, func=<function gatts_add_svc at 0x000001CE7BEC5DA0> start_wid=None stop_wid=None post_wid=None skip_call=None call_count=143 args=(0, 'AA51') kwds={}
2025-01-05 00:34:15,985 LT1-thread root DEBUG client.py                 71    logger_log                : 25) class=<class 'autopts.ptsprojects.testcase.TestFunc'>, func=<function gatts_add_char at 0x000001CE7BEC5EE0> start_wid=None stop_wid=None post_wid=None skip_call=None call_count=143 args=(0, 2, 17, 'AA52') kwds={}
2025-01-05 00:34:15,985 LT1-thread root DEBUG client.py                 71    logger_log                : 26) class=<class 'autopts.ptsprojects.testcase.TestFunc'>, func=<function gatts_set_val at 0x000001CE7BEC5F80> start_wid=None stop_wid=None post_wid=None skip_call=None call_count=143 args=(0, '01') kwds={}
2025-01-05 00:34:15,985 LT1-thread root DEBUG client.py                 71    logger_log                : 27) class=<class 'autopts.ptsprojects.testcase.TestFunc'>, func=<function gatts_add_char at 0x000001CE7BEC5EE0> start_wid=None stop_wid=None post_wid=None skip_call=None call_count=143 args=(0, 2, 5, 'AA53') kwds={}
2025-01-05 00:34:15,985 LT1-thread root DEBUG client.py                 71    logger_log                : 28) class=<class 'autopts.ptsprojects.testcase.TestFunc'>, func=<function gatts_set_val at 0x000001CE7BEC5F80> start_wid=None stop_wid=None post_wid=None skip_call=None call_count=143 args=(0, '02') kwds={}
2025-01-05 00:34:15,985 LT1-thread root DEBUG client.py                 71    logger_log                : 29) class=<class 'autopts.ptsprojects.testcase.TestFunc'>, func=<function gatts_add_char at 0x000001CE7BEC5EE0> start_wid=None stop_wid=None post_wid=None skip_call=None call_count=143 args=(0, 66, 3, 'AA54') kwds={}
2025-01-05 00:34:15,985 LT1-thread root DEBUG client.py                 71    logger_log                : 30) class=<class 'autopts.ptsprojects.testcase.TestFunc'>, func=<function gatts_set_val at 0x000001CE7BEC5F80> start_wid=None stop_wid=None post_wid=None skip_call=None call_count=143 args=(0, '03') kwds={}
2025-01-05 00:34:15,985 LT1-thread root DEBUG client.py                 71    logger_log                : 31) class=<class 'autopts.ptsprojects.testcase.TestFunc'>, func=<function gatts_add_char at 0x000001CE7BEC5EE0> start_wid=None stop_wid=None post_wid=None skip_call=None call_count=143 args=(0, 10, 48, 'AA55') kwds={}
2025-01-05 00:34:15,985 LT1-thread root DEBUG client.py                 71    logger_log                : 32) class=<class 'autopts.ptsprojects.testcase.TestFunc'>, func=<function gatts_set_val at 0x000001CE7BEC5F80> start_wid=None stop_wid=None post_wid=None skip_call=None call_count=143 args=(0, '04') kwds={}
2025-01-05 00:34:15,985 LT1-thread root DEBUG client.py                 71    logger_log                : 33) class=<class 'autopts.ptsprojects.testcase.TestFunc'>, func=<function gatts_start_server at 0x000001CE7BEC6200> start_wid=None stop_wid=None post_wid=None skip_call=None call_count=143 args=() kwds={}
2025-01-05 00:34:15,985 LT1-thread root DEBUG client.py                 71    logger_log                : 34) class=<class 'autopts.ptsprojects.testcase.TestFuncCleanUp'>, func=<bound method Stack.cleanup of <autopts.ptsprojects.stack.stack.Stack object at 0x000001CE003A0450>> start_wid=None stop_wid=None post_wid=None skip_call=None call_count=0 args=() kwds={}
2025-01-05 00:34:15,985 LT1-thread root DEBUG client.py                 71    logger_log                : 35) class=<class 'autopts.ptsprojects.testcase.TestFuncCleanUp'>, func=<bound method ZephyrCtl.stop of <autopts.ptsprojects.zephyr.iutctl.ZephyrCtl object at 0x000001CE7D2B9F50>> start_wid=None stop_wid=None post_wid=None skip_call=None call_count=0 args=() kwds={}
2025-01-05 00:34:15,985 LT1-thread root DEBUG client.py                 71    logger_log                : pre_run, run pre test case script
2025-01-05 00:34:16,005 LT1-thread root DEBUG client.py                 71    logger_log                : Starting test function: class=<class 'autopts.ptsprojects.testcase.TestFunc'>, func=<bound method Stack.core_init of <autopts.ptsprojects.stack.stack.Stack object at 0x000001CE003A0450>> start_wid=None stop_wid=None post_wid=None skip_call=None call_count=1 args=() kwds={}
2025-01-05 00:34:16,005 LT1-thread root DEBUG client.py                 71    logger_log                : Test function parameters: args=(), kwds={}
2025-01-05 00:34:16,005 LT1-thread root DEBUG client.py                 71    logger_log                : Starting test function: class=<class 'autopts.ptsprojects.testcase.TestFunc'>, func=<bound method ZephyrCtl.hw_reset of <autopts.ptsprojects.zephyr.iutctl.ZephyrCtl object at 0x000001CE7D2B9F50>> start_wid=None stop_wid=None post_wid=None skip_call=None call_count=1 args=() kwds={}
2025-01-05 00:34:16,005 LT1-thread root DEBUG client.py                 71    logger_log                : Test function parameters: args=(), kwds={}
2025-01-05 00:34:16,005 LT1-thread root DEBUG client.py                 71    logger_log                : Starting test function: class=<class 'autopts.ptsprojects.testcase.TestFunc'>, func=<bound method ZephyrCtl.start of <autopts.ptsprojects.zephyr.iutctl.ZephyrCtl object at 0x000001CE7D2B9F50>> start_wid=None stop_wid=None post_wid=None skip_call=None call_count=1 args=(<autopts.ptsprojects.zephyr.ztestcase.ZTestCase object at 0x000001CE00810410>,) kwds={}
2025-01-05 00:34:16,005 LT1-thread root DEBUG client.py                 71    logger_log                : Test function parameters: args=(<autopts.ptsprojects.zephyr.ztestcase.ZTestCase object at 0x000001CE00810410>,), kwds={}
2025-01-05 00:34:16,005 LT1-thread root DEBUG client.py                 71    logger_log                : <class 'autopts.ptsprojects.zephyr.iutctl.ZephyrCtl'>.start
2025-01-05 00:34:16,015 LT1-thread root DEBUG client.py                 71    logger_log                : <class 'autopts.ptsprojects.zephyr.iutctl.ZephyrCtl'>.flush_serial
2025-01-05 00:34:17,355 LT1-thread root DEBUG client.py                 71    logger_log                : Starting socat process: socat.exe -x -v tcp:10.192.253.135:51416,retry=100,interval=1 /dev/ttyS34,raw,b115200
2025-01-05 00:34:17,375 LT1-thread root DEBUG client.py                 71    logger_log                : accept
2025-01-05 00:34:17,565 BTPWorkerThread-12761 (_rx_task) root DEBUG client.py                 71    logger_log                : BTPWorkerThread-12761 (_rx_task) started
2025-01-05 00:34:17,565 LT1-thread root DEBUG client.py                 71    logger_log                : Starting test function: class=<class 'autopts.ptsprojects.testcase.TestFunc'>, func=<bound method ZephyrCtl.hw_reset of <autopts.ptsprojects.zephyr.iutctl.ZephyrCtl object at 0x000001CE7D2B9F50>> start_wid=None stop_wid=None post_wid=None skip_call=None call_count=1 args=() kwds={}
2025-01-05 00:34:17,565 LT1-thread root DEBUG client.py                 71    logger_log                : Test function parameters: args=(), kwds={}
2025-01-05 00:34:17,565 LT1-thread root DEBUG client.py                 71    logger_log                : Starting test function: class=<class 'autopts.ptsprojects.testcase.TestFunc'>, func=<bound method ZephyrCtl.wait_iut_ready_event of <autopts.ptsprojects.zephyr.iutctl.ZephyrCtl object at 0x000001CE7D2B9F50>> start_wid=None stop_wid=None post_wid=None skip_call=None call_count=1 args=(False,) kwds={}
2025-01-05 00:34:17,565 LT1-thread root DEBUG client.py                 71    logger_log                : Test function parameters: args=(False,), kwds={}
2025-01-05 00:34:17,565 LT1-thread root DEBUG client.py                 71    logger_log                : IUT ready event received OK
2025-01-05 00:34:17,565 LT1-thread root DEBUG client.py                 71    logger_log                : <class 'autopts.rtt.RTTLogger'>.start
2025-01-05 00:34:17,565 LT1-thread root DEBUG client.py                 71    logger_log                : <class 'autopts.rtt.RTT'>.start
2025-01-05 00:34:19,070 BTPWorkerThread-12761 (_rx_task) root DEBUG client.py                 71    logger_log                : Read 5 bytes
2025-01-05 00:34:19,071 BTPWorkerThread-12761 (_rx_task) root DEBUG client.py                 71    logger_log                : Received: hdr: Header(svc_id=0x00, op=0x80, ctrl_index=0xff, data_len=0x00) bytearray(b'\x00\x80\xff\x00\x00')
2025-01-05 00:34:19,071 BTPWorkerThread-12761 (_rx_task) root DEBUG client.py                 71    logger_log                : Received data: {''}, bytearray(b'')
2025-01-05 00:34:19,071 BTPWorkerThread-12761 (_rx_task) root DEBUG client.py                 71    logger_log                : event_handler Header(svc_id=0, op=128, ctrl_index=255, data_len=0) (b'',)
2025-01-05 00:34:19,071 BTPWorkerThread-12761 (_rx_task) root DEBUG client.py                 71    logger_log                : core_iut_ready_ev
2025-01-05 00:34:28,814 LT1-thread root DEBUG client.py                 71    logger_log                : Starting test function: class=<class 'autopts.ptsprojects.testcase.TestFunc'>, func=<function core_reg_svc_gap at 0x000001CE7BEB4540> start_wid=None stop_wid=None post_wid=None skip_call=None call_count=145 args=() kwds={}
2025-01-05 00:34:28,814 LT1-thread root DEBUG client.py                 71    logger_log                : Test function parameters: args=(), kwds={}
2025-01-05 00:34:28,814 LT1-thread root DEBUG client.py                 71    logger_log                : core_reg_svc_gap
2025-01-05 00:34:28,814 LT1-thread root DEBUG client.py                 71    logger_log                : send, 0 3 255 '1'
2025-01-05 00:34:28,814 LT1-thread root DEBUG client.py                 71    logger_log                : sending frame '0003ff010001'
2025-01-05 00:34:28,815 LT1-thread root DEBUG client.py                 71    logger_log                : core_reg_svc_rsp_succ
2025-01-05 00:34:28,815 LT1-thread root DEBUG client.py                 71    logger_log                : read
2025-01-05 00:34:28,913 BTPWorkerThread-12761 (_rx_task) root DEBUG client.py                 71    logger_log                : Read 5 bytes
2025-01-05 00:34:28,918 BTPWorkerThread-12761 (_rx_task) root DEBUG client.py                 71    logger_log                : Received: hdr: Header(svc_id=0x00, op=0x03, ctrl_index=0xff, data_len=0x00) bytearray(b'\x00\x03\xff\x00\x00')
2025-01-05 00:34:28,929 BTPWorkerThread-12761 (_rx_task) root DEBUG client.py                 71    logger_log                : Received data: {''}, bytearray(b'')
2025-01-05 00:34:28,940 LT1-thread root DEBUG client.py                 71    logger_log                : received Header(svc_id=0, op=3, ctrl_index=255, data_len=0) (b'',)
2025-01-05 00:34:28,940 LT1-thread root DEBUG client.py                 71    logger_log                : expected ((0, 3, 255, 0), (b'',))
2025-01-05 00:34:28,941 LT1-thread root DEBUG client.py                 71    logger_log                : response is valid
2025-01-05 00:34:28,941 LT1-thread root DEBUG client.py                 71    logger_log                : Starting test function: class=<class 'autopts.ptsprojects.testcase.TestFunc'>, func=<bound method Stack.gap_init of <autopts.ptsprojects.stack.stack.Stack object at 0x000001CE003A0450>> start_wid=None stop_wid=None post_wid=None skip_call=None call_count=145 args=(b'Tester_25DE2A', 'ABCD', '1111', '1111', '11', '1111', b'\x17github.com/auto-pts', (8, 'PADV_Tester'), 'FF') kwds={}
2025-01-05 00:34:28,941 LT1-thread root DEBUG client.py                 71    logger_log                : Test function parameters: args=(b'Tester_25DE2A', 'ABCD', '1111', '1111', '11', '1111', b'\x17github.com/auto-pts', (8, 'PADV_Tester'), 'FF'), kwds={}
2025-01-05 00:34:28,941 LT1-thread root DEBUG client.py                 71    logger_log                : Starting test function: class=<class 'autopts.ptsprojects.testcase.TestFunc'>, func=<function gap_read_ctrl_info at 0x000001CE7BEC4400> start_wid=None stop_wid=None post_wid=None skip_call=None call_count=145 args=() kwds={}
2025-01-05 00:34:28,941 LT1-thread root DEBUG client.py                 71    logger_log                : Test function parameters: args=(), kwds={}
2025-01-05 00:34:28,941 LT1-thread root DEBUG client.py                 71    logger_log                : gap_read_ctrl_info
2025-01-05 00:34:28,941 LT1-thread root DEBUG client.py                 71    logger_log                : send, 1 3 0 ''
2025-01-05 00:34:28,941 LT1-thread root DEBUG client.py                 71    logger_log                : sending frame '0103000000'
2025-01-05 00:34:28,942 LT1-thread root DEBUG client.py                 71    logger_log                : read
2025-01-05 00:34:29,866 BTPWorkerThread-12761 (_rx_task) root DEBUG client.py                 71    logger_log                : Read 5 bytes
2025-01-05 00:34:29,877 BTPWorkerThread-12761 (_rx_task) root DEBUG client.py                 71    logger_log                : Received: hdr: Header(svc_id=0x01, op=0x03, ctrl_index=0x00, data_len=0x115) bytearray(b'\x01\x03\x00\x15\x01')
2025-01-05 00:34:29,889 BTPWorkerThread-12761 (_rx_task) root DEBUG client.py                 71    logger_log                : Read 277 bytes data
2025-01-05 00:34:29,899 BTPWorkerThread-12761 (_rx_task) root DEBUG client.py                 71    logger_log                : Received data: {'c0 05 55 56 35 60 13 06 02 00 13 22 00 00 00 00 00 62 74 70 5f 74 65 73 74 65 72 00 00 00 00 00 00 00 00 00 00 00 00 00 00 00 00 00 00 00 00 00 00 00 00 00 00 00 00 00 00 00 00 00 00 00 00 00 00 00 00 00 00 00 00 00 00 00 00 00 00 00 00 00 00 00 00 00 00 00 00 00 00 00 00 00 00 00 00 00 00 00 00 00 00 00 00 00 00 00 00 00 00 00 00 00 00 00 00 00 00 00 00 00 00 00 00 00 00 00 00 00 00 00 00 00 00 00 00 00 00 00 00 00 00 00 00 00 00 00 00 00 00 00 00 00 00 00 00 00 00 00 00 00 00 00 00 00 00 00 00 00 00 00 00 00 00 00 00 00 00 00 00 00 00 00 00 00 00 00 00 00 00 00 00 00 00 00 00 00 00 00 00 00 00 00 00 00 00 00 00 00 00 00 00 00 00 00 00 00 00 00 00 00 00 00 00 00 00 00 00 00 00 00 00 00 00 00 00 00 00 00 00 00 00 00 00 00 00 00 00 00 00 00 00 00 00 00 00 00 00 00 00 00 00 00 00 00 00 00 00 00 00 00 00 00 00 00 00 00 00'}, bytearray(b'\xc0\x05UV5`\x13\x06\x02\x00\x13"\x00\x00\x00\x00\x00btp_tester\x00\x00\x00\x00\x00\x00\x00\x00\x00\x00\x00\x00\x00\x00\x00\x00\x00\x00\x00\x00\x00\x00\x00\x00\x00\x00\x00\x00\x00\x00\x00\x00\x00\x00\x00\x00\x00\x00\x00\x00\x00\x00\x00\x00\x00\x00\x00\x00\x00\x00\x00\x00\x00\x00\x00\x00\x00\x00\x00\x00\x00\x00\x00\x00\x00\x00\x00\x00\x00\x00\x00\x00\x00\x00\x00\x00\x00\x00\x00\x00\x00\x00\x00\x00\x00\x00\x00\x00\x00\x00\x00\x00\x00\x00\x00\x00\x00\x00\x00\x00\x00\x00\x00\x00\x00\x00\x00\x00\x00\x00\x00\x00\x00\x00\x00\x00\x00\x00\x00\x00\x00\x00\x00\x00\x00\x00\x00\x00\x00\x00\x00\x00\x00\x00\x00\x00\x00\x00\x00\x00\x00\x00\x00\x00\x00\x00\x00\x00\x00\x00\x00\x00\x00\x00\x00\x00\x00\x00\x00\x00\x00\x00\x00\x00\x00\x00\x00\x00\x00\x00\x00\x00\x00\x00\x00\x00\x00\x00\x00\x00\x00\x00\x00\x00\x00\x00\x00\x00\x00\x00\x00\x00\x00\x00\x00\x00\x00\x00\x00\x00\x00\x00\x00\x00\x00\x00\x00\x00\x00\x00\x00\x00\x00\x00\x00\x00\x00\x00\x00\x00\x00\x00\x00\x00\x00\x00\x00\x00\x00\x00\x00\x00\x00\x00\x00\x00\x00\x00\x00\x00\x00\x00\x00\x00\x00\x00\x00\x00\x00\x00')
2025-01-05 00:34:29,915 LT1-thread root DEBUG client.py                 71    logger_log                : received Header(svc_id=1, op=3, ctrl_index=0, data_len=277) (b'\xc0\x05UV5`\x13\x06\x02\x00\x13"\x00\x00\x00\x00\x00btp_tester\x00\x00\x00\x00\x00\x00\x00\x00\x00\x00\x00\x00\x00\x00\x00\x00\x00\x00\x00\x00\x00\x00\x00\x00\x00\x00\x00\x00\x00\x00\x00\x00\x00\x00\x00\x00\x00\x00\x00\x00\x00\x00\x00\x00\x00\x00\x00\x00\x00\x00\x00\x00\x00\x00\x00\x00\x00\x00\x00\x00\x00\x00\x00\x00\x00\x00\x00\x00\x00\x00\x00\x00\x00\x00\x00\x00\x00\x00\x00\x00\x00\x00\x00\x00\x00\x00\x00\x00\x00\x00\x00\x00\x00\x00\x00\x00\x00\x00\x00\x00\x00\x00\x00\x00\x00\x00\x00\x00\x00\x00\x00\x00\x00\x00\x00\x00\x00\x00\x00\x00\x00\x00\x00\x00\x00\x00\x00\x00\x00\x00\x00\x00\x00\x00\x00\x00\x00\x00\x00\x00\x00\x00\x00\x00\x00\x00\x00\x00\x00\x00\x00\x00\x00\x00\x00\x00\x00\x00\x00\x00\x00\x00\x00\x00\x00\x00\x00\x00\x00\x00\x00\x00\x00\x00\x00\x00\x00\x00\x00\x00\x00\x00\x00\x00\x00\x00\x00\x00\x00\x00\x00\x00\x00\x00\x00\x00\x00\x00\x00\x00\x00\x00\x00\x00\x00\x00\x00\x00\x00\x00\x00\x00\x00\x00\x00\x00\x00\x00\x00\x00\x00\x00\x00\x00\x00\x00\x00\x00\x00\x00\x00\x00\x00\x00\x00\x00\x00\x00\x00\x00\x00\x00\x00\x00\x00\x00\x00\x00\x00\x00',)
2025-01-05 00:34:29,915 LT1-thread root DEBUG client.py                 71    logger_log                : IUT address '6035565505c0' 'random'
2025-01-05 00:34:29,915 LT1-thread root DEBUG client.py                 71    logger_log                : __gap_current_settings_update 8723
2025-01-05 00:34:29,916 LT1-thread root DEBUG client.py                 71    logger_log                : Starting test function: class=<class 'autopts.ptsprojects.testcase.TestFunc'>, func=<function test_cases.<locals>.<lambda> at 0x000001CE006623E0> start_wid=None stop_wid=None post_wid=None skip_call=None call_count=145 args=() kwds={}
2025-01-05 00:34:29,916 LT1-thread root DEBUG client.py                 71    logger_log                : Test function parameters: args=(), kwds={}
2025-01-05 00:34:29,936 LT1-thread root DEBUG client.py                 71    logger_log                : Starting test function: class=<class 'autopts.ptsprojects.testcase.TestFunc'>, func=<function test_cases.<locals>.<lambda> at 0x000001CE00662480> start_wid=None stop_wid=None post_wid=None skip_call=None call_count=145 args=() kwds={}
2025-01-05 00:34:29,936 LT1-thread root DEBUG client.py                 71    logger_log                : Test function parameters: args=(), kwds={}
2025-01-05 00:34:29,952 LT1-thread root DEBUG client.py                 71    logger_log                : Starting test function: class=<class 'autopts.ptsprojects.testcase.TestFunc'>, func=<function test_cases.<locals>.<lambda> at 0x000001CE00662520> start_wid=None stop_wid=None post_wid=None skip_call=None call_count=145 args=() kwds={}
2025-01-05 00:34:29,952 LT1-thread root DEBUG client.py                 71    logger_log                : Test function parameters: args=(), kwds={}
2025-01-05 00:34:29,967 LT1-thread root DEBUG client.py                 71    logger_log                : Starting test function: class=<class 'autopts.ptsprojects.testcase.TestFunc'>, func=<function test_cases.<locals>.<lambda> at 0x000001CE006625C0> start_wid=None stop_wid=None post_wid=None skip_call=None call_count=145 args=() kwds={}
2025-01-05 00:34:29,967 LT1-thread root DEBUG client.py                 71    logger_log                : Test function parameters: args=(), kwds={}
2025-01-05 00:34:29,984 LT1-thread root DEBUG client.py                 71    logger_log                : Starting test function: class=<class 'autopts.ptsprojects.testcase.TestFunc'>, func=<function test_cases.<locals>.<lambda> at 0x000001CE00662660> start_wid=None stop_wid=None post_wid=None skip_call=None call_count=145 args=() kwds={}
2025-01-05 00:34:29,984 LT1-thread root DEBUG client.py                 71    logger_log                : Test function parameters: args=(), kwds={}
2025-01-05 00:34:30,000 LT1-thread root DEBUG client.py                 71    logger_log                : Starting test function: class=<class 'autopts.ptsprojects.testcase.TestFunc'>, func=<function test_cases.<locals>.<lambda> at 0x000001CE00662700> start_wid=None stop_wid=None post_wid=None skip_call=None call_count=145 args=() kwds={}
2025-01-05 00:34:30,000 LT1-thread root DEBUG client.py                 71    logger_log                : Test function parameters: args=(), kwds={}
2025-01-05 00:34:30,016 LT1-thread root DEBUG client.py                 71    logger_log                : Starting test function: class=<class 'autopts.ptsprojects.testcase.TestFunc'>, func=<function test_cases.<locals>.<lambda> at 0x000001CE006627A0> start_wid=None stop_wid=None post_wid=None skip_call=None call_count=145 args=() kwds={}
2025-01-05 00:34:30,016 LT1-thread root DEBUG client.py                 71    logger_log                : Test function parameters: args=(), kwds={}
2025-01-05 00:34:30,032 LT1-thread root DEBUG client.py                 71    logger_log                : Starting test function: class=<class 'autopts.ptsprojects.testcase.TestFunc'>, func=<function test_cases.<locals>.<lambda> at 0x000001CE00662840> start_wid=None stop_wid=None post_wid=None skip_call=None call_count=145 args=() kwds={}
2025-01-05 00:34:30,032 LT1-thread root DEBUG client.py                 71    logger_log                : Test function parameters: args=(), kwds={}
2025-01-05 00:34:30,048 LT1-thread root DEBUG client.py                 71    logger_log                : Starting test function: class=<class 'autopts.ptsprojects.testcase.TestFunc'>, func=<function test_cases.<locals>.<lambda> at 0x000001CE006628E0> start_wid=None stop_wid=None post_wid=None skip_call=None call_count=145 args=() kwds={}
2025-01-05 00:34:30,048 LT1-thread root DEBUG client.py                 71    logger_log                : Test function parameters: args=(), kwds={}
2025-01-05 00:34:30,065 LT1-thread root DEBUG client.py                 71    logger_log                : Starting test function: class=<class 'autopts.ptsprojects.testcase.TestFunc'>, func=<function test_cases.<locals>.<lambda> at 0x000001CE00662980> start_wid=None stop_wid=None post_wid=None skip_call=None call_count=145 args=() kwds={}
2025-01-05 00:34:30,065 LT1-thread root DEBUG client.py                 71    logger_log                : Test function parameters: args=(), kwds={}
2025-01-05 00:34:30,083 LT1-thread root DEBUG client.py                 71    logger_log                : Starting test function: class=<class 'autopts.ptsprojects.testcase.TestFunc'>, func=<function test_cases.<locals>.<lambda> at 0x000001CE00662A20> start_wid=None stop_wid=None post_wid=None skip_call=None call_count=145 args=() kwds={}
2025-01-05 00:34:30,084 LT1-thread root DEBUG client.py                 71    logger_log                : Test function parameters: args=(), kwds={}
2025-01-05 00:34:30,100 LT1-thread root DEBUG client.py                 71    logger_log                : Starting test function: class=<class 'autopts.ptsprojects.testcase.TestFunc'>, func=<function test_cases.<locals>.<lambda> at 0x000001CE00662AC0> start_wid=None stop_wid=None post_wid=None skip_call=None call_count=145 args=() kwds={}
2025-01-05 00:34:30,101 LT1-thread root DEBUG client.py                 71    logger_log                : Test function parameters: args=(), kwds={}
2025-01-05 00:34:30,117 LT1-thread root DEBUG client.py                 71    logger_log                : Starting test function: class=<class 'autopts.ptsprojects.testcase.TestFunc'>, func=<function core_reg_svc_gatt at 0x000001CE7BEB4680> start_wid=None stop_wid=None post_wid=None skip_call=None call_count=145 args=() kwds={}
2025-01-05 00:34:30,117 LT1-thread root DEBUG client.py                 71    logger_log                : Test function parameters: args=(), kwds={}
2025-01-05 00:34:30,117 LT1-thread root DEBUG client.py                 71    logger_log                : core_reg_svc_gatt
2025-01-05 00:34:30,117 LT1-thread root DEBUG client.py                 71    logger_log                : send, 0 3 255 '2'
2025-01-05 00:34:30,117 LT1-thread root DEBUG client.py                 71    logger_log                : sending frame '0003ff010002'
2025-01-05 00:34:30,118 LT1-thread root DEBUG client.py                 71    logger_log                : core_reg_svc_rsp_succ
2025-01-05 00:34:30,118 LT1-thread root DEBUG client.py                 71    logger_log                : read
2025-01-05 00:34:30,201 BTPWorkerThread-12761 (_rx_task) root DEBUG client.py                 71    logger_log                : Read 5 bytes
2025-01-05 00:34:30,212 BTPWorkerThread-12761 (_rx_task) root DEBUG client.py                 71    logger_log                : Received: hdr: Header(svc_id=0x00, op=0x03, ctrl_index=0xff, data_len=0x00) bytearray(b'\x00\x03\xff\x00\x00')
2025-01-05 00:34:30,223 BTPWorkerThread-12761 (_rx_task) root DEBUG client.py                 71    logger_log                : Received data: {''}, bytearray(b'')
2025-01-05 00:34:30,239 LT1-thread root DEBUG client.py                 71    logger_log                : received Header(svc_id=0, op=3, ctrl_index=255, data_len=0) (b'',)
2025-01-05 00:34:30,239 LT1-thread root DEBUG client.py                 71    logger_log                : expected ((0, 3, 255, 0), (b'',))
2025-01-05 00:34:30,239 LT1-thread root DEBUG client.py                 71    logger_log                : response is valid
2025-01-05 00:34:30,240 LT1-thread root DEBUG client.py                 71    logger_log                : Starting test function: class=<class 'autopts.ptsprojects.testcase.TestFunc'>, func=<bound method Stack.gatt_init of <autopts.ptsprojects.stack.stack.Stack object at 0x000001CE003A0450>> start_wid=None stop_wid=None post_wid=None skip_call=None call_count=145 args=() kwds={}
2025-01-05 00:34:30,240 LT1-thread root DEBUG client.py                 71    logger_log                : Test function parameters: args=(), kwds={}
2025-01-05 00:34:30,240 LT1-thread root DEBUG client.py                 71    logger_log                : Starting test function: class=<class 'autopts.ptsprojects.testcase.TestFunc'>, func=<function gap_set_io_cap at 0x000001CE7BEB7920> start_wid=None stop_wid=None post_wid=None skip_call=None call_count=145 args=(4,) kwds={}
2025-01-05 00:34:30,240 LT1-thread root DEBUG client.py                 71    logger_log                : Test function parameters: args=(4,), kwds={}
2025-01-05 00:34:30,240 LT1-thread root DEBUG client.py                 71    logger_log                : gap_set_io_cap 4
2025-01-05 00:34:30,241 LT1-thread root DEBUG client.py                 71    logger_log                : send, 1 16 0 '\x04'
2025-01-05 00:34:30,241 LT1-thread root DEBUG client.py                 71    logger_log                : sending frame '011000010004'
2025-01-05 00:34:30,241 LT1-thread root DEBUG client.py                 71    logger_log                : gap_command_rsp_succ
2025-01-05 00:34:30,241 LT1-thread root DEBUG client.py                 71    logger_log                : read
2025-01-05 00:34:30,298 BTPWorkerThread-12761 (_rx_task) root DEBUG client.py                 71    logger_log                : Read 5 bytes
2025-01-05 00:34:30,310 BTPWorkerThread-12761 (_rx_task) root DEBUG client.py                 71    logger_log                : Received: hdr: Header(svc_id=0x01, op=0x10, ctrl_index=0x00, data_len=0x00) bytearray(b'\x01\x10\x00\x00\x00')
2025-01-05 00:34:30,326 BTPWorkerThread-12761 (_rx_task) root DEBUG client.py                 71    logger_log                : Received data: {''}, bytearray(b'')
2025-01-05 00:34:30,343 LT1-thread root DEBUG client.py                 71    logger_log                : received Header(svc_id=1, op=16, ctrl_index=0, data_len=0) (b'',)
2025-01-05 00:34:30,343 LT1-thread root DEBUG client.py                 71    logger_log                : Starting test function: class=<class 'autopts.ptsprojects.testcase.TestFunc'>, func=<function set_pts_addr at 0x000001CE7BEB40E0> start_wid=None stop_wid=None post_wid=None skip_call=None call_count=145 args=('C0:07:E8:25:DE:2A', 0) kwds={}
2025-01-05 00:34:30,343 LT1-thread root DEBUG client.py                 71    logger_log                : Test function parameters: args=('C0:07:E8:25:DE:2A', 0), kwds={}
2025-01-05 00:34:30,343 LT1-thread root DEBUG client.py                 71    logger_log                : Starting test function: class=<class 'autopts.ptsprojects.testcase.TestFunc'>, func=<function gatts_add_svc at 0x000001CE7BEC5DA0> start_wid=None stop_wid=None post_wid=None skip_call=None call_count=144 args=(0, 'AA51') kwds={}
2025-01-05 00:34:30,344 LT1-thread root DEBUG client.py                 71    logger_log                : Test function parameters: args=(0, 'AA51'), kwds={}
2025-01-05 00:34:30,344 LT1-thread root DEBUG client.py                 71    logger_log                : gatts_add_svc 0 'AA51'
2025-01-05 00:34:30,344 LT1-thread root DEBUG client.py                 71    logger_log                : send, 2 2 0 "bytearray(b'\\x00\\x02\\xaaQ')"
2025-01-05 00:34:30,344 LT1-thread root DEBUG client.py                 71    logger_log                : sending frame '02020004000002aa51'
2025-01-05 00:34:30,344 LT1-thread root DEBUG client.py                 71    logger_log                : gatt_command_rsp_succ
2025-01-05 00:34:30,345 LT1-thread root DEBUG client.py                 71    logger_log                : read
2025-01-05 00:34:30,392 BTPWorkerThread-12761 (_rx_task) root DEBUG client.py                 71    logger_log                : Read 5 bytes
2025-01-05 00:34:30,403 BTPWorkerThread-12761 (_rx_task) root DEBUG client.py                 71    logger_log                : Received: hdr: Header(svc_id=0x02, op=0x02, ctrl_index=0x00, data_len=0x02) bytearray(b'\x02\x02\x00\x02\x00')
2025-01-05 00:34:30,420 BTPWorkerThread-12761 (_rx_task) root DEBUG client.py                 71    logger_log                : Read 2 bytes data
2025-01-05 00:34:30,435 BTPWorkerThread-12761 (_rx_task) root DEBUG client.py                 71    logger_log                : Received data: {'00 00'}, bytearray(b'\x00\x00')
2025-01-05 00:34:30,451 LT1-thread root DEBUG client.py                 71    logger_log                : received Header(svc_id=2, op=2, ctrl_index=0, data_len=2) (b'\x00\x00',)
2025-01-05 00:34:30,451 LT1-thread root DEBUG client.py                 71    logger_log                : Starting test function: class=<class 'autopts.ptsprojects.testcase.TestFunc'>, func=<function gatts_add_char at 0x000001CE7BEC5EE0> start_wid=None stop_wid=None post_wid=None skip_call=None call_count=144 args=(0, 2, 17, 'AA52') kwds={}
2025-01-05 00:34:30,451 LT1-thread root DEBUG client.py                 71    logger_log                : Test function parameters: args=(0, 2, 17, 'AA52'), kwds={}
2025-01-05 00:34:30,452 LT1-thread root DEBUG client.py                 71    logger_log                : gatts_add_char 0 2 17 'AA52'
2025-01-05 00:34:30,452 LT1-thread root DEBUG client.py                 71    logger_log                : send, 2 3 0 "bytearray(b'\\x00\\x00\\x02\\x11\\x02\\xaaR')"
2025-01-05 00:34:30,452 LT1-thread root DEBUG client.py                 71    logger_log                : sending frame '02030007000000021102aa52'
2025-01-05 00:34:30,452 LT1-thread root DEBUG client.py                 71    logger_log                : gatt_command_rsp_succ
2025-01-05 00:34:30,452 LT1-thread root DEBUG client.py                 71    logger_log                : read
2025-01-05 00:34:30,509 BTPWorkerThread-12761 (_rx_task) root DEBUG client.py                 71    logger_log                : Read 5 bytes
2025-01-05 00:34:30,520 BTPWorkerThread-12761 (_rx_task) root DEBUG client.py                 71    logger_log                : Received: hdr: Header(svc_id=0x02, op=0x03, ctrl_index=0x00, data_len=0x02) bytearray(b'\x02\x03\x00\x02\x00')
2025-01-05 00:34:30,546 BTPWorkerThread-12761 (_rx_task) root DEBUG client.py                 71    logger_log                : Read 2 bytes data
2025-01-05 00:34:30,557 BTPWorkerThread-12761 (_rx_task) root DEBUG client.py                 71    logger_log                : Received data: {'00 00'}, bytearray(b'\x00\x00')
2025-01-05 00:34:30,580 LT1-thread root DEBUG client.py                 71    logger_log                : received Header(svc_id=2, op=3, ctrl_index=0, data_len=2) (b'\x00\x00',)
2025-01-05 00:34:30,580 LT1-thread root DEBUG client.py                 71    logger_log                : Starting test function: class=<class 'autopts.ptsprojects.testcase.TestFunc'>, func=<function gatts_set_val at 0x000001CE7BEC5F80> start_wid=None stop_wid=None post_wid=None skip_call=None call_count=144 args=(0, '01') kwds={}
2025-01-05 00:34:30,580 LT1-thread root DEBUG client.py                 71    logger_log                : Test function parameters: args=(0, '01'), kwds={}
2025-01-05 00:34:30,581 LT1-thread root DEBUG client.py                 71    logger_log                : gatts_set_val 0 '01' 
2025-01-05 00:34:30,581 LT1-thread root DEBUG client.py                 71    logger_log                : send, 2 6 0 "bytearray(b'\\x00\\x00\\x01\\x00\\x01')"
2025-01-05 00:34:30,581 LT1-thread root DEBUG client.py                 71    logger_log                : sending frame '02060005000000010001'
2025-01-05 00:34:30,581 LT1-thread root DEBUG client.py                 71    logger_log                : gatt_command_rsp_succ
2025-01-05 00:34:30,582 LT1-thread root DEBUG client.py                 71    logger_log                : read
2025-01-05 00:34:30,646 BTPWorkerThread-12761 (_rx_task) root DEBUG client.py                 71    logger_log                : Read 5 bytes
2025-01-05 00:34:30,670 BTPWorkerThread-12761 (_rx_task) root DEBUG client.py                 71    logger_log                : Received: hdr: Header(svc_id=0x02, op=0x06, ctrl_index=0x00, data_len=0x00) bytearray(b'\x02\x06\x00\x00\x00')
2025-01-05 00:34:30,686 BTPWorkerThread-12761 (_rx_task) root DEBUG client.py                 71    logger_log                : Received data: {''}, bytearray(b'')
2025-01-05 00:34:30,703 LT1-thread root DEBUG client.py                 71    logger_log                : received Header(svc_id=2, op=6, ctrl_index=0, data_len=0) (b'',)
2025-01-05 00:34:30,703 LT1-thread root DEBUG client.py                 71    logger_log                : Starting test function: class=<class 'autopts.ptsprojects.testcase.TestFunc'>, func=<function gatts_add_char at 0x000001CE7BEC5EE0> start_wid=None stop_wid=None post_wid=None skip_call=None call_count=144 args=(0, 2, 5, 'AA53') kwds={}
2025-01-05 00:34:30,703 LT1-thread root DEBUG client.py                 71    logger_log                : Test function parameters: args=(0, 2, 5, 'AA53'), kwds={}
2025-01-05 00:34:30,703 LT1-thread root DEBUG client.py                 71    logger_log                : gatts_add_char 0 2 5 'AA53'
2025-01-05 00:34:30,704 LT1-thread root DEBUG client.py                 71    logger_log                : send, 2 3 0 "bytearray(b'\\x00\\x00\\x02\\x05\\x02\\xaaS')"
2025-01-05 00:34:30,704 LT1-thread root DEBUG client.py                 71    logger_log                : sending frame '02030007000000020502aa53'
2025-01-05 00:34:30,704 LT1-thread root DEBUG client.py                 71    logger_log                : gatt_command_rsp_succ
2025-01-05 00:34:30,704 LT1-thread root DEBUG client.py                 71    logger_log                : read
2025-01-05 00:34:30,760 BTPWorkerThread-12761 (_rx_task) root DEBUG client.py                 71    logger_log                : Read 5 bytes
2025-01-05 00:34:30,765 BTPWorkerThread-12761 (_rx_task) root DEBUG client.py                 71    logger_log                : Received: hdr: Header(svc_id=0x02, op=0x03, ctrl_index=0x00, data_len=0x02) bytearray(b'\x02\x03\x00\x02\x00')
2025-01-05 00:34:30,771 BTPWorkerThread-12761 (_rx_task) root DEBUG client.py                 71    logger_log                : Read 2 bytes data
2025-01-05 00:34:30,782 BTPWorkerThread-12761 (_rx_task) root DEBUG client.py                 71    logger_log                : Received data: {'00 00'}, bytearray(b'\x00\x00')
2025-01-05 00:34:30,782 LT1-thread root DEBUG client.py                 71    logger_log                : received Header(svc_id=2, op=3, ctrl_index=0, data_len=2) (b'\x00\x00',)
2025-01-05 00:34:30,783 LT1-thread root DEBUG client.py                 71    logger_log                : Starting test function: class=<class 'autopts.ptsprojects.testcase.TestFunc'>, func=<function gatts_set_val at 0x000001CE7BEC5F80> start_wid=None stop_wid=None post_wid=None skip_call=None call_count=144 args=(0, '02') kwds={}
2025-01-05 00:34:30,783 LT1-thread root DEBUG client.py                 71    logger_log                : Test function parameters: args=(0, '02'), kwds={}
2025-01-05 00:34:30,783 LT1-thread root DEBUG client.py                 71    logger_log                : gatts_set_val 0 '02' 
2025-01-05 00:34:30,783 LT1-thread root DEBUG client.py                 71    logger_log                : send, 2 6 0 "bytearray(b'\\x00\\x00\\x01\\x00\\x02')"
2025-01-05 00:34:30,783 LT1-thread root DEBUG client.py                 71    logger_log                : sending frame '02060005000000010002'
2025-01-05 00:34:30,784 LT1-thread root DEBUG client.py                 71    logger_log                : gatt_command_rsp_succ
2025-01-05 00:34:30,784 LT1-thread root DEBUG client.py                 71    logger_log                : read
2025-01-05 00:34:30,848 BTPWorkerThread-12761 (_rx_task) root DEBUG client.py                 71    logger_log                : Read 5 bytes
2025-01-05 00:34:30,848 BTPWorkerThread-12761 (_rx_task) root DEBUG client.py                 71    logger_log                : Received: hdr: Header(svc_id=0x02, op=0x06, ctrl_index=0x00, data_len=0x00) bytearray(b'\x02\x06\x00\x00\x00')
2025-01-05 00:34:30,848 BTPWorkerThread-12761 (_rx_task) root DEBUG client.py                 71    logger_log                : Received data: {''}, bytearray(b'')
2025-01-05 00:34:30,849 LT1-thread root DEBUG client.py                 71    logger_log                : received Header(svc_id=2, op=6, ctrl_index=0, data_len=0) (b'',)
2025-01-05 00:34:30,849 LT1-thread root DEBUG client.py                 71    logger_log                : Starting test function: class=<class 'autopts.ptsprojects.testcase.TestFunc'>, func=<function gatts_add_char at 0x000001CE7BEC5EE0> start_wid=None stop_wid=None post_wid=None skip_call=None call_count=144 args=(0, 66, 3, 'AA54') kwds={}
2025-01-05 00:34:30,849 LT1-thread root DEBUG client.py                 71    logger_log                : Test function parameters: args=(0, 66, 3, 'AA54'), kwds={}
2025-01-05 00:34:30,849 LT1-thread root DEBUG client.py                 71    logger_log                : gatts_add_char 0 66 3 'AA54'
2025-01-05 00:34:30,850 LT1-thread root DEBUG client.py                 71    logger_log                : send, 2 3 0 "bytearray(b'\\x00\\x00B\\x03\\x02\\xaaT')"
2025-01-05 00:34:30,850 LT1-thread root DEBUG client.py                 71    logger_log                : sending frame '02030007000000420302aa54'
2025-01-05 00:34:30,850 LT1-thread root DEBUG client.py                 71    logger_log                : gatt_command_rsp_succ
2025-01-05 00:34:30,850 LT1-thread root DEBUG client.py                 71    logger_log                : read
2025-01-05 00:34:30,898 BTPWorkerThread-12761 (_rx_task) root DEBUG client.py                 71    logger_log                : Read 5 bytes
2025-01-05 00:34:30,909 BTPWorkerThread-12761 (_rx_task) root DEBUG client.py                 71    logger_log                : Received: hdr: Header(svc_id=0x02, op=0x03, ctrl_index=0x00, data_len=0x02) bytearray(b'\x02\x03\x00\x02\x00')
2025-01-05 00:34:30,932 BTPWorkerThread-12761 (_rx_task) root DEBUG client.py                 71    logger_log                : Read 2 bytes data
2025-01-05 00:34:30,942 BTPWorkerThread-12761 (_rx_task) root DEBUG client.py                 71    logger_log                : Received data: {'00 00'}, bytearray(b'\x00\x00')
2025-01-05 00:34:30,959 LT1-thread root DEBUG client.py                 71    logger_log                : received Header(svc_id=2, op=3, ctrl_index=0, data_len=2) (b'\x00\x00',)
2025-01-05 00:34:30,959 LT1-thread root DEBUG client.py                 71    logger_log                : Starting test function: class=<class 'autopts.ptsprojects.testcase.TestFunc'>, func=<function gatts_set_val at 0x000001CE7BEC5F80> start_wid=None stop_wid=None post_wid=None skip_call=None call_count=144 args=(0, '03') kwds={}
2025-01-05 00:34:30,959 LT1-thread root DEBUG client.py                 71    logger_log                : Test function parameters: args=(0, '03'), kwds={}
2025-01-05 00:34:30,959 LT1-thread root DEBUG client.py                 71    logger_log                : gatts_set_val 0 '03' 
2025-01-05 00:34:30,959 LT1-thread root DEBUG client.py                 71    logger_log                : send, 2 6 0 "bytearray(b'\\x00\\x00\\x01\\x00\\x03')"
2025-01-05 00:34:30,960 LT1-thread root DEBUG client.py                 71    logger_log                : sending frame '02060005000000010003'
2025-01-05 00:34:30,960 LT1-thread root DEBUG client.py                 71    logger_log                : gatt_command_rsp_succ
2025-01-05 00:34:30,960 LT1-thread root DEBUG client.py                 71    logger_log                : read
2025-01-05 00:34:31,022 BTPWorkerThread-12761 (_rx_task) root DEBUG client.py                 71    logger_log                : Read 5 bytes
2025-01-05 00:34:31,034 BTPWorkerThread-12761 (_rx_task) root DEBUG client.py                 71    logger_log                : Received: hdr: Header(svc_id=0x02, op=0x06, ctrl_index=0x00, data_len=0x00) bytearray(b'\x02\x06\x00\x00\x00')
2025-01-05 00:34:31,051 BTPWorkerThread-12761 (_rx_task) root DEBUG client.py                 71    logger_log                : Received data: {''}, bytearray(b'')
2025-01-05 00:34:31,067 LT1-thread root DEBUG client.py                 71    logger_log                : received Header(svc_id=2, op=6, ctrl_index=0, data_len=0) (b'',)
2025-01-05 00:34:31,067 LT1-thread root DEBUG client.py                 71    logger_log                : Starting test function: class=<class 'autopts.ptsprojects.testcase.TestFunc'>, func=<function gatts_add_char at 0x000001CE7BEC5EE0> start_wid=None stop_wid=None post_wid=None skip_call=None call_count=144 args=(0, 10, 48, 'AA55') kwds={}
2025-01-05 00:34:31,067 LT1-thread root DEBUG client.py                 71    logger_log                : Test function parameters: args=(0, 10, 48, 'AA55'), kwds={}
2025-01-05 00:34:31,067 LT1-thread root DEBUG client.py                 71    logger_log                : gatts_add_char 0 10 48 'AA55'
2025-01-05 00:34:31,068 LT1-thread root DEBUG client.py                 71    logger_log                : send, 2 3 0 "bytearray(b'\\x00\\x00\\n0\\x02\\xaaU')"
2025-01-05 00:34:31,068 LT1-thread root DEBUG client.py                 71    logger_log                : sending frame '020300070000000a3002aa55'
2025-01-05 00:34:31,068 LT1-thread root DEBUG client.py                 71    logger_log                : gatt_command_rsp_succ
2025-01-05 00:34:31,068 LT1-thread root DEBUG client.py                 71    logger_log                : read
2025-01-05 00:34:31,135 BTPWorkerThread-12761 (_rx_task) root DEBUG client.py                 71    logger_log                : Read 5 bytes
2025-01-05 00:34:31,158 BTPWorkerThread-12761 (_rx_task) root DEBUG client.py                 71    logger_log                : Received: hdr: Header(svc_id=0x02, op=0x03, ctrl_index=0x00, data_len=0x02) bytearray(b'\x02\x03\x00\x02\x00')
2025-01-05 00:34:31,179 BTPWorkerThread-12761 (_rx_task) root DEBUG client.py                 71    logger_log                : Read 2 bytes data
2025-01-05 00:34:31,190 BTPWorkerThread-12761 (_rx_task) root DEBUG client.py                 71    logger_log                : Received data: {'00 00'}, bytearray(b'\x00\x00')
2025-01-05 00:34:31,214 LT1-thread root DEBUG client.py                 71    logger_log                : received Header(svc_id=2, op=3, ctrl_index=0, data_len=2) (b'\x00\x00',)
2025-01-05 00:34:31,214 LT1-thread root DEBUG client.py                 71    logger_log                : Starting test function: class=<class 'autopts.ptsprojects.testcase.TestFunc'>, func=<function gatts_set_val at 0x000001CE7BEC5F80> start_wid=None stop_wid=None post_wid=None skip_call=None call_count=144 args=(0, '04') kwds={}
2025-01-05 00:34:31,214 LT1-thread root DEBUG client.py                 71    logger_log                : Test function parameters: args=(0, '04'), kwds={}
2025-01-05 00:34:31,214 LT1-thread root DEBUG client.py                 71    logger_log                : gatts_set_val 0 '04' 
2025-01-05 00:34:31,215 LT1-thread root DEBUG client.py                 71    logger_log                : send, 2 6 0 "bytearray(b'\\x00\\x00\\x01\\x00\\x04')"
2025-01-05 00:34:31,215 LT1-thread root DEBUG client.py                 71    logger_log                : sending frame '02060005000000010004'
2025-01-05 00:34:31,215 LT1-thread root DEBUG client.py                 71    logger_log                : gatt_command_rsp_succ
2025-01-05 00:34:31,215 LT1-thread root DEBUG client.py                 71    logger_log                : read
2025-01-05 00:34:31,271 BTPWorkerThread-12761 (_rx_task) root DEBUG client.py                 71    logger_log                : Read 5 bytes
2025-01-05 00:34:31,277 BTPWorkerThread-12761 (_rx_task) root DEBUG client.py                 71    logger_log                : Received: hdr: Header(svc_id=0x02, op=0x06, ctrl_index=0x00, data_len=0x00) bytearray(b'\x02\x06\x00\x00\x00')
2025-01-05 00:34:31,294 BTPWorkerThread-12761 (_rx_task) root DEBUG client.py                 71    logger_log                : Received data: {''}, bytearray(b'')
2025-01-05 00:34:31,311 LT1-thread root DEBUG client.py                 71    logger_log                : received Header(svc_id=2, op=6, ctrl_index=0, data_len=0) (b'',)
2025-01-05 00:34:31,311 LT1-thread root DEBUG client.py                 71    logger_log                : Starting test function: class=<class 'autopts.ptsprojects.testcase.TestFunc'>, func=<function gatts_start_server at 0x000001CE7BEC6200> start_wid=None stop_wid=None post_wid=None skip_call=None call_count=144 args=() kwds={}
2025-01-05 00:34:31,312 LT1-thread root DEBUG client.py                 71    logger_log                : Test function parameters: args=(), kwds={}
2025-01-05 00:34:31,312 LT1-thread root DEBUG client.py                 71    logger_log                : gatts_start_server
2025-01-05 00:34:31,312 LT1-thread root DEBUG client.py                 71    logger_log                : send, 2 7 0 ''
2025-01-05 00:34:31,312 LT1-thread root DEBUG client.py                 71    logger_log                : sending frame '0207000000'
2025-01-05 00:34:31,312 LT1-thread root DEBUG client.py                 71    logger_log                : gatt_command_rsp_succ
2025-01-05 00:34:31,313 LT1-thread root DEBUG client.py                 71    logger_log                : read
2025-01-05 00:34:31,358 BTPWorkerThread-12761 (_rx_task) root DEBUG client.py                 71    logger_log                : Read 5 bytes
2025-01-05 00:34:31,380 BTPWorkerThread-12761 (_rx_task) root DEBUG client.py                 71    logger_log                : Received: hdr: Header(svc_id=0x02, op=0x07, ctrl_index=0x00, data_len=0x03) bytearray(b'\x02\x07\x00\x03\x00')
2025-01-05 00:34:31,407 BTPWorkerThread-12761 (_rx_task) root DEBUG client.py                 71    logger_log                : Read 3 bytes data
2025-01-05 00:34:31,418 BTPWorkerThread-12761 (_rx_task) root DEBUG client.py                 71    logger_log                : Received data: {'00 00 00'}, bytearray(b'\x00\x00\x00')
2025-01-05 00:34:31,429 LT1-thread root DEBUG client.py                 71    logger_log                : received Header(svc_id=2, op=7, ctrl_index=0, data_len=3) (b'\x00\x00\x00',)
2025-01-05 00:34:31,432 LT1-thread root DEBUG client.py                 71    logger_log                : ClientCallback.get_result run_test_case
2025-01-05 00:34:34,893 LT1-callback ClientCallback.on_implicit_send INFO client.py                 71    logger_log                : 
    ********************
    BEGIN OnImplicitSend:
    project_name: GAP
    wid: 91
    test_case_name: GAP/PRIV/CONN/BV-10-C
    description: Please send a connectable undirected advertising report.
    style: MMI_Style_Ok_Cancel2 0x11141
2025-01-05 00:34:34,893 LT1-callback ClientCallback.on_implicit_send INFO client.py                 71    logger_log                : Calling test cases on_implicit_send
2025-01-05 00:34:34,893 LT1-callback ClientCallback.on_implicit_send INFO client.py                 71    logger_log                : 
    on_implicit_send returned response: WAIT
    END OnImplicitSend
    ********************
2025-01-05 00:34:35,434 LT1-thread root DEBUG client.py                 71    logger_log                : GAP GAP/PRIV/CONN/BV-10-C on_implicit_send
2025-01-05 00:34:35,434 LT1-thread root DEBUG client.py                 71    logger_log                : gap_wid_hdl, 91, Please send a connectable undirected advertising report., GAP/PRIV/CONN/BV-10-C
2025-01-05 00:34:35,434 LT1-thread root DEBUG client.py                 71    logger_log                : gap_set_conn
2025-01-05 00:34:35,434 LT1-thread root DEBUG client.py                 71    logger_log                : gap_adv_ind_on {9: b'Tester_25DE2A'} None
2025-01-05 00:34:35,435 LT1-thread root DEBUG client.py                 71    logger_log                : send, 1 10 0 "bytearray(b'\\x0f\\x00\\t\\rTester_25DE2A\\xff\\xff\\xff\\xff\\x00')"
2025-01-05 00:34:35,435 LT1-thread root DEBUG client.py                 71    logger_log                : sending frame '010a0016000f00090d5465737465725f323544453241ffffffff00'
2025-01-05 00:34:35,435 LT1-thread root DEBUG client.py                 71    logger_log                : gap_command_rsp_succ
2025-01-05 00:34:35,435 LT1-thread root DEBUG client.py                 71    logger_log                : read
2025-01-05 00:34:35,483 BTPWorkerThread-12761 (_rx_task) root DEBUG client.py                 71    logger_log                : Read 5 bytes
2025-01-05 00:34:35,493 BTPWorkerThread-12761 (_rx_task) root DEBUG client.py                 71    logger_log                : Received: hdr: Header(svc_id=0x01, op=0x0a, ctrl_index=0x00, data_len=0x04) bytearray(b'\x01\n\x00\x04\x00')
2025-01-05 00:34:35,521 BTPWorkerThread-12761 (_rx_task) root DEBUG client.py                 71    logger_log                : Read 4 bytes data
2025-01-05 00:34:35,532 BTPWorkerThread-12761 (_rx_task) root DEBUG client.py                 71    logger_log                : Received data: {'13 26 00 00'}, bytearray(b'\x13&\x00\x00')
2025-01-05 00:34:35,549 LT1-thread root DEBUG client.py                 71    logger_log                : received Header(svc_id=1, op=10, ctrl_index=0, data_len=4) (b'\x13&\x00\x00',)
2025-01-05 00:34:35,549 LT1-thread root DEBUG client.py                 71    logger_log                : __gap_current_settings_update (b'\x13&\x00\x00',)
2025-01-05 00:34:35,549 LT1-thread root DEBUG client.py                 71    logger_log                : Sending response 'OK' to wid 91 test case GAP/PRIV/CONN/BV-10-C
2025-01-05 00:34:35,553 LT1-thread root DEBUG client.py                 71    logger_log                : ClientCallback.get_result run_test_case
2025-01-05 00:34:36,457 BTPWorkerThread-12761 (_rx_task) root DEBUG client.py                 71    logger_log                : Read 5 bytes
2025-01-05 00:34:36,458 BTPWorkerThread-12761 (_rx_task) root DEBUG client.py                 71    logger_log                : Received: hdr: Header(svc_id=0x01, op=0x82, ctrl_index=0x00, data_len=0x0d) bytearray(b'\x01\x82\x00\r\x00')
2025-01-05 00:34:36,458 BTPWorkerThread-12761 (_rx_task) root DEBUG client.py                 71    logger_log                : Read 13 bytes data
2025-01-05 00:34:36,458 BTPWorkerThread-12761 (_rx_task) root DEBUG client.py                 71    logger_log                : Received data: {'00 2a de 25 e8 07 c0 38 00 00 00 d0 07'}, bytearray(b'\x00*\xde%\xe8\x07\xc08\x00\x00\x00\xd0\x07')
2025-01-05 00:34:36,458 BTPWorkerThread-12761 (_rx_task) root DEBUG client.py                 71    logger_log                : event_handler Header(svc_id=1, op=130, ctrl_index=0, data_len=13) (b'\x00*\xde%\xe8\x07\xc08\x00\x00\x00\xd0\x07',)
2025-01-05 00:34:36,459 BTPWorkerThread-12761 (_rx_task) root DEBUG client.py                 71    logger_log                : gap_connected_ev_ b'\x00*\xde%\xe8\x07\xc08\x00\x00\x00\xd0\x07'
2025-01-05 00:34:36,459 BTPWorkerThread-12761 (_rx_task) root DEBUG client.py                 71    logger_log                : Read 5 bytes
2025-01-05 00:34:36,459 BTPWorkerThread-12761 (_rx_task) root DEBUG client.py                 71    logger_log                : Received: hdr: Header(svc_id=0x01, op=0x80, ctrl_index=0x00, data_len=0x04) bytearray(b'\x01\x80\x00\x04\x00')
2025-01-05 00:34:36,459 BTPWorkerThread-12761 (_rx_task) root DEBUG client.py                 71    logger_log                : Read 4 bytes data
2025-01-05 00:34:36,459 BTPWorkerThread-12761 (_rx_task) root DEBUG client.py                 71    logger_log                : Received data: {'13 22 00 00'}, bytearray(b'\x13"\x00\x00')
2025-01-05 00:34:36,459 BTPWorkerThread-12761 (_rx_task) root DEBUG client.py                 71    logger_log                : event_handler Header(svc_id=1, op=128, ctrl_index=0, data_len=4) (b'\x13"\x00\x00',)
2025-01-05 00:34:36,460 BTPWorkerThread-12761 (_rx_task) root DEBUG client.py                 71    logger_log                : gap_new_settings_ev_ b'\x13"\x00\x00'
2025-01-05 00:34:36,460 BTPWorkerThread-12761 (_rx_task) root DEBUG client.py                 71    logger_log                : __gap_current_settings_update 8723
2025-01-05 00:34:40,437 BTPWorkerThread-12761 (_rx_task) root DEBUG client.py                 71    logger_log                : Read 5 bytes
2025-01-05 00:34:40,437 BTPWorkerThread-12761 (_rx_task) root DEBUG client.py                 71    logger_log                : Received: hdr: Header(svc_id=0x01, op=0x89, ctrl_index=0x00, data_len=0x08) bytearray(b'\x01\x89\x00\x08\x00')
2025-01-05 00:34:40,437 BTPWorkerThread-12761 (_rx_task) root DEBUG client.py                 71    logger_log                : Read 8 bytes data
2025-01-05 00:34:40,437 BTPWorkerThread-12761 (_rx_task) root DEBUG client.py                 71    logger_log                : Received data: {'00 2a de 25 e8 07 c0 02'}, bytearray(b'\x00*\xde%\xe8\x07\xc0\x02')
2025-01-05 00:34:40,438 BTPWorkerThread-12761 (_rx_task) root DEBUG client.py                 71    logger_log                : event_handler Header(svc_id=1, op=137, ctrl_index=0, data_len=8) (b'\x00*\xde%\xe8\x07\xc0\x02',)
2025-01-05 00:34:40,438 BTPWorkerThread-12761 (_rx_task) root DEBUG client.py                 71    logger_log                : gap_sec_level_changed_ev_
2025-01-05 00:34:40,438 BTPWorkerThread-12761 (_rx_task) root DEBUG client.py                 71    logger_log                : received b'\x00*\xde%\xe8\x07\xc0\x02'
2025-01-05 00:34:40,438 BTPWorkerThread-12761 (_rx_task) root DEBUG client.py                 71    logger_log                : received (0, 'c007e825de2a', 2)
2025-01-05 00:34:40,542 LT1-callback ClientCallback.on_implicit_send INFO client.py                 71    logger_log                : 
    ********************
    BEGIN OnImplicitSend:
    project_name: GAP
    wid: 77
    test_case_name: GAP/PRIV/CONN/BV-10-C
    description: Please send a disconnect request to terminate connection.
    style: MMI_Style_Ok_Cancel2 0x11141
2025-01-05 00:34:40,542 LT1-callback ClientCallback.on_implicit_send INFO client.py                 71    logger_log                : Calling test cases on_implicit_send
2025-01-05 00:34:40,543 LT1-callback ClientCallback.on_implicit_send INFO client.py                 71    logger_log                : 
    on_implicit_send returned response: WAIT
    END OnImplicitSend
    ********************
2025-01-05 00:34:40,557 LT1-thread root DEBUG client.py                 71    logger_log                : GAP GAP/PRIV/CONN/BV-10-C on_implicit_send
2025-01-05 00:34:40,557 LT1-thread root DEBUG client.py                 71    logger_log                : gap_wid_hdl, 77, Please send a disconnect request to terminate connection., GAP/PRIV/CONN/BV-10-C
2025-01-05 00:34:40,557 LT1-thread root DEBUG client.py                 71    logger_log                : gap_disconn None None
2025-01-05 00:34:40,557 LT1-thread root DEBUG client.py                 71    logger_log                : send, 1 15 0 "bytearray(b'\\x00*\\xde%\\xe8\\x07\\xc0')"
2025-01-05 00:34:40,557 LT1-thread root DEBUG client.py                 71    logger_log                : sending frame '010f000700002ade25e807c0'
2025-01-05 00:34:40,558 LT1-thread root DEBUG client.py                 71    logger_log                : read
2025-01-05 00:34:40,615 BTPWorkerThread-12761 (_rx_task) root DEBUG client.py                 71    logger_log                : Read 5 bytes
2025-01-05 00:34:40,615 BTPWorkerThread-12761 (_rx_task) root DEBUG client.py                 71    logger_log                : Received: hdr: Header(svc_id=0x01, op=0x0f, ctrl_index=0x00, data_len=0x00) bytearray(b'\x01\x0f\x00\x00\x00')
2025-01-05 00:34:40,621 BTPWorkerThread-12761 (_rx_task) root DEBUG client.py                 71    logger_log                : Received data: {''}, bytearray(b'')
2025-01-05 00:34:40,627 BTPWorkerThread-12761 (_rx_task) root DEBUG client.py                 71    logger_log                : Read 5 bytes
2025-01-05 00:34:40,632 BTPWorkerThread-12761 (_rx_task) root DEBUG client.py                 71    logger_log                : Received: hdr: Header(svc_id=0x01, op=0x83, ctrl_index=0x00, data_len=0x07) bytearray(b'\x01\x83\x00\x07\x00')
2025-01-05 00:34:40,654 BTPWorkerThread-12761 (_rx_task) root DEBUG client.py                 71    logger_log                : Read 7 bytes data
2025-01-05 00:34:40,660 BTPWorkerThread-12761 (_rx_task) root DEBUG client.py                 71    logger_log                : Received data: {'00 2a de 25 e8 07 c0'}, bytearray(b'\x00*\xde%\xe8\x07\xc0')
2025-01-05 00:34:40,677 BTPWorkerThread-12761 (_rx_task) root DEBUG client.py                 71    logger_log                : event_handler Header(svc_id=1, op=131, ctrl_index=0, data_len=7) (b'\x00*\xde%\xe8\x07\xc0',)
2025-01-05 00:34:40,688 BTPWorkerThread-12761 (_rx_task) root DEBUG client.py                 71    logger_log                : gap_disconnected_ev_ b'\x00*\xde%\xe8\x07\xc0'
2025-01-05 00:34:40,699 LT1-thread root DEBUG client.py                 71    logger_log                : Sending response 'OK' to wid 77 test case GAP/PRIV/CONN/BV-10-C
2025-01-05 00:34:40,702 LT1-thread root DEBUG client.py                 71    logger_log                : ClientCallback.get_result run_test_case
2025-01-05 00:34:40,707 LT1-callback ClientCallback.on_implicit_send INFO client.py                 71    logger_log                : 
    ********************
    BEGIN OnImplicitSend:
    project_name: GAP
    wid: 90
    test_case_name: GAP/PRIV/CONN/BV-10-C
    description: Please send connectable undirected advertising report with resolvable private address.
    style: MMI_Style_Ok_Cancel2 0x11141
2025-01-05 00:34:40,707 LT1-callback ClientCallback.on_implicit_send INFO client.py                 71    logger_log                : Calling test cases on_implicit_send
2025-01-05 00:34:40,707 LT1-callback ClientCallback.on_implicit_send INFO client.py                 71    logger_log                : 
    on_implicit_send returned response: WAIT
    END OnImplicitSend
    ********************
2025-01-05 00:34:41,702 LT1-thread root DEBUG client.py                 71    logger_log                : GAP GAP/PRIV/CONN/BV-10-C on_implicit_send
2025-01-05 00:34:41,703 LT1-thread root DEBUG client.py                 71    logger_log                : gap_wid_hdl, 90, Please send connectable undirected advertising report with resolvable private address., GAP/PRIV/CONN/BV-10-C
2025-01-05 00:34:41,703 LT1-thread root DEBUG client.py                 71    logger_log                : gap_adv_off
2025-01-05 00:34:41,703 LT1-thread root DEBUG client.py                 71    logger_log                : gap_set_conn
2025-01-05 00:34:41,703 LT1-thread root DEBUG client.py                 71    logger_log                : gap_set_gendiscov
2025-01-05 00:34:41,704 LT1-thread root DEBUG client.py                 71    logger_log                : send, 1 8 0 '1'
2025-01-05 00:34:41,704 LT1-thread root DEBUG client.py                 71    logger_log                : sending frame '010800010001'
2025-01-05 00:34:41,704 LT1-thread root DEBUG client.py                 71    logger_log                : gap_command_rsp_succ
2025-01-05 00:34:41,704 LT1-thread root DEBUG client.py                 71    logger_log                : read
2025-01-05 00:34:41,754 BTPWorkerThread-12761 (_rx_task) root DEBUG client.py                 71    logger_log                : Read 5 bytes
2025-01-05 00:34:41,765 BTPWorkerThread-12761 (_rx_task) root DEBUG client.py                 71    logger_log                : Received: hdr: Header(svc_id=0x01, op=0x08, ctrl_index=0x00, data_len=0x04) bytearray(b'\x01\x08\x00\x04\x00')
2025-01-05 00:34:41,776 BTPWorkerThread-12761 (_rx_task) root DEBUG client.py                 71    logger_log                : Read 4 bytes data
2025-01-05 00:34:41,788 BTPWorkerThread-12761 (_rx_task) root DEBUG client.py                 71    logger_log                : Received data: {'1b 22 00 00'}, bytearray(b'\x1b"\x00\x00')
2025-01-05 00:34:41,800 LT1-thread root DEBUG client.py                 71    logger_log                : received Header(svc_id=1, op=8, ctrl_index=0, data_len=4) (b'\x1b"\x00\x00',)
2025-01-05 00:34:41,800 LT1-thread root DEBUG client.py                 71    logger_log                : __gap_current_settings_update (b'\x1b"\x00\x00',)
2025-01-05 00:34:41,801 LT1-thread root DEBUG client.py                 71    logger_log                : gap_adv_ind_on {9: b'Tester_25DE2A'} None
2025-01-05 00:34:41,801 LT1-thread root DEBUG client.py                 71    logger_log                : send, 1 10 0 "bytearray(b'\\x0f\\x00\\t\\rTester_25DE2A\\xff\\xff\\xff\\xff\\x01')"
2025-01-05 00:34:41,801 LT1-thread root DEBUG client.py                 71    logger_log                : sending frame '010a0016000f00090d5465737465725f323544453241ffffffff01'
2025-01-05 00:34:41,801 LT1-thread root DEBUG client.py                 71    logger_log                : gap_command_rsp_succ
2025-01-05 00:34:41,802 LT1-thread root DEBUG client.py                 71    logger_log                : read
2025-01-05 00:34:41,861 BTPWorkerThread-12761 (_rx_task) root DEBUG client.py                 71    logger_log                : Read 5 bytes
2025-01-05 00:34:41,872 BTPWorkerThread-12761 (_rx_task) root DEBUG client.py                 71    logger_log                : Received: hdr: Header(svc_id=0x01, op=0x0a, ctrl_index=0x00, data_len=0x04) bytearray(b'\x01\n\x00\x04\x00')
2025-01-05 00:34:41,887 BTPWorkerThread-12761 (_rx_task) root DEBUG client.py                 71    logger_log                : Read 4 bytes data
2025-01-05 00:34:41,898 BTPWorkerThread-12761 (_rx_task) root DEBUG client.py                 71    logger_log                : Received data: {'1b 26 00 00'}, bytearray(b'\x1b&\x00\x00')
2025-01-05 00:34:41,909 LT1-thread root DEBUG client.py                 71    logger_log                : received Header(svc_id=1, op=10, ctrl_index=0, data_len=4) (b'\x1b&\x00\x00',)
2025-01-05 00:34:41,909 LT1-thread root DEBUG client.py                 71    logger_log                : __gap_current_settings_update (b'\x1b&\x00\x00',)
2025-01-05 00:34:41,909 LT1-thread root DEBUG client.py                 71    logger_log                : Sending response 'OK' to wid 90 test case GAP/PRIV/CONN/BV-10-C
2025-01-05 00:34:41,912 LT1-thread root DEBUG client.py                 71    logger_log                : ClientCallback.get_result run_test_case
2025-01-05 00:35:12,284 LT1-callback ClientCallback.on_implicit_send INFO client.py                 71    logger_log                : 
    ********************
    BEGIN OnImplicitSend:
    project_name: GAP
    wid: 90
    test_case_name: GAP/PRIV/CONN/BV-10-C
    description: Please send connectable undirected advertising report with resolvable private address.
    style: MMI_Style_Ok_Cancel2 0x11141
2025-01-05 00:35:12,284 LT1-callback ClientCallback.on_implicit_send INFO client.py                 71    logger_log                : Calling test cases on_implicit_send
2025-01-05 00:35:12,285 LT1-callback ClientCallback.on_implicit_send INFO client.py                 71    logger_log                : 
    on_implicit_send returned response: WAIT
    END OnImplicitSend
    ********************
2025-01-05 00:35:12,925 LT1-thread root DEBUG client.py                 71    logger_log                : GAP GAP/PRIV/CONN/BV-10-C on_implicit_send
2025-01-05 00:35:12,925 LT1-thread root DEBUG client.py                 71    logger_log                : gap_wid_hdl, 90, Please send connectable undirected advertising report with resolvable private address., GAP/PRIV/CONN/BV-10-C
2025-01-05 00:35:12,925 LT1-thread root DEBUG client.py                 71    logger_log                : gap_adv_off
2025-01-05 00:35:12,925 LT1-thread root DEBUG client.py                 71    logger_log                : send, 1 11 0 ''
2025-01-05 00:35:12,926 LT1-thread root DEBUG client.py                 71    logger_log                : sending frame '010b000000'
2025-01-05 00:35:12,926 LT1-thread root DEBUG client.py                 71    logger_log                : gap_command_rsp_succ
2025-01-05 00:35:12,926 LT1-thread root DEBUG client.py                 71    logger_log                : read
2025-01-05 00:35:12,980 BTPWorkerThread-12761 (_rx_task) root DEBUG client.py                 71    logger_log                : Read 5 bytes
2025-01-05 00:35:12,980 BTPWorkerThread-12761 (_rx_task) root DEBUG client.py                 71    logger_log                : Received: hdr: Header(svc_id=0x01, op=0x0b, ctrl_index=0x00, data_len=0x04) bytearray(b'\x01\x0b\x00\x04\x00')
2025-01-05 00:35:12,996 BTPWorkerThread-12761 (_rx_task) root DEBUG client.py                 71    logger_log                : Read 4 bytes data
2025-01-05 00:35:13,011 BTPWorkerThread-12761 (_rx_task) root DEBUG client.py                 71    logger_log                : Received data: {'1b 22 00 00'}, bytearray(b'\x1b"\x00\x00')
2025-01-05 00:35:13,011 LT1-thread root DEBUG client.py                 71    logger_log                : received Header(svc_id=1, op=11, ctrl_index=0, data_len=4) (b'\x1b"\x00\x00',)
2025-01-05 00:35:13,011 LT1-thread root DEBUG client.py                 71    logger_log                : __gap_current_settings_update (b'\x1b"\x00\x00',)
2025-01-05 00:35:13,012 LT1-thread root DEBUG client.py                 71    logger_log                : gap_set_conn
2025-01-05 00:35:13,012 LT1-thread root DEBUG client.py                 71    logger_log                : gap_set_gendiscov
2025-01-05 00:35:13,012 LT1-thread root DEBUG client.py                 71    logger_log                : send, 1 8 0 '1'
2025-01-05 00:35:13,012 LT1-thread root DEBUG client.py                 71    logger_log                : sending frame '010800010001'
2025-01-05 00:35:13,012 LT1-thread root DEBUG client.py                 71    logger_log                : gap_command_rsp_succ
2025-01-05 00:35:13,012 LT1-thread root DEBUG client.py                 71    logger_log                : read
2025-01-05 00:35:13,095 BTPWorkerThread-12761 (_rx_task) root DEBUG client.py                 71    logger_log                : Read 5 bytes
2025-01-05 00:35:13,111 BTPWorkerThread-12761 (_rx_task) root DEBUG client.py                 71    logger_log                : Received: hdr: Header(svc_id=0x01, op=0x08, ctrl_index=0x00, data_len=0x04) bytearray(b'\x01\x08\x00\x04\x00')
2025-01-05 00:35:13,117 BTPWorkerThread-12761 (_rx_task) root DEBUG client.py                 71    logger_log                : Read 4 bytes data
2025-01-05 00:35:13,117 BTPWorkerThread-12761 (_rx_task) root DEBUG client.py                 71    logger_log                : Received data: {'1b 22 00 00'}, bytearray(b'\x1b"\x00\x00')
2025-01-05 00:35:13,118 LT1-thread root DEBUG client.py                 71    logger_log                : received Header(svc_id=1, op=8, ctrl_index=0, data_len=4) (b'\x1b"\x00\x00',)
2025-01-05 00:35:13,118 LT1-thread root DEBUG client.py                 71    logger_log                : __gap_current_settings_update (b'\x1b"\x00\x00',)
2025-01-05 00:35:13,118 LT1-thread root DEBUG client.py                 71    logger_log                : gap_adv_ind_on {9: b'Tester_25DE2A'} None
2025-01-05 00:35:13,118 LT1-thread root DEBUG client.py                 71    logger_log                : send, 1 10 0 "bytearray(b'\\x0f\\x00\\t\\rTester_25DE2A\\xff\\xff\\xff\\xff\\x01')"
2025-01-05 00:35:13,118 LT1-thread root DEBUG client.py                 71    logger_log                : sending frame '010a0016000f00090d5465737465725f323544453241ffffffff01'
2025-01-05 00:35:13,119 LT1-thread root DEBUG client.py                 71    logger_log                : gap_command_rsp_succ
2025-01-05 00:35:13,119 LT1-thread root DEBUG client.py                 71    logger_log                : read
2025-01-05 00:35:13,169 BTPWorkerThread-12761 (_rx_task) root DEBUG client.py                 71    logger_log                : Read 5 bytes
2025-01-05 00:35:13,179 BTPWorkerThread-12761 (_rx_task) root DEBUG client.py                 71    logger_log                : Received: hdr: Header(svc_id=0x01, op=0x0a, ctrl_index=0x00, data_len=0x04) bytearray(b'\x01\n\x00\x04\x00')
2025-01-05 00:35:13,207 BTPWorkerThread-12761 (_rx_task) root DEBUG client.py                 71    logger_log                : Read 4 bytes data
2025-01-05 00:35:13,212 BTPWorkerThread-12761 (_rx_task) root DEBUG client.py                 71    logger_log                : Received data: {'1b 26 00 00'}, bytearray(b'\x1b&\x00\x00')
2025-01-05 00:35:13,233 LT1-thread root DEBUG client.py                 71    logger_log                : received Header(svc_id=1, op=10, ctrl_index=0, data_len=4) (b'\x1b&\x00\x00',)
2025-01-05 00:35:13,233 LT1-thread root DEBUG client.py                 71    logger_log                : __gap_current_settings_update (b'\x1b&\x00\x00',)
2025-01-05 00:35:13,233 LT1-thread root DEBUG client.py                 71    logger_log                : Sending response 'OK' to wid 90 test case GAP/PRIV/CONN/BV-10-C
2025-01-05 00:35:13,236 LT1-thread root DEBUG client.py                 71    logger_log                : ClientCallback.get_result run_test_case
2025-01-05 00:35:42,532 LT1-callback ClientCallback.on_implicit_send INFO client.py                 71    logger_log                : 
    ********************
    BEGIN OnImplicitSend:
    project_name: GAP
    wid: 20001
    test_case_name: GAP/PRIV/CONN/BV-10-C
    description: Please prepare IUT into a connectable mode.

Description: Verify that the Implementation Under Test (IUT) can accept GATT connect request from PTS.
    style: MMI_Style_Ok_Cancel2 0x11141
2025-01-05 00:35:42,532 LT1-callback ClientCallback.on_implicit_send INFO client.py                 71    logger_log                : Calling test cases on_implicit_send
2025-01-05 00:35:42,533 LT1-callback ClientCallback.on_implicit_send INFO client.py                 71    logger_log                : 
    on_implicit_send returned response: WAIT
    END OnImplicitSend
    ********************
2025-01-05 00:35:42,796 BTPWorkerThread-12761 (_rx_task) root DEBUG client.py                 71    logger_log                : Read 5 bytes
2025-01-05 00:35:42,796 BTPWorkerThread-12761 (_rx_task) root DEBUG client.py                 71    logger_log                : Received: hdr: Header(svc_id=0x01, op=0x82, ctrl_index=0x00, data_len=0x0d) bytearray(b'\x01\x82\x00\r\x00')
2025-01-05 00:35:42,796 BTPWorkerThread-12761 (_rx_task) root DEBUG client.py                 71    logger_log                : Read 13 bytes data
2025-01-05 00:35:42,796 BTPWorkerThread-12761 (_rx_task) root DEBUG client.py                 71    logger_log                : Received data: {'00 2a de 25 e8 07 c0 38 00 00 00 d0 07'}, bytearray(b'\x00*\xde%\xe8\x07\xc08\x00\x00\x00\xd0\x07')
2025-01-05 00:35:42,797 BTPWorkerThread-12761 (_rx_task) root DEBUG client.py                 71    logger_log                : event_handler Header(svc_id=1, op=130, ctrl_index=0, data_len=13) (b'\x00*\xde%\xe8\x07\xc08\x00\x00\x00\xd0\x07',)
2025-01-05 00:35:42,797 BTPWorkerThread-12761 (_rx_task) root DEBUG client.py                 71    logger_log                : gap_connected_ev_ b'\x00*\xde%\xe8\x07\xc08\x00\x00\x00\xd0\x07'
2025-01-05 00:35:42,797 BTPWorkerThread-12761 (_rx_task) root DEBUG client.py                 71    logger_log                : Read 5 bytes
2025-01-05 00:35:42,797 BTPWorkerThread-12761 (_rx_task) root DEBUG client.py                 71    logger_log                : Received: hdr: Header(svc_id=0x01, op=0x80, ctrl_index=0x00, data_len=0x04) bytearray(b'\x01\x80\x00\x04\x00')
2025-01-05 00:35:42,797 BTPWorkerThread-12761 (_rx_task) root DEBUG client.py                 71    logger_log                : Read 4 bytes data
2025-01-05 00:35:42,797 BTPWorkerThread-12761 (_rx_task) root DEBUG client.py                 71    logger_log                : Received data: {'1b 22 00 00'}, bytearray(b'\x1b"\x00\x00')
2025-01-05 00:35:42,798 BTPWorkerThread-12761 (_rx_task) root DEBUG client.py                 71    logger_log                : event_handler Header(svc_id=1, op=128, ctrl_index=0, data_len=4) (b'\x1b"\x00\x00',)
2025-01-05 00:35:42,798 BTPWorkerThread-12761 (_rx_task) root DEBUG client.py                 71    logger_log                : gap_new_settings_ev_ b'\x1b"\x00\x00'
2025-01-05 00:35:42,798 BTPWorkerThread-12761 (_rx_task) root DEBUG client.py                 71    logger_log                : __gap_current_settings_update 8731
2025-01-05 00:35:43,249 LT1-thread root DEBUG client.py                 71    logger_log                : GAP GAP/PRIV/CONN/BV-10-C on_implicit_send
2025-01-05 00:35:43,249 LT1-thread root DEBUG client.py                 71    logger_log                : gap_wid_hdl, 20001, Please prepare IUT into a connectable mode.

Description: Verify that the Implementation Under Test (IUT) can accept GATT connect request from PTS., GAP/PRIV/CONN/BV-10-C
2025-01-05 00:35:43,249 LT1-thread root DEBUG client.py                 71    logger_log                : gap_set_conn
2025-01-05 00:35:43,249 LT1-thread root DEBUG client.py                 71    logger_log                : gap_adv_ind_on {9: b'Tester_25DE2A'} None
2025-01-05 00:35:43,250 LT1-thread root DEBUG client.py                 71    logger_log                : send, 1 10 0 "bytearray(b'\\x0f\\x00\\t\\rTester_25DE2A\\xff\\xff\\xff\\xff\\x01')"
2025-01-05 00:35:43,250 LT1-thread root DEBUG client.py                 71    logger_log                : sending frame '010a0016000f00090d5465737465725f323544453241ffffffff01'
2025-01-05 00:35:43,250 LT1-thread root DEBUG client.py                 71    logger_log                : gap_command_rsp_succ
2025-01-05 00:35:43,251 LT1-thread root DEBUG client.py                 71    logger_log                : read
2025-01-05 00:35:43,307 BTPWorkerThread-12761 (_rx_task) root DEBUG client.py                 71    logger_log                : Read 5 bytes
2025-01-05 00:35:43,323 BTPWorkerThread-12761 (_rx_task) root DEBUG client.py                 71    logger_log                : Received: hdr: Header(svc_id=0x01, op=0x0a, ctrl_index=0x00, data_len=0x04) bytearray(b'\x01\n\x00\x04\x00')
2025-01-05 00:35:43,323 BTPWorkerThread-12761 (_rx_task) root DEBUG client.py                 71    logger_log                : Read 4 bytes data
2025-01-05 00:35:43,323 BTPWorkerThread-12761 (_rx_task) root DEBUG client.py                 71    logger_log                : Received data: {'1b 26 00 00'}, bytearray(b'\x1b&\x00\x00')
2025-01-05 00:35:43,324 LT1-thread root DEBUG client.py                 71    logger_log                : received Header(svc_id=1, op=10, ctrl_index=0, data_len=4) (b'\x1b&\x00\x00',)
2025-01-05 00:35:43,324 LT1-thread root DEBUG client.py                 71    logger_log                : __gap_current_settings_update (b'\x1b&\x00\x00',)
2025-01-05 00:35:43,324 LT1-thread root DEBUG client.py                 71    logger_log                : Sending response 'OK' to wid 20001 test case GAP/PRIV/CONN/BV-10-C
2025-01-05 00:35:43,327 LT1-thread root DEBUG client.py                 71    logger_log                : ClientCallback.get_result run_test_case
2025-01-05 00:35:43,330 LT1-callback ClientCallback.on_implicit_send INFO client.py                 71    logger_log                : 
    ********************
    BEGIN OnImplicitSend:
    project_name: GAP
    wid: 77
    test_case_name: GAP/PRIV/CONN/BV-10-C
    description: Please send a disconnect request to terminate connection.
    style: MMI_Style_Ok_Cancel2 0x11141
2025-01-05 00:35:43,331 LT1-callback ClientCallback.on_implicit_send INFO client.py                 71    logger_log                : Calling test cases on_implicit_send
2025-01-05 00:35:43,331 LT1-callback ClientCallback.on_implicit_send INFO client.py                 71    logger_log                : 
    on_implicit_send returned response: WAIT
    END OnImplicitSend
    ********************
2025-01-05 00:35:44,328 LT1-thread root DEBUG client.py                 71    logger_log                : GAP GAP/PRIV/CONN/BV-10-C on_implicit_send
2025-01-05 00:35:44,328 LT1-thread root DEBUG client.py                 71    logger_log                : gap_wid_hdl, 77, Please send a disconnect request to terminate connection., GAP/PRIV/CONN/BV-10-C
2025-01-05 00:35:44,328 LT1-thread root DEBUG client.py                 71    logger_log                : gap_disconn None None
2025-01-05 00:35:44,328 LT1-thread root DEBUG client.py                 71    logger_log                : send, 1 15 0 "bytearray(b'\\x00*\\xde%\\xe8\\x07\\xc0')"
2025-01-05 00:35:44,328 LT1-thread root DEBUG client.py                 71    logger_log                : sending frame '010f000700002ade25e807c0'
2025-01-05 00:35:44,329 LT1-thread root DEBUG client.py                 71    logger_log                : read
2025-01-05 00:35:44,393 BTPWorkerThread-12761 (_rx_task) root DEBUG client.py                 71    logger_log                : Read 5 bytes
2025-01-05 00:35:44,399 BTPWorkerThread-12761 (_rx_task) root DEBUG client.py                 71    logger_log                : Received: hdr: Header(svc_id=0x01, op=0x0f, ctrl_index=0x00, data_len=0x00) bytearray(b'\x01\x0f\x00\x00\x00')
2025-01-05 00:35:44,399 BTPWorkerThread-12761 (_rx_task) root DEBUG client.py                 71    logger_log                : Received data: {''}, bytearray(b'')
2025-01-05 00:35:44,502 BTPWorkerThread-12761 (_rx_task) root DEBUG client.py                 71    logger_log                : Read 5 bytes
2025-01-05 00:35:44,514 BTPWorkerThread-12761 (_rx_task) root DEBUG client.py                 71    logger_log                : Received: hdr: Header(svc_id=0x01, op=0x83, ctrl_index=0x00, data_len=0x07) bytearray(b'\x01\x83\x00\x07\x00')
2025-01-05 00:35:44,519 BTPWorkerThread-12761 (_rx_task) root DEBUG client.py                 71    logger_log                : Read 7 bytes data
2025-01-05 00:35:44,519 BTPWorkerThread-12761 (_rx_task) root DEBUG client.py                 71    logger_log                : Received data: {'00 2a de 25 e8 07 c0'}, bytearray(b'\x00*\xde%\xe8\x07\xc0')
2025-01-05 00:35:44,535 BTPWorkerThread-12761 (_rx_task) root DEBUG client.py                 71    logger_log                : event_handler Header(svc_id=1, op=131, ctrl_index=0, data_len=7) (b'\x00*\xde%\xe8\x07\xc0',)
2025-01-05 00:35:44,545 BTPWorkerThread-12761 (_rx_task) root DEBUG client.py                 71    logger_log                : gap_disconnected_ev_ b'\x00*\xde%\xe8\x07\xc0'
2025-01-05 00:35:44,561 LT1-thread root DEBUG client.py                 71    logger_log                : Sending response 'OK' to wid 77 test case GAP/PRIV/CONN/BV-10-C
2025-01-05 00:35:44,564 LT1-thread root DEBUG client.py                 71    logger_log                : ClientCallback.get_result run_test_case
2025-01-05 00:35:47,116 LT1-callback ClientCallback.log INFO client.py                 71    logger_log                : PTS_LOGTYPE_START_TEST Start Test Case 

+16 ms
 GAP/PRIV/CONN/BV-10-C GAP/PRIV/CONN/BV-10-C

2025-01-05 00:35:48,626 LT1-callback ClientCallback.log INFO client.py                 71    logger_log                : PTS_LOGTYPE_FINAL_VERDICT Final Verdict 

+73860 ms
 GAP/PRIV/CONN/BV-10-C PASS

2025-01-05 00:35:48,634 LT1-callback ClientCallback.log INFO client.py                 71    logger_log                : PTS_LOGTYPE_FINAL_VERDICT Encrypted Verdict 

+73860 ms
 GAP/PRIV/CONN/BV-10-C A1#ZWY4MzQ5MDg3MmQwNTIxOGQzMzQ5YjY2ODA5M2MzNjQ5ZDY4NmY0Yjc2MzIzM2VkNTUyNTFhNGU4Mjg1MjI0NA==#Rx92by9kU8+vhYy/r6AttbRvWMHpcX7/IaCUiqqT4gIVigqZrNx2YmBuvqLVc5Se

2025-01-05 00:35:48,642 LT1-callback ClientCallback.log INFO client.py                 71    logger_log                : PTS_LOGTYPE_END_TEST Test Case Ended 

+73875 ms
 GAP/PRIV/CONN/BV-10-C GAP/PRIV/CONN/BV-10-C

2025-01-05 00:35:48,920 LT1-callback root DEBUG client.py                 71    logger_log                : ClientCallback, set_result, run_test_case, PASS
2025-01-05 00:35:48,921 LT1-thread root DEBUG client.py                 71    logger_log                : After run_test_case error_code=0 status='PASS'
2025-01-05 00:35:48,922 LT1-thread root DEBUG client.py                 71    logger_log                : post_run GAP GAP/PRIV/CONN/BV-10-C 0
2025-01-05 00:35:48,922 LT1-thread root DEBUG client.py                 71    logger_log                : Starting test function: class=<class 'autopts.ptsprojects.testcase.TestFuncCleanUp'>, func=<bound method Stack.cleanup of <autopts.ptsprojects.stack.stack.Stack object at 0x000001CE003A0450>> start_wid=None stop_wid=None post_wid=None skip_call=None call_count=1 args=() kwds={}
2025-01-05 00:35:48,922 LT1-thread root DEBUG client.py                 71    logger_log                : Test function parameters: args=(), kwds={}
2025-01-05 00:35:48,923 LT1-thread root DEBUG client.py                 71    logger_log                : Starting test function: class=<class 'autopts.ptsprojects.testcase.TestFuncCleanUp'>, func=<bound method ZephyrCtl.stop of <autopts.ptsprojects.zephyr.iutctl.ZephyrCtl object at 0x000001CE7D2B9F50>> start_wid=None stop_wid=None post_wid=None skip_call=None call_count=1 args=() kwds={}
2025-01-05 00:35:48,923 LT1-thread root DEBUG client.py                 71    logger_log                : Test function parameters: args=(), kwds={}
2025-01-05 00:35:48,923 LT1-thread root DEBUG client.py                 71    logger_log                : <class 'autopts.ptsprojects.zephyr.iutctl.ZephyrCtl'>.stop
2025-01-05 00:35:49,024 LT1-thread root DEBUG client.py                 71    logger_log                : <class 'autopts.rtt.RTTLogger'>.stop
2025-01-05 00:35:49,024 LT1-thread root DEBUG client.py                 71    logger_log                : <class 'autopts.rtt.RTT'>.stop
2025-01-05 00:35:49,056 LT1-thread root DEBUG client.py                 71    logger_log                : About to reset DUT: JLink -CommandFile reset.jlink -usb 1064371884 -device MCXW716
2025-01-05 00:35:49,622 BTPWorkerThread-12761 (_rx_task) root DEBUG client.py                 71    logger_log                : Read 5 bytes
2025-01-05 00:35:49,642 BTPWorkerThread-12761 (_rx_task) root DEBUG client.py                 71    logger_log                : Received: hdr: Header(svc_id=0x00, op=0x80, ctrl_index=0xff, data_len=0x00) bytearray(b'\x00\x80\xff\x00\x00')
2025-01-05 00:35:49,662 BTPWorkerThread-12761 (_rx_task) root DEBUG client.py                 71    logger_log                : Received data: {''}, bytearray(b'')
2025-01-05 00:35:49,692 BTPWorkerThread-12761 (_rx_task) root DEBUG client.py                 71    logger_log                : event_handler Header(svc_id=0, op=128, ctrl_index=255, data_len=0) (b'',)
2025-01-05 00:35:49,712 BTPWorkerThread-12761 (_rx_task) root DEBUG client.py                 71    logger_log                : core_iut_ready_ev
2025-01-05 00:35:49,732 LT1-thread root DEBUG client.py                 71    logger_log                : IUT ready event received OK
2025-01-05 00:35:49,732 LT1-thread root DEBUG client.py                 71    logger_log                : Waiting for _rx_worker to finish ...
2025-01-05 00:35:50,738 BTPWorkerThread-12761 (_rx_task) root DEBUG client.py                 71    logger_log                : BTPWorkerThread-12761 (_rx_task) finishing...
2025-01-05 00:35:50,738 LT1-thread root DEBUG client.py                 71    logger_log                : Waiting for _rx_worker to finish ...
2025-01-05 00:35:53,770 LT1-thread root DEBUG client.py                 71    logger_log                : post_run, cleanup running post test case script
2025-01-05 00:35:53,770 LT1-thread root DEBUG client.py                 71    logger_log                : post_run, run post test case script
2025-01-05 00:35:53,930 LT1-thread root DEBUG client.py                 71    logger_log                : Done TestCase _run_test_case GAP GAP/PRIV/CONN/BV-10-C
