19:13:44:532	> BTP_CORE_CMD_REGISTER_SERVICE (0x00|0x03|0xff)
                  raw data (1): 00 03 ff 01 00|01
19:13:48:183	< BTP_CORE_CMD_REGISTER_SERVICE (0x00|0x03|0xff)
                  raw data (0): 00 03 ff 00 00|
19:13:48:222	> BTP_GAP_CMD_READ_SUPPORTED_COMMANDS (0x01|0x01|0xff)
                  raw data (0): 01 01 ff 00 00|
19:13:48:371	< BTP_GAP_CMD_READ_SUPPORTED_COMMANDS (0x01|0x01|0xff)
                  raw data (6): 01 01 ff 06 00|6e ff 7f 1f 7e 04
19:13:48:403	> BTP_GAP_CMD_READ_CONTROLLER_INFO (0x01|0x03|0x00)
                  raw data (0): 01 03 00 00 00|
19:13:48:550	< BTP_GAP_CMD_READ_CONTROLLER_INFO (0x01|0x03|0x00)
                  raw data (277): 
                  01 03 00 15 01|76 8b a1 a3 03 49 d3 06 02 00 13 
                  22 00 00 00 00 00 62 74 70 5f 74 65 73 74 65 72 
                  00 00 00 00 00 00 00 00 00 00 00 00 00 00 00 00 
                  00 00 00 00 00 00 00 00 00 00 00 00 00 00 00 00 
                  00 00 00 00 00 00 00 00 00 00 00 00 00 00 00 00 
                  00 00 00 00 00 00 00 00 00 00 00 00 00 00 00 00 
                  00 00 00 00 00 00 00 00 00 00 00 00 00 00 00 00 
                  00 00 00 00 00 00 00 00 00 00 00 00 00 00 00 00 
                  00 00 00 00 00 00 00 00 00 00 00 00 00 00 00 00 
                  00 00 00 00 00 00 00 00 00 00 00 00 00 00 00 00 
                  00 00 00 00 00 00 00 00 00 00 00 00 00 00 00 00 
                  00 00 00 00 00 00 00 00 00 00 00 00 00 00 00 00 
                  00 00 00 00 00 00 00 00 00 00 00 00 00 00 00 00 
                  00 00 00 00 00 00 00 00 00 00 00 00 00 00 00 00 
                  00 00 00 00 00 00 00 00 00 00 00 00 00 00 00 00 
                  00 00 00 00 00 00 00 00 00 00 00 00 00 00 00 00 
                  00 00 00 00 00 00 00 00 00 00 00 00 00 00 00 00 
                  00 00 00 00 00 00 00 00 00 00
19:13:48:788	> BTP_CORE_CMD_REGISTER_SERVICE (0x00|0x03|0xff)
                  raw data (2): 00 03 ff 01 00|02
19:13:48:906	< BTP_CORE_CMD_REGISTER_SERVICE (0x00|0x03|0xff)
                  raw data (0): 00 03 ff 00 00|
19:13:48:945	> BTP_GATT_CMD_READ_SUPPORTED_COMMANDS (0x02|0x01|0xff)
                  raw data (0): 02 01 ff 00 00|
19:13:49:123	< BTP_GATT_CMD_READ_SUPPORTED_COMMANDS (0x02|0x01|0xff)
                  raw data (5): 02 01 ff 05 00|fe fe ff fd 03
19:13:49:153	> BTP_GAP_CMD_SET_IO_CAP (0x01|0x10|0x00)
                  raw data (1): 01 10 00 01 00|04
19:13:49:272	< BTP_GAP_CMD_SET_IO_CAP (0x01|0x10|0x00)
                  raw data (0): 01 10 00 00 00|
19:13:49:305	> BTP_GATT_CMD_ADD_SERVICE (0x02|0x02|0x00)
                  raw data (4): 02 02 00 04 00|00 02 aa 51
19:13:49:442	< BTP_GATT_CMD_ADD_SERVICE (0x02|0x02|0x00)
                  raw data (2): 02 02 00 02 00|00 00
19:13:49:472	> BTP_GATT_CMD_ADD_CHARACTERISTIC (0x02|0x03|0x00)
                  raw data (7): 02 03 00 07 00|00 00 02 11 02 aa 52
19:13:49:631	< BTP_GATT_CMD_ADD_CHARACTERISTIC (0x02|0x03|0x00)
                  raw data (2): 02 03 00 02 00|00 00
19:13:49:651	> BTP_GATT_CMD_SET_VALUE (0x02|0x06|0x00)
                  raw data (5): 02 06 00 05 00|00 00 01 00 01
19:13:49:770	< BTP_GATT_CMD_SET_VALUE (0x02|0x06|0x00)
                  raw data (0): 02 06 00 00 00|
19:13:49:790	> BTP_GATT_CMD_ADD_CHARACTERISTIC (0x02|0x03|0x00)
                  raw data (7): 02 03 00 07 00|00 00 02 05 02 aa 53
19:13:49:969	< BTP_GATT_CMD_ADD_CHARACTERISTIC (0x02|0x03|0x00)
                  raw data (2): 02 03 00 02 00|00 00
19:13:50:001	> BTP_GATT_CMD_SET_VALUE (0x02|0x06|0x00)
                  raw data (5): 02 06 00 05 00|00 00 01 00 02
19:13:50:128	< BTP_GATT_CMD_SET_VALUE (0x02|0x06|0x00)
                  raw data (0): 02 06 00 00 00|
19:13:50:158	> BTP_GATT_CMD_ADD_CHARACTERISTIC (0x02|0x03|0x00)
                  raw data (7): 02 03 00 07 00|00 00 42 03 02 aa 54
19:13:50:326	< BTP_GATT_CMD_ADD_CHARACTERISTIC (0x02|0x03|0x00)
                  raw data (2): 02 03 00 02 00|00 00
19:13:50:356	> BTP_GATT_CMD_SET_VALUE (0x02|0x06|0x00)
                  raw data (5): 02 06 00 05 00|00 00 01 00 03
19:13:50:475	< BTP_GATT_CMD_SET_VALUE (0x02|0x06|0x00)
                  raw data (0): 02 06 00 00 00|
19:13:50:507	> BTP_GATT_CMD_ADD_CHARACTERISTIC (0x02|0x03|0x00)
                  raw data (7): 02 03 00 07 00|00 00 0a 30 02 aa 55
19:13:50:643	< BTP_GATT_CMD_ADD_CHARACTERISTIC (0x02|0x03|0x00)
                  raw data (2): 02 03 00 02 00|00 00
19:13:50:663	> BTP_GATT_CMD_SET_VALUE (0x02|0x06|0x00)
                  raw data (5): 02 06 00 05 00|00 00 01 00 04
19:13:50:781	< BTP_GATT_CMD_SET_VALUE (0x02|0x06|0x00)
                  raw data (0): 02 06 00 00 00|
19:13:50:821	> BTP_GATT_CMD_START_SERVER (0x02|0x07|0x00)
                  raw data (0): 02 07 00 00 00|
19:13:50:990	< BTP_GATT_CMD_START_SERVER (0x02|0x07|0x00)
                  raw data (3): 02 07 00 03 00|00 00 00
19:13:59:057	> BTP_GAP_CMD_CONNECT (0x01|0x0e|0x00)
                  raw data (8): 01 0e 00 08 00|00 4e e4 08 dc 1b 00 00
19:13:59:177	< BTP_GAP_CMD_CONNECT (0x01|0x0e|0x00)
                  raw data (0): 01 0e 00 00 00|
19:13:59:209	< BTP_GAP_EV_DEVICE_CONNECTED (0x01|0x82|0x00)
                  raw data (13): 
                  01 82 00 0d 00|00 4e e4 08 dc 1b 00 24 00 00 00 
                  90 01
19:14:00:218	> BTP_GAP_CMD_PAIR (0x01|0x11|0x00)
                  raw data (7): 01 11 00 07 00|00 4e e4 08 dc 1b 00
19:14:00:328	< BTP_GAP_CMD_PAIR (0x01|0x11|0x00)
                  raw data (0): 01 11 00 00 00|
19:14:00:358	< BTP_GAP_EV_ENCRYPTION_CHANGE (0x01|0x91|0x00)
                  raw data (9): 01 91 00 09 00|00 4e e4 08 dc 1b 00 00 00
19:14:00:358	< BTP_GAP_EV_PAIRING_FAILED (0x01|0x8c|0x00)
                  raw data (8): 01 8c 00 08 00|00 4e e4 08 dc 1b 00 04
19:14:01:364	> BTP_GAP_CMD_DISCONNECT (0x01|0x0f|0x00)
                  raw data (7): 01 0f 00 07 00|00 4e e4 08 dc 1b 00
19:14:01:483	< BTP_GAP_CMD_DISCONNECT (0x01|0x0f|0x00)
                  raw data (0): 01 0f 00 00 00|
19:14:01:521	< BTP_GAP_EV_DEVICE_DISCONNECTED (0x01|0x83|0x00)
                  raw data (7): 01 83 00 07 00|00 4e e4 08 dc 1b 00
19:14:02:530	> BTP_GAP_CMD_CONNECT (0x01|0x0e|0x00)
                  raw data (8): 01 0e 00 08 00|00 4e e4 08 dc 1b 00 00
19:14:02:639	< BTP_GAP_CMD_CONNECT (0x01|0x0e|0x00)
                  raw data (0): 01 0e 00 00 00|
19:14:02:804	< BTP_GAP_EV_DEVICE_CONNECTED (0x01|0x82|0x00)
                  raw data (13): 
                  01 82 00 0d 00|00 4e e4 08 dc 1b 00 24 00 00 00 
                  90 01
19:14:03:677	> BTP_GAP_CMD_PAIR (0x01|0x11|0x00)
                  raw data (7): 01 11 00 07 00|00 4e e4 08 dc 1b 00
19:14:03:806	< BTP_GAP_CMD_PAIR (0x01|0x11|0x00)
                  raw data (0): 01 11 00 00 00|
19:14:03:865	< BTP_GAP_EV_ENCRYPTION_CHANGE (0x01|0x91|0x00)
                  raw data (9): 01 91 00 09 00|00 4e e4 08 dc 1b 00 00 00
19:14:03:865	< BTP_GAP_EV_PAIRING_FAILED (0x01|0x8c|0x00)
                  raw data (8): 01 8c 00 08 00|00 4e e4 08 dc 1b 00 04
19:14:04:868	> BTP_GAP_CMD_DISCONNECT (0x01|0x0f|0x00)
                  raw data (7): 01 0f 00 07 00|00 4e e4 08 dc 1b 00
19:14:04:998	< BTP_GAP_CMD_DISCONNECT (0x01|0x0f|0x00)
                  raw data (0): 01 0f 00 00 00|
19:14:05:037	< BTP_GAP_EV_DEVICE_DISCONNECTED (0x01|0x83|0x00)
                  raw data (7): 01 83 00 07 00|00 4e e4 08 dc 1b 00
19:14:06:040	> BTP_GAP_CMD_CONNECT (0x01|0x0e|0x00)
                  raw data (8): 01 0e 00 08 00|00 4e e4 08 dc 1b 00 00
19:14:06:159	< BTP_GAP_CMD_CONNECT (0x01|0x0e|0x00)
                  raw data (0): 01 0e 00 00 00|
19:14:06:200	< BTP_GAP_EV_DEVICE_CONNECTED (0x01|0x82|0x00)
                  raw data (13): 
                  01 82 00 0d 00|00 4e e4 08 dc 1b 00 24 00 00 00 
                  90 01
19:14:07:196	> BTP_GAP_CMD_PAIR (0x01|0x11|0x00)
                  raw data (7): 01 11 00 07 00|00 4e e4 08 dc 1b 00
19:14:07:334	< BTP_GAP_CMD_PAIR (0x01|0x11|0x00)
                  raw data (0): 01 11 00 00 00|
19:14:07:365	< BTP_GAP_EV_ENCRYPTION_CHANGE (0x01|0x91|0x00)
                  raw data (9): 01 91 00 09 00|00 4e e4 08 dc 1b 00 00 00
19:14:07:365	< BTP_GAP_EV_PAIRING_FAILED (0x01|0x8c|0x00)
                  raw data (8): 01 8c 00 08 00|00 4e e4 08 dc 1b 00 04
19:14:08:372	> BTP_GAP_CMD_DISCONNECT (0x01|0x0f|0x00)
                  raw data (7): 01 0f 00 07 00|00 4e e4 08 dc 1b 00
19:14:08:481	< BTP_GAP_CMD_DISCONNECT (0x01|0x0f|0x00)
                  raw data (0): 01 0f 00 00 00|
19:14:08:503	< BTP_GAP_EV_DEVICE_DISCONNECTED (0x01|0x83|0x00)
                  raw data (7): 01 83 00 07 00|00 4e e4 08 dc 1b 00
19:14:09:521	> BTP_GAP_CMD_CONNECT (0x01|0x0e|0x00)
                  raw data (8): 01 0e 00 08 00|00 4e e4 08 dc 1b 00 00
19:14:09:649	< BTP_GAP_CMD_CONNECT (0x01|0x0e|0x00)
                  raw data (0): 01 0e 00 00 00|
19:14:09:689	< BTP_GAP_EV_DEVICE_CONNECTED (0x01|0x82|0x00)
                  raw data (13): 
                  01 82 00 0d 00|00 4e e4 08 dc 1b 00 24 00 00 00 
                  90 01
19:14:10:686	> BTP_GAP_CMD_PAIR (0x01|0x11|0x00)
                  raw data (7): 01 11 00 07 00|00 4e e4 08 dc 1b 00
19:14:10:785	< BTP_GAP_CMD_PAIR (0x01|0x11|0x00)
                  raw data (0): 01 11 00 00 00|
19:14:10:807	< BTP_GAP_EV_ENCRYPTION_CHANGE (0x01|0x91|0x00)
                  raw data (9): 01 91 00 09 00|00 4e e4 08 dc 1b 00 00 00
19:14:10:811	< BTP_GAP_EV_PAIRING_FAILED (0x01|0x8c|0x00)
                  raw data (8): 01 8c 00 08 00|00 4e e4 08 dc 1b 00 04
19:14:11:820	> BTP_GAP_CMD_DISCONNECT (0x01|0x0f|0x00)
                  raw data (7): 01 0f 00 07 00|00 4e e4 08 dc 1b 00
19:14:11:929	< BTP_GAP_CMD_DISCONNECT (0x01|0x0f|0x00)
                  raw data (0): 01 0f 00 00 00|
19:14:11:959	< BTP_GAP_EV_DEVICE_DISCONNECTED (0x01|0x83|0x00)
                  raw data (7): 01 83 00 07 00|00 4e e4 08 dc 1b 00
19:14:12:969	> BTP_GAP_CMD_CONNECT (0x01|0x0e|0x00)
                  raw data (8): 01 0e 00 08 00|00 4e e4 08 dc 1b 00 00
19:14:13:098	< BTP_GAP_CMD_CONNECT (0x01|0x0e|0x00)
                  raw data (0): 01 0e 00 00 00|
19:14:13:137	< BTP_GAP_EV_DEVICE_CONNECTED (0x01|0x82|0x00)
                  raw data (13): 
                  01 82 00 0d 00|00 4e e4 08 dc 1b 00 24 00 00 00 
                  90 01
19:14:14:146	> BTP_GAP_CMD_PAIR (0x01|0x11|0x00)
                  raw data (7): 01 11 00 07 00|00 4e e4 08 dc 1b 00
19:14:14:256	< BTP_GAP_CMD_PAIR (0x01|0x11|0x00)
                  raw data (0): 01 11 00 00 00|
19:14:14:286	< BTP_GAP_EV_ENCRYPTION_CHANGE (0x01|0x91|0x00)
                  raw data (9): 01 91 00 09 00|00 4e e4 08 dc 1b 00 00 00
19:14:14:286	< BTP_GAP_EV_PAIRING_FAILED (0x01|0x8c|0x00)
                  raw data (8): 01 8c 00 08 00|00 4e e4 08 dc 1b 00 04
19:14:15:298	> BTP_GAP_CMD_DISCONNECT (0x01|0x0f|0x00)
                  raw data (7): 01 0f 00 07 00|00 4e e4 08 dc 1b 00
19:14:15:425	< BTP_GAP_CMD_DISCONNECT (0x01|0x0f|0x00)
                  raw data (0): 01 0f 00 00 00|
19:14:15:435	< BTP_GAP_EV_DEVICE_DISCONNECTED (0x01|0x83|0x00)
                  raw data (7): 01 83 00 07 00|00 4e e4 08 dc 1b 00
19:14:16:447	> BTP_GAP_CMD_CONNECT (0x01|0x0e|0x00)
                  raw data (8): 01 0e 00 08 00|00 4e e4 08 dc 1b 00 00
19:14:16:566	< BTP_GAP_CMD_CONNECT (0x01|0x0e|0x00)
                  raw data (0): 01 0e 00 00 00|
19:14:16:997	< BTP_GAP_EV_DEVICE_CONNECTED (0x01|0x82|0x00)
                  raw data (13): 
                  01 82 00 0d 00|00 4e e4 08 dc 1b 00 24 00 00 00 
                  90 01
19:14:17:595	> BTP_GAP_CMD_PAIR (0x01|0x11|0x00)
                  raw data (7): 01 11 00 07 00|00 4e e4 08 dc 1b 00
19:14:17:703	< BTP_GAP_CMD_PAIR (0x01|0x11|0x00)
                  raw data (0): 01 11 00 00 00|
19:14:17:705	< BTP_GAP_EV_ENCRYPTION_CHANGE (0x01|0x91|0x00)
                  raw data (9): 01 91 00 09 00|00 4e e4 08 dc 1b 00 00 00
19:14:17:708	< BTP_GAP_EV_PAIRING_FAILED (0x01|0x8c|0x00)
                  raw data (8): 01 8c 00 08 00|00 4e e4 08 dc 1b 00 04
19:14:18:727	> BTP_GAP_CMD_DISCONNECT (0x01|0x0f|0x00)
                  raw data (7): 01 0f 00 07 00|00 4e e4 08 dc 1b 00
19:14:18:847	< BTP_GAP_CMD_DISCONNECT (0x01|0x0f|0x00)
                  raw data (0): 01 0f 00 00 00|
19:14:18:877	< BTP_GAP_EV_DEVICE_DISCONNECTED (0x01|0x83|0x00)
                  raw data (7): 01 83 00 07 00|00 4e e4 08 dc 1b 00
19:14:19:885	> BTP_GAP_CMD_CONNECT (0x01|0x0e|0x00)
                  raw data (8): 01 0e 00 08 00|00 4e e4 08 dc 1b 00 00
19:14:19:994	< BTP_GAP_CMD_CONNECT (0x01|0x0e|0x00)
                  raw data (0): 01 0e 00 00 00|
19:14:20:063	< BTP_GAP_EV_DEVICE_CONNECTED (0x01|0x82|0x00)
                  raw data (13): 
                  01 82 00 0d 00|00 4e e4 08 dc 1b 00 24 00 00 00 
                  90 01
19:14:21:037	> BTP_GAP_CMD_PAIR (0x01|0x11|0x00)
                  raw data (7): 01 11 00 07 00|00 4e e4 08 dc 1b 00
19:14:21:157	< BTP_GAP_CMD_PAIR (0x01|0x11|0x00)
                  raw data (0): 01 11 00 00 00|
19:14:21:187	< BTP_GAP_EV_ENCRYPTION_CHANGE (0x01|0x91|0x00)
                  raw data (9): 01 91 00 09 00|00 4e e4 08 dc 1b 00 00 00
19:14:21:187	< BTP_GAP_EV_PAIRING_FAILED (0x01|0x8c|0x00)
                  raw data (8): 01 8c 00 08 00|00 4e e4 08 dc 1b 00 04
19:14:22:197	> BTP_GAP_CMD_DISCONNECT (0x01|0x0f|0x00)
                  raw data (7): 01 0f 00 07 00|00 4e e4 08 dc 1b 00
19:14:22:306	< BTP_GAP_CMD_DISCONNECT (0x01|0x0f|0x00)
                  raw data (0): 01 0f 00 00 00|
19:14:22:354	< BTP_GAP_EV_DEVICE_DISCONNECTED (0x01|0x83|0x00)
                  raw data (7): 01 83 00 07 00|00 4e e4 08 dc 1b 00
19:14:23:361	> BTP_GAP_CMD_CONNECT (0x01|0x0e|0x00)
                  raw data (8): 01 0e 00 08 00|00 4e e4 08 dc 1b 00 00
19:14:23:469	< BTP_GAP_CMD_CONNECT (0x01|0x0e|0x00)
                  raw data (0): 01 0e 00 00 00|
19:14:23:540	< BTP_GAP_EV_DEVICE_CONNECTED (0x01|0x82|0x00)
                  raw data (13): 
                  01 82 00 0d 00|00 4e e4 08 dc 1b 00 24 00 00 00 
                  90 01
19:14:24:496	> BTP_GAP_CMD_PAIR (0x01|0x11|0x00)
                  raw data (7): 01 11 00 07 00|00 4e e4 08 dc 1b 00
19:14:24:605	< BTP_GAP_CMD_PAIR (0x01|0x11|0x00)
                  raw data (0): 01 11 00 00 00|
19:14:24:644	< BTP_GAP_EV_ENCRYPTION_CHANGE (0x01|0x91|0x00)
                  raw data (9): 01 91 00 09 00|00 4e e4 08 dc 1b 00 00 00
19:14:24:647	< BTP_GAP_EV_PAIRING_FAILED (0x01|0x8c|0x00)
                  raw data (8): 01 8c 00 08 00|00 4e e4 08 dc 1b 00 04
19:14:25:657	> BTP_GAP_CMD_DISCONNECT (0x01|0x0f|0x00)
                  raw data (7): 01 0f 00 07 00|00 4e e4 08 dc 1b 00
19:14:25:767	< BTP_GAP_CMD_DISCONNECT (0x01|0x0f|0x00)
                  raw data (0): 01 0f 00 00 00|
19:14:25:767	< BTP_GAP_EV_DEVICE_DISCONNECTED (0x01|0x83|0x00)
                  raw data (7): 01 83 00 07 00|00 4e e4 08 dc 1b 00
19:14:26:780	> BTP_GAP_CMD_CONNECT (0x01|0x0e|0x00)
                  raw data (8): 01 0e 00 08 00|00 4e e4 08 dc 1b 00 00
19:14:26:890	< BTP_GAP_CMD_CONNECT (0x01|0x0e|0x00)
                  raw data (0): 01 0e 00 00 00|
19:14:27:070	< BTP_GAP_EV_DEVICE_CONNECTED (0x01|0x82|0x00)
                  raw data (13): 
                  01 82 00 0d 00|00 4e e4 08 dc 1b 00 24 00 00 00 
                  90 01
19:14:27:894	> BTP_GAP_CMD_PAIR (0x01|0x11|0x00)
                  raw data (7): 01 11 00 07 00|00 4e e4 08 dc 1b 00
19:14:27:973	< BTP_GAP_CMD_PAIR (0x01|0x11|0x00)
                  raw data (0): 01 11 00 00 00|
19:14:27:993	< BTP_GAP_EV_ENCRYPTION_CHANGE (0x01|0x91|0x00)
                  raw data (9): 01 91 00 09 00|00 4e e4 08 dc 1b 00 00 00
19:14:27:993	< BTP_GAP_EV_PAIRING_FAILED (0x01|0x8c|0x00)
                  raw data (8): 01 8c 00 08 00|00 4e e4 08 dc 1b 00 04
19:14:28:999	> BTP_GAP_CMD_DISCONNECT (0x01|0x0f|0x00)
                  raw data (7): 01 0f 00 07 00|00 4e e4 08 dc 1b 00
19:14:29:099	< BTP_GAP_CMD_DISCONNECT (0x01|0x0f|0x00)
                  raw data (0): 01 0f 00 00 00|
19:14:29:138	< BTP_GAP_EV_DEVICE_DISCONNECTED (0x01|0x83|0x00)
                  raw data (7): 01 83 00 07 00|00 4e e4 08 dc 1b 00
19:14:34:631	< BTP_CORE_EV_IUT_READY (0x00|0x80|0xff)
                  raw data (0): 00 80 ff 00 00|
