< 2025/02/10 13:46:17.554438  length=5 from=0 to=4
 00 80 ff 00 00                                   .....
--
> 2025/02/10 13:46:17.654341  length=6 from=0 to=5
 00 03 ff 01 00 01                                ......
--
< 2025/02/10 13:46:17.694407  length=5 from=5 to=9
 00 03 ff 00 00                                   .....
--
> 2025/02/10 13:46:17.791864  length=5 from=6 to=10
 01 03 00 00 00                                   .....
--
< 2025/02/10 13:46:18.632026  length=192 from=10 to=201
 01 03 00 15 01 28 00 03 37 60 00 13 06 02 00 13  .....(..7`......
 02 00 00 00 00 00 62 74 70 5f 74 65 73 74 65 72  ......btp_tester
 00 00 00 00 00 00 00 00 00 00 00 00 00 00 00 00  ................
 00 00 00 00 00 00 00 00 00 00 00 00 00 00 00 00  ................
 00 00 00 00 00 00 00 00 00 00 00 00 00 00 00 00  ................
 00 00 00 00 00 00 00 00 00 00 00 00 00 00 00 00  ................
 00 00 00 00 00 00 00 00 00 00 00 00 00 00 00 00  ................
 00 00 00 00 00 00 00 00 00 00 00 00 00 00 00 00  ................
 00 00 00 00 00 00 00 00 00 00 00 00 00 00 00 00  ................
 00 00 00 00 00 00 00 00 00 00 00 00 00 00 00 00  ................
 00 00 00 00 00 00 00 00 00 00 00 00 00 00 00 00  ................
 00 00 00 00 00 00 00 00 00 00 00 00 00 00 00 00  ................
--
< 2025/02/10 13:46:18.643564  length=90 from=202 to=291
 00 00 00 00 00 00 00 00 00 00 00 00 00 00 00 00  ................
 00 00 00 00 00 00 00 00 00 00 00 00 00 00 00 00  ................
 00 00 00 00 00 00 00 00 00 00 00 00 00 00 00 00  ................
 00 00 00 00 00 00 00 00 00 00 00 00 00 00 00 00  ................
 00 00 00 00 00 00 00 00 00 00 00 00 00 00 00 00  ................
 00 00 00 00 00 00 00 00 00 00                    ..........
--
> 2025/02/10 13:46:18.841856  length=6 from=11 to=16
 00 03 ff 01 00 02                                ......
--
< 2025/02/10 13:46:18.861983  length=5 from=292 to=296
 00 03 ff 00 00                                   .....
--
> 2025/02/10 13:46:18.947962  length=6 from=17 to=22
 01 10 00 01 00 04                                ......
--
< 2025/02/10 13:46:18.968049  length=5 from=297 to=301
 01 10 00 00 00                                   .....
--
> 2025/02/10 13:46:19.064589  length=9 from=23 to=31
 02 02 00 04 00 00 02 aa 51                       ........Q
--
< 2025/02/10 13:46:19.084723  length=7 from=302 to=308
 02 02 00 02 00 00 00                             .......
--
> 2025/02/10 13:46:19.164593  length=12 from=32 to=43
 02 03 00 07 00 00 00 02 11 02 aa 52              ...........R
--
< 2025/02/10 13:46:19.184706  length=7 from=309 to=315
 02 03 00 02 00 00 00                             .......
--
> 2025/02/10 13:46:19.320700  length=10 from=44 to=53
 02 06 00 05 00 00 00 01 00 01                    ..........
--
< 2025/02/10 13:46:19.340875  length=5 from=316 to=320
 02 06 00 00 00                                   .....
--
> 2025/02/10 13:46:19.420659  length=12 from=54 to=65
 02 03 00 07 00 00 00 02 05 02 aa 53              ...........S
--
< 2025/02/10 13:46:19.440716  length=7 from=321 to=327
 02 03 00 02 00 00 00                             .......
--
> 2025/02/10 13:46:19.580721  length=10 from=66 to=75
 02 06 00 05 00 00 00 01 00 02                    ..........
--
< 2025/02/10 13:46:19.600877  length=5 from=328 to=332
 02 06 00 00 00                                   .....
--
> 2025/02/10 13:46:19.700744  length=12 from=76 to=87
 02 03 00 07 00 00 00 42 03 02 aa 54              .......B...T
--
< 2025/02/10 13:46:19.720785  length=7 from=333 to=339
 02 03 00 02 00 00 00                             .......
--
> 2025/02/10 13:46:19.852815  length=10 from=88 to=97
 02 06 00 05 00 00 00 01 00 03                    ..........
--
< 2025/02/10 13:46:19.872823  length=5 from=340 to=344
 02 06 00 00 00                                   .....
--
> 2025/02/10 13:46:19.952753  length=12 from=98 to=109
 02 03 00 07 00 00 00 0a                          ........
 30 02 aa 55                                      0..U
--
< 2025/02/10 13:46:19.972881  length=7 from=345 to=351
 02 03 00 02 00 00 00                             .......
--
> 2025/02/10 13:46:20.052799  length=10 from=110 to=119
 02 06 00 05 00 00 00 01 00 04                    ..........
--
< 2025/02/10 13:46:20.072962  length=5 from=352 to=356
 02 06 00 00 00                                   .....
--
> 2025/02/10 13:46:20.192808  length=5 from=120 to=124
 02 07 00 00 00                                   .....
--
< 2025/02/10 13:46:20.212980  length=8 from=357 to=364
 02 07 00 03 00 00 00 00                          ........
--
> 2025/02/10 13:46:24.376730  length=10 from=125 to=134
 01 22 00 05 00 01 96 00 c8 00                    ."........
--
< 2025/02/10 13:46:24.396876  length=6 from=365 to=370
 01 00 00 01 00 01                                ......
--
< 2025/02/10 13:46:24.897200  length=5 from=371 to=375
 00 80 ff 00 00                                   .....
--
