2025-02-15 23:18:35,887 LT1-thread root DEBUG client.py                 71    logger_log                : Starting TestCase _run_test_case GAP GAP/CONN/PRDA/BV-01-C
2025-02-15 23:18:35,887 LT1-thread root DEBUG client.py                 71    logger_log                : pre_run GAP GAP/CONN/PRDA/BV-01-C
2025-02-15 23:18:35,887 LT1-thread root DEBUG client.py                 71    logger_log                : About to run test case GAP GAP/CONN/PRDA/BV-01-C with commands:
2025-02-15 23:18:35,887 LT1-thread root DEBUG client.py                 71    logger_log                : 0) class=<class 'autopts.ptsprojects.testcase.TestFunc'>, func=<bound method Stack.core_init of <autopts.ptsprojects.stack.stack.Stack object at 0x0000020D6A103FD0>> start_wid=None stop_wid=None post_wid=None skip_call=None call_count=0 args=() kwds={}
2025-02-15 23:18:35,887 LT1-thread root DEBUG client.py                 71    logger_log                : 1) class=<class 'autopts.ptsprojects.testcase.TestFunc'>, func=<bound method ZephyrCtl.hw_reset of <autopts.ptsprojects.zephyr.iutctl.ZephyrCtl object at 0x0000020D66F4B710>> start_wid=None stop_wid=None post_wid=None skip_call=None call_count=0 args=() kwds={}
2025-02-15 23:18:35,887 LT1-thread root DEBUG client.py                 71    logger_log                : 2) class=<class 'autopts.ptsprojects.testcase.TestFunc'>, func=<bound method ZephyrCtl.start of <autopts.ptsprojects.zephyr.iutctl.ZephyrCtl object at 0x0000020D66F4B710>> start_wid=None stop_wid=None post_wid=None skip_call=None call_count=0 args=(<autopts.ptsprojects.zephyr.ztestcase.ZTestCase object at 0x0000020D6A985650>,) kwds={}
2025-02-15 23:18:35,887 LT1-thread root DEBUG client.py                 71    logger_log                : 3) class=<class 'autopts.ptsprojects.testcase.TestFunc'>, func=<bound method ZephyrCtl.hw_reset of <autopts.ptsprojects.zephyr.iutctl.ZephyrCtl object at 0x0000020D66F4B710>> start_wid=None stop_wid=None post_wid=None skip_call=None call_count=0 args=() kwds={}
2025-02-15 23:18:35,887 LT1-thread root DEBUG client.py                 71    logger_log                : 4) class=<class 'autopts.ptsprojects.testcase.TestFunc'>, func=<bound method ZephyrCtl.wait_iut_ready_event of <autopts.ptsprojects.zephyr.iutctl.ZephyrCtl object at 0x0000020D66F4B710>> start_wid=None stop_wid=None post_wid=None skip_call=None call_count=0 args=(False,) kwds={}
2025-02-15 23:18:35,887 LT1-thread root DEBUG client.py                 71    logger_log                : 5) class=<class 'autopts.ptsprojects.testcase.TestFunc'>, func=<function core_reg_svc_gap at 0x0000020D65B187C0> start_wid=None stop_wid=None post_wid=None skip_call=None call_count=43 args=() kwds={}
2025-02-15 23:18:35,887 LT1-thread root DEBUG client.py                 71    logger_log                : 6) class=<class 'autopts.ptsprojects.testcase.TestFunc'>, func=<bound method Stack.gap_init of <autopts.ptsprojects.stack.stack.Stack object at 0x0000020D6A103FD0>> start_wid=None stop_wid=None post_wid=None skip_call=None call_count=43 args=(b'Tester_25DE2A', 'ABCD', '1111', '1111', '11', '1111', b'\x17github.com/auto-pts', (8, 'PADV_Tester'), 'FF') kwds={}
2025-02-15 23:18:35,887 LT1-thread root DEBUG client.py                 71    logger_log                : 7) class=<class 'autopts.ptsprojects.testcase.TestFunc'>, func=<function gap_read_ctrl_info at 0x0000020D65B28680> start_wid=None stop_wid=None post_wid=None skip_call=None call_count=43 args=() kwds={}
2025-02-15 23:18:35,887 LT1-thread root DEBUG client.py                 71    logger_log                : 8) class=<class 'autopts.ptsprojects.testcase.TestFunc'>, func=<function test_cases.<locals>.<lambda> at 0x0000020D6A8E09A0> start_wid=None stop_wid=None post_wid=None skip_call=None call_count=43 args=() kwds={}
2025-02-15 23:18:35,887 LT1-thread root DEBUG client.py                 71    logger_log                : 9) class=<class 'autopts.ptsprojects.testcase.TestFunc'>, func=<function test_cases.<locals>.<lambda> at 0x0000020D6A8E0A40> start_wid=None stop_wid=None post_wid=None skip_call=None call_count=43 args=() kwds={}
2025-02-15 23:18:35,887 LT1-thread root DEBUG client.py                 71    logger_log                : 10) class=<class 'autopts.ptsprojects.testcase.TestFunc'>, func=<function test_cases.<locals>.<lambda> at 0x0000020D6A8E0AE0> start_wid=None stop_wid=None post_wid=None skip_call=None call_count=43 args=() kwds={}
2025-02-15 23:18:35,887 LT1-thread root DEBUG client.py                 71    logger_log                : 11) class=<class 'autopts.ptsprojects.testcase.TestFunc'>, func=<function test_cases.<locals>.<lambda> at 0x0000020D6A8E0B80> start_wid=None stop_wid=None post_wid=None skip_call=None call_count=43 args=() kwds={}
2025-02-15 23:18:35,887 LT1-thread root DEBUG client.py                 71    logger_log                : 12) class=<class 'autopts.ptsprojects.testcase.TestFunc'>, func=<function test_cases.<locals>.<lambda> at 0x0000020D6A8E0C20> start_wid=None stop_wid=None post_wid=None skip_call=None call_count=43 args=() kwds={}
2025-02-15 23:18:35,887 LT1-thread root DEBUG client.py                 71    logger_log                : 13) class=<class 'autopts.ptsprojects.testcase.TestFunc'>, func=<function test_cases.<locals>.<lambda> at 0x0000020D6A8E0CC0> start_wid=None stop_wid=None post_wid=None skip_call=None call_count=43 args=() kwds={}
2025-02-15 23:18:35,887 LT1-thread root DEBUG client.py                 71    logger_log                : 14) class=<class 'autopts.ptsprojects.testcase.TestFunc'>, func=<function test_cases.<locals>.<lambda> at 0x0000020D6A8E0D60> start_wid=None stop_wid=None post_wid=None skip_call=None call_count=43 args=() kwds={}
2025-02-15 23:18:35,887 LT1-thread root DEBUG client.py                 71    logger_log                : 15) class=<class 'autopts.ptsprojects.testcase.TestFunc'>, func=<function test_cases.<locals>.<lambda> at 0x0000020D6A8E0E00> start_wid=None stop_wid=None post_wid=None skip_call=None call_count=43 args=() kwds={}
2025-02-15 23:18:35,887 LT1-thread root DEBUG client.py                 71    logger_log                : 16) class=<class 'autopts.ptsprojects.testcase.TestFunc'>, func=<function test_cases.<locals>.<lambda> at 0x0000020D6A8E0EA0> start_wid=None stop_wid=None post_wid=None skip_call=None call_count=43 args=() kwds={}
2025-02-15 23:18:35,887 LT1-thread root DEBUG client.py                 71    logger_log                : 17) class=<class 'autopts.ptsprojects.testcase.TestFunc'>, func=<function test_cases.<locals>.<lambda> at 0x0000020D6A8E0F40> start_wid=None stop_wid=None post_wid=None skip_call=None call_count=43 args=() kwds={}
2025-02-15 23:18:35,887 LT1-thread root DEBUG client.py                 71    logger_log                : 18) class=<class 'autopts.ptsprojects.testcase.TestFunc'>, func=<function test_cases.<locals>.<lambda> at 0x0000020D6A8E0FE0> start_wid=None stop_wid=None post_wid=None skip_call=None call_count=43 args=() kwds={}
2025-02-15 23:18:35,887 LT1-thread root DEBUG client.py                 71    logger_log                : 19) class=<class 'autopts.ptsprojects.testcase.TestFunc'>, func=<function test_cases.<locals>.<lambda> at 0x0000020D6A8E1080> start_wid=None stop_wid=None post_wid=None skip_call=None call_count=43 args=() kwds={}
2025-02-15 23:18:35,887 LT1-thread root DEBUG client.py                 71    logger_log                : 20) class=<class 'autopts.ptsprojects.testcase.TestFunc'>, func=<function core_reg_svc_gatt at 0x0000020D65B18900> start_wid=None stop_wid=None post_wid=None skip_call=None call_count=43 args=() kwds={}
2025-02-15 23:18:35,887 LT1-thread root DEBUG client.py                 71    logger_log                : 21) class=<class 'autopts.ptsprojects.testcase.TestFunc'>, func=<bound method Stack.gatt_init of <autopts.ptsprojects.stack.stack.Stack object at 0x0000020D6A103FD0>> start_wid=None stop_wid=None post_wid=None skip_call=None call_count=43 args=() kwds={}
2025-02-15 23:18:35,887 LT1-thread root DEBUG client.py                 71    logger_log                : 22) class=<class 'autopts.ptsprojects.testcase.TestFunc'>, func=<function gap_set_io_cap at 0x0000020D65B1BBA0> start_wid=None stop_wid=None post_wid=None skip_call=None call_count=43 args=(4,) kwds={}
2025-02-15 23:18:35,887 LT1-thread root DEBUG client.py                 71    logger_log                : 23) class=<class 'autopts.ptsprojects.testcase.TestFunc'>, func=<function set_pts_addr at 0x0000020D65B18360> start_wid=None stop_wid=None post_wid=None skip_call=None call_count=43 args=('C0:07:E8:25:DE:2A', 0) kwds={}
2025-02-15 23:18:35,887 LT1-thread root DEBUG client.py                 71    logger_log                : 24) class=<class 'autopts.ptsprojects.testcase.TestFunc'>, func=<function gatts_add_svc at 0x0000020D65B2A020> start_wid=None stop_wid=None post_wid=None skip_call=None call_count=43 args=(0, 'AA51') kwds={}
2025-02-15 23:18:35,887 LT1-thread root DEBUG client.py                 71    logger_log                : 25) class=<class 'autopts.ptsprojects.testcase.TestFunc'>, func=<function gatts_add_char at 0x0000020D65B2A160> start_wid=None stop_wid=None post_wid=None skip_call=None call_count=43 args=(0, 2, 17, 'AA52') kwds={}
2025-02-15 23:18:35,887 LT1-thread root DEBUG client.py                 71    logger_log                : 26) class=<class 'autopts.ptsprojects.testcase.TestFunc'>, func=<function gatts_set_val at 0x0000020D65B2A200> start_wid=None stop_wid=None post_wid=None skip_call=None call_count=43 args=(0, '01') kwds={}
2025-02-15 23:18:35,887 LT1-thread root DEBUG client.py                 71    logger_log                : 27) class=<class 'autopts.ptsprojects.testcase.TestFunc'>, func=<function gatts_add_char at 0x0000020D65B2A160> start_wid=None stop_wid=None post_wid=None skip_call=None call_count=43 args=(0, 2, 5, 'AA53') kwds={}
2025-02-15 23:18:35,887 LT1-thread root DEBUG client.py                 71    logger_log                : 28) class=<class 'autopts.ptsprojects.testcase.TestFunc'>, func=<function gatts_set_val at 0x0000020D65B2A200> start_wid=None stop_wid=None post_wid=None skip_call=None call_count=43 args=(0, '02') kwds={}
2025-02-15 23:18:35,887 LT1-thread root DEBUG client.py                 71    logger_log                : 29) class=<class 'autopts.ptsprojects.testcase.TestFunc'>, func=<function gatts_add_char at 0x0000020D65B2A160> start_wid=None stop_wid=None post_wid=None skip_call=None call_count=43 args=(0, 66, 3, 'AA54') kwds={}
2025-02-15 23:18:35,887 LT1-thread root DEBUG client.py                 71    logger_log                : 30) class=<class 'autopts.ptsprojects.testcase.TestFunc'>, func=<function gatts_set_val at 0x0000020D65B2A200> start_wid=None stop_wid=None post_wid=None skip_call=None call_count=43 args=(0, '03') kwds={}
2025-02-15 23:18:35,887 LT1-thread root DEBUG client.py                 71    logger_log                : 31) class=<class 'autopts.ptsprojects.testcase.TestFunc'>, func=<function gatts_add_char at 0x0000020D65B2A160> start_wid=None stop_wid=None post_wid=None skip_call=None call_count=43 args=(0, 10, 48, 'AA55') kwds={}
2025-02-15 23:18:35,887 LT1-thread root DEBUG client.py                 71    logger_log                : 32) class=<class 'autopts.ptsprojects.testcase.TestFunc'>, func=<function gatts_set_val at 0x0000020D65B2A200> start_wid=None stop_wid=None post_wid=None skip_call=None call_count=43 args=(0, '04') kwds={}
2025-02-15 23:18:35,887 LT1-thread root DEBUG client.py                 71    logger_log                : 33) class=<class 'autopts.ptsprojects.testcase.TestFunc'>, func=<function gatts_start_server at 0x0000020D65B2A480> start_wid=None stop_wid=None post_wid=None skip_call=None call_count=43 args=() kwds={}
2025-02-15 23:18:35,887 LT1-thread root DEBUG client.py                 71    logger_log                : 34) class=<class 'autopts.ptsprojects.testcase.TestFuncCleanUp'>, func=<bound method Stack.cleanup of <autopts.ptsprojects.stack.stack.Stack object at 0x0000020D6A103FD0>> start_wid=None stop_wid=None post_wid=None skip_call=None call_count=0 args=() kwds={}
2025-02-15 23:18:35,887 LT1-thread root DEBUG client.py                 71    logger_log                : 35) class=<class 'autopts.ptsprojects.testcase.TestFuncCleanUp'>, func=<bound method ZephyrCtl.stop of <autopts.ptsprojects.zephyr.iutctl.ZephyrCtl object at 0x0000020D66F4B710>> start_wid=None stop_wid=None post_wid=None skip_call=None call_count=0 args=() kwds={}
2025-02-15 23:18:35,887 LT1-thread root DEBUG client.py                 71    logger_log                : pre_run, run pre test case script
2025-02-15 23:18:35,897 LT1-thread root DEBUG client.py                 71    logger_log                : Starting test function: class=<class 'autopts.ptsprojects.testcase.TestFunc'>, func=<bound method Stack.core_init of <autopts.ptsprojects.stack.stack.Stack object at 0x0000020D6A103FD0>> start_wid=None stop_wid=None post_wid=None skip_call=None call_count=1 args=() kwds={}
2025-02-15 23:18:35,897 LT1-thread root DEBUG client.py                 71    logger_log                : Test function parameters: args=(), kwds={}
2025-02-15 23:18:35,897 LT1-thread root DEBUG client.py                 71    logger_log                : Starting test function: class=<class 'autopts.ptsprojects.testcase.TestFunc'>, func=<bound method ZephyrCtl.hw_reset of <autopts.ptsprojects.zephyr.iutctl.ZephyrCtl object at 0x0000020D66F4B710>> start_wid=None stop_wid=None post_wid=None skip_call=None call_count=1 args=() kwds={}
2025-02-15 23:18:35,897 LT1-thread root DEBUG client.py                 71    logger_log                : Test function parameters: args=(), kwds={}
2025-02-15 23:18:35,897 LT1-thread root DEBUG client.py                 71    logger_log                : Starting test function: class=<class 'autopts.ptsprojects.testcase.TestFunc'>, func=<bound method ZephyrCtl.start of <autopts.ptsprojects.zephyr.iutctl.ZephyrCtl object at 0x0000020D66F4B710>> start_wid=None stop_wid=None post_wid=None skip_call=None call_count=1 args=(<autopts.ptsprojects.zephyr.ztestcase.ZTestCase object at 0x0000020D6A985650>,) kwds={}
2025-02-15 23:18:35,897 LT1-thread root DEBUG client.py                 71    logger_log                : Test function parameters: args=(<autopts.ptsprojects.zephyr.ztestcase.ZTestCase object at 0x0000020D6A985650>,), kwds={}
2025-02-15 23:18:35,897 LT1-thread root DEBUG client.py                 71    logger_log                : <class 'autopts.ptsprojects.zephyr.iutctl.ZephyrCtl'>.start
2025-02-15 23:18:35,897 LT1-thread root DEBUG client.py                 71    logger_log                : <class 'autopts.ptsprojects.zephyr.iutctl.ZephyrCtl'>.flush_serial
2025-02-15 23:18:37,187 LT1-thread root DEBUG client.py                 71    logger_log                : Starting socat process: socat.exe -x -v tcp:10.192.253.135:51393,retry=100,interval=1 /dev/ttyS35,raw,b115200
2025-02-15 23:18:37,197 LT1-thread root DEBUG client.py                 71    logger_log                : accept
2025-02-15 23:18:37,307 BTPWorkerThread-909 (_rx_task) root DEBUG client.py                 71    logger_log                : BTPWorkerThread-909 (_rx_task) started
2025-02-15 23:18:37,307 LT1-thread root DEBUG client.py                 71    logger_log                : Starting test function: class=<class 'autopts.ptsprojects.testcase.TestFunc'>, func=<bound method ZephyrCtl.hw_reset of <autopts.ptsprojects.zephyr.iutctl.ZephyrCtl object at 0x0000020D66F4B710>> start_wid=None stop_wid=None post_wid=None skip_call=None call_count=1 args=() kwds={}
2025-02-15 23:18:37,307 LT1-thread root DEBUG client.py                 71    logger_log                : Test function parameters: args=(), kwds={}
2025-02-15 23:18:37,307 LT1-thread root DEBUG client.py                 71    logger_log                : Starting test function: class=<class 'autopts.ptsprojects.testcase.TestFunc'>, func=<bound method ZephyrCtl.wait_iut_ready_event of <autopts.ptsprojects.zephyr.iutctl.ZephyrCtl object at 0x0000020D66F4B710>> start_wid=None stop_wid=None post_wid=None skip_call=None call_count=1 args=(False,) kwds={}
2025-02-15 23:18:37,307 LT1-thread root DEBUG client.py                 71    logger_log                : Test function parameters: args=(False,), kwds={}
2025-02-15 23:18:37,307 LT1-thread root DEBUG client.py                 71    logger_log                : IUT ready event received OK
2025-02-15 23:18:37,307 LT1-thread root DEBUG client.py                 71    logger_log                : Starting test function: class=<class 'autopts.ptsprojects.testcase.TestFunc'>, func=<function core_reg_svc_gap at 0x0000020D65B187C0> start_wid=None stop_wid=None post_wid=None skip_call=None call_count=44 args=() kwds={}
2025-02-15 23:18:37,307 LT1-thread root DEBUG client.py                 71    logger_log                : Test function parameters: args=(), kwds={}
2025-02-15 23:18:37,307 LT1-thread root DEBUG client.py                 71    logger_log                : core_reg_svc_gap
2025-02-15 23:18:37,307 LT1-thread root DEBUG client.py                 71    logger_log                : send, 0 3 255 '1'
2025-02-15 23:18:37,307 LT1-thread root DEBUG client.py                 71    logger_log                : sending frame '0003ff010001'
2025-02-15 23:18:37,307 LT1-thread root DEBUG client.py                 71    logger_log                : core_reg_svc_rsp_succ
2025-02-15 23:18:37,307 LT1-thread root DEBUG client.py                 71    logger_log                : read
2025-02-15 23:18:37,387 BTPWorkerThread-909 (_rx_task) root DEBUG client.py                 71    logger_log                : Read 5 bytes
2025-02-15 23:18:37,407 BTPWorkerThread-909 (_rx_task) root DEBUG client.py                 71    logger_log                : Received: hdr: Header(svc_id=0x00, op=0x03, ctrl_index=0xff, data_len=0x00) bytearray(b'\x00\x03\xff\x00\x00')
2025-02-15 23:18:37,427 BTPWorkerThread-909 (_rx_task) root DEBUG client.py                 71    logger_log                : Received data: {''}, bytearray(b'')
2025-02-15 23:18:37,457 LT1-thread root DEBUG client.py                 71    logger_log                : received Header(svc_id=0, op=3, ctrl_index=255, data_len=0) (b'',)
2025-02-15 23:18:37,457 LT1-thread root DEBUG client.py                 71    logger_log                : expected ((0, 3, 255, 0), (b'',))
2025-02-15 23:18:37,457 LT1-thread root DEBUG client.py                 71    logger_log                : response is valid
2025-02-15 23:18:37,457 LT1-thread root DEBUG client.py                 71    logger_log                : Starting test function: class=<class 'autopts.ptsprojects.testcase.TestFunc'>, func=<bound method Stack.gap_init of <autopts.ptsprojects.stack.stack.Stack object at 0x0000020D6A103FD0>> start_wid=None stop_wid=None post_wid=None skip_call=None call_count=44 args=(b'Tester_25DE2A', 'ABCD', '1111', '1111', '11', '1111', b'\x17github.com/auto-pts', (8, 'PADV_Tester'), 'FF') kwds={}
2025-02-15 23:18:37,457 LT1-thread root DEBUG client.py                 71    logger_log                : Test function parameters: args=(b'Tester_25DE2A', 'ABCD', '1111', '1111', '11', '1111', b'\x17github.com/auto-pts', (8, 'PADV_Tester'), 'FF'), kwds={}
2025-02-15 23:18:37,457 LT1-thread root DEBUG client.py                 71    logger_log                : Starting test function: class=<class 'autopts.ptsprojects.testcase.TestFunc'>, func=<function gap_read_ctrl_info at 0x0000020D65B28680> start_wid=None stop_wid=None post_wid=None skip_call=None call_count=44 args=() kwds={}
2025-02-15 23:18:37,457 LT1-thread root DEBUG client.py                 71    logger_log                : Test function parameters: args=(), kwds={}
2025-02-15 23:18:37,457 LT1-thread root DEBUG client.py                 71    logger_log                : gap_read_ctrl_info
2025-02-15 23:18:37,457 LT1-thread root DEBUG client.py                 71    logger_log                : send, 1 3 0 ''
2025-02-15 23:18:37,457 LT1-thread root DEBUG client.py                 71    logger_log                : sending frame '0103000000'
2025-02-15 23:18:37,457 LT1-thread root DEBUG client.py                 71    logger_log                : read
2025-02-15 23:18:38,317 BTPWorkerThread-909 (_rx_task) root DEBUG client.py                 71    logger_log                : Read 5 bytes
2025-02-15 23:18:38,337 BTPWorkerThread-909 (_rx_task) root DEBUG client.py                 71    logger_log                : Received: hdr: Header(svc_id=0x01, op=0x03, ctrl_index=0x00, data_len=0x115) bytearray(b'\x01\x03\x00\x15\x01')
2025-02-15 23:18:38,377 BTPWorkerThread-909 (_rx_task) root DEBUG client.py                 71    logger_log                : Read 277 bytes data
2025-02-15 23:18:38,397 BTPWorkerThread-909 (_rx_task) root DEBUG client.py                 71    logger_log                : Received data: {'28 00 03 37 60 00 13 06 02 00 13 02 00 00 00 00 00 62 74 70 5f 74 65 73 74 65 72 00 00 00 00 00 00 00 00 00 00 00 00 00 00 00 00 00 00 00 00 00 00 00 00 00 00 00 00 00 00 00 00 00 00 00 00 00 00 00 00 00 00 00 00 00 00 00 00 00 00 00 00 00 00 00 00 00 00 00 00 00 00 00 00 00 00 00 00 00 00 00 00 00 00 00 00 00 00 00 00 00 00 00 00 00 00 00 00 00 00 00 00 00 00 00 00 00 00 00 00 00 00 00 00 00 00 00 00 00 00 00 00 00 00 00 00 00 00 00 00 00 00 00 00 00 00 00 00 00 00 00 00 00 00 00 00 00 00 00 00 00 00 00 00 00 00 00 00 00 00 00 00 00 00 00 00 00 00 00 00 00 00 00 00 00 00 00 00 00 00 00 00 00 00 00 00 00 00 00 00 00 00 00 00 00 00 00 00 00 00 00 00 00 00 00 00 00 00 00 00 00 00 00 00 00 00 00 00 00 00 00 00 00 00 00 00 00 00 00 00 00 00 00 00 00 00 00 00 00 00 00 00 00 00 00 00 00 00 00 00 00 00 00 00 00 00 00 00 00 00'}, bytearray(b'(\x00\x037`\x00\x13\x06\x02\x00\x13\x02\x00\x00\x00\x00\x00btp_tester\x00\x00\x00\x00\x00\x00\x00\x00\x00\x00\x00\x00\x00\x00\x00\x00\x00\x00\x00\x00\x00\x00\x00\x00\x00\x00\x00\x00\x00\x00\x00\x00\x00\x00\x00\x00\x00\x00\x00\x00\x00\x00\x00\x00\x00\x00\x00\x00\x00\x00\x00\x00\x00\x00\x00\x00\x00\x00\x00\x00\x00\x00\x00\x00\x00\x00\x00\x00\x00\x00\x00\x00\x00\x00\x00\x00\x00\x00\x00\x00\x00\x00\x00\x00\x00\x00\x00\x00\x00\x00\x00\x00\x00\x00\x00\x00\x00\x00\x00\x00\x00\x00\x00\x00\x00\x00\x00\x00\x00\x00\x00\x00\x00\x00\x00\x00\x00\x00\x00\x00\x00\x00\x00\x00\x00\x00\x00\x00\x00\x00\x00\x00\x00\x00\x00\x00\x00\x00\x00\x00\x00\x00\x00\x00\x00\x00\x00\x00\x00\x00\x00\x00\x00\x00\x00\x00\x00\x00\x00\x00\x00\x00\x00\x00\x00\x00\x00\x00\x00\x00\x00\x00\x00\x00\x00\x00\x00\x00\x00\x00\x00\x00\x00\x00\x00\x00\x00\x00\x00\x00\x00\x00\x00\x00\x00\x00\x00\x00\x00\x00\x00\x00\x00\x00\x00\x00\x00\x00\x00\x00\x00\x00\x00\x00\x00\x00\x00\x00\x00\x00\x00\x00\x00\x00\x00\x00\x00\x00\x00\x00\x00\x00\x00\x00\x00\x00\x00\x00\x00\x00\x00\x00\x00\x00\x00\x00\x00\x00\x00\x00')
2025-02-15 23:18:38,417 LT1-thread root DEBUG client.py                 71    logger_log                : received Header(svc_id=1, op=3, ctrl_index=0, data_len=277) (b'(\x00\x037`\x00\x13\x06\x02\x00\x13\x02\x00\x00\x00\x00\x00btp_tester\x00\x00\x00\x00\x00\x00\x00\x00\x00\x00\x00\x00\x00\x00\x00\x00\x00\x00\x00\x00\x00\x00\x00\x00\x00\x00\x00\x00\x00\x00\x00\x00\x00\x00\x00\x00\x00\x00\x00\x00\x00\x00\x00\x00\x00\x00\x00\x00\x00\x00\x00\x00\x00\x00\x00\x00\x00\x00\x00\x00\x00\x00\x00\x00\x00\x00\x00\x00\x00\x00\x00\x00\x00\x00\x00\x00\x00\x00\x00\x00\x00\x00\x00\x00\x00\x00\x00\x00\x00\x00\x00\x00\x00\x00\x00\x00\x00\x00\x00\x00\x00\x00\x00\x00\x00\x00\x00\x00\x00\x00\x00\x00\x00\x00\x00\x00\x00\x00\x00\x00\x00\x00\x00\x00\x00\x00\x00\x00\x00\x00\x00\x00\x00\x00\x00\x00\x00\x00\x00\x00\x00\x00\x00\x00\x00\x00\x00\x00\x00\x00\x00\x00\x00\x00\x00\x00\x00\x00\x00\x00\x00\x00\x00\x00\x00\x00\x00\x00\x00\x00\x00\x00\x00\x00\x00\x00\x00\x00\x00\x00\x00\x00\x00\x00\x00\x00\x00\x00\x00\x00\x00\x00\x00\x00\x00\x00\x00\x00\x00\x00\x00\x00\x00\x00\x00\x00\x00\x00\x00\x00\x00\x00\x00\x00\x00\x00\x00\x00\x00\x00\x00\x00\x00\x00\x00\x00\x00\x00\x00\x00\x00\x00\x00\x00\x00\x00\x00\x00\x00\x00\x00\x00\x00\x00\x00\x00\x00\x00\x00\x00',)
2025-02-15 23:18:38,417 LT1-thread root DEBUG client.py                 71    logger_log                : IUT address '006037030028' 'public'
2025-02-15 23:18:38,417 LT1-thread root DEBUG client.py                 71    logger_log                : __gap_current_settings_update 531
2025-02-15 23:18:38,417 LT1-thread root DEBUG client.py                 71    logger_log                : Starting test function: class=<class 'autopts.ptsprojects.testcase.TestFunc'>, func=<function test_cases.<locals>.<lambda> at 0x0000020D6A8E09A0> start_wid=None stop_wid=None post_wid=None skip_call=None call_count=44 args=() kwds={}
2025-02-15 23:18:38,417 LT1-thread root DEBUG client.py                 71    logger_log                : Test function parameters: args=(), kwds={}
2025-02-15 23:18:38,427 LT1-thread root DEBUG client.py                 71    logger_log                : Starting test function: class=<class 'autopts.ptsprojects.testcase.TestFunc'>, func=<function test_cases.<locals>.<lambda> at 0x0000020D6A8E0A40> start_wid=None stop_wid=None post_wid=None skip_call=None call_count=44 args=() kwds={}
2025-02-15 23:18:38,427 LT1-thread root DEBUG client.py                 71    logger_log                : Test function parameters: args=(), kwds={}
2025-02-15 23:18:38,447 LT1-thread root DEBUG client.py                 71    logger_log                : Starting test function: class=<class 'autopts.ptsprojects.testcase.TestFunc'>, func=<function test_cases.<locals>.<lambda> at 0x0000020D6A8E0AE0> start_wid=None stop_wid=None post_wid=None skip_call=None call_count=44 args=() kwds={}
2025-02-15 23:18:38,447 LT1-thread root DEBUG client.py                 71    logger_log                : Test function parameters: args=(), kwds={}
2025-02-15 23:18:38,457 LT1-thread root DEBUG client.py                 71    logger_log                : Starting test function: class=<class 'autopts.ptsprojects.testcase.TestFunc'>, func=<function test_cases.<locals>.<lambda> at 0x0000020D6A8E0B80> start_wid=None stop_wid=None post_wid=None skip_call=None call_count=44 args=() kwds={}
2025-02-15 23:18:38,457 LT1-thread root DEBUG client.py                 71    logger_log                : Test function parameters: args=(), kwds={}
2025-02-15 23:18:38,477 LT1-thread root DEBUG client.py                 71    logger_log                : Starting test function: class=<class 'autopts.ptsprojects.testcase.TestFunc'>, func=<function test_cases.<locals>.<lambda> at 0x0000020D6A8E0C20> start_wid=None stop_wid=None post_wid=None skip_call=None call_count=44 args=() kwds={}
2025-02-15 23:18:38,477 LT1-thread root DEBUG client.py                 71    logger_log                : Test function parameters: args=(), kwds={}
2025-02-15 23:18:38,487 LT1-thread root DEBUG client.py                 71    logger_log                : Starting test function: class=<class 'autopts.ptsprojects.testcase.TestFunc'>, func=<function test_cases.<locals>.<lambda> at 0x0000020D6A8E0CC0> start_wid=None stop_wid=None post_wid=None skip_call=None call_count=44 args=() kwds={}
2025-02-15 23:18:38,487 LT1-thread root DEBUG client.py                 71    logger_log                : Test function parameters: args=(), kwds={}
2025-02-15 23:18:38,507 LT1-thread root DEBUG client.py                 71    logger_log                : Starting test function: class=<class 'autopts.ptsprojects.testcase.TestFunc'>, func=<function test_cases.<locals>.<lambda> at 0x0000020D6A8E0D60> start_wid=None stop_wid=None post_wid=None skip_call=None call_count=44 args=() kwds={}
2025-02-15 23:18:38,507 LT1-thread root DEBUG client.py                 71    logger_log                : Test function parameters: args=(), kwds={}
2025-02-15 23:18:38,517 LT1-thread root DEBUG client.py                 71    logger_log                : Starting test function: class=<class 'autopts.ptsprojects.testcase.TestFunc'>, func=<function test_cases.<locals>.<lambda> at 0x0000020D6A8E0E00> start_wid=None stop_wid=None post_wid=None skip_call=None call_count=44 args=() kwds={}
2025-02-15 23:18:38,517 LT1-thread root DEBUG client.py                 71    logger_log                : Test function parameters: args=(), kwds={}
2025-02-15 23:18:38,537 LT1-thread root DEBUG client.py                 71    logger_log                : Starting test function: class=<class 'autopts.ptsprojects.testcase.TestFunc'>, func=<function test_cases.<locals>.<lambda> at 0x0000020D6A8E0EA0> start_wid=None stop_wid=None post_wid=None skip_call=None call_count=44 args=() kwds={}
2025-02-15 23:18:38,537 LT1-thread root DEBUG client.py                 71    logger_log                : Test function parameters: args=(), kwds={}
2025-02-15 23:18:38,557 LT1-thread root DEBUG client.py                 71    logger_log                : Starting test function: class=<class 'autopts.ptsprojects.testcase.TestFunc'>, func=<function test_cases.<locals>.<lambda> at 0x0000020D6A8E0F40> start_wid=None stop_wid=None post_wid=None skip_call=None call_count=44 args=() kwds={}
2025-02-15 23:18:38,557 LT1-thread root DEBUG client.py                 71    logger_log                : Test function parameters: args=(), kwds={}
2025-02-15 23:18:38,567 LT1-thread root DEBUG client.py                 71    logger_log                : Starting test function: class=<class 'autopts.ptsprojects.testcase.TestFunc'>, func=<function test_cases.<locals>.<lambda> at 0x0000020D6A8E0FE0> start_wid=None stop_wid=None post_wid=None skip_call=None call_count=44 args=() kwds={}
2025-02-15 23:18:38,567 LT1-thread root DEBUG client.py                 71    logger_log                : Test function parameters: args=(), kwds={}
2025-02-15 23:18:38,587 LT1-thread root DEBUG client.py                 71    logger_log                : Starting test function: class=<class 'autopts.ptsprojects.testcase.TestFunc'>, func=<function test_cases.<locals>.<lambda> at 0x0000020D6A8E1080> start_wid=None stop_wid=None post_wid=None skip_call=None call_count=44 args=() kwds={}
2025-02-15 23:18:38,587 LT1-thread root DEBUG client.py                 71    logger_log                : Test function parameters: args=(), kwds={}
2025-02-15 23:18:38,597 LT1-thread root DEBUG client.py                 71    logger_log                : Starting test function: class=<class 'autopts.ptsprojects.testcase.TestFunc'>, func=<function core_reg_svc_gatt at 0x0000020D65B18900> start_wid=None stop_wid=None post_wid=None skip_call=None call_count=44 args=() kwds={}
2025-02-15 23:18:38,597 LT1-thread root DEBUG client.py                 71    logger_log                : Test function parameters: args=(), kwds={}
2025-02-15 23:18:38,607 LT1-thread root DEBUG client.py                 71    logger_log                : core_reg_svc_gatt
2025-02-15 23:18:38,607 LT1-thread root DEBUG client.py                 71    logger_log                : send, 0 3 255 '2'
2025-02-15 23:18:38,607 LT1-thread root DEBUG client.py                 71    logger_log                : sending frame '0003ff010002'
2025-02-15 23:18:38,607 LT1-thread root DEBUG client.py                 71    logger_log                : core_reg_svc_rsp_succ
2025-02-15 23:18:38,607 LT1-thread root DEBUG client.py                 71    logger_log                : read
2025-02-15 23:18:38,687 BTPWorkerThread-909 (_rx_task) root DEBUG client.py                 71    logger_log                : Read 5 bytes
2025-02-15 23:18:38,707 BTPWorkerThread-909 (_rx_task) root DEBUG client.py                 71    logger_log                : Received: hdr: Header(svc_id=0x00, op=0x03, ctrl_index=0xff, data_len=0x00) bytearray(b'\x00\x03\xff\x00\x00')
2025-02-15 23:18:38,727 BTPWorkerThread-909 (_rx_task) root DEBUG client.py                 71    logger_log                : Received data: {''}, bytearray(b'')
2025-02-15 23:18:38,747 LT1-thread root DEBUG client.py                 71    logger_log                : received Header(svc_id=0, op=3, ctrl_index=255, data_len=0) (b'',)
2025-02-15 23:18:38,747 LT1-thread root DEBUG client.py                 71    logger_log                : expected ((0, 3, 255, 0), (b'',))
2025-02-15 23:18:38,747 LT1-thread root DEBUG client.py                 71    logger_log                : response is valid
2025-02-15 23:18:38,747 LT1-thread root DEBUG client.py                 71    logger_log                : Starting test function: class=<class 'autopts.ptsprojects.testcase.TestFunc'>, func=<bound method Stack.gatt_init of <autopts.ptsprojects.stack.stack.Stack object at 0x0000020D6A103FD0>> start_wid=None stop_wid=None post_wid=None skip_call=None call_count=44 args=() kwds={}
2025-02-15 23:18:38,747 LT1-thread root DEBUG client.py                 71    logger_log                : Test function parameters: args=(), kwds={}
2025-02-15 23:18:38,747 LT1-thread root DEBUG client.py                 71    logger_log                : Starting test function: class=<class 'autopts.ptsprojects.testcase.TestFunc'>, func=<function gap_set_io_cap at 0x0000020D65B1BBA0> start_wid=None stop_wid=None post_wid=None skip_call=None call_count=44 args=(4,) kwds={}
2025-02-15 23:18:38,747 LT1-thread root DEBUG client.py                 71    logger_log                : Test function parameters: args=(4,), kwds={}
2025-02-15 23:18:38,747 LT1-thread root DEBUG client.py                 71    logger_log                : gap_set_io_cap 4
2025-02-15 23:18:38,747 LT1-thread root DEBUG client.py                 71    logger_log                : send, 1 16 0 '\x04'
2025-02-15 23:18:38,747 LT1-thread root DEBUG client.py                 71    logger_log                : sending frame '011000010004'
2025-02-15 23:18:38,747 LT1-thread root DEBUG client.py                 71    logger_log                : gap_command_rsp_succ
2025-02-15 23:18:38,747 LT1-thread root DEBUG client.py                 71    logger_log                : read
2025-02-15 23:18:38,827 BTPWorkerThread-909 (_rx_task) root DEBUG client.py                 71    logger_log                : Read 5 bytes
2025-02-15 23:18:38,847 BTPWorkerThread-909 (_rx_task) root DEBUG client.py                 71    logger_log                : Received: hdr: Header(svc_id=0x01, op=0x10, ctrl_index=0x00, data_len=0x00) bytearray(b'\x01\x10\x00\x00\x00')
2025-02-15 23:18:38,867 BTPWorkerThread-909 (_rx_task) root DEBUG client.py                 71    logger_log                : Received data: {''}, bytearray(b'')
2025-02-15 23:18:38,897 LT1-thread root DEBUG client.py                 71    logger_log                : received Header(svc_id=1, op=16, ctrl_index=0, data_len=0) (b'',)
2025-02-15 23:18:38,897 LT1-thread root DEBUG client.py                 71    logger_log                : Starting test function: class=<class 'autopts.ptsprojects.testcase.TestFunc'>, func=<function set_pts_addr at 0x0000020D65B18360> start_wid=None stop_wid=None post_wid=None skip_call=None call_count=44 args=('C0:07:E8:25:DE:2A', 0) kwds={}
2025-02-15 23:18:38,897 LT1-thread root DEBUG client.py                 71    logger_log                : Test function parameters: args=('C0:07:E8:25:DE:2A', 0), kwds={}
2025-02-15 23:18:38,897 LT1-thread root DEBUG client.py                 71    logger_log                : Starting test function: class=<class 'autopts.ptsprojects.testcase.TestFunc'>, func=<function gatts_add_svc at 0x0000020D65B2A020> start_wid=None stop_wid=None post_wid=None skip_call=None call_count=44 args=(0, 'AA51') kwds={}
2025-02-15 23:18:38,897 LT1-thread root DEBUG client.py                 71    logger_log                : Test function parameters: args=(0, 'AA51'), kwds={}
2025-02-15 23:18:38,897 LT1-thread root DEBUG client.py                 71    logger_log                : gatts_add_svc 0 'AA51'
2025-02-15 23:18:38,897 LT1-thread root DEBUG client.py                 71    logger_log                : send, 2 2 0 "bytearray(b'\\x00\\x02\\xaaQ')"
2025-02-15 23:18:38,897 LT1-thread root DEBUG client.py                 71    logger_log                : sending frame '02020004000002aa51'
2025-02-15 23:18:38,897 LT1-thread root DEBUG client.py                 71    logger_log                : gatt_command_rsp_succ
2025-02-15 23:18:38,897 LT1-thread root DEBUG client.py                 71    logger_log                : read
2025-02-15 23:18:38,967 BTPWorkerThread-909 (_rx_task) root DEBUG client.py                 71    logger_log                : Read 5 bytes
2025-02-15 23:18:38,987 BTPWorkerThread-909 (_rx_task) root DEBUG client.py                 71    logger_log                : Received: hdr: Header(svc_id=0x02, op=0x02, ctrl_index=0x00, data_len=0x02) bytearray(b'\x02\x02\x00\x02\x00')
2025-02-15 23:18:39,027 BTPWorkerThread-909 (_rx_task) root DEBUG client.py                 71    logger_log                : Read 2 bytes data
2025-02-15 23:18:39,047 BTPWorkerThread-909 (_rx_task) root DEBUG client.py                 71    logger_log                : Received data: {'00 00'}, bytearray(b'\x00\x00')
2025-02-15 23:18:39,077 LT1-thread root DEBUG client.py                 71    logger_log                : received Header(svc_id=2, op=2, ctrl_index=0, data_len=2) (b'\x00\x00',)
2025-02-15 23:18:39,077 LT1-thread root DEBUG client.py                 71    logger_log                : Starting test function: class=<class 'autopts.ptsprojects.testcase.TestFunc'>, func=<function gatts_add_char at 0x0000020D65B2A160> start_wid=None stop_wid=None post_wid=None skip_call=None call_count=44 args=(0, 2, 17, 'AA52') kwds={}
2025-02-15 23:18:39,077 LT1-thread root DEBUG client.py                 71    logger_log                : Test function parameters: args=(0, 2, 17, 'AA52'), kwds={}
2025-02-15 23:18:39,077 LT1-thread root DEBUG client.py                 71    logger_log                : gatts_add_char 0 2 17 'AA52'
2025-02-15 23:18:39,077 LT1-thread root DEBUG client.py                 71    logger_log                : send, 2 3 0 "bytearray(b'\\x00\\x00\\x02\\x11\\x02\\xaaR')"
2025-02-15 23:18:39,077 LT1-thread root DEBUG client.py                 71    logger_log                : sending frame '02030007000000021102aa52'
2025-02-15 23:18:39,077 LT1-thread root DEBUG client.py                 71    logger_log                : gatt_command_rsp_succ
2025-02-15 23:18:39,077 LT1-thread root DEBUG client.py                 71    logger_log                : read
2025-02-15 23:18:39,147 BTPWorkerThread-909 (_rx_task) root DEBUG client.py                 71    logger_log                : Read 5 bytes
2025-02-15 23:18:39,167 BTPWorkerThread-909 (_rx_task) root DEBUG client.py                 71    logger_log                : Received: hdr: Header(svc_id=0x02, op=0x03, ctrl_index=0x00, data_len=0x02) bytearray(b'\x02\x03\x00\x02\x00')
2025-02-15 23:18:39,207 BTPWorkerThread-909 (_rx_task) root DEBUG client.py                 71    logger_log                : Read 2 bytes data
2025-02-15 23:18:39,227 BTPWorkerThread-909 (_rx_task) root DEBUG client.py                 71    logger_log                : Received data: {'00 00'}, bytearray(b'\x00\x00')
2025-02-15 23:18:39,247 LT1-thread root DEBUG client.py                 71    logger_log                : received Header(svc_id=2, op=3, ctrl_index=0, data_len=2) (b'\x00\x00',)
2025-02-15 23:18:39,247 LT1-thread root DEBUG client.py                 71    logger_log                : Starting test function: class=<class 'autopts.ptsprojects.testcase.TestFunc'>, func=<function gatts_set_val at 0x0000020D65B2A200> start_wid=None stop_wid=None post_wid=None skip_call=None call_count=44 args=(0, '01') kwds={}
2025-02-15 23:18:39,247 LT1-thread root DEBUG client.py                 71    logger_log                : Test function parameters: args=(0, '01'), kwds={}
2025-02-15 23:18:39,247 LT1-thread root DEBUG client.py                 71    logger_log                : gatts_set_val 0 '01' 
2025-02-15 23:18:39,247 LT1-thread root DEBUG client.py                 71    logger_log                : send, 2 6 0 "bytearray(b'\\x00\\x00\\x01\\x00\\x01')"
2025-02-15 23:18:39,247 LT1-thread root DEBUG client.py                 71    logger_log                : sending frame '02060005000000010001'
2025-02-15 23:18:39,247 LT1-thread root DEBUG client.py                 71    logger_log                : gatt_command_rsp_succ
2025-02-15 23:18:39,247 LT1-thread root DEBUG client.py                 71    logger_log                : read
2025-02-15 23:18:39,317 BTPWorkerThread-909 (_rx_task) root DEBUG client.py                 71    logger_log                : Read 5 bytes
2025-02-15 23:18:39,337 BTPWorkerThread-909 (_rx_task) root DEBUG client.py                 71    logger_log                : Received: hdr: Header(svc_id=0x02, op=0x06, ctrl_index=0x00, data_len=0x00) bytearray(b'\x02\x06\x00\x00\x00')
2025-02-15 23:18:39,357 BTPWorkerThread-909 (_rx_task) root DEBUG client.py                 71    logger_log                : Received data: {''}, bytearray(b'')
2025-02-15 23:18:39,377 LT1-thread root DEBUG client.py                 71    logger_log                : received Header(svc_id=2, op=6, ctrl_index=0, data_len=0) (b'',)
2025-02-15 23:18:39,377 LT1-thread root DEBUG client.py                 71    logger_log                : Starting test function: class=<class 'autopts.ptsprojects.testcase.TestFunc'>, func=<function gatts_add_char at 0x0000020D65B2A160> start_wid=None stop_wid=None post_wid=None skip_call=None call_count=44 args=(0, 2, 5, 'AA53') kwds={}
2025-02-15 23:18:39,377 LT1-thread root DEBUG client.py                 71    logger_log                : Test function parameters: args=(0, 2, 5, 'AA53'), kwds={}
2025-02-15 23:18:39,377 LT1-thread root DEBUG client.py                 71    logger_log                : gatts_add_char 0 2 5 'AA53'
2025-02-15 23:18:39,377 LT1-thread root DEBUG client.py                 71    logger_log                : send, 2 3 0 "bytearray(b'\\x00\\x00\\x02\\x05\\x02\\xaaS')"
2025-02-15 23:18:39,377 LT1-thread root DEBUG client.py                 71    logger_log                : sending frame '02030007000000020502aa53'
2025-02-15 23:18:39,377 LT1-thread root DEBUG client.py                 71    logger_log                : gatt_command_rsp_succ
2025-02-15 23:18:39,377 LT1-thread root DEBUG client.py                 71    logger_log                : read
2025-02-15 23:18:39,447 BTPWorkerThread-909 (_rx_task) root DEBUG client.py                 71    logger_log                : Read 5 bytes
2025-02-15 23:18:39,467 BTPWorkerThread-909 (_rx_task) root DEBUG client.py                 71    logger_log                : Received: hdr: Header(svc_id=0x02, op=0x03, ctrl_index=0x00, data_len=0x02) bytearray(b'\x02\x03\x00\x02\x00')
2025-02-15 23:18:39,507 BTPWorkerThread-909 (_rx_task) root DEBUG client.py                 71    logger_log                : Read 2 bytes data
2025-02-15 23:18:39,527 BTPWorkerThread-909 (_rx_task) root DEBUG client.py                 71    logger_log                : Received data: {'00 00'}, bytearray(b'\x00\x00')
2025-02-15 23:18:39,537 LT1-thread root DEBUG client.py                 71    logger_log                : received Header(svc_id=2, op=3, ctrl_index=0, data_len=2) (b'\x00\x00',)
2025-02-15 23:18:39,537 LT1-thread root DEBUG client.py                 71    logger_log                : Starting test function: class=<class 'autopts.ptsprojects.testcase.TestFunc'>, func=<function gatts_set_val at 0x0000020D65B2A200> start_wid=None stop_wid=None post_wid=None skip_call=None call_count=44 args=(0, '02') kwds={}
2025-02-15 23:18:39,537 LT1-thread root DEBUG client.py                 71    logger_log                : Test function parameters: args=(0, '02'), kwds={}
2025-02-15 23:18:39,537 LT1-thread root DEBUG client.py                 71    logger_log                : gatts_set_val 0 '02' 
2025-02-15 23:18:39,537 LT1-thread root DEBUG client.py                 71    logger_log                : send, 2 6 0 "bytearray(b'\\x00\\x00\\x01\\x00\\x02')"
2025-02-15 23:18:39,537 LT1-thread root DEBUG client.py                 71    logger_log                : sending frame '02060005000000010002'
2025-02-15 23:18:39,537 LT1-thread root DEBUG client.py                 71    logger_log                : gatt_command_rsp_succ
2025-02-15 23:18:39,537 LT1-thread root DEBUG client.py                 71    logger_log                : read
2025-02-15 23:18:39,607 BTPWorkerThread-909 (_rx_task) root DEBUG client.py                 71    logger_log                : Read 5 bytes
2025-02-15 23:18:39,627 BTPWorkerThread-909 (_rx_task) root DEBUG client.py                 71    logger_log                : Received: hdr: Header(svc_id=0x02, op=0x06, ctrl_index=0x00, data_len=0x00) bytearray(b'\x02\x06\x00\x00\x00')
2025-02-15 23:18:39,647 BTPWorkerThread-909 (_rx_task) root DEBUG client.py                 71    logger_log                : Received data: {''}, bytearray(b'')
2025-02-15 23:18:39,677 LT1-thread root DEBUG client.py                 71    logger_log                : received Header(svc_id=2, op=6, ctrl_index=0, data_len=0) (b'',)
2025-02-15 23:18:39,677 LT1-thread root DEBUG client.py                 71    logger_log                : Starting test function: class=<class 'autopts.ptsprojects.testcase.TestFunc'>, func=<function gatts_add_char at 0x0000020D65B2A160> start_wid=None stop_wid=None post_wid=None skip_call=None call_count=44 args=(0, 66, 3, 'AA54') kwds={}
2025-02-15 23:18:39,677 LT1-thread root DEBUG client.py                 71    logger_log                : Test function parameters: args=(0, 66, 3, 'AA54'), kwds={}
2025-02-15 23:18:39,677 LT1-thread root DEBUG client.py                 71    logger_log                : gatts_add_char 0 66 3 'AA54'
2025-02-15 23:18:39,677 LT1-thread root DEBUG client.py                 71    logger_log                : send, 2 3 0 "bytearray(b'\\x00\\x00B\\x03\\x02\\xaaT')"
2025-02-15 23:18:39,677 LT1-thread root DEBUG client.py                 71    logger_log                : sending frame '02030007000000420302aa54'
2025-02-15 23:18:39,677 LT1-thread root DEBUG client.py                 71    logger_log                : gatt_command_rsp_succ
2025-02-15 23:18:39,677 LT1-thread root DEBUG client.py                 71    logger_log                : read
2025-02-15 23:18:39,737 BTPWorkerThread-909 (_rx_task) root DEBUG client.py                 71    logger_log                : Read 5 bytes
2025-02-15 23:18:39,757 BTPWorkerThread-909 (_rx_task) root DEBUG client.py                 71    logger_log                : Received: hdr: Header(svc_id=0x02, op=0x03, ctrl_index=0x00, data_len=0x02) bytearray(b'\x02\x03\x00\x02\x00')
2025-02-15 23:18:39,797 BTPWorkerThread-909 (_rx_task) root DEBUG client.py                 71    logger_log                : Read 2 bytes data
2025-02-15 23:18:39,797 BTPWorkerThread-909 (_rx_task) root DEBUG client.py                 71    logger_log                : Received data: {'00 00'}, bytearray(b'\x00\x00')
2025-02-15 23:18:39,807 LT1-thread root DEBUG client.py                 71    logger_log                : received Header(svc_id=2, op=3, ctrl_index=0, data_len=2) (b'\x00\x00',)
2025-02-15 23:18:39,807 LT1-thread root DEBUG client.py                 71    logger_log                : Starting test function: class=<class 'autopts.ptsprojects.testcase.TestFunc'>, func=<function gatts_set_val at 0x0000020D65B2A200> start_wid=None stop_wid=None post_wid=None skip_call=None call_count=44 args=(0, '03') kwds={}
2025-02-15 23:18:39,807 LT1-thread root DEBUG client.py                 71    logger_log                : Test function parameters: args=(0, '03'), kwds={}
2025-02-15 23:18:39,807 LT1-thread root DEBUG client.py                 71    logger_log                : gatts_set_val 0 '03' 
2025-02-15 23:18:39,807 LT1-thread root DEBUG client.py                 71    logger_log                : send, 2 6 0 "bytearray(b'\\x00\\x00\\x01\\x00\\x03')"
2025-02-15 23:18:39,807 LT1-thread root DEBUG client.py                 71    logger_log                : sending frame '02060005000000010003'
2025-02-15 23:18:39,807 LT1-thread root DEBUG client.py                 71    logger_log                : gatt_command_rsp_succ
2025-02-15 23:18:39,807 LT1-thread root DEBUG client.py                 71    logger_log                : read
2025-02-15 23:18:39,867 BTPWorkerThread-909 (_rx_task) root DEBUG client.py                 71    logger_log                : Read 5 bytes
2025-02-15 23:18:39,887 BTPWorkerThread-909 (_rx_task) root DEBUG client.py                 71    logger_log                : Received: hdr: Header(svc_id=0x02, op=0x06, ctrl_index=0x00, data_len=0x00) bytearray(b'\x02\x06\x00\x00\x00')
2025-02-15 23:18:39,887 BTPWorkerThread-909 (_rx_task) root DEBUG client.py                 71    logger_log                : Received data: {''}, bytearray(b'')
2025-02-15 23:18:39,917 LT1-thread root DEBUG client.py                 71    logger_log                : received Header(svc_id=2, op=6, ctrl_index=0, data_len=0) (b'',)
2025-02-15 23:18:39,917 LT1-thread root DEBUG client.py                 71    logger_log                : Starting test function: class=<class 'autopts.ptsprojects.testcase.TestFunc'>, func=<function gatts_add_char at 0x0000020D65B2A160> start_wid=None stop_wid=None post_wid=None skip_call=None call_count=44 args=(0, 10, 48, 'AA55') kwds={}
2025-02-15 23:18:39,917 LT1-thread root DEBUG client.py                 71    logger_log                : Test function parameters: args=(0, 10, 48, 'AA55'), kwds={}
2025-02-15 23:18:39,917 LT1-thread root DEBUG client.py                 71    logger_log                : gatts_add_char 0 10 48 'AA55'
2025-02-15 23:18:39,917 LT1-thread root DEBUG client.py                 71    logger_log                : send, 2 3 0 "bytearray(b'\\x00\\x00\\n0\\x02\\xaaU')"
2025-02-15 23:18:39,917 LT1-thread root DEBUG client.py                 71    logger_log                : sending frame '020300070000000a3002aa55'
2025-02-15 23:18:39,917 LT1-thread root DEBUG client.py                 71    logger_log                : gatt_command_rsp_succ
2025-02-15 23:18:39,917 LT1-thread root DEBUG client.py                 71    logger_log                : read
2025-02-15 23:18:39,987 BTPWorkerThread-909 (_rx_task) root DEBUG client.py                 71    logger_log                : Read 5 bytes
2025-02-15 23:18:40,007 BTPWorkerThread-909 (_rx_task) root DEBUG client.py                 71    logger_log                : Received: hdr: Header(svc_id=0x02, op=0x03, ctrl_index=0x00, data_len=0x02) bytearray(b'\x02\x03\x00\x02\x00')
2025-02-15 23:18:40,047 BTPWorkerThread-909 (_rx_task) root DEBUG client.py                 71    logger_log                : Read 2 bytes data
2025-02-15 23:18:40,067 BTPWorkerThread-909 (_rx_task) root DEBUG client.py                 71    logger_log                : Received data: {'00 00'}, bytearray(b'\x00\x00')
2025-02-15 23:18:40,097 LT1-thread root DEBUG client.py                 71    logger_log                : received Header(svc_id=2, op=3, ctrl_index=0, data_len=2) (b'\x00\x00',)
2025-02-15 23:18:40,097 LT1-thread root DEBUG client.py                 71    logger_log                : Starting test function: class=<class 'autopts.ptsprojects.testcase.TestFunc'>, func=<function gatts_set_val at 0x0000020D65B2A200> start_wid=None stop_wid=None post_wid=None skip_call=None call_count=44 args=(0, '04') kwds={}
2025-02-15 23:18:40,097 LT1-thread root DEBUG client.py                 71    logger_log                : Test function parameters: args=(0, '04'), kwds={}
2025-02-15 23:18:40,097 LT1-thread root DEBUG client.py                 71    logger_log                : gatts_set_val 0 '04' 
2025-02-15 23:18:40,097 LT1-thread root DEBUG client.py                 71    logger_log                : send, 2 6 0 "bytearray(b'\\x00\\x00\\x01\\x00\\x04')"
2025-02-15 23:18:40,097 LT1-thread root DEBUG client.py                 71    logger_log                : sending frame '02060005000000010004'
2025-02-15 23:18:40,097 LT1-thread root DEBUG client.py                 71    logger_log                : gatt_command_rsp_succ
2025-02-15 23:18:40,097 LT1-thread root DEBUG client.py                 71    logger_log                : read
2025-02-15 23:18:40,167 BTPWorkerThread-909 (_rx_task) root DEBUG client.py                 71    logger_log                : Read 5 bytes
2025-02-15 23:18:40,187 BTPWorkerThread-909 (_rx_task) root DEBUG client.py                 71    logger_log                : Received: hdr: Header(svc_id=0x02, op=0x06, ctrl_index=0x00, data_len=0x00) bytearray(b'\x02\x06\x00\x00\x00')
2025-02-15 23:18:40,197 BTPWorkerThread-909 (_rx_task) root DEBUG client.py                 71    logger_log                : Received data: {''}, bytearray(b'')
2025-02-15 23:18:40,217 LT1-thread root DEBUG client.py                 71    logger_log                : received Header(svc_id=2, op=6, ctrl_index=0, data_len=0) (b'',)
2025-02-15 23:18:40,217 LT1-thread root DEBUG client.py                 71    logger_log                : Starting test function: class=<class 'autopts.ptsprojects.testcase.TestFunc'>, func=<function gatts_start_server at 0x0000020D65B2A480> start_wid=None stop_wid=None post_wid=None skip_call=None call_count=44 args=() kwds={}
2025-02-15 23:18:40,217 LT1-thread root DEBUG client.py                 71    logger_log                : Test function parameters: args=(), kwds={}
2025-02-15 23:18:40,217 LT1-thread root DEBUG client.py                 71    logger_log                : gatts_start_server
2025-02-15 23:18:40,217 LT1-thread root DEBUG client.py                 71    logger_log                : send, 2 7 0 ''
2025-02-15 23:18:40,217 LT1-thread root DEBUG client.py                 71    logger_log                : sending frame '0207000000'
2025-02-15 23:18:40,217 LT1-thread root DEBUG client.py                 71    logger_log                : gatt_command_rsp_succ
2025-02-15 23:18:40,217 LT1-thread root DEBUG client.py                 71    logger_log                : read
2025-02-15 23:18:40,287 BTPWorkerThread-909 (_rx_task) root DEBUG client.py                 71    logger_log                : Read 5 bytes
2025-02-15 23:18:40,307 BTPWorkerThread-909 (_rx_task) root DEBUG client.py                 71    logger_log                : Received: hdr: Header(svc_id=0x02, op=0x07, ctrl_index=0x00, data_len=0x03) bytearray(b'\x02\x07\x00\x03\x00')
2025-02-15 23:18:40,347 BTPWorkerThread-909 (_rx_task) root DEBUG client.py                 71    logger_log                : Read 3 bytes data
2025-02-15 23:18:40,367 BTPWorkerThread-909 (_rx_task) root DEBUG client.py                 71    logger_log                : Received data: {'00 00 00'}, bytearray(b'\x00\x00\x00')
2025-02-15 23:18:40,377 LT1-thread root DEBUG client.py                 71    logger_log                : received Header(svc_id=2, op=7, ctrl_index=0, data_len=3) (b'\x00\x00\x00',)
2025-02-15 23:18:40,377 LT1-thread root DEBUG client.py                 71    logger_log                : ClientCallback.get_result run_test_case
2025-02-15 23:18:42,977 LT1-callback ClientCallback.on_implicit_send INFO client.py                 71    logger_log                : 
    ********************
    BEGIN OnImplicitSend:
    project_name: GAP
    wid: 91
    test_case_name: GAP/CONN/PRDA/BV-01-C
    description: Please send a connectable undirected advertising report.
    style: MMI_Style_Ok_Cancel2 0x11141
2025-02-15 23:18:42,977 LT1-callback ClientCallback.on_implicit_send INFO client.py                 71    logger_log                : Calling test cases on_implicit_send
2025-02-15 23:18:42,977 LT1-callback ClientCallback.on_implicit_send INFO client.py                 71    logger_log                : 
    on_implicit_send returned response: WAIT
    END OnImplicitSend
    ********************
2025-02-15 23:18:43,397 LT1-thread root DEBUG client.py                 71    logger_log                : GAP GAP/CONN/PRDA/BV-01-C on_implicit_send
2025-02-15 23:18:43,397 LT1-thread root DEBUG client.py                 71    logger_log                : gap_wid_hdl, 91, Please send a connectable undirected advertising report., GAP/CONN/PRDA/BV-01-C
2025-02-15 23:18:43,397 LT1-thread root DEBUG client.py                 71    logger_log                : gap_set_conn
2025-02-15 23:18:43,397 LT1-thread root DEBUG client.py                 71    logger_log                : gap_adv_ind_on {9: b'Tester_25DE2A'} None
2025-02-15 23:18:43,397 LT1-thread root DEBUG client.py                 71    logger_log                : send, 1 10 0 "bytearray(b'\\x0f\\x00\\t\\rTester_25DE2A\\xff\\xff\\xff\\xff\\x00')"
2025-02-15 23:18:43,397 LT1-thread root DEBUG client.py                 71    logger_log                : sending frame '010a0016000f00090d5465737465725f323544453241ffffffff00'
2025-02-15 23:18:43,397 LT1-thread root DEBUG client.py                 71    logger_log                : gap_command_rsp_succ
2025-02-15 23:18:43,397 LT1-thread root DEBUG client.py                 71    logger_log                : read
2025-02-15 23:18:43,477 BTPWorkerThread-909 (_rx_task) root DEBUG client.py                 71    logger_log                : Read 5 bytes
2025-02-15 23:18:43,497 BTPWorkerThread-909 (_rx_task) root DEBUG client.py                 71    logger_log                : Received: hdr: Header(svc_id=0x01, op=0x0a, ctrl_index=0x00, data_len=0x04) bytearray(b'\x01\n\x00\x04\x00')
2025-02-15 23:18:43,517 BTPWorkerThread-909 (_rx_task) root DEBUG client.py                 71    logger_log                : Read 4 bytes data
2025-02-15 23:18:43,537 BTPWorkerThread-909 (_rx_task) root DEBUG client.py                 71    logger_log                : Received data: {'13 06 00 00'}, bytearray(b'\x13\x06\x00\x00')
2025-02-15 23:18:43,567 LT1-thread root DEBUG client.py                 71    logger_log                : received Header(svc_id=1, op=10, ctrl_index=0, data_len=4) (b'\x13\x06\x00\x00',)
2025-02-15 23:18:43,567 LT1-thread root DEBUG client.py                 71    logger_log                : __gap_current_settings_update (b'\x13\x06\x00\x00',)
2025-02-15 23:18:43,567 LT1-thread root DEBUG client.py                 71    logger_log                : Sending response 'OK' to wid 91 test case GAP/CONN/PRDA/BV-01-C
2025-02-15 23:18:43,567 LT1-thread root DEBUG client.py                 71    logger_log                : ClientCallback.get_result run_test_case
2025-02-15 23:18:45,277 BTPWorkerThread-909 (_rx_task) root DEBUG client.py                 71    logger_log                : Read 5 bytes
2025-02-15 23:18:45,277 BTPWorkerThread-909 (_rx_task) root DEBUG client.py                 71    logger_log                : Received: hdr: Header(svc_id=0x01, op=0x82, ctrl_index=0x00, data_len=0x0d) bytearray(b'\x01\x82\x00\r\x00')
2025-02-15 23:18:45,277 BTPWorkerThread-909 (_rx_task) root DEBUG client.py                 71    logger_log                : Read 13 bytes data
2025-02-15 23:18:45,277 BTPWorkerThread-909 (_rx_task) root DEBUG client.py                 71    logger_log                : Received data: {'00 2a de 25 e8 07 c0 38 00 00 00 d0 07'}, bytearray(b'\x00*\xde%\xe8\x07\xc08\x00\x00\x00\xd0\x07')
2025-02-15 23:18:45,277 BTPWorkerThread-909 (_rx_task) root DEBUG client.py                 71    logger_log                : event_handler Header(svc_id=1, op=130, ctrl_index=0, data_len=13) (b'\x00*\xde%\xe8\x07\xc08\x00\x00\x00\xd0\x07',)
2025-02-15 23:18:45,277 BTPWorkerThread-909 (_rx_task) root DEBUG client.py                 71    logger_log                : gap_connected_ev_ b'\x00*\xde%\xe8\x07\xc08\x00\x00\x00\xd0\x07'
2025-02-15 23:18:45,277 BTPWorkerThread-909 (_rx_task) root DEBUG client.py                 71    logger_log                : Read 5 bytes
2025-02-15 23:18:45,277 BTPWorkerThread-909 (_rx_task) root DEBUG client.py                 71    logger_log                : Received: hdr: Header(svc_id=0x01, op=0x80, ctrl_index=0x00, data_len=0x04) bytearray(b'\x01\x80\x00\x04\x00')
2025-02-15 23:18:45,277 BTPWorkerThread-909 (_rx_task) root DEBUG client.py                 71    logger_log                : Read 4 bytes data
2025-02-15 23:18:45,277 BTPWorkerThread-909 (_rx_task) root DEBUG client.py                 71    logger_log                : Received data: {'13 02 00 00'}, bytearray(b'\x13\x02\x00\x00')
2025-02-15 23:18:45,277 BTPWorkerThread-909 (_rx_task) root DEBUG client.py                 71    logger_log                : event_handler Header(svc_id=1, op=128, ctrl_index=0, data_len=4) (b'\x13\x02\x00\x00',)
2025-02-15 23:18:45,277 BTPWorkerThread-909 (_rx_task) root DEBUG client.py                 71    logger_log                : gap_new_settings_ev_ b'\x13\x02\x00\x00'
2025-02-15 23:18:45,277 BTPWorkerThread-909 (_rx_task) root DEBUG client.py                 71    logger_log                : __gap_current_settings_update 531
2025-02-15 23:18:49,283 BTPWorkerThread-909 (_rx_task) root DEBUG client.py                 71    logger_log                : Read 5 bytes
2025-02-15 23:18:49,284 BTPWorkerThread-909 (_rx_task) root DEBUG client.py                 71    logger_log                : Received: hdr: Header(svc_id=0x01, op=0x89, ctrl_index=0x00, data_len=0x08) bytearray(b'\x01\x89\x00\x08\x00')
2025-02-15 23:18:49,284 BTPWorkerThread-909 (_rx_task) root DEBUG client.py                 71    logger_log                : Read 8 bytes data
2025-02-15 23:18:49,284 BTPWorkerThread-909 (_rx_task) root DEBUG client.py                 71    logger_log                : Received data: {'00 2a de 25 e8 07 c0 02'}, bytearray(b'\x00*\xde%\xe8\x07\xc0\x02')
2025-02-15 23:18:49,284 BTPWorkerThread-909 (_rx_task) root DEBUG client.py                 71    logger_log                : event_handler Header(svc_id=1, op=137, ctrl_index=0, data_len=8) (b'\x00*\xde%\xe8\x07\xc0\x02',)
2025-02-15 23:18:49,285 BTPWorkerThread-909 (_rx_task) root DEBUG client.py                 71    logger_log                : gap_sec_level_changed_ev_
2025-02-15 23:18:49,285 BTPWorkerThread-909 (_rx_task) root DEBUG client.py                 71    logger_log                : received b'\x00*\xde%\xe8\x07\xc0\x02'
2025-02-15 23:18:49,285 BTPWorkerThread-909 (_rx_task) root DEBUG client.py                 71    logger_log                : received (0, 'c007e825de2a', 2)
2025-02-15 23:18:49,377 LT1-callback ClientCallback.on_implicit_send INFO client.py                 71    logger_log                : 
    ********************
    BEGIN OnImplicitSend:
    project_name: GAP
    wid: 77
    test_case_name: GAP/CONN/PRDA/BV-01-C
    description: Please send a disconnect request to terminate connection.
    style: MMI_Style_Ok_Cancel2 0x11141
2025-02-15 23:18:49,377 LT1-callback ClientCallback.on_implicit_send INFO client.py                 71    logger_log                : Calling test cases on_implicit_send
2025-02-15 23:18:49,377 LT1-callback ClientCallback.on_implicit_send INFO client.py                 71    logger_log                : 
    on_implicit_send returned response: WAIT
    END OnImplicitSend
    ********************
2025-02-15 23:18:49,598 LT1-thread root DEBUG client.py                 71    logger_log                : GAP GAP/CONN/PRDA/BV-01-C on_implicit_send
2025-02-15 23:18:49,598 LT1-thread root DEBUG client.py                 71    logger_log                : gap_wid_hdl, 77, Please send a disconnect request to terminate connection., GAP/CONN/PRDA/BV-01-C
2025-02-15 23:18:49,598 LT1-thread root DEBUG client.py                 71    logger_log                : gap_disconn None None
2025-02-15 23:18:49,598 LT1-thread root DEBUG client.py                 71    logger_log                : send, 1 15 0 "bytearray(b'\\x00*\\xde%\\xe8\\x07\\xc0')"
2025-02-15 23:18:49,598 LT1-thread root DEBUG client.py                 71    logger_log                : sending frame '010f000700002ade25e807c0'
2025-02-15 23:18:49,598 LT1-thread root DEBUG client.py                 71    logger_log                : read
2025-02-15 23:18:49,657 BTPWorkerThread-909 (_rx_task) root DEBUG client.py                 71    logger_log                : Read 5 bytes
2025-02-15 23:18:49,677 BTPWorkerThread-909 (_rx_task) root DEBUG client.py                 71    logger_log                : Received: hdr: Header(svc_id=0x01, op=0x0f, ctrl_index=0x00, data_len=0x00) bytearray(b'\x01\x0f\x00\x00\x00')
2025-02-15 23:18:49,677 BTPWorkerThread-909 (_rx_task) root DEBUG client.py                 71    logger_log                : Received data: {''}, bytearray(b'')
2025-02-15 23:18:49,767 BTPWorkerThread-909 (_rx_task) root DEBUG client.py                 71    logger_log                : Read 5 bytes
2025-02-15 23:18:49,777 BTPWorkerThread-909 (_rx_task) root DEBUG client.py                 71    logger_log                : Received: hdr: Header(svc_id=0x01, op=0x83, ctrl_index=0x00, data_len=0x07) bytearray(b'\x01\x83\x00\x07\x00')
2025-02-15 23:18:49,807 BTPWorkerThread-909 (_rx_task) root DEBUG client.py                 71    logger_log                : Read 7 bytes data
2025-02-15 23:18:49,807 BTPWorkerThread-909 (_rx_task) root DEBUG client.py                 71    logger_log                : Received data: {'00 2a de 25 e8 07 c0'}, bytearray(b'\x00*\xde%\xe8\x07\xc0')
2025-02-15 23:18:49,827 BTPWorkerThread-909 (_rx_task) root DEBUG client.py                 71    logger_log                : event_handler Header(svc_id=1, op=131, ctrl_index=0, data_len=7) (b'\x00*\xde%\xe8\x07\xc0',)
2025-02-15 23:18:49,827 BTPWorkerThread-909 (_rx_task) root DEBUG client.py                 71    logger_log                : gap_disconnected_ev_ b'\x00*\xde%\xe8\x07\xc0'
2025-02-15 23:18:49,827 LT1-thread root DEBUG client.py                 71    logger_log                : Sending response 'OK' to wid 77 test case GAP/CONN/PRDA/BV-01-C
2025-02-15 23:18:49,827 LT1-thread root DEBUG client.py                 71    logger_log                : ClientCallback.get_result run_test_case
2025-02-15 23:18:49,827 LT1-callback ClientCallback.on_implicit_send INFO client.py                 71    logger_log                : 
    ********************
    BEGIN OnImplicitSend:
    project_name: GAP
    wid: 91
    test_case_name: GAP/CONN/PRDA/BV-01-C
    description: Please send a connectable undirected advertising report.
    style: MMI_Style_Ok_Cancel2 0x11141
2025-02-15 23:18:49,827 LT1-callback ClientCallback.on_implicit_send INFO client.py                 71    logger_log                : Calling test cases on_implicit_send
2025-02-15 23:18:49,827 LT1-callback ClientCallback.on_implicit_send INFO client.py                 71    logger_log                : 
    on_implicit_send returned response: WAIT
    END OnImplicitSend
    ********************
2025-02-15 23:18:50,837 LT1-thread root DEBUG client.py                 71    logger_log                : GAP GAP/CONN/PRDA/BV-01-C on_implicit_send
2025-02-15 23:18:50,837 LT1-thread root DEBUG client.py                 71    logger_log                : gap_wid_hdl, 91, Please send a connectable undirected advertising report., GAP/CONN/PRDA/BV-01-C
2025-02-15 23:18:50,837 LT1-thread root DEBUG client.py                 71    logger_log                : gap_set_conn
2025-02-15 23:18:50,837 LT1-thread root DEBUG client.py                 71    logger_log                : gap_adv_ind_on {9: b'Tester_25DE2A'} None
2025-02-15 23:18:50,837 LT1-thread root DEBUG client.py                 71    logger_log                : send, 1 10 0 "bytearray(b'\\x0f\\x00\\t\\rTester_25DE2A\\xff\\xff\\xff\\xff\\x00')"
2025-02-15 23:18:50,837 LT1-thread root DEBUG client.py                 71    logger_log                : sending frame '010a0016000f00090d5465737465725f323544453241ffffffff00'
2025-02-15 23:18:50,837 LT1-thread root DEBUG client.py                 71    logger_log                : gap_command_rsp_succ
2025-02-15 23:18:50,837 LT1-thread root DEBUG client.py                 71    logger_log                : read
2025-02-15 23:18:50,917 BTPWorkerThread-909 (_rx_task) root DEBUG client.py                 71    logger_log                : Read 5 bytes
2025-02-15 23:18:50,937 BTPWorkerThread-909 (_rx_task) root DEBUG client.py                 71    logger_log                : Received: hdr: Header(svc_id=0x01, op=0x0a, ctrl_index=0x00, data_len=0x04) bytearray(b'\x01\n\x00\x04\x00')
2025-02-15 23:18:50,947 BTPWorkerThread-909 (_rx_task) root DEBUG client.py                 71    logger_log                : Read 4 bytes data
2025-02-15 23:18:50,957 BTPWorkerThread-909 (_rx_task) root DEBUG client.py                 71    logger_log                : Received data: {'13 06 00 00'}, bytearray(b'\x13\x06\x00\x00')
2025-02-15 23:18:50,967 LT1-thread root DEBUG client.py                 71    logger_log                : received Header(svc_id=1, op=10, ctrl_index=0, data_len=4) (b'\x13\x06\x00\x00',)
2025-02-15 23:18:50,967 LT1-thread root DEBUG client.py                 71    logger_log                : __gap_current_settings_update (b'\x13\x06\x00\x00',)
2025-02-15 23:18:50,967 LT1-thread root DEBUG client.py                 71    logger_log                : Sending response 'OK' to wid 91 test case GAP/CONN/PRDA/BV-01-C
2025-02-15 23:18:50,967 LT1-thread root DEBUG client.py                 71    logger_log                : ClientCallback.get_result run_test_case
2025-02-15 23:18:51,188 BTPWorkerThread-909 (_rx_task) root DEBUG client.py                 71    logger_log                : Read 5 bytes
2025-02-15 23:18:51,188 BTPWorkerThread-909 (_rx_task) root DEBUG client.py                 71    logger_log                : Received: hdr: Header(svc_id=0x01, op=0x82, ctrl_index=0x00, data_len=0x0d) bytearray(b'\x01\x82\x00\r\x00')
2025-02-15 23:18:51,188 BTPWorkerThread-909 (_rx_task) root DEBUG client.py                 71    logger_log                : Read 13 bytes data
2025-02-15 23:18:51,188 BTPWorkerThread-909 (_rx_task) root DEBUG client.py                 71    logger_log                : Received data: {'00 2a de 25 e8 07 c0 38 00 00 00 d0 07'}, bytearray(b'\x00*\xde%\xe8\x07\xc08\x00\x00\x00\xd0\x07')
2025-02-15 23:18:51,188 BTPWorkerThread-909 (_rx_task) root DEBUG client.py                 71    logger_log                : event_handler Header(svc_id=1, op=130, ctrl_index=0, data_len=13) (b'\x00*\xde%\xe8\x07\xc08\x00\x00\x00\xd0\x07',)
2025-02-15 23:18:51,188 BTPWorkerThread-909 (_rx_task) root DEBUG client.py                 71    logger_log                : gap_connected_ev_ b'\x00*\xde%\xe8\x07\xc08\x00\x00\x00\xd0\x07'
2025-02-15 23:18:51,188 BTPWorkerThread-909 (_rx_task) root DEBUG client.py                 71    logger_log                : Read 5 bytes
2025-02-15 23:18:51,188 BTPWorkerThread-909 (_rx_task) root DEBUG client.py                 71    logger_log                : Received: hdr: Header(svc_id=0x01, op=0x80, ctrl_index=0x00, data_len=0x04) bytearray(b'\x01\x80\x00\x04\x00')
2025-02-15 23:18:51,188 BTPWorkerThread-909 (_rx_task) root DEBUG client.py                 71    logger_log                : Read 4 bytes data
2025-02-15 23:18:51,188 BTPWorkerThread-909 (_rx_task) root DEBUG client.py                 71    logger_log                : Received data: {'13 02 00 00'}, bytearray(b'\x13\x02\x00\x00')
2025-02-15 23:18:51,188 BTPWorkerThread-909 (_rx_task) root DEBUG client.py                 71    logger_log                : event_handler Header(svc_id=1, op=128, ctrl_index=0, data_len=4) (b'\x13\x02\x00\x00',)
2025-02-15 23:18:51,188 BTPWorkerThread-909 (_rx_task) root DEBUG client.py                 71    logger_log                : gap_new_settings_ev_ b'\x13\x02\x00\x00'
2025-02-15 23:18:51,188 BTPWorkerThread-909 (_rx_task) root DEBUG client.py                 71    logger_log                : __gap_current_settings_update 531
2025-02-15 23:18:53,918 BTPWorkerThread-909 (_rx_task) root DEBUG client.py                 71    logger_log                : Read 5 bytes
2025-02-15 23:18:53,918 BTPWorkerThread-909 (_rx_task) root DEBUG client.py                 71    logger_log                : Received: hdr: Header(svc_id=0x01, op=0x89, ctrl_index=0x00, data_len=0x08) bytearray(b'\x01\x89\x00\x08\x00')
2025-02-15 23:18:53,918 BTPWorkerThread-909 (_rx_task) root DEBUG client.py                 71    logger_log                : Read 8 bytes data
2025-02-15 23:18:53,918 BTPWorkerThread-909 (_rx_task) root DEBUG client.py                 71    logger_log                : Received data: {'00 2a de 25 e8 07 c0 02'}, bytearray(b'\x00*\xde%\xe8\x07\xc0\x02')
2025-02-15 23:18:53,918 BTPWorkerThread-909 (_rx_task) root DEBUG client.py                 71    logger_log                : event_handler Header(svc_id=1, op=137, ctrl_index=0, data_len=8) (b'\x00*\xde%\xe8\x07\xc0\x02',)
2025-02-15 23:18:53,918 BTPWorkerThread-909 (_rx_task) root DEBUG client.py                 71    logger_log                : gap_sec_level_changed_ev_
2025-02-15 23:18:53,918 BTPWorkerThread-909 (_rx_task) root DEBUG client.py                 71    logger_log                : received b'\x00*\xde%\xe8\x07\xc0\x02'
2025-02-15 23:18:53,918 BTPWorkerThread-909 (_rx_task) root DEBUG client.py                 71    logger_log                : received (0, 'c007e825de2a', 2)
2025-02-15 23:18:53,968 LT1-callback ClientCallback.on_implicit_send INFO client.py                 71    logger_log                : 
    ********************
    BEGIN OnImplicitSend:
    project_name: GAP
    wid: 77
    test_case_name: GAP/CONN/PRDA/BV-01-C
    description: Please send a disconnect request to terminate connection.
    style: MMI_Style_Ok_Cancel2 0x11141
2025-02-15 23:18:53,968 LT1-callback ClientCallback.on_implicit_send INFO client.py                 71    logger_log                : Calling test cases on_implicit_send
2025-02-15 23:18:53,968 LT1-callback ClientCallback.on_implicit_send INFO client.py                 71    logger_log                : 
    on_implicit_send returned response: WAIT
    END OnImplicitSend
    ********************
2025-02-15 23:18:53,988 LT1-thread root DEBUG client.py                 71    logger_log                : GAP GAP/CONN/PRDA/BV-01-C on_implicit_send
2025-02-15 23:18:53,988 LT1-thread root DEBUG client.py                 71    logger_log                : gap_wid_hdl, 77, Please send a disconnect request to terminate connection., GAP/CONN/PRDA/BV-01-C
2025-02-15 23:18:53,988 LT1-thread root DEBUG client.py                 71    logger_log                : gap_disconn None None
2025-02-15 23:18:53,988 LT1-thread root DEBUG client.py                 71    logger_log                : send, 1 15 0 "bytearray(b'\\x00*\\xde%\\xe8\\x07\\xc0')"
2025-02-15 23:18:53,988 LT1-thread root DEBUG client.py                 71    logger_log                : sending frame '010f000700002ade25e807c0'
2025-02-15 23:18:53,988 LT1-thread root DEBUG client.py                 71    logger_log                : read
2025-02-15 23:18:54,057 BTPWorkerThread-909 (_rx_task) root DEBUG client.py                 71    logger_log                : Read 5 bytes
2025-02-15 23:18:54,077 BTPWorkerThread-909 (_rx_task) root DEBUG client.py                 71    logger_log                : Received: hdr: Header(svc_id=0x01, op=0x0f, ctrl_index=0x00, data_len=0x00) bytearray(b'\x01\x0f\x00\x00\x00')
2025-02-15 23:18:54,097 BTPWorkerThread-909 (_rx_task) root DEBUG client.py                 71    logger_log                : Received data: {''}, bytearray(b'')
2025-02-15 23:18:54,147 BTPWorkerThread-909 (_rx_task) root DEBUG client.py                 71    logger_log                : Read 5 bytes
2025-02-15 23:18:54,167 BTPWorkerThread-909 (_rx_task) root DEBUG client.py                 71    logger_log                : Received: hdr: Header(svc_id=0x01, op=0x83, ctrl_index=0x00, data_len=0x07) bytearray(b'\x01\x83\x00\x07\x00')
2025-02-15 23:18:54,207 BTPWorkerThread-909 (_rx_task) root DEBUG client.py                 71    logger_log                : Read 7 bytes data
2025-02-15 23:18:54,207 BTPWorkerThread-909 (_rx_task) root DEBUG client.py                 71    logger_log                : Received data: {'00 2a de 25 e8 07 c0'}, bytearray(b'\x00*\xde%\xe8\x07\xc0')
2025-02-15 23:18:54,227 BTPWorkerThread-909 (_rx_task) root DEBUG client.py                 71    logger_log                : event_handler Header(svc_id=1, op=131, ctrl_index=0, data_len=7) (b'\x00*\xde%\xe8\x07\xc0',)
2025-02-15 23:18:54,227 BTPWorkerThread-909 (_rx_task) root DEBUG client.py                 71    logger_log                : gap_disconnected_ev_ b'\x00*\xde%\xe8\x07\xc0'
2025-02-15 23:18:54,237 LT1-thread root DEBUG client.py                 71    logger_log                : Sending response 'OK' to wid 77 test case GAP/CONN/PRDA/BV-01-C
2025-02-15 23:18:54,237 LT1-thread root DEBUG client.py                 71    logger_log                : ClientCallback.get_result run_test_case
2025-02-15 23:18:54,237 LT1-callback ClientCallback.on_implicit_send INFO client.py                 71    logger_log                : 
    ********************
    BEGIN OnImplicitSend:
    project_name: GAP
    wid: 91
    test_case_name: GAP/CONN/PRDA/BV-01-C
    description: Please send a connectable undirected advertising report.
    style: MMI_Style_Ok_Cancel2 0x11141
2025-02-15 23:18:54,237 LT1-callback ClientCallback.on_implicit_send INFO client.py                 71    logger_log                : Calling test cases on_implicit_send
2025-02-15 23:18:54,237 LT1-callback ClientCallback.on_implicit_send INFO client.py                 71    logger_log                : 
    on_implicit_send returned response: WAIT
    END OnImplicitSend
    ********************
2025-02-15 23:18:55,247 LT1-thread root DEBUG client.py                 71    logger_log                : GAP GAP/CONN/PRDA/BV-01-C on_implicit_send
2025-02-15 23:18:55,247 LT1-thread root DEBUG client.py                 71    logger_log                : gap_wid_hdl, 91, Please send a connectable undirected advertising report., GAP/CONN/PRDA/BV-01-C
2025-02-15 23:18:55,247 LT1-thread root DEBUG client.py                 71    logger_log                : gap_set_conn
2025-02-15 23:18:55,247 LT1-thread root DEBUG client.py                 71    logger_log                : gap_adv_ind_on {9: b'Tester_25DE2A'} None
2025-02-15 23:18:55,247 LT1-thread root DEBUG client.py                 71    logger_log                : send, 1 10 0 "bytearray(b'\\x0f\\x00\\t\\rTester_25DE2A\\xff\\xff\\xff\\xff\\x00')"
2025-02-15 23:18:55,247 LT1-thread root DEBUG client.py                 71    logger_log                : sending frame '010a0016000f00090d5465737465725f323544453241ffffffff00'
2025-02-15 23:18:55,247 LT1-thread root DEBUG client.py                 71    logger_log                : gap_command_rsp_succ
2025-02-15 23:18:55,247 LT1-thread root DEBUG client.py                 71    logger_log                : read
2025-02-15 23:18:55,327 BTPWorkerThread-909 (_rx_task) root DEBUG client.py                 71    logger_log                : Read 5 bytes
2025-02-15 23:18:55,337 BTPWorkerThread-909 (_rx_task) root DEBUG client.py                 71    logger_log                : Received: hdr: Header(svc_id=0x01, op=0x0a, ctrl_index=0x00, data_len=0x04) bytearray(b'\x01\n\x00\x04\x00')
2025-02-15 23:18:55,337 BTPWorkerThread-909 (_rx_task) root DEBUG client.py                 71    logger_log                : Read 4 bytes data
2025-02-15 23:18:55,347 BTPWorkerThread-909 (_rx_task) root DEBUG client.py                 71    logger_log                : Received data: {'13 06 00 00'}, bytearray(b'\x13\x06\x00\x00')
2025-02-15 23:18:55,377 LT1-thread root DEBUG client.py                 71    logger_log                : received Header(svc_id=1, op=10, ctrl_index=0, data_len=4) (b'\x13\x06\x00\x00',)
2025-02-15 23:18:55,377 LT1-thread root DEBUG client.py                 71    logger_log                : __gap_current_settings_update (b'\x13\x06\x00\x00',)
2025-02-15 23:18:55,377 LT1-thread root DEBUG client.py                 71    logger_log                : Sending response 'OK' to wid 91 test case GAP/CONN/PRDA/BV-01-C
2025-02-15 23:18:55,377 LT1-thread root DEBUG client.py                 71    logger_log                : ClientCallback.get_result run_test_case
2025-02-15 23:18:55,598 BTPWorkerThread-909 (_rx_task) root DEBUG client.py                 71    logger_log                : Read 5 bytes
2025-02-15 23:18:55,598 BTPWorkerThread-909 (_rx_task) root DEBUG client.py                 71    logger_log                : Received: hdr: Header(svc_id=0x01, op=0x82, ctrl_index=0x00, data_len=0x0d) bytearray(b'\x01\x82\x00\r\x00')
2025-02-15 23:18:55,598 BTPWorkerThread-909 (_rx_task) root DEBUG client.py                 71    logger_log                : Read 13 bytes data
2025-02-15 23:18:55,598 BTPWorkerThread-909 (_rx_task) root DEBUG client.py                 71    logger_log                : Received data: {'00 2a de 25 e8 07 c0 38 00 00 00 d0 07'}, bytearray(b'\x00*\xde%\xe8\x07\xc08\x00\x00\x00\xd0\x07')
2025-02-15 23:18:55,598 BTPWorkerThread-909 (_rx_task) root DEBUG client.py                 71    logger_log                : event_handler Header(svc_id=1, op=130, ctrl_index=0, data_len=13) (b'\x00*\xde%\xe8\x07\xc08\x00\x00\x00\xd0\x07',)
2025-02-15 23:18:55,598 BTPWorkerThread-909 (_rx_task) root DEBUG client.py                 71    logger_log                : gap_connected_ev_ b'\x00*\xde%\xe8\x07\xc08\x00\x00\x00\xd0\x07'
2025-02-15 23:18:55,598 BTPWorkerThread-909 (_rx_task) root DEBUG client.py                 71    logger_log                : Read 5 bytes
2025-02-15 23:18:55,598 BTPWorkerThread-909 (_rx_task) root DEBUG client.py                 71    logger_log                : Received: hdr: Header(svc_id=0x01, op=0x80, ctrl_index=0x00, data_len=0x04) bytearray(b'\x01\x80\x00\x04\x00')
2025-02-15 23:18:55,598 BTPWorkerThread-909 (_rx_task) root DEBUG client.py                 71    logger_log                : Read 4 bytes data
2025-02-15 23:18:55,598 BTPWorkerThread-909 (_rx_task) root DEBUG client.py                 71    logger_log                : Received data: {'13 02 00 00'}, bytearray(b'\x13\x02\x00\x00')
2025-02-15 23:18:55,598 BTPWorkerThread-909 (_rx_task) root DEBUG client.py                 71    logger_log                : event_handler Header(svc_id=1, op=128, ctrl_index=0, data_len=4) (b'\x13\x02\x00\x00',)
2025-02-15 23:18:55,598 BTPWorkerThread-909 (_rx_task) root DEBUG client.py                 71    logger_log                : gap_new_settings_ev_ b'\x13\x02\x00\x00'
2025-02-15 23:18:55,598 BTPWorkerThread-909 (_rx_task) root DEBUG client.py                 71    logger_log                : __gap_current_settings_update 531
2025-02-15 23:18:58,317 BTPWorkerThread-909 (_rx_task) root DEBUG client.py                 71    logger_log                : Read 5 bytes
2025-02-15 23:18:58,317 BTPWorkerThread-909 (_rx_task) root DEBUG client.py                 71    logger_log                : Received: hdr: Header(svc_id=0x01, op=0x89, ctrl_index=0x00, data_len=0x08) bytearray(b'\x01\x89\x00\x08\x00')
2025-02-15 23:18:58,317 BTPWorkerThread-909 (_rx_task) root DEBUG client.py                 71    logger_log                : Read 8 bytes data
2025-02-15 23:18:58,317 BTPWorkerThread-909 (_rx_task) root DEBUG client.py                 71    logger_log                : Received data: {'00 2a de 25 e8 07 c0 02'}, bytearray(b'\x00*\xde%\xe8\x07\xc0\x02')
2025-02-15 23:18:58,317 BTPWorkerThread-909 (_rx_task) root DEBUG client.py                 71    logger_log                : event_handler Header(svc_id=1, op=137, ctrl_index=0, data_len=8) (b'\x00*\xde%\xe8\x07\xc0\x02',)
2025-02-15 23:18:58,317 BTPWorkerThread-909 (_rx_task) root DEBUG client.py                 71    logger_log                : gap_sec_level_changed_ev_
2025-02-15 23:18:58,317 BTPWorkerThread-909 (_rx_task) root DEBUG client.py                 71    logger_log                : received b'\x00*\xde%\xe8\x07\xc0\x02'
2025-02-15 23:18:58,317 BTPWorkerThread-909 (_rx_task) root DEBUG client.py                 71    logger_log                : received (0, 'c007e825de2a', 2)
2025-02-15 23:18:58,387 LT1-callback ClientCallback.on_implicit_send INFO client.py                 71    logger_log                : 
    ********************
    BEGIN OnImplicitSend:
    project_name: GAP
    wid: 77
    test_case_name: GAP/CONN/PRDA/BV-01-C
    description: Please send a disconnect request to terminate connection.
    style: MMI_Style_Ok_Cancel2 0x11141
2025-02-15 23:18:58,387 LT1-callback ClientCallback.on_implicit_send INFO client.py                 71    logger_log                : Calling test cases on_implicit_send
2025-02-15 23:18:58,387 LT1-callback ClientCallback.on_implicit_send INFO client.py                 71    logger_log                : 
    on_implicit_send returned response: WAIT
    END OnImplicitSend
    ********************
2025-02-15 23:18:58,398 LT1-thread root DEBUG client.py                 71    logger_log                : GAP GAP/CONN/PRDA/BV-01-C on_implicit_send
2025-02-15 23:18:58,398 LT1-thread root DEBUG client.py                 71    logger_log                : gap_wid_hdl, 77, Please send a disconnect request to terminate connection., GAP/CONN/PRDA/BV-01-C
2025-02-15 23:18:58,398 LT1-thread root DEBUG client.py                 71    logger_log                : gap_disconn None None
2025-02-15 23:18:58,398 LT1-thread root DEBUG client.py                 71    logger_log                : send, 1 15 0 "bytearray(b'\\x00*\\xde%\\xe8\\x07\\xc0')"
2025-02-15 23:18:58,398 LT1-thread root DEBUG client.py                 71    logger_log                : sending frame '010f000700002ade25e807c0'
2025-02-15 23:18:58,398 LT1-thread root DEBUG client.py                 71    logger_log                : read
2025-02-15 23:18:58,477 BTPWorkerThread-909 (_rx_task) root DEBUG client.py                 71    logger_log                : Read 5 bytes
2025-02-15 23:18:58,497 BTPWorkerThread-909 (_rx_task) root DEBUG client.py                 71    logger_log                : Received: hdr: Header(svc_id=0x01, op=0x0f, ctrl_index=0x00, data_len=0x00) bytearray(b'\x01\x0f\x00\x00\x00')
2025-02-15 23:18:58,497 BTPWorkerThread-909 (_rx_task) root DEBUG client.py                 71    logger_log                : Received data: {''}, bytearray(b'')
2025-02-15 23:18:58,557 BTPWorkerThread-909 (_rx_task) root DEBUG client.py                 71    logger_log                : Read 5 bytes
2025-02-15 23:18:58,577 BTPWorkerThread-909 (_rx_task) root DEBUG client.py                 71    logger_log                : Received: hdr: Header(svc_id=0x01, op=0x83, ctrl_index=0x00, data_len=0x07) bytearray(b'\x01\x83\x00\x07\x00')
2025-02-15 23:18:58,587 BTPWorkerThread-909 (_rx_task) root DEBUG client.py                 71    logger_log                : Read 7 bytes data
2025-02-15 23:18:58,587 BTPWorkerThread-909 (_rx_task) root DEBUG client.py                 71    logger_log                : Received data: {'00 2a de 25 e8 07 c0'}, bytearray(b'\x00*\xde%\xe8\x07\xc0')
2025-02-15 23:18:58,607 BTPWorkerThread-909 (_rx_task) root DEBUG client.py                 71    logger_log                : event_handler Header(svc_id=1, op=131, ctrl_index=0, data_len=7) (b'\x00*\xde%\xe8\x07\xc0',)
2025-02-15 23:18:58,627 BTPWorkerThread-909 (_rx_task) root DEBUG client.py                 71    logger_log                : gap_disconnected_ev_ b'\x00*\xde%\xe8\x07\xc0'
2025-02-15 23:18:58,647 LT1-thread root DEBUG client.py                 71    logger_log                : Sending response 'OK' to wid 77 test case GAP/CONN/PRDA/BV-01-C
2025-02-15 23:18:58,647 LT1-thread root DEBUG client.py                 71    logger_log                : ClientCallback.get_result run_test_case
2025-02-15 23:19:01,197 LT1-callback ClientCallback.log INFO client.py                 71    logger_log                : PTS_LOGTYPE_START_TEST Start Test Case 

+0 ms
 GAP/CONN/PRDA/BV-01-C GAP/CONN/PRDA/BV-01-C

2025-02-15 23:19:02,307 LT1-callback ClientCallback.log INFO client.py                 71    logger_log                : PTS_LOGTYPE_FINAL_VERDICT Final Verdict 

+19563 ms
 GAP/CONN/PRDA/BV-01-C PASS

2025-02-15 23:19:02,307 LT1-callback ClientCallback.log INFO client.py                 71    logger_log                : PTS_LOGTYPE_FINAL_VERDICT Encrypted Verdict 

+19563 ms
 GAP/CONN/PRDA/BV-01-C A1#ZWY4MzQ5MDg3MmQwNTIxOGQzMzQ5YjY2ODA5M2MzNjQ5ZDY4NmY0Yjc2MzIzM2VkNTUyNTFhNGU4Mjg1MjI0NA==#Jx/g46+QHa/UJoNbuJEjpJuuub4WbaOYi4bjohvmliaWwjrOtzg1WGBuvqLVc5Se

2025-02-15 23:19:02,317 LT1-callback ClientCallback.log INFO client.py                 71    logger_log                : PTS_LOGTYPE_END_TEST Test Case Ended 

+19563 ms
 GAP/CONN/PRDA/BV-01-C GAP/CONN/PRDA/BV-01-C

2025-02-15 23:19:02,497 LT1-callback root DEBUG client.py                 71    logger_log                : ClientCallback, set_result, run_test_case, PASS
2025-02-15 23:19:02,497 LT1-thread root DEBUG client.py                 71    logger_log                : After run_test_case error_code=0 status='PASS'
2025-02-15 23:19:02,497 LT1-thread root DEBUG client.py                 71    logger_log                : post_run GAP GAP/CONN/PRDA/BV-01-C 0
2025-02-15 23:19:02,497 LT1-thread root DEBUG client.py                 71    logger_log                : Starting test function: class=<class 'autopts.ptsprojects.testcase.TestFuncCleanUp'>, func=<bound method Stack.cleanup of <autopts.ptsprojects.stack.stack.Stack object at 0x0000020D6A103FD0>> start_wid=None stop_wid=None post_wid=None skip_call=None call_count=1 args=() kwds={}
2025-02-15 23:19:02,497 LT1-thread root DEBUG client.py                 71    logger_log                : Test function parameters: args=(), kwds={}
2025-02-15 23:19:02,507 LT1-thread root DEBUG client.py                 71    logger_log                : Starting test function: class=<class 'autopts.ptsprojects.testcase.TestFuncCleanUp'>, func=<bound method ZephyrCtl.stop of <autopts.ptsprojects.zephyr.iutctl.ZephyrCtl object at 0x0000020D66F4B710>> start_wid=None stop_wid=None post_wid=None skip_call=None call_count=1 args=() kwds={}
2025-02-15 23:19:02,507 LT1-thread root DEBUG client.py                 71    logger_log                : Test function parameters: args=(), kwds={}
2025-02-15 23:19:02,507 LT1-thread root DEBUG client.py                 71    logger_log                : <class 'autopts.ptsprojects.zephyr.iutctl.ZephyrCtl'>.stop
2025-02-15 23:19:02,507 LT1-thread root DEBUG client.py                 71    logger_log                : About to reset DUT: JLink -CommandFile reset.jlink -usb 1064371884 -device MCXW716
2025-02-15 23:19:02,952 BTPWorkerThread-909 (_rx_task) root DEBUG client.py                 71    logger_log                : Read 5 bytes
2025-02-15 23:19:02,972 BTPWorkerThread-909 (_rx_task) root DEBUG client.py                 71    logger_log                : Received: hdr: Header(svc_id=0x00, op=0x80, ctrl_index=0xff, data_len=0x00) bytearray(b'\x00\x80\xff\x00\x00')
2025-02-15 23:19:02,992 BTPWorkerThread-909 (_rx_task) root DEBUG client.py                 71    logger_log                : Received data: {''}, bytearray(b'')
2025-02-15 23:19:03,021 BTPWorkerThread-909 (_rx_task) root DEBUG client.py                 71    logger_log                : event_handler Header(svc_id=0, op=128, ctrl_index=255, data_len=0) (b'',)
2025-02-15 23:19:03,041 BTPWorkerThread-909 (_rx_task) root DEBUG client.py                 71    logger_log                : core_iut_ready_ev
2025-02-15 23:19:03,062 LT1-thread root DEBUG client.py                 71    logger_log                : IUT ready event received OK
2025-02-15 23:19:03,062 LT1-thread root DEBUG client.py                 71    logger_log                : Waiting for _rx_worker to finish ...
2025-02-15 23:19:04,071 BTPWorkerThread-909 (_rx_task) root DEBUG client.py                 71    logger_log                : BTPWorkerThread-909 (_rx_task) finishing...
2025-02-15 23:19:04,071 LT1-thread root DEBUG client.py                 71    logger_log                : Waiting for _rx_worker to finish ...
2025-02-15 23:19:07,082 LT1-thread root DEBUG client.py                 71    logger_log                : post_run, cleanup running post test case script
2025-02-15 23:19:07,082 LT1-thread root DEBUG client.py                 71    logger_log                : post_run, run post test case script
2025-02-15 23:19:07,202 LT1-thread root DEBUG client.py                 71    logger_log                : Done TestCase _run_test_case GAP GAP/CONN/PRDA/BV-01-C
