19:08:00:424    > BTP_CORE_CMD_REGISTER_SERVICE (0x00|0x03|0xff)
                  raw data (1): 00 03 ff 01 00|01
19:08:04:050    < BTP_CORE_CMD_REGISTER_SERVICE (0x00|0x03|0xff)
                  raw data (0): 00 03 ff 00 00|
19:08:04:070    > BTP_GAP_CMD_READ_SUPPORTED_COMMANDS (0x01|0x01|0xff)
                  raw data (0): 01 01 ff 00 00|
19:08:04:191    < BTP_GAP_CMD_READ_SUPPORTED_COMMANDS (0x01|0x01|0xff)
                  raw data (6): 01 01 ff 06 00|6e ff 7f 1f fe f7
19:08:04:211    > BTP_GAP_CMD_READ_CONTROLLER_INFO (0x01|0x03|0x00)
                  raw data (0): 01 03 00 00 00|
19:08:04:311    < BTP_GAP_CMD_READ_CONTROLLER_INFO (0x01|0x03|0x00)
                  raw data (277): 
                  01 03 00 15 01|19 78 ee 69 17 d0 d3 06 02 00 13 
                  02 00 00 00 00 00 62 74 70 5f 74 65 73 74 65 72 
                  00 00 00 00 00 00 00 00 00 00 00 00 00 00 00 00 
                  00 00 00 00 00 00 00 00 00 00 00 00 00 00 00 00 
                  00 00 00 00 00 00 00 00 00 00 00 00 00 00 00 00 
                  00 00 00 00 00 00 00 00 00 00 00 00 00 00 00 00 
                  00 00 00 00 00 00 00 00 00 00 00 00 00 00 00 00 
                  00 00 00 00 00 00 00 00 00 00 00 00 00 00 00 00 
                  00 00 00 00 00 00 00 00 00 00 00 00 00 00 00 00 
                  00 00 00 00 00 00 00 00 00 00 00 00 00 00 00 00 
                  00 00 00 00 00 00 00 00 00 00 00 00 00 00 00 00 
                  00 00 00 00 00 00 00 00 00 00 00 00 00 00 00 00 
                  00 00 00 00 00 00 00 00 00 00 00 00 00 00 00 00 
                  00 00 00 00 00 00 00 00 00 00 00 00 00 00 00 00 
                  00 00 00 00 00 00 00 00 00 00 00 00 00 00 00 00 
                  00 00 00 00 00 00 00 00 00 00 00 00 00 00 00 00 
                  00 00 00 00 00 00 00 00 00 00 00 00 00 00 00 00 
                  00 00 00 00 00 00 00 00 00 00
19:08:04:321    > BTP_CORE_CMD_REGISTER_SERVICE (0x00|0x03|0xff)
                  raw data (37): 00 03 ff 01 00|25
19:08:04:431    < BTP_CORE_CMD_REGISTER_SERVICE (0x00|0x03|0xff)
                  raw data (0): 00 03 ff 00 00|
19:08:04:431    > BTP_AVRCP_CMD_READ_SUPPORTED_COMMANDS (0x25|0x01|0xff)
                  raw data (0): 25 01 ff 00 00|
19:08:04:531    < BTP_AVRCP_CMD_READ_SUPPORTED_COMMANDS (0x25|0x01|0xff)
                  raw data (5): 25 01 ff 05 00|fe ff e7 ff 7f
19:08:06:567    > BTP_GAP_CMD_SET_DISCOVERABLE (0x01|0x08|0x00)
                  raw data (1): 01 08 00 01 00|01
19:08:06:717    < BTP_GAP_CMD_SET_DISCOVERABLE (0x01|0x08|0x00)
                  raw data (4): 01 08 00 04 00|1b 02 00 00
19:08:06:759    > BTP_GAP_CMD_START_ADVERTISING (0x01|0x0a|0x00)
                  raw data (22): 
                  01 0a 00 16 00|0f 00 09 0d 54 65 73 74 65 72 5f 
                  30 38 45 34 34 45 ff ff ff ff 00
19:08:06:760    < BTP_GAP_EV_DEVICE_CONNECTED (0x01|0x82|0x00)
                  raw data (13): 
                  01 82 00 0d 00|e0 4e e4 08 dc 1b 00 00 00 00 00 
                  00 00
19:08:06:821    < BTP_GAP_EV_NEW_SETTINGS (0x01|0x80|0x00)
                  raw data (4): 01 80 00 04 00|1b 02 00 00
19:08:07:000    < BTP_GAP_CMD_START_ADVERTISING (0x01|0x0a|0x00)
                  raw data (4): 01 0a 00 04 00|1b 06 00 00
19:08:08:561    < BTP_GAP_EV_ENCRYPTION_CHANGE (0x01|0x91|0x00)
                  raw data (9): 01 91 00 09 00|e0 4e e4 08 dc 1b 00 01 10
19:08:08:631    < BTP_GAP_EV_SEC_LEVEL_CHANGED (0x01|0x89|0x00)
                  raw data (8): 01 89 00 08 00|e0 4e e4 08 dc 1b 00 02
19:08:08:731    < BTP_AVRCP_EV_CONTROL_CONNECTED (0x25|0x80|0x00)
                  raw data (6): 25 80 00 06 00|4e e4 08 dc 1b 00
19:08:08:772    < BTP_AVRCP_EV_CONTROL_CONNECTED (0x25|0x80|0x00)
                  raw data (6): 25 80 00 06 00|4e e4 08 dc 1b 00
19:08:09:777    > BTP_AVRCP_CMD_PASS_THROUGH (0x25|0x08|0x00)
                  raw data (9): 25 08 00 09 00|4e e4 08 dc 1b 00 20 00 00
19:08:09:867    < BTP_AVRCP_CMD_PASS_THROUGH (0x25|0x08|0x00)
                  raw data (0): 25 08 00 00 00|
19:08:09:997    < BTP_AVRCP_EV_PASS_THROUGH_RSP (0x25|0x86|0x00)
                  raw data (9): 25 86 00 09 00|4e e4 08 dc 1b 00 09 20 00
19:08:10:998    > BTP_AVRCP_CMD_PASS_THROUGH (0x25|0x08|0x00)
                  raw data (9): 25 08 00 09 00|4e e4 08 dc 1b 00 20 01 00
19:08:11:111    < BTP_AVRCP_CMD_PASS_THROUGH (0x25|0x08|0x00)
                  raw data (0): 25 08 00 00 00|
19:08:11:261    < BTP_AVRCP_EV_PASS_THROUGH_RSP (0x25|0x86|0x00)
                  raw data (9): 25 86 00 09 00|4e e4 08 dc 1b 00 09 a0 00
19:08:12:284    > BTP_AVRCP_CMD_PASS_THROUGH (0x25|0x08|0x00)
                  raw data (9): 25 08 00 09 00|4e e4 08 dc 1b 00 21 00 00
19:08:12:345    < BTP_AVRCP_CMD_PASS_THROUGH (0x25|0x08|0x00)
                  raw data (0): 25 08 00 00 00|
19:08:12:545    < BTP_AVRCP_EV_PASS_THROUGH_RSP (0x25|0x86|0x00)
                  raw data (9): 25 86 00 09 00|4e e4 08 dc 1b 00 09 21 00
19:08:13:606    > BTP_AVRCP_CMD_PASS_THROUGH (0x25|0x08|0x00)
                  raw data (9): 25 08 00 09 00|4e e4 08 dc 1b 00 21 01 00
19:08:13:689    < BTP_AVRCP_CMD_PASS_THROUGH (0x25|0x08|0x00)
                  raw data (0): 25 08 00 00 00|
19:08:13:830    < BTP_AVRCP_EV_PASS_THROUGH_RSP (0x25|0x86|0x00)
                  raw data (9): 25 86 00 09 00|4e e4 08 dc 1b 00 09 a1 00
19:08:14:833    > BTP_AVRCP_CMD_PASS_THROUGH (0x25|0x08|0x00)
                  raw data (9): 25 08 00 09 00|4e e4 08 dc 1b 00 22 00 00
19:08:14:923    < BTP_AVRCP_CMD_PASS_THROUGH (0x25|0x08|0x00)
                  raw data (0): 25 08 00 00 00|
19:08:15:043    < BTP_AVRCP_EV_PASS_THROUGH_RSP (0x25|0x86|0x00)
                  raw data (9): 25 86 00 09 00|4e e4 08 dc 1b 00 09 22 00
19:08:16:044    > BTP_AVRCP_CMD_PASS_THROUGH (0x25|0x08|0x00)
                  raw data (9): 25 08 00 09 00|4e e4 08 dc 1b 00 22 01 00
19:08:16:127    < BTP_AVRCP_CMD_PASS_THROUGH (0x25|0x08|0x00)
                  raw data (0): 25 08 00 00 00|
19:08:16:277    < BTP_AVRCP_EV_PASS_THROUGH_RSP (0x25|0x86|0x00)
                  raw data (9): 25 86 00 09 00|4e e4 08 dc 1b 00 09 a2 00
19:08:17:351    > BTP_AVRCP_CMD_PASS_THROUGH (0x25|0x08|0x00)
                  raw data (9): 25 08 00 09 00|4e e4 08 dc 1b 00 23 00 00
19:08:17:461    < BTP_AVRCP_CMD_PASS_THROUGH (0x25|0x08|0x00)
                  raw data (0): 25 08 00 00 00|
19:08:17:561    < BTP_AVRCP_EV_PASS_THROUGH_RSP (0x25|0x86|0x00)
                  raw data (9): 25 86 00 09 00|4e e4 08 dc 1b 00 09 23 00
19:08:18:582    > BTP_AVRCP_CMD_PASS_THROUGH (0x25|0x08|0x00)
                  raw data (9): 25 08 00 09 00|4e e4 08 dc 1b 00 23 01 00
19:08:18:675    < BTP_AVRCP_CMD_PASS_THROUGH (0x25|0x08|0x00)
                  raw data (0): 25 08 00 00 00|
19:08:18:765    < BTP_AVRCP_EV_PASS_THROUGH_RSP (0x25|0x86|0x00)
                  raw data (9): 25 86 00 09 00|4e e4 08 dc 1b 00 09 a3 00
19:08:19:826    > BTP_AVRCP_CMD_PASS_THROUGH (0x25|0x08|0x00)
                  raw data (9): 25 08 00 09 00|4e e4 08 dc 1b 00 24 00 00
19:08:19:916    < BTP_AVRCP_CMD_PASS_THROUGH (0x25|0x08|0x00)
                  raw data (0): 25 08 00 00 00|
19:08:20:056    < BTP_AVRCP_EV_PASS_THROUGH_RSP (0x25|0x86|0x00)
                  raw data (9): 25 86 00 09 00|4e e4 08 dc 1b 00 09 24 00
19:08:21:067    > BTP_AVRCP_CMD_PASS_THROUGH (0x25|0x08|0x00)
                  raw data (9): 25 08 00 09 00|4e e4 08 dc 1b 00 24 01 00
19:08:21:161    < BTP_AVRCP_CMD_PASS_THROUGH (0x25|0x08|0x00)
                  raw data (0): 25 08 00 00 00|
19:08:21:291    < BTP_AVRCP_EV_PASS_THROUGH_RSP (0x25|0x86|0x00)
                  raw data (9): 25 86 00 09 00|4e e4 08 dc 1b 00 09 a4 00
19:08:22:295    > BTP_AVRCP_CMD_PASS_THROUGH (0x25|0x08|0x00)
                  raw data (9): 25 08 00 09 00|4e e4 08 dc 1b 00 25 00 00
19:08:22:375    < BTP_AVRCP_CMD_PASS_THROUGH (0x25|0x08|0x00)
                  raw data (0): 25 08 00 00 00|
19:08:22:555    < BTP_AVRCP_EV_PASS_THROUGH_RSP (0x25|0x86|0x00)
                  raw data (9): 25 86 00 09 00|4e e4 08 dc 1b 00 09 25 00
19:08:23:626    > BTP_AVRCP_CMD_PASS_THROUGH (0x25|0x08|0x00)
                  raw data (9): 25 08 00 09 00|4e e4 08 dc 1b 00 25 01 00
19:08:23:718    < BTP_AVRCP_CMD_PASS_THROUGH (0x25|0x08|0x00)
                  raw data (0): 25 08 00 00 00|
19:08:23:879    < BTP_AVRCP_EV_PASS_THROUGH_RSP (0x25|0x86|0x00)
                  raw data (9): 25 86 00 09 00|4e e4 08 dc 1b 00 09 a5 00
19:08:24:942    > BTP_AVRCP_CMD_PASS_THROUGH (0x25|0x08|0x00)
                  raw data (9): 25 08 00 09 00|4e e4 08 dc 1b 00 26 00 00
19:08:25:032    < BTP_AVRCP_CMD_PASS_THROUGH (0x25|0x08|0x00)
                  raw data (0): 25 08 00 00 00|
19:08:25:202    < BTP_AVRCP_EV_PASS_THROUGH_RSP (0x25|0x86|0x00)
                  raw data (9): 25 86 00 09 00|4e e4 08 dc 1b 00 09 26 00
19:08:26:263    > BTP_AVRCP_CMD_PASS_THROUGH (0x25|0x08|0x00)
                  raw data (9): 25 08 00 09 00|4e e4 08 dc 1b 00 26 01 00
19:08:26:356    < BTP_AVRCP_CMD_PASS_THROUGH (0x25|0x08|0x00)
                  raw data (0): 25 08 00 00 00|
19:08:26:516    < BTP_AVRCP_EV_PASS_THROUGH_RSP (0x25|0x86|0x00)
                  raw data (9): 25 86 00 09 00|4e e4 08 dc 1b 00 09 a6 00
19:08:27:579    > BTP_AVRCP_CMD_PASS_THROUGH (0x25|0x08|0x00)
                  raw data (9): 25 08 00 09 00|4e e4 08 dc 1b 00 27 00 00
19:08:27:689    < BTP_AVRCP_CMD_PASS_THROUGH (0x25|0x08|0x00)
                  raw data (0): 25 08 00 00 00|
19:08:27:810    < BTP_AVRCP_EV_PASS_THROUGH_RSP (0x25|0x86|0x00)
                  raw data (9): 25 86 00 09 00|4e e4 08 dc 1b 00 09 27 00
19:08:28:860    > BTP_AVRCP_CMD_PASS_THROUGH (0x25|0x08|0x00)
                  raw data (9): 25 08 00 09 00|4e e4 08 dc 1b 00 27 01 00
19:08:28:933    < BTP_AVRCP_CMD_PASS_THROUGH (0x25|0x08|0x00)
                  raw data (0): 25 08 00 00 00|
19:08:29:053    < BTP_AVRCP_EV_PASS_THROUGH_RSP (0x25|0x86|0x00)
                  raw data (9): 25 86 00 09 00|4e e4 08 dc 1b 00 09 a7 00
19:08:30:097    > BTP_AVRCP_CMD_PASS_THROUGH (0x25|0x08|0x00)
                  raw data (9): 25 08 00 09 00|4e e4 08 dc 1b 00 28 00 00
19:08:30:197    < BTP_AVRCP_CMD_PASS_THROUGH (0x25|0x08|0x00)
                  raw data (0): 25 08 00 00 00|
19:08:30:327    < BTP_AVRCP_EV_PASS_THROUGH_RSP (0x25|0x86|0x00)
                  raw data (9): 25 86 00 09 00|4e e4 08 dc 1b 00 09 28 00
19:08:31:338    > BTP_AVRCP_CMD_PASS_THROUGH (0x25|0x08|0x00)
                  raw data (9): 25 08 00 09 00|4e e4 08 dc 1b 00 28 01 00
19:08:31:421    < BTP_AVRCP_CMD_PASS_THROUGH (0x25|0x08|0x00)
                  raw data (0): 25 08 00 00 00|
19:08:31:551    < BTP_AVRCP_EV_PASS_THROUGH_RSP (0x25|0x86|0x00)
                  raw data (9): 25 86 00 09 00|4e e4 08 dc 1b 00 09 a8 00
19:08:32:605    > BTP_AVRCP_CMD_PASS_THROUGH (0x25|0x08|0x00)
                  raw data (9): 25 08 00 09 00|4e e4 08 dc 1b 00 29 00 00
19:08:32:705    < BTP_AVRCP_CMD_PASS_THROUGH (0x25|0x08|0x00)
                  raw data (0): 25 08 00 00 00|
19:08:32:845    < BTP_AVRCP_EV_PASS_THROUGH_RSP (0x25|0x86|0x00)
                  raw data (9): 25 86 00 09 00|4e e4 08 dc 1b 00 09 29 00
19:08:33:846    > BTP_AVRCP_CMD_PASS_THROUGH (0x25|0x08|0x00)
                  raw data (9): 25 08 00 09 00|4e e4 08 dc 1b 00 29 01 00
19:08:33:948    < BTP_AVRCP_CMD_PASS_THROUGH (0x25|0x08|0x00)
                  raw data (0): 25 08 00 00 00|
19:08:34:089    < BTP_AVRCP_EV_PASS_THROUGH_RSP (0x25|0x86|0x00)
                  raw data (9): 25 86 00 09 00|4e e4 08 dc 1b 00 09 a9 00
19:08:35:100    > BTP_AVRCP_CMD_PASS_THROUGH (0x25|0x08|0x00)
                  raw data (9): 25 08 00 09 00|4e e4 08 dc 1b 00 2a 00 00
19:08:35:190    < BTP_AVRCP_CMD_PASS_THROUGH (0x25|0x08|0x00)
                  raw data (0): 25 08 00 00 00|
19:08:35:291    < BTP_AVRCP_EV_PASS_THROUGH_RSP (0x25|0x86|0x00)
                  raw data (9): 25 86 00 09 00|4e e4 08 dc 1b 00 09 2a 00
19:08:36:311    > BTP_AVRCP_CMD_PASS_THROUGH (0x25|0x08|0x00)
                  raw data (9): 25 08 00 09 00|4e e4 08 dc 1b 00 2a 01 00
19:08:36:404    < BTP_AVRCP_CMD_PASS_THROUGH (0x25|0x08|0x00)
                  raw data (0): 25 08 00 00 00|
19:08:36:504    < BTP_AVRCP_EV_PASS_THROUGH_RSP (0x25|0x86|0x00)
                  raw data (9): 25 86 00 09 00|4e e4 08 dc 1b 00 09 aa 00
19:08:37:528    > BTP_AVRCP_CMD_PASS_THROUGH (0x25|0x08|0x00)
                  raw data (9): 25 08 00 09 00|4e e4 08 dc 1b 00 2b 00 00
19:08:37:608    < BTP_AVRCP_CMD_PASS_THROUGH (0x25|0x08|0x00)
                  raw data (0): 25 08 00 00 00|
19:08:37:758    < BTP_AVRCP_EV_PASS_THROUGH_RSP (0x25|0x86|0x00)
                  raw data (9): 25 86 00 09 00|4e e4 08 dc 1b 00 09 2b 00
19:08:38:759    > BTP_AVRCP_CMD_PASS_THROUGH (0x25|0x08|0x00)
                  raw data (9): 25 08 00 09 00|4e e4 08 dc 1b 00 2b 01 00
19:08:38:872    < BTP_AVRCP_CMD_PASS_THROUGH (0x25|0x08|0x00)
                  raw data (0): 25 08 00 00 00|
19:08:39:002    < BTP_AVRCP_EV_PASS_THROUGH_RSP (0x25|0x86|0x00)
                  raw data (9): 25 86 00 09 00|4e e4 08 dc 1b 00 09 ab 00
19:08:40:005    > BTP_AVRCP_CMD_PASS_THROUGH (0x25|0x08|0x00)
                  raw data (9): 25 08 00 09 00|4e e4 08 dc 1b 00 2c 00 00
19:08:40:085    < BTP_AVRCP_CMD_PASS_THROUGH (0x25|0x08|0x00)
                  raw data (0): 25 08 00 00 00|
19:08:40:276    < BTP_AVRCP_EV_PASS_THROUGH_RSP (0x25|0x86|0x00)
                  raw data (9): 25 86 00 09 00|4e e4 08 dc 1b 00 09 2c 00
19:08:41:306    > BTP_AVRCP_CMD_PASS_THROUGH (0x25|0x08|0x00)
                  raw data (9): 25 08 00 09 00|4e e4 08 dc 1b 00 2c 01 00
19:08:41:409    < BTP_AVRCP_CMD_PASS_THROUGH (0x25|0x08|0x00)
                  raw data (0): 25 08 00 00 00|
19:08:41:540    < BTP_AVRCP_EV_PASS_THROUGH_RSP (0x25|0x86|0x00)
                  raw data (9): 25 86 00 09 00|4e e4 08 dc 1b 00 09 ac 00
19:08:42:603    > BTP_AVRCP_CMD_PASS_THROUGH (0x25|0x08|0x00)
                  raw data (9): 25 08 00 09 00|4e e4 08 dc 1b 00 33 00 00
19:08:42:693    < BTP_AVRCP_CMD_PASS_THROUGH (0x25|0x08|0x00)
                  raw data (0): 25 08 00 00 00|
19:08:42:844    < BTP_AVRCP_EV_PASS_THROUGH_RSP (0x25|0x86|0x00)
                  raw data (9): 25 86 00 09 00|4e e4 08 dc 1b 00 09 33 00
19:08:43:874    > BTP_AVRCP_CMD_PASS_THROUGH (0x25|0x08|0x00)
                  raw data (9): 25 08 00 09 00|4e e4 08 dc 1b 00 33 01 00
19:08:43:937    < BTP_AVRCP_CMD_PASS_THROUGH (0x25|0x08|0x00)
                  raw data (0): 25 08 00 00 00|
19:08:44:087    < BTP_AVRCP_EV_PASS_THROUGH_RSP (0x25|0x86|0x00)
                  raw data (9): 25 86 00 09 00|4e e4 08 dc 1b 00 09 b3 00
19:08:45:141    > BTP_AVRCP_CMD_PASS_THROUGH (0x25|0x08|0x00)
                  raw data (9): 25 08 00 09 00|4e e4 08 dc 1b 00 34 00 00
19:08:45:261    < BTP_AVRCP_CMD_PASS_THROUGH (0x25|0x08|0x00)
                  raw data (0): 25 08 00 00 00|
19:08:45:401    < BTP_AVRCP_EV_PASS_THROUGH_RSP (0x25|0x86|0x00)
                  raw data (9): 25 86 00 09 00|4e e4 08 dc 1b 00 09 34 00
19:08:46:432    > BTP_AVRCP_CMD_PASS_THROUGH (0x25|0x08|0x00)
                  raw data (9): 25 08 00 09 00|4e e4 08 dc 1b 00 34 01 00
19:08:46:534    < BTP_AVRCP_CMD_PASS_THROUGH (0x25|0x08|0x00)
                  raw data (0): 25 08 00 00 00|
19:08:46:664    < BTP_AVRCP_EV_PASS_THROUGH_RSP (0x25|0x86|0x00)
                  raw data (9): 25 86 00 09 00|4e e4 08 dc 1b 00 09 b4 00
19:08:47:698    > BTP_AVRCP_CMD_PASS_THROUGH (0x25|0x08|0x00)
                  raw data (9): 25 08 00 09 00|4e e4 08 dc 1b 00 35 00 00
19:08:47:798    < BTP_AVRCP_CMD_PASS_THROUGH (0x25|0x08|0x00)
                  raw data (0): 25 08 00 00 00|
19:08:47:948    < BTP_AVRCP_EV_PASS_THROUGH_RSP (0x25|0x86|0x00)
                  raw data (9): 25 86 00 09 00|4e e4 08 dc 1b 00 09 35 00
19:08:49:009    > BTP_AVRCP_CMD_PASS_THROUGH (0x25|0x08|0x00)
                  raw data (9): 25 08 00 09 00|4e e4 08 dc 1b 00 35 01 00
19:08:49:102    < BTP_AVRCP_CMD_PASS_THROUGH (0x25|0x08|0x00)
                  raw data (0): 25 08 00 00 00|
19:08:49:242    < BTP_AVRCP_EV_PASS_THROUGH_RSP (0x25|0x86|0x00)
                  raw data (9): 25 86 00 09 00|4e e4 08 dc 1b 00 09 b5 00
19:08:50:316    > BTP_AVRCP_CMD_PASS_THROUGH (0x25|0x08|0x00)
                  raw data (9): 25 08 00 09 00|4e e4 08 dc 1b 00 36 00 00
19:08:50:406    < BTP_AVRCP_CMD_PASS_THROUGH (0x25|0x08|0x00)
                  raw data (0): 25 08 00 00 00|
19:08:50:576    < BTP_AVRCP_EV_PASS_THROUGH_RSP (0x25|0x86|0x00)
                  raw data (9): 25 86 00 09 00|4e e4 08 dc 1b 00 09 36 00
19:08:51:597    > BTP_AVRCP_CMD_PASS_THROUGH (0x25|0x08|0x00)
                  raw data (9): 25 08 00 09 00|4e e4 08 dc 1b 00 36 01 00
19:08:51:689    < BTP_AVRCP_CMD_PASS_THROUGH (0x25|0x08|0x00)
                  raw data (0): 25 08 00 00 00|
19:08:51:820    < BTP_AVRCP_EV_PASS_THROUGH_RSP (0x25|0x86|0x00)
                  raw data (9): 25 86 00 09 00|4e e4 08 dc 1b 00 09 b6 00
19:08:52:872    > BTP_AVRCP_CMD_PASS_THROUGH (0x25|0x08|0x00)
                  raw data (9): 25 08 00 09 00|4e e4 08 dc 1b 00 40 00 00
19:08:52:972    < BTP_AVRCP_CMD_PASS_THROUGH (0x25|0x08|0x00)
                  raw data (0): 25 08 00 00 00|
19:08:53:122    < BTP_AVRCP_EV_PASS_THROUGH_RSP (0x25|0x86|0x00)
                  raw data (9): 25 86 00 09 00|4e e4 08 dc 1b 00 09 40 00
19:08:54:193    > BTP_AVRCP_CMD_PASS_THROUGH (0x25|0x08|0x00)
                  raw data (9): 25 08 00 09 00|4e e4 08 dc 1b 00 40 01 00
19:08:54:285    < BTP_AVRCP_CMD_PASS_THROUGH (0x25|0x08|0x00)
                  raw data (0): 25 08 00 00 00|
19:08:54:415    < BTP_AVRCP_EV_PASS_THROUGH_RSP (0x25|0x86|0x00)
                  raw data (9): 25 86 00 09 00|4e e4 08 dc 1b 00 09 c0 00
19:08:55:439    > BTP_AVRCP_CMD_PASS_THROUGH (0x25|0x08|0x00)
                  raw data (9): 25 08 00 09 00|4e e4 08 dc 1b 00 44 00 00
19:08:55:529    < BTP_AVRCP_CMD_PASS_THROUGH (0x25|0x08|0x00)
                  raw data (0): 25 08 00 00 00|
19:08:55:709    < BTP_AVRCP_EV_PASS_THROUGH_RSP (0x25|0x86|0x00)
                  raw data (9): 25 86 00 09 00|4e e4 08 dc 1b 00 09 44 00
19:08:56:710    > BTP_AVRCP_CMD_PASS_THROUGH (0x25|0x08|0x00)
                  raw data (9): 25 08 00 09 00|4e e4 08 dc 1b 00 44 01 00
19:08:56:792    < BTP_AVRCP_CMD_PASS_THROUGH (0x25|0x08|0x00)
                  raw data (0): 25 08 00 00 00|
19:08:56:943    < BTP_AVRCP_EV_PASS_THROUGH_RSP (0x25|0x86|0x00)
                  raw data (9): 25 86 00 09 00|4e e4 08 dc 1b 00 09 c4 00
19:08:57:946    > BTP_AVRCP_CMD_PASS_THROUGH (0x25|0x08|0x00)
                  raw data (9): 25 08 00 09 00|4e e4 08 dc 1b 00 46 00 00
19:08:58:046    < BTP_AVRCP_CMD_PASS_THROUGH (0x25|0x08|0x00)
                  raw data (0): 25 08 00 00 00|
19:08:58:156    < BTP_AVRCP_EV_PASS_THROUGH_RSP (0x25|0x86|0x00)
                  raw data (9): 25 86 00 09 00|4e e4 08 dc 1b 00 09 46 00
19:08:59:207    > BTP_AVRCP_CMD_PASS_THROUGH (0x25|0x08|0x00)
                  raw data (9): 25 08 00 09 00|4e e4 08 dc 1b 00 46 01 00
19:08:59:300    < BTP_AVRCP_CMD_PASS_THROUGH (0x25|0x08|0x00)
                  raw data (0): 25 08 00 00 00|
19:08:59:450    < BTP_AVRCP_EV_PASS_THROUGH_RSP (0x25|0x86|0x00)
                  raw data (9): 25 86 00 09 00|4e e4 08 dc 1b 00 09 c6 00
19:09:00:504    > BTP_AVRCP_CMD_PASS_THROUGH (0x25|0x08|0x00)
                  raw data (9): 25 08 00 09 00|4e e4 08 dc 1b 00 45 00 00
19:09:00:614    < BTP_AVRCP_CMD_PASS_THROUGH (0x25|0x08|0x00)
                  raw data (0): 25 08 00 00 00|
19:09:00:734    < BTP_AVRCP_EV_PASS_THROUGH_RSP (0x25|0x86|0x00)
                  raw data (9): 25 86 00 09 00|4e e4 08 dc 1b 00 09 45 00
19:09:01:736    > BTP_AVRCP_CMD_PASS_THROUGH (0x25|0x08|0x00)
                  raw data (9): 25 08 00 09 00|4e e4 08 dc 1b 00 45 01 00
19:09:01:798    < BTP_AVRCP_CMD_PASS_THROUGH (0x25|0x08|0x00)
                  raw data (0): 25 08 00 00 00|
19:09:01:968    < BTP_AVRCP_EV_PASS_THROUGH_RSP (0x25|0x86|0x00)
                  raw data (9): 25 86 00 09 00|4e e4 08 dc 1b 00 09 c5 00
19:09:02:992    > BTP_AVRCP_CMD_PASS_THROUGH (0x25|0x08|0x00)
                  raw data (9): 25 08 00 09 00|4e e4 08 dc 1b 00 47 00 00
19:09:03:062    < BTP_AVRCP_CMD_PASS_THROUGH (0x25|0x08|0x00)
                  raw data (0): 25 08 00 00 00|
19:09:03:233    < BTP_AVRCP_EV_PASS_THROUGH_RSP (0x25|0x86|0x00)
                  raw data (9): 25 86 00 09 00|4e e4 08 dc 1b 00 09 47 00
19:09:04:274    > BTP_AVRCP_CMD_PASS_THROUGH (0x25|0x08|0x00)
                  raw data (9): 25 08 00 09 00|4e e4 08 dc 1b 00 47 01 00
19:09:04:366    < BTP_AVRCP_CMD_PASS_THROUGH (0x25|0x08|0x00)
                  raw data (0): 25 08 00 00 00|
19:09:04:526    < BTP_AVRCP_EV_PASS_THROUGH_RSP (0x25|0x86|0x00)
                  raw data (9): 25 86 00 09 00|4e e4 08 dc 1b 00 09 c7 00
19:09:05:560    > BTP_AVRCP_CMD_PASS_THROUGH (0x25|0x08|0x00)
                  raw data (9): 25 08 00 09 00|4e e4 08 dc 1b 00 48 00 00
19:09:05:660    < BTP_AVRCP_CMD_PASS_THROUGH (0x25|0x08|0x00)
                  raw data (0): 25 08 00 00 00|
19:09:05:770    < BTP_AVRCP_EV_PASS_THROUGH_RSP (0x25|0x86|0x00)
                  raw data (9): 25 86 00 09 00|4e e4 08 dc 1b 00 09 48 00
19:09:06:781    > BTP_AVRCP_CMD_PASS_THROUGH (0x25|0x08|0x00)
                  raw data (9): 25 08 00 09 00|4e e4 08 dc 1b 00 48 01 00
19:09:06:854    < BTP_AVRCP_CMD_PASS_THROUGH (0x25|0x08|0x00)
                  raw data (0): 25 08 00 00 00|
19:09:06:984    < BTP_AVRCP_EV_PASS_THROUGH_RSP (0x25|0x86|0x00)
                  raw data (9): 25 86 00 09 00|4e e4 08 dc 1b 00 09 c8 00
19:09:08:028    > BTP_AVRCP_CMD_PASS_THROUGH (0x25|0x08|0x00)
                  raw data (9): 25 08 00 09 00|4e e4 08 dc 1b 00 49 00 00
19:09:08:108    < BTP_AVRCP_CMD_PASS_THROUGH (0x25|0x08|0x00)
                  raw data (0): 25 08 00 00 00|
19:09:08:258    < BTP_AVRCP_EV_PASS_THROUGH_RSP (0x25|0x86|0x00)
                  raw data (9): 25 86 00 09 00|4e e4 08 dc 1b 00 09 49 00
19:09:09:278    > BTP_AVRCP_CMD_PASS_THROUGH (0x25|0x08|0x00)
                  raw data (9): 25 08 00 09 00|4e e4 08 dc 1b 00 49 01 00
19:09:09:361    < BTP_AVRCP_CMD_PASS_THROUGH (0x25|0x08|0x00)
                  raw data (0): 25 08 00 00 00|
19:09:09:471    < BTP_AVRCP_EV_PASS_THROUGH_RSP (0x25|0x86|0x00)
                  raw data (9): 25 86 00 09 00|4e e4 08 dc 1b 00 09 c9 00
19:09:10:485    > BTP_AVRCP_CMD_PASS_THROUGH (0x25|0x08|0x00)
                  raw data (9): 25 08 00 09 00|4e e4 08 dc 1b 00 4a 00 00
19:09:10:605    < BTP_AVRCP_CMD_PASS_THROUGH (0x25|0x08|0x00)
                  raw data (0): 25 08 00 00 00|
19:09:10:736    < BTP_AVRCP_EV_PASS_THROUGH_RSP (0x25|0x86|0x00)
                  raw data (9): 25 86 00 09 00|4e e4 08 dc 1b 00 09 4a 00
19:09:11:807    > BTP_AVRCP_CMD_PASS_THROUGH (0x25|0x08|0x00)
                  raw data (9): 25 08 00 09 00|4e e4 08 dc 1b 00 4a 01 00
19:09:11:889    < BTP_AVRCP_CMD_PASS_THROUGH (0x25|0x08|0x00)
                  raw data (0): 25 08 00 00 00|
19:09:11:980    < BTP_AVRCP_EV_PASS_THROUGH_RSP (0x25|0x86|0x00)
                  raw data (9): 25 86 00 09 00|4e e4 08 dc 1b 00 09 ca 00
19:09:13:023    > BTP_AVRCP_CMD_PASS_THROUGH (0x25|0x08|0x00)
                  raw data (9): 25 08 00 09 00|4e e4 08 dc 1b 00 4b 00 00
19:09:13:103    < BTP_AVRCP_CMD_PASS_THROUGH (0x25|0x08|0x00)
                  raw data (0): 25 08 00 00 00|
19:09:13:234    < BTP_AVRCP_EV_PASS_THROUGH_RSP (0x25|0x86|0x00)
                  raw data (9): 25 86 00 09 00|4e e4 08 dc 1b 00 09 4b 00
19:09:14:294    > BTP_AVRCP_CMD_PASS_THROUGH (0x25|0x08|0x00)
                  raw data (9): 25 08 00 09 00|4e e4 08 dc 1b 00 4b 01 00
19:09:14:402    < BTP_AVRCP_CMD_PASS_THROUGH (0x25|0x08|0x00)
                  raw data (0): 25 08 00 00 00|
19:09:14:522    < BTP_AVRCP_EV_PASS_THROUGH_RSP (0x25|0x86|0x00)
                  raw data (9): 25 86 00 09 00|4e e4 08 dc 1b 00 09 cb 00
19:09:15:559    > BTP_AVRCP_CMD_PASS_THROUGH (0x25|0x08|0x00)
                  raw data (9): 25 08 00 09 00|4e e4 08 dc 1b 00 4c 00 00
19:09:15:669    < BTP_AVRCP_CMD_PASS_THROUGH (0x25|0x08|0x00)
                  raw data (0): 25 08 00 00 00|
19:09:15:790    < BTP_AVRCP_EV_PASS_THROUGH_RSP (0x25|0x86|0x00)
                  raw data (9): 25 86 00 09 00|4e e4 08 dc 1b 00 09 4c 00
19:09:16:820    > BTP_AVRCP_CMD_PASS_THROUGH (0x25|0x08|0x00)
                  raw data (9): 25 08 00 09 00|4e e4 08 dc 1b 00 4c 01 00
19:09:16:935    < BTP_AVRCP_CMD_PASS_THROUGH (0x25|0x08|0x00)
                  raw data (0): 25 08 00 00 00|
19:09:17:035    < BTP_AVRCP_EV_PASS_THROUGH_RSP (0x25|0x86|0x00)
                  raw data (9): 25 86 00 09 00|4e e4 08 dc 1b 00 09 cc 00
19:09:18:049    > BTP_AVRCP_CMD_PASS_THROUGH (0x25|0x08|0x00)
                  raw data (9): 25 08 00 09 00|4e e4 08 dc 1b 00 50 00 00
19:09:18:159    < BTP_AVRCP_CMD_PASS_THROUGH (0x25|0x08|0x00)
                  raw data (0): 25 08 00 00 00|
19:09:18:279    < BTP_AVRCP_EV_PASS_THROUGH_RSP (0x25|0x86|0x00)
                  raw data (9): 25 86 00 09 00|4e e4 08 dc 1b 00 09 50 00
19:09:19:310    > BTP_AVRCP_CMD_PASS_THROUGH (0x25|0x08|0x00)
                  raw data (9): 25 08 00 09 00|4e e4 08 dc 1b 00 50 01 00
19:09:19:402    < BTP_AVRCP_CMD_PASS_THROUGH (0x25|0x08|0x00)
                  raw data (0): 25 08 00 00 00|
19:09:19:563    < BTP_AVRCP_EV_PASS_THROUGH_RSP (0x25|0x86|0x00)
                  raw data (9): 25 86 00 09 00|4e e4 08 dc 1b 00 09 d0 00
19:09:20:606    > BTP_AVRCP_CMD_PASS_THROUGH (0x25|0x08|0x00)
                  raw data (9): 25 08 00 09 00|4e e4 08 dc 1b 00 51 00 00
19:09:20:716    < BTP_AVRCP_CMD_PASS_THROUGH (0x25|0x08|0x00)
                  raw data (0): 25 08 00 00 00|
19:09:20:866    < BTP_AVRCP_EV_PASS_THROUGH_RSP (0x25|0x86|0x00)
                  raw data (9): 25 86 00 09 00|4e e4 08 dc 1b 00 09 51 00
19:09:21:906    > BTP_AVRCP_CMD_PASS_THROUGH (0x25|0x08|0x00)
                  raw data (9): 25 08 00 09 00|4e e4 08 dc 1b 00 51 01 00
19:09:21:979    < BTP_AVRCP_CMD_PASS_THROUGH (0x25|0x08|0x00)
                  raw data (0): 25 08 00 00 00|
19:09:22:170    < BTP_AVRCP_EV_PASS_THROUGH_RSP (0x25|0x86|0x00)
                  raw data (9): 25 86 00 09 00|4e e4 08 dc 1b 00 09 d1 00
19:09:23:173    > BTP_AVRCP_CMD_PASS_THROUGH (0x25|0x08|0x00)
                  raw data (9): 25 08 00 09 00|4e e4 08 dc 1b 00 71 00 00
19:09:23:253    < BTP_AVRCP_CMD_PASS_THROUGH (0x25|0x08|0x00)
                  raw data (0): 25 08 00 00 00|
19:09:23:404    < BTP_AVRCP_EV_PASS_THROUGH_RSP (0x25|0x86|0x00)
                  raw data (9): 25 86 00 09 00|4e e4 08 dc 1b 00 09 71 00
19:09:24:444    > BTP_AVRCP_CMD_PASS_THROUGH (0x25|0x08|0x00)
                  raw data (9): 25 08 00 09 00|4e e4 08 dc 1b 00 71 01 00
19:09:24:517    < BTP_AVRCP_CMD_PASS_THROUGH (0x25|0x08|0x00)
                  raw data (0): 25 08 00 00 00|
19:09:24:647    < BTP_AVRCP_EV_PASS_THROUGH_RSP (0x25|0x86|0x00)
                  raw data (9): 25 86 00 09 00|4e e4 08 dc 1b 00 09 f1 00
19:09:25:661    > BTP_AVRCP_CMD_PASS_THROUGH (0x25|0x08|0x00)
                  raw data (9): 25 08 00 09 00|4e e4 08 dc 1b 00 72 00 00
19:09:25:761    < BTP_AVRCP_CMD_PASS_THROUGH (0x25|0x08|0x00)
                  raw data (0): 25 08 00 00 00|
19:09:25:881    < BTP_AVRCP_EV_PASS_THROUGH_RSP (0x25|0x86|0x00)
                  raw data (9): 25 86 00 09 00|4e e4 08 dc 1b 00 09 72 00
19:09:26:902    > BTP_AVRCP_CMD_PASS_THROUGH (0x25|0x08|0x00)
                  raw data (9): 25 08 00 09 00|4e e4 08 dc 1b 00 72 01 00
19:09:26:995    < BTP_AVRCP_CMD_PASS_THROUGH (0x25|0x08|0x00)
                  raw data (0): 25 08 00 00 00|
19:09:27:105    < BTP_AVRCP_EV_PASS_THROUGH_RSP (0x25|0x86|0x00)
                  raw data (9): 25 86 00 09 00|4e e4 08 dc 1b 00 09 f2 00
19:09:28:118    > BTP_AVRCP_CMD_PASS_THROUGH (0x25|0x08|0x00)
                  raw data (9): 25 08 00 09 00|4e e4 08 dc 1b 00 73 00 00
19:09:28:238    < BTP_AVRCP_CMD_PASS_THROUGH (0x25|0x08|0x00)
                  raw data (0): 25 08 00 00 00|
19:09:28:359    < BTP_AVRCP_EV_PASS_THROUGH_RSP (0x25|0x86|0x00)
                  raw data (9): 25 86 00 09 00|4e e4 08 dc 1b 00 09 73 00
19:09:29:410    > BTP_AVRCP_CMD_PASS_THROUGH (0x25|0x08|0x00)
                  raw data (9): 25 08 00 09 00|4e e4 08 dc 1b 00 73 01 00
19:09:29:502    < BTP_AVRCP_CMD_PASS_THROUGH (0x25|0x08|0x00)
                  raw data (0): 25 08 00 00 00|
19:09:29:602    < BTP_AVRCP_EV_PASS_THROUGH_RSP (0x25|0x86|0x00)
                  raw data (9): 25 86 00 09 00|4e e4 08 dc 1b 00 09 f3 00
19:09:30:616    > BTP_AVRCP_CMD_PASS_THROUGH (0x25|0x08|0x00)
                  raw data (9): 25 08 00 09 00|4e e4 08 dc 1b 00 74 00 00
19:09:30:726    < BTP_AVRCP_CMD_PASS_THROUGH (0x25|0x08|0x00)
                  raw data (0): 25 08 00 00 00|
19:09:30:836    < BTP_AVRCP_EV_PASS_THROUGH_RSP (0x25|0x86|0x00)
                  raw data (9): 25 86 00 09 00|4e e4 08 dc 1b 00 09 74 00
19:09:31:838    > BTP_AVRCP_CMD_PASS_THROUGH (0x25|0x08|0x00)
                  raw data (9): 25 08 00 09 00|4e e4 08 dc 1b 00 74 01 00
19:09:31:920    < BTP_AVRCP_CMD_PASS_THROUGH (0x25|0x08|0x00)
                  raw data (0): 25 08 00 00 00|
19:09:32:091    < BTP_AVRCP_EV_PASS_THROUGH_RSP (0x25|0x86|0x00)
                  raw data (9): 25 86 00 09 00|4e e4 08 dc 1b 00 09 f4 00
19:09:33:094    > BTP_AVRCP_CMD_PASS_THROUGH (0x25|0x08|0x00)
                  raw data (9): 25 08 00 09 00|4e e4 08 dc 1b 00 75 00 00
19:09:33:184    < BTP_AVRCP_CMD_PASS_THROUGH (0x25|0x08|0x00)
                  raw data (0): 25 08 00 00 00|
19:09:33:345    < BTP_AVRCP_EV_PASS_THROUGH_RSP (0x25|0x86|0x00)
                  raw data (9): 25 86 00 09 00|4e e4 08 dc 1b 00 09 75 00
19:09:34:395    > BTP_AVRCP_CMD_PASS_THROUGH (0x25|0x08|0x00)
                  raw data (9): 25 08 00 09 00|4e e4 08 dc 1b 00 75 01 00
19:09:34:478    < BTP_AVRCP_CMD_PASS_THROUGH (0x25|0x08|0x00)
                  raw data (0): 25 08 00 00 00|
19:09:34:638    < BTP_AVRCP_EV_PASS_THROUGH_RSP (0x25|0x86|0x00)
                  raw data (9): 25 86 00 09 00|4e e4 08 dc 1b 00 09 f5 00
19:09:35:640    > BTP_AVRCP_CMD_PASS_THROUGH (0x25|0x08|0x00)
                  raw data (14): 
                  25 08 00 0e 00|4e e4 08 dc 1b 00 7e 00 05 00 19 
                  58 00 00
19:09:35:750    < BTP_AVRCP_CMD_PASS_THROUGH (0x25|0x08|0x00)
                  raw data (0): 25 08 00 00 00|
19:09:35:870    < BTP_AVRCP_EV_PASS_THROUGH_RSP (0x25|0x86|0x00)
                  raw data (14): 
                  25 86 00 0e 00|4e e4 08 dc 1b 00 09 7e 05 00 19 
                  58 00 00
19:09:36:941    > BTP_AVRCP_CMD_PASS_THROUGH (0x25|0x08|0x00)
                  raw data (14): 
                  25 08 00 0e 00|4e e4 08 dc 1b 00 7e 01 05 00 19 
                  58 00 00
19:09:37:034    < BTP_AVRCP_CMD_PASS_THROUGH (0x25|0x08|0x00)
                  raw data (0): 25 08 00 00 00|
19:09:37:164    < BTP_AVRCP_EV_PASS_THROUGH_RSP (0x25|0x86|0x00)
                  raw data (14): 
                  25 86 00 0e 00|4e e4 08 dc 1b 00 09 fe 05 00 19 
                  58 00 00
19:09:38:128    < BTP_AVRCP_EV_CONTROL_DISCONNECTED (0x25|0x81|0x00)
                  raw data (6): 25 81 00 06 00|4e e4 08 dc 1b 00
19:09:38:128    < BTP_AVRCP_EV_CONTROL_DISCONNECTED (0x25|0x81|0x00)
                  raw data (6): 25 81 00 06 00|4e e4 08 dc 1b 00
19:09:38:128    < BTP_GAP_EV_DEVICE_DISCONNECTED (0x01|0x83|0x00)
                  raw data (7): 01 83 00 07 00|e0 4e e4 08 dc 1b 00
19:09:42:875    < BTP_CORE_EV_IUT_READY (0x00|0x80|0xff)
                  raw data (0): 00 80 ff 00 00|
