2026-03-06 17:31:40,912 LT1-thread root DEBUG client.py                 82    logger_log                : Starting TestCase _run_test_case AVCTP AVCTP/TG/CCM/BV-04-C
2026-03-06 17:31:40,913 LT1-thread root DEBUG client.py                 82    logger_log                : pre_run AVCTP AVCTP/TG/CCM/BV-04-C
2026-03-06 17:31:40,913 LT1-thread root DEBUG client.py                 82    logger_log                : About to run test case AVCTP AVCTP/TG/CCM/BV-04-C with commands:
2026-03-06 17:31:40,913 LT1-thread root DEBUG client.py                 82    logger_log                : 0) class=<class 'autopts.ptsprojects.testcase.TestFunc'>, func=<bound method Stack.core_init of <autopts.ptsprojects.stack.stack.Stack object at 0x0000022A5AAC2960>> start_wid=None stop_wid=None post_wid=None skip_call=None call_count=0 args=() kwds={}
2026-03-06 17:31:40,913 LT1-thread root DEBUG client.py                 82    logger_log                : 1) class=<class 'autopts.ptsprojects.testcase.TestFunc'>, func=<bound method IutCtl.start of <autopts.ptsprojects.zephyr.iutctl.ZephyrCtl object at 0x0000022A5AA2D520>> start_wid=None stop_wid=None post_wid=None skip_call=None call_count=0 args=(<autopts.ptsprojects.zephyr.ztestcase.ZTestCase object at 0x0000022A5AAC2F90>,) kwds={}
2026-03-06 17:31:40,913 LT1-thread root DEBUG client.py                 82    logger_log                : 2) class=<class 'autopts.ptsprojects.testcase.TestFunc'>, func=<bound method IutCtl.wait_iut_ready_event of <autopts.ptsprojects.zephyr.iutctl.ZephyrCtl object at 0x0000022A5AA2D520>> start_wid=None stop_wid=None post_wid=None skip_call=None call_count=0 args=(False,) kwds={}
2026-03-06 17:31:40,913 LT1-thread root DEBUG client.py                 82    logger_log                : 3) class=<class 'autopts.ptsprojects.testcase.TestFunc'>, func=<function core_reg_svc_gap at 0x0000022A585A6020> start_wid=None stop_wid=None post_wid=None skip_call=None call_count=12 args=() kwds={}
2026-03-06 17:31:40,913 LT1-thread root DEBUG client.py                 82    logger_log                : 4) class=<class 'autopts.ptsprojects.testcase.TestFunc'>, func=<bound method Stack.gap_init of <autopts.ptsprojects.stack.stack.Stack object at 0x0000022A5AAC2960>> start_wid=None stop_wid=None post_wid=None skip_call=None call_count=12 args=(b'Tester_08E44E',) kwds={}
2026-03-06 17:31:40,914 LT1-thread root DEBUG client.py                 82    logger_log                : 5) class=<class 'autopts.ptsprojects.testcase.TestFunc'>, func=<function gap_read_ctrl_info at 0x0000022A585E0400> start_wid=None stop_wid=None post_wid=None skip_call=None call_count=12 args=() kwds={}
2026-03-06 17:31:40,914 LT1-thread root DEBUG client.py                 82    logger_log                : 6) class=<class 'autopts.ptsprojects.testcase.TestFunc'>, func=<function test_cases.<locals>.<lambda> at 0x0000022A5AC8E2A0> start_wid=None stop_wid=None post_wid=None skip_call=None call_count=12 args=() kwds={}
2026-03-06 17:31:40,914 LT1-thread root DEBUG client.py                 82    logger_log                : 7) class=<class 'autopts.ptsprojects.testcase.TestFunc'>, func=<function set_pts_addr at 0x0000022A585A5BC0> start_wid=None stop_wid=None post_wid=None skip_call=None call_count=12 args=('00:1B:DC:08:E4:4E', 0) kwds={}
2026-03-06 17:31:40,914 LT1-thread root DEBUG client.py                 82    logger_log                : 8) class=<class 'autopts.ptsprojects.testcase.TestFunc'>, func=<function core_reg_svc_avctp at 0x0000022A585A77E0> start_wid=None stop_wid=None post_wid=None skip_call=None call_count=12 args=() kwds={}
2026-03-06 17:31:40,914 LT1-thread root DEBUG client.py                 82    logger_log                : 9) class=<class 'autopts.ptsprojects.testcase.TestFunc'>, func=<bound method Stack.avctp_init of <autopts.ptsprojects.stack.stack.Stack object at 0x0000022A5AAC2960>> start_wid=None stop_wid=None post_wid=None skip_call=None call_count=12 args=() kwds={}
2026-03-06 17:31:40,914 LT1-thread root DEBUG client.py                 82    logger_log                : 10) class=<class 'autopts.ptsprojects.testcase.TestFunc'>, func=<function core_reg_svc_avrcp at 0x0000022A585A7740> start_wid=None stop_wid=None post_wid=None skip_call=None call_count=12 args=() kwds={}
2026-03-06 17:31:40,914 LT1-thread root DEBUG client.py                 82    logger_log                : 11) class=<class 'autopts.ptsprojects.testcase.TestFunc'>, func=<bound method Stack.avrcp_init of <autopts.ptsprojects.stack.stack.Stack object at 0x0000022A5AAC2960>> start_wid=None stop_wid=None post_wid=None skip_call=None call_count=12 args=() kwds={}
2026-03-06 17:31:40,914 LT1-thread root DEBUG client.py                 82    logger_log                : 12) class=<class 'autopts.ptsprojects.testcase.TestFuncCleanUp'>, func=<bound method Stack.cleanup of <autopts.ptsprojects.stack.stack.Stack object at 0x0000022A5AAC2960>> start_wid=None stop_wid=None post_wid=None skip_call=None call_count=0 args=() kwds={}
2026-03-06 17:31:40,914 LT1-thread root DEBUG client.py                 82    logger_log                : 13) class=<class 'autopts.ptsprojects.testcase.TestFuncCleanUp'>, func=<bound method ZephyrCtl.stop of <autopts.ptsprojects.zephyr.iutctl.ZephyrCtl object at 0x0000022A5AA2D520>> start_wid=None stop_wid=None post_wid=None skip_call=None call_count=0 args=() kwds={}
2026-03-06 17:31:40,914 LT1-thread root DEBUG client.py                 82    logger_log                : pre_run, run pre test case script
2026-03-06 17:31:40,940 LT1-thread root DEBUG client.py                 82    logger_log                : Starting test function: class=<class 'autopts.ptsprojects.testcase.TestFunc'>, func=<bound method Stack.core_init of <autopts.ptsprojects.stack.stack.Stack object at 0x0000022A5AAC2960>> start_wid=None stop_wid=None post_wid=None skip_call=None call_count=1 args=() kwds={}
2026-03-06 17:31:40,940 LT1-thread root DEBUG client.py                 82    logger_log                : Test function parameters: args=(), kwds={}
2026-03-06 17:31:40,940 LT1-thread root DEBUG client.py                 82    logger_log                : Starting test function: class=<class 'autopts.ptsprojects.testcase.TestFunc'>, func=<bound method IutCtl.start of <autopts.ptsprojects.zephyr.iutctl.ZephyrCtl object at 0x0000022A5AA2D520>> start_wid=None stop_wid=None post_wid=None skip_call=None call_count=1 args=(<autopts.ptsprojects.zephyr.ztestcase.ZTestCase object at 0x0000022A5AAC2F90>,) kwds={}
2026-03-06 17:31:40,941 LT1-thread root DEBUG client.py                 82    logger_log                : Test function parameters: args=(<autopts.ptsprojects.zephyr.ztestcase.ZTestCase object at 0x0000022A5AAC2F90>,), kwds={}
2026-03-06 17:31:40,941 LT1-thread root DEBUG client.py                 82    logger_log                : <class 'autopts.ptsprojects.zephyr.iutctl.ZephyrCtl'>.start
2026-03-06 17:31:40,941 LT1-thread root DEBUG client.py                 82    logger_log                : <class 'autopts.ptsprojects.zephyr.iutctl.ZephyrCtl'>.flush_serial
2026-03-06 17:31:42,161 LT1-thread root DEBUG client.py                 82    logger_log                : Starting socat process: socat.exe -x -v tcp:10.17.12.9:56272,retry=100,interval=1 /dev/ttyS2,raw,b115200,
2026-03-06 17:31:42,179 LT1-thread root DEBUG client.py                 82    logger_log                : accept
2026-03-06 17:31:42,250 BTPWorkerThread-214 (_rx_task) root DEBUG client.py                 82    logger_log                : BTPWorkerThread-214 (_rx_task) started
2026-03-06 17:31:42,251 LT1-thread root DEBUG client.py                 82    logger_log                : Starting test function: class=<class 'autopts.ptsprojects.testcase.TestFunc'>, func=<bound method IutCtl.wait_iut_ready_event of <autopts.ptsprojects.zephyr.iutctl.ZephyrCtl object at 0x0000022A5AA2D520>> start_wid=None stop_wid=None post_wid=None skip_call=None call_count=1 args=(False,) kwds={}
2026-03-06 17:31:42,251 LT1-thread root DEBUG client.py                 82    logger_log                : Test function parameters: args=(False,), kwds={}
2026-03-06 17:31:42,251 LT1-thread root DEBUG client.py                 82    logger_log                : IUT ready event received OK
2026-03-06 17:31:42,252 LT1-thread root DEBUG client.py                 82    logger_log                : Starting test function: class=<class 'autopts.ptsprojects.testcase.TestFunc'>, func=<function core_reg_svc_gap at 0x0000022A585A6020> start_wid=None stop_wid=None post_wid=None skip_call=None call_count=13 args=() kwds={}
2026-03-06 17:31:42,252 LT1-thread root DEBUG client.py                 82    logger_log                : Test function parameters: args=(), kwds={}
2026-03-06 17:31:42,252 LT1-thread root DEBUG client.py                 82    logger_log                : core_reg_svc_univ: gap_reg (GAP)
2026-03-06 17:31:42,252 LT1-thread root DEBUG client.py                 82    logger_log                : send, 0 3 255 '1'
2026-03-06 17:31:42,252 LT1-thread root DEBUG client.py                 82    logger_log                : sending frame '0003ff010001'
2026-03-06 17:31:42,252 LT1-thread root DEBUG client.py                 82    logger_log                : core_reg_svc_rsp_succ
2026-03-06 17:31:42,252 LT1-thread root DEBUG client.py                 82    logger_log                : read
2026-03-06 17:31:46,437 BTPWorkerThread-214 (_rx_task) root DEBUG client.py                 82    logger_log                : Read 5 bytes
2026-03-06 17:31:46,447 BTPWorkerThread-214 (_rx_task) root DEBUG client.py                 82    logger_log                : Received: hdr: Header(svc_id=0x00, op=0x03, ctrl_index=0xff, data_len=0x00) bytearray(b'\x00\x03\xff\x00\x00')
2026-03-06 17:31:46,452 BTPWorkerThread-214 (_rx_task) root DEBUG client.py                 82    logger_log                : Received data: {''}, bytearray(b'')
2026-03-06 17:31:46,452 LT1-thread root DEBUG client.py                 82    logger_log                : received Header(svc_id=0, op=3, ctrl_index=255, data_len=0) (b'',)
2026-03-06 17:31:46,452 LT1-thread root DEBUG client.py                 82    logger_log                : expected ((0, 3, 255, 0), (b'',))
2026-03-06 17:31:46,453 LT1-thread root DEBUG client.py                 82    logger_log                : response is valid
2026-03-06 17:31:46,453 LT1-thread root DEBUG client.py                 82    logger_log                : Reading supported commands for service: GAP
2026-03-06 17:31:46,453 LT1-thread root DEBUG client.py                 82    logger_log                : send, 1 1 255 ''
2026-03-06 17:31:46,453 LT1-thread root DEBUG client.py                 82    logger_log                : sending frame '0101ff0000'
2026-03-06 17:31:46,453 LT1-thread root DEBUG client.py                 82    logger_log                : read
2026-03-06 17:31:46,484 BTPWorkerThread-214 (_rx_task) root DEBUG client.py                 82    logger_log                : Read 5 bytes
2026-03-06 17:31:46,489 BTPWorkerThread-214 (_rx_task) root DEBUG client.py                 82    logger_log                : Received: hdr: Header(svc_id=0x01, op=0x01, ctrl_index=0xff, data_len=0x07) bytearray(b'\x01\x01\xff\x07\x00')
2026-03-06 17:31:46,494 BTPWorkerThread-214 (_rx_task) root DEBUG client.py                 82    logger_log                : Read 7 bytes data
2026-03-06 17:31:46,494 BTPWorkerThread-214 (_rx_task) root DEBUG client.py                 82    logger_log                : Received data: {'6e ff 7f 1f fe f7 0e'}, bytearray(b'n\xff\x7f\x1f\xfe\xf7\x0e')
2026-03-06 17:31:46,499 LT1-thread root DEBUG client.py                 82    logger_log                : Starting test function: class=<class 'autopts.ptsprojects.testcase.TestFunc'>, func=<bound method Stack.gap_init of <autopts.ptsprojects.stack.stack.Stack object at 0x0000022A5AAC2960>> start_wid=None stop_wid=None post_wid=None skip_call=None call_count=13 args=(b'Tester_08E44E',) kwds={}
2026-03-06 17:31:46,499 LT1-thread root DEBUG client.py                 82    logger_log                : Test function parameters: args=(b'Tester_08E44E',), kwds={}
2026-03-06 17:31:46,499 LT1-thread root DEBUG client.py                 82    logger_log                : Starting test function: class=<class 'autopts.ptsprojects.testcase.TestFunc'>, func=<function gap_read_ctrl_info at 0x0000022A585E0400> start_wid=None stop_wid=None post_wid=None skip_call=None call_count=13 args=() kwds={}
2026-03-06 17:31:46,499 LT1-thread root DEBUG client.py                 82    logger_log                : Test function parameters: args=(), kwds={}
2026-03-06 17:31:46,500 LT1-thread root DEBUG client.py                 82    logger_log                : gap_read_ctrl_info
2026-03-06 17:31:46,500 LT1-thread root DEBUG client.py                 82    logger_log                : send, 1 3 0 ''
2026-03-06 17:31:46,500 LT1-thread root DEBUG client.py                 82    logger_log                : sending frame '0103000000'
2026-03-06 17:31:46,500 LT1-thread root DEBUG client.py                 82    logger_log                : read
2026-03-06 17:31:46,529 BTPWorkerThread-214 (_rx_task) root DEBUG client.py                 82    logger_log                : Read 5 bytes
2026-03-06 17:31:46,534 BTPWorkerThread-214 (_rx_task) root DEBUG client.py                 82    logger_log                : Received: hdr: Header(svc_id=0x01, op=0x03, ctrl_index=0x00, data_len=0x115) bytearray(b'\x01\x03\x00\x15\x01')
2026-03-06 17:31:46,539 BTPWorkerThread-214 (_rx_task) root DEBUG client.py                 82    logger_log                : Read 232 bytes data
2026-03-06 17:31:46,552 BTPWorkerThread-214 (_rx_task) root DEBUG client.py                 82    logger_log                : Read 45 bytes data
2026-03-06 17:31:46,563 BTPWorkerThread-214 (_rx_task) root DEBUG client.py                 82    logger_log                : Received data: {'19 78 ee 69 17 d0 d3 06 02 00 13 02 00 00 00 00 00 62 74 70 5f 74 65 73 74 65 72 00 00 00 00 00 00 00 00 00 00 00 00 00 00 00 00 00 00 00 00 00 00 00 00 00 00 00 00 00 00 00 00 00 00 00 00 00 00 00 00 00 00 00 00 00 00 00 00 00 00 00 00 00 00 00 00 00 00 00 00 00 00 00 00 00 00 00 00 00 00 00 00 00 00 00 00 00 00 00 00 00 00 00 00 00 00 00 00 00 00 00 00 00 00 00 00 00 00 00 00 00 00 00 00 00 00 00 00 00 00 00 00 00 00 00 00 00 00 00 00 00 00 00 00 00 00 00 00 00 00 00 00 00 00 00 00 00 00 00 00 00 00 00 00 00 00 00 00 00 00 00 00 00 00 00 00 00 00 00 00 00 00 00 00 00 00 00 00 00 00 00 00 00 00 00 00 00 00 00 00 00 00 00 00 00 00 00 00 00 00 00 00 00 00 00 00 00 00 00 00 00 00 00 00 00 00 00 00 00 00 00 00 00 00 00 00 00 00 00 00 00 00 00 00 00 00 00 00 00 00 00 00 00 00 00 00 00 00 00 00 00 00 00 00 00 00 00 00 00 00'}, bytearray(b'\x19x\xeei\x17\xd0\xd3\x06\x02\x00\x13\x02\x00\x00\x00\x00\x00btp_tester\x00\x00\x00\x00\x00\x00\x00\x00\x00\x00\x00\x00\x00\x00\x00\x00\x00\x00\x00\x00\x00\x00\x00\x00\x00\x00\x00\x00\x00\x00\x00\x00\x00\x00\x00\x00\x00\x00\x00\x00\x00\x00\x00\x00\x00\x00\x00\x00\x00\x00\x00\x00\x00\x00\x00\x00\x00\x00\x00\x00\x00\x00\x00\x00\x00\x00\x00\x00\x00\x00\x00\x00\x00\x00\x00\x00\x00\x00\x00\x00\x00\x00\x00\x00\x00\x00\x00\x00\x00\x00\x00\x00\x00\x00\x00\x00\x00\x00\x00\x00\x00\x00\x00\x00\x00\x00\x00\x00\x00\x00\x00\x00\x00\x00\x00\x00\x00\x00\x00\x00\x00\x00\x00\x00\x00\x00\x00\x00\x00\x00\x00\x00\x00\x00\x00\x00\x00\x00\x00\x00\x00\x00\x00\x00\x00\x00\x00\x00\x00\x00\x00\x00\x00\x00\x00\x00\x00\x00\x00\x00\x00\x00\x00\x00\x00\x00\x00\x00\x00\x00\x00\x00\x00\x00\x00\x00\x00\x00\x00\x00\x00\x00\x00\x00\x00\x00\x00\x00\x00\x00\x00\x00\x00\x00\x00\x00\x00\x00\x00\x00\x00\x00\x00\x00\x00\x00\x00\x00\x00\x00\x00\x00\x00\x00\x00\x00\x00\x00\x00\x00\x00\x00\x00\x00\x00\x00\x00\x00\x00\x00\x00\x00\x00\x00\x00\x00\x00\x00\x00\x00\x00\x00\x00\x00\x00\x00\x00\x00\x00\x00')
2026-03-06 17:31:46,563 LT1-thread root DEBUG client.py                 82    logger_log                : received Header(svc_id=1, op=3, ctrl_index=0, data_len=277) (b'\x19x\xeei\x17\xd0\xd3\x06\x02\x00\x13\x02\x00\x00\x00\x00\x00btp_tester\x00\x00\x00\x00\x00\x00\x00\x00\x00\x00\x00\x00\x00\x00\x00\x00\x00\x00\x00\x00\x00\x00\x00\x00\x00\x00\x00\x00\x00\x00\x00\x00\x00\x00\x00\x00\x00\x00\x00\x00\x00\x00\x00\x00\x00\x00\x00\x00\x00\x00\x00\x00\x00\x00\x00\x00\x00\x00\x00\x00\x00\x00\x00\x00\x00\x00\x00\x00\x00\x00\x00\x00\x00\x00\x00\x00\x00\x00\x00\x00\x00\x00\x00\x00\x00\x00\x00\x00\x00\x00\x00\x00\x00\x00\x00\x00\x00\x00\x00\x00\x00\x00\x00\x00\x00\x00\x00\x00\x00\x00\x00\x00\x00\x00\x00\x00\x00\x00\x00\x00\x00\x00\x00\x00\x00\x00\x00\x00\x00\x00\x00\x00\x00\x00\x00\x00\x00\x00\x00\x00\x00\x00\x00\x00\x00\x00\x00\x00\x00\x00\x00\x00\x00\x00\x00\x00\x00\x00\x00\x00\x00\x00\x00\x00\x00\x00\x00\x00\x00\x00\x00\x00\x00\x00\x00\x00\x00\x00\x00\x00\x00\x00\x00\x00\x00\x00\x00\x00\x00\x00\x00\x00\x00\x00\x00\x00\x00\x00\x00\x00\x00\x00\x00\x00\x00\x00\x00\x00\x00\x00\x00\x00\x00\x00\x00\x00\x00\x00\x00\x00\x00\x00\x00\x00\x00\x00\x00\x00\x00\x00\x00\x00\x00\x00\x00\x00\x00\x00\x00\x00\x00\x00\x00\x00\x00\x00\x00\x00\x00\x00',)
2026-03-06 17:31:46,563 LT1-thread root DEBUG client.py                 82    logger_log                : IUT address 'd01769ee7819' 'public'
2026-03-06 17:31:46,564 LT1-thread root DEBUG client.py                 82    logger_log                : __gap_current_settings_update 531
2026-03-06 17:31:46,564 LT1-thread root DEBUG client.py                 82    logger_log                : Starting test function: class=<class 'autopts.ptsprojects.testcase.TestFunc'>, func=<function test_cases.<locals>.<lambda> at 0x0000022A5AC8E2A0> start_wid=None stop_wid=None post_wid=None skip_call=None call_count=13 args=() kwds={}
2026-03-06 17:31:46,564 LT1-thread root DEBUG client.py                 82    logger_log                : Test function parameters: args=(), kwds={}
2026-03-06 17:31:46,567 LT1-thread root DEBUG client.py                 82    logger_log                : Starting test function: class=<class 'autopts.ptsprojects.testcase.TestFunc'>, func=<function set_pts_addr at 0x0000022A585A5BC0> start_wid=None stop_wid=None post_wid=None skip_call=None call_count=13 args=('00:1B:DC:08:E4:4E', 0) kwds={}
2026-03-06 17:31:46,567 LT1-thread root DEBUG client.py                 82    logger_log                : Test function parameters: args=('00:1B:DC:08:E4:4E', 0), kwds={}
2026-03-06 17:31:46,567 LT1-thread root DEBUG client.py                 82    logger_log                : Starting test function: class=<class 'autopts.ptsprojects.testcase.TestFunc'>, func=<function core_reg_svc_avctp at 0x0000022A585A77E0> start_wid=None stop_wid=None post_wid=None skip_call=None call_count=13 args=() kwds={}
2026-03-06 17:31:46,567 LT1-thread root DEBUG client.py                 82    logger_log                : Test function parameters: args=(), kwds={}
2026-03-06 17:31:46,567 LT1-thread root DEBUG client.py                 82    logger_log                : core_reg_svc_univ: avctp_reg (AVCTP)
2026-03-06 17:31:46,567 LT1-thread root DEBUG client.py                 82    logger_log                : send, 0 3 255 '38'
2026-03-06 17:31:46,568 LT1-thread root DEBUG client.py                 82    logger_log                : sending frame '0003ff010026'
2026-03-06 17:31:46,568 LT1-thread root DEBUG client.py                 82    logger_log                : core_reg_svc_rsp_succ
2026-03-06 17:31:46,568 LT1-thread root DEBUG client.py                 82    logger_log                : read
2026-03-06 17:31:46,604 BTPWorkerThread-214 (_rx_task) root DEBUG client.py                 82    logger_log                : Read 5 bytes
2026-03-06 17:31:46,609 BTPWorkerThread-214 (_rx_task) root DEBUG client.py                 82    logger_log                : Received: hdr: Header(svc_id=0x00, op=0x03, ctrl_index=0xff, data_len=0x00) bytearray(b'\x00\x03\xff\x00\x00')
2026-03-06 17:31:46,609 BTPWorkerThread-214 (_rx_task) root DEBUG client.py                 82    logger_log                : Received data: {''}, bytearray(b'')
2026-03-06 17:31:46,615 LT1-thread root DEBUG client.py                 82    logger_log                : received Header(svc_id=0, op=3, ctrl_index=255, data_len=0) (b'',)
2026-03-06 17:31:46,615 LT1-thread root DEBUG client.py                 82    logger_log                : expected ((0, 3, 255, 0), (b'',))
2026-03-06 17:31:46,615 LT1-thread root DEBUG client.py                 82    logger_log                : response is valid
2026-03-06 17:31:46,615 LT1-thread root DEBUG client.py                 82    logger_log                : Reading supported commands for service: AVCTP
2026-03-06 17:31:46,615 LT1-thread root DEBUG client.py                 82    logger_log                : send, 38 1 255 ''
2026-03-06 17:31:46,615 LT1-thread root DEBUG client.py                 82    logger_log                : sending frame '2601ff0000'
2026-03-06 17:31:46,616 LT1-thread root DEBUG client.py                 82    logger_log                : read
2026-03-06 17:31:46,665 BTPWorkerThread-214 (_rx_task) root DEBUG client.py                 82    logger_log                : Read 5 bytes
2026-03-06 17:31:46,675 BTPWorkerThread-214 (_rx_task) root DEBUG client.py                 82    logger_log                : Received: hdr: Header(svc_id=0x26, op=0x01, ctrl_index=0xff, data_len=0x01) bytearray(b'&\x01\xff\x01\x00')
2026-03-06 17:31:46,686 BTPWorkerThread-214 (_rx_task) root DEBUG client.py                 82    logger_log                : Read 1 bytes data
2026-03-06 17:31:46,697 BTPWorkerThread-214 (_rx_task) root DEBUG client.py                 82    logger_log                : Received data: {'02'}, bytearray(b'\x02')
2026-03-06 17:31:46,703 LT1-thread root DEBUG client.py                 82    logger_log                : Starting test function: class=<class 'autopts.ptsprojects.testcase.TestFunc'>, func=<bound method Stack.avctp_init of <autopts.ptsprojects.stack.stack.Stack object at 0x0000022A5AAC2960>> start_wid=None stop_wid=None post_wid=None skip_call=None call_count=13 args=() kwds={}
2026-03-06 17:31:46,703 LT1-thread root DEBUG client.py                 82    logger_log                : Test function parameters: args=(), kwds={}
2026-03-06 17:31:46,703 LT1-thread root DEBUG client.py                 82    logger_log                : Starting test function: class=<class 'autopts.ptsprojects.testcase.TestFunc'>, func=<function core_reg_svc_avrcp at 0x0000022A585A7740> start_wid=None stop_wid=None post_wid=None skip_call=None call_count=13 args=() kwds={}
2026-03-06 17:31:46,703 LT1-thread root DEBUG client.py                 82    logger_log                : Test function parameters: args=(), kwds={}
2026-03-06 17:31:46,703 LT1-thread root DEBUG client.py                 82    logger_log                : core_reg_svc_univ: avrcp_reg (AVRCP)
2026-03-06 17:31:46,703 LT1-thread root DEBUG client.py                 82    logger_log                : send, 0 3 255 '37'
2026-03-06 17:31:46,703 LT1-thread root DEBUG client.py                 82    logger_log                : sending frame '0003ff010025'
2026-03-06 17:31:46,703 LT1-thread root DEBUG client.py                 82    logger_log                : core_reg_svc_rsp_succ
2026-03-06 17:31:46,703 LT1-thread root DEBUG client.py                 82    logger_log                : read
2026-03-06 17:31:46,736 BTPWorkerThread-214 (_rx_task) root DEBUG client.py                 82    logger_log                : Read 5 bytes
2026-03-06 17:31:46,747 BTPWorkerThread-214 (_rx_task) root DEBUG client.py                 82    logger_log                : Received: hdr: Header(svc_id=0x00, op=0x03, ctrl_index=0xff, data_len=0x00) bytearray(b'\x00\x03\xff\x00\x00')
2026-03-06 17:31:46,758 BTPWorkerThread-214 (_rx_task) root DEBUG client.py                 82    logger_log                : Received data: {''}, bytearray(b'')
2026-03-06 17:31:46,774 LT1-thread root DEBUG client.py                 82    logger_log                : received Header(svc_id=0, op=3, ctrl_index=255, data_len=0) (b'',)
2026-03-06 17:31:46,774 LT1-thread root DEBUG client.py                 82    logger_log                : expected ((0, 3, 255, 0), (b'',))
2026-03-06 17:31:46,774 LT1-thread root DEBUG client.py                 82    logger_log                : response is valid
2026-03-06 17:31:46,774 LT1-thread root DEBUG client.py                 82    logger_log                : Reading supported commands for service: AVRCP
2026-03-06 17:31:46,774 LT1-thread root DEBUG client.py                 82    logger_log                : send, 37 1 255 ''
2026-03-06 17:31:46,774 LT1-thread root DEBUG client.py                 82    logger_log                : sending frame '2501ff0000'
2026-03-06 17:31:46,775 LT1-thread root DEBUG client.py                 82    logger_log                : read
2026-03-06 17:31:46,817 BTPWorkerThread-214 (_rx_task) root DEBUG client.py                 82    logger_log                : Read 5 bytes
2026-03-06 17:31:46,827 BTPWorkerThread-214 (_rx_task) root DEBUG client.py                 82    logger_log                : Received: hdr: Header(svc_id=0x25, op=0x01, ctrl_index=0xff, data_len=0x05) bytearray(b'%\x01\xff\x05\x00')
2026-03-06 17:31:46,839 BTPWorkerThread-214 (_rx_task) root DEBUG client.py                 82    logger_log                : Read 5 bytes data
2026-03-06 17:31:46,849 BTPWorkerThread-214 (_rx_task) root DEBUG client.py                 82    logger_log                : Received data: {'fe ff ff ff 1f'}, bytearray(b'\xfe\xff\xff\xff\x1f')
2026-03-06 17:31:46,855 LT1-thread root DEBUG client.py                 82    logger_log                : Starting test function: class=<class 'autopts.ptsprojects.testcase.TestFunc'>, func=<bound method Stack.avrcp_init of <autopts.ptsprojects.stack.stack.Stack object at 0x0000022A5AAC2960>> start_wid=None stop_wid=None post_wid=None skip_call=None call_count=13 args=() kwds={}
2026-03-06 17:31:46,855 LT1-thread root DEBUG client.py                 82    logger_log                : Test function parameters: args=(), kwds={}
2026-03-06 17:31:46,857 LT1-thread root DEBUG client.py                 82    logger_log                : ClientCallback.get_result run_test_case
2026-03-06 17:31:48,632 LT1-callback ClientCallback.on_implicit_send INFO client.py                 82    logger_log                : 
    ********************
    BEGIN OnImplicitSend:
    project_name: AVCTP
    wid: 41
    test_case_name: AVCTP/TG/CCM/BV-04-C
    description: Action: Place the IUT in connectable mode.

Description : PTS requires that the IUT be in connectable mode.The PTS will attempt to establish an ACL connection.
    style: MMI_Style_Ok_Cancel2 0x11141
2026-03-06 17:31:48,632 LT1-callback ClientCallback.on_implicit_send INFO client.py                 82    logger_log                : Calling test cases on_implicit_send
2026-03-06 17:31:48,632 LT1-callback ClientCallback.on_implicit_send INFO client.py                 82    logger_log                : 
    on_implicit_send returned response: WAIT
    END OnImplicitSend
    ********************
2026-03-06 17:31:48,859 LT1-thread root DEBUG client.py                 82    logger_log                : AVCTP AVCTP/TG/CCM/BV-04-C on_implicit_send
2026-03-06 17:31:48,859 LT1-thread root DEBUG client.py                 82    logger_log                : avctp_wid_hdl, 41, Action: Place the IUT in connectable mode.

Description : PTS requires that the IUT be in connectable mode.The PTS will attempt to establish an ACL connection., AVCTP/TG/CCM/BV-04-C
2026-03-06 17:31:48,859 LT1-thread root DEBUG client.py                 82    logger_log                : gap_set_conn
2026-03-06 17:31:48,859 LT1-thread root DEBUG client.py                 82    logger_log                : gap_set_gendiscov
2026-03-06 17:31:48,859 LT1-thread root DEBUG client.py                 82    logger_log                : send, 1 8 0 '1'
2026-03-06 17:31:48,859 LT1-thread root DEBUG client.py                 82    logger_log                : sending frame '010800010001'
2026-03-06 17:31:48,859 LT1-thread root DEBUG client.py                 82    logger_log                : gap_command_rsp_succ
2026-03-06 17:31:48,860 LT1-thread root DEBUG client.py                 82    logger_log                : read
2026-03-06 17:31:48,918 BTPWorkerThread-214 (_rx_task) root DEBUG client.py                 82    logger_log                : Read 5 bytes
2026-03-06 17:31:48,930 BTPWorkerThread-214 (_rx_task) root DEBUG client.py                 82    logger_log                : Received: hdr: Header(svc_id=0x01, op=0x08, ctrl_index=0x00, data_len=0x04) bytearray(b'\x01\x08\x00\x04\x00')
2026-03-06 17:31:48,941 BTPWorkerThread-214 (_rx_task) root DEBUG client.py                 82    logger_log                : Read 4 bytes data
2026-03-06 17:31:48,941 BTPWorkerThread-214 (_rx_task) root DEBUG client.py                 82    logger_log                : Received data: {'1b 02 00 00'}, bytearray(b'\x1b\x02\x00\x00')
2026-03-06 17:31:48,952 LT1-thread root DEBUG client.py                 82    logger_log                : received Header(svc_id=1, op=8, ctrl_index=0, data_len=4) (b'\x1b\x02\x00\x00',)
2026-03-06 17:31:48,952 LT1-thread root DEBUG client.py                 82    logger_log                : __gap_current_settings_update (b'\x1b\x02\x00\x00',)
2026-03-06 17:31:48,952 LT1-thread root DEBUG client.py                 82    logger_log                : gap_adv_ind_on {9: b'Tester_08E44E'} None
2026-03-06 17:31:48,952 LT1-thread root DEBUG client.py                 82    logger_log                : send, 1 10 0 "bytearray(b'\\x0f\\x00\\t\\rTester_08E44E\\xff\\xff\\xff\\xff\\x00')"
2026-03-06 17:31:48,953 LT1-thread root DEBUG client.py                 82    logger_log                : sending frame '010a0016000f00090d5465737465725f303845343445ffffffff00'
2026-03-06 17:31:48,953 LT1-thread root DEBUG client.py                 82    logger_log                : gap_command_rsp_succ
2026-03-06 17:31:48,953 LT1-thread root DEBUG client.py                 82    logger_log                : read
2026-03-06 17:31:48,995 BTPWorkerThread-214 (_rx_task) root DEBUG client.py                 82    logger_log                : Read 5 bytes
2026-03-06 17:31:49,007 BTPWorkerThread-214 (_rx_task) root DEBUG client.py                 82    logger_log                : Received: hdr: Header(svc_id=0x01, op=0x0a, ctrl_index=0x00, data_len=0x04) bytearray(b'\x01\n\x00\x04\x00')
2026-03-06 17:31:49,023 BTPWorkerThread-214 (_rx_task) root DEBUG client.py                 82    logger_log                : Read 4 bytes data
2026-03-06 17:31:49,033 BTPWorkerThread-214 (_rx_task) root DEBUG client.py                 82    logger_log                : Received data: {'1b 06 00 00'}, bytearray(b'\x1b\x06\x00\x00')
2026-03-06 17:31:49,050 LT1-thread root DEBUG client.py                 82    logger_log                : received Header(svc_id=1, op=10, ctrl_index=0, data_len=4) (b'\x1b\x06\x00\x00',)
2026-03-06 17:31:49,050 LT1-thread root DEBUG client.py                 82    logger_log                : __gap_current_settings_update (b'\x1b\x06\x00\x00',)
2026-03-06 17:31:49,050 LT1-thread root DEBUG client.py                 82    logger_log                : Sending response 'OK' to wid 41 test case AVCTP/TG/CCM/BV-04-C
2026-03-06 17:31:49,052 LT1-thread root DEBUG client.py                 82    logger_log                : ClientCallback.get_result run_test_case
2026-03-06 17:31:56,696 BTPWorkerThread-214 (_rx_task) root DEBUG client.py                 82    logger_log                : Read 5 bytes
2026-03-06 17:31:56,696 BTPWorkerThread-214 (_rx_task) root DEBUG client.py                 82    logger_log                : Received: hdr: Header(svc_id=0x01, op=0x82, ctrl_index=0x00, data_len=0x0d) bytearray(b'\x01\x82\x00\r\x00')
2026-03-06 17:31:56,697 BTPWorkerThread-214 (_rx_task) root DEBUG client.py                 82    logger_log                : Read 4 bytes data
2026-03-06 17:31:56,707 BTPWorkerThread-214 (_rx_task) root DEBUG client.py                 82    logger_log                : Read 9 bytes data
2026-03-06 17:31:56,708 BTPWorkerThread-214 (_rx_task) root DEBUG client.py                 82    logger_log                : Received data: {'e0 4e e4 08 dc 1b 00 00 00 00 00 00 00'}, bytearray(b'\xe0N\xe4\x08\xdc\x1b\x00\x00\x00\x00\x00\x00\x00')
2026-03-06 17:31:56,708 BTPWorkerThread-214 (_rx_task) root DEBUG client.py                 82    logger_log                : event_handler Header(svc_id=1, op=130, ctrl_index=0, data_len=13) (b'\xe0N\xe4\x08\xdc\x1b\x00\x00\x00\x00\x00\x00\x00',)
2026-03-06 17:31:56,708 BTPWorkerThread-214 (_rx_task) root DEBUG client.py                 82    logger_log                : gap_connected_ev_ b'\xe0N\xe4\x08\xdc\x1b\x00\x00\x00\x00\x00\x00\x00'
2026-03-06 17:31:56,708 BTPWorkerThread-214 (_rx_task) root DEBUG client.py                 82    logger_log                : Read 5 bytes
2026-03-06 17:31:56,708 BTPWorkerThread-214 (_rx_task) root DEBUG client.py                 82    logger_log                : Received: hdr: Header(svc_id=0x01, op=0x80, ctrl_index=0x00, data_len=0x04) bytearray(b'\x01\x80\x00\x04\x00')
2026-03-06 17:31:56,708 BTPWorkerThread-214 (_rx_task) root DEBUG client.py                 82    logger_log                : Read 4 bytes data
2026-03-06 17:31:56,709 BTPWorkerThread-214 (_rx_task) root DEBUG client.py                 82    logger_log                : Received data: {'1b 02 00 00'}, bytearray(b'\x1b\x02\x00\x00')
2026-03-06 17:31:56,709 BTPWorkerThread-214 (_rx_task) root DEBUG client.py                 82    logger_log                : event_handler Header(svc_id=1, op=128, ctrl_index=0, data_len=4) (b'\x1b\x02\x00\x00',)
2026-03-06 17:31:56,709 BTPWorkerThread-214 (_rx_task) root DEBUG client.py                 82    logger_log                : gap_new_settings_ev_ b'\x1b\x02\x00\x00'
2026-03-06 17:31:56,709 BTPWorkerThread-214 (_rx_task) root DEBUG client.py                 82    logger_log                : __gap_current_settings_update 539
2026-03-06 17:31:56,844 LT1-callback ClientCallback.on_implicit_send INFO client.py                 82    logger_log                : 
    ********************
    BEGIN OnImplicitSend:
    project_name: AVCTP
    wid: 2002
    test_case_name: AVCTP/TG/CCM/BV-04-C
    description: Please wait while PTS creates an AVCTP control channel connection.

Action: Make sure the IUT is in a connectable state.
    style: MMI_Style_Ok_Cancel2 0x11141
2026-03-06 17:31:56,844 LT1-callback ClientCallback.on_implicit_send INFO client.py                 82    logger_log                : Calling test cases on_implicit_send
2026-03-06 17:31:56,844 LT1-callback ClientCallback.on_implicit_send INFO client.py                 82    logger_log                : 
    on_implicit_send returned response: WAIT
    END OnImplicitSend
    ********************
2026-03-06 17:31:57,056 LT1-thread root DEBUG client.py                 82    logger_log                : AVCTP AVCTP/TG/CCM/BV-04-C on_implicit_send
2026-03-06 17:31:57,056 LT1-thread root DEBUG client.py                 82    logger_log                : avctp_wid_hdl, 2002, Please wait while PTS creates an AVCTP control channel connection.

Action: Make sure the IUT is in a connectable state., AVCTP/TG/CCM/BV-04-C
2026-03-06 17:31:58,479 BTPWorkerThread-214 (_rx_task) root DEBUG client.py                 82    logger_log                : Read 5 bytes
2026-03-06 17:31:58,485 BTPWorkerThread-214 (_rx_task) root DEBUG client.py                 82    logger_log                : Received: hdr: Header(svc_id=0x01, op=0x91, ctrl_index=0x00, data_len=0x09) bytearray(b'\x01\x91\x00\t\x00')
2026-03-06 17:31:58,490 BTPWorkerThread-214 (_rx_task) root DEBUG client.py                 82    logger_log                : Read 9 bytes data
2026-03-06 17:31:58,495 BTPWorkerThread-214 (_rx_task) root DEBUG client.py                 82    logger_log                : Received data: {'e0 4e e4 08 dc 1b 00 01 10'}, bytearray(b'\xe0N\xe4\x08\xdc\x1b\x00\x01\x10')
2026-03-06 17:31:58,511 BTPWorkerThread-214 (_rx_task) root DEBUG client.py                 82    logger_log                : event_handler Header(svc_id=1, op=145, ctrl_index=0, data_len=9) (b'\xe0N\xe4\x08\xdc\x1b\x00\x01\x10',)
2026-03-06 17:31:58,521 BTPWorkerThread-214 (_rx_task) root DEBUG client.py                 82    logger_log                : gap_encryption_change_ev_
2026-03-06 17:31:58,527 BTPWorkerThread-214 (_rx_task) root DEBUG client.py                 82    logger_log                : enc change received b'\xe0N\xe4\x08\xdc\x1b\x00\x01\x10'
2026-03-06 17:31:58,532 BTPWorkerThread-214 (_rx_task) root DEBUG client.py                 82    logger_log                : received (224, '001bdc08e44e', 1, 16)
2026-03-06 17:31:58,543 BTPWorkerThread-214 (_rx_task) root DEBUG client.py                 82    logger_log                : Read 5 bytes
2026-03-06 17:31:58,548 BTPWorkerThread-214 (_rx_task) root DEBUG client.py                 82    logger_log                : Received: hdr: Header(svc_id=0x01, op=0x89, ctrl_index=0x00, data_len=0x08) bytearray(b'\x01\x89\x00\x08\x00')
2026-03-06 17:31:58,553 BTPWorkerThread-214 (_rx_task) root DEBUG client.py                 82    logger_log                : Read 8 bytes data
2026-03-06 17:31:58,558 BTPWorkerThread-214 (_rx_task) root DEBUG client.py                 82    logger_log                : Received data: {'e0 4e e4 08 dc 1b 00 02'}, bytearray(b'\xe0N\xe4\x08\xdc\x1b\x00\x02')
2026-03-06 17:31:58,569 BTPWorkerThread-214 (_rx_task) root DEBUG client.py                 82    logger_log                : event_handler Header(svc_id=1, op=137, ctrl_index=0, data_len=8) (b'\xe0N\xe4\x08\xdc\x1b\x00\x02',)
2026-03-06 17:31:58,580 BTPWorkerThread-214 (_rx_task) root DEBUG client.py                 82    logger_log                : gap_sec_level_changed_ev_
2026-03-06 17:31:58,586 BTPWorkerThread-214 (_rx_task) root DEBUG client.py                 82    logger_log                : received b'\xe0N\xe4\x08\xdc\x1b\x00\x02'
2026-03-06 17:31:58,597 BTPWorkerThread-214 (_rx_task) root DEBUG client.py                 82    logger_log                : received (224, '001bdc08e44e', 2)
2026-03-06 17:31:58,624 BTPWorkerThread-214 (_rx_task) root DEBUG client.py                 82    logger_log                : Read 5 bytes
2026-03-06 17:31:58,635 BTPWorkerThread-214 (_rx_task) root DEBUG client.py                 82    logger_log                : Received: hdr: Header(svc_id=0x25, op=0x80, ctrl_index=0x00, data_len=0x07) bytearray(b'%\x80\x00\x07\x00')
2026-03-06 17:31:58,651 BTPWorkerThread-214 (_rx_task) root DEBUG client.py                 82    logger_log                : Read 7 bytes data
2026-03-06 17:31:58,663 BTPWorkerThread-214 (_rx_task) root DEBUG client.py                 82    logger_log                : Received data: {'e0 4e e4 08 dc 1b 00'}, bytearray(b'\xe0N\xe4\x08\xdc\x1b\x00')
2026-03-06 17:31:58,679 BTPWorkerThread-214 (_rx_task) root DEBUG client.py                 82    logger_log                : event_handler Header(svc_id=37, op=128, ctrl_index=0, data_len=7) (b'\xe0N\xe4\x08\xdc\x1b\x00',)
2026-03-06 17:31:58,684 BTPWorkerThread-214 (_rx_task) root DEBUG client.py                 82    logger_log                : avrcp_ev_control_connected b'\xe0N\xe4\x08\xdc\x1b\x00'
2026-03-06 17:31:58,689 BTPWorkerThread-214 (_rx_task) root DEBUG client.py                 82    logger_log                : Read 5 bytes
2026-03-06 17:31:58,689 LT1-thread root DEBUG client.py                 82    logger_log                : Sending response 'OK' to wid 2002 test case AVCTP/TG/CCM/BV-04-C
2026-03-06 17:31:58,689 BTPWorkerThread-214 (_rx_task) root DEBUG client.py                 82    logger_log                : Received: hdr: Header(svc_id=0x25, op=0x80, ctrl_index=0x00, data_len=0x07) bytearray(b'%\x80\x00\x07\x00')
2026-03-06 17:31:58,690 BTPWorkerThread-214 (_rx_task) root DEBUG client.py                 82    logger_log                : Read 7 bytes data
2026-03-06 17:31:58,690 BTPWorkerThread-214 (_rx_task) root DEBUG client.py                 82    logger_log                : Received data: {'e0 4e e4 08 dc 1b 00'}, bytearray(b'\xe0N\xe4\x08\xdc\x1b\x00')
2026-03-06 17:31:58,690 BTPWorkerThread-214 (_rx_task) root DEBUG client.py                 82    logger_log                : event_handler Header(svc_id=37, op=128, ctrl_index=0, data_len=7) (b'\xe0N\xe4\x08\xdc\x1b\x00',)
2026-03-06 17:31:58,691 BTPWorkerThread-214 (_rx_task) root DEBUG client.py                 82    logger_log                : avrcp_ev_control_connected b'\xe0N\xe4\x08\xdc\x1b\x00'
2026-03-06 17:31:58,691 BTPWorkerThread-214 (_rx_task) root DEBUG client.py                 82    logger_log                : Read 5 bytes
2026-03-06 17:31:58,691 BTPWorkerThread-214 (_rx_task) root DEBUG client.py                 82    logger_log                : Received: hdr: Header(svc_id=0x25, op=0x81, ctrl_index=0x00, data_len=0x07) bytearray(b'%\x81\x00\x07\x00')
2026-03-06 17:31:58,691 LT1-thread root DEBUG client.py                 82    logger_log                : ClientCallback.get_result run_test_case
2026-03-06 17:31:58,692 BTPWorkerThread-214 (_rx_task) root DEBUG client.py                 82    logger_log                : Read 7 bytes data
2026-03-06 17:31:58,692 BTPWorkerThread-214 (_rx_task) root DEBUG client.py                 82    logger_log                : Received data: {'e0 4e e4 08 dc 1b 00'}, bytearray(b'\xe0N\xe4\x08\xdc\x1b\x00')
2026-03-06 17:31:58,692 BTPWorkerThread-214 (_rx_task) root DEBUG client.py                 82    logger_log                : event_handler Header(svc_id=37, op=129, ctrl_index=0, data_len=7) (b'\xe0N\xe4\x08\xdc\x1b\x00',)
2026-03-06 17:31:58,692 BTPWorkerThread-214 (_rx_task) root DEBUG client.py                 82    logger_log                : avrcp_ev_control_disconnected b'\xe0N\xe4\x08\xdc\x1b\x00'
2026-03-06 17:31:58,693 BTPWorkerThread-214 (_rx_task) root DEBUG client.py                 82    logger_log                : Read 5 bytes
2026-03-06 17:31:58,693 BTPWorkerThread-214 (_rx_task) root DEBUG client.py                 82    logger_log                : Received: hdr: Header(svc_id=0x25, op=0x81, ctrl_index=0x00, data_len=0x07) bytearray(b'%\x81\x00\x07\x00')
2026-03-06 17:31:58,693 BTPWorkerThread-214 (_rx_task) root DEBUG client.py                 82    logger_log                : Read 7 bytes data
2026-03-06 17:31:58,693 BTPWorkerThread-214 (_rx_task) root DEBUG client.py                 82    logger_log                : Received data: {'e0 4e e4 08 dc 1b 00'}, bytearray(b'\xe0N\xe4\x08\xdc\x1b\x00')
2026-03-06 17:31:58,694 BTPWorkerThread-214 (_rx_task) root DEBUG client.py                 82    logger_log                : event_handler Header(svc_id=37, op=129, ctrl_index=0, data_len=7) (b'\xe0N\xe4\x08\xdc\x1b\x00',)
2026-03-06 17:31:58,694 BTPWorkerThread-214 (_rx_task) root DEBUG client.py                 82    logger_log                : avrcp_ev_control_disconnected b'\xe0N\xe4\x08\xdc\x1b\x00'
2026-03-06 17:31:58,694 LT1-callback ClientCallback.on_implicit_send INFO client.py                 82    logger_log                : 
    ********************
    BEGIN OnImplicitSend:
    project_name: AVCTP
    wid: 2004
    test_case_name: AVCTP/TG/CCM/BV-04-C
    description: Please wait while PTS disconnects the AVCTP control channel connection.
    style: MMI_Style_Ok_Cancel2 0x11141
2026-03-06 17:31:58,694 LT1-callback ClientCallback.on_implicit_send INFO client.py                 82    logger_log                : Calling test cases on_implicit_send
2026-03-06 17:31:58,694 LT1-callback ClientCallback.on_implicit_send INFO client.py                 82    logger_log                : 
    on_implicit_send returned response: WAIT
    END OnImplicitSend
    ********************
2026-03-06 17:31:59,513 BTPWorkerThread-214 (_rx_task) root DEBUG client.py                 82    logger_log                : Read 5 bytes
2026-03-06 17:31:59,514 BTPWorkerThread-214 (_rx_task) root DEBUG client.py                 82    logger_log                : Received: hdr: Header(svc_id=0x01, op=0x83, ctrl_index=0x00, data_len=0x07) bytearray(b'\x01\x83\x00\x07\x00')
2026-03-06 17:31:59,514 BTPWorkerThread-214 (_rx_task) root DEBUG client.py                 82    logger_log                : Read 7 bytes data
2026-03-06 17:31:59,514 BTPWorkerThread-214 (_rx_task) root DEBUG client.py                 82    logger_log                : Received data: {'e0 4e e4 08 dc 1b 00'}, bytearray(b'\xe0N\xe4\x08\xdc\x1b\x00')
2026-03-06 17:31:59,514 BTPWorkerThread-214 (_rx_task) root DEBUG client.py                 82    logger_log                : event_handler Header(svc_id=1, op=131, ctrl_index=0, data_len=7) (b'\xe0N\xe4\x08\xdc\x1b\x00',)
2026-03-06 17:31:59,514 BTPWorkerThread-214 (_rx_task) root DEBUG client.py                 82    logger_log                : gap_disconnected_ev_ b'\xe0N\xe4\x08\xdc\x1b\x00'
2026-03-06 17:31:59,693 LT1-thread root DEBUG client.py                 82    logger_log                : AVCTP AVCTP/TG/CCM/BV-04-C on_implicit_send
2026-03-06 17:31:59,693 LT1-thread root DEBUG client.py                 82    logger_log                : avctp_wid_hdl, 2004, Please wait while PTS disconnects the AVCTP control channel connection., AVCTP/TG/CCM/BV-04-C
2026-03-06 17:31:59,693 LT1-thread root DEBUG client.py                 82    logger_log                : Sending response 'OK' to wid 2004 test case AVCTP/TG/CCM/BV-04-C
2026-03-06 17:31:59,695 LT1-thread root DEBUG client.py                 82    logger_log                : ClientCallback.get_result run_test_case
2026-03-06 17:32:02,220 LT1-callback ClientCallback.log INFO client.py                 82    logger_log                : PTS_LOGTYPE_START_TEST Start Test Case 

+156 ms
 AVCTP/TG/CCM/BV-04-C AVCTP/TG/CCM/BV-04-C

2026-03-06 17:32:02,552 LT1-callback ClientCallback.log INFO client.py                 82    logger_log                : PTS_LOGTYPE_FINAL_VERDICT Final Verdict 

+14953 ms
 AVCTP/TG/CCM/BV-04-C PASS

2026-03-06 17:32:02,556 LT1-callback ClientCallback.log INFO client.py                 82    logger_log                : PTS_LOGTYPE_FINAL_VERDICT Encrypted Verdict 

+14953 ms
 AVCTP/TG/CCM/BV-04-C A1#ZWY4MzQ5MDg3MmQwNTIxOGQzMzQ5YjY2ODA5M2MzNjQ5ZDY4NmY0Yjc2MzIzM2VkNTUyNTFhNGU4Mjg1MjI0NA==#FU7I8tdMUWOt7mGOw2z7ByhcijlvHapxgzvSAQIhgZfVFSPXRm8aZ9Jq3fJVTyop

2026-03-06 17:32:02,621 LT1-callback ClientCallback.log INFO client.py                 82    logger_log                : PTS_LOGTYPE_END_TEST Test Case Ended 

+14953 ms
 AVCTP/TG/CCM/BV-04-C AVCTP/TG/CCM/BV-04-C

2026-03-06 17:32:02,699 LT1-callback root DEBUG client.py                 82    logger_log                : ClientCallback, set_result, run_test_case, PASS
2026-03-06 17:32:02,700 LT1-thread root DEBUG client.py                 82    logger_log                : After run_test_case error_code=0 status='PASS'
2026-03-06 17:32:02,700 LT1-thread root DEBUG client.py                 82    logger_log                : post_run AVCTP AVCTP/TG/CCM/BV-04-C 0
2026-03-06 17:32:02,700 LT1-thread root DEBUG client.py                 82    logger_log                : Starting test function: class=<class 'autopts.ptsprojects.testcase.TestFuncCleanUp'>, func=<bound method Stack.cleanup of <autopts.ptsprojects.stack.stack.Stack object at 0x0000022A5AAC2960>> start_wid=None stop_wid=None post_wid=None skip_call=None call_count=1 args=() kwds={}
2026-03-06 17:32:02,700 LT1-thread root DEBUG client.py                 82    logger_log                : Test function parameters: args=(), kwds={}
2026-03-06 17:32:02,700 LT1-thread root DEBUG client.py                 82    logger_log                : Starting test function: class=<class 'autopts.ptsprojects.testcase.TestFuncCleanUp'>, func=<bound method ZephyrCtl.stop of <autopts.ptsprojects.zephyr.iutctl.ZephyrCtl object at 0x0000022A5AA2D520>> start_wid=None stop_wid=None post_wid=None skip_call=None call_count=1 args=() kwds={}
2026-03-06 17:32:02,700 LT1-thread root DEBUG client.py                 82    logger_log                : Test function parameters: args=(), kwds={}
2026-03-06 17:32:02,700 LT1-thread root DEBUG client.py                 82    logger_log                : <class 'autopts.ptsprojects.zephyr.iutctl.ZephyrCtl'>.stop
2026-03-06 17:32:02,700 LT1-thread root DEBUG client.py                 82    logger_log                : About to reset DUT: JLink -CommandFile reset.jlink -usb 1063214216 -device MIMXRT1176XXXA_M7
2026-03-06 17:32:03,040 BTPWorkerThread-214 (_rx_task) root DEBUG client.py                 82    logger_log                : Read 5 bytes
2026-03-06 17:32:03,041 BTPWorkerThread-214 (_rx_task) root DEBUG client.py                 82    logger_log                : Received: hdr: Header(svc_id=0x00, op=0x80, ctrl_index=0xff, data_len=0x00) bytearray(b'\x00\x80\xff\x00\x00')
2026-03-06 17:32:03,041 BTPWorkerThread-214 (_rx_task) root DEBUG client.py                 82    logger_log                : Received data: {''}, bytearray(b'')
2026-03-06 17:32:03,041 BTPWorkerThread-214 (_rx_task) root DEBUG client.py                 82    logger_log                : event_handler Header(svc_id=0, op=128, ctrl_index=255, data_len=0) (b'',)
2026-03-06 17:32:03,041 BTPWorkerThread-214 (_rx_task) root DEBUG client.py                 82    logger_log                : core_iut_ready_ev
2026-03-06 17:32:03,511 LT1-thread root DEBUG client.py                 82    logger_log                : IUT ready event received OK
2026-03-06 17:32:03,511 LT1-thread root DEBUG client.py                 82    logger_log                : Waiting for _rx_worker to finish ...
2026-03-06 17:32:04,041 BTPWorkerThread-214 (_rx_task) root DEBUG client.py                 82    logger_log                : BTPWorkerThread-214 (_rx_task) finishing...
2026-03-06 17:32:07,048 LT1-thread root DEBUG client.py                 82    logger_log                : post_run, cleanup running post test case script
2026-03-06 17:32:07,048 LT1-thread root DEBUG client.py                 82    logger_log                : post_run, run post test case script
2026-03-06 17:32:07,138 LT1-thread root DEBUG client.py                 82    logger_log                : Done TestCase _run_test_case AVCTP AVCTP/TG/CCM/BV-04-C
