< 2025/01/03 20:17:31.679995  length=5 from=0 to=4
 00 80 ff 00 00                                   .....
--
> 2025/01/03 20:17:41.472175  length=6 from=0 to=5
 00 03 ff 01 00 01                                ......
--
< 2025/01/03 20:17:41.520185  length=5 from=5 to=9
 00 03 ff 00 00                                   .....
--
> 2025/01/03 20:17:41.584143  length=5 from=6 to=10
 01 03 00 00 00                                   .....
--
< 2025/01/03 20:17:42.448224  length=160 from=10 to=169
 01 03 00 15 01 28 00 03 37 60 00 13 06 02 00 13  .....(..7`......
 02 00 00 00 00 00 62 74 70 5f 74 65 73 74 65 72  ......btp_tester
 00 00 00 00 00 00 00 00 00 00 00 00 00 00 00 00  ................
 00 00 00 00 00 00 00 00 00 00 00 00 00 00 00 00  ................
 00 00 00 00 00 00 00 00 00 00 00 00 00 00 00 00  ................
 00 00 00 00 00 00 00 00 00 00 00 00 00 00 00 00  ................
 00 00 00 00 00 00 00 00 00 00 00 00 00 00 00 00  ................
 00 00 00 00 00 00 00 00 00 00 00 00 00 00 00 00  ................
 00 00 00 00 00 00 00 00 00 00 00 00 00 00 00 00  ................
 00 00 00 00 00 00 00 00 00 00 00 00 00 00 00 00  ................
--
< 2025/01/03 20:17:42.457630  length=96 from=170 to=265
 00 00 00 00 00 00 00 00 00 00 00 00 00 00 00 00  ................
 00 00 00 00 00 00 00 00 00 00 00 00 00 00 00 00  ................
 00 00 00 00 00 00 00 00 00 00 00 00 00 00 00 00  ................
 00 00 00 00 00 00 00 00 00 00 00 00 00 00 00 00  ................
 00 00 00 00 00 00 00 00 00 00 00 00 00 00 00 00  ................
 00 00 00 00 00 00 00 00 00 00 00 00 00 00 00 00  ................
--
< 2025/01/03 20:17:42.462851  length=26 from=266 to=291
 00 00 00 00 00 00 00 00 00 00 00 00 00 00 00 00  ................
 00 00 00 00 00 00 00 00 00 00                    ..........
--
> 2025/01/03 20:17:42.605129  length=6 from=11 to=16
 01 10 00 01 00 00                                ......
--
< 2025/01/03 20:17:42.621330  length=5 from=292 to=296
 01 10 00 00 00                                   .....
--
> 2025/01/03 20:18:04.721478  length=6 from=17 to=22
 01 08 00 01 00 01                                ......
--
< 2025/01/03 20:18:04.737498  length=9 from=297 to=305
 01 08 00 04 00 1b 02 00 00                       .........
--
> 2025/01/03 20:18:04.816486  length=27 from=23 to=49
 01 0a                                            ..
 00 16 00 0f 00 09 0d 54 65 73 74 65 72 5f 32 35  .......Tester_25
 44 45 32 41 ff ff ff ff 00                       DE2A.....
--
< 2025/01/03 20:18:04.831557  length=9 from=306 to=314
 01 0a                                            ..
 00 04 00 1b 06 00 00                             .......
--
< 2025/01/03 20:18:04.974682  length=27 from=315 to=341
 01 82 00 0d 00 00 2a de 25 e8 07 c0 38 00 00 00  ......*.%...8...
 d0 07 01 80 00 04 00 1b 02 00 00                 ...........
--
< 2025/01/03 20:18:05.697270  length=16 from=342 to=357
 01 84 00 0b 00 00 2a de 25 e8 07 c0 e0 a2 0e 00  ......*.%.......
--
< 2025/01/03 20:18:10.525136  length=18 from=358 to=375
 01 88 00 0d 00 00 2a de 25 e8 07 c0 18 00 00 00  ......*.%.......
 2a 00                                            *.
--
< 2025/01/03 20:18:11.152660  length=13 from=376 to=388
 01 89 00 08 00 00 2a de 25 e8 07 c0 04           ......*.%....
--
< 2025/01/03 20:18:14.124997  length=12 from=389 to=400
 01 83 00 07 00 00 2a de 25 e8 07 c0              ......*.%...
--
< 2025/01/03 20:18:19.897433  length=5 from=401 to=405
 00 80 ff 00 00                                   .....
--
