21:26:37:628    > BTP_CORE_CMD_REGISTER_SERVICE (0x00|0x03|0xff)
                  raw data (1): 00 03 ff 01 00|01
21:26:41:352    < BTP_CORE_CMD_REGISTER_SERVICE (0x00|0x03|0xff)
                  raw data (0): 00 03 ff 00 00|
21:26:41:352    > BTP_GAP_CMD_READ_SUPPORTED_COMMANDS (0x01|0x01|0xff)
                  raw data (0): 01 01 ff 00 00|
21:26:41:452    < BTP_GAP_CMD_READ_SUPPORTED_COMMANDS (0x01|0x01|0xff)
                  raw data (6): 01 01 ff 06 00|6e ff 7f 1f fe f7
21:26:41:462    > BTP_GAP_CMD_READ_CONTROLLER_INFO (0x01|0x03|0x00)
                  raw data (0): 01 03 00 00 00|
21:26:41:582    < BTP_GAP_CMD_READ_CONTROLLER_INFO (0x01|0x03|0x00)
                  raw data (277): 
                  01 03 00 15 01|19 78 ee 69 17 d0 d3 06 02 00 13 
                  02 00 00 00 00 00 62 74 70 5f 74 65 73 74 65 72 
                  00 00 00 00 00 00 00 00 00 00 00 00 00 00 00 00 
                  00 00 00 00 00 00 00 00 00 00 00 00 00 00 00 00 
                  00 00 00 00 00 00 00 00 00 00 00 00 00 00 00 00 
                  00 00 00 00 00 00 00 00 00 00 00 00 00 00 00 00 
                  00 00 00 00 00 00 00 00 00 00 00 00 00 00 00 00 
                  00 00 00 00 00 00 00 00 00 00 00 00 00 00 00 00 
                  00 00 00 00 00 00 00 00 00 00 00 00 00 00 00 00 
                  00 00 00 00 00 00 00 00 00 00 00 00 00 00 00 00 
                  00 00 00 00 00 00 00 00 00 00 00 00 00 00 00 00 
                  00 00 00 00 00 00 00 00 00 00 00 00 00 00 00 00 
                  00 00 00 00 00 00 00 00 00 00 00 00 00 00 00 00 
                  00 00 00 00 00 00 00 00 00 00 00 00 00 00 00 00 
                  00 00 00 00 00 00 00 00 00 00 00 00 00 00 00 00 
                  00 00 00 00 00 00 00 00 00 00 00 00 00 00 00 00 
                  00 00 00 00 00 00 00 00 00 00 00 00 00 00 00 00 
                  00 00 00 00 00 00 00 00 00 00
21:26:41:582    > BTP_GAP_CMD_SET_DISCOVERABLE (0x01|0x08|0x00)
                  raw data (1): 01 08 00 01 00|01
21:26:41:683    < BTP_GAP_CMD_SET_DISCOVERABLE (0x01|0x08|0x00)
                  raw data (4): 01 08 00 04 00|1b 02 00 00
21:26:41:713    > BTP_GAP_CMD_SET_IO_CAP (0x01|0x10|0x00)
                  raw data (1): 01 10 00 01 00|03
21:26:41:803    < BTP_GAP_CMD_SET_IO_CAP (0x01|0x10|0x00)
                  raw data (0): 01 10 00 00 00|
21:26:41:823    > BTP_CORE_CMD_REGISTER_SERVICE (0x00|0x03|0xff)
                  raw data (32): 00 03 ff 01 00|20
21:26:41:893    < BTP_CORE_CMD_REGISTER_SERVICE (0x00|0x03|0xff)
                  raw data (0): 00 03 ff 00 00|
21:26:41:903    > BTP_HFP_HF_CMD_READ_SUPPORTED_COMMANDS (0x20|0x01|0xff)
                  raw data (0): 20 01 ff 00 00|
21:26:41:993    < BTP_HFP_HF_CMD_READ_SUPPORTED_COMMANDS (0x20|0x01|0xff)
                  raw data (5): 20 01 ff 05 00|fe ff ff ff 7f
21:26:42:996    > BTP_GAP_CMD_CONNECT (0x01|0x0e|0x00)
                  raw data (8): 01 0e 00 08 00|e0 4e e4 08 dc 1b 00 00
21:26:43:086    < BTP_GAP_CMD_CONNECT (0x01|0x0e|0x00)
                  raw data (0): 01 0e 00 00 00|
21:26:43:861    < BTP_GAP_EV_DEVICE_CONNECTED (0x01|0x82|0x00)
                  raw data (13): 
                  01 82 00 0d 00|e0 4e e4 08 dc 1b 00 00 00 00 00 
                  00 00
21:26:43:871    > BTP_GAP_CMD_PAIR (0x01|0x11|0x00)
                  raw data (7): 01 11 00 07 00|e0 4e e4 08 dc 1b 00
21:26:43:961    < BTP_GAP_CMD_PAIR (0x01|0x11|0x00)
                  raw data (0): 01 11 00 00 00|
21:26:43:971    > BTP_HFP_HF_CMD_CONNECT (0x20|0x02|0x00)
                  raw data (7): 20 02 00 07 00|4e e4 08 dc 1b 00 01
21:26:44:078    < BTP_HFP_HF_CMD_CONNECT (0x20|0x02|0x00)
                  raw data (0): 20 02 00 00 00|
21:26:44:877    < BTP_GAP_EV_ENCRYPTION_CHANGE (0x01|0x91|0x00)
                  raw data (9): 01 91 00 09 00|e0 4e e4 08 dc 1b 00 01 10
21:26:44:877    < BTP_GAP_EV_SEC_LEVEL_CHANGED (0x01|0x89|0x00)
                  raw data (8): 01 89 00 08 00|e0 4e e4 08 dc 1b 00 02
21:26:45:091    < BTP_HFP_HF_EV_CONNECTED (0x20|0x80|0x00)
                  raw data (6): 20 80 00 06 00|4e e4 08 dc 1b 00
21:26:46:396    < BTP_HFP_HF_EV_SCO_CONNECTED (0x20|0x82|0x00)
                  raw data (6): 20 82 00 06 00|4e e4 08 dc 1b 00
21:26:46:536    < BTP_HFP_HF_EV_INCOMING (0x20|0x87|0x00)
                  raw data (7): 20 87 00 07 00|4e e4 08 dc 1b 00 00
21:26:46:536    < BTP_HFP_HF_EV_CALL_ACCEPTED (0x20|0x89|0x00)
                  raw data (7): 20 89 00 07 00|4e e4 08 dc 1b 00 00
21:26:48:152    < BTP_HFP_HF_EV_SCO_DISCONNECTED (0x20|0x83|0x00)
                  raw data (7): 20 83 00 07 00|4e e4 08 dc 1b 00 13
21:26:48:636    < BTP_HFP_HF_EV_DISCONNECTED (0x20|0x81|0x00)
                  raw data (6): 20 81 00 06 00|4e e4 08 dc 1b 00
21:26:49:700    < BTP_GAP_EV_DEVICE_DISCONNECTED (0x01|0x83|0x00)
                  raw data (7): 01 83 00 07 00|e0 4e e4 08 dc 1b 00
21:26:53:391    < BTP_CORE_EV_IUT_READY (0x00|0x80|0xff)
                  raw data (0): 00 80 ff 00 00|
