17:59:41:563    > BTP_CORE_CMD_REGISTER_SERVICE (0x00|0x03|0xff)
                  raw data (1): 00 03 ff 01 00|01
17:59:45:773    < BTP_CORE_CMD_REGISTER_SERVICE (0x00|0x03|0xff)
                  raw data (0): 00 03 ff 00 00|
17:59:45:790    > BTP_GAP_CMD_READ_SUPPORTED_COMMANDS (0x01|0x01|0xff)
                  raw data (0): 01 01 ff 00 00|
17:59:45:873    < BTP_GAP_CMD_READ_SUPPORTED_COMMANDS (0x01|0x01|0xff)
                  raw data (7): 01 01 ff 07 00|6e ff 7f 1f fe f7 0e
17:59:45:890    > BTP_GAP_CMD_READ_CONTROLLER_INFO (0x01|0x03|0x00)
                  raw data (0): 01 03 00 00 00|
17:59:45:975    < BTP_GAP_CMD_READ_CONTROLLER_INFO (0x01|0x03|0x00)
                  raw data (277): 
                  01 03 00 15 01|19 78 ee 69 17 d0 d3 06 02 00 13 
                  02 00 00 00 00 00 62 74 70 5f 74 65 73 74 65 72 
                  00 00 00 00 00 00 00 00 00 00 00 00 00 00 00 00 
                  00 00 00 00 00 00 00 00 00 00 00 00 00 00 00 00 
                  00 00 00 00 00 00 00 00 00 00 00 00 00 00 00 00 
                  00 00 00 00 00 00 00 00 00 00 00 00 00 00 00 00 
                  00 00 00 00 00 00 00 00 00 00 00 00 00 00 00 00 
                  00 00 00 00 00 00 00 00 00 00 00 00 00 00 00 00 
                  00 00 00 00 00 00 00 00 00 00 00 00 00 00 00 00 
                  00 00 00 00 00 00 00 00 00 00 00 00 00 00 00 00 
                  00 00 00 00 00 00 00 00 00 00 00 00 00 00 00 00 
                  00 00 00 00 00 00 00 00 00 00 00 00 00 00 00 00 
                  00 00 00 00 00 00 00 00 00 00 00 00 00 00 00 00 
                  00 00 00 00 00 00 00 00 00 00 00 00 00 00 00 00 
                  00 00 00 00 00 00 00 00 00 00 00 00 00 00 00 00 
                  00 00 00 00 00 00 00 00 00 00 00 00 00 00 00 00 
                  00 00 00 00 00 00 00 00 00 00 00 00 00 00 00 00 
                  00 00 00 00 00 00 00 00 00 00
17:59:46:006    > BTP_CORE_CMD_REGISTER_SERVICE (0x00|0x03|0xff)
                  raw data (37): 00 03 ff 01 00|25
17:59:46:069    < BTP_CORE_CMD_REGISTER_SERVICE (0x00|0x03|0xff)
                  raw data (0): 00 03 ff 00 00|
17:59:46:085    > BTP_AVRCP_CMD_READ_SUPPORTED_COMMANDS (0x25|0x01|0xff)
                  raw data (0): 25 01 ff 00 00|
17:59:46:170    < BTP_AVRCP_CMD_READ_SUPPORTED_COMMANDS (0x25|0x01|0xff)
                  raw data (5): 25 01 ff 05 00|fe ff ff ff 1f
17:59:49:189    > BTP_GAP_CMD_SET_DISCOVERABLE (0x01|0x08|0x00)
                  raw data (1): 01 08 00 01 00|01
17:59:49:277    < BTP_GAP_CMD_SET_DISCOVERABLE (0x01|0x08|0x00)
                  raw data (4): 01 08 00 04 00|1b 02 00 00
17:59:49:290    > BTP_GAP_CMD_START_ADVERTISING (0x01|0x0a|0x00)
                  raw data (22): 
                  01 0a 00 16 00|0f 00 09 0d 54 65 73 74 65 72 5f 
                  30 38 45 34 34 45 ff ff ff ff 00
17:59:49:368    < BTP_GAP_CMD_START_ADVERTISING (0x01|0x0a|0x00)
                  raw data (4): 01 0a 00 04 00|1b 06 00 00
17:59:53:205    < BTP_GAP_EV_DEVICE_CONNECTED (0x01|0x82|0x00)
                  raw data (13): 
                  01 82 00 0d 00|e0 4e e4 08 dc 1b 00 00 00 00 00 
                  00 00
17:59:53:206    < BTP_GAP_EV_NEW_SETTINGS (0x01|0x80|0x00)
                  raw data (4): 01 80 00 04 00|1b 02 00 00
17:59:55:005    < BTP_GAP_EV_ENCRYPTION_CHANGE (0x01|0x91|0x00)
                  raw data (9): 01 91 00 09 00|e0 4e e4 08 dc 1b 00 01 10
17:59:55:042    < BTP_GAP_EV_SEC_LEVEL_CHANGED (0x01|0x89|0x00)
                  raw data (8): 01 89 00 08 00|e0 4e e4 08 dc 1b 00 02
17:59:55:135    < BTP_AVRCP_EV_CONTROL_CONNECTED (0x25|0x80|0x00)
                  raw data (7): 25 80 00 07 00|e0 4e e4 08 dc 1b 00
17:59:55:175    < BTP_AVRCP_EV_CONTROL_CONNECTED (0x25|0x80|0x00)
                  raw data (7): 25 80 00 07 00|e0 4e e4 08 dc 1b 00
17:59:55:178    < BTP_AVRCP_EV_BROWSING_CONNECTED (0x25|0x82|0x00)
                  raw data (7): 25 82 00 07 00|e0 4e e4 08 dc 1b 00
17:59:55:179    < BTP_AVRCP_EV_BROWSING_CONNECTED (0x25|0x82|0x00)
                  raw data (7): 25 82 00 07 00|e0 4e e4 08 dc 1b 00
17:59:57:181    > BTP_AVRCP_CMD_GET_FOLDER_ITEMS (0x25|0x15|0x00)
                  raw data (17): 
                  25 15 00 11 00|e0 4e e4 08 dc 1b 00 00 00 00 00 
                  00 0a 00 00 00 00
17:59:57:221    < BTP_AVRCP_CMD_GET_FOLDER_ITEMS (0x25|0x15|0x00)
                  raw data (0): 25 15 00 00 00|
17:59:57:373    < BTP_AVRCP_EV_GET_FOLDER_ITEMS_RSP (0x25|0x93|0x00)
                  raw data (104): 
                  25 93 00 68 00|e0 4e e4 08 dc 1b 00 04 56 10 02 
                  00 01 2a 00 01 00 03 01 00 00 00 00 ff ff ff ff 
                  ff ff ff 7f 1f 00 00 00 00 00 00 00 6a 00 0e 00 
                  42 72 6f 77 73 65 64 20 50 6c 61 79 65 72 01 2c 
                  00 02 00 03 01 00 00 00 00 ff ff ff ff ff ff ff 
                  77 1f 00 00 00 00 00 00 00 6a 00 10 00 41 64 64 
                  72 65 73 73 65 64 20 50 6c 61 79 65 72
17:59:57:390    > BTP_AVRCP_CMD_SET_BROWSED_PLAYER (0x25|0x17|0x00)
                  raw data (9): 25 17 00 09 00|e0 4e e4 08 dc 1b 00 01 00
17:59:57:456    < BTP_AVRCP_CMD_SET_BROWSED_PLAYER (0x25|0x17|0x00)
                  raw data (0): 25 17 00 00 00|
17:59:57:562    < BTP_AVRCP_EV_SET_BROWSED_PLAYER_RSP (0x25|0x95|0x00)
                  raw data (17): 
                  25 95 00 11 00|e0 4e e4 08 dc 1b 00 04 56 10 07 
                  00 00 00 6a 00 00
17:59:58:576    > BTP_AVRCP_CMD_SEARCH (0x25|0x1b|0x00)
                  raw data (10): 25 1b 00 0a 00|e0 4e e4 08 dc 1b 00 01 00 33
17:59:58:625    < BTP_AVRCP_CMD_SEARCH (0x25|0x1b|0x00)
                  raw data (0): 25 1b 00 00 00|
17:59:58:741    < BTP_AVRCP_EV_SEARCH_RSP (0x25|0x99|0x00)
                  raw data (14): 
                  25 99 00 0e 00|e0 4e e4 08 dc 1b 00 04 56 10 01 
                  00 00 00
17:59:59:755    > BTP_AVRCP_CMD_GET_FOLDER_ITEMS (0x25|0x15|0x00)
                  raw data (17): 
                  25 15 00 11 00|e0 4e e4 08 dc 1b 00 02 00 00 00 
                  00 0a 00 00 00 00
17:59:59:801    < BTP_AVRCP_CMD_GET_FOLDER_ITEMS (0x25|0x15|0x00)
                  raw data (0): 25 15 00 00 00|
17:59:59:946    < BTP_AVRCP_EV_GET_FOLDER_ITEMS_RSP (0x25|0x93|0x00)
                  raw data (47): 
                  25 93 00 2f 00|e0 4e e4 08 dc 1b 00 04 56 10 01 
                  00 03 20 00 50 00 00 00 50 00 00 00 00 6a 00 07 
                  00 53 61 6d 70 6c 65 33 01 03 00 00 00 6a 00 03 
                  00 50 54 53
18:00:00:965    > BTP_AVRCP_CMD_GET_FOLDER_ITEMS (0x25|0x15|0x00)
                  raw data (17): 
                  25 15 00 11 00|e0 4e e4 08 dc 1b 00 02 00 00 00 
                  00 0a 00 00 00 00
18:00:01:029    < BTP_AVRCP_CMD_GET_FOLDER_ITEMS (0x25|0x15|0x00)
                  raw data (0): 25 15 00 00 00|
18:00:01:139    < BTP_AVRCP_EV_GET_FOLDER_ITEMS_RSP (0x25|0x93|0x00)
                  raw data (47): 
                  25 93 00 2f 00|e0 4e e4 08 dc 1b 00 04 56 10 01 
                  00 03 20 00 50 00 00 00 50 00 00 00 00 6a 00 07 
                  00 53 61 6d 70 6c 65 33 01 03 00 00 00 6a 00 03 
                  00 50 54 53
18:00:01:140    > BTP_AVRCP_CMD_GET_ITEM_ATTRS (0x25|0x19|0x00)
                  raw data (19): 
                  25 19 00 13 00|e0 4e e4 08 dc 1b 00 02 50 00 00 
                  00 50 00 00 00 56 10 00
18:00:01:201    < BTP_AVRCP_CMD_GET_ITEM_ATTRS (0x25|0x19|0x00)
                  raw data (0): 25 19 00 00 00|
18:00:01:337    < BTP_AVRCP_EV_GET_ITEM_ATTRS_RSP (0x25|0x97|0x00)
                  raw data (20): 
                  25 97 00 14 00|e0 4e e4 08 dc 1b 00 04 01 03 00 
                  00 00 6a 00 03 00 50 54 53
18:00:02:296    < BTP_AVRCP_EV_CONTROL_DISCONNECTED (0x25|0x81|0x00)
                  raw data (7): 25 81 00 07 00|e0 4e e4 08 dc 1b 00
18:00:02:296    < BTP_AVRCP_EV_CONTROL_DISCONNECTED (0x25|0x81|0x00)
                  raw data (7): 25 81 00 07 00|e0 4e e4 08 dc 1b 00
18:00:06:113    < BTP_CORE_EV_IUT_READY (0x00|0x80|0xff)
                  raw data (0): 00 80 ff 00 00|
