2025-02-15 23:08:48,209 LT1-thread root DEBUG client.py                 71    logger_log                : Starting TestCase _run_test_case GAP GAP/DISC/LIMP/BV-05-C
2025-02-15 23:08:48,209 LT1-thread root DEBUG client.py                 71    logger_log                : pre_run GAP GAP/DISC/LIMP/BV-05-C
2025-02-15 23:08:48,209 LT1-thread root DEBUG client.py                 71    logger_log                : About to run test case GAP GAP/DISC/LIMP/BV-05-C with commands:
2025-02-15 23:08:48,209 LT1-thread root DEBUG client.py                 71    logger_log                : 0) class=<class 'autopts.ptsprojects.testcase.TestFunc'>, func=<bound method Stack.core_init of <autopts.ptsprojects.stack.stack.Stack object at 0x0000020D6A103FD0>> start_wid=None stop_wid=None post_wid=None skip_call=None call_count=0 args=() kwds={}
2025-02-15 23:08:48,209 LT1-thread root DEBUG client.py                 71    logger_log                : 1) class=<class 'autopts.ptsprojects.testcase.TestFunc'>, func=<bound method ZephyrCtl.hw_reset of <autopts.ptsprojects.zephyr.iutctl.ZephyrCtl object at 0x0000020D66F4B710>> start_wid=None stop_wid=None post_wid=None skip_call=None call_count=0 args=() kwds={}
2025-02-15 23:08:48,209 LT1-thread root DEBUG client.py                 71    logger_log                : 2) class=<class 'autopts.ptsprojects.testcase.TestFunc'>, func=<bound method ZephyrCtl.start of <autopts.ptsprojects.zephyr.iutctl.ZephyrCtl object at 0x0000020D66F4B710>> start_wid=None stop_wid=None post_wid=None skip_call=None call_count=0 args=(<autopts.ptsprojects.zephyr.ztestcase.ZTestCase object at 0x0000020D6A967510>,) kwds={}
2025-02-15 23:08:48,209 LT1-thread root DEBUG client.py                 71    logger_log                : 3) class=<class 'autopts.ptsprojects.testcase.TestFunc'>, func=<bound method ZephyrCtl.hw_reset of <autopts.ptsprojects.zephyr.iutctl.ZephyrCtl object at 0x0000020D66F4B710>> start_wid=None stop_wid=None post_wid=None skip_call=None call_count=0 args=() kwds={}
2025-02-15 23:08:48,209 LT1-thread root DEBUG client.py                 71    logger_log                : 4) class=<class 'autopts.ptsprojects.testcase.TestFunc'>, func=<bound method ZephyrCtl.wait_iut_ready_event of <autopts.ptsprojects.zephyr.iutctl.ZephyrCtl object at 0x0000020D66F4B710>> start_wid=None stop_wid=None post_wid=None skip_call=None call_count=0 args=(False,) kwds={}
2025-02-15 23:08:48,209 LT1-thread root DEBUG client.py                 71    logger_log                : 5) class=<class 'autopts.ptsprojects.testcase.TestFunc'>, func=<function core_reg_svc_gap at 0x0000020D65B187C0> start_wid=None stop_wid=None post_wid=None skip_call=None call_count=15 args=() kwds={}
2025-02-15 23:08:48,209 LT1-thread root DEBUG client.py                 71    logger_log                : 6) class=<class 'autopts.ptsprojects.testcase.TestFunc'>, func=<bound method Stack.gap_init of <autopts.ptsprojects.stack.stack.Stack object at 0x0000020D6A103FD0>> start_wid=None stop_wid=None post_wid=None skip_call=None call_count=15 args=(b'Tester_25DE2A', 'ABCD', '1111', '1111', '11', '1111', b'\x17github.com/auto-pts', (8, 'PADV_Tester'), 'FF') kwds={}
2025-02-15 23:08:48,209 LT1-thread root DEBUG client.py                 71    logger_log                : 7) class=<class 'autopts.ptsprojects.testcase.TestFunc'>, func=<function gap_read_ctrl_info at 0x0000020D65B28680> start_wid=None stop_wid=None post_wid=None skip_call=None call_count=15 args=() kwds={}
2025-02-15 23:08:48,209 LT1-thread root DEBUG client.py                 71    logger_log                : 8) class=<class 'autopts.ptsprojects.testcase.TestFunc'>, func=<function test_cases.<locals>.<lambda> at 0x0000020D6A8E09A0> start_wid=None stop_wid=None post_wid=None skip_call=None call_count=15 args=() kwds={}
2025-02-15 23:08:48,209 LT1-thread root DEBUG client.py                 71    logger_log                : 9) class=<class 'autopts.ptsprojects.testcase.TestFunc'>, func=<function test_cases.<locals>.<lambda> at 0x0000020D6A8E0A40> start_wid=None stop_wid=None post_wid=None skip_call=None call_count=15 args=() kwds={}
2025-02-15 23:08:48,209 LT1-thread root DEBUG client.py                 71    logger_log                : 10) class=<class 'autopts.ptsprojects.testcase.TestFunc'>, func=<function test_cases.<locals>.<lambda> at 0x0000020D6A8E0AE0> start_wid=None stop_wid=None post_wid=None skip_call=None call_count=15 args=() kwds={}
2025-02-15 23:08:48,209 LT1-thread root DEBUG client.py                 71    logger_log                : 11) class=<class 'autopts.ptsprojects.testcase.TestFunc'>, func=<function test_cases.<locals>.<lambda> at 0x0000020D6A8E0B80> start_wid=None stop_wid=None post_wid=None skip_call=None call_count=15 args=() kwds={}
2025-02-15 23:08:48,209 LT1-thread root DEBUG client.py                 71    logger_log                : 12) class=<class 'autopts.ptsprojects.testcase.TestFunc'>, func=<function test_cases.<locals>.<lambda> at 0x0000020D6A8E0C20> start_wid=None stop_wid=None post_wid=None skip_call=None call_count=15 args=() kwds={}
2025-02-15 23:08:48,209 LT1-thread root DEBUG client.py                 71    logger_log                : 13) class=<class 'autopts.ptsprojects.testcase.TestFunc'>, func=<function test_cases.<locals>.<lambda> at 0x0000020D6A8E0CC0> start_wid=None stop_wid=None post_wid=None skip_call=None call_count=15 args=() kwds={}
2025-02-15 23:08:48,209 LT1-thread root DEBUG client.py                 71    logger_log                : 14) class=<class 'autopts.ptsprojects.testcase.TestFunc'>, func=<function test_cases.<locals>.<lambda> at 0x0000020D6A8E0D60> start_wid=None stop_wid=None post_wid=None skip_call=None call_count=15 args=() kwds={}
2025-02-15 23:08:48,209 LT1-thread root DEBUG client.py                 71    logger_log                : 15) class=<class 'autopts.ptsprojects.testcase.TestFunc'>, func=<function test_cases.<locals>.<lambda> at 0x0000020D6A8E0E00> start_wid=None stop_wid=None post_wid=None skip_call=None call_count=15 args=() kwds={}
2025-02-15 23:08:48,209 LT1-thread root DEBUG client.py                 71    logger_log                : 16) class=<class 'autopts.ptsprojects.testcase.TestFunc'>, func=<function test_cases.<locals>.<lambda> at 0x0000020D6A8E0EA0> start_wid=None stop_wid=None post_wid=None skip_call=None call_count=15 args=() kwds={}
2025-02-15 23:08:48,209 LT1-thread root DEBUG client.py                 71    logger_log                : 17) class=<class 'autopts.ptsprojects.testcase.TestFunc'>, func=<function test_cases.<locals>.<lambda> at 0x0000020D6A8E0F40> start_wid=None stop_wid=None post_wid=None skip_call=None call_count=15 args=() kwds={}
2025-02-15 23:08:48,209 LT1-thread root DEBUG client.py                 71    logger_log                : 18) class=<class 'autopts.ptsprojects.testcase.TestFunc'>, func=<function test_cases.<locals>.<lambda> at 0x0000020D6A8E0FE0> start_wid=None stop_wid=None post_wid=None skip_call=None call_count=15 args=() kwds={}
2025-02-15 23:08:48,209 LT1-thread root DEBUG client.py                 71    logger_log                : 19) class=<class 'autopts.ptsprojects.testcase.TestFunc'>, func=<function test_cases.<locals>.<lambda> at 0x0000020D6A8E1080> start_wid=None stop_wid=None post_wid=None skip_call=None call_count=15 args=() kwds={}
2025-02-15 23:08:48,209 LT1-thread root DEBUG client.py                 71    logger_log                : 20) class=<class 'autopts.ptsprojects.testcase.TestFunc'>, func=<function core_reg_svc_gatt at 0x0000020D65B18900> start_wid=None stop_wid=None post_wid=None skip_call=None call_count=15 args=() kwds={}
2025-02-15 23:08:48,209 LT1-thread root DEBUG client.py                 71    logger_log                : 21) class=<class 'autopts.ptsprojects.testcase.TestFunc'>, func=<bound method Stack.gatt_init of <autopts.ptsprojects.stack.stack.Stack object at 0x0000020D6A103FD0>> start_wid=None stop_wid=None post_wid=None skip_call=None call_count=15 args=() kwds={}
2025-02-15 23:08:48,209 LT1-thread root DEBUG client.py                 71    logger_log                : 22) class=<class 'autopts.ptsprojects.testcase.TestFunc'>, func=<function gap_set_io_cap at 0x0000020D65B1BBA0> start_wid=None stop_wid=None post_wid=None skip_call=None call_count=15 args=(4,) kwds={}
2025-02-15 23:08:48,219 LT1-thread root DEBUG client.py                 71    logger_log                : 23) class=<class 'autopts.ptsprojects.testcase.TestFunc'>, func=<function set_pts_addr at 0x0000020D65B18360> start_wid=None stop_wid=None post_wid=None skip_call=None call_count=15 args=('C0:07:E8:25:DE:2A', 0) kwds={}
2025-02-15 23:08:48,219 LT1-thread root DEBUG client.py                 71    logger_log                : 24) class=<class 'autopts.ptsprojects.testcase.TestFunc'>, func=<function gatts_add_svc at 0x0000020D65B2A020> start_wid=None stop_wid=None post_wid=None skip_call=None call_count=15 args=(0, 'AA51') kwds={}
2025-02-15 23:08:48,219 LT1-thread root DEBUG client.py                 71    logger_log                : 25) class=<class 'autopts.ptsprojects.testcase.TestFunc'>, func=<function gatts_add_char at 0x0000020D65B2A160> start_wid=None stop_wid=None post_wid=None skip_call=None call_count=15 args=(0, 2, 17, 'AA52') kwds={}
2025-02-15 23:08:48,219 LT1-thread root DEBUG client.py                 71    logger_log                : 26) class=<class 'autopts.ptsprojects.testcase.TestFunc'>, func=<function gatts_set_val at 0x0000020D65B2A200> start_wid=None stop_wid=None post_wid=None skip_call=None call_count=15 args=(0, '01') kwds={}
2025-02-15 23:08:48,219 LT1-thread root DEBUG client.py                 71    logger_log                : 27) class=<class 'autopts.ptsprojects.testcase.TestFunc'>, func=<function gatts_add_char at 0x0000020D65B2A160> start_wid=None stop_wid=None post_wid=None skip_call=None call_count=15 args=(0, 2, 5, 'AA53') kwds={}
2025-02-15 23:08:48,219 LT1-thread root DEBUG client.py                 71    logger_log                : 28) class=<class 'autopts.ptsprojects.testcase.TestFunc'>, func=<function gatts_set_val at 0x0000020D65B2A200> start_wid=None stop_wid=None post_wid=None skip_call=None call_count=15 args=(0, '02') kwds={}
2025-02-15 23:08:48,219 LT1-thread root DEBUG client.py                 71    logger_log                : 29) class=<class 'autopts.ptsprojects.testcase.TestFunc'>, func=<function gatts_add_char at 0x0000020D65B2A160> start_wid=None stop_wid=None post_wid=None skip_call=None call_count=15 args=(0, 66, 3, 'AA54') kwds={}
2025-02-15 23:08:48,219 LT1-thread root DEBUG client.py                 71    logger_log                : 30) class=<class 'autopts.ptsprojects.testcase.TestFunc'>, func=<function gatts_set_val at 0x0000020D65B2A200> start_wid=None stop_wid=None post_wid=None skip_call=None call_count=15 args=(0, '03') kwds={}
2025-02-15 23:08:48,219 LT1-thread root DEBUG client.py                 71    logger_log                : 31) class=<class 'autopts.ptsprojects.testcase.TestFunc'>, func=<function gatts_add_char at 0x0000020D65B2A160> start_wid=None stop_wid=None post_wid=None skip_call=None call_count=15 args=(0, 10, 48, 'AA55') kwds={}
2025-02-15 23:08:48,219 LT1-thread root DEBUG client.py                 71    logger_log                : 32) class=<class 'autopts.ptsprojects.testcase.TestFunc'>, func=<function gatts_set_val at 0x0000020D65B2A200> start_wid=None stop_wid=None post_wid=None skip_call=None call_count=15 args=(0, '04') kwds={}
2025-02-15 23:08:48,219 LT1-thread root DEBUG client.py                 71    logger_log                : 33) class=<class 'autopts.ptsprojects.testcase.TestFunc'>, func=<function gatts_start_server at 0x0000020D65B2A480> start_wid=None stop_wid=None post_wid=None skip_call=None call_count=15 args=() kwds={}
2025-02-15 23:08:48,219 LT1-thread root DEBUG client.py                 71    logger_log                : 34) class=<class 'autopts.ptsprojects.testcase.TestFuncCleanUp'>, func=<bound method Stack.cleanup of <autopts.ptsprojects.stack.stack.Stack object at 0x0000020D6A103FD0>> start_wid=None stop_wid=None post_wid=None skip_call=None call_count=0 args=() kwds={}
2025-02-15 23:08:48,219 LT1-thread root DEBUG client.py                 71    logger_log                : 35) class=<class 'autopts.ptsprojects.testcase.TestFuncCleanUp'>, func=<bound method ZephyrCtl.stop of <autopts.ptsprojects.zephyr.iutctl.ZephyrCtl object at 0x0000020D66F4B710>> start_wid=None stop_wid=None post_wid=None skip_call=None call_count=0 args=() kwds={}
2025-02-15 23:08:48,219 LT1-thread root DEBUG client.py                 71    logger_log                : pre_run, run pre test case script
2025-02-15 23:08:48,229 LT1-thread root DEBUG client.py                 71    logger_log                : Starting test function: class=<class 'autopts.ptsprojects.testcase.TestFunc'>, func=<bound method Stack.core_init of <autopts.ptsprojects.stack.stack.Stack object at 0x0000020D6A103FD0>> start_wid=None stop_wid=None post_wid=None skip_call=None call_count=1 args=() kwds={}
2025-02-15 23:08:48,229 LT1-thread root DEBUG client.py                 71    logger_log                : Test function parameters: args=(), kwds={}
2025-02-15 23:08:48,229 LT1-thread root DEBUG client.py                 71    logger_log                : Starting test function: class=<class 'autopts.ptsprojects.testcase.TestFunc'>, func=<bound method ZephyrCtl.hw_reset of <autopts.ptsprojects.zephyr.iutctl.ZephyrCtl object at 0x0000020D66F4B710>> start_wid=None stop_wid=None post_wid=None skip_call=None call_count=1 args=() kwds={}
2025-02-15 23:08:48,229 LT1-thread root DEBUG client.py                 71    logger_log                : Test function parameters: args=(), kwds={}
2025-02-15 23:08:48,229 LT1-thread root DEBUG client.py                 71    logger_log                : Starting test function: class=<class 'autopts.ptsprojects.testcase.TestFunc'>, func=<bound method ZephyrCtl.start of <autopts.ptsprojects.zephyr.iutctl.ZephyrCtl object at 0x0000020D66F4B710>> start_wid=None stop_wid=None post_wid=None skip_call=None call_count=1 args=(<autopts.ptsprojects.zephyr.ztestcase.ZTestCase object at 0x0000020D6A967510>,) kwds={}
2025-02-15 23:08:48,229 LT1-thread root DEBUG client.py                 71    logger_log                : Test function parameters: args=(<autopts.ptsprojects.zephyr.ztestcase.ZTestCase object at 0x0000020D6A967510>,), kwds={}
2025-02-15 23:08:48,229 LT1-thread root DEBUG client.py                 71    logger_log                : <class 'autopts.ptsprojects.zephyr.iutctl.ZephyrCtl'>.start
2025-02-15 23:08:48,229 LT1-thread root DEBUG client.py                 71    logger_log                : <class 'autopts.ptsprojects.zephyr.iutctl.ZephyrCtl'>.flush_serial
2025-02-15 23:08:49,479 LT1-thread root DEBUG client.py                 71    logger_log                : Starting socat process: socat.exe -x -v tcp:10.192.253.135:50434,retry=100,interval=1 /dev/ttyS35,raw,b115200
2025-02-15 23:08:49,489 LT1-thread root DEBUG client.py                 71    logger_log                : accept
2025-02-15 23:08:49,619 BTPWorkerThread-341 (_rx_task) root DEBUG client.py                 71    logger_log                : BTPWorkerThread-341 (_rx_task) started
2025-02-15 23:08:49,619 LT1-thread root DEBUG client.py                 71    logger_log                : Starting test function: class=<class 'autopts.ptsprojects.testcase.TestFunc'>, func=<bound method ZephyrCtl.hw_reset of <autopts.ptsprojects.zephyr.iutctl.ZephyrCtl object at 0x0000020D66F4B710>> start_wid=None stop_wid=None post_wid=None skip_call=None call_count=1 args=() kwds={}
2025-02-15 23:08:49,619 LT1-thread root DEBUG client.py                 71    logger_log                : Test function parameters: args=(), kwds={}
2025-02-15 23:08:49,619 LT1-thread root DEBUG client.py                 71    logger_log                : Starting test function: class=<class 'autopts.ptsprojects.testcase.TestFunc'>, func=<bound method ZephyrCtl.wait_iut_ready_event of <autopts.ptsprojects.zephyr.iutctl.ZephyrCtl object at 0x0000020D66F4B710>> start_wid=None stop_wid=None post_wid=None skip_call=None call_count=1 args=(False,) kwds={}
2025-02-15 23:08:49,619 LT1-thread root DEBUG client.py                 71    logger_log                : Test function parameters: args=(False,), kwds={}
2025-02-15 23:08:49,619 LT1-thread root DEBUG client.py                 71    logger_log                : IUT ready event received OK
2025-02-15 23:08:49,619 LT1-thread root DEBUG client.py                 71    logger_log                : Starting test function: class=<class 'autopts.ptsprojects.testcase.TestFunc'>, func=<function core_reg_svc_gap at 0x0000020D65B187C0> start_wid=None stop_wid=None post_wid=None skip_call=None call_count=16 args=() kwds={}
2025-02-15 23:08:49,619 LT1-thread root DEBUG client.py                 71    logger_log                : Test function parameters: args=(), kwds={}
2025-02-15 23:08:49,619 LT1-thread root DEBUG client.py                 71    logger_log                : core_reg_svc_gap
2025-02-15 23:08:49,619 LT1-thread root DEBUG client.py                 71    logger_log                : send, 0 3 255 '1'
2025-02-15 23:08:49,619 LT1-thread root DEBUG client.py                 71    logger_log                : sending frame '0003ff010001'
2025-02-15 23:08:49,619 LT1-thread root DEBUG client.py                 71    logger_log                : core_reg_svc_rsp_succ
2025-02-15 23:08:49,619 LT1-thread root DEBUG client.py                 71    logger_log                : read
2025-02-15 23:08:49,719 BTPWorkerThread-341 (_rx_task) root DEBUG client.py                 71    logger_log                : Read 5 bytes
2025-02-15 23:08:49,739 BTPWorkerThread-341 (_rx_task) root DEBUG client.py                 71    logger_log                : Received: hdr: Header(svc_id=0x00, op=0x03, ctrl_index=0xff, data_len=0x00) bytearray(b'\x00\x03\xff\x00\x00')
2025-02-15 23:08:49,759 BTPWorkerThread-341 (_rx_task) root DEBUG client.py                 71    logger_log                : Received data: {''}, bytearray(b'')
2025-02-15 23:08:49,789 LT1-thread root DEBUG client.py                 71    logger_log                : received Header(svc_id=0, op=3, ctrl_index=255, data_len=0) (b'',)
2025-02-15 23:08:49,789 LT1-thread root DEBUG client.py                 71    logger_log                : expected ((0, 3, 255, 0), (b'',))
2025-02-15 23:08:49,789 LT1-thread root DEBUG client.py                 71    logger_log                : response is valid
2025-02-15 23:08:49,789 LT1-thread root DEBUG client.py                 71    logger_log                : Starting test function: class=<class 'autopts.ptsprojects.testcase.TestFunc'>, func=<bound method Stack.gap_init of <autopts.ptsprojects.stack.stack.Stack object at 0x0000020D6A103FD0>> start_wid=None stop_wid=None post_wid=None skip_call=None call_count=16 args=(b'Tester_25DE2A', 'ABCD', '1111', '1111', '11', '1111', b'\x17github.com/auto-pts', (8, 'PADV_Tester'), 'FF') kwds={}
2025-02-15 23:08:49,789 LT1-thread root DEBUG client.py                 71    logger_log                : Test function parameters: args=(b'Tester_25DE2A', 'ABCD', '1111', '1111', '11', '1111', b'\x17github.com/auto-pts', (8, 'PADV_Tester'), 'FF'), kwds={}
2025-02-15 23:08:49,789 LT1-thread root DEBUG client.py                 71    logger_log                : Starting test function: class=<class 'autopts.ptsprojects.testcase.TestFunc'>, func=<function gap_read_ctrl_info at 0x0000020D65B28680> start_wid=None stop_wid=None post_wid=None skip_call=None call_count=16 args=() kwds={}
2025-02-15 23:08:49,789 LT1-thread root DEBUG client.py                 71    logger_log                : Test function parameters: args=(), kwds={}
2025-02-15 23:08:49,789 LT1-thread root DEBUG client.py                 71    logger_log                : gap_read_ctrl_info
2025-02-15 23:08:49,789 LT1-thread root DEBUG client.py                 71    logger_log                : send, 1 3 0 ''
2025-02-15 23:08:49,789 LT1-thread root DEBUG client.py                 71    logger_log                : sending frame '0103000000'
2025-02-15 23:08:49,789 LT1-thread root DEBUG client.py                 71    logger_log                : read
2025-02-15 23:08:50,659 BTPWorkerThread-341 (_rx_task) root DEBUG client.py                 71    logger_log                : Read 5 bytes
2025-02-15 23:08:50,679 BTPWorkerThread-341 (_rx_task) root DEBUG client.py                 71    logger_log                : Received: hdr: Header(svc_id=0x01, op=0x03, ctrl_index=0x00, data_len=0x115) bytearray(b'\x01\x03\x00\x15\x01')
2025-02-15 23:08:50,719 BTPWorkerThread-341 (_rx_task) root DEBUG client.py                 71    logger_log                : Read 277 bytes data
2025-02-15 23:08:50,739 BTPWorkerThread-341 (_rx_task) root DEBUG client.py                 71    logger_log                : Received data: {'28 00 03 37 60 00 13 06 02 00 13 02 00 00 00 00 00 62 74 70 5f 74 65 73 74 65 72 00 00 00 00 00 00 00 00 00 00 00 00 00 00 00 00 00 00 00 00 00 00 00 00 00 00 00 00 00 00 00 00 00 00 00 00 00 00 00 00 00 00 00 00 00 00 00 00 00 00 00 00 00 00 00 00 00 00 00 00 00 00 00 00 00 00 00 00 00 00 00 00 00 00 00 00 00 00 00 00 00 00 00 00 00 00 00 00 00 00 00 00 00 00 00 00 00 00 00 00 00 00 00 00 00 00 00 00 00 00 00 00 00 00 00 00 00 00 00 00 00 00 00 00 00 00 00 00 00 00 00 00 00 00 00 00 00 00 00 00 00 00 00 00 00 00 00 00 00 00 00 00 00 00 00 00 00 00 00 00 00 00 00 00 00 00 00 00 00 00 00 00 00 00 00 00 00 00 00 00 00 00 00 00 00 00 00 00 00 00 00 00 00 00 00 00 00 00 00 00 00 00 00 00 00 00 00 00 00 00 00 00 00 00 00 00 00 00 00 00 00 00 00 00 00 00 00 00 00 00 00 00 00 00 00 00 00 00 00 00 00 00 00 00 00 00 00 00 00 00'}, bytearray(b'(\x00\x037`\x00\x13\x06\x02\x00\x13\x02\x00\x00\x00\x00\x00btp_tester\x00\x00\x00\x00\x00\x00\x00\x00\x00\x00\x00\x00\x00\x00\x00\x00\x00\x00\x00\x00\x00\x00\x00\x00\x00\x00\x00\x00\x00\x00\x00\x00\x00\x00\x00\x00\x00\x00\x00\x00\x00\x00\x00\x00\x00\x00\x00\x00\x00\x00\x00\x00\x00\x00\x00\x00\x00\x00\x00\x00\x00\x00\x00\x00\x00\x00\x00\x00\x00\x00\x00\x00\x00\x00\x00\x00\x00\x00\x00\x00\x00\x00\x00\x00\x00\x00\x00\x00\x00\x00\x00\x00\x00\x00\x00\x00\x00\x00\x00\x00\x00\x00\x00\x00\x00\x00\x00\x00\x00\x00\x00\x00\x00\x00\x00\x00\x00\x00\x00\x00\x00\x00\x00\x00\x00\x00\x00\x00\x00\x00\x00\x00\x00\x00\x00\x00\x00\x00\x00\x00\x00\x00\x00\x00\x00\x00\x00\x00\x00\x00\x00\x00\x00\x00\x00\x00\x00\x00\x00\x00\x00\x00\x00\x00\x00\x00\x00\x00\x00\x00\x00\x00\x00\x00\x00\x00\x00\x00\x00\x00\x00\x00\x00\x00\x00\x00\x00\x00\x00\x00\x00\x00\x00\x00\x00\x00\x00\x00\x00\x00\x00\x00\x00\x00\x00\x00\x00\x00\x00\x00\x00\x00\x00\x00\x00\x00\x00\x00\x00\x00\x00\x00\x00\x00\x00\x00\x00\x00\x00\x00\x00\x00\x00\x00\x00\x00\x00\x00\x00\x00\x00\x00\x00\x00\x00\x00\x00\x00\x00\x00')
2025-02-15 23:08:50,759 LT1-thread root DEBUG client.py                 71    logger_log                : received Header(svc_id=1, op=3, ctrl_index=0, data_len=277) (b'(\x00\x037`\x00\x13\x06\x02\x00\x13\x02\x00\x00\x00\x00\x00btp_tester\x00\x00\x00\x00\x00\x00\x00\x00\x00\x00\x00\x00\x00\x00\x00\x00\x00\x00\x00\x00\x00\x00\x00\x00\x00\x00\x00\x00\x00\x00\x00\x00\x00\x00\x00\x00\x00\x00\x00\x00\x00\x00\x00\x00\x00\x00\x00\x00\x00\x00\x00\x00\x00\x00\x00\x00\x00\x00\x00\x00\x00\x00\x00\x00\x00\x00\x00\x00\x00\x00\x00\x00\x00\x00\x00\x00\x00\x00\x00\x00\x00\x00\x00\x00\x00\x00\x00\x00\x00\x00\x00\x00\x00\x00\x00\x00\x00\x00\x00\x00\x00\x00\x00\x00\x00\x00\x00\x00\x00\x00\x00\x00\x00\x00\x00\x00\x00\x00\x00\x00\x00\x00\x00\x00\x00\x00\x00\x00\x00\x00\x00\x00\x00\x00\x00\x00\x00\x00\x00\x00\x00\x00\x00\x00\x00\x00\x00\x00\x00\x00\x00\x00\x00\x00\x00\x00\x00\x00\x00\x00\x00\x00\x00\x00\x00\x00\x00\x00\x00\x00\x00\x00\x00\x00\x00\x00\x00\x00\x00\x00\x00\x00\x00\x00\x00\x00\x00\x00\x00\x00\x00\x00\x00\x00\x00\x00\x00\x00\x00\x00\x00\x00\x00\x00\x00\x00\x00\x00\x00\x00\x00\x00\x00\x00\x00\x00\x00\x00\x00\x00\x00\x00\x00\x00\x00\x00\x00\x00\x00\x00\x00\x00\x00\x00\x00\x00\x00\x00\x00\x00\x00\x00\x00\x00\x00\x00\x00\x00\x00\x00',)
2025-02-15 23:08:50,759 LT1-thread root DEBUG client.py                 71    logger_log                : IUT address '006037030028' 'public'
2025-02-15 23:08:50,759 LT1-thread root DEBUG client.py                 71    logger_log                : __gap_current_settings_update 531
2025-02-15 23:08:50,759 LT1-thread root DEBUG client.py                 71    logger_log                : Starting test function: class=<class 'autopts.ptsprojects.testcase.TestFunc'>, func=<function test_cases.<locals>.<lambda> at 0x0000020D6A8E09A0> start_wid=None stop_wid=None post_wid=None skip_call=None call_count=16 args=() kwds={}
2025-02-15 23:08:50,759 LT1-thread root DEBUG client.py                 71    logger_log                : Test function parameters: args=(), kwds={}
2025-02-15 23:08:50,769 LT1-thread root DEBUG client.py                 71    logger_log                : Starting test function: class=<class 'autopts.ptsprojects.testcase.TestFunc'>, func=<function test_cases.<locals>.<lambda> at 0x0000020D6A8E0A40> start_wid=None stop_wid=None post_wid=None skip_call=None call_count=16 args=() kwds={}
2025-02-15 23:08:50,769 LT1-thread root DEBUG client.py                 71    logger_log                : Test function parameters: args=(), kwds={}
2025-02-15 23:08:50,789 LT1-thread root DEBUG client.py                 71    logger_log                : Starting test function: class=<class 'autopts.ptsprojects.testcase.TestFunc'>, func=<function test_cases.<locals>.<lambda> at 0x0000020D6A8E0AE0> start_wid=None stop_wid=None post_wid=None skip_call=None call_count=16 args=() kwds={}
2025-02-15 23:08:50,789 LT1-thread root DEBUG client.py                 71    logger_log                : Test function parameters: args=(), kwds={}
2025-02-15 23:08:50,799 LT1-thread root DEBUG client.py                 71    logger_log                : Starting test function: class=<class 'autopts.ptsprojects.testcase.TestFunc'>, func=<function test_cases.<locals>.<lambda> at 0x0000020D6A8E0B80> start_wid=None stop_wid=None post_wid=None skip_call=None call_count=16 args=() kwds={}
2025-02-15 23:08:50,799 LT1-thread root DEBUG client.py                 71    logger_log                : Test function parameters: args=(), kwds={}
2025-02-15 23:08:50,819 LT1-thread root DEBUG client.py                 71    logger_log                : Starting test function: class=<class 'autopts.ptsprojects.testcase.TestFunc'>, func=<function test_cases.<locals>.<lambda> at 0x0000020D6A8E0C20> start_wid=None stop_wid=None post_wid=None skip_call=None call_count=16 args=() kwds={}
2025-02-15 23:08:50,819 LT1-thread root DEBUG client.py                 71    logger_log                : Test function parameters: args=(), kwds={}
2025-02-15 23:08:50,829 LT1-thread root DEBUG client.py                 71    logger_log                : Starting test function: class=<class 'autopts.ptsprojects.testcase.TestFunc'>, func=<function test_cases.<locals>.<lambda> at 0x0000020D6A8E0CC0> start_wid=None stop_wid=None post_wid=None skip_call=None call_count=16 args=() kwds={}
2025-02-15 23:08:50,829 LT1-thread root DEBUG client.py                 71    logger_log                : Test function parameters: args=(), kwds={}
2025-02-15 23:08:50,849 LT1-thread root DEBUG client.py                 71    logger_log                : Starting test function: class=<class 'autopts.ptsprojects.testcase.TestFunc'>, func=<function test_cases.<locals>.<lambda> at 0x0000020D6A8E0D60> start_wid=None stop_wid=None post_wid=None skip_call=None call_count=16 args=() kwds={}
2025-02-15 23:08:50,849 LT1-thread root DEBUG client.py                 71    logger_log                : Test function parameters: args=(), kwds={}
2025-02-15 23:08:50,859 LT1-thread root DEBUG client.py                 71    logger_log                : Starting test function: class=<class 'autopts.ptsprojects.testcase.TestFunc'>, func=<function test_cases.<locals>.<lambda> at 0x0000020D6A8E0E00> start_wid=None stop_wid=None post_wid=None skip_call=None call_count=16 args=() kwds={}
2025-02-15 23:08:50,859 LT1-thread root DEBUG client.py                 71    logger_log                : Test function parameters: args=(), kwds={}
2025-02-15 23:08:50,879 LT1-thread root DEBUG client.py                 71    logger_log                : Starting test function: class=<class 'autopts.ptsprojects.testcase.TestFunc'>, func=<function test_cases.<locals>.<lambda> at 0x0000020D6A8E0EA0> start_wid=None stop_wid=None post_wid=None skip_call=None call_count=16 args=() kwds={}
2025-02-15 23:08:50,879 LT1-thread root DEBUG client.py                 71    logger_log                : Test function parameters: args=(), kwds={}
2025-02-15 23:08:50,889 LT1-thread root DEBUG client.py                 71    logger_log                : Starting test function: class=<class 'autopts.ptsprojects.testcase.TestFunc'>, func=<function test_cases.<locals>.<lambda> at 0x0000020D6A8E0F40> start_wid=None stop_wid=None post_wid=None skip_call=None call_count=16 args=() kwds={}
2025-02-15 23:08:50,889 LT1-thread root DEBUG client.py                 71    logger_log                : Test function parameters: args=(), kwds={}
2025-02-15 23:08:50,909 LT1-thread root DEBUG client.py                 71    logger_log                : Starting test function: class=<class 'autopts.ptsprojects.testcase.TestFunc'>, func=<function test_cases.<locals>.<lambda> at 0x0000020D6A8E0FE0> start_wid=None stop_wid=None post_wid=None skip_call=None call_count=16 args=() kwds={}
2025-02-15 23:08:50,909 LT1-thread root DEBUG client.py                 71    logger_log                : Test function parameters: args=(), kwds={}
2025-02-15 23:08:50,919 LT1-thread root DEBUG client.py                 71    logger_log                : Starting test function: class=<class 'autopts.ptsprojects.testcase.TestFunc'>, func=<function test_cases.<locals>.<lambda> at 0x0000020D6A8E1080> start_wid=None stop_wid=None post_wid=None skip_call=None call_count=16 args=() kwds={}
2025-02-15 23:08:50,919 LT1-thread root DEBUG client.py                 71    logger_log                : Test function parameters: args=(), kwds={}
2025-02-15 23:08:50,939 LT1-thread root DEBUG client.py                 71    logger_log                : Starting test function: class=<class 'autopts.ptsprojects.testcase.TestFunc'>, func=<function core_reg_svc_gatt at 0x0000020D65B18900> start_wid=None stop_wid=None post_wid=None skip_call=None call_count=16 args=() kwds={}
2025-02-15 23:08:50,939 LT1-thread root DEBUG client.py                 71    logger_log                : Test function parameters: args=(), kwds={}
2025-02-15 23:08:50,939 LT1-thread root DEBUG client.py                 71    logger_log                : core_reg_svc_gatt
2025-02-15 23:08:50,939 LT1-thread root DEBUG client.py                 71    logger_log                : send, 0 3 255 '2'
2025-02-15 23:08:50,939 LT1-thread root DEBUG client.py                 71    logger_log                : sending frame '0003ff010002'
2025-02-15 23:08:50,939 LT1-thread root DEBUG client.py                 71    logger_log                : core_reg_svc_rsp_succ
2025-02-15 23:08:50,939 LT1-thread root DEBUG client.py                 71    logger_log                : read
2025-02-15 23:08:51,009 BTPWorkerThread-341 (_rx_task) root DEBUG client.py                 71    logger_log                : Read 5 bytes
2025-02-15 23:08:51,029 BTPWorkerThread-341 (_rx_task) root DEBUG client.py                 71    logger_log                : Received: hdr: Header(svc_id=0x00, op=0x03, ctrl_index=0xff, data_len=0x00) bytearray(b'\x00\x03\xff\x00\x00')
2025-02-15 23:08:51,049 BTPWorkerThread-341 (_rx_task) root DEBUG client.py                 71    logger_log                : Received data: {''}, bytearray(b'')
2025-02-15 23:08:51,079 LT1-thread root DEBUG client.py                 71    logger_log                : received Header(svc_id=0, op=3, ctrl_index=255, data_len=0) (b'',)
2025-02-15 23:08:51,079 LT1-thread root DEBUG client.py                 71    logger_log                : expected ((0, 3, 255, 0), (b'',))
2025-02-15 23:08:51,079 LT1-thread root DEBUG client.py                 71    logger_log                : response is valid
2025-02-15 23:08:51,079 LT1-thread root DEBUG client.py                 71    logger_log                : Starting test function: class=<class 'autopts.ptsprojects.testcase.TestFunc'>, func=<bound method Stack.gatt_init of <autopts.ptsprojects.stack.stack.Stack object at 0x0000020D6A103FD0>> start_wid=None stop_wid=None post_wid=None skip_call=None call_count=16 args=() kwds={}
2025-02-15 23:08:51,079 LT1-thread root DEBUG client.py                 71    logger_log                : Test function parameters: args=(), kwds={}
2025-02-15 23:08:51,079 LT1-thread root DEBUG client.py                 71    logger_log                : Starting test function: class=<class 'autopts.ptsprojects.testcase.TestFunc'>, func=<function gap_set_io_cap at 0x0000020D65B1BBA0> start_wid=None stop_wid=None post_wid=None skip_call=None call_count=16 args=(4,) kwds={}
2025-02-15 23:08:51,079 LT1-thread root DEBUG client.py                 71    logger_log                : Test function parameters: args=(4,), kwds={}
2025-02-15 23:08:51,079 LT1-thread root DEBUG client.py                 71    logger_log                : gap_set_io_cap 4
2025-02-15 23:08:51,079 LT1-thread root DEBUG client.py                 71    logger_log                : send, 1 16 0 '\x04'
2025-02-15 23:08:51,079 LT1-thread root DEBUG client.py                 71    logger_log                : sending frame '011000010004'
2025-02-15 23:08:51,079 LT1-thread root DEBUG client.py                 71    logger_log                : gap_command_rsp_succ
2025-02-15 23:08:51,079 LT1-thread root DEBUG client.py                 71    logger_log                : read
2025-02-15 23:08:51,139 BTPWorkerThread-341 (_rx_task) root DEBUG client.py                 71    logger_log                : Read 5 bytes
2025-02-15 23:08:51,159 BTPWorkerThread-341 (_rx_task) root DEBUG client.py                 71    logger_log                : Received: hdr: Header(svc_id=0x01, op=0x10, ctrl_index=0x00, data_len=0x00) bytearray(b'\x01\x10\x00\x00\x00')
2025-02-15 23:08:51,179 BTPWorkerThread-341 (_rx_task) root DEBUG client.py                 71    logger_log                : Received data: {''}, bytearray(b'')
2025-02-15 23:08:51,209 LT1-thread root DEBUG client.py                 71    logger_log                : received Header(svc_id=1, op=16, ctrl_index=0, data_len=0) (b'',)
2025-02-15 23:08:51,209 LT1-thread root DEBUG client.py                 71    logger_log                : Starting test function: class=<class 'autopts.ptsprojects.testcase.TestFunc'>, func=<function set_pts_addr at 0x0000020D65B18360> start_wid=None stop_wid=None post_wid=None skip_call=None call_count=16 args=('C0:07:E8:25:DE:2A', 0) kwds={}
2025-02-15 23:08:51,209 LT1-thread root DEBUG client.py                 71    logger_log                : Test function parameters: args=('C0:07:E8:25:DE:2A', 0), kwds={}
2025-02-15 23:08:51,209 LT1-thread root DEBUG client.py                 71    logger_log                : Starting test function: class=<class 'autopts.ptsprojects.testcase.TestFunc'>, func=<function gatts_add_svc at 0x0000020D65B2A020> start_wid=None stop_wid=None post_wid=None skip_call=None call_count=16 args=(0, 'AA51') kwds={}
2025-02-15 23:08:51,209 LT1-thread root DEBUG client.py                 71    logger_log                : Test function parameters: args=(0, 'AA51'), kwds={}
2025-02-15 23:08:51,209 LT1-thread root DEBUG client.py                 71    logger_log                : gatts_add_svc 0 'AA51'
2025-02-15 23:08:51,209 LT1-thread root DEBUG client.py                 71    logger_log                : send, 2 2 0 "bytearray(b'\\x00\\x02\\xaaQ')"
2025-02-15 23:08:51,209 LT1-thread root DEBUG client.py                 71    logger_log                : sending frame '02020004000002aa51'
2025-02-15 23:08:51,209 LT1-thread root DEBUG client.py                 71    logger_log                : gatt_command_rsp_succ
2025-02-15 23:08:51,209 LT1-thread root DEBUG client.py                 71    logger_log                : read
2025-02-15 23:08:51,269 BTPWorkerThread-341 (_rx_task) root DEBUG client.py                 71    logger_log                : Read 5 bytes
2025-02-15 23:08:51,289 BTPWorkerThread-341 (_rx_task) root DEBUG client.py                 71    logger_log                : Received: hdr: Header(svc_id=0x02, op=0x02, ctrl_index=0x00, data_len=0x02) bytearray(b'\x02\x02\x00\x02\x00')
2025-02-15 23:08:51,329 BTPWorkerThread-341 (_rx_task) root DEBUG client.py                 71    logger_log                : Read 2 bytes data
2025-02-15 23:08:51,349 BTPWorkerThread-341 (_rx_task) root DEBUG client.py                 71    logger_log                : Received data: {'00 00'}, bytearray(b'\x00\x00')
2025-02-15 23:08:51,379 LT1-thread root DEBUG client.py                 71    logger_log                : received Header(svc_id=2, op=2, ctrl_index=0, data_len=2) (b'\x00\x00',)
2025-02-15 23:08:51,379 LT1-thread root DEBUG client.py                 71    logger_log                : Starting test function: class=<class 'autopts.ptsprojects.testcase.TestFunc'>, func=<function gatts_add_char at 0x0000020D65B2A160> start_wid=None stop_wid=None post_wid=None skip_call=None call_count=16 args=(0, 2, 17, 'AA52') kwds={}
2025-02-15 23:08:51,379 LT1-thread root DEBUG client.py                 71    logger_log                : Test function parameters: args=(0, 2, 17, 'AA52'), kwds={}
2025-02-15 23:08:51,379 LT1-thread root DEBUG client.py                 71    logger_log                : gatts_add_char 0 2 17 'AA52'
2025-02-15 23:08:51,379 LT1-thread root DEBUG client.py                 71    logger_log                : send, 2 3 0 "bytearray(b'\\x00\\x00\\x02\\x11\\x02\\xaaR')"
2025-02-15 23:08:51,379 LT1-thread root DEBUG client.py                 71    logger_log                : sending frame '02030007000000021102aa52'
2025-02-15 23:08:51,379 LT1-thread root DEBUG client.py                 71    logger_log                : gatt_command_rsp_succ
2025-02-15 23:08:51,379 LT1-thread root DEBUG client.py                 71    logger_log                : read
2025-02-15 23:08:51,449 BTPWorkerThread-341 (_rx_task) root DEBUG client.py                 71    logger_log                : Read 5 bytes
2025-02-15 23:08:51,469 BTPWorkerThread-341 (_rx_task) root DEBUG client.py                 71    logger_log                : Received: hdr: Header(svc_id=0x02, op=0x03, ctrl_index=0x00, data_len=0x02) bytearray(b'\x02\x03\x00\x02\x00')
2025-02-15 23:08:51,509 BTPWorkerThread-341 (_rx_task) root DEBUG client.py                 71    logger_log                : Read 2 bytes data
2025-02-15 23:08:51,519 BTPWorkerThread-341 (_rx_task) root DEBUG client.py                 71    logger_log                : Received data: {'00 00'}, bytearray(b'\x00\x00')
2025-02-15 23:08:51,529 LT1-thread root DEBUG client.py                 71    logger_log                : received Header(svc_id=2, op=3, ctrl_index=0, data_len=2) (b'\x00\x00',)
2025-02-15 23:08:51,529 LT1-thread root DEBUG client.py                 71    logger_log                : Starting test function: class=<class 'autopts.ptsprojects.testcase.TestFunc'>, func=<function gatts_set_val at 0x0000020D65B2A200> start_wid=None stop_wid=None post_wid=None skip_call=None call_count=16 args=(0, '01') kwds={}
2025-02-15 23:08:51,529 LT1-thread root DEBUG client.py                 71    logger_log                : Test function parameters: args=(0, '01'), kwds={}
2025-02-15 23:08:51,529 LT1-thread root DEBUG client.py                 71    logger_log                : gatts_set_val 0 '01' 
2025-02-15 23:08:51,529 LT1-thread root DEBUG client.py                 71    logger_log                : send, 2 6 0 "bytearray(b'\\x00\\x00\\x01\\x00\\x01')"
2025-02-15 23:08:51,529 LT1-thread root DEBUG client.py                 71    logger_log                : sending frame '02060005000000010001'
2025-02-15 23:08:51,529 LT1-thread root DEBUG client.py                 71    logger_log                : gatt_command_rsp_succ
2025-02-15 23:08:51,529 LT1-thread root DEBUG client.py                 71    logger_log                : read
2025-02-15 23:08:51,609 BTPWorkerThread-341 (_rx_task) root DEBUG client.py                 71    logger_log                : Read 5 bytes
2025-02-15 23:08:51,629 BTPWorkerThread-341 (_rx_task) root DEBUG client.py                 71    logger_log                : Received: hdr: Header(svc_id=0x02, op=0x06, ctrl_index=0x00, data_len=0x00) bytearray(b'\x02\x06\x00\x00\x00')
2025-02-15 23:08:51,649 BTPWorkerThread-341 (_rx_task) root DEBUG client.py                 71    logger_log                : Received data: {''}, bytearray(b'')
2025-02-15 23:08:51,679 LT1-thread root DEBUG client.py                 71    logger_log                : received Header(svc_id=2, op=6, ctrl_index=0, data_len=0) (b'',)
2025-02-15 23:08:51,679 LT1-thread root DEBUG client.py                 71    logger_log                : Starting test function: class=<class 'autopts.ptsprojects.testcase.TestFunc'>, func=<function gatts_add_char at 0x0000020D65B2A160> start_wid=None stop_wid=None post_wid=None skip_call=None call_count=16 args=(0, 2, 5, 'AA53') kwds={}
2025-02-15 23:08:51,679 LT1-thread root DEBUG client.py                 71    logger_log                : Test function parameters: args=(0, 2, 5, 'AA53'), kwds={}
2025-02-15 23:08:51,679 LT1-thread root DEBUG client.py                 71    logger_log                : gatts_add_char 0 2 5 'AA53'
2025-02-15 23:08:51,679 LT1-thread root DEBUG client.py                 71    logger_log                : send, 2 3 0 "bytearray(b'\\x00\\x00\\x02\\x05\\x02\\xaaS')"
2025-02-15 23:08:51,679 LT1-thread root DEBUG client.py                 71    logger_log                : sending frame '02030007000000020502aa53'
2025-02-15 23:08:51,679 LT1-thread root DEBUG client.py                 71    logger_log                : gatt_command_rsp_succ
2025-02-15 23:08:51,679 LT1-thread root DEBUG client.py                 71    logger_log                : read
2025-02-15 23:08:51,749 BTPWorkerThread-341 (_rx_task) root DEBUG client.py                 71    logger_log                : Read 5 bytes
2025-02-15 23:08:51,769 BTPWorkerThread-341 (_rx_task) root DEBUG client.py                 71    logger_log                : Received: hdr: Header(svc_id=0x02, op=0x03, ctrl_index=0x00, data_len=0x02) bytearray(b'\x02\x03\x00\x02\x00')
2025-02-15 23:08:51,809 BTPWorkerThread-341 (_rx_task) root DEBUG client.py                 71    logger_log                : Read 2 bytes data
2025-02-15 23:08:51,829 BTPWorkerThread-341 (_rx_task) root DEBUG client.py                 71    logger_log                : Received data: {'00 00'}, bytearray(b'\x00\x00')
2025-02-15 23:08:51,859 LT1-thread root DEBUG client.py                 71    logger_log                : received Header(svc_id=2, op=3, ctrl_index=0, data_len=2) (b'\x00\x00',)
2025-02-15 23:08:51,859 LT1-thread root DEBUG client.py                 71    logger_log                : Starting test function: class=<class 'autopts.ptsprojects.testcase.TestFunc'>, func=<function gatts_set_val at 0x0000020D65B2A200> start_wid=None stop_wid=None post_wid=None skip_call=None call_count=16 args=(0, '02') kwds={}
2025-02-15 23:08:51,859 LT1-thread root DEBUG client.py                 71    logger_log                : Test function parameters: args=(0, '02'), kwds={}
2025-02-15 23:08:51,859 LT1-thread root DEBUG client.py                 71    logger_log                : gatts_set_val 0 '02' 
2025-02-15 23:08:51,859 LT1-thread root DEBUG client.py                 71    logger_log                : send, 2 6 0 "bytearray(b'\\x00\\x00\\x01\\x00\\x02')"
2025-02-15 23:08:51,859 LT1-thread root DEBUG client.py                 71    logger_log                : sending frame '02060005000000010002'
2025-02-15 23:08:51,859 LT1-thread root DEBUG client.py                 71    logger_log                : gatt_command_rsp_succ
2025-02-15 23:08:51,859 LT1-thread root DEBUG client.py                 71    logger_log                : read
2025-02-15 23:08:51,929 BTPWorkerThread-341 (_rx_task) root DEBUG client.py                 71    logger_log                : Read 5 bytes
2025-02-15 23:08:51,939 BTPWorkerThread-341 (_rx_task) root DEBUG client.py                 71    logger_log                : Received: hdr: Header(svc_id=0x02, op=0x06, ctrl_index=0x00, data_len=0x00) bytearray(b'\x02\x06\x00\x00\x00')
2025-02-15 23:08:51,959 BTPWorkerThread-341 (_rx_task) root DEBUG client.py                 71    logger_log                : Received data: {''}, bytearray(b'')
2025-02-15 23:08:51,989 LT1-thread root DEBUG client.py                 71    logger_log                : received Header(svc_id=2, op=6, ctrl_index=0, data_len=0) (b'',)
2025-02-15 23:08:51,989 LT1-thread root DEBUG client.py                 71    logger_log                : Starting test function: class=<class 'autopts.ptsprojects.testcase.TestFunc'>, func=<function gatts_add_char at 0x0000020D65B2A160> start_wid=None stop_wid=None post_wid=None skip_call=None call_count=16 args=(0, 66, 3, 'AA54') kwds={}
2025-02-15 23:08:51,989 LT1-thread root DEBUG client.py                 71    logger_log                : Test function parameters: args=(0, 66, 3, 'AA54'), kwds={}
2025-02-15 23:08:51,989 LT1-thread root DEBUG client.py                 71    logger_log                : gatts_add_char 0 66 3 'AA54'
2025-02-15 23:08:51,989 LT1-thread root DEBUG client.py                 71    logger_log                : send, 2 3 0 "bytearray(b'\\x00\\x00B\\x03\\x02\\xaaT')"
2025-02-15 23:08:51,989 LT1-thread root DEBUG client.py                 71    logger_log                : sending frame '02030007000000420302aa54'
2025-02-15 23:08:51,989 LT1-thread root DEBUG client.py                 71    logger_log                : gatt_command_rsp_succ
2025-02-15 23:08:51,989 LT1-thread root DEBUG client.py                 71    logger_log                : read
2025-02-15 23:08:52,069 BTPWorkerThread-341 (_rx_task) root DEBUG client.py                 71    logger_log                : Read 5 bytes
2025-02-15 23:08:52,089 BTPWorkerThread-341 (_rx_task) root DEBUG client.py                 71    logger_log                : Received: hdr: Header(svc_id=0x02, op=0x03, ctrl_index=0x00, data_len=0x02) bytearray(b'\x02\x03\x00\x02\x00')
2025-02-15 23:08:52,129 BTPWorkerThread-341 (_rx_task) root DEBUG client.py                 71    logger_log                : Read 2 bytes data
2025-02-15 23:08:52,149 BTPWorkerThread-341 (_rx_task) root DEBUG client.py                 71    logger_log                : Received data: {'00 00'}, bytearray(b'\x00\x00')
2025-02-15 23:08:52,179 LT1-thread root DEBUG client.py                 71    logger_log                : received Header(svc_id=2, op=3, ctrl_index=0, data_len=2) (b'\x00\x00',)
2025-02-15 23:08:52,179 LT1-thread root DEBUG client.py                 71    logger_log                : Starting test function: class=<class 'autopts.ptsprojects.testcase.TestFunc'>, func=<function gatts_set_val at 0x0000020D65B2A200> start_wid=None stop_wid=None post_wid=None skip_call=None call_count=16 args=(0, '03') kwds={}
2025-02-15 23:08:52,179 LT1-thread root DEBUG client.py                 71    logger_log                : Test function parameters: args=(0, '03'), kwds={}
2025-02-15 23:08:52,179 LT1-thread root DEBUG client.py                 71    logger_log                : gatts_set_val 0 '03' 
2025-02-15 23:08:52,179 LT1-thread root DEBUG client.py                 71    logger_log                : send, 2 6 0 "bytearray(b'\\x00\\x00\\x01\\x00\\x03')"
2025-02-15 23:08:52,179 LT1-thread root DEBUG client.py                 71    logger_log                : sending frame '02060005000000010003'
2025-02-15 23:08:52,179 LT1-thread root DEBUG client.py                 71    logger_log                : gatt_command_rsp_succ
2025-02-15 23:08:52,179 LT1-thread root DEBUG client.py                 71    logger_log                : read
2025-02-15 23:08:52,249 BTPWorkerThread-341 (_rx_task) root DEBUG client.py                 71    logger_log                : Read 5 bytes
2025-02-15 23:08:52,269 BTPWorkerThread-341 (_rx_task) root DEBUG client.py                 71    logger_log                : Received: hdr: Header(svc_id=0x02, op=0x06, ctrl_index=0x00, data_len=0x00) bytearray(b'\x02\x06\x00\x00\x00')
2025-02-15 23:08:52,269 BTPWorkerThread-341 (_rx_task) root DEBUG client.py                 71    logger_log                : Received data: {''}, bytearray(b'')
2025-02-15 23:08:52,279 LT1-thread root DEBUG client.py                 71    logger_log                : received Header(svc_id=2, op=6, ctrl_index=0, data_len=0) (b'',)
2025-02-15 23:08:52,279 LT1-thread root DEBUG client.py                 71    logger_log                : Starting test function: class=<class 'autopts.ptsprojects.testcase.TestFunc'>, func=<function gatts_add_char at 0x0000020D65B2A160> start_wid=None stop_wid=None post_wid=None skip_call=None call_count=16 args=(0, 10, 48, 'AA55') kwds={}
2025-02-15 23:08:52,279 LT1-thread root DEBUG client.py                 71    logger_log                : Test function parameters: args=(0, 10, 48, 'AA55'), kwds={}
2025-02-15 23:08:52,279 LT1-thread root DEBUG client.py                 71    logger_log                : gatts_add_char 0 10 48 'AA55'
2025-02-15 23:08:52,279 LT1-thread root DEBUG client.py                 71    logger_log                : send, 2 3 0 "bytearray(b'\\x00\\x00\\n0\\x02\\xaaU')"
2025-02-15 23:08:52,279 LT1-thread root DEBUG client.py                 71    logger_log                : sending frame '020300070000000a3002aa55'
2025-02-15 23:08:52,279 LT1-thread root DEBUG client.py                 71    logger_log                : gatt_command_rsp_succ
2025-02-15 23:08:52,279 LT1-thread root DEBUG client.py                 71    logger_log                : read
2025-02-15 23:08:52,349 BTPWorkerThread-341 (_rx_task) root DEBUG client.py                 71    logger_log                : Read 5 bytes
2025-02-15 23:08:52,369 BTPWorkerThread-341 (_rx_task) root DEBUG client.py                 71    logger_log                : Received: hdr: Header(svc_id=0x02, op=0x03, ctrl_index=0x00, data_len=0x02) bytearray(b'\x02\x03\x00\x02\x00')
2025-02-15 23:08:52,389 BTPWorkerThread-341 (_rx_task) root DEBUG client.py                 71    logger_log                : Read 2 bytes data
2025-02-15 23:08:52,409 BTPWorkerThread-341 (_rx_task) root DEBUG client.py                 71    logger_log                : Received data: {'00 00'}, bytearray(b'\x00\x00')
2025-02-15 23:08:52,439 LT1-thread root DEBUG client.py                 71    logger_log                : received Header(svc_id=2, op=3, ctrl_index=0, data_len=2) (b'\x00\x00',)
2025-02-15 23:08:52,439 LT1-thread root DEBUG client.py                 71    logger_log                : Starting test function: class=<class 'autopts.ptsprojects.testcase.TestFunc'>, func=<function gatts_set_val at 0x0000020D65B2A200> start_wid=None stop_wid=None post_wid=None skip_call=None call_count=16 args=(0, '04') kwds={}
2025-02-15 23:08:52,439 LT1-thread root DEBUG client.py                 71    logger_log                : Test function parameters: args=(0, '04'), kwds={}
2025-02-15 23:08:52,439 LT1-thread root DEBUG client.py                 71    logger_log                : gatts_set_val 0 '04' 
2025-02-15 23:08:52,439 LT1-thread root DEBUG client.py                 71    logger_log                : send, 2 6 0 "bytearray(b'\\x00\\x00\\x01\\x00\\x04')"
2025-02-15 23:08:52,439 LT1-thread root DEBUG client.py                 71    logger_log                : sending frame '02060005000000010004'
2025-02-15 23:08:52,439 LT1-thread root DEBUG client.py                 71    logger_log                : gatt_command_rsp_succ
2025-02-15 23:08:52,439 LT1-thread root DEBUG client.py                 71    logger_log                : read
2025-02-15 23:08:52,509 BTPWorkerThread-341 (_rx_task) root DEBUG client.py                 71    logger_log                : Read 5 bytes
2025-02-15 23:08:52,529 BTPWorkerThread-341 (_rx_task) root DEBUG client.py                 71    logger_log                : Received: hdr: Header(svc_id=0x02, op=0x06, ctrl_index=0x00, data_len=0x00) bytearray(b'\x02\x06\x00\x00\x00')
2025-02-15 23:08:52,529 BTPWorkerThread-341 (_rx_task) root DEBUG client.py                 71    logger_log                : Received data: {''}, bytearray(b'')
2025-02-15 23:08:52,529 LT1-thread root DEBUG client.py                 71    logger_log                : received Header(svc_id=2, op=6, ctrl_index=0, data_len=0) (b'',)
2025-02-15 23:08:52,529 LT1-thread root DEBUG client.py                 71    logger_log                : Starting test function: class=<class 'autopts.ptsprojects.testcase.TestFunc'>, func=<function gatts_start_server at 0x0000020D65B2A480> start_wid=None stop_wid=None post_wid=None skip_call=None call_count=16 args=() kwds={}
2025-02-15 23:08:52,529 LT1-thread root DEBUG client.py                 71    logger_log                : Test function parameters: args=(), kwds={}
2025-02-15 23:08:52,529 LT1-thread root DEBUG client.py                 71    logger_log                : gatts_start_server
2025-02-15 23:08:52,529 LT1-thread root DEBUG client.py                 71    logger_log                : send, 2 7 0 ''
2025-02-15 23:08:52,529 LT1-thread root DEBUG client.py                 71    logger_log                : sending frame '0207000000'
2025-02-15 23:08:52,529 LT1-thread root DEBUG client.py                 71    logger_log                : gatt_command_rsp_succ
2025-02-15 23:08:52,529 LT1-thread root DEBUG client.py                 71    logger_log                : read
2025-02-15 23:08:52,609 BTPWorkerThread-341 (_rx_task) root DEBUG client.py                 71    logger_log                : Read 5 bytes
2025-02-15 23:08:52,629 BTPWorkerThread-341 (_rx_task) root DEBUG client.py                 71    logger_log                : Received: hdr: Header(svc_id=0x02, op=0x07, ctrl_index=0x00, data_len=0x03) bytearray(b'\x02\x07\x00\x03\x00')
2025-02-15 23:08:52,669 BTPWorkerThread-341 (_rx_task) root DEBUG client.py                 71    logger_log                : Read 3 bytes data
2025-02-15 23:08:52,689 BTPWorkerThread-341 (_rx_task) root DEBUG client.py                 71    logger_log                : Received data: {'00 00 00'}, bytearray(b'\x00\x00\x00')
2025-02-15 23:08:52,719 LT1-thread root DEBUG client.py                 71    logger_log                : received Header(svc_id=2, op=7, ctrl_index=0, data_len=3) (b'\x00\x00\x00',)
2025-02-15 23:08:52,719 LT1-thread root DEBUG client.py                 71    logger_log                : ClientCallback.get_result run_test_case
2025-02-15 23:08:53,989 LT1-callback ClientCallback.on_implicit_send INFO client.py                 71    logger_log                : 
    ********************
    BEGIN OnImplicitSend:
    project_name: GAP
    wid: 13
    test_case_name: GAP/DISC/LIMP/BV-05-C
    description: Please start Limited Discovery. Press OK to continue.
    style: MMI_Style_Ok_Cancel1 0x11041
2025-02-15 23:08:53,989 LT1-callback ClientCallback.on_implicit_send INFO client.py                 71    logger_log                : Calling test cases on_implicit_send
2025-02-15 23:08:53,989 LT1-callback ClientCallback.on_implicit_send INFO client.py                 71    logger_log                : 
    on_implicit_send returned response: WAIT
    END OnImplicitSend
    ********************
2025-02-15 23:08:54,730 LT1-thread root DEBUG client.py                 71    logger_log                : GAP GAP/DISC/LIMP/BV-05-C on_implicit_send
2025-02-15 23:08:54,730 LT1-thread root DEBUG client.py                 71    logger_log                : gap_wid_hdl, 13, Please start Limited Discovery. Press OK to continue., GAP/DISC/LIMP/BV-05-C
2025-02-15 23:08:54,730 LT1-thread root DEBUG client.py                 71    logger_log                : gap_start_discov
2025-02-15 23:08:54,730 LT1-thread root DEBUG client.py                 71    logger_log                : send, 1 12 0 '\r'
2025-02-15 23:08:54,730 LT1-thread root DEBUG client.py                 71    logger_log                : sending frame '010c0001000d'
2025-02-15 23:08:54,730 LT1-thread root DEBUG client.py                 71    logger_log                : gap_command_rsp_succ
2025-02-15 23:08:54,730 LT1-thread root DEBUG client.py                 71    logger_log                : read
2025-02-15 23:08:54,809 BTPWorkerThread-341 (_rx_task) root DEBUG client.py                 71    logger_log                : Read 5 bytes
2025-02-15 23:08:54,829 BTPWorkerThread-341 (_rx_task) root DEBUG client.py                 71    logger_log                : Received: hdr: Header(svc_id=0x01, op=0x0c, ctrl_index=0x00, data_len=0x00) bytearray(b'\x01\x0c\x00\x00\x00')
2025-02-15 23:08:54,849 BTPWorkerThread-341 (_rx_task) root DEBUG client.py                 71    logger_log                : Received data: {''}, bytearray(b'')
2025-02-15 23:08:54,869 LT1-thread root DEBUG client.py                 71    logger_log                : received Header(svc_id=1, op=12, ctrl_index=0, data_len=0) (b'',)
2025-02-15 23:08:54,869 LT1-thread root DEBUG client.py                 71    logger_log                : Sending response 'OK' to wid 13 test case GAP/DISC/LIMP/BV-05-C
2025-02-15 23:08:54,869 LT1-thread root DEBUG client.py                 71    logger_log                : ClientCallback.get_result run_test_case
2025-02-15 23:08:58,900 LT1-callback ClientCallback.on_implicit_send INFO client.py                 71    logger_log                : 
    ********************
    BEGIN OnImplicitSend:
    project_name: GAP
    wid: 11
    test_case_name: GAP/DISC/LIMP/BV-05-C
    description: Please confirm that PTS is NOT discovered.
    style: MMI_Style_Ok_Cancel1 0x11041
2025-02-15 23:08:58,900 LT1-callback ClientCallback.on_implicit_send INFO client.py                 71    logger_log                : Calling test cases on_implicit_send
2025-02-15 23:08:58,900 LT1-callback ClientCallback.on_implicit_send INFO client.py                 71    logger_log                : 
    on_implicit_send returned response: WAIT
    END OnImplicitSend
    ********************
2025-02-15 23:08:59,899 LT1-thread root DEBUG client.py                 71    logger_log                : GAP GAP/DISC/LIMP/BV-05-C on_implicit_send
2025-02-15 23:08:59,899 LT1-thread root DEBUG client.py                 71    logger_log                : gap_wid_hdl, 11, Please confirm that PTS is NOT discovered., GAP/DISC/LIMP/BV-05-C
2025-02-15 23:08:59,899 LT1-thread root DEBUG client.py                 71    logger_log                : gap_stop_discov
2025-02-15 23:08:59,899 LT1-thread root DEBUG client.py                 71    logger_log                : send, 1 13 0 ''
2025-02-15 23:08:59,899 LT1-thread root DEBUG client.py                 71    logger_log                : sending frame '010d000000'
2025-02-15 23:08:59,899 LT1-thread root DEBUG client.py                 71    logger_log                : gap_command_rsp_succ
2025-02-15 23:08:59,899 LT1-thread root DEBUG client.py                 71    logger_log                : read
2025-02-15 23:08:59,969 BTPWorkerThread-341 (_rx_task) root DEBUG client.py                 71    logger_log                : Read 5 bytes
2025-02-15 23:08:59,989 BTPWorkerThread-341 (_rx_task) root DEBUG client.py                 71    logger_log                : Received: hdr: Header(svc_id=0x01, op=0x0d, ctrl_index=0x00, data_len=0x00) bytearray(b'\x01\r\x00\x00\x00')
2025-02-15 23:09:00,009 BTPWorkerThread-341 (_rx_task) root DEBUG client.py                 71    logger_log                : Received data: {''}, bytearray(b'')
2025-02-15 23:09:00,039 LT1-thread root DEBUG client.py                 71    logger_log                : received Header(svc_id=1, op=13, ctrl_index=0, data_len=0) (b'',)
2025-02-15 23:09:00,039 LT1-thread root DEBUG client.py                 71    logger_log                : check_discov_results 0 b'c007e825de2a' False None
2025-02-15 23:09:00,039 LT1-thread root DEBUG client.py                 71    logger_log                : Sending response 'OK' to wid 11 test case GAP/DISC/LIMP/BV-05-C
2025-02-15 23:09:00,039 LT1-thread root DEBUG client.py                 71    logger_log                : ClientCallback.get_result run_test_case
2025-02-15 23:09:02,579 LT1-callback ClientCallback.log INFO client.py                 71    logger_log                : PTS_LOGTYPE_START_TEST Start Test Case 

+890 ms
 GAP/DISC/LIMP/BV-05-C GAP/DISC/LIMP/BV-05-C

2025-02-15 23:09:02,909 LT1-callback ClientCallback.log INFO client.py                 71    logger_log                : PTS_LOGTYPE_FINAL_VERDICT Final Verdict 

+8578 ms
 GAP/DISC/LIMP/BV-05-C PASS

2025-02-15 23:09:02,909 LT1-callback ClientCallback.log INFO client.py                 71    logger_log                : PTS_LOGTYPE_FINAL_VERDICT Encrypted Verdict 

+8578 ms
 GAP/DISC/LIMP/BV-05-C A1#ZWY4MzQ5MDg3MmQwNTIxOGQzMzQ5YjY2ODA5M2MzNjQ5ZDY4NmY0Yjc2MzIzM2VkNTUyNTFhNGU4Mjg1MjI0NA==#Jx/g46+QHa+iC9qFm4bOJPttemzY/P/Ke3PA/Oqm6MFz/OhrnJhFzEdlyuY+cF1l

2025-02-15 23:09:02,930 LT1-callback ClientCallback.log INFO client.py                 71    logger_log                : PTS_LOGTYPE_END_TEST Test Case Ended 

+8594 ms
 GAP/DISC/LIMP/BV-05-C GAP/DISC/LIMP/BV-05-C

2025-02-15 23:09:03,189 LT1-callback root DEBUG client.py                 71    logger_log                : ClientCallback, set_result, run_test_case, PASS
2025-02-15 23:09:03,189 LT1-thread root DEBUG client.py                 71    logger_log                : After run_test_case error_code=0 status='PASS'
2025-02-15 23:09:03,199 LT1-thread root DEBUG client.py                 71    logger_log                : post_run GAP GAP/DISC/LIMP/BV-05-C 0
2025-02-15 23:09:03,199 LT1-thread root DEBUG client.py                 71    logger_log                : Starting test function: class=<class 'autopts.ptsprojects.testcase.TestFuncCleanUp'>, func=<bound method Stack.cleanup of <autopts.ptsprojects.stack.stack.Stack object at 0x0000020D6A103FD0>> start_wid=None stop_wid=None post_wid=None skip_call=None call_count=1 args=() kwds={}
2025-02-15 23:09:03,199 LT1-thread root DEBUG client.py                 71    logger_log                : Test function parameters: args=(), kwds={}
2025-02-15 23:09:03,199 LT1-thread root DEBUG client.py                 71    logger_log                : Starting test function: class=<class 'autopts.ptsprojects.testcase.TestFuncCleanUp'>, func=<bound method ZephyrCtl.stop of <autopts.ptsprojects.zephyr.iutctl.ZephyrCtl object at 0x0000020D66F4B710>> start_wid=None stop_wid=None post_wid=None skip_call=None call_count=1 args=() kwds={}
2025-02-15 23:09:03,199 LT1-thread root DEBUG client.py                 71    logger_log                : Test function parameters: args=(), kwds={}
2025-02-15 23:09:03,199 LT1-thread root DEBUG client.py                 71    logger_log                : <class 'autopts.ptsprojects.zephyr.iutctl.ZephyrCtl'>.stop
2025-02-15 23:09:03,199 LT1-thread root DEBUG client.py                 71    logger_log                : About to reset DUT: JLink -CommandFile reset.jlink -usb 1064371884 -device MCXW716
2025-02-15 23:09:03,694 BTPWorkerThread-341 (_rx_task) root DEBUG client.py                 71    logger_log                : Read 5 bytes
2025-02-15 23:09:03,714 BTPWorkerThread-341 (_rx_task) root DEBUG client.py                 71    logger_log                : Received: hdr: Header(svc_id=0x00, op=0x80, ctrl_index=0xff, data_len=0x00) bytearray(b'\x00\x80\xff\x00\x00')
2025-02-15 23:09:03,724 BTPWorkerThread-341 (_rx_task) root DEBUG client.py                 71    logger_log                : Received data: {''}, bytearray(b'')
2025-02-15 23:09:03,754 BTPWorkerThread-341 (_rx_task) root DEBUG client.py                 71    logger_log                : event_handler Header(svc_id=0, op=128, ctrl_index=255, data_len=0) (b'',)
2025-02-15 23:09:03,774 BTPWorkerThread-341 (_rx_task) root DEBUG client.py                 71    logger_log                : core_iut_ready_ev
2025-02-15 23:09:03,794 LT1-thread root DEBUG client.py                 71    logger_log                : IUT ready event received OK
2025-02-15 23:09:03,794 LT1-thread root DEBUG client.py                 71    logger_log                : Waiting for _rx_worker to finish ...
2025-02-15 23:09:04,794 BTPWorkerThread-341 (_rx_task) root DEBUG client.py                 71    logger_log                : BTPWorkerThread-341 (_rx_task) finishing...
2025-02-15 23:09:04,794 LT1-thread root DEBUG client.py                 71    logger_log                : Waiting for _rx_worker to finish ...
2025-02-15 23:09:07,801 LT1-thread root DEBUG client.py                 71    logger_log                : post_run, cleanup running post test case script
2025-02-15 23:09:07,801 LT1-thread root DEBUG client.py                 71    logger_log                : post_run, run post test case script
2025-02-15 23:09:07,931 LT1-thread root DEBUG client.py                 71    logger_log                : Done TestCase _run_test_case GAP GAP/DISC/LIMP/BV-05-C
