2025-01-08 22:07:00,078 LT1-thread root DEBUG client.py                 71    logger_log                : Starting TestCase _run_test_case GAP GAP/ADV/BV-18-C
2025-01-08 22:07:00,078 LT1-thread root DEBUG client.py                 71    logger_log                : pre_run GAP GAP/ADV/BV-18-C
2025-01-08 22:07:00,078 LT1-thread root DEBUG client.py                 71    logger_log                : About to run test case GAP GAP/ADV/BV-18-C with commands:
2025-01-08 22:07:00,078 LT1-thread root DEBUG client.py                 71    logger_log                : 0) class=<class 'autopts.ptsprojects.testcase.TestFunc'>, func=<bound method Stack.core_init of <autopts.ptsprojects.stack.stack.Stack object at 0x000001E8FE401590>> start_wid=None stop_wid=None post_wid=None skip_call=None call_count=0 args=() kwds={}
2025-01-08 22:07:00,078 LT1-thread root DEBUG client.py                 71    logger_log                : 1) class=<class 'autopts.ptsprojects.testcase.TestFunc'>, func=<bound method ZephyrCtl.hw_reset of <autopts.ptsprojects.zephyr.iutctl.ZephyrCtl object at 0x000001E8FB029B90>> start_wid=None stop_wid=None post_wid=None skip_call=None call_count=0 args=() kwds={}
2025-01-08 22:07:00,078 LT1-thread root DEBUG client.py                 71    logger_log                : 2) class=<class 'autopts.ptsprojects.testcase.TestFunc'>, func=<bound method ZephyrCtl.start of <autopts.ptsprojects.zephyr.iutctl.ZephyrCtl object at 0x000001E8FB029B90>> start_wid=None stop_wid=None post_wid=None skip_call=None call_count=0 args=(<autopts.ptsprojects.zephyr.ztestcase.ZTestCase object at 0x000001E8FED06C90>,) kwds={}
2025-01-08 22:07:00,078 LT1-thread root DEBUG client.py                 71    logger_log                : 3) class=<class 'autopts.ptsprojects.testcase.TestFunc'>, func=<bound method ZephyrCtl.hw_reset of <autopts.ptsprojects.zephyr.iutctl.ZephyrCtl object at 0x000001E8FB029B90>> start_wid=None stop_wid=None post_wid=None skip_call=None call_count=0 args=() kwds={}
2025-01-08 22:07:00,078 LT1-thread root DEBUG client.py                 71    logger_log                : 4) class=<class 'autopts.ptsprojects.testcase.TestFunc'>, func=<bound method ZephyrCtl.wait_iut_ready_event of <autopts.ptsprojects.zephyr.iutctl.ZephyrCtl object at 0x000001E8FB029B90>> start_wid=None stop_wid=None post_wid=None skip_call=None call_count=0 args=(False,) kwds={}
2025-01-08 22:07:00,078 LT1-thread root DEBUG client.py                 71    logger_log                : 5) class=<class 'autopts.ptsprojects.testcase.TestFunc'>, func=<function core_reg_svc_gap at 0x000001E8FA3D4540> start_wid=None stop_wid=None post_wid=None skip_call=None call_count=98 args=() kwds={}
2025-01-08 22:07:00,078 LT1-thread root DEBUG client.py                 71    logger_log                : 6) class=<class 'autopts.ptsprojects.testcase.TestFunc'>, func=<bound method Stack.gap_init of <autopts.ptsprojects.stack.stack.Stack object at 0x000001E8FE401590>> start_wid=None stop_wid=None post_wid=None skip_call=None call_count=98 args=(b'Tester_59F2E6', 'ABCD', '1111', '1111', '11', '1111', b'\x17github.com/auto-pts', (8, 'PADV_Tester'), 'FF') kwds={}
2025-01-08 22:07:00,078 LT1-thread root DEBUG client.py                 71    logger_log                : 7) class=<class 'autopts.ptsprojects.testcase.TestFunc'>, func=<function gap_read_ctrl_info at 0x000001E8FA3E4400> start_wid=None stop_wid=None post_wid=None skip_call=None call_count=98 args=() kwds={}
2025-01-08 22:07:00,078 LT1-thread root DEBUG client.py                 71    logger_log                : 8) class=<class 'autopts.ptsprojects.testcase.TestFunc'>, func=<function test_cases.<locals>.<lambda> at 0x000001E8FE90FD80> start_wid=None stop_wid=None post_wid=None skip_call=None call_count=98 args=() kwds={}
2025-01-08 22:07:00,088 LT1-thread root DEBUG client.py                 71    logger_log                : 9) class=<class 'autopts.ptsprojects.testcase.TestFunc'>, func=<function test_cases.<locals>.<lambda> at 0x000001E8FEADCE00> start_wid=None stop_wid=None post_wid=None skip_call=None call_count=98 args=() kwds={}
2025-01-08 22:07:00,088 LT1-thread root DEBUG client.py                 71    logger_log                : 10) class=<class 'autopts.ptsprojects.testcase.TestFunc'>, func=<function test_cases.<locals>.<lambda> at 0x000001E8FEADCAE0> start_wid=None stop_wid=None post_wid=None skip_call=None call_count=98 args=() kwds={}
2025-01-08 22:07:00,088 LT1-thread root DEBUG client.py                 71    logger_log                : 11) class=<class 'autopts.ptsprojects.testcase.TestFunc'>, func=<function test_cases.<locals>.<lambda> at 0x000001E8FEADC7C0> start_wid=None stop_wid=None post_wid=None skip_call=None call_count=98 args=() kwds={}
2025-01-08 22:07:00,088 LT1-thread root DEBUG client.py                 71    logger_log                : 12) class=<class 'autopts.ptsprojects.testcase.TestFunc'>, func=<function test_cases.<locals>.<lambda> at 0x000001E8FEADC5E0> start_wid=None stop_wid=None post_wid=None skip_call=None call_count=98 args=() kwds={}
2025-01-08 22:07:00,088 LT1-thread root DEBUG client.py                 71    logger_log                : 13) class=<class 'autopts.ptsprojects.testcase.TestFunc'>, func=<function test_cases.<locals>.<lambda> at 0x000001E8FEADE340> start_wid=None stop_wid=None post_wid=None skip_call=None call_count=98 args=() kwds={}
2025-01-08 22:07:00,088 LT1-thread root DEBUG client.py                 71    logger_log                : 14) class=<class 'autopts.ptsprojects.testcase.TestFunc'>, func=<function test_cases.<locals>.<lambda> at 0x000001E8FEADE3E0> start_wid=None stop_wid=None post_wid=None skip_call=None call_count=98 args=() kwds={}
2025-01-08 22:07:00,088 LT1-thread root DEBUG client.py                 71    logger_log                : 15) class=<class 'autopts.ptsprojects.testcase.TestFunc'>, func=<function test_cases.<locals>.<lambda> at 0x000001E8FEADE480> start_wid=None stop_wid=None post_wid=None skip_call=None call_count=98 args=() kwds={}
2025-01-08 22:07:00,088 LT1-thread root DEBUG client.py                 71    logger_log                : 16) class=<class 'autopts.ptsprojects.testcase.TestFunc'>, func=<function test_cases.<locals>.<lambda> at 0x000001E8FEADE520> start_wid=None stop_wid=None post_wid=None skip_call=None call_count=98 args=() kwds={}
2025-01-08 22:07:00,088 LT1-thread root DEBUG client.py                 71    logger_log                : 17) class=<class 'autopts.ptsprojects.testcase.TestFunc'>, func=<function test_cases.<locals>.<lambda> at 0x000001E8FEADE5C0> start_wid=None stop_wid=None post_wid=None skip_call=None call_count=98 args=() kwds={}
2025-01-08 22:07:00,088 LT1-thread root DEBUG client.py                 71    logger_log                : 18) class=<class 'autopts.ptsprojects.testcase.TestFunc'>, func=<function test_cases.<locals>.<lambda> at 0x000001E8FEADE660> start_wid=None stop_wid=None post_wid=None skip_call=None call_count=98 args=() kwds={}
2025-01-08 22:07:00,088 LT1-thread root DEBUG client.py                 71    logger_log                : 19) class=<class 'autopts.ptsprojects.testcase.TestFunc'>, func=<function test_cases.<locals>.<lambda> at 0x000001E8FEADE700> start_wid=None stop_wid=None post_wid=None skip_call=None call_count=98 args=() kwds={}
2025-01-08 22:07:00,088 LT1-thread root DEBUG client.py                 71    logger_log                : 20) class=<class 'autopts.ptsprojects.testcase.TestFunc'>, func=<function core_reg_svc_gatt at 0x000001E8FA3D4680> start_wid=None stop_wid=None post_wid=None skip_call=None call_count=98 args=() kwds={}
2025-01-08 22:07:00,088 LT1-thread root DEBUG client.py                 71    logger_log                : 21) class=<class 'autopts.ptsprojects.testcase.TestFunc'>, func=<bound method Stack.gatt_init of <autopts.ptsprojects.stack.stack.Stack object at 0x000001E8FE401590>> start_wid=None stop_wid=None post_wid=None skip_call=None call_count=98 args=() kwds={}
2025-01-08 22:07:00,088 LT1-thread root DEBUG client.py                 71    logger_log                : 22) class=<class 'autopts.ptsprojects.testcase.TestFunc'>, func=<function gap_set_io_cap at 0x000001E8FA3D7920> start_wid=None stop_wid=None post_wid=None skip_call=None call_count=98 args=(4,) kwds={}
2025-01-08 22:07:00,088 LT1-thread root DEBUG client.py                 71    logger_log                : 23) class=<class 'autopts.ptsprojects.testcase.TestFunc'>, func=<function set_pts_addr at 0x000001E8FA3D40E0> start_wid=None stop_wid=None post_wid=None skip_call=None call_count=98 args=('C0:07:E8:59:F2:E6', 0) kwds={}
2025-01-08 22:07:00,088 LT1-thread root DEBUG client.py                 71    logger_log                : 24) class=<class 'autopts.ptsprojects.testcase.TestFunc'>, func=<function gatts_add_svc at 0x000001E8FA3E5DA0> start_wid=None stop_wid=None post_wid=None skip_call=None call_count=97 args=(0, 'AA51') kwds={}
2025-01-08 22:07:00,088 LT1-thread root DEBUG client.py                 71    logger_log                : 25) class=<class 'autopts.ptsprojects.testcase.TestFunc'>, func=<function gatts_add_char at 0x000001E8FA3E5EE0> start_wid=None stop_wid=None post_wid=None skip_call=None call_count=97 args=(0, 2, 17, 'AA52') kwds={}
2025-01-08 22:07:00,088 LT1-thread root DEBUG client.py                 71    logger_log                : 26) class=<class 'autopts.ptsprojects.testcase.TestFunc'>, func=<function gatts_set_val at 0x000001E8FA3E5F80> start_wid=None stop_wid=None post_wid=None skip_call=None call_count=97 args=(0, '01') kwds={}
2025-01-08 22:07:00,088 LT1-thread root DEBUG client.py                 71    logger_log                : 27) class=<class 'autopts.ptsprojects.testcase.TestFunc'>, func=<function gatts_add_char at 0x000001E8FA3E5EE0> start_wid=None stop_wid=None post_wid=None skip_call=None call_count=97 args=(0, 2, 5, 'AA53') kwds={}
2025-01-08 22:07:00,088 LT1-thread root DEBUG client.py                 71    logger_log                : 28) class=<class 'autopts.ptsprojects.testcase.TestFunc'>, func=<function gatts_set_val at 0x000001E8FA3E5F80> start_wid=None stop_wid=None post_wid=None skip_call=None call_count=97 args=(0, '02') kwds={}
2025-01-08 22:07:00,088 LT1-thread root DEBUG client.py                 71    logger_log                : 29) class=<class 'autopts.ptsprojects.testcase.TestFunc'>, func=<function gatts_add_char at 0x000001E8FA3E5EE0> start_wid=None stop_wid=None post_wid=None skip_call=None call_count=97 args=(0, 66, 3, 'AA54') kwds={}
2025-01-08 22:07:00,088 LT1-thread root DEBUG client.py                 71    logger_log                : 30) class=<class 'autopts.ptsprojects.testcase.TestFunc'>, func=<function gatts_set_val at 0x000001E8FA3E5F80> start_wid=None stop_wid=None post_wid=None skip_call=None call_count=97 args=(0, '03') kwds={}
2025-01-08 22:07:00,088 LT1-thread root DEBUG client.py                 71    logger_log                : 31) class=<class 'autopts.ptsprojects.testcase.TestFunc'>, func=<function gatts_add_char at 0x000001E8FA3E5EE0> start_wid=None stop_wid=None post_wid=None skip_call=None call_count=97 args=(0, 10, 48, 'AA55') kwds={}
2025-01-08 22:07:00,088 LT1-thread root DEBUG client.py                 71    logger_log                : 32) class=<class 'autopts.ptsprojects.testcase.TestFunc'>, func=<function gatts_set_val at 0x000001E8FA3E5F80> start_wid=None stop_wid=None post_wid=None skip_call=None call_count=97 args=(0, '04') kwds={}
2025-01-08 22:07:00,088 LT1-thread root DEBUG client.py                 71    logger_log                : 33) class=<class 'autopts.ptsprojects.testcase.TestFunc'>, func=<function gatts_start_server at 0x000001E8FA3E6200> start_wid=None stop_wid=None post_wid=None skip_call=None call_count=97 args=() kwds={}
2025-01-08 22:07:00,088 LT1-thread root DEBUG client.py                 71    logger_log                : 34) class=<class 'autopts.ptsprojects.testcase.TestFuncCleanUp'>, func=<bound method Stack.cleanup of <autopts.ptsprojects.stack.stack.Stack object at 0x000001E8FE401590>> start_wid=None stop_wid=None post_wid=None skip_call=None call_count=0 args=() kwds={}
2025-01-08 22:07:00,088 LT1-thread root DEBUG client.py                 71    logger_log                : 35) class=<class 'autopts.ptsprojects.testcase.TestFuncCleanUp'>, func=<bound method ZephyrCtl.stop of <autopts.ptsprojects.zephyr.iutctl.ZephyrCtl object at 0x000001E8FB029B90>> start_wid=None stop_wid=None post_wid=None skip_call=None call_count=0 args=() kwds={}
2025-01-08 22:07:00,088 LT1-thread root DEBUG client.py                 71    logger_log                : pre_run, run pre test case script
2025-01-08 22:07:00,098 LT1-thread root DEBUG client.py                 71    logger_log                : Starting test function: class=<class 'autopts.ptsprojects.testcase.TestFunc'>, func=<bound method Stack.core_init of <autopts.ptsprojects.stack.stack.Stack object at 0x000001E8FE401590>> start_wid=None stop_wid=None post_wid=None skip_call=None call_count=1 args=() kwds={}
2025-01-08 22:07:00,098 LT1-thread root DEBUG client.py                 71    logger_log                : Test function parameters: args=(), kwds={}
2025-01-08 22:07:00,098 LT1-thread root DEBUG client.py                 71    logger_log                : Starting test function: class=<class 'autopts.ptsprojects.testcase.TestFunc'>, func=<bound method ZephyrCtl.hw_reset of <autopts.ptsprojects.zephyr.iutctl.ZephyrCtl object at 0x000001E8FB029B90>> start_wid=None stop_wid=None post_wid=None skip_call=None call_count=1 args=() kwds={}
2025-01-08 22:07:00,098 LT1-thread root DEBUG client.py                 71    logger_log                : Test function parameters: args=(), kwds={}
2025-01-08 22:07:00,098 LT1-thread root DEBUG client.py                 71    logger_log                : Starting test function: class=<class 'autopts.ptsprojects.testcase.TestFunc'>, func=<bound method ZephyrCtl.start of <autopts.ptsprojects.zephyr.iutctl.ZephyrCtl object at 0x000001E8FB029B90>> start_wid=None stop_wid=None post_wid=None skip_call=None call_count=1 args=(<autopts.ptsprojects.zephyr.ztestcase.ZTestCase object at 0x000001E8FED06C90>,) kwds={}
2025-01-08 22:07:00,098 LT1-thread root DEBUG client.py                 71    logger_log                : Test function parameters: args=(<autopts.ptsprojects.zephyr.ztestcase.ZTestCase object at 0x000001E8FED06C90>,), kwds={}
2025-01-08 22:07:00,098 LT1-thread root DEBUG client.py                 71    logger_log                : <class 'autopts.ptsprojects.zephyr.iutctl.ZephyrCtl'>.start
2025-01-08 22:07:00,108 LT1-thread root DEBUG client.py                 71    logger_log                : <class 'autopts.ptsprojects.zephyr.iutctl.ZephyrCtl'>.flush_serial
2025-01-08 22:07:01,368 LT1-thread root DEBUG client.py                 71    logger_log                : Starting socat process: socat.exe -x -v tcp:10.192.253.135:64423,retry=100,interval=1 /dev/ttyS34,raw,b115200
2025-01-08 22:07:01,388 LT1-thread root DEBUG client.py                 71    logger_log                : accept
2025-01-08 22:07:01,518 BTPWorkerThread-2469 (_rx_task) root DEBUG client.py                 71    logger_log                : BTPWorkerThread-2469 (_rx_task) started
2025-01-08 22:07:01,518 LT1-thread root DEBUG client.py                 71    logger_log                : Starting test function: class=<class 'autopts.ptsprojects.testcase.TestFunc'>, func=<bound method ZephyrCtl.hw_reset of <autopts.ptsprojects.zephyr.iutctl.ZephyrCtl object at 0x000001E8FB029B90>> start_wid=None stop_wid=None post_wid=None skip_call=None call_count=1 args=() kwds={}
2025-01-08 22:07:01,518 LT1-thread root DEBUG client.py                 71    logger_log                : Test function parameters: args=(), kwds={}
2025-01-08 22:07:01,518 LT1-thread root DEBUG client.py                 71    logger_log                : Starting test function: class=<class 'autopts.ptsprojects.testcase.TestFunc'>, func=<bound method ZephyrCtl.wait_iut_ready_event of <autopts.ptsprojects.zephyr.iutctl.ZephyrCtl object at 0x000001E8FB029B90>> start_wid=None stop_wid=None post_wid=None skip_call=None call_count=1 args=(False,) kwds={}
2025-01-08 22:07:01,518 LT1-thread root DEBUG client.py                 71    logger_log                : Test function parameters: args=(False,), kwds={}
2025-01-08 22:07:01,518 LT1-thread root DEBUG client.py                 71    logger_log                : IUT ready event received OK
2025-01-08 22:07:01,518 LT1-thread root DEBUG client.py                 71    logger_log                : <class 'autopts.rtt.RTTLogger'>.start
2025-01-08 22:07:01,518 LT1-thread root DEBUG client.py                 71    logger_log                : <class 'autopts.rtt.RTT'>.start
2025-01-08 22:07:02,611 BTPWorkerThread-2469 (_rx_task) root DEBUG client.py                 71    logger_log                : Read 5 bytes
2025-01-08 22:07:02,611 BTPWorkerThread-2469 (_rx_task) root DEBUG client.py                 71    logger_log                : Received: hdr: Header(svc_id=0x00, op=0x80, ctrl_index=0xff, data_len=0x00) bytearray(b'\x00\x80\xff\x00\x00')
2025-01-08 22:07:02,611 BTPWorkerThread-2469 (_rx_task) root DEBUG client.py                 71    logger_log                : Received data: {''}, bytearray(b'')
2025-01-08 22:07:02,612 BTPWorkerThread-2469 (_rx_task) root DEBUG client.py                 71    logger_log                : event_handler Header(svc_id=0, op=128, ctrl_index=255, data_len=0) (b'',)
2025-01-08 22:07:02,612 BTPWorkerThread-2469 (_rx_task) root DEBUG client.py                 71    logger_log                : core_iut_ready_ev
2025-01-08 22:07:12,353 LT1-thread root DEBUG client.py                 71    logger_log                : Starting test function: class=<class 'autopts.ptsprojects.testcase.TestFunc'>, func=<function core_reg_svc_gap at 0x000001E8FA3D4540> start_wid=None stop_wid=None post_wid=None skip_call=None call_count=99 args=() kwds={}
2025-01-08 22:07:12,353 LT1-thread root DEBUG client.py                 71    logger_log                : Test function parameters: args=(), kwds={}
2025-01-08 22:07:12,353 LT1-thread root DEBUG client.py                 71    logger_log                : core_reg_svc_gap
2025-01-08 22:07:12,353 LT1-thread root DEBUG client.py                 71    logger_log                : send, 0 3 255 '1'
2025-01-08 22:07:12,353 LT1-thread root DEBUG client.py                 71    logger_log                : sending frame '0003ff010001'
2025-01-08 22:07:12,353 LT1-thread root DEBUG client.py                 71    logger_log                : core_reg_svc_rsp_succ
2025-01-08 22:07:12,354 LT1-thread root DEBUG client.py                 71    logger_log                : read
2025-01-08 22:07:12,436 BTPWorkerThread-2469 (_rx_task) root DEBUG client.py                 71    logger_log                : Read 5 bytes
2025-01-08 22:07:12,447 BTPWorkerThread-2469 (_rx_task) root DEBUG client.py                 71    logger_log                : Received: hdr: Header(svc_id=0x00, op=0x03, ctrl_index=0xff, data_len=0x00) bytearray(b'\x00\x03\xff\x00\x00')
2025-01-08 22:07:12,464 BTPWorkerThread-2469 (_rx_task) root DEBUG client.py                 71    logger_log                : Received data: {''}, bytearray(b'')
2025-01-08 22:07:12,480 LT1-thread root DEBUG client.py                 71    logger_log                : received Header(svc_id=0, op=3, ctrl_index=255, data_len=0) (b'',)
2025-01-08 22:07:12,480 LT1-thread root DEBUG client.py                 71    logger_log                : expected ((0, 3, 255, 0), (b'',))
2025-01-08 22:07:12,481 LT1-thread root DEBUG client.py                 71    logger_log                : response is valid
2025-01-08 22:07:12,481 LT1-thread root DEBUG client.py                 71    logger_log                : Starting test function: class=<class 'autopts.ptsprojects.testcase.TestFunc'>, func=<bound method Stack.gap_init of <autopts.ptsprojects.stack.stack.Stack object at 0x000001E8FE401590>> start_wid=None stop_wid=None post_wid=None skip_call=None call_count=99 args=(b'Tester_59F2E6', 'ABCD', '1111', '1111', '11', '1111', b'\x17github.com/auto-pts', (8, 'PADV_Tester'), 'FF') kwds={}
2025-01-08 22:07:12,481 LT1-thread root DEBUG client.py                 71    logger_log                : Test function parameters: args=(b'Tester_59F2E6', 'ABCD', '1111', '1111', '11', '1111', b'\x17github.com/auto-pts', (8, 'PADV_Tester'), 'FF'), kwds={}
2025-01-08 22:07:12,481 LT1-thread root DEBUG client.py                 71    logger_log                : Starting test function: class=<class 'autopts.ptsprojects.testcase.TestFunc'>, func=<function gap_read_ctrl_info at 0x000001E8FA3E4400> start_wid=None stop_wid=None post_wid=None skip_call=None call_count=99 args=() kwds={}
2025-01-08 22:07:12,481 LT1-thread root DEBUG client.py                 71    logger_log                : Test function parameters: args=(), kwds={}
2025-01-08 22:07:12,481 LT1-thread root DEBUG client.py                 71    logger_log                : gap_read_ctrl_info
2025-01-08 22:07:12,481 LT1-thread root DEBUG client.py                 71    logger_log                : send, 1 3 0 ''
2025-01-08 22:07:12,482 LT1-thread root DEBUG client.py                 71    logger_log                : sending frame '0103000000'
2025-01-08 22:07:12,482 LT1-thread root DEBUG client.py                 71    logger_log                : read
2025-01-08 22:07:13,353 BTPWorkerThread-2469 (_rx_task) root DEBUG client.py                 71    logger_log                : Read 5 bytes
2025-01-08 22:07:13,376 BTPWorkerThread-2469 (_rx_task) root DEBUG client.py                 71    logger_log                : Received: hdr: Header(svc_id=0x01, op=0x03, ctrl_index=0x00, data_len=0x115) bytearray(b'\x01\x03\x00\x15\x01')
2025-01-08 22:07:13,397 BTPWorkerThread-2469 (_rx_task) root DEBUG client.py                 71    logger_log                : Read 277 bytes data
2025-01-08 22:07:13,408 BTPWorkerThread-2469 (_rx_task) root DEBUG client.py                 71    logger_log                : Received data: {'28 00 03 37 60 00 13 06 02 00 13 02 00 00 00 00 00 62 74 70 5f 74 65 73 74 65 72 00 00 00 00 00 00 00 00 00 00 00 00 00 00 00 00 00 00 00 00 00 00 00 00 00 00 00 00 00 00 00 00 00 00 00 00 00 00 00 00 00 00 00 00 00 00 00 00 00 00 00 00 00 00 00 00 00 00 00 00 00 00 00 00 00 00 00 00 00 00 00 00 00 00 00 00 00 00 00 00 00 00 00 00 00 00 00 00 00 00 00 00 00 00 00 00 00 00 00 00 00 00 00 00 00 00 00 00 00 00 00 00 00 00 00 00 00 00 00 00 00 00 00 00 00 00 00 00 00 00 00 00 00 00 00 00 00 00 00 00 00 00 00 00 00 00 00 00 00 00 00 00 00 00 00 00 00 00 00 00 00 00 00 00 00 00 00 00 00 00 00 00 00 00 00 00 00 00 00 00 00 00 00 00 00 00 00 00 00 00 00 00 00 00 00 00 00 00 00 00 00 00 00 00 00 00 00 00 00 00 00 00 00 00 00 00 00 00 00 00 00 00 00 00 00 00 00 00 00 00 00 00 00 00 00 00 00 00 00 00 00 00 00 00 00 00 00 00 00 00'}, bytearray(b'(\x00\x037`\x00\x13\x06\x02\x00\x13\x02\x00\x00\x00\x00\x00btp_tester\x00\x00\x00\x00\x00\x00\x00\x00\x00\x00\x00\x00\x00\x00\x00\x00\x00\x00\x00\x00\x00\x00\x00\x00\x00\x00\x00\x00\x00\x00\x00\x00\x00\x00\x00\x00\x00\x00\x00\x00\x00\x00\x00\x00\x00\x00\x00\x00\x00\x00\x00\x00\x00\x00\x00\x00\x00\x00\x00\x00\x00\x00\x00\x00\x00\x00\x00\x00\x00\x00\x00\x00\x00\x00\x00\x00\x00\x00\x00\x00\x00\x00\x00\x00\x00\x00\x00\x00\x00\x00\x00\x00\x00\x00\x00\x00\x00\x00\x00\x00\x00\x00\x00\x00\x00\x00\x00\x00\x00\x00\x00\x00\x00\x00\x00\x00\x00\x00\x00\x00\x00\x00\x00\x00\x00\x00\x00\x00\x00\x00\x00\x00\x00\x00\x00\x00\x00\x00\x00\x00\x00\x00\x00\x00\x00\x00\x00\x00\x00\x00\x00\x00\x00\x00\x00\x00\x00\x00\x00\x00\x00\x00\x00\x00\x00\x00\x00\x00\x00\x00\x00\x00\x00\x00\x00\x00\x00\x00\x00\x00\x00\x00\x00\x00\x00\x00\x00\x00\x00\x00\x00\x00\x00\x00\x00\x00\x00\x00\x00\x00\x00\x00\x00\x00\x00\x00\x00\x00\x00\x00\x00\x00\x00\x00\x00\x00\x00\x00\x00\x00\x00\x00\x00\x00\x00\x00\x00\x00\x00\x00\x00\x00\x00\x00\x00\x00\x00\x00\x00\x00\x00\x00\x00\x00\x00\x00\x00\x00\x00\x00')
2025-01-08 22:07:13,437 LT1-thread root DEBUG client.py                 71    logger_log                : received Header(svc_id=1, op=3, ctrl_index=0, data_len=277) (b'(\x00\x037`\x00\x13\x06\x02\x00\x13\x02\x00\x00\x00\x00\x00btp_tester\x00\x00\x00\x00\x00\x00\x00\x00\x00\x00\x00\x00\x00\x00\x00\x00\x00\x00\x00\x00\x00\x00\x00\x00\x00\x00\x00\x00\x00\x00\x00\x00\x00\x00\x00\x00\x00\x00\x00\x00\x00\x00\x00\x00\x00\x00\x00\x00\x00\x00\x00\x00\x00\x00\x00\x00\x00\x00\x00\x00\x00\x00\x00\x00\x00\x00\x00\x00\x00\x00\x00\x00\x00\x00\x00\x00\x00\x00\x00\x00\x00\x00\x00\x00\x00\x00\x00\x00\x00\x00\x00\x00\x00\x00\x00\x00\x00\x00\x00\x00\x00\x00\x00\x00\x00\x00\x00\x00\x00\x00\x00\x00\x00\x00\x00\x00\x00\x00\x00\x00\x00\x00\x00\x00\x00\x00\x00\x00\x00\x00\x00\x00\x00\x00\x00\x00\x00\x00\x00\x00\x00\x00\x00\x00\x00\x00\x00\x00\x00\x00\x00\x00\x00\x00\x00\x00\x00\x00\x00\x00\x00\x00\x00\x00\x00\x00\x00\x00\x00\x00\x00\x00\x00\x00\x00\x00\x00\x00\x00\x00\x00\x00\x00\x00\x00\x00\x00\x00\x00\x00\x00\x00\x00\x00\x00\x00\x00\x00\x00\x00\x00\x00\x00\x00\x00\x00\x00\x00\x00\x00\x00\x00\x00\x00\x00\x00\x00\x00\x00\x00\x00\x00\x00\x00\x00\x00\x00\x00\x00\x00\x00\x00\x00\x00\x00\x00\x00\x00\x00\x00\x00\x00\x00\x00\x00\x00\x00\x00\x00\x00',)
2025-01-08 22:07:13,437 LT1-thread root DEBUG client.py                 71    logger_log                : IUT address '006037030028' 'public'
2025-01-08 22:07:13,437 LT1-thread root DEBUG client.py                 71    logger_log                : __gap_current_settings_update 531
2025-01-08 22:07:13,437 LT1-thread root DEBUG client.py                 71    logger_log                : Starting test function: class=<class 'autopts.ptsprojects.testcase.TestFunc'>, func=<function test_cases.<locals>.<lambda> at 0x000001E8FE90FD80> start_wid=None stop_wid=None post_wid=None skip_call=None call_count=99 args=() kwds={}
2025-01-08 22:07:13,438 LT1-thread root DEBUG client.py                 71    logger_log                : Test function parameters: args=(), kwds={}
2025-01-08 22:07:13,453 LT1-thread root DEBUG client.py                 71    logger_log                : Starting test function: class=<class 'autopts.ptsprojects.testcase.TestFunc'>, func=<function test_cases.<locals>.<lambda> at 0x000001E8FEADCE00> start_wid=None stop_wid=None post_wid=None skip_call=None call_count=99 args=() kwds={}
2025-01-08 22:07:13,454 LT1-thread root DEBUG client.py                 71    logger_log                : Test function parameters: args=(), kwds={}
2025-01-08 22:07:13,467 LT1-thread root DEBUG client.py                 71    logger_log                : Starting test function: class=<class 'autopts.ptsprojects.testcase.TestFunc'>, func=<function test_cases.<locals>.<lambda> at 0x000001E8FEADCAE0> start_wid=None stop_wid=None post_wid=None skip_call=None call_count=99 args=() kwds={}
2025-01-08 22:07:13,467 LT1-thread root DEBUG client.py                 71    logger_log                : Test function parameters: args=(), kwds={}
2025-01-08 22:07:13,481 LT1-thread root DEBUG client.py                 71    logger_log                : Starting test function: class=<class 'autopts.ptsprojects.testcase.TestFunc'>, func=<function test_cases.<locals>.<lambda> at 0x000001E8FEADC7C0> start_wid=None stop_wid=None post_wid=None skip_call=None call_count=99 args=() kwds={}
2025-01-08 22:07:13,481 LT1-thread root DEBUG client.py                 71    logger_log                : Test function parameters: args=(), kwds={}
2025-01-08 22:07:13,495 LT1-thread root DEBUG client.py                 71    logger_log                : Starting test function: class=<class 'autopts.ptsprojects.testcase.TestFunc'>, func=<function test_cases.<locals>.<lambda> at 0x000001E8FEADC5E0> start_wid=None stop_wid=None post_wid=None skip_call=None call_count=99 args=() kwds={}
2025-01-08 22:07:13,495 LT1-thread root DEBUG client.py                 71    logger_log                : Test function parameters: args=(), kwds={}
2025-01-08 22:07:13,510 LT1-thread root DEBUG client.py                 71    logger_log                : Starting test function: class=<class 'autopts.ptsprojects.testcase.TestFunc'>, func=<function test_cases.<locals>.<lambda> at 0x000001E8FEADE340> start_wid=None stop_wid=None post_wid=None skip_call=None call_count=99 args=() kwds={}
2025-01-08 22:07:13,510 LT1-thread root DEBUG client.py                 71    logger_log                : Test function parameters: args=(), kwds={}
2025-01-08 22:07:13,524 LT1-thread root DEBUG client.py                 71    logger_log                : Starting test function: class=<class 'autopts.ptsprojects.testcase.TestFunc'>, func=<function test_cases.<locals>.<lambda> at 0x000001E8FEADE3E0> start_wid=None stop_wid=None post_wid=None skip_call=None call_count=99 args=() kwds={}
2025-01-08 22:07:13,524 LT1-thread root DEBUG client.py                 71    logger_log                : Test function parameters: args=(), kwds={}
2025-01-08 22:07:13,537 LT1-thread root DEBUG client.py                 71    logger_log                : Starting test function: class=<class 'autopts.ptsprojects.testcase.TestFunc'>, func=<function test_cases.<locals>.<lambda> at 0x000001E8FEADE480> start_wid=None stop_wid=None post_wid=None skip_call=None call_count=99 args=() kwds={}
2025-01-08 22:07:13,537 LT1-thread root DEBUG client.py                 71    logger_log                : Test function parameters: args=(), kwds={}
2025-01-08 22:07:13,551 LT1-thread root DEBUG client.py                 71    logger_log                : Starting test function: class=<class 'autopts.ptsprojects.testcase.TestFunc'>, func=<function test_cases.<locals>.<lambda> at 0x000001E8FEADE520> start_wid=None stop_wid=None post_wid=None skip_call=None call_count=99 args=() kwds={}
2025-01-08 22:07:13,551 LT1-thread root DEBUG client.py                 71    logger_log                : Test function parameters: args=(), kwds={}
2025-01-08 22:07:13,565 LT1-thread root DEBUG client.py                 71    logger_log                : Starting test function: class=<class 'autopts.ptsprojects.testcase.TestFunc'>, func=<function test_cases.<locals>.<lambda> at 0x000001E8FEADE5C0> start_wid=None stop_wid=None post_wid=None skip_call=None call_count=99 args=() kwds={}
2025-01-08 22:07:13,565 LT1-thread root DEBUG client.py                 71    logger_log                : Test function parameters: args=(), kwds={}
2025-01-08 22:07:13,578 LT1-thread root DEBUG client.py                 71    logger_log                : Starting test function: class=<class 'autopts.ptsprojects.testcase.TestFunc'>, func=<function test_cases.<locals>.<lambda> at 0x000001E8FEADE660> start_wid=None stop_wid=None post_wid=None skip_call=None call_count=99 args=() kwds={}
2025-01-08 22:07:13,578 LT1-thread root DEBUG client.py                 71    logger_log                : Test function parameters: args=(), kwds={}
2025-01-08 22:07:13,595 LT1-thread root DEBUG client.py                 71    logger_log                : Starting test function: class=<class 'autopts.ptsprojects.testcase.TestFunc'>, func=<function test_cases.<locals>.<lambda> at 0x000001E8FEADE700> start_wid=None stop_wid=None post_wid=None skip_call=None call_count=99 args=() kwds={}
2025-01-08 22:07:13,595 LT1-thread root DEBUG client.py                 71    logger_log                : Test function parameters: args=(), kwds={}
2025-01-08 22:07:13,608 LT1-thread root DEBUG client.py                 71    logger_log                : Starting test function: class=<class 'autopts.ptsprojects.testcase.TestFunc'>, func=<function core_reg_svc_gatt at 0x000001E8FA3D4680> start_wid=None stop_wid=None post_wid=None skip_call=None call_count=99 args=() kwds={}
2025-01-08 22:07:13,608 LT1-thread root DEBUG client.py                 71    logger_log                : Test function parameters: args=(), kwds={}
2025-01-08 22:07:13,608 LT1-thread root DEBUG client.py                 71    logger_log                : core_reg_svc_gatt
2025-01-08 22:07:13,608 LT1-thread root DEBUG client.py                 71    logger_log                : send, 0 3 255 '2'
2025-01-08 22:07:13,609 LT1-thread root DEBUG client.py                 71    logger_log                : sending frame '0003ff010002'
2025-01-08 22:07:13,609 LT1-thread root DEBUG client.py                 71    logger_log                : core_reg_svc_rsp_succ
2025-01-08 22:07:13,609 LT1-thread root DEBUG client.py                 71    logger_log                : read
2025-01-08 22:07:13,666 BTPWorkerThread-2469 (_rx_task) root DEBUG client.py                 71    logger_log                : Read 5 bytes
2025-01-08 22:07:13,677 BTPWorkerThread-2469 (_rx_task) root DEBUG client.py                 71    logger_log                : Received: hdr: Header(svc_id=0x00, op=0x03, ctrl_index=0xff, data_len=0x00) bytearray(b'\x00\x03\xff\x00\x00')
2025-01-08 22:07:13,683 BTPWorkerThread-2469 (_rx_task) root DEBUG client.py                 71    logger_log                : Received data: {''}, bytearray(b'')
2025-01-08 22:07:13,683 LT1-thread root DEBUG client.py                 71    logger_log                : received Header(svc_id=0, op=3, ctrl_index=255, data_len=0) (b'',)
2025-01-08 22:07:13,683 LT1-thread root DEBUG client.py                 71    logger_log                : expected ((0, 3, 255, 0), (b'',))
2025-01-08 22:07:13,684 LT1-thread root DEBUG client.py                 71    logger_log                : response is valid
2025-01-08 22:07:13,684 LT1-thread root DEBUG client.py                 71    logger_log                : Starting test function: class=<class 'autopts.ptsprojects.testcase.TestFunc'>, func=<bound method Stack.gatt_init of <autopts.ptsprojects.stack.stack.Stack object at 0x000001E8FE401590>> start_wid=None stop_wid=None post_wid=None skip_call=None call_count=99 args=() kwds={}
2025-01-08 22:07:13,684 LT1-thread root DEBUG client.py                 71    logger_log                : Test function parameters: args=(), kwds={}
2025-01-08 22:07:13,684 LT1-thread root DEBUG client.py                 71    logger_log                : Starting test function: class=<class 'autopts.ptsprojects.testcase.TestFunc'>, func=<function gap_set_io_cap at 0x000001E8FA3D7920> start_wid=None stop_wid=None post_wid=None skip_call=None call_count=99 args=(4,) kwds={}
2025-01-08 22:07:13,684 LT1-thread root DEBUG client.py                 71    logger_log                : Test function parameters: args=(4,), kwds={}
2025-01-08 22:07:13,685 LT1-thread root DEBUG client.py                 71    logger_log                : gap_set_io_cap 4
2025-01-08 22:07:13,685 LT1-thread root DEBUG client.py                 71    logger_log                : send, 1 16 0 '\x04'
2025-01-08 22:07:13,685 LT1-thread root DEBUG client.py                 71    logger_log                : sending frame '011000010004'
2025-01-08 22:07:13,685 LT1-thread root DEBUG client.py                 71    logger_log                : gap_command_rsp_succ
2025-01-08 22:07:13,685 LT1-thread root DEBUG client.py                 71    logger_log                : read
2025-01-08 22:07:13,723 BTPWorkerThread-2469 (_rx_task) root DEBUG client.py                 71    logger_log                : Read 5 bytes
2025-01-08 22:07:13,734 BTPWorkerThread-2469 (_rx_task) root DEBUG client.py                 71    logger_log                : Received: hdr: Header(svc_id=0x01, op=0x10, ctrl_index=0x00, data_len=0x00) bytearray(b'\x01\x10\x00\x00\x00')
2025-01-08 22:07:13,734 BTPWorkerThread-2469 (_rx_task) root DEBUG client.py                 71    logger_log                : Received data: {''}, bytearray(b'')
2025-01-08 22:07:13,739 LT1-thread root DEBUG client.py                 71    logger_log                : received Header(svc_id=1, op=16, ctrl_index=0, data_len=0) (b'',)
2025-01-08 22:07:13,739 LT1-thread root DEBUG client.py                 71    logger_log                : Starting test function: class=<class 'autopts.ptsprojects.testcase.TestFunc'>, func=<function set_pts_addr at 0x000001E8FA3D40E0> start_wid=None stop_wid=None post_wid=None skip_call=None call_count=99 args=('C0:07:E8:59:F2:E6', 0) kwds={}
2025-01-08 22:07:13,739 LT1-thread root DEBUG client.py                 71    logger_log                : Test function parameters: args=('C0:07:E8:59:F2:E6', 0), kwds={}
2025-01-08 22:07:13,740 LT1-thread root DEBUG client.py                 71    logger_log                : Starting test function: class=<class 'autopts.ptsprojects.testcase.TestFunc'>, func=<function gatts_add_svc at 0x000001E8FA3E5DA0> start_wid=None stop_wid=None post_wid=None skip_call=None call_count=98 args=(0, 'AA51') kwds={}
2025-01-08 22:07:13,740 LT1-thread root DEBUG client.py                 71    logger_log                : Test function parameters: args=(0, 'AA51'), kwds={}
2025-01-08 22:07:13,740 LT1-thread root DEBUG client.py                 71    logger_log                : gatts_add_svc 0 'AA51'
2025-01-08 22:07:13,740 LT1-thread root DEBUG client.py                 71    logger_log                : send, 2 2 0 "bytearray(b'\\x00\\x02\\xaaQ')"
2025-01-08 22:07:13,740 LT1-thread root DEBUG client.py                 71    logger_log                : sending frame '02020004000002aa51'
2025-01-08 22:07:13,741 LT1-thread root DEBUG client.py                 71    logger_log                : gatt_command_rsp_succ
2025-01-08 22:07:13,741 LT1-thread root DEBUG client.py                 71    logger_log                : read
2025-01-08 22:07:13,813 BTPWorkerThread-2469 (_rx_task) root DEBUG client.py                 71    logger_log                : Read 5 bytes
2025-01-08 22:07:13,824 BTPWorkerThread-2469 (_rx_task) root DEBUG client.py                 71    logger_log                : Received: hdr: Header(svc_id=0x02, op=0x02, ctrl_index=0x00, data_len=0x02) bytearray(b'\x02\x02\x00\x02\x00')
2025-01-08 22:07:13,852 BTPWorkerThread-2469 (_rx_task) root DEBUG client.py                 71    logger_log                : Read 2 bytes data
2025-01-08 22:07:13,879 BTPWorkerThread-2469 (_rx_task) root DEBUG client.py                 71    logger_log                : Received data: {'00 00'}, bytearray(b'\x00\x00')
2025-01-08 22:07:13,900 LT1-thread root DEBUG client.py                 71    logger_log                : received Header(svc_id=2, op=2, ctrl_index=0, data_len=2) (b'\x00\x00',)
2025-01-08 22:07:13,900 LT1-thread root DEBUG client.py                 71    logger_log                : Starting test function: class=<class 'autopts.ptsprojects.testcase.TestFunc'>, func=<function gatts_add_char at 0x000001E8FA3E5EE0> start_wid=None stop_wid=None post_wid=None skip_call=None call_count=98 args=(0, 2, 17, 'AA52') kwds={}
2025-01-08 22:07:13,900 LT1-thread root DEBUG client.py                 71    logger_log                : Test function parameters: args=(0, 2, 17, 'AA52'), kwds={}
2025-01-08 22:07:13,900 LT1-thread root DEBUG client.py                 71    logger_log                : gatts_add_char 0 2 17 'AA52'
2025-01-08 22:07:13,900 LT1-thread root DEBUG client.py                 71    logger_log                : send, 2 3 0 "bytearray(b'\\x00\\x00\\x02\\x11\\x02\\xaaR')"
2025-01-08 22:07:13,900 LT1-thread root DEBUG client.py                 71    logger_log                : sending frame '02030007000000021102aa52'
2025-01-08 22:07:13,901 LT1-thread root DEBUG client.py                 71    logger_log                : gatt_command_rsp_succ
2025-01-08 22:07:13,901 LT1-thread root DEBUG client.py                 71    logger_log                : read
2025-01-08 22:07:13,969 BTPWorkerThread-2469 (_rx_task) root DEBUG client.py                 71    logger_log                : Read 5 bytes
2025-01-08 22:07:13,980 BTPWorkerThread-2469 (_rx_task) root DEBUG client.py                 71    logger_log                : Received: hdr: Header(svc_id=0x02, op=0x03, ctrl_index=0x00, data_len=0x02) bytearray(b'\x02\x03\x00\x02\x00')
2025-01-08 22:07:14,039 BTPWorkerThread-2469 (_rx_task) root DEBUG client.py                 71    logger_log                : Read 2 bytes data
2025-01-08 22:07:14,051 BTPWorkerThread-2469 (_rx_task) root DEBUG client.py                 71    logger_log                : Received data: {'00 00'}, bytearray(b'\x00\x00')
2025-01-08 22:07:14,068 LT1-thread root DEBUG client.py                 71    logger_log                : received Header(svc_id=2, op=3, ctrl_index=0, data_len=2) (b'\x00\x00',)
2025-01-08 22:07:14,068 LT1-thread root DEBUG client.py                 71    logger_log                : Starting test function: class=<class 'autopts.ptsprojects.testcase.TestFunc'>, func=<function gatts_set_val at 0x000001E8FA3E5F80> start_wid=None stop_wid=None post_wid=None skip_call=None call_count=98 args=(0, '01') kwds={}
2025-01-08 22:07:14,068 LT1-thread root DEBUG client.py                 71    logger_log                : Test function parameters: args=(0, '01'), kwds={}
2025-01-08 22:07:14,068 LT1-thread root DEBUG client.py                 71    logger_log                : gatts_set_val 0 '01' 
2025-01-08 22:07:14,069 LT1-thread root DEBUG client.py                 71    logger_log                : send, 2 6 0 "bytearray(b'\\x00\\x00\\x01\\x00\\x01')"
2025-01-08 22:07:14,069 LT1-thread root DEBUG client.py                 71    logger_log                : sending frame '02060005000000010001'
2025-01-08 22:07:14,069 LT1-thread root DEBUG client.py                 71    logger_log                : gatt_command_rsp_succ
2025-01-08 22:07:14,069 LT1-thread root DEBUG client.py                 71    logger_log                : read
2025-01-08 22:07:14,121 BTPWorkerThread-2469 (_rx_task) root DEBUG client.py                 71    logger_log                : Read 5 bytes
2025-01-08 22:07:14,121 BTPWorkerThread-2469 (_rx_task) root DEBUG client.py                 71    logger_log                : Received: hdr: Header(svc_id=0x02, op=0x06, ctrl_index=0x00, data_len=0x00) bytearray(b'\x02\x06\x00\x00\x00')
2025-01-08 22:07:14,131 BTPWorkerThread-2469 (_rx_task) root DEBUG client.py                 71    logger_log                : Received data: {''}, bytearray(b'')
2025-01-08 22:07:14,142 LT1-thread root DEBUG client.py                 71    logger_log                : received Header(svc_id=2, op=6, ctrl_index=0, data_len=0) (b'',)
2025-01-08 22:07:14,142 LT1-thread root DEBUG client.py                 71    logger_log                : Starting test function: class=<class 'autopts.ptsprojects.testcase.TestFunc'>, func=<function gatts_add_char at 0x000001E8FA3E5EE0> start_wid=None stop_wid=None post_wid=None skip_call=None call_count=98 args=(0, 2, 5, 'AA53') kwds={}
2025-01-08 22:07:14,142 LT1-thread root DEBUG client.py                 71    logger_log                : Test function parameters: args=(0, 2, 5, 'AA53'), kwds={}
2025-01-08 22:07:14,143 LT1-thread root DEBUG client.py                 71    logger_log                : gatts_add_char 0 2 5 'AA53'
2025-01-08 22:07:14,143 LT1-thread root DEBUG client.py                 71    logger_log                : send, 2 3 0 "bytearray(b'\\x00\\x00\\x02\\x05\\x02\\xaaS')"
2025-01-08 22:07:14,143 LT1-thread root DEBUG client.py                 71    logger_log                : sending frame '02030007000000020502aa53'
2025-01-08 22:07:14,143 LT1-thread root DEBUG client.py                 71    logger_log                : gatt_command_rsp_succ
2025-01-08 22:07:14,143 LT1-thread root DEBUG client.py                 71    logger_log                : read
2025-01-08 22:07:14,227 BTPWorkerThread-2469 (_rx_task) root DEBUG client.py                 71    logger_log                : Read 5 bytes
2025-01-08 22:07:14,237 BTPWorkerThread-2469 (_rx_task) root DEBUG client.py                 71    logger_log                : Received: hdr: Header(svc_id=0x02, op=0x03, ctrl_index=0x00, data_len=0x02) bytearray(b'\x02\x03\x00\x02\x00')
2025-01-08 22:07:14,258 BTPWorkerThread-2469 (_rx_task) root DEBUG client.py                 71    logger_log                : Read 2 bytes data
2025-01-08 22:07:14,275 BTPWorkerThread-2469 (_rx_task) root DEBUG client.py                 71    logger_log                : Received data: {'00 00'}, bytearray(b'\x00\x00')
2025-01-08 22:07:14,324 LT1-thread root DEBUG client.py                 71    logger_log                : received Header(svc_id=2, op=3, ctrl_index=0, data_len=2) (b'\x00\x00',)
2025-01-08 22:07:14,324 LT1-thread root DEBUG client.py                 71    logger_log                : Starting test function: class=<class 'autopts.ptsprojects.testcase.TestFunc'>, func=<function gatts_set_val at 0x000001E8FA3E5F80> start_wid=None stop_wid=None post_wid=None skip_call=None call_count=98 args=(0, '02') kwds={}
2025-01-08 22:07:14,324 LT1-thread root DEBUG client.py                 71    logger_log                : Test function parameters: args=(0, '02'), kwds={}
2025-01-08 22:07:14,324 LT1-thread root DEBUG client.py                 71    logger_log                : gatts_set_val 0 '02' 
2025-01-08 22:07:14,325 LT1-thread root DEBUG client.py                 71    logger_log                : send, 2 6 0 "bytearray(b'\\x00\\x00\\x01\\x00\\x02')"
2025-01-08 22:07:14,325 LT1-thread root DEBUG client.py                 71    logger_log                : sending frame '02060005000000010002'
2025-01-08 22:07:14,325 LT1-thread root DEBUG client.py                 71    logger_log                : gatt_command_rsp_succ
2025-01-08 22:07:14,325 LT1-thread root DEBUG client.py                 71    logger_log                : read
2025-01-08 22:07:14,388 BTPWorkerThread-2469 (_rx_task) root DEBUG client.py                 71    logger_log                : Read 5 bytes
2025-01-08 22:07:14,398 BTPWorkerThread-2469 (_rx_task) root DEBUG client.py                 71    logger_log                : Received: hdr: Header(svc_id=0x02, op=0x06, ctrl_index=0x00, data_len=0x00) bytearray(b'\x02\x06\x00\x00\x00')
2025-01-08 22:07:14,409 BTPWorkerThread-2469 (_rx_task) root DEBUG client.py                 71    logger_log                : Received data: {''}, bytearray(b'')
2025-01-08 22:07:14,453 LT1-thread root DEBUG client.py                 71    logger_log                : received Header(svc_id=2, op=6, ctrl_index=0, data_len=0) (b'',)
2025-01-08 22:07:14,453 LT1-thread root DEBUG client.py                 71    logger_log                : Starting test function: class=<class 'autopts.ptsprojects.testcase.TestFunc'>, func=<function gatts_add_char at 0x000001E8FA3E5EE0> start_wid=None stop_wid=None post_wid=None skip_call=None call_count=98 args=(0, 66, 3, 'AA54') kwds={}
2025-01-08 22:07:14,453 LT1-thread root DEBUG client.py                 71    logger_log                : Test function parameters: args=(0, 66, 3, 'AA54'), kwds={}
2025-01-08 22:07:14,454 LT1-thread root DEBUG client.py                 71    logger_log                : gatts_add_char 0 66 3 'AA54'
2025-01-08 22:07:14,454 LT1-thread root DEBUG client.py                 71    logger_log                : send, 2 3 0 "bytearray(b'\\x00\\x00B\\x03\\x02\\xaaT')"
2025-01-08 22:07:14,454 LT1-thread root DEBUG client.py                 71    logger_log                : sending frame '02030007000000420302aa54'
2025-01-08 22:07:14,454 LT1-thread root DEBUG client.py                 71    logger_log                : gatt_command_rsp_succ
2025-01-08 22:07:14,454 LT1-thread root DEBUG client.py                 71    logger_log                : read
2025-01-08 22:07:14,522 BTPWorkerThread-2469 (_rx_task) root DEBUG client.py                 71    logger_log                : Read 5 bytes
2025-01-08 22:07:14,538 BTPWorkerThread-2469 (_rx_task) root DEBUG client.py                 71    logger_log                : Received: hdr: Header(svc_id=0x02, op=0x03, ctrl_index=0x00, data_len=0x02) bytearray(b'\x02\x03\x00\x02\x00')
2025-01-08 22:07:14,560 BTPWorkerThread-2469 (_rx_task) root DEBUG client.py                 71    logger_log                : Read 2 bytes data
2025-01-08 22:07:14,571 BTPWorkerThread-2469 (_rx_task) root DEBUG client.py                 71    logger_log                : Received data: {'00 00'}, bytearray(b'\x00\x00')
2025-01-08 22:07:14,587 LT1-thread root DEBUG client.py                 71    logger_log                : received Header(svc_id=2, op=3, ctrl_index=0, data_len=2) (b'\x00\x00',)
2025-01-08 22:07:14,587 LT1-thread root DEBUG client.py                 71    logger_log                : Starting test function: class=<class 'autopts.ptsprojects.testcase.TestFunc'>, func=<function gatts_set_val at 0x000001E8FA3E5F80> start_wid=None stop_wid=None post_wid=None skip_call=None call_count=98 args=(0, '03') kwds={}
2025-01-08 22:07:14,588 LT1-thread root DEBUG client.py                 71    logger_log                : Test function parameters: args=(0, '03'), kwds={}
2025-01-08 22:07:14,588 LT1-thread root DEBUG client.py                 71    logger_log                : gatts_set_val 0 '03' 
2025-01-08 22:07:14,588 LT1-thread root DEBUG client.py                 71    logger_log                : send, 2 6 0 "bytearray(b'\\x00\\x00\\x01\\x00\\x03')"
2025-01-08 22:07:14,589 LT1-thread root DEBUG client.py                 71    logger_log                : sending frame '02060005000000010003'
2025-01-08 22:07:14,589 LT1-thread root DEBUG client.py                 71    logger_log                : gatt_command_rsp_succ
2025-01-08 22:07:14,589 LT1-thread root DEBUG client.py                 71    logger_log                : read
2025-01-08 22:07:14,656 BTPWorkerThread-2469 (_rx_task) root DEBUG client.py                 71    logger_log                : Read 5 bytes
2025-01-08 22:07:14,677 BTPWorkerThread-2469 (_rx_task) root DEBUG client.py                 71    logger_log                : Received: hdr: Header(svc_id=0x02, op=0x06, ctrl_index=0x00, data_len=0x00) bytearray(b'\x02\x06\x00\x00\x00')
2025-01-08 22:07:14,711 BTPWorkerThread-2469 (_rx_task) root DEBUG client.py                 71    logger_log                : Received data: {''}, bytearray(b'')
2025-01-08 22:07:14,727 LT1-thread root DEBUG client.py                 71    logger_log                : received Header(svc_id=2, op=6, ctrl_index=0, data_len=0) (b'',)
2025-01-08 22:07:14,727 LT1-thread root DEBUG client.py                 71    logger_log                : Starting test function: class=<class 'autopts.ptsprojects.testcase.TestFunc'>, func=<function gatts_add_char at 0x000001E8FA3E5EE0> start_wid=None stop_wid=None post_wid=None skip_call=None call_count=98 args=(0, 10, 48, 'AA55') kwds={}
2025-01-08 22:07:14,728 LT1-thread root DEBUG client.py                 71    logger_log                : Test function parameters: args=(0, 10, 48, 'AA55'), kwds={}
2025-01-08 22:07:14,728 LT1-thread root DEBUG client.py                 71    logger_log                : gatts_add_char 0 10 48 'AA55'
2025-01-08 22:07:14,728 LT1-thread root DEBUG client.py                 71    logger_log                : send, 2 3 0 "bytearray(b'\\x00\\x00\\n0\\x02\\xaaU')"
2025-01-08 22:07:14,728 LT1-thread root DEBUG client.py                 71    logger_log                : sending frame '020300070000000a3002aa55'
2025-01-08 22:07:14,728 LT1-thread root DEBUG client.py                 71    logger_log                : gatt_command_rsp_succ
2025-01-08 22:07:14,728 LT1-thread root DEBUG client.py                 71    logger_log                : read
2025-01-08 22:07:14,794 BTPWorkerThread-2469 (_rx_task) root DEBUG client.py                 71    logger_log                : Read 5 bytes
2025-01-08 22:07:14,800 BTPWorkerThread-2469 (_rx_task) root DEBUG client.py                 71    logger_log                : Received: hdr: Header(svc_id=0x02, op=0x03, ctrl_index=0x00, data_len=0x02) bytearray(b'\x02\x03\x00\x02\x00')
2025-01-08 22:07:14,833 BTPWorkerThread-2469 (_rx_task) root DEBUG client.py                 71    logger_log                : Read 2 bytes data
2025-01-08 22:07:14,844 BTPWorkerThread-2469 (_rx_task) root DEBUG client.py                 71    logger_log                : Received data: {'00 00'}, bytearray(b'\x00\x00')
2025-01-08 22:07:14,854 LT1-thread root DEBUG client.py                 71    logger_log                : received Header(svc_id=2, op=3, ctrl_index=0, data_len=2) (b'\x00\x00',)
2025-01-08 22:07:14,854 LT1-thread root DEBUG client.py                 71    logger_log                : Starting test function: class=<class 'autopts.ptsprojects.testcase.TestFunc'>, func=<function gatts_set_val at 0x000001E8FA3E5F80> start_wid=None stop_wid=None post_wid=None skip_call=None call_count=98 args=(0, '04') kwds={}
2025-01-08 22:07:14,854 LT1-thread root DEBUG client.py                 71    logger_log                : Test function parameters: args=(0, '04'), kwds={}
2025-01-08 22:07:14,854 LT1-thread root DEBUG client.py                 71    logger_log                : gatts_set_val 0 '04' 
2025-01-08 22:07:14,854 LT1-thread root DEBUG client.py                 71    logger_log                : send, 2 6 0 "bytearray(b'\\x00\\x00\\x01\\x00\\x04')"
2025-01-08 22:07:14,855 LT1-thread root DEBUG client.py                 71    logger_log                : sending frame '02060005000000010004'
2025-01-08 22:07:14,855 LT1-thread root DEBUG client.py                 71    logger_log                : gatt_command_rsp_succ
2025-01-08 22:07:14,855 LT1-thread root DEBUG client.py                 71    logger_log                : read
2025-01-08 22:07:14,919 BTPWorkerThread-2469 (_rx_task) root DEBUG client.py                 71    logger_log                : Read 5 bytes
2025-01-08 22:07:14,930 BTPWorkerThread-2469 (_rx_task) root DEBUG client.py                 71    logger_log                : Received: hdr: Header(svc_id=0x02, op=0x06, ctrl_index=0x00, data_len=0x00) bytearray(b'\x02\x06\x00\x00\x00')
2025-01-08 22:07:14,940 BTPWorkerThread-2469 (_rx_task) root DEBUG client.py                 71    logger_log                : Received data: {''}, bytearray(b'')
2025-01-08 22:07:14,957 LT1-thread root DEBUG client.py                 71    logger_log                : received Header(svc_id=2, op=6, ctrl_index=0, data_len=0) (b'',)
2025-01-08 22:07:14,957 LT1-thread root DEBUG client.py                 71    logger_log                : Starting test function: class=<class 'autopts.ptsprojects.testcase.TestFunc'>, func=<function gatts_start_server at 0x000001E8FA3E6200> start_wid=None stop_wid=None post_wid=None skip_call=None call_count=98 args=() kwds={}
2025-01-08 22:07:14,957 LT1-thread root DEBUG client.py                 71    logger_log                : Test function parameters: args=(), kwds={}
2025-01-08 22:07:14,957 LT1-thread root DEBUG client.py                 71    logger_log                : gatts_start_server
2025-01-08 22:07:14,957 LT1-thread root DEBUG client.py                 71    logger_log                : send, 2 7 0 ''
2025-01-08 22:07:14,958 LT1-thread root DEBUG client.py                 71    logger_log                : sending frame '0207000000'
2025-01-08 22:07:14,958 LT1-thread root DEBUG client.py                 71    logger_log                : gatt_command_rsp_succ
2025-01-08 22:07:14,958 LT1-thread root DEBUG client.py                 71    logger_log                : read
2025-01-08 22:07:15,014 BTPWorkerThread-2469 (_rx_task) root DEBUG client.py                 71    logger_log                : Read 5 bytes
2025-01-08 22:07:15,025 BTPWorkerThread-2469 (_rx_task) root DEBUG client.py                 71    logger_log                : Received: hdr: Header(svc_id=0x02, op=0x07, ctrl_index=0x00, data_len=0x03) bytearray(b'\x02\x07\x00\x03\x00')
2025-01-08 22:07:15,068 BTPWorkerThread-2469 (_rx_task) root DEBUG client.py                 71    logger_log                : Read 3 bytes data
2025-01-08 22:07:15,080 BTPWorkerThread-2469 (_rx_task) root DEBUG client.py                 71    logger_log                : Received data: {'00 00 00'}, bytearray(b'\x00\x00\x00')
2025-01-08 22:07:15,097 LT1-thread root DEBUG client.py                 71    logger_log                : received Header(svc_id=2, op=7, ctrl_index=0, data_len=3) (b'\x00\x00\x00',)
2025-01-08 22:07:15,100 LT1-thread root DEBUG client.py                 71    logger_log                : ClientCallback.get_result run_test_case
2025-01-08 22:07:17,541 LT1-callback ClientCallback.on_implicit_send INFO client.py                 71    logger_log                : 
    ********************
    BEGIN OnImplicitSend:
    project_name: GAP
    wid: 232
    test_case_name: GAP/ADV/BV-18-C
    description: Please prepare IUT to send an advertising report with Advertising Interval Long AD type.
    style: MMI_Style_Ok_Cancel2 0x11141
2025-01-08 22:07:17,541 LT1-callback ClientCallback.on_implicit_send INFO client.py                 71    logger_log                : Calling test cases on_implicit_send
2025-01-08 22:07:17,541 LT1-callback ClientCallback.on_implicit_send INFO client.py                 71    logger_log                : 
    on_implicit_send returned response: WAIT
    END OnImplicitSend
    ********************
2025-01-08 22:07:18,102 LT1-thread root DEBUG client.py                 71    logger_log                : GAP GAP/ADV/BV-18-C on_implicit_send
2025-01-08 22:07:18,102 LT1-thread root DEBUG client.py                 71    logger_log                : gap_wid_hdl, 232, Please prepare IUT to send an advertising report with Advertising Interval Long AD type., GAP/ADV/BV-18-C
2025-01-08 22:07:18,102 LT1-thread root DEBUG client.py                 71    logger_log                : gap_adv_ind_on {9: b'Tester_59F2E6', 47: '000030'} None
2025-01-08 22:07:18,102 LT1-thread root DEBUG client.py                 71    logger_log                : send, 1 10 0 "bytearray(b'\\x14\\x00\\t\\rTester_59F2E6/\\x03\\x00\\x000\\xff\\xff\\xff\\xff\\x00')"
2025-01-08 22:07:18,102 LT1-thread root DEBUG client.py                 71    logger_log                : sending frame '010a001b001400090d5465737465725f3539463245362f03000030ffffffff00'
2025-01-08 22:07:18,103 LT1-thread root DEBUG client.py                 71    logger_log                : gap_command_rsp_succ
2025-01-08 22:07:18,103 LT1-thread root DEBUG client.py                 71    logger_log                : read
2025-01-08 22:07:18,153 BTPWorkerThread-2469 (_rx_task) root DEBUG client.py                 71    logger_log                : Read 5 bytes
2025-01-08 22:07:18,163 BTPWorkerThread-2469 (_rx_task) root DEBUG client.py                 71    logger_log                : Received: hdr: Header(svc_id=0x01, op=0x0a, ctrl_index=0x00, data_len=0x04) bytearray(b'\x01\n\x00\x04\x00')
2025-01-08 22:07:18,175 BTPWorkerThread-2469 (_rx_task) root DEBUG client.py                 71    logger_log                : Read 4 bytes data
2025-01-08 22:07:18,197 BTPWorkerThread-2469 (_rx_task) root DEBUG client.py                 71    logger_log                : Received data: {'13 06 00 00'}, bytearray(b'\x13\x06\x00\x00')
2025-01-08 22:07:18,208 LT1-thread root DEBUG client.py                 71    logger_log                : received Header(svc_id=1, op=10, ctrl_index=0, data_len=4) (b'\x13\x06\x00\x00',)
2025-01-08 22:07:18,208 LT1-thread root DEBUG client.py                 71    logger_log                : __gap_current_settings_update (b'\x13\x06\x00\x00',)
2025-01-08 22:07:18,208 LT1-thread root DEBUG client.py                 71    logger_log                : Sending response 'OK' to wid 232 test case GAP/ADV/BV-18-C
2025-01-08 22:07:18,211 LT1-thread root DEBUG client.py                 71    logger_log                : ClientCallback.get_result run_test_case
2025-01-08 22:07:21,118 LT1-callback ClientCallback.log INFO client.py                 71    logger_log                : PTS_LOGTYPE_START_TEST Start Test Case 

+16 ms
 GAP/ADV/BV-18-C GAP/ADV/BV-18-C

2025-01-08 22:07:21,441 LT1-callback ClientCallback.log INFO client.py                 71    logger_log                : PTS_LOGTYPE_FINAL_VERDICT Final Verdict 

+4609 ms
 GAP/ADV/BV-18-C PASS

2025-01-08 22:07:21,448 LT1-callback ClientCallback.log INFO client.py                 71    logger_log                : PTS_LOGTYPE_FINAL_VERDICT Encrypted Verdict 

+4609 ms
 GAP/ADV/BV-18-C A1#ZWY4MzQ5MDg3MmQwNTIxOGQzMzQ5YjY2ODA5M2MzNjQ5ZDY4NmY0Yjc2MzIzM2VkNTUyNTFhNGU4Mjg1MjI0NA==#DK43H8UZi6O0YP3lEdSeJQNrKTEyY1RazELcPlUkAR1dTPJdjqZkLA==

2025-01-08 22:07:21,576 LT1-callback ClientCallback.log INFO client.py                 71    logger_log                : PTS_LOGTYPE_END_TEST Test Case Ended 

+4609 ms
 GAP/ADV/BV-18-C GAP/ADV/BV-18-C

2025-01-08 22:07:21,856 LT1-callback root DEBUG client.py                 71    logger_log                : ClientCallback, set_result, run_test_case, PASS
2025-01-08 22:07:21,856 LT1-thread root DEBUG client.py                 71    logger_log                : After run_test_case error_code=0 status='PASS'
2025-01-08 22:07:21,857 LT1-thread root DEBUG client.py                 71    logger_log                : post_run GAP GAP/ADV/BV-18-C 0
2025-01-08 22:07:21,857 LT1-thread root DEBUG client.py                 71    logger_log                : Starting test function: class=<class 'autopts.ptsprojects.testcase.TestFuncCleanUp'>, func=<bound method Stack.cleanup of <autopts.ptsprojects.stack.stack.Stack object at 0x000001E8FE401590>> start_wid=None stop_wid=None post_wid=None skip_call=None call_count=1 args=() kwds={}
2025-01-08 22:07:21,857 LT1-thread root DEBUG client.py                 71    logger_log                : Test function parameters: args=(), kwds={}
2025-01-08 22:07:21,857 LT1-thread root DEBUG client.py                 71    logger_log                : Starting test function: class=<class 'autopts.ptsprojects.testcase.TestFuncCleanUp'>, func=<bound method ZephyrCtl.stop of <autopts.ptsprojects.zephyr.iutctl.ZephyrCtl object at 0x000001E8FB029B90>> start_wid=None stop_wid=None post_wid=None skip_call=None call_count=1 args=() kwds={}
2025-01-08 22:07:21,858 LT1-thread root DEBUG client.py                 71    logger_log                : Test function parameters: args=(), kwds={}
2025-01-08 22:07:21,858 LT1-thread root DEBUG client.py                 71    logger_log                : <class 'autopts.ptsprojects.zephyr.iutctl.ZephyrCtl'>.stop
2025-01-08 22:07:21,960 LT1-thread root DEBUG client.py                 71    logger_log                : <class 'autopts.rtt.RTTLogger'>.stop
2025-01-08 22:07:21,960 LT1-thread root DEBUG client.py                 71    logger_log                : <class 'autopts.rtt.RTT'>.stop
2025-01-08 22:07:21,982 LT1-thread root DEBUG client.py                 71    logger_log                : About to reset DUT: JLink -CommandFile reset.jlink -usb 1064371884 -device MCXW716
2025-01-08 22:07:22,472 BTPWorkerThread-2469 (_rx_task) root DEBUG client.py                 71    logger_log                : Read 5 bytes
2025-01-08 22:07:22,493 BTPWorkerThread-2469 (_rx_task) root DEBUG client.py                 71    logger_log                : Received: hdr: Header(svc_id=0x00, op=0x80, ctrl_index=0xff, data_len=0x00) bytearray(b'\x00\x80\xff\x00\x00')
2025-01-08 22:07:22,512 BTPWorkerThread-2469 (_rx_task) root DEBUG client.py                 71    logger_log                : Received data: {''}, bytearray(b'')
2025-01-08 22:07:22,532 BTPWorkerThread-2469 (_rx_task) root DEBUG client.py                 71    logger_log                : event_handler Header(svc_id=0, op=128, ctrl_index=255, data_len=0) (b'',)
2025-01-08 22:07:22,553 BTPWorkerThread-2469 (_rx_task) root DEBUG client.py                 71    logger_log                : core_iut_ready_ev
2025-01-08 22:07:22,573 LT1-thread root DEBUG client.py                 71    logger_log                : IUT ready event received OK
2025-01-08 22:07:22,573 LT1-thread root DEBUG client.py                 71    logger_log                : Waiting for _rx_worker to finish ...
2025-01-08 22:07:23,582 LT1-thread root DEBUG client.py                 71    logger_log                : Waiting for _rx_worker to finish ...
2025-01-08 22:07:23,582 BTPWorkerThread-2469 (_rx_task) root DEBUG client.py                 71    logger_log                : BTPWorkerThread-2469 (_rx_task) finishing...
2025-01-08 22:07:26,599 LT1-thread root DEBUG client.py                 71    logger_log                : post_run, cleanup running post test case script
2025-01-08 22:07:26,599 LT1-thread root DEBUG client.py                 71    logger_log                : post_run, run post test case script
2025-01-08 22:07:26,740 LT1-thread root DEBUG client.py                 71    logger_log                : Done TestCase _run_test_case GAP GAP/ADV/BV-18-C
