< 2025/01/08 23:24:03.238404  length=5 from=0 to=4
 00 80 ff 00 00                                   .....
--
> 2025/01/08 23:24:12.974652  length=6 from=0 to=5
 00 03 ff 01 00 01                                ......
--
< 2025/01/08 23:24:13.020369  length=5 from=5 to=9
 00 03 ff 00 00                                   .....
--
> 2025/01/08 23:24:13.096845  length=5 from=6 to=10
 01 03 00 00 00                                   .....
--
< 2025/01/08 23:24:13.938702  length=128 from=10 to=137
 01 03 00 15 01 28 00 03 37 60 00 13 06 02 00 13  .....(..7`......
 02 00 00 00 00 00 62 74 70 5f 74 65 73 74 65 72  ......btp_tester
 00 00 00 00 00 00 00 00 00 00 00 00 00 00 00 00  ................
 00 00 00 00 00 00 00 00 00 00 00 00 00 00 00 00  ................
 00 00 00 00 00 00 00 00 00 00 00 00 00 00 00 00  ................
 00 00 00 00 00 00 00 00 00 00 00 00 00 00 00 00  ................
 00 00 00 00 00 00 00 00 00 00 00 00 00 00 00 00  ................
 00 00 00 00 00 00 00 00 00 00 00 00 00 00 00 00  ................
--
< 2025/01/08 23:24:13.953308  length=154 from=138 to=291
 00 00 00 00 00 00 00 00 00 00 00 00 00 00 00 00  ................
 00 00 00 00 00 00 00 00 00 00 00 00 00 00 00 00  ................
 00 00 00 00 00 00 00 00 00 00 00 00 00 00 00 00  ................
 00 00 00 00 00 00 00 00 00 00 00 00 00 00 00 00  ................
 00 00 00 00 00 00 00 00 00 00 00 00 00 00 00 00  ................
 00 00 00 00 00 00 00 00 00 00 00 00 00 00 00 00  ................
 00 00 00 00 00 00 00 00 00 00 00 00 00 00 00 00  ................
 00 00 00 00 00 00 00 00 00 00 00 00 00 00 00 00  ................
 00 00 00 00 00 00 00 00 00 00 00 00 00 00 00 00  ................
 00 00 00 00 00 00 00 00 00 00                    ..........
--
> 2025/01/08 23:24:14.029979  length=6 from=11 to=16
 00 03 ff 01 00 02                                ......
--
< 2025/01/08 23:24:14.045576  length=5 from=292 to=296
 00 03 ff 00 00                                   .....
--
> 2025/01/08 23:24:16.134589  length=6 from=17 to=22
 01 08 00 01 00 01                                ......
--
< 2025/01/08 23:24:16.150089  length=9 from=297 to=305
 01 08 00 04 00 1b 02 00 00                       .........
--
> 2025/01/08 23:24:16.272724  length=27 from=23 to=49
 01 0a                                            ..
 00 16 00 0f 00 09 0d 54 65 73 74 65 72 5f 35 39  .......Tester_59
 46 32 45 36 ff ff ff ff 00                       F2E6.....
--
< 2025/01/08 23:24:16.288592  length=9 from=306 to=314
 01 0a                                            ..
 00 04 00 1b 06 00 00                             .......
--
< 2025/01/08 23:24:17.267025  length=27 from=315 to=341
 01 82 00 0d 00 00 e6 f2 59 e8 07 c0 38 00 00 00  ........Y...8...
 d0 07 01 80 00 04 00 1b 02 00 00                 ...........
--
> 2025/01/08 23:24:18.385474  length=17 from=50 to=66
 02 17 00 0c 00 00 e6 f2 59 e8 07 c0 e2 00 01 00  ........Y.......
 12                                               .
--
< 2025/01/08 23:24:18.538229  length=6 from=342 to=347
 02 17 00 01 00 08                                ......
--
< 2025/01/08 23:24:20.993387  length=12 from=348 to=359
 01 83 00 07 00 00 e6 f2 59 e8 07 c0              ........Y...
--
< 2025/01/08 23:24:26.038193  length=5 from=360 to=364
 00 80 ff 00 00                                   .....
--
