2025-02-20 12:59:43,642 LT1-thread root DEBUG client.py                 71    logger_log                : Starting TestCase _run_test_case GAP GAP/PADV/PASE/BV-02-C
2025-02-20 12:59:43,642 LT1-thread root DEBUG client.py                 71    logger_log                : pre_run GAP GAP/PADV/PASE/BV-02-C
2025-02-20 12:59:43,642 LT1-thread root DEBUG client.py                 71    logger_log                : About to run test case GAP GAP/PADV/PASE/BV-02-C with commands:
2025-02-20 12:59:43,642 LT1-thread root DEBUG client.py                 71    logger_log                : 0) class=<class 'autopts.ptsprojects.testcase.TestFunc'>, func=<bound method Stack.core_init of <autopts.ptsprojects.stack.stack.Stack object at 0x00000275E020DE10>> start_wid=None stop_wid=None post_wid=None skip_call=None call_count=1 args=() kwds={}
2025-02-20 12:59:43,642 LT1-thread root DEBUG client.py                 71    logger_log                : 1) class=<class 'autopts.ptsprojects.testcase.TestFunc'>, func=<bound method ZephyrCtl.hw_reset of <autopts.ptsprojects.zephyr.iutctl.ZephyrCtl object at 0x00000275E4FF3050>> start_wid=None stop_wid=None post_wid=None skip_call=None call_count=1 args=() kwds={}
2025-02-20 12:59:43,642 LT1-thread root DEBUG client.py                 71    logger_log                : 2) class=<class 'autopts.ptsprojects.testcase.TestFunc'>, func=<bound method ZephyrCtl.start of <autopts.ptsprojects.zephyr.iutctl.ZephyrCtl object at 0x00000275E4FF3050>> start_wid=None stop_wid=None post_wid=None skip_call=None call_count=1 args=(<autopts.ptsprojects.zephyr.ztestcase.ZTestCase object at 0x00000275E5A04390>,) kwds={}
2025-02-20 12:59:43,642 LT1-thread root DEBUG client.py                 71    logger_log                : 3) class=<class 'autopts.ptsprojects.testcase.TestFunc'>, func=<bound method ZephyrCtl.hw_reset of <autopts.ptsprojects.zephyr.iutctl.ZephyrCtl object at 0x00000275E4FF3050>> start_wid=None stop_wid=None post_wid=None skip_call=None call_count=1 args=() kwds={}
2025-02-20 12:59:43,642 LT1-thread root DEBUG client.py                 71    logger_log                : 4) class=<class 'autopts.ptsprojects.testcase.TestFunc'>, func=<bound method ZephyrCtl.wait_iut_ready_event of <autopts.ptsprojects.zephyr.iutctl.ZephyrCtl object at 0x00000275E4FF3050>> start_wid=None stop_wid=None post_wid=None skip_call=None call_count=1 args=(False,) kwds={}
2025-02-20 12:59:43,642 LT1-thread root DEBUG client.py                 71    logger_log                : 5) class=<class 'autopts.ptsprojects.testcase.TestFunc'>, func=<function core_reg_svc_gap at 0x00000275E0EEC7C0> start_wid=None stop_wid=None post_wid=None skip_call=None call_count=146 args=() kwds={}
2025-02-20 12:59:43,642 LT1-thread root DEBUG client.py                 71    logger_log                : 6) class=<class 'autopts.ptsprojects.testcase.TestFunc'>, func=<bound method Stack.gap_init of <autopts.ptsprojects.stack.stack.Stack object at 0x00000275E020DE10>> start_wid=None stop_wid=None post_wid=None skip_call=None call_count=146 args=(b'Tester_25DE2A', 'ABCD', '1111', '1111', '11', '1111', b'\x17github.com/auto-pts', (8, 'PADV_Tester'), 'FF') kwds={}
2025-02-20 12:59:43,642 LT1-thread root DEBUG client.py                 71    logger_log                : 7) class=<class 'autopts.ptsprojects.testcase.TestFunc'>, func=<function gap_read_ctrl_info at 0x00000275E0EF8680> start_wid=None stop_wid=None post_wid=None skip_call=None call_count=146 args=() kwds={}
2025-02-20 12:59:43,642 LT1-thread root DEBUG client.py                 71    logger_log                : 8) class=<class 'autopts.ptsprojects.testcase.TestFunc'>, func=<function test_cases.<locals>.<lambda> at 0x00000275E576E200> start_wid=None stop_wid=None post_wid=None skip_call=None call_count=146 args=() kwds={}
2025-02-20 12:59:43,642 LT1-thread root DEBUG client.py                 71    logger_log                : 9) class=<class 'autopts.ptsprojects.testcase.TestFunc'>, func=<function test_cases.<locals>.<lambda> at 0x00000275E576E2A0> start_wid=None stop_wid=None post_wid=None skip_call=None call_count=146 args=() kwds={}
2025-02-20 12:59:43,642 LT1-thread root DEBUG client.py                 71    logger_log                : 10) class=<class 'autopts.ptsprojects.testcase.TestFunc'>, func=<function test_cases.<locals>.<lambda> at 0x00000275E576E340> start_wid=None stop_wid=None post_wid=None skip_call=None call_count=146 args=() kwds={}
2025-02-20 12:59:43,642 LT1-thread root DEBUG client.py                 71    logger_log                : 11) class=<class 'autopts.ptsprojects.testcase.TestFunc'>, func=<function test_cases.<locals>.<lambda> at 0x00000275E576E3E0> start_wid=None stop_wid=None post_wid=None skip_call=None call_count=146 args=() kwds={}
2025-02-20 12:59:43,642 LT1-thread root DEBUG client.py                 71    logger_log                : 12) class=<class 'autopts.ptsprojects.testcase.TestFunc'>, func=<function test_cases.<locals>.<lambda> at 0x00000275E576E480> start_wid=None stop_wid=None post_wid=None skip_call=None call_count=146 args=() kwds={}
2025-02-20 12:59:43,642 LT1-thread root DEBUG client.py                 71    logger_log                : 13) class=<class 'autopts.ptsprojects.testcase.TestFunc'>, func=<function test_cases.<locals>.<lambda> at 0x00000275E576E520> start_wid=None stop_wid=None post_wid=None skip_call=None call_count=146 args=() kwds={}
2025-02-20 12:59:43,642 LT1-thread root DEBUG client.py                 71    logger_log                : 14) class=<class 'autopts.ptsprojects.testcase.TestFunc'>, func=<function test_cases.<locals>.<lambda> at 0x00000275E576E5C0> start_wid=None stop_wid=None post_wid=None skip_call=None call_count=146 args=() kwds={}
2025-02-20 12:59:43,642 LT1-thread root DEBUG client.py                 71    logger_log                : 15) class=<class 'autopts.ptsprojects.testcase.TestFunc'>, func=<function test_cases.<locals>.<lambda> at 0x00000275E576E660> start_wid=None stop_wid=None post_wid=None skip_call=None call_count=146 args=() kwds={}
2025-02-20 12:59:43,642 LT1-thread root DEBUG client.py                 71    logger_log                : 16) class=<class 'autopts.ptsprojects.testcase.TestFunc'>, func=<function test_cases.<locals>.<lambda> at 0x00000275E576E700> start_wid=None stop_wid=None post_wid=None skip_call=None call_count=146 args=() kwds={}
2025-02-20 12:59:43,642 LT1-thread root DEBUG client.py                 71    logger_log                : 17) class=<class 'autopts.ptsprojects.testcase.TestFunc'>, func=<function test_cases.<locals>.<lambda> at 0x00000275E576E7A0> start_wid=None stop_wid=None post_wid=None skip_call=None call_count=146 args=() kwds={}
2025-02-20 12:59:43,642 LT1-thread root DEBUG client.py                 71    logger_log                : 18) class=<class 'autopts.ptsprojects.testcase.TestFunc'>, func=<function test_cases.<locals>.<lambda> at 0x00000275E576E840> start_wid=None stop_wid=None post_wid=None skip_call=None call_count=146 args=() kwds={}
2025-02-20 12:59:43,642 LT1-thread root DEBUG client.py                 71    logger_log                : 19) class=<class 'autopts.ptsprojects.testcase.TestFunc'>, func=<function test_cases.<locals>.<lambda> at 0x00000275E576E8E0> start_wid=None stop_wid=None post_wid=None skip_call=None call_count=146 args=() kwds={}
2025-02-20 12:59:43,652 LT1-thread root DEBUG client.py                 71    logger_log                : 20) class=<class 'autopts.ptsprojects.testcase.TestFunc'>, func=<function core_reg_svc_gatt at 0x00000275E0EEC900> start_wid=None stop_wid=None post_wid=None skip_call=None call_count=146 args=() kwds={}
2025-02-20 12:59:43,652 LT1-thread root DEBUG client.py                 71    logger_log                : 21) class=<class 'autopts.ptsprojects.testcase.TestFunc'>, func=<bound method Stack.gatt_init of <autopts.ptsprojects.stack.stack.Stack object at 0x00000275E020DE10>> start_wid=None stop_wid=None post_wid=None skip_call=None call_count=146 args=() kwds={}
2025-02-20 12:59:43,652 LT1-thread root DEBUG client.py                 71    logger_log                : 22) class=<class 'autopts.ptsprojects.testcase.TestFunc'>, func=<function gap_set_io_cap at 0x00000275E0EEFBA0> start_wid=None stop_wid=None post_wid=None skip_call=None call_count=146 args=(4,) kwds={}
2025-02-20 12:59:43,652 LT1-thread root DEBUG client.py                 71    logger_log                : 23) class=<class 'autopts.ptsprojects.testcase.TestFunc'>, func=<function set_pts_addr at 0x00000275E0EEC360> start_wid=None stop_wid=None post_wid=None skip_call=None call_count=146 args=('C0:07:E8:25:DE:2A', 0) kwds={}
2025-02-20 12:59:43,652 LT1-thread root DEBUG client.py                 71    logger_log                : 24) class=<class 'autopts.ptsprojects.testcase.TestFunc'>, func=<function gatts_add_svc at 0x00000275E0EFA020> start_wid=None stop_wid=None post_wid=None skip_call=None call_count=145 args=(0, 'AA51') kwds={}
2025-02-20 12:59:43,652 LT1-thread root DEBUG client.py                 71    logger_log                : 25) class=<class 'autopts.ptsprojects.testcase.TestFunc'>, func=<function gatts_add_char at 0x00000275E0EFA160> start_wid=None stop_wid=None post_wid=None skip_call=None call_count=145 args=(0, 2, 17, 'AA52') kwds={}
2025-02-20 12:59:43,652 LT1-thread root DEBUG client.py                 71    logger_log                : 26) class=<class 'autopts.ptsprojects.testcase.TestFunc'>, func=<function gatts_set_val at 0x00000275E0EFA200> start_wid=None stop_wid=None post_wid=None skip_call=None call_count=145 args=(0, '01') kwds={}
2025-02-20 12:59:43,652 LT1-thread root DEBUG client.py                 71    logger_log                : 27) class=<class 'autopts.ptsprojects.testcase.TestFunc'>, func=<function gatts_add_char at 0x00000275E0EFA160> start_wid=None stop_wid=None post_wid=None skip_call=None call_count=145 args=(0, 2, 5, 'AA53') kwds={}
2025-02-20 12:59:43,652 LT1-thread root DEBUG client.py                 71    logger_log                : 28) class=<class 'autopts.ptsprojects.testcase.TestFunc'>, func=<function gatts_set_val at 0x00000275E0EFA200> start_wid=None stop_wid=None post_wid=None skip_call=None call_count=145 args=(0, '02') kwds={}
2025-02-20 12:59:43,652 LT1-thread root DEBUG client.py                 71    logger_log                : 29) class=<class 'autopts.ptsprojects.testcase.TestFunc'>, func=<function gatts_add_char at 0x00000275E0EFA160> start_wid=None stop_wid=None post_wid=None skip_call=None call_count=145 args=(0, 66, 3, 'AA54') kwds={}
2025-02-20 12:59:43,652 LT1-thread root DEBUG client.py                 71    logger_log                : 30) class=<class 'autopts.ptsprojects.testcase.TestFunc'>, func=<function gatts_set_val at 0x00000275E0EFA200> start_wid=None stop_wid=None post_wid=None skip_call=None call_count=145 args=(0, '03') kwds={}
2025-02-20 12:59:43,652 LT1-thread root DEBUG client.py                 71    logger_log                : 31) class=<class 'autopts.ptsprojects.testcase.TestFunc'>, func=<function gatts_add_char at 0x00000275E0EFA160> start_wid=None stop_wid=None post_wid=None skip_call=None call_count=145 args=(0, 10, 48, 'AA55') kwds={}
2025-02-20 12:59:43,652 LT1-thread root DEBUG client.py                 71    logger_log                : 32) class=<class 'autopts.ptsprojects.testcase.TestFunc'>, func=<function gatts_set_val at 0x00000275E0EFA200> start_wid=None stop_wid=None post_wid=None skip_call=None call_count=145 args=(0, '04') kwds={}
2025-02-20 12:59:43,652 LT1-thread root DEBUG client.py                 71    logger_log                : 33) class=<class 'autopts.ptsprojects.testcase.TestFunc'>, func=<function gatts_start_server at 0x00000275E0EFA480> start_wid=None stop_wid=None post_wid=None skip_call=None call_count=145 args=() kwds={}
2025-02-20 12:59:43,652 LT1-thread root DEBUG client.py                 71    logger_log                : 34) class=<class 'autopts.ptsprojects.testcase.TestFuncCleanUp'>, func=<bound method Stack.cleanup of <autopts.ptsprojects.stack.stack.Stack object at 0x00000275E020DE10>> start_wid=None stop_wid=None post_wid=None skip_call=None call_count=1 args=() kwds={}
2025-02-20 12:59:43,652 LT1-thread root DEBUG client.py                 71    logger_log                : 35) class=<class 'autopts.ptsprojects.testcase.TestFuncCleanUp'>, func=<bound method ZephyrCtl.stop of <autopts.ptsprojects.zephyr.iutctl.ZephyrCtl object at 0x00000275E4FF3050>> start_wid=None stop_wid=None post_wid=None skip_call=None call_count=1 args=() kwds={}
2025-02-20 12:59:43,652 LT1-thread root DEBUG client.py                 71    logger_log                : pre_run, run pre test case script
2025-02-20 12:59:43,662 LT1-thread root DEBUG client.py                 71    logger_log                : Starting test function: class=<class 'autopts.ptsprojects.testcase.TestFunc'>, func=<bound method Stack.core_init of <autopts.ptsprojects.stack.stack.Stack object at 0x00000275E020DE10>> start_wid=None stop_wid=None post_wid=None skip_call=None call_count=2 args=() kwds={}
2025-02-20 12:59:43,662 LT1-thread root DEBUG client.py                 71    logger_log                : Test function parameters: args=(), kwds={}
2025-02-20 12:59:43,662 LT1-thread root DEBUG client.py                 71    logger_log                : Starting test function: class=<class 'autopts.ptsprojects.testcase.TestFunc'>, func=<bound method ZephyrCtl.hw_reset of <autopts.ptsprojects.zephyr.iutctl.ZephyrCtl object at 0x00000275E4FF3050>> start_wid=None stop_wid=None post_wid=None skip_call=None call_count=2 args=() kwds={}
2025-02-20 12:59:43,662 LT1-thread root DEBUG client.py                 71    logger_log                : Test function parameters: args=(), kwds={}
2025-02-20 12:59:43,662 LT1-thread root DEBUG client.py                 71    logger_log                : Starting test function: class=<class 'autopts.ptsprojects.testcase.TestFunc'>, func=<bound method ZephyrCtl.start of <autopts.ptsprojects.zephyr.iutctl.ZephyrCtl object at 0x00000275E4FF3050>> start_wid=None stop_wid=None post_wid=None skip_call=None call_count=2 args=(<autopts.ptsprojects.zephyr.ztestcase.ZTestCase object at 0x00000275E5A04390>,) kwds={}
2025-02-20 12:59:43,662 LT1-thread root DEBUG client.py                 71    logger_log                : Test function parameters: args=(<autopts.ptsprojects.zephyr.ztestcase.ZTestCase object at 0x00000275E5A04390>,), kwds={}
2025-02-20 12:59:43,662 LT1-thread root DEBUG client.py                 71    logger_log                : <class 'autopts.ptsprojects.zephyr.iutctl.ZephyrCtl'>.start
2025-02-20 12:59:43,662 LT1-thread root DEBUG client.py                 71    logger_log                : <class 'autopts.ptsprojects.zephyr.iutctl.ZephyrCtl'>.flush_serial
2025-02-20 12:59:44,918 LT1-thread root DEBUG client.py                 71    logger_log                : Starting socat process: socat.exe -x -v tcp:10.192.253.135:63924,retry=100,interval=1 /dev/ttyS35,raw,b115200
2025-02-20 12:59:44,938 LT1-thread root DEBUG client.py                 71    logger_log                : accept
2025-02-20 12:59:45,068 BTPWorkerThread-3488 (_rx_task) root DEBUG client.py                 71    logger_log                : BTPWorkerThread-3488 (_rx_task) started
2025-02-20 12:59:45,068 LT1-thread root DEBUG client.py                 71    logger_log                : Starting test function: class=<class 'autopts.ptsprojects.testcase.TestFunc'>, func=<bound method ZephyrCtl.hw_reset of <autopts.ptsprojects.zephyr.iutctl.ZephyrCtl object at 0x00000275E4FF3050>> start_wid=None stop_wid=None post_wid=None skip_call=None call_count=2 args=() kwds={}
2025-02-20 12:59:45,068 LT1-thread root DEBUG client.py                 71    logger_log                : Test function parameters: args=(), kwds={}
2025-02-20 12:59:45,068 LT1-thread root DEBUG client.py                 71    logger_log                : Starting test function: class=<class 'autopts.ptsprojects.testcase.TestFunc'>, func=<bound method ZephyrCtl.wait_iut_ready_event of <autopts.ptsprojects.zephyr.iutctl.ZephyrCtl object at 0x00000275E4FF3050>> start_wid=None stop_wid=None post_wid=None skip_call=None call_count=2 args=(False,) kwds={}
2025-02-20 12:59:45,068 LT1-thread root DEBUG client.py                 71    logger_log                : Test function parameters: args=(False,), kwds={}
2025-02-20 12:59:45,078 LT1-thread root DEBUG client.py                 71    logger_log                : IUT ready event received OK
2025-02-20 12:59:45,078 LT1-thread root DEBUG client.py                 71    logger_log                : Starting test function: class=<class 'autopts.ptsprojects.testcase.TestFunc'>, func=<function core_reg_svc_gap at 0x00000275E0EEC7C0> start_wid=None stop_wid=None post_wid=None skip_call=None call_count=147 args=() kwds={}
2025-02-20 12:59:45,078 LT1-thread root DEBUG client.py                 71    logger_log                : Test function parameters: args=(), kwds={}
2025-02-20 12:59:45,078 LT1-thread root DEBUG client.py                 71    logger_log                : core_reg_svc_gap
2025-02-20 12:59:45,078 LT1-thread root DEBUG client.py                 71    logger_log                : send, 0 3 255 '1'
2025-02-20 12:59:45,078 LT1-thread root DEBUG client.py                 71    logger_log                : sending frame '0003ff010001'
2025-02-20 12:59:45,078 LT1-thread root DEBUG client.py                 71    logger_log                : core_reg_svc_rsp_succ
2025-02-20 12:59:45,078 LT1-thread root DEBUG client.py                 71    logger_log                : read
2025-02-20 12:59:45,158 BTPWorkerThread-3488 (_rx_task) root DEBUG client.py                 71    logger_log                : Read 5 bytes
2025-02-20 12:59:45,178 BTPWorkerThread-3488 (_rx_task) root DEBUG client.py                 71    logger_log                : Received: hdr: Header(svc_id=0x00, op=0x03, ctrl_index=0xff, data_len=0x00) bytearray(b'\x00\x03\xff\x00\x00')
2025-02-20 12:59:45,198 BTPWorkerThread-3488 (_rx_task) root DEBUG client.py                 71    logger_log                : Received data: {''}, bytearray(b'')
2025-02-20 12:59:45,228 LT1-thread root DEBUG client.py                 71    logger_log                : received Header(svc_id=0, op=3, ctrl_index=255, data_len=0) (b'',)
2025-02-20 12:59:45,228 LT1-thread root DEBUG client.py                 71    logger_log                : expected ((0, 3, 255, 0), (b'',))
2025-02-20 12:59:45,228 LT1-thread root DEBUG client.py                 71    logger_log                : response is valid
2025-02-20 12:59:45,228 LT1-thread root DEBUG client.py                 71    logger_log                : Starting test function: class=<class 'autopts.ptsprojects.testcase.TestFunc'>, func=<bound method Stack.gap_init of <autopts.ptsprojects.stack.stack.Stack object at 0x00000275E020DE10>> start_wid=None stop_wid=None post_wid=None skip_call=None call_count=147 args=(b'Tester_25DE2A', 'ABCD', '1111', '1111', '11', '1111', b'\x17github.com/auto-pts', (8, 'PADV_Tester'), 'FF') kwds={}
2025-02-20 12:59:45,228 LT1-thread root DEBUG client.py                 71    logger_log                : Test function parameters: args=(b'Tester_25DE2A', 'ABCD', '1111', '1111', '11', '1111', b'\x17github.com/auto-pts', (8, 'PADV_Tester'), 'FF'), kwds={}
2025-02-20 12:59:45,228 LT1-thread root DEBUG client.py                 71    logger_log                : Starting test function: class=<class 'autopts.ptsprojects.testcase.TestFunc'>, func=<function gap_read_ctrl_info at 0x00000275E0EF8680> start_wid=None stop_wid=None post_wid=None skip_call=None call_count=147 args=() kwds={}
2025-02-20 12:59:45,228 LT1-thread root DEBUG client.py                 71    logger_log                : Test function parameters: args=(), kwds={}
2025-02-20 12:59:45,228 LT1-thread root DEBUG client.py                 71    logger_log                : gap_read_ctrl_info
2025-02-20 12:59:45,228 LT1-thread root DEBUG client.py                 71    logger_log                : send, 1 3 0 ''
2025-02-20 12:59:45,228 LT1-thread root DEBUG client.py                 71    logger_log                : sending frame '0103000000'
2025-02-20 12:59:45,228 LT1-thread root DEBUG client.py                 71    logger_log                : read
2025-02-20 12:59:45,408 BTPWorkerThread-3488 (_rx_task) root DEBUG client.py                 71    logger_log                : Read 5 bytes
2025-02-20 12:59:45,428 BTPWorkerThread-3488 (_rx_task) root DEBUG client.py                 71    logger_log                : Received: hdr: Header(svc_id=0x01, op=0x03, ctrl_index=0x00, data_len=0x115) bytearray(b'\x01\x03\x00\x15\x01')
2025-02-20 12:59:45,468 BTPWorkerThread-3488 (_rx_task) root DEBUG client.py                 71    logger_log                : Read 277 bytes data
2025-02-20 12:59:45,488 BTPWorkerThread-3488 (_rx_task) root DEBUG client.py                 71    logger_log                : Received data: {'28 00 03 37 60 00 13 06 02 00 13 02 00 00 00 00 00 62 74 70 5f 74 65 73 74 65 72 00 00 00 00 00 00 00 00 00 00 00 00 00 00 00 00 00 00 00 00 00 00 00 00 00 00 00 00 00 00 00 00 00 00 00 00 00 00 00 00 00 00 00 00 00 00 00 00 00 00 00 00 00 00 00 00 00 00 00 00 00 00 00 00 00 00 00 00 00 00 00 00 00 00 00 00 00 00 00 00 00 00 00 00 00 00 00 00 00 00 00 00 00 00 00 00 00 00 00 00 00 00 00 00 00 00 00 00 00 00 00 00 00 00 00 00 00 00 00 00 00 00 00 00 00 00 00 00 00 00 00 00 00 00 00 00 00 00 00 00 00 00 00 00 00 00 00 00 00 00 00 00 00 00 00 00 00 00 00 00 00 00 00 00 00 00 00 00 00 00 00 00 00 00 00 00 00 00 00 00 00 00 00 00 00 00 00 00 00 00 00 00 00 00 00 00 00 00 00 00 00 00 00 00 00 00 00 00 00 00 00 00 00 00 00 00 00 00 00 00 00 00 00 00 00 00 00 00 00 00 00 00 00 00 00 00 00 00 00 00 00 00 00 00 00 00 00 00 00 00'}, bytearray(b'(\x00\x037`\x00\x13\x06\x02\x00\x13\x02\x00\x00\x00\x00\x00btp_tester\x00\x00\x00\x00\x00\x00\x00\x00\x00\x00\x00\x00\x00\x00\x00\x00\x00\x00\x00\x00\x00\x00\x00\x00\x00\x00\x00\x00\x00\x00\x00\x00\x00\x00\x00\x00\x00\x00\x00\x00\x00\x00\x00\x00\x00\x00\x00\x00\x00\x00\x00\x00\x00\x00\x00\x00\x00\x00\x00\x00\x00\x00\x00\x00\x00\x00\x00\x00\x00\x00\x00\x00\x00\x00\x00\x00\x00\x00\x00\x00\x00\x00\x00\x00\x00\x00\x00\x00\x00\x00\x00\x00\x00\x00\x00\x00\x00\x00\x00\x00\x00\x00\x00\x00\x00\x00\x00\x00\x00\x00\x00\x00\x00\x00\x00\x00\x00\x00\x00\x00\x00\x00\x00\x00\x00\x00\x00\x00\x00\x00\x00\x00\x00\x00\x00\x00\x00\x00\x00\x00\x00\x00\x00\x00\x00\x00\x00\x00\x00\x00\x00\x00\x00\x00\x00\x00\x00\x00\x00\x00\x00\x00\x00\x00\x00\x00\x00\x00\x00\x00\x00\x00\x00\x00\x00\x00\x00\x00\x00\x00\x00\x00\x00\x00\x00\x00\x00\x00\x00\x00\x00\x00\x00\x00\x00\x00\x00\x00\x00\x00\x00\x00\x00\x00\x00\x00\x00\x00\x00\x00\x00\x00\x00\x00\x00\x00\x00\x00\x00\x00\x00\x00\x00\x00\x00\x00\x00\x00\x00\x00\x00\x00\x00\x00\x00\x00\x00\x00\x00\x00\x00\x00\x00\x00\x00\x00\x00\x00\x00\x00')
2025-02-20 12:59:45,508 LT1-thread root DEBUG client.py                 71    logger_log                : received Header(svc_id=1, op=3, ctrl_index=0, data_len=277) (b'(\x00\x037`\x00\x13\x06\x02\x00\x13\x02\x00\x00\x00\x00\x00btp_tester\x00\x00\x00\x00\x00\x00\x00\x00\x00\x00\x00\x00\x00\x00\x00\x00\x00\x00\x00\x00\x00\x00\x00\x00\x00\x00\x00\x00\x00\x00\x00\x00\x00\x00\x00\x00\x00\x00\x00\x00\x00\x00\x00\x00\x00\x00\x00\x00\x00\x00\x00\x00\x00\x00\x00\x00\x00\x00\x00\x00\x00\x00\x00\x00\x00\x00\x00\x00\x00\x00\x00\x00\x00\x00\x00\x00\x00\x00\x00\x00\x00\x00\x00\x00\x00\x00\x00\x00\x00\x00\x00\x00\x00\x00\x00\x00\x00\x00\x00\x00\x00\x00\x00\x00\x00\x00\x00\x00\x00\x00\x00\x00\x00\x00\x00\x00\x00\x00\x00\x00\x00\x00\x00\x00\x00\x00\x00\x00\x00\x00\x00\x00\x00\x00\x00\x00\x00\x00\x00\x00\x00\x00\x00\x00\x00\x00\x00\x00\x00\x00\x00\x00\x00\x00\x00\x00\x00\x00\x00\x00\x00\x00\x00\x00\x00\x00\x00\x00\x00\x00\x00\x00\x00\x00\x00\x00\x00\x00\x00\x00\x00\x00\x00\x00\x00\x00\x00\x00\x00\x00\x00\x00\x00\x00\x00\x00\x00\x00\x00\x00\x00\x00\x00\x00\x00\x00\x00\x00\x00\x00\x00\x00\x00\x00\x00\x00\x00\x00\x00\x00\x00\x00\x00\x00\x00\x00\x00\x00\x00\x00\x00\x00\x00\x00\x00\x00\x00\x00\x00\x00\x00\x00\x00\x00\x00\x00\x00\x00\x00\x00',)
2025-02-20 12:59:45,508 LT1-thread root DEBUG client.py                 71    logger_log                : IUT address '006037030028' 'public'
2025-02-20 12:59:45,508 LT1-thread root DEBUG client.py                 71    logger_log                : __gap_current_settings_update 531
2025-02-20 12:59:45,508 LT1-thread root DEBUG client.py                 71    logger_log                : Starting test function: class=<class 'autopts.ptsprojects.testcase.TestFunc'>, func=<function test_cases.<locals>.<lambda> at 0x00000275E576E200> start_wid=None stop_wid=None post_wid=None skip_call=None call_count=147 args=() kwds={}
2025-02-20 12:59:45,508 LT1-thread root DEBUG client.py                 71    logger_log                : Test function parameters: args=(), kwds={}
2025-02-20 12:59:45,508 LT1-thread root DEBUG client.py                 71    logger_log                : Starting test function: class=<class 'autopts.ptsprojects.testcase.TestFunc'>, func=<function test_cases.<locals>.<lambda> at 0x00000275E576E2A0> start_wid=None stop_wid=None post_wid=None skip_call=None call_count=147 args=() kwds={}
2025-02-20 12:59:45,508 LT1-thread root DEBUG client.py                 71    logger_log                : Test function parameters: args=(), kwds={}
2025-02-20 12:59:45,508 LT1-thread root DEBUG client.py                 71    logger_log                : Starting test function: class=<class 'autopts.ptsprojects.testcase.TestFunc'>, func=<function test_cases.<locals>.<lambda> at 0x00000275E576E340> start_wid=None stop_wid=None post_wid=None skip_call=None call_count=147 args=() kwds={}
2025-02-20 12:59:45,508 LT1-thread root DEBUG client.py                 71    logger_log                : Test function parameters: args=(), kwds={}
2025-02-20 12:59:45,518 LT1-thread root DEBUG client.py                 71    logger_log                : Starting test function: class=<class 'autopts.ptsprojects.testcase.TestFunc'>, func=<function test_cases.<locals>.<lambda> at 0x00000275E576E3E0> start_wid=None stop_wid=None post_wid=None skip_call=None call_count=147 args=() kwds={}
2025-02-20 12:59:45,518 LT1-thread root DEBUG client.py                 71    logger_log                : Test function parameters: args=(), kwds={}
2025-02-20 12:59:45,518 LT1-thread root DEBUG client.py                 71    logger_log                : Starting test function: class=<class 'autopts.ptsprojects.testcase.TestFunc'>, func=<function test_cases.<locals>.<lambda> at 0x00000275E576E480> start_wid=None stop_wid=None post_wid=None skip_call=None call_count=147 args=() kwds={}
2025-02-20 12:59:45,518 LT1-thread root DEBUG client.py                 71    logger_log                : Test function parameters: args=(), kwds={}
2025-02-20 12:59:45,528 LT1-thread root DEBUG client.py                 71    logger_log                : Starting test function: class=<class 'autopts.ptsprojects.testcase.TestFunc'>, func=<function test_cases.<locals>.<lambda> at 0x00000275E576E520> start_wid=None stop_wid=None post_wid=None skip_call=None call_count=147 args=() kwds={}
2025-02-20 12:59:45,528 LT1-thread root DEBUG client.py                 71    logger_log                : Test function parameters: args=(), kwds={}
2025-02-20 12:59:45,528 LT1-thread root DEBUG client.py                 71    logger_log                : Starting test function: class=<class 'autopts.ptsprojects.testcase.TestFunc'>, func=<function test_cases.<locals>.<lambda> at 0x00000275E576E5C0> start_wid=None stop_wid=None post_wid=None skip_call=None call_count=147 args=() kwds={}
2025-02-20 12:59:45,528 LT1-thread root DEBUG client.py                 71    logger_log                : Test function parameters: args=(), kwds={}
2025-02-20 12:59:45,528 LT1-thread root DEBUG client.py                 71    logger_log                : Starting test function: class=<class 'autopts.ptsprojects.testcase.TestFunc'>, func=<function test_cases.<locals>.<lambda> at 0x00000275E576E660> start_wid=None stop_wid=None post_wid=None skip_call=None call_count=147 args=() kwds={}
2025-02-20 12:59:45,528 LT1-thread root DEBUG client.py                 71    logger_log                : Test function parameters: args=(), kwds={}
2025-02-20 12:59:45,538 LT1-thread root DEBUG client.py                 71    logger_log                : Starting test function: class=<class 'autopts.ptsprojects.testcase.TestFunc'>, func=<function test_cases.<locals>.<lambda> at 0x00000275E576E700> start_wid=None stop_wid=None post_wid=None skip_call=None call_count=147 args=() kwds={}
2025-02-20 12:59:45,538 LT1-thread root DEBUG client.py                 71    logger_log                : Test function parameters: args=(), kwds={}
2025-02-20 12:59:45,538 LT1-thread root DEBUG client.py                 71    logger_log                : Starting test function: class=<class 'autopts.ptsprojects.testcase.TestFunc'>, func=<function test_cases.<locals>.<lambda> at 0x00000275E576E7A0> start_wid=None stop_wid=None post_wid=None skip_call=None call_count=147 args=() kwds={}
2025-02-20 12:59:45,538 LT1-thread root DEBUG client.py                 71    logger_log                : Test function parameters: args=(), kwds={}
2025-02-20 12:59:45,548 LT1-thread root DEBUG client.py                 71    logger_log                : Starting test function: class=<class 'autopts.ptsprojects.testcase.TestFunc'>, func=<function test_cases.<locals>.<lambda> at 0x00000275E576E840> start_wid=None stop_wid=None post_wid=None skip_call=None call_count=147 args=() kwds={}
2025-02-20 12:59:45,548 LT1-thread root DEBUG client.py                 71    logger_log                : Test function parameters: args=(), kwds={}
2025-02-20 12:59:45,548 LT1-thread root DEBUG client.py                 71    logger_log                : Starting test function: class=<class 'autopts.ptsprojects.testcase.TestFunc'>, func=<function test_cases.<locals>.<lambda> at 0x00000275E576E8E0> start_wid=None stop_wid=None post_wid=None skip_call=None call_count=147 args=() kwds={}
2025-02-20 12:59:45,548 LT1-thread root DEBUG client.py                 71    logger_log                : Test function parameters: args=(), kwds={}
2025-02-20 12:59:45,558 LT1-thread root DEBUG client.py                 71    logger_log                : Starting test function: class=<class 'autopts.ptsprojects.testcase.TestFunc'>, func=<function core_reg_svc_gatt at 0x00000275E0EEC900> start_wid=None stop_wid=None post_wid=None skip_call=None call_count=147 args=() kwds={}
2025-02-20 12:59:45,558 LT1-thread root DEBUG client.py                 71    logger_log                : Test function parameters: args=(), kwds={}
2025-02-20 12:59:45,558 LT1-thread root DEBUG client.py                 71    logger_log                : core_reg_svc_gatt
2025-02-20 12:59:45,558 LT1-thread root DEBUG client.py                 71    logger_log                : send, 0 3 255 '2'
2025-02-20 12:59:45,558 LT1-thread root DEBUG client.py                 71    logger_log                : sending frame '0003ff010002'
2025-02-20 12:59:45,558 LT1-thread root DEBUG client.py                 71    logger_log                : core_reg_svc_rsp_succ
2025-02-20 12:59:45,558 LT1-thread root DEBUG client.py                 71    logger_log                : read
2025-02-20 12:59:45,628 BTPWorkerThread-3488 (_rx_task) root DEBUG client.py                 71    logger_log                : Read 5 bytes
2025-02-20 12:59:45,648 BTPWorkerThread-3488 (_rx_task) root DEBUG client.py                 71    logger_log                : Received: hdr: Header(svc_id=0x00, op=0x03, ctrl_index=0xff, data_len=0x00) bytearray(b'\x00\x03\xff\x00\x00')
2025-02-20 12:59:45,668 BTPWorkerThread-3488 (_rx_task) root DEBUG client.py                 71    logger_log                : Received data: {''}, bytearray(b'')
2025-02-20 12:59:45,698 LT1-thread root DEBUG client.py                 71    logger_log                : received Header(svc_id=0, op=3, ctrl_index=255, data_len=0) (b'',)
2025-02-20 12:59:45,698 LT1-thread root DEBUG client.py                 71    logger_log                : expected ((0, 3, 255, 0), (b'',))
2025-02-20 12:59:45,698 LT1-thread root DEBUG client.py                 71    logger_log                : response is valid
2025-02-20 12:59:45,698 LT1-thread root DEBUG client.py                 71    logger_log                : Starting test function: class=<class 'autopts.ptsprojects.testcase.TestFunc'>, func=<bound method Stack.gatt_init of <autopts.ptsprojects.stack.stack.Stack object at 0x00000275E020DE10>> start_wid=None stop_wid=None post_wid=None skip_call=None call_count=147 args=() kwds={}
2025-02-20 12:59:45,698 LT1-thread root DEBUG client.py                 71    logger_log                : Test function parameters: args=(), kwds={}
2025-02-20 12:59:45,698 LT1-thread root DEBUG client.py                 71    logger_log                : Starting test function: class=<class 'autopts.ptsprojects.testcase.TestFunc'>, func=<function gap_set_io_cap at 0x00000275E0EEFBA0> start_wid=None stop_wid=None post_wid=None skip_call=None call_count=147 args=(4,) kwds={}
2025-02-20 12:59:45,698 LT1-thread root DEBUG client.py                 71    logger_log                : Test function parameters: args=(4,), kwds={}
2025-02-20 12:59:45,698 LT1-thread root DEBUG client.py                 71    logger_log                : gap_set_io_cap 4
2025-02-20 12:59:45,698 LT1-thread root DEBUG client.py                 71    logger_log                : send, 1 16 0 '\x04'
2025-02-20 12:59:45,698 LT1-thread root DEBUG client.py                 71    logger_log                : sending frame '011000010004'
2025-02-20 12:59:45,698 LT1-thread root DEBUG client.py                 71    logger_log                : gap_command_rsp_succ
2025-02-20 12:59:45,698 LT1-thread root DEBUG client.py                 71    logger_log                : read
2025-02-20 12:59:45,768 BTPWorkerThread-3488 (_rx_task) root DEBUG client.py                 71    logger_log                : Read 5 bytes
2025-02-20 12:59:45,796 BTPWorkerThread-3488 (_rx_task) root DEBUG client.py                 71    logger_log                : Received: hdr: Header(svc_id=0x01, op=0x10, ctrl_index=0x00, data_len=0x00) bytearray(b'\x01\x10\x00\x00\x00')
2025-02-20 12:59:45,816 BTPWorkerThread-3488 (_rx_task) root DEBUG client.py                 71    logger_log                : Received data: {''}, bytearray(b'')
2025-02-20 12:59:45,846 LT1-thread root DEBUG client.py                 71    logger_log                : received Header(svc_id=1, op=16, ctrl_index=0, data_len=0) (b'',)
2025-02-20 12:59:45,846 LT1-thread root DEBUG client.py                 71    logger_log                : Starting test function: class=<class 'autopts.ptsprojects.testcase.TestFunc'>, func=<function set_pts_addr at 0x00000275E0EEC360> start_wid=None stop_wid=None post_wid=None skip_call=None call_count=147 args=('C0:07:E8:25:DE:2A', 0) kwds={}
2025-02-20 12:59:45,846 LT1-thread root DEBUG client.py                 71    logger_log                : Test function parameters: args=('C0:07:E8:25:DE:2A', 0), kwds={}
2025-02-20 12:59:45,846 LT1-thread root DEBUG client.py                 71    logger_log                : Starting test function: class=<class 'autopts.ptsprojects.testcase.TestFunc'>, func=<function gatts_add_svc at 0x00000275E0EFA020> start_wid=None stop_wid=None post_wid=None skip_call=None call_count=146 args=(0, 'AA51') kwds={}
2025-02-20 12:59:45,846 LT1-thread root DEBUG client.py                 71    logger_log                : Test function parameters: args=(0, 'AA51'), kwds={}
2025-02-20 12:59:45,846 LT1-thread root DEBUG client.py                 71    logger_log                : gatts_add_svc 0 'AA51'
2025-02-20 12:59:45,846 LT1-thread root DEBUG client.py                 71    logger_log                : send, 2 2 0 "bytearray(b'\\x00\\x02\\xaaQ')"
2025-02-20 12:59:45,846 LT1-thread root DEBUG client.py                 71    logger_log                : sending frame '02020004000002aa51'
2025-02-20 12:59:45,846 LT1-thread root DEBUG client.py                 71    logger_log                : gatt_command_rsp_succ
2025-02-20 12:59:45,846 LT1-thread root DEBUG client.py                 71    logger_log                : read
2025-02-20 12:59:45,926 BTPWorkerThread-3488 (_rx_task) root DEBUG client.py                 71    logger_log                : Read 5 bytes
2025-02-20 12:59:45,946 BTPWorkerThread-3488 (_rx_task) root DEBUG client.py                 71    logger_log                : Received: hdr: Header(svc_id=0x02, op=0x02, ctrl_index=0x00, data_len=0x02) bytearray(b'\x02\x02\x00\x02\x00')
2025-02-20 12:59:45,986 BTPWorkerThread-3488 (_rx_task) root DEBUG client.py                 71    logger_log                : Read 2 bytes data
2025-02-20 12:59:46,006 BTPWorkerThread-3488 (_rx_task) root DEBUG client.py                 71    logger_log                : Received data: {'00 00'}, bytearray(b'\x00\x00')
2025-02-20 12:59:46,036 LT1-thread root DEBUG client.py                 71    logger_log                : received Header(svc_id=2, op=2, ctrl_index=0, data_len=2) (b'\x00\x00',)
2025-02-20 12:59:46,036 LT1-thread root DEBUG client.py                 71    logger_log                : Starting test function: class=<class 'autopts.ptsprojects.testcase.TestFunc'>, func=<function gatts_add_char at 0x00000275E0EFA160> start_wid=None stop_wid=None post_wid=None skip_call=None call_count=146 args=(0, 2, 17, 'AA52') kwds={}
2025-02-20 12:59:46,036 LT1-thread root DEBUG client.py                 71    logger_log                : Test function parameters: args=(0, 2, 17, 'AA52'), kwds={}
2025-02-20 12:59:46,036 LT1-thread root DEBUG client.py                 71    logger_log                : gatts_add_char 0 2 17 'AA52'
2025-02-20 12:59:46,036 LT1-thread root DEBUG client.py                 71    logger_log                : send, 2 3 0 "bytearray(b'\\x00\\x00\\x02\\x11\\x02\\xaaR')"
2025-02-20 12:59:46,036 LT1-thread root DEBUG client.py                 71    logger_log                : sending frame '02030007000000021102aa52'
2025-02-20 12:59:46,036 LT1-thread root DEBUG client.py                 71    logger_log                : gatt_command_rsp_succ
2025-02-20 12:59:46,036 LT1-thread root DEBUG client.py                 71    logger_log                : read
2025-02-20 12:59:46,106 BTPWorkerThread-3488 (_rx_task) root DEBUG client.py                 71    logger_log                : Read 5 bytes
2025-02-20 12:59:46,126 BTPWorkerThread-3488 (_rx_task) root DEBUG client.py                 71    logger_log                : Received: hdr: Header(svc_id=0x02, op=0x03, ctrl_index=0x00, data_len=0x02) bytearray(b'\x02\x03\x00\x02\x00')
2025-02-20 12:59:46,166 BTPWorkerThread-3488 (_rx_task) root DEBUG client.py                 71    logger_log                : Read 2 bytes data
2025-02-20 12:59:46,186 BTPWorkerThread-3488 (_rx_task) root DEBUG client.py                 71    logger_log                : Received data: {'00 00'}, bytearray(b'\x00\x00')
2025-02-20 12:59:46,216 LT1-thread root DEBUG client.py                 71    logger_log                : received Header(svc_id=2, op=3, ctrl_index=0, data_len=2) (b'\x00\x00',)
2025-02-20 12:59:46,216 LT1-thread root DEBUG client.py                 71    logger_log                : Starting test function: class=<class 'autopts.ptsprojects.testcase.TestFunc'>, func=<function gatts_set_val at 0x00000275E0EFA200> start_wid=None stop_wid=None post_wid=None skip_call=None call_count=146 args=(0, '01') kwds={}
2025-02-20 12:59:46,216 LT1-thread root DEBUG client.py                 71    logger_log                : Test function parameters: args=(0, '01'), kwds={}
2025-02-20 12:59:46,216 LT1-thread root DEBUG client.py                 71    logger_log                : gatts_set_val 0 '01' 
2025-02-20 12:59:46,216 LT1-thread root DEBUG client.py                 71    logger_log                : send, 2 6 0 "bytearray(b'\\x00\\x00\\x01\\x00\\x01')"
2025-02-20 12:59:46,216 LT1-thread root DEBUG client.py                 71    logger_log                : sending frame '02060005000000010001'
2025-02-20 12:59:46,216 LT1-thread root DEBUG client.py                 71    logger_log                : gatt_command_rsp_succ
2025-02-20 12:59:46,216 LT1-thread root DEBUG client.py                 71    logger_log                : read
2025-02-20 12:59:46,286 BTPWorkerThread-3488 (_rx_task) root DEBUG client.py                 71    logger_log                : Read 5 bytes
2025-02-20 12:59:46,306 BTPWorkerThread-3488 (_rx_task) root DEBUG client.py                 71    logger_log                : Received: hdr: Header(svc_id=0x02, op=0x06, ctrl_index=0x00, data_len=0x00) bytearray(b'\x02\x06\x00\x00\x00')
2025-02-20 12:59:46,326 BTPWorkerThread-3488 (_rx_task) root DEBUG client.py                 71    logger_log                : Received data: {''}, bytearray(b'')
2025-02-20 12:59:46,346 LT1-thread root DEBUG client.py                 71    logger_log                : received Header(svc_id=2, op=6, ctrl_index=0, data_len=0) (b'',)
2025-02-20 12:59:46,346 LT1-thread root DEBUG client.py                 71    logger_log                : Starting test function: class=<class 'autopts.ptsprojects.testcase.TestFunc'>, func=<function gatts_add_char at 0x00000275E0EFA160> start_wid=None stop_wid=None post_wid=None skip_call=None call_count=146 args=(0, 2, 5, 'AA53') kwds={}
2025-02-20 12:59:46,346 LT1-thread root DEBUG client.py                 71    logger_log                : Test function parameters: args=(0, 2, 5, 'AA53'), kwds={}
2025-02-20 12:59:46,346 LT1-thread root DEBUG client.py                 71    logger_log                : gatts_add_char 0 2 5 'AA53'
2025-02-20 12:59:46,346 LT1-thread root DEBUG client.py                 71    logger_log                : send, 2 3 0 "bytearray(b'\\x00\\x00\\x02\\x05\\x02\\xaaS')"
2025-02-20 12:59:46,346 LT1-thread root DEBUG client.py                 71    logger_log                : sending frame '02030007000000020502aa53'
2025-02-20 12:59:46,346 LT1-thread root DEBUG client.py                 71    logger_log                : gatt_command_rsp_succ
2025-02-20 12:59:46,346 LT1-thread root DEBUG client.py                 71    logger_log                : read
2025-02-20 12:59:46,426 BTPWorkerThread-3488 (_rx_task) root DEBUG client.py                 71    logger_log                : Read 5 bytes
2025-02-20 12:59:46,446 BTPWorkerThread-3488 (_rx_task) root DEBUG client.py                 71    logger_log                : Received: hdr: Header(svc_id=0x02, op=0x03, ctrl_index=0x00, data_len=0x02) bytearray(b'\x02\x03\x00\x02\x00')
2025-02-20 12:59:46,486 BTPWorkerThread-3488 (_rx_task) root DEBUG client.py                 71    logger_log                : Read 2 bytes data
2025-02-20 12:59:46,506 BTPWorkerThread-3488 (_rx_task) root DEBUG client.py                 71    logger_log                : Received data: {'00 00'}, bytearray(b'\x00\x00')
2025-02-20 12:59:46,536 LT1-thread root DEBUG client.py                 71    logger_log                : received Header(svc_id=2, op=3, ctrl_index=0, data_len=2) (b'\x00\x00',)
2025-02-20 12:59:46,536 LT1-thread root DEBUG client.py                 71    logger_log                : Starting test function: class=<class 'autopts.ptsprojects.testcase.TestFunc'>, func=<function gatts_set_val at 0x00000275E0EFA200> start_wid=None stop_wid=None post_wid=None skip_call=None call_count=146 args=(0, '02') kwds={}
2025-02-20 12:59:46,536 LT1-thread root DEBUG client.py                 71    logger_log                : Test function parameters: args=(0, '02'), kwds={}
2025-02-20 12:59:46,536 LT1-thread root DEBUG client.py                 71    logger_log                : gatts_set_val 0 '02' 
2025-02-20 12:59:46,536 LT1-thread root DEBUG client.py                 71    logger_log                : send, 2 6 0 "bytearray(b'\\x00\\x00\\x01\\x00\\x02')"
2025-02-20 12:59:46,536 LT1-thread root DEBUG client.py                 71    logger_log                : sending frame '02060005000000010002'
2025-02-20 12:59:46,536 LT1-thread root DEBUG client.py                 71    logger_log                : gatt_command_rsp_succ
2025-02-20 12:59:46,536 LT1-thread root DEBUG client.py                 71    logger_log                : read
2025-02-20 12:59:46,616 BTPWorkerThread-3488 (_rx_task) root DEBUG client.py                 71    logger_log                : Read 5 bytes
2025-02-20 12:59:46,636 BTPWorkerThread-3488 (_rx_task) root DEBUG client.py                 71    logger_log                : Received: hdr: Header(svc_id=0x02, op=0x06, ctrl_index=0x00, data_len=0x00) bytearray(b'\x02\x06\x00\x00\x00')
2025-02-20 12:59:46,656 BTPWorkerThread-3488 (_rx_task) root DEBUG client.py                 71    logger_log                : Received data: {''}, bytearray(b'')
2025-02-20 12:59:46,676 LT1-thread root DEBUG client.py                 71    logger_log                : received Header(svc_id=2, op=6, ctrl_index=0, data_len=0) (b'',)
2025-02-20 12:59:46,676 LT1-thread root DEBUG client.py                 71    logger_log                : Starting test function: class=<class 'autopts.ptsprojects.testcase.TestFunc'>, func=<function gatts_add_char at 0x00000275E0EFA160> start_wid=None stop_wid=None post_wid=None skip_call=None call_count=146 args=(0, 66, 3, 'AA54') kwds={}
2025-02-20 12:59:46,676 LT1-thread root DEBUG client.py                 71    logger_log                : Test function parameters: args=(0, 66, 3, 'AA54'), kwds={}
2025-02-20 12:59:46,676 LT1-thread root DEBUG client.py                 71    logger_log                : gatts_add_char 0 66 3 'AA54'
2025-02-20 12:59:46,676 LT1-thread root DEBUG client.py                 71    logger_log                : send, 2 3 0 "bytearray(b'\\x00\\x00B\\x03\\x02\\xaaT')"
2025-02-20 12:59:46,676 LT1-thread root DEBUG client.py                 71    logger_log                : sending frame '02030007000000420302aa54'
2025-02-20 12:59:46,676 LT1-thread root DEBUG client.py                 71    logger_log                : gatt_command_rsp_succ
2025-02-20 12:59:46,676 LT1-thread root DEBUG client.py                 71    logger_log                : read
2025-02-20 12:59:46,726 BTPWorkerThread-3488 (_rx_task) root DEBUG client.py                 71    logger_log                : Read 5 bytes
2025-02-20 12:59:46,746 BTPWorkerThread-3488 (_rx_task) root DEBUG client.py                 71    logger_log                : Received: hdr: Header(svc_id=0x02, op=0x03, ctrl_index=0x00, data_len=0x02) bytearray(b'\x02\x03\x00\x02\x00')
2025-02-20 12:59:46,766 BTPWorkerThread-3488 (_rx_task) root DEBUG client.py                 71    logger_log                : Read 2 bytes data
2025-02-20 12:59:46,786 BTPWorkerThread-3488 (_rx_task) root DEBUG client.py                 71    logger_log                : Received data: {'00 00'}, bytearray(b'\x00\x00')
2025-02-20 12:59:46,816 LT1-thread root DEBUG client.py                 71    logger_log                : received Header(svc_id=2, op=3, ctrl_index=0, data_len=2) (b'\x00\x00',)
2025-02-20 12:59:46,816 LT1-thread root DEBUG client.py                 71    logger_log                : Starting test function: class=<class 'autopts.ptsprojects.testcase.TestFunc'>, func=<function gatts_set_val at 0x00000275E0EFA200> start_wid=None stop_wid=None post_wid=None skip_call=None call_count=146 args=(0, '03') kwds={}
2025-02-20 12:59:46,816 LT1-thread root DEBUG client.py                 71    logger_log                : Test function parameters: args=(0, '03'), kwds={}
2025-02-20 12:59:46,816 LT1-thread root DEBUG client.py                 71    logger_log                : gatts_set_val 0 '03' 
2025-02-20 12:59:46,816 LT1-thread root DEBUG client.py                 71    logger_log                : send, 2 6 0 "bytearray(b'\\x00\\x00\\x01\\x00\\x03')"
2025-02-20 12:59:46,816 LT1-thread root DEBUG client.py                 71    logger_log                : sending frame '02060005000000010003'
2025-02-20 12:59:46,816 LT1-thread root DEBUG client.py                 71    logger_log                : gatt_command_rsp_succ
2025-02-20 12:59:46,816 LT1-thread root DEBUG client.py                 71    logger_log                : read
2025-02-20 12:59:46,886 BTPWorkerThread-3488 (_rx_task) root DEBUG client.py                 71    logger_log                : Read 5 bytes
2025-02-20 12:59:46,906 BTPWorkerThread-3488 (_rx_task) root DEBUG client.py                 71    logger_log                : Received: hdr: Header(svc_id=0x02, op=0x06, ctrl_index=0x00, data_len=0x00) bytearray(b'\x02\x06\x00\x00\x00')
2025-02-20 12:59:46,926 BTPWorkerThread-3488 (_rx_task) root DEBUG client.py                 71    logger_log                : Received data: {''}, bytearray(b'')
2025-02-20 12:59:46,956 LT1-thread root DEBUG client.py                 71    logger_log                : received Header(svc_id=2, op=6, ctrl_index=0, data_len=0) (b'',)
2025-02-20 12:59:46,956 LT1-thread root DEBUG client.py                 71    logger_log                : Starting test function: class=<class 'autopts.ptsprojects.testcase.TestFunc'>, func=<function gatts_add_char at 0x00000275E0EFA160> start_wid=None stop_wid=None post_wid=None skip_call=None call_count=146 args=(0, 10, 48, 'AA55') kwds={}
2025-02-20 12:59:46,956 LT1-thread root DEBUG client.py                 71    logger_log                : Test function parameters: args=(0, 10, 48, 'AA55'), kwds={}
2025-02-20 12:59:46,956 LT1-thread root DEBUG client.py                 71    logger_log                : gatts_add_char 0 10 48 'AA55'
2025-02-20 12:59:46,956 LT1-thread root DEBUG client.py                 71    logger_log                : send, 2 3 0 "bytearray(b'\\x00\\x00\\n0\\x02\\xaaU')"
2025-02-20 12:59:46,956 LT1-thread root DEBUG client.py                 71    logger_log                : sending frame '020300070000000a3002aa55'
2025-02-20 12:59:46,956 LT1-thread root DEBUG client.py                 71    logger_log                : gatt_command_rsp_succ
2025-02-20 12:59:46,956 LT1-thread root DEBUG client.py                 71    logger_log                : read
2025-02-20 12:59:47,016 BTPWorkerThread-3488 (_rx_task) root DEBUG client.py                 71    logger_log                : Read 5 bytes
2025-02-20 12:59:47,036 BTPWorkerThread-3488 (_rx_task) root DEBUG client.py                 71    logger_log                : Received: hdr: Header(svc_id=0x02, op=0x03, ctrl_index=0x00, data_len=0x02) bytearray(b'\x02\x03\x00\x02\x00')
2025-02-20 12:59:47,076 BTPWorkerThread-3488 (_rx_task) root DEBUG client.py                 71    logger_log                : Read 2 bytes data
2025-02-20 12:59:47,096 BTPWorkerThread-3488 (_rx_task) root DEBUG client.py                 71    logger_log                : Received data: {'00 00'}, bytearray(b'\x00\x00')
2025-02-20 12:59:47,126 LT1-thread root DEBUG client.py                 71    logger_log                : received Header(svc_id=2, op=3, ctrl_index=0, data_len=2) (b'\x00\x00',)
2025-02-20 12:59:47,126 LT1-thread root DEBUG client.py                 71    logger_log                : Starting test function: class=<class 'autopts.ptsprojects.testcase.TestFunc'>, func=<function gatts_set_val at 0x00000275E0EFA200> start_wid=None stop_wid=None post_wid=None skip_call=None call_count=146 args=(0, '04') kwds={}
2025-02-20 12:59:47,126 LT1-thread root DEBUG client.py                 71    logger_log                : Test function parameters: args=(0, '04'), kwds={}
2025-02-20 12:59:47,126 LT1-thread root DEBUG client.py                 71    logger_log                : gatts_set_val 0 '04' 
2025-02-20 12:59:47,126 LT1-thread root DEBUG client.py                 71    logger_log                : send, 2 6 0 "bytearray(b'\\x00\\x00\\x01\\x00\\x04')"
2025-02-20 12:59:47,126 LT1-thread root DEBUG client.py                 71    logger_log                : sending frame '02060005000000010004'
2025-02-20 12:59:47,126 LT1-thread root DEBUG client.py                 71    logger_log                : gatt_command_rsp_succ
2025-02-20 12:59:47,126 LT1-thread root DEBUG client.py                 71    logger_log                : read
2025-02-20 12:59:47,196 BTPWorkerThread-3488 (_rx_task) root DEBUG client.py                 71    logger_log                : Read 5 bytes
2025-02-20 12:59:47,216 BTPWorkerThread-3488 (_rx_task) root DEBUG client.py                 71    logger_log                : Received: hdr: Header(svc_id=0x02, op=0x06, ctrl_index=0x00, data_len=0x00) bytearray(b'\x02\x06\x00\x00\x00')
2025-02-20 12:59:47,236 BTPWorkerThread-3488 (_rx_task) root DEBUG client.py                 71    logger_log                : Received data: {''}, bytearray(b'')
2025-02-20 12:59:47,266 LT1-thread root DEBUG client.py                 71    logger_log                : received Header(svc_id=2, op=6, ctrl_index=0, data_len=0) (b'',)
2025-02-20 12:59:47,266 LT1-thread root DEBUG client.py                 71    logger_log                : Starting test function: class=<class 'autopts.ptsprojects.testcase.TestFunc'>, func=<function gatts_start_server at 0x00000275E0EFA480> start_wid=None stop_wid=None post_wid=None skip_call=None call_count=146 args=() kwds={}
2025-02-20 12:59:47,266 LT1-thread root DEBUG client.py                 71    logger_log                : Test function parameters: args=(), kwds={}
2025-02-20 12:59:47,266 LT1-thread root DEBUG client.py                 71    logger_log                : gatts_start_server
2025-02-20 12:59:47,266 LT1-thread root DEBUG client.py                 71    logger_log                : send, 2 7 0 ''
2025-02-20 12:59:47,266 LT1-thread root DEBUG client.py                 71    logger_log                : sending frame '0207000000'
2025-02-20 12:59:47,266 LT1-thread root DEBUG client.py                 71    logger_log                : gatt_command_rsp_succ
2025-02-20 12:59:47,266 LT1-thread root DEBUG client.py                 71    logger_log                : read
2025-02-20 12:59:47,336 BTPWorkerThread-3488 (_rx_task) root DEBUG client.py                 71    logger_log                : Read 5 bytes
2025-02-20 12:59:47,356 BTPWorkerThread-3488 (_rx_task) root DEBUG client.py                 71    logger_log                : Received: hdr: Header(svc_id=0x02, op=0x07, ctrl_index=0x00, data_len=0x03) bytearray(b'\x02\x07\x00\x03\x00')
2025-02-20 12:59:47,376 BTPWorkerThread-3488 (_rx_task) root DEBUG client.py                 71    logger_log                : Read 3 bytes data
2025-02-20 12:59:47,396 BTPWorkerThread-3488 (_rx_task) root DEBUG client.py                 71    logger_log                : Received data: {'00 00 00'}, bytearray(b'\x00\x00\x00')
2025-02-20 12:59:47,426 LT1-thread root DEBUG client.py                 71    logger_log                : received Header(svc_id=2, op=7, ctrl_index=0, data_len=3) (b'\x00\x00\x00',)
2025-02-20 12:59:47,426 LT1-thread root DEBUG client.py                 71    logger_log                : ClientCallback.get_result run_test_case
2025-02-20 12:59:51,526 LT1-callback ClientCallback.on_implicit_send INFO client.py                 71    logger_log                : 
    ********************
    BEGIN OnImplicitSend:
    project_name: GAP
    wid: 302
    test_case_name: GAP/PADV/PASE/BV-02-C
    description: Perform Periodic Advertising Synchronization Establishment Procedure Listening for Periodic Advertising. Please click OK when IUT received Periodic Advertising Synchronization Information.
    style: MMI_Style_Ok_Cancel1 0x11041
2025-02-20 12:59:51,536 LT1-callback ClientCallback.on_implicit_send INFO client.py                 71    logger_log                : Calling test cases on_implicit_send
2025-02-20 12:59:51,536 LT1-callback ClientCallback.on_implicit_send INFO client.py                 71    logger_log                : 
    on_implicit_send returned response: WAIT
    END OnImplicitSend
    ********************
2025-02-20 12:59:52,452 LT1-thread root DEBUG client.py                 71    logger_log                : GAP GAP/PADV/PASE/BV-02-C on_implicit_send
2025-02-20 12:59:52,452 LT1-thread root DEBUG client.py                 71    logger_log                : gap_wid_hdl, 302, Perform Periodic Advertising Synchronization Establishment Procedure Listening for Periodic Advertising. Please click OK when IUT received Periodic Advertising Synchronization Information., GAP/PADV/PASE/BV-02-C
2025-02-20 12:59:52,452 LT1-thread root DEBUG client.py                 71    logger_log                : gap_padv_create_sync
2025-02-20 12:59:52,452 LT1-thread root DEBUG client.py                 71    logger_log                : send, 1 38 0 "bytearray(b'\\x00*\\xde%\\xe8\\x07\\xc0\\x00\\x00\\x00\\n\\x00\\x00')"
2025-02-20 12:59:52,452 LT1-thread root DEBUG client.py                 71    logger_log                : sending frame '0126000d00002ade25e807c00000000a0000'
2025-02-20 12:59:52,452 LT1-thread root DEBUG client.py                 71    logger_log                : gap_command_rsp_succ
2025-02-20 12:59:52,452 LT1-thread root DEBUG client.py                 71    logger_log                : read
2025-02-20 12:59:52,522 BTPWorkerThread-3488 (_rx_task) root DEBUG client.py                 71    logger_log                : Read 5 bytes
2025-02-20 12:59:52,550 BTPWorkerThread-3488 (_rx_task) root DEBUG client.py                 71    logger_log                : Received: hdr: Header(svc_id=0x01, op=0x00, ctrl_index=0x00, data_len=0x01) bytearray(b'\x01\x00\x00\x01\x00')
2025-02-20 12:59:52,590 BTPWorkerThread-3488 (_rx_task) root DEBUG client.py                 71    logger_log                : Read 1 bytes data
2025-02-20 12:59:52,610 BTPWorkerThread-3488 (_rx_task) root DEBUG client.py                 71    logger_log                : Received data: {'01'}, bytearray(b'\x01')
2025-02-20 12:59:52,640 LT1-thread root DEBUG client.py                 71    logger_log                : received Header(svc_id=1, op=0, ctrl_index=0, data_len=1) (b'\x01',)
2025-02-20 12:59:52,640 LT1-thread root ERROR client.py                 71    logger_log                : Error opcode in response!
Traceback (most recent call last):
  File "C:\Dpc\auto-pts\autopts\client.py", line 998, in _run_test_case
    response = test_case.run_next_step()
               ^^^^^^^^^^^^^^^^^^^^^^^^^
  File "C:\Dpc\auto-pts\autopts\ptsprojects\testcase.py", line 664, in run_next_step
    response = step(*args)
               ^^^^^^^^^^^
  File "C:\Dpc\auto-pts\autopts\ptsprojects\testcase.py", line 684, in run_wid
    my_response = self.handle_mmi_generic(wid, description, style,
                  ^^^^^^^^^^^^^^^^^^^^^^^^^^^^^^^^^^^^^^^^^^^^^^^^
  File "C:\Dpc\auto-pts\autopts\ptsprojects\testcase.py", line 605, in handle_mmi_generic
    response = self.generic_wid_hdl(wid, description, test_case_name)
               ^^^^^^^^^^^^^^^^^^^^^^^^^^^^^^^^^^^^^^^^^^^^^^^^^^^^^^
  File "C:\Dpc\auto-pts\autopts\ptsprojects\zephyr\gap_wid.py", line 26, in gap_wid_hdl
    return generic_wid_hdl(wid, description, test_case_name, [__name__, 'autopts.wid.gap'])
           ^^^^^^^^^^^^^^^^^^^^^^^^^^^^^^^^^^^^^^^^^^^^^^^^^^^^^^^^^^^^^^^^^^^^^^^^^^^^^^^^
  File "C:\Dpc\auto-pts\autopts\wid\wid.py", line 26, in generic_wid_hdl
    response = _generic_wid_hdl(wid, description, test_case_name, module_names)
               ^^^^^^^^^^^^^^^^^^^^^^^^^^^^^^^^^^^^^^^^^^^^^^^^^^^^^^^^^^^^^^^^
  File "C:\Dpc\auto-pts\autopts\wid\wid.py", line 22, in _generic_wid_hdl
    return wid_hdl(WIDParams(wid, description, test_case_name))
           ^^^^^^^^^^^^^^^^^^^^^^^^^^^^^^^^^^^^^^^^^^^^^^^^^^^^
  File "C:\Dpc\auto-pts\autopts\wid\gap.py", line 1330, in hdl_wid_302
    btp.gap_padv_create_sync(0, 0, 10, 0)
  File "C:\Dpc\auto-pts\autopts\pybtp\btp\gap.py", line 1372, in gap_padv_create_sync
    gap_command_rsp_succ()
  File "C:\Dpc\auto-pts\autopts\pybtp\btp\gap.py", line 979, in gap_command_rsp_succ
    btp_hdr_check(tuple_hdr, defs.BTP_SERVICE_ID_GAP, op)
  File "C:\Dpc\auto-pts\autopts\pybtp\btp\btp.py", line 381, in btp_hdr_check
    raise BTPError("Error opcode in response!")
autopts.pybtp.types.BTPError: Error opcode in response!
2025-02-20 12:59:52,640 LT1-thread root DEBUG client.py                 71    logger_log                : get_error_code returning error code 'BTP ERROR' for exception BTPError('Error opcode in response!')
2025-02-20 12:59:52,640 LT1-thread root DEBUG client.py                 71    logger_log                : After run_test_case error_code='BTP ERROR' status='RUNNING'
2025-02-20 12:59:52,650 LT1-thread root DEBUG client.py                 71    logger_log                : post_run GAP GAP/PADV/PASE/BV-02-C BTP ERROR
2025-02-20 12:59:52,650 MainThread root DEBUG client.py                 71    logger_log                : Interrupting GAP GAP/PADV/PASE/BV-02-C test case of thread LT1-thread
2025-02-20 12:59:52,650 LT1-thread root DEBUG client.py                 71    logger_log                : Starting test function: class=<class 'autopts.ptsprojects.testcase.TestFuncCleanUp'>, func=<bound method Stack.cleanup of <autopts.ptsprojects.stack.stack.Stack object at 0x00000275E020DE10>> start_wid=None stop_wid=None post_wid=None skip_call=None call_count=2 args=() kwds={}
2025-02-20 12:59:52,650 LT1-thread root DEBUG client.py                 71    logger_log                : Test function parameters: args=(), kwds={}
2025-02-20 12:59:52,650 LT1-thread root DEBUG client.py                 71    logger_log                : Starting test function: class=<class 'autopts.ptsprojects.testcase.TestFuncCleanUp'>, func=<bound method ZephyrCtl.stop of <autopts.ptsprojects.zephyr.iutctl.ZephyrCtl object at 0x00000275E4FF3050>> start_wid=None stop_wid=None post_wid=None skip_call=None call_count=2 args=() kwds={}
2025-02-20 12:59:52,650 LT1-thread root DEBUG client.py                 71    logger_log                : Test function parameters: args=(), kwds={}
2025-02-20 12:59:52,650 LT1-thread root DEBUG client.py                 71    logger_log                : <class 'autopts.ptsprojects.zephyr.iutctl.ZephyrCtl'>.stop
2025-02-20 12:59:52,650 LT1-thread root DEBUG client.py                 71    logger_log                : About to reset DUT: JLink -CommandFile reset.jlink -usb 1064371884 -device MCXW716
2025-02-20 12:59:53,169 BTPWorkerThread-3488 (_rx_task) root DEBUG client.py                 71    logger_log                : Read 5 bytes
2025-02-20 12:59:53,189 BTPWorkerThread-3488 (_rx_task) root DEBUG client.py                 71    logger_log                : Received: hdr: Header(svc_id=0x00, op=0x80, ctrl_index=0xff, data_len=0x00) bytearray(b'\x00\x80\xff\x00\x00')
2025-02-20 12:59:53,209 BTPWorkerThread-3488 (_rx_task) root DEBUG client.py                 71    logger_log                : Received data: {''}, bytearray(b'')
2025-02-20 12:59:53,229 BTPWorkerThread-3488 (_rx_task) root DEBUG client.py                 71    logger_log                : event_handler Header(svc_id=0, op=128, ctrl_index=255, data_len=0) (b'',)
2025-02-20 12:59:53,249 BTPWorkerThread-3488 (_rx_task) root DEBUG client.py                 71    logger_log                : core_iut_ready_ev
2025-02-20 12:59:53,269 LT1-thread root DEBUG client.py                 71    logger_log                : IUT ready event received OK
2025-02-20 12:59:53,269 LT1-thread root DEBUG client.py                 71    logger_log                : Waiting for _rx_worker to finish ...
2025-02-20 12:59:54,278 BTPWorkerThread-3488 (_rx_task) root DEBUG client.py                 71    logger_log                : BTPWorkerThread-3488 (_rx_task) finishing...
2025-02-20 12:59:54,278 LT1-thread root DEBUG client.py                 71    logger_log                : Waiting for _rx_worker to finish ...
2025-02-20 12:59:55,248 LT1-callback ClientCallback.log INFO client.py                 71    logger_log                : PTS_LOGTYPE_START_TEST Start Test Case 

+1531 ms
 GAP/PADV/PASE/BV-02-C GAP/PADV/PASE/BV-02-C

2025-02-20 12:59:55,658 LT1-callback ClientCallback.log INFO client.py                 71    logger_log                : PTS_LOGTYPE_FINAL_VERDICT Final Verdict 

+6266 ms
 GAP/PADV/PASE/BV-02-C INCONC

2025-02-20 12:59:55,668 LT1-callback ClientCallback.log INFO client.py                 71    logger_log                : PTS_LOGTYPE_FINAL_VERDICT Encrypted Verdict 

+6266 ms
 GAP/PADV/PASE/BV-02-C A1#OTA5Yzg2NzRjNGZjMjA2MGJiNmYyNTE3MGM0Y2I0NzYxODU1MjI0OWMyZWEyOTUwOTEyMDkxMDQ2YmRmOTVhNQ==#rbZYE4TO47jBVriLEjevm5t7NNPzPOfseeHSppsW+cdFeJxQ3csWaXgiR9A98f9y

2025-02-20 12:59:55,798 LT1-callback ClientCallback.log INFO client.py                 71    logger_log                : PTS_LOGTYPE_END_TEST Test Case Ended 

+6266 ms
 GAP/PADV/PASE/BV-02-C GAP/PADV/PASE/BV-02-C

2025-02-20 12:59:55,978 LT1-callback root DEBUG client.py                 71    logger_log                : ClientCallback, set_result, run_test_case, INCONC
2025-02-20 12:59:57,285 LT1-thread root DEBUG client.py                 71    logger_log                : post_run, cleanup running post test case script
2025-02-20 12:59:57,285 LT1-thread root DEBUG client.py                 71    logger_log                : post_run, run post test case script
2025-02-20 12:59:57,435 LT1-thread root DEBUG client.py                 71    logger_log                : Done TestCase _run_test_case GAP GAP/PADV/PASE/BV-02-C
