2025-01-09 19:50:02,049 LT1-thread root DEBUG client.py                 71    logger_log                : Starting TestCase _run_test_case GAP GAP/CONN/TERM/BV-01-C
2025-01-09 19:50:02,050 LT1-thread root DEBUG client.py                 71    logger_log                : pre_run GAP GAP/CONN/TERM/BV-01-C
2025-01-09 19:50:02,051 LT1-thread root DEBUG client.py                 71    logger_log                : About to run test case GAP GAP/CONN/TERM/BV-01-C with commands:
2025-01-09 19:50:02,051 LT1-thread root DEBUG client.py                 71    logger_log                : 0) class=<class 'autopts.ptsprojects.testcase.TestFunc'>, func=<bound method Stack.core_init of <autopts.ptsprojects.stack.stack.Stack object at 0x000001C083019550>> start_wid=None stop_wid=None post_wid=None skip_call=None call_count=0 args=() kwds={}
2025-01-09 19:50:02,051 LT1-thread root DEBUG client.py                 71    logger_log                : 1) class=<class 'autopts.ptsprojects.testcase.TestFunc'>, func=<bound method ZephyrCtl.hw_reset of <autopts.ptsprojects.zephyr.iutctl.ZephyrCtl object at 0x000001C08303E410>> start_wid=None stop_wid=None post_wid=None skip_call=None call_count=0 args=() kwds={}
2025-01-09 19:50:02,052 LT1-thread root DEBUG client.py                 71    logger_log                : 2) class=<class 'autopts.ptsprojects.testcase.TestFunc'>, func=<bound method ZephyrCtl.start of <autopts.ptsprojects.zephyr.iutctl.ZephyrCtl object at 0x000001C08303E410>> start_wid=None stop_wid=None post_wid=None skip_call=None call_count=0 args=(<autopts.ptsprojects.zephyr.ztestcase.ZTestCase object at 0x000001C083D02A90>,) kwds={}
2025-01-09 19:50:02,053 LT1-thread root DEBUG client.py                 71    logger_log                : 3) class=<class 'autopts.ptsprojects.testcase.TestFunc'>, func=<bound method ZephyrCtl.hw_reset of <autopts.ptsprojects.zephyr.iutctl.ZephyrCtl object at 0x000001C08303E410>> start_wid=None stop_wid=None post_wid=None skip_call=None call_count=0 args=() kwds={}
2025-01-09 19:50:02,053 LT1-thread root DEBUG client.py                 71    logger_log                : 4) class=<class 'autopts.ptsprojects.testcase.TestFunc'>, func=<bound method ZephyrCtl.wait_iut_ready_event of <autopts.ptsprojects.zephyr.iutctl.ZephyrCtl object at 0x000001C08303E410>> start_wid=None stop_wid=None post_wid=None skip_call=None call_count=0 args=(False,) kwds={}
2025-01-09 19:50:02,053 LT1-thread root DEBUG client.py                 71    logger_log                : 5) class=<class 'autopts.ptsprojects.testcase.TestFunc'>, func=<function core_reg_svc_gap at 0x000001C0FF3E4540> start_wid=None stop_wid=None post_wid=None skip_call=None call_count=42 args=() kwds={}
2025-01-09 19:50:02,054 LT1-thread root DEBUG client.py                 71    logger_log                : 6) class=<class 'autopts.ptsprojects.testcase.TestFunc'>, func=<bound method Stack.gap_init of <autopts.ptsprojects.stack.stack.Stack object at 0x000001C083019550>> start_wid=None stop_wid=None post_wid=None skip_call=None call_count=42 args=(b'Tester_59F2E6', 'ABCD', '1111', '1111', '11', '1111', b'\x17github.com/auto-pts', (8, 'PADV_Tester'), 'FF') kwds={}
2025-01-09 19:50:02,054 LT1-thread root DEBUG client.py                 71    logger_log                : 7) class=<class 'autopts.ptsprojects.testcase.TestFunc'>, func=<function gap_read_ctrl_info at 0x000001C0FF3F4400> start_wid=None stop_wid=None post_wid=None skip_call=None call_count=42 args=() kwds={}
2025-01-09 19:50:02,054 LT1-thread root DEBUG client.py                 71    logger_log                : 8) class=<class 'autopts.ptsprojects.testcase.TestFunc'>, func=<function test_cases.<locals>.<lambda> at 0x000001C083CDC040> start_wid=None stop_wid=None post_wid=None skip_call=None call_count=42 args=() kwds={}
2025-01-09 19:50:02,055 LT1-thread root DEBUG client.py                 71    logger_log                : 9) class=<class 'autopts.ptsprojects.testcase.TestFunc'>, func=<function test_cases.<locals>.<lambda> at 0x000001C083CDC0E0> start_wid=None stop_wid=None post_wid=None skip_call=None call_count=42 args=() kwds={}
2025-01-09 19:50:02,055 LT1-thread root DEBUG client.py                 71    logger_log                : 10) class=<class 'autopts.ptsprojects.testcase.TestFunc'>, func=<function test_cases.<locals>.<lambda> at 0x000001C083CDC180> start_wid=None stop_wid=None post_wid=None skip_call=None call_count=42 args=() kwds={}
2025-01-09 19:50:02,056 LT1-thread root DEBUG client.py                 71    logger_log                : 11) class=<class 'autopts.ptsprojects.testcase.TestFunc'>, func=<function test_cases.<locals>.<lambda> at 0x000001C083CDC220> start_wid=None stop_wid=None post_wid=None skip_call=None call_count=42 args=() kwds={}
2025-01-09 19:50:02,056 LT1-thread root DEBUG client.py                 71    logger_log                : 12) class=<class 'autopts.ptsprojects.testcase.TestFunc'>, func=<function test_cases.<locals>.<lambda> at 0x000001C083CDC2C0> start_wid=None stop_wid=None post_wid=None skip_call=None call_count=42 args=() kwds={}
2025-01-09 19:50:02,056 LT1-thread root DEBUG client.py                 71    logger_log                : 13) class=<class 'autopts.ptsprojects.testcase.TestFunc'>, func=<function test_cases.<locals>.<lambda> at 0x000001C083CDC360> start_wid=None stop_wid=None post_wid=None skip_call=None call_count=42 args=() kwds={}
2025-01-09 19:50:02,057 LT1-thread root DEBUG client.py                 71    logger_log                : 14) class=<class 'autopts.ptsprojects.testcase.TestFunc'>, func=<function test_cases.<locals>.<lambda> at 0x000001C083CDC400> start_wid=None stop_wid=None post_wid=None skip_call=None call_count=42 args=() kwds={}
2025-01-09 19:50:02,057 LT1-thread root DEBUG client.py                 71    logger_log                : 15) class=<class 'autopts.ptsprojects.testcase.TestFunc'>, func=<function test_cases.<locals>.<lambda> at 0x000001C083CDC4A0> start_wid=None stop_wid=None post_wid=None skip_call=None call_count=42 args=() kwds={}
2025-01-09 19:50:02,057 LT1-thread root DEBUG client.py                 71    logger_log                : 16) class=<class 'autopts.ptsprojects.testcase.TestFunc'>, func=<function test_cases.<locals>.<lambda> at 0x000001C083CDC540> start_wid=None stop_wid=None post_wid=None skip_call=None call_count=42 args=() kwds={}
2025-01-09 19:50:02,057 LT1-thread root DEBUG client.py                 71    logger_log                : 17) class=<class 'autopts.ptsprojects.testcase.TestFunc'>, func=<function test_cases.<locals>.<lambda> at 0x000001C083CDC5E0> start_wid=None stop_wid=None post_wid=None skip_call=None call_count=42 args=() kwds={}
2025-01-09 19:50:02,058 LT1-thread root DEBUG client.py                 71    logger_log                : 18) class=<class 'autopts.ptsprojects.testcase.TestFunc'>, func=<function test_cases.<locals>.<lambda> at 0x000001C083CDC680> start_wid=None stop_wid=None post_wid=None skip_call=None call_count=42 args=() kwds={}
2025-01-09 19:50:02,058 LT1-thread root DEBUG client.py                 71    logger_log                : 19) class=<class 'autopts.ptsprojects.testcase.TestFunc'>, func=<function test_cases.<locals>.<lambda> at 0x000001C083CDC720> start_wid=None stop_wid=None post_wid=None skip_call=None call_count=42 args=() kwds={}
2025-01-09 19:50:02,058 LT1-thread root DEBUG client.py                 71    logger_log                : 20) class=<class 'autopts.ptsprojects.testcase.TestFunc'>, func=<function core_reg_svc_gatt at 0x000001C0FF3E4680> start_wid=None stop_wid=None post_wid=None skip_call=None call_count=42 args=() kwds={}
2025-01-09 19:50:02,059 LT1-thread root DEBUG client.py                 71    logger_log                : 21) class=<class 'autopts.ptsprojects.testcase.TestFunc'>, func=<bound method Stack.gatt_init of <autopts.ptsprojects.stack.stack.Stack object at 0x000001C083019550>> start_wid=None stop_wid=None post_wid=None skip_call=None call_count=42 args=() kwds={}
2025-01-09 19:50:02,059 LT1-thread root DEBUG client.py                 71    logger_log                : 22) class=<class 'autopts.ptsprojects.testcase.TestFunc'>, func=<function gap_set_io_cap at 0x000001C0FF3E7920> start_wid=None stop_wid=None post_wid=None skip_call=None call_count=42 args=(4,) kwds={}
2025-01-09 19:50:02,059 LT1-thread root DEBUG client.py                 71    logger_log                : 23) class=<class 'autopts.ptsprojects.testcase.TestFunc'>, func=<function set_pts_addr at 0x000001C0FF3E40E0> start_wid=None stop_wid=None post_wid=None skip_call=None call_count=42 args=('C0:07:E8:59:F2:E6', 0) kwds={}
2025-01-09 19:50:02,060 LT1-thread root DEBUG client.py                 71    logger_log                : 24) class=<class 'autopts.ptsprojects.testcase.TestFunc'>, func=<function gatts_add_svc at 0x000001C0FF3F5DA0> start_wid=None stop_wid=None post_wid=None skip_call=None call_count=42 args=(0, 'AA51') kwds={}
2025-01-09 19:50:02,060 LT1-thread root DEBUG client.py                 71    logger_log                : 25) class=<class 'autopts.ptsprojects.testcase.TestFunc'>, func=<function gatts_add_char at 0x000001C0FF3F5EE0> start_wid=None stop_wid=None post_wid=None skip_call=None call_count=42 args=(0, 2, 17, 'AA52') kwds={}
2025-01-09 19:50:02,060 LT1-thread root DEBUG client.py                 71    logger_log                : 26) class=<class 'autopts.ptsprojects.testcase.TestFunc'>, func=<function gatts_set_val at 0x000001C0FF3F5F80> start_wid=None stop_wid=None post_wid=None skip_call=None call_count=42 args=(0, '01') kwds={}
2025-01-09 19:50:02,061 LT1-thread root DEBUG client.py                 71    logger_log                : 27) class=<class 'autopts.ptsprojects.testcase.TestFunc'>, func=<function gatts_add_char at 0x000001C0FF3F5EE0> start_wid=None stop_wid=None post_wid=None skip_call=None call_count=42 args=(0, 2, 5, 'AA53') kwds={}
2025-01-09 19:50:02,061 LT1-thread root DEBUG client.py                 71    logger_log                : 28) class=<class 'autopts.ptsprojects.testcase.TestFunc'>, func=<function gatts_set_val at 0x000001C0FF3F5F80> start_wid=None stop_wid=None post_wid=None skip_call=None call_count=42 args=(0, '02') kwds={}
2025-01-09 19:50:02,061 LT1-thread root DEBUG client.py                 71    logger_log                : 29) class=<class 'autopts.ptsprojects.testcase.TestFunc'>, func=<function gatts_add_char at 0x000001C0FF3F5EE0> start_wid=None stop_wid=None post_wid=None skip_call=None call_count=42 args=(0, 66, 3, 'AA54') kwds={}
2025-01-09 19:50:02,062 LT1-thread root DEBUG client.py                 71    logger_log                : 30) class=<class 'autopts.ptsprojects.testcase.TestFunc'>, func=<function gatts_set_val at 0x000001C0FF3F5F80> start_wid=None stop_wid=None post_wid=None skip_call=None call_count=42 args=(0, '03') kwds={}
2025-01-09 19:50:02,062 LT1-thread root DEBUG client.py                 71    logger_log                : 31) class=<class 'autopts.ptsprojects.testcase.TestFunc'>, func=<function gatts_add_char at 0x000001C0FF3F5EE0> start_wid=None stop_wid=None post_wid=None skip_call=None call_count=42 args=(0, 10, 48, 'AA55') kwds={}
2025-01-09 19:50:02,062 LT1-thread root DEBUG client.py                 71    logger_log                : 32) class=<class 'autopts.ptsprojects.testcase.TestFunc'>, func=<function gatts_set_val at 0x000001C0FF3F5F80> start_wid=None stop_wid=None post_wid=None skip_call=None call_count=42 args=(0, '04') kwds={}
2025-01-09 19:50:02,063 LT1-thread root DEBUG client.py                 71    logger_log                : 33) class=<class 'autopts.ptsprojects.testcase.TestFunc'>, func=<function gatts_start_server at 0x000001C0FF3F6200> start_wid=None stop_wid=None post_wid=None skip_call=None call_count=42 args=() kwds={}
2025-01-09 19:50:02,063 LT1-thread root DEBUG client.py                 71    logger_log                : 34) class=<class 'autopts.ptsprojects.testcase.TestFuncCleanUp'>, func=<bound method Stack.cleanup of <autopts.ptsprojects.stack.stack.Stack object at 0x000001C083019550>> start_wid=None stop_wid=None post_wid=None skip_call=None call_count=0 args=() kwds={}
2025-01-09 19:50:02,063 LT1-thread root DEBUG client.py                 71    logger_log                : 35) class=<class 'autopts.ptsprojects.testcase.TestFuncCleanUp'>, func=<bound method ZephyrCtl.stop of <autopts.ptsprojects.zephyr.iutctl.ZephyrCtl object at 0x000001C08303E410>> start_wid=None stop_wid=None post_wid=None skip_call=None call_count=0 args=() kwds={}
2025-01-09 19:50:02,064 LT1-thread root DEBUG client.py                 71    logger_log                : pre_run, run pre test case script
2025-01-09 19:50:02,091 LT1-thread root DEBUG client.py                 71    logger_log                : Starting test function: class=<class 'autopts.ptsprojects.testcase.TestFunc'>, func=<bound method Stack.core_init of <autopts.ptsprojects.stack.stack.Stack object at 0x000001C083019550>> start_wid=None stop_wid=None post_wid=None skip_call=None call_count=1 args=() kwds={}
2025-01-09 19:50:02,091 LT1-thread root DEBUG client.py                 71    logger_log                : Test function parameters: args=(), kwds={}
2025-01-09 19:50:02,092 LT1-thread root DEBUG client.py                 71    logger_log                : Starting test function: class=<class 'autopts.ptsprojects.testcase.TestFunc'>, func=<bound method ZephyrCtl.hw_reset of <autopts.ptsprojects.zephyr.iutctl.ZephyrCtl object at 0x000001C08303E410>> start_wid=None stop_wid=None post_wid=None skip_call=None call_count=1 args=() kwds={}
2025-01-09 19:50:02,092 LT1-thread root DEBUG client.py                 71    logger_log                : Test function parameters: args=(), kwds={}
2025-01-09 19:50:02,092 LT1-thread root DEBUG client.py                 71    logger_log                : Starting test function: class=<class 'autopts.ptsprojects.testcase.TestFunc'>, func=<bound method ZephyrCtl.start of <autopts.ptsprojects.zephyr.iutctl.ZephyrCtl object at 0x000001C08303E410>> start_wid=None stop_wid=None post_wid=None skip_call=None call_count=1 args=(<autopts.ptsprojects.zephyr.ztestcase.ZTestCase object at 0x000001C083D02A90>,) kwds={}
2025-01-09 19:50:02,093 LT1-thread root DEBUG client.py                 71    logger_log                : Test function parameters: args=(<autopts.ptsprojects.zephyr.ztestcase.ZTestCase object at 0x000001C083D02A90>,), kwds={}
2025-01-09 19:50:02,093 LT1-thread root DEBUG client.py                 71    logger_log                : <class 'autopts.ptsprojects.zephyr.iutctl.ZephyrCtl'>.start
2025-01-09 19:50:02,095 LT1-thread root DEBUG client.py                 71    logger_log                : <class 'autopts.ptsprojects.zephyr.iutctl.ZephyrCtl'>.flush_serial
2025-01-09 19:50:03,599 LT1-thread root DEBUG client.py                 71    logger_log                : Starting socat process: socat.exe -x -v tcp:10.192.253.135:58811,retry=100,interval=1 /dev/ttyS34,raw,b115200
2025-01-09 19:50:03,639 LT1-thread root DEBUG client.py                 71    logger_log                : accept
2025-01-09 19:50:03,949 BTPWorkerThread-944 (_rx_task) root DEBUG client.py                 71    logger_log                : BTPWorkerThread-944 (_rx_task) started
2025-01-09 19:50:03,949 LT1-thread root DEBUG client.py                 71    logger_log                : Starting test function: class=<class 'autopts.ptsprojects.testcase.TestFunc'>, func=<bound method ZephyrCtl.hw_reset of <autopts.ptsprojects.zephyr.iutctl.ZephyrCtl object at 0x000001C08303E410>> start_wid=None stop_wid=None post_wid=None skip_call=None call_count=1 args=() kwds={}
2025-01-09 19:50:03,950 LT1-thread root DEBUG client.py                 71    logger_log                : Test function parameters: args=(), kwds={}
2025-01-09 19:50:03,950 LT1-thread root DEBUG client.py                 71    logger_log                : Starting test function: class=<class 'autopts.ptsprojects.testcase.TestFunc'>, func=<bound method ZephyrCtl.wait_iut_ready_event of <autopts.ptsprojects.zephyr.iutctl.ZephyrCtl object at 0x000001C08303E410>> start_wid=None stop_wid=None post_wid=None skip_call=None call_count=1 args=(False,) kwds={}
2025-01-09 19:50:03,951 LT1-thread root DEBUG client.py                 71    logger_log                : Test function parameters: args=(False,), kwds={}
2025-01-09 19:50:03,956 LT1-thread root DEBUG client.py                 71    logger_log                : IUT ready event received OK
2025-01-09 19:50:03,957 LT1-thread root DEBUG client.py                 71    logger_log                : Starting test function: class=<class 'autopts.ptsprojects.testcase.TestFunc'>, func=<function core_reg_svc_gap at 0x000001C0FF3E4540> start_wid=None stop_wid=None post_wid=None skip_call=None call_count=43 args=() kwds={}
2025-01-09 19:50:03,957 LT1-thread root DEBUG client.py                 71    logger_log                : Test function parameters: args=(), kwds={}
2025-01-09 19:50:03,958 LT1-thread root DEBUG client.py                 71    logger_log                : core_reg_svc_gap
2025-01-09 19:50:03,958 LT1-thread root DEBUG client.py                 71    logger_log                : send, 0 3 255 '1'
2025-01-09 19:50:03,958 LT1-thread root DEBUG client.py                 71    logger_log                : sending frame '0003ff010001'
2025-01-09 19:50:03,959 LT1-thread root DEBUG client.py                 71    logger_log                : core_reg_svc_rsp_succ
2025-01-09 19:50:03,959 LT1-thread root DEBUG client.py                 71    logger_log                : read
2025-01-09 19:50:04,080 BTPWorkerThread-944 (_rx_task) root DEBUG client.py                 71    logger_log                : Read 5 bytes
2025-01-09 19:50:04,096 BTPWorkerThread-944 (_rx_task) root DEBUG client.py                 71    logger_log                : Received: hdr: Header(svc_id=0x00, op=0x03, ctrl_index=0xff, data_len=0x00) bytearray(b'\x00\x03\xff\x00\x00')
2025-01-09 19:50:04,126 BTPWorkerThread-944 (_rx_task) root DEBUG client.py                 71    logger_log                : Received data: {''}, bytearray(b'')
2025-01-09 19:50:04,172 LT1-thread root DEBUG client.py                 71    logger_log                : received Header(svc_id=0, op=3, ctrl_index=255, data_len=0) (b'',)
2025-01-09 19:50:04,173 LT1-thread root DEBUG client.py                 71    logger_log                : expected ((0, 3, 255, 0), (b'',))
2025-01-09 19:50:04,173 LT1-thread root DEBUG client.py                 71    logger_log                : response is valid
2025-01-09 19:50:04,173 LT1-thread root DEBUG client.py                 71    logger_log                : Starting test function: class=<class 'autopts.ptsprojects.testcase.TestFunc'>, func=<bound method Stack.gap_init of <autopts.ptsprojects.stack.stack.Stack object at 0x000001C083019550>> start_wid=None stop_wid=None post_wid=None skip_call=None call_count=43 args=(b'Tester_59F2E6', 'ABCD', '1111', '1111', '11', '1111', b'\x17github.com/auto-pts', (8, 'PADV_Tester'), 'FF') kwds={}
2025-01-09 19:50:04,174 LT1-thread root DEBUG client.py                 71    logger_log                : Test function parameters: args=(b'Tester_59F2E6', 'ABCD', '1111', '1111', '11', '1111', b'\x17github.com/auto-pts', (8, 'PADV_Tester'), 'FF'), kwds={}
2025-01-09 19:50:04,174 LT1-thread root DEBUG client.py                 71    logger_log                : Starting test function: class=<class 'autopts.ptsprojects.testcase.TestFunc'>, func=<function gap_read_ctrl_info at 0x000001C0FF3F4400> start_wid=None stop_wid=None post_wid=None skip_call=None call_count=43 args=() kwds={}
2025-01-09 19:50:04,175 LT1-thread root DEBUG client.py                 71    logger_log                : Test function parameters: args=(), kwds={}
2025-01-09 19:50:04,175 LT1-thread root DEBUG client.py                 71    logger_log                : gap_read_ctrl_info
2025-01-09 19:50:04,175 LT1-thread root DEBUG client.py                 71    logger_log                : send, 1 3 0 ''
2025-01-09 19:50:04,176 LT1-thread root DEBUG client.py                 71    logger_log                : sending frame '0103000000'
2025-01-09 19:50:04,176 LT1-thread root DEBUG client.py                 71    logger_log                : read
2025-01-09 19:50:05,032 BTPWorkerThread-944 (_rx_task) root DEBUG client.py                 71    logger_log                : Read 5 bytes
2025-01-09 19:50:05,052 BTPWorkerThread-944 (_rx_task) root DEBUG client.py                 71    logger_log                : Received: hdr: Header(svc_id=0x01, op=0x03, ctrl_index=0x00, data_len=0x115) bytearray(b'\x01\x03\x00\x15\x01')
2025-01-09 19:50:05,092 BTPWorkerThread-944 (_rx_task) root DEBUG client.py                 71    logger_log                : Read 277 bytes data
2025-01-09 19:50:05,112 BTPWorkerThread-944 (_rx_task) root DEBUG client.py                 71    logger_log                : Received data: {'28 00 03 37 60 00 13 06 02 00 13 02 00 00 00 00 00 62 74 70 5f 74 65 73 74 65 72 00 00 00 00 00 00 00 00 00 00 00 00 00 00 00 00 00 00 00 00 00 00 00 00 00 00 00 00 00 00 00 00 00 00 00 00 00 00 00 00 00 00 00 00 00 00 00 00 00 00 00 00 00 00 00 00 00 00 00 00 00 00 00 00 00 00 00 00 00 00 00 00 00 00 00 00 00 00 00 00 00 00 00 00 00 00 00 00 00 00 00 00 00 00 00 00 00 00 00 00 00 00 00 00 00 00 00 00 00 00 00 00 00 00 00 00 00 00 00 00 00 00 00 00 00 00 00 00 00 00 00 00 00 00 00 00 00 00 00 00 00 00 00 00 00 00 00 00 00 00 00 00 00 00 00 00 00 00 00 00 00 00 00 00 00 00 00 00 00 00 00 00 00 00 00 00 00 00 00 00 00 00 00 00 00 00 00 00 00 00 00 00 00 00 00 00 00 00 00 00 00 00 00 00 00 00 00 00 00 00 00 00 00 00 00 00 00 00 00 00 00 00 00 00 00 00 00 00 00 00 00 00 00 00 00 00 00 00 00 00 00 00 00 00 00 00 00 00 00 00'}, bytearray(b'(\x00\x037`\x00\x13\x06\x02\x00\x13\x02\x00\x00\x00\x00\x00btp_tester\x00\x00\x00\x00\x00\x00\x00\x00\x00\x00\x00\x00\x00\x00\x00\x00\x00\x00\x00\x00\x00\x00\x00\x00\x00\x00\x00\x00\x00\x00\x00\x00\x00\x00\x00\x00\x00\x00\x00\x00\x00\x00\x00\x00\x00\x00\x00\x00\x00\x00\x00\x00\x00\x00\x00\x00\x00\x00\x00\x00\x00\x00\x00\x00\x00\x00\x00\x00\x00\x00\x00\x00\x00\x00\x00\x00\x00\x00\x00\x00\x00\x00\x00\x00\x00\x00\x00\x00\x00\x00\x00\x00\x00\x00\x00\x00\x00\x00\x00\x00\x00\x00\x00\x00\x00\x00\x00\x00\x00\x00\x00\x00\x00\x00\x00\x00\x00\x00\x00\x00\x00\x00\x00\x00\x00\x00\x00\x00\x00\x00\x00\x00\x00\x00\x00\x00\x00\x00\x00\x00\x00\x00\x00\x00\x00\x00\x00\x00\x00\x00\x00\x00\x00\x00\x00\x00\x00\x00\x00\x00\x00\x00\x00\x00\x00\x00\x00\x00\x00\x00\x00\x00\x00\x00\x00\x00\x00\x00\x00\x00\x00\x00\x00\x00\x00\x00\x00\x00\x00\x00\x00\x00\x00\x00\x00\x00\x00\x00\x00\x00\x00\x00\x00\x00\x00\x00\x00\x00\x00\x00\x00\x00\x00\x00\x00\x00\x00\x00\x00\x00\x00\x00\x00\x00\x00\x00\x00\x00\x00\x00\x00\x00\x00\x00\x00\x00\x00\x00\x00\x00\x00\x00\x00\x00\x00\x00\x00\x00\x00\x00')
2025-01-09 19:50:05,142 LT1-thread root DEBUG client.py                 71    logger_log                : received Header(svc_id=1, op=3, ctrl_index=0, data_len=277) (b'(\x00\x037`\x00\x13\x06\x02\x00\x13\x02\x00\x00\x00\x00\x00btp_tester\x00\x00\x00\x00\x00\x00\x00\x00\x00\x00\x00\x00\x00\x00\x00\x00\x00\x00\x00\x00\x00\x00\x00\x00\x00\x00\x00\x00\x00\x00\x00\x00\x00\x00\x00\x00\x00\x00\x00\x00\x00\x00\x00\x00\x00\x00\x00\x00\x00\x00\x00\x00\x00\x00\x00\x00\x00\x00\x00\x00\x00\x00\x00\x00\x00\x00\x00\x00\x00\x00\x00\x00\x00\x00\x00\x00\x00\x00\x00\x00\x00\x00\x00\x00\x00\x00\x00\x00\x00\x00\x00\x00\x00\x00\x00\x00\x00\x00\x00\x00\x00\x00\x00\x00\x00\x00\x00\x00\x00\x00\x00\x00\x00\x00\x00\x00\x00\x00\x00\x00\x00\x00\x00\x00\x00\x00\x00\x00\x00\x00\x00\x00\x00\x00\x00\x00\x00\x00\x00\x00\x00\x00\x00\x00\x00\x00\x00\x00\x00\x00\x00\x00\x00\x00\x00\x00\x00\x00\x00\x00\x00\x00\x00\x00\x00\x00\x00\x00\x00\x00\x00\x00\x00\x00\x00\x00\x00\x00\x00\x00\x00\x00\x00\x00\x00\x00\x00\x00\x00\x00\x00\x00\x00\x00\x00\x00\x00\x00\x00\x00\x00\x00\x00\x00\x00\x00\x00\x00\x00\x00\x00\x00\x00\x00\x00\x00\x00\x00\x00\x00\x00\x00\x00\x00\x00\x00\x00\x00\x00\x00\x00\x00\x00\x00\x00\x00\x00\x00\x00\x00\x00\x00\x00\x00\x00\x00\x00\x00\x00\x00',)
2025-01-09 19:50:05,142 LT1-thread root DEBUG client.py                 71    logger_log                : IUT address '006037030028' 'public'
2025-01-09 19:50:05,142 LT1-thread root DEBUG client.py                 71    logger_log                : __gap_current_settings_update 531
2025-01-09 19:50:05,142 LT1-thread root DEBUG client.py                 71    logger_log                : Starting test function: class=<class 'autopts.ptsprojects.testcase.TestFunc'>, func=<function test_cases.<locals>.<lambda> at 0x000001C083CDC040> start_wid=None stop_wid=None post_wid=None skip_call=None call_count=43 args=() kwds={}
2025-01-09 19:50:05,142 LT1-thread root DEBUG client.py                 71    logger_log                : Test function parameters: args=(), kwds={}
2025-01-09 19:50:05,172 LT1-thread root DEBUG client.py                 71    logger_log                : Starting test function: class=<class 'autopts.ptsprojects.testcase.TestFunc'>, func=<function test_cases.<locals>.<lambda> at 0x000001C083CDC0E0> start_wid=None stop_wid=None post_wid=None skip_call=None call_count=43 args=() kwds={}
2025-01-09 19:50:05,172 LT1-thread root DEBUG client.py                 71    logger_log                : Test function parameters: args=(), kwds={}
2025-01-09 19:50:05,192 LT1-thread root DEBUG client.py                 71    logger_log                : Starting test function: class=<class 'autopts.ptsprojects.testcase.TestFunc'>, func=<function test_cases.<locals>.<lambda> at 0x000001C083CDC180> start_wid=None stop_wid=None post_wid=None skip_call=None call_count=43 args=() kwds={}
2025-01-09 19:50:05,192 LT1-thread root DEBUG client.py                 71    logger_log                : Test function parameters: args=(), kwds={}
2025-01-09 19:50:05,212 LT1-thread root DEBUG client.py                 71    logger_log                : Starting test function: class=<class 'autopts.ptsprojects.testcase.TestFunc'>, func=<function test_cases.<locals>.<lambda> at 0x000001C083CDC220> start_wid=None stop_wid=None post_wid=None skip_call=None call_count=43 args=() kwds={}
2025-01-09 19:50:05,222 LT1-thread root DEBUG client.py                 71    logger_log                : Test function parameters: args=(), kwds={}
2025-01-09 19:50:05,242 LT1-thread root DEBUG client.py                 71    logger_log                : Starting test function: class=<class 'autopts.ptsprojects.testcase.TestFunc'>, func=<function test_cases.<locals>.<lambda> at 0x000001C083CDC2C0> start_wid=None stop_wid=None post_wid=None skip_call=None call_count=43 args=() kwds={}
2025-01-09 19:50:05,242 LT1-thread root DEBUG client.py                 71    logger_log                : Test function parameters: args=(), kwds={}
2025-01-09 19:50:05,272 LT1-thread root DEBUG client.py                 71    logger_log                : Starting test function: class=<class 'autopts.ptsprojects.testcase.TestFunc'>, func=<function test_cases.<locals>.<lambda> at 0x000001C083CDC360> start_wid=None stop_wid=None post_wid=None skip_call=None call_count=43 args=() kwds={}
2025-01-09 19:50:05,272 LT1-thread root DEBUG client.py                 71    logger_log                : Test function parameters: args=(), kwds={}
2025-01-09 19:50:05,302 LT1-thread root DEBUG client.py                 71    logger_log                : Starting test function: class=<class 'autopts.ptsprojects.testcase.TestFunc'>, func=<function test_cases.<locals>.<lambda> at 0x000001C083CDC400> start_wid=None stop_wid=None post_wid=None skip_call=None call_count=43 args=() kwds={}
2025-01-09 19:50:05,302 LT1-thread root DEBUG client.py                 71    logger_log                : Test function parameters: args=(), kwds={}
2025-01-09 19:50:05,322 LT1-thread root DEBUG client.py                 71    logger_log                : Starting test function: class=<class 'autopts.ptsprojects.testcase.TestFunc'>, func=<function test_cases.<locals>.<lambda> at 0x000001C083CDC4A0> start_wid=None stop_wid=None post_wid=None skip_call=None call_count=43 args=() kwds={}
2025-01-09 19:50:05,322 LT1-thread root DEBUG client.py                 71    logger_log                : Test function parameters: args=(), kwds={}
2025-01-09 19:50:05,352 LT1-thread root DEBUG client.py                 71    logger_log                : Starting test function: class=<class 'autopts.ptsprojects.testcase.TestFunc'>, func=<function test_cases.<locals>.<lambda> at 0x000001C083CDC540> start_wid=None stop_wid=None post_wid=None skip_call=None call_count=43 args=() kwds={}
2025-01-09 19:50:05,352 LT1-thread root DEBUG client.py                 71    logger_log                : Test function parameters: args=(), kwds={}
2025-01-09 19:50:05,382 LT1-thread root DEBUG client.py                 71    logger_log                : Starting test function: class=<class 'autopts.ptsprojects.testcase.TestFunc'>, func=<function test_cases.<locals>.<lambda> at 0x000001C083CDC5E0> start_wid=None stop_wid=None post_wid=None skip_call=None call_count=43 args=() kwds={}
2025-01-09 19:50:05,382 LT1-thread root DEBUG client.py                 71    logger_log                : Test function parameters: args=(), kwds={}
2025-01-09 19:50:05,412 LT1-thread root DEBUG client.py                 71    logger_log                : Starting test function: class=<class 'autopts.ptsprojects.testcase.TestFunc'>, func=<function test_cases.<locals>.<lambda> at 0x000001C083CDC680> start_wid=None stop_wid=None post_wid=None skip_call=None call_count=43 args=() kwds={}
2025-01-09 19:50:05,412 LT1-thread root DEBUG client.py                 71    logger_log                : Test function parameters: args=(), kwds={}
2025-01-09 19:50:05,442 LT1-thread root DEBUG client.py                 71    logger_log                : Starting test function: class=<class 'autopts.ptsprojects.testcase.TestFunc'>, func=<function test_cases.<locals>.<lambda> at 0x000001C083CDC720> start_wid=None stop_wid=None post_wid=None skip_call=None call_count=43 args=() kwds={}
2025-01-09 19:50:05,442 LT1-thread root DEBUG client.py                 71    logger_log                : Test function parameters: args=(), kwds={}
2025-01-09 19:50:05,472 LT1-thread root DEBUG client.py                 71    logger_log                : Starting test function: class=<class 'autopts.ptsprojects.testcase.TestFunc'>, func=<function core_reg_svc_gatt at 0x000001C0FF3E4680> start_wid=None stop_wid=None post_wid=None skip_call=None call_count=43 args=() kwds={}
2025-01-09 19:50:05,472 LT1-thread root DEBUG client.py                 71    logger_log                : Test function parameters: args=(), kwds={}
2025-01-09 19:50:05,472 LT1-thread root DEBUG client.py                 71    logger_log                : core_reg_svc_gatt
2025-01-09 19:50:05,472 LT1-thread root DEBUG client.py                 71    logger_log                : send, 0 3 255 '2'
2025-01-09 19:50:05,472 LT1-thread root DEBUG client.py                 71    logger_log                : sending frame '0003ff010002'
2025-01-09 19:50:05,472 LT1-thread root DEBUG client.py                 71    logger_log                : core_reg_svc_rsp_succ
2025-01-09 19:50:05,472 LT1-thread root DEBUG client.py                 71    logger_log                : read
2025-01-09 19:50:05,565 BTPWorkerThread-944 (_rx_task) root DEBUG client.py                 71    logger_log                : Read 5 bytes
2025-01-09 19:50:05,597 BTPWorkerThread-944 (_rx_task) root DEBUG client.py                 71    logger_log                : Received: hdr: Header(svc_id=0x00, op=0x03, ctrl_index=0xff, data_len=0x00) bytearray(b'\x00\x03\xff\x00\x00')
2025-01-09 19:50:05,628 BTPWorkerThread-944 (_rx_task) root DEBUG client.py                 71    logger_log                : Received data: {''}, bytearray(b'')
2025-01-09 19:50:05,643 LT1-thread root DEBUG client.py                 71    logger_log                : received Header(svc_id=0, op=3, ctrl_index=255, data_len=0) (b'',)
2025-01-09 19:50:05,644 LT1-thread root DEBUG client.py                 71    logger_log                : expected ((0, 3, 255, 0), (b'',))
2025-01-09 19:50:05,644 LT1-thread root DEBUG client.py                 71    logger_log                : response is valid
2025-01-09 19:50:05,644 LT1-thread root DEBUG client.py                 71    logger_log                : Starting test function: class=<class 'autopts.ptsprojects.testcase.TestFunc'>, func=<bound method Stack.gatt_init of <autopts.ptsprojects.stack.stack.Stack object at 0x000001C083019550>> start_wid=None stop_wid=None post_wid=None skip_call=None call_count=43 args=() kwds={}
2025-01-09 19:50:05,645 LT1-thread root DEBUG client.py                 71    logger_log                : Test function parameters: args=(), kwds={}
2025-01-09 19:50:05,645 LT1-thread root DEBUG client.py                 71    logger_log                : Starting test function: class=<class 'autopts.ptsprojects.testcase.TestFunc'>, func=<function gap_set_io_cap at 0x000001C0FF3E7920> start_wid=None stop_wid=None post_wid=None skip_call=None call_count=43 args=(4,) kwds={}
2025-01-09 19:50:05,645 LT1-thread root DEBUG client.py                 71    logger_log                : Test function parameters: args=(4,), kwds={}
2025-01-09 19:50:05,646 LT1-thread root DEBUG client.py                 71    logger_log                : gap_set_io_cap 4
2025-01-09 19:50:05,646 LT1-thread root DEBUG client.py                 71    logger_log                : send, 1 16 0 '\x04'
2025-01-09 19:50:05,646 LT1-thread root DEBUG client.py                 71    logger_log                : sending frame '011000010004'
2025-01-09 19:50:05,647 LT1-thread root DEBUG client.py                 71    logger_log                : gap_command_rsp_succ
2025-01-09 19:50:05,647 LT1-thread root DEBUG client.py                 71    logger_log                : read
2025-01-09 19:50:05,707 BTPWorkerThread-944 (_rx_task) root DEBUG client.py                 71    logger_log                : Read 5 bytes
2025-01-09 19:50:05,732 BTPWorkerThread-944 (_rx_task) root DEBUG client.py                 71    logger_log                : Received: hdr: Header(svc_id=0x01, op=0x10, ctrl_index=0x00, data_len=0x00) bytearray(b'\x01\x10\x00\x00\x00')
2025-01-09 19:50:05,752 BTPWorkerThread-944 (_rx_task) root DEBUG client.py                 71    logger_log                : Received data: {''}, bytearray(b'')
2025-01-09 19:50:05,782 LT1-thread root DEBUG client.py                 71    logger_log                : received Header(svc_id=1, op=16, ctrl_index=0, data_len=0) (b'',)
2025-01-09 19:50:05,782 LT1-thread root DEBUG client.py                 71    logger_log                : Starting test function: class=<class 'autopts.ptsprojects.testcase.TestFunc'>, func=<function set_pts_addr at 0x000001C0FF3E40E0> start_wid=None stop_wid=None post_wid=None skip_call=None call_count=43 args=('C0:07:E8:59:F2:E6', 0) kwds={}
2025-01-09 19:50:05,782 LT1-thread root DEBUG client.py                 71    logger_log                : Test function parameters: args=('C0:07:E8:59:F2:E6', 0), kwds={}
2025-01-09 19:50:05,782 LT1-thread root DEBUG client.py                 71    logger_log                : Starting test function: class=<class 'autopts.ptsprojects.testcase.TestFunc'>, func=<function gatts_add_svc at 0x000001C0FF3F5DA0> start_wid=None stop_wid=None post_wid=None skip_call=None call_count=43 args=(0, 'AA51') kwds={}
2025-01-09 19:50:05,782 LT1-thread root DEBUG client.py                 71    logger_log                : Test function parameters: args=(0, 'AA51'), kwds={}
2025-01-09 19:50:05,782 LT1-thread root DEBUG client.py                 71    logger_log                : gatts_add_svc 0 'AA51'
2025-01-09 19:50:05,782 LT1-thread root DEBUG client.py                 71    logger_log                : send, 2 2 0 "bytearray(b'\\x00\\x02\\xaaQ')"
2025-01-09 19:50:05,782 LT1-thread root DEBUG client.py                 71    logger_log                : sending frame '02020004000002aa51'
2025-01-09 19:50:05,782 LT1-thread root DEBUG client.py                 71    logger_log                : gatt_command_rsp_succ
2025-01-09 19:50:05,782 LT1-thread root DEBUG client.py                 71    logger_log                : read
2025-01-09 19:50:05,862 BTPWorkerThread-944 (_rx_task) root DEBUG client.py                 71    logger_log                : Read 5 bytes
2025-01-09 19:50:05,894 BTPWorkerThread-944 (_rx_task) root DEBUG client.py                 71    logger_log                : Received: hdr: Header(svc_id=0x02, op=0x02, ctrl_index=0x00, data_len=0x02) bytearray(b'\x02\x02\x00\x02\x00')
2025-01-09 19:50:05,957 BTPWorkerThread-944 (_rx_task) root DEBUG client.py                 71    logger_log                : Read 2 bytes data
2025-01-09 19:50:05,988 BTPWorkerThread-944 (_rx_task) root DEBUG client.py                 71    logger_log                : Received data: {'00 00'}, bytearray(b'\x00\x00')
2025-01-09 19:50:06,035 LT1-thread root DEBUG client.py                 71    logger_log                : received Header(svc_id=2, op=2, ctrl_index=0, data_len=2) (b'\x00\x00',)
2025-01-09 19:50:06,035 LT1-thread root DEBUG client.py                 71    logger_log                : Starting test function: class=<class 'autopts.ptsprojects.testcase.TestFunc'>, func=<function gatts_add_char at 0x000001C0FF3F5EE0> start_wid=None stop_wid=None post_wid=None skip_call=None call_count=43 args=(0, 2, 17, 'AA52') kwds={}
2025-01-09 19:50:06,036 LT1-thread root DEBUG client.py                 71    logger_log                : Test function parameters: args=(0, 2, 17, 'AA52'), kwds={}
2025-01-09 19:50:06,036 LT1-thread root DEBUG client.py                 71    logger_log                : gatts_add_char 0 2 17 'AA52'
2025-01-09 19:50:06,036 LT1-thread root DEBUG client.py                 71    logger_log                : send, 2 3 0 "bytearray(b'\\x00\\x00\\x02\\x11\\x02\\xaaR')"
2025-01-09 19:50:06,037 LT1-thread root DEBUG client.py                 71    logger_log                : sending frame '02030007000000021102aa52'
2025-01-09 19:50:06,037 LT1-thread root DEBUG client.py                 71    logger_log                : gatt_command_rsp_succ
2025-01-09 19:50:06,038 LT1-thread root DEBUG client.py                 71    logger_log                : read
2025-01-09 19:50:06,112 BTPWorkerThread-944 (_rx_task) root DEBUG client.py                 71    logger_log                : Read 5 bytes
2025-01-09 19:50:06,130 BTPWorkerThread-944 (_rx_task) root DEBUG client.py                 71    logger_log                : Received: hdr: Header(svc_id=0x02, op=0x03, ctrl_index=0x00, data_len=0x02) bytearray(b'\x02\x03\x00\x02\x00')
2025-01-09 19:50:06,170 BTPWorkerThread-944 (_rx_task) root DEBUG client.py                 71    logger_log                : Read 2 bytes data
2025-01-09 19:50:06,190 BTPWorkerThread-944 (_rx_task) root DEBUG client.py                 71    logger_log                : Received data: {'00 00'}, bytearray(b'\x00\x00')
2025-01-09 19:50:06,220 LT1-thread root DEBUG client.py                 71    logger_log                : received Header(svc_id=2, op=3, ctrl_index=0, data_len=2) (b'\x00\x00',)
2025-01-09 19:50:06,220 LT1-thread root DEBUG client.py                 71    logger_log                : Starting test function: class=<class 'autopts.ptsprojects.testcase.TestFunc'>, func=<function gatts_set_val at 0x000001C0FF3F5F80> start_wid=None stop_wid=None post_wid=None skip_call=None call_count=43 args=(0, '01') kwds={}
2025-01-09 19:50:06,220 LT1-thread root DEBUG client.py                 71    logger_log                : Test function parameters: args=(0, '01'), kwds={}
2025-01-09 19:50:06,220 LT1-thread root DEBUG client.py                 71    logger_log                : gatts_set_val 0 '01' 
2025-01-09 19:50:06,220 LT1-thread root DEBUG client.py                 71    logger_log                : send, 2 6 0 "bytearray(b'\\x00\\x00\\x01\\x00\\x01')"
2025-01-09 19:50:06,220 LT1-thread root DEBUG client.py                 71    logger_log                : sending frame '02060005000000010001'
2025-01-09 19:50:06,220 LT1-thread root DEBUG client.py                 71    logger_log                : gatt_command_rsp_succ
2025-01-09 19:50:06,220 LT1-thread root DEBUG client.py                 71    logger_log                : read
2025-01-09 19:50:06,307 BTPWorkerThread-944 (_rx_task) root DEBUG client.py                 71    logger_log                : Read 5 bytes
2025-01-09 19:50:06,339 BTPWorkerThread-944 (_rx_task) root DEBUG client.py                 71    logger_log                : Received: hdr: Header(svc_id=0x02, op=0x06, ctrl_index=0x00, data_len=0x00) bytearray(b'\x02\x06\x00\x00\x00')
2025-01-09 19:50:06,371 BTPWorkerThread-944 (_rx_task) root DEBUG client.py                 71    logger_log                : Received data: {''}, bytearray(b'')
2025-01-09 19:50:06,417 LT1-thread root DEBUG client.py                 71    logger_log                : received Header(svc_id=2, op=6, ctrl_index=0, data_len=0) (b'',)
2025-01-09 19:50:06,417 LT1-thread root DEBUG client.py                 71    logger_log                : Starting test function: class=<class 'autopts.ptsprojects.testcase.TestFunc'>, func=<function gatts_add_char at 0x000001C0FF3F5EE0> start_wid=None stop_wid=None post_wid=None skip_call=None call_count=43 args=(0, 2, 5, 'AA53') kwds={}
2025-01-09 19:50:06,418 LT1-thread root DEBUG client.py                 71    logger_log                : Test function parameters: args=(0, 2, 5, 'AA53'), kwds={}
2025-01-09 19:50:06,418 LT1-thread root DEBUG client.py                 71    logger_log                : gatts_add_char 0 2 5 'AA53'
2025-01-09 19:50:06,419 LT1-thread root DEBUG client.py                 71    logger_log                : send, 2 3 0 "bytearray(b'\\x00\\x00\\x02\\x05\\x02\\xaaS')"
2025-01-09 19:50:06,419 LT1-thread root DEBUG client.py                 71    logger_log                : sending frame '02030007000000020502aa53'
2025-01-09 19:50:06,419 LT1-thread root DEBUG client.py                 71    logger_log                : gatt_command_rsp_succ
2025-01-09 19:50:06,420 LT1-thread root DEBUG client.py                 71    logger_log                : read
2025-01-09 19:50:06,495 BTPWorkerThread-944 (_rx_task) root DEBUG client.py                 71    logger_log                : Read 5 bytes
2025-01-09 19:50:06,515 BTPWorkerThread-944 (_rx_task) root DEBUG client.py                 71    logger_log                : Received: hdr: Header(svc_id=0x02, op=0x03, ctrl_index=0x00, data_len=0x02) bytearray(b'\x02\x03\x00\x02\x00')
2025-01-09 19:50:06,555 BTPWorkerThread-944 (_rx_task) root DEBUG client.py                 71    logger_log                : Read 2 bytes data
2025-01-09 19:50:06,575 BTPWorkerThread-944 (_rx_task) root DEBUG client.py                 71    logger_log                : Received data: {'00 00'}, bytearray(b'\x00\x00')
2025-01-09 19:50:06,605 LT1-thread root DEBUG client.py                 71    logger_log                : received Header(svc_id=2, op=3, ctrl_index=0, data_len=2) (b'\x00\x00',)
2025-01-09 19:50:06,605 LT1-thread root DEBUG client.py                 71    logger_log                : Starting test function: class=<class 'autopts.ptsprojects.testcase.TestFunc'>, func=<function gatts_set_val at 0x000001C0FF3F5F80> start_wid=None stop_wid=None post_wid=None skip_call=None call_count=43 args=(0, '02') kwds={}
2025-01-09 19:50:06,605 LT1-thread root DEBUG client.py                 71    logger_log                : Test function parameters: args=(0, '02'), kwds={}
2025-01-09 19:50:06,605 LT1-thread root DEBUG client.py                 71    logger_log                : gatts_set_val 0 '02' 
2025-01-09 19:50:06,605 LT1-thread root DEBUG client.py                 71    logger_log                : send, 2 6 0 "bytearray(b'\\x00\\x00\\x01\\x00\\x02')"
2025-01-09 19:50:06,605 LT1-thread root DEBUG client.py                 71    logger_log                : sending frame '02060005000000010002'
2025-01-09 19:50:06,605 LT1-thread root DEBUG client.py                 71    logger_log                : gatt_command_rsp_succ
2025-01-09 19:50:06,605 LT1-thread root DEBUG client.py                 71    logger_log                : read
2025-01-09 19:50:06,675 BTPWorkerThread-944 (_rx_task) root DEBUG client.py                 71    logger_log                : Read 5 bytes
2025-01-09 19:50:06,695 BTPWorkerThread-944 (_rx_task) root DEBUG client.py                 71    logger_log                : Received: hdr: Header(svc_id=0x02, op=0x06, ctrl_index=0x00, data_len=0x00) bytearray(b'\x02\x06\x00\x00\x00')
2025-01-09 19:50:06,715 BTPWorkerThread-944 (_rx_task) root DEBUG client.py                 71    logger_log                : Received data: {''}, bytearray(b'')
2025-01-09 19:50:06,745 LT1-thread root DEBUG client.py                 71    logger_log                : received Header(svc_id=2, op=6, ctrl_index=0, data_len=0) (b'',)
2025-01-09 19:50:06,745 LT1-thread root DEBUG client.py                 71    logger_log                : Starting test function: class=<class 'autopts.ptsprojects.testcase.TestFunc'>, func=<function gatts_add_char at 0x000001C0FF3F5EE0> start_wid=None stop_wid=None post_wid=None skip_call=None call_count=43 args=(0, 66, 3, 'AA54') kwds={}
2025-01-09 19:50:06,745 LT1-thread root DEBUG client.py                 71    logger_log                : Test function parameters: args=(0, 66, 3, 'AA54'), kwds={}
2025-01-09 19:50:06,745 LT1-thread root DEBUG client.py                 71    logger_log                : gatts_add_char 0 66 3 'AA54'
2025-01-09 19:50:06,745 LT1-thread root DEBUG client.py                 71    logger_log                : send, 2 3 0 "bytearray(b'\\x00\\x00B\\x03\\x02\\xaaT')"
2025-01-09 19:50:06,745 LT1-thread root DEBUG client.py                 71    logger_log                : sending frame '02030007000000420302aa54'
2025-01-09 19:50:06,745 LT1-thread root DEBUG client.py                 71    logger_log                : gatt_command_rsp_succ
2025-01-09 19:50:06,745 LT1-thread root DEBUG client.py                 71    logger_log                : read
2025-01-09 19:50:06,815 BTPWorkerThread-944 (_rx_task) root DEBUG client.py                 71    logger_log                : Read 5 bytes
2025-01-09 19:50:06,835 BTPWorkerThread-944 (_rx_task) root DEBUG client.py                 71    logger_log                : Received: hdr: Header(svc_id=0x02, op=0x03, ctrl_index=0x00, data_len=0x02) bytearray(b'\x02\x03\x00\x02\x00')
2025-01-09 19:50:06,875 BTPWorkerThread-944 (_rx_task) root DEBUG client.py                 71    logger_log                : Read 2 bytes data
2025-01-09 19:50:06,895 BTPWorkerThread-944 (_rx_task) root DEBUG client.py                 71    logger_log                : Received data: {'00 00'}, bytearray(b'\x00\x00')
2025-01-09 19:50:06,925 LT1-thread root DEBUG client.py                 71    logger_log                : received Header(svc_id=2, op=3, ctrl_index=0, data_len=2) (b'\x00\x00',)
2025-01-09 19:50:06,925 LT1-thread root DEBUG client.py                 71    logger_log                : Starting test function: class=<class 'autopts.ptsprojects.testcase.TestFunc'>, func=<function gatts_set_val at 0x000001C0FF3F5F80> start_wid=None stop_wid=None post_wid=None skip_call=None call_count=43 args=(0, '03') kwds={}
2025-01-09 19:50:06,925 LT1-thread root DEBUG client.py                 71    logger_log                : Test function parameters: args=(0, '03'), kwds={}
2025-01-09 19:50:06,925 LT1-thread root DEBUG client.py                 71    logger_log                : gatts_set_val 0 '03' 
2025-01-09 19:50:06,925 LT1-thread root DEBUG client.py                 71    logger_log                : send, 2 6 0 "bytearray(b'\\x00\\x00\\x01\\x00\\x03')"
2025-01-09 19:50:06,925 LT1-thread root DEBUG client.py                 71    logger_log                : sending frame '02060005000000010003'
2025-01-09 19:50:06,925 LT1-thread root DEBUG client.py                 71    logger_log                : gatt_command_rsp_succ
2025-01-09 19:50:06,925 LT1-thread root DEBUG client.py                 71    logger_log                : read
2025-01-09 19:50:06,995 BTPWorkerThread-944 (_rx_task) root DEBUG client.py                 71    logger_log                : Read 5 bytes
2025-01-09 19:50:07,015 BTPWorkerThread-944 (_rx_task) root DEBUG client.py                 71    logger_log                : Received: hdr: Header(svc_id=0x02, op=0x06, ctrl_index=0x00, data_len=0x00) bytearray(b'\x02\x06\x00\x00\x00')
2025-01-09 19:50:07,035 BTPWorkerThread-944 (_rx_task) root DEBUG client.py                 71    logger_log                : Received data: {''}, bytearray(b'')
2025-01-09 19:50:07,055 LT1-thread root DEBUG client.py                 71    logger_log                : received Header(svc_id=2, op=6, ctrl_index=0, data_len=0) (b'',)
2025-01-09 19:50:07,055 LT1-thread root DEBUG client.py                 71    logger_log                : Starting test function: class=<class 'autopts.ptsprojects.testcase.TestFunc'>, func=<function gatts_add_char at 0x000001C0FF3F5EE0> start_wid=None stop_wid=None post_wid=None skip_call=None call_count=43 args=(0, 10, 48, 'AA55') kwds={}
2025-01-09 19:50:07,055 LT1-thread root DEBUG client.py                 71    logger_log                : Test function parameters: args=(0, 10, 48, 'AA55'), kwds={}
2025-01-09 19:50:07,055 LT1-thread root DEBUG client.py                 71    logger_log                : gatts_add_char 0 10 48 'AA55'
2025-01-09 19:50:07,055 LT1-thread root DEBUG client.py                 71    logger_log                : send, 2 3 0 "bytearray(b'\\x00\\x00\\n0\\x02\\xaaU')"
2025-01-09 19:50:07,055 LT1-thread root DEBUG client.py                 71    logger_log                : sending frame '020300070000000a3002aa55'
2025-01-09 19:50:07,055 LT1-thread root DEBUG client.py                 71    logger_log                : gatt_command_rsp_succ
2025-01-09 19:50:07,055 LT1-thread root DEBUG client.py                 71    logger_log                : read
2025-01-09 19:50:07,125 BTPWorkerThread-944 (_rx_task) root DEBUG client.py                 71    logger_log                : Read 5 bytes
2025-01-09 19:50:07,145 BTPWorkerThread-944 (_rx_task) root DEBUG client.py                 71    logger_log                : Received: hdr: Header(svc_id=0x02, op=0x03, ctrl_index=0x00, data_len=0x02) bytearray(b'\x02\x03\x00\x02\x00')
2025-01-09 19:50:07,185 BTPWorkerThread-944 (_rx_task) root DEBUG client.py                 71    logger_log                : Read 2 bytes data
2025-01-09 19:50:07,205 BTPWorkerThread-944 (_rx_task) root DEBUG client.py                 71    logger_log                : Received data: {'00 00'}, bytearray(b'\x00\x00')
2025-01-09 19:50:07,235 LT1-thread root DEBUG client.py                 71    logger_log                : received Header(svc_id=2, op=3, ctrl_index=0, data_len=2) (b'\x00\x00',)
2025-01-09 19:50:07,235 LT1-thread root DEBUG client.py                 71    logger_log                : Starting test function: class=<class 'autopts.ptsprojects.testcase.TestFunc'>, func=<function gatts_set_val at 0x000001C0FF3F5F80> start_wid=None stop_wid=None post_wid=None skip_call=None call_count=43 args=(0, '04') kwds={}
2025-01-09 19:50:07,235 LT1-thread root DEBUG client.py                 71    logger_log                : Test function parameters: args=(0, '04'), kwds={}
2025-01-09 19:50:07,235 LT1-thread root DEBUG client.py                 71    logger_log                : gatts_set_val 0 '04' 
2025-01-09 19:50:07,235 LT1-thread root DEBUG client.py                 71    logger_log                : send, 2 6 0 "bytearray(b'\\x00\\x00\\x01\\x00\\x04')"
2025-01-09 19:50:07,235 LT1-thread root DEBUG client.py                 71    logger_log                : sending frame '02060005000000010004'
2025-01-09 19:50:07,235 LT1-thread root DEBUG client.py                 71    logger_log                : gatt_command_rsp_succ
2025-01-09 19:50:07,235 LT1-thread root DEBUG client.py                 71    logger_log                : read
2025-01-09 19:50:07,295 BTPWorkerThread-944 (_rx_task) root DEBUG client.py                 71    logger_log                : Read 5 bytes
2025-01-09 19:50:07,315 BTPWorkerThread-944 (_rx_task) root DEBUG client.py                 71    logger_log                : Received: hdr: Header(svc_id=0x02, op=0x06, ctrl_index=0x00, data_len=0x00) bytearray(b'\x02\x06\x00\x00\x00')
2025-01-09 19:50:07,335 BTPWorkerThread-944 (_rx_task) root DEBUG client.py                 71    logger_log                : Received data: {''}, bytearray(b'')
2025-01-09 19:50:07,365 LT1-thread root DEBUG client.py                 71    logger_log                : received Header(svc_id=2, op=6, ctrl_index=0, data_len=0) (b'',)
2025-01-09 19:50:07,365 LT1-thread root DEBUG client.py                 71    logger_log                : Starting test function: class=<class 'autopts.ptsprojects.testcase.TestFunc'>, func=<function gatts_start_server at 0x000001C0FF3F6200> start_wid=None stop_wid=None post_wid=None skip_call=None call_count=43 args=() kwds={}
2025-01-09 19:50:07,365 LT1-thread root DEBUG client.py                 71    logger_log                : Test function parameters: args=(), kwds={}
2025-01-09 19:50:07,365 LT1-thread root DEBUG client.py                 71    logger_log                : gatts_start_server
2025-01-09 19:50:07,365 LT1-thread root DEBUG client.py                 71    logger_log                : send, 2 7 0 ''
2025-01-09 19:50:07,365 LT1-thread root DEBUG client.py                 71    logger_log                : sending frame '0207000000'
2025-01-09 19:50:07,365 LT1-thread root DEBUG client.py                 71    logger_log                : gatt_command_rsp_succ
2025-01-09 19:50:07,365 LT1-thread root DEBUG client.py                 71    logger_log                : read
2025-01-09 19:50:07,435 BTPWorkerThread-944 (_rx_task) root DEBUG client.py                 71    logger_log                : Read 5 bytes
2025-01-09 19:50:07,455 BTPWorkerThread-944 (_rx_task) root DEBUG client.py                 71    logger_log                : Received: hdr: Header(svc_id=0x02, op=0x07, ctrl_index=0x00, data_len=0x03) bytearray(b'\x02\x07\x00\x03\x00')
2025-01-09 19:50:07,495 BTPWorkerThread-944 (_rx_task) root DEBUG client.py                 71    logger_log                : Read 3 bytes data
2025-01-09 19:50:07,517 BTPWorkerThread-944 (_rx_task) root DEBUG client.py                 71    logger_log                : Received data: {'00 00 00'}, bytearray(b'\x00\x00\x00')
2025-01-09 19:50:07,546 LT1-thread root DEBUG client.py                 71    logger_log                : received Header(svc_id=2, op=7, ctrl_index=0, data_len=3) (b'\x00\x00\x00',)
2025-01-09 19:50:07,550 LT1-thread root DEBUG client.py                 71    logger_log                : ClientCallback.get_result run_test_case
2025-01-09 19:50:11,159 LT1-callback ClientCallback.on_implicit_send INFO client.py                 71    logger_log                : 
    ********************
    BEGIN OnImplicitSend:
    project_name: GAP
    wid: 74
    test_case_name: GAP/CONN/TERM/BV-01-C
    description: Please prepare IUT into non-discoverable mode and send an advertising report using connectable undirected advertising.
    style: MMI_Style_Ok_Cancel2 0x11141
2025-01-09 19:50:11,159 LT1-callback ClientCallback.on_implicit_send INFO client.py                 71    logger_log                : Calling test cases on_implicit_send
2025-01-09 19:50:11,159 LT1-callback ClientCallback.on_implicit_send INFO client.py                 71    logger_log                : 
    on_implicit_send returned response: WAIT
    END OnImplicitSend
    ********************
2025-01-09 19:50:11,577 LT1-thread root DEBUG client.py                 71    logger_log                : GAP GAP/CONN/TERM/BV-01-C on_implicit_send
2025-01-09 19:50:11,577 LT1-thread root DEBUG client.py                 71    logger_log                : gap_wid_hdl, 74, Please prepare IUT into non-discoverable mode and send an advertising report using connectable undirected advertising., GAP/CONN/TERM/BV-01-C
2025-01-09 19:50:11,577 LT1-thread root DEBUG client.py                 71    logger_log                : gap_set_conn
2025-01-09 19:50:11,577 LT1-thread root DEBUG client.py                 71    logger_log                : gap_set_nondiscov
2025-01-09 19:50:11,577 LT1-thread root DEBUG client.py                 71    logger_log                : gap_adv_ind_on {9: b'Tester_59F2E6'} None
2025-01-09 19:50:11,577 LT1-thread root DEBUG client.py                 71    logger_log                : send, 1 10 0 "bytearray(b'\\x0f\\x00\\t\\rTester_59F2E6\\xff\\xff\\xff\\xff\\x00')"
2025-01-09 19:50:11,577 LT1-thread root DEBUG client.py                 71    logger_log                : sending frame '010a0016000f00090d5465737465725f353946324536ffffffff00'
2025-01-09 19:50:11,577 LT1-thread root DEBUG client.py                 71    logger_log                : gap_command_rsp_succ
2025-01-09 19:50:11,577 LT1-thread root DEBUG client.py                 71    logger_log                : read
2025-01-09 19:50:11,648 BTPWorkerThread-944 (_rx_task) root DEBUG client.py                 71    logger_log                : Read 5 bytes
2025-01-09 19:50:11,667 BTPWorkerThread-944 (_rx_task) root DEBUG client.py                 71    logger_log                : Received: hdr: Header(svc_id=0x01, op=0x0a, ctrl_index=0x00, data_len=0x04) bytearray(b'\x01\n\x00\x04\x00')
2025-01-09 19:50:11,708 BTPWorkerThread-944 (_rx_task) root DEBUG client.py                 71    logger_log                : Read 4 bytes data
2025-01-09 19:50:11,728 BTPWorkerThread-944 (_rx_task) root DEBUG client.py                 71    logger_log                : Received data: {'13 06 00 00'}, bytearray(b'\x13\x06\x00\x00')
2025-01-09 19:50:11,757 LT1-thread root DEBUG client.py                 71    logger_log                : received Header(svc_id=1, op=10, ctrl_index=0, data_len=4) (b'\x13\x06\x00\x00',)
2025-01-09 19:50:11,757 LT1-thread root DEBUG client.py                 71    logger_log                : __gap_current_settings_update (b'\x13\x06\x00\x00',)
2025-01-09 19:50:11,757 LT1-thread root DEBUG client.py                 71    logger_log                : Sending response 'OK' to wid 74 test case GAP/CONN/TERM/BV-01-C
2025-01-09 19:50:11,757 LT1-thread root DEBUG client.py                 71    logger_log                : ClientCallback.get_result run_test_case
2025-01-09 19:50:11,918 BTPWorkerThread-944 (_rx_task) root DEBUG client.py                 71    logger_log                : Read 5 bytes
2025-01-09 19:50:11,918 BTPWorkerThread-944 (_rx_task) root DEBUG client.py                 71    logger_log                : Received: hdr: Header(svc_id=0x01, op=0x82, ctrl_index=0x00, data_len=0x0d) bytearray(b'\x01\x82\x00\r\x00')
2025-01-09 19:50:11,918 BTPWorkerThread-944 (_rx_task) root DEBUG client.py                 71    logger_log                : Read 13 bytes data
2025-01-09 19:50:11,918 BTPWorkerThread-944 (_rx_task) root DEBUG client.py                 71    logger_log                : Received data: {'00 e6 f2 59 e8 07 c0 38 00 00 00 d0 07'}, bytearray(b'\x00\xe6\xf2Y\xe8\x07\xc08\x00\x00\x00\xd0\x07')
2025-01-09 19:50:11,918 BTPWorkerThread-944 (_rx_task) root DEBUG client.py                 71    logger_log                : event_handler Header(svc_id=1, op=130, ctrl_index=0, data_len=13) (b'\x00\xe6\xf2Y\xe8\x07\xc08\x00\x00\x00\xd0\x07',)
2025-01-09 19:50:11,918 BTPWorkerThread-944 (_rx_task) root DEBUG client.py                 71    logger_log                : gap_connected_ev_ b'\x00\xe6\xf2Y\xe8\x07\xc08\x00\x00\x00\xd0\x07'
2025-01-09 19:50:11,918 BTPWorkerThread-944 (_rx_task) root DEBUG client.py                 71    logger_log                : Read 5 bytes
2025-01-09 19:50:11,918 BTPWorkerThread-944 (_rx_task) root DEBUG client.py                 71    logger_log                : Received: hdr: Header(svc_id=0x01, op=0x80, ctrl_index=0x00, data_len=0x04) bytearray(b'\x01\x80\x00\x04\x00')
2025-01-09 19:50:11,918 BTPWorkerThread-944 (_rx_task) root DEBUG client.py                 71    logger_log                : Read 4 bytes data
2025-01-09 19:50:11,918 BTPWorkerThread-944 (_rx_task) root DEBUG client.py                 71    logger_log                : Received data: {'13 02 00 00'}, bytearray(b'\x13\x02\x00\x00')
2025-01-09 19:50:11,918 BTPWorkerThread-944 (_rx_task) root DEBUG client.py                 71    logger_log                : event_handler Header(svc_id=1, op=128, ctrl_index=0, data_len=4) (b'\x13\x02\x00\x00',)
2025-01-09 19:50:11,918 BTPWorkerThread-944 (_rx_task) root DEBUG client.py                 71    logger_log                : gap_new_settings_ev_ b'\x13\x02\x00\x00'
2025-01-09 19:50:11,918 BTPWorkerThread-944 (_rx_task) root DEBUG client.py                 71    logger_log                : __gap_current_settings_update 531
2025-01-09 19:50:14,458 LT1-callback ClientCallback.on_implicit_send INFO client.py                 71    logger_log                : 
    ********************
    BEGIN OnImplicitSend:
    project_name: GAP
    wid: 77
    test_case_name: GAP/CONN/TERM/BV-01-C
    description: Please send a disconnect request to terminate connection.
    style: MMI_Style_Ok_Cancel2 0x11141
2025-01-09 19:50:14,458 LT1-callback ClientCallback.on_implicit_send INFO client.py                 71    logger_log                : Calling test cases on_implicit_send
2025-01-09 19:50:14,458 LT1-callback ClientCallback.on_implicit_send INFO client.py                 71    logger_log                : 
    on_implicit_send returned response: WAIT
    END OnImplicitSend
    ********************
2025-01-09 19:50:14,768 LT1-thread root DEBUG client.py                 71    logger_log                : GAP GAP/CONN/TERM/BV-01-C on_implicit_send
2025-01-09 19:50:14,768 LT1-thread root DEBUG client.py                 71    logger_log                : gap_wid_hdl, 77, Please send a disconnect request to terminate connection., GAP/CONN/TERM/BV-01-C
2025-01-09 19:50:14,768 LT1-thread root DEBUG client.py                 71    logger_log                : gap_disconn None None
2025-01-09 19:50:14,768 LT1-thread root DEBUG client.py                 71    logger_log                : send, 1 15 0 "bytearray(b'\\x00\\xe6\\xf2Y\\xe8\\x07\\xc0')"
2025-01-09 19:50:14,768 LT1-thread root DEBUG client.py                 71    logger_log                : sending frame '010f00070000e6f259e807c0'
2025-01-09 19:50:14,768 LT1-thread root DEBUG client.py                 71    logger_log                : read
2025-01-09 19:50:14,838 BTPWorkerThread-944 (_rx_task) root DEBUG client.py                 71    logger_log                : Read 5 bytes
2025-01-09 19:50:14,858 BTPWorkerThread-944 (_rx_task) root DEBUG client.py                 71    logger_log                : Received: hdr: Header(svc_id=0x01, op=0x0f, ctrl_index=0x00, data_len=0x00) bytearray(b'\x01\x0f\x00\x00\x00')
2025-01-09 19:50:14,878 BTPWorkerThread-944 (_rx_task) root DEBUG client.py                 71    logger_log                : Received data: {''}, bytearray(b'')
2025-01-09 19:50:14,908 BTPWorkerThread-944 (_rx_task) root DEBUG client.py                 71    logger_log                : Read 5 bytes
2025-01-09 19:50:14,917 BTPWorkerThread-944 (_rx_task) root DEBUG client.py                 71    logger_log                : Received: hdr: Header(svc_id=0x01, op=0x83, ctrl_index=0x00, data_len=0x07) bytearray(b'\x01\x83\x00\x07\x00')
2025-01-09 19:50:14,958 BTPWorkerThread-944 (_rx_task) root DEBUG client.py                 71    logger_log                : Read 7 bytes data
2025-01-09 19:50:14,977 BTPWorkerThread-944 (_rx_task) root DEBUG client.py                 71    logger_log                : Received data: {'00 e6 f2 59 e8 07 c0'}, bytearray(b'\x00\xe6\xf2Y\xe8\x07\xc0')
2025-01-09 19:50:14,998 BTPWorkerThread-944 (_rx_task) root DEBUG client.py                 71    logger_log                : event_handler Header(svc_id=1, op=131, ctrl_index=0, data_len=7) (b'\x00\xe6\xf2Y\xe8\x07\xc0',)
2025-01-09 19:50:15,018 BTPWorkerThread-944 (_rx_task) root DEBUG client.py                 71    logger_log                : gap_disconnected_ev_ b'\x00\xe6\xf2Y\xe8\x07\xc0'
2025-01-09 19:50:15,037 LT1-thread root DEBUG client.py                 71    logger_log                : Sending response 'OK' to wid 77 test case GAP/CONN/TERM/BV-01-C
2025-01-09 19:50:15,037 LT1-thread root DEBUG client.py                 71    logger_log                : ClientCallback.get_result run_test_case
2025-01-09 19:50:17,588 LT1-callback ClientCallback.log INFO client.py                 71    logger_log                : PTS_LOGTYPE_START_TEST Start Test Case 

+16 ms
 GAP/CONN/TERM/BV-01-C GAP/CONN/TERM/BV-01-C

2025-01-09 19:50:18,178 LT1-callback ClientCallback.log INFO client.py                 71    logger_log                : PTS_LOGTYPE_FINAL_VERDICT Final Verdict 

+8063 ms
 GAP/CONN/TERM/BV-01-C PASS

2025-01-09 19:50:18,188 LT1-callback ClientCallback.log INFO client.py                 71    logger_log                : PTS_LOGTYPE_FINAL_VERDICT Encrypted Verdict 

+8063 ms
 GAP/CONN/TERM/BV-01-C A1#ZWY4MzQ5MDg3MmQwNTIxOGQzMzQ5YjY2ODA5M2MzNjQ5ZDY4NmY0Yjc2MzIzM2VkNTUyNTFhNGU4Mjg1MjI0NA==#Br5KBwmavhJ7/4YSC9nWlaz+/fcMKL/Hr8iPH6usYmiWwjrOtzg1WGBuvqLVc5Se

2025-01-09 19:50:18,368 LT1-callback ClientCallback.log INFO client.py                 71    logger_log                : PTS_LOGTYPE_END_TEST Test Case Ended 

+8063 ms
 GAP/CONN/TERM/BV-01-C GAP/CONN/TERM/BV-01-C

2025-01-09 19:50:18,688 LT1-callback root DEBUG client.py                 71    logger_log                : ClientCallback, set_result, run_test_case, PASS
2025-01-09 19:50:18,698 LT1-thread root DEBUG client.py                 71    logger_log                : After run_test_case error_code=0 status='PASS'
2025-01-09 19:50:18,698 LT1-thread root DEBUG client.py                 71    logger_log                : post_run GAP GAP/CONN/TERM/BV-01-C 0
2025-01-09 19:50:18,698 LT1-thread root DEBUG client.py                 71    logger_log                : Starting test function: class=<class 'autopts.ptsprojects.testcase.TestFuncCleanUp'>, func=<bound method Stack.cleanup of <autopts.ptsprojects.stack.stack.Stack object at 0x000001C083019550>> start_wid=None stop_wid=None post_wid=None skip_call=None call_count=1 args=() kwds={}
2025-01-09 19:50:18,698 LT1-thread root DEBUG client.py                 71    logger_log                : Test function parameters: args=(), kwds={}
2025-01-09 19:50:18,698 LT1-thread root DEBUG client.py                 71    logger_log                : Starting test function: class=<class 'autopts.ptsprojects.testcase.TestFuncCleanUp'>, func=<bound method ZephyrCtl.stop of <autopts.ptsprojects.zephyr.iutctl.ZephyrCtl object at 0x000001C08303E410>> start_wid=None stop_wid=None post_wid=None skip_call=None call_count=1 args=() kwds={}
2025-01-09 19:50:18,698 LT1-thread root DEBUG client.py                 71    logger_log                : Test function parameters: args=(), kwds={}
2025-01-09 19:50:18,698 LT1-thread root DEBUG client.py                 71    logger_log                : <class 'autopts.ptsprojects.zephyr.iutctl.ZephyrCtl'>.stop
2025-01-09 19:50:18,698 LT1-thread root DEBUG client.py                 71    logger_log                : About to reset DUT: JLink -CommandFile reset.jlink -usb 1064371884 -device MCXW716
2025-01-09 19:50:19,291 BTPWorkerThread-944 (_rx_task) root DEBUG client.py                 71    logger_log                : Read 5 bytes
2025-01-09 19:50:19,311 BTPWorkerThread-944 (_rx_task) root DEBUG client.py                 71    logger_log                : Received: hdr: Header(svc_id=0x00, op=0x80, ctrl_index=0xff, data_len=0x00) bytearray(b'\x00\x80\xff\x00\x00')
2025-01-09 19:50:19,331 BTPWorkerThread-944 (_rx_task) root DEBUG client.py                 71    logger_log                : Received data: {''}, bytearray(b'')
2025-01-09 19:50:19,351 BTPWorkerThread-944 (_rx_task) root DEBUG client.py                 71    logger_log                : event_handler Header(svc_id=0, op=128, ctrl_index=255, data_len=0) (b'',)
2025-01-09 19:50:19,371 BTPWorkerThread-944 (_rx_task) root DEBUG client.py                 71    logger_log                : core_iut_ready_ev
2025-01-09 19:50:19,391 LT1-thread root DEBUG client.py                 71    logger_log                : IUT ready event received OK
2025-01-09 19:50:19,391 LT1-thread root DEBUG client.py                 71    logger_log                : Waiting for _rx_worker to finish ...
2025-01-09 19:50:20,401 BTPWorkerThread-944 (_rx_task) root DEBUG client.py                 71    logger_log                : BTPWorkerThread-944 (_rx_task) finishing...
2025-01-09 19:50:20,401 LT1-thread root DEBUG client.py                 71    logger_log                : Waiting for _rx_worker to finish ...
2025-01-09 19:50:23,431 LT1-thread root DEBUG client.py                 71    logger_log                : post_run, cleanup running post test case script
2025-01-09 19:50:23,431 LT1-thread root DEBUG client.py                 71    logger_log                : post_run, run post test case script
2025-01-09 19:50:23,641 LT1-thread root DEBUG client.py                 71    logger_log                : Done TestCase _run_test_case GAP GAP/CONN/TERM/BV-01-C
