2025-02-20 16:04:20,927 LT1-thread root DEBUG client.py                 71    logger_log                : Starting TestCase _run_test_case OTS OTS/SR/OTD/BI-01-C
2025-02-20 16:04:20,927 LT1-thread root DEBUG client.py                 71    logger_log                : pre_run OTS OTS/SR/OTD/BI-01-C
2025-02-20 16:04:20,927 LT1-thread root DEBUG client.py                 71    logger_log                : About to run test case OTS OTS/SR/OTD/BI-01-C with commands:
2025-02-20 16:04:20,927 LT1-thread root DEBUG client.py                 71    logger_log                : 0) class=<class 'autopts.ptsprojects.testcase.TestFunc'>, func=<bound method Stack.core_init of <autopts.ptsprojects.stack.stack.Stack object at 0x00000275E020DE10>> start_wid=None stop_wid=None post_wid=None skip_call=None call_count=0 args=() kwds={}
2025-02-20 16:04:20,927 LT1-thread root DEBUG client.py                 71    logger_log                : 1) class=<class 'autopts.ptsprojects.testcase.TestFunc'>, func=<bound method ZephyrCtl.hw_reset of <autopts.ptsprojects.zephyr.iutctl.ZephyrCtl object at 0x00000275E4FF3050>> start_wid=None stop_wid=None post_wid=None skip_call=None call_count=0 args=() kwds={}
2025-02-20 16:04:20,927 LT1-thread root DEBUG client.py                 71    logger_log                : 2) class=<class 'autopts.ptsprojects.testcase.TestFunc'>, func=<bound method ZephyrCtl.start of <autopts.ptsprojects.zephyr.iutctl.ZephyrCtl object at 0x00000275E4FF3050>> start_wid=None stop_wid=None post_wid=None skip_call=None call_count=0 args=(<autopts.ptsprojects.zephyr.ztestcase.ZTestCase object at 0x00000275E5BB8610>,) kwds={}
2025-02-20 16:04:20,927 LT1-thread root DEBUG client.py                 71    logger_log                : 3) class=<class 'autopts.ptsprojects.testcase.TestFunc'>, func=<bound method ZephyrCtl.hw_reset of <autopts.ptsprojects.zephyr.iutctl.ZephyrCtl object at 0x00000275E4FF3050>> start_wid=None stop_wid=None post_wid=None skip_call=None call_count=0 args=() kwds={}
2025-02-20 16:04:20,927 LT1-thread root DEBUG client.py                 71    logger_log                : 4) class=<class 'autopts.ptsprojects.testcase.TestFunc'>, func=<bound method ZephyrCtl.wait_iut_ready_event of <autopts.ptsprojects.zephyr.iutctl.ZephyrCtl object at 0x00000275E4FF3050>> start_wid=None stop_wid=None post_wid=None skip_call=None call_count=0 args=(False,) kwds={}
2025-02-20 16:04:20,927 LT1-thread root DEBUG client.py                 71    logger_log                : 5) class=<class 'autopts.ptsprojects.testcase.TestFunc'>, func=<function core_reg_svc_gap at 0x00000275E0EEC7C0> start_wid=None stop_wid=None post_wid=None skip_call=None call_count=51 args=() kwds={}
2025-02-20 16:04:20,927 LT1-thread root DEBUG client.py                 71    logger_log                : 6) class=<class 'autopts.ptsprojects.testcase.TestFunc'>, func=<bound method Stack.gap_init of <autopts.ptsprojects.stack.stack.Stack object at 0x00000275E020DE10>> start_wid=None stop_wid=None post_wid=None skip_call=None call_count=51 args=(b'Tester_25DE2A',) kwds={}
2025-02-20 16:04:20,927 LT1-thread root DEBUG client.py                 71    logger_log                : 7) class=<class 'autopts.ptsprojects.testcase.TestFunc'>, func=<function gap_read_ctrl_info at 0x00000275E0EF8680> start_wid=None stop_wid=None post_wid=None skip_call=None call_count=51 args=() kwds={}
2025-02-20 16:04:20,927 LT1-thread root DEBUG client.py                 71    logger_log                : 8) class=<class 'autopts.ptsprojects.testcase.TestFunc'>, func=<function test_cases.<locals>.<lambda> at 0x00000275E576F7E0> start_wid=None stop_wid=None post_wid=None skip_call=None call_count=51 args=() kwds={}
2025-02-20 16:04:20,927 LT1-thread root DEBUG client.py                 71    logger_log                : 9) class=<class 'autopts.ptsprojects.testcase.TestFunc'>, func=<function set_pts_addr at 0x00000275E0EEC360> start_wid=None stop_wid=None post_wid=None skip_call=None call_count=51 args=('C0:07:E8:25:DE:2A', 0) kwds={}
2025-02-20 16:04:20,927 LT1-thread root DEBUG client.py                 71    logger_log                : 10) class=<class 'autopts.ptsprojects.testcase.TestFunc'>, func=<function core_reg_svc_gatt at 0x00000275E0EEC900> start_wid=None stop_wid=None post_wid=None skip_call=None call_count=51 args=() kwds={}
2025-02-20 16:04:20,927 LT1-thread root DEBUG client.py                 71    logger_log                : 11) class=<class 'autopts.ptsprojects.testcase.TestFunc'>, func=<bound method Stack.gatt_init of <autopts.ptsprojects.stack.stack.Stack object at 0x00000275E020DE10>> start_wid=None stop_wid=None post_wid=None skip_call=None call_count=51 args=() kwds={}
2025-02-20 16:04:20,927 LT1-thread root DEBUG client.py                 71    logger_log                : 12) class=<class 'autopts.ptsprojects.testcase.TestFunc'>, func=<function core_reg_svc_ots at 0x00000275E0EEDC60> start_wid=None stop_wid=None post_wid=None skip_call=None call_count=51 args=() kwds={}
2025-02-20 16:04:20,927 LT1-thread root DEBUG client.py                 71    logger_log                : 13) class=<class 'autopts.ptsprojects.testcase.TestFunc'>, func=<bound method Stack.ots_init of <autopts.ptsprojects.stack.stack.Stack object at 0x00000275E020DE10>> start_wid=None stop_wid=None post_wid=None skip_call=None call_count=51 args=() kwds={}
2025-02-20 16:04:20,927 LT1-thread root DEBUG client.py                 71    logger_log                : 14) class=<class 'autopts.ptsprojects.testcase.TestFunc'>, func=<function otc_register_object at 0x00000275E14199E0> start_wid=None stop_wid=None post_wid=None skip_call=None call_count=48 args=(0, 'Object 1 with very long name', 1, 255, 100, 50) kwds={}
2025-02-20 16:04:20,927 LT1-thread root DEBUG client.py                 71    logger_log                : 15) class=<class 'autopts.ptsprojects.testcase.TestFuncCleanUp'>, func=<bound method Stack.cleanup of <autopts.ptsprojects.stack.stack.Stack object at 0x00000275E020DE10>> start_wid=None stop_wid=None post_wid=None skip_call=None call_count=0 args=() kwds={}
2025-02-20 16:04:20,927 LT1-thread root DEBUG client.py                 71    logger_log                : 16) class=<class 'autopts.ptsprojects.testcase.TestFuncCleanUp'>, func=<bound method ZephyrCtl.stop of <autopts.ptsprojects.zephyr.iutctl.ZephyrCtl object at 0x00000275E4FF3050>> start_wid=None stop_wid=None post_wid=None skip_call=None call_count=0 args=() kwds={}
2025-02-20 16:04:20,927 LT1-thread root DEBUG client.py                 71    logger_log                : pre_run, run pre test case script
2025-02-20 16:04:20,947 LT1-thread root DEBUG client.py                 71    logger_log                : Starting test function: class=<class 'autopts.ptsprojects.testcase.TestFunc'>, func=<bound method Stack.core_init of <autopts.ptsprojects.stack.stack.Stack object at 0x00000275E020DE10>> start_wid=None stop_wid=None post_wid=None skip_call=None call_count=1 args=() kwds={}
2025-02-20 16:04:20,947 LT1-thread root DEBUG client.py                 71    logger_log                : Test function parameters: args=(), kwds={}
2025-02-20 16:04:20,947 LT1-thread root DEBUG client.py                 71    logger_log                : Starting test function: class=<class 'autopts.ptsprojects.testcase.TestFunc'>, func=<bound method ZephyrCtl.hw_reset of <autopts.ptsprojects.zephyr.iutctl.ZephyrCtl object at 0x00000275E4FF3050>> start_wid=None stop_wid=None post_wid=None skip_call=None call_count=1 args=() kwds={}
2025-02-20 16:04:20,947 LT1-thread root DEBUG client.py                 71    logger_log                : Test function parameters: args=(), kwds={}
2025-02-20 16:04:20,947 LT1-thread root DEBUG client.py                 71    logger_log                : Starting test function: class=<class 'autopts.ptsprojects.testcase.TestFunc'>, func=<bound method ZephyrCtl.start of <autopts.ptsprojects.zephyr.iutctl.ZephyrCtl object at 0x00000275E4FF3050>> start_wid=None stop_wid=None post_wid=None skip_call=None call_count=1 args=(<autopts.ptsprojects.zephyr.ztestcase.ZTestCase object at 0x00000275E5BB8610>,) kwds={}
2025-02-20 16:04:20,947 LT1-thread root DEBUG client.py                 71    logger_log                : Test function parameters: args=(<autopts.ptsprojects.zephyr.ztestcase.ZTestCase object at 0x00000275E5BB8610>,), kwds={}
2025-02-20 16:04:20,947 LT1-thread root DEBUG client.py                 71    logger_log                : <class 'autopts.ptsprojects.zephyr.iutctl.ZephyrCtl'>.start
2025-02-20 16:04:20,947 LT1-thread root DEBUG client.py                 71    logger_log                : <class 'autopts.ptsprojects.zephyr.iutctl.ZephyrCtl'>.flush_serial
2025-02-20 16:04:22,218 LT1-thread root DEBUG client.py                 71    logger_log                : Starting socat process: socat.exe -x -v tcp:10.192.253.135:57384,retry=100,interval=1 /dev/ttyS35,raw,b115200
2025-02-20 16:04:22,425 LT1-thread root DEBUG client.py                 71    logger_log                : accept
2025-02-20 16:04:22,540 BTPWorkerThread-12951 (_rx_task) root DEBUG client.py                 71    logger_log                : BTPWorkerThread-12951 (_rx_task) started
2025-02-20 16:04:22,540 LT1-thread root DEBUG client.py                 71    logger_log                : Starting test function: class=<class 'autopts.ptsprojects.testcase.TestFunc'>, func=<bound method ZephyrCtl.hw_reset of <autopts.ptsprojects.zephyr.iutctl.ZephyrCtl object at 0x00000275E4FF3050>> start_wid=None stop_wid=None post_wid=None skip_call=None call_count=1 args=() kwds={}
2025-02-20 16:04:22,540 LT1-thread root DEBUG client.py                 71    logger_log                : Test function parameters: args=(), kwds={}
2025-02-20 16:04:22,540 LT1-thread root DEBUG client.py                 71    logger_log                : Starting test function: class=<class 'autopts.ptsprojects.testcase.TestFunc'>, func=<bound method ZephyrCtl.wait_iut_ready_event of <autopts.ptsprojects.zephyr.iutctl.ZephyrCtl object at 0x00000275E4FF3050>> start_wid=None stop_wid=None post_wid=None skip_call=None call_count=1 args=(False,) kwds={}
2025-02-20 16:04:22,540 LT1-thread root DEBUG client.py                 71    logger_log                : Test function parameters: args=(False,), kwds={}
2025-02-20 16:04:22,540 LT1-thread root DEBUG client.py                 71    logger_log                : IUT ready event received OK
2025-02-20 16:04:22,540 LT1-thread root DEBUG client.py                 71    logger_log                : Starting test function: class=<class 'autopts.ptsprojects.testcase.TestFunc'>, func=<function core_reg_svc_gap at 0x00000275E0EEC7C0> start_wid=None stop_wid=None post_wid=None skip_call=None call_count=52 args=() kwds={}
2025-02-20 16:04:22,540 LT1-thread root DEBUG client.py                 71    logger_log                : Test function parameters: args=(), kwds={}
2025-02-20 16:04:22,540 LT1-thread root DEBUG client.py                 71    logger_log                : core_reg_svc_gap
2025-02-20 16:04:22,540 LT1-thread root DEBUG client.py                 71    logger_log                : send, 0 3 255 '1'
2025-02-20 16:04:22,540 LT1-thread root DEBUG client.py                 71    logger_log                : sending frame '0003ff010001'
2025-02-20 16:04:22,540 LT1-thread root DEBUG client.py                 71    logger_log                : core_reg_svc_rsp_succ
2025-02-20 16:04:22,540 LT1-thread root DEBUG client.py                 71    logger_log                : read
2025-02-20 16:04:22,644 BTPWorkerThread-12951 (_rx_task) root DEBUG client.py                 71    logger_log                : Read 5 bytes
2025-02-20 16:04:22,664 BTPWorkerThread-12951 (_rx_task) root DEBUG client.py                 71    logger_log                : Received: hdr: Header(svc_id=0x00, op=0x03, ctrl_index=0xff, data_len=0x00) bytearray(b'\x00\x03\xff\x00\x00')
2025-02-20 16:04:22,684 BTPWorkerThread-12951 (_rx_task) root DEBUG client.py                 71    logger_log                : Received data: {''}, bytearray(b'')
2025-02-20 16:04:22,714 LT1-thread root DEBUG client.py                 71    logger_log                : received Header(svc_id=0, op=3, ctrl_index=255, data_len=0) (b'',)
2025-02-20 16:04:22,714 LT1-thread root DEBUG client.py                 71    logger_log                : expected ((0, 3, 255, 0), (b'',))
2025-02-20 16:04:22,714 LT1-thread root DEBUG client.py                 71    logger_log                : response is valid
2025-02-20 16:04:22,714 LT1-thread root DEBUG client.py                 71    logger_log                : Starting test function: class=<class 'autopts.ptsprojects.testcase.TestFunc'>, func=<bound method Stack.gap_init of <autopts.ptsprojects.stack.stack.Stack object at 0x00000275E020DE10>> start_wid=None stop_wid=None post_wid=None skip_call=None call_count=52 args=(b'Tester_25DE2A',) kwds={}
2025-02-20 16:04:22,714 LT1-thread root DEBUG client.py                 71    logger_log                : Test function parameters: args=(b'Tester_25DE2A',), kwds={}
2025-02-20 16:04:22,714 LT1-thread root DEBUG client.py                 71    logger_log                : Starting test function: class=<class 'autopts.ptsprojects.testcase.TestFunc'>, func=<function gap_read_ctrl_info at 0x00000275E0EF8680> start_wid=None stop_wid=None post_wid=None skip_call=None call_count=52 args=() kwds={}
2025-02-20 16:04:22,714 LT1-thread root DEBUG client.py                 71    logger_log                : Test function parameters: args=(), kwds={}
2025-02-20 16:04:22,714 LT1-thread root DEBUG client.py                 71    logger_log                : gap_read_ctrl_info
2025-02-20 16:04:22,714 LT1-thread root DEBUG client.py                 71    logger_log                : send, 1 3 0 ''
2025-02-20 16:04:22,714 LT1-thread root DEBUG client.py                 71    logger_log                : sending frame '0103000000'
2025-02-20 16:04:22,714 LT1-thread root DEBUG client.py                 71    logger_log                : read
2025-02-20 16:04:22,900 BTPWorkerThread-12951 (_rx_task) root DEBUG client.py                 71    logger_log                : Read 5 bytes
2025-02-20 16:04:22,920 BTPWorkerThread-12951 (_rx_task) root DEBUG client.py                 71    logger_log                : Received: hdr: Header(svc_id=0x01, op=0x03, ctrl_index=0x00, data_len=0x115) bytearray(b'\x01\x03\x00\x15\x01')
2025-02-20 16:04:22,978 BTPWorkerThread-12951 (_rx_task) root DEBUG client.py                 71    logger_log                : Read 277 bytes data
2025-02-20 16:04:22,998 BTPWorkerThread-12951 (_rx_task) root DEBUG client.py                 71    logger_log                : Received data: {'28 00 03 37 60 00 13 06 02 00 13 02 00 00 00 00 00 62 74 70 5f 74 65 73 74 65 72 00 00 00 00 00 00 00 00 00 00 00 00 00 00 00 00 00 00 00 00 00 00 00 00 00 00 00 00 00 00 00 00 00 00 00 00 00 00 00 00 00 00 00 00 00 00 00 00 00 00 00 00 00 00 00 00 00 00 00 00 00 00 00 00 00 00 00 00 00 00 00 00 00 00 00 00 00 00 00 00 00 00 00 00 00 00 00 00 00 00 00 00 00 00 00 00 00 00 00 00 00 00 00 00 00 00 00 00 00 00 00 00 00 00 00 00 00 00 00 00 00 00 00 00 00 00 00 00 00 00 00 00 00 00 00 00 00 00 00 00 00 00 00 00 00 00 00 00 00 00 00 00 00 00 00 00 00 00 00 00 00 00 00 00 00 00 00 00 00 00 00 00 00 00 00 00 00 00 00 00 00 00 00 00 00 00 00 00 00 00 00 00 00 00 00 00 00 00 00 00 00 00 00 00 00 00 00 00 00 00 00 00 00 00 00 00 00 00 00 00 00 00 00 00 00 00 00 00 00 00 00 00 00 00 00 00 00 00 00 00 00 00 00 00 00 00 00 00 00 00'}, bytearray(b'(\x00\x037`\x00\x13\x06\x02\x00\x13\x02\x00\x00\x00\x00\x00btp_tester\x00\x00\x00\x00\x00\x00\x00\x00\x00\x00\x00\x00\x00\x00\x00\x00\x00\x00\x00\x00\x00\x00\x00\x00\x00\x00\x00\x00\x00\x00\x00\x00\x00\x00\x00\x00\x00\x00\x00\x00\x00\x00\x00\x00\x00\x00\x00\x00\x00\x00\x00\x00\x00\x00\x00\x00\x00\x00\x00\x00\x00\x00\x00\x00\x00\x00\x00\x00\x00\x00\x00\x00\x00\x00\x00\x00\x00\x00\x00\x00\x00\x00\x00\x00\x00\x00\x00\x00\x00\x00\x00\x00\x00\x00\x00\x00\x00\x00\x00\x00\x00\x00\x00\x00\x00\x00\x00\x00\x00\x00\x00\x00\x00\x00\x00\x00\x00\x00\x00\x00\x00\x00\x00\x00\x00\x00\x00\x00\x00\x00\x00\x00\x00\x00\x00\x00\x00\x00\x00\x00\x00\x00\x00\x00\x00\x00\x00\x00\x00\x00\x00\x00\x00\x00\x00\x00\x00\x00\x00\x00\x00\x00\x00\x00\x00\x00\x00\x00\x00\x00\x00\x00\x00\x00\x00\x00\x00\x00\x00\x00\x00\x00\x00\x00\x00\x00\x00\x00\x00\x00\x00\x00\x00\x00\x00\x00\x00\x00\x00\x00\x00\x00\x00\x00\x00\x00\x00\x00\x00\x00\x00\x00\x00\x00\x00\x00\x00\x00\x00\x00\x00\x00\x00\x00\x00\x00\x00\x00\x00\x00\x00\x00\x00\x00\x00\x00\x00\x00\x00\x00\x00\x00\x00\x00\x00\x00\x00\x00\x00\x00')
2025-02-20 16:04:23,028 LT1-thread root DEBUG client.py                 71    logger_log                : received Header(svc_id=1, op=3, ctrl_index=0, data_len=277) (b'(\x00\x037`\x00\x13\x06\x02\x00\x13\x02\x00\x00\x00\x00\x00btp_tester\x00\x00\x00\x00\x00\x00\x00\x00\x00\x00\x00\x00\x00\x00\x00\x00\x00\x00\x00\x00\x00\x00\x00\x00\x00\x00\x00\x00\x00\x00\x00\x00\x00\x00\x00\x00\x00\x00\x00\x00\x00\x00\x00\x00\x00\x00\x00\x00\x00\x00\x00\x00\x00\x00\x00\x00\x00\x00\x00\x00\x00\x00\x00\x00\x00\x00\x00\x00\x00\x00\x00\x00\x00\x00\x00\x00\x00\x00\x00\x00\x00\x00\x00\x00\x00\x00\x00\x00\x00\x00\x00\x00\x00\x00\x00\x00\x00\x00\x00\x00\x00\x00\x00\x00\x00\x00\x00\x00\x00\x00\x00\x00\x00\x00\x00\x00\x00\x00\x00\x00\x00\x00\x00\x00\x00\x00\x00\x00\x00\x00\x00\x00\x00\x00\x00\x00\x00\x00\x00\x00\x00\x00\x00\x00\x00\x00\x00\x00\x00\x00\x00\x00\x00\x00\x00\x00\x00\x00\x00\x00\x00\x00\x00\x00\x00\x00\x00\x00\x00\x00\x00\x00\x00\x00\x00\x00\x00\x00\x00\x00\x00\x00\x00\x00\x00\x00\x00\x00\x00\x00\x00\x00\x00\x00\x00\x00\x00\x00\x00\x00\x00\x00\x00\x00\x00\x00\x00\x00\x00\x00\x00\x00\x00\x00\x00\x00\x00\x00\x00\x00\x00\x00\x00\x00\x00\x00\x00\x00\x00\x00\x00\x00\x00\x00\x00\x00\x00\x00\x00\x00\x00\x00\x00\x00\x00\x00\x00\x00\x00\x00',)
2025-02-20 16:04:23,028 LT1-thread root DEBUG client.py                 71    logger_log                : IUT address '006037030028' 'public'
2025-02-20 16:04:23,028 LT1-thread root DEBUG client.py                 71    logger_log                : __gap_current_settings_update 531
2025-02-20 16:04:23,028 LT1-thread root DEBUG client.py                 71    logger_log                : Starting test function: class=<class 'autopts.ptsprojects.testcase.TestFunc'>, func=<function test_cases.<locals>.<lambda> at 0x00000275E576F7E0> start_wid=None stop_wid=None post_wid=None skip_call=None call_count=52 args=() kwds={}
2025-02-20 16:04:23,028 LT1-thread root DEBUG client.py                 71    logger_log                : Test function parameters: args=(), kwds={}
2025-02-20 16:04:23,028 LT1-thread root DEBUG client.py                 71    logger_log                : Starting test function: class=<class 'autopts.ptsprojects.testcase.TestFunc'>, func=<function set_pts_addr at 0x00000275E0EEC360> start_wid=None stop_wid=None post_wid=None skip_call=None call_count=52 args=('C0:07:E8:25:DE:2A', 0) kwds={}
2025-02-20 16:04:23,028 LT1-thread root DEBUG client.py                 71    logger_log                : Test function parameters: args=('C0:07:E8:25:DE:2A', 0), kwds={}
2025-02-20 16:04:23,028 LT1-thread root DEBUG client.py                 71    logger_log                : Starting test function: class=<class 'autopts.ptsprojects.testcase.TestFunc'>, func=<function core_reg_svc_gatt at 0x00000275E0EEC900> start_wid=None stop_wid=None post_wid=None skip_call=None call_count=52 args=() kwds={}
2025-02-20 16:04:23,028 LT1-thread root DEBUG client.py                 71    logger_log                : Test function parameters: args=(), kwds={}
2025-02-20 16:04:23,028 LT1-thread root DEBUG client.py                 71    logger_log                : core_reg_svc_gatt
2025-02-20 16:04:23,028 LT1-thread root DEBUG client.py                 71    logger_log                : send, 0 3 255 '2'
2025-02-20 16:04:23,028 LT1-thread root DEBUG client.py                 71    logger_log                : sending frame '0003ff010002'
2025-02-20 16:04:23,028 LT1-thread root DEBUG client.py                 71    logger_log                : core_reg_svc_rsp_succ
2025-02-20 16:04:23,028 LT1-thread root DEBUG client.py                 71    logger_log                : read
2025-02-20 16:04:23,088 BTPWorkerThread-12951 (_rx_task) root DEBUG client.py                 71    logger_log                : Read 5 bytes
2025-02-20 16:04:23,108 BTPWorkerThread-12951 (_rx_task) root DEBUG client.py                 71    logger_log                : Received: hdr: Header(svc_id=0x00, op=0x03, ctrl_index=0xff, data_len=0x00) bytearray(b'\x00\x03\xff\x00\x00')
2025-02-20 16:04:23,134 BTPWorkerThread-12951 (_rx_task) root DEBUG client.py                 71    logger_log                : Received data: {''}, bytearray(b'')
2025-02-20 16:04:23,164 LT1-thread root DEBUG client.py                 71    logger_log                : received Header(svc_id=0, op=3, ctrl_index=255, data_len=0) (b'',)
2025-02-20 16:04:23,164 LT1-thread root DEBUG client.py                 71    logger_log                : expected ((0, 3, 255, 0), (b'',))
2025-02-20 16:04:23,164 LT1-thread root DEBUG client.py                 71    logger_log                : response is valid
2025-02-20 16:04:23,164 LT1-thread root DEBUG client.py                 71    logger_log                : Starting test function: class=<class 'autopts.ptsprojects.testcase.TestFunc'>, func=<bound method Stack.gatt_init of <autopts.ptsprojects.stack.stack.Stack object at 0x00000275E020DE10>> start_wid=None stop_wid=None post_wid=None skip_call=None call_count=52 args=() kwds={}
2025-02-20 16:04:23,164 LT1-thread root DEBUG client.py                 71    logger_log                : Test function parameters: args=(), kwds={}
2025-02-20 16:04:23,164 LT1-thread root DEBUG client.py                 71    logger_log                : Starting test function: class=<class 'autopts.ptsprojects.testcase.TestFunc'>, func=<function core_reg_svc_ots at 0x00000275E0EEDC60> start_wid=None stop_wid=None post_wid=None skip_call=None call_count=52 args=() kwds={}
2025-02-20 16:04:23,164 LT1-thread root DEBUG client.py                 71    logger_log                : Test function parameters: args=(), kwds={}
2025-02-20 16:04:23,164 LT1-thread root DEBUG client.py                 71    logger_log                : core_reg_svc_ots
2025-02-20 16:04:23,164 LT1-thread root DEBUG client.py                 71    logger_log                : send, 0 3 255 '29'
2025-02-20 16:04:23,164 LT1-thread root DEBUG client.py                 71    logger_log                : sending frame '0003ff01001d'
2025-02-20 16:04:23,164 LT1-thread root DEBUG client.py                 71    logger_log                : read
2025-02-20 16:04:23,244 BTPWorkerThread-12951 (_rx_task) root DEBUG client.py                 71    logger_log                : Read 5 bytes
2025-02-20 16:04:23,264 BTPWorkerThread-12951 (_rx_task) root DEBUG client.py                 71    logger_log                : Received: hdr: Header(svc_id=0x00, op=0x03, ctrl_index=0xff, data_len=0x00) bytearray(b'\x00\x03\xff\x00\x00')
2025-02-20 16:04:23,290 BTPWorkerThread-12951 (_rx_task) root DEBUG client.py                 71    logger_log                : Received data: {''}, bytearray(b'')
2025-02-20 16:04:23,310 LT1-thread root DEBUG client.py                 71    logger_log                : Starting test function: class=<class 'autopts.ptsprojects.testcase.TestFunc'>, func=<bound method Stack.ots_init of <autopts.ptsprojects.stack.stack.Stack object at 0x00000275E020DE10>> start_wid=None stop_wid=None post_wid=None skip_call=None call_count=52 args=() kwds={}
2025-02-20 16:04:23,310 LT1-thread root DEBUG client.py                 71    logger_log                : Test function parameters: args=(), kwds={}
2025-02-20 16:04:23,310 LT1-thread root DEBUG client.py                 71    logger_log                : Starting test function: class=<class 'autopts.ptsprojects.testcase.TestFunc'>, func=<function otc_register_object at 0x00000275E14199E0> start_wid=None stop_wid=None post_wid=None skip_call=None call_count=49 args=(0, 'Object 1 with very long name', 1, 255, 100, 50) kwds={}
2025-02-20 16:04:23,310 LT1-thread root DEBUG client.py                 71    logger_log                : Test function parameters: args=(0, 'Object 1 with very long name', 1, 255, 100, 50), kwds={}
2025-02-20 16:04:23,310 LT1-thread root DEBUG client.py                 71    logger_log                : otc_register_object
2025-02-20 16:04:23,310 LT1-thread root DEBUG client.py                 71    logger_log                : send, 29 2 0 "bytearray(b'\\x01\\xff\\x00\\x00\\x00d\\x00\\x00\\x002\\x00\\x00\\x00\\x1cObject 1 with very long name')"
2025-02-20 16:04:23,310 LT1-thread root DEBUG client.py                 71    logger_log                : sending frame '1d02002a0001ff00000064000000320000001c4f626a656374203120776974682076657279206c6f6e67206e616d65'
2025-02-20 16:04:23,310 LT1-thread root DEBUG client.py                 71    logger_log                : ots_command_rsp_succ
2025-02-20 16:04:23,310 LT1-thread root DEBUG client.py                 71    logger_log                : read
2025-02-20 16:04:23,390 BTPWorkerThread-12951 (_rx_task) root DEBUG client.py                 71    logger_log                : Read 5 bytes
2025-02-20 16:04:23,410 BTPWorkerThread-12951 (_rx_task) root DEBUG client.py                 71    logger_log                : Received: hdr: Header(svc_id=0x1d, op=0x02, ctrl_index=0x00, data_len=0x08) bytearray(b'\x1d\x02\x00\x08\x00')
2025-02-20 16:04:23,457 BTPWorkerThread-12951 (_rx_task) root DEBUG client.py                 71    logger_log                : Read 8 bytes data
2025-02-20 16:04:23,477 BTPWorkerThread-12951 (_rx_task) root DEBUG client.py                 71    logger_log                : Received data: {'00 01 00 00 00 00 00 00'}, bytearray(b'\x00\x01\x00\x00\x00\x00\x00\x00')
2025-02-20 16:04:23,507 LT1-thread root DEBUG client.py                 71    logger_log                : received Header(svc_id=29, op=2, ctrl_index=0, data_len=8) (b'\x00\x01\x00\x00\x00\x00\x00\x00',)
2025-02-20 16:04:23,507 LT1-thread root DEBUG client.py                 71    logger_log                : ClientCallback.get_result run_test_case
2025-02-20 16:04:26,382 LT1-callback ClientCallback.on_implicit_send INFO client.py                 71    logger_log                : 
    ********************
    BEGIN OnImplicitSend:
    project_name: OTS
    wid: 20001
    test_case_name: OTS/SR/OTD/BI-01-C
    description: Please prepare IUT into a connectable mode.

Description: Verify that the Implementation Under Test (IUT) can accept GATT connect request from PTS.
    style: MMI_Style_Ok_Cancel2 0x11141
2025-02-20 16:04:26,382 LT1-callback ClientCallback.on_implicit_send INFO client.py                 71    logger_log                : Calling test cases on_implicit_send
2025-02-20 16:04:26,382 LT1-callback ClientCallback.on_implicit_send INFO client.py                 71    logger_log                : 
    on_implicit_send returned response: WAIT
    END OnImplicitSend
    ********************
2025-02-20 16:04:26,520 LT1-thread root DEBUG client.py                 71    logger_log                : OTS OTS/SR/OTD/BI-01-C on_implicit_send
2025-02-20 16:04:26,520 LT1-thread root DEBUG client.py                 71    logger_log                : ots_wid_hdl, 20001, Please prepare IUT into a connectable mode.

Description: Verify that the Implementation Under Test (IUT) can accept GATT connect request from PTS., OTS/SR/OTD/BI-01-C
2025-02-20 16:04:26,520 LT1-thread root DEBUG client.py                 71    logger_log                : gap_set_conn
2025-02-20 16:04:26,520 LT1-thread root DEBUG client.py                 71    logger_log                : gap_adv_ind_on {9: b'Tester_25DE2A'} None
2025-02-20 16:04:26,520 LT1-thread root DEBUG client.py                 71    logger_log                : send, 1 10 0 "bytearray(b'\\x0f\\x00\\t\\rTester_25DE2A\\xff\\xff\\xff\\xff\\x00')"
2025-02-20 16:04:26,520 LT1-thread root DEBUG client.py                 71    logger_log                : sending frame '010a0016000f00090d5465737465725f323544453241ffffffff00'
2025-02-20 16:04:26,520 LT1-thread root DEBUG client.py                 71    logger_log                : gap_command_rsp_succ
2025-02-20 16:04:26,520 LT1-thread root DEBUG client.py                 71    logger_log                : read
2025-02-20 16:04:26,590 BTPWorkerThread-12951 (_rx_task) root DEBUG client.py                 71    logger_log                : Read 5 bytes
2025-02-20 16:04:26,610 BTPWorkerThread-12951 (_rx_task) root DEBUG client.py                 71    logger_log                : Received: hdr: Header(svc_id=0x01, op=0x0a, ctrl_index=0x00, data_len=0x04) bytearray(b'\x01\n\x00\x04\x00')
2025-02-20 16:04:26,654 BTPWorkerThread-12951 (_rx_task) root DEBUG client.py                 71    logger_log                : Read 4 bytes data
2025-02-20 16:04:26,674 BTPWorkerThread-12951 (_rx_task) root DEBUG client.py                 71    logger_log                : Received data: {'13 06 00 00'}, bytearray(b'\x13\x06\x00\x00')
2025-02-20 16:04:26,704 LT1-thread root DEBUG client.py                 71    logger_log                : received Header(svc_id=1, op=10, ctrl_index=0, data_len=4) (b'\x13\x06\x00\x00',)
2025-02-20 16:04:26,704 LT1-thread root DEBUG client.py                 71    logger_log                : __gap_current_settings_update (b'\x13\x06\x00\x00',)
2025-02-20 16:04:26,704 LT1-thread root DEBUG client.py                 71    logger_log                : Sending response 'OK' to wid 20001 test case OTS/SR/OTD/BI-01-C
2025-02-20 16:04:26,704 LT1-thread root DEBUG client.py                 71    logger_log                : ClientCallback.get_result run_test_case
2025-02-20 16:04:28,108 BTPWorkerThread-12951 (_rx_task) root DEBUG client.py                 71    logger_log                : Read 5 bytes
2025-02-20 16:04:28,108 BTPWorkerThread-12951 (_rx_task) root DEBUG client.py                 71    logger_log                : Received: hdr: Header(svc_id=0x01, op=0x82, ctrl_index=0x00, data_len=0x0d) bytearray(b'\x01\x82\x00\r\x00')
2025-02-20 16:04:28,108 BTPWorkerThread-12951 (_rx_task) root DEBUG client.py                 71    logger_log                : Read 13 bytes data
2025-02-20 16:04:28,108 BTPWorkerThread-12951 (_rx_task) root DEBUG client.py                 71    logger_log                : Received data: {'00 2a de 25 e8 07 c0 38 00 00 00 d0 07'}, bytearray(b'\x00*\xde%\xe8\x07\xc08\x00\x00\x00\xd0\x07')
2025-02-20 16:04:28,108 BTPWorkerThread-12951 (_rx_task) root DEBUG client.py                 71    logger_log                : event_handler Header(svc_id=1, op=130, ctrl_index=0, data_len=13) (b'\x00*\xde%\xe8\x07\xc08\x00\x00\x00\xd0\x07',)
2025-02-20 16:04:28,108 BTPWorkerThread-12951 (_rx_task) root DEBUG client.py                 71    logger_log                : gap_connected_ev_ b'\x00*\xde%\xe8\x07\xc08\x00\x00\x00\xd0\x07'
2025-02-20 16:04:28,108 BTPWorkerThread-12951 (_rx_task) root DEBUG client.py                 71    logger_log                : Read 5 bytes
2025-02-20 16:04:28,108 BTPWorkerThread-12951 (_rx_task) root DEBUG client.py                 71    logger_log                : Received: hdr: Header(svc_id=0x01, op=0x80, ctrl_index=0x00, data_len=0x04) bytearray(b'\x01\x80\x00\x04\x00')
2025-02-20 16:04:28,108 BTPWorkerThread-12951 (_rx_task) root DEBUG client.py                 71    logger_log                : Read 4 bytes data
2025-02-20 16:04:28,108 BTPWorkerThread-12951 (_rx_task) root DEBUG client.py                 71    logger_log                : Received data: {'13 02 00 00'}, bytearray(b'\x13\x02\x00\x00')
2025-02-20 16:04:28,108 BTPWorkerThread-12951 (_rx_task) root DEBUG client.py                 71    logger_log                : event_handler Header(svc_id=1, op=128, ctrl_index=0, data_len=4) (b'\x13\x02\x00\x00',)
2025-02-20 16:04:28,108 BTPWorkerThread-12951 (_rx_task) root DEBUG client.py                 71    logger_log                : gap_new_settings_ev_ b'\x13\x02\x00\x00'
2025-02-20 16:04:28,108 BTPWorkerThread-12951 (_rx_task) root DEBUG client.py                 71    logger_log                : __gap_current_settings_update 531
2025-02-20 16:04:31,336 BTPWorkerThread-12951 (_rx_task) root DEBUG client.py                 71    logger_log                : Read 5 bytes
2025-02-20 16:04:31,336 BTPWorkerThread-12951 (_rx_task) root DEBUG client.py                 71    logger_log                : Received: hdr: Header(svc_id=0x01, op=0x89, ctrl_index=0x00, data_len=0x08) bytearray(b'\x01\x89\x00\x08\x00')
2025-02-20 16:04:31,337 BTPWorkerThread-12951 (_rx_task) root DEBUG client.py                 71    logger_log                : Read 8 bytes data
2025-02-20 16:04:31,337 BTPWorkerThread-12951 (_rx_task) root DEBUG client.py                 71    logger_log                : Received data: {'00 2a de 25 e8 07 c0 02'}, bytearray(b'\x00*\xde%\xe8\x07\xc0\x02')
2025-02-20 16:04:31,337 BTPWorkerThread-12951 (_rx_task) root DEBUG client.py                 71    logger_log                : event_handler Header(svc_id=1, op=137, ctrl_index=0, data_len=8) (b'\x00*\xde%\xe8\x07\xc0\x02',)
2025-02-20 16:04:31,337 BTPWorkerThread-12951 (_rx_task) root DEBUG client.py                 71    logger_log                : gap_sec_level_changed_ev_
2025-02-20 16:04:31,337 BTPWorkerThread-12951 (_rx_task) root DEBUG client.py                 71    logger_log                : received b'\x00*\xde%\xe8\x07\xc0\x02'
2025-02-20 16:04:31,337 BTPWorkerThread-12951 (_rx_task) root DEBUG client.py                 71    logger_log                : received (0, 'c007e825de2a', 2)
2025-02-20 16:04:33,619 BTPWorkerThread-12951 (_rx_task) root DEBUG client.py                 71    logger_log                : Read 5 bytes
2025-02-20 16:04:33,619 BTPWorkerThread-12951 (_rx_task) root DEBUG client.py                 71    logger_log                : Received: hdr: Header(svc_id=0x01, op=0x88, ctrl_index=0x00, data_len=0x0d) bytearray(b'\x01\x88\x00\r\x00')
2025-02-20 16:04:33,619 BTPWorkerThread-12951 (_rx_task) root DEBUG client.py                 71    logger_log                : Read 13 bytes data
2025-02-20 16:04:33,620 BTPWorkerThread-12951 (_rx_task) root DEBUG client.py                 71    logger_log                : Received data: {'00 2a de 25 e8 07 c0 18 00 00 00 2a 00'}, bytearray(b'\x00*\xde%\xe8\x07\xc0\x18\x00\x00\x00*\x00')
2025-02-20 16:04:33,620 BTPWorkerThread-12951 (_rx_task) root DEBUG client.py                 71    logger_log                : event_handler Header(svc_id=1, op=136, ctrl_index=0, data_len=13) (b'\x00*\xde%\xe8\x07\xc0\x18\x00\x00\x00*\x00',)
2025-02-20 16:04:33,620 BTPWorkerThread-12951 (_rx_task) root DEBUG client.py                 71    logger_log                : gap_conn_param_update_ev_
2025-02-20 16:04:33,620 BTPWorkerThread-12951 (_rx_task) root DEBUG client.py                 71    logger_log                : received b'\x00*\xde%\xe8\x07\xc0\x18\x00\x00\x00*\x00'
2025-02-20 16:04:33,620 BTPWorkerThread-12951 (_rx_task) root DEBUG client.py                 71    logger_log                : received (0, b'c007e825de2a', 24, 0, 42)
2025-02-20 16:04:34,300 LT1-callback ClientCallback.on_implicit_send INFO client.py                 71    logger_log                : 
    ********************
    BEGIN OnImplicitSend:
    project_name: OTS
    wid: 20109
    test_case_name: OTS/SR/OTD/BI-01-C
    description: Please send indications for Characteristic 'Object Action Control Point' to the PTS.

Description: Verify that the Implementation Under Test (IUT) can send indication.Expected Value: Object Action Control Point: 
    Op Code: [96 (0x60)] Response Code
    Request Op Code Operand: [1 (0x01)] Create
    Result Code: [1 (0x01)] Success
    style: MMI_Style_Ok_Cancel2 0x11141
2025-02-20 16:04:34,300 LT1-callback ClientCallback.on_implicit_send INFO client.py                 71    logger_log                : Calling test cases on_implicit_send
2025-02-20 16:04:34,300 LT1-callback ClientCallback.on_implicit_send INFO client.py                 71    logger_log                : 
    on_implicit_send returned response: WAIT
    END OnImplicitSend
    ********************
2025-02-20 16:04:34,670 BTPWorkerThread-12951 (_rx_task) root DEBUG client.py                 71    logger_log                : Read 5 bytes
2025-02-20 16:04:34,670 BTPWorkerThread-12951 (_rx_task) root DEBUG client.py                 71    logger_log                : Received: hdr: Header(svc_id=0x01, op=0x83, ctrl_index=0x00, data_len=0x07) bytearray(b'\x01\x83\x00\x07\x00')
2025-02-20 16:04:34,670 BTPWorkerThread-12951 (_rx_task) root DEBUG client.py                 71    logger_log                : Read 7 bytes data
2025-02-20 16:04:34,670 BTPWorkerThread-12951 (_rx_task) root DEBUG client.py                 71    logger_log                : Received data: {'00 2a de 25 e8 07 c0'}, bytearray(b'\x00*\xde%\xe8\x07\xc0')
2025-02-20 16:04:34,670 BTPWorkerThread-12951 (_rx_task) root DEBUG client.py                 71    logger_log                : event_handler Header(svc_id=1, op=131, ctrl_index=0, data_len=7) (b'\x00*\xde%\xe8\x07\xc0',)
2025-02-20 16:04:34,670 BTPWorkerThread-12951 (_rx_task) root DEBUG client.py                 71    logger_log                : gap_disconnected_ev_ b'\x00*\xde%\xe8\x07\xc0'
2025-02-20 16:04:34,750 LT1-thread root DEBUG client.py                 71    logger_log                : OTS OTS/SR/OTD/BI-01-C on_implicit_send
2025-02-20 16:04:34,750 LT1-thread root DEBUG client.py                 71    logger_log                : ots_wid_hdl, 20109, Please send indications for Characteristic 'Object Action Control Point' to the PTS.

Description: Verify that the Implementation Under Test (IUT) can send indication.Expected Value: Object Action Control Point: 
    Op Code: [96 (0x60)] Response Code
    Request Op Code Operand: [1 (0x01)] Create
    Result Code: [1 (0x01)] Success, OTS/SR/OTD/BI-01-C
2025-02-20 16:04:34,750 LT1-thread root DEBUG client.py                 71    logger_log                : Sending response 'OK' to wid 20109 test case OTS/SR/OTD/BI-01-C
2025-02-20 16:04:34,750 LT1-thread root DEBUG client.py                 71    logger_log                : ClientCallback.get_result run_test_case
2025-02-20 16:04:34,840 LT1-callback ClientCallback.on_implicit_send INFO client.py                 71    logger_log                : 
    ********************
    BEGIN OnImplicitSend:
    project_name: OTS
    wid: 20001
    test_case_name: OTS/SR/OTD/BI-01-C
    description: Please prepare IUT into a connectable mode.

Description: Verify that the Implementation Under Test (IUT) can accept GATT connect request from PTS.
    style: MMI_Style_Ok_Cancel2 0x11141
2025-02-20 16:04:34,840 LT1-callback ClientCallback.on_implicit_send INFO client.py                 71    logger_log                : Calling test cases on_implicit_send
2025-02-20 16:04:34,840 LT1-callback ClientCallback.on_implicit_send INFO client.py                 71    logger_log                : 
    on_implicit_send returned response: WAIT
    END OnImplicitSend
    ********************
2025-02-20 16:04:35,762 LT1-thread root DEBUG client.py                 71    logger_log                : OTS OTS/SR/OTD/BI-01-C on_implicit_send
2025-02-20 16:04:35,762 LT1-thread root DEBUG client.py                 71    logger_log                : ots_wid_hdl, 20001, Please prepare IUT into a connectable mode.

Description: Verify that the Implementation Under Test (IUT) can accept GATT connect request from PTS., OTS/SR/OTD/BI-01-C
2025-02-20 16:04:35,762 LT1-thread root DEBUG client.py                 71    logger_log                : gap_set_conn
2025-02-20 16:04:35,762 LT1-thread root DEBUG client.py                 71    logger_log                : gap_adv_ind_on {9: b'Tester_25DE2A'} None
2025-02-20 16:04:35,762 LT1-thread root DEBUG client.py                 71    logger_log                : send, 1 10 0 "bytearray(b'\\x0f\\x00\\t\\rTester_25DE2A\\xff\\xff\\xff\\xff\\x00')"
2025-02-20 16:04:35,762 LT1-thread root DEBUG client.py                 71    logger_log                : sending frame '010a0016000f00090d5465737465725f323544453241ffffffff00'
2025-02-20 16:04:35,762 LT1-thread root DEBUG client.py                 71    logger_log                : gap_command_rsp_succ
2025-02-20 16:04:35,762 LT1-thread root DEBUG client.py                 71    logger_log                : read
2025-02-20 16:04:35,842 BTPWorkerThread-12951 (_rx_task) root DEBUG client.py                 71    logger_log                : Read 5 bytes
2025-02-20 16:04:35,862 BTPWorkerThread-12951 (_rx_task) root DEBUG client.py                 71    logger_log                : Received: hdr: Header(svc_id=0x01, op=0x0a, ctrl_index=0x00, data_len=0x04) bytearray(b'\x01\n\x00\x04\x00')
2025-02-20 16:04:35,882 BTPWorkerThread-12951 (_rx_task) root DEBUG client.py                 71    logger_log                : Read 4 bytes data
2025-02-20 16:04:35,882 BTPWorkerThread-12951 (_rx_task) root DEBUG client.py                 71    logger_log                : Received data: {'13 06 00 00'}, bytearray(b'\x13\x06\x00\x00')
2025-02-20 16:04:35,902 LT1-thread root DEBUG client.py                 71    logger_log                : received Header(svc_id=1, op=10, ctrl_index=0, data_len=4) (b'\x13\x06\x00\x00',)
2025-02-20 16:04:35,902 LT1-thread root DEBUG client.py                 71    logger_log                : __gap_current_settings_update (b'\x13\x06\x00\x00',)
2025-02-20 16:04:35,902 LT1-thread root DEBUG client.py                 71    logger_log                : Sending response 'OK' to wid 20001 test case OTS/SR/OTD/BI-01-C
2025-02-20 16:04:35,902 LT1-thread root DEBUG client.py                 71    logger_log                : ClientCallback.get_result run_test_case
2025-02-20 16:04:37,786 BTPWorkerThread-12951 (_rx_task) root DEBUG client.py                 71    logger_log                : Read 5 bytes
2025-02-20 16:04:37,786 BTPWorkerThread-12951 (_rx_task) root DEBUG client.py                 71    logger_log                : Received: hdr: Header(svc_id=0x01, op=0x82, ctrl_index=0x00, data_len=0x0d) bytearray(b'\x01\x82\x00\r\x00')
2025-02-20 16:04:37,786 BTPWorkerThread-12951 (_rx_task) root DEBUG client.py                 71    logger_log                : Read 13 bytes data
2025-02-20 16:04:37,786 BTPWorkerThread-12951 (_rx_task) root DEBUG client.py                 71    logger_log                : Received data: {'00 2a de 25 e8 07 c0 38 00 00 00 d0 07'}, bytearray(b'\x00*\xde%\xe8\x07\xc08\x00\x00\x00\xd0\x07')
2025-02-20 16:04:37,786 BTPWorkerThread-12951 (_rx_task) root DEBUG client.py                 71    logger_log                : event_handler Header(svc_id=1, op=130, ctrl_index=0, data_len=13) (b'\x00*\xde%\xe8\x07\xc08\x00\x00\x00\xd0\x07',)
2025-02-20 16:04:37,786 BTPWorkerThread-12951 (_rx_task) root DEBUG client.py                 71    logger_log                : gap_connected_ev_ b'\x00*\xde%\xe8\x07\xc08\x00\x00\x00\xd0\x07'
2025-02-20 16:04:37,786 BTPWorkerThread-12951 (_rx_task) root DEBUG client.py                 71    logger_log                : Read 5 bytes
2025-02-20 16:04:37,786 BTPWorkerThread-12951 (_rx_task) root DEBUG client.py                 71    logger_log                : Received: hdr: Header(svc_id=0x01, op=0x80, ctrl_index=0x00, data_len=0x04) bytearray(b'\x01\x80\x00\x04\x00')
2025-02-20 16:04:37,786 BTPWorkerThread-12951 (_rx_task) root DEBUG client.py                 71    logger_log                : Read 4 bytes data
2025-02-20 16:04:37,786 BTPWorkerThread-12951 (_rx_task) root DEBUG client.py                 71    logger_log                : Received data: {'13 02 00 00'}, bytearray(b'\x13\x02\x00\x00')
2025-02-20 16:04:37,786 BTPWorkerThread-12951 (_rx_task) root DEBUG client.py                 71    logger_log                : event_handler Header(svc_id=1, op=128, ctrl_index=0, data_len=4) (b'\x13\x02\x00\x00',)
2025-02-20 16:04:37,786 BTPWorkerThread-12951 (_rx_task) root DEBUG client.py                 71    logger_log                : gap_new_settings_ev_ b'\x13\x02\x00\x00'
2025-02-20 16:04:37,786 BTPWorkerThread-12951 (_rx_task) root DEBUG client.py                 71    logger_log                : __gap_current_settings_update 531
2025-02-20 16:04:40,508 BTPWorkerThread-12951 (_rx_task) root DEBUG client.py                 71    logger_log                : Read 5 bytes
2025-02-20 16:04:40,508 BTPWorkerThread-12951 (_rx_task) root DEBUG client.py                 71    logger_log                : Received: hdr: Header(svc_id=0x01, op=0x89, ctrl_index=0x00, data_len=0x08) bytearray(b'\x01\x89\x00\x08\x00')
2025-02-20 16:04:40,508 BTPWorkerThread-12951 (_rx_task) root DEBUG client.py                 71    logger_log                : Read 8 bytes data
2025-02-20 16:04:40,508 BTPWorkerThread-12951 (_rx_task) root DEBUG client.py                 71    logger_log                : Received data: {'00 2a de 25 e8 07 c0 02'}, bytearray(b'\x00*\xde%\xe8\x07\xc0\x02')
2025-02-20 16:04:40,508 BTPWorkerThread-12951 (_rx_task) root DEBUG client.py                 71    logger_log                : event_handler Header(svc_id=1, op=137, ctrl_index=0, data_len=8) (b'\x00*\xde%\xe8\x07\xc0\x02',)
2025-02-20 16:04:40,508 BTPWorkerThread-12951 (_rx_task) root DEBUG client.py                 71    logger_log                : gap_sec_level_changed_ev_
2025-02-20 16:04:40,508 BTPWorkerThread-12951 (_rx_task) root DEBUG client.py                 71    logger_log                : received b'\x00*\xde%\xe8\x07\xc0\x02'
2025-02-20 16:04:40,508 BTPWorkerThread-12951 (_rx_task) root DEBUG client.py                 71    logger_log                : received (0, 'c007e825de2a', 2)
2025-02-20 16:04:40,993 LT1-callback ClientCallback.on_implicit_send INFO client.py                 71    logger_log                : 
    ********************
    BEGIN OnImplicitSend:
    project_name: OTS
    wid: 20109
    test_case_name: OTS/SR/OTD/BI-01-C
    description: Please send indications for Characteristic '' to the PTS.

Description: Verify that the Implementation Under Test (IUT) can send indication.Expected Value: Any value
    style: MMI_Style_Ok_Cancel2 0x11141
2025-02-20 16:04:40,993 LT1-callback ClientCallback.on_implicit_send INFO client.py                 71    logger_log                : Calling test cases on_implicit_send
2025-02-20 16:04:40,993 LT1-callback ClientCallback.on_implicit_send INFO client.py                 71    logger_log                : 
    on_implicit_send returned response: WAIT
    END OnImplicitSend
    ********************
2025-02-20 16:04:41,946 LT1-thread root DEBUG client.py                 71    logger_log                : OTS OTS/SR/OTD/BI-01-C on_implicit_send
2025-02-20 16:04:41,946 LT1-thread root DEBUG client.py                 71    logger_log                : ots_wid_hdl, 20109, Please send indications for Characteristic '' to the PTS.

Description: Verify that the Implementation Under Test (IUT) can send indication.Expected Value: Any value, OTS/SR/OTD/BI-01-C
2025-02-20 16:04:41,946 LT1-thread root DEBUG client.py                 71    logger_log                : Sending response 'OK' to wid 20109 test case OTS/SR/OTD/BI-01-C
2025-02-20 16:04:41,949 LT1-thread root DEBUG client.py                 71    logger_log                : ClientCallback.get_result run_test_case
2025-02-20 16:04:41,952 LT1-callback ClientCallback.on_implicit_send INFO client.py                 71    logger_log                : 
    ********************
    BEGIN OnImplicitSend:
    project_name: OTS
    wid: 20109
    test_case_name: OTS/SR/OTD/BI-01-C
    description: Please send indications for Characteristic '' to the PTS.

Description: Verify that the Implementation Under Test (IUT) can send indication.Expected Value: Any value
    style: MMI_Style_Ok_Cancel2 0x11141
2025-02-20 16:04:41,952 LT1-callback ClientCallback.on_implicit_send INFO client.py                 71    logger_log                : Calling test cases on_implicit_send
2025-02-20 16:04:41,952 LT1-callback ClientCallback.on_implicit_send INFO client.py                 71    logger_log                : 
    on_implicit_send returned response: WAIT
    END OnImplicitSend
    ********************
2025-02-20 16:04:42,959 LT1-thread root DEBUG client.py                 71    logger_log                : OTS OTS/SR/OTD/BI-01-C on_implicit_send
2025-02-20 16:04:42,959 LT1-thread root DEBUG client.py                 71    logger_log                : ots_wid_hdl, 20109, Please send indications for Characteristic '' to the PTS.

Description: Verify that the Implementation Under Test (IUT) can send indication.Expected Value: Any value, OTS/SR/OTD/BI-01-C
2025-02-20 16:04:42,959 LT1-thread root DEBUG client.py                 71    logger_log                : Sending response 'OK' to wid 20109 test case OTS/SR/OTD/BI-01-C
2025-02-20 16:04:42,959 LT1-thread root DEBUG client.py                 71    logger_log                : ClientCallback.get_result run_test_case
2025-02-20 16:04:42,959 LT1-callback ClientCallback.on_implicit_send INFO client.py                 71    logger_log                : 
    ********************
    BEGIN OnImplicitSend:
    project_name: OTS
    wid: 20109
    test_case_name: OTS/SR/OTD/BI-01-C
    description: Please send indications for Characteristic '' to the PTS.

Description: Verify that the Implementation Under Test (IUT) can send indication.Expected Value: Any value
    style: MMI_Style_Ok_Cancel2 0x11141
2025-02-20 16:04:42,959 LT1-callback ClientCallback.on_implicit_send INFO client.py                 71    logger_log                : Calling test cases on_implicit_send
2025-02-20 16:04:42,959 LT1-callback ClientCallback.on_implicit_send INFO client.py                 71    logger_log                : 
    on_implicit_send returned response: WAIT
    END OnImplicitSend
    ********************
2025-02-20 16:04:43,301 BTPWorkerThread-12951 (_rx_task) root DEBUG client.py                 71    logger_log                : Read 5 bytes
2025-02-20 16:04:43,301 BTPWorkerThread-12951 (_rx_task) root DEBUG client.py                 71    logger_log                : Received: hdr: Header(svc_id=0x01, op=0x88, ctrl_index=0x00, data_len=0x0d) bytearray(b'\x01\x88\x00\r\x00')
2025-02-20 16:04:43,301 BTPWorkerThread-12951 (_rx_task) root DEBUG client.py                 71    logger_log                : Read 13 bytes data
2025-02-20 16:04:43,301 BTPWorkerThread-12951 (_rx_task) root DEBUG client.py                 71    logger_log                : Received data: {'00 2a de 25 e8 07 c0 18 00 00 00 2a 00'}, bytearray(b'\x00*\xde%\xe8\x07\xc0\x18\x00\x00\x00*\x00')
2025-02-20 16:04:43,301 BTPWorkerThread-12951 (_rx_task) root DEBUG client.py                 71    logger_log                : event_handler Header(svc_id=1, op=136, ctrl_index=0, data_len=13) (b'\x00*\xde%\xe8\x07\xc0\x18\x00\x00\x00*\x00',)
2025-02-20 16:04:43,301 BTPWorkerThread-12951 (_rx_task) root DEBUG client.py                 71    logger_log                : gap_conn_param_update_ev_
2025-02-20 16:04:43,301 BTPWorkerThread-12951 (_rx_task) root DEBUG client.py                 71    logger_log                : received b'\x00*\xde%\xe8\x07\xc0\x18\x00\x00\x00*\x00'
2025-02-20 16:04:43,301 BTPWorkerThread-12951 (_rx_task) root DEBUG client.py                 71    logger_log                : received (0, b'c007e825de2a', 24, 0, 42)
2025-02-20 16:04:43,971 LT1-thread root DEBUG client.py                 71    logger_log                : OTS OTS/SR/OTD/BI-01-C on_implicit_send
2025-02-20 16:04:43,971 LT1-thread root DEBUG client.py                 71    logger_log                : ots_wid_hdl, 20109, Please send indications for Characteristic '' to the PTS.

Description: Verify that the Implementation Under Test (IUT) can send indication.Expected Value: Any value, OTS/SR/OTD/BI-01-C
2025-02-20 16:04:43,971 LT1-thread root DEBUG client.py                 71    logger_log                : Sending response 'OK' to wid 20109 test case OTS/SR/OTD/BI-01-C
2025-02-20 16:04:43,971 LT1-thread root DEBUG client.py                 71    logger_log                : ClientCallback.get_result run_test_case
2025-02-20 16:04:44,328 BTPWorkerThread-12951 (_rx_task) root DEBUG client.py                 71    logger_log                : Read 5 bytes
2025-02-20 16:04:44,328 BTPWorkerThread-12951 (_rx_task) root DEBUG client.py                 71    logger_log                : Received: hdr: Header(svc_id=0x01, op=0x83, ctrl_index=0x00, data_len=0x07) bytearray(b'\x01\x83\x00\x07\x00')
2025-02-20 16:04:44,328 BTPWorkerThread-12951 (_rx_task) root DEBUG client.py                 71    logger_log                : Read 7 bytes data
2025-02-20 16:04:44,328 BTPWorkerThread-12951 (_rx_task) root DEBUG client.py                 71    logger_log                : Received data: {'00 2a de 25 e8 07 c0'}, bytearray(b'\x00*\xde%\xe8\x07\xc0')
2025-02-20 16:04:44,328 BTPWorkerThread-12951 (_rx_task) root DEBUG client.py                 71    logger_log                : event_handler Header(svc_id=1, op=131, ctrl_index=0, data_len=7) (b'\x00*\xde%\xe8\x07\xc0',)
2025-02-20 16:04:44,328 BTPWorkerThread-12951 (_rx_task) root DEBUG client.py                 71    logger_log                : gap_disconnected_ev_ b'\x00*\xde%\xe8\x07\xc0'
2025-02-20 16:04:46,832 LT1-callback ClientCallback.log INFO client.py                 71    logger_log                : PTS_LOGTYPE_START_TEST Start Test Case 

+1531 ms
 OTS/SR/OTD/BI-01-C OTS/SR/OTD/BI-01-C

2025-02-20 16:04:48,696 LT1-callback ClientCallback.log INFO client.py                 71    logger_log                : PTS_LOGTYPE_FINAL_VERDICT Final Verdict 

+23015 ms
 OTS/SR/OTD/BI-01-C PASS

2025-02-20 16:04:48,706 LT1-callback ClientCallback.log INFO client.py                 71    logger_log                : PTS_LOGTYPE_FINAL_VERDICT Encrypted Verdict 

+23015 ms
 OTS/SR/OTD/BI-01-C A1#NGQ5ZmM4OGI1M2M5ODZiZTMzODI2YTI4ZmRmODY2MWVhNmFiN2JiMzg4YTM5YmRjZTYwNTg2OTU4YTUwZTQwNQ==#ceGiWdZQsFmOaPBdmqYqSPfqH3zQfVXvG7DjHy4a4vEnbFjJHbSMSoxzrmD35bjn

2025-02-20 16:04:48,708 LT1-callback ClientCallback.log INFO client.py                 71    logger_log                : PTS_LOGTYPE_END_TEST Test Case Ended 

+23015 ms
 OTS/SR/OTD/BI-01-C OTS/SR/OTD/BI-01-C

2025-02-20 16:04:48,778 LT1-callback root DEBUG client.py                 71    logger_log                : ClientCallback, set_result, run_test_case, PASS
2025-02-20 16:04:48,778 LT1-thread root DEBUG client.py                 71    logger_log                : After run_test_case error_code=0 status='PASS'
2025-02-20 16:04:48,778 LT1-thread root DEBUG client.py                 71    logger_log                : post_run OTS OTS/SR/OTD/BI-01-C 0
2025-02-20 16:04:48,778 LT1-thread root DEBUG client.py                 71    logger_log                : Starting test function: class=<class 'autopts.ptsprojects.testcase.TestFuncCleanUp'>, func=<bound method Stack.cleanup of <autopts.ptsprojects.stack.stack.Stack object at 0x00000275E020DE10>> start_wid=None stop_wid=None post_wid=None skip_call=None call_count=1 args=() kwds={}
2025-02-20 16:04:48,778 LT1-thread root DEBUG client.py                 71    logger_log                : Test function parameters: args=(), kwds={}
2025-02-20 16:04:48,778 LT1-thread root DEBUG client.py                 71    logger_log                : Starting test function: class=<class 'autopts.ptsprojects.testcase.TestFuncCleanUp'>, func=<bound method ZephyrCtl.stop of <autopts.ptsprojects.zephyr.iutctl.ZephyrCtl object at 0x00000275E4FF3050>> start_wid=None stop_wid=None post_wid=None skip_call=None call_count=1 args=() kwds={}
2025-02-20 16:04:48,778 LT1-thread root DEBUG client.py                 71    logger_log                : Test function parameters: args=(), kwds={}
2025-02-20 16:04:48,778 LT1-thread root DEBUG client.py                 71    logger_log                : <class 'autopts.ptsprojects.zephyr.iutctl.ZephyrCtl'>.stop
2025-02-20 16:04:48,778 LT1-thread root DEBUG client.py                 71    logger_log                : About to reset DUT: JLink -CommandFile reset.jlink -usb 1064371884 -device MCXW716
2025-02-20 16:04:49,685 BTPWorkerThread-12951 (_rx_task) root DEBUG client.py                 71    logger_log                : Read 5 bytes
2025-02-20 16:04:49,705 BTPWorkerThread-12951 (_rx_task) root DEBUG client.py                 71    logger_log                : Received: hdr: Header(svc_id=0x00, op=0x80, ctrl_index=0xff, data_len=0x00) bytearray(b'\x00\x80\xff\x00\x00')
2025-02-20 16:04:49,725 BTPWorkerThread-12951 (_rx_task) root DEBUG client.py                 71    logger_log                : Received data: {''}, bytearray(b'')
2025-02-20 16:04:49,755 BTPWorkerThread-12951 (_rx_task) root DEBUG client.py                 71    logger_log                : event_handler Header(svc_id=0, op=128, ctrl_index=255, data_len=0) (b'',)
2025-02-20 16:04:49,775 BTPWorkerThread-12951 (_rx_task) root DEBUG client.py                 71    logger_log                : core_iut_ready_ev
2025-02-20 16:04:49,795 LT1-thread root DEBUG client.py                 71    logger_log                : IUT ready event received OK
2025-02-20 16:04:49,795 LT1-thread root DEBUG client.py                 71    logger_log                : Waiting for _rx_worker to finish ...
2025-02-20 16:04:50,800 LT1-thread root DEBUG client.py                 71    logger_log                : Waiting for _rx_worker to finish ...
2025-02-20 16:04:50,800 BTPWorkerThread-12951 (_rx_task) root DEBUG client.py                 71    logger_log                : BTPWorkerThread-12951 (_rx_task) finishing...
2025-02-20 16:04:53,812 LT1-thread root DEBUG client.py                 71    logger_log                : post_run, cleanup running post test case script
2025-02-20 16:04:53,812 LT1-thread root DEBUG client.py                 71    logger_log                : post_run, run post test case script
2025-02-20 16:04:53,942 LT1-thread root DEBUG client.py                 71    logger_log                : Done TestCase _run_test_case OTS OTS/SR/OTD/BI-01-C
