2026-03-06 18:47:22,219 LT1-thread root DEBUG client.py                 82    logger_log                : Starting TestCase _run_test_case AVRCP AVRCP/TG/CFG/BI-01-C
2026-03-06 18:47:22,219 LT1-thread root DEBUG client.py                 82    logger_log                : pre_run AVRCP AVRCP/TG/CFG/BI-01-C
2026-03-06 18:47:22,220 LT1-thread root DEBUG client.py                 82    logger_log                : About to run test case AVRCP AVRCP/TG/CFG/BI-01-C with commands:
2026-03-06 18:47:22,220 LT1-thread root DEBUG client.py                 82    logger_log                : 0) class=<class 'autopts.ptsprojects.testcase.TestFunc'>, func=<bound method Stack.core_init of <autopts.ptsprojects.stack.stack.Stack object at 0x0000022A5AAC2960>> start_wid=None stop_wid=None post_wid=None skip_call=None call_count=0 args=() kwds={}
2026-03-06 18:47:22,220 LT1-thread root DEBUG client.py                 82    logger_log                : 1) class=<class 'autopts.ptsprojects.testcase.TestFunc'>, func=<bound method IutCtl.start of <autopts.ptsprojects.zephyr.iutctl.ZephyrCtl object at 0x0000022A5AA2D520>> start_wid=None stop_wid=None post_wid=None skip_call=None call_count=0 args=(<autopts.ptsprojects.zephyr.ztestcase.ZTestCase object at 0x0000022A5AE22540>,) kwds={}
2026-03-06 18:47:22,220 LT1-thread root DEBUG client.py                 82    logger_log                : 2) class=<class 'autopts.ptsprojects.testcase.TestFunc'>, func=<bound method IutCtl.wait_iut_ready_event of <autopts.ptsprojects.zephyr.iutctl.ZephyrCtl object at 0x0000022A5AA2D520>> start_wid=None stop_wid=None post_wid=None skip_call=None call_count=0 args=(False,) kwds={}
2026-03-06 18:47:22,220 LT1-thread root DEBUG client.py                 82    logger_log                : 3) class=<class 'autopts.ptsprojects.testcase.TestFunc'>, func=<function core_reg_svc_gap at 0x0000022A585A6020> start_wid=None stop_wid=None post_wid=None skip_call=None call_count=130 args=() kwds={}
2026-03-06 18:47:22,220 LT1-thread root DEBUG client.py                 82    logger_log                : 4) class=<class 'autopts.ptsprojects.testcase.TestFunc'>, func=<bound method Stack.gap_init of <autopts.ptsprojects.stack.stack.Stack object at 0x0000022A5AAC2960>> start_wid=None stop_wid=None post_wid=None skip_call=None call_count=129 args=(b'Tester_08E44E',) kwds={}
2026-03-06 18:47:22,220 LT1-thread root DEBUG client.py                 82    logger_log                : 5) class=<class 'autopts.ptsprojects.testcase.TestFunc'>, func=<function gap_read_ctrl_info at 0x0000022A585E0400> start_wid=None stop_wid=None post_wid=None skip_call=None call_count=129 args=() kwds={}
2026-03-06 18:47:22,220 LT1-thread root DEBUG client.py                 82    logger_log                : 6) class=<class 'autopts.ptsprojects.testcase.TestFunc'>, func=<function test_cases.<locals>.<lambda> at 0x0000022A5AB649A0> start_wid=None stop_wid=None post_wid=None skip_call=None call_count=129 args=() kwds={}
2026-03-06 18:47:22,221 LT1-thread root DEBUG client.py                 82    logger_log                : 7) class=<class 'autopts.ptsprojects.testcase.TestFunc'>, func=<function set_pts_addr at 0x0000022A585A5BC0> start_wid=None stop_wid=None post_wid=None skip_call=None call_count=129 args=('00:1B:DC:08:E4:4E', 0) kwds={}
2026-03-06 18:47:22,221 LT1-thread root DEBUG client.py                 82    logger_log                : 8) class=<class 'autopts.ptsprojects.testcase.TestFunc'>, func=<function core_reg_svc_avrcp at 0x0000022A585A7740> start_wid=None stop_wid=None post_wid=None skip_call=None call_count=129 args=() kwds={}
2026-03-06 18:47:22,221 LT1-thread root DEBUG client.py                 82    logger_log                : 9) class=<class 'autopts.ptsprojects.testcase.TestFunc'>, func=<bound method Stack.avrcp_init of <autopts.ptsprojects.stack.stack.Stack object at 0x0000022A5AAC2960>> start_wid=None stop_wid=None post_wid=None skip_call=None call_count=129 args=() kwds={}
2026-03-06 18:47:22,221 LT1-thread root DEBUG client.py                 82    logger_log                : 10) class=<class 'autopts.ptsprojects.testcase.TestFuncCleanUp'>, func=<bound method Stack.cleanup of <autopts.ptsprojects.stack.stack.Stack object at 0x0000022A5AAC2960>> start_wid=None stop_wid=None post_wid=None skip_call=None call_count=0 args=() kwds={}
2026-03-06 18:47:22,221 LT1-thread root DEBUG client.py                 82    logger_log                : 11) class=<class 'autopts.ptsprojects.testcase.TestFuncCleanUp'>, func=<bound method ZephyrCtl.stop of <autopts.ptsprojects.zephyr.iutctl.ZephyrCtl object at 0x0000022A5AA2D520>> start_wid=None stop_wid=None post_wid=None skip_call=None call_count=0 args=() kwds={}
2026-03-06 18:47:22,221 LT1-thread root DEBUG client.py                 82    logger_log                : pre_run, run pre test case script
2026-03-06 18:47:22,244 LT1-thread root DEBUG client.py                 82    logger_log                : Starting test function: class=<class 'autopts.ptsprojects.testcase.TestFunc'>, func=<bound method Stack.core_init of <autopts.ptsprojects.stack.stack.Stack object at 0x0000022A5AAC2960>> start_wid=None stop_wid=None post_wid=None skip_call=None call_count=1 args=() kwds={}
2026-03-06 18:47:22,244 LT1-thread root DEBUG client.py                 82    logger_log                : Test function parameters: args=(), kwds={}
2026-03-06 18:47:22,244 LT1-thread root DEBUG client.py                 82    logger_log                : Starting test function: class=<class 'autopts.ptsprojects.testcase.TestFunc'>, func=<bound method IutCtl.start of <autopts.ptsprojects.zephyr.iutctl.ZephyrCtl object at 0x0000022A5AA2D520>> start_wid=None stop_wid=None post_wid=None skip_call=None call_count=1 args=(<autopts.ptsprojects.zephyr.ztestcase.ZTestCase object at 0x0000022A5AE22540>,) kwds={}
2026-03-06 18:47:22,244 LT1-thread root DEBUG client.py                 82    logger_log                : Test function parameters: args=(<autopts.ptsprojects.zephyr.ztestcase.ZTestCase object at 0x0000022A5AE22540>,), kwds={}
2026-03-06 18:47:22,244 LT1-thread root DEBUG client.py                 82    logger_log                : <class 'autopts.ptsprojects.zephyr.iutctl.ZephyrCtl'>.start
2026-03-06 18:47:22,244 LT1-thread root DEBUG client.py                 82    logger_log                : <class 'autopts.ptsprojects.zephyr.iutctl.ZephyrCtl'>.flush_serial
2026-03-06 18:47:23,487 LT1-thread root DEBUG client.py                 82    logger_log                : Starting socat process: socat.exe -x -v tcp:10.17.12.9:52249,retry=100,interval=1 /dev/ttyS2,raw,b115200,
2026-03-06 18:47:23,507 LT1-thread root DEBUG client.py                 82    logger_log                : accept
2026-03-06 18:47:23,584 BTPWorkerThread-3680 (_rx_task) root DEBUG client.py                 82    logger_log                : BTPWorkerThread-3680 (_rx_task) started
2026-03-06 18:47:23,584 LT1-thread root DEBUG client.py                 82    logger_log                : Starting test function: class=<class 'autopts.ptsprojects.testcase.TestFunc'>, func=<bound method IutCtl.wait_iut_ready_event of <autopts.ptsprojects.zephyr.iutctl.ZephyrCtl object at 0x0000022A5AA2D520>> start_wid=None stop_wid=None post_wid=None skip_call=None call_count=1 args=(False,) kwds={}
2026-03-06 18:47:23,584 LT1-thread root DEBUG client.py                 82    logger_log                : Test function parameters: args=(False,), kwds={}
2026-03-06 18:47:23,585 LT1-thread root DEBUG client.py                 82    logger_log                : IUT ready event received OK
2026-03-06 18:47:23,585 LT1-thread root DEBUG client.py                 82    logger_log                : Starting test function: class=<class 'autopts.ptsprojects.testcase.TestFunc'>, func=<function core_reg_svc_gap at 0x0000022A585A6020> start_wid=None stop_wid=None post_wid=None skip_call=None call_count=131 args=() kwds={}
2026-03-06 18:47:23,585 LT1-thread root DEBUG client.py                 82    logger_log                : Test function parameters: args=(), kwds={}
2026-03-06 18:47:23,586 LT1-thread root DEBUG client.py                 82    logger_log                : core_reg_svc_univ: gap_reg (GAP)
2026-03-06 18:47:23,586 LT1-thread root DEBUG client.py                 82    logger_log                : send, 0 3 255 '1'
2026-03-06 18:47:23,586 LT1-thread root DEBUG client.py                 82    logger_log                : sending frame '0003ff010001'
2026-03-06 18:47:23,586 LT1-thread root DEBUG client.py                 82    logger_log                : core_reg_svc_rsp_succ
2026-03-06 18:47:23,586 LT1-thread root DEBUG client.py                 82    logger_log                : read
2026-03-06 18:47:27,766 BTPWorkerThread-3680 (_rx_task) root DEBUG client.py                 82    logger_log                : Read 5 bytes
2026-03-06 18:47:27,776 BTPWorkerThread-3680 (_rx_task) root DEBUG client.py                 82    logger_log                : Received: hdr: Header(svc_id=0x00, op=0x03, ctrl_index=0xff, data_len=0x00) bytearray(b'\x00\x03\xff\x00\x00')
2026-03-06 18:47:27,787 BTPWorkerThread-3680 (_rx_task) root DEBUG client.py                 82    logger_log                : Received data: {''}, bytearray(b'')
2026-03-06 18:47:27,792 LT1-thread root DEBUG client.py                 82    logger_log                : received Header(svc_id=0, op=3, ctrl_index=255, data_len=0) (b'',)
2026-03-06 18:47:27,792 LT1-thread root DEBUG client.py                 82    logger_log                : expected ((0, 3, 255, 0), (b'',))
2026-03-06 18:47:27,792 LT1-thread root DEBUG client.py                 82    logger_log                : response is valid
2026-03-06 18:47:27,792 LT1-thread root DEBUG client.py                 82    logger_log                : Reading supported commands for service: GAP
2026-03-06 18:47:27,792 LT1-thread root DEBUG client.py                 82    logger_log                : send, 1 1 255 ''
2026-03-06 18:47:27,792 LT1-thread root DEBUG client.py                 82    logger_log                : sending frame '0101ff0000'
2026-03-06 18:47:27,792 LT1-thread root DEBUG client.py                 82    logger_log                : read
2026-03-06 18:47:27,831 BTPWorkerThread-3680 (_rx_task) root DEBUG client.py                 82    logger_log                : Read 5 bytes
2026-03-06 18:47:27,841 BTPWorkerThread-3680 (_rx_task) root DEBUG client.py                 82    logger_log                : Received: hdr: Header(svc_id=0x01, op=0x01, ctrl_index=0xff, data_len=0x07) bytearray(b'\x01\x01\xff\x07\x00')
2026-03-06 18:47:27,862 BTPWorkerThread-3680 (_rx_task) root DEBUG client.py                 82    logger_log                : Read 7 bytes data
2026-03-06 18:47:27,873 BTPWorkerThread-3680 (_rx_task) root DEBUG client.py                 82    logger_log                : Received data: {'6e ff 7f 1f fe f7 0e'}, bytearray(b'n\xff\x7f\x1f\xfe\xf7\x0e')
2026-03-06 18:47:27,889 LT1-thread root DEBUG client.py                 82    logger_log                : Starting test function: class=<class 'autopts.ptsprojects.testcase.TestFunc'>, func=<bound method Stack.gap_init of <autopts.ptsprojects.stack.stack.Stack object at 0x0000022A5AAC2960>> start_wid=None stop_wid=None post_wid=None skip_call=None call_count=130 args=(b'Tester_08E44E',) kwds={}
2026-03-06 18:47:27,889 LT1-thread root DEBUG client.py                 82    logger_log                : Test function parameters: args=(b'Tester_08E44E',), kwds={}
2026-03-06 18:47:27,889 LT1-thread root DEBUG client.py                 82    logger_log                : Starting test function: class=<class 'autopts.ptsprojects.testcase.TestFunc'>, func=<function gap_read_ctrl_info at 0x0000022A585E0400> start_wid=None stop_wid=None post_wid=None skip_call=None call_count=130 args=() kwds={}
2026-03-06 18:47:27,889 LT1-thread root DEBUG client.py                 82    logger_log                : Test function parameters: args=(), kwds={}
2026-03-06 18:47:27,889 LT1-thread root DEBUG client.py                 82    logger_log                : gap_read_ctrl_info
2026-03-06 18:47:27,889 LT1-thread root DEBUG client.py                 82    logger_log                : send, 1 3 0 ''
2026-03-06 18:47:27,890 LT1-thread root DEBUG client.py                 82    logger_log                : sending frame '0103000000'
2026-03-06 18:47:27,890 LT1-thread root DEBUG client.py                 82    logger_log                : read
2026-03-06 18:47:27,928 BTPWorkerThread-3680 (_rx_task) root DEBUG client.py                 82    logger_log                : Read 5 bytes
2026-03-06 18:47:27,940 BTPWorkerThread-3680 (_rx_task) root DEBUG client.py                 82    logger_log                : Received: hdr: Header(svc_id=0x01, op=0x03, ctrl_index=0x00, data_len=0x115) bytearray(b'\x01\x03\x00\x15\x01')
2026-03-06 18:47:27,961 BTPWorkerThread-3680 (_rx_task) root DEBUG client.py                 82    logger_log                : Read 277 bytes data
2026-03-06 18:47:27,972 BTPWorkerThread-3680 (_rx_task) root DEBUG client.py                 82    logger_log                : Received data: {'19 78 ee 69 17 d0 d3 06 02 00 13 02 00 00 00 00 00 62 74 70 5f 74 65 73 74 65 72 00 00 00 00 00 00 00 00 00 00 00 00 00 00 00 00 00 00 00 00 00 00 00 00 00 00 00 00 00 00 00 00 00 00 00 00 00 00 00 00 00 00 00 00 00 00 00 00 00 00 00 00 00 00 00 00 00 00 00 00 00 00 00 00 00 00 00 00 00 00 00 00 00 00 00 00 00 00 00 00 00 00 00 00 00 00 00 00 00 00 00 00 00 00 00 00 00 00 00 00 00 00 00 00 00 00 00 00 00 00 00 00 00 00 00 00 00 00 00 00 00 00 00 00 00 00 00 00 00 00 00 00 00 00 00 00 00 00 00 00 00 00 00 00 00 00 00 00 00 00 00 00 00 00 00 00 00 00 00 00 00 00 00 00 00 00 00 00 00 00 00 00 00 00 00 00 00 00 00 00 00 00 00 00 00 00 00 00 00 00 00 00 00 00 00 00 00 00 00 00 00 00 00 00 00 00 00 00 00 00 00 00 00 00 00 00 00 00 00 00 00 00 00 00 00 00 00 00 00 00 00 00 00 00 00 00 00 00 00 00 00 00 00 00 00 00 00 00 00 00'}, bytearray(b'\x19x\xeei\x17\xd0\xd3\x06\x02\x00\x13\x02\x00\x00\x00\x00\x00btp_tester\x00\x00\x00\x00\x00\x00\x00\x00\x00\x00\x00\x00\x00\x00\x00\x00\x00\x00\x00\x00\x00\x00\x00\x00\x00\x00\x00\x00\x00\x00\x00\x00\x00\x00\x00\x00\x00\x00\x00\x00\x00\x00\x00\x00\x00\x00\x00\x00\x00\x00\x00\x00\x00\x00\x00\x00\x00\x00\x00\x00\x00\x00\x00\x00\x00\x00\x00\x00\x00\x00\x00\x00\x00\x00\x00\x00\x00\x00\x00\x00\x00\x00\x00\x00\x00\x00\x00\x00\x00\x00\x00\x00\x00\x00\x00\x00\x00\x00\x00\x00\x00\x00\x00\x00\x00\x00\x00\x00\x00\x00\x00\x00\x00\x00\x00\x00\x00\x00\x00\x00\x00\x00\x00\x00\x00\x00\x00\x00\x00\x00\x00\x00\x00\x00\x00\x00\x00\x00\x00\x00\x00\x00\x00\x00\x00\x00\x00\x00\x00\x00\x00\x00\x00\x00\x00\x00\x00\x00\x00\x00\x00\x00\x00\x00\x00\x00\x00\x00\x00\x00\x00\x00\x00\x00\x00\x00\x00\x00\x00\x00\x00\x00\x00\x00\x00\x00\x00\x00\x00\x00\x00\x00\x00\x00\x00\x00\x00\x00\x00\x00\x00\x00\x00\x00\x00\x00\x00\x00\x00\x00\x00\x00\x00\x00\x00\x00\x00\x00\x00\x00\x00\x00\x00\x00\x00\x00\x00\x00\x00\x00\x00\x00\x00\x00\x00\x00\x00\x00\x00\x00\x00\x00\x00\x00\x00\x00\x00\x00\x00\x00')
2026-03-06 18:47:27,988 LT1-thread root DEBUG client.py                 82    logger_log                : received Header(svc_id=1, op=3, ctrl_index=0, data_len=277) (b'\x19x\xeei\x17\xd0\xd3\x06\x02\x00\x13\x02\x00\x00\x00\x00\x00btp_tester\x00\x00\x00\x00\x00\x00\x00\x00\x00\x00\x00\x00\x00\x00\x00\x00\x00\x00\x00\x00\x00\x00\x00\x00\x00\x00\x00\x00\x00\x00\x00\x00\x00\x00\x00\x00\x00\x00\x00\x00\x00\x00\x00\x00\x00\x00\x00\x00\x00\x00\x00\x00\x00\x00\x00\x00\x00\x00\x00\x00\x00\x00\x00\x00\x00\x00\x00\x00\x00\x00\x00\x00\x00\x00\x00\x00\x00\x00\x00\x00\x00\x00\x00\x00\x00\x00\x00\x00\x00\x00\x00\x00\x00\x00\x00\x00\x00\x00\x00\x00\x00\x00\x00\x00\x00\x00\x00\x00\x00\x00\x00\x00\x00\x00\x00\x00\x00\x00\x00\x00\x00\x00\x00\x00\x00\x00\x00\x00\x00\x00\x00\x00\x00\x00\x00\x00\x00\x00\x00\x00\x00\x00\x00\x00\x00\x00\x00\x00\x00\x00\x00\x00\x00\x00\x00\x00\x00\x00\x00\x00\x00\x00\x00\x00\x00\x00\x00\x00\x00\x00\x00\x00\x00\x00\x00\x00\x00\x00\x00\x00\x00\x00\x00\x00\x00\x00\x00\x00\x00\x00\x00\x00\x00\x00\x00\x00\x00\x00\x00\x00\x00\x00\x00\x00\x00\x00\x00\x00\x00\x00\x00\x00\x00\x00\x00\x00\x00\x00\x00\x00\x00\x00\x00\x00\x00\x00\x00\x00\x00\x00\x00\x00\x00\x00\x00\x00\x00\x00\x00\x00\x00\x00\x00\x00\x00\x00\x00\x00\x00\x00',)
2026-03-06 18:47:27,988 LT1-thread root DEBUG client.py                 82    logger_log                : IUT address 'd01769ee7819' 'public'
2026-03-06 18:47:27,988 LT1-thread root DEBUG client.py                 82    logger_log                : __gap_current_settings_update 531
2026-03-06 18:47:27,988 LT1-thread root DEBUG client.py                 82    logger_log                : Starting test function: class=<class 'autopts.ptsprojects.testcase.TestFunc'>, func=<function test_cases.<locals>.<lambda> at 0x0000022A5AB649A0> start_wid=None stop_wid=None post_wid=None skip_call=None call_count=130 args=() kwds={}
2026-03-06 18:47:27,988 LT1-thread root DEBUG client.py                 82    logger_log                : Test function parameters: args=(), kwds={}
2026-03-06 18:47:27,993 LT1-thread root DEBUG client.py                 82    logger_log                : Starting test function: class=<class 'autopts.ptsprojects.testcase.TestFunc'>, func=<function set_pts_addr at 0x0000022A585A5BC0> start_wid=None stop_wid=None post_wid=None skip_call=None call_count=130 args=('00:1B:DC:08:E4:4E', 0) kwds={}
2026-03-06 18:47:27,993 LT1-thread root DEBUG client.py                 82    logger_log                : Test function parameters: args=('00:1B:DC:08:E4:4E', 0), kwds={}
2026-03-06 18:47:27,994 LT1-thread root DEBUG client.py                 82    logger_log                : Starting test function: class=<class 'autopts.ptsprojects.testcase.TestFunc'>, func=<function core_reg_svc_avrcp at 0x0000022A585A7740> start_wid=None stop_wid=None post_wid=None skip_call=None call_count=130 args=() kwds={}
2026-03-06 18:47:27,994 LT1-thread root DEBUG client.py                 82    logger_log                : Test function parameters: args=(), kwds={}
2026-03-06 18:47:27,994 LT1-thread root DEBUG client.py                 82    logger_log                : core_reg_svc_univ: avrcp_reg (AVRCP)
2026-03-06 18:47:27,994 LT1-thread root DEBUG client.py                 82    logger_log                : send, 0 3 255 '37'
2026-03-06 18:47:27,994 LT1-thread root DEBUG client.py                 82    logger_log                : sending frame '0003ff010025'
2026-03-06 18:47:27,994 LT1-thread root DEBUG client.py                 82    logger_log                : core_reg_svc_rsp_succ
2026-03-06 18:47:27,994 LT1-thread root DEBUG client.py                 82    logger_log                : read
2026-03-06 18:47:28,036 BTPWorkerThread-3680 (_rx_task) root DEBUG client.py                 82    logger_log                : Read 5 bytes
2026-03-06 18:47:28,047 BTPWorkerThread-3680 (_rx_task) root DEBUG client.py                 82    logger_log                : Received: hdr: Header(svc_id=0x00, op=0x03, ctrl_index=0xff, data_len=0x00) bytearray(b'\x00\x03\xff\x00\x00')
2026-03-06 18:47:28,059 BTPWorkerThread-3680 (_rx_task) root DEBUG client.py                 82    logger_log                : Received data: {''}, bytearray(b'')
2026-03-06 18:47:28,075 LT1-thread root DEBUG client.py                 82    logger_log                : received Header(svc_id=0, op=3, ctrl_index=255, data_len=0) (b'',)
2026-03-06 18:47:28,075 LT1-thread root DEBUG client.py                 82    logger_log                : expected ((0, 3, 255, 0), (b'',))
2026-03-06 18:47:28,075 LT1-thread root DEBUG client.py                 82    logger_log                : response is valid
2026-03-06 18:47:28,075 LT1-thread root DEBUG client.py                 82    logger_log                : Reading supported commands for service: AVRCP
2026-03-06 18:47:28,075 LT1-thread root DEBUG client.py                 82    logger_log                : send, 37 1 255 ''
2026-03-06 18:47:28,075 LT1-thread root DEBUG client.py                 82    logger_log                : sending frame '2501ff0000'
2026-03-06 18:47:28,076 LT1-thread root DEBUG client.py                 82    logger_log                : read
2026-03-06 18:47:28,115 BTPWorkerThread-3680 (_rx_task) root DEBUG client.py                 82    logger_log                : Read 5 bytes
2026-03-06 18:47:28,126 BTPWorkerThread-3680 (_rx_task) root DEBUG client.py                 82    logger_log                : Received: hdr: Header(svc_id=0x25, op=0x01, ctrl_index=0xff, data_len=0x05) bytearray(b'%\x01\xff\x05\x00')
2026-03-06 18:47:28,137 BTPWorkerThread-3680 (_rx_task) root DEBUG client.py                 82    logger_log                : Read 5 bytes data
2026-03-06 18:47:28,143 BTPWorkerThread-3680 (_rx_task) root DEBUG client.py                 82    logger_log                : Received data: {'fe ff ff ff 1f'}, bytearray(b'\xfe\xff\xff\xff\x1f')
2026-03-06 18:47:28,148 LT1-thread root DEBUG client.py                 82    logger_log                : Starting test function: class=<class 'autopts.ptsprojects.testcase.TestFunc'>, func=<bound method Stack.avrcp_init of <autopts.ptsprojects.stack.stack.Stack object at 0x0000022A5AAC2960>> start_wid=None stop_wid=None post_wid=None skip_call=None call_count=130 args=() kwds={}
2026-03-06 18:47:28,148 LT1-thread root DEBUG client.py                 82    logger_log                : Test function parameters: args=(), kwds={}
2026-03-06 18:47:28,150 LT1-thread root DEBUG client.py                 82    logger_log                : ClientCallback.get_result run_test_case
2026-03-06 18:47:30,150 LT1-callback ClientCallback.on_implicit_send INFO client.py                 82    logger_log                : 
    ********************
    BEGIN OnImplicitSend:
    project_name: AVRCP
    wid: 84
    test_case_name: AVRCP/TG/CFG/BI-01-C
    description: Action: Place the IUT in connectable mode.

Description : PTS requires that the IUT be in connectable mode.The PTS will attempt to establish an ACL connection.
    style: MMI_Style_Ok_Cancel1 0x11041
2026-03-06 18:47:30,150 LT1-callback ClientCallback.on_implicit_send INFO client.py                 82    logger_log                : Calling test cases on_implicit_send
2026-03-06 18:47:30,150 LT1-callback ClientCallback.on_implicit_send INFO client.py                 82    logger_log                : 
    on_implicit_send returned response: WAIT
    END OnImplicitSend
    ********************
2026-03-06 18:47:30,151 LT1-thread root DEBUG client.py                 82    logger_log                : AVRCP AVRCP/TG/CFG/BI-01-C on_implicit_send
2026-03-06 18:47:30,151 LT1-thread root DEBUG client.py                 82    logger_log                : avrcp_wid_hdl, 84, Action: Place the IUT in connectable mode.

Description : PTS requires that the IUT be in connectable mode.The PTS will attempt to establish an ACL connection., AVRCP/TG/CFG/BI-01-C
2026-03-06 18:47:30,151 LT1-thread root DEBUG client.py                 82    logger_log                : gap_set_conn
2026-03-06 18:47:30,151 LT1-thread root DEBUG client.py                 82    logger_log                : gap_set_gendiscov
2026-03-06 18:47:30,151 LT1-thread root DEBUG client.py                 82    logger_log                : send, 1 8 0 '1'
2026-03-06 18:47:30,151 LT1-thread root DEBUG client.py                 82    logger_log                : sending frame '010800010001'
2026-03-06 18:47:30,151 LT1-thread root DEBUG client.py                 82    logger_log                : gap_command_rsp_succ
2026-03-06 18:47:30,151 LT1-thread root DEBUG client.py                 82    logger_log                : read
2026-03-06 18:47:30,209 BTPWorkerThread-3680 (_rx_task) root DEBUG client.py                 82    logger_log                : Read 5 bytes
2026-03-06 18:47:30,220 BTPWorkerThread-3680 (_rx_task) root DEBUG client.py                 82    logger_log                : Received: hdr: Header(svc_id=0x01, op=0x08, ctrl_index=0x00, data_len=0x04) bytearray(b'\x01\x08\x00\x04\x00')
2026-03-06 18:47:30,225 BTPWorkerThread-3680 (_rx_task) root DEBUG client.py                 82    logger_log                : Read 4 bytes data
2026-03-06 18:47:30,236 BTPWorkerThread-3680 (_rx_task) root DEBUG client.py                 82    logger_log                : Received data: {'1b 02 00 00'}, bytearray(b'\x1b\x02\x00\x00')
2026-03-06 18:47:30,242 LT1-thread root DEBUG client.py                 82    logger_log                : received Header(svc_id=1, op=8, ctrl_index=0, data_len=4) (b'\x1b\x02\x00\x00',)
2026-03-06 18:47:30,242 LT1-thread root DEBUG client.py                 82    logger_log                : __gap_current_settings_update (b'\x1b\x02\x00\x00',)
2026-03-06 18:47:30,242 LT1-thread root DEBUG client.py                 82    logger_log                : gap_adv_ind_on {9: b'Tester_08E44E'} None
2026-03-06 18:47:30,242 LT1-thread root DEBUG client.py                 82    logger_log                : send, 1 10 0 "bytearray(b'\\x0f\\x00\\t\\rTester_08E44E\\xff\\xff\\xff\\xff\\x00')"
2026-03-06 18:47:30,242 LT1-thread root DEBUG client.py                 82    logger_log                : sending frame '010a0016000f00090d5465737465725f303845343445ffffffff00'
2026-03-06 18:47:30,242 LT1-thread root DEBUG client.py                 82    logger_log                : gap_command_rsp_succ
2026-03-06 18:47:30,243 LT1-thread root DEBUG client.py                 82    logger_log                : read
2026-03-06 18:47:30,275 BTPWorkerThread-3680 (_rx_task) root DEBUG client.py                 82    logger_log                : Read 5 bytes
2026-03-06 18:47:30,287 BTPWorkerThread-3680 (_rx_task) root DEBUG client.py                 82    logger_log                : Received: hdr: Header(svc_id=0x01, op=0x0a, ctrl_index=0x00, data_len=0x04) bytearray(b'\x01\n\x00\x04\x00')
2026-03-06 18:47:30,287 BTPWorkerThread-3680 (_rx_task) root DEBUG client.py                 82    logger_log                : Read 4 bytes data
2026-03-06 18:47:30,287 BTPWorkerThread-3680 (_rx_task) root DEBUG client.py                 82    logger_log                : Received data: {'1b 06 00 00'}, bytearray(b'\x1b\x06\x00\x00')
2026-03-06 18:47:30,292 LT1-thread root DEBUG client.py                 82    logger_log                : received Header(svc_id=1, op=10, ctrl_index=0, data_len=4) (b'\x1b\x06\x00\x00',)
2026-03-06 18:47:30,292 LT1-thread root DEBUG client.py                 82    logger_log                : __gap_current_settings_update (b'\x1b\x06\x00\x00',)
2026-03-06 18:47:30,292 LT1-thread root DEBUG client.py                 82    logger_log                : Sending response 'OK' to wid 84 test case AVRCP/TG/CFG/BI-01-C
2026-03-06 18:47:30,294 LT1-thread root DEBUG client.py                 82    logger_log                : ClientCallback.get_result run_test_case
2026-03-06 18:47:37,998 BTPWorkerThread-3680 (_rx_task) root DEBUG client.py                 82    logger_log                : Read 5 bytes
2026-03-06 18:47:37,998 BTPWorkerThread-3680 (_rx_task) root DEBUG client.py                 82    logger_log                : Received: hdr: Header(svc_id=0x01, op=0x82, ctrl_index=0x00, data_len=0x0d) bytearray(b'\x01\x82\x00\r\x00')
2026-03-06 18:47:37,999 BTPWorkerThread-3680 (_rx_task) root DEBUG client.py                 82    logger_log                : Read 13 bytes data
2026-03-06 18:47:37,999 BTPWorkerThread-3680 (_rx_task) root DEBUG client.py                 82    logger_log                : Received data: {'e0 4e e4 08 dc 1b 00 00 00 00 00 00 00'}, bytearray(b'\xe0N\xe4\x08\xdc\x1b\x00\x00\x00\x00\x00\x00\x00')
2026-03-06 18:47:37,999 BTPWorkerThread-3680 (_rx_task) root DEBUG client.py                 82    logger_log                : event_handler Header(svc_id=1, op=130, ctrl_index=0, data_len=13) (b'\xe0N\xe4\x08\xdc\x1b\x00\x00\x00\x00\x00\x00\x00',)
2026-03-06 18:47:37,999 BTPWorkerThread-3680 (_rx_task) root DEBUG client.py                 82    logger_log                : gap_connected_ev_ b'\xe0N\xe4\x08\xdc\x1b\x00\x00\x00\x00\x00\x00\x00'
2026-03-06 18:47:37,999 BTPWorkerThread-3680 (_rx_task) root DEBUG client.py                 82    logger_log                : Read 5 bytes
2026-03-06 18:47:37,999 BTPWorkerThread-3680 (_rx_task) root DEBUG client.py                 82    logger_log                : Received: hdr: Header(svc_id=0x01, op=0x80, ctrl_index=0x00, data_len=0x04) bytearray(b'\x01\x80\x00\x04\x00')
2026-03-06 18:47:37,999 BTPWorkerThread-3680 (_rx_task) root DEBUG client.py                 82    logger_log                : Read 4 bytes data
2026-03-06 18:47:37,999 BTPWorkerThread-3680 (_rx_task) root DEBUG client.py                 82    logger_log                : Received data: {'1b 02 00 00'}, bytearray(b'\x1b\x02\x00\x00')
2026-03-06 18:47:37,999 BTPWorkerThread-3680 (_rx_task) root DEBUG client.py                 82    logger_log                : event_handler Header(svc_id=1, op=128, ctrl_index=0, data_len=4) (b'\x1b\x02\x00\x00',)
2026-03-06 18:47:37,999 BTPWorkerThread-3680 (_rx_task) root DEBUG client.py                 82    logger_log                : gap_new_settings_ev_ b'\x1b\x02\x00\x00'
2026-03-06 18:47:38,000 BTPWorkerThread-3680 (_rx_task) root DEBUG client.py                 82    logger_log                : __gap_current_settings_update 539
2026-03-06 18:47:38,097 LT1-callback ClientCallback.on_implicit_send INFO client.py                 82    logger_log                : 
    ********************
    BEGIN OnImplicitSend:
    project_name: AVRCP
    wid: 2002
    test_case_name: AVRCP/TG/CFG/BI-01-C
    description: Please wait while PTS creates an AVCTP control channel connection.

Action: Make sure the IUT is in a connectable state.
    style: MMI_Style_Ok_Cancel2 0x11141
2026-03-06 18:47:38,097 LT1-callback ClientCallback.on_implicit_send INFO client.py                 82    logger_log                : Calling test cases on_implicit_send
2026-03-06 18:47:38,097 LT1-callback ClientCallback.on_implicit_send INFO client.py                 82    logger_log                : 
    on_implicit_send returned response: WAIT
    END OnImplicitSend
    ********************
2026-03-06 18:47:38,299 LT1-thread root DEBUG client.py                 82    logger_log                : AVRCP AVRCP/TG/CFG/BI-01-C on_implicit_send
2026-03-06 18:47:38,299 LT1-thread root DEBUG client.py                 82    logger_log                : avrcp_wid_hdl, 2002, Please wait while PTS creates an AVCTP control channel connection.

Action: Make sure the IUT is in a connectable state., AVRCP/TG/CFG/BI-01-C
2026-03-06 18:47:39,663 BTPWorkerThread-3680 (_rx_task) root DEBUG client.py                 82    logger_log                : Read 5 bytes
2026-03-06 18:47:39,668 BTPWorkerThread-3680 (_rx_task) root DEBUG client.py                 82    logger_log                : Received: hdr: Header(svc_id=0x01, op=0x91, ctrl_index=0x00, data_len=0x09) bytearray(b'\x01\x91\x00\t\x00')
2026-03-06 18:47:39,679 BTPWorkerThread-3680 (_rx_task) root DEBUG client.py                 82    logger_log                : Read 9 bytes data
2026-03-06 18:47:39,684 BTPWorkerThread-3680 (_rx_task) root DEBUG client.py                 82    logger_log                : Received data: {'e0 4e e4 08 dc 1b 00 01 10'}, bytearray(b'\xe0N\xe4\x08\xdc\x1b\x00\x01\x10')
2026-03-06 18:47:39,690 BTPWorkerThread-3680 (_rx_task) root DEBUG client.py                 82    logger_log                : event_handler Header(svc_id=1, op=145, ctrl_index=0, data_len=9) (b'\xe0N\xe4\x08\xdc\x1b\x00\x01\x10',)
2026-03-06 18:47:39,695 BTPWorkerThread-3680 (_rx_task) root DEBUG client.py                 82    logger_log                : gap_encryption_change_ev_
2026-03-06 18:47:39,700 BTPWorkerThread-3680 (_rx_task) root DEBUG client.py                 82    logger_log                : enc change received b'\xe0N\xe4\x08\xdc\x1b\x00\x01\x10'
2026-03-06 18:47:39,706 BTPWorkerThread-3680 (_rx_task) root DEBUG client.py                 82    logger_log                : received (224, '001bdc08e44e', 1, 16)
2026-03-06 18:47:39,711 BTPWorkerThread-3680 (_rx_task) root DEBUG client.py                 82    logger_log                : Read 5 bytes
2026-03-06 18:47:39,711 BTPWorkerThread-3680 (_rx_task) root DEBUG client.py                 82    logger_log                : Received: hdr: Header(svc_id=0x01, op=0x89, ctrl_index=0x00, data_len=0x08) bytearray(b'\x01\x89\x00\x08\x00')
2026-03-06 18:47:39,716 BTPWorkerThread-3680 (_rx_task) root DEBUG client.py                 82    logger_log                : Read 8 bytes data
2026-03-06 18:47:39,728 BTPWorkerThread-3680 (_rx_task) root DEBUG client.py                 82    logger_log                : Received data: {'e0 4e e4 08 dc 1b 00 02'}, bytearray(b'\xe0N\xe4\x08\xdc\x1b\x00\x02')
2026-03-06 18:47:39,733 BTPWorkerThread-3680 (_rx_task) root DEBUG client.py                 82    logger_log                : event_handler Header(svc_id=1, op=137, ctrl_index=0, data_len=8) (b'\xe0N\xe4\x08\xdc\x1b\x00\x02',)
2026-03-06 18:47:39,739 BTPWorkerThread-3680 (_rx_task) root DEBUG client.py                 82    logger_log                : gap_sec_level_changed_ev_
2026-03-06 18:47:39,739 BTPWorkerThread-3680 (_rx_task) root DEBUG client.py                 82    logger_log                : received b'\xe0N\xe4\x08\xdc\x1b\x00\x02'
2026-03-06 18:47:39,745 BTPWorkerThread-3680 (_rx_task) root DEBUG client.py                 82    logger_log                : received (224, '001bdc08e44e', 2)
2026-03-06 18:47:39,755 BTPWorkerThread-3680 (_rx_task) root DEBUG client.py                 82    logger_log                : Read 5 bytes
2026-03-06 18:47:39,760 BTPWorkerThread-3680 (_rx_task) root DEBUG client.py                 82    logger_log                : Received: hdr: Header(svc_id=0x25, op=0x80, ctrl_index=0x00, data_len=0x07) bytearray(b'%\x80\x00\x07\x00')
2026-03-06 18:47:39,766 BTPWorkerThread-3680 (_rx_task) root DEBUG client.py                 82    logger_log                : Read 7 bytes data
2026-03-06 18:47:39,772 BTPWorkerThread-3680 (_rx_task) root DEBUG client.py                 82    logger_log                : Received data: {'e0 4e e4 08 dc 1b 00'}, bytearray(b'\xe0N\xe4\x08\xdc\x1b\x00')
2026-03-06 18:47:39,772 BTPWorkerThread-3680 (_rx_task) root DEBUG client.py                 82    logger_log                : event_handler Header(svc_id=37, op=128, ctrl_index=0, data_len=7) (b'\xe0N\xe4\x08\xdc\x1b\x00',)
2026-03-06 18:47:39,772 BTPWorkerThread-3680 (_rx_task) root DEBUG client.py                 82    logger_log                : avrcp_ev_control_connected b'\xe0N\xe4\x08\xdc\x1b\x00'
2026-03-06 18:47:39,772 LT1-thread root DEBUG client.py                 82    logger_log                : Sending response 'OK' to wid 2002 test case AVRCP/TG/CFG/BI-01-C
2026-03-06 18:47:39,773 BTPWorkerThread-3680 (_rx_task) root DEBUG client.py                 82    logger_log                : Read 5 bytes
2026-03-06 18:47:39,773 BTPWorkerThread-3680 (_rx_task) root DEBUG client.py                 82    logger_log                : Received: hdr: Header(svc_id=0x25, op=0x80, ctrl_index=0x00, data_len=0x07) bytearray(b'%\x80\x00\x07\x00')
2026-03-06 18:47:39,773 BTPWorkerThread-3680 (_rx_task) root DEBUG client.py                 82    logger_log                : Read 7 bytes data
2026-03-06 18:47:39,774 BTPWorkerThread-3680 (_rx_task) root DEBUG client.py                 82    logger_log                : Received data: {'e0 4e e4 08 dc 1b 00'}, bytearray(b'\xe0N\xe4\x08\xdc\x1b\x00')
2026-03-06 18:47:39,774 BTPWorkerThread-3680 (_rx_task) root DEBUG client.py                 82    logger_log                : event_handler Header(svc_id=37, op=128, ctrl_index=0, data_len=7) (b'\xe0N\xe4\x08\xdc\x1b\x00',)
2026-03-06 18:47:39,774 BTPWorkerThread-3680 (_rx_task) root DEBUG client.py                 82    logger_log                : avrcp_ev_control_connected b'\xe0N\xe4\x08\xdc\x1b\x00'
2026-03-06 18:47:39,775 LT1-thread root DEBUG client.py                 82    logger_log                : ClientCallback.get_result run_test_case
2026-03-06 18:47:39,778 LT1-callback ClientCallback.on_implicit_send INFO client.py                 82    logger_log                : 
    ********************
    BEGIN OnImplicitSend:
    project_name: AVRCP
    wid: 12
    test_case_name: AVRCP/TG/CFG/BI-01-C
    description: The IUT should reject the invalid Get Capabilities command sent by PTS.

Description: Verify that the IUT can properly reject a Get Capabilities command that contains an invalid capability.
    style: MMI_Style_Ok 0x11040
2026-03-06 18:47:39,778 LT1-callback ClientCallback.on_implicit_send INFO client.py                 82    logger_log                : Calling test cases on_implicit_send
2026-03-06 18:47:39,778 LT1-callback ClientCallback.on_implicit_send INFO client.py                 82    logger_log                : 
    on_implicit_send returned response: WAIT
    END OnImplicitSend
    ********************
2026-03-06 18:47:40,695 BTPWorkerThread-3680 (_rx_task) root DEBUG client.py                 82    logger_log                : Read 5 bytes
2026-03-06 18:47:40,696 BTPWorkerThread-3680 (_rx_task) root DEBUG client.py                 82    logger_log                : Received: hdr: Header(svc_id=0x25, op=0x81, ctrl_index=0x00, data_len=0x07) bytearray(b'%\x81\x00\x07\x00')
2026-03-06 18:47:40,696 BTPWorkerThread-3680 (_rx_task) root DEBUG client.py                 82    logger_log                : Read 7 bytes data
2026-03-06 18:47:40,696 BTPWorkerThread-3680 (_rx_task) root DEBUG client.py                 82    logger_log                : Received data: {'e0 4e e4 08 dc 1b 00'}, bytearray(b'\xe0N\xe4\x08\xdc\x1b\x00')
2026-03-06 18:47:40,696 BTPWorkerThread-3680 (_rx_task) root DEBUG client.py                 82    logger_log                : event_handler Header(svc_id=37, op=129, ctrl_index=0, data_len=7) (b'\xe0N\xe4\x08\xdc\x1b\x00',)
2026-03-06 18:47:40,696 BTPWorkerThread-3680 (_rx_task) root DEBUG client.py                 82    logger_log                : avrcp_ev_control_disconnected b'\xe0N\xe4\x08\xdc\x1b\x00'
2026-03-06 18:47:40,696 BTPWorkerThread-3680 (_rx_task) root DEBUG client.py                 82    logger_log                : Read 5 bytes
2026-03-06 18:47:40,696 BTPWorkerThread-3680 (_rx_task) root DEBUG client.py                 82    logger_log                : Received: hdr: Header(svc_id=0x25, op=0x81, ctrl_index=0x00, data_len=0x07) bytearray(b'%\x81\x00\x07\x00')
2026-03-06 18:47:40,697 BTPWorkerThread-3680 (_rx_task) root DEBUG client.py                 82    logger_log                : Read 7 bytes data
2026-03-06 18:47:40,697 BTPWorkerThread-3680 (_rx_task) root DEBUG client.py                 82    logger_log                : Received data: {'e0 4e e4 08 dc 1b 00'}, bytearray(b'\xe0N\xe4\x08\xdc\x1b\x00')
2026-03-06 18:47:40,697 BTPWorkerThread-3680 (_rx_task) root DEBUG client.py                 82    logger_log                : event_handler Header(svc_id=37, op=129, ctrl_index=0, data_len=7) (b'\xe0N\xe4\x08\xdc\x1b\x00',)
2026-03-06 18:47:40,697 BTPWorkerThread-3680 (_rx_task) root DEBUG client.py                 82    logger_log                : avrcp_ev_control_disconnected b'\xe0N\xe4\x08\xdc\x1b\x00'
2026-03-06 18:47:40,697 BTPWorkerThread-3680 (_rx_task) root DEBUG client.py                 82    logger_log                : Read 5 bytes
2026-03-06 18:47:40,697 BTPWorkerThread-3680 (_rx_task) root DEBUG client.py                 82    logger_log                : Received: hdr: Header(svc_id=0x01, op=0x83, ctrl_index=0x00, data_len=0x07) bytearray(b'\x01\x83\x00\x07\x00')
2026-03-06 18:47:40,697 BTPWorkerThread-3680 (_rx_task) root DEBUG client.py                 82    logger_log                : Read 7 bytes data
2026-03-06 18:47:40,697 BTPWorkerThread-3680 (_rx_task) root DEBUG client.py                 82    logger_log                : Received data: {'e0 4e e4 08 dc 1b 00'}, bytearray(b'\xe0N\xe4\x08\xdc\x1b\x00')
2026-03-06 18:47:40,698 BTPWorkerThread-3680 (_rx_task) root DEBUG client.py                 82    logger_log                : event_handler Header(svc_id=1, op=131, ctrl_index=0, data_len=7) (b'\xe0N\xe4\x08\xdc\x1b\x00',)
2026-03-06 18:47:40,698 BTPWorkerThread-3680 (_rx_task) root DEBUG client.py                 82    logger_log                : gap_disconnected_ev_ b'\xe0N\xe4\x08\xdc\x1b\x00'
2026-03-06 18:47:40,776 LT1-thread root DEBUG client.py                 82    logger_log                : AVRCP AVRCP/TG/CFG/BI-01-C on_implicit_send
2026-03-06 18:47:40,776 LT1-thread root DEBUG client.py                 82    logger_log                : avrcp_wid_hdl, 12, The IUT should reject the invalid Get Capabilities command sent by PTS.

Description: Verify that the IUT can properly reject a Get Capabilities command that contains an invalid capability., AVRCP/TG/CFG/BI-01-C
2026-03-06 18:47:40,776 LT1-thread root DEBUG client.py                 82    logger_log                : Sending response 'Ok' to wid 12 test case AVRCP/TG/CFG/BI-01-C
2026-03-06 18:47:40,778 LT1-thread root DEBUG client.py                 82    logger_log                : ClientCallback.get_result run_test_case
2026-03-06 18:47:43,397 LT1-callback ClientCallback.log INFO client.py                 82    logger_log                : PTS_LOGTYPE_START_TEST Start Test Case 

+141 ms
 AVRCP/TG/CFG/BI-01-C AVRCP/TG/CFG/BI-01-C

2026-03-06 18:47:43,793 LT1-callback ClientCallback.log INFO client.py                 82    logger_log                : PTS_LOGTYPE_FINAL_VERDICT Final Verdict 

+14610 ms
 AVRCP/TG/CFG/BI-01-C PASS

2026-03-06 18:47:43,797 LT1-callback ClientCallback.log INFO client.py                 82    logger_log                : PTS_LOGTYPE_FINAL_VERDICT Encrypted Verdict 

+14610 ms
 AVRCP/TG/CFG/BI-01-C A1#ZWY4MzQ5MDg3MmQwNTIxOGQzMzQ5YjY2ODA5M2MzNjQ5ZDY4NmY0Yjc2MzIzM2VkNTUyNTFhNGU4Mjg1MjI0NA==#FU7I8tdMUWMTMw28z6t78pNvHpMCXW01JUgdaM2uo8frRJtg91IbF0dlyuY+cF1l

2026-03-06 18:47:43,897 LT1-callback ClientCallback.log INFO client.py                 82    logger_log                : PTS_LOGTYPE_END_TEST Test Case Ended 

+14610 ms
 AVRCP/TG/CFG/BI-01-C AVRCP/TG/CFG/BI-01-C

2026-03-06 18:47:43,997 LT1-callback root DEBUG client.py                 82    logger_log                : ClientCallback, set_result, run_test_case, PASS
2026-03-06 18:47:43,997 LT1-thread root DEBUG client.py                 82    logger_log                : After run_test_case error_code=0 status='PASS'
2026-03-06 18:47:43,997 LT1-thread root DEBUG client.py                 82    logger_log                : post_run AVRCP AVRCP/TG/CFG/BI-01-C 0
2026-03-06 18:47:43,997 LT1-thread root DEBUG client.py                 82    logger_log                : Starting test function: class=<class 'autopts.ptsprojects.testcase.TestFuncCleanUp'>, func=<bound method Stack.cleanup of <autopts.ptsprojects.stack.stack.Stack object at 0x0000022A5AAC2960>> start_wid=None stop_wid=None post_wid=None skip_call=None call_count=1 args=() kwds={}
2026-03-06 18:47:43,997 LT1-thread root DEBUG client.py                 82    logger_log                : Test function parameters: args=(), kwds={}
2026-03-06 18:47:43,997 LT1-thread root DEBUG client.py                 82    logger_log                : Starting test function: class=<class 'autopts.ptsprojects.testcase.TestFuncCleanUp'>, func=<bound method ZephyrCtl.stop of <autopts.ptsprojects.zephyr.iutctl.ZephyrCtl object at 0x0000022A5AA2D520>> start_wid=None stop_wid=None post_wid=None skip_call=None call_count=1 args=() kwds={}
2026-03-06 18:47:43,997 LT1-thread root DEBUG client.py                 82    logger_log                : Test function parameters: args=(), kwds={}
2026-03-06 18:47:43,999 LT1-thread root DEBUG client.py                 82    logger_log                : <class 'autopts.ptsprojects.zephyr.iutctl.ZephyrCtl'>.stop
2026-03-06 18:47:43,999 LT1-thread root DEBUG client.py                 82    logger_log                : About to reset DUT: JLink -CommandFile reset.jlink -usb 1063214216 -device MIMXRT1176XXXA_M7
2026-03-06 18:47:44,334 BTPWorkerThread-3680 (_rx_task) root DEBUG client.py                 82    logger_log                : Read 5 bytes
2026-03-06 18:47:44,334 BTPWorkerThread-3680 (_rx_task) root DEBUG client.py                 82    logger_log                : Received: hdr: Header(svc_id=0x00, op=0x80, ctrl_index=0xff, data_len=0x00) bytearray(b'\x00\x80\xff\x00\x00')
2026-03-06 18:47:44,335 BTPWorkerThread-3680 (_rx_task) root DEBUG client.py                 82    logger_log                : Received data: {''}, bytearray(b'')
2026-03-06 18:47:44,335 BTPWorkerThread-3680 (_rx_task) root DEBUG client.py                 82    logger_log                : event_handler Header(svc_id=0, op=128, ctrl_index=255, data_len=0) (b'',)
2026-03-06 18:47:44,335 BTPWorkerThread-3680 (_rx_task) root DEBUG client.py                 82    logger_log                : core_iut_ready_ev
2026-03-06 18:47:44,810 LT1-thread root DEBUG client.py                 82    logger_log                : IUT ready event received OK
2026-03-06 18:47:44,810 LT1-thread root DEBUG client.py                 82    logger_log                : Waiting for _rx_worker to finish ...
2026-03-06 18:47:45,336 BTPWorkerThread-3680 (_rx_task) root DEBUG client.py                 82    logger_log                : BTPWorkerThread-3680 (_rx_task) finishing...
2026-03-06 18:47:48,342 LT1-thread root DEBUG client.py                 82    logger_log                : post_run, cleanup running post test case script
2026-03-06 18:47:48,342 LT1-thread root DEBUG client.py                 82    logger_log                : post_run, run post test case script
2026-03-06 18:47:48,429 LT1-thread root DEBUG client.py                 82    logger_log                : Done TestCase _run_test_case AVRCP AVRCP/TG/CFG/BI-01-C
