2025-01-09 08:48:10,459 LT1-thread root DEBUG client.py                 71    logger_log                : Starting TestCase _run_test_case SM SM/CEN/EKS/BI-01-C
2025-01-09 08:48:10,459 LT1-thread root DEBUG client.py                 71    logger_log                : pre_run SM SM/CEN/EKS/BI-01-C
2025-01-09 08:48:10,459 LT1-thread root DEBUG client.py                 71    logger_log                : About to run test case SM SM/CEN/EKS/BI-01-C with commands:
2025-01-09 08:48:10,459 LT1-thread root DEBUG client.py                 71    logger_log                : 0) class=<class 'autopts.ptsprojects.testcase.TestFunc'>, func=<bound method Stack.core_init of <autopts.ptsprojects.stack.stack.Stack object at 0x000001C0E6699CD0>> start_wid=None stop_wid=None post_wid=None skip_call=None call_count=0 args=() kwds={}
2025-01-09 08:48:10,459 LT1-thread root DEBUG client.py                 71    logger_log                : 1) class=<class 'autopts.ptsprojects.testcase.TestFunc'>, func=<bound method ZephyrCtl.hw_reset of <autopts.ptsprojects.zephyr.iutctl.ZephyrCtl object at 0x000001C0E659FF50>> start_wid=None stop_wid=None post_wid=None skip_call=None call_count=0 args=() kwds={}
2025-01-09 08:48:10,459 LT1-thread root DEBUG client.py                 71    logger_log                : 2) class=<class 'autopts.ptsprojects.testcase.TestFunc'>, func=<bound method ZephyrCtl.start of <autopts.ptsprojects.zephyr.iutctl.ZephyrCtl object at 0x000001C0E659FF50>> start_wid=None stop_wid=None post_wid=None skip_call=None call_count=0 args=(<autopts.ptsprojects.zephyr.ztestcase.ZTestCase object at 0x000001C0E6C81350>,) kwds={}
2025-01-09 08:48:10,459 LT1-thread root DEBUG client.py                 71    logger_log                : 3) class=<class 'autopts.ptsprojects.testcase.TestFunc'>, func=<bound method ZephyrCtl.hw_reset of <autopts.ptsprojects.zephyr.iutctl.ZephyrCtl object at 0x000001C0E659FF50>> start_wid=None stop_wid=None post_wid=None skip_call=None call_count=0 args=() kwds={}
2025-01-09 08:48:10,459 LT1-thread root DEBUG client.py                 71    logger_log                : 4) class=<class 'autopts.ptsprojects.testcase.TestFunc'>, func=<bound method ZephyrCtl.wait_iut_ready_event of <autopts.ptsprojects.zephyr.iutctl.ZephyrCtl object at 0x000001C0E659FF50>> start_wid=None stop_wid=None post_wid=None skip_call=None call_count=0 args=(False,) kwds={}
2025-01-09 08:48:10,459 LT1-thread root DEBUG client.py                 71    logger_log                : 5) class=<class 'autopts.ptsprojects.testcase.TestFunc'>, func=<function core_reg_svc_gap at 0x000001C0E25E4540> start_wid=None stop_wid=None post_wid=None skip_call=None call_count=12 args=() kwds={}
2025-01-09 08:48:10,459 LT1-thread root DEBUG client.py                 71    logger_log                : 6) class=<class 'autopts.ptsprojects.testcase.TestFunc'>, func=<bound method Stack.gap_init of <autopts.ptsprojects.stack.stack.Stack object at 0x000001C0E6699CD0>> start_wid=None stop_wid=None post_wid=None skip_call=None call_count=12 args=(b'Tester_59F2E6',) kwds={}
2025-01-09 08:48:10,459 LT1-thread root DEBUG client.py                 71    logger_log                : 7) class=<class 'autopts.ptsprojects.testcase.TestFunc'>, func=<function gap_read_ctrl_info at 0x000001C0E25F4400> start_wid=None stop_wid=None post_wid=None skip_call=None call_count=12 args=() kwds={}
2025-01-09 08:48:10,459 LT1-thread root DEBUG client.py                 71    logger_log                : 8) class=<class 'autopts.ptsprojects.testcase.TestFunc'>, func=<function test_cases.<locals>.<lambda> at 0x000001C0E6BAE0C0> start_wid=None stop_wid=None post_wid=None skip_call=None call_count=12 args=() kwds={}
2025-01-09 08:48:10,459 LT1-thread root DEBUG client.py                 71    logger_log                : 9) class=<class 'autopts.ptsprojects.testcase.TestFunc'>, func=<function test_cases.<locals>.<lambda> at 0x000001C0E6BAE160> start_wid=None stop_wid=None post_wid=None skip_call=None call_count=12 args=() kwds={}
2025-01-09 08:48:10,459 LT1-thread root DEBUG client.py                 71    logger_log                : 10) class=<class 'autopts.ptsprojects.testcase.TestFunc'>, func=<function test_cases.<locals>.<lambda> at 0x000001C0E6BAE200> start_wid=None stop_wid=None post_wid=None skip_call=None call_count=12 args=() kwds={}
2025-01-09 08:48:10,459 LT1-thread root DEBUG client.py                 71    logger_log                : 11) class=<class 'autopts.ptsprojects.testcase.TestFunc'>, func=<function set_pts_addr at 0x000001C0E25E40E0> start_wid=None stop_wid=None post_wid=None skip_call=None call_count=12 args=('C0:07:E8:59:F2:E6', 0) kwds={}
2025-01-09 08:48:10,459 LT1-thread root DEBUG client.py                 71    logger_log                : 12) class=<class 'autopts.ptsprojects.testcase.TestFunc'>, func=<function gap_set_io_cap at 0x000001C0E25E7920> start_wid=None stop_wid=None post_wid=None skip_call=None call_count=0 args=(0,) kwds={}
2025-01-09 08:48:10,459 LT1-thread root DEBUG client.py                 71    logger_log                : 13) class=<class 'autopts.ptsprojects.testcase.TestFuncCleanUp'>, func=<bound method Stack.cleanup of <autopts.ptsprojects.stack.stack.Stack object at 0x000001C0E6699CD0>> start_wid=None stop_wid=None post_wid=None skip_call=None call_count=0 args=() kwds={}
2025-01-09 08:48:10,459 LT1-thread root DEBUG client.py                 71    logger_log                : 14) class=<class 'autopts.ptsprojects.testcase.TestFuncCleanUp'>, func=<bound method ZephyrCtl.stop of <autopts.ptsprojects.zephyr.iutctl.ZephyrCtl object at 0x000001C0E659FF50>> start_wid=None stop_wid=None post_wid=None skip_call=None call_count=0 args=() kwds={}
2025-01-09 08:48:10,459 LT1-thread root DEBUG client.py                 71    logger_log                : pre_run, run pre test case script
2025-01-09 08:48:10,479 LT1-thread root DEBUG client.py                 71    logger_log                : Starting test function: class=<class 'autopts.ptsprojects.testcase.TestFunc'>, func=<bound method Stack.core_init of <autopts.ptsprojects.stack.stack.Stack object at 0x000001C0E6699CD0>> start_wid=None stop_wid=None post_wid=None skip_call=None call_count=1 args=() kwds={}
2025-01-09 08:48:10,479 LT1-thread root DEBUG client.py                 71    logger_log                : Test function parameters: args=(), kwds={}
2025-01-09 08:48:10,479 LT1-thread root DEBUG client.py                 71    logger_log                : Starting test function: class=<class 'autopts.ptsprojects.testcase.TestFunc'>, func=<bound method ZephyrCtl.hw_reset of <autopts.ptsprojects.zephyr.iutctl.ZephyrCtl object at 0x000001C0E659FF50>> start_wid=None stop_wid=None post_wid=None skip_call=None call_count=1 args=() kwds={}
2025-01-09 08:48:10,479 LT1-thread root DEBUG client.py                 71    logger_log                : Test function parameters: args=(), kwds={}
2025-01-09 08:48:10,479 LT1-thread root DEBUG client.py                 71    logger_log                : Starting test function: class=<class 'autopts.ptsprojects.testcase.TestFunc'>, func=<bound method ZephyrCtl.start of <autopts.ptsprojects.zephyr.iutctl.ZephyrCtl object at 0x000001C0E659FF50>> start_wid=None stop_wid=None post_wid=None skip_call=None call_count=1 args=(<autopts.ptsprojects.zephyr.ztestcase.ZTestCase object at 0x000001C0E6C81350>,) kwds={}
2025-01-09 08:48:10,479 LT1-thread root DEBUG client.py                 71    logger_log                : Test function parameters: args=(<autopts.ptsprojects.zephyr.ztestcase.ZTestCase object at 0x000001C0E6C81350>,), kwds={}
2025-01-09 08:48:10,479 LT1-thread root DEBUG client.py                 71    logger_log                : <class 'autopts.ptsprojects.zephyr.iutctl.ZephyrCtl'>.start
2025-01-09 08:48:10,479 LT1-thread root DEBUG client.py                 71    logger_log                : <class 'autopts.ptsprojects.zephyr.iutctl.ZephyrCtl'>.flush_serial
2025-01-09 08:48:11,775 LT1-thread root DEBUG client.py                 71    logger_log                : Starting socat process: socat.exe -x -v tcp:10.192.253.135:50567,retry=100,interval=1 /dev/ttyS34,raw,b115200
2025-01-09 08:48:11,795 LT1-thread root DEBUG client.py                 71    logger_log                : accept
2025-01-09 08:48:11,915 BTPWorkerThread-205 (_rx_task) root DEBUG client.py                 71    logger_log                : BTPWorkerThread-205 (_rx_task) started
2025-01-09 08:48:11,915 LT1-thread root DEBUG client.py                 71    logger_log                : Starting test function: class=<class 'autopts.ptsprojects.testcase.TestFunc'>, func=<bound method ZephyrCtl.hw_reset of <autopts.ptsprojects.zephyr.iutctl.ZephyrCtl object at 0x000001C0E659FF50>> start_wid=None stop_wid=None post_wid=None skip_call=None call_count=1 args=() kwds={}
2025-01-09 08:48:11,915 LT1-thread root DEBUG client.py                 71    logger_log                : Test function parameters: args=(), kwds={}
2025-01-09 08:48:11,925 LT1-thread root DEBUG client.py                 71    logger_log                : Starting test function: class=<class 'autopts.ptsprojects.testcase.TestFunc'>, func=<bound method ZephyrCtl.wait_iut_ready_event of <autopts.ptsprojects.zephyr.iutctl.ZephyrCtl object at 0x000001C0E659FF50>> start_wid=None stop_wid=None post_wid=None skip_call=None call_count=1 args=(False,) kwds={}
2025-01-09 08:48:11,925 LT1-thread root DEBUG client.py                 71    logger_log                : Test function parameters: args=(False,), kwds={}
2025-01-09 08:48:11,925 LT1-thread root DEBUG client.py                 71    logger_log                : IUT ready event received OK
2025-01-09 08:48:11,925 LT1-thread root DEBUG client.py                 71    logger_log                : <class 'autopts.rtt.RTTLogger'>.start
2025-01-09 08:48:11,925 LT1-thread root DEBUG client.py                 71    logger_log                : <class 'autopts.rtt.RTT'>.start
2025-01-09 08:48:12,947 BTPWorkerThread-205 (_rx_task) root DEBUG client.py                 71    logger_log                : Read 5 bytes
2025-01-09 08:48:12,948 BTPWorkerThread-205 (_rx_task) root DEBUG client.py                 71    logger_log                : Received: hdr: Header(svc_id=0x00, op=0x80, ctrl_index=0xff, data_len=0x00) bytearray(b'\x00\x80\xff\x00\x00')
2025-01-09 08:48:12,948 BTPWorkerThread-205 (_rx_task) root DEBUG client.py                 71    logger_log                : Received data: {''}, bytearray(b'')
2025-01-09 08:48:12,948 BTPWorkerThread-205 (_rx_task) root DEBUG client.py                 71    logger_log                : event_handler Header(svc_id=0, op=128, ctrl_index=255, data_len=0) (b'',)
2025-01-09 08:48:12,948 BTPWorkerThread-205 (_rx_task) root DEBUG client.py                 71    logger_log                : core_iut_ready_ev
2025-01-09 08:48:22,742 LT1-thread root DEBUG client.py                 71    logger_log                : Starting test function: class=<class 'autopts.ptsprojects.testcase.TestFunc'>, func=<function core_reg_svc_gap at 0x000001C0E25E4540> start_wid=None stop_wid=None post_wid=None skip_call=None call_count=13 args=() kwds={}
2025-01-09 08:48:22,742 LT1-thread root DEBUG client.py                 71    logger_log                : Test function parameters: args=(), kwds={}
2025-01-09 08:48:22,743 LT1-thread root DEBUG client.py                 71    logger_log                : core_reg_svc_gap
2025-01-09 08:48:22,743 LT1-thread root DEBUG client.py                 71    logger_log                : send, 0 3 255 '1'
2025-01-09 08:48:22,743 LT1-thread root DEBUG client.py                 71    logger_log                : sending frame '0003ff010001'
2025-01-09 08:48:22,743 LT1-thread root DEBUG client.py                 71    logger_log                : core_reg_svc_rsp_succ
2025-01-09 08:48:22,743 LT1-thread root DEBUG client.py                 71    logger_log                : read
2025-01-09 08:48:22,829 BTPWorkerThread-205 (_rx_task) root DEBUG client.py                 71    logger_log                : Read 5 bytes
2025-01-09 08:48:22,840 BTPWorkerThread-205 (_rx_task) root DEBUG client.py                 71    logger_log                : Received: hdr: Header(svc_id=0x00, op=0x03, ctrl_index=0xff, data_len=0x00) bytearray(b'\x00\x03\xff\x00\x00')
2025-01-09 08:48:22,840 BTPWorkerThread-205 (_rx_task) root DEBUG client.py                 71    logger_log                : Received data: {''}, bytearray(b'')
2025-01-09 08:48:22,846 LT1-thread root DEBUG client.py                 71    logger_log                : received Header(svc_id=0, op=3, ctrl_index=255, data_len=0) (b'',)
2025-01-09 08:48:22,846 LT1-thread root DEBUG client.py                 71    logger_log                : expected ((0, 3, 255, 0), (b'',))
2025-01-09 08:48:22,846 LT1-thread root DEBUG client.py                 71    logger_log                : response is valid
2025-01-09 08:48:22,846 LT1-thread root DEBUG client.py                 71    logger_log                : Starting test function: class=<class 'autopts.ptsprojects.testcase.TestFunc'>, func=<bound method Stack.gap_init of <autopts.ptsprojects.stack.stack.Stack object at 0x000001C0E6699CD0>> start_wid=None stop_wid=None post_wid=None skip_call=None call_count=13 args=(b'Tester_59F2E6',) kwds={}
2025-01-09 08:48:22,846 LT1-thread root DEBUG client.py                 71    logger_log                : Test function parameters: args=(b'Tester_59F2E6',), kwds={}
2025-01-09 08:48:22,846 LT1-thread root DEBUG client.py                 71    logger_log                : Starting test function: class=<class 'autopts.ptsprojects.testcase.TestFunc'>, func=<function gap_read_ctrl_info at 0x000001C0E25F4400> start_wid=None stop_wid=None post_wid=None skip_call=None call_count=13 args=() kwds={}
2025-01-09 08:48:22,847 LT1-thread root DEBUG client.py                 71    logger_log                : Test function parameters: args=(), kwds={}
2025-01-09 08:48:22,847 LT1-thread root DEBUG client.py                 71    logger_log                : gap_read_ctrl_info
2025-01-09 08:48:22,847 LT1-thread root DEBUG client.py                 71    logger_log                : send, 1 3 0 ''
2025-01-09 08:48:22,847 LT1-thread root DEBUG client.py                 71    logger_log                : sending frame '0103000000'
2025-01-09 08:48:22,848 LT1-thread root DEBUG client.py                 71    logger_log                : read
2025-01-09 08:48:23,768 BTPWorkerThread-205 (_rx_task) root DEBUG client.py                 71    logger_log                : Read 5 bytes
2025-01-09 08:48:23,779 BTPWorkerThread-205 (_rx_task) root DEBUG client.py                 71    logger_log                : Received: hdr: Header(svc_id=0x01, op=0x03, ctrl_index=0x00, data_len=0x115) bytearray(b'\x01\x03\x00\x15\x01')
2025-01-09 08:48:23,822 BTPWorkerThread-205 (_rx_task) root DEBUG client.py                 71    logger_log                : Read 277 bytes data
2025-01-09 08:48:23,845 BTPWorkerThread-205 (_rx_task) root DEBUG client.py                 71    logger_log                : Received data: {'28 00 03 37 60 00 13 06 02 00 13 02 00 00 00 00 00 62 74 70 5f 74 65 73 74 65 72 00 00 00 00 00 00 00 00 00 00 00 00 00 00 00 00 00 00 00 00 00 00 00 00 00 00 00 00 00 00 00 00 00 00 00 00 00 00 00 00 00 00 00 00 00 00 00 00 00 00 00 00 00 00 00 00 00 00 00 00 00 00 00 00 00 00 00 00 00 00 00 00 00 00 00 00 00 00 00 00 00 00 00 00 00 00 00 00 00 00 00 00 00 00 00 00 00 00 00 00 00 00 00 00 00 00 00 00 00 00 00 00 00 00 00 00 00 00 00 00 00 00 00 00 00 00 00 00 00 00 00 00 00 00 00 00 00 00 00 00 00 00 00 00 00 00 00 00 00 00 00 00 00 00 00 00 00 00 00 00 00 00 00 00 00 00 00 00 00 00 00 00 00 00 00 00 00 00 00 00 00 00 00 00 00 00 00 00 00 00 00 00 00 00 00 00 00 00 00 00 00 00 00 00 00 00 00 00 00 00 00 00 00 00 00 00 00 00 00 00 00 00 00 00 00 00 00 00 00 00 00 00 00 00 00 00 00 00 00 00 00 00 00 00 00 00 00 00 00 00'}, bytearray(b'(\x00\x037`\x00\x13\x06\x02\x00\x13\x02\x00\x00\x00\x00\x00btp_tester\x00\x00\x00\x00\x00\x00\x00\x00\x00\x00\x00\x00\x00\x00\x00\x00\x00\x00\x00\x00\x00\x00\x00\x00\x00\x00\x00\x00\x00\x00\x00\x00\x00\x00\x00\x00\x00\x00\x00\x00\x00\x00\x00\x00\x00\x00\x00\x00\x00\x00\x00\x00\x00\x00\x00\x00\x00\x00\x00\x00\x00\x00\x00\x00\x00\x00\x00\x00\x00\x00\x00\x00\x00\x00\x00\x00\x00\x00\x00\x00\x00\x00\x00\x00\x00\x00\x00\x00\x00\x00\x00\x00\x00\x00\x00\x00\x00\x00\x00\x00\x00\x00\x00\x00\x00\x00\x00\x00\x00\x00\x00\x00\x00\x00\x00\x00\x00\x00\x00\x00\x00\x00\x00\x00\x00\x00\x00\x00\x00\x00\x00\x00\x00\x00\x00\x00\x00\x00\x00\x00\x00\x00\x00\x00\x00\x00\x00\x00\x00\x00\x00\x00\x00\x00\x00\x00\x00\x00\x00\x00\x00\x00\x00\x00\x00\x00\x00\x00\x00\x00\x00\x00\x00\x00\x00\x00\x00\x00\x00\x00\x00\x00\x00\x00\x00\x00\x00\x00\x00\x00\x00\x00\x00\x00\x00\x00\x00\x00\x00\x00\x00\x00\x00\x00\x00\x00\x00\x00\x00\x00\x00\x00\x00\x00\x00\x00\x00\x00\x00\x00\x00\x00\x00\x00\x00\x00\x00\x00\x00\x00\x00\x00\x00\x00\x00\x00\x00\x00\x00\x00\x00\x00\x00\x00\x00\x00\x00\x00\x00\x00')
2025-01-09 08:48:23,871 LT1-thread root DEBUG client.py                 71    logger_log                : received Header(svc_id=1, op=3, ctrl_index=0, data_len=277) (b'(\x00\x037`\x00\x13\x06\x02\x00\x13\x02\x00\x00\x00\x00\x00btp_tester\x00\x00\x00\x00\x00\x00\x00\x00\x00\x00\x00\x00\x00\x00\x00\x00\x00\x00\x00\x00\x00\x00\x00\x00\x00\x00\x00\x00\x00\x00\x00\x00\x00\x00\x00\x00\x00\x00\x00\x00\x00\x00\x00\x00\x00\x00\x00\x00\x00\x00\x00\x00\x00\x00\x00\x00\x00\x00\x00\x00\x00\x00\x00\x00\x00\x00\x00\x00\x00\x00\x00\x00\x00\x00\x00\x00\x00\x00\x00\x00\x00\x00\x00\x00\x00\x00\x00\x00\x00\x00\x00\x00\x00\x00\x00\x00\x00\x00\x00\x00\x00\x00\x00\x00\x00\x00\x00\x00\x00\x00\x00\x00\x00\x00\x00\x00\x00\x00\x00\x00\x00\x00\x00\x00\x00\x00\x00\x00\x00\x00\x00\x00\x00\x00\x00\x00\x00\x00\x00\x00\x00\x00\x00\x00\x00\x00\x00\x00\x00\x00\x00\x00\x00\x00\x00\x00\x00\x00\x00\x00\x00\x00\x00\x00\x00\x00\x00\x00\x00\x00\x00\x00\x00\x00\x00\x00\x00\x00\x00\x00\x00\x00\x00\x00\x00\x00\x00\x00\x00\x00\x00\x00\x00\x00\x00\x00\x00\x00\x00\x00\x00\x00\x00\x00\x00\x00\x00\x00\x00\x00\x00\x00\x00\x00\x00\x00\x00\x00\x00\x00\x00\x00\x00\x00\x00\x00\x00\x00\x00\x00\x00\x00\x00\x00\x00\x00\x00\x00\x00\x00\x00\x00\x00\x00\x00\x00\x00\x00\x00\x00',)
2025-01-09 08:48:23,871 LT1-thread root DEBUG client.py                 71    logger_log                : IUT address '006037030028' 'public'
2025-01-09 08:48:23,871 LT1-thread root DEBUG client.py                 71    logger_log                : __gap_current_settings_update 531
2025-01-09 08:48:23,871 LT1-thread root DEBUG client.py                 71    logger_log                : Starting test function: class=<class 'autopts.ptsprojects.testcase.TestFunc'>, func=<function test_cases.<locals>.<lambda> at 0x000001C0E6BAE0C0> start_wid=None stop_wid=None post_wid=None skip_call=None call_count=13 args=() kwds={}
2025-01-09 08:48:23,871 LT1-thread root DEBUG client.py                 71    logger_log                : Test function parameters: args=(), kwds={}
2025-01-09 08:48:23,875 LT1-thread root DEBUG client.py                 71    logger_log                : Starting test function: class=<class 'autopts.ptsprojects.testcase.TestFunc'>, func=<function test_cases.<locals>.<lambda> at 0x000001C0E6BAE160> start_wid=None stop_wid=None post_wid=None skip_call=None call_count=13 args=() kwds={}
2025-01-09 08:48:23,875 LT1-thread root DEBUG client.py                 71    logger_log                : Test function parameters: args=(), kwds={}
2025-01-09 08:48:23,878 LT1-thread root DEBUG client.py                 71    logger_log                : Starting test function: class=<class 'autopts.ptsprojects.testcase.TestFunc'>, func=<function test_cases.<locals>.<lambda> at 0x000001C0E6BAE200> start_wid=None stop_wid=None post_wid=None skip_call=None call_count=13 args=() kwds={}
2025-01-09 08:48:23,878 LT1-thread root DEBUG client.py                 71    logger_log                : Test function parameters: args=(), kwds={}
2025-01-09 08:48:23,882 LT1-thread root DEBUG client.py                 71    logger_log                : Starting test function: class=<class 'autopts.ptsprojects.testcase.TestFunc'>, func=<function set_pts_addr at 0x000001C0E25E40E0> start_wid=None stop_wid=None post_wid=None skip_call=None call_count=13 args=('C0:07:E8:59:F2:E6', 0) kwds={}
2025-01-09 08:48:23,882 LT1-thread root DEBUG client.py                 71    logger_log                : Test function parameters: args=('C0:07:E8:59:F2:E6', 0), kwds={}
2025-01-09 08:48:23,882 LT1-thread root DEBUG client.py                 71    logger_log                : Starting test function: class=<class 'autopts.ptsprojects.testcase.TestFunc'>, func=<function gap_set_io_cap at 0x000001C0E25E7920> start_wid=None stop_wid=None post_wid=None skip_call=None call_count=1 args=(0,) kwds={}
2025-01-09 08:48:23,882 LT1-thread root DEBUG client.py                 71    logger_log                : Test function parameters: args=(0,), kwds={}
2025-01-09 08:48:23,882 LT1-thread root DEBUG client.py                 71    logger_log                : gap_set_io_cap 0
2025-01-09 08:48:23,882 LT1-thread root DEBUG client.py                 71    logger_log                : send, 1 16 0 '\x00'
2025-01-09 08:48:23,882 LT1-thread root DEBUG client.py                 71    logger_log                : sending frame '011000010000'
2025-01-09 08:48:23,883 LT1-thread root DEBUG client.py                 71    logger_log                : gap_command_rsp_succ
2025-01-09 08:48:23,883 LT1-thread root DEBUG client.py                 71    logger_log                : read
2025-01-09 08:48:23,946 BTPWorkerThread-205 (_rx_task) root DEBUG client.py                 71    logger_log                : Read 5 bytes
2025-01-09 08:48:23,956 BTPWorkerThread-205 (_rx_task) root DEBUG client.py                 71    logger_log                : Received: hdr: Header(svc_id=0x01, op=0x10, ctrl_index=0x00, data_len=0x00) bytearray(b'\x01\x10\x00\x00\x00')
2025-01-09 08:48:23,967 BTPWorkerThread-205 (_rx_task) root DEBUG client.py                 71    logger_log                : Received data: {''}, bytearray(b'')
2025-01-09 08:48:23,984 LT1-thread root DEBUG client.py                 71    logger_log                : received Header(svc_id=1, op=16, ctrl_index=0, data_len=0) (b'',)
2025-01-09 08:48:23,987 LT1-thread root DEBUG client.py                 71    logger_log                : ClientCallback.get_result run_test_case
2025-01-09 08:48:26,588 LT1-callback ClientCallback.on_implicit_send INFO client.py                 71    logger_log                : 
    ********************
    BEGIN OnImplicitSend:
    project_name: SM
    wid: 100
    test_case_name: SM/CEN/EKS/BI-01-C
    description: Initiate an connection from the IUT to the PTS.
    style: MMI_Style_Ok_Cancel2 0x11141
2025-01-09 08:48:26,588 LT1-callback ClientCallback.on_implicit_send INFO client.py                 71    logger_log                : Calling test cases on_implicit_send
2025-01-09 08:48:26,588 LT1-callback ClientCallback.on_implicit_send INFO client.py                 71    logger_log                : 
    on_implicit_send returned response: WAIT
    END OnImplicitSend
    ********************
2025-01-09 08:48:26,989 LT1-thread root DEBUG client.py                 71    logger_log                : SM SM/CEN/EKS/BI-01-C on_implicit_send
2025-01-09 08:48:26,989 LT1-thread root DEBUG client.py                 71    logger_log                : sm_wid_hdl, 100, Initiate an connection from the IUT to the PTS., SM/CEN/EKS/BI-01-C
2025-01-09 08:48:26,989 LT1-thread root DEBUG client.py                 71    logger_log                : gap_conn None None
2025-01-09 08:48:26,989 LT1-thread root DEBUG client.py                 71    logger_log                : send, 1 14 0 "bytearray(b'\\x00\\xe6\\xf2Y\\xe8\\x07\\xc0\\x00')"
2025-01-09 08:48:26,990 LT1-thread root DEBUG client.py                 71    logger_log                : sending frame '010e00080000e6f259e807c000'
2025-01-09 08:48:26,990 LT1-thread root DEBUG client.py                 71    logger_log                : read
2025-01-09 08:48:27,067 BTPWorkerThread-205 (_rx_task) root DEBUG client.py                 71    logger_log                : Read 5 bytes
2025-01-09 08:48:27,078 BTPWorkerThread-205 (_rx_task) root DEBUG client.py                 71    logger_log                : Received: hdr: Header(svc_id=0x01, op=0x0e, ctrl_index=0x00, data_len=0x00) bytearray(b'\x01\x0e\x00\x00\x00')
2025-01-09 08:48:27,083 BTPWorkerThread-205 (_rx_task) root DEBUG client.py                 71    logger_log                : Received data: {''}, bytearray(b'')
2025-01-09 08:48:27,137 BTPWorkerThread-205 (_rx_task) root DEBUG client.py                 71    logger_log                : Read 5 bytes
2025-01-09 08:48:27,149 BTPWorkerThread-205 (_rx_task) root DEBUG client.py                 71    logger_log                : Received: hdr: Header(svc_id=0x01, op=0x82, ctrl_index=0x00, data_len=0x0d) bytearray(b'\x01\x82\x00\r\x00')
2025-01-09 08:48:27,154 BTPWorkerThread-205 (_rx_task) root DEBUG client.py                 71    logger_log                : Read 13 bytes data
2025-01-09 08:48:27,154 BTPWorkerThread-205 (_rx_task) root DEBUG client.py                 71    logger_log                : Received data: {'00 e6 f2 59 e8 07 c0 18 00 00 00 90 01'}, bytearray(b'\x00\xe6\xf2Y\xe8\x07\xc0\x18\x00\x00\x00\x90\x01')
2025-01-09 08:48:27,154 BTPWorkerThread-205 (_rx_task) root DEBUG client.py                 71    logger_log                : event_handler Header(svc_id=1, op=130, ctrl_index=0, data_len=13) (b'\x00\xe6\xf2Y\xe8\x07\xc0\x18\x00\x00\x00\x90\x01',)
2025-01-09 08:48:27,154 BTPWorkerThread-205 (_rx_task) root DEBUG client.py                 71    logger_log                : gap_connected_ev_ b'\x00\xe6\xf2Y\xe8\x07\xc0\x18\x00\x00\x00\x90\x01'
2025-01-09 08:48:27,154 LT1-thread root DEBUG client.py                 71    logger_log                : Sending response 'OK' to wid 100 test case SM/CEN/EKS/BI-01-C
2025-01-09 08:48:27,157 LT1-thread root DEBUG client.py                 71    logger_log                : ClientCallback.get_result run_test_case
2025-01-09 08:48:27,161 LT1-callback ClientCallback.on_implicit_send INFO client.py                 71    logger_log                : 
    ********************
    BEGIN OnImplicitSend:
    project_name: SM
    wid: 108
    test_case_name: SM/CEN/EKS/BI-01-C
    description: Please start pairing process.
    style: MMI_Style_Ok 0x11040
2025-01-09 08:48:27,161 LT1-callback ClientCallback.on_implicit_send INFO client.py                 71    logger_log                : Calling test cases on_implicit_send
2025-01-09 08:48:27,161 LT1-callback ClientCallback.on_implicit_send INFO client.py                 71    logger_log                : 
    on_implicit_send returned response: WAIT
    END OnImplicitSend
    ********************
2025-01-09 08:48:28,158 LT1-thread root DEBUG client.py                 71    logger_log                : SM SM/CEN/EKS/BI-01-C on_implicit_send
2025-01-09 08:48:28,158 LT1-thread root DEBUG client.py                 71    logger_log                : sm_wid_hdl, 108, Please start pairing process., SM/CEN/EKS/BI-01-C
2025-01-09 08:48:28,158 LT1-thread root DEBUG client.py                 71    logger_log                : gap_pair None None
2025-01-09 08:48:28,158 LT1-thread root DEBUG client.py                 71    logger_log                : send, 1 17 0 "bytearray(b'\\x00\\xe6\\xf2Y\\xe8\\x07\\xc0')"
2025-01-09 08:48:28,159 LT1-thread root DEBUG client.py                 71    logger_log                : sending frame '011100070000e6f259e807c0'
2025-01-09 08:48:28,159 LT1-thread root DEBUG client.py                 71    logger_log                : gap_command_rsp_succ
2025-01-09 08:48:28,159 LT1-thread root DEBUG client.py                 71    logger_log                : read
2025-01-09 08:48:28,215 BTPWorkerThread-205 (_rx_task) root DEBUG client.py                 71    logger_log                : Read 5 bytes
2025-01-09 08:48:28,226 BTPWorkerThread-205 (_rx_task) root DEBUG client.py                 71    logger_log                : Received: hdr: Header(svc_id=0x01, op=0x11, ctrl_index=0x00, data_len=0x00) bytearray(b'\x01\x11\x00\x00\x00')
2025-01-09 08:48:28,237 BTPWorkerThread-205 (_rx_task) root DEBUG client.py                 71    logger_log                : Received data: {''}, bytearray(b'')
2025-01-09 08:48:28,254 LT1-thread root DEBUG client.py                 71    logger_log                : received Header(svc_id=1, op=17, ctrl_index=0, data_len=0) (b'',)
2025-01-09 08:48:28,254 BTPWorkerThread-205 (_rx_task) root DEBUG client.py                 71    logger_log                : Read 5 bytes
2025-01-09 08:48:28,255 LT1-thread root DEBUG client.py                 71    logger_log                : Sending response 'Ok' to wid 108 test case SM/CEN/EKS/BI-01-C
2025-01-09 08:48:28,255 BTPWorkerThread-205 (_rx_task) root DEBUG client.py                 71    logger_log                : Received: hdr: Header(svc_id=0x01, op=0x8c, ctrl_index=0x00, data_len=0x08) bytearray(b'\x01\x8c\x00\x08\x00')
2025-01-09 08:48:28,255 BTPWorkerThread-205 (_rx_task) root DEBUG client.py                 71    logger_log                : Read 8 bytes data
2025-01-09 08:48:28,255 BTPWorkerThread-205 (_rx_task) root DEBUG client.py                 71    logger_log                : Received data: {'00 e6 f2 59 e8 07 c0 04'}, bytearray(b'\x00\xe6\xf2Y\xe8\x07\xc0\x04')
2025-01-09 08:48:28,256 BTPWorkerThread-205 (_rx_task) root DEBUG client.py                 71    logger_log                : event_handler Header(svc_id=1, op=140, ctrl_index=0, data_len=8) (b'\x00\xe6\xf2Y\xe8\x07\xc0\x04',)
2025-01-09 08:48:28,256 BTPWorkerThread-205 (_rx_task) root DEBUG client.py                 71    logger_log                : gap_pairing_failed_ev_
2025-01-09 08:48:28,256 BTPWorkerThread-205 (_rx_task) root DEBUG client.py                 71    logger_log                : received b'\x00\xe6\xf2Y\xe8\x07\xc0\x04'
2025-01-09 08:48:28,256 BTPWorkerThread-205 (_rx_task) root DEBUG client.py                 71    logger_log                : received (0, 'c007e859f2e6', 4)
2025-01-09 08:48:28,258 LT1-thread root DEBUG client.py                 71    logger_log                : ClientCallback.get_result run_test_case
2025-01-09 08:48:28,272 LT1-callback ClientCallback.on_implicit_send INFO client.py                 71    logger_log                : 
    ********************
    BEGIN OnImplicitSend:
    project_name: SM
    wid: 102
    test_case_name: SM/CEN/EKS/BI-01-C
    description: Please initiate a disconnection to the PTS.

Description: Verify that the Implementation Under Test(IUT) can initiate a disconnect request to PTS.
    style: MMI_Style_Ok_Cancel2 0x11141
2025-01-09 08:48:28,272 LT1-callback ClientCallback.on_implicit_send INFO client.py                 71    logger_log                : Calling test cases on_implicit_send
2025-01-09 08:48:28,272 LT1-callback ClientCallback.on_implicit_send INFO client.py                 71    logger_log                : 
    on_implicit_send returned response: WAIT
    END OnImplicitSend
    ********************
2025-01-09 08:48:29,259 LT1-thread root DEBUG client.py                 71    logger_log                : SM SM/CEN/EKS/BI-01-C on_implicit_send
2025-01-09 08:48:29,259 LT1-thread root DEBUG client.py                 71    logger_log                : sm_wid_hdl, 102, Please initiate a disconnection to the PTS.

Description: Verify that the Implementation Under Test(IUT) can initiate a disconnect request to PTS., SM/CEN/EKS/BI-01-C
2025-01-09 08:48:29,259 LT1-thread root DEBUG client.py                 71    logger_log                : gap_disconn None None
2025-01-09 08:48:29,259 LT1-thread root DEBUG client.py                 71    logger_log                : send, 1 15 0 "bytearray(b'\\x00\\xe6\\xf2Y\\xe8\\x07\\xc0')"
2025-01-09 08:48:29,260 LT1-thread root DEBUG client.py                 71    logger_log                : sending frame '010f00070000e6f259e807c0'
2025-01-09 08:48:29,260 LT1-thread root DEBUG client.py                 71    logger_log                : read
2025-01-09 08:48:29,299 BTPWorkerThread-205 (_rx_task) root DEBUG client.py                 71    logger_log                : Read 5 bytes
2025-01-09 08:48:29,315 BTPWorkerThread-205 (_rx_task) root DEBUG client.py                 71    logger_log                : Received: hdr: Header(svc_id=0x01, op=0x0f, ctrl_index=0x00, data_len=0x00) bytearray(b'\x01\x0f\x00\x00\x00')
2025-01-09 08:48:29,325 BTPWorkerThread-205 (_rx_task) root DEBUG client.py                 71    logger_log                : Received data: {''}, bytearray(b'')
2025-01-09 08:48:29,331 BTPWorkerThread-205 (_rx_task) root DEBUG client.py                 71    logger_log                : Read 5 bytes
2025-01-09 08:48:29,332 BTPWorkerThread-205 (_rx_task) root DEBUG client.py                 71    logger_log                : Received: hdr: Header(svc_id=0x01, op=0x83, ctrl_index=0x00, data_len=0x07) bytearray(b'\x01\x83\x00\x07\x00')
2025-01-09 08:48:29,332 BTPWorkerThread-205 (_rx_task) root DEBUG client.py                 71    logger_log                : Read 7 bytes data
2025-01-09 08:48:29,332 BTPWorkerThread-205 (_rx_task) root DEBUG client.py                 71    logger_log                : Received data: {'00 e6 f2 59 e8 07 c0'}, bytearray(b'\x00\xe6\xf2Y\xe8\x07\xc0')
2025-01-09 08:48:29,332 BTPWorkerThread-205 (_rx_task) root DEBUG client.py                 71    logger_log                : event_handler Header(svc_id=1, op=131, ctrl_index=0, data_len=7) (b'\x00\xe6\xf2Y\xe8\x07\xc0',)
2025-01-09 08:48:29,350 BTPWorkerThread-205 (_rx_task) root DEBUG client.py                 71    logger_log                : gap_disconnected_ev_ b'\x00\xe6\xf2Y\xe8\x07\xc0'
2025-01-09 08:48:29,350 LT1-thread root DEBUG client.py                 71    logger_log                : Sending response 'OK' to wid 102 test case SM/CEN/EKS/BI-01-C
2025-01-09 08:48:29,353 LT1-thread root DEBUG client.py                 71    logger_log                : ClientCallback.get_result run_test_case
2025-01-09 08:48:32,840 LT1-callback ClientCallback.log INFO client.py                 71    logger_log                : PTS_LOGTYPE_START_TEST Start Test Case 

+16 ms
 SM/CEN/EKS/BI-01-C SM/CEN/EKS/BI-01-C

2025-01-09 08:48:33,238 LT1-callback ClientCallback.log INFO client.py                 71    logger_log                : PTS_LOGTYPE_FINAL_VERDICT Final Verdict 

+8672 ms
 SM/CEN/EKS/BI-01-C PASS

2025-01-09 08:48:33,244 LT1-callback ClientCallback.log INFO client.py                 71    logger_log                : PTS_LOGTYPE_FINAL_VERDICT Encrypted Verdict 

+8672 ms
 SM/CEN/EKS/BI-01-C A1#ZWY4MzQ5MDg3MmQwNTIxOGQzMzQ5YjY2ODA5M2MzNjQ5ZDY4NmY0Yjc2MzIzM2VkNTUyNTFhNGU4Mjg1MjI0NA==#Br5KBwmavhKWR0kls0hbFxUtEMJpKBVfafeFUADWC4Edn6OUE/cIBIJZSlhAGrew

2025-01-09 08:48:33,250 LT1-callback ClientCallback.log INFO client.py                 71    logger_log                : PTS_LOGTYPE_END_TEST Test Case Ended 

+8672 ms
 SM/CEN/EKS/BI-01-C SM/CEN/EKS/BI-01-C

2025-01-09 08:48:33,348 LT1-callback root DEBUG client.py                 71    logger_log                : ClientCallback, set_result, run_test_case, PASS
2025-01-09 08:48:33,349 LT1-thread root DEBUG client.py                 71    logger_log                : After run_test_case error_code=0 status='PASS'
2025-01-09 08:48:33,349 LT1-thread root DEBUG client.py                 71    logger_log                : post_run SM SM/CEN/EKS/BI-01-C 0
2025-01-09 08:48:33,349 LT1-thread root DEBUG client.py                 71    logger_log                : Starting test function: class=<class 'autopts.ptsprojects.testcase.TestFuncCleanUp'>, func=<bound method Stack.cleanup of <autopts.ptsprojects.stack.stack.Stack object at 0x000001C0E6699CD0>> start_wid=None stop_wid=None post_wid=None skip_call=None call_count=1 args=() kwds={}
2025-01-09 08:48:33,350 LT1-thread root DEBUG client.py                 71    logger_log                : Test function parameters: args=(), kwds={}
2025-01-09 08:48:33,350 LT1-thread root DEBUG client.py                 71    logger_log                : Starting test function: class=<class 'autopts.ptsprojects.testcase.TestFuncCleanUp'>, func=<bound method ZephyrCtl.stop of <autopts.ptsprojects.zephyr.iutctl.ZephyrCtl object at 0x000001C0E659FF50>> start_wid=None stop_wid=None post_wid=None skip_call=None call_count=1 args=() kwds={}
2025-01-09 08:48:33,350 LT1-thread root DEBUG client.py                 71    logger_log                : Test function parameters: args=(), kwds={}
2025-01-09 08:48:33,350 LT1-thread root DEBUG client.py                 71    logger_log                : <class 'autopts.ptsprojects.zephyr.iutctl.ZephyrCtl'>.stop
2025-01-09 08:48:33,451 LT1-thread root DEBUG client.py                 71    logger_log                : <class 'autopts.rtt.RTTLogger'>.stop
2025-01-09 08:48:33,451 LT1-thread root DEBUG client.py                 71    logger_log                : <class 'autopts.rtt.RTT'>.stop
2025-01-09 08:48:33,470 LT1-thread root DEBUG client.py                 71    logger_log                : About to reset DUT: JLink -CommandFile reset.jlink -usb 1064371884 -device MCXW716
2025-01-09 08:48:33,958 BTPWorkerThread-205 (_rx_task) root DEBUG client.py                 71    logger_log                : Read 5 bytes
2025-01-09 08:48:33,977 BTPWorkerThread-205 (_rx_task) root DEBUG client.py                 71    logger_log                : Received: hdr: Header(svc_id=0x00, op=0x80, ctrl_index=0xff, data_len=0x00) bytearray(b'\x00\x80\xff\x00\x00')
2025-01-09 08:48:33,997 BTPWorkerThread-205 (_rx_task) root DEBUG client.py                 71    logger_log                : Received data: {''}, bytearray(b'')
2025-01-09 08:48:34,027 BTPWorkerThread-205 (_rx_task) root DEBUG client.py                 71    logger_log                : event_handler Header(svc_id=0, op=128, ctrl_index=255, data_len=0) (b'',)
2025-01-09 08:48:34,047 BTPWorkerThread-205 (_rx_task) root DEBUG client.py                 71    logger_log                : core_iut_ready_ev
2025-01-09 08:48:34,067 LT1-thread root DEBUG client.py                 71    logger_log                : IUT ready event received OK
2025-01-09 08:48:34,067 LT1-thread root DEBUG client.py                 71    logger_log                : Waiting for _rx_worker to finish ...
2025-01-09 08:48:35,075 LT1-thread root DEBUG client.py                 71    logger_log                : Waiting for _rx_worker to finish ...
2025-01-09 08:48:35,075 BTPWorkerThread-205 (_rx_task) root DEBUG client.py                 71    logger_log                : BTPWorkerThread-205 (_rx_task) finishing...
2025-01-09 08:48:38,095 LT1-thread root DEBUG client.py                 71    logger_log                : post_run, cleanup running post test case script
2025-01-09 08:48:38,095 LT1-thread root DEBUG client.py                 71    logger_log                : post_run, run post test case script
2025-01-09 08:48:38,265 LT1-thread root DEBUG client.py                 71    logger_log                : Done TestCase _run_test_case SM SM/CEN/EKS/BI-01-C
