2025-03-06 00:58:03,144 LT1-thread root DEBUG client.py                 71    logger_log                : Starting TestCase _run_test_case L2CAP L2CAP/ECFC/BV-04-C
2025-03-06 00:58:03,145 LT1-thread root DEBUG client.py                 71    logger_log                : pre_run L2CAP L2CAP/ECFC/BV-04-C
2025-03-06 00:58:03,146 LT1-thread root DEBUG client.py                 71    logger_log                : About to run test case L2CAP L2CAP/ECFC/BV-04-C with commands:
2025-03-06 00:58:03,146 LT1-thread root DEBUG client.py                 71    logger_log                : 0) class=<class 'autopts.ptsprojects.testcase.TestFunc'>, func=<bound method Stack.core_init of <autopts.ptsprojects.stack.stack.Stack object at 0x0000022DC2EF3CD0>> start_wid=None stop_wid=None post_wid=None skip_call=None call_count=0 args=() kwds={}
2025-03-06 00:58:03,147 LT1-thread root DEBUG client.py                 71    logger_log                : 1) class=<class 'autopts.ptsprojects.testcase.TestFunc'>, func=<bound method ZephyrCtl.hw_reset of <autopts.ptsprojects.zephyr.iutctl.ZephyrCtl object at 0x0000022DC2EF3ED0>> start_wid=None stop_wid=None post_wid=None skip_call=None call_count=0 args=() kwds={}
2025-03-06 00:58:03,147 LT1-thread root DEBUG client.py                 71    logger_log                : 2) class=<class 'autopts.ptsprojects.testcase.TestFunc'>, func=<bound method ZephyrCtl.start of <autopts.ptsprojects.zephyr.iutctl.ZephyrCtl object at 0x0000022DC2EF3ED0>> start_wid=None stop_wid=None post_wid=None skip_call=None call_count=0 args=(<autopts.ptsprojects.zephyr.ztestcase.ZTestCase object at 0x0000022DC36B6990>,) kwds={}
2025-03-06 00:58:03,147 LT1-thread root DEBUG client.py                 71    logger_log                : 3) class=<class 'autopts.ptsprojects.testcase.TestFunc'>, func=<bound method ZephyrCtl.hw_reset of <autopts.ptsprojects.zephyr.iutctl.ZephyrCtl object at 0x0000022DC2EF3ED0>> start_wid=None stop_wid=None post_wid=None skip_call=None call_count=0 args=() kwds={}
2025-03-06 00:58:03,147 LT1-thread root DEBUG client.py                 71    logger_log                : 4) class=<class 'autopts.ptsprojects.testcase.TestFunc'>, func=<bound method ZephyrCtl.wait_iut_ready_event of <autopts.ptsprojects.zephyr.iutctl.ZephyrCtl object at 0x0000022DC2EF3ED0>> start_wid=None stop_wid=None post_wid=None skip_call=None call_count=0 args=(False,) kwds={}
2025-03-06 00:58:03,147 LT1-thread root DEBUG client.py                 71    logger_log                : 5) class=<class 'autopts.ptsprojects.testcase.TestFunc'>, func=<function core_reg_svc_gap at 0x0000022DBEE7C7C0> start_wid=None stop_wid=None post_wid=None skip_call=None call_count=50 args=() kwds={}
2025-03-06 00:58:03,147 LT1-thread root DEBUG client.py                 71    logger_log                : 6) class=<class 'autopts.ptsprojects.testcase.TestFunc'>, func=<function core_reg_svc_l2cap at 0x0000022DBEE7CA40> start_wid=None stop_wid=None post_wid=None skip_call=None call_count=50 args=() kwds={}
2025-03-06 00:58:03,148 LT1-thread root DEBUG client.py                 71    logger_log                : 7) class=<class 'autopts.ptsprojects.testcase.TestFunc'>, func=<function gap_read_ctrl_info at 0x0000022DBEE88680> start_wid=None stop_wid=None post_wid=None skip_call=None call_count=50 args=() kwds={}
2025-03-06 00:58:03,148 LT1-thread root DEBUG client.py                 71    logger_log                : 8) class=<class 'autopts.ptsprojects.testcase.TestFunc'>, func=<function test_cases.<locals>.<lambda> at 0x0000022DC3608F40> start_wid=None stop_wid=None post_wid=None skip_call=None call_count=50 args=() kwds={}
2025-03-06 00:58:03,148 LT1-thread root DEBUG client.py                 71    logger_log                : 9) class=<class 'autopts.ptsprojects.testcase.TestFunc'>, func=<function test_cases.<locals>.<lambda> at 0x0000022DC36099E0> start_wid=None stop_wid=None post_wid=None skip_call=None call_count=50 args=() kwds={}
2025-03-06 00:58:03,148 LT1-thread root DEBUG client.py                 71    logger_log                : 10) class=<class 'autopts.ptsprojects.testcase.TestFunc'>, func=<function test_cases.<locals>.<lambda> at 0x0000022DC3609A80> start_wid=None stop_wid=None post_wid=None skip_call=None call_count=50 args=() kwds={}
2025-03-06 00:58:03,148 LT1-thread root DEBUG client.py                 71    logger_log                : 11) class=<class 'autopts.ptsprojects.testcase.TestFunc'>, func=<function test_cases.<locals>.<lambda> at 0x0000022DC3609B20> start_wid=None stop_wid=None post_wid=None skip_call=None call_count=50 args=() kwds={}
2025-03-06 00:58:03,148 LT1-thread root DEBUG client.py                 71    logger_log                : 12) class=<class 'autopts.ptsprojects.testcase.TestFunc'>, func=<function test_cases.<locals>.<lambda> at 0x0000022DC3609BC0> start_wid=None stop_wid=None post_wid=None skip_call=None call_count=50 args=() kwds={}
2025-03-06 00:58:03,148 LT1-thread root DEBUG client.py                 71    logger_log                : 13) class=<class 'autopts.ptsprojects.testcase.TestFunc'>, func=<function test_cases.<locals>.<lambda> at 0x0000022DC3609C60> start_wid=None stop_wid=None post_wid=None skip_call=None call_count=50 args=() kwds={}
2025-03-06 00:58:03,149 LT1-thread root DEBUG client.py                 71    logger_log                : 14) class=<class 'autopts.ptsprojects.testcase.TestFunc'>, func=<function test_cases.<locals>.<lambda> at 0x0000022DC3609D00> start_wid=None stop_wid=None post_wid=None skip_call=None call_count=50 args=() kwds={}
2025-03-06 00:58:03,149 LT1-thread root DEBUG client.py                 71    logger_log                : 15) class=<class 'autopts.ptsprojects.testcase.TestFunc'>, func=<function test_cases.<locals>.<lambda> at 0x0000022DC3609DA0> start_wid=None stop_wid=None post_wid=None skip_call=None call_count=50 args=() kwds={}
2025-03-06 00:58:03,149 LT1-thread root DEBUG client.py                 71    logger_log                : 16) class=<class 'autopts.ptsprojects.testcase.TestFunc'>, func=<function test_cases.<locals>.<lambda> at 0x0000022DC3609E40> start_wid=None stop_wid=None post_wid=None skip_call=None call_count=50 args=() kwds={}
2025-03-06 00:58:03,149 LT1-thread root DEBUG client.py                 71    logger_log                : 17) class=<class 'autopts.ptsprojects.testcase.TestFunc'>, func=<function test_cases.<locals>.<lambda> at 0x0000022DC3609EE0> start_wid=None stop_wid=None post_wid=None skip_call=None call_count=50 args=() kwds={}
2025-03-06 00:58:03,149 LT1-thread root DEBUG client.py                 71    logger_log                : 18) class=<class 'autopts.ptsprojects.testcase.TestFunc'>, func=<function test_cases.<locals>.<lambda> at 0x0000022DC3609F80> start_wid=None stop_wid=None post_wid=None skip_call=None call_count=50 args=() kwds={}
2025-03-06 00:58:03,149 LT1-thread root DEBUG client.py                 71    logger_log                : 19) class=<class 'autopts.ptsprojects.testcase.TestFunc'>, func=<function test_cases.<locals>.<lambda> at 0x0000022DC360A020> start_wid=None stop_wid=None post_wid=None skip_call=None call_count=50 args=() kwds={}
2025-03-06 00:58:03,149 LT1-thread root DEBUG client.py                 71    logger_log                : 20) class=<class 'autopts.ptsprojects.testcase.TestFunc'>, func=<function test_cases.<locals>.<lambda> at 0x0000022DC360A0C0> start_wid=None stop_wid=None post_wid=None skip_call=None call_count=50 args=() kwds={}
2025-03-06 00:58:03,150 LT1-thread root DEBUG client.py                 71    logger_log                : 21) class=<class 'autopts.ptsprojects.testcase.TestFunc'>, func=<function test_cases.<locals>.<lambda> at 0x0000022DC360A160> start_wid=None stop_wid=None post_wid=None skip_call=None call_count=50 args=() kwds={}
2025-03-06 00:58:03,150 LT1-thread root DEBUG client.py                 71    logger_log                : 22) class=<class 'autopts.ptsprojects.testcase.TestFunc'>, func=<function test_cases.<locals>.<lambda> at 0x0000022DC360A200> start_wid=None stop_wid=None post_wid=None skip_call=None call_count=50 args=() kwds={}
2025-03-06 00:58:03,150 LT1-thread root DEBUG client.py                 71    logger_log                : 23) class=<class 'autopts.ptsprojects.testcase.TestFunc'>, func=<function set_pts_addr at 0x0000022DBEE7C360> start_wid=None stop_wid=None post_wid=None skip_call=None call_count=50 args=('C0:07:E8:25:DE:2A', 0) kwds={}
2025-03-06 00:58:03,150 LT1-thread root DEBUG client.py                 71    logger_log                : 24) class=<class 'autopts.ptsprojects.testcase.TestFunc'>, func=<bound method Stack.l2cap_init of <autopts.ptsprojects.stack.stack.Stack object at 0x0000022DC2EF3CD0>> start_wid=None stop_wid=None post_wid=None skip_call=None call_count=44 args=(128, 120) kwds={}
2025-03-06 00:58:03,150 LT1-thread root DEBUG client.py                 71    logger_log                : 25) class=<class 'autopts.ptsprojects.testcase.TestFunc'>, func=<function l2cap_le_listen at 0x0000022DBEE95080> start_wid=None stop_wid=None post_wid=None skip_call=None call_count=44 args=(128, 120, 0) kwds={}
2025-03-06 00:58:03,150 LT1-thread root DEBUG client.py                 71    logger_log                : 26) class=<class 'autopts.ptsprojects.testcase.TestFuncCleanUp'>, func=<bound method Stack.cleanup of <autopts.ptsprojects.stack.stack.Stack object at 0x0000022DC2EF3CD0>> start_wid=None stop_wid=None post_wid=None skip_call=None call_count=0 args=() kwds={}
2025-03-06 00:58:03,151 LT1-thread root DEBUG client.py                 71    logger_log                : 27) class=<class 'autopts.ptsprojects.testcase.TestFuncCleanUp'>, func=<bound method ZephyrCtl.stop of <autopts.ptsprojects.zephyr.iutctl.ZephyrCtl object at 0x0000022DC2EF3ED0>> start_wid=None stop_wid=None post_wid=None skip_call=None call_count=0 args=() kwds={}
2025-03-06 00:58:03,151 LT1-thread root DEBUG client.py                 71    logger_log                : pre_run, run pre test case script
2025-03-06 00:58:03,163 LT1-thread root DEBUG client.py                 71    logger_log                : Starting test function: class=<class 'autopts.ptsprojects.testcase.TestFunc'>, func=<bound method Stack.core_init of <autopts.ptsprojects.stack.stack.Stack object at 0x0000022DC2EF3CD0>> start_wid=None stop_wid=None post_wid=None skip_call=None call_count=1 args=() kwds={}
2025-03-06 00:58:03,164 LT1-thread root DEBUG client.py                 71    logger_log                : Test function parameters: args=(), kwds={}
2025-03-06 00:58:03,164 LT1-thread root DEBUG client.py                 71    logger_log                : Starting test function: class=<class 'autopts.ptsprojects.testcase.TestFunc'>, func=<bound method ZephyrCtl.hw_reset of <autopts.ptsprojects.zephyr.iutctl.ZephyrCtl object at 0x0000022DC2EF3ED0>> start_wid=None stop_wid=None post_wid=None skip_call=None call_count=1 args=() kwds={}
2025-03-06 00:58:03,164 LT1-thread root DEBUG client.py                 71    logger_log                : Test function parameters: args=(), kwds={}
2025-03-06 00:58:03,165 LT1-thread root DEBUG client.py                 71    logger_log                : Starting test function: class=<class 'autopts.ptsprojects.testcase.TestFunc'>, func=<bound method ZephyrCtl.start of <autopts.ptsprojects.zephyr.iutctl.ZephyrCtl object at 0x0000022DC2EF3ED0>> start_wid=None stop_wid=None post_wid=None skip_call=None call_count=1 args=(<autopts.ptsprojects.zephyr.ztestcase.ZTestCase object at 0x0000022DC36B6990>,) kwds={}
2025-03-06 00:58:03,165 LT1-thread root DEBUG client.py                 71    logger_log                : Test function parameters: args=(<autopts.ptsprojects.zephyr.ztestcase.ZTestCase object at 0x0000022DC36B6990>,), kwds={}
2025-03-06 00:58:03,165 LT1-thread root DEBUG client.py                 71    logger_log                : <class 'autopts.ptsprojects.zephyr.iutctl.ZephyrCtl'>.start
2025-03-06 00:58:03,165 LT1-thread root DEBUG client.py                 71    logger_log                : <class 'autopts.ptsprojects.zephyr.iutctl.ZephyrCtl'>.flush_serial
2025-03-06 00:58:04,461 LT1-thread root DEBUG client.py                 71    logger_log                : Starting socat process: socat.exe -x -v tcp:10.192.253.135:52018,retry=100,interval=1 /dev/ttyS35,raw,b115200
2025-03-06 00:58:04,476 LT1-thread root DEBUG client.py                 71    logger_log                : accept
2025-03-06 00:58:04,640 BTPWorkerThread-10295 (_rx_task) root DEBUG client.py                 71    logger_log                : BTPWorkerThread-10295 (_rx_task) started
2025-03-06 00:58:04,640 LT1-thread root DEBUG client.py                 71    logger_log                : Starting test function: class=<class 'autopts.ptsprojects.testcase.TestFunc'>, func=<bound method ZephyrCtl.hw_reset of <autopts.ptsprojects.zephyr.iutctl.ZephyrCtl object at 0x0000022DC2EF3ED0>> start_wid=None stop_wid=None post_wid=None skip_call=None call_count=1 args=() kwds={}
2025-03-06 00:58:04,641 LT1-thread root DEBUG client.py                 71    logger_log                : Test function parameters: args=(), kwds={}
2025-03-06 00:58:04,641 LT1-thread root DEBUG client.py                 71    logger_log                : Starting test function: class=<class 'autopts.ptsprojects.testcase.TestFunc'>, func=<bound method ZephyrCtl.wait_iut_ready_event of <autopts.ptsprojects.zephyr.iutctl.ZephyrCtl object at 0x0000022DC2EF3ED0>> start_wid=None stop_wid=None post_wid=None skip_call=None call_count=1 args=(False,) kwds={}
2025-03-06 00:58:04,641 LT1-thread root DEBUG client.py                 71    logger_log                : Test function parameters: args=(False,), kwds={}
2025-03-06 00:58:04,642 LT1-thread root DEBUG client.py                 71    logger_log                : IUT ready event received OK
2025-03-06 00:58:04,643 LT1-thread root DEBUG client.py                 71    logger_log                : Starting test function: class=<class 'autopts.ptsprojects.testcase.TestFunc'>, func=<function core_reg_svc_gap at 0x0000022DBEE7C7C0> start_wid=None stop_wid=None post_wid=None skip_call=None call_count=51 args=() kwds={}
2025-03-06 00:58:04,643 LT1-thread root DEBUG client.py                 71    logger_log                : Test function parameters: args=(), kwds={}
2025-03-06 00:58:04,643 LT1-thread root DEBUG client.py                 71    logger_log                : core_reg_svc_gap
2025-03-06 00:58:04,644 LT1-thread root DEBUG client.py                 71    logger_log                : send, 0 3 255 '1'
2025-03-06 00:58:04,644 LT1-thread root DEBUG client.py                 71    logger_log                : sending frame '0003ff010001'
2025-03-06 00:58:04,644 LT1-thread root DEBUG client.py                 71    logger_log                : core_reg_svc_rsp_succ
2025-03-06 00:58:04,645 LT1-thread root DEBUG client.py                 71    logger_log                : read
2025-03-06 00:58:04,717 BTPWorkerThread-10295 (_rx_task) root DEBUG client.py                 71    logger_log                : Read 5 bytes
2025-03-06 00:58:04,748 BTPWorkerThread-10295 (_rx_task) root DEBUG client.py                 71    logger_log                : Received: hdr: Header(svc_id=0x00, op=0x03, ctrl_index=0xff, data_len=0x00) bytearray(b'\x00\x03\xff\x00\x00')
2025-03-06 00:58:04,778 BTPWorkerThread-10295 (_rx_task) root DEBUG client.py                 71    logger_log                : Received data: {''}, bytearray(b'')
2025-03-06 00:58:04,824 LT1-thread root DEBUG client.py                 71    logger_log                : received Header(svc_id=0, op=3, ctrl_index=255, data_len=0) (b'',)
2025-03-06 00:58:04,824 LT1-thread root DEBUG client.py                 71    logger_log                : expected ((0, 3, 255, 0), (b'',))
2025-03-06 00:58:04,824 LT1-thread root DEBUG client.py                 71    logger_log                : response is valid
2025-03-06 00:58:04,825 LT1-thread root DEBUG client.py                 71    logger_log                : Starting test function: class=<class 'autopts.ptsprojects.testcase.TestFunc'>, func=<function core_reg_svc_l2cap at 0x0000022DBEE7CA40> start_wid=None stop_wid=None post_wid=None skip_call=None call_count=51 args=() kwds={}
2025-03-06 00:58:04,825 LT1-thread root DEBUG client.py                 71    logger_log                : Test function parameters: args=(), kwds={}
2025-03-06 00:58:04,825 LT1-thread root DEBUG client.py                 71    logger_log                : core_reg_svc_l2cap
2025-03-06 00:58:04,825 LT1-thread root DEBUG client.py                 71    logger_log                : send, 0 3 255 '3'
2025-03-06 00:58:04,825 LT1-thread root DEBUG client.py                 71    logger_log                : sending frame '0003ff010003'
2025-03-06 00:58:04,826 LT1-thread root DEBUG client.py                 71    logger_log                : core_reg_svc_rsp_succ
2025-03-06 00:58:04,826 LT1-thread root DEBUG client.py                 71    logger_log                : read
2025-03-06 00:58:04,903 BTPWorkerThread-10295 (_rx_task) root DEBUG client.py                 71    logger_log                : Read 5 bytes
2025-03-06 00:58:04,935 BTPWorkerThread-10295 (_rx_task) root DEBUG client.py                 71    logger_log                : Received: hdr: Header(svc_id=0x00, op=0x03, ctrl_index=0xff, data_len=0x00) bytearray(b'\x00\x03\xff\x00\x00')
2025-03-06 00:58:04,965 BTPWorkerThread-10295 (_rx_task) root DEBUG client.py                 71    logger_log                : Received data: {''}, bytearray(b'')
2025-03-06 00:58:05,013 LT1-thread root DEBUG client.py                 71    logger_log                : received Header(svc_id=0, op=3, ctrl_index=255, data_len=0) (b'',)
2025-03-06 00:58:05,013 LT1-thread root DEBUG client.py                 71    logger_log                : expected ((0, 3, 255, 0), (b'',))
2025-03-06 00:58:05,014 LT1-thread root DEBUG client.py                 71    logger_log                : response is valid
2025-03-06 00:58:05,014 LT1-thread root DEBUG client.py                 71    logger_log                : Starting test function: class=<class 'autopts.ptsprojects.testcase.TestFunc'>, func=<function gap_read_ctrl_info at 0x0000022DBEE88680> start_wid=None stop_wid=None post_wid=None skip_call=None call_count=51 args=() kwds={}
2025-03-06 00:58:05,014 LT1-thread root DEBUG client.py                 71    logger_log                : Test function parameters: args=(), kwds={}
2025-03-06 00:58:05,014 LT1-thread root DEBUG client.py                 71    logger_log                : gap_read_ctrl_info
2025-03-06 00:58:05,014 LT1-thread root DEBUG client.py                 71    logger_log                : send, 1 3 0 ''
2025-03-06 00:58:05,015 LT1-thread root DEBUG client.py                 71    logger_log                : sending frame '0103000000'
2025-03-06 00:58:05,015 LT1-thread root DEBUG client.py                 71    logger_log                : read
2025-03-06 00:58:05,093 BTPWorkerThread-10295 (_rx_task) root DEBUG client.py                 71    logger_log                : Read 5 bytes
2025-03-06 00:58:05,125 BTPWorkerThread-10295 (_rx_task) root DEBUG client.py                 71    logger_log                : Received: hdr: Header(svc_id=0x01, op=0x03, ctrl_index=0x00, data_len=0x115) bytearray(b'\x01\x03\x00\x15\x01')
2025-03-06 00:58:05,188 BTPWorkerThread-10295 (_rx_task) root DEBUG client.py                 71    logger_log                : Read 277 bytes data
2025-03-06 00:58:05,189 BTPWorkerThread-10295 (_rx_task) root DEBUG client.py                 71    logger_log                : Received data: {'28 00 03 37 60 00 13 06 02 00 13 02 00 00 00 00 00 62 74 70 5f 74 65 73 74 65 72 00 00 00 00 00 00 00 00 00 00 00 00 00 00 00 00 00 00 00 00 00 00 00 00 00 00 00 00 00 00 00 00 00 00 00 00 00 00 00 00 00 00 00 00 00 00 00 00 00 00 00 00 00 00 00 00 00 00 00 00 00 00 00 00 00 00 00 00 00 00 00 00 00 00 00 00 00 00 00 00 00 00 00 00 00 00 00 00 00 00 00 00 00 00 00 00 00 00 00 00 00 00 00 00 00 00 00 00 00 00 00 00 00 00 00 00 00 00 00 00 00 00 00 00 00 00 00 00 00 00 00 00 00 00 00 00 00 00 00 00 00 00 00 00 00 00 00 00 00 00 00 00 00 00 00 00 00 00 00 00 00 00 00 00 00 00 00 00 00 00 00 00 00 00 00 00 00 00 00 00 00 00 00 00 00 00 00 00 00 00 00 00 00 00 00 00 00 00 00 00 00 00 00 00 00 00 00 00 00 00 00 00 00 00 00 00 00 00 00 00 00 00 00 00 00 00 00 00 00 00 00 00 00 00 00 00 00 00 00 00 00 00 00 00 00 00 00 00 00 00'}, bytearray(b'(\x00\x037`\x00\x13\x06\x02\x00\x13\x02\x00\x00\x00\x00\x00btp_tester\x00\x00\x00\x00\x00\x00\x00\x00\x00\x00\x00\x00\x00\x00\x00\x00\x00\x00\x00\x00\x00\x00\x00\x00\x00\x00\x00\x00\x00\x00\x00\x00\x00\x00\x00\x00\x00\x00\x00\x00\x00\x00\x00\x00\x00\x00\x00\x00\x00\x00\x00\x00\x00\x00\x00\x00\x00\x00\x00\x00\x00\x00\x00\x00\x00\x00\x00\x00\x00\x00\x00\x00\x00\x00\x00\x00\x00\x00\x00\x00\x00\x00\x00\x00\x00\x00\x00\x00\x00\x00\x00\x00\x00\x00\x00\x00\x00\x00\x00\x00\x00\x00\x00\x00\x00\x00\x00\x00\x00\x00\x00\x00\x00\x00\x00\x00\x00\x00\x00\x00\x00\x00\x00\x00\x00\x00\x00\x00\x00\x00\x00\x00\x00\x00\x00\x00\x00\x00\x00\x00\x00\x00\x00\x00\x00\x00\x00\x00\x00\x00\x00\x00\x00\x00\x00\x00\x00\x00\x00\x00\x00\x00\x00\x00\x00\x00\x00\x00\x00\x00\x00\x00\x00\x00\x00\x00\x00\x00\x00\x00\x00\x00\x00\x00\x00\x00\x00\x00\x00\x00\x00\x00\x00\x00\x00\x00\x00\x00\x00\x00\x00\x00\x00\x00\x00\x00\x00\x00\x00\x00\x00\x00\x00\x00\x00\x00\x00\x00\x00\x00\x00\x00\x00\x00\x00\x00\x00\x00\x00\x00\x00\x00\x00\x00\x00\x00\x00\x00\x00\x00\x00\x00\x00\x00\x00\x00\x00\x00\x00\x00')
2025-03-06 00:58:05,203 LT1-thread root DEBUG client.py                 71    logger_log                : received Header(svc_id=1, op=3, ctrl_index=0, data_len=277) (b'(\x00\x037`\x00\x13\x06\x02\x00\x13\x02\x00\x00\x00\x00\x00btp_tester\x00\x00\x00\x00\x00\x00\x00\x00\x00\x00\x00\x00\x00\x00\x00\x00\x00\x00\x00\x00\x00\x00\x00\x00\x00\x00\x00\x00\x00\x00\x00\x00\x00\x00\x00\x00\x00\x00\x00\x00\x00\x00\x00\x00\x00\x00\x00\x00\x00\x00\x00\x00\x00\x00\x00\x00\x00\x00\x00\x00\x00\x00\x00\x00\x00\x00\x00\x00\x00\x00\x00\x00\x00\x00\x00\x00\x00\x00\x00\x00\x00\x00\x00\x00\x00\x00\x00\x00\x00\x00\x00\x00\x00\x00\x00\x00\x00\x00\x00\x00\x00\x00\x00\x00\x00\x00\x00\x00\x00\x00\x00\x00\x00\x00\x00\x00\x00\x00\x00\x00\x00\x00\x00\x00\x00\x00\x00\x00\x00\x00\x00\x00\x00\x00\x00\x00\x00\x00\x00\x00\x00\x00\x00\x00\x00\x00\x00\x00\x00\x00\x00\x00\x00\x00\x00\x00\x00\x00\x00\x00\x00\x00\x00\x00\x00\x00\x00\x00\x00\x00\x00\x00\x00\x00\x00\x00\x00\x00\x00\x00\x00\x00\x00\x00\x00\x00\x00\x00\x00\x00\x00\x00\x00\x00\x00\x00\x00\x00\x00\x00\x00\x00\x00\x00\x00\x00\x00\x00\x00\x00\x00\x00\x00\x00\x00\x00\x00\x00\x00\x00\x00\x00\x00\x00\x00\x00\x00\x00\x00\x00\x00\x00\x00\x00\x00\x00\x00\x00\x00\x00\x00\x00\x00\x00\x00\x00\x00\x00\x00\x00',)
2025-03-06 00:58:05,204 LT1-thread root DEBUG client.py                 71    logger_log                : IUT address '006037030028' 'public'
2025-03-06 00:58:05,204 LT1-thread root DEBUG client.py                 71    logger_log                : __gap_current_settings_update 531
2025-03-06 00:58:05,204 LT1-thread root DEBUG client.py                 71    logger_log                : Starting test function: class=<class 'autopts.ptsprojects.testcase.TestFunc'>, func=<function test_cases.<locals>.<lambda> at 0x0000022DC3608F40> start_wid=None stop_wid=None post_wid=None skip_call=None call_count=51 args=() kwds={}
2025-03-06 00:58:05,205 LT1-thread root DEBUG client.py                 71    logger_log                : Test function parameters: args=(), kwds={}
2025-03-06 00:58:05,213 LT1-thread root DEBUG client.py                 71    logger_log                : Starting test function: class=<class 'autopts.ptsprojects.testcase.TestFunc'>, func=<function test_cases.<locals>.<lambda> at 0x0000022DC36099E0> start_wid=None stop_wid=None post_wid=None skip_call=None call_count=51 args=() kwds={}
2025-03-06 00:58:05,214 LT1-thread root DEBUG client.py                 71    logger_log                : Test function parameters: args=(), kwds={}
2025-03-06 00:58:05,223 LT1-thread root DEBUG client.py                 71    logger_log                : Starting test function: class=<class 'autopts.ptsprojects.testcase.TestFunc'>, func=<function test_cases.<locals>.<lambda> at 0x0000022DC3609A80> start_wid=None stop_wid=None post_wid=None skip_call=None call_count=51 args=() kwds={}
2025-03-06 00:58:05,224 LT1-thread root DEBUG client.py                 71    logger_log                : Test function parameters: args=(), kwds={}
2025-03-06 00:58:05,235 LT1-thread root DEBUG client.py                 71    logger_log                : Starting test function: class=<class 'autopts.ptsprojects.testcase.TestFunc'>, func=<function test_cases.<locals>.<lambda> at 0x0000022DC3609B20> start_wid=None stop_wid=None post_wid=None skip_call=None call_count=51 args=() kwds={}
2025-03-06 00:58:05,235 LT1-thread root DEBUG client.py                 71    logger_log                : Test function parameters: args=(), kwds={}
2025-03-06 00:58:05,243 LT1-thread root DEBUG client.py                 71    logger_log                : Starting test function: class=<class 'autopts.ptsprojects.testcase.TestFunc'>, func=<function test_cases.<locals>.<lambda> at 0x0000022DC3609BC0> start_wid=None stop_wid=None post_wid=None skip_call=None call_count=51 args=() kwds={}
2025-03-06 00:58:05,244 LT1-thread root DEBUG client.py                 71    logger_log                : Test function parameters: args=(), kwds={}
2025-03-06 00:58:05,253 LT1-thread root DEBUG client.py                 71    logger_log                : Starting test function: class=<class 'autopts.ptsprojects.testcase.TestFunc'>, func=<function test_cases.<locals>.<lambda> at 0x0000022DC3609C60> start_wid=None stop_wid=None post_wid=None skip_call=None call_count=51 args=() kwds={}
2025-03-06 00:58:05,254 LT1-thread root DEBUG client.py                 71    logger_log                : Test function parameters: args=(), kwds={}
2025-03-06 00:58:05,262 LT1-thread root DEBUG client.py                 71    logger_log                : Starting test function: class=<class 'autopts.ptsprojects.testcase.TestFunc'>, func=<function test_cases.<locals>.<lambda> at 0x0000022DC3609D00> start_wid=None stop_wid=None post_wid=None skip_call=None call_count=51 args=() kwds={}
2025-03-06 00:58:05,263 LT1-thread root DEBUG client.py                 71    logger_log                : Test function parameters: args=(), kwds={}
2025-03-06 00:58:05,271 LT1-thread root DEBUG client.py                 71    logger_log                : Starting test function: class=<class 'autopts.ptsprojects.testcase.TestFunc'>, func=<function test_cases.<locals>.<lambda> at 0x0000022DC3609DA0> start_wid=None stop_wid=None post_wid=None skip_call=None call_count=51 args=() kwds={}
2025-03-06 00:58:05,272 LT1-thread root DEBUG client.py                 71    logger_log                : Test function parameters: args=(), kwds={}
2025-03-06 00:58:05,280 LT1-thread root DEBUG client.py                 71    logger_log                : Starting test function: class=<class 'autopts.ptsprojects.testcase.TestFunc'>, func=<function test_cases.<locals>.<lambda> at 0x0000022DC3609E40> start_wid=None stop_wid=None post_wid=None skip_call=None call_count=51 args=() kwds={}
2025-03-06 00:58:05,281 LT1-thread root DEBUG client.py                 71    logger_log                : Test function parameters: args=(), kwds={}
2025-03-06 00:58:05,289 LT1-thread root DEBUG client.py                 71    logger_log                : Starting test function: class=<class 'autopts.ptsprojects.testcase.TestFunc'>, func=<function test_cases.<locals>.<lambda> at 0x0000022DC3609EE0> start_wid=None stop_wid=None post_wid=None skip_call=None call_count=51 args=() kwds={}
2025-03-06 00:58:05,290 LT1-thread root DEBUG client.py                 71    logger_log                : Test function parameters: args=(), kwds={}
2025-03-06 00:58:05,299 LT1-thread root DEBUG client.py                 71    logger_log                : Starting test function: class=<class 'autopts.ptsprojects.testcase.TestFunc'>, func=<function test_cases.<locals>.<lambda> at 0x0000022DC3609F80> start_wid=None stop_wid=None post_wid=None skip_call=None call_count=51 args=() kwds={}
2025-03-06 00:58:05,299 LT1-thread root DEBUG client.py                 71    logger_log                : Test function parameters: args=(), kwds={}
2025-03-06 00:58:05,307 LT1-thread root DEBUG client.py                 71    logger_log                : Starting test function: class=<class 'autopts.ptsprojects.testcase.TestFunc'>, func=<function test_cases.<locals>.<lambda> at 0x0000022DC360A020> start_wid=None stop_wid=None post_wid=None skip_call=None call_count=51 args=() kwds={}
2025-03-06 00:58:05,308 LT1-thread root DEBUG client.py                 71    logger_log                : Test function parameters: args=(), kwds={}
2025-03-06 00:58:05,317 LT1-thread root DEBUG client.py                 71    logger_log                : Starting test function: class=<class 'autopts.ptsprojects.testcase.TestFunc'>, func=<function test_cases.<locals>.<lambda> at 0x0000022DC360A0C0> start_wid=None stop_wid=None post_wid=None skip_call=None call_count=51 args=() kwds={}
2025-03-06 00:58:05,317 LT1-thread root DEBUG client.py                 71    logger_log                : Test function parameters: args=(), kwds={}
2025-03-06 00:58:05,326 LT1-thread root DEBUG client.py                 71    logger_log                : Starting test function: class=<class 'autopts.ptsprojects.testcase.TestFunc'>, func=<function test_cases.<locals>.<lambda> at 0x0000022DC360A160> start_wid=None stop_wid=None post_wid=None skip_call=None call_count=51 args=() kwds={}
2025-03-06 00:58:05,326 LT1-thread root DEBUG client.py                 71    logger_log                : Test function parameters: args=(), kwds={}
2025-03-06 00:58:05,336 LT1-thread root DEBUG client.py                 71    logger_log                : Starting test function: class=<class 'autopts.ptsprojects.testcase.TestFunc'>, func=<function test_cases.<locals>.<lambda> at 0x0000022DC360A200> start_wid=None stop_wid=None post_wid=None skip_call=None call_count=51 args=() kwds={}
2025-03-06 00:58:05,336 LT1-thread root DEBUG client.py                 71    logger_log                : Test function parameters: args=(), kwds={}
2025-03-06 00:58:05,347 LT1-thread root DEBUG client.py                 71    logger_log                : Starting test function: class=<class 'autopts.ptsprojects.testcase.TestFunc'>, func=<function set_pts_addr at 0x0000022DBEE7C360> start_wid=None stop_wid=None post_wid=None skip_call=None call_count=51 args=('C0:07:E8:25:DE:2A', 0) kwds={}
2025-03-06 00:58:05,347 LT1-thread root DEBUG client.py                 71    logger_log                : Test function parameters: args=('C0:07:E8:25:DE:2A', 0), kwds={}
2025-03-06 00:58:05,347 LT1-thread root DEBUG client.py                 71    logger_log                : Starting test function: class=<class 'autopts.ptsprojects.testcase.TestFunc'>, func=<bound method Stack.l2cap_init of <autopts.ptsprojects.stack.stack.Stack object at 0x0000022DC2EF3CD0>> start_wid=None stop_wid=None post_wid=None skip_call=None call_count=45 args=(128, 120) kwds={}
2025-03-06 00:58:05,348 LT1-thread root DEBUG client.py                 71    logger_log                : Test function parameters: args=(128, 120), kwds={}
2025-03-06 00:58:05,348 LT1-thread root DEBUG client.py                 71    logger_log                : Starting test function: class=<class 'autopts.ptsprojects.testcase.TestFunc'>, func=<function l2cap_le_listen at 0x0000022DBEE95080> start_wid=None stop_wid=None post_wid=None skip_call=None call_count=45 args=(128, 120, 0) kwds={}
2025-03-06 00:58:05,348 LT1-thread root DEBUG client.py                 71    logger_log                : Test function parameters: args=(128, 120, 0), kwds={}
2025-03-06 00:58:05,348 LT1-thread root DEBUG client.py                 71    logger_log                : l2cap_le_listen 128 1 120 0
2025-03-06 00:58:05,349 LT1-thread root DEBUG client.py                 71    logger_log                : send, 3 5 0 "bytearray(b'\\x80\\x00\\x01x\\x00\\x00\\x00')"
2025-03-06 00:58:05,349 LT1-thread root DEBUG client.py                 71    logger_log                : sending frame '030500070080000178000000'
2025-03-06 00:58:05,349 LT1-thread root DEBUG client.py                 71    logger_log                : l2cap_command_rsp_succ
2025-03-06 00:58:05,350 LT1-thread root DEBUG client.py                 71    logger_log                : read
2025-03-06 00:58:05,439 BTPWorkerThread-10295 (_rx_task) root DEBUG client.py                 71    logger_log                : Read 5 bytes
2025-03-06 00:58:05,471 BTPWorkerThread-10295 (_rx_task) root DEBUG client.py                 71    logger_log                : Received: hdr: Header(svc_id=0x03, op=0x05, ctrl_index=0x00, data_len=0x00) bytearray(b'\x03\x05\x00\x00\x00')
2025-03-06 00:58:05,503 BTPWorkerThread-10295 (_rx_task) root DEBUG client.py                 71    logger_log                : Received data: {''}, bytearray(b'')
2025-03-06 00:58:05,550 LT1-thread root DEBUG client.py                 71    logger_log                : received Header(svc_id=3, op=5, ctrl_index=0, data_len=0) (b'',)
2025-03-06 00:58:05,553 LT1-thread root DEBUG client.py                 71    logger_log                : ClientCallback.get_result run_test_case
2025-03-06 00:58:11,539 LT1-callback ClientCallback.on_implicit_send INFO client.py                 71    logger_log                : 
    ********************
    BEGIN OnImplicitSend:
    project_name: L2CAP
    wid: 51
    test_case_name: L2CAP/ECFC/BV-04-C
    description: Initiate or create LE ACL connection to the PTS.
    style: MMI_Style_Ok_Cancel2 0x11141
2025-03-06 00:58:11,539 LT1-callback ClientCallback.on_implicit_send INFO client.py                 71    logger_log                : Calling test cases on_implicit_send
2025-03-06 00:58:11,539 LT1-callback ClientCallback.on_implicit_send INFO client.py                 71    logger_log                : 
    on_implicit_send returned response: WAIT
    END OnImplicitSend
    ********************
2025-03-06 00:58:11,610 LT1-thread root DEBUG client.py                 71    logger_log                : L2CAP L2CAP/ECFC/BV-04-C on_implicit_send
2025-03-06 00:58:11,610 LT1-thread root DEBUG client.py                 71    logger_log                : l2cap_wid_hdl, 51, Initiate or create LE ACL connection to the PTS., L2CAP/ECFC/BV-04-C
2025-03-06 00:58:11,610 LT1-thread root DEBUG client.py                 71    logger_log                : gap_conn None None
2025-03-06 00:58:11,611 LT1-thread root DEBUG client.py                 71    logger_log                : send, 1 14 0 "bytearray(b'\\x00*\\xde%\\xe8\\x07\\xc0\\x00')"
2025-03-06 00:58:11,611 LT1-thread root DEBUG client.py                 71    logger_log                : sending frame '010e000800002ade25e807c000'
2025-03-06 00:58:11,611 LT1-thread root DEBUG client.py                 71    logger_log                : read
2025-03-06 00:58:11,672 BTPWorkerThread-10295 (_rx_task) root DEBUG client.py                 71    logger_log                : Read 5 bytes
2025-03-06 00:58:11,704 BTPWorkerThread-10295 (_rx_task) root DEBUG client.py                 71    logger_log                : Received: hdr: Header(svc_id=0x01, op=0x0e, ctrl_index=0x00, data_len=0x00) bytearray(b'\x01\x0e\x00\x00\x00')
2025-03-06 00:58:11,735 BTPWorkerThread-10295 (_rx_task) root DEBUG client.py                 71    logger_log                : Received data: {''}, bytearray(b'')
2025-03-06 00:58:11,782 LT1-thread root DEBUG client.py                 71    logger_log                : Sending response 'OK' to wid 51 test case L2CAP/ECFC/BV-04-C
2025-03-06 00:58:11,783 BTPWorkerThread-10295 (_rx_task) root DEBUG client.py                 71    logger_log                : Read 5 bytes
2025-03-06 00:58:11,783 BTPWorkerThread-10295 (_rx_task) root DEBUG client.py                 71    logger_log                : Received: hdr: Header(svc_id=0x01, op=0x82, ctrl_index=0x00, data_len=0x0d) bytearray(b'\x01\x82\x00\r\x00')
2025-03-06 00:58:11,783 BTPWorkerThread-10295 (_rx_task) root DEBUG client.py                 71    logger_log                : Read 13 bytes data
2025-03-06 00:58:11,784 BTPWorkerThread-10295 (_rx_task) root DEBUG client.py                 71    logger_log                : Received data: {'00 2a de 25 e8 07 c0 30 00 00 00 90 01'}, bytearray(b'\x00*\xde%\xe8\x07\xc00\x00\x00\x00\x90\x01')
2025-03-06 00:58:11,784 BTPWorkerThread-10295 (_rx_task) root DEBUG client.py                 71    logger_log                : event_handler Header(svc_id=1, op=130, ctrl_index=0, data_len=13) (b'\x00*\xde%\xe8\x07\xc00\x00\x00\x00\x90\x01',)
2025-03-06 00:58:11,784 BTPWorkerThread-10295 (_rx_task) root DEBUG client.py                 71    logger_log                : gap_connected_ev_ b'\x00*\xde%\xe8\x07\xc00\x00\x00\x00\x90\x01'
2025-03-06 00:58:11,786 LT1-thread root DEBUG client.py                 71    logger_log                : ClientCallback.get_result run_test_case
2025-03-06 00:58:12,654 LT1-callback ClientCallback.on_implicit_send INFO client.py                 71    logger_log                : 
    ********************
    BEGIN OnImplicitSend:
    project_name: L2CAP
    wid: 255
    test_case_name: L2CAP/ECFC/BV-04-C
    description: Please send L2CAP Credit Based Connection REQ to PTS.
    style: MMI_Style_Ok_Cancel2 0x11141
2025-03-06 00:58:12,654 LT1-callback ClientCallback.on_implicit_send INFO client.py                 71    logger_log                : Calling test cases on_implicit_send
2025-03-06 00:58:12,655 LT1-callback ClientCallback.on_implicit_send INFO client.py                 71    logger_log                : 
    on_implicit_send returned response: WAIT
    END OnImplicitSend
    ********************
2025-03-06 00:58:12,790 LT1-thread root DEBUG client.py                 71    logger_log                : L2CAP L2CAP/ECFC/BV-04-C on_implicit_send
2025-03-06 00:58:12,790 LT1-thread root DEBUG client.py                 71    logger_log                : l2cap_wid_hdl, 255, Please send L2CAP Credit Based Connection REQ to PTS., L2CAP/ECFC/BV-04-C
2025-03-06 00:58:12,790 LT1-thread root DEBUG client.py                 71    logger_log                : l2cap_conn None None 128
2025-03-06 00:58:12,790 LT1-thread root DEBUG client.py                 71    logger_log                : send, 3 2 0 "bytearray(b'\\x00*\\xde%\\xe8\\x07\\xc0\\x80\\x00x\\x00\\x02\\x01')"
2025-03-06 00:58:12,790 LT1-thread root DEBUG client.py                 71    logger_log                : sending frame '0302000d00002ade25e807c0800078000201'
2025-03-06 00:58:12,791 LT1-thread root DEBUG client.py                 71    logger_log                : l2cap_conn_rsp
2025-03-06 00:58:12,791 LT1-thread root DEBUG client.py                 71    logger_log                : read
2025-03-06 00:58:12,868 BTPWorkerThread-10295 (_rx_task) root DEBUG client.py                 71    logger_log                : Read 5 bytes
2025-03-06 00:58:12,900 BTPWorkerThread-10295 (_rx_task) root DEBUG client.py                 71    logger_log                : Received: hdr: Header(svc_id=0x03, op=0x02, ctrl_index=0x00, data_len=0x03) bytearray(b'\x03\x02\x00\x03\x00')
2025-03-06 00:58:12,964 BTPWorkerThread-10295 (_rx_task) root DEBUG client.py                 71    logger_log                : Read 3 bytes data
2025-03-06 00:58:12,996 BTPWorkerThread-10295 (_rx_task) root DEBUG client.py                 71    logger_log                : Received data: {'02 00 01'}, bytearray(b'\x02\x00\x01')
2025-03-06 00:58:13,042 LT1-thread root DEBUG client.py                 71    logger_log                : received Header(svc_id=3, op=2, ctrl_index=0, data_len=3) (b'\x02\x00\x01',)
2025-03-06 00:58:13,042 BTPWorkerThread-10295 (_rx_task) root DEBUG client.py                 71    logger_log                : Read 5 bytes
2025-03-06 00:58:13,043 LT1-thread root DEBUG client.py                 71    logger_log                : id [0, 1]
2025-03-06 00:58:13,044 BTPWorkerThread-10295 (_rx_task) root DEBUG client.py                 71    logger_log                : Received: hdr: Header(svc_id=0x03, op=0x82, ctrl_index=0x00, data_len=0x0c) bytearray(b'\x03\x82\x00\x0c\x00')
2025-03-06 00:58:13,044 BTPWorkerThread-10295 (_rx_task) root DEBUG client.py                 71    logger_log                : Read 12 bytes data
2025-03-06 00:58:13,044 BTPWorkerThread-10295 (_rx_task) root DEBUG client.py                 71    logger_log                : Received data: {'00 00 00 00 00 00 2a de 25 e8 07 c0'}, bytearray(b'\x00\x00\x00\x00\x00\x00*\xde%\xe8\x07\xc0')
2025-03-06 00:58:13,074 BTPWorkerThread-10295 (_rx_task) root DEBUG client.py                 71    logger_log                : event_handler Header(svc_id=3, op=130, ctrl_index=0, data_len=12) (b'\x00\x00\x00\x00\x00\x00*\xde%\xe8\x07\xc0',)
2025-03-06 00:58:13,106 BTPWorkerThread-10295 (_rx_task) root DEBUG client.py                 71    logger_log                : l2cap_disconnected_ev b'\x00\x00\x00\x00\x00\x00*\xde%\xe8\x07\xc0' 12
2025-03-06 00:58:13,138 BTPWorkerThread-10295 (_rx_task) root ERROR client.py                 71    logger_log                : unknown channel
2025-03-06 00:58:13,170 BTPWorkerThread-10295 (_rx_task) root DEBUG client.py                 71    logger_log                : id:0 on psm:0, addr b'*\xde%\xe8\x07\xc0' type 0, res 'Success'
2025-03-06 00:58:13,250 BTPWorkerThread-10295 (_rx_task) root DEBUG client.py                 71    logger_log                : Read 5 bytes
2025-03-06 00:58:13,282 BTPWorkerThread-10295 (_rx_task) root DEBUG client.py                 71    logger_log                : Received: hdr: Header(svc_id=0x03, op=0x82, ctrl_index=0x00, data_len=0x0c) bytearray(b'\x03\x82\x00\x0c\x00')
2025-03-06 00:58:13,344 BTPWorkerThread-10295 (_rx_task) root DEBUG client.py                 71    logger_log                : Read 12 bytes data
2025-03-06 00:58:13,376 BTPWorkerThread-10295 (_rx_task) root DEBUG client.py                 71    logger_log                : Received data: {'00 00 01 00 00 00 2a de 25 e8 07 c0'}, bytearray(b'\x00\x00\x01\x00\x00\x00*\xde%\xe8\x07\xc0')
2025-03-06 00:58:13,424 BTPWorkerThread-10295 (_rx_task) root DEBUG client.py                 71    logger_log                : event_handler Header(svc_id=3, op=130, ctrl_index=0, data_len=12) (b'\x00\x00\x01\x00\x00\x00*\xde%\xe8\x07\xc0',)
2025-03-06 00:58:13,456 BTPWorkerThread-10295 (_rx_task) root DEBUG client.py                 71    logger_log                : l2cap_disconnected_ev b'\x00\x00\x01\x00\x00\x00*\xde%\xe8\x07\xc0' 12
2025-03-06 00:58:13,488 BTPWorkerThread-10295 (_rx_task) root ERROR client.py                 71    logger_log                : unknown channel
2025-03-06 00:58:13,520 BTPWorkerThread-10295 (_rx_task) root DEBUG client.py                 71    logger_log                : id:1 on psm:0, addr b'*\xde%\xe8\x07\xc0' type 0, res 'Success'
2025-03-06 00:58:23,102 LT1-thread root DEBUG client.py                 71    logger_log                : Sending response 'OK' to wid 255 test case L2CAP/ECFC/BV-04-C
2025-03-06 00:58:23,105 LT1-thread root DEBUG client.py                 71    logger_log                : ClientCallback.get_result run_test_case
2025-03-06 00:58:23,108 LT1-callback ClientCallback.on_implicit_send INFO client.py                 71    logger_log                : 
    ********************
    BEGIN OnImplicitSend:
    project_name: L2CAP
    wid: 260
    test_case_name: L2CAP/ECFC/BV-04-C
    description: Did Implementation Under Test(IUT) receive L2CAP Credit Connection Response with result(0x0002)?

Click Yes if IUT received it, otherwise click NO.

Description: Verify that after receiving the L2CAP Credit Based Connection Request with correct result from the Lower Tester, the IUT informs the Upper Tester.
    style: MMI_Style_Yes_No1 0x11044
2025-03-06 00:58:23,108 LT1-callback ClientCallback.on_implicit_send INFO client.py                 71    logger_log                : Calling test cases on_implicit_send
2025-03-06 00:58:23,108 LT1-callback ClientCallback.on_implicit_send INFO client.py                 71    logger_log                : 
    on_implicit_send returned response: WAIT
    END OnImplicitSend
    ********************
2025-03-06 00:58:24,118 LT1-thread root DEBUG client.py                 71    logger_log                : L2CAP L2CAP/ECFC/BV-04-C on_implicit_send
2025-03-06 00:58:24,118 LT1-thread root DEBUG client.py                 71    logger_log                : l2cap_wid_hdl, 260, Did Implementation Under Test(IUT) receive L2CAP Credit Connection Response with result(0x0002)?

Click Yes if IUT received it, otherwise click NO.

Description: Verify that after receiving the L2CAP Credit Based Connection Request with correct result from the Lower Tester, the IUT informs the Upper Tester., L2CAP/ECFC/BV-04-C
2025-03-06 00:58:24,119 LT1-thread root DEBUG client.py                 71    logger_log                : Sending response 'Yes' to wid 260 test case L2CAP/ECFC/BV-04-C
2025-03-06 00:58:24,121 LT1-thread root DEBUG client.py                 71    logger_log                : ClientCallback.get_result run_test_case
2025-03-06 00:58:26,889 LT1-callback ClientCallback.log INFO client.py                 71    logger_log                : PTS_LOGTYPE_START_TEST Start Test Case 

+16 ms
 L2CAP/ECFC/BV-04-C L2CAP/ECFC/BV-04-C

2025-03-06 00:58:27,339 LT1-callback ClientCallback.log INFO client.py                 71    logger_log                : PTS_LOGTYPE_FINAL_VERDICT Final Verdict 

+19453 ms
 L2CAP/ECFC/BV-04-C PASS

2025-03-06 00:58:27,347 LT1-callback ClientCallback.log INFO client.py                 71    logger_log                : PTS_LOGTYPE_FINAL_VERDICT Encrypted Verdict 

+19453 ms
 L2CAP/ECFC/BV-04-C A1#ZWY4MzQ5MDg3MmQwNTIxOGQzMzQ5YjY2ODA5M2MzNjQ5ZDY4NmY0Yjc2MzIzM2VkNTUyNTFhNGU4Mjg1MjI0NA==#Q2mZCWzr3hRV/isjajGsL+I3C0290DFIMWmCGqwThEXVFSPXRm8aZ9Jq3fJVTyop

2025-03-06 00:58:27,448 LT1-callback ClientCallback.log INFO client.py                 71    logger_log                : PTS_LOGTYPE_END_TEST Test Case Ended 

+19453 ms
 L2CAP/ECFC/BV-04-C L2CAP/ECFC/BV-04-C

2025-03-06 00:58:27,556 LT1-callback root DEBUG client.py                 71    logger_log                : ClientCallback, set_result, run_test_case, PASS
2025-03-06 00:58:27,556 LT1-thread root DEBUG client.py                 71    logger_log                : After run_test_case error_code=0 status='PASS'
2025-03-06 00:58:27,556 LT1-thread root DEBUG client.py                 71    logger_log                : post_run L2CAP L2CAP/ECFC/BV-04-C 0
2025-03-06 00:58:27,556 LT1-thread root DEBUG client.py                 71    logger_log                : Starting test function: class=<class 'autopts.ptsprojects.testcase.TestFuncCleanUp'>, func=<bound method Stack.cleanup of <autopts.ptsprojects.stack.stack.Stack object at 0x0000022DC2EF3CD0>> start_wid=None stop_wid=None post_wid=None skip_call=None call_count=1 args=() kwds={}
2025-03-06 00:58:27,556 LT1-thread root DEBUG client.py                 71    logger_log                : Test function parameters: args=(), kwds={}
2025-03-06 00:58:27,556 LT1-thread root DEBUG client.py                 71    logger_log                : Starting test function: class=<class 'autopts.ptsprojects.testcase.TestFuncCleanUp'>, func=<bound method ZephyrCtl.stop of <autopts.ptsprojects.zephyr.iutctl.ZephyrCtl object at 0x0000022DC2EF3ED0>> start_wid=None stop_wid=None post_wid=None skip_call=None call_count=1 args=() kwds={}
2025-03-06 00:58:27,556 LT1-thread root DEBUG client.py                 71    logger_log                : Test function parameters: args=(), kwds={}
2025-03-06 00:58:27,556 LT1-thread root DEBUG client.py                 71    logger_log                : <class 'autopts.ptsprojects.zephyr.iutctl.ZephyrCtl'>.stop
2025-03-06 00:58:27,556 LT1-thread root DEBUG client.py                 71    logger_log                : About to reset DUT: JLink -CommandFile reset.jlink -usb 1064371884 -device MCXW716
2025-03-06 00:58:28,133 BTPWorkerThread-10295 (_rx_task) root DEBUG client.py                 71    logger_log                : Read 5 bytes
2025-03-06 00:58:28,165 BTPWorkerThread-10295 (_rx_task) root DEBUG client.py                 71    logger_log                : Received: hdr: Header(svc_id=0x00, op=0x80, ctrl_index=0xff, data_len=0x00) bytearray(b'\x00\x80\xff\x00\x00')
2025-03-06 00:58:28,196 BTPWorkerThread-10295 (_rx_task) root DEBUG client.py                 71    logger_log                : Received data: {''}, bytearray(b'')
2025-03-06 00:58:28,242 BTPWorkerThread-10295 (_rx_task) root DEBUG client.py                 71    logger_log                : event_handler Header(svc_id=0, op=128, ctrl_index=255, data_len=0) (b'',)
2025-03-06 00:58:28,275 BTPWorkerThread-10295 (_rx_task) root DEBUG client.py                 71    logger_log                : core_iut_ready_ev
2025-03-06 00:58:28,304 LT1-thread root DEBUG client.py                 71    logger_log                : IUT ready event received OK
2025-03-06 00:58:28,304 LT1-thread root DEBUG client.py                 71    logger_log                : Waiting for _rx_worker to finish ...
2025-03-06 00:58:29,307 BTPWorkerThread-10295 (_rx_task) root DEBUG client.py                 71    logger_log                : BTPWorkerThread-10295 (_rx_task) finishing...
2025-03-06 00:58:29,307 LT1-thread root DEBUG client.py                 71    logger_log                : Waiting for _rx_worker to finish ...
2025-03-06 00:58:32,314 LT1-thread root DEBUG client.py                 71    logger_log                : post_run, cleanup running post test case script
2025-03-06 00:58:32,314 LT1-thread root DEBUG client.py                 71    logger_log                : post_run, run post test case script
2025-03-06 00:58:32,462 LT1-thread root DEBUG client.py                 71    logger_log                : Done TestCase _run_test_case L2CAP L2CAP/ECFC/BV-04-C
