17:41:30:980	> BTP_CORE_CMD_REGISTER_SERVICE (0x00|0x03|0xff)
                  raw data (1): 00 03 ff 01 00|01
17:41:34:561	< BTP_CORE_CMD_REGISTER_SERVICE (0x00|0x03|0xff)
                  raw data (0): 00 03 ff 00 00|
17:41:34:591	> BTP_GAP_CMD_READ_SUPPORTED_COMMANDS (0x01|0x01|0xff)
                  raw data (0): 01 01 ff 00 00|
17:41:34:732	< BTP_GAP_CMD_READ_SUPPORTED_COMMANDS (0x01|0x01|0xff)
                  raw data (6): 01 01 ff 06 00|6e ff 7f 1f 7e 04
17:41:34:762	> BTP_GAP_CMD_READ_CONTROLLER_INFO (0x01|0x03|0x00)
                  raw data (0): 01 03 00 00 00|
17:41:34:913	< BTP_GAP_CMD_READ_CONTROLLER_INFO (0x01|0x03|0x00)
                  raw data (277): 
                  01 03 00 15 01|19 78 ee 69 17 d0 d3 06 02 00 13 
                  02 00 00 00 00 00 62 74 70 5f 74 65 73 74 65 72 
                  00 00 00 00 00 00 00 00 00 00 00 00 00 00 00 00 
                  00 00 00 00 00 00 00 00 00 00 00 00 00 00 00 00 
                  00 00 00 00 00 00 00 00 00 00 00 00 00 00 00 00 
                  00 00 00 00 00 00 00 00 00 00 00 00 00 00 00 00 
                  00 00 00 00 00 00 00 00 00 00 00 00 00 00 00 00 
                  00 00 00 00 00 00 00 00 00 00 00 00 00 00 00 00 
                  00 00 00 00 00 00 00 00 00 00 00 00 00 00 00 00 
                  00 00 00 00 00 00 00 00 00 00 00 00 00 00 00 00 
                  00 00 00 00 00 00 00 00 00 00 00 00 00 00 00 00 
                  00 00 00 00 00 00 00 00 00 00 00 00 00 00 00 00 
                  00 00 00 00 00 00 00 00 00 00 00 00 00 00 00 00 
                  00 00 00 00 00 00 00 00 00 00 00 00 00 00 00 00 
                  00 00 00 00 00 00 00 00 00 00 00 00 00 00 00 00 
                  00 00 00 00 00 00 00 00 00 00 00 00 00 00 00 00 
                  00 00 00 00 00 00 00 00 00 00 00 00 00 00 00 00 
                  00 00 00 00 00 00 00 00 00 00
17:41:35:143	> BTP_CORE_CMD_REGISTER_SERVICE (0x00|0x03|0xff)
                  raw data (2): 00 03 ff 01 00|02
17:41:35:254	< BTP_CORE_CMD_REGISTER_SERVICE (0x00|0x03|0xff)
                  raw data (0): 00 03 ff 00 00|
17:41:35:284	> BTP_GATT_CMD_READ_SUPPORTED_COMMANDS (0x02|0x01|0xff)
                  raw data (0): 02 01 ff 00 00|
17:41:35:414	< BTP_GATT_CMD_READ_SUPPORTED_COMMANDS (0x02|0x01|0xff)
                  raw data (5): 02 01 ff 05 00|fe fe ff fd 03
17:41:35:444	> BTP_GAP_CMD_SET_IO_CAP (0x01|0x10|0x00)
                  raw data (1): 01 10 00 01 00|04
17:41:35:544	< BTP_GAP_CMD_SET_IO_CAP (0x01|0x10|0x00)
                  raw data (0): 01 10 00 00 00|
17:41:35:575	> BTP_GATT_CMD_ADD_SERVICE (0x02|0x02|0x00)
                  raw data (4): 02 02 00 04 00|00 02 aa 51
17:41:35:726	< BTP_GATT_CMD_ADD_SERVICE (0x02|0x02|0x00)
                  raw data (2): 02 02 00 02 00|00 00
17:41:35:756	> BTP_GATT_CMD_ADD_CHARACTERISTIC (0x02|0x03|0x00)
                  raw data (7): 02 03 00 07 00|00 00 02 11 02 aa 52
17:41:35:906	< BTP_GATT_CMD_ADD_CHARACTERISTIC (0x02|0x03|0x00)
                  raw data (2): 02 03 00 02 00|00 00
17:41:35:938	> BTP_GATT_CMD_SET_VALUE (0x02|0x06|0x00)
                  raw data (5): 02 06 00 05 00|00 00 01 00 01
17:41:36:047	< BTP_GATT_CMD_SET_VALUE (0x02|0x06|0x00)
                  raw data (0): 02 06 00 00 00|
17:41:36:087	> BTP_GATT_CMD_ADD_CHARACTERISTIC (0x02|0x03|0x00)
                  raw data (7): 02 03 00 07 00|00 00 02 05 02 aa 53
17:41:36:228	< BTP_GATT_CMD_ADD_CHARACTERISTIC (0x02|0x03|0x00)
                  raw data (2): 02 03 00 02 00|00 00
17:41:36:258	> BTP_GATT_CMD_SET_VALUE (0x02|0x06|0x00)
                  raw data (5): 02 06 00 05 00|00 00 01 00 02
17:41:36:368	< BTP_GATT_CMD_SET_VALUE (0x02|0x06|0x00)
                  raw data (0): 02 06 00 00 00|
17:41:36:398	> BTP_GATT_CMD_ADD_CHARACTERISTIC (0x02|0x03|0x00)
                  raw data (7): 02 03 00 07 00|00 00 42 03 02 aa 54
17:41:36:548	< BTP_GATT_CMD_ADD_CHARACTERISTIC (0x02|0x03|0x00)
                  raw data (2): 02 03 00 02 00|00 00
17:41:36:578	> BTP_GATT_CMD_SET_VALUE (0x02|0x06|0x00)
                  raw data (5): 02 06 00 05 00|00 00 01 00 03
17:41:36:698	< BTP_GATT_CMD_SET_VALUE (0x02|0x06|0x00)
                  raw data (0): 02 06 00 00 00|
17:41:36:719	> BTP_GATT_CMD_ADD_CHARACTERISTIC (0x02|0x03|0x00)
                  raw data (7): 02 03 00 07 00|00 00 0a 30 02 aa 55
17:41:36:869	< BTP_GATT_CMD_ADD_CHARACTERISTIC (0x02|0x03|0x00)
                  raw data (2): 02 03 00 02 00|00 00
17:41:36:899	> BTP_GATT_CMD_SET_VALUE (0x02|0x06|0x00)
                  raw data (5): 02 06 00 05 00|00 00 01 00 04
17:41:36:979	< BTP_GATT_CMD_SET_VALUE (0x02|0x06|0x00)
                  raw data (0): 02 06 00 00 00|
17:41:37:000	> BTP_GATT_CMD_START_SERVER (0x02|0x07|0x00)
                  raw data (0): 02 07 00 00 00|
17:41:37:110	< BTP_GATT_CMD_START_SERVER (0x02|0x07|0x00)
                  raw data (3): 02 07 00 03 00|00 00 00
17:41:45:169	> BTP_GAP_CMD_START_ADVERTISING (0x01|0x0a|0x00)
                  raw data (22): 
                  01 0a 00 16 00|0f 00 09 0d 54 65 73 74 65 72 5f 
                  30 38 45 34 34 45 ff ff ff ff 00
17:41:45:299	< BTP_GAP_CMD_START_ADVERTISING (0x01|0x0a|0x00)
                  raw data (4): 01 0a 00 04 00|13 06 00 00
17:41:45:620	< BTP_GAP_EV_DEVICE_CONNECTED (0x01|0x82|0x00)
                  raw data (13): 
                  01 82 00 0d 00|00 4e e4 08 dc 1b 00 3c 00 00 00 
                  d0 07
17:41:45:620	< BTP_GAP_EV_NEW_SETTINGS (0x01|0x80|0x00)
                  raw data (4): 01 80 00 04 00|13 02 00 00
17:41:46:981	< BTP_GAP_EV_ENCRYPTION_CHANGE (0x01|0x91|0x00)
                  raw data (9): 01 91 00 09 00|00 4e e4 08 dc 1b 00 01 10
17:41:46:981	< BTP_GAP_EV_SEC_LEVEL_CHANGED (0x01|0x89|0x00)
                  raw data (8): 01 89 00 08 00|00 4e e4 08 dc 1b 00 02
17:41:47:340	> BTP_GATT_CMD_GET_ATTRIBUTES (0x02|0x1c|0x00)
                  raw data (7): 02 1c 00 07 00|01 00 ff ff 02 03 28
17:41:47:500	< BTP_GATT_CMD_GET_ATTRIBUTES (0x02|0x1c|0x00)
                  raw data (109): 
                  02 1c 00 6d 00|12 02 00 01 02 03 28 05 00 01 02 
                  03 28 07 00 01 02 03 28 09 00 01 02 03 28 0c 00 
                  01 02 03 28 0e 00 01 02 03 28 10 00 01 02 03 28 
                  13 00 01 02 03 28 15 00 01 02 03 28 17 00 01 02 
                  03 28 19 00 01 02 03 28 1b 00 01 02 03 28 1d 00 
                  01 02 03 28 1f 00 01 02 03 28 22 00 01 02 03 28 
                  24 00 01 02 03 28 26 00 01 02 03 28 28 00 01 02 
                  03 28
17:41:47:532	> BTP_GATT_CMD_GET_ATTRIBUTE_VALUE (0x02|0x1d|0x00)
                  raw data (9): 02 1d 00 09 00|00 4e e4 08 dc 1b 00 02 00
17:41:47:671	< BTP_GATT_CMD_GET_ATTRIBUTE_VALUE (0x02|0x1d|0x00)
                  raw data (8): 02 1d 00 08 00|00 05 00 20 03 00 05 2a
17:41:47:701	> BTP_GATT_CMD_GET_ATTRIBUTES (0x02|0x1c|0x00)
                  raw data (5): 02 1c 00 05 00|03 00 03 00 00
17:41:47:842	< BTP_GATT_CMD_GET_ATTRIBUTES (0x02|0x1c|0x00)
                  raw data (7): 02 1c 00 07 00|01 03 00 00 02 05 2a
17:41:47:862	> BTP_GATT_CMD_GET_ATTRIBUTE_VALUE (0x02|0x1d|0x00)
                  raw data (9): 02 1d 00 09 00|00 4e e4 08 dc 1b 00 05 00
17:41:48:013	< BTP_GATT_CMD_GET_ATTRIBUTE_VALUE (0x02|0x1d|0x00)
                  raw data (8): 02 1d 00 08 00|00 05 00 0a 06 00 29 2b
17:41:48:023	> BTP_GATT_CMD_GET_ATTRIBUTES (0x02|0x1c|0x00)
                  raw data (5): 02 1c 00 05 00|06 00 06 00 00
17:41:48:163	< BTP_GATT_CMD_GET_ATTRIBUTES (0x02|0x1c|0x00)
                  raw data (7): 02 1c 00 07 00|01 06 00 03 02 29 2b
17:41:48:193	> BTP_GATT_CMD_GET_ATTRIBUTE_VALUE (0x02|0x1d|0x00)
                  raw data (9): 02 1d 00 09 00|00 4e e4 08 dc 1b 00 07 00
17:41:48:344	< BTP_GATT_CMD_GET_ATTRIBUTE_VALUE (0x02|0x1d|0x00)
                  raw data (8): 02 1d 00 08 00|00 05 00 02 08 00 2a 2b
17:41:48:375	> BTP_GATT_CMD_GET_ATTRIBUTES (0x02|0x1c|0x00)
                  raw data (5): 02 1c 00 05 00|08 00 08 00 00
17:41:48:525	< BTP_GATT_CMD_GET_ATTRIBUTES (0x02|0x1c|0x00)
                  raw data (7): 02 1c 00 07 00|01 08 00 01 02 2a 2b
17:41:48:555	> BTP_GATT_CMD_GET_ATTRIBUTE_VALUE (0x02|0x1d|0x00)
                  raw data (9): 02 1d 00 09 00|00 4e e4 08 dc 1b 00 09 00
17:41:48:685	< BTP_GATT_CMD_GET_ATTRIBUTE_VALUE (0x02|0x1d|0x00)
                  raw data (8): 02 1d 00 08 00|00 05 00 02 0a 00 3a 2b
17:41:48:706	> BTP_GATT_CMD_GET_ATTRIBUTES (0x02|0x1c|0x00)
                  raw data (5): 02 1c 00 05 00|0a 00 0a 00 00
17:41:48:866	< BTP_GATT_CMD_GET_ATTRIBUTES (0x02|0x1c|0x00)
                  raw data (7): 02 1c 00 07 00|01 0a 00 01 02 3a 2b
17:41:48:896	> BTP_GATT_CMD_GET_ATTRIBUTE_VALUE (0x02|0x1d|0x00)
                  raw data (9): 02 1d 00 09 00|00 4e e4 08 dc 1b 00 0c 00
17:41:49:037	< BTP_GATT_CMD_GET_ATTRIBUTE_VALUE (0x02|0x1d|0x00)
                  raw data (8): 02 1d 00 08 00|00 05 00 0a 0d 00 00 2a
17:41:49:037	> BTP_GATT_CMD_GET_ATTRIBUTES (0x02|0x1c|0x00)
                  raw data (5): 02 1c 00 05 00|0d 00 0d 00 00
17:41:49:168	< BTP_GATT_CMD_GET_ATTRIBUTES (0x02|0x1c|0x00)
                  raw data (7): 02 1c 00 07 00|01 0d 00 09 02 00 2a
17:41:49:219	> BTP_GATT_CMD_GET_ATTRIBUTE_VALUE (0x02|0x1d|0x00)
                  raw data (9): 02 1d 00 09 00|00 4e e4 08 dc 1b 00 0e 00
17:41:49:349	< BTP_GATT_CMD_GET_ATTRIBUTE_VALUE (0x02|0x1d|0x00)
                  raw data (8): 02 1d 00 08 00|00 05 00 0a 0f 00 01 2a
17:41:49:379	> BTP_GATT_CMD_GET_ATTRIBUTES (0x02|0x1c|0x00)
                  raw data (5): 02 1c 00 05 00|0f 00 0f 00 00
17:41:49:489	< BTP_GATT_CMD_GET_ATTRIBUTES (0x02|0x1c|0x00)
                  raw data (7): 02 1c 00 07 00|01 0f 00 21 02 01 2a
17:41:49:489	> BTP_GATT_CMD_GET_ATTRIBUTE_VALUE (0x02|0x1d|0x00)
                  raw data (9): 02 1d 00 09 00|00 4e e4 08 dc 1b 00 10 00
17:41:49:640	< BTP_GATT_CMD_GET_ATTRIBUTE_VALUE (0x02|0x1d|0x00)
                  raw data (8): 02 1d 00 08 00|00 05 00 02 11 00 04 2a
17:41:49:660	> BTP_GATT_CMD_GET_ATTRIBUTES (0x02|0x1c|0x00)
                  raw data (5): 02 1c 00 05 00|11 00 11 00 00
17:41:49:800	< BTP_GATT_CMD_GET_ATTRIBUTES (0x02|0x1c|0x00)
                  raw data (7): 02 1c 00 07 00|01 11 00 01 02 04 2a
17:41:49:830	> BTP_GATT_CMD_GET_ATTRIBUTE_VALUE (0x02|0x1d|0x00)
                  raw data (9): 02 1d 00 09 00|00 4e e4 08 dc 1b 00 13 00
17:41:49:971	< BTP_GATT_CMD_GET_ATTRIBUTE_VALUE (0x02|0x1d|0x00)
                  raw data (8): 02 1d 00 08 00|00 05 00 02 14 00 24 2a
17:41:50:001	> BTP_GATT_CMD_GET_ATTRIBUTES (0x02|0x1c|0x00)
                  raw data (5): 02 1c 00 05 00|14 00 14 00 00
17:41:50:141	< BTP_GATT_CMD_GET_ATTRIBUTES (0x02|0x1c|0x00)
                  raw data (7): 02 1c 00 07 00|01 14 00 01 02 24 2a
17:41:50:171	> BTP_GATT_CMD_GET_ATTRIBUTE_VALUE (0x02|0x1d|0x00)
                  raw data (9): 02 1d 00 09 00|00 4e e4 08 dc 1b 00 15 00
17:41:50:291	< BTP_GATT_CMD_GET_ATTRIBUTE_VALUE (0x02|0x1d|0x00)
                  raw data (8): 02 1d 00 08 00|00 05 00 02 16 00 29 2a
17:41:50:321	> BTP_GATT_CMD_GET_ATTRIBUTES (0x02|0x1c|0x00)
                  raw data (5): 02 1c 00 05 00|16 00 16 00 00
17:41:50:482	< BTP_GATT_CMD_GET_ATTRIBUTES (0x02|0x1c|0x00)
                  raw data (7): 02 1c 00 07 00|01 16 00 01 02 29 2a
17:41:50:512	> BTP_GATT_CMD_GET_ATTRIBUTE_VALUE (0x02|0x1d|0x00)
                  raw data (9): 02 1d 00 09 00|00 4e e4 08 dc 1b 00 17 00
17:41:50:663	< BTP_GATT_CMD_GET_ATTRIBUTE_VALUE (0x02|0x1d|0x00)
                  raw data (8): 02 1d 00 08 00|00 05 00 02 18 00 50 2a
17:41:50:693	> BTP_GATT_CMD_GET_ATTRIBUTES (0x02|0x1c|0x00)
                  raw data (5): 02 1c 00 05 00|18 00 18 00 00
17:41:50:844	< BTP_GATT_CMD_GET_ATTRIBUTES (0x02|0x1c|0x00)
                  raw data (7): 02 1c 00 07 00|01 18 00 01 02 50 2a
17:41:50:875	> BTP_GATT_CMD_GET_ATTRIBUTE_VALUE (0x02|0x1d|0x00)
                  raw data (9): 02 1d 00 09 00|00 4e e4 08 dc 1b 00 19 00
17:41:50:964	< BTP_GATT_CMD_GET_ATTRIBUTE_VALUE (0x02|0x1d|0x00)
                  raw data (8): 02 1d 00 08 00|00 05 00 02 1a 00 25 2a
17:41:50:995	> BTP_GATT_CMD_GET_ATTRIBUTES (0x02|0x1c|0x00)
                  raw data (5): 02 1c 00 05 00|1a 00 1a 00 00
17:41:51:145	< BTP_GATT_CMD_GET_ATTRIBUTES (0x02|0x1c|0x00)
                  raw data (7): 02 1c 00 07 00|01 1a 00 01 02 25 2a
17:41:51:175	> BTP_GATT_CMD_GET_ATTRIBUTE_VALUE (0x02|0x1d|0x00)
                  raw data (9): 02 1d 00 09 00|00 4e e4 08 dc 1b 00 1b 00
17:41:51:326	< BTP_GATT_CMD_GET_ATTRIBUTE_VALUE (0x02|0x1d|0x00)
                  raw data (8): 02 1d 00 08 00|00 05 00 02 1c 00 26 2a
17:41:51:336	> BTP_GATT_CMD_GET_ATTRIBUTES (0x02|0x1c|0x00)
                  raw data (5): 02 1c 00 05 00|1c 00 1c 00 00
17:41:51:486	< BTP_GATT_CMD_GET_ATTRIBUTES (0x02|0x1c|0x00)
                  raw data (7): 02 1c 00 07 00|01 1c 00 01 02 26 2a
17:41:51:517	> BTP_GATT_CMD_GET_ATTRIBUTE_VALUE (0x02|0x1d|0x00)
                  raw data (9): 02 1d 00 09 00|00 4e e4 08 dc 1b 00 1d 00
17:41:51:666	< BTP_GATT_CMD_GET_ATTRIBUTE_VALUE (0x02|0x1d|0x00)
                  raw data (8): 02 1d 00 08 00|00 05 00 02 1e 00 27 2a
17:41:51:696	> BTP_GATT_CMD_GET_ATTRIBUTES (0x02|0x1c|0x00)
                  raw data (5): 02 1c 00 05 00|1e 00 1e 00 00
17:41:51:847	< BTP_GATT_CMD_GET_ATTRIBUTES (0x02|0x1c|0x00)
                  raw data (7): 02 1c 00 07 00|01 1e 00 01 02 27 2a
17:41:51:877	> BTP_GATT_CMD_GET_ATTRIBUTE_VALUE (0x02|0x1d|0x00)
                  raw data (9): 02 1d 00 09 00|00 4e e4 08 dc 1b 00 1f 00
17:41:52:026	< BTP_GATT_CMD_GET_ATTRIBUTE_VALUE (0x02|0x1d|0x00)
                  raw data (8): 02 1d 00 08 00|00 05 00 02 20 00 28 2a
17:41:52:056	> BTP_GATT_CMD_GET_ATTRIBUTES (0x02|0x1c|0x00)
                  raw data (5): 02 1c 00 05 00|20 00 20 00 00
17:41:52:207	< BTP_GATT_CMD_GET_ATTRIBUTES (0x02|0x1c|0x00)
                  raw data (7): 02 1c 00 07 00|01 20 00 01 02 28 2a
17:41:52:237	> BTP_GATT_CMD_GET_ATTRIBUTE_VALUE (0x02|0x1d|0x00)
                  raw data (9): 02 1d 00 09 00|00 4e e4 08 dc 1b 00 22 00
17:41:52:387	< BTP_GATT_CMD_GET_ATTRIBUTE_VALUE (0x02|0x1d|0x00)
                  raw data (8): 02 1d 00 08 00|00 05 00 02 23 00 aa 52
17:41:52:417	> BTP_GATT_CMD_GET_ATTRIBUTES (0x02|0x1c|0x00)
                  raw data (5): 02 1c 00 05 00|23 00 23 00 00
17:41:52:558	< BTP_GATT_CMD_GET_ATTRIBUTES (0x02|0x1c|0x00)
                  raw data (7): 02 1c 00 07 00|01 23 00 51 02 aa 52
17:41:52:731	< BTP_GAP_EV_BOND_LOST (0x01|0x8b|0x00)
                  raw data (7): 01 8b 00 07 00|00 4e e4 08 dc 1b 00
17:41:52:731	< BTP_GAP_EV_PASSKEY_ENTRY_REQ (0x01|0x85|0x00)
                  raw data (7): 01 85 00 07 00|00 4e e4 08 dc 1b 00
17:41:53:563	> BTP_GAP_CMD_PASSKEY_ENTRY (0x01|0x13|0x00)
                  raw data (11): 01 13 00 0b 00|00 4e e4 08 dc 1b 00 64 68 06 00
17:41:53:653	< BTP_GAP_CMD_PASSKEY_ENTRY (0x01|0x13|0x00)
                  raw data (0): 01 13 00 00 00|
17:41:54:250	< BTP_GAP_EV_ENCRYPTION_CHANGE (0x01|0x91|0x00)
                  raw data (9): 01 91 00 09 00|00 4e e4 08 dc 1b 00 01 10
17:41:54:250	< BTP_GAP_EV_SEC_LEVEL_CHANGED (0x01|0x89|0x00)
                  raw data (8): 01 89 00 08 00|00 4e e4 08 dc 1b 00 03
17:41:55:058	< BTP_GAP_EV_DEVICE_DISCONNECTED (0x01|0x83|0x00)
                  raw data (7): 01 83 00 07 00|00 4e e4 08 dc 1b 00
17:41:59:405	< BTP_CORE_EV_IUT_READY (0x00|0x80|0xff)
                  raw data (0): 00 80 ff 00 00|
