< 2025/01/08 21:05:53.503884  length=5 from=0 to=4
 00 80 ff 00 00                                   .....
--
> 2025/01/08 21:06:03.264517  length=6 from=0 to=5
 00 03 ff 01 00 01                                ......
--
< 2025/01/08 21:06:03.310626  length=5 from=5 to=9
 00 03 ff 00 00                                   .....
--
> 2025/01/08 21:06:03.403570  length=5 from=6 to=10
 01 03 00 00 00                                   .....
--
< 2025/01/08 21:06:04.233946  length=64 from=10 to=73
 01 03 00 15 01 28 00 03 37 60 00 13 06 02 00 13  .....(..7`......
 02 00 00 00 00 00 62 74 70 5f 74 65 73 74 65 72  ......btp_tester
 00 00 00 00 00 00 00 00 00 00 00 00 00 00 00 00  ................
 00 00 00 00 00 00 00 00 00 00 00 00 00 00 00 00  ................
--
< 2025/01/08 21:06:04.240932  length=96 from=74 to=169
 00 00 00 00 00 00 00 00 00 00 00 00 00 00 00 00  ................
 00 00 00 00 00 00 00 00 00 00 00 00 00 00 00 00  ................
 00 00 00 00 00 00 00 00 00 00 00 00 00 00 00 00  ................
 00 00 00 00 00 00 00 00 00 00 00 00 00 00 00 00  ................
 00 00 00 00 00 00 00 00 00 00 00 00 00 00 00 00  ................
 00 00 00 00 00 00 00 00 00 00 00 00 00 00 00 00  ................
--
< 2025/01/08 21:06:04.247100  length=64 from=170 to=233
 00 00 00 00 00 00 00 00 00 00 00 00 00 00 00 00  ................
 00 00 00 00 00 00 00 00 00 00 00 00 00 00 00 00  ................
 00 00 00 00 00 00 00 00 00 00 00 00 00 00 00 00  ................
 00 00 00 00 00 00 00 00 00 00 00 00 00 00 00 00  ................
--
< 2025/01/08 21:06:04.252232  length=32 from=234 to=265
 00 00 00 00 00 00 00 00 00 00 00 00 00 00 00 00  ................
 00 00 00 00 00 00 00 00 00 00 00 00 00 00 00 00  ................
--
< 2025/01/08 21:06:04.254669  length=26 from=266 to=291
 00 00 00 00 00 00 00 00 00 00 00 00 00 00 00 00  ................
 00 00 00 00 00 00 00 00 00 00                    ..........
--
> 2025/01/08 21:06:04.544524  length=6 from=11 to=16
 00 03 ff 01 00 02                                ......
--
< 2025/01/08 21:06:04.560725  length=5 from=292 to=296
 00 03 ff 00 00                                   .....
--
> 2025/01/08 21:06:04.638523  length=6 from=17 to=22
 01 10 00 01 00 04                                ......
--
< 2025/01/08 21:06:04.653609  length=5 from=297 to=301
 01 10 00 00 00                                   .....
--
> 2025/01/08 21:06:04.746540  length=9 from=23 to=31
 02 02 00 04 00 00 02 aa 51                       ........Q
--
< 2025/01/08 21:06:04.762654  length=7 from=302 to=308
 02 02 00 02 00 00 00                             .......
--
> 2025/01/08 21:06:04.872556  length=12 from=32 to=43
 02 03 00 07 00 00 00 02 11 02 aa 52              ...........R
--
< 2025/01/08 21:06:04.888553  length=7 from=309 to=315
 02 03 00 02 00 00 00                             .......
--
> 2025/01/08 21:06:04.980512  length=10 from=44 to=53
 02 06 00 05 00 00 00 01 00 01                    ..........
--
< 2025/01/08 21:06:04.996667  length=5 from=316 to=320
 02 06 00 00 00                                   .....
--
> 2025/01/08 21:06:05.087490  length=12 from=54 to=65
 02 03 00 07 00 00 00 02 05 02 aa 53              ...........S
--
< 2025/01/08 21:06:05.103705  length=7 from=321 to=327
 02 03 00 02 00 00 00                             .......
--
> 2025/01/08 21:06:05.182522  length=10 from=66 to=75
 02 06 00 05 00 00 00 01 00 02                    ..........
--
< 2025/01/08 21:06:05.198588  length=5 from=328 to=332
 02 06 00 00 00                                   .....
--
> 2025/01/08 21:06:05.246502  length=12 from=76 to=87
 02 03 00 07 00 00 00 42 03 02 aa 54              .......B...T
--
< 2025/01/08 21:06:05.261655  length=7 from=333 to=339
 02 03 00 02 00 00 00                             .......
--
> 2025/01/08 21:06:05.372667  length=10 from=88 to=97
 02 06 00 05 00 00 00 01 00 03                    ..........
--
< 2025/01/08 21:06:05.388694  length=5 from=340 to=344
 02 06 00 00 00                                   .....
--
> 2025/01/08 21:06:05.466560  length=12 from=98 to=109
 02 03 00 07 00 00 00 0a                          ........
 30 02 aa 55                                      0..U
--
< 2025/01/08 21:06:05.482660  length=7 from=345 to=351
 02 03 00 02 00 00 00                             .......
--
> 2025/01/08 21:06:05.622575  length=10 from=110 to=119
 02 06 00 05 00 00 00 01 00 04                    ..........
--
< 2025/01/08 21:06:05.638618  length=5 from=352 to=356
 02 06 00 00 00                                   .....
--
> 2025/01/08 21:06:05.729605  length=5 from=120 to=124
 02 07 00 00 00                                   .....
--
< 2025/01/08 21:06:05.745642  length=8 from=357 to=364
 02 07 00 03 00 00 00 00                          ........
--
> 2025/01/08 21:06:09.852679  length=6 from=125 to=130
 01 06 00 01 00 00                                ......
--
< 2025/01/08 21:06:09.868717  length=9 from=365 to=373
 01 06 00 04 00 11 02 00 00                       .........
--
> 2025/01/08 21:06:09.964695  length=27 from=131 to=157
 01 0a                                            ..
 00 16 00 0f 00 09 0d 54 65 73 74 65 72 5f 35 39  .......Tester_59
 46 32 45 36 ff ff ff ff 00                       F2E6.....
--
< 2025/01/08 21:06:09.980863  length=9 from=374 to=382
 01 0a                                            ..
 00 04 00 11 06 00 00                             .......
--
< 2025/01/08 21:06:16.605138  length=5 from=383 to=387
 00 80 ff 00 00                                   .....
--
