2025-03-06 01:45:09,443 LT1-thread root DEBUG client.py                 71    logger_log                : Starting TestCase _run_test_case SM SM/CEN/OOB/BV-03-C
2025-03-06 01:45:09,444 LT1-thread root DEBUG client.py                 71    logger_log                : pre_run SM SM/CEN/OOB/BV-03-C
2025-03-06 01:45:09,444 LT1-thread root DEBUG client.py                 71    logger_log                : About to run test case SM SM/CEN/OOB/BV-03-C with commands:
2025-03-06 01:45:09,445 LT1-thread root DEBUG client.py                 71    logger_log                : 0) class=<class 'autopts.ptsprojects.testcase.TestFunc'>, func=<bound method Stack.core_init of <autopts.ptsprojects.stack.stack.Stack object at 0x0000022DC2EF3CD0>> start_wid=None stop_wid=None post_wid=None skip_call=None call_count=0 args=() kwds={}
2025-03-06 01:45:09,445 LT1-thread root DEBUG client.py                 71    logger_log                : 1) class=<class 'autopts.ptsprojects.testcase.TestFunc'>, func=<bound method ZephyrCtl.hw_reset of <autopts.ptsprojects.zephyr.iutctl.ZephyrCtl object at 0x0000022DC2EF3ED0>> start_wid=None stop_wid=None post_wid=None skip_call=None call_count=0 args=() kwds={}
2025-03-06 01:45:09,445 LT1-thread root DEBUG client.py                 71    logger_log                : 2) class=<class 'autopts.ptsprojects.testcase.TestFunc'>, func=<bound method ZephyrCtl.start of <autopts.ptsprojects.zephyr.iutctl.ZephyrCtl object at 0x0000022DC2EF3ED0>> start_wid=None stop_wid=None post_wid=None skip_call=None call_count=0 args=(<autopts.ptsprojects.zephyr.ztestcase.ZTestCase object at 0x0000022DC3625710>,) kwds={}
2025-03-06 01:45:09,445 LT1-thread root DEBUG client.py                 71    logger_log                : 3) class=<class 'autopts.ptsprojects.testcase.TestFunc'>, func=<bound method ZephyrCtl.hw_reset of <autopts.ptsprojects.zephyr.iutctl.ZephyrCtl object at 0x0000022DC2EF3ED0>> start_wid=None stop_wid=None post_wid=None skip_call=None call_count=0 args=() kwds={}
2025-03-06 01:45:09,446 LT1-thread root DEBUG client.py                 71    logger_log                : 4) class=<class 'autopts.ptsprojects.testcase.TestFunc'>, func=<bound method ZephyrCtl.wait_iut_ready_event of <autopts.ptsprojects.zephyr.iutctl.ZephyrCtl object at 0x0000022DC2EF3ED0>> start_wid=None stop_wid=None post_wid=None skip_call=None call_count=0 args=(False,) kwds={}
2025-03-06 01:45:09,446 LT1-thread root DEBUG client.py                 71    logger_log                : 5) class=<class 'autopts.ptsprojects.testcase.TestFunc'>, func=<function core_reg_svc_gap at 0x0000022DBEE7C7C0> start_wid=None stop_wid=None post_wid=None skip_call=None call_count=9 args=() kwds={}
2025-03-06 01:45:09,446 LT1-thread root DEBUG client.py                 71    logger_log                : 6) class=<class 'autopts.ptsprojects.testcase.TestFunc'>, func=<bound method Stack.gap_init of <autopts.ptsprojects.stack.stack.Stack object at 0x0000022DC2EF3CD0>> start_wid=None stop_wid=None post_wid=None skip_call=None call_count=9 args=(b'Tester_25DE2A',) kwds={}
2025-03-06 01:45:09,446 LT1-thread root DEBUG client.py                 71    logger_log                : 7) class=<class 'autopts.ptsprojects.testcase.TestFunc'>, func=<function gap_read_ctrl_info at 0x0000022DBEE88680> start_wid=None stop_wid=None post_wid=None skip_call=None call_count=9 args=() kwds={}
2025-03-06 01:45:09,446 LT1-thread root DEBUG client.py                 71    logger_log                : 8) class=<class 'autopts.ptsprojects.testcase.TestFunc'>, func=<function test_cases.<locals>.<lambda> at 0x0000022DC31ADA80> start_wid=None stop_wid=None post_wid=None skip_call=None call_count=9 args=() kwds={}
2025-03-06 01:45:09,446 LT1-thread root DEBUG client.py                 71    logger_log                : 9) class=<class 'autopts.ptsprojects.testcase.TestFunc'>, func=<function test_cases.<locals>.<lambda> at 0x0000022DC3608FE0> start_wid=None stop_wid=None post_wid=None skip_call=None call_count=9 args=() kwds={}
2025-03-06 01:45:09,446 LT1-thread root DEBUG client.py                 71    logger_log                : 10) class=<class 'autopts.ptsprojects.testcase.TestFunc'>, func=<function test_cases.<locals>.<lambda> at 0x0000022DC3609080> start_wid=None stop_wid=None post_wid=None skip_call=None call_count=9 args=() kwds={}
2025-03-06 01:45:09,447 LT1-thread root DEBUG client.py                 71    logger_log                : 11) class=<class 'autopts.ptsprojects.testcase.TestFunc'>, func=<function set_pts_addr at 0x0000022DBEE7C360> start_wid=None stop_wid=None post_wid=None skip_call=None call_count=9 args=('C0:07:E8:25:DE:2A', 0) kwds={}
2025-03-06 01:45:09,447 LT1-thread root DEBUG client.py                 71    logger_log                : 12) class=<class 'autopts.ptsprojects.testcase.TestFunc'>, func=<function gap_set_io_cap at 0x0000022DBEE7FBA0> start_wid=None stop_wid=None post_wid=None skip_call=None call_count=0 args=(4,) kwds={}
2025-03-06 01:45:09,447 LT1-thread root DEBUG client.py                 71    logger_log                : 13) class=<class 'autopts.ptsprojects.testcase.TestFunc'>, func=<function gap_oob_legacy_set_data at 0x0000022DBEE88860> start_wid=None stop_wid=None post_wid=None skip_call=None call_count=0 args=('0000000000000000FE12036E5A889F4D',) kwds={}
2025-03-06 01:45:09,447 LT1-thread root DEBUG client.py                 71    logger_log                : 14) class=<class 'autopts.ptsprojects.testcase.TestFuncCleanUp'>, func=<bound method Stack.cleanup of <autopts.ptsprojects.stack.stack.Stack object at 0x0000022DC2EF3CD0>> start_wid=None stop_wid=None post_wid=None skip_call=None call_count=0 args=() kwds={}
2025-03-06 01:45:09,447 LT1-thread root DEBUG client.py                 71    logger_log                : 15) class=<class 'autopts.ptsprojects.testcase.TestFuncCleanUp'>, func=<bound method ZephyrCtl.stop of <autopts.ptsprojects.zephyr.iutctl.ZephyrCtl object at 0x0000022DC2EF3ED0>> start_wid=None stop_wid=None post_wid=None skip_call=None call_count=0 args=() kwds={}
2025-03-06 01:45:09,448 LT1-thread root DEBUG client.py                 71    logger_log                : pre_run, run pre test case script
2025-03-06 01:45:09,461 LT1-thread root DEBUG client.py                 71    logger_log                : Starting test function: class=<class 'autopts.ptsprojects.testcase.TestFunc'>, func=<bound method Stack.core_init of <autopts.ptsprojects.stack.stack.Stack object at 0x0000022DC2EF3CD0>> start_wid=None stop_wid=None post_wid=None skip_call=None call_count=1 args=() kwds={}
2025-03-06 01:45:09,461 LT1-thread root DEBUG client.py                 71    logger_log                : Test function parameters: args=(), kwds={}
2025-03-06 01:45:09,461 LT1-thread root DEBUG client.py                 71    logger_log                : Starting test function: class=<class 'autopts.ptsprojects.testcase.TestFunc'>, func=<bound method ZephyrCtl.hw_reset of <autopts.ptsprojects.zephyr.iutctl.ZephyrCtl object at 0x0000022DC2EF3ED0>> start_wid=None stop_wid=None post_wid=None skip_call=None call_count=1 args=() kwds={}
2025-03-06 01:45:09,462 LT1-thread root DEBUG client.py                 71    logger_log                : Test function parameters: args=(), kwds={}
2025-03-06 01:45:09,462 LT1-thread root DEBUG client.py                 71    logger_log                : Starting test function: class=<class 'autopts.ptsprojects.testcase.TestFunc'>, func=<bound method ZephyrCtl.start of <autopts.ptsprojects.zephyr.iutctl.ZephyrCtl object at 0x0000022DC2EF3ED0>> start_wid=None stop_wid=None post_wid=None skip_call=None call_count=1 args=(<autopts.ptsprojects.zephyr.ztestcase.ZTestCase object at 0x0000022DC3625710>,) kwds={}
2025-03-06 01:45:09,462 LT1-thread root DEBUG client.py                 71    logger_log                : Test function parameters: args=(<autopts.ptsprojects.zephyr.ztestcase.ZTestCase object at 0x0000022DC3625710>,), kwds={}
2025-03-06 01:45:09,462 LT1-thread root DEBUG client.py                 71    logger_log                : <class 'autopts.ptsprojects.zephyr.iutctl.ZephyrCtl'>.start
2025-03-06 01:45:09,463 LT1-thread root DEBUG client.py                 71    logger_log                : <class 'autopts.ptsprojects.zephyr.iutctl.ZephyrCtl'>.flush_serial
2025-03-06 01:45:10,748 LT1-thread root DEBUG client.py                 71    logger_log                : Starting socat process: socat.exe -x -v tcp:10.192.253.135:55919,retry=100,interval=1 /dev/ttyS35,raw,b115200
2025-03-06 01:45:10,762 LT1-thread root DEBUG client.py                 71    logger_log                : accept
2025-03-06 01:45:10,896 BTPWorkerThread-11426 (_rx_task) root DEBUG client.py                 71    logger_log                : BTPWorkerThread-11426 (_rx_task) started
2025-03-06 01:45:10,897 LT1-thread root DEBUG client.py                 71    logger_log                : Starting test function: class=<class 'autopts.ptsprojects.testcase.TestFunc'>, func=<bound method ZephyrCtl.hw_reset of <autopts.ptsprojects.zephyr.iutctl.ZephyrCtl object at 0x0000022DC2EF3ED0>> start_wid=None stop_wid=None post_wid=None skip_call=None call_count=1 args=() kwds={}
2025-03-06 01:45:10,897 LT1-thread root DEBUG client.py                 71    logger_log                : Test function parameters: args=(), kwds={}
2025-03-06 01:45:10,897 LT1-thread root DEBUG client.py                 71    logger_log                : Starting test function: class=<class 'autopts.ptsprojects.testcase.TestFunc'>, func=<bound method ZephyrCtl.wait_iut_ready_event of <autopts.ptsprojects.zephyr.iutctl.ZephyrCtl object at 0x0000022DC2EF3ED0>> start_wid=None stop_wid=None post_wid=None skip_call=None call_count=1 args=(False,) kwds={}
2025-03-06 01:45:10,897 LT1-thread root DEBUG client.py                 71    logger_log                : Test function parameters: args=(False,), kwds={}
2025-03-06 01:45:10,898 LT1-thread root DEBUG client.py                 71    logger_log                : IUT ready event received OK
2025-03-06 01:45:10,898 LT1-thread root DEBUG client.py                 71    logger_log                : Starting test function: class=<class 'autopts.ptsprojects.testcase.TestFunc'>, func=<function core_reg_svc_gap at 0x0000022DBEE7C7C0> start_wid=None stop_wid=None post_wid=None skip_call=None call_count=10 args=() kwds={}
2025-03-06 01:45:10,899 LT1-thread root DEBUG client.py                 71    logger_log                : Test function parameters: args=(), kwds={}
2025-03-06 01:45:10,899 LT1-thread root DEBUG client.py                 71    logger_log                : core_reg_svc_gap
2025-03-06 01:45:10,899 LT1-thread root DEBUG client.py                 71    logger_log                : send, 0 3 255 '1'
2025-03-06 01:45:10,899 LT1-thread root DEBUG client.py                 71    logger_log                : sending frame '0003ff010001'
2025-03-06 01:45:10,899 LT1-thread root DEBUG client.py                 71    logger_log                : core_reg_svc_rsp_succ
2025-03-06 01:45:10,900 LT1-thread root DEBUG client.py                 71    logger_log                : read
2025-03-06 01:45:10,998 BTPWorkerThread-11426 (_rx_task) root DEBUG client.py                 71    logger_log                : Read 5 bytes
2025-03-06 01:45:11,029 BTPWorkerThread-11426 (_rx_task) root DEBUG client.py                 71    logger_log                : Received: hdr: Header(svc_id=0x00, op=0x03, ctrl_index=0xff, data_len=0x00) bytearray(b'\x00\x03\xff\x00\x00')
2025-03-06 01:45:11,060 BTPWorkerThread-11426 (_rx_task) root DEBUG client.py                 71    logger_log                : Received data: {''}, bytearray(b'')
2025-03-06 01:45:11,108 LT1-thread root DEBUG client.py                 71    logger_log                : received Header(svc_id=0, op=3, ctrl_index=255, data_len=0) (b'',)
2025-03-06 01:45:11,108 LT1-thread root DEBUG client.py                 71    logger_log                : expected ((0, 3, 255, 0), (b'',))
2025-03-06 01:45:11,108 LT1-thread root DEBUG client.py                 71    logger_log                : response is valid
2025-03-06 01:45:11,109 LT1-thread root DEBUG client.py                 71    logger_log                : Starting test function: class=<class 'autopts.ptsprojects.testcase.TestFunc'>, func=<bound method Stack.gap_init of <autopts.ptsprojects.stack.stack.Stack object at 0x0000022DC2EF3CD0>> start_wid=None stop_wid=None post_wid=None skip_call=None call_count=10 args=(b'Tester_25DE2A',) kwds={}
2025-03-06 01:45:11,109 LT1-thread root DEBUG client.py                 71    logger_log                : Test function parameters: args=(b'Tester_25DE2A',), kwds={}
2025-03-06 01:45:11,109 LT1-thread root DEBUG client.py                 71    logger_log                : Starting test function: class=<class 'autopts.ptsprojects.testcase.TestFunc'>, func=<function gap_read_ctrl_info at 0x0000022DBEE88680> start_wid=None stop_wid=None post_wid=None skip_call=None call_count=10 args=() kwds={}
2025-03-06 01:45:11,109 LT1-thread root DEBUG client.py                 71    logger_log                : Test function parameters: args=(), kwds={}
2025-03-06 01:45:11,109 LT1-thread root DEBUG client.py                 71    logger_log                : gap_read_ctrl_info
2025-03-06 01:45:11,109 LT1-thread root DEBUG client.py                 71    logger_log                : send, 1 3 0 ''
2025-03-06 01:45:11,110 LT1-thread root DEBUG client.py                 71    logger_log                : sending frame '0103000000'
2025-03-06 01:45:11,110 LT1-thread root DEBUG client.py                 71    logger_log                : read
2025-03-06 01:45:11,264 BTPWorkerThread-11426 (_rx_task) root DEBUG client.py                 71    logger_log                : Read 5 bytes
2025-03-06 01:45:11,294 BTPWorkerThread-11426 (_rx_task) root DEBUG client.py                 71    logger_log                : Received: hdr: Header(svc_id=0x01, op=0x03, ctrl_index=0x00, data_len=0x115) bytearray(b'\x01\x03\x00\x15\x01')
2025-03-06 01:45:11,356 BTPWorkerThread-11426 (_rx_task) root DEBUG client.py                 71    logger_log                : Read 277 bytes data
2025-03-06 01:45:11,386 BTPWorkerThread-11426 (_rx_task) root DEBUG client.py                 71    logger_log                : Received data: {'28 00 03 37 60 00 13 06 02 00 13 02 00 00 00 00 00 62 74 70 5f 74 65 73 74 65 72 00 00 00 00 00 00 00 00 00 00 00 00 00 00 00 00 00 00 00 00 00 00 00 00 00 00 00 00 00 00 00 00 00 00 00 00 00 00 00 00 00 00 00 00 00 00 00 00 00 00 00 00 00 00 00 00 00 00 00 00 00 00 00 00 00 00 00 00 00 00 00 00 00 00 00 00 00 00 00 00 00 00 00 00 00 00 00 00 00 00 00 00 00 00 00 00 00 00 00 00 00 00 00 00 00 00 00 00 00 00 00 00 00 00 00 00 00 00 00 00 00 00 00 00 00 00 00 00 00 00 00 00 00 00 00 00 00 00 00 00 00 00 00 00 00 00 00 00 00 00 00 00 00 00 00 00 00 00 00 00 00 00 00 00 00 00 00 00 00 00 00 00 00 00 00 00 00 00 00 00 00 00 00 00 00 00 00 00 00 00 00 00 00 00 00 00 00 00 00 00 00 00 00 00 00 00 00 00 00 00 00 00 00 00 00 00 00 00 00 00 00 00 00 00 00 00 00 00 00 00 00 00 00 00 00 00 00 00 00 00 00 00 00 00 00 00 00 00 00 00'}, bytearray(b'(\x00\x037`\x00\x13\x06\x02\x00\x13\x02\x00\x00\x00\x00\x00btp_tester\x00\x00\x00\x00\x00\x00\x00\x00\x00\x00\x00\x00\x00\x00\x00\x00\x00\x00\x00\x00\x00\x00\x00\x00\x00\x00\x00\x00\x00\x00\x00\x00\x00\x00\x00\x00\x00\x00\x00\x00\x00\x00\x00\x00\x00\x00\x00\x00\x00\x00\x00\x00\x00\x00\x00\x00\x00\x00\x00\x00\x00\x00\x00\x00\x00\x00\x00\x00\x00\x00\x00\x00\x00\x00\x00\x00\x00\x00\x00\x00\x00\x00\x00\x00\x00\x00\x00\x00\x00\x00\x00\x00\x00\x00\x00\x00\x00\x00\x00\x00\x00\x00\x00\x00\x00\x00\x00\x00\x00\x00\x00\x00\x00\x00\x00\x00\x00\x00\x00\x00\x00\x00\x00\x00\x00\x00\x00\x00\x00\x00\x00\x00\x00\x00\x00\x00\x00\x00\x00\x00\x00\x00\x00\x00\x00\x00\x00\x00\x00\x00\x00\x00\x00\x00\x00\x00\x00\x00\x00\x00\x00\x00\x00\x00\x00\x00\x00\x00\x00\x00\x00\x00\x00\x00\x00\x00\x00\x00\x00\x00\x00\x00\x00\x00\x00\x00\x00\x00\x00\x00\x00\x00\x00\x00\x00\x00\x00\x00\x00\x00\x00\x00\x00\x00\x00\x00\x00\x00\x00\x00\x00\x00\x00\x00\x00\x00\x00\x00\x00\x00\x00\x00\x00\x00\x00\x00\x00\x00\x00\x00\x00\x00\x00\x00\x00\x00\x00\x00\x00\x00\x00\x00\x00\x00\x00\x00\x00\x00\x00\x00')
2025-03-06 01:45:11,434 LT1-thread root DEBUG client.py                 71    logger_log                : received Header(svc_id=1, op=3, ctrl_index=0, data_len=277) (b'(\x00\x037`\x00\x13\x06\x02\x00\x13\x02\x00\x00\x00\x00\x00btp_tester\x00\x00\x00\x00\x00\x00\x00\x00\x00\x00\x00\x00\x00\x00\x00\x00\x00\x00\x00\x00\x00\x00\x00\x00\x00\x00\x00\x00\x00\x00\x00\x00\x00\x00\x00\x00\x00\x00\x00\x00\x00\x00\x00\x00\x00\x00\x00\x00\x00\x00\x00\x00\x00\x00\x00\x00\x00\x00\x00\x00\x00\x00\x00\x00\x00\x00\x00\x00\x00\x00\x00\x00\x00\x00\x00\x00\x00\x00\x00\x00\x00\x00\x00\x00\x00\x00\x00\x00\x00\x00\x00\x00\x00\x00\x00\x00\x00\x00\x00\x00\x00\x00\x00\x00\x00\x00\x00\x00\x00\x00\x00\x00\x00\x00\x00\x00\x00\x00\x00\x00\x00\x00\x00\x00\x00\x00\x00\x00\x00\x00\x00\x00\x00\x00\x00\x00\x00\x00\x00\x00\x00\x00\x00\x00\x00\x00\x00\x00\x00\x00\x00\x00\x00\x00\x00\x00\x00\x00\x00\x00\x00\x00\x00\x00\x00\x00\x00\x00\x00\x00\x00\x00\x00\x00\x00\x00\x00\x00\x00\x00\x00\x00\x00\x00\x00\x00\x00\x00\x00\x00\x00\x00\x00\x00\x00\x00\x00\x00\x00\x00\x00\x00\x00\x00\x00\x00\x00\x00\x00\x00\x00\x00\x00\x00\x00\x00\x00\x00\x00\x00\x00\x00\x00\x00\x00\x00\x00\x00\x00\x00\x00\x00\x00\x00\x00\x00\x00\x00\x00\x00\x00\x00\x00\x00\x00\x00\x00\x00\x00\x00',)
2025-03-06 01:45:11,435 LT1-thread root DEBUG client.py                 71    logger_log                : IUT address '006037030028' 'public'
2025-03-06 01:45:11,435 LT1-thread root DEBUG client.py                 71    logger_log                : __gap_current_settings_update 531
2025-03-06 01:45:11,435 LT1-thread root DEBUG client.py                 71    logger_log                : Starting test function: class=<class 'autopts.ptsprojects.testcase.TestFunc'>, func=<function test_cases.<locals>.<lambda> at 0x0000022DC31ADA80> start_wid=None stop_wid=None post_wid=None skip_call=None call_count=10 args=() kwds={}
2025-03-06 01:45:11,435 LT1-thread root DEBUG client.py                 71    logger_log                : Test function parameters: args=(), kwds={}
2025-03-06 01:45:11,439 LT1-thread root DEBUG client.py                 71    logger_log                : Starting test function: class=<class 'autopts.ptsprojects.testcase.TestFunc'>, func=<function test_cases.<locals>.<lambda> at 0x0000022DC3608FE0> start_wid=None stop_wid=None post_wid=None skip_call=None call_count=10 args=() kwds={}
2025-03-06 01:45:11,440 LT1-thread root DEBUG client.py                 71    logger_log                : Test function parameters: args=(), kwds={}
2025-03-06 01:45:11,444 LT1-thread root DEBUG client.py                 71    logger_log                : Starting test function: class=<class 'autopts.ptsprojects.testcase.TestFunc'>, func=<function test_cases.<locals>.<lambda> at 0x0000022DC3609080> start_wid=None stop_wid=None post_wid=None skip_call=None call_count=10 args=() kwds={}
2025-03-06 01:45:11,445 LT1-thread root DEBUG client.py                 71    logger_log                : Test function parameters: args=(), kwds={}
2025-03-06 01:45:11,449 LT1-thread root DEBUG client.py                 71    logger_log                : Starting test function: class=<class 'autopts.ptsprojects.testcase.TestFunc'>, func=<function set_pts_addr at 0x0000022DBEE7C360> start_wid=None stop_wid=None post_wid=None skip_call=None call_count=10 args=('C0:07:E8:25:DE:2A', 0) kwds={}
2025-03-06 01:45:11,449 LT1-thread root DEBUG client.py                 71    logger_log                : Test function parameters: args=('C0:07:E8:25:DE:2A', 0), kwds={}
2025-03-06 01:45:11,450 LT1-thread root DEBUG client.py                 71    logger_log                : Starting test function: class=<class 'autopts.ptsprojects.testcase.TestFunc'>, func=<function gap_set_io_cap at 0x0000022DBEE7FBA0> start_wid=None stop_wid=None post_wid=None skip_call=None call_count=1 args=(4,) kwds={}
2025-03-06 01:45:11,450 LT1-thread root DEBUG client.py                 71    logger_log                : Test function parameters: args=(4,), kwds={}
2025-03-06 01:45:11,450 LT1-thread root DEBUG client.py                 71    logger_log                : gap_set_io_cap 4
2025-03-06 01:45:11,450 LT1-thread root DEBUG client.py                 71    logger_log                : send, 1 16 0 '\x04'
2025-03-06 01:45:11,451 LT1-thread root DEBUG client.py                 71    logger_log                : sending frame '011000010004'
2025-03-06 01:45:11,451 LT1-thread root DEBUG client.py                 71    logger_log                : gap_command_rsp_succ
2025-03-06 01:45:11,451 LT1-thread root DEBUG client.py                 71    logger_log                : read
2025-03-06 01:45:11,528 BTPWorkerThread-11426 (_rx_task) root DEBUG client.py                 71    logger_log                : Read 5 bytes
2025-03-06 01:45:11,560 BTPWorkerThread-11426 (_rx_task) root DEBUG client.py                 71    logger_log                : Received: hdr: Header(svc_id=0x01, op=0x10, ctrl_index=0x00, data_len=0x00) bytearray(b'\x01\x10\x00\x00\x00')
2025-03-06 01:45:11,592 BTPWorkerThread-11426 (_rx_task) root DEBUG client.py                 71    logger_log                : Received data: {''}, bytearray(b'')
2025-03-06 01:45:11,640 LT1-thread root DEBUG client.py                 71    logger_log                : received Header(svc_id=1, op=16, ctrl_index=0, data_len=0) (b'',)
2025-03-06 01:45:11,640 LT1-thread root DEBUG client.py                 71    logger_log                : Starting test function: class=<class 'autopts.ptsprojects.testcase.TestFunc'>, func=<function gap_oob_legacy_set_data at 0x0000022DBEE88860> start_wid=None stop_wid=None post_wid=None skip_call=None call_count=1 args=('0000000000000000FE12036E5A889F4D',) kwds={}
2025-03-06 01:45:11,640 LT1-thread root DEBUG client.py                 71    logger_log                : Test function parameters: args=('0000000000000000FE12036E5A889F4D',), kwds={}
2025-03-06 01:45:11,641 LT1-thread root DEBUG client.py                 71    logger_log                : gap_oob_legacy_set_data '0000000000000000FE12036E5A889F4D'
2025-03-06 01:45:11,641 LT1-thread root DEBUG client.py                 71    logger_log                : send, 1 24 0 "b'M\\x9f\\x88Zn\\x03\\x12\\xfe\\x00\\x00\\x00\\x00\\x00\\x00\\x00\\x00'"
2025-03-06 01:45:11,641 LT1-thread root DEBUG client.py                 71    logger_log                : sending frame '01180010004d9f885a6e0312fe0000000000000000'
2025-03-06 01:45:11,641 LT1-thread root DEBUG client.py                 71    logger_log                : gap_command_rsp_succ
2025-03-06 01:45:11,641 LT1-thread root DEBUG client.py                 71    logger_log                : read
2025-03-06 01:45:11,720 BTPWorkerThread-11426 (_rx_task) root DEBUG client.py                 71    logger_log                : Read 5 bytes
2025-03-06 01:45:11,752 BTPWorkerThread-11426 (_rx_task) root DEBUG client.py                 71    logger_log                : Received: hdr: Header(svc_id=0x01, op=0x18, ctrl_index=0x00, data_len=0x00) bytearray(b'\x01\x18\x00\x00\x00')
2025-03-06 01:45:11,783 BTPWorkerThread-11426 (_rx_task) root DEBUG client.py                 71    logger_log                : Received data: {''}, bytearray(b'')
2025-03-06 01:45:11,830 LT1-thread root DEBUG client.py                 71    logger_log                : received Header(svc_id=1, op=24, ctrl_index=0, data_len=0) (b'',)
2025-03-06 01:45:11,833 LT1-thread root DEBUG client.py                 71    logger_log                : ClientCallback.get_result run_test_case
2025-03-06 01:45:18,904 LT1-callback ClientCallback.on_implicit_send INFO client.py                 71    logger_log                : 
    ********************
    BEGIN OnImplicitSend:
    project_name: SM
    wid: 100
    test_case_name: SM/CEN/OOB/BV-03-C
    description: Initiate an connection from the IUT to the PTS.
    style: MMI_Style_Ok_Cancel2 0x11141
2025-03-06 01:45:18,905 LT1-callback ClientCallback.on_implicit_send INFO client.py                 71    logger_log                : Calling test cases on_implicit_send
2025-03-06 01:45:18,905 LT1-callback ClientCallback.on_implicit_send INFO client.py                 71    logger_log                : 
    on_implicit_send returned response: WAIT
    END OnImplicitSend
    ********************
2025-03-06 01:45:19,902 LT1-thread root DEBUG client.py                 71    logger_log                : SM SM/CEN/OOB/BV-03-C on_implicit_send
2025-03-06 01:45:19,902 LT1-thread root DEBUG client.py                 71    logger_log                : sm_wid_hdl, 100, Initiate an connection from the IUT to the PTS., SM/CEN/OOB/BV-03-C
2025-03-06 01:45:19,902 LT1-thread root DEBUG client.py                 71    logger_log                : gap_conn None None
2025-03-06 01:45:19,902 LT1-thread root DEBUG client.py                 71    logger_log                : send, 1 14 0 "bytearray(b'\\x00*\\xde%\\xe8\\x07\\xc0\\x00')"
2025-03-06 01:45:19,902 LT1-thread root DEBUG client.py                 71    logger_log                : sending frame '010e000800002ade25e807c000'
2025-03-06 01:45:19,903 LT1-thread root DEBUG client.py                 71    logger_log                : read
2025-03-06 01:45:19,966 BTPWorkerThread-11426 (_rx_task) root DEBUG client.py                 71    logger_log                : Read 5 bytes
2025-03-06 01:45:19,996 BTPWorkerThread-11426 (_rx_task) root DEBUG client.py                 71    logger_log                : Received: hdr: Header(svc_id=0x01, op=0x0e, ctrl_index=0x00, data_len=0x00) bytearray(b'\x01\x0e\x00\x00\x00')
2025-03-06 01:45:19,996 BTPWorkerThread-11426 (_rx_task) root DEBUG client.py                 71    logger_log                : Received data: {''}, bytearray(b'')
2025-03-06 01:45:19,996 BTPWorkerThread-11426 (_rx_task) root DEBUG client.py                 71    logger_log                : Read 5 bytes
2025-03-06 01:45:19,997 BTPWorkerThread-11426 (_rx_task) root DEBUG client.py                 71    logger_log                : Received: hdr: Header(svc_id=0x01, op=0x82, ctrl_index=0x00, data_len=0x0d) bytearray(b'\x01\x82\x00\r\x00')
2025-03-06 01:45:19,997 BTPWorkerThread-11426 (_rx_task) root DEBUG client.py                 71    logger_log                : Read 13 bytes data
2025-03-06 01:45:19,998 BTPWorkerThread-11426 (_rx_task) root DEBUG client.py                 71    logger_log                : Received data: {'00 2a de 25 e8 07 c0 30 00 00 00 90 01'}, bytearray(b'\x00*\xde%\xe8\x07\xc00\x00\x00\x00\x90\x01')
2025-03-06 01:45:19,998 BTPWorkerThread-11426 (_rx_task) root DEBUG client.py                 71    logger_log                : event_handler Header(svc_id=1, op=130, ctrl_index=0, data_len=13) (b'\x00*\xde%\xe8\x07\xc00\x00\x00\x00\x90\x01',)
2025-03-06 01:45:19,998 BTPWorkerThread-11426 (_rx_task) root DEBUG client.py                 71    logger_log                : gap_connected_ev_ b'\x00*\xde%\xe8\x07\xc00\x00\x00\x00\x90\x01'
2025-03-06 01:45:19,999 LT1-thread root DEBUG client.py                 71    logger_log                : Sending response 'OK' to wid 100 test case SM/CEN/OOB/BV-03-C
2025-03-06 01:45:20,001 LT1-thread root DEBUG client.py                 71    logger_log                : ClientCallback.get_result run_test_case
2025-03-06 01:45:20,004 LT1-callback ClientCallback.on_implicit_send INFO client.py                 71    logger_log                : 
    ********************
    BEGIN OnImplicitSend:
    project_name: SM
    wid: 108
    test_case_name: SM/CEN/OOB/BV-03-C
    description: Please start pairing process.
    style: MMI_Style_Ok 0x11040
2025-03-06 01:45:20,004 LT1-callback ClientCallback.on_implicit_send INFO client.py                 71    logger_log                : Calling test cases on_implicit_send
2025-03-06 01:45:20,005 LT1-callback ClientCallback.on_implicit_send INFO client.py                 71    logger_log                : 
    on_implicit_send returned response: WAIT
    END OnImplicitSend
    ********************
2025-03-06 01:45:21,014 LT1-thread root DEBUG client.py                 71    logger_log                : SM SM/CEN/OOB/BV-03-C on_implicit_send
2025-03-06 01:45:21,014 LT1-thread root DEBUG client.py                 71    logger_log                : sm_wid_hdl, 108, Please start pairing process., SM/CEN/OOB/BV-03-C
2025-03-06 01:45:21,014 LT1-thread root DEBUG client.py                 71    logger_log                : gap_pair None None
2025-03-06 01:45:21,014 LT1-thread root DEBUG client.py                 71    logger_log                : send, 1 17 0 "bytearray(b'\\x00*\\xde%\\xe8\\x07\\xc0')"
2025-03-06 01:45:21,015 LT1-thread root DEBUG client.py                 71    logger_log                : sending frame '0111000700002ade25e807c0'
2025-03-06 01:45:21,015 LT1-thread root DEBUG client.py                 71    logger_log                : gap_command_rsp_succ
2025-03-06 01:45:21,015 LT1-thread root DEBUG client.py                 71    logger_log                : read
2025-03-06 01:45:21,077 BTPWorkerThread-11426 (_rx_task) root DEBUG client.py                 71    logger_log                : Read 5 bytes
2025-03-06 01:45:21,108 BTPWorkerThread-11426 (_rx_task) root DEBUG client.py                 71    logger_log                : Received: hdr: Header(svc_id=0x01, op=0x11, ctrl_index=0x00, data_len=0x00) bytearray(b'\x01\x11\x00\x00\x00')
2025-03-06 01:45:21,140 BTPWorkerThread-11426 (_rx_task) root DEBUG client.py                 71    logger_log                : Received data: {''}, bytearray(b'')
2025-03-06 01:45:21,187 LT1-thread root DEBUG client.py                 71    logger_log                : received Header(svc_id=1, op=17, ctrl_index=0, data_len=0) (b'',)
2025-03-06 01:45:21,187 LT1-thread root DEBUG client.py                 71    logger_log                : Sending response 'Ok' to wid 108 test case SM/CEN/OOB/BV-03-C
2025-03-06 01:45:21,188 BTPWorkerThread-11426 (_rx_task) root DEBUG client.py                 71    logger_log                : Read 5 bytes
2025-03-06 01:45:21,188 BTPWorkerThread-11426 (_rx_task) root DEBUG client.py                 71    logger_log                : Received: hdr: Header(svc_id=0x01, op=0x84, ctrl_index=0x00, data_len=0x0b) bytearray(b'\x01\x84\x00\x0b\x00')
2025-03-06 01:45:21,188 BTPWorkerThread-11426 (_rx_task) root DEBUG client.py                 71    logger_log                : Read 11 bytes data
2025-03-06 01:45:21,189 BTPWorkerThread-11426 (_rx_task) root DEBUG client.py                 71    logger_log                : Received data: {'00 2a de 25 e8 07 c0 ec 77 0a 00'}, bytearray(b'\x00*\xde%\xe8\x07\xc0\xecw\n\x00')
2025-03-06 01:45:21,189 BTPWorkerThread-11426 (_rx_task) root DEBUG client.py                 71    logger_log                : event_handler Header(svc_id=1, op=132, ctrl_index=0, data_len=11) (b'\x00*\xde%\xe8\x07\xc0\xecw\n\x00',)
2025-03-06 01:45:21,189 BTPWorkerThread-11426 (_rx_task) root DEBUG client.py                 71    logger_log                : gap_passkey_disp_ev_ b'\x00*\xde%\xe8\x07\xc0\xecw\n\x00'
2025-03-06 01:45:21,189 BTPWorkerThread-11426 (_rx_task) root DEBUG client.py                 71    logger_log                : passkey = '686060'
2025-03-06 01:45:21,191 LT1-thread root DEBUG client.py                 71    logger_log                : ClientCallback.get_result run_test_case
2025-03-06 01:45:21,208 LT1-callback ClientCallback.on_implicit_send INFO client.py                 71    logger_log                : 
    ********************
    BEGIN OnImplicitSend:
    project_name: SM
    wid: 104
    test_case_name: SM/CEN/OOB/BV-03-C
    description: Please enter 6 digit passkey code.
    style: MMI_Style_Edit1 0x12040
2025-03-06 01:45:21,208 LT1-callback ClientCallback.on_implicit_send INFO client.py                 71    logger_log                : Calling test cases on_implicit_send
2025-03-06 01:45:21,208 LT1-callback ClientCallback.on_implicit_send INFO client.py                 71    logger_log                : 
    on_implicit_send returned response: WAIT
    END OnImplicitSend
    ********************
2025-03-06 01:45:22,206 LT1-thread root DEBUG client.py                 71    logger_log                : SM SM/CEN/OOB/BV-03-C on_implicit_send
2025-03-06 01:45:22,206 LT1-thread root DEBUG client.py                 71    logger_log                : sm_wid_hdl, 104, Please enter 6 digit passkey code., SM/CEN/OOB/BV-03-C
2025-03-06 01:45:22,206 LT1-thread root DEBUG client.py                 71    logger_log                : Sending response '686060' to wid 104 test case SM/CEN/OOB/BV-03-C
2025-03-06 01:45:22,209 LT1-thread root DEBUG client.py                 71    logger_log                : ClientCallback.get_result run_test_case
2025-03-06 01:45:22,701 LT1-callback ClientCallback.on_implicit_send INFO client.py                 71    logger_log                : 
    ********************
    BEGIN OnImplicitSend:
    project_name: SM
    wid: 102
    test_case_name: SM/CEN/OOB/BV-03-C
    description: Please initiate a disconnection to the PTS.

Description: Verify that the Implementation Under Test(IUT) can initiate a disconnect request to PTS.
    style: MMI_Style_Ok_Cancel2 0x11141
2025-03-06 01:45:22,701 LT1-callback ClientCallback.on_implicit_send INFO client.py                 71    logger_log                : Calling test cases on_implicit_send
2025-03-06 01:45:22,702 LT1-callback ClientCallback.on_implicit_send INFO client.py                 71    logger_log                : 
    on_implicit_send returned response: WAIT
    END OnImplicitSend
    ********************
2025-03-06 01:45:22,868 BTPWorkerThread-11426 (_rx_task) root DEBUG client.py                 71    logger_log                : Read 5 bytes
2025-03-06 01:45:22,868 BTPWorkerThread-11426 (_rx_task) root DEBUG client.py                 71    logger_log                : Received: hdr: Header(svc_id=0x01, op=0x89, ctrl_index=0x00, data_len=0x08) bytearray(b'\x01\x89\x00\x08\x00')
2025-03-06 01:45:22,869 BTPWorkerThread-11426 (_rx_task) root DEBUG client.py                 71    logger_log                : Read 8 bytes data
2025-03-06 01:45:22,869 BTPWorkerThread-11426 (_rx_task) root DEBUG client.py                 71    logger_log                : Received data: {'00 2a de 25 e8 07 c0 03'}, bytearray(b'\x00*\xde%\xe8\x07\xc0\x03')
2025-03-06 01:45:22,869 BTPWorkerThread-11426 (_rx_task) root DEBUG client.py                 71    logger_log                : event_handler Header(svc_id=1, op=137, ctrl_index=0, data_len=8) (b'\x00*\xde%\xe8\x07\xc0\x03',)
2025-03-06 01:45:22,869 BTPWorkerThread-11426 (_rx_task) root DEBUG client.py                 71    logger_log                : gap_sec_level_changed_ev_
2025-03-06 01:45:22,869 BTPWorkerThread-11426 (_rx_task) root DEBUG client.py                 71    logger_log                : received b'\x00*\xde%\xe8\x07\xc0\x03'
2025-03-06 01:45:22,869 BTPWorkerThread-11426 (_rx_task) root DEBUG client.py                 71    logger_log                : received (0, 'c007e825de2a', 3)
2025-03-06 01:45:23,218 LT1-thread root DEBUG client.py                 71    logger_log                : SM SM/CEN/OOB/BV-03-C on_implicit_send
2025-03-06 01:45:23,218 LT1-thread root DEBUG client.py                 71    logger_log                : sm_wid_hdl, 102, Please initiate a disconnection to the PTS.

Description: Verify that the Implementation Under Test(IUT) can initiate a disconnect request to PTS., SM/CEN/OOB/BV-03-C
2025-03-06 01:45:23,218 LT1-thread root DEBUG client.py                 71    logger_log                : gap_disconn None None
2025-03-06 01:45:23,218 LT1-thread root DEBUG client.py                 71    logger_log                : send, 1 15 0 "bytearray(b'\\x00*\\xde%\\xe8\\x07\\xc0')"
2025-03-06 01:45:23,218 LT1-thread root DEBUG client.py                 71    logger_log                : sending frame '010f000700002ade25e807c0'
2025-03-06 01:45:23,219 LT1-thread root DEBUG client.py                 71    logger_log                : read
2025-03-06 01:45:23,298 BTPWorkerThread-11426 (_rx_task) root DEBUG client.py                 71    logger_log                : Read 5 bytes
2025-03-06 01:45:23,329 BTPWorkerThread-11426 (_rx_task) root DEBUG client.py                 71    logger_log                : Received: hdr: Header(svc_id=0x01, op=0x0f, ctrl_index=0x00, data_len=0x00) bytearray(b'\x01\x0f\x00\x00\x00')
2025-03-06 01:45:23,360 BTPWorkerThread-11426 (_rx_task) root DEBUG client.py                 71    logger_log                : Received data: {''}, bytearray(b'')
2025-03-06 01:45:23,393 BTPWorkerThread-11426 (_rx_task) root DEBUG client.py                 71    logger_log                : Read 5 bytes
2025-03-06 01:45:23,408 BTPWorkerThread-11426 (_rx_task) root DEBUG client.py                 71    logger_log                : Received: hdr: Header(svc_id=0x01, op=0x83, ctrl_index=0x00, data_len=0x07) bytearray(b'\x01\x83\x00\x07\x00')
2025-03-06 01:45:23,470 BTPWorkerThread-11426 (_rx_task) root DEBUG client.py                 71    logger_log                : Read 7 bytes data
2025-03-06 01:45:23,502 BTPWorkerThread-11426 (_rx_task) root DEBUG client.py                 71    logger_log                : Received data: {'00 2a de 25 e8 07 c0'}, bytearray(b'\x00*\xde%\xe8\x07\xc0')
2025-03-06 01:45:23,550 BTPWorkerThread-11426 (_rx_task) root DEBUG client.py                 71    logger_log                : event_handler Header(svc_id=1, op=131, ctrl_index=0, data_len=7) (b'\x00*\xde%\xe8\x07\xc0',)
2025-03-06 01:45:23,566 BTPWorkerThread-11426 (_rx_task) root DEBUG client.py                 71    logger_log                : gap_disconnected_ev_ b'\x00*\xde%\xe8\x07\xc0'
2025-03-06 01:45:23,566 LT1-thread root DEBUG client.py                 71    logger_log                : Sending response 'OK' to wid 102 test case SM/CEN/OOB/BV-03-C
2025-03-06 01:45:23,569 LT1-thread root DEBUG client.py                 71    logger_log                : ClientCallback.get_result run_test_case
2025-03-06 01:45:26,858 LT1-callback ClientCallback.log INFO client.py                 71    logger_log                : PTS_LOGTYPE_START_TEST Start Test Case 

+46 ms
 SM/CEN/OOB/BV-03-C SM/CEN/OOB/BV-03-C

2025-03-06 01:45:27,379 LT1-callback ClientCallback.log INFO client.py                 71    logger_log                : PTS_LOGTYPE_FINAL_VERDICT Final Verdict 

+13484 ms
 SM/CEN/OOB/BV-03-C PASS

2025-03-06 01:45:27,387 LT1-callback ClientCallback.log INFO client.py                 71    logger_log                : PTS_LOGTYPE_FINAL_VERDICT Encrypted Verdict 

+13484 ms
 SM/CEN/OOB/BV-03-C A1#ZWY4MzQ5MDg3MmQwNTIxOGQzMzQ5YjY2ODA5M2MzNjQ5ZDY4NmY0Yjc2MzIzM2VkNTUyNTFhNGU4Mjg1MjI0NA==#Q2mZCWzr3hRA1WwvdQcT8e2MkxhTIZJ7kniJqt37CdHJKyEi88EVZNJq3fJVTyop

2025-03-06 01:45:27,486 LT1-callback ClientCallback.log INFO client.py                 71    logger_log                : PTS_LOGTYPE_END_TEST Test Case Ended 

+13484 ms
 SM/CEN/OOB/BV-03-C SM/CEN/OOB/BV-03-C

2025-03-06 01:45:27,605 LT1-callback root DEBUG client.py                 71    logger_log                : ClientCallback, set_result, run_test_case, PASS
2025-03-06 01:45:27,605 LT1-thread root DEBUG client.py                 71    logger_log                : After run_test_case error_code=0 status='PASS'
2025-03-06 01:45:27,605 LT1-thread root DEBUG client.py                 71    logger_log                : post_run SM SM/CEN/OOB/BV-03-C 0
2025-03-06 01:45:27,605 LT1-thread root DEBUG client.py                 71    logger_log                : Starting test function: class=<class 'autopts.ptsprojects.testcase.TestFuncCleanUp'>, func=<bound method Stack.cleanup of <autopts.ptsprojects.stack.stack.Stack object at 0x0000022DC2EF3CD0>> start_wid=None stop_wid=None post_wid=None skip_call=None call_count=1 args=() kwds={}
2025-03-06 01:45:27,615 LT1-thread root DEBUG client.py                 71    logger_log                : Test function parameters: args=(), kwds={}
2025-03-06 01:45:27,615 LT1-thread root DEBUG client.py                 71    logger_log                : Starting test function: class=<class 'autopts.ptsprojects.testcase.TestFuncCleanUp'>, func=<bound method ZephyrCtl.stop of <autopts.ptsprojects.zephyr.iutctl.ZephyrCtl object at 0x0000022DC2EF3ED0>> start_wid=None stop_wid=None post_wid=None skip_call=None call_count=1 args=() kwds={}
2025-03-06 01:45:27,615 LT1-thread root DEBUG client.py                 71    logger_log                : Test function parameters: args=(), kwds={}
2025-03-06 01:45:27,615 LT1-thread root DEBUG client.py                 71    logger_log                : <class 'autopts.ptsprojects.zephyr.iutctl.ZephyrCtl'>.stop
2025-03-06 01:45:27,615 LT1-thread root DEBUG client.py                 71    logger_log                : About to reset DUT: JLink -CommandFile reset.jlink -usb 1064371884 -device MCXW716
2025-03-06 01:45:28,182 BTPWorkerThread-11426 (_rx_task) root DEBUG client.py                 71    logger_log                : Read 5 bytes
2025-03-06 01:45:28,214 BTPWorkerThread-11426 (_rx_task) root DEBUG client.py                 71    logger_log                : Received: hdr: Header(svc_id=0x00, op=0x80, ctrl_index=0xff, data_len=0x00) bytearray(b'\x00\x80\xff\x00\x00')
2025-03-06 01:45:28,246 BTPWorkerThread-11426 (_rx_task) root DEBUG client.py                 71    logger_log                : Received data: {''}, bytearray(b'')
2025-03-06 01:45:28,292 BTPWorkerThread-11426 (_rx_task) root DEBUG client.py                 71    logger_log                : event_handler Header(svc_id=0, op=128, ctrl_index=255, data_len=0) (b'',)
2025-03-06 01:45:28,323 BTPWorkerThread-11426 (_rx_task) root DEBUG client.py                 71    logger_log                : core_iut_ready_ev
2025-03-06 01:45:28,354 LT1-thread root DEBUG client.py                 71    logger_log                : IUT ready event received OK
2025-03-06 01:45:28,354 LT1-thread root DEBUG client.py                 71    logger_log                : Waiting for _rx_worker to finish ...
2025-03-06 01:45:29,360 BTPWorkerThread-11426 (_rx_task) root DEBUG client.py                 71    logger_log                : BTPWorkerThread-11426 (_rx_task) finishing...
2025-03-06 01:45:29,360 LT1-thread root DEBUG client.py                 71    logger_log                : Waiting for _rx_worker to finish ...
2025-03-06 01:45:32,367 LT1-thread root DEBUG client.py                 71    logger_log                : post_run, cleanup running post test case script
2025-03-06 01:45:32,368 LT1-thread root DEBUG client.py                 71    logger_log                : post_run, run post test case script
2025-03-06 01:45:32,586 LT1-thread root DEBUG client.py                 71    logger_log                : Done TestCase _run_test_case SM SM/CEN/OOB/BV-03-C
