< 2025/01/09 13:10:14.510757  length=5 from=0 to=4
 00 80 ff 00 00                                   .....
--
> 2025/01/09 13:10:24.351589  length=6 from=0 to=5
 00 03 ff 01 00 01                                ......
--
< 2025/01/09 13:10:24.397595  length=5 from=5 to=9
 00 03 ff 00 00                                   .....
--
> 2025/01/09 13:10:24.473527  length=5 from=6 to=10
 01 03 00 00 00                                   .....
--
< 2025/01/09 13:10:25.330642  length=160 from=10 to=169
 01 03 00 15 01 28 00 03 37 60 00 13 06 02 00 13  .....(..7`......
 02 00 00 00 00 00 62 74 70 5f 74 65 73 74 65 72  ......btp_tester
 00 00 00 00 00 00 00 00 00 00 00 00 00 00 00 00  ................
 00 00 00 00 00 00 00 00 00 00 00 00 00 00 00 00  ................
 00 00 00 00 00 00 00 00 00 00 00 00 00 00 00 00  ................
 00 00 00 00 00 00 00 00 00 00 00 00 00 00 00 00  ................
 00 00 00 00 00 00 00 00 00 00 00 00 00 00 00 00  ................
 00 00 00 00 00 00 00 00 00 00 00 00 00 00 00 00  ................
 00 00 00 00 00 00 00 00 00 00 00 00 00 00 00 00  ................
 00 00 00 00 00 00 00 00 00 00 00 00 00 00 00 00  ................
--
< 2025/01/09 13:10:25.344430  length=122 from=170 to=291
 00 00 00 00 00 00 00 00 00 00 00 00 00 00 00 00  ................
 00 00 00 00 00 00 00 00 00 00 00 00 00 00 00 00  ................
 00 00 00 00 00 00 00 00 00 00 00 00 00 00 00 00  ................
 00 00 00 00 00 00 00 00 00 00 00 00 00 00 00 00  ................
 00 00 00 00 00 00 00 00 00 00 00 00 00 00 00 00  ................
 00 00 00 00 00 00 00 00 00 00 00 00 00 00 00 00  ................
 00 00 00 00 00 00 00 00 00 00 00 00 00 00 00 00  ................
 00 00 00 00 00 00 00 00 00 00                    ..........
--
> 2025/01/09 13:10:27.474588  length=27 from=11 to=37
 01 0a                                            ..
 00 16 00 0f 00 09 0d 54 65 73 74 65 72 5f 35 39  .......Tester_59
 46 32 45 36 ff ff ff ff 00                       F2E6.....
--
< 2025/01/09 13:10:27.490627  length=9 from=292 to=300
 01 0a                                            ..
 00 04 00 13 06 00 00                             .......
--
< 2025/01/09 13:10:28.202658  length=27 from=301 to=327
 01 82 00 0d 00 00 e6 f2 59 e8 07 c0 38 00 00 00  ........Y...8...
 d0 07 01 80 00 04 00 13 02 00 00                 ...........
--
< 2025/01/09 13:10:33.260690  length=12 from=328 to=339
 01 83 00 07 00 00 e6 f2 59 e8 07 c0              ........Y...
--
< 2025/01/09 13:10:37.290400  length=5 from=340 to=344
 00 80 ff 00 00                                   .....
--
