2025-01-05 00:20:33,627 LT1-thread root DEBUG client.py                 71    logger_log                : Starting TestCase _run_test_case GAP GAP/SEC/SEM/BV-24-C
2025-01-05 00:20:33,627 LT1-thread root DEBUG client.py                 71    logger_log                : pre_run GAP GAP/SEC/SEM/BV-24-C
2025-01-05 00:20:33,627 LT1-thread root DEBUG client.py                 71    logger_log                : About to run test case GAP GAP/SEC/SEM/BV-24-C with commands:
2025-01-05 00:20:33,627 LT1-thread root DEBUG client.py                 71    logger_log                : 0) class=<class 'autopts.ptsprojects.testcase.TestFunc'>, func=<bound method Stack.core_init of <autopts.ptsprojects.stack.stack.Stack object at 0x000001CE003A0450>> start_wid=None stop_wid=None post_wid=None skip_call=None call_count=0 args=() kwds={}
2025-01-05 00:20:33,627 LT1-thread root DEBUG client.py                 71    logger_log                : 1) class=<class 'autopts.ptsprojects.testcase.TestFunc'>, func=<bound method ZephyrCtl.hw_reset of <autopts.ptsprojects.zephyr.iutctl.ZephyrCtl object at 0x000001CE7D2B9F50>> start_wid=None stop_wid=None post_wid=None skip_call=None call_count=0 args=() kwds={}
2025-01-05 00:20:33,627 LT1-thread root DEBUG client.py                 71    logger_log                : 2) class=<class 'autopts.ptsprojects.testcase.TestFunc'>, func=<bound method ZephyrCtl.start of <autopts.ptsprojects.zephyr.iutctl.ZephyrCtl object at 0x000001CE7D2B9F50>> start_wid=None stop_wid=None post_wid=None skip_call=None call_count=0 args=(<autopts.ptsprojects.zephyr.ztestcase.ZTestCase object at 0x000001CE007EDD90>,) kwds={}
2025-01-05 00:20:33,627 LT1-thread root DEBUG client.py                 71    logger_log                : 3) class=<class 'autopts.ptsprojects.testcase.TestFunc'>, func=<bound method ZephyrCtl.hw_reset of <autopts.ptsprojects.zephyr.iutctl.ZephyrCtl object at 0x000001CE7D2B9F50>> start_wid=None stop_wid=None post_wid=None skip_call=None call_count=0 args=() kwds={}
2025-01-05 00:20:33,637 LT1-thread root DEBUG client.py                 71    logger_log                : 4) class=<class 'autopts.ptsprojects.testcase.TestFunc'>, func=<bound method ZephyrCtl.wait_iut_ready_event of <autopts.ptsprojects.zephyr.iutctl.ZephyrCtl object at 0x000001CE7D2B9F50>> start_wid=None stop_wid=None post_wid=None skip_call=None call_count=0 args=(False,) kwds={}
2025-01-05 00:20:33,637 LT1-thread root DEBUG client.py                 71    logger_log                : 5) class=<class 'autopts.ptsprojects.testcase.TestFunc'>, func=<function core_reg_svc_gap at 0x000001CE7BEB4540> start_wid=None stop_wid=None post_wid=None skip_call=None call_count=131 args=() kwds={}
2025-01-05 00:20:33,637 LT1-thread root DEBUG client.py                 71    logger_log                : 6) class=<class 'autopts.ptsprojects.testcase.TestFunc'>, func=<bound method Stack.gap_init of <autopts.ptsprojects.stack.stack.Stack object at 0x000001CE003A0450>> start_wid=None stop_wid=None post_wid=None skip_call=None call_count=131 args=(b'Tester_25DE2A', 'ABCD', '1111', '1111', '11', '1111', b'\x17github.com/auto-pts', (8, 'PADV_Tester'), 'FF') kwds={}
2025-01-05 00:20:33,637 LT1-thread root DEBUG client.py                 71    logger_log                : 7) class=<class 'autopts.ptsprojects.testcase.TestFunc'>, func=<function gap_read_ctrl_info at 0x000001CE7BEC4400> start_wid=None stop_wid=None post_wid=None skip_call=None call_count=131 args=() kwds={}
2025-01-05 00:20:33,637 LT1-thread root DEBUG client.py                 71    logger_log                : 8) class=<class 'autopts.ptsprojects.testcase.TestFunc'>, func=<function test_cases.<locals>.<lambda> at 0x000001CE006623E0> start_wid=None stop_wid=None post_wid=None skip_call=None call_count=131 args=() kwds={}
2025-01-05 00:20:33,637 LT1-thread root DEBUG client.py                 71    logger_log                : 9) class=<class 'autopts.ptsprojects.testcase.TestFunc'>, func=<function test_cases.<locals>.<lambda> at 0x000001CE00662480> start_wid=None stop_wid=None post_wid=None skip_call=None call_count=131 args=() kwds={}
2025-01-05 00:20:33,637 LT1-thread root DEBUG client.py                 71    logger_log                : 10) class=<class 'autopts.ptsprojects.testcase.TestFunc'>, func=<function test_cases.<locals>.<lambda> at 0x000001CE00662520> start_wid=None stop_wid=None post_wid=None skip_call=None call_count=131 args=() kwds={}
2025-01-05 00:20:33,637 LT1-thread root DEBUG client.py                 71    logger_log                : 11) class=<class 'autopts.ptsprojects.testcase.TestFunc'>, func=<function test_cases.<locals>.<lambda> at 0x000001CE006625C0> start_wid=None stop_wid=None post_wid=None skip_call=None call_count=131 args=() kwds={}
2025-01-05 00:20:33,637 LT1-thread root DEBUG client.py                 71    logger_log                : 12) class=<class 'autopts.ptsprojects.testcase.TestFunc'>, func=<function test_cases.<locals>.<lambda> at 0x000001CE00662660> start_wid=None stop_wid=None post_wid=None skip_call=None call_count=131 args=() kwds={}
2025-01-05 00:20:33,637 LT1-thread root DEBUG client.py                 71    logger_log                : 13) class=<class 'autopts.ptsprojects.testcase.TestFunc'>, func=<function test_cases.<locals>.<lambda> at 0x000001CE00662700> start_wid=None stop_wid=None post_wid=None skip_call=None call_count=131 args=() kwds={}
2025-01-05 00:20:33,637 LT1-thread root DEBUG client.py                 71    logger_log                : 14) class=<class 'autopts.ptsprojects.testcase.TestFunc'>, func=<function test_cases.<locals>.<lambda> at 0x000001CE006627A0> start_wid=None stop_wid=None post_wid=None skip_call=None call_count=131 args=() kwds={}
2025-01-05 00:20:33,637 LT1-thread root DEBUG client.py                 71    logger_log                : 15) class=<class 'autopts.ptsprojects.testcase.TestFunc'>, func=<function test_cases.<locals>.<lambda> at 0x000001CE00662840> start_wid=None stop_wid=None post_wid=None skip_call=None call_count=131 args=() kwds={}
2025-01-05 00:20:33,637 LT1-thread root DEBUG client.py                 71    logger_log                : 16) class=<class 'autopts.ptsprojects.testcase.TestFunc'>, func=<function test_cases.<locals>.<lambda> at 0x000001CE006628E0> start_wid=None stop_wid=None post_wid=None skip_call=None call_count=131 args=() kwds={}
2025-01-05 00:20:33,637 LT1-thread root DEBUG client.py                 71    logger_log                : 17) class=<class 'autopts.ptsprojects.testcase.TestFunc'>, func=<function test_cases.<locals>.<lambda> at 0x000001CE00662980> start_wid=None stop_wid=None post_wid=None skip_call=None call_count=131 args=() kwds={}
2025-01-05 00:20:33,637 LT1-thread root DEBUG client.py                 71    logger_log                : 18) class=<class 'autopts.ptsprojects.testcase.TestFunc'>, func=<function test_cases.<locals>.<lambda> at 0x000001CE00662A20> start_wid=None stop_wid=None post_wid=None skip_call=None call_count=131 args=() kwds={}
2025-01-05 00:20:33,637 LT1-thread root DEBUG client.py                 71    logger_log                : 19) class=<class 'autopts.ptsprojects.testcase.TestFunc'>, func=<function test_cases.<locals>.<lambda> at 0x000001CE00662AC0> start_wid=None stop_wid=None post_wid=None skip_call=None call_count=131 args=() kwds={}
2025-01-05 00:20:33,637 LT1-thread root DEBUG client.py                 71    logger_log                : 20) class=<class 'autopts.ptsprojects.testcase.TestFunc'>, func=<function core_reg_svc_gatt at 0x000001CE7BEB4680> start_wid=None stop_wid=None post_wid=None skip_call=None call_count=131 args=() kwds={}
2025-01-05 00:20:33,637 LT1-thread root DEBUG client.py                 71    logger_log                : 21) class=<class 'autopts.ptsprojects.testcase.TestFunc'>, func=<bound method Stack.gatt_init of <autopts.ptsprojects.stack.stack.Stack object at 0x000001CE003A0450>> start_wid=None stop_wid=None post_wid=None skip_call=None call_count=131 args=() kwds={}
2025-01-05 00:20:33,637 LT1-thread root DEBUG client.py                 71    logger_log                : 22) class=<class 'autopts.ptsprojects.testcase.TestFunc'>, func=<function gap_set_io_cap at 0x000001CE7BEB7920> start_wid=None stop_wid=None post_wid=None skip_call=None call_count=131 args=(4,) kwds={}
2025-01-05 00:20:33,637 LT1-thread root DEBUG client.py                 71    logger_log                : 23) class=<class 'autopts.ptsprojects.testcase.TestFunc'>, func=<function set_pts_addr at 0x000001CE7BEB40E0> start_wid=None stop_wid=None post_wid=None skip_call=None call_count=131 args=('C0:07:E8:25:DE:2A', 0) kwds={}
2025-01-05 00:20:33,637 LT1-thread root DEBUG client.py                 71    logger_log                : 24) class=<class 'autopts.ptsprojects.testcase.TestFunc'>, func=<function gatts_add_svc at 0x000001CE7BEC5DA0> start_wid=None stop_wid=None post_wid=None skip_call=None call_count=130 args=(0, 'AA51') kwds={}
2025-01-05 00:20:33,637 LT1-thread root DEBUG client.py                 71    logger_log                : 25) class=<class 'autopts.ptsprojects.testcase.TestFunc'>, func=<function gatts_add_char at 0x000001CE7BEC5EE0> start_wid=None stop_wid=None post_wid=None skip_call=None call_count=130 args=(0, 2, 17, 'AA52') kwds={}
2025-01-05 00:20:33,637 LT1-thread root DEBUG client.py                 71    logger_log                : 26) class=<class 'autopts.ptsprojects.testcase.TestFunc'>, func=<function gatts_set_val at 0x000001CE7BEC5F80> start_wid=None stop_wid=None post_wid=None skip_call=None call_count=130 args=(0, '01') kwds={}
2025-01-05 00:20:33,637 LT1-thread root DEBUG client.py                 71    logger_log                : 27) class=<class 'autopts.ptsprojects.testcase.TestFunc'>, func=<function gatts_add_char at 0x000001CE7BEC5EE0> start_wid=None stop_wid=None post_wid=None skip_call=None call_count=130 args=(0, 2, 5, 'AA53') kwds={}
2025-01-05 00:20:33,637 LT1-thread root DEBUG client.py                 71    logger_log                : 28) class=<class 'autopts.ptsprojects.testcase.TestFunc'>, func=<function gatts_set_val at 0x000001CE7BEC5F80> start_wid=None stop_wid=None post_wid=None skip_call=None call_count=130 args=(0, '02') kwds={}
2025-01-05 00:20:33,637 LT1-thread root DEBUG client.py                 71    logger_log                : 29) class=<class 'autopts.ptsprojects.testcase.TestFunc'>, func=<function gatts_add_char at 0x000001CE7BEC5EE0> start_wid=None stop_wid=None post_wid=None skip_call=None call_count=130 args=(0, 66, 3, 'AA54') kwds={}
2025-01-05 00:20:33,637 LT1-thread root DEBUG client.py                 71    logger_log                : 30) class=<class 'autopts.ptsprojects.testcase.TestFunc'>, func=<function gatts_set_val at 0x000001CE7BEC5F80> start_wid=None stop_wid=None post_wid=None skip_call=None call_count=130 args=(0, '03') kwds={}
2025-01-05 00:20:33,637 LT1-thread root DEBUG client.py                 71    logger_log                : 31) class=<class 'autopts.ptsprojects.testcase.TestFunc'>, func=<function gatts_add_char at 0x000001CE7BEC5EE0> start_wid=None stop_wid=None post_wid=None skip_call=None call_count=130 args=(0, 10, 48, 'AA55') kwds={}
2025-01-05 00:20:33,637 LT1-thread root DEBUG client.py                 71    logger_log                : 32) class=<class 'autopts.ptsprojects.testcase.TestFunc'>, func=<function gatts_set_val at 0x000001CE7BEC5F80> start_wid=None stop_wid=None post_wid=None skip_call=None call_count=130 args=(0, '04') kwds={}
2025-01-05 00:20:33,637 LT1-thread root DEBUG client.py                 71    logger_log                : 33) class=<class 'autopts.ptsprojects.testcase.TestFunc'>, func=<function gatts_start_server at 0x000001CE7BEC6200> start_wid=None stop_wid=None post_wid=None skip_call=None call_count=130 args=() kwds={}
2025-01-05 00:20:33,637 LT1-thread root DEBUG client.py                 71    logger_log                : 34) class=<class 'autopts.ptsprojects.testcase.TestFuncCleanUp'>, func=<bound method Stack.cleanup of <autopts.ptsprojects.stack.stack.Stack object at 0x000001CE003A0450>> start_wid=None stop_wid=None post_wid=None skip_call=None call_count=0 args=() kwds={}
2025-01-05 00:20:33,637 LT1-thread root DEBUG client.py                 71    logger_log                : 35) class=<class 'autopts.ptsprojects.testcase.TestFuncCleanUp'>, func=<bound method ZephyrCtl.stop of <autopts.ptsprojects.zephyr.iutctl.ZephyrCtl object at 0x000001CE7D2B9F50>> start_wid=None stop_wid=None post_wid=None skip_call=None call_count=0 args=() kwds={}
2025-01-05 00:20:33,647 LT1-thread root DEBUG client.py                 71    logger_log                : pre_run, run pre test case script
2025-01-05 00:20:33,667 LT1-thread root DEBUG client.py                 71    logger_log                : Starting test function: class=<class 'autopts.ptsprojects.testcase.TestFunc'>, func=<bound method Stack.core_init of <autopts.ptsprojects.stack.stack.Stack object at 0x000001CE003A0450>> start_wid=None stop_wid=None post_wid=None skip_call=None call_count=1 args=() kwds={}
2025-01-05 00:20:33,667 LT1-thread root DEBUG client.py                 71    logger_log                : Test function parameters: args=(), kwds={}
2025-01-05 00:20:33,667 LT1-thread root DEBUG client.py                 71    logger_log                : Starting test function: class=<class 'autopts.ptsprojects.testcase.TestFunc'>, func=<bound method ZephyrCtl.hw_reset of <autopts.ptsprojects.zephyr.iutctl.ZephyrCtl object at 0x000001CE7D2B9F50>> start_wid=None stop_wid=None post_wid=None skip_call=None call_count=1 args=() kwds={}
2025-01-05 00:20:33,667 LT1-thread root DEBUG client.py                 71    logger_log                : Test function parameters: args=(), kwds={}
2025-01-05 00:20:33,667 LT1-thread root DEBUG client.py                 71    logger_log                : Starting test function: class=<class 'autopts.ptsprojects.testcase.TestFunc'>, func=<bound method ZephyrCtl.start of <autopts.ptsprojects.zephyr.iutctl.ZephyrCtl object at 0x000001CE7D2B9F50>> start_wid=None stop_wid=None post_wid=None skip_call=None call_count=1 args=(<autopts.ptsprojects.zephyr.ztestcase.ZTestCase object at 0x000001CE007EDD90>,) kwds={}
2025-01-05 00:20:33,667 LT1-thread root DEBUG client.py                 71    logger_log                : Test function parameters: args=(<autopts.ptsprojects.zephyr.ztestcase.ZTestCase object at 0x000001CE007EDD90>,), kwds={}
2025-01-05 00:20:33,667 LT1-thread root DEBUG client.py                 71    logger_log                : <class 'autopts.ptsprojects.zephyr.iutctl.ZephyrCtl'>.start
2025-01-05 00:20:33,667 LT1-thread root DEBUG client.py                 71    logger_log                : <class 'autopts.ptsprojects.zephyr.iutctl.ZephyrCtl'>.flush_serial
2025-01-05 00:20:35,037 LT1-thread root DEBUG client.py                 71    logger_log                : Starting socat process: socat.exe -x -v tcp:10.192.253.135:58578,retry=100,interval=1 /dev/ttyS34,raw,b115200
2025-01-05 00:20:35,067 LT1-thread root DEBUG client.py                 71    logger_log                : accept
2025-01-05 00:20:35,267 BTPWorkerThread-12347 (_rx_task) root DEBUG client.py                 71    logger_log                : BTPWorkerThread-12347 (_rx_task) started
2025-01-05 00:20:35,267 LT1-thread root DEBUG client.py                 71    logger_log                : Starting test function: class=<class 'autopts.ptsprojects.testcase.TestFunc'>, func=<bound method ZephyrCtl.hw_reset of <autopts.ptsprojects.zephyr.iutctl.ZephyrCtl object at 0x000001CE7D2B9F50>> start_wid=None stop_wid=None post_wid=None skip_call=None call_count=1 args=() kwds={}
2025-01-05 00:20:35,267 LT1-thread root DEBUG client.py                 71    logger_log                : Test function parameters: args=(), kwds={}
2025-01-05 00:20:35,267 LT1-thread root DEBUG client.py                 71    logger_log                : Starting test function: class=<class 'autopts.ptsprojects.testcase.TestFunc'>, func=<bound method ZephyrCtl.wait_iut_ready_event of <autopts.ptsprojects.zephyr.iutctl.ZephyrCtl object at 0x000001CE7D2B9F50>> start_wid=None stop_wid=None post_wid=None skip_call=None call_count=1 args=(False,) kwds={}
2025-01-05 00:20:35,267 LT1-thread root DEBUG client.py                 71    logger_log                : Test function parameters: args=(False,), kwds={}
2025-01-05 00:20:35,267 LT1-thread root DEBUG client.py                 71    logger_log                : IUT ready event received OK
2025-01-05 00:20:35,267 LT1-thread root DEBUG client.py                 71    logger_log                : <class 'autopts.rtt.RTTLogger'>.start
2025-01-05 00:20:35,267 LT1-thread root DEBUG client.py                 71    logger_log                : <class 'autopts.rtt.RTT'>.start
2025-01-05 00:20:36,719 BTPWorkerThread-12347 (_rx_task) root DEBUG client.py                 71    logger_log                : Read 5 bytes
2025-01-05 00:20:36,720 BTPWorkerThread-12347 (_rx_task) root DEBUG client.py                 71    logger_log                : Received: hdr: Header(svc_id=0x00, op=0x80, ctrl_index=0xff, data_len=0x00) bytearray(b'\x00\x80\xff\x00\x00')
2025-01-05 00:20:36,720 BTPWorkerThread-12347 (_rx_task) root DEBUG client.py                 71    logger_log                : Received data: {''}, bytearray(b'')
2025-01-05 00:20:36,720 BTPWorkerThread-12347 (_rx_task) root DEBUG client.py                 71    logger_log                : event_handler Header(svc_id=0, op=128, ctrl_index=255, data_len=0) (b'',)
2025-01-05 00:20:36,720 BTPWorkerThread-12347 (_rx_task) root DEBUG client.py                 71    logger_log                : core_iut_ready_ev
2025-01-05 00:20:46,490 LT1-thread root DEBUG client.py                 71    logger_log                : Starting test function: class=<class 'autopts.ptsprojects.testcase.TestFunc'>, func=<function core_reg_svc_gap at 0x000001CE7BEB4540> start_wid=None stop_wid=None post_wid=None skip_call=None call_count=132 args=() kwds={}
2025-01-05 00:20:46,490 LT1-thread root DEBUG client.py                 71    logger_log                : Test function parameters: args=(), kwds={}
2025-01-05 00:20:46,491 LT1-thread root DEBUG client.py                 71    logger_log                : core_reg_svc_gap
2025-01-05 00:20:46,491 LT1-thread root DEBUG client.py                 71    logger_log                : send, 0 3 255 '1'
2025-01-05 00:20:46,491 LT1-thread root DEBUG client.py                 71    logger_log                : sending frame '0003ff010001'
2025-01-05 00:20:46,491 LT1-thread root DEBUG client.py                 71    logger_log                : core_reg_svc_rsp_succ
2025-01-05 00:20:46,492 LT1-thread root DEBUG client.py                 71    logger_log                : read
2025-01-05 00:20:46,564 BTPWorkerThread-12347 (_rx_task) root DEBUG client.py                 71    logger_log                : Read 5 bytes
2025-01-05 00:20:46,575 BTPWorkerThread-12347 (_rx_task) root DEBUG client.py                 71    logger_log                : Received: hdr: Header(svc_id=0x00, op=0x03, ctrl_index=0xff, data_len=0x00) bytearray(b'\x00\x03\xff\x00\x00')
2025-01-05 00:20:46,591 BTPWorkerThread-12347 (_rx_task) root DEBUG client.py                 71    logger_log                : Received data: {''}, bytearray(b'')
2025-01-05 00:20:46,591 LT1-thread root DEBUG client.py                 71    logger_log                : received Header(svc_id=0, op=3, ctrl_index=255, data_len=0) (b'',)
2025-01-05 00:20:46,591 LT1-thread root DEBUG client.py                 71    logger_log                : expected ((0, 3, 255, 0), (b'',))
2025-01-05 00:20:46,592 LT1-thread root DEBUG client.py                 71    logger_log                : response is valid
2025-01-05 00:20:46,592 LT1-thread root DEBUG client.py                 71    logger_log                : Starting test function: class=<class 'autopts.ptsprojects.testcase.TestFunc'>, func=<bound method Stack.gap_init of <autopts.ptsprojects.stack.stack.Stack object at 0x000001CE003A0450>> start_wid=None stop_wid=None post_wid=None skip_call=None call_count=132 args=(b'Tester_25DE2A', 'ABCD', '1111', '1111', '11', '1111', b'\x17github.com/auto-pts', (8, 'PADV_Tester'), 'FF') kwds={}
2025-01-05 00:20:46,592 LT1-thread root DEBUG client.py                 71    logger_log                : Test function parameters: args=(b'Tester_25DE2A', 'ABCD', '1111', '1111', '11', '1111', b'\x17github.com/auto-pts', (8, 'PADV_Tester'), 'FF'), kwds={}
2025-01-05 00:20:46,592 LT1-thread root DEBUG client.py                 71    logger_log                : Starting test function: class=<class 'autopts.ptsprojects.testcase.TestFunc'>, func=<function gap_read_ctrl_info at 0x000001CE7BEC4400> start_wid=None stop_wid=None post_wid=None skip_call=None call_count=132 args=() kwds={}
2025-01-05 00:20:46,593 LT1-thread root DEBUG client.py                 71    logger_log                : Test function parameters: args=(), kwds={}
2025-01-05 00:20:46,593 LT1-thread root DEBUG client.py                 71    logger_log                : gap_read_ctrl_info
2025-01-05 00:20:46,593 LT1-thread root DEBUG client.py                 71    logger_log                : send, 1 3 0 ''
2025-01-05 00:20:46,593 LT1-thread root DEBUG client.py                 71    logger_log                : sending frame '0103000000'
2025-01-05 00:20:46,593 LT1-thread root DEBUG client.py                 71    logger_log                : read
2025-01-05 00:20:47,522 BTPWorkerThread-12347 (_rx_task) root DEBUG client.py                 71    logger_log                : Read 5 bytes
2025-01-05 00:20:47,533 BTPWorkerThread-12347 (_rx_task) root DEBUG client.py                 71    logger_log                : Received: hdr: Header(svc_id=0x01, op=0x03, ctrl_index=0x00, data_len=0x115) bytearray(b'\x01\x03\x00\x15\x01')
2025-01-05 00:20:47,550 BTPWorkerThread-12347 (_rx_task) root DEBUG client.py                 71    logger_log                : Read 277 bytes data
2025-01-05 00:20:47,560 BTPWorkerThread-12347 (_rx_task) root DEBUG client.py                 71    logger_log                : Received data: {'39 01 6d 39 7a 40 13 06 02 00 13 22 00 00 00 00 00 62 74 70 5f 74 65 73 74 65 72 00 00 00 00 00 00 00 00 00 00 00 00 00 00 00 00 00 00 00 00 00 00 00 00 00 00 00 00 00 00 00 00 00 00 00 00 00 00 00 00 00 00 00 00 00 00 00 00 00 00 00 00 00 00 00 00 00 00 00 00 00 00 00 00 00 00 00 00 00 00 00 00 00 00 00 00 00 00 00 00 00 00 00 00 00 00 00 00 00 00 00 00 00 00 00 00 00 00 00 00 00 00 00 00 00 00 00 00 00 00 00 00 00 00 00 00 00 00 00 00 00 00 00 00 00 00 00 00 00 00 00 00 00 00 00 00 00 00 00 00 00 00 00 00 00 00 00 00 00 00 00 00 00 00 00 00 00 00 00 00 00 00 00 00 00 00 00 00 00 00 00 00 00 00 00 00 00 00 00 00 00 00 00 00 00 00 00 00 00 00 00 00 00 00 00 00 00 00 00 00 00 00 00 00 00 00 00 00 00 00 00 00 00 00 00 00 00 00 00 00 00 00 00 00 00 00 00 00 00 00 00 00 00 00 00 00 00 00 00 00 00 00 00 00 00 00 00 00 00 00'}, bytearray(b'9\x01m9z@\x13\x06\x02\x00\x13"\x00\x00\x00\x00\x00btp_tester\x00\x00\x00\x00\x00\x00\x00\x00\x00\x00\x00\x00\x00\x00\x00\x00\x00\x00\x00\x00\x00\x00\x00\x00\x00\x00\x00\x00\x00\x00\x00\x00\x00\x00\x00\x00\x00\x00\x00\x00\x00\x00\x00\x00\x00\x00\x00\x00\x00\x00\x00\x00\x00\x00\x00\x00\x00\x00\x00\x00\x00\x00\x00\x00\x00\x00\x00\x00\x00\x00\x00\x00\x00\x00\x00\x00\x00\x00\x00\x00\x00\x00\x00\x00\x00\x00\x00\x00\x00\x00\x00\x00\x00\x00\x00\x00\x00\x00\x00\x00\x00\x00\x00\x00\x00\x00\x00\x00\x00\x00\x00\x00\x00\x00\x00\x00\x00\x00\x00\x00\x00\x00\x00\x00\x00\x00\x00\x00\x00\x00\x00\x00\x00\x00\x00\x00\x00\x00\x00\x00\x00\x00\x00\x00\x00\x00\x00\x00\x00\x00\x00\x00\x00\x00\x00\x00\x00\x00\x00\x00\x00\x00\x00\x00\x00\x00\x00\x00\x00\x00\x00\x00\x00\x00\x00\x00\x00\x00\x00\x00\x00\x00\x00\x00\x00\x00\x00\x00\x00\x00\x00\x00\x00\x00\x00\x00\x00\x00\x00\x00\x00\x00\x00\x00\x00\x00\x00\x00\x00\x00\x00\x00\x00\x00\x00\x00\x00\x00\x00\x00\x00\x00\x00\x00\x00\x00\x00\x00\x00\x00\x00\x00\x00\x00\x00\x00\x00\x00\x00\x00\x00\x00\x00\x00\x00\x00\x00\x00\x00\x00')
2025-01-05 00:20:47,578 LT1-thread root DEBUG client.py                 71    logger_log                : received Header(svc_id=1, op=3, ctrl_index=0, data_len=277) (b'9\x01m9z@\x13\x06\x02\x00\x13"\x00\x00\x00\x00\x00btp_tester\x00\x00\x00\x00\x00\x00\x00\x00\x00\x00\x00\x00\x00\x00\x00\x00\x00\x00\x00\x00\x00\x00\x00\x00\x00\x00\x00\x00\x00\x00\x00\x00\x00\x00\x00\x00\x00\x00\x00\x00\x00\x00\x00\x00\x00\x00\x00\x00\x00\x00\x00\x00\x00\x00\x00\x00\x00\x00\x00\x00\x00\x00\x00\x00\x00\x00\x00\x00\x00\x00\x00\x00\x00\x00\x00\x00\x00\x00\x00\x00\x00\x00\x00\x00\x00\x00\x00\x00\x00\x00\x00\x00\x00\x00\x00\x00\x00\x00\x00\x00\x00\x00\x00\x00\x00\x00\x00\x00\x00\x00\x00\x00\x00\x00\x00\x00\x00\x00\x00\x00\x00\x00\x00\x00\x00\x00\x00\x00\x00\x00\x00\x00\x00\x00\x00\x00\x00\x00\x00\x00\x00\x00\x00\x00\x00\x00\x00\x00\x00\x00\x00\x00\x00\x00\x00\x00\x00\x00\x00\x00\x00\x00\x00\x00\x00\x00\x00\x00\x00\x00\x00\x00\x00\x00\x00\x00\x00\x00\x00\x00\x00\x00\x00\x00\x00\x00\x00\x00\x00\x00\x00\x00\x00\x00\x00\x00\x00\x00\x00\x00\x00\x00\x00\x00\x00\x00\x00\x00\x00\x00\x00\x00\x00\x00\x00\x00\x00\x00\x00\x00\x00\x00\x00\x00\x00\x00\x00\x00\x00\x00\x00\x00\x00\x00\x00\x00\x00\x00\x00\x00\x00\x00\x00\x00\x00\x00\x00\x00\x00\x00',)
2025-01-05 00:20:47,578 LT1-thread root DEBUG client.py                 71    logger_log                : IUT address '407a396d0139' 'random'
2025-01-05 00:20:47,579 LT1-thread root DEBUG client.py                 71    logger_log                : __gap_current_settings_update 8723
2025-01-05 00:20:47,579 LT1-thread root DEBUG client.py                 71    logger_log                : Starting test function: class=<class 'autopts.ptsprojects.testcase.TestFunc'>, func=<function test_cases.<locals>.<lambda> at 0x000001CE006623E0> start_wid=None stop_wid=None post_wid=None skip_call=None call_count=132 args=() kwds={}
2025-01-05 00:20:47,579 LT1-thread root DEBUG client.py                 71    logger_log                : Test function parameters: args=(), kwds={}
2025-01-05 00:20:47,608 LT1-thread root DEBUG client.py                 71    logger_log                : Starting test function: class=<class 'autopts.ptsprojects.testcase.TestFunc'>, func=<function test_cases.<locals>.<lambda> at 0x000001CE00662480> start_wid=None stop_wid=None post_wid=None skip_call=None call_count=132 args=() kwds={}
2025-01-05 00:20:47,608 LT1-thread root DEBUG client.py                 71    logger_log                : Test function parameters: args=(), kwds={}
2025-01-05 00:20:47,636 LT1-thread root DEBUG client.py                 71    logger_log                : Starting test function: class=<class 'autopts.ptsprojects.testcase.TestFunc'>, func=<function test_cases.<locals>.<lambda> at 0x000001CE00662520> start_wid=None stop_wid=None post_wid=None skip_call=None call_count=132 args=() kwds={}
2025-01-05 00:20:47,637 LT1-thread root DEBUG client.py                 71    logger_log                : Test function parameters: args=(), kwds={}
2025-01-05 00:20:47,666 LT1-thread root DEBUG client.py                 71    logger_log                : Starting test function: class=<class 'autopts.ptsprojects.testcase.TestFunc'>, func=<function test_cases.<locals>.<lambda> at 0x000001CE006625C0> start_wid=None stop_wid=None post_wid=None skip_call=None call_count=132 args=() kwds={}
2025-01-05 00:20:47,667 LT1-thread root DEBUG client.py                 71    logger_log                : Test function parameters: args=(), kwds={}
2025-01-05 00:20:47,694 LT1-thread root DEBUG client.py                 71    logger_log                : Starting test function: class=<class 'autopts.ptsprojects.testcase.TestFunc'>, func=<function test_cases.<locals>.<lambda> at 0x000001CE00662660> start_wid=None stop_wid=None post_wid=None skip_call=None call_count=132 args=() kwds={}
2025-01-05 00:20:47,694 LT1-thread root DEBUG client.py                 71    logger_log                : Test function parameters: args=(), kwds={}
2025-01-05 00:20:47,722 LT1-thread root DEBUG client.py                 71    logger_log                : Starting test function: class=<class 'autopts.ptsprojects.testcase.TestFunc'>, func=<function test_cases.<locals>.<lambda> at 0x000001CE00662700> start_wid=None stop_wid=None post_wid=None skip_call=None call_count=132 args=() kwds={}
2025-01-05 00:20:47,722 LT1-thread root DEBUG client.py                 71    logger_log                : Test function parameters: args=(), kwds={}
2025-01-05 00:20:47,747 LT1-thread root DEBUG client.py                 71    logger_log                : Starting test function: class=<class 'autopts.ptsprojects.testcase.TestFunc'>, func=<function test_cases.<locals>.<lambda> at 0x000001CE006627A0> start_wid=None stop_wid=None post_wid=None skip_call=None call_count=132 args=() kwds={}
2025-01-05 00:20:47,748 LT1-thread root DEBUG client.py                 71    logger_log                : Test function parameters: args=(), kwds={}
2025-01-05 00:20:47,773 LT1-thread root DEBUG client.py                 71    logger_log                : Starting test function: class=<class 'autopts.ptsprojects.testcase.TestFunc'>, func=<function test_cases.<locals>.<lambda> at 0x000001CE00662840> start_wid=None stop_wid=None post_wid=None skip_call=None call_count=132 args=() kwds={}
2025-01-05 00:20:47,773 LT1-thread root DEBUG client.py                 71    logger_log                : Test function parameters: args=(), kwds={}
2025-01-05 00:20:47,794 LT1-thread root DEBUG client.py                 71    logger_log                : Starting test function: class=<class 'autopts.ptsprojects.testcase.TestFunc'>, func=<function test_cases.<locals>.<lambda> at 0x000001CE006628E0> start_wid=None stop_wid=None post_wid=None skip_call=None call_count=132 args=() kwds={}
2025-01-05 00:20:47,794 LT1-thread root DEBUG client.py                 71    logger_log                : Test function parameters: args=(), kwds={}
2025-01-05 00:20:47,822 LT1-thread root DEBUG client.py                 71    logger_log                : Starting test function: class=<class 'autopts.ptsprojects.testcase.TestFunc'>, func=<function test_cases.<locals>.<lambda> at 0x000001CE00662980> start_wid=None stop_wid=None post_wid=None skip_call=None call_count=132 args=() kwds={}
2025-01-05 00:20:47,822 LT1-thread root DEBUG client.py                 71    logger_log                : Test function parameters: args=(), kwds={}
2025-01-05 00:20:47,844 LT1-thread root DEBUG client.py                 71    logger_log                : Starting test function: class=<class 'autopts.ptsprojects.testcase.TestFunc'>, func=<function test_cases.<locals>.<lambda> at 0x000001CE00662A20> start_wid=None stop_wid=None post_wid=None skip_call=None call_count=132 args=() kwds={}
2025-01-05 00:20:47,845 LT1-thread root DEBUG client.py                 71    logger_log                : Test function parameters: args=(), kwds={}
2025-01-05 00:20:47,872 LT1-thread root DEBUG client.py                 71    logger_log                : Starting test function: class=<class 'autopts.ptsprojects.testcase.TestFunc'>, func=<function test_cases.<locals>.<lambda> at 0x000001CE00662AC0> start_wid=None stop_wid=None post_wid=None skip_call=None call_count=132 args=() kwds={}
2025-01-05 00:20:47,873 LT1-thread root DEBUG client.py                 71    logger_log                : Test function parameters: args=(), kwds={}
2025-01-05 00:20:47,899 LT1-thread root DEBUG client.py                 71    logger_log                : Starting test function: class=<class 'autopts.ptsprojects.testcase.TestFunc'>, func=<function core_reg_svc_gatt at 0x000001CE7BEB4680> start_wid=None stop_wid=None post_wid=None skip_call=None call_count=132 args=() kwds={}
2025-01-05 00:20:47,899 LT1-thread root DEBUG client.py                 71    logger_log                : Test function parameters: args=(), kwds={}
2025-01-05 00:20:47,899 LT1-thread root DEBUG client.py                 71    logger_log                : core_reg_svc_gatt
2025-01-05 00:20:47,900 LT1-thread root DEBUG client.py                 71    logger_log                : send, 0 3 255 '2'
2025-01-05 00:20:47,900 LT1-thread root DEBUG client.py                 71    logger_log                : sending frame '0003ff010002'
2025-01-05 00:20:47,900 LT1-thread root DEBUG client.py                 71    logger_log                : core_reg_svc_rsp_succ
2025-01-05 00:20:47,900 LT1-thread root DEBUG client.py                 71    logger_log                : read
2025-01-05 00:20:47,979 BTPWorkerThread-12347 (_rx_task) root DEBUG client.py                 71    logger_log                : Read 5 bytes
2025-01-05 00:20:47,990 BTPWorkerThread-12347 (_rx_task) root DEBUG client.py                 71    logger_log                : Received: hdr: Header(svc_id=0x00, op=0x03, ctrl_index=0xff, data_len=0x00) bytearray(b'\x00\x03\xff\x00\x00')
2025-01-05 00:20:47,996 BTPWorkerThread-12347 (_rx_task) root DEBUG client.py                 71    logger_log                : Received data: {''}, bytearray(b'')
2025-01-05 00:20:48,012 LT1-thread root DEBUG client.py                 71    logger_log                : received Header(svc_id=0, op=3, ctrl_index=255, data_len=0) (b'',)
2025-01-05 00:20:48,012 LT1-thread root DEBUG client.py                 71    logger_log                : expected ((0, 3, 255, 0), (b'',))
2025-01-05 00:20:48,013 LT1-thread root DEBUG client.py                 71    logger_log                : response is valid
2025-01-05 00:20:48,013 LT1-thread root DEBUG client.py                 71    logger_log                : Starting test function: class=<class 'autopts.ptsprojects.testcase.TestFunc'>, func=<bound method Stack.gatt_init of <autopts.ptsprojects.stack.stack.Stack object at 0x000001CE003A0450>> start_wid=None stop_wid=None post_wid=None skip_call=None call_count=132 args=() kwds={}
2025-01-05 00:20:48,013 LT1-thread root DEBUG client.py                 71    logger_log                : Test function parameters: args=(), kwds={}
2025-01-05 00:20:48,014 LT1-thread root DEBUG client.py                 71    logger_log                : Starting test function: class=<class 'autopts.ptsprojects.testcase.TestFunc'>, func=<function gap_set_io_cap at 0x000001CE7BEB7920> start_wid=None stop_wid=None post_wid=None skip_call=None call_count=132 args=(4,) kwds={}
2025-01-05 00:20:48,014 LT1-thread root DEBUG client.py                 71    logger_log                : Test function parameters: args=(4,), kwds={}
2025-01-05 00:20:48,014 LT1-thread root DEBUG client.py                 71    logger_log                : gap_set_io_cap 4
2025-01-05 00:20:48,014 LT1-thread root DEBUG client.py                 71    logger_log                : send, 1 16 0 '\x04'
2025-01-05 00:20:48,015 LT1-thread root DEBUG client.py                 71    logger_log                : sending frame '011000010004'
2025-01-05 00:20:48,015 LT1-thread root DEBUG client.py                 71    logger_log                : gap_command_rsp_succ
2025-01-05 00:20:48,015 LT1-thread root DEBUG client.py                 71    logger_log                : read
2025-01-05 00:20:48,072 BTPWorkerThread-12347 (_rx_task) root DEBUG client.py                 71    logger_log                : Read 5 bytes
2025-01-05 00:20:48,083 BTPWorkerThread-12347 (_rx_task) root DEBUG client.py                 71    logger_log                : Received: hdr: Header(svc_id=0x01, op=0x10, ctrl_index=0x00, data_len=0x00) bytearray(b'\x01\x10\x00\x00\x00')
2025-01-05 00:20:48,093 BTPWorkerThread-12347 (_rx_task) root DEBUG client.py                 71    logger_log                : Received data: {''}, bytearray(b'')
2025-01-05 00:20:48,133 LT1-thread root DEBUG client.py                 71    logger_log                : received Header(svc_id=1, op=16, ctrl_index=0, data_len=0) (b'',)
2025-01-05 00:20:48,133 LT1-thread root DEBUG client.py                 71    logger_log                : Starting test function: class=<class 'autopts.ptsprojects.testcase.TestFunc'>, func=<function set_pts_addr at 0x000001CE7BEB40E0> start_wid=None stop_wid=None post_wid=None skip_call=None call_count=132 args=('C0:07:E8:25:DE:2A', 0) kwds={}
2025-01-05 00:20:48,134 LT1-thread root DEBUG client.py                 71    logger_log                : Test function parameters: args=('C0:07:E8:25:DE:2A', 0), kwds={}
2025-01-05 00:20:48,134 LT1-thread root DEBUG client.py                 71    logger_log                : Starting test function: class=<class 'autopts.ptsprojects.testcase.TestFunc'>, func=<function gatts_add_svc at 0x000001CE7BEC5DA0> start_wid=None stop_wid=None post_wid=None skip_call=None call_count=131 args=(0, 'AA51') kwds={}
2025-01-05 00:20:48,134 LT1-thread root DEBUG client.py                 71    logger_log                : Test function parameters: args=(0, 'AA51'), kwds={}
2025-01-05 00:20:48,134 LT1-thread root DEBUG client.py                 71    logger_log                : gatts_add_svc 0 'AA51'
2025-01-05 00:20:48,134 LT1-thread root DEBUG client.py                 71    logger_log                : send, 2 2 0 "bytearray(b'\\x00\\x02\\xaaQ')"
2025-01-05 00:20:48,134 LT1-thread root DEBUG client.py                 71    logger_log                : sending frame '02020004000002aa51'
2025-01-05 00:20:48,135 LT1-thread root DEBUG client.py                 71    logger_log                : gatt_command_rsp_succ
2025-01-05 00:20:48,135 LT1-thread root DEBUG client.py                 71    logger_log                : read
2025-01-05 00:20:48,208 BTPWorkerThread-12347 (_rx_task) root DEBUG client.py                 71    logger_log                : Read 5 bytes
2025-01-05 00:20:48,213 BTPWorkerThread-12347 (_rx_task) root DEBUG client.py                 71    logger_log                : Received: hdr: Header(svc_id=0x02, op=0x02, ctrl_index=0x00, data_len=0x02) bytearray(b'\x02\x02\x00\x02\x00')
2025-01-05 00:20:48,240 BTPWorkerThread-12347 (_rx_task) root DEBUG client.py                 71    logger_log                : Read 2 bytes data
2025-01-05 00:20:48,250 BTPWorkerThread-12347 (_rx_task) root DEBUG client.py                 71    logger_log                : Received data: {'00 00'}, bytearray(b'\x00\x00')
2025-01-05 00:20:48,267 LT1-thread root DEBUG client.py                 71    logger_log                : received Header(svc_id=2, op=2, ctrl_index=0, data_len=2) (b'\x00\x00',)
2025-01-05 00:20:48,267 LT1-thread root DEBUG client.py                 71    logger_log                : Starting test function: class=<class 'autopts.ptsprojects.testcase.TestFunc'>, func=<function gatts_add_char at 0x000001CE7BEC5EE0> start_wid=None stop_wid=None post_wid=None skip_call=None call_count=131 args=(0, 2, 17, 'AA52') kwds={}
2025-01-05 00:20:48,268 LT1-thread root DEBUG client.py                 71    logger_log                : Test function parameters: args=(0, 2, 17, 'AA52'), kwds={}
2025-01-05 00:20:48,268 LT1-thread root DEBUG client.py                 71    logger_log                : gatts_add_char 0 2 17 'AA52'
2025-01-05 00:20:48,268 LT1-thread root DEBUG client.py                 71    logger_log                : send, 2 3 0 "bytearray(b'\\x00\\x00\\x02\\x11\\x02\\xaaR')"
2025-01-05 00:20:48,269 LT1-thread root DEBUG client.py                 71    logger_log                : sending frame '02030007000000021102aa52'
2025-01-05 00:20:48,269 LT1-thread root DEBUG client.py                 71    logger_log                : gatt_command_rsp_succ
2025-01-05 00:20:48,270 LT1-thread root DEBUG client.py                 71    logger_log                : read
2025-01-05 00:20:48,325 BTPWorkerThread-12347 (_rx_task) root DEBUG client.py                 71    logger_log                : Read 5 bytes
2025-01-05 00:20:48,335 BTPWorkerThread-12347 (_rx_task) root DEBUG client.py                 71    logger_log                : Received: hdr: Header(svc_id=0x02, op=0x03, ctrl_index=0x00, data_len=0x02) bytearray(b'\x02\x03\x00\x02\x00')
2025-01-05 00:20:48,352 BTPWorkerThread-12347 (_rx_task) root DEBUG client.py                 71    logger_log                : Read 2 bytes data
2025-01-05 00:20:48,352 BTPWorkerThread-12347 (_rx_task) root DEBUG client.py                 71    logger_log                : Received data: {'00 00'}, bytearray(b'\x00\x00')
2025-01-05 00:20:48,369 LT1-thread root DEBUG client.py                 71    logger_log                : received Header(svc_id=2, op=3, ctrl_index=0, data_len=2) (b'\x00\x00',)
2025-01-05 00:20:48,370 LT1-thread root DEBUG client.py                 71    logger_log                : Starting test function: class=<class 'autopts.ptsprojects.testcase.TestFunc'>, func=<function gatts_set_val at 0x000001CE7BEC5F80> start_wid=None stop_wid=None post_wid=None skip_call=None call_count=131 args=(0, '01') kwds={}
2025-01-05 00:20:48,370 LT1-thread root DEBUG client.py                 71    logger_log                : Test function parameters: args=(0, '01'), kwds={}
2025-01-05 00:20:48,370 LT1-thread root DEBUG client.py                 71    logger_log                : gatts_set_val 0 '01' 
2025-01-05 00:20:48,371 LT1-thread root DEBUG client.py                 71    logger_log                : send, 2 6 0 "bytearray(b'\\x00\\x00\\x01\\x00\\x01')"
2025-01-05 00:20:48,371 LT1-thread root DEBUG client.py                 71    logger_log                : sending frame '02060005000000010001'
2025-01-05 00:20:48,371 LT1-thread root DEBUG client.py                 71    logger_log                : gatt_command_rsp_succ
2025-01-05 00:20:48,372 LT1-thread root DEBUG client.py                 71    logger_log                : read
2025-01-05 00:20:48,434 BTPWorkerThread-12347 (_rx_task) root DEBUG client.py                 71    logger_log                : Read 5 bytes
2025-01-05 00:20:48,445 BTPWorkerThread-12347 (_rx_task) root DEBUG client.py                 71    logger_log                : Received: hdr: Header(svc_id=0x02, op=0x06, ctrl_index=0x00, data_len=0x00) bytearray(b'\x02\x06\x00\x00\x00')
2025-01-05 00:20:48,455 BTPWorkerThread-12347 (_rx_task) root DEBUG client.py                 71    logger_log                : Received data: {''}, bytearray(b'')
2025-01-05 00:20:48,471 LT1-thread root DEBUG client.py                 71    logger_log                : received Header(svc_id=2, op=6, ctrl_index=0, data_len=0) (b'',)
2025-01-05 00:20:48,471 LT1-thread root DEBUG client.py                 71    logger_log                : Starting test function: class=<class 'autopts.ptsprojects.testcase.TestFunc'>, func=<function gatts_add_char at 0x000001CE7BEC5EE0> start_wid=None stop_wid=None post_wid=None skip_call=None call_count=131 args=(0, 2, 5, 'AA53') kwds={}
2025-01-05 00:20:48,472 LT1-thread root DEBUG client.py                 71    logger_log                : Test function parameters: args=(0, 2, 5, 'AA53'), kwds={}
2025-01-05 00:20:48,472 LT1-thread root DEBUG client.py                 71    logger_log                : gatts_add_char 0 2 5 'AA53'
2025-01-05 00:20:48,472 LT1-thread root DEBUG client.py                 71    logger_log                : send, 2 3 0 "bytearray(b'\\x00\\x00\\x02\\x05\\x02\\xaaS')"
2025-01-05 00:20:48,473 LT1-thread root DEBUG client.py                 71    logger_log                : sending frame '02030007000000020502aa53'
2025-01-05 00:20:48,473 LT1-thread root DEBUG client.py                 71    logger_log                : gatt_command_rsp_succ
2025-01-05 00:20:48,473 LT1-thread root DEBUG client.py                 71    logger_log                : read
2025-01-05 00:20:48,530 BTPWorkerThread-12347 (_rx_task) root DEBUG client.py                 71    logger_log                : Read 5 bytes
2025-01-05 00:20:48,541 BTPWorkerThread-12347 (_rx_task) root DEBUG client.py                 71    logger_log                : Received: hdr: Header(svc_id=0x02, op=0x03, ctrl_index=0x00, data_len=0x02) bytearray(b'\x02\x03\x00\x02\x00')
2025-01-05 00:20:48,567 BTPWorkerThread-12347 (_rx_task) root DEBUG client.py                 71    logger_log                : Read 2 bytes data
2025-01-05 00:20:48,584 BTPWorkerThread-12347 (_rx_task) root DEBUG client.py                 71    logger_log                : Received data: {'00 00'}, bytearray(b'\x00\x00')
2025-01-05 00:20:48,600 LT1-thread root DEBUG client.py                 71    logger_log                : received Header(svc_id=2, op=3, ctrl_index=0, data_len=2) (b'\x00\x00',)
2025-01-05 00:20:48,601 LT1-thread root DEBUG client.py                 71    logger_log                : Starting test function: class=<class 'autopts.ptsprojects.testcase.TestFunc'>, func=<function gatts_set_val at 0x000001CE7BEC5F80> start_wid=None stop_wid=None post_wid=None skip_call=None call_count=131 args=(0, '02') kwds={}
2025-01-05 00:20:48,601 LT1-thread root DEBUG client.py                 71    logger_log                : Test function parameters: args=(0, '02'), kwds={}
2025-01-05 00:20:48,601 LT1-thread root DEBUG client.py                 71    logger_log                : gatts_set_val 0 '02' 
2025-01-05 00:20:48,602 LT1-thread root DEBUG client.py                 71    logger_log                : send, 2 6 0 "bytearray(b'\\x00\\x00\\x01\\x00\\x02')"
2025-01-05 00:20:48,602 LT1-thread root DEBUG client.py                 71    logger_log                : sending frame '02060005000000010002'
2025-01-05 00:20:48,602 LT1-thread root DEBUG client.py                 71    logger_log                : gatt_command_rsp_succ
2025-01-05 00:20:48,603 LT1-thread root DEBUG client.py                 71    logger_log                : read
2025-01-05 00:20:48,654 BTPWorkerThread-12347 (_rx_task) root DEBUG client.py                 71    logger_log                : Read 5 bytes
2025-01-05 00:20:48,665 BTPWorkerThread-12347 (_rx_task) root DEBUG client.py                 71    logger_log                : Received: hdr: Header(svc_id=0x02, op=0x06, ctrl_index=0x00, data_len=0x00) bytearray(b'\x02\x06\x00\x00\x00')
2025-01-05 00:20:48,677 BTPWorkerThread-12347 (_rx_task) root DEBUG client.py                 71    logger_log                : Received data: {''}, bytearray(b'')
2025-01-05 00:20:48,693 LT1-thread root DEBUG client.py                 71    logger_log                : received Header(svc_id=2, op=6, ctrl_index=0, data_len=0) (b'',)
2025-01-05 00:20:48,693 LT1-thread root DEBUG client.py                 71    logger_log                : Starting test function: class=<class 'autopts.ptsprojects.testcase.TestFunc'>, func=<function gatts_add_char at 0x000001CE7BEC5EE0> start_wid=None stop_wid=None post_wid=None skip_call=None call_count=131 args=(0, 66, 3, 'AA54') kwds={}
2025-01-05 00:20:48,694 LT1-thread root DEBUG client.py                 71    logger_log                : Test function parameters: args=(0, 66, 3, 'AA54'), kwds={}
2025-01-05 00:20:48,694 LT1-thread root DEBUG client.py                 71    logger_log                : gatts_add_char 0 66 3 'AA54'
2025-01-05 00:20:48,694 LT1-thread root DEBUG client.py                 71    logger_log                : send, 2 3 0 "bytearray(b'\\x00\\x00B\\x03\\x02\\xaaT')"
2025-01-05 00:20:48,695 LT1-thread root DEBUG client.py                 71    logger_log                : sending frame '02030007000000420302aa54'
2025-01-05 00:20:48,695 LT1-thread root DEBUG client.py                 71    logger_log                : gatt_command_rsp_succ
2025-01-05 00:20:48,696 LT1-thread root DEBUG client.py                 71    logger_log                : read
2025-01-05 00:20:48,753 BTPWorkerThread-12347 (_rx_task) root DEBUG client.py                 71    logger_log                : Read 5 bytes
2025-01-05 00:20:48,764 BTPWorkerThread-12347 (_rx_task) root DEBUG client.py                 71    logger_log                : Received: hdr: Header(svc_id=0x02, op=0x03, ctrl_index=0x00, data_len=0x02) bytearray(b'\x02\x03\x00\x02\x00')
2025-01-05 00:20:48,787 BTPWorkerThread-12347 (_rx_task) root DEBUG client.py                 71    logger_log                : Read 2 bytes data
2025-01-05 00:20:48,798 BTPWorkerThread-12347 (_rx_task) root DEBUG client.py                 71    logger_log                : Received data: {'00 00'}, bytearray(b'\x00\x00')
2025-01-05 00:20:48,815 LT1-thread root DEBUG client.py                 71    logger_log                : received Header(svc_id=2, op=3, ctrl_index=0, data_len=2) (b'\x00\x00',)
2025-01-05 00:20:48,815 LT1-thread root DEBUG client.py                 71    logger_log                : Starting test function: class=<class 'autopts.ptsprojects.testcase.TestFunc'>, func=<function gatts_set_val at 0x000001CE7BEC5F80> start_wid=None stop_wid=None post_wid=None skip_call=None call_count=131 args=(0, '03') kwds={}
2025-01-05 00:20:48,816 LT1-thread root DEBUG client.py                 71    logger_log                : Test function parameters: args=(0, '03'), kwds={}
2025-01-05 00:20:48,816 LT1-thread root DEBUG client.py                 71    logger_log                : gatts_set_val 0 '03' 
2025-01-05 00:20:48,816 LT1-thread root DEBUG client.py                 71    logger_log                : send, 2 6 0 "bytearray(b'\\x00\\x00\\x01\\x00\\x03')"
2025-01-05 00:20:48,817 LT1-thread root DEBUG client.py                 71    logger_log                : sending frame '02060005000000010003'
2025-01-05 00:20:48,817 LT1-thread root DEBUG client.py                 71    logger_log                : gatt_command_rsp_succ
2025-01-05 00:20:48,817 LT1-thread root DEBUG client.py                 71    logger_log                : read
2025-01-05 00:20:48,884 BTPWorkerThread-12347 (_rx_task) root DEBUG client.py                 71    logger_log                : Read 5 bytes
2025-01-05 00:20:48,896 BTPWorkerThread-12347 (_rx_task) root DEBUG client.py                 71    logger_log                : Received: hdr: Header(svc_id=0x02, op=0x06, ctrl_index=0x00, data_len=0x00) bytearray(b'\x02\x06\x00\x00\x00')
2025-01-05 00:20:48,907 BTPWorkerThread-12347 (_rx_task) root DEBUG client.py                 71    logger_log                : Received data: {''}, bytearray(b'')
2025-01-05 00:20:48,924 LT1-thread root DEBUG client.py                 71    logger_log                : received Header(svc_id=2, op=6, ctrl_index=0, data_len=0) (b'',)
2025-01-05 00:20:48,924 LT1-thread root DEBUG client.py                 71    logger_log                : Starting test function: class=<class 'autopts.ptsprojects.testcase.TestFunc'>, func=<function gatts_add_char at 0x000001CE7BEC5EE0> start_wid=None stop_wid=None post_wid=None skip_call=None call_count=131 args=(0, 10, 48, 'AA55') kwds={}
2025-01-05 00:20:48,925 LT1-thread root DEBUG client.py                 71    logger_log                : Test function parameters: args=(0, 10, 48, 'AA55'), kwds={}
2025-01-05 00:20:48,925 LT1-thread root DEBUG client.py                 71    logger_log                : gatts_add_char 0 10 48 'AA55'
2025-01-05 00:20:48,925 LT1-thread root DEBUG client.py                 71    logger_log                : send, 2 3 0 "bytearray(b'\\x00\\x00\\n0\\x02\\xaaU')"
2025-01-05 00:20:48,925 LT1-thread root DEBUG client.py                 71    logger_log                : sending frame '020300070000000a3002aa55'
2025-01-05 00:20:48,925 LT1-thread root DEBUG client.py                 71    logger_log                : gatt_command_rsp_succ
2025-01-05 00:20:48,926 LT1-thread root DEBUG client.py                 71    logger_log                : read
2025-01-05 00:20:48,985 BTPWorkerThread-12347 (_rx_task) root DEBUG client.py                 71    logger_log                : Read 5 bytes
2025-01-05 00:20:49,001 BTPWorkerThread-12347 (_rx_task) root DEBUG client.py                 71    logger_log                : Received: hdr: Header(svc_id=0x02, op=0x03, ctrl_index=0x00, data_len=0x02) bytearray(b'\x02\x03\x00\x02\x00')
2025-01-05 00:20:49,017 BTPWorkerThread-12347 (_rx_task) root DEBUG client.py                 71    logger_log                : Read 2 bytes data
2025-01-05 00:20:49,028 BTPWorkerThread-12347 (_rx_task) root DEBUG client.py                 71    logger_log                : Received data: {'00 00'}, bytearray(b'\x00\x00')
2025-01-05 00:20:49,045 LT1-thread root DEBUG client.py                 71    logger_log                : received Header(svc_id=2, op=3, ctrl_index=0, data_len=2) (b'\x00\x00',)
2025-01-05 00:20:49,045 LT1-thread root DEBUG client.py                 71    logger_log                : Starting test function: class=<class 'autopts.ptsprojects.testcase.TestFunc'>, func=<function gatts_set_val at 0x000001CE7BEC5F80> start_wid=None stop_wid=None post_wid=None skip_call=None call_count=131 args=(0, '04') kwds={}
2025-01-05 00:20:49,046 LT1-thread root DEBUG client.py                 71    logger_log                : Test function parameters: args=(0, '04'), kwds={}
2025-01-05 00:20:49,046 LT1-thread root DEBUG client.py                 71    logger_log                : gatts_set_val 0 '04' 
2025-01-05 00:20:49,046 LT1-thread root DEBUG client.py                 71    logger_log                : send, 2 6 0 "bytearray(b'\\x00\\x00\\x01\\x00\\x04')"
2025-01-05 00:20:49,046 LT1-thread root DEBUG client.py                 71    logger_log                : sending frame '02060005000000010004'
2025-01-05 00:20:49,047 LT1-thread root DEBUG client.py                 71    logger_log                : gatt_command_rsp_succ
2025-01-05 00:20:49,047 LT1-thread root DEBUG client.py                 71    logger_log                : read
2025-01-05 00:20:49,110 BTPWorkerThread-12347 (_rx_task) root DEBUG client.py                 71    logger_log                : Read 5 bytes
2025-01-05 00:20:49,122 BTPWorkerThread-12347 (_rx_task) root DEBUG client.py                 71    logger_log                : Received: hdr: Header(svc_id=0x02, op=0x06, ctrl_index=0x00, data_len=0x00) bytearray(b'\x02\x06\x00\x00\x00')
2025-01-05 00:20:49,133 BTPWorkerThread-12347 (_rx_task) root DEBUG client.py                 71    logger_log                : Received data: {''}, bytearray(b'')
2025-01-05 00:20:49,150 LT1-thread root DEBUG client.py                 71    logger_log                : received Header(svc_id=2, op=6, ctrl_index=0, data_len=0) (b'',)
2025-01-05 00:20:49,151 LT1-thread root DEBUG client.py                 71    logger_log                : Starting test function: class=<class 'autopts.ptsprojects.testcase.TestFunc'>, func=<function gatts_start_server at 0x000001CE7BEC6200> start_wid=None stop_wid=None post_wid=None skip_call=None call_count=131 args=() kwds={}
2025-01-05 00:20:49,151 LT1-thread root DEBUG client.py                 71    logger_log                : Test function parameters: args=(), kwds={}
2025-01-05 00:20:49,151 LT1-thread root DEBUG client.py                 71    logger_log                : gatts_start_server
2025-01-05 00:20:49,151 LT1-thread root DEBUG client.py                 71    logger_log                : send, 2 7 0 ''
2025-01-05 00:20:49,152 LT1-thread root DEBUG client.py                 71    logger_log                : sending frame '0207000000'
2025-01-05 00:20:49,152 LT1-thread root DEBUG client.py                 71    logger_log                : gatt_command_rsp_succ
2025-01-05 00:20:49,152 LT1-thread root DEBUG client.py                 71    logger_log                : read
2025-01-05 00:20:49,209 BTPWorkerThread-12347 (_rx_task) root DEBUG client.py                 71    logger_log                : Read 5 bytes
2025-01-05 00:20:49,220 BTPWorkerThread-12347 (_rx_task) root DEBUG client.py                 71    logger_log                : Received: hdr: Header(svc_id=0x02, op=0x07, ctrl_index=0x00, data_len=0x03) bytearray(b'\x02\x07\x00\x03\x00')
2025-01-05 00:20:49,242 BTPWorkerThread-12347 (_rx_task) root DEBUG client.py                 71    logger_log                : Read 3 bytes data
2025-01-05 00:20:49,254 BTPWorkerThread-12347 (_rx_task) root DEBUG client.py                 71    logger_log                : Received data: {'00 00 00'}, bytearray(b'\x00\x00\x00')
2025-01-05 00:20:49,271 LT1-thread root DEBUG client.py                 71    logger_log                : received Header(svc_id=2, op=7, ctrl_index=0, data_len=3) (b'\x00\x00\x00',)
2025-01-05 00:20:49,275 LT1-thread root DEBUG client.py                 71    logger_log                : ClientCallback.get_result run_test_case
2025-01-05 00:20:51,485 LT1-callback ClientCallback.on_implicit_send INFO client.py                 71    logger_log                : 
    ********************
    BEGIN OnImplicitSend:
    project_name: GAP
    wid: 209
    test_case_name: GAP/SEC/SEM/BV-24-C
    description: Please make sure the IUT does not initiate the security. Click OK when ready.
    style: MMI_Style_Ok_Cancel1 0x11041
2025-01-05 00:20:51,485 LT1-callback ClientCallback.on_implicit_send INFO client.py                 71    logger_log                : Calling test cases on_implicit_send
2025-01-05 00:20:51,485 LT1-callback ClientCallback.on_implicit_send INFO client.py                 71    logger_log                : 
    on_implicit_send returned response: WAIT
    END OnImplicitSend
    ********************
2025-01-05 00:20:52,277 LT1-thread root DEBUG client.py                 71    logger_log                : GAP GAP/SEC/SEM/BV-24-C on_implicit_send
2025-01-05 00:20:52,277 LT1-thread root DEBUG client.py                 71    logger_log                : gap_wid_hdl, 209, Please make sure the IUT does not initiate the security. Click OK when ready., GAP/SEC/SEM/BV-24-C
2025-01-05 00:20:52,277 LT1-thread root DEBUG client.py                 71    logger_log                : Sending response 'OK' to wid 209 test case GAP/SEC/SEM/BV-24-C
2025-01-05 00:20:52,280 LT1-thread root DEBUG client.py                 71    logger_log                : ClientCallback.get_result run_test_case
2025-01-05 00:20:53,998 LT1-callback ClientCallback.on_implicit_send INFO client.py                 71    logger_log                : 
    ********************
    BEGIN OnImplicitSend:
    project_name: GAP
    wid: 91
    test_case_name: GAP/SEC/SEM/BV-24-C
    description: Please send a connectable undirected advertising report.
    style: MMI_Style_Ok_Cancel2 0x11141
2025-01-05 00:20:53,998 LT1-callback ClientCallback.on_implicit_send INFO client.py                 71    logger_log                : Calling test cases on_implicit_send
2025-01-05 00:20:53,998 LT1-callback ClientCallback.on_implicit_send INFO client.py                 71    logger_log                : 
    on_implicit_send returned response: WAIT
    END OnImplicitSend
    ********************
2025-01-05 00:20:54,282 LT1-thread root DEBUG client.py                 71    logger_log                : GAP GAP/SEC/SEM/BV-24-C on_implicit_send
2025-01-05 00:20:54,282 LT1-thread root DEBUG client.py                 71    logger_log                : gap_wid_hdl, 91, Please send a connectable undirected advertising report., GAP/SEC/SEM/BV-24-C
2025-01-05 00:20:54,282 LT1-thread root DEBUG client.py                 71    logger_log                : gap_set_conn
2025-01-05 00:20:54,282 LT1-thread root DEBUG client.py                 71    logger_log                : gap_adv_ind_on {9: b'Tester_25DE2A'} None
2025-01-05 00:20:54,283 LT1-thread root DEBUG client.py                 71    logger_log                : send, 1 10 0 "bytearray(b'\\x0f\\x00\\t\\rTester_25DE2A\\xff\\xff\\xff\\xff\\x00')"
2025-01-05 00:20:54,283 LT1-thread root DEBUG client.py                 71    logger_log                : sending frame '010a0016000f00090d5465737465725f323544453241ffffffff00'
2025-01-05 00:20:54,283 LT1-thread root DEBUG client.py                 71    logger_log                : gap_command_rsp_succ
2025-01-05 00:20:54,283 LT1-thread root DEBUG client.py                 71    logger_log                : read
2025-01-05 00:20:54,347 BTPWorkerThread-12347 (_rx_task) root DEBUG client.py                 71    logger_log                : Read 5 bytes
2025-01-05 00:20:54,369 BTPWorkerThread-12347 (_rx_task) root DEBUG client.py                 71    logger_log                : Received: hdr: Header(svc_id=0x01, op=0x0a, ctrl_index=0x00, data_len=0x04) bytearray(b'\x01\n\x00\x04\x00')
2025-01-05 00:20:54,380 BTPWorkerThread-12347 (_rx_task) root DEBUG client.py                 71    logger_log                : Read 4 bytes data
2025-01-05 00:20:54,391 BTPWorkerThread-12347 (_rx_task) root DEBUG client.py                 71    logger_log                : Received data: {'13 26 00 00'}, bytearray(b'\x13&\x00\x00')
2025-01-05 00:20:54,401 LT1-thread root DEBUG client.py                 71    logger_log                : received Header(svc_id=1, op=10, ctrl_index=0, data_len=4) (b'\x13&\x00\x00',)
2025-01-05 00:20:54,401 LT1-thread root DEBUG client.py                 71    logger_log                : __gap_current_settings_update (b'\x13&\x00\x00',)
2025-01-05 00:20:54,401 LT1-thread root DEBUG client.py                 71    logger_log                : Sending response 'OK' to wid 91 test case GAP/SEC/SEM/BV-24-C
2025-01-05 00:20:54,405 LT1-thread root DEBUG client.py                 71    logger_log                : ClientCallback.get_result run_test_case
2025-01-05 00:20:55,473 BTPWorkerThread-12347 (_rx_task) root DEBUG client.py                 71    logger_log                : Read 5 bytes
2025-01-05 00:20:55,473 BTPWorkerThread-12347 (_rx_task) root DEBUG client.py                 71    logger_log                : Received: hdr: Header(svc_id=0x01, op=0x82, ctrl_index=0x00, data_len=0x0d) bytearray(b'\x01\x82\x00\r\x00')
2025-01-05 00:20:55,474 BTPWorkerThread-12347 (_rx_task) root DEBUG client.py                 71    logger_log                : Read 13 bytes data
2025-01-05 00:20:55,474 BTPWorkerThread-12347 (_rx_task) root DEBUG client.py                 71    logger_log                : Received data: {'00 2a de 25 e8 07 c0 38 00 00 00 d0 07'}, bytearray(b'\x00*\xde%\xe8\x07\xc08\x00\x00\x00\xd0\x07')
2025-01-05 00:20:55,474 BTPWorkerThread-12347 (_rx_task) root DEBUG client.py                 71    logger_log                : event_handler Header(svc_id=1, op=130, ctrl_index=0, data_len=13) (b'\x00*\xde%\xe8\x07\xc08\x00\x00\x00\xd0\x07',)
2025-01-05 00:20:55,474 BTPWorkerThread-12347 (_rx_task) root DEBUG client.py                 71    logger_log                : gap_connected_ev_ b'\x00*\xde%\xe8\x07\xc08\x00\x00\x00\xd0\x07'
2025-01-05 00:20:55,474 BTPWorkerThread-12347 (_rx_task) root DEBUG client.py                 71    logger_log                : Read 5 bytes
2025-01-05 00:20:55,475 BTPWorkerThread-12347 (_rx_task) root DEBUG client.py                 71    logger_log                : Received: hdr: Header(svc_id=0x01, op=0x80, ctrl_index=0x00, data_len=0x04) bytearray(b'\x01\x80\x00\x04\x00')
2025-01-05 00:20:55,475 BTPWorkerThread-12347 (_rx_task) root DEBUG client.py                 71    logger_log                : Read 4 bytes data
2025-01-05 00:20:55,475 BTPWorkerThread-12347 (_rx_task) root DEBUG client.py                 71    logger_log                : Received data: {'13 22 00 00'}, bytearray(b'\x13"\x00\x00')
2025-01-05 00:20:55,476 BTPWorkerThread-12347 (_rx_task) root DEBUG client.py                 71    logger_log                : event_handler Header(svc_id=1, op=128, ctrl_index=0, data_len=4) (b'\x13"\x00\x00',)
2025-01-05 00:20:55,476 BTPWorkerThread-12347 (_rx_task) root DEBUG client.py                 71    logger_log                : gap_new_settings_ev_ b'\x13"\x00\x00'
2025-01-05 00:20:55,476 BTPWorkerThread-12347 (_rx_task) root DEBUG client.py                 71    logger_log                : __gap_current_settings_update 8723
2025-01-05 00:20:55,997 LT1-callback ClientCallback.on_implicit_send INFO client.py                 71    logger_log                : 
    ********************
    BEGIN OnImplicitSend:
    project_name: GAP
    wid: 139
    test_case_name: GAP/SEC/SEM/BV-24-C
    description: Please enter the handle(2 octet) to the characteristic in the IUT database where Insufficient Authentication error will be returned : 
    style: MMI_Style_Edit1 0x12040
2025-01-05 00:20:55,998 LT1-callback ClientCallback.on_implicit_send INFO client.py                 71    logger_log                : Calling test cases on_implicit_send
2025-01-05 00:20:55,998 LT1-callback ClientCallback.on_implicit_send INFO client.py                 71    logger_log                : 
    on_implicit_send returned response: WAIT
    END OnImplicitSend
    ********************
2025-01-05 00:20:56,406 LT1-thread root DEBUG client.py                 71    logger_log                : GAP GAP/SEC/SEM/BV-24-C on_implicit_send
2025-01-05 00:20:56,406 LT1-thread root DEBUG client.py                 71    logger_log                : gap_wid_hdl, 139, Please enter the handle(2 octet) to the characteristic in the IUT database where Insufficient Authentication error will be returned : , GAP/SEC/SEM/BV-24-C
2025-01-05 00:20:56,406 LT1-thread root DEBUG client.py                 71    logger_log                : gatts_get_attrs 1 65535 '2803'
2025-01-05 00:20:56,407 LT1-thread root DEBUG client.py                 71    logger_log                : send, 2 28 0 "bytearray(b'\\x01\\x00\\xff\\xff\\x02\\x03(')"
2025-01-05 00:20:56,407 LT1-thread root DEBUG client.py                 71    logger_log                : sending frame '021c0007000100ffff020328'
2025-01-05 00:20:56,407 LT1-thread root DEBUG client.py                 71    logger_log                : read
2025-01-05 00:20:56,469 BTPWorkerThread-12347 (_rx_task) root DEBUG client.py                 71    logger_log                : Read 5 bytes
2025-01-05 00:20:56,492 BTPWorkerThread-12347 (_rx_task) root DEBUG client.py                 71    logger_log                : Received: hdr: Header(svc_id=0x02, op=0x1c, ctrl_index=0x00, data_len=0x73) bytearray(b'\x02\x1c\x00s\x00')
2025-01-05 00:20:56,510 BTPWorkerThread-12347 (_rx_task) root DEBUG client.py                 71    logger_log                : Read 115 bytes data
2025-01-05 00:20:56,526 BTPWorkerThread-12347 (_rx_task) root DEBUG client.py                 71    logger_log                : Received data: {'13 02 00 01 02 03 28 05 00 01 02 03 28 07 00 01 02 03 28 09 00 01 02 03 28 0c 00 01 02 03 28 0e 00 01 02 03 28 10 00 01 02 03 28 12 00 01 02 03 28 15 00 01 02 03 28 17 00 01 02 03 28 19 00 01 02 03 28 1b 00 01 02 03 28 1d 00 01 02 03 28 1f 00 01 02 03 28 21 00 01 02 03 28 24 00 01 02 03 28 26 00 01 02 03 28 28 00 01 02 03 28 2a 00 01 02 03 28'}, bytearray(b'\x13\x02\x00\x01\x02\x03(\x05\x00\x01\x02\x03(\x07\x00\x01\x02\x03(\t\x00\x01\x02\x03(\x0c\x00\x01\x02\x03(\x0e\x00\x01\x02\x03(\x10\x00\x01\x02\x03(\x12\x00\x01\x02\x03(\x15\x00\x01\x02\x03(\x17\x00\x01\x02\x03(\x19\x00\x01\x02\x03(\x1b\x00\x01\x02\x03(\x1d\x00\x01\x02\x03(\x1f\x00\x01\x02\x03(!\x00\x01\x02\x03($\x00\x01\x02\x03(&\x00\x01\x02\x03((\x00\x01\x02\x03(*\x00\x01\x02\x03(')
2025-01-05 00:20:56,531 LT1-thread root DEBUG client.py                 71    logger_log                : received Header(svc_id=2, op=28, ctrl_index=0, data_len=115) (b'\x13\x02\x00\x01\x02\x03(\x05\x00\x01\x02\x03(\x07\x00\x01\x02\x03(\t\x00\x01\x02\x03(\x0c\x00\x01\x02\x03(\x0e\x00\x01\x02\x03(\x10\x00\x01\x02\x03(\x12\x00\x01\x02\x03(\x15\x00\x01\x02\x03(\x17\x00\x01\x02\x03(\x19\x00\x01\x02\x03(\x1b\x00\x01\x02\x03(\x1d\x00\x01\x02\x03(\x1f\x00\x01\x02\x03(!\x00\x01\x02\x03($\x00\x01\x02\x03(&\x00\x01\x02\x03((\x00\x01\x02\x03(*\x00\x01\x02\x03(',)
2025-01-05 00:20:56,531 LT1-thread root DEBUG client.py                 71    logger_log                : dec_gatts_get_attrs_rp b'\x13\x02\x00\x01\x02\x03(\x05\x00\x01\x02\x03(\x07\x00\x01\x02\x03(\t\x00\x01\x02\x03(\x0c\x00\x01\x02\x03(\x0e\x00\x01\x02\x03(\x10\x00\x01\x02\x03(\x12\x00\x01\x02\x03(\x15\x00\x01\x02\x03(\x17\x00\x01\x02\x03(\x19\x00\x01\x02\x03(\x1b\x00\x01\x02\x03(\x1d\x00\x01\x02\x03(\x1f\x00\x01\x02\x03(!\x00\x01\x02\x03($\x00\x01\x02\x03(&\x00\x01\x02\x03((\x00\x01\x02\x03(*\x00\x01\x02\x03(' 115
2025-01-05 00:20:56,532 LT1-thread root DEBUG client.py                 71    logger_log                : handle 2 perm 1 type_uuid '2803'
2025-01-05 00:20:56,532 LT1-thread root DEBUG client.py                 71    logger_log                : handle 5 perm 1 type_uuid '2803'
2025-01-05 00:20:56,532 LT1-thread root DEBUG client.py                 71    logger_log                : handle 7 perm 1 type_uuid '2803'
2025-01-05 00:20:56,532 LT1-thread root DEBUG client.py                 71    logger_log                : handle 9 perm 1 type_uuid '2803'
2025-01-05 00:20:56,532 LT1-thread root DEBUG client.py                 71    logger_log                : handle 12 perm 1 type_uuid '2803'
2025-01-05 00:20:56,532 LT1-thread root DEBUG client.py                 71    logger_log                : handle 14 perm 1 type_uuid '2803'
2025-01-05 00:20:56,532 LT1-thread root DEBUG client.py                 71    logger_log                : handle 16 perm 1 type_uuid '2803'
2025-01-05 00:20:56,533 LT1-thread root DEBUG client.py                 71    logger_log                : handle 18 perm 1 type_uuid '2803'
2025-01-05 00:20:56,533 LT1-thread root DEBUG client.py                 71    logger_log                : handle 21 perm 1 type_uuid '2803'
2025-01-05 00:20:56,533 LT1-thread root DEBUG client.py                 71    logger_log                : handle 23 perm 1 type_uuid '2803'
2025-01-05 00:20:56,533 LT1-thread root DEBUG client.py                 71    logger_log                : handle 25 perm 1 type_uuid '2803'
2025-01-05 00:20:56,533 LT1-thread root DEBUG client.py                 71    logger_log                : handle 27 perm 1 type_uuid '2803'
2025-01-05 00:20:56,533 LT1-thread root DEBUG client.py                 71    logger_log                : handle 29 perm 1 type_uuid '2803'
2025-01-05 00:20:56,534 LT1-thread root DEBUG client.py                 71    logger_log                : handle 31 perm 1 type_uuid '2803'
2025-01-05 00:20:56,534 LT1-thread root DEBUG client.py                 71    logger_log                : handle 33 perm 1 type_uuid '2803'
2025-01-05 00:20:56,534 LT1-thread root DEBUG client.py                 71    logger_log                : handle 36 perm 1 type_uuid '2803'
2025-01-05 00:20:56,534 LT1-thread root DEBUG client.py                 71    logger_log                : handle 38 perm 1 type_uuid '2803'
2025-01-05 00:20:56,534 LT1-thread root DEBUG client.py                 71    logger_log                : handle 40 perm 1 type_uuid '2803'
2025-01-05 00:20:56,534 LT1-thread root DEBUG client.py                 71    logger_log                : handle 42 perm 1 type_uuid '2803'
2025-01-05 00:20:56,535 LT1-thread root DEBUG client.py                 71    logger_log                : gatts_get_attr_val 2
2025-01-05 00:20:56,535 LT1-thread root DEBUG client.py                 71    logger_log                : send, 2 29 0 "bytearray(b'\\x00*\\xde%\\xe8\\x07\\xc0\\x02\\x00')"
2025-01-05 00:20:56,535 LT1-thread root DEBUG client.py                 71    logger_log                : sending frame '021d000900002ade25e807c00200'
2025-01-05 00:20:56,535 LT1-thread root DEBUG client.py                 71    logger_log                : read
2025-01-05 00:20:56,589 BTPWorkerThread-12347 (_rx_task) root DEBUG client.py                 71    logger_log                : Read 5 bytes
2025-01-05 00:20:56,611 BTPWorkerThread-12347 (_rx_task) root DEBUG client.py                 71    logger_log                : Received: hdr: Header(svc_id=0x02, op=0x1d, ctrl_index=0x00, data_len=0x08) bytearray(b'\x02\x1d\x00\x08\x00')
2025-01-05 00:20:56,622 BTPWorkerThread-12347 (_rx_task) root DEBUG client.py                 71    logger_log                : Read 8 bytes data
2025-01-05 00:20:56,622 BTPWorkerThread-12347 (_rx_task) root DEBUG client.py                 71    logger_log                : Received data: {'00 05 00 20 03 00 05 2a'}, bytearray(b'\x00\x05\x00 \x03\x00\x05*')
2025-01-05 00:20:56,628 LT1-thread root DEBUG client.py                 71    logger_log                : received Header(svc_id=2, op=29, ctrl_index=0, data_len=8) (b'\x00\x05\x00 \x03\x00\x05*',)
2025-01-05 00:20:56,628 LT1-thread root DEBUG client.py                 71    logger_log                : gatts_get_attrs 3 3 None
2025-01-05 00:20:56,628 LT1-thread root DEBUG client.py                 71    logger_log                : send, 2 28 0 "bytearray(b'\\x03\\x00\\x03\\x00\\x00')"
2025-01-05 00:20:56,629 LT1-thread root DEBUG client.py                 71    logger_log                : sending frame '021c0005000300030000'
2025-01-05 00:20:56,629 LT1-thread root DEBUG client.py                 71    logger_log                : read
2025-01-05 00:20:56,679 BTPWorkerThread-12347 (_rx_task) root DEBUG client.py                 71    logger_log                : Read 5 bytes
2025-01-05 00:20:56,684 BTPWorkerThread-12347 (_rx_task) root DEBUG client.py                 71    logger_log                : Received: hdr: Header(svc_id=0x02, op=0x1c, ctrl_index=0x00, data_len=0x07) bytearray(b'\x02\x1c\x00\x07\x00')
2025-01-05 00:20:56,702 BTPWorkerThread-12347 (_rx_task) root DEBUG client.py                 71    logger_log                : Read 7 bytes data
2025-01-05 00:20:56,713 BTPWorkerThread-12347 (_rx_task) root DEBUG client.py                 71    logger_log                : Received data: {'01 03 00 00 02 05 2a'}, bytearray(b'\x01\x03\x00\x00\x02\x05*')
2025-01-05 00:20:56,724 LT1-thread root DEBUG client.py                 71    logger_log                : received Header(svc_id=2, op=28, ctrl_index=0, data_len=7) (b'\x01\x03\x00\x00\x02\x05*',)
2025-01-05 00:20:56,724 LT1-thread root DEBUG client.py                 71    logger_log                : dec_gatts_get_attrs_rp b'\x01\x03\x00\x00\x02\x05*' 7
2025-01-05 00:20:56,725 LT1-thread root DEBUG client.py                 71    logger_log                : handle 3 perm 0 type_uuid '2A05'
2025-01-05 00:20:56,725 LT1-thread root DEBUG client.py                 71    logger_log                : gatts_get_attr_val 5
2025-01-05 00:20:56,725 LT1-thread root DEBUG client.py                 71    logger_log                : send, 2 29 0 "bytearray(b'\\x00*\\xde%\\xe8\\x07\\xc0\\x05\\x00')"
2025-01-05 00:20:56,725 LT1-thread root DEBUG client.py                 71    logger_log                : sending frame '021d000900002ade25e807c00500'
2025-01-05 00:20:56,725 LT1-thread root DEBUG client.py                 71    logger_log                : read
2025-01-05 00:20:56,787 BTPWorkerThread-12347 (_rx_task) root DEBUG client.py                 71    logger_log                : Read 5 bytes
2025-01-05 00:20:56,803 BTPWorkerThread-12347 (_rx_task) root DEBUG client.py                 71    logger_log                : Received: hdr: Header(svc_id=0x02, op=0x1d, ctrl_index=0x00, data_len=0x08) bytearray(b'\x02\x1d\x00\x08\x00')
2025-01-05 00:20:56,819 BTPWorkerThread-12347 (_rx_task) root DEBUG client.py                 71    logger_log                : Read 8 bytes data
2025-01-05 00:20:56,830 BTPWorkerThread-12347 (_rx_task) root DEBUG client.py                 71    logger_log                : Received data: {'00 05 00 0a 06 00 29 2b'}, bytearray(b'\x00\x05\x00\n\x06\x00)+')
2025-01-05 00:20:56,842 LT1-thread root DEBUG client.py                 71    logger_log                : received Header(svc_id=2, op=29, ctrl_index=0, data_len=8) (b'\x00\x05\x00\n\x06\x00)+',)
2025-01-05 00:20:56,842 LT1-thread root DEBUG client.py                 71    logger_log                : gatts_get_attrs 6 6 None
2025-01-05 00:20:56,842 LT1-thread root DEBUG client.py                 71    logger_log                : send, 2 28 0 "bytearray(b'\\x06\\x00\\x06\\x00\\x00')"
2025-01-05 00:20:56,842 LT1-thread root DEBUG client.py                 71    logger_log                : sending frame '021c0005000600060000'
2025-01-05 00:20:56,843 LT1-thread root DEBUG client.py                 71    logger_log                : read
2025-01-05 00:20:56,902 BTPWorkerThread-12347 (_rx_task) root DEBUG client.py                 71    logger_log                : Read 5 bytes
2025-01-05 00:20:56,902 BTPWorkerThread-12347 (_rx_task) root DEBUG client.py                 71    logger_log                : Received: hdr: Header(svc_id=0x02, op=0x1c, ctrl_index=0x00, data_len=0x07) bytearray(b'\x02\x1c\x00\x07\x00')
2025-01-05 00:20:56,917 BTPWorkerThread-12347 (_rx_task) root DEBUG client.py                 71    logger_log                : Read 7 bytes data
2025-01-05 00:20:56,928 BTPWorkerThread-12347 (_rx_task) root DEBUG client.py                 71    logger_log                : Received data: {'01 06 00 03 02 29 2b'}, bytearray(b'\x01\x06\x00\x03\x02)+')
2025-01-05 00:20:56,951 LT1-thread root DEBUG client.py                 71    logger_log                : received Header(svc_id=2, op=28, ctrl_index=0, data_len=7) (b'\x01\x06\x00\x03\x02)+',)
2025-01-05 00:20:56,951 LT1-thread root DEBUG client.py                 71    logger_log                : dec_gatts_get_attrs_rp b'\x01\x06\x00\x03\x02)+' 7
2025-01-05 00:20:56,951 LT1-thread root DEBUG client.py                 71    logger_log                : handle 6 perm 3 type_uuid '2B29'
2025-01-05 00:20:56,952 LT1-thread root DEBUG client.py                 71    logger_log                : gatts_get_attr_val 7
2025-01-05 00:20:56,952 LT1-thread root DEBUG client.py                 71    logger_log                : send, 2 29 0 "bytearray(b'\\x00*\\xde%\\xe8\\x07\\xc0\\x07\\x00')"
2025-01-05 00:20:56,952 LT1-thread root DEBUG client.py                 71    logger_log                : sending frame '021d000900002ade25e807c00700'
2025-01-05 00:20:56,952 LT1-thread root DEBUG client.py                 71    logger_log                : read
2025-01-05 00:20:57,024 BTPWorkerThread-12347 (_rx_task) root DEBUG client.py                 71    logger_log                : Read 5 bytes
2025-01-05 00:20:57,035 BTPWorkerThread-12347 (_rx_task) root DEBUG client.py                 71    logger_log                : Received: hdr: Header(svc_id=0x02, op=0x1d, ctrl_index=0x00, data_len=0x08) bytearray(b'\x02\x1d\x00\x08\x00')
2025-01-05 00:20:57,047 BTPWorkerThread-12347 (_rx_task) root DEBUG client.py                 71    logger_log                : Read 8 bytes data
2025-01-05 00:20:57,058 BTPWorkerThread-12347 (_rx_task) root DEBUG client.py                 71    logger_log                : Received data: {'00 05 00 02 08 00 2a 2b'}, bytearray(b'\x00\x05\x00\x02\x08\x00*+')
2025-01-05 00:20:57,069 LT1-thread root DEBUG client.py                 71    logger_log                : received Header(svc_id=2, op=29, ctrl_index=0, data_len=8) (b'\x00\x05\x00\x02\x08\x00*+',)
2025-01-05 00:20:57,069 LT1-thread root DEBUG client.py                 71    logger_log                : gatts_get_attrs 8 8 None
2025-01-05 00:20:57,069 LT1-thread root DEBUG client.py                 71    logger_log                : send, 2 28 0 "bytearray(b'\\x08\\x00\\x08\\x00\\x00')"
2025-01-05 00:20:57,070 LT1-thread root DEBUG client.py                 71    logger_log                : sending frame '021c0005000800080000'
2025-01-05 00:20:57,070 LT1-thread root DEBUG client.py                 71    logger_log                : read
2025-01-05 00:20:57,136 BTPWorkerThread-12347 (_rx_task) root DEBUG client.py                 71    logger_log                : Read 5 bytes
2025-01-05 00:20:57,141 BTPWorkerThread-12347 (_rx_task) root DEBUG client.py                 71    logger_log                : Received: hdr: Header(svc_id=0x02, op=0x1c, ctrl_index=0x00, data_len=0x07) bytearray(b'\x02\x1c\x00\x07\x00')
2025-01-05 00:20:57,168 BTPWorkerThread-12347 (_rx_task) root DEBUG client.py                 71    logger_log                : Read 7 bytes data
2025-01-05 00:20:57,179 BTPWorkerThread-12347 (_rx_task) root DEBUG client.py                 71    logger_log                : Received data: {'01 08 00 01 02 2a 2b'}, bytearray(b'\x01\x08\x00\x01\x02*+')
2025-01-05 00:20:57,195 LT1-thread root DEBUG client.py                 71    logger_log                : received Header(svc_id=2, op=28, ctrl_index=0, data_len=7) (b'\x01\x08\x00\x01\x02*+',)
2025-01-05 00:20:57,195 LT1-thread root DEBUG client.py                 71    logger_log                : dec_gatts_get_attrs_rp b'\x01\x08\x00\x01\x02*+' 7
2025-01-05 00:20:57,196 LT1-thread root DEBUG client.py                 71    logger_log                : handle 8 perm 1 type_uuid '2B2A'
2025-01-05 00:20:57,196 LT1-thread root DEBUG client.py                 71    logger_log                : gatts_get_attr_val 9
2025-01-05 00:20:57,196 LT1-thread root DEBUG client.py                 71    logger_log                : send, 2 29 0 "bytearray(b'\\x00*\\xde%\\xe8\\x07\\xc0\\t\\x00')"
2025-01-05 00:20:57,196 LT1-thread root DEBUG client.py                 71    logger_log                : sending frame '021d000900002ade25e807c00900'
2025-01-05 00:20:57,196 LT1-thread root DEBUG client.py                 71    logger_log                : read
2025-01-05 00:20:57,265 BTPWorkerThread-12347 (_rx_task) root DEBUG client.py                 71    logger_log                : Read 5 bytes
2025-01-05 00:20:57,294 BTPWorkerThread-12347 (_rx_task) root DEBUG client.py                 71    logger_log                : Received: hdr: Header(svc_id=0x02, op=0x1d, ctrl_index=0x00, data_len=0x08) bytearray(b'\x02\x1d\x00\x08\x00')
2025-01-05 00:20:57,305 BTPWorkerThread-12347 (_rx_task) root DEBUG client.py                 71    logger_log                : Read 8 bytes data
2025-01-05 00:20:57,316 BTPWorkerThread-12347 (_rx_task) root DEBUG client.py                 71    logger_log                : Received data: {'00 05 00 02 0a 00 3a 2b'}, bytearray(b'\x00\x05\x00\x02\n\x00:+')
2025-01-05 00:20:57,321 LT1-thread root DEBUG client.py                 71    logger_log                : received Header(svc_id=2, op=29, ctrl_index=0, data_len=8) (b'\x00\x05\x00\x02\n\x00:+',)
2025-01-05 00:20:57,321 LT1-thread root DEBUG client.py                 71    logger_log                : gatts_get_attrs 10 10 None
2025-01-05 00:20:57,322 LT1-thread root DEBUG client.py                 71    logger_log                : send, 2 28 0 "bytearray(b'\\n\\x00\\n\\x00\\x00')"
2025-01-05 00:20:57,322 LT1-thread root DEBUG client.py                 71    logger_log                : sending frame '021c0005000a000a0000'
2025-01-05 00:20:57,322 LT1-thread root DEBUG client.py                 71    logger_log                : read
2025-01-05 00:20:57,383 BTPWorkerThread-12347 (_rx_task) root DEBUG client.py                 71    logger_log                : Read 5 bytes
2025-01-05 00:20:57,394 BTPWorkerThread-12347 (_rx_task) root DEBUG client.py                 71    logger_log                : Received: hdr: Header(svc_id=0x02, op=0x1c, ctrl_index=0x00, data_len=0x07) bytearray(b'\x02\x1c\x00\x07\x00')
2025-01-05 00:20:57,427 BTPWorkerThread-12347 (_rx_task) root DEBUG client.py                 71    logger_log                : Read 7 bytes data
2025-01-05 00:20:57,438 BTPWorkerThread-12347 (_rx_task) root DEBUG client.py                 71    logger_log                : Received data: {'01 0a 00 01 02 3a 2b'}, bytearray(b'\x01\n\x00\x01\x02:+')
2025-01-05 00:20:57,454 LT1-thread root DEBUG client.py                 71    logger_log                : received Header(svc_id=2, op=28, ctrl_index=0, data_len=7) (b'\x01\n\x00\x01\x02:+',)
2025-01-05 00:20:57,454 LT1-thread root DEBUG client.py                 71    logger_log                : dec_gatts_get_attrs_rp b'\x01\n\x00\x01\x02:+' 7
2025-01-05 00:20:57,454 LT1-thread root DEBUG client.py                 71    logger_log                : handle 10 perm 1 type_uuid '2B3A'
2025-01-05 00:20:57,455 LT1-thread root DEBUG client.py                 71    logger_log                : gatts_get_attr_val 12
2025-01-05 00:20:57,455 LT1-thread root DEBUG client.py                 71    logger_log                : send, 2 29 0 "bytearray(b'\\x00*\\xde%\\xe8\\x07\\xc0\\x0c\\x00')"
2025-01-05 00:20:57,455 LT1-thread root DEBUG client.py                 71    logger_log                : sending frame '021d000900002ade25e807c00c00'
2025-01-05 00:20:57,455 LT1-thread root DEBUG client.py                 71    logger_log                : read
2025-01-05 00:20:57,515 BTPWorkerThread-12347 (_rx_task) root DEBUG client.py                 71    logger_log                : Read 5 bytes
2025-01-05 00:20:57,531 BTPWorkerThread-12347 (_rx_task) root DEBUG client.py                 71    logger_log                : Received: hdr: Header(svc_id=0x02, op=0x1d, ctrl_index=0x00, data_len=0x08) bytearray(b'\x02\x1d\x00\x08\x00')
2025-01-05 00:20:57,553 BTPWorkerThread-12347 (_rx_task) root DEBUG client.py                 71    logger_log                : Read 8 bytes data
2025-01-05 00:20:57,559 BTPWorkerThread-12347 (_rx_task) root DEBUG client.py                 71    logger_log                : Received data: {'00 05 00 0a 0d 00 00 2a'}, bytearray(b'\x00\x05\x00\n\r\x00\x00*')
2025-01-05 00:20:57,575 LT1-thread root DEBUG client.py                 71    logger_log                : received Header(svc_id=2, op=29, ctrl_index=0, data_len=8) (b'\x00\x05\x00\n\r\x00\x00*',)
2025-01-05 00:20:57,575 LT1-thread root DEBUG client.py                 71    logger_log                : gatts_get_attrs 13 13 None
2025-01-05 00:20:57,575 LT1-thread root DEBUG client.py                 71    logger_log                : send, 2 28 0 "bytearray(b'\\r\\x00\\r\\x00\\x00')"
2025-01-05 00:20:57,576 LT1-thread root DEBUG client.py                 71    logger_log                : sending frame '021c0005000d000d0000'
2025-01-05 00:20:57,576 LT1-thread root DEBUG client.py                 71    logger_log                : read
2025-01-05 00:20:57,637 BTPWorkerThread-12347 (_rx_task) root DEBUG client.py                 71    logger_log                : Read 5 bytes
2025-01-05 00:20:57,654 BTPWorkerThread-12347 (_rx_task) root DEBUG client.py                 71    logger_log                : Received: hdr: Header(svc_id=0x02, op=0x1c, ctrl_index=0x00, data_len=0x07) bytearray(b'\x02\x1c\x00\x07\x00')
2025-01-05 00:20:57,680 BTPWorkerThread-12347 (_rx_task) root DEBUG client.py                 71    logger_log                : Read 7 bytes data
2025-01-05 00:20:57,691 BTPWorkerThread-12347 (_rx_task) root DEBUG client.py                 71    logger_log                : Received data: {'01 0d 00 09 02 00 2a'}, bytearray(b'\x01\r\x00\t\x02\x00*')
2025-01-05 00:20:57,707 LT1-thread root DEBUG client.py                 71    logger_log                : received Header(svc_id=2, op=28, ctrl_index=0, data_len=7) (b'\x01\r\x00\t\x02\x00*',)
2025-01-05 00:20:57,707 LT1-thread root DEBUG client.py                 71    logger_log                : dec_gatts_get_attrs_rp b'\x01\r\x00\t\x02\x00*' 7
2025-01-05 00:20:57,708 LT1-thread root DEBUG client.py                 71    logger_log                : handle 13 perm 9 type_uuid '2A00'
2025-01-05 00:20:57,708 LT1-thread root DEBUG client.py                 71    logger_log                : Sending response '000d' to wid 139 test case GAP/SEC/SEM/BV-24-C
2025-01-05 00:20:57,712 LT1-thread root DEBUG client.py                 71    logger_log                : ClientCallback.get_result run_test_case
2025-01-05 00:20:57,919 BTPWorkerThread-12347 (_rx_task) root DEBUG client.py                 71    logger_log                : Read 5 bytes
2025-01-05 00:20:57,920 BTPWorkerThread-12347 (_rx_task) root DEBUG client.py                 71    logger_log                : Received: hdr: Header(svc_id=0x01, op=0x8c, ctrl_index=0x00, data_len=0x08) bytearray(b'\x01\x8c\x00\x08\x00')
2025-01-05 00:20:57,920 BTPWorkerThread-12347 (_rx_task) root DEBUG client.py                 71    logger_log                : Read 8 bytes data
2025-01-05 00:20:57,920 BTPWorkerThread-12347 (_rx_task) root DEBUG client.py                 71    logger_log                : Received data: {'00 2a de 25 e8 07 c0 04'}, bytearray(b'\x00*\xde%\xe8\x07\xc0\x04')
2025-01-05 00:20:57,920 BTPWorkerThread-12347 (_rx_task) root DEBUG client.py                 71    logger_log                : event_handler Header(svc_id=1, op=140, ctrl_index=0, data_len=8) (b'\x00*\xde%\xe8\x07\xc0\x04',)
2025-01-05 00:20:57,920 BTPWorkerThread-12347 (_rx_task) root DEBUG client.py                 71    logger_log                : gap_pairing_failed_ev_
2025-01-05 00:20:57,921 BTPWorkerThread-12347 (_rx_task) root DEBUG client.py                 71    logger_log                : received b'\x00*\xde%\xe8\x07\xc0\x04'
2025-01-05 00:20:57,921 BTPWorkerThread-12347 (_rx_task) root DEBUG client.py                 71    logger_log                : received (0, 'c007e825de2a', 4)
2025-01-05 00:20:58,331 BTPWorkerThread-12347 (_rx_task) root DEBUG client.py                 71    logger_log                : Read 5 bytes
2025-01-05 00:20:58,331 BTPWorkerThread-12347 (_rx_task) root DEBUG client.py                 71    logger_log                : Received: hdr: Header(svc_id=0x01, op=0x83, ctrl_index=0x00, data_len=0x07) bytearray(b'\x01\x83\x00\x07\x00')
2025-01-05 00:20:58,332 BTPWorkerThread-12347 (_rx_task) root DEBUG client.py                 71    logger_log                : Read 7 bytes data
2025-01-05 00:20:58,332 BTPWorkerThread-12347 (_rx_task) root DEBUG client.py                 71    logger_log                : Received data: {'00 2a de 25 e8 07 c0'}, bytearray(b'\x00*\xde%\xe8\x07\xc0')
2025-01-05 00:20:58,332 BTPWorkerThread-12347 (_rx_task) root DEBUG client.py                 71    logger_log                : event_handler Header(svc_id=1, op=131, ctrl_index=0, data_len=7) (b'\x00*\xde%\xe8\x07\xc0',)
2025-01-05 00:20:58,332 BTPWorkerThread-12347 (_rx_task) root DEBUG client.py                 71    logger_log                : gap_disconnected_ev_ b'\x00*\xde%\xe8\x07\xc0'
2025-01-05 00:21:00,896 LT1-callback ClientCallback.log INFO client.py                 71    logger_log                : PTS_LOGTYPE_START_TEST Start Test Case 

+812 ms
 GAP/SEC/SEM/BV-24-C GAP/SEC/SEM/BV-24-C

2025-01-05 00:21:01,683 LT1-callback ClientCallback.log INFO client.py                 71    logger_log                : PTS_LOGTYPE_FINAL_VERDICT Final Verdict 

+9406 ms
 GAP/SEC/SEM/BV-24-C PASS

2025-01-05 00:21:01,708 LT1-callback ClientCallback.log INFO client.py                 71    logger_log                : PTS_LOGTYPE_FINAL_VERDICT Encrypted Verdict 

+9406 ms
 GAP/SEC/SEM/BV-24-C A1#ZWY4MzQ5MDg3MmQwNTIxOGQzMzQ5YjY2ODA5M2MzNjQ5ZDY4NmY0Yjc2MzIzM2VkNTUyNTFhNGU4Mjg1MjI0NA==#Rx92by9kU8/5u44lj/px1u59OvDWZi/JmQiAuFaVX/oEsQ3a9w0BZ9Jq3fJVTyop

2025-01-05 00:21:01,898 LT1-callback ClientCallback.log INFO client.py                 71    logger_log                : PTS_LOGTYPE_END_TEST Test Case Ended 

+9406 ms
 GAP/SEC/SEM/BV-24-C GAP/SEC/SEM/BV-24-C

2025-01-05 00:21:02,175 LT1-callback root DEBUG client.py                 71    logger_log                : ClientCallback, set_result, run_test_case, PASS
2025-01-05 00:21:02,175 LT1-thread root DEBUG client.py                 71    logger_log                : After run_test_case error_code=0 status='PASS'
2025-01-05 00:21:02,176 LT1-thread root DEBUG client.py                 71    logger_log                : post_run GAP GAP/SEC/SEM/BV-24-C 0
2025-01-05 00:21:02,176 LT1-thread root DEBUG client.py                 71    logger_log                : Starting test function: class=<class 'autopts.ptsprojects.testcase.TestFuncCleanUp'>, func=<bound method Stack.cleanup of <autopts.ptsprojects.stack.stack.Stack object at 0x000001CE003A0450>> start_wid=None stop_wid=None post_wid=None skip_call=None call_count=1 args=() kwds={}
2025-01-05 00:21:02,176 LT1-thread root DEBUG client.py                 71    logger_log                : Test function parameters: args=(), kwds={}
2025-01-05 00:21:02,177 LT1-thread root DEBUG client.py                 71    logger_log                : Starting test function: class=<class 'autopts.ptsprojects.testcase.TestFuncCleanUp'>, func=<bound method ZephyrCtl.stop of <autopts.ptsprojects.zephyr.iutctl.ZephyrCtl object at 0x000001CE7D2B9F50>> start_wid=None stop_wid=None post_wid=None skip_call=None call_count=1 args=() kwds={}
2025-01-05 00:21:02,177 LT1-thread root DEBUG client.py                 71    logger_log                : Test function parameters: args=(), kwds={}
2025-01-05 00:21:02,177 LT1-thread root DEBUG client.py                 71    logger_log                : <class 'autopts.ptsprojects.zephyr.iutctl.ZephyrCtl'>.stop
2025-01-05 00:21:02,279 LT1-thread root DEBUG client.py                 71    logger_log                : <class 'autopts.rtt.RTTLogger'>.stop
2025-01-05 00:21:02,279 LT1-thread root DEBUG client.py                 71    logger_log                : <class 'autopts.rtt.RTT'>.stop
2025-01-05 00:21:02,339 LT1-thread root DEBUG client.py                 71    logger_log                : About to reset DUT: JLink -CommandFile reset.jlink -usb 1064371884 -device MCXW716
2025-01-05 00:21:02,929 BTPWorkerThread-12347 (_rx_task) root DEBUG client.py                 71    logger_log                : Read 5 bytes
2025-01-05 00:21:02,949 BTPWorkerThread-12347 (_rx_task) root DEBUG client.py                 71    logger_log                : Received: hdr: Header(svc_id=0x00, op=0x80, ctrl_index=0xff, data_len=0x00) bytearray(b'\x00\x80\xff\x00\x00')
2025-01-05 00:21:02,969 BTPWorkerThread-12347 (_rx_task) root DEBUG client.py                 71    logger_log                : Received data: {''}, bytearray(b'')
2025-01-05 00:21:02,999 BTPWorkerThread-12347 (_rx_task) root DEBUG client.py                 71    logger_log                : event_handler Header(svc_id=0, op=128, ctrl_index=255, data_len=0) (b'',)
2025-01-05 00:21:03,019 BTPWorkerThread-12347 (_rx_task) root DEBUG client.py                 71    logger_log                : core_iut_ready_ev
2025-01-05 00:21:03,039 LT1-thread root DEBUG client.py                 71    logger_log                : IUT ready event received OK
2025-01-05 00:21:03,039 LT1-thread root DEBUG client.py                 71    logger_log                : Waiting for _rx_worker to finish ...
2025-01-05 00:21:04,048 BTPWorkerThread-12347 (_rx_task) root DEBUG client.py                 71    logger_log                : BTPWorkerThread-12347 (_rx_task) finishing...
2025-01-05 00:21:04,048 LT1-thread root DEBUG client.py                 71    logger_log                : Waiting for _rx_worker to finish ...
2025-01-05 00:21:07,081 LT1-thread root DEBUG client.py                 71    logger_log                : post_run, cleanup running post test case script
2025-01-05 00:21:07,081 LT1-thread root DEBUG client.py                 71    logger_log                : post_run, run post test case script
2025-01-05 00:21:07,291 LT1-thread root DEBUG client.py                 71    logger_log                : Done TestCase _run_test_case GAP GAP/SEC/SEM/BV-24-C
