2025-01-04 19:52:46,259 LT1-thread root DEBUG client.py                 71    logger_log                : Starting TestCase _run_test_case GAP GAP/SEC/CSIGN/BV-02-C
2025-01-04 19:52:46,259 LT1-thread root DEBUG client.py                 71    logger_log                : pre_run GAP GAP/SEC/CSIGN/BV-02-C
2025-01-04 19:52:46,259 LT1-thread root DEBUG client.py                 71    logger_log                : About to run test case GAP GAP/SEC/CSIGN/BV-02-C with commands:
2025-01-04 19:52:46,259 LT1-thread root DEBUG client.py                 71    logger_log                : 0) class=<class 'autopts.ptsprojects.testcase.TestFunc'>, func=<bound method Stack.core_init of <autopts.ptsprojects.stack.stack.Stack object at 0x000001CE003A0450>> start_wid=None stop_wid=None post_wid=None skip_call=None call_count=0 args=() kwds={}
2025-01-04 19:52:46,259 LT1-thread root DEBUG client.py                 71    logger_log                : 1) class=<class 'autopts.ptsprojects.testcase.TestFunc'>, func=<bound method ZephyrCtl.hw_reset of <autopts.ptsprojects.zephyr.iutctl.ZephyrCtl object at 0x000001CE7D2B9F50>> start_wid=None stop_wid=None post_wid=None skip_call=None call_count=0 args=() kwds={}
2025-01-04 19:52:46,259 LT1-thread root DEBUG client.py                 71    logger_log                : 2) class=<class 'autopts.ptsprojects.testcase.TestFunc'>, func=<bound method ZephyrCtl.start of <autopts.ptsprojects.zephyr.iutctl.ZephyrCtl object at 0x000001CE7D2B9F50>> start_wid=None stop_wid=None post_wid=None skip_call=None call_count=0 args=(<autopts.ptsprojects.zephyr.ztestcase.ZTestCase object at 0x000001CE0080A710>,) kwds={}
2025-01-04 19:52:46,259 LT1-thread root DEBUG client.py                 71    logger_log                : 3) class=<class 'autopts.ptsprojects.testcase.TestFunc'>, func=<bound method ZephyrCtl.hw_reset of <autopts.ptsprojects.zephyr.iutctl.ZephyrCtl object at 0x000001CE7D2B9F50>> start_wid=None stop_wid=None post_wid=None skip_call=None call_count=0 args=() kwds={}
2025-01-04 19:52:46,259 LT1-thread root DEBUG client.py                 71    logger_log                : 4) class=<class 'autopts.ptsprojects.testcase.TestFunc'>, func=<bound method ZephyrCtl.wait_iut_ready_event of <autopts.ptsprojects.zephyr.iutctl.ZephyrCtl object at 0x000001CE7D2B9F50>> start_wid=None stop_wid=None post_wid=None skip_call=None call_count=0 args=(False,) kwds={}
2025-01-04 19:52:46,259 LT1-thread root DEBUG client.py                 71    logger_log                : 5) class=<class 'autopts.ptsprojects.testcase.TestFunc'>, func=<function core_reg_svc_gap at 0x000001CE7BEB4540> start_wid=None stop_wid=None post_wid=None skip_call=None call_count=79 args=() kwds={}
2025-01-04 19:52:46,259 LT1-thread root DEBUG client.py                 71    logger_log                : 6) class=<class 'autopts.ptsprojects.testcase.TestFunc'>, func=<bound method Stack.gap_init of <autopts.ptsprojects.stack.stack.Stack object at 0x000001CE003A0450>> start_wid=None stop_wid=None post_wid=None skip_call=None call_count=79 args=(b'Tester_25DE2A', 'ABCD', '1111', '1111', '11', '1111', b'\x17github.com/auto-pts', (8, 'PADV_Tester'), 'FF') kwds={}
2025-01-04 19:52:46,259 LT1-thread root DEBUG client.py                 71    logger_log                : 7) class=<class 'autopts.ptsprojects.testcase.TestFunc'>, func=<function gap_read_ctrl_info at 0x000001CE7BEC4400> start_wid=None stop_wid=None post_wid=None skip_call=None call_count=79 args=() kwds={}
2025-01-04 19:52:46,259 LT1-thread root DEBUG client.py                 71    logger_log                : 8) class=<class 'autopts.ptsprojects.testcase.TestFunc'>, func=<function test_cases.<locals>.<lambda> at 0x000001CE006623E0> start_wid=None stop_wid=None post_wid=None skip_call=None call_count=79 args=() kwds={}
2025-01-04 19:52:46,259 LT1-thread root DEBUG client.py                 71    logger_log                : 9) class=<class 'autopts.ptsprojects.testcase.TestFunc'>, func=<function test_cases.<locals>.<lambda> at 0x000001CE00662480> start_wid=None stop_wid=None post_wid=None skip_call=None call_count=79 args=() kwds={}
2025-01-04 19:52:46,259 LT1-thread root DEBUG client.py                 71    logger_log                : 10) class=<class 'autopts.ptsprojects.testcase.TestFunc'>, func=<function test_cases.<locals>.<lambda> at 0x000001CE00662520> start_wid=None stop_wid=None post_wid=None skip_call=None call_count=79 args=() kwds={}
2025-01-04 19:52:46,259 LT1-thread root DEBUG client.py                 71    logger_log                : 11) class=<class 'autopts.ptsprojects.testcase.TestFunc'>, func=<function test_cases.<locals>.<lambda> at 0x000001CE006625C0> start_wid=None stop_wid=None post_wid=None skip_call=None call_count=79 args=() kwds={}
2025-01-04 19:52:46,259 LT1-thread root DEBUG client.py                 71    logger_log                : 12) class=<class 'autopts.ptsprojects.testcase.TestFunc'>, func=<function test_cases.<locals>.<lambda> at 0x000001CE00662660> start_wid=None stop_wid=None post_wid=None skip_call=None call_count=79 args=() kwds={}
2025-01-04 19:52:46,259 LT1-thread root DEBUG client.py                 71    logger_log                : 13) class=<class 'autopts.ptsprojects.testcase.TestFunc'>, func=<function test_cases.<locals>.<lambda> at 0x000001CE00662700> start_wid=None stop_wid=None post_wid=None skip_call=None call_count=79 args=() kwds={}
2025-01-04 19:52:46,259 LT1-thread root DEBUG client.py                 71    logger_log                : 14) class=<class 'autopts.ptsprojects.testcase.TestFunc'>, func=<function test_cases.<locals>.<lambda> at 0x000001CE006627A0> start_wid=None stop_wid=None post_wid=None skip_call=None call_count=79 args=() kwds={}
2025-01-04 19:52:46,259 LT1-thread root DEBUG client.py                 71    logger_log                : 15) class=<class 'autopts.ptsprojects.testcase.TestFunc'>, func=<function test_cases.<locals>.<lambda> at 0x000001CE00662840> start_wid=None stop_wid=None post_wid=None skip_call=None call_count=79 args=() kwds={}
2025-01-04 19:52:46,259 LT1-thread root DEBUG client.py                 71    logger_log                : 16) class=<class 'autopts.ptsprojects.testcase.TestFunc'>, func=<function test_cases.<locals>.<lambda> at 0x000001CE006628E0> start_wid=None stop_wid=None post_wid=None skip_call=None call_count=79 args=() kwds={}
2025-01-04 19:52:46,259 LT1-thread root DEBUG client.py                 71    logger_log                : 17) class=<class 'autopts.ptsprojects.testcase.TestFunc'>, func=<function test_cases.<locals>.<lambda> at 0x000001CE00662980> start_wid=None stop_wid=None post_wid=None skip_call=None call_count=79 args=() kwds={}
2025-01-04 19:52:46,259 LT1-thread root DEBUG client.py                 71    logger_log                : 18) class=<class 'autopts.ptsprojects.testcase.TestFunc'>, func=<function test_cases.<locals>.<lambda> at 0x000001CE00662A20> start_wid=None stop_wid=None post_wid=None skip_call=None call_count=79 args=() kwds={}
2025-01-04 19:52:46,259 LT1-thread root DEBUG client.py                 71    logger_log                : 19) class=<class 'autopts.ptsprojects.testcase.TestFunc'>, func=<function test_cases.<locals>.<lambda> at 0x000001CE00662AC0> start_wid=None stop_wid=None post_wid=None skip_call=None call_count=79 args=() kwds={}
2025-01-04 19:52:46,259 LT1-thread root DEBUG client.py                 71    logger_log                : 20) class=<class 'autopts.ptsprojects.testcase.TestFunc'>, func=<function core_reg_svc_gatt at 0x000001CE7BEB4680> start_wid=None stop_wid=None post_wid=None skip_call=None call_count=79 args=() kwds={}
2025-01-04 19:52:46,269 LT1-thread root DEBUG client.py                 71    logger_log                : 21) class=<class 'autopts.ptsprojects.testcase.TestFunc'>, func=<bound method Stack.gatt_init of <autopts.ptsprojects.stack.stack.Stack object at 0x000001CE003A0450>> start_wid=None stop_wid=None post_wid=None skip_call=None call_count=79 args=() kwds={}
2025-01-04 19:52:46,269 LT1-thread root DEBUG client.py                 71    logger_log                : 22) class=<class 'autopts.ptsprojects.testcase.TestFunc'>, func=<function gap_set_io_cap at 0x000001CE7BEB7920> start_wid=None stop_wid=None post_wid=None skip_call=None call_count=79 args=(4,) kwds={}
2025-01-04 19:52:46,269 LT1-thread root DEBUG client.py                 71    logger_log                : 23) class=<class 'autopts.ptsprojects.testcase.TestFunc'>, func=<function set_pts_addr at 0x000001CE7BEB40E0> start_wid=None stop_wid=None post_wid=None skip_call=None call_count=79 args=('C0:07:E8:25:DE:2A', 0) kwds={}
2025-01-04 19:52:46,269 LT1-thread root DEBUG client.py                 71    logger_log                : 24) class=<class 'autopts.ptsprojects.testcase.TestFunc'>, func=<function gatts_add_svc at 0x000001CE7BEC5DA0> start_wid=None stop_wid=None post_wid=None skip_call=None call_count=79 args=(0, 'AA51') kwds={}
2025-01-04 19:52:46,269 LT1-thread root DEBUG client.py                 71    logger_log                : 25) class=<class 'autopts.ptsprojects.testcase.TestFunc'>, func=<function gatts_add_char at 0x000001CE7BEC5EE0> start_wid=None stop_wid=None post_wid=None skip_call=None call_count=79 args=(0, 2, 17, 'AA52') kwds={}
2025-01-04 19:52:46,269 LT1-thread root DEBUG client.py                 71    logger_log                : 26) class=<class 'autopts.ptsprojects.testcase.TestFunc'>, func=<function gatts_set_val at 0x000001CE7BEC5F80> start_wid=None stop_wid=None post_wid=None skip_call=None call_count=79 args=(0, '01') kwds={}
2025-01-04 19:52:46,269 LT1-thread root DEBUG client.py                 71    logger_log                : 27) class=<class 'autopts.ptsprojects.testcase.TestFunc'>, func=<function gatts_add_char at 0x000001CE7BEC5EE0> start_wid=None stop_wid=None post_wid=None skip_call=None call_count=79 args=(0, 2, 5, 'AA53') kwds={}
2025-01-04 19:52:46,269 LT1-thread root DEBUG client.py                 71    logger_log                : 28) class=<class 'autopts.ptsprojects.testcase.TestFunc'>, func=<function gatts_set_val at 0x000001CE7BEC5F80> start_wid=None stop_wid=None post_wid=None skip_call=None call_count=79 args=(0, '02') kwds={}
2025-01-04 19:52:46,269 LT1-thread root DEBUG client.py                 71    logger_log                : 29) class=<class 'autopts.ptsprojects.testcase.TestFunc'>, func=<function gatts_add_char at 0x000001CE7BEC5EE0> start_wid=None stop_wid=None post_wid=None skip_call=None call_count=79 args=(0, 66, 3, 'AA54') kwds={}
2025-01-04 19:52:46,269 LT1-thread root DEBUG client.py                 71    logger_log                : 30) class=<class 'autopts.ptsprojects.testcase.TestFunc'>, func=<function gatts_set_val at 0x000001CE7BEC5F80> start_wid=None stop_wid=None post_wid=None skip_call=None call_count=79 args=(0, '03') kwds={}
2025-01-04 19:52:46,269 LT1-thread root DEBUG client.py                 71    logger_log                : 31) class=<class 'autopts.ptsprojects.testcase.TestFunc'>, func=<function gatts_add_char at 0x000001CE7BEC5EE0> start_wid=None stop_wid=None post_wid=None skip_call=None call_count=79 args=(0, 10, 48, 'AA55') kwds={}
2025-01-04 19:52:46,269 LT1-thread root DEBUG client.py                 71    logger_log                : 32) class=<class 'autopts.ptsprojects.testcase.TestFunc'>, func=<function gatts_set_val at 0x000001CE7BEC5F80> start_wid=None stop_wid=None post_wid=None skip_call=None call_count=79 args=(0, '04') kwds={}
2025-01-04 19:52:46,269 LT1-thread root DEBUG client.py                 71    logger_log                : 33) class=<class 'autopts.ptsprojects.testcase.TestFunc'>, func=<function gatts_start_server at 0x000001CE7BEC6200> start_wid=None stop_wid=None post_wid=None skip_call=None call_count=79 args=() kwds={}
2025-01-04 19:52:46,269 LT1-thread root DEBUG client.py                 71    logger_log                : 34) class=<class 'autopts.ptsprojects.testcase.TestFuncCleanUp'>, func=<bound method Stack.cleanup of <autopts.ptsprojects.stack.stack.Stack object at 0x000001CE003A0450>> start_wid=None stop_wid=None post_wid=None skip_call=None call_count=0 args=() kwds={}
2025-01-04 19:52:46,269 LT1-thread root DEBUG client.py                 71    logger_log                : 35) class=<class 'autopts.ptsprojects.testcase.TestFuncCleanUp'>, func=<bound method ZephyrCtl.stop of <autopts.ptsprojects.zephyr.iutctl.ZephyrCtl object at 0x000001CE7D2B9F50>> start_wid=None stop_wid=None post_wid=None skip_call=None call_count=0 args=() kwds={}
2025-01-04 19:52:46,269 LT1-thread root DEBUG client.py                 71    logger_log                : pre_run, run pre test case script
2025-01-04 19:52:46,279 LT1-thread root DEBUG client.py                 71    logger_log                : Starting test function: class=<class 'autopts.ptsprojects.testcase.TestFunc'>, func=<bound method Stack.core_init of <autopts.ptsprojects.stack.stack.Stack object at 0x000001CE003A0450>> start_wid=None stop_wid=None post_wid=None skip_call=None call_count=1 args=() kwds={}
2025-01-04 19:52:46,279 LT1-thread root DEBUG client.py                 71    logger_log                : Test function parameters: args=(), kwds={}
2025-01-04 19:52:46,279 LT1-thread root DEBUG client.py                 71    logger_log                : Starting test function: class=<class 'autopts.ptsprojects.testcase.TestFunc'>, func=<bound method ZephyrCtl.hw_reset of <autopts.ptsprojects.zephyr.iutctl.ZephyrCtl object at 0x000001CE7D2B9F50>> start_wid=None stop_wid=None post_wid=None skip_call=None call_count=1 args=() kwds={}
2025-01-04 19:52:46,279 LT1-thread root DEBUG client.py                 71    logger_log                : Test function parameters: args=(), kwds={}
2025-01-04 19:52:46,279 LT1-thread root DEBUG client.py                 71    logger_log                : Starting test function: class=<class 'autopts.ptsprojects.testcase.TestFunc'>, func=<bound method ZephyrCtl.start of <autopts.ptsprojects.zephyr.iutctl.ZephyrCtl object at 0x000001CE7D2B9F50>> start_wid=None stop_wid=None post_wid=None skip_call=None call_count=1 args=(<autopts.ptsprojects.zephyr.ztestcase.ZTestCase object at 0x000001CE0080A710>,) kwds={}
2025-01-04 19:52:46,279 LT1-thread root DEBUG client.py                 71    logger_log                : Test function parameters: args=(<autopts.ptsprojects.zephyr.ztestcase.ZTestCase object at 0x000001CE0080A710>,), kwds={}
2025-01-04 19:52:46,279 LT1-thread root DEBUG client.py                 71    logger_log                : <class 'autopts.ptsprojects.zephyr.iutctl.ZephyrCtl'>.start
2025-01-04 19:52:46,289 LT1-thread root DEBUG client.py                 71    logger_log                : <class 'autopts.ptsprojects.zephyr.iutctl.ZephyrCtl'>.flush_serial
2025-01-04 19:52:47,559 LT1-thread root DEBUG client.py                 71    logger_log                : Starting socat process: socat.exe -x -v tcp:10.192.253.135:61242,retry=100,interval=1 /dev/ttyS34,raw,b115200
2025-01-04 19:52:47,579 LT1-thread root DEBUG client.py                 71    logger_log                : accept
2025-01-04 19:52:47,709 BTPWorkerThread-1998 (_rx_task) root DEBUG client.py                 71    logger_log                : BTPWorkerThread-1998 (_rx_task) started
2025-01-04 19:52:47,709 LT1-thread root DEBUG client.py                 71    logger_log                : Starting test function: class=<class 'autopts.ptsprojects.testcase.TestFunc'>, func=<bound method ZephyrCtl.hw_reset of <autopts.ptsprojects.zephyr.iutctl.ZephyrCtl object at 0x000001CE7D2B9F50>> start_wid=None stop_wid=None post_wid=None skip_call=None call_count=1 args=() kwds={}
2025-01-04 19:52:47,709 LT1-thread root DEBUG client.py                 71    logger_log                : Test function parameters: args=(), kwds={}
2025-01-04 19:52:47,709 LT1-thread root DEBUG client.py                 71    logger_log                : Starting test function: class=<class 'autopts.ptsprojects.testcase.TestFunc'>, func=<bound method ZephyrCtl.wait_iut_ready_event of <autopts.ptsprojects.zephyr.iutctl.ZephyrCtl object at 0x000001CE7D2B9F50>> start_wid=None stop_wid=None post_wid=None skip_call=None call_count=1 args=(False,) kwds={}
2025-01-04 19:52:47,709 LT1-thread root DEBUG client.py                 71    logger_log                : Test function parameters: args=(False,), kwds={}
2025-01-04 19:52:47,709 LT1-thread root DEBUG client.py                 71    logger_log                : IUT ready event received OK
2025-01-04 19:52:47,709 LT1-thread root DEBUG client.py                 71    logger_log                : <class 'autopts.rtt.RTTLogger'>.start
2025-01-04 19:52:47,709 LT1-thread root DEBUG client.py                 71    logger_log                : <class 'autopts.rtt.RTT'>.start
2025-01-04 19:52:48,703 BTPWorkerThread-1998 (_rx_task) root DEBUG client.py                 71    logger_log                : Read 5 bytes
2025-01-04 19:52:48,703 BTPWorkerThread-1998 (_rx_task) root DEBUG client.py                 71    logger_log                : Received: hdr: Header(svc_id=0x00, op=0x80, ctrl_index=0xff, data_len=0x00) bytearray(b'\x00\x80\xff\x00\x00')
2025-01-04 19:52:48,703 BTPWorkerThread-1998 (_rx_task) root DEBUG client.py                 71    logger_log                : Received data: {''}, bytearray(b'')
2025-01-04 19:52:48,703 BTPWorkerThread-1998 (_rx_task) root DEBUG client.py                 71    logger_log                : event_handler Header(svc_id=0, op=128, ctrl_index=255, data_len=0) (b'',)
2025-01-04 19:52:48,703 BTPWorkerThread-1998 (_rx_task) root DEBUG client.py                 71    logger_log                : core_iut_ready_ev
2025-01-04 19:52:58,458 LT1-thread root DEBUG client.py                 71    logger_log                : Starting test function: class=<class 'autopts.ptsprojects.testcase.TestFunc'>, func=<function core_reg_svc_gap at 0x000001CE7BEB4540> start_wid=None stop_wid=None post_wid=None skip_call=None call_count=80 args=() kwds={}
2025-01-04 19:52:58,458 LT1-thread root DEBUG client.py                 71    logger_log                : Test function parameters: args=(), kwds={}
2025-01-04 19:52:58,458 LT1-thread root DEBUG client.py                 71    logger_log                : core_reg_svc_gap
2025-01-04 19:52:58,459 LT1-thread root DEBUG client.py                 71    logger_log                : send, 0 3 255 '1'
2025-01-04 19:52:58,459 LT1-thread root DEBUG client.py                 71    logger_log                : sending frame '0003ff010001'
2025-01-04 19:52:58,459 LT1-thread root DEBUG client.py                 71    logger_log                : core_reg_svc_rsp_succ
2025-01-04 19:52:58,459 LT1-thread root DEBUG client.py                 71    logger_log                : read
2025-01-04 19:52:58,564 BTPWorkerThread-1998 (_rx_task) root DEBUG client.py                 71    logger_log                : Read 5 bytes
2025-01-04 19:52:58,575 BTPWorkerThread-1998 (_rx_task) root DEBUG client.py                 71    logger_log                : Received: hdr: Header(svc_id=0x00, op=0x03, ctrl_index=0xff, data_len=0x00) bytearray(b'\x00\x03\xff\x00\x00')
2025-01-04 19:52:58,585 BTPWorkerThread-1998 (_rx_task) root DEBUG client.py                 71    logger_log                : Received data: {''}, bytearray(b'')
2025-01-04 19:52:58,597 LT1-thread root DEBUG client.py                 71    logger_log                : received Header(svc_id=0, op=3, ctrl_index=255, data_len=0) (b'',)
2025-01-04 19:52:58,597 LT1-thread root DEBUG client.py                 71    logger_log                : expected ((0, 3, 255, 0), (b'',))
2025-01-04 19:52:58,598 LT1-thread root DEBUG client.py                 71    logger_log                : response is valid
2025-01-04 19:52:58,598 LT1-thread root DEBUG client.py                 71    logger_log                : Starting test function: class=<class 'autopts.ptsprojects.testcase.TestFunc'>, func=<bound method Stack.gap_init of <autopts.ptsprojects.stack.stack.Stack object at 0x000001CE003A0450>> start_wid=None stop_wid=None post_wid=None skip_call=None call_count=80 args=(b'Tester_25DE2A', 'ABCD', '1111', '1111', '11', '1111', b'\x17github.com/auto-pts', (8, 'PADV_Tester'), 'FF') kwds={}
2025-01-04 19:52:58,598 LT1-thread root DEBUG client.py                 71    logger_log                : Test function parameters: args=(b'Tester_25DE2A', 'ABCD', '1111', '1111', '11', '1111', b'\x17github.com/auto-pts', (8, 'PADV_Tester'), 'FF'), kwds={}
2025-01-04 19:52:58,598 LT1-thread root DEBUG client.py                 71    logger_log                : Starting test function: class=<class 'autopts.ptsprojects.testcase.TestFunc'>, func=<function gap_read_ctrl_info at 0x000001CE7BEC4400> start_wid=None stop_wid=None post_wid=None skip_call=None call_count=80 args=() kwds={}
2025-01-04 19:52:58,598 LT1-thread root DEBUG client.py                 71    logger_log                : Test function parameters: args=(), kwds={}
2025-01-04 19:52:58,598 LT1-thread root DEBUG client.py                 71    logger_log                : gap_read_ctrl_info
2025-01-04 19:52:58,598 LT1-thread root DEBUG client.py                 71    logger_log                : send, 1 3 0 ''
2025-01-04 19:52:58,599 LT1-thread root DEBUG client.py                 71    logger_log                : sending frame '0103000000'
2025-01-04 19:52:58,599 LT1-thread root DEBUG client.py                 71    logger_log                : read
2025-01-04 19:52:59,484 BTPWorkerThread-1998 (_rx_task) root DEBUG client.py                 71    logger_log                : Read 5 bytes
2025-01-04 19:52:59,489 BTPWorkerThread-1998 (_rx_task) root DEBUG client.py                 71    logger_log                : Received: hdr: Header(svc_id=0x01, op=0x03, ctrl_index=0x00, data_len=0x115) bytearray(b'\x01\x03\x00\x15\x01')
2025-01-04 19:52:59,500 BTPWorkerThread-1998 (_rx_task) root DEBUG client.py                 71    logger_log                : Read 277 bytes data
2025-01-04 19:52:59,511 BTPWorkerThread-1998 (_rx_task) root DEBUG client.py                 71    logger_log                : Received data: {'28 00 03 37 60 00 13 06 02 00 13 02 00 00 00 00 00 62 74 70 5f 74 65 73 74 65 72 00 00 00 00 00 00 00 00 00 00 00 00 00 00 00 00 00 00 00 00 00 00 00 00 00 00 00 00 00 00 00 00 00 00 00 00 00 00 00 00 00 00 00 00 00 00 00 00 00 00 00 00 00 00 00 00 00 00 00 00 00 00 00 00 00 00 00 00 00 00 00 00 00 00 00 00 00 00 00 00 00 00 00 00 00 00 00 00 00 00 00 00 00 00 00 00 00 00 00 00 00 00 00 00 00 00 00 00 00 00 00 00 00 00 00 00 00 00 00 00 00 00 00 00 00 00 00 00 00 00 00 00 00 00 00 00 00 00 00 00 00 00 00 00 00 00 00 00 00 00 00 00 00 00 00 00 00 00 00 00 00 00 00 00 00 00 00 00 00 00 00 00 00 00 00 00 00 00 00 00 00 00 00 00 00 00 00 00 00 00 00 00 00 00 00 00 00 00 00 00 00 00 00 00 00 00 00 00 00 00 00 00 00 00 00 00 00 00 00 00 00 00 00 00 00 00 00 00 00 00 00 00 00 00 00 00 00 00 00 00 00 00 00 00 00 00 00 00 00 00'}, bytearray(b'(\x00\x037`\x00\x13\x06\x02\x00\x13\x02\x00\x00\x00\x00\x00btp_tester\x00\x00\x00\x00\x00\x00\x00\x00\x00\x00\x00\x00\x00\x00\x00\x00\x00\x00\x00\x00\x00\x00\x00\x00\x00\x00\x00\x00\x00\x00\x00\x00\x00\x00\x00\x00\x00\x00\x00\x00\x00\x00\x00\x00\x00\x00\x00\x00\x00\x00\x00\x00\x00\x00\x00\x00\x00\x00\x00\x00\x00\x00\x00\x00\x00\x00\x00\x00\x00\x00\x00\x00\x00\x00\x00\x00\x00\x00\x00\x00\x00\x00\x00\x00\x00\x00\x00\x00\x00\x00\x00\x00\x00\x00\x00\x00\x00\x00\x00\x00\x00\x00\x00\x00\x00\x00\x00\x00\x00\x00\x00\x00\x00\x00\x00\x00\x00\x00\x00\x00\x00\x00\x00\x00\x00\x00\x00\x00\x00\x00\x00\x00\x00\x00\x00\x00\x00\x00\x00\x00\x00\x00\x00\x00\x00\x00\x00\x00\x00\x00\x00\x00\x00\x00\x00\x00\x00\x00\x00\x00\x00\x00\x00\x00\x00\x00\x00\x00\x00\x00\x00\x00\x00\x00\x00\x00\x00\x00\x00\x00\x00\x00\x00\x00\x00\x00\x00\x00\x00\x00\x00\x00\x00\x00\x00\x00\x00\x00\x00\x00\x00\x00\x00\x00\x00\x00\x00\x00\x00\x00\x00\x00\x00\x00\x00\x00\x00\x00\x00\x00\x00\x00\x00\x00\x00\x00\x00\x00\x00\x00\x00\x00\x00\x00\x00\x00\x00\x00\x00\x00\x00\x00\x00\x00\x00\x00\x00\x00\x00\x00')
2025-01-04 19:52:59,528 LT1-thread root DEBUG client.py                 71    logger_log                : received Header(svc_id=1, op=3, ctrl_index=0, data_len=277) (b'(\x00\x037`\x00\x13\x06\x02\x00\x13\x02\x00\x00\x00\x00\x00btp_tester\x00\x00\x00\x00\x00\x00\x00\x00\x00\x00\x00\x00\x00\x00\x00\x00\x00\x00\x00\x00\x00\x00\x00\x00\x00\x00\x00\x00\x00\x00\x00\x00\x00\x00\x00\x00\x00\x00\x00\x00\x00\x00\x00\x00\x00\x00\x00\x00\x00\x00\x00\x00\x00\x00\x00\x00\x00\x00\x00\x00\x00\x00\x00\x00\x00\x00\x00\x00\x00\x00\x00\x00\x00\x00\x00\x00\x00\x00\x00\x00\x00\x00\x00\x00\x00\x00\x00\x00\x00\x00\x00\x00\x00\x00\x00\x00\x00\x00\x00\x00\x00\x00\x00\x00\x00\x00\x00\x00\x00\x00\x00\x00\x00\x00\x00\x00\x00\x00\x00\x00\x00\x00\x00\x00\x00\x00\x00\x00\x00\x00\x00\x00\x00\x00\x00\x00\x00\x00\x00\x00\x00\x00\x00\x00\x00\x00\x00\x00\x00\x00\x00\x00\x00\x00\x00\x00\x00\x00\x00\x00\x00\x00\x00\x00\x00\x00\x00\x00\x00\x00\x00\x00\x00\x00\x00\x00\x00\x00\x00\x00\x00\x00\x00\x00\x00\x00\x00\x00\x00\x00\x00\x00\x00\x00\x00\x00\x00\x00\x00\x00\x00\x00\x00\x00\x00\x00\x00\x00\x00\x00\x00\x00\x00\x00\x00\x00\x00\x00\x00\x00\x00\x00\x00\x00\x00\x00\x00\x00\x00\x00\x00\x00\x00\x00\x00\x00\x00\x00\x00\x00\x00\x00\x00\x00\x00\x00\x00\x00\x00\x00',)
2025-01-04 19:52:59,528 LT1-thread root DEBUG client.py                 71    logger_log                : IUT address '006037030028' 'public'
2025-01-04 19:52:59,529 LT1-thread root DEBUG client.py                 71    logger_log                : __gap_current_settings_update 531
2025-01-04 19:52:59,529 LT1-thread root DEBUG client.py                 71    logger_log                : Starting test function: class=<class 'autopts.ptsprojects.testcase.TestFunc'>, func=<function test_cases.<locals>.<lambda> at 0x000001CE006623E0> start_wid=None stop_wid=None post_wid=None skip_call=None call_count=80 args=() kwds={}
2025-01-04 19:52:59,529 LT1-thread root DEBUG client.py                 71    logger_log                : Test function parameters: args=(), kwds={}
2025-01-04 19:52:59,542 LT1-thread root DEBUG client.py                 71    logger_log                : Starting test function: class=<class 'autopts.ptsprojects.testcase.TestFunc'>, func=<function test_cases.<locals>.<lambda> at 0x000001CE00662480> start_wid=None stop_wid=None post_wid=None skip_call=None call_count=80 args=() kwds={}
2025-01-04 19:52:59,542 LT1-thread root DEBUG client.py                 71    logger_log                : Test function parameters: args=(), kwds={}
2025-01-04 19:52:59,555 LT1-thread root DEBUG client.py                 71    logger_log                : Starting test function: class=<class 'autopts.ptsprojects.testcase.TestFunc'>, func=<function test_cases.<locals>.<lambda> at 0x000001CE00662520> start_wid=None stop_wid=None post_wid=None skip_call=None call_count=80 args=() kwds={}
2025-01-04 19:52:59,555 LT1-thread root DEBUG client.py                 71    logger_log                : Test function parameters: args=(), kwds={}
2025-01-04 19:52:59,569 LT1-thread root DEBUG client.py                 71    logger_log                : Starting test function: class=<class 'autopts.ptsprojects.testcase.TestFunc'>, func=<function test_cases.<locals>.<lambda> at 0x000001CE006625C0> start_wid=None stop_wid=None post_wid=None skip_call=None call_count=80 args=() kwds={}
2025-01-04 19:52:59,569 LT1-thread root DEBUG client.py                 71    logger_log                : Test function parameters: args=(), kwds={}
2025-01-04 19:52:59,581 LT1-thread root DEBUG client.py                 71    logger_log                : Starting test function: class=<class 'autopts.ptsprojects.testcase.TestFunc'>, func=<function test_cases.<locals>.<lambda> at 0x000001CE00662660> start_wid=None stop_wid=None post_wid=None skip_call=None call_count=80 args=() kwds={}
2025-01-04 19:52:59,582 LT1-thread root DEBUG client.py                 71    logger_log                : Test function parameters: args=(), kwds={}
2025-01-04 19:52:59,594 LT1-thread root DEBUG client.py                 71    logger_log                : Starting test function: class=<class 'autopts.ptsprojects.testcase.TestFunc'>, func=<function test_cases.<locals>.<lambda> at 0x000001CE00662700> start_wid=None stop_wid=None post_wid=None skip_call=None call_count=80 args=() kwds={}
2025-01-04 19:52:59,595 LT1-thread root DEBUG client.py                 71    logger_log                : Test function parameters: args=(), kwds={}
2025-01-04 19:52:59,607 LT1-thread root DEBUG client.py                 71    logger_log                : Starting test function: class=<class 'autopts.ptsprojects.testcase.TestFunc'>, func=<function test_cases.<locals>.<lambda> at 0x000001CE006627A0> start_wid=None stop_wid=None post_wid=None skip_call=None call_count=80 args=() kwds={}
2025-01-04 19:52:59,607 LT1-thread root DEBUG client.py                 71    logger_log                : Test function parameters: args=(), kwds={}
2025-01-04 19:52:59,621 LT1-thread root DEBUG client.py                 71    logger_log                : Starting test function: class=<class 'autopts.ptsprojects.testcase.TestFunc'>, func=<function test_cases.<locals>.<lambda> at 0x000001CE00662840> start_wid=None stop_wid=None post_wid=None skip_call=None call_count=80 args=() kwds={}
2025-01-04 19:52:59,621 LT1-thread root DEBUG client.py                 71    logger_log                : Test function parameters: args=(), kwds={}
2025-01-04 19:52:59,634 LT1-thread root DEBUG client.py                 71    logger_log                : Starting test function: class=<class 'autopts.ptsprojects.testcase.TestFunc'>, func=<function test_cases.<locals>.<lambda> at 0x000001CE006628E0> start_wid=None stop_wid=None post_wid=None skip_call=None call_count=80 args=() kwds={}
2025-01-04 19:52:59,634 LT1-thread root DEBUG client.py                 71    logger_log                : Test function parameters: args=(), kwds={}
2025-01-04 19:52:59,647 LT1-thread root DEBUG client.py                 71    logger_log                : Starting test function: class=<class 'autopts.ptsprojects.testcase.TestFunc'>, func=<function test_cases.<locals>.<lambda> at 0x000001CE00662980> start_wid=None stop_wid=None post_wid=None skip_call=None call_count=80 args=() kwds={}
2025-01-04 19:52:59,648 LT1-thread root DEBUG client.py                 71    logger_log                : Test function parameters: args=(), kwds={}
2025-01-04 19:52:59,662 LT1-thread root DEBUG client.py                 71    logger_log                : Starting test function: class=<class 'autopts.ptsprojects.testcase.TestFunc'>, func=<function test_cases.<locals>.<lambda> at 0x000001CE00662A20> start_wid=None stop_wid=None post_wid=None skip_call=None call_count=80 args=() kwds={}
2025-01-04 19:52:59,662 LT1-thread root DEBUG client.py                 71    logger_log                : Test function parameters: args=(), kwds={}
2025-01-04 19:52:59,676 LT1-thread root DEBUG client.py                 71    logger_log                : Starting test function: class=<class 'autopts.ptsprojects.testcase.TestFunc'>, func=<function test_cases.<locals>.<lambda> at 0x000001CE00662AC0> start_wid=None stop_wid=None post_wid=None skip_call=None call_count=80 args=() kwds={}
2025-01-04 19:52:59,677 LT1-thread root DEBUG client.py                 71    logger_log                : Test function parameters: args=(), kwds={}
2025-01-04 19:52:59,689 LT1-thread root DEBUG client.py                 71    logger_log                : Starting test function: class=<class 'autopts.ptsprojects.testcase.TestFunc'>, func=<function core_reg_svc_gatt at 0x000001CE7BEB4680> start_wid=None stop_wid=None post_wid=None skip_call=None call_count=80 args=() kwds={}
2025-01-04 19:52:59,689 LT1-thread root DEBUG client.py                 71    logger_log                : Test function parameters: args=(), kwds={}
2025-01-04 19:52:59,689 LT1-thread root DEBUG client.py                 71    logger_log                : core_reg_svc_gatt
2025-01-04 19:52:59,689 LT1-thread root DEBUG client.py                 71    logger_log                : send, 0 3 255 '2'
2025-01-04 19:52:59,689 LT1-thread root DEBUG client.py                 71    logger_log                : sending frame '0003ff010002'
2025-01-04 19:52:59,690 LT1-thread root DEBUG client.py                 71    logger_log                : core_reg_svc_rsp_succ
2025-01-04 19:52:59,690 LT1-thread root DEBUG client.py                 71    logger_log                : read
2025-01-04 19:52:59,758 BTPWorkerThread-1998 (_rx_task) root DEBUG client.py                 71    logger_log                : Read 5 bytes
2025-01-04 19:52:59,775 BTPWorkerThread-1998 (_rx_task) root DEBUG client.py                 71    logger_log                : Received: hdr: Header(svc_id=0x00, op=0x03, ctrl_index=0xff, data_len=0x00) bytearray(b'\x00\x03\xff\x00\x00')
2025-01-04 19:52:59,786 BTPWorkerThread-1998 (_rx_task) root DEBUG client.py                 71    logger_log                : Received data: {''}, bytearray(b'')
2025-01-04 19:52:59,808 LT1-thread root DEBUG client.py                 71    logger_log                : received Header(svc_id=0, op=3, ctrl_index=255, data_len=0) (b'',)
2025-01-04 19:52:59,808 LT1-thread root DEBUG client.py                 71    logger_log                : expected ((0, 3, 255, 0), (b'',))
2025-01-04 19:52:59,808 LT1-thread root DEBUG client.py                 71    logger_log                : response is valid
2025-01-04 19:52:59,808 LT1-thread root DEBUG client.py                 71    logger_log                : Starting test function: class=<class 'autopts.ptsprojects.testcase.TestFunc'>, func=<bound method Stack.gatt_init of <autopts.ptsprojects.stack.stack.Stack object at 0x000001CE003A0450>> start_wid=None stop_wid=None post_wid=None skip_call=None call_count=80 args=() kwds={}
2025-01-04 19:52:59,808 LT1-thread root DEBUG client.py                 71    logger_log                : Test function parameters: args=(), kwds={}
2025-01-04 19:52:59,809 LT1-thread root DEBUG client.py                 71    logger_log                : Starting test function: class=<class 'autopts.ptsprojects.testcase.TestFunc'>, func=<function gap_set_io_cap at 0x000001CE7BEB7920> start_wid=None stop_wid=None post_wid=None skip_call=None call_count=80 args=(4,) kwds={}
2025-01-04 19:52:59,809 LT1-thread root DEBUG client.py                 71    logger_log                : Test function parameters: args=(4,), kwds={}
2025-01-04 19:52:59,809 LT1-thread root DEBUG client.py                 71    logger_log                : gap_set_io_cap 4
2025-01-04 19:52:59,809 LT1-thread root DEBUG client.py                 71    logger_log                : send, 1 16 0 '\x04'
2025-01-04 19:52:59,810 LT1-thread root DEBUG client.py                 71    logger_log                : sending frame '011000010004'
2025-01-04 19:52:59,810 LT1-thread root DEBUG client.py                 71    logger_log                : gap_command_rsp_succ
2025-01-04 19:52:59,810 LT1-thread root DEBUG client.py                 71    logger_log                : read
2025-01-04 19:52:59,879 BTPWorkerThread-1998 (_rx_task) root DEBUG client.py                 71    logger_log                : Read 5 bytes
2025-01-04 19:52:59,889 BTPWorkerThread-1998 (_rx_task) root DEBUG client.py                 71    logger_log                : Received: hdr: Header(svc_id=0x01, op=0x10, ctrl_index=0x00, data_len=0x00) bytearray(b'\x01\x10\x00\x00\x00')
2025-01-04 19:52:59,895 BTPWorkerThread-1998 (_rx_task) root DEBUG client.py                 71    logger_log                : Received data: {''}, bytearray(b'')
2025-01-04 19:52:59,905 LT1-thread root DEBUG client.py                 71    logger_log                : received Header(svc_id=1, op=16, ctrl_index=0, data_len=0) (b'',)
2025-01-04 19:52:59,905 LT1-thread root DEBUG client.py                 71    logger_log                : Starting test function: class=<class 'autopts.ptsprojects.testcase.TestFunc'>, func=<function set_pts_addr at 0x000001CE7BEB40E0> start_wid=None stop_wid=None post_wid=None skip_call=None call_count=80 args=('C0:07:E8:25:DE:2A', 0) kwds={}
2025-01-04 19:52:59,905 LT1-thread root DEBUG client.py                 71    logger_log                : Test function parameters: args=('C0:07:E8:25:DE:2A', 0), kwds={}
2025-01-04 19:52:59,905 LT1-thread root DEBUG client.py                 71    logger_log                : Starting test function: class=<class 'autopts.ptsprojects.testcase.TestFunc'>, func=<function gatts_add_svc at 0x000001CE7BEC5DA0> start_wid=None stop_wid=None post_wid=None skip_call=None call_count=80 args=(0, 'AA51') kwds={}
2025-01-04 19:52:59,905 LT1-thread root DEBUG client.py                 71    logger_log                : Test function parameters: args=(0, 'AA51'), kwds={}
2025-01-04 19:52:59,906 LT1-thread root DEBUG client.py                 71    logger_log                : gatts_add_svc 0 'AA51'
2025-01-04 19:52:59,906 LT1-thread root DEBUG client.py                 71    logger_log                : send, 2 2 0 "bytearray(b'\\x00\\x02\\xaaQ')"
2025-01-04 19:52:59,906 LT1-thread root DEBUG client.py                 71    logger_log                : sending frame '02020004000002aa51'
2025-01-04 19:52:59,906 LT1-thread root DEBUG client.py                 71    logger_log                : gatt_command_rsp_succ
2025-01-04 19:52:59,906 LT1-thread root DEBUG client.py                 71    logger_log                : read
2025-01-04 19:52:59,957 BTPWorkerThread-1998 (_rx_task) root DEBUG client.py                 71    logger_log                : Read 5 bytes
2025-01-04 19:52:59,963 BTPWorkerThread-1998 (_rx_task) root DEBUG client.py                 71    logger_log                : Received: hdr: Header(svc_id=0x02, op=0x02, ctrl_index=0x00, data_len=0x02) bytearray(b'\x02\x02\x00\x02\x00')
2025-01-04 19:52:59,993 BTPWorkerThread-1998 (_rx_task) root DEBUG client.py                 71    logger_log                : Read 2 bytes data
2025-01-04 19:53:00,026 BTPWorkerThread-1998 (_rx_task) root DEBUG client.py                 71    logger_log                : Received data: {'00 00'}, bytearray(b'\x00\x00')
2025-01-04 19:53:00,041 LT1-thread root DEBUG client.py                 71    logger_log                : received Header(svc_id=2, op=2, ctrl_index=0, data_len=2) (b'\x00\x00',)
2025-01-04 19:53:00,041 LT1-thread root DEBUG client.py                 71    logger_log                : Starting test function: class=<class 'autopts.ptsprojects.testcase.TestFunc'>, func=<function gatts_add_char at 0x000001CE7BEC5EE0> start_wid=None stop_wid=None post_wid=None skip_call=None call_count=80 args=(0, 2, 17, 'AA52') kwds={}
2025-01-04 19:53:00,041 LT1-thread root DEBUG client.py                 71    logger_log                : Test function parameters: args=(0, 2, 17, 'AA52'), kwds={}
2025-01-04 19:53:00,041 LT1-thread root DEBUG client.py                 71    logger_log                : gatts_add_char 0 2 17 'AA52'
2025-01-04 19:53:00,041 LT1-thread root DEBUG client.py                 71    logger_log                : send, 2 3 0 "bytearray(b'\\x00\\x00\\x02\\x11\\x02\\xaaR')"
2025-01-04 19:53:00,042 LT1-thread root DEBUG client.py                 71    logger_log                : sending frame '02030007000000021102aa52'
2025-01-04 19:53:00,042 LT1-thread root DEBUG client.py                 71    logger_log                : gatt_command_rsp_succ
2025-01-04 19:53:00,042 LT1-thread root DEBUG client.py                 71    logger_log                : read
2025-01-04 19:53:00,089 BTPWorkerThread-1998 (_rx_task) root DEBUG client.py                 71    logger_log                : Read 5 bytes
2025-01-04 19:53:00,100 BTPWorkerThread-1998 (_rx_task) root DEBUG client.py                 71    logger_log                : Received: hdr: Header(svc_id=0x02, op=0x03, ctrl_index=0x00, data_len=0x02) bytearray(b'\x02\x03\x00\x02\x00')
2025-01-04 19:53:00,122 BTPWorkerThread-1998 (_rx_task) root DEBUG client.py                 71    logger_log                : Read 2 bytes data
2025-01-04 19:53:00,139 BTPWorkerThread-1998 (_rx_task) root DEBUG client.py                 71    logger_log                : Received data: {'00 00'}, bytearray(b'\x00\x00')
2025-01-04 19:53:00,157 LT1-thread root DEBUG client.py                 71    logger_log                : received Header(svc_id=2, op=3, ctrl_index=0, data_len=2) (b'\x00\x00',)
2025-01-04 19:53:00,157 LT1-thread root DEBUG client.py                 71    logger_log                : Starting test function: class=<class 'autopts.ptsprojects.testcase.TestFunc'>, func=<function gatts_set_val at 0x000001CE7BEC5F80> start_wid=None stop_wid=None post_wid=None skip_call=None call_count=80 args=(0, '01') kwds={}
2025-01-04 19:53:00,158 LT1-thread root DEBUG client.py                 71    logger_log                : Test function parameters: args=(0, '01'), kwds={}
2025-01-04 19:53:00,158 LT1-thread root DEBUG client.py                 71    logger_log                : gatts_set_val 0 '01' 
2025-01-04 19:53:00,158 LT1-thread root DEBUG client.py                 71    logger_log                : send, 2 6 0 "bytearray(b'\\x00\\x00\\x01\\x00\\x01')"
2025-01-04 19:53:00,158 LT1-thread root DEBUG client.py                 71    logger_log                : sending frame '02060005000000010001'
2025-01-04 19:53:00,158 LT1-thread root DEBUG client.py                 71    logger_log                : gatt_command_rsp_succ
2025-01-04 19:53:00,158 LT1-thread root DEBUG client.py                 71    logger_log                : read
2025-01-04 19:53:00,220 BTPWorkerThread-1998 (_rx_task) root DEBUG client.py                 71    logger_log                : Read 5 bytes
2025-01-04 19:53:00,225 BTPWorkerThread-1998 (_rx_task) root DEBUG client.py                 71    logger_log                : Received: hdr: Header(svc_id=0x02, op=0x06, ctrl_index=0x00, data_len=0x00) bytearray(b'\x02\x06\x00\x00\x00')
2025-01-04 19:53:00,237 BTPWorkerThread-1998 (_rx_task) root DEBUG client.py                 71    logger_log                : Received data: {''}, bytearray(b'')
2025-01-04 19:53:00,254 LT1-thread root DEBUG client.py                 71    logger_log                : received Header(svc_id=2, op=6, ctrl_index=0, data_len=0) (b'',)
2025-01-04 19:53:00,254 LT1-thread root DEBUG client.py                 71    logger_log                : Starting test function: class=<class 'autopts.ptsprojects.testcase.TestFunc'>, func=<function gatts_add_char at 0x000001CE7BEC5EE0> start_wid=None stop_wid=None post_wid=None skip_call=None call_count=80 args=(0, 2, 5, 'AA53') kwds={}
2025-01-04 19:53:00,254 LT1-thread root DEBUG client.py                 71    logger_log                : Test function parameters: args=(0, 2, 5, 'AA53'), kwds={}
2025-01-04 19:53:00,254 LT1-thread root DEBUG client.py                 71    logger_log                : gatts_add_char 0 2 5 'AA53'
2025-01-04 19:53:00,255 LT1-thread root DEBUG client.py                 71    logger_log                : send, 2 3 0 "bytearray(b'\\x00\\x00\\x02\\x05\\x02\\xaaS')"
2025-01-04 19:53:00,255 LT1-thread root DEBUG client.py                 71    logger_log                : sending frame '02030007000000020502aa53'
2025-01-04 19:53:00,255 LT1-thread root DEBUG client.py                 71    logger_log                : gatt_command_rsp_succ
2025-01-04 19:53:00,255 LT1-thread root DEBUG client.py                 71    logger_log                : read
2025-01-04 19:53:00,324 BTPWorkerThread-1998 (_rx_task) root DEBUG client.py                 71    logger_log                : Read 5 bytes
2025-01-04 19:53:00,335 BTPWorkerThread-1998 (_rx_task) root DEBUG client.py                 71    logger_log                : Received: hdr: Header(svc_id=0x02, op=0x03, ctrl_index=0x00, data_len=0x02) bytearray(b'\x02\x03\x00\x02\x00')
2025-01-04 19:53:00,341 BTPWorkerThread-1998 (_rx_task) root DEBUG client.py                 71    logger_log                : Read 2 bytes data
2025-01-04 19:53:00,341 BTPWorkerThread-1998 (_rx_task) root DEBUG client.py                 71    logger_log                : Received data: {'00 00'}, bytearray(b'\x00\x00')
2025-01-04 19:53:00,341 LT1-thread root DEBUG client.py                 71    logger_log                : received Header(svc_id=2, op=3, ctrl_index=0, data_len=2) (b'\x00\x00',)
2025-01-04 19:53:00,341 LT1-thread root DEBUG client.py                 71    logger_log                : Starting test function: class=<class 'autopts.ptsprojects.testcase.TestFunc'>, func=<function gatts_set_val at 0x000001CE7BEC5F80> start_wid=None stop_wid=None post_wid=None skip_call=None call_count=80 args=(0, '02') kwds={}
2025-01-04 19:53:00,342 LT1-thread root DEBUG client.py                 71    logger_log                : Test function parameters: args=(0, '02'), kwds={}
2025-01-04 19:53:00,342 LT1-thread root DEBUG client.py                 71    logger_log                : gatts_set_val 0 '02' 
2025-01-04 19:53:00,342 LT1-thread root DEBUG client.py                 71    logger_log                : send, 2 6 0 "bytearray(b'\\x00\\x00\\x01\\x00\\x02')"
2025-01-04 19:53:00,342 LT1-thread root DEBUG client.py                 71    logger_log                : sending frame '02060005000000010002'
2025-01-04 19:53:00,342 LT1-thread root DEBUG client.py                 71    logger_log                : gatt_command_rsp_succ
2025-01-04 19:53:00,343 LT1-thread root DEBUG client.py                 71    logger_log                : read
2025-01-04 19:53:00,392 BTPWorkerThread-1998 (_rx_task) root DEBUG client.py                 71    logger_log                : Read 5 bytes
2025-01-04 19:53:00,420 BTPWorkerThread-1998 (_rx_task) root DEBUG client.py                 71    logger_log                : Received: hdr: Header(svc_id=0x02, op=0x06, ctrl_index=0x00, data_len=0x00) bytearray(b'\x02\x06\x00\x00\x00')
2025-01-04 19:53:00,431 BTPWorkerThread-1998 (_rx_task) root DEBUG client.py                 71    logger_log                : Received data: {''}, bytearray(b'')
2025-01-04 19:53:00,442 LT1-thread root DEBUG client.py                 71    logger_log                : received Header(svc_id=2, op=6, ctrl_index=0, data_len=0) (b'',)
2025-01-04 19:53:00,442 LT1-thread root DEBUG client.py                 71    logger_log                : Starting test function: class=<class 'autopts.ptsprojects.testcase.TestFunc'>, func=<function gatts_add_char at 0x000001CE7BEC5EE0> start_wid=None stop_wid=None post_wid=None skip_call=None call_count=80 args=(0, 66, 3, 'AA54') kwds={}
2025-01-04 19:53:00,442 LT1-thread root DEBUG client.py                 71    logger_log                : Test function parameters: args=(0, 66, 3, 'AA54'), kwds={}
2025-01-04 19:53:00,442 LT1-thread root DEBUG client.py                 71    logger_log                : gatts_add_char 0 66 3 'AA54'
2025-01-04 19:53:00,443 LT1-thread root DEBUG client.py                 71    logger_log                : send, 2 3 0 "bytearray(b'\\x00\\x00B\\x03\\x02\\xaaT')"
2025-01-04 19:53:00,443 LT1-thread root DEBUG client.py                 71    logger_log                : sending frame '02030007000000420302aa54'
2025-01-04 19:53:00,443 LT1-thread root DEBUG client.py                 71    logger_log                : gatt_command_rsp_succ
2025-01-04 19:53:00,443 LT1-thread root DEBUG client.py                 71    logger_log                : read
2025-01-04 19:53:00,501 BTPWorkerThread-1998 (_rx_task) root DEBUG client.py                 71    logger_log                : Read 5 bytes
2025-01-04 19:53:00,518 BTPWorkerThread-1998 (_rx_task) root DEBUG client.py                 71    logger_log                : Received: hdr: Header(svc_id=0x02, op=0x03, ctrl_index=0x00, data_len=0x02) bytearray(b'\x02\x03\x00\x02\x00')
2025-01-04 19:53:00,518 BTPWorkerThread-1998 (_rx_task) root DEBUG client.py                 71    logger_log                : Read 2 bytes data
2025-01-04 19:53:00,524 BTPWorkerThread-1998 (_rx_task) root DEBUG client.py                 71    logger_log                : Received data: {'00 00'}, bytearray(b'\x00\x00')
2025-01-04 19:53:00,524 LT1-thread root DEBUG client.py                 71    logger_log                : received Header(svc_id=2, op=3, ctrl_index=0, data_len=2) (b'\x00\x00',)
2025-01-04 19:53:00,524 LT1-thread root DEBUG client.py                 71    logger_log                : Starting test function: class=<class 'autopts.ptsprojects.testcase.TestFunc'>, func=<function gatts_set_val at 0x000001CE7BEC5F80> start_wid=None stop_wid=None post_wid=None skip_call=None call_count=80 args=(0, '03') kwds={}
2025-01-04 19:53:00,524 LT1-thread root DEBUG client.py                 71    logger_log                : Test function parameters: args=(0, '03'), kwds={}
2025-01-04 19:53:00,524 LT1-thread root DEBUG client.py                 71    logger_log                : gatts_set_val 0 '03' 
2025-01-04 19:53:00,525 LT1-thread root DEBUG client.py                 71    logger_log                : send, 2 6 0 "bytearray(b'\\x00\\x00\\x01\\x00\\x03')"
2025-01-04 19:53:00,525 LT1-thread root DEBUG client.py                 71    logger_log                : sending frame '02060005000000010003'
2025-01-04 19:53:00,525 LT1-thread root DEBUG client.py                 71    logger_log                : gatt_command_rsp_succ
2025-01-04 19:53:00,525 LT1-thread root DEBUG client.py                 71    logger_log                : read
2025-01-04 19:53:00,588 BTPWorkerThread-1998 (_rx_task) root DEBUG client.py                 71    logger_log                : Read 5 bytes
2025-01-04 19:53:00,605 BTPWorkerThread-1998 (_rx_task) root DEBUG client.py                 71    logger_log                : Received: hdr: Header(svc_id=0x02, op=0x06, ctrl_index=0x00, data_len=0x00) bytearray(b'\x02\x06\x00\x00\x00')
2025-01-04 19:53:00,617 BTPWorkerThread-1998 (_rx_task) root DEBUG client.py                 71    logger_log                : Received data: {''}, bytearray(b'')
2025-01-04 19:53:00,628 LT1-thread root DEBUG client.py                 71    logger_log                : received Header(svc_id=2, op=6, ctrl_index=0, data_len=0) (b'',)
2025-01-04 19:53:00,628 LT1-thread root DEBUG client.py                 71    logger_log                : Starting test function: class=<class 'autopts.ptsprojects.testcase.TestFunc'>, func=<function gatts_add_char at 0x000001CE7BEC5EE0> start_wid=None stop_wid=None post_wid=None skip_call=None call_count=80 args=(0, 10, 48, 'AA55') kwds={}
2025-01-04 19:53:00,628 LT1-thread root DEBUG client.py                 71    logger_log                : Test function parameters: args=(0, 10, 48, 'AA55'), kwds={}
2025-01-04 19:53:00,629 LT1-thread root DEBUG client.py                 71    logger_log                : gatts_add_char 0 10 48 'AA55'
2025-01-04 19:53:00,629 LT1-thread root DEBUG client.py                 71    logger_log                : send, 2 3 0 "bytearray(b'\\x00\\x00\\n0\\x02\\xaaU')"
2025-01-04 19:53:00,629 LT1-thread root DEBUG client.py                 71    logger_log                : sending frame '020300070000000a3002aa55'
2025-01-04 19:53:00,629 LT1-thread root DEBUG client.py                 71    logger_log                : gatt_command_rsp_succ
2025-01-04 19:53:00,629 LT1-thread root DEBUG client.py                 71    logger_log                : read
2025-01-04 19:53:00,697 BTPWorkerThread-1998 (_rx_task) root DEBUG client.py                 71    logger_log                : Read 5 bytes
2025-01-04 19:53:00,714 BTPWorkerThread-1998 (_rx_task) root DEBUG client.py                 71    logger_log                : Received: hdr: Header(svc_id=0x02, op=0x03, ctrl_index=0x00, data_len=0x02) bytearray(b'\x02\x03\x00\x02\x00')
2025-01-04 19:53:00,726 BTPWorkerThread-1998 (_rx_task) root DEBUG client.py                 71    logger_log                : Read 2 bytes data
2025-01-04 19:53:00,731 BTPWorkerThread-1998 (_rx_task) root DEBUG client.py                 71    logger_log                : Received data: {'00 00'}, bytearray(b'\x00\x00')
2025-01-04 19:53:00,759 LT1-thread root DEBUG client.py                 71    logger_log                : received Header(svc_id=2, op=3, ctrl_index=0, data_len=2) (b'\x00\x00',)
2025-01-04 19:53:00,759 LT1-thread root DEBUG client.py                 71    logger_log                : Starting test function: class=<class 'autopts.ptsprojects.testcase.TestFunc'>, func=<function gatts_set_val at 0x000001CE7BEC5F80> start_wid=None stop_wid=None post_wid=None skip_call=None call_count=80 args=(0, '04') kwds={}
2025-01-04 19:53:00,759 LT1-thread root DEBUG client.py                 71    logger_log                : Test function parameters: args=(0, '04'), kwds={}
2025-01-04 19:53:00,759 LT1-thread root DEBUG client.py                 71    logger_log                : gatts_set_val 0 '04' 
2025-01-04 19:53:00,760 LT1-thread root DEBUG client.py                 71    logger_log                : send, 2 6 0 "bytearray(b'\\x00\\x00\\x01\\x00\\x04')"
2025-01-04 19:53:00,760 LT1-thread root DEBUG client.py                 71    logger_log                : sending frame '02060005000000010004'
2025-01-04 19:53:00,760 LT1-thread root DEBUG client.py                 71    logger_log                : gatt_command_rsp_succ
2025-01-04 19:53:00,760 LT1-thread root DEBUG client.py                 71    logger_log                : read
2025-01-04 19:53:00,818 BTPWorkerThread-1998 (_rx_task) root DEBUG client.py                 71    logger_log                : Read 5 bytes
2025-01-04 19:53:00,835 BTPWorkerThread-1998 (_rx_task) root DEBUG client.py                 71    logger_log                : Received: hdr: Header(svc_id=0x02, op=0x06, ctrl_index=0x00, data_len=0x00) bytearray(b'\x02\x06\x00\x00\x00')
2025-01-04 19:53:00,846 BTPWorkerThread-1998 (_rx_task) root DEBUG client.py                 71    logger_log                : Received data: {''}, bytearray(b'')
2025-01-04 19:53:00,868 LT1-thread root DEBUG client.py                 71    logger_log                : received Header(svc_id=2, op=6, ctrl_index=0, data_len=0) (b'',)
2025-01-04 19:53:00,868 LT1-thread root DEBUG client.py                 71    logger_log                : Starting test function: class=<class 'autopts.ptsprojects.testcase.TestFunc'>, func=<function gatts_start_server at 0x000001CE7BEC6200> start_wid=None stop_wid=None post_wid=None skip_call=None call_count=80 args=() kwds={}
2025-01-04 19:53:00,868 LT1-thread root DEBUG client.py                 71    logger_log                : Test function parameters: args=(), kwds={}
2025-01-04 19:53:00,868 LT1-thread root DEBUG client.py                 71    logger_log                : gatts_start_server
2025-01-04 19:53:00,868 LT1-thread root DEBUG client.py                 71    logger_log                : send, 2 7 0 ''
2025-01-04 19:53:00,869 LT1-thread root DEBUG client.py                 71    logger_log                : sending frame '0207000000'
2025-01-04 19:53:00,869 LT1-thread root DEBUG client.py                 71    logger_log                : gatt_command_rsp_succ
2025-01-04 19:53:00,869 LT1-thread root DEBUG client.py                 71    logger_log                : read
2025-01-04 19:53:00,930 BTPWorkerThread-1998 (_rx_task) root DEBUG client.py                 71    logger_log                : Read 5 bytes
2025-01-04 19:53:00,935 BTPWorkerThread-1998 (_rx_task) root DEBUG client.py                 71    logger_log                : Received: hdr: Header(svc_id=0x02, op=0x07, ctrl_index=0x00, data_len=0x03) bytearray(b'\x02\x07\x00\x03\x00')
2025-01-04 19:53:00,952 BTPWorkerThread-1998 (_rx_task) root DEBUG client.py                 71    logger_log                : Read 3 bytes data
2025-01-04 19:53:00,964 BTPWorkerThread-1998 (_rx_task) root DEBUG client.py                 71    logger_log                : Received data: {'00 00 00'}, bytearray(b'\x00\x00\x00')
2025-01-04 19:53:00,981 LT1-thread root DEBUG client.py                 71    logger_log                : received Header(svc_id=2, op=7, ctrl_index=0, data_len=3) (b'\x00\x00\x00',)
2025-01-04 19:53:00,984 LT1-thread root DEBUG client.py                 71    logger_log                : ClientCallback.get_result run_test_case
2025-01-04 19:53:03,778 LT1-callback ClientCallback.on_implicit_send INFO client.py                 71    logger_log                : 
    ********************
    BEGIN OnImplicitSend:
    project_name: GAP
    wid: 91
    test_case_name: GAP/SEC/CSIGN/BV-02-C
    description: Please send a connectable undirected advertising report.
    style: MMI_Style_Ok_Cancel2 0x11141
2025-01-04 19:53:03,778 LT1-callback ClientCallback.on_implicit_send INFO client.py                 71    logger_log                : Calling test cases on_implicit_send
2025-01-04 19:53:03,778 LT1-callback ClientCallback.on_implicit_send INFO client.py                 71    logger_log                : 
    on_implicit_send returned response: WAIT
    END OnImplicitSend
    ********************
2025-01-04 19:53:03,985 LT1-thread root DEBUG client.py                 71    logger_log                : GAP GAP/SEC/CSIGN/BV-02-C on_implicit_send
2025-01-04 19:53:03,985 LT1-thread root DEBUG client.py                 71    logger_log                : gap_wid_hdl, 91, Please send a connectable undirected advertising report., GAP/SEC/CSIGN/BV-02-C
2025-01-04 19:53:03,985 LT1-thread root DEBUG client.py                 71    logger_log                : gap_set_conn
2025-01-04 19:53:03,985 LT1-thread root DEBUG client.py                 71    logger_log                : gap_adv_ind_on {9: b'Tester_25DE2A'} None
2025-01-04 19:53:03,986 LT1-thread root DEBUG client.py                 71    logger_log                : send, 1 10 0 "bytearray(b'\\x0f\\x00\\t\\rTester_25DE2A\\xff\\xff\\xff\\xff\\x00')"
2025-01-04 19:53:03,986 LT1-thread root DEBUG client.py                 71    logger_log                : sending frame '010a0016000f00090d5465737465725f323544453241ffffffff00'
2025-01-04 19:53:03,986 LT1-thread root DEBUG client.py                 71    logger_log                : gap_command_rsp_succ
2025-01-04 19:53:03,986 LT1-thread root DEBUG client.py                 71    logger_log                : read
2025-01-04 19:53:04,040 BTPWorkerThread-1998 (_rx_task) root DEBUG client.py                 71    logger_log                : Read 5 bytes
2025-01-04 19:53:04,051 BTPWorkerThread-1998 (_rx_task) root DEBUG client.py                 71    logger_log                : Received: hdr: Header(svc_id=0x01, op=0x0a, ctrl_index=0x00, data_len=0x04) bytearray(b'\x01\n\x00\x04\x00')
2025-01-04 19:53:04,068 BTPWorkerThread-1998 (_rx_task) root DEBUG client.py                 71    logger_log                : Read 4 bytes data
2025-01-04 19:53:04,073 BTPWorkerThread-1998 (_rx_task) root DEBUG client.py                 71    logger_log                : Received data: {'13 06 00 00'}, bytearray(b'\x13\x06\x00\x00')
2025-01-04 19:53:04,078 LT1-thread root DEBUG client.py                 71    logger_log                : received Header(svc_id=1, op=10, ctrl_index=0, data_len=4) (b'\x13\x06\x00\x00',)
2025-01-04 19:53:04,078 LT1-thread root DEBUG client.py                 71    logger_log                : __gap_current_settings_update (b'\x13\x06\x00\x00',)
2025-01-04 19:53:04,078 LT1-thread root DEBUG client.py                 71    logger_log                : Sending response 'OK' to wid 91 test case GAP/SEC/CSIGN/BV-02-C
2025-01-04 19:53:04,081 LT1-thread root DEBUG client.py                 71    logger_log                : ClientCallback.get_result run_test_case
2025-01-04 19:53:06,143 BTPWorkerThread-1998 (_rx_task) root DEBUG client.py                 71    logger_log                : Read 5 bytes
2025-01-04 19:53:06,144 BTPWorkerThread-1998 (_rx_task) root DEBUG client.py                 71    logger_log                : Received: hdr: Header(svc_id=0x01, op=0x82, ctrl_index=0x00, data_len=0x0d) bytearray(b'\x01\x82\x00\r\x00')
2025-01-04 19:53:06,144 BTPWorkerThread-1998 (_rx_task) root DEBUG client.py                 71    logger_log                : Read 13 bytes data
2025-01-04 19:53:06,144 BTPWorkerThread-1998 (_rx_task) root DEBUG client.py                 71    logger_log                : Received data: {'00 2a de 25 e8 07 c0 38 00 00 00 d0 07'}, bytearray(b'\x00*\xde%\xe8\x07\xc08\x00\x00\x00\xd0\x07')
2025-01-04 19:53:06,144 BTPWorkerThread-1998 (_rx_task) root DEBUG client.py                 71    logger_log                : event_handler Header(svc_id=1, op=130, ctrl_index=0, data_len=13) (b'\x00*\xde%\xe8\x07\xc08\x00\x00\x00\xd0\x07',)
2025-01-04 19:53:06,144 BTPWorkerThread-1998 (_rx_task) root DEBUG client.py                 71    logger_log                : gap_connected_ev_ b'\x00*\xde%\xe8\x07\xc08\x00\x00\x00\xd0\x07'
2025-01-04 19:53:06,144 BTPWorkerThread-1998 (_rx_task) root DEBUG client.py                 71    logger_log                : Read 5 bytes
2025-01-04 19:53:06,145 BTPWorkerThread-1998 (_rx_task) root DEBUG client.py                 71    logger_log                : Received: hdr: Header(svc_id=0x01, op=0x80, ctrl_index=0x00, data_len=0x04) bytearray(b'\x01\x80\x00\x04\x00')
2025-01-04 19:53:06,145 BTPWorkerThread-1998 (_rx_task) root DEBUG client.py                 71    logger_log                : Read 4 bytes data
2025-01-04 19:53:06,145 BTPWorkerThread-1998 (_rx_task) root DEBUG client.py                 71    logger_log                : Received data: {'13 02 00 00'}, bytearray(b'\x13\x02\x00\x00')
2025-01-04 19:53:06,145 BTPWorkerThread-1998 (_rx_task) root DEBUG client.py                 71    logger_log                : event_handler Header(svc_id=1, op=128, ctrl_index=0, data_len=4) (b'\x13\x02\x00\x00',)
2025-01-04 19:53:06,145 BTPWorkerThread-1998 (_rx_task) root DEBUG client.py                 71    logger_log                : gap_new_settings_ev_ b'\x13\x02\x00\x00'
2025-01-04 19:53:06,145 BTPWorkerThread-1998 (_rx_task) root DEBUG client.py                 71    logger_log                : __gap_current_settings_update 531
2025-01-04 19:53:07,403 BTPWorkerThread-1998 (_rx_task) root DEBUG client.py                 71    logger_log                : Read 5 bytes
2025-01-04 19:53:07,403 BTPWorkerThread-1998 (_rx_task) root DEBUG client.py                 71    logger_log                : Received: hdr: Header(svc_id=0x01, op=0x89, ctrl_index=0x00, data_len=0x08) bytearray(b'\x01\x89\x00\x08\x00')
2025-01-04 19:53:07,404 BTPWorkerThread-1998 (_rx_task) root DEBUG client.py                 71    logger_log                : Read 8 bytes data
2025-01-04 19:53:07,404 BTPWorkerThread-1998 (_rx_task) root DEBUG client.py                 71    logger_log                : Received data: {'00 2a de 25 e8 07 c0 02'}, bytearray(b'\x00*\xde%\xe8\x07\xc0\x02')
2025-01-04 19:53:07,404 BTPWorkerThread-1998 (_rx_task) root DEBUG client.py                 71    logger_log                : event_handler Header(svc_id=1, op=137, ctrl_index=0, data_len=8) (b'\x00*\xde%\xe8\x07\xc0\x02',)
2025-01-04 19:53:07,404 BTPWorkerThread-1998 (_rx_task) root DEBUG client.py                 71    logger_log                : gap_sec_level_changed_ev_
2025-01-04 19:53:07,404 BTPWorkerThread-1998 (_rx_task) root DEBUG client.py                 71    logger_log                : received b'\x00*\xde%\xe8\x07\xc0\x02'
2025-01-04 19:53:07,405 BTPWorkerThread-1998 (_rx_task) root DEBUG client.py                 71    logger_log                : received (0, 'c007e825de2a', 2)
2025-01-04 19:53:07,521 LT1-callback ClientCallback.on_implicit_send INFO client.py                 71    logger_log                : 
    ********************
    BEGIN OnImplicitSend:
    project_name: GAP
    wid: 118
    test_case_name: GAP/SEC/CSIGN/BV-02-C
    description: Please press ok to disconnect the link.
    style: MMI_Style_Ok_Cancel1 0x11041
2025-01-04 19:53:07,522 LT1-callback ClientCallback.on_implicit_send INFO client.py                 71    logger_log                : Calling test cases on_implicit_send
2025-01-04 19:53:07,522 LT1-callback ClientCallback.on_implicit_send INFO client.py                 71    logger_log                : 
    on_implicit_send returned response: WAIT
    END OnImplicitSend
    ********************
2025-01-04 19:53:08,082 LT1-thread root DEBUG client.py                 71    logger_log                : GAP GAP/SEC/CSIGN/BV-02-C on_implicit_send
2025-01-04 19:53:08,082 LT1-thread root DEBUG client.py                 71    logger_log                : gap_wid_hdl, 118, Please press ok to disconnect the link., GAP/SEC/CSIGN/BV-02-C
2025-01-04 19:53:08,082 LT1-thread root DEBUG client.py                 71    logger_log                : Sending response 'OK' to wid 118 test case GAP/SEC/CSIGN/BV-02-C
2025-01-04 19:53:08,085 LT1-thread root DEBUG client.py                 71    logger_log                : ClientCallback.get_result run_test_case
2025-01-04 19:53:08,349 BTPWorkerThread-1998 (_rx_task) root DEBUG client.py                 71    logger_log                : Read 5 bytes
2025-01-04 19:53:08,349 BTPWorkerThread-1998 (_rx_task) root DEBUG client.py                 71    logger_log                : Received: hdr: Header(svc_id=0x01, op=0x83, ctrl_index=0x00, data_len=0x07) bytearray(b'\x01\x83\x00\x07\x00')
2025-01-04 19:53:08,349 BTPWorkerThread-1998 (_rx_task) root DEBUG client.py                 71    logger_log                : Read 7 bytes data
2025-01-04 19:53:08,349 BTPWorkerThread-1998 (_rx_task) root DEBUG client.py                 71    logger_log                : Received data: {'00 2a de 25 e8 07 c0'}, bytearray(b'\x00*\xde%\xe8\x07\xc0')
2025-01-04 19:53:08,350 BTPWorkerThread-1998 (_rx_task) root DEBUG client.py                 71    logger_log                : event_handler Header(svc_id=1, op=131, ctrl_index=0, data_len=7) (b'\x00*\xde%\xe8\x07\xc0',)
2025-01-04 19:53:08,350 BTPWorkerThread-1998 (_rx_task) root DEBUG client.py                 71    logger_log                : gap_disconnected_ev_ b'\x00*\xde%\xe8\x07\xc0'
2025-01-04 19:53:08,556 LT1-callback ClientCallback.on_implicit_send INFO client.py                 71    logger_log                : 
    ********************
    BEGIN OnImplicitSend:
    project_name: GAP
    wid: 91
    test_case_name: GAP/SEC/CSIGN/BV-02-C
    description: Please send a connectable undirected advertising report.
    style: MMI_Style_Ok_Cancel2 0x11141
2025-01-04 19:53:08,556 LT1-callback ClientCallback.on_implicit_send INFO client.py                 71    logger_log                : Calling test cases on_implicit_send
2025-01-04 19:53:08,556 LT1-callback ClientCallback.on_implicit_send INFO client.py                 71    logger_log                : 
    on_implicit_send returned response: WAIT
    END OnImplicitSend
    ********************
2025-01-04 19:53:09,086 LT1-thread root DEBUG client.py                 71    logger_log                : GAP GAP/SEC/CSIGN/BV-02-C on_implicit_send
2025-01-04 19:53:09,086 LT1-thread root DEBUG client.py                 71    logger_log                : gap_wid_hdl, 91, Please send a connectable undirected advertising report., GAP/SEC/CSIGN/BV-02-C
2025-01-04 19:53:09,086 LT1-thread root DEBUG client.py                 71    logger_log                : gap_set_conn
2025-01-04 19:53:09,086 LT1-thread root DEBUG client.py                 71    logger_log                : gap_adv_ind_on {9: b'Tester_25DE2A'} None
2025-01-04 19:53:09,086 LT1-thread root DEBUG client.py                 71    logger_log                : send, 1 10 0 "bytearray(b'\\x0f\\x00\\t\\rTester_25DE2A\\xff\\xff\\xff\\xff\\x00')"
2025-01-04 19:53:09,086 LT1-thread root DEBUG client.py                 71    logger_log                : sending frame '010a0016000f00090d5465737465725f323544453241ffffffff00'
2025-01-04 19:53:09,087 LT1-thread root DEBUG client.py                 71    logger_log                : gap_command_rsp_succ
2025-01-04 19:53:09,087 LT1-thread root DEBUG client.py                 71    logger_log                : read
2025-01-04 19:53:09,136 BTPWorkerThread-1998 (_rx_task) root DEBUG client.py                 71    logger_log                : Read 5 bytes
2025-01-04 19:53:09,157 BTPWorkerThread-1998 (_rx_task) root DEBUG client.py                 71    logger_log                : Received: hdr: Header(svc_id=0x01, op=0x0a, ctrl_index=0x00, data_len=0x04) bytearray(b'\x01\n\x00\x04\x00')
2025-01-04 19:53:09,168 BTPWorkerThread-1998 (_rx_task) root DEBUG client.py                 71    logger_log                : Read 4 bytes data
2025-01-04 19:53:09,184 BTPWorkerThread-1998 (_rx_task) root DEBUG client.py                 71    logger_log                : Received data: {'13 06 00 00'}, bytearray(b'\x13\x06\x00\x00')
2025-01-04 19:53:09,200 LT1-thread root DEBUG client.py                 71    logger_log                : received Header(svc_id=1, op=10, ctrl_index=0, data_len=4) (b'\x13\x06\x00\x00',)
2025-01-04 19:53:09,200 LT1-thread root DEBUG client.py                 71    logger_log                : __gap_current_settings_update (b'\x13\x06\x00\x00',)
2025-01-04 19:53:09,200 LT1-thread root DEBUG client.py                 71    logger_log                : Sending response 'OK' to wid 91 test case GAP/SEC/CSIGN/BV-02-C
2025-01-04 19:53:09,203 LT1-thread root DEBUG client.py                 71    logger_log                : ClientCallback.get_result run_test_case
2025-01-04 19:53:09,817 BTPWorkerThread-1998 (_rx_task) root DEBUG client.py                 71    logger_log                : Read 5 bytes
2025-01-04 19:53:09,818 BTPWorkerThread-1998 (_rx_task) root DEBUG client.py                 71    logger_log                : Received: hdr: Header(svc_id=0x01, op=0x82, ctrl_index=0x00, data_len=0x0d) bytearray(b'\x01\x82\x00\r\x00')
2025-01-04 19:53:09,818 BTPWorkerThread-1998 (_rx_task) root DEBUG client.py                 71    logger_log                : Read 13 bytes data
2025-01-04 19:53:09,818 BTPWorkerThread-1998 (_rx_task) root DEBUG client.py                 71    logger_log                : Received data: {'00 2a de 25 e8 07 c0 38 00 00 00 d0 07'}, bytearray(b'\x00*\xde%\xe8\x07\xc08\x00\x00\x00\xd0\x07')
2025-01-04 19:53:09,818 BTPWorkerThread-1998 (_rx_task) root DEBUG client.py                 71    logger_log                : event_handler Header(svc_id=1, op=130, ctrl_index=0, data_len=13) (b'\x00*\xde%\xe8\x07\xc08\x00\x00\x00\xd0\x07',)
2025-01-04 19:53:09,818 BTPWorkerThread-1998 (_rx_task) root DEBUG client.py                 71    logger_log                : gap_connected_ev_ b'\x00*\xde%\xe8\x07\xc08\x00\x00\x00\xd0\x07'
2025-01-04 19:53:09,819 BTPWorkerThread-1998 (_rx_task) root DEBUG client.py                 71    logger_log                : Read 5 bytes
2025-01-04 19:53:09,819 BTPWorkerThread-1998 (_rx_task) root DEBUG client.py                 71    logger_log                : Received: hdr: Header(svc_id=0x01, op=0x80, ctrl_index=0x00, data_len=0x04) bytearray(b'\x01\x80\x00\x04\x00')
2025-01-04 19:53:09,819 BTPWorkerThread-1998 (_rx_task) root DEBUG client.py                 71    logger_log                : Read 4 bytes data
2025-01-04 19:53:09,819 BTPWorkerThread-1998 (_rx_task) root DEBUG client.py                 71    logger_log                : Received data: {'13 02 00 00'}, bytearray(b'\x13\x02\x00\x00')
2025-01-04 19:53:09,820 BTPWorkerThread-1998 (_rx_task) root DEBUG client.py                 71    logger_log                : event_handler Header(svc_id=1, op=128, ctrl_index=0, data_len=4) (b'\x13\x02\x00\x00',)
2025-01-04 19:53:09,820 BTPWorkerThread-1998 (_rx_task) root DEBUG client.py                 71    logger_log                : gap_new_settings_ev_ b'\x13\x02\x00\x00'
2025-01-04 19:53:09,820 BTPWorkerThread-1998 (_rx_task) root DEBUG client.py                 71    logger_log                : __gap_current_settings_update 531
2025-01-04 19:53:12,991 LT1-callback ClientCallback.on_implicit_send INFO client.py                 71    logger_log                : 
    ********************
    BEGIN OnImplicitSend:
    project_name: GAP
    wid: 161
    test_case_name: GAP/SEC/CSIGN/BV-02-C
    description: Please enter the number of bytes in integer format for the length of the signed write characteristic handle 0x0027. ex: 1, 2 or 3
    style: MMI_Style_Edit1 0x12040
2025-01-04 19:53:12,991 LT1-callback ClientCallback.on_implicit_send INFO client.py                 71    logger_log                : Calling test cases on_implicit_send
2025-01-04 19:53:12,992 LT1-callback ClientCallback.on_implicit_send INFO client.py                 71    logger_log                : 
    on_implicit_send returned response: WAIT
    END OnImplicitSend
    ********************
2025-01-04 19:53:13,205 LT1-thread root DEBUG client.py                 71    logger_log                : GAP GAP/SEC/CSIGN/BV-02-C on_implicit_send
2025-01-04 19:53:13,205 LT1-thread root DEBUG client.py                 71    logger_log                : gap_wid_hdl, 161, Please enter the number of bytes in integer format for the length of the signed write characteristic handle 0x0027. ex: 1, 2 or 3, GAP/SEC/CSIGN/BV-02-C
2025-01-04 19:53:13,205 LT1-thread root DEBUG client.py                 71    logger_log                : gatts_get_attrs 39 39 None
2025-01-04 19:53:13,205 LT1-thread root DEBUG client.py                 71    logger_log                : send, 2 28 0 'bytearray(b"\\\'\\x00\\\'\\x00\\x00")'
2025-01-04 19:53:13,205 LT1-thread root DEBUG client.py                 71    logger_log                : sending frame '021c0005002700270000'
2025-01-04 19:53:13,206 LT1-thread root DEBUG client.py                 71    logger_log                : read
2025-01-04 19:53:13,258 BTPWorkerThread-1998 (_rx_task) root DEBUG client.py                 71    logger_log                : Read 5 bytes
2025-01-04 19:53:13,269 BTPWorkerThread-1998 (_rx_task) root DEBUG client.py                 71    logger_log                : Received: hdr: Header(svc_id=0x02, op=0x1c, ctrl_index=0x00, data_len=0x07) bytearray(b'\x02\x1c\x00\x07\x00')
2025-01-04 19:53:13,285 BTPWorkerThread-1998 (_rx_task) root DEBUG client.py                 71    logger_log                : Read 7 bytes data
2025-01-04 19:53:13,285 BTPWorkerThread-1998 (_rx_task) root DEBUG client.py                 71    logger_log                : Received data: {'01 27 00 43 02 aa 54'}, bytearray(b"\x01\'\x00C\x02\xaaT")
2025-01-04 19:53:13,291 LT1-thread root DEBUG client.py                 71    logger_log                : received Header(svc_id=2, op=28, ctrl_index=0, data_len=7) (b"\x01'\x00C\x02\xaaT",)
2025-01-04 19:53:13,291 LT1-thread root DEBUG client.py                 71    logger_log                : dec_gatts_get_attrs_rp b"\x01'\x00C\x02\xaaT" 7
2025-01-04 19:53:13,291 LT1-thread root DEBUG client.py                 71    logger_log                : handle 39 perm 67 type_uuid '54AA'
2025-01-04 19:53:13,291 LT1-thread root DEBUG client.py                 71    logger_log                : gatts_get_attr_val 38
2025-01-04 19:53:13,291 LT1-thread root DEBUG client.py                 71    logger_log                : send, 2 29 0 "bytearray(b'\\x00*\\xde%\\xe8\\x07\\xc0&\\x00')"
2025-01-04 19:53:13,291 LT1-thread root DEBUG client.py                 71    logger_log                : sending frame '021d000900002ade25e807c02600'
2025-01-04 19:53:13,292 LT1-thread root DEBUG client.py                 71    logger_log                : read
2025-01-04 19:53:13,337 BTPWorkerThread-1998 (_rx_task) root DEBUG client.py                 71    logger_log                : Read 5 bytes
2025-01-04 19:53:13,376 BTPWorkerThread-1998 (_rx_task) root DEBUG client.py                 71    logger_log                : Received: hdr: Header(svc_id=0x02, op=0x1d, ctrl_index=0x00, data_len=0x08) bytearray(b'\x02\x1d\x00\x08\x00')
2025-01-04 19:53:13,403 BTPWorkerThread-1998 (_rx_task) root DEBUG client.py                 71    logger_log                : Read 8 bytes data
2025-01-04 19:53:13,425 BTPWorkerThread-1998 (_rx_task) root DEBUG client.py                 71    logger_log                : Received data: {'00 05 00 42 27 00 aa 54'}, bytearray(b"\x00\x05\x00B\'\x00\xaaT")
2025-01-04 19:53:13,436 LT1-thread root DEBUG client.py                 71    logger_log                : received Header(svc_id=2, op=29, ctrl_index=0, data_len=8) (b"\x00\x05\x00B'\x00\xaaT",)
2025-01-04 19:53:13,436 LT1-thread root DEBUG client.py                 71    logger_log                : gatts_get_attr_val 39
2025-01-04 19:53:13,436 LT1-thread root DEBUG client.py                 71    logger_log                : send, 2 29 0 'bytearray(b"\\x00*\\xde%\\xe8\\x07\\xc0\\\'\\x00")'
2025-01-04 19:53:13,436 LT1-thread root DEBUG client.py                 71    logger_log                : sending frame '021d000900002ade25e807c02700'
2025-01-04 19:53:13,437 LT1-thread root DEBUG client.py                 71    logger_log                : read
2025-01-04 19:53:13,493 BTPWorkerThread-1998 (_rx_task) root DEBUG client.py                 71    logger_log                : Read 5 bytes
2025-01-04 19:53:13,498 BTPWorkerThread-1998 (_rx_task) root DEBUG client.py                 71    logger_log                : Received: hdr: Header(svc_id=0x02, op=0x1d, ctrl_index=0x00, data_len=0x04) bytearray(b'\x02\x1d\x00\x04\x00')
2025-01-04 19:53:13,514 BTPWorkerThread-1998 (_rx_task) root DEBUG client.py                 71    logger_log                : Read 4 bytes data
2025-01-04 19:53:13,520 BTPWorkerThread-1998 (_rx_task) root DEBUG client.py                 71    logger_log                : Received data: {'00 01 00 03'}, bytearray(b'\x00\x01\x00\x03')
2025-01-04 19:53:13,542 LT1-thread root DEBUG client.py                 71    logger_log                : received Header(svc_id=2, op=29, ctrl_index=0, data_len=4) (b'\x00\x01\x00\x03',)
2025-01-04 19:53:13,542 LT1-thread root DEBUG client.py                 71    logger_log                : Sending response '1' to wid 161 test case GAP/SEC/CSIGN/BV-02-C
2025-01-04 19:53:13,545 LT1-thread root DEBUG client.py                 71    logger_log                : ClientCallback.get_result run_test_case
2025-01-04 19:53:13,550 LT1-callback ClientCallback.on_implicit_send INFO client.py                 71    logger_log                : 
    ********************
    BEGIN OnImplicitSend:
    project_name: GAP
    wid: 118
    test_case_name: GAP/SEC/CSIGN/BV-02-C
    description: Please press ok to disconnect the link.
    style: MMI_Style_Ok_Cancel1 0x11041
2025-01-04 19:53:13,551 LT1-callback ClientCallback.on_implicit_send INFO client.py                 71    logger_log                : Calling test cases on_implicit_send
2025-01-04 19:53:13,551 LT1-callback ClientCallback.on_implicit_send INFO client.py                 71    logger_log                : 
    on_implicit_send returned response: WAIT
    END OnImplicitSend
    ********************
2025-01-04 19:53:13,628 BTPWorkerThread-1998 (_rx_task) root DEBUG client.py                 71    logger_log                : Read 5 bytes
2025-01-04 19:53:13,628 BTPWorkerThread-1998 (_rx_task) root DEBUG client.py                 71    logger_log                : Received: hdr: Header(svc_id=0x02, op=0x81, ctrl_index=0x00, data_len=0x05) bytearray(b'\x02\x81\x00\x05\x00')
2025-01-04 19:53:13,628 BTPWorkerThread-1998 (_rx_task) root DEBUG client.py                 71    logger_log                : Read 5 bytes data
2025-01-04 19:53:13,628 BTPWorkerThread-1998 (_rx_task) root DEBUG client.py                 71    logger_log                : Received data: {'27 00 01 00 7c'}, bytearray(b"\'\x00\x01\x00|")
2025-01-04 19:53:13,628 BTPWorkerThread-1998 (_rx_task) root DEBUG client.py                 71    logger_log                : event_handler Header(svc_id=2, op=129, ctrl_index=0, data_len=5) (b"'\x00\x01\x00|",)
2025-01-04 19:53:13,628 BTPWorkerThread-1998 (_rx_task) root DEBUG client.py                 71    logger_log                : gatt_attr_value_changed_ev_ 39 (b'|',)
2025-01-04 19:53:14,546 LT1-thread root DEBUG client.py                 71    logger_log                : GAP GAP/SEC/CSIGN/BV-02-C on_implicit_send
2025-01-04 19:53:14,546 LT1-thread root DEBUG client.py                 71    logger_log                : gap_wid_hdl, 118, Please press ok to disconnect the link., GAP/SEC/CSIGN/BV-02-C
2025-01-04 19:53:14,546 LT1-thread root DEBUG client.py                 71    logger_log                : Sending response 'OK' to wid 118 test case GAP/SEC/CSIGN/BV-02-C
2025-01-04 19:53:14,549 LT1-thread root DEBUG client.py                 71    logger_log                : ClientCallback.get_result run_test_case
2025-01-04 19:53:14,824 BTPWorkerThread-1998 (_rx_task) root DEBUG client.py                 71    logger_log                : Read 5 bytes
2025-01-04 19:53:14,824 BTPWorkerThread-1998 (_rx_task) root DEBUG client.py                 71    logger_log                : Received: hdr: Header(svc_id=0x01, op=0x83, ctrl_index=0x00, data_len=0x07) bytearray(b'\x01\x83\x00\x07\x00')
2025-01-04 19:53:14,824 BTPWorkerThread-1998 (_rx_task) root DEBUG client.py                 71    logger_log                : Read 7 bytes data
2025-01-04 19:53:14,824 BTPWorkerThread-1998 (_rx_task) root DEBUG client.py                 71    logger_log                : Received data: {'00 2a de 25 e8 07 c0'}, bytearray(b'\x00*\xde%\xe8\x07\xc0')
2025-01-04 19:53:14,825 BTPWorkerThread-1998 (_rx_task) root DEBUG client.py                 71    logger_log                : event_handler Header(svc_id=1, op=131, ctrl_index=0, data_len=7) (b'\x00*\xde%\xe8\x07\xc0',)
2025-01-04 19:53:14,825 BTPWorkerThread-1998 (_rx_task) root DEBUG client.py                 71    logger_log                : gap_disconnected_ev_ b'\x00*\xde%\xe8\x07\xc0'
2025-01-04 19:53:15,016 LT1-callback ClientCallback.on_implicit_send INFO client.py                 71    logger_log                : 
    ********************
    BEGIN OnImplicitSend:
    project_name: GAP
    wid: 141
    test_case_name: GAP/SEC/CSIGN/BV-02-C
    description: Please confirm that IUT has received signed write command from PTS.
    style: MMI_Style_Yes_No1 0x11044
2025-01-04 19:53:15,016 LT1-callback ClientCallback.on_implicit_send INFO client.py                 71    logger_log                : Calling test cases on_implicit_send
2025-01-04 19:53:15,016 LT1-callback ClientCallback.on_implicit_send INFO client.py                 71    logger_log                : 
    on_implicit_send returned response: WAIT
    END OnImplicitSend
    ********************
2025-01-04 19:53:15,549 LT1-thread root DEBUG client.py                 71    logger_log                : GAP GAP/SEC/CSIGN/BV-02-C on_implicit_send
2025-01-04 19:53:15,549 LT1-thread root DEBUG client.py                 71    logger_log                : gap_wid_hdl, 141, Please confirm that IUT has received signed write command from PTS., GAP/SEC/CSIGN/BV-02-C
2025-01-04 19:53:15,549 LT1-thread root DEBUG client.py                 71    logger_log                : Sending response 'Yes' to wid 141 test case GAP/SEC/CSIGN/BV-02-C
2025-01-04 19:53:15,552 LT1-thread root DEBUG client.py                 71    logger_log                : ClientCallback.get_result run_test_case
2025-01-04 19:53:18,110 LT1-callback ClientCallback.log INFO client.py                 71    logger_log                : PTS_LOGTYPE_START_TEST Start Test Case 

+16 ms
 GAP/SEC/CSIGN/BV-02-C GAP/SEC/CSIGN/BV-02-C

2025-01-04 19:53:19,410 LT1-callback ClientCallback.log INFO client.py                 71    logger_log                : PTS_LOGTYPE_FINAL_VERDICT Final Verdict 

+15766 ms
 GAP/SEC/CSIGN/BV-02-C PASS

2025-01-04 19:53:19,418 LT1-callback ClientCallback.log INFO client.py                 71    logger_log                : PTS_LOGTYPE_FINAL_VERDICT Encrypted Verdict 

+15766 ms
 GAP/SEC/CSIGN/BV-02-C A1#ZWY4MzQ5MDg3MmQwNTIxOGQzMzQ5YjY2ODA5M2MzNjQ5ZDY4NmY0Yjc2MzIzM2VkNTUyNTFhNGU4Mjg1MjI0NA==#Rx92by9kU8+cKJteopY39E3lIQgyjGmeWE3I9OXl4j9F/EicbAxLpWBuvqLVc5Se

2025-01-04 19:53:19,424 LT1-callback ClientCallback.log INFO client.py                 71    logger_log                : PTS_LOGTYPE_END_TEST Test Case Ended 

+15766 ms
 GAP/SEC/CSIGN/BV-02-C GAP/SEC/CSIGN/BV-02-C

2025-01-04 19:53:19,639 LT1-callback root DEBUG client.py                 71    logger_log                : ClientCallback, set_result, run_test_case, PASS
2025-01-04 19:53:19,640 LT1-thread root DEBUG client.py                 71    logger_log                : After run_test_case error_code=0 status='PASS'
2025-01-04 19:53:19,640 LT1-thread root DEBUG client.py                 71    logger_log                : post_run GAP GAP/SEC/CSIGN/BV-02-C 0
2025-01-04 19:53:19,640 LT1-thread root DEBUG client.py                 71    logger_log                : Starting test function: class=<class 'autopts.ptsprojects.testcase.TestFuncCleanUp'>, func=<bound method Stack.cleanup of <autopts.ptsprojects.stack.stack.Stack object at 0x000001CE003A0450>> start_wid=None stop_wid=None post_wid=None skip_call=None call_count=1 args=() kwds={}
2025-01-04 19:53:19,640 LT1-thread root DEBUG client.py                 71    logger_log                : Test function parameters: args=(), kwds={}
2025-01-04 19:53:19,640 LT1-thread root DEBUG client.py                 71    logger_log                : Starting test function: class=<class 'autopts.ptsprojects.testcase.TestFuncCleanUp'>, func=<bound method ZephyrCtl.stop of <autopts.ptsprojects.zephyr.iutctl.ZephyrCtl object at 0x000001CE7D2B9F50>> start_wid=None stop_wid=None post_wid=None skip_call=None call_count=1 args=() kwds={}
2025-01-04 19:53:19,641 LT1-thread root DEBUG client.py                 71    logger_log                : Test function parameters: args=(), kwds={}
2025-01-04 19:53:19,641 LT1-thread root DEBUG client.py                 71    logger_log                : <class 'autopts.ptsprojects.zephyr.iutctl.ZephyrCtl'>.stop
2025-01-04 19:53:19,742 LT1-thread root DEBUG client.py                 71    logger_log                : <class 'autopts.rtt.RTTLogger'>.stop
2025-01-04 19:53:19,742 LT1-thread root DEBUG client.py                 71    logger_log                : <class 'autopts.rtt.RTT'>.stop
2025-01-04 19:53:19,757 LT1-thread root DEBUG client.py                 71    logger_log                : About to reset DUT: JLink -CommandFile reset.jlink -usb 1064371884 -device MCXW716
2025-01-04 19:53:20,246 BTPWorkerThread-1998 (_rx_task) root DEBUG client.py                 71    logger_log                : Read 5 bytes
2025-01-04 19:53:20,266 BTPWorkerThread-1998 (_rx_task) root DEBUG client.py                 71    logger_log                : Received: hdr: Header(svc_id=0x00, op=0x80, ctrl_index=0xff, data_len=0x00) bytearray(b'\x00\x80\xff\x00\x00')
2025-01-04 19:53:20,266 BTPWorkerThread-1998 (_rx_task) root DEBUG client.py                 71    logger_log                : Received data: {''}, bytearray(b'')
2025-01-04 19:53:20,276 BTPWorkerThread-1998 (_rx_task) root DEBUG client.py                 71    logger_log                : event_handler Header(svc_id=0, op=128, ctrl_index=255, data_len=0) (b'',)
2025-01-04 19:53:20,276 BTPWorkerThread-1998 (_rx_task) root DEBUG client.py                 71    logger_log                : core_iut_ready_ev
2025-01-04 19:53:20,286 LT1-thread root DEBUG client.py                 71    logger_log                : IUT ready event received OK
2025-01-04 19:53:20,286 LT1-thread root DEBUG client.py                 71    logger_log                : Waiting for _rx_worker to finish ...
2025-01-04 19:53:21,293 BTPWorkerThread-1998 (_rx_task) root DEBUG client.py                 71    logger_log                : BTPWorkerThread-1998 (_rx_task) finishing...
2025-01-04 19:53:21,293 LT1-thread root DEBUG client.py                 71    logger_log                : Waiting for _rx_worker to finish ...
2025-01-04 19:53:24,321 LT1-thread root DEBUG client.py                 71    logger_log                : post_run, cleanup running post test case script
2025-01-04 19:53:24,321 LT1-thread root DEBUG client.py                 71    logger_log                : post_run, run post test case script
2025-01-04 19:53:24,451 LT1-thread root DEBUG client.py                 71    logger_log                : Done TestCase _run_test_case GAP GAP/SEC/CSIGN/BV-02-C
