2025-02-16 01:07:13,379 LT1-thread root DEBUG client.py                 71    logger_log                : Starting TestCase _run_test_case GATT GATT/CL/GAI/BV-01-C
2025-02-16 01:07:13,379 LT1-thread root DEBUG client.py                 71    logger_log                : pre_run GATT GATT/CL/GAI/BV-01-C
2025-02-16 01:07:13,379 LT1-thread root DEBUG client.py                 71    logger_log                : About to run test case GATT GATT/CL/GAI/BV-01-C with commands:
2025-02-16 01:07:13,379 LT1-thread root DEBUG client.py                 71    logger_log                : 0) class=<class 'autopts.ptsprojects.testcase.TestFunc'>, func=<bound method Stack.core_init of <autopts.ptsprojects.stack.stack.Stack object at 0x0000020D6A103FD0>> start_wid=None stop_wid=None post_wid=None skip_call=None call_count=0 args=() kwds={}
2025-02-16 01:07:13,379 LT1-thread root DEBUG client.py                 71    logger_log                : 1) class=<class 'autopts.ptsprojects.testcase.TestFunc'>, func=<bound method ZephyrCtl.hw_reset of <autopts.ptsprojects.zephyr.iutctl.ZephyrCtl object at 0x0000020D66F4B710>> start_wid=None stop_wid=None post_wid=None skip_call=None call_count=0 args=() kwds={}
2025-02-16 01:07:13,379 LT1-thread root DEBUG client.py                 71    logger_log                : 2) class=<class 'autopts.ptsprojects.testcase.TestFunc'>, func=<bound method ZephyrCtl.start of <autopts.ptsprojects.zephyr.iutctl.ZephyrCtl object at 0x0000020D66F4B710>> start_wid=None stop_wid=None post_wid=None skip_call=None call_count=0 args=(<autopts.ptsprojects.zephyr.ztestcase.ZTestCase object at 0x0000020D6A90EE10>,) kwds={}
2025-02-16 01:07:13,379 LT1-thread root DEBUG client.py                 71    logger_log                : 3) class=<class 'autopts.ptsprojects.testcase.TestFunc'>, func=<bound method ZephyrCtl.hw_reset of <autopts.ptsprojects.zephyr.iutctl.ZephyrCtl object at 0x0000020D66F4B710>> start_wid=None stop_wid=None post_wid=None skip_call=None call_count=0 args=() kwds={}
2025-02-16 01:07:13,379 LT1-thread root DEBUG client.py                 71    logger_log                : 4) class=<class 'autopts.ptsprojects.testcase.TestFunc'>, func=<bound method ZephyrCtl.wait_iut_ready_event of <autopts.ptsprojects.zephyr.iutctl.ZephyrCtl object at 0x0000020D66F4B710>> start_wid=None stop_wid=None post_wid=None skip_call=None call_count=0 args=(False,) kwds={}
2025-02-16 01:07:13,379 LT1-thread root DEBUG client.py                 71    logger_log                : 5) class=<class 'autopts.ptsprojects.testcase.TestFunc'>, func=<bound method Stack.gap_init of <autopts.ptsprojects.stack.stack.Stack object at 0x0000020D6A103FD0>> start_wid=None stop_wid=None post_wid=None skip_call=None call_count=74 args=(b'Tester_25DE2A',) kwds={}
2025-02-16 01:07:13,379 LT1-thread root DEBUG client.py                 71    logger_log                : 6) class=<class 'autopts.ptsprojects.testcase.TestFunc'>, func=<function core_reg_svc_gap at 0x0000020D65B187C0> start_wid=None stop_wid=None post_wid=None skip_call=None call_count=74 args=() kwds={}
2025-02-16 01:07:13,379 LT1-thread root DEBUG client.py                 71    logger_log                : 7) class=<class 'autopts.ptsprojects.testcase.TestFunc'>, func=<function gap_read_ctrl_info at 0x0000020D65B28680> start_wid=None stop_wid=None post_wid=None skip_call=None call_count=74 args=() kwds={}
2025-02-16 01:07:13,379 LT1-thread root DEBUG client.py                 71    logger_log                : 8) class=<class 'autopts.ptsprojects.testcase.TestFunc'>, func=<function test_cases_client.<locals>.<lambda> at 0x0000020D6A8A76A0> start_wid=None stop_wid=None post_wid=None skip_call=None call_count=74 args=() kwds={}
2025-02-16 01:07:13,379 LT1-thread root DEBUG client.py                 71    logger_log                : 9) class=<class 'autopts.ptsprojects.testcase.TestFunc'>, func=<function core_reg_svc_gatt at 0x0000020D65B18900> start_wid=None stop_wid=None post_wid=None skip_call=None call_count=74 args=() kwds={}
2025-02-16 01:07:13,379 LT1-thread root DEBUG client.py                 71    logger_log                : 10) class=<class 'autopts.ptsprojects.testcase.TestFunc'>, func=<function set_pts_addr at 0x0000020D65B18360> start_wid=None stop_wid=None post_wid=None skip_call=None call_count=74 args=('C0:07:E8:25:DE:2A', 0) kwds={}
2025-02-16 01:07:13,379 LT1-thread root DEBUG client.py                 71    logger_log                : 11) class=<class 'autopts.ptsprojects.testcase.TestFunc'>, func=<bound method Stack.gatt_init of <autopts.ptsprojects.stack.stack.Stack object at 0x0000020D6A103FD0>> start_wid=None stop_wid=None post_wid=None skip_call=None call_count=74 args=() kwds={}
2025-02-16 01:07:13,379 LT1-thread root DEBUG client.py                 71    logger_log                : 12) class=<class 'autopts.ptsprojects.testcase.TestFuncCleanUp'>, func=<bound method Stack.cleanup of <autopts.ptsprojects.stack.stack.Stack object at 0x0000020D6A103FD0>> start_wid=None stop_wid=None post_wid=None skip_call=None call_count=0 args=() kwds={}
2025-02-16 01:07:13,379 LT1-thread root DEBUG client.py                 71    logger_log                : 13) class=<class 'autopts.ptsprojects.testcase.TestFuncCleanUp'>, func=<bound method ZephyrCtl.stop of <autopts.ptsprojects.zephyr.iutctl.ZephyrCtl object at 0x0000020D66F4B710>> start_wid=None stop_wid=None post_wid=None skip_call=None call_count=0 args=() kwds={}
2025-02-16 01:07:13,379 LT1-thread root DEBUG client.py                 71    logger_log                : pre_run, run pre test case script
2025-02-16 01:07:13,389 LT1-thread root DEBUG client.py                 71    logger_log                : Starting test function: class=<class 'autopts.ptsprojects.testcase.TestFunc'>, func=<bound method Stack.core_init of <autopts.ptsprojects.stack.stack.Stack object at 0x0000020D6A103FD0>> start_wid=None stop_wid=None post_wid=None skip_call=None call_count=1 args=() kwds={}
2025-02-16 01:07:13,389 LT1-thread root DEBUG client.py                 71    logger_log                : Test function parameters: args=(), kwds={}
2025-02-16 01:07:13,389 LT1-thread root DEBUG client.py                 71    logger_log                : Starting test function: class=<class 'autopts.ptsprojects.testcase.TestFunc'>, func=<bound method ZephyrCtl.hw_reset of <autopts.ptsprojects.zephyr.iutctl.ZephyrCtl object at 0x0000020D66F4B710>> start_wid=None stop_wid=None post_wid=None skip_call=None call_count=1 args=() kwds={}
2025-02-16 01:07:13,389 LT1-thread root DEBUG client.py                 71    logger_log                : Test function parameters: args=(), kwds={}
2025-02-16 01:07:13,389 LT1-thread root DEBUG client.py                 71    logger_log                : Starting test function: class=<class 'autopts.ptsprojects.testcase.TestFunc'>, func=<bound method ZephyrCtl.start of <autopts.ptsprojects.zephyr.iutctl.ZephyrCtl object at 0x0000020D66F4B710>> start_wid=None stop_wid=None post_wid=None skip_call=None call_count=1 args=(<autopts.ptsprojects.zephyr.ztestcase.ZTestCase object at 0x0000020D6A90EE10>,) kwds={}
2025-02-16 01:07:13,389 LT1-thread root DEBUG client.py                 71    logger_log                : Test function parameters: args=(<autopts.ptsprojects.zephyr.ztestcase.ZTestCase object at 0x0000020D6A90EE10>,), kwds={}
2025-02-16 01:07:13,389 LT1-thread root DEBUG client.py                 71    logger_log                : <class 'autopts.ptsprojects.zephyr.iutctl.ZephyrCtl'>.start
2025-02-16 01:07:13,389 LT1-thread root DEBUG client.py                 71    logger_log                : <class 'autopts.ptsprojects.zephyr.iutctl.ZephyrCtl'>.flush_serial
2025-02-16 01:07:14,609 LT1-thread root DEBUG client.py                 71    logger_log                : Starting socat process: socat.exe -x -v tcp:10.192.253.135:50351,retry=100,interval=1 /dev/ttyS35,raw,b115200
2025-02-16 01:07:14,629 LT1-thread root DEBUG client.py                 71    logger_log                : accept
2025-02-16 01:07:14,729 BTPWorkerThread-4248 (_rx_task) root DEBUG client.py                 71    logger_log                : BTPWorkerThread-4248 (_rx_task) started
2025-02-16 01:07:14,729 LT1-thread root DEBUG client.py                 71    logger_log                : Starting test function: class=<class 'autopts.ptsprojects.testcase.TestFunc'>, func=<bound method ZephyrCtl.hw_reset of <autopts.ptsprojects.zephyr.iutctl.ZephyrCtl object at 0x0000020D66F4B710>> start_wid=None stop_wid=None post_wid=None skip_call=None call_count=1 args=() kwds={}
2025-02-16 01:07:14,729 LT1-thread root DEBUG client.py                 71    logger_log                : Test function parameters: args=(), kwds={}
2025-02-16 01:07:14,739 LT1-thread root DEBUG client.py                 71    logger_log                : Starting test function: class=<class 'autopts.ptsprojects.testcase.TestFunc'>, func=<bound method ZephyrCtl.wait_iut_ready_event of <autopts.ptsprojects.zephyr.iutctl.ZephyrCtl object at 0x0000020D66F4B710>> start_wid=None stop_wid=None post_wid=None skip_call=None call_count=1 args=(False,) kwds={}
2025-02-16 01:07:14,739 LT1-thread root DEBUG client.py                 71    logger_log                : Test function parameters: args=(False,), kwds={}
2025-02-16 01:07:14,739 LT1-thread root DEBUG client.py                 71    logger_log                : IUT ready event received OK
2025-02-16 01:07:14,739 LT1-thread root DEBUG client.py                 71    logger_log                : Starting test function: class=<class 'autopts.ptsprojects.testcase.TestFunc'>, func=<bound method Stack.gap_init of <autopts.ptsprojects.stack.stack.Stack object at 0x0000020D6A103FD0>> start_wid=None stop_wid=None post_wid=None skip_call=None call_count=75 args=(b'Tester_25DE2A',) kwds={}
2025-02-16 01:07:14,739 LT1-thread root DEBUG client.py                 71    logger_log                : Test function parameters: args=(b'Tester_25DE2A',), kwds={}
2025-02-16 01:07:14,739 LT1-thread root DEBUG client.py                 71    logger_log                : Starting test function: class=<class 'autopts.ptsprojects.testcase.TestFunc'>, func=<function core_reg_svc_gap at 0x0000020D65B187C0> start_wid=None stop_wid=None post_wid=None skip_call=None call_count=75 args=() kwds={}
2025-02-16 01:07:14,739 LT1-thread root DEBUG client.py                 71    logger_log                : Test function parameters: args=(), kwds={}
2025-02-16 01:07:14,739 LT1-thread root DEBUG client.py                 71    logger_log                : core_reg_svc_gap
2025-02-16 01:07:14,739 LT1-thread root DEBUG client.py                 71    logger_log                : send, 0 3 255 '1'
2025-02-16 01:07:14,739 LT1-thread root DEBUG client.py                 71    logger_log                : sending frame '0003ff010001'
2025-02-16 01:07:14,739 LT1-thread root DEBUG client.py                 71    logger_log                : core_reg_svc_rsp_succ
2025-02-16 01:07:14,739 LT1-thread root DEBUG client.py                 71    logger_log                : read
2025-02-16 01:07:14,839 BTPWorkerThread-4248 (_rx_task) root DEBUG client.py                 71    logger_log                : Read 5 bytes
2025-02-16 01:07:14,859 BTPWorkerThread-4248 (_rx_task) root DEBUG client.py                 71    logger_log                : Received: hdr: Header(svc_id=0x00, op=0x03, ctrl_index=0xff, data_len=0x00) bytearray(b'\x00\x03\xff\x00\x00')
2025-02-16 01:07:14,879 BTPWorkerThread-4248 (_rx_task) root DEBUG client.py                 71    logger_log                : Received data: {''}, bytearray(b'')
2025-02-16 01:07:14,909 LT1-thread root DEBUG client.py                 71    logger_log                : received Header(svc_id=0, op=3, ctrl_index=255, data_len=0) (b'',)
2025-02-16 01:07:14,909 LT1-thread root DEBUG client.py                 71    logger_log                : expected ((0, 3, 255, 0), (b'',))
2025-02-16 01:07:14,909 LT1-thread root DEBUG client.py                 71    logger_log                : response is valid
2025-02-16 01:07:14,909 LT1-thread root DEBUG client.py                 71    logger_log                : Starting test function: class=<class 'autopts.ptsprojects.testcase.TestFunc'>, func=<function gap_read_ctrl_info at 0x0000020D65B28680> start_wid=None stop_wid=None post_wid=None skip_call=None call_count=75 args=() kwds={}
2025-02-16 01:07:14,909 LT1-thread root DEBUG client.py                 71    logger_log                : Test function parameters: args=(), kwds={}
2025-02-16 01:07:14,909 LT1-thread root DEBUG client.py                 71    logger_log                : gap_read_ctrl_info
2025-02-16 01:07:14,909 LT1-thread root DEBUG client.py                 71    logger_log                : send, 1 3 0 ''
2025-02-16 01:07:14,909 LT1-thread root DEBUG client.py                 71    logger_log                : sending frame '0103000000'
2025-02-16 01:07:14,909 LT1-thread root DEBUG client.py                 71    logger_log                : read
2025-02-16 01:07:15,759 BTPWorkerThread-4248 (_rx_task) root DEBUG client.py                 71    logger_log                : Read 5 bytes
2025-02-16 01:07:15,779 BTPWorkerThread-4248 (_rx_task) root DEBUG client.py                 71    logger_log                : Received: hdr: Header(svc_id=0x01, op=0x03, ctrl_index=0x00, data_len=0x115) bytearray(b'\x01\x03\x00\x15\x01')
2025-02-16 01:07:15,819 BTPWorkerThread-4248 (_rx_task) root DEBUG client.py                 71    logger_log                : Read 277 bytes data
2025-02-16 01:07:15,839 BTPWorkerThread-4248 (_rx_task) root DEBUG client.py                 71    logger_log                : Received data: {'28 00 03 37 60 00 13 06 02 00 13 02 00 00 00 00 00 62 74 70 5f 74 65 73 74 65 72 00 00 00 00 00 00 00 00 00 00 00 00 00 00 00 00 00 00 00 00 00 00 00 00 00 00 00 00 00 00 00 00 00 00 00 00 00 00 00 00 00 00 00 00 00 00 00 00 00 00 00 00 00 00 00 00 00 00 00 00 00 00 00 00 00 00 00 00 00 00 00 00 00 00 00 00 00 00 00 00 00 00 00 00 00 00 00 00 00 00 00 00 00 00 00 00 00 00 00 00 00 00 00 00 00 00 00 00 00 00 00 00 00 00 00 00 00 00 00 00 00 00 00 00 00 00 00 00 00 00 00 00 00 00 00 00 00 00 00 00 00 00 00 00 00 00 00 00 00 00 00 00 00 00 00 00 00 00 00 00 00 00 00 00 00 00 00 00 00 00 00 00 00 00 00 00 00 00 00 00 00 00 00 00 00 00 00 00 00 00 00 00 00 00 00 00 00 00 00 00 00 00 00 00 00 00 00 00 00 00 00 00 00 00 00 00 00 00 00 00 00 00 00 00 00 00 00 00 00 00 00 00 00 00 00 00 00 00 00 00 00 00 00 00 00 00 00 00 00 00'}, bytearray(b'(\x00\x037`\x00\x13\x06\x02\x00\x13\x02\x00\x00\x00\x00\x00btp_tester\x00\x00\x00\x00\x00\x00\x00\x00\x00\x00\x00\x00\x00\x00\x00\x00\x00\x00\x00\x00\x00\x00\x00\x00\x00\x00\x00\x00\x00\x00\x00\x00\x00\x00\x00\x00\x00\x00\x00\x00\x00\x00\x00\x00\x00\x00\x00\x00\x00\x00\x00\x00\x00\x00\x00\x00\x00\x00\x00\x00\x00\x00\x00\x00\x00\x00\x00\x00\x00\x00\x00\x00\x00\x00\x00\x00\x00\x00\x00\x00\x00\x00\x00\x00\x00\x00\x00\x00\x00\x00\x00\x00\x00\x00\x00\x00\x00\x00\x00\x00\x00\x00\x00\x00\x00\x00\x00\x00\x00\x00\x00\x00\x00\x00\x00\x00\x00\x00\x00\x00\x00\x00\x00\x00\x00\x00\x00\x00\x00\x00\x00\x00\x00\x00\x00\x00\x00\x00\x00\x00\x00\x00\x00\x00\x00\x00\x00\x00\x00\x00\x00\x00\x00\x00\x00\x00\x00\x00\x00\x00\x00\x00\x00\x00\x00\x00\x00\x00\x00\x00\x00\x00\x00\x00\x00\x00\x00\x00\x00\x00\x00\x00\x00\x00\x00\x00\x00\x00\x00\x00\x00\x00\x00\x00\x00\x00\x00\x00\x00\x00\x00\x00\x00\x00\x00\x00\x00\x00\x00\x00\x00\x00\x00\x00\x00\x00\x00\x00\x00\x00\x00\x00\x00\x00\x00\x00\x00\x00\x00\x00\x00\x00\x00\x00\x00\x00\x00\x00\x00\x00\x00\x00\x00\x00\x00\x00\x00\x00\x00\x00')
2025-02-16 01:07:15,869 LT1-thread root DEBUG client.py                 71    logger_log                : received Header(svc_id=1, op=3, ctrl_index=0, data_len=277) (b'(\x00\x037`\x00\x13\x06\x02\x00\x13\x02\x00\x00\x00\x00\x00btp_tester\x00\x00\x00\x00\x00\x00\x00\x00\x00\x00\x00\x00\x00\x00\x00\x00\x00\x00\x00\x00\x00\x00\x00\x00\x00\x00\x00\x00\x00\x00\x00\x00\x00\x00\x00\x00\x00\x00\x00\x00\x00\x00\x00\x00\x00\x00\x00\x00\x00\x00\x00\x00\x00\x00\x00\x00\x00\x00\x00\x00\x00\x00\x00\x00\x00\x00\x00\x00\x00\x00\x00\x00\x00\x00\x00\x00\x00\x00\x00\x00\x00\x00\x00\x00\x00\x00\x00\x00\x00\x00\x00\x00\x00\x00\x00\x00\x00\x00\x00\x00\x00\x00\x00\x00\x00\x00\x00\x00\x00\x00\x00\x00\x00\x00\x00\x00\x00\x00\x00\x00\x00\x00\x00\x00\x00\x00\x00\x00\x00\x00\x00\x00\x00\x00\x00\x00\x00\x00\x00\x00\x00\x00\x00\x00\x00\x00\x00\x00\x00\x00\x00\x00\x00\x00\x00\x00\x00\x00\x00\x00\x00\x00\x00\x00\x00\x00\x00\x00\x00\x00\x00\x00\x00\x00\x00\x00\x00\x00\x00\x00\x00\x00\x00\x00\x00\x00\x00\x00\x00\x00\x00\x00\x00\x00\x00\x00\x00\x00\x00\x00\x00\x00\x00\x00\x00\x00\x00\x00\x00\x00\x00\x00\x00\x00\x00\x00\x00\x00\x00\x00\x00\x00\x00\x00\x00\x00\x00\x00\x00\x00\x00\x00\x00\x00\x00\x00\x00\x00\x00\x00\x00\x00\x00\x00\x00\x00\x00\x00\x00\x00',)
2025-02-16 01:07:15,869 LT1-thread root DEBUG client.py                 71    logger_log                : IUT address '006037030028' 'public'
2025-02-16 01:07:15,869 LT1-thread root DEBUG client.py                 71    logger_log                : __gap_current_settings_update 531
2025-02-16 01:07:15,869 LT1-thread root DEBUG client.py                 71    logger_log                : Starting test function: class=<class 'autopts.ptsprojects.testcase.TestFunc'>, func=<function test_cases_client.<locals>.<lambda> at 0x0000020D6A8A76A0> start_wid=None stop_wid=None post_wid=None skip_call=None call_count=75 args=() kwds={}
2025-02-16 01:07:15,869 LT1-thread root DEBUG client.py                 71    logger_log                : Test function parameters: args=(), kwds={}
2025-02-16 01:07:15,869 LT1-thread root DEBUG client.py                 71    logger_log                : Starting test function: class=<class 'autopts.ptsprojects.testcase.TestFunc'>, func=<function core_reg_svc_gatt at 0x0000020D65B18900> start_wid=None stop_wid=None post_wid=None skip_call=None call_count=75 args=() kwds={}
2025-02-16 01:07:15,869 LT1-thread root DEBUG client.py                 71    logger_log                : Test function parameters: args=(), kwds={}
2025-02-16 01:07:15,869 LT1-thread root DEBUG client.py                 71    logger_log                : core_reg_svc_gatt
2025-02-16 01:07:15,869 LT1-thread root DEBUG client.py                 71    logger_log                : send, 0 3 255 '2'
2025-02-16 01:07:15,869 LT1-thread root DEBUG client.py                 71    logger_log                : sending frame '0003ff010002'
2025-02-16 01:07:15,869 LT1-thread root DEBUG client.py                 71    logger_log                : core_reg_svc_rsp_succ
2025-02-16 01:07:15,869 LT1-thread root DEBUG client.py                 71    logger_log                : read
2025-02-16 01:07:15,929 BTPWorkerThread-4248 (_rx_task) root DEBUG client.py                 71    logger_log                : Read 5 bytes
2025-02-16 01:07:15,949 BTPWorkerThread-4248 (_rx_task) root DEBUG client.py                 71    logger_log                : Received: hdr: Header(svc_id=0x00, op=0x03, ctrl_index=0xff, data_len=0x00) bytearray(b'\x00\x03\xff\x00\x00')
2025-02-16 01:07:15,969 BTPWorkerThread-4248 (_rx_task) root DEBUG client.py                 71    logger_log                : Received data: {''}, bytearray(b'')
2025-02-16 01:07:15,999 LT1-thread root DEBUG client.py                 71    logger_log                : received Header(svc_id=0, op=3, ctrl_index=255, data_len=0) (b'',)
2025-02-16 01:07:15,999 LT1-thread root DEBUG client.py                 71    logger_log                : expected ((0, 3, 255, 0), (b'',))
2025-02-16 01:07:15,999 LT1-thread root DEBUG client.py                 71    logger_log                : response is valid
2025-02-16 01:07:15,999 LT1-thread root DEBUG client.py                 71    logger_log                : Starting test function: class=<class 'autopts.ptsprojects.testcase.TestFunc'>, func=<function set_pts_addr at 0x0000020D65B18360> start_wid=None stop_wid=None post_wid=None skip_call=None call_count=75 args=('C0:07:E8:25:DE:2A', 0) kwds={}
2025-02-16 01:07:15,999 LT1-thread root DEBUG client.py                 71    logger_log                : Test function parameters: args=('C0:07:E8:25:DE:2A', 0), kwds={}
2025-02-16 01:07:15,999 LT1-thread root DEBUG client.py                 71    logger_log                : Starting test function: class=<class 'autopts.ptsprojects.testcase.TestFunc'>, func=<bound method Stack.gatt_init of <autopts.ptsprojects.stack.stack.Stack object at 0x0000020D6A103FD0>> start_wid=None stop_wid=None post_wid=None skip_call=None call_count=75 args=() kwds={}
2025-02-16 01:07:15,999 LT1-thread root DEBUG client.py                 71    logger_log                : Test function parameters: args=(), kwds={}
2025-02-16 01:07:15,999 LT1-thread root DEBUG client.py                 71    logger_log                : ClientCallback.get_result run_test_case
2025-02-16 01:07:19,419 LT1-callback ClientCallback.on_implicit_send INFO client.py                 71    logger_log                : 
    ********************
    BEGIN OnImplicitSend:
    project_name: GATT
    wid: 1
    test_case_name: GATT/CL/GAI/BV-01-C
    description: Please prepare IUT into a connectable mode.

Description: Verify that the Implementation Under Test (IUT) can accept GATT connect request from PTS.
    style: MMI_Style_Ok_Cancel2 0x11141
2025-02-16 01:07:19,419 LT1-callback ClientCallback.on_implicit_send INFO client.py                 71    logger_log                : Calling test cases on_implicit_send
2025-02-16 01:07:19,419 LT1-callback ClientCallback.on_implicit_send INFO client.py                 71    logger_log                : 
    on_implicit_send returned response: WAIT
    END OnImplicitSend
    ********************
2025-02-16 01:07:20,019 LT1-thread root DEBUG client.py                 71    logger_log                : GATT GATT/CL/GAI/BV-01-C on_implicit_send
2025-02-16 01:07:20,019 LT1-thread root DEBUG client.py                 71    logger_log                : gatt_wid_hdl, 1, Please prepare IUT into a connectable mode.

Description: Verify that the Implementation Under Test (IUT) can accept GATT connect request from PTS., GATT/CL/GAI/BV-01-C
2025-02-16 01:07:20,019 LT1-thread root DEBUG client.py                 71    logger_log                : gap_set_conn
2025-02-16 01:07:20,019 LT1-thread root DEBUG client.py                 71    logger_log                : gap_set_gendiscov
2025-02-16 01:07:20,019 LT1-thread root DEBUG client.py                 71    logger_log                : send, 1 8 0 '1'
2025-02-16 01:07:20,019 LT1-thread root DEBUG client.py                 71    logger_log                : sending frame '010800010001'
2025-02-16 01:07:20,019 LT1-thread root DEBUG client.py                 71    logger_log                : gap_command_rsp_succ
2025-02-16 01:07:20,019 LT1-thread root DEBUG client.py                 71    logger_log                : read
2025-02-16 01:07:20,089 BTPWorkerThread-4248 (_rx_task) root DEBUG client.py                 71    logger_log                : Read 5 bytes
2025-02-16 01:07:20,109 BTPWorkerThread-4248 (_rx_task) root DEBUG client.py                 71    logger_log                : Received: hdr: Header(svc_id=0x01, op=0x08, ctrl_index=0x00, data_len=0x04) bytearray(b'\x01\x08\x00\x04\x00')
2025-02-16 01:07:20,139 BTPWorkerThread-4248 (_rx_task) root DEBUG client.py                 71    logger_log                : Read 4 bytes data
2025-02-16 01:07:20,159 BTPWorkerThread-4248 (_rx_task) root DEBUG client.py                 71    logger_log                : Received data: {'1b 02 00 00'}, bytearray(b'\x1b\x02\x00\x00')
2025-02-16 01:07:20,189 LT1-thread root DEBUG client.py                 71    logger_log                : received Header(svc_id=1, op=8, ctrl_index=0, data_len=4) (b'\x1b\x02\x00\x00',)
2025-02-16 01:07:20,189 LT1-thread root DEBUG client.py                 71    logger_log                : __gap_current_settings_update (b'\x1b\x02\x00\x00',)
2025-02-16 01:07:20,189 LT1-thread root DEBUG client.py                 71    logger_log                : gap_adv_ind_on {9: b'Tester_25DE2A'} None
2025-02-16 01:07:20,189 LT1-thread root DEBUG client.py                 71    logger_log                : send, 1 10 0 "bytearray(b'\\x0f\\x00\\t\\rTester_25DE2A\\xff\\xff\\xff\\xff\\x00')"
2025-02-16 01:07:20,189 LT1-thread root DEBUG client.py                 71    logger_log                : sending frame '010a0016000f00090d5465737465725f323544453241ffffffff00'
2025-02-16 01:07:20,189 LT1-thread root DEBUG client.py                 71    logger_log                : gap_command_rsp_succ
2025-02-16 01:07:20,189 LT1-thread root DEBUG client.py                 71    logger_log                : read
2025-02-16 01:07:20,269 BTPWorkerThread-4248 (_rx_task) root DEBUG client.py                 71    logger_log                : Read 5 bytes
2025-02-16 01:07:20,289 BTPWorkerThread-4248 (_rx_task) root DEBUG client.py                 71    logger_log                : Received: hdr: Header(svc_id=0x01, op=0x0a, ctrl_index=0x00, data_len=0x04) bytearray(b'\x01\n\x00\x04\x00')
2025-02-16 01:07:20,329 BTPWorkerThread-4248 (_rx_task) root DEBUG client.py                 71    logger_log                : Read 4 bytes data
2025-02-16 01:07:20,349 BTPWorkerThread-4248 (_rx_task) root DEBUG client.py                 71    logger_log                : Received data: {'1b 06 00 00'}, bytearray(b'\x1b\x06\x00\x00')
2025-02-16 01:07:20,379 LT1-thread root DEBUG client.py                 71    logger_log                : received Header(svc_id=1, op=10, ctrl_index=0, data_len=4) (b'\x1b\x06\x00\x00',)
2025-02-16 01:07:20,379 LT1-thread root DEBUG client.py                 71    logger_log                : __gap_current_settings_update (b'\x1b\x06\x00\x00',)
2025-02-16 01:07:20,829 BTPWorkerThread-4248 (_rx_task) root DEBUG client.py                 71    logger_log                : Read 5 bytes
2025-02-16 01:07:20,849 BTPWorkerThread-4248 (_rx_task) root DEBUG client.py                 71    logger_log                : Received: hdr: Header(svc_id=0x01, op=0x82, ctrl_index=0x00, data_len=0x0d) bytearray(b'\x01\x82\x00\r\x00')
2025-02-16 01:07:20,879 BTPWorkerThread-4248 (_rx_task) root DEBUG client.py                 71    logger_log                : Read 13 bytes data
2025-02-16 01:07:20,879 BTPWorkerThread-4248 (_rx_task) root DEBUG client.py                 71    logger_log                : Received data: {'00 2a de 25 e8 07 c0 38 00 00 00 d0 07'}, bytearray(b'\x00*\xde%\xe8\x07\xc08\x00\x00\x00\xd0\x07')
2025-02-16 01:07:20,879 BTPWorkerThread-4248 (_rx_task) root DEBUG client.py                 71    logger_log                : event_handler Header(svc_id=1, op=130, ctrl_index=0, data_len=13) (b'\x00*\xde%\xe8\x07\xc08\x00\x00\x00\xd0\x07',)
2025-02-16 01:07:20,889 BTPWorkerThread-4248 (_rx_task) root DEBUG client.py                 71    logger_log                : gap_connected_ev_ b'\x00*\xde%\xe8\x07\xc08\x00\x00\x00\xd0\x07'
2025-02-16 01:07:20,909 LT1-thread root DEBUG client.py                 71    logger_log                : Sending response 'OK' to wid 1 test case GATT/CL/GAI/BV-01-C
2025-02-16 01:07:20,909 BTPWorkerThread-4248 (_rx_task) root DEBUG client.py                 71    logger_log                : Read 5 bytes
2025-02-16 01:07:20,909 BTPWorkerThread-4248 (_rx_task) root DEBUG client.py                 71    logger_log                : Received: hdr: Header(svc_id=0x01, op=0x80, ctrl_index=0x00, data_len=0x04) bytearray(b'\x01\x80\x00\x04\x00')
2025-02-16 01:07:20,909 BTPWorkerThread-4248 (_rx_task) root DEBUG client.py                 71    logger_log                : Read 4 bytes data
2025-02-16 01:07:20,909 BTPWorkerThread-4248 (_rx_task) root DEBUG client.py                 71    logger_log                : Received data: {'1b 02 00 00'}, bytearray(b'\x1b\x02\x00\x00')
2025-02-16 01:07:20,909 BTPWorkerThread-4248 (_rx_task) root DEBUG client.py                 71    logger_log                : event_handler Header(svc_id=1, op=128, ctrl_index=0, data_len=4) (b'\x1b\x02\x00\x00',)
2025-02-16 01:07:20,909 BTPWorkerThread-4248 (_rx_task) root DEBUG client.py                 71    logger_log                : gap_new_settings_ev_ b'\x1b\x02\x00\x00'
2025-02-16 01:07:20,909 BTPWorkerThread-4248 (_rx_task) root DEBUG client.py                 71    logger_log                : __gap_current_settings_update 539
2025-02-16 01:07:20,909 LT1-thread root DEBUG client.py                 71    logger_log                : ClientCallback.get_result run_test_case
2025-02-16 01:07:26,340 BTPWorkerThread-4248 (_rx_task) root DEBUG client.py                 71    logger_log                : Read 5 bytes
2025-02-16 01:07:26,340 BTPWorkerThread-4248 (_rx_task) root DEBUG client.py                 71    logger_log                : Received: hdr: Header(svc_id=0x01, op=0x88, ctrl_index=0x00, data_len=0x0d) bytearray(b'\x01\x88\x00\r\x00')
2025-02-16 01:07:26,340 BTPWorkerThread-4248 (_rx_task) root DEBUG client.py                 71    logger_log                : Read 13 bytes data
2025-02-16 01:07:26,340 BTPWorkerThread-4248 (_rx_task) root DEBUG client.py                 71    logger_log                : Received data: {'00 2a de 25 e8 07 c0 18 00 00 00 2a 00'}, bytearray(b'\x00*\xde%\xe8\x07\xc0\x18\x00\x00\x00*\x00')
2025-02-16 01:07:26,340 BTPWorkerThread-4248 (_rx_task) root DEBUG client.py                 71    logger_log                : event_handler Header(svc_id=1, op=136, ctrl_index=0, data_len=13) (b'\x00*\xde%\xe8\x07\xc0\x18\x00\x00\x00*\x00',)
2025-02-16 01:07:26,340 BTPWorkerThread-4248 (_rx_task) root DEBUG client.py                 71    logger_log                : gap_conn_param_update_ev_
2025-02-16 01:07:26,340 BTPWorkerThread-4248 (_rx_task) root DEBUG client.py                 71    logger_log                : received b'\x00*\xde%\xe8\x07\xc0\x18\x00\x00\x00*\x00'
2025-02-16 01:07:26,340 BTPWorkerThread-4248 (_rx_task) root DEBUG client.py                 71    logger_log                : received (0, b'c007e825de2a', 24, 0, 42)
2025-02-16 01:07:28,753 BTPWorkerThread-4248 (_rx_task) root DEBUG client.py                 71    logger_log                : Read 5 bytes
2025-02-16 01:07:28,754 BTPWorkerThread-4248 (_rx_task) root DEBUG client.py                 71    logger_log                : Received: hdr: Header(svc_id=0x01, op=0x89, ctrl_index=0x00, data_len=0x08) bytearray(b'\x01\x89\x00\x08\x00')
2025-02-16 01:07:28,754 BTPWorkerThread-4248 (_rx_task) root DEBUG client.py                 71    logger_log                : Read 8 bytes data
2025-02-16 01:07:28,754 BTPWorkerThread-4248 (_rx_task) root DEBUG client.py                 71    logger_log                : Received data: {'00 2a de 25 e8 07 c0 02'}, bytearray(b'\x00*\xde%\xe8\x07\xc0\x02')
2025-02-16 01:07:28,754 BTPWorkerThread-4248 (_rx_task) root DEBUG client.py                 71    logger_log                : event_handler Header(svc_id=1, op=137, ctrl_index=0, data_len=8) (b'\x00*\xde%\xe8\x07\xc0\x02',)
2025-02-16 01:07:28,755 BTPWorkerThread-4248 (_rx_task) root DEBUG client.py                 71    logger_log                : gap_sec_level_changed_ev_
2025-02-16 01:07:28,755 BTPWorkerThread-4248 (_rx_task) root DEBUG client.py                 71    logger_log                : received b'\x00*\xde%\xe8\x07\xc0\x02'
2025-02-16 01:07:28,755 BTPWorkerThread-4248 (_rx_task) root DEBUG client.py                 71    logger_log                : received (0, 'c007e825de2a', 2)
2025-02-16 01:07:28,765 LT1-callback ClientCallback.on_implicit_send INFO client.py                 71    logger_log                : 
    ********************
    BEGIN OnImplicitSend:
    project_name: GATT
    wid: 400
    test_case_name: GATT/CL/GAI/BV-01-C
    description: Please prepare IUT into an L2CAP Credit Based Connection connectable mode using LE signaling channel.

Description: Verify that the Implementation Under Test (IUT) can accept L2CAP_CREDIT_BASED_CONNECTION_REQ from PTS.
    style: MMI_Style_Ok_Cancel2 0x11141
2025-02-16 01:07:28,766 LT1-callback ClientCallback.on_implicit_send INFO client.py                 71    logger_log                : Calling test cases on_implicit_send
2025-02-16 01:07:28,766 LT1-callback ClientCallback.on_implicit_send INFO client.py                 71    logger_log                : 
    on_implicit_send returned response: WAIT
    END OnImplicitSend
    ********************
2025-02-16 01:07:28,950 LT1-thread root DEBUG client.py                 71    logger_log                : GATT GATT/CL/GAI/BV-01-C on_implicit_send
2025-02-16 01:07:28,950 LT1-thread root DEBUG client.py                 71    logger_log                : gatt_wid_hdl, 400, Please prepare IUT into an L2CAP Credit Based Connection connectable mode using LE signaling channel.

Description: Verify that the Implementation Under Test (IUT) can accept L2CAP_CREDIT_BASED_CONNECTION_REQ from PTS., GATT/CL/GAI/BV-01-C
2025-02-16 01:07:28,950 LT1-thread root DEBUG client.py                 71    logger_log                : Sending response 'OK' to wid 400 test case GATT/CL/GAI/BV-01-C
2025-02-16 01:07:28,950 LT1-thread root DEBUG client.py                 71    logger_log                : ClientCallback.get_result run_test_case
2025-02-16 01:07:30,960 BTPWorkerThread-4248 (_rx_task) root DEBUG client.py                 71    logger_log                : Read 5 bytes
2025-02-16 01:07:30,960 BTPWorkerThread-4248 (_rx_task) root DEBUG client.py                 71    logger_log                : Received: hdr: Header(svc_id=0x01, op=0x89, ctrl_index=0x00, data_len=0x08) bytearray(b'\x01\x89\x00\x08\x00')
2025-02-16 01:07:30,960 BTPWorkerThread-4248 (_rx_task) root DEBUG client.py                 71    logger_log                : Read 8 bytes data
2025-02-16 01:07:30,960 BTPWorkerThread-4248 (_rx_task) root DEBUG client.py                 71    logger_log                : Received data: {'00 2a de 25 e8 07 c0 02'}, bytearray(b'\x00*\xde%\xe8\x07\xc0\x02')
2025-02-16 01:07:30,960 BTPWorkerThread-4248 (_rx_task) root DEBUG client.py                 71    logger_log                : event_handler Header(svc_id=1, op=137, ctrl_index=0, data_len=8) (b'\x00*\xde%\xe8\x07\xc0\x02',)
2025-02-16 01:07:30,960 BTPWorkerThread-4248 (_rx_task) root DEBUG client.py                 71    logger_log                : gap_sec_level_changed_ev_
2025-02-16 01:07:30,960 BTPWorkerThread-4248 (_rx_task) root DEBUG client.py                 71    logger_log                : received b'\x00*\xde%\xe8\x07\xc0\x02'
2025-02-16 01:07:30,960 BTPWorkerThread-4248 (_rx_task) root DEBUG client.py                 71    logger_log                : received (0, 'c007e825de2a', 2)
2025-02-16 01:07:35,979 LT1-callback ClientCallback.on_implicit_send INFO client.py                 71    logger_log                : 
    ********************
    BEGIN OnImplicitSend:
    project_name: GATT
    wid: 99
    test_case_name: GATT/CL/GAI/BV-01-C
    description: Please write to client characteristic configuration handle = '01F3'O to enable indication to the PTS. Discover all characteristics if needed.

Description: Verify that the Implementation Under Test (IUT) can receive indication sent from PTS.
    style: MMI_Style_Ok_Cancel2 0x11141
2025-02-16 01:07:35,979 LT1-callback ClientCallback.on_implicit_send INFO client.py                 71    logger_log                : Calling test cases on_implicit_send
2025-02-16 01:07:35,979 LT1-callback ClientCallback.on_implicit_send INFO client.py                 71    logger_log                : 
    on_implicit_send returned response: WAIT
    END OnImplicitSend
    ********************
2025-02-16 01:07:35,989 LT1-thread root DEBUG client.py                 71    logger_log                : GATT GATT/CL/GAI/BV-01-C on_implicit_send
2025-02-16 01:07:35,989 LT1-thread root DEBUG client.py                 71    logger_log                : gatt_wid_hdl, 99, Please write to client characteristic configuration handle = '01F3'O to enable indication to the PTS. Discover all characteristics if needed.

Description: Verify that the Implementation Under Test (IUT) can receive indication sent from PTS., GATT/CL/GAI/BV-01-C
2025-02-16 01:07:35,989 LT1-thread root DEBUG client.py                 71    logger_log                : gattc_cfg_indicate 0 'c007e825de2a', 1, '01F3'
2025-02-16 01:07:35,989 LT1-thread root DEBUG client.py                 71    logger_log                : send, 2 27 0 "bytearray(b'\\x00*\\xde%\\xe8\\x07\\xc0\\x01\\xf3\\x01')"
2025-02-16 01:07:35,989 LT1-thread root DEBUG client.py                 71    logger_log                : sending frame '021b000a00002ade25e807c001f301'
2025-02-16 01:07:35,989 LT1-thread root DEBUG client.py                 71    logger_log                : read
2025-02-16 01:07:36,799 BTPWorkerThread-4248 (_rx_task) root DEBUG client.py                 71    logger_log                : Read 5 bytes
2025-02-16 01:07:36,819 BTPWorkerThread-4248 (_rx_task) root DEBUG client.py                 71    logger_log                : Received: hdr: Header(svc_id=0x02, op=0x1b, ctrl_index=0x00, data_len=0x00) bytearray(b'\x02\x1b\x00\x00\x00')
2025-02-16 01:07:36,829 BTPWorkerThread-4248 (_rx_task) root DEBUG client.py                 71    logger_log                : Received data: {''}, bytearray(b'')
2025-02-16 01:07:36,829 LT1-thread root DEBUG client.py                 71    logger_log                : gattc_cfg_indicate received Header(svc_id=2, op=27, ctrl_index=0, data_len=0) (b'',)
2025-02-16 01:07:36,829 LT1-thread root DEBUG client.py                 71    logger_log                : Sending response 'OK' to wid 99 test case GATT/CL/GAI/BV-01-C
2025-02-16 01:07:36,829 LT1-thread root DEBUG client.py                 71    logger_log                : ClientCallback.get_result run_test_case
2025-02-16 01:07:36,897 BTPWorkerThread-4248 (_rx_task) root DEBUG client.py                 71    logger_log                : Read 5 bytes
2025-02-16 01:07:36,898 BTPWorkerThread-4248 (_rx_task) root DEBUG client.py                 71    logger_log                : Received: hdr: Header(svc_id=0x02, op=0x80, ctrl_index=0x00, data_len=0x11) bytearray(b'\x02\x80\x00\x11\x00')
2025-02-16 01:07:36,898 BTPWorkerThread-4248 (_rx_task) root DEBUG client.py                 71    logger_log                : Read 17 bytes data
2025-02-16 01:07:36,898 BTPWorkerThread-4248 (_rx_task) root DEBUG client.py                 71    logger_log                : Received data: {'00 2a de 25 e8 07 c0 02 f2 01 05 00 01 76 01 00 ff'}, bytearray(b'\x00*\xde%\xe8\x07\xc0\x02\xf2\x01\x05\x00\x01v\x01\x00\xff')
2025-02-16 01:07:36,898 BTPWorkerThread-4248 (_rx_task) root DEBUG client.py                 71    logger_log                : event_handler Header(svc_id=2, op=128, ctrl_index=0, data_len=17) (b'\x00*\xde%\xe8\x07\xc0\x02\xf2\x01\x05\x00\x01v\x01\x00\xff',)
2025-02-16 01:07:36,899 BTPWorkerThread-4248 (_rx_task) root DEBUG client.py                 71    logger_log                : gatt_notification_ev_ 0 'c007e825de2a' 2 498 b'\x01v\x01\x00\xff'
2025-02-16 01:07:38,179 LT1-callback ClientCallback.on_implicit_send INFO client.py                 71    logger_log                : 
    ********************
    BEGIN OnImplicitSend:
    project_name: GATT
    wid: 95
    test_case_name: GATT/CL/GAI/BV-01-C
    description: Please confirm IUT received indication from PTS. Click YES if received, otherwise NO.

Description: Verify that the Implementation Under Test (IUT) can receive indication send from PTS.
    style: MMI_Style_Yes_No1 0x11044
2025-02-16 01:07:38,179 LT1-callback ClientCallback.on_implicit_send INFO client.py                 71    logger_log                : Calling test cases on_implicit_send
2025-02-16 01:07:38,179 LT1-callback ClientCallback.on_implicit_send INFO client.py                 71    logger_log                : 
    on_implicit_send returned response: WAIT
    END OnImplicitSend
    ********************
2025-02-16 01:07:38,189 BTPWorkerThread-4248 (_rx_task) root DEBUG client.py                 71    logger_log                : Read 5 bytes
2025-02-16 01:07:38,189 BTPWorkerThread-4248 (_rx_task) root DEBUG client.py                 71    logger_log                : Received: hdr: Header(svc_id=0x01, op=0x83, ctrl_index=0x00, data_len=0x07) bytearray(b'\x01\x83\x00\x07\x00')
2025-02-16 01:07:38,189 BTPWorkerThread-4248 (_rx_task) root DEBUG client.py                 71    logger_log                : Read 7 bytes data
2025-02-16 01:07:38,189 BTPWorkerThread-4248 (_rx_task) root DEBUG client.py                 71    logger_log                : Received data: {'00 2a de 25 e8 07 c0'}, bytearray(b'\x00*\xde%\xe8\x07\xc0')
2025-02-16 01:07:38,189 BTPWorkerThread-4248 (_rx_task) root DEBUG client.py                 71    logger_log                : event_handler Header(svc_id=1, op=131, ctrl_index=0, data_len=7) (b'\x00*\xde%\xe8\x07\xc0',)
2025-02-16 01:07:38,189 BTPWorkerThread-4248 (_rx_task) root DEBUG client.py                 71    logger_log                : gap_disconnected_ev_ b'\x00*\xde%\xe8\x07\xc0'
2025-02-16 01:07:38,839 LT1-thread root DEBUG client.py                 71    logger_log                : GATT GATT/CL/GAI/BV-01-C on_implicit_send
2025-02-16 01:07:38,839 LT1-thread root DEBUG client.py                 71    logger_log                : gatt_wid_hdl, 95, Please confirm IUT received indication from PTS. Click YES if received, otherwise NO.

Description: Verify that the Implementation Under Test (IUT) can receive indication send from PTS., GATT/CL/GAI/BV-01-C
2025-02-16 01:07:38,839 LT1-thread root DEBUG client.py                 71    logger_log                : Sending response 'Yes' to wid 95 test case GATT/CL/GAI/BV-01-C
2025-02-16 01:07:38,839 LT1-thread root DEBUG client.py                 71    logger_log                : ClientCallback.get_result run_test_case
2025-02-16 01:07:42,389 LT1-callback ClientCallback.log INFO client.py                 71    logger_log                : PTS_LOGTYPE_START_TEST Start Test Case 

+2016 ms
 GATT/CL/GAI/BV-01-C GATT/CL/GAI/BV-01-C

2025-02-16 01:07:43,069 LT1-callback ClientCallback.log INFO client.py                 71    logger_log                : PTS_LOGTYPE_FINAL_VERDICT Final Verdict 

+26000 ms
 GATT/CL/GAI/BV-01-C PASS

2025-02-16 01:07:43,069 LT1-callback ClientCallback.log INFO client.py                 71    logger_log                : PTS_LOGTYPE_FINAL_VERDICT Encrypted Verdict 

+26000 ms
 GATT/CL/GAI/BV-01-C A1#ZWY4MzQ5MDg3MmQwNTIxOGQzMzQ5YjY2ODA5M2MzNjQ5ZDY4NmY0Yjc2MzIzM2VkNTUyNTFhNGU4Mjg1MjI0NA==#Jx/g46+QHa/6xMDBUWX8ZFUYVpeEBP9+L++wK1BQt7t0HDR5a4jK0qsNYMr/YCMX

2025-02-16 01:07:43,079 LT1-callback ClientCallback.log INFO client.py                 71    logger_log                : PTS_LOGTYPE_END_TEST Test Case Ended 

+26016 ms
 GATT/CL/GAI/BV-01-C GATT/CL/GAI/BV-01-C

2025-02-16 01:07:43,199 LT1-callback root DEBUG client.py                 71    logger_log                : ClientCallback, set_result, run_test_case, PASS
2025-02-16 01:07:43,199 LT1-thread root DEBUG client.py                 71    logger_log                : After run_test_case error_code=0 status='PASS'
2025-02-16 01:07:43,199 LT1-thread root DEBUG client.py                 71    logger_log                : post_run GATT GATT/CL/GAI/BV-01-C 0
2025-02-16 01:07:43,199 LT1-thread root DEBUG client.py                 71    logger_log                : Starting test function: class=<class 'autopts.ptsprojects.testcase.TestFuncCleanUp'>, func=<bound method Stack.cleanup of <autopts.ptsprojects.stack.stack.Stack object at 0x0000020D6A103FD0>> start_wid=None stop_wid=None post_wid=None skip_call=None call_count=1 args=() kwds={}
2025-02-16 01:07:43,199 LT1-thread root DEBUG client.py                 71    logger_log                : Test function parameters: args=(), kwds={}
2025-02-16 01:07:43,199 LT1-thread root DEBUG client.py                 71    logger_log                : Starting test function: class=<class 'autopts.ptsprojects.testcase.TestFuncCleanUp'>, func=<bound method ZephyrCtl.stop of <autopts.ptsprojects.zephyr.iutctl.ZephyrCtl object at 0x0000020D66F4B710>> start_wid=None stop_wid=None post_wid=None skip_call=None call_count=1 args=() kwds={}
2025-02-16 01:07:43,199 LT1-thread root DEBUG client.py                 71    logger_log                : Test function parameters: args=(), kwds={}
2025-02-16 01:07:43,199 LT1-thread root DEBUG client.py                 71    logger_log                : <class 'autopts.ptsprojects.zephyr.iutctl.ZephyrCtl'>.stop
2025-02-16 01:07:43,199 LT1-thread root DEBUG client.py                 71    logger_log                : About to reset DUT: JLink -CommandFile reset.jlink -usb 1064371884 -device MCXW716
2025-02-16 01:07:43,665 BTPWorkerThread-4248 (_rx_task) root DEBUG client.py                 71    logger_log                : Read 5 bytes
2025-02-16 01:07:43,685 BTPWorkerThread-4248 (_rx_task) root DEBUG client.py                 71    logger_log                : Received: hdr: Header(svc_id=0x00, op=0x80, ctrl_index=0xff, data_len=0x00) bytearray(b'\x00\x80\xff\x00\x00')
2025-02-16 01:07:43,705 BTPWorkerThread-4248 (_rx_task) root DEBUG client.py                 71    logger_log                : Received data: {''}, bytearray(b'')
2025-02-16 01:07:43,735 BTPWorkerThread-4248 (_rx_task) root DEBUG client.py                 71    logger_log                : event_handler Header(svc_id=0, op=128, ctrl_index=255, data_len=0) (b'',)
2025-02-16 01:07:43,755 BTPWorkerThread-4248 (_rx_task) root DEBUG client.py                 71    logger_log                : core_iut_ready_ev
2025-02-16 01:07:43,775 LT1-thread root DEBUG client.py                 71    logger_log                : IUT ready event received OK
2025-02-16 01:07:43,775 LT1-thread root DEBUG client.py                 71    logger_log                : Waiting for _rx_worker to finish ...
2025-02-16 01:07:44,776 BTPWorkerThread-4248 (_rx_task) root DEBUG client.py                 71    logger_log                : BTPWorkerThread-4248 (_rx_task) finishing...
2025-02-16 01:07:44,776 LT1-thread root DEBUG client.py                 71    logger_log                : Waiting for _rx_worker to finish ...
2025-02-16 01:07:47,782 LT1-thread root DEBUG client.py                 71    logger_log                : post_run, cleanup running post test case script
2025-02-16 01:07:47,782 LT1-thread root DEBUG client.py                 71    logger_log                : post_run, run post test case script
2025-02-16 01:07:47,902 LT1-thread root DEBUG client.py                 71    logger_log                : Done TestCase _run_test_case GATT GATT/CL/GAI/BV-01-C
