16:50:06:136    > BTP_CORE_CMD_REGISTER_SERVICE (0x00|0x03|0xff)
                  raw data (1): 00 03 ff 01 00|01
16:50:09:954    < BTP_CORE_CMD_REGISTER_SERVICE (0x00|0x03|0xff)
                  raw data (0): 00 03 ff 00 00|
16:50:10:003    > BTP_GAP_CMD_READ_SUPPORTED_COMMANDS (0x01|0x01|0xff)
                  raw data (0): 01 01 ff 00 00|
16:50:10:210    < BTP_GAP_CMD_READ_SUPPORTED_COMMANDS (0x01|0x01|0xff)
                  raw data (6): 01 01 ff 06 00|6e ff 7f 1f fe f7
16:50:10:258    > BTP_CORE_CMD_REGISTER_SERVICE (0x00|0x03|0xff)
                  raw data (3): 00 03 ff 01 00|03
16:50:10:401    < BTP_CORE_CMD_REGISTER_SERVICE (0x00|0x03|0xff)
                  raw data (0): 00 03 ff 00 00|
16:50:10:449    > BTP_L2CAP_CMD_READ_SUPPORTED_COMMANDS (0x03|0x01|0xff)
                  raw data (0): 03 01 ff 00 00|
16:50:10:651    < BTP_L2CAP_CMD_READ_SUPPORTED_COMMANDS (0x03|0x01|0xff)
                  raw data (2): 03 01 ff 02 00|be 03
16:50:10:699    > BTP_GAP_CMD_READ_CONTROLLER_INFO (0x01|0x03|0x00)
                  raw data (0): 01 03 00 00 00|
16:50:10:888    < BTP_GAP_CMD_READ_CONTROLLER_INFO (0x01|0x03|0x00)
                  raw data (277): 
                  01 03 00 15 01|19 78 ee 69 17 d0 d3 06 02 00 13 
                  02 00 00 00 00 00 62 74 70 5f 74 65 73 74 65 72 
                  00 00 00 00 00 00 00 00 00 00 00 00 00 00 00 00 
                  00 00 00 00 00 00 00 00 00 00 00 00 00 00 00 00 
                  00 00 00 00 00 00 00 00 00 00 00 00 00 00 00 00 
                  00 00 00 00 00 00 00 00 00 00 00 00 00 00 00 00 
                  00 00 00 00 00 00 00 00 00 00 00 00 00 00 00 00 
                  00 00 00 00 00 00 00 00 00 00 00 00 00 00 00 00 
                  00 00 00 00 00 00 00 00 00 00 00 00 00 00 00 00 
                  00 00 00 00 00 00 00 00 00 00 00 00 00 00 00 00 
                  00 00 00 00 00 00 00 00 00 00 00 00 00 00 00 00 
                  00 00 00 00 00 00 00 00 00 00 00 00 00 00 00 00 
                  00 00 00 00 00 00 00 00 00 00 00 00 00 00 00 00 
                  00 00 00 00 00 00 00 00 00 00 00 00 00 00 00 00 
                  00 00 00 00 00 00 00 00 00 00 00 00 00 00 00 00 
                  00 00 00 00 00 00 00 00 00 00 00 00 00 00 00 00 
                  00 00 00 00 00 00 00 00 00 00 00 00 00 00 00 00 
                  00 00 00 00 00 00 00 00 00 00
16:50:10:895    > BTP_CORE_CMD_REGISTER_SERVICE (0x00|0x03|0xff)
                  raw data (33): 00 03 ff 01 00|21
16:50:11:048    < BTP_CORE_CMD_REGISTER_SERVICE (0x00|0x03|0xff)
                  raw data (0): 00 03 ff 00 00|
16:50:11:097    > BTP_HFP_CMD_READ_SUPPORTED_COMMANDS (0x21|0x01|0xff)
                  raw data (0): 21 01 ff 00 00|
16:50:11:304    < BTP_HFP_CMD_READ_SUPPORTED_COMMANDS (0x21|0x01|0xff)
                  raw data (5): 21 01 ff 05 00|fe ff ff ff 7f
16:50:13:363    > BTP_GAP_CMD_CONNECT (0x01|0x0e|0x00)
                  raw data (8): 01 0e 00 08 00|e0 4e e4 08 dc 1b 00 00
16:50:13:488    < BTP_GAP_CMD_CONNECT (0x01|0x0e|0x00)
                  raw data (0): 01 0e 00 00 00|
16:50:16:332    < BTP_GAP_EV_DEVICE_CONNECTED (0x01|0x82|0x00)
                  raw data (13): 
                  01 82 00 0d 00|e0 4e e4 08 dc 1b 00 00 00 00 00 
                  00 00
16:50:16:444    > BTP_GAP_CMD_PAIR (0x01|0x11|0x00)
                  raw data (7): 01 11 00 07 00|e0 4e e4 08 dc 1b 00
16:50:16:587    < BTP_GAP_CMD_PAIR (0x01|0x11|0x00)
                  raw data (0): 01 11 00 00 00|
16:50:16:634    > BTP_HFP_CMD_ENABLE_SLC (0x21|0x02|0x00)
                  raw data (10): 21 02 00 0a 00|e0 4e e4 08 dc 1b 00 01 01 00
16:50:16:762    < BTP_HFP_CMD_ENABLE_SLC (0x21|0x02|0x00)
                  raw data (0): 21 02 00 00 00|
16:50:17:291    < BTP_GAP_EV_ENCRYPTION_CHANGE (0x01|0x91|0x00)
                  raw data (9): 01 91 00 09 00|e0 4e e4 08 dc 1b 00 01 10
16:50:17:292    < BTP_GAP_EV_SEC_LEVEL_CHANGED (0x01|0x89|0x00)
                  raw data (8): 01 89 00 08 00|e0 4e e4 08 dc 1b 00 02
16:50:17:816    > BTP_HFP_CMD_CONTROL (0x21|0x05|0x00)
                  raw data (3): 21 05 00 03 00|2c 00 00
16:50:17:960    < BTP_HFP_CMD_CONTROL (0x21|0x05|0x00)
                  raw data (0): 21 05 00 00 00|
16:50:18:073    < BTP_HFP_EV_NEW_CALL (0x21|0x83|0x00)
                  raw data (12): 
                  21 83 00 0c 00|00 00 00 08 31 32 33 34 35 36 37 
                  38
16:50:18:135    < BTP_HFP_EV_SCO_CONNECTED (0x21|0x81|0x00)
                  raw data (0): 21 81 00 00 00|
16:50:19:026    > BTP_HFP_CMD_CONTROL (0x21|0x05|0x00)
                  raw data (3): 21 05 00 03 00|26 00 00
16:50:19:180    < BTP_HFP_CMD_CONTROL (0x21|0x05|0x00)
                  raw data (0): 21 05 00 00 00|
16:50:19:228    > BTP_HFP_CMD_CONTROL (0x21|0x05|0x00)
                  raw data (3): 21 05 00 03 00|04 00 00
16:50:19:228    < BTP_HFP_EV_CALL_STATUS (0x21|0x84|0x00)
                  raw data (2): 21 84 00 02 00|00 03
16:50:19:369    < BTP_HFP_CMD_CONTROL (0x21|0x05|0x00)
                  raw data (0): 21 05 00 00 00|
16:50:19:418    < BTP_HFP_EV_CALL_STATUS (0x21|0x84|0x00)
                  raw data (2): 21 84 00 02 00|00 00
16:50:39:296    < BTP_HFP_EV_SCO_DISCONNECTED (0x21|0x82|0x00)
                  raw data (0): 21 82 00 00 00|
16:50:39:488    < BTP_GAP_EV_DEVICE_DISCONNECTED (0x01|0x83|0x00)
                  raw data (7): 01 83 00 07 00|e0 4e e4 08 dc 1b 00
16:51:39:217    < BTP_CORE_EV_IUT_READY (0x00|0x80|0xff)
                  raw data (0): 00 80 ff 00 00|
