2025-12-02 18:23:02,544 LT1-thread root DEBUG client.py                 82    logger_log                : Starting TestCase _run_test_case HFP HFP/HF/ACS/BI-13-C
2025-12-02 18:23:02,545 LT1-thread root DEBUG client.py                 82    logger_log                : pre_run HFP HFP/HF/ACS/BI-13-C
2025-12-02 18:23:02,545 LT1-thread root DEBUG client.py                 82    logger_log                : About to run test case HFP HFP/HF/ACS/BI-13-C with commands:
2025-12-02 18:23:02,545 LT1-thread root DEBUG client.py                 82    logger_log                : 0) class=<class 'autopts.ptsprojects.testcase.TestFunc'>, func=<bound method Stack.core_init of <autopts.ptsprojects.stack.stack.Stack object at 0x000001F5FA8D3620>> start_wid=None stop_wid=None post_wid=None skip_call=None call_count=0 args=() kwds={}
2025-12-02 18:23:02,546 LT1-thread root DEBUG client.py                 82    logger_log                : 1) class=<class 'autopts.ptsprojects.testcase.TestFunc'>, func=<bound method IutCtl.start of <autopts.ptsprojects.zephyr.iutctl.ZephyrCtl object at 0x000001F5FE1407D0>> start_wid=None stop_wid=None post_wid=None skip_call=None call_count=0 args=(<autopts.ptsprojects.zephyr.ztestcase.ZTestCase object at 0x000001F5FFC67E00>,) kwds={}
2025-12-02 18:23:02,546 LT1-thread root DEBUG client.py                 82    logger_log                : 2) class=<class 'autopts.ptsprojects.testcase.TestFunc'>, func=<bound method IutCtl.wait_iut_ready_event of <autopts.ptsprojects.zephyr.iutctl.ZephyrCtl object at 0x000001F5FE1407D0>> start_wid=None stop_wid=None post_wid=None skip_call=None call_count=0 args=(False,) kwds={}
2025-12-02 18:23:02,546 LT1-thread root DEBUG client.py                 82    logger_log                : 3) class=<class 'autopts.ptsprojects.testcase.TestFunc'>, func=<function core_reg_svc_gap at 0x000001F5FBF8B600> start_wid=None stop_wid=None post_wid=None skip_call=None call_count=182 args=() kwds={}
2025-12-02 18:23:02,546 LT1-thread root DEBUG client.py                 82    logger_log                : 4) class=<class 'autopts.ptsprojects.testcase.TestFunc'>, func=<function core_reg_svc_l2cap at 0x000001F5FBF8B880> start_wid=None stop_wid=None post_wid=None skip_call=None call_count=178 args=() kwds={}
2025-12-02 18:23:02,546 LT1-thread root DEBUG client.py                 82    logger_log                : 5) class=<class 'autopts.ptsprojects.testcase.TestFunc'>, func=<bound method Stack.gap_init of <autopts.ptsprojects.stack.stack.Stack object at 0x000001F5FA8D3620>> start_wid=None stop_wid=None post_wid=None skip_call=None call_count=178 args=(b'Tester_08E44E',) kwds={}
2025-12-02 18:23:02,546 LT1-thread root DEBUG client.py                 82    logger_log                : 6) class=<class 'autopts.ptsprojects.testcase.TestFunc'>, func=<function gap_read_ctrl_info at 0x000001F5FC44DF80> start_wid=None stop_wid=None post_wid=None skip_call=None call_count=178 args=() kwds={}
2025-12-02 18:23:02,546 LT1-thread root DEBUG client.py                 82    logger_log                : 7) class=<class 'autopts.ptsprojects.testcase.TestFunc'>, func=<function test_cases.<locals>.<lambda> at 0x000001F5FFC22020> start_wid=None stop_wid=None post_wid=None skip_call=None call_count=178 args=() kwds={}
2025-12-02 18:23:02,546 LT1-thread root DEBUG client.py                 82    logger_log                : 8) class=<class 'autopts.ptsprojects.testcase.TestFunc'>, func=<function set_pts_addr at 0x000001F5FBF8B1A0> start_wid=None stop_wid=None post_wid=None skip_call=None call_count=178 args=('00:1B:DC:08:E4:4E', 0) kwds={}
2025-12-02 18:23:02,546 LT1-thread root DEBUG client.py                 82    logger_log                : 9) class=<class 'autopts.ptsprojects.testcase.TestFunc'>, func=<function core_reg_svc_hfp at 0x000001F5FC420CC0> start_wid=None stop_wid=None post_wid=None skip_call=None call_count=178 args=() kwds={}
2025-12-02 18:23:02,547 LT1-thread root DEBUG client.py                 82    logger_log                : 10) class=<class 'autopts.ptsprojects.testcase.TestFunc'>, func=<bound method Stack.hfp_init of <autopts.ptsprojects.stack.stack.Stack object at 0x000001F5FA8D3620>> start_wid=None stop_wid=None post_wid=None skip_call=None call_count=178 args=() kwds={}
2025-12-02 18:23:02,547 LT1-thread root DEBUG client.py                 82    logger_log                : 11) class=<class 'autopts.ptsprojects.testcase.TestFunc'>, func=<function hfp_hf_register at 0x000001F5FC5019E0> start_wid=None stop_wid=None post_wid=None skip_call=None call_count=0 args=() kwds={}
2025-12-02 18:23:02,547 LT1-thread root DEBUG client.py                 82    logger_log                : 12) class=<class 'autopts.ptsprojects.testcase.TestFunc'>, func=<function gap_set_conn at 0x000001F5FC44D8A0> start_wid=None stop_wid=None post_wid=None skip_call=None call_count=0 args=() kwds={}
2025-12-02 18:23:02,547 LT1-thread root DEBUG client.py                 82    logger_log                : 13) class=<class 'autopts.ptsprojects.testcase.TestFunc'>, func=<function gap_set_gendiscov at 0x000001F5FC44DA80> start_wid=None stop_wid=None post_wid=None skip_call=None call_count=0 args=() kwds={}
2025-12-02 18:23:02,547 LT1-thread root DEBUG client.py                 82    logger_log                : 14) class=<class 'autopts.ptsprojects.testcase.TestFuncCleanUp'>, func=<bound method Stack.cleanup of <autopts.ptsprojects.stack.stack.Stack object at 0x000001F5FA8D3620>> start_wid=None stop_wid=None post_wid=None skip_call=None call_count=0 args=() kwds={}
2025-12-02 18:23:02,547 LT1-thread root DEBUG client.py                 82    logger_log                : 15) class=<class 'autopts.ptsprojects.testcase.TestFuncCleanUp'>, func=<bound method ZephyrCtl.stop of <autopts.ptsprojects.zephyr.iutctl.ZephyrCtl object at 0x000001F5FE1407D0>> start_wid=None stop_wid=None post_wid=None skip_call=None call_count=0 args=() kwds={}
2025-12-02 18:23:02,547 LT1-thread root DEBUG client.py                 82    logger_log                : pre_run, run pre test case script
2025-12-02 18:23:02,558 LT1-thread root DEBUG client.py                 82    logger_log                : Starting test function: class=<class 'autopts.ptsprojects.testcase.TestFunc'>, func=<bound method Stack.core_init of <autopts.ptsprojects.stack.stack.Stack object at 0x000001F5FA8D3620>> start_wid=None stop_wid=None post_wid=None skip_call=None call_count=1 args=() kwds={}
2025-12-02 18:23:02,558 LT1-thread root DEBUG client.py                 82    logger_log                : Test function parameters: args=(), kwds={}
2025-12-02 18:23:02,559 LT1-thread root DEBUG client.py                 82    logger_log                : Starting test function: class=<class 'autopts.ptsprojects.testcase.TestFunc'>, func=<bound method IutCtl.start of <autopts.ptsprojects.zephyr.iutctl.ZephyrCtl object at 0x000001F5FE1407D0>> start_wid=None stop_wid=None post_wid=None skip_call=None call_count=1 args=(<autopts.ptsprojects.zephyr.ztestcase.ZTestCase object at 0x000001F5FFC67E00>,) kwds={}
2025-12-02 18:23:02,559 LT1-thread root DEBUG client.py                 82    logger_log                : Test function parameters: args=(<autopts.ptsprojects.zephyr.ztestcase.ZTestCase object at 0x000001F5FFC67E00>,), kwds={}
2025-12-02 18:23:02,559 LT1-thread root DEBUG client.py                 82    logger_log                : <class 'autopts.ptsprojects.zephyr.iutctl.ZephyrCtl'>.start
2025-12-02 18:23:02,560 LT1-thread root DEBUG client.py                 82    logger_log                : <class 'autopts.ptsprojects.zephyr.iutctl.ZephyrCtl'>.flush_serial
2025-12-02 18:23:03,825 LT1-thread root DEBUG client.py                 82    logger_log                : Starting socat process: socat.exe -x -v tcp:10.17.12.9:49160,retry=100,interval=1 /dev/ttyS2,raw,b115200,
2025-12-02 18:23:03,837 LT1-thread root DEBUG client.py                 82    logger_log                : accept
2025-12-02 18:23:03,953 BTPWorkerThread-3377 (_rx_task) root DEBUG client.py                 82    logger_log                : BTPWorkerThread-3377 (_rx_task) started
2025-12-02 18:23:03,953 LT1-thread root DEBUG client.py                 82    logger_log                : Starting test function: class=<class 'autopts.ptsprojects.testcase.TestFunc'>, func=<bound method IutCtl.wait_iut_ready_event of <autopts.ptsprojects.zephyr.iutctl.ZephyrCtl object at 0x000001F5FE1407D0>> start_wid=None stop_wid=None post_wid=None skip_call=None call_count=1 args=(False,) kwds={}
2025-12-02 18:23:03,953 LT1-thread root DEBUG client.py                 82    logger_log                : Test function parameters: args=(False,), kwds={}
2025-12-02 18:23:03,954 LT1-thread root DEBUG client.py                 82    logger_log                : IUT ready event received OK
2025-12-02 18:23:03,955 LT1-thread root DEBUG client.py                 82    logger_log                : Starting test function: class=<class 'autopts.ptsprojects.testcase.TestFunc'>, func=<function core_reg_svc_gap at 0x000001F5FBF8B600> start_wid=None stop_wid=None post_wid=None skip_call=None call_count=183 args=() kwds={}
2025-12-02 18:23:03,955 LT1-thread root DEBUG client.py                 82    logger_log                : Test function parameters: args=(), kwds={}
2025-12-02 18:23:03,955 LT1-thread root DEBUG client.py                 82    logger_log                : core_reg_svc_univ: gap_reg (GAP)
2025-12-02 18:23:03,955 LT1-thread root DEBUG client.py                 82    logger_log                : send, 0 3 255 '1'
2025-12-02 18:23:03,955 LT1-thread root DEBUG client.py                 82    logger_log                : sending frame '0003ff010001'
2025-12-02 18:23:03,956 LT1-thread root DEBUG client.py                 82    logger_log                : core_reg_svc_rsp_succ
2025-12-02 18:23:03,956 LT1-thread root DEBUG client.py                 82    logger_log                : read
2025-12-02 18:23:07,689 BTPWorkerThread-3377 (_rx_task) root DEBUG client.py                 82    logger_log                : Read 5 bytes
2025-12-02 18:23:07,721 BTPWorkerThread-3377 (_rx_task) root DEBUG client.py                 82    logger_log                : Received: hdr: Header(svc_id=0x00, op=0x03, ctrl_index=0xff, data_len=0x00) bytearray(b'\x00\x03\xff\x00\x00')
2025-12-02 18:23:07,752 BTPWorkerThread-3377 (_rx_task) root DEBUG client.py                 82    logger_log                : Received data: {''}, bytearray(b'')
2025-12-02 18:23:07,799 LT1-thread root DEBUG client.py                 82    logger_log                : received Header(svc_id=0, op=3, ctrl_index=255, data_len=0) (b'',)
2025-12-02 18:23:07,799 LT1-thread root DEBUG client.py                 82    logger_log                : expected ((0, 3, 255, 0), (b'',))
2025-12-02 18:23:07,799 LT1-thread root DEBUG client.py                 82    logger_log                : response is valid
2025-12-02 18:23:07,799 LT1-thread root DEBUG client.py                 82    logger_log                : Reading supported commands for service: GAP
2025-12-02 18:23:07,799 LT1-thread root DEBUG client.py                 82    logger_log                : send, 1 1 255 ''
2025-12-02 18:23:07,799 LT1-thread root DEBUG client.py                 82    logger_log                : sending frame '0101ff0000'
2025-12-02 18:23:07,800 LT1-thread root DEBUG client.py                 82    logger_log                : read
2025-12-02 18:23:07,879 BTPWorkerThread-3377 (_rx_task) root DEBUG client.py                 82    logger_log                : Read 5 bytes
2025-12-02 18:23:07,910 BTPWorkerThread-3377 (_rx_task) root DEBUG client.py                 82    logger_log                : Received: hdr: Header(svc_id=0x01, op=0x01, ctrl_index=0xff, data_len=0x06) bytearray(b'\x01\x01\xff\x06\x00')
2025-12-02 18:23:07,957 BTPWorkerThread-3377 (_rx_task) root DEBUG client.py                 82    logger_log                : Read 6 bytes data
2025-12-02 18:23:07,989 BTPWorkerThread-3377 (_rx_task) root DEBUG client.py                 82    logger_log                : Received data: {'6e ff 7f 1f fe f7'}, bytearray(b'n\xff\x7f\x1f\xfe\xf7')
2025-12-02 18:23:08,037 LT1-thread root DEBUG client.py                 82    logger_log                : Starting test function: class=<class 'autopts.ptsprojects.testcase.TestFunc'>, func=<function core_reg_svc_l2cap at 0x000001F5FBF8B880> start_wid=None stop_wid=None post_wid=None skip_call=None call_count=179 args=() kwds={}
2025-12-02 18:23:08,037 LT1-thread root DEBUG client.py                 82    logger_log                : Test function parameters: args=(), kwds={}
2025-12-02 18:23:08,037 LT1-thread root DEBUG client.py                 82    logger_log                : core_reg_svc_univ: l2cap_reg (L2CAP)
2025-12-02 18:23:08,037 LT1-thread root DEBUG client.py                 82    logger_log                : send, 0 3 255 '3'
2025-12-02 18:23:08,037 LT1-thread root DEBUG client.py                 82    logger_log                : sending frame '0003ff010003'
2025-12-02 18:23:08,038 LT1-thread root DEBUG client.py                 82    logger_log                : core_reg_svc_rsp_succ
2025-12-02 18:23:08,038 LT1-thread root DEBUG client.py                 82    logger_log                : read
2025-12-02 18:23:08,101 BTPWorkerThread-3377 (_rx_task) root DEBUG client.py                 82    logger_log                : Read 5 bytes
2025-12-02 18:23:08,133 BTPWorkerThread-3377 (_rx_task) root DEBUG client.py                 82    logger_log                : Received: hdr: Header(svc_id=0x00, op=0x03, ctrl_index=0xff, data_len=0x00) bytearray(b'\x00\x03\xff\x00\x00')
2025-12-02 18:23:08,165 BTPWorkerThread-3377 (_rx_task) root DEBUG client.py                 82    logger_log                : Received data: {''}, bytearray(b'')
2025-12-02 18:23:08,212 LT1-thread root DEBUG client.py                 82    logger_log                : received Header(svc_id=0, op=3, ctrl_index=255, data_len=0) (b'',)
2025-12-02 18:23:08,212 LT1-thread root DEBUG client.py                 82    logger_log                : expected ((0, 3, 255, 0), (b'',))
2025-12-02 18:23:08,212 LT1-thread root DEBUG client.py                 82    logger_log                : response is valid
2025-12-02 18:23:08,212 LT1-thread root DEBUG client.py                 82    logger_log                : Reading supported commands for service: L2CAP
2025-12-02 18:23:08,212 LT1-thread root DEBUG client.py                 82    logger_log                : send, 3 1 255 ''
2025-12-02 18:23:08,212 LT1-thread root DEBUG client.py                 82    logger_log                : sending frame '0301ff0000'
2025-12-02 18:23:08,213 LT1-thread root DEBUG client.py                 82    logger_log                : read
2025-12-02 18:23:08,275 BTPWorkerThread-3377 (_rx_task) root DEBUG client.py                 82    logger_log                : Read 5 bytes
2025-12-02 18:23:08,307 BTPWorkerThread-3377 (_rx_task) root DEBUG client.py                 82    logger_log                : Received: hdr: Header(svc_id=0x03, op=0x01, ctrl_index=0xff, data_len=0x02) bytearray(b'\x03\x01\xff\x02\x00')
2025-12-02 18:23:08,371 BTPWorkerThread-3377 (_rx_task) root DEBUG client.py                 82    logger_log                : Read 2 bytes data
2025-12-02 18:23:08,401 BTPWorkerThread-3377 (_rx_task) root DEBUG client.py                 82    logger_log                : Received data: {'be 03'}, bytearray(b'\xbe\x03')
2025-12-02 18:23:08,433 LT1-thread root DEBUG client.py                 82    logger_log                : Starting test function: class=<class 'autopts.ptsprojects.testcase.TestFunc'>, func=<bound method Stack.gap_init of <autopts.ptsprojects.stack.stack.Stack object at 0x000001F5FA8D3620>> start_wid=None stop_wid=None post_wid=None skip_call=None call_count=179 args=(b'Tester_08E44E',) kwds={}
2025-12-02 18:23:08,433 LT1-thread root DEBUG client.py                 82    logger_log                : Test function parameters: args=(b'Tester_08E44E',), kwds={}
2025-12-02 18:23:08,433 LT1-thread root DEBUG client.py                 82    logger_log                : Starting test function: class=<class 'autopts.ptsprojects.testcase.TestFunc'>, func=<function gap_read_ctrl_info at 0x000001F5FC44DF80> start_wid=None stop_wid=None post_wid=None skip_call=None call_count=179 args=() kwds={}
2025-12-02 18:23:08,433 LT1-thread root DEBUG client.py                 82    logger_log                : Test function parameters: args=(), kwds={}
2025-12-02 18:23:08,434 LT1-thread root DEBUG client.py                 82    logger_log                : gap_read_ctrl_info
2025-12-02 18:23:08,434 LT1-thread root DEBUG client.py                 82    logger_log                : send, 1 3 0 ''
2025-12-02 18:23:08,434 LT1-thread root DEBUG client.py                 82    logger_log                : sending frame '0103000000'
2025-12-02 18:23:08,434 LT1-thread root DEBUG client.py                 82    logger_log                : read
2025-12-02 18:23:08,511 BTPWorkerThread-3377 (_rx_task) root DEBUG client.py                 82    logger_log                : Read 5 bytes
2025-12-02 18:23:08,543 BTPWorkerThread-3377 (_rx_task) root DEBUG client.py                 82    logger_log                : Received: hdr: Header(svc_id=0x01, op=0x03, ctrl_index=0x00, data_len=0x115) bytearray(b'\x01\x03\x00\x15\x01')
2025-12-02 18:23:08,607 BTPWorkerThread-3377 (_rx_task) root DEBUG client.py                 82    logger_log                : Read 277 bytes data
2025-12-02 18:23:08,639 BTPWorkerThread-3377 (_rx_task) root DEBUG client.py                 82    logger_log                : Received data: {'19 78 ee 69 17 d0 d3 06 02 00 13 02 00 00 00 00 00 62 74 70 5f 74 65 73 74 65 72 00 00 00 00 00 00 00 00 00 00 00 00 00 00 00 00 00 00 00 00 00 00 00 00 00 00 00 00 00 00 00 00 00 00 00 00 00 00 00 00 00 00 00 00 00 00 00 00 00 00 00 00 00 00 00 00 00 00 00 00 00 00 00 00 00 00 00 00 00 00 00 00 00 00 00 00 00 00 00 00 00 00 00 00 00 00 00 00 00 00 00 00 00 00 00 00 00 00 00 00 00 00 00 00 00 00 00 00 00 00 00 00 00 00 00 00 00 00 00 00 00 00 00 00 00 00 00 00 00 00 00 00 00 00 00 00 00 00 00 00 00 00 00 00 00 00 00 00 00 00 00 00 00 00 00 00 00 00 00 00 00 00 00 00 00 00 00 00 00 00 00 00 00 00 00 00 00 00 00 00 00 00 00 00 00 00 00 00 00 00 00 00 00 00 00 00 00 00 00 00 00 00 00 00 00 00 00 00 00 00 00 00 00 00 00 00 00 00 00 00 00 00 00 00 00 00 00 00 00 00 00 00 00 00 00 00 00 00 00 00 00 00 00 00 00 00 00 00 00 00'}, bytearray(b'\x19x\xeei\x17\xd0\xd3\x06\x02\x00\x13\x02\x00\x00\x00\x00\x00btp_tester\x00\x00\x00\x00\x00\x00\x00\x00\x00\x00\x00\x00\x00\x00\x00\x00\x00\x00\x00\x00\x00\x00\x00\x00\x00\x00\x00\x00\x00\x00\x00\x00\x00\x00\x00\x00\x00\x00\x00\x00\x00\x00\x00\x00\x00\x00\x00\x00\x00\x00\x00\x00\x00\x00\x00\x00\x00\x00\x00\x00\x00\x00\x00\x00\x00\x00\x00\x00\x00\x00\x00\x00\x00\x00\x00\x00\x00\x00\x00\x00\x00\x00\x00\x00\x00\x00\x00\x00\x00\x00\x00\x00\x00\x00\x00\x00\x00\x00\x00\x00\x00\x00\x00\x00\x00\x00\x00\x00\x00\x00\x00\x00\x00\x00\x00\x00\x00\x00\x00\x00\x00\x00\x00\x00\x00\x00\x00\x00\x00\x00\x00\x00\x00\x00\x00\x00\x00\x00\x00\x00\x00\x00\x00\x00\x00\x00\x00\x00\x00\x00\x00\x00\x00\x00\x00\x00\x00\x00\x00\x00\x00\x00\x00\x00\x00\x00\x00\x00\x00\x00\x00\x00\x00\x00\x00\x00\x00\x00\x00\x00\x00\x00\x00\x00\x00\x00\x00\x00\x00\x00\x00\x00\x00\x00\x00\x00\x00\x00\x00\x00\x00\x00\x00\x00\x00\x00\x00\x00\x00\x00\x00\x00\x00\x00\x00\x00\x00\x00\x00\x00\x00\x00\x00\x00\x00\x00\x00\x00\x00\x00\x00\x00\x00\x00\x00\x00\x00\x00\x00\x00\x00\x00\x00\x00\x00\x00\x00\x00\x00\x00')
2025-12-02 18:23:08,686 LT1-thread root DEBUG client.py                 82    logger_log                : received Header(svc_id=1, op=3, ctrl_index=0, data_len=277) (b'\x19x\xeei\x17\xd0\xd3\x06\x02\x00\x13\x02\x00\x00\x00\x00\x00btp_tester\x00\x00\x00\x00\x00\x00\x00\x00\x00\x00\x00\x00\x00\x00\x00\x00\x00\x00\x00\x00\x00\x00\x00\x00\x00\x00\x00\x00\x00\x00\x00\x00\x00\x00\x00\x00\x00\x00\x00\x00\x00\x00\x00\x00\x00\x00\x00\x00\x00\x00\x00\x00\x00\x00\x00\x00\x00\x00\x00\x00\x00\x00\x00\x00\x00\x00\x00\x00\x00\x00\x00\x00\x00\x00\x00\x00\x00\x00\x00\x00\x00\x00\x00\x00\x00\x00\x00\x00\x00\x00\x00\x00\x00\x00\x00\x00\x00\x00\x00\x00\x00\x00\x00\x00\x00\x00\x00\x00\x00\x00\x00\x00\x00\x00\x00\x00\x00\x00\x00\x00\x00\x00\x00\x00\x00\x00\x00\x00\x00\x00\x00\x00\x00\x00\x00\x00\x00\x00\x00\x00\x00\x00\x00\x00\x00\x00\x00\x00\x00\x00\x00\x00\x00\x00\x00\x00\x00\x00\x00\x00\x00\x00\x00\x00\x00\x00\x00\x00\x00\x00\x00\x00\x00\x00\x00\x00\x00\x00\x00\x00\x00\x00\x00\x00\x00\x00\x00\x00\x00\x00\x00\x00\x00\x00\x00\x00\x00\x00\x00\x00\x00\x00\x00\x00\x00\x00\x00\x00\x00\x00\x00\x00\x00\x00\x00\x00\x00\x00\x00\x00\x00\x00\x00\x00\x00\x00\x00\x00\x00\x00\x00\x00\x00\x00\x00\x00\x00\x00\x00\x00\x00\x00\x00\x00\x00\x00\x00\x00\x00\x00',)
2025-12-02 18:23:08,686 LT1-thread root DEBUG client.py                 82    logger_log                : IUT address 'd01769ee7819' 'public'
2025-12-02 18:23:08,686 LT1-thread root DEBUG client.py                 82    logger_log                : __gap_current_settings_update 531
2025-12-02 18:23:08,687 LT1-thread root DEBUG client.py                 82    logger_log                : Starting test function: class=<class 'autopts.ptsprojects.testcase.TestFunc'>, func=<function test_cases.<locals>.<lambda> at 0x000001F5FFC22020> start_wid=None stop_wid=None post_wid=None skip_call=None call_count=179 args=() kwds={}
2025-12-02 18:23:08,687 LT1-thread root DEBUG client.py                 82    logger_log                : Test function parameters: args=(), kwds={}
2025-12-02 18:23:08,691 LT1-thread root DEBUG client.py                 82    logger_log                : Starting test function: class=<class 'autopts.ptsprojects.testcase.TestFunc'>, func=<function set_pts_addr at 0x000001F5FBF8B1A0> start_wid=None stop_wid=None post_wid=None skip_call=None call_count=179 args=('00:1B:DC:08:E4:4E', 0) kwds={}
2025-12-02 18:23:08,691 LT1-thread root DEBUG client.py                 82    logger_log                : Test function parameters: args=('00:1B:DC:08:E4:4E', 0), kwds={}
2025-12-02 18:23:08,691 LT1-thread root DEBUG client.py                 82    logger_log                : Starting test function: class=<class 'autopts.ptsprojects.testcase.TestFunc'>, func=<function core_reg_svc_hfp at 0x000001F5FC420CC0> start_wid=None stop_wid=None post_wid=None skip_call=None call_count=179 args=() kwds={}
2025-12-02 18:23:08,692 LT1-thread root DEBUG client.py                 82    logger_log                : Test function parameters: args=(), kwds={}
2025-12-02 18:23:08,692 LT1-thread root DEBUG client.py                 82    logger_log                : core_reg_svc_univ: hfp_reg (HFP)
2025-12-02 18:23:08,692 LT1-thread root DEBUG client.py                 82    logger_log                : send, 0 3 255 '33'
2025-12-02 18:23:08,692 LT1-thread root DEBUG client.py                 82    logger_log                : sending frame '0003ff010021'
2025-12-02 18:23:08,693 LT1-thread root DEBUG client.py                 82    logger_log                : core_reg_svc_rsp_succ
2025-12-02 18:23:08,693 LT1-thread root DEBUG client.py                 82    logger_log                : read
2025-12-02 18:23:08,780 BTPWorkerThread-3377 (_rx_task) root DEBUG client.py                 82    logger_log                : Read 5 bytes
2025-12-02 18:23:08,811 BTPWorkerThread-3377 (_rx_task) root DEBUG client.py                 82    logger_log                : Received: hdr: Header(svc_id=0x00, op=0x03, ctrl_index=0xff, data_len=0x00) bytearray(b'\x00\x03\xff\x00\x00')
2025-12-02 18:23:08,843 BTPWorkerThread-3377 (_rx_task) root DEBUG client.py                 82    logger_log                : Received data: {''}, bytearray(b'')
2025-12-02 18:23:08,891 LT1-thread root DEBUG client.py                 82    logger_log                : received Header(svc_id=0, op=3, ctrl_index=255, data_len=0) (b'',)
2025-12-02 18:23:08,891 LT1-thread root DEBUG client.py                 82    logger_log                : expected ((0, 3, 255, 0), (b'',))
2025-12-02 18:23:08,891 LT1-thread root DEBUG client.py                 82    logger_log                : response is valid
2025-12-02 18:23:08,891 LT1-thread root DEBUG client.py                 82    logger_log                : Reading supported commands for service: HFP
2025-12-02 18:23:08,891 LT1-thread root DEBUG client.py                 82    logger_log                : send, 33 1 255 ''
2025-12-02 18:23:08,892 LT1-thread root DEBUG client.py                 82    logger_log                : sending frame '2101ff0000'
2025-12-02 18:23:08,892 LT1-thread root DEBUG client.py                 82    logger_log                : read
2025-12-02 18:23:08,971 BTPWorkerThread-3377 (_rx_task) root DEBUG client.py                 82    logger_log                : Read 5 bytes
2025-12-02 18:23:09,003 BTPWorkerThread-3377 (_rx_task) root DEBUG client.py                 82    logger_log                : Received: hdr: Header(svc_id=0x21, op=0x01, ctrl_index=0xff, data_len=0x05) bytearray(b'!\x01\xff\x05\x00')
2025-12-02 18:23:09,067 BTPWorkerThread-3377 (_rx_task) root DEBUG client.py                 82    logger_log                : Read 5 bytes data
2025-12-02 18:23:09,099 BTPWorkerThread-3377 (_rx_task) root DEBUG client.py                 82    logger_log                : Received data: {'fe ff ff ff 7f'}, bytearray(b'\xfe\xff\xff\xff\x7f')
2025-12-02 18:23:09,147 LT1-thread root DEBUG client.py                 82    logger_log                : Starting test function: class=<class 'autopts.ptsprojects.testcase.TestFunc'>, func=<bound method Stack.hfp_init of <autopts.ptsprojects.stack.stack.Stack object at 0x000001F5FA8D3620>> start_wid=None stop_wid=None post_wid=None skip_call=None call_count=179 args=() kwds={}
2025-12-02 18:23:09,147 LT1-thread root DEBUG client.py                 82    logger_log                : Test function parameters: args=(), kwds={}
2025-12-02 18:23:09,147 LT1-thread root DEBUG client.py                 82    logger_log                : Starting test function: class=<class 'autopts.ptsprojects.testcase.TestFunc'>, func=<function hfp_hf_register at 0x000001F5FC5019E0> start_wid=None stop_wid=None post_wid=None skip_call=None call_count=1 args=() kwds={}
2025-12-02 18:23:09,147 LT1-thread root DEBUG client.py                 82    logger_log                : Test function parameters: args=(), kwds={}
2025-12-02 18:23:09,147 LT1-thread root DEBUG client.py                 82    logger_log                : hfp_hf_register
2025-12-02 18:23:09,147 LT1-thread root DEBUG client.py                 82    logger_log                : send, 33 28 0 "bytearray(b'\\x00')"
2025-12-02 18:23:09,148 LT1-thread root DEBUG client.py                 82    logger_log                : sending frame '211c00010000'
2025-12-02 18:23:09,148 LT1-thread root DEBUG client.py                 82    logger_log                : read
2025-12-02 18:23:09,227 BTPWorkerThread-3377 (_rx_task) root DEBUG client.py                 82    logger_log                : Read 5 bytes
2025-12-02 18:23:09,259 BTPWorkerThread-3377 (_rx_task) root DEBUG client.py                 82    logger_log                : Received: hdr: Header(svc_id=0x21, op=0x1c, ctrl_index=0x00, data_len=0x00) bytearray(b'!\x1c\x00\x00\x00')
2025-12-02 18:23:09,289 BTPWorkerThread-3377 (_rx_task) root DEBUG client.py                 82    logger_log                : Received data: {''}, bytearray(b'')
2025-12-02 18:23:09,337 LT1-thread root DEBUG client.py                 82    logger_log                : Starting test function: class=<class 'autopts.ptsprojects.testcase.TestFunc'>, func=<function gap_set_conn at 0x000001F5FC44D8A0> start_wid=None stop_wid=None post_wid=None skip_call=None call_count=1 args=() kwds={}
2025-12-02 18:23:09,337 LT1-thread root DEBUG client.py                 82    logger_log                : Test function parameters: args=(), kwds={}
2025-12-02 18:23:09,337 LT1-thread root DEBUG client.py                 82    logger_log                : gap_set_conn
2025-12-02 18:23:09,337 LT1-thread root DEBUG client.py                 82    logger_log                : Starting test function: class=<class 'autopts.ptsprojects.testcase.TestFunc'>, func=<function gap_set_gendiscov at 0x000001F5FC44DA80> start_wid=None stop_wid=None post_wid=None skip_call=None call_count=1 args=() kwds={}
2025-12-02 18:23:09,337 LT1-thread root DEBUG client.py                 82    logger_log                : Test function parameters: args=(), kwds={}
2025-12-02 18:23:09,338 LT1-thread root DEBUG client.py                 82    logger_log                : gap_set_gendiscov
2025-12-02 18:23:09,338 LT1-thread root DEBUG client.py                 82    logger_log                : send, 1 8 0 '1'
2025-12-02 18:23:09,338 LT1-thread root DEBUG client.py                 82    logger_log                : sending frame '010800010001'
2025-12-02 18:23:09,338 LT1-thread root DEBUG client.py                 82    logger_log                : gap_command_rsp_succ
2025-12-02 18:23:09,338 LT1-thread root DEBUG client.py                 82    logger_log                : read
2025-12-02 18:23:09,432 BTPWorkerThread-3377 (_rx_task) root DEBUG client.py                 82    logger_log                : Read 5 bytes
2025-12-02 18:23:09,463 BTPWorkerThread-3377 (_rx_task) root DEBUG client.py                 82    logger_log                : Received: hdr: Header(svc_id=0x01, op=0x08, ctrl_index=0x00, data_len=0x04) bytearray(b'\x01\x08\x00\x04\x00')
2025-12-02 18:23:09,526 BTPWorkerThread-3377 (_rx_task) root DEBUG client.py                 82    logger_log                : Read 4 bytes data
2025-12-02 18:23:09,557 BTPWorkerThread-3377 (_rx_task) root DEBUG client.py                 82    logger_log                : Received data: {'1b 02 00 00'}, bytearray(b'\x1b\x02\x00\x00')
2025-12-02 18:23:09,605 LT1-thread root DEBUG client.py                 82    logger_log                : received Header(svc_id=1, op=8, ctrl_index=0, data_len=4) (b'\x1b\x02\x00\x00',)
2025-12-02 18:23:09,605 LT1-thread root DEBUG client.py                 82    logger_log                : __gap_current_settings_update (b'\x1b\x02\x00\x00',)
2025-12-02 18:23:09,607 LT1-thread root DEBUG client.py                 82    logger_log                : ClientCallback.get_result run_test_case
2025-12-02 18:23:17,279 BTPWorkerThread-3377 (_rx_task) root DEBUG client.py                 82    logger_log                : Read 5 bytes
2025-12-02 18:23:17,279 BTPWorkerThread-3377 (_rx_task) root DEBUG client.py                 82    logger_log                : Received: hdr: Header(svc_id=0x01, op=0x82, ctrl_index=0x00, data_len=0x0d) bytearray(b'\x01\x82\x00\r\x00')
2025-12-02 18:23:17,279 BTPWorkerThread-3377 (_rx_task) root DEBUG client.py                 82    logger_log                : Read 13 bytes data
2025-12-02 18:23:17,280 BTPWorkerThread-3377 (_rx_task) root DEBUG client.py                 82    logger_log                : Received data: {'e0 4e e4 08 dc 1b 00 00 00 00 00 00 00'}, bytearray(b'\xe0N\xe4\x08\xdc\x1b\x00\x00\x00\x00\x00\x00\x00')
2025-12-02 18:23:17,280 BTPWorkerThread-3377 (_rx_task) root DEBUG client.py                 82    logger_log                : event_handler Header(svc_id=1, op=130, ctrl_index=0, data_len=13) (b'\xe0N\xe4\x08\xdc\x1b\x00\x00\x00\x00\x00\x00\x00',)
2025-12-02 18:23:17,280 BTPWorkerThread-3377 (_rx_task) root DEBUG client.py                 82    logger_log                : gap_connected_ev_ b'\xe0N\xe4\x08\xdc\x1b\x00\x00\x00\x00\x00\x00\x00'
2025-12-02 18:23:17,280 BTPWorkerThread-3377 (_rx_task) root DEBUG client.py                 82    logger_log                : Read 5 bytes
2025-12-02 18:23:17,280 BTPWorkerThread-3377 (_rx_task) root DEBUG client.py                 82    logger_log                : Received: hdr: Header(svc_id=0x01, op=0x80, ctrl_index=0x00, data_len=0x04) bytearray(b'\x01\x80\x00\x04\x00')
2025-12-02 18:23:17,280 BTPWorkerThread-3377 (_rx_task) root DEBUG client.py                 82    logger_log                : Read 4 bytes data
2025-12-02 18:23:17,281 BTPWorkerThread-3377 (_rx_task) root DEBUG client.py                 82    logger_log                : Received data: {'1b 02 00 00'}, bytearray(b'\x1b\x02\x00\x00')
2025-12-02 18:23:17,281 BTPWorkerThread-3377 (_rx_task) root DEBUG client.py                 82    logger_log                : event_handler Header(svc_id=1, op=128, ctrl_index=0, data_len=4) (b'\x1b\x02\x00\x00',)
2025-12-02 18:23:17,281 BTPWorkerThread-3377 (_rx_task) root DEBUG client.py                 82    logger_log                : gap_new_settings_ev_ b'\x1b\x02\x00\x00'
2025-12-02 18:23:17,281 BTPWorkerThread-3377 (_rx_task) root DEBUG client.py                 82    logger_log                : __gap_current_settings_update 539
2025-12-02 18:23:18,985 BTPWorkerThread-3377 (_rx_task) root DEBUG client.py                 82    logger_log                : Read 5 bytes
2025-12-02 18:23:18,985 BTPWorkerThread-3377 (_rx_task) root DEBUG client.py                 82    logger_log                : Received: hdr: Header(svc_id=0x01, op=0x91, ctrl_index=0x00, data_len=0x09) bytearray(b'\x01\x91\x00\t\x00')
2025-12-02 18:23:18,986 BTPWorkerThread-3377 (_rx_task) root DEBUG client.py                 82    logger_log                : Read 9 bytes data
2025-12-02 18:23:18,986 BTPWorkerThread-3377 (_rx_task) root DEBUG client.py                 82    logger_log                : Received data: {'e0 4e e4 08 dc 1b 00 01 10'}, bytearray(b'\xe0N\xe4\x08\xdc\x1b\x00\x01\x10')
2025-12-02 18:23:18,986 BTPWorkerThread-3377 (_rx_task) root DEBUG client.py                 82    logger_log                : event_handler Header(svc_id=1, op=145, ctrl_index=0, data_len=9) (b'\xe0N\xe4\x08\xdc\x1b\x00\x01\x10',)
2025-12-02 18:23:18,986 BTPWorkerThread-3377 (_rx_task) root DEBUG client.py                 82    logger_log                : gap_encryption_change_ev_
2025-12-02 18:23:18,986 BTPWorkerThread-3377 (_rx_task) root DEBUG client.py                 82    logger_log                : enc change received b'\xe0N\xe4\x08\xdc\x1b\x00\x01\x10'
2025-12-02 18:23:18,986 BTPWorkerThread-3377 (_rx_task) root DEBUG client.py                 82    logger_log                : received (224, '001bdc08e44e', 1, 16)
2025-12-02 18:23:18,986 BTPWorkerThread-3377 (_rx_task) root DEBUG client.py                 82    logger_log                : Read 5 bytes
2025-12-02 18:23:18,986 BTPWorkerThread-3377 (_rx_task) root DEBUG client.py                 82    logger_log                : Received: hdr: Header(svc_id=0x01, op=0x89, ctrl_index=0x00, data_len=0x08) bytearray(b'\x01\x89\x00\x08\x00')
2025-12-02 18:23:18,987 BTPWorkerThread-3377 (_rx_task) root DEBUG client.py                 82    logger_log                : Read 8 bytes data
2025-12-02 18:23:18,987 BTPWorkerThread-3377 (_rx_task) root DEBUG client.py                 82    logger_log                : Received data: {'e0 4e e4 08 dc 1b 00 02'}, bytearray(b'\xe0N\xe4\x08\xdc\x1b\x00\x02')
2025-12-02 18:23:18,987 BTPWorkerThread-3377 (_rx_task) root DEBUG client.py                 82    logger_log                : event_handler Header(svc_id=1, op=137, ctrl_index=0, data_len=8) (b'\xe0N\xe4\x08\xdc\x1b\x00\x02',)
2025-12-02 18:23:18,987 BTPWorkerThread-3377 (_rx_task) root DEBUG client.py                 82    logger_log                : gap_sec_level_changed_ev_
2025-12-02 18:23:18,987 BTPWorkerThread-3377 (_rx_task) root DEBUG client.py                 82    logger_log                : received b'\xe0N\xe4\x08\xdc\x1b\x00\x02'
2025-12-02 18:23:18,987 BTPWorkerThread-3377 (_rx_task) root DEBUG client.py                 82    logger_log                : received (224, '001bdc08e44e', 2)
2025-12-02 18:23:19,174 LT1-callback ClientCallback.on_implicit_send INFO client.py                 82    logger_log                : 
    ********************
    BEGIN OnImplicitSend:
    project_name: HFP
    wid: 9
    test_case_name: HFP/HF/ACS/BI-13-C
    description: Click Ok, then answer the incoming call using the Implementation Under Test (IUT).
    style: MMI_Style_Ok_Cancel1 0x11041
2025-12-02 18:23:19,175 LT1-callback ClientCallback.on_implicit_send INFO client.py                 82    logger_log                : Calling test cases on_implicit_send
2025-12-02 18:23:19,175 LT1-callback ClientCallback.on_implicit_send INFO client.py                 82    logger_log                : 
    on_implicit_send returned response: WAIT
    END OnImplicitSend
    ********************
2025-12-02 18:23:19,689 LT1-thread root DEBUG client.py                 82    logger_log                : HFP HFP/HF/ACS/BI-13-C on_implicit_send
2025-12-02 18:23:19,689 LT1-thread root DEBUG client.py                 82    logger_log                : hfp_wid_hdl, 9, Click Ok, then answer the incoming call using the Implementation Under Test (IUT)., HFP/HF/ACS/BI-13-C
2025-12-02 18:23:19,689 LT1-thread root DEBUG client.py                 82    logger_log                : hfp_hf_answer_call
2025-12-02 18:23:19,689 LT1-thread root DEBUG client.py                 82    logger_log                : send, 33 12 0 "bytearray(b'\\x00')"
2025-12-02 18:23:19,689 LT1-thread root DEBUG client.py                 82    logger_log                : sending frame '210c00010000'
2025-12-02 18:23:19,690 LT1-thread root DEBUG client.py                 82    logger_log                : read
2025-12-02 18:23:19,753 BTPWorkerThread-3377 (_rx_task) root DEBUG client.py                 82    logger_log                : Read 5 bytes
2025-12-02 18:23:19,785 BTPWorkerThread-3377 (_rx_task) root DEBUG client.py                 82    logger_log                : Received: hdr: Header(svc_id=0x21, op=0x0c, ctrl_index=0x00, data_len=0x00) bytearray(b'!\x0c\x00\x00\x00')
2025-12-02 18:23:19,817 BTPWorkerThread-3377 (_rx_task) root DEBUG client.py                 82    logger_log                : Received data: {''}, bytearray(b'')
2025-12-02 18:23:19,865 LT1-thread root DEBUG client.py                 82    logger_log                : Sending response 'OK' to wid 9 test case HFP/HF/ACS/BI-13-C
2025-12-02 18:23:19,867 LT1-thread root DEBUG client.py                 82    logger_log                : ClientCallback.get_result run_test_case
2025-12-02 18:23:20,969 LT1-callback ClientCallback.on_implicit_send INFO client.py                 82    logger_log                : 
    ********************
    BEGIN OnImplicitSend:
    project_name: HFP
    wid: 39
    test_case_name: HFP/HF/ACS/BI-13-C
    description: Verify the absence of an audio connection (SCO), then click Ok.
    style: MMI_Style_Ok_Cancel1 0x11041
2025-12-02 18:23:20,969 LT1-callback ClientCallback.on_implicit_send INFO client.py                 82    logger_log                : Calling test cases on_implicit_send
2025-12-02 18:23:20,969 LT1-callback ClientCallback.on_implicit_send INFO client.py                 82    logger_log                : 
    on_implicit_send returned response: WAIT
    END OnImplicitSend
    ********************
2025-12-02 18:23:21,879 LT1-thread root DEBUG client.py                 82    logger_log                : HFP HFP/HF/ACS/BI-13-C on_implicit_send
2025-12-02 18:23:21,879 LT1-thread root DEBUG client.py                 82    logger_log                : hfp_wid_hdl, 39, Verify the absence of an audio connection (SCO), then click Ok., HFP/HF/ACS/BI-13-C
2025-12-02 18:23:21,879 LT1-thread root DEBUG client.py                 82    logger_log                : Sending response 'OK' to wid 39 test case HFP/HF/ACS/BI-13-C
2025-12-02 18:23:21,881 LT1-thread root DEBUG client.py                 82    logger_log                : ClientCallback.get_result run_test_case
2025-12-02 18:23:23,119 LT1-callback ClientCallback.on_implicit_send INFO client.py                 82    logger_log                : 
    ********************
    BEGIN OnImplicitSend:
    project_name: HFP
    wid: 39
    test_case_name: HFP/HF/ACS/BI-13-C
    description: Verify the absence of an audio connection (SCO), then click Ok.
    style: MMI_Style_Ok_Cancel1 0x11041
2025-12-02 18:23:23,119 LT1-callback ClientCallback.on_implicit_send INFO client.py                 82    logger_log                : Calling test cases on_implicit_send
2025-12-02 18:23:23,119 LT1-callback ClientCallback.on_implicit_send INFO client.py                 82    logger_log                : 
    on_implicit_send returned response: WAIT
    END OnImplicitSend
    ********************
2025-12-02 18:23:23,896 LT1-thread root DEBUG client.py                 82    logger_log                : HFP HFP/HF/ACS/BI-13-C on_implicit_send
2025-12-02 18:23:23,896 LT1-thread root DEBUG client.py                 82    logger_log                : hfp_wid_hdl, 39, Verify the absence of an audio connection (SCO), then click Ok., HFP/HF/ACS/BI-13-C
2025-12-02 18:23:23,896 LT1-thread root DEBUG client.py                 82    logger_log                : Sending response 'OK' to wid 39 test case HFP/HF/ACS/BI-13-C
2025-12-02 18:23:23,898 LT1-thread root DEBUG client.py                 82    logger_log                : ClientCallback.get_result run_test_case
2025-12-02 18:23:25,447 BTPWorkerThread-3377 (_rx_task) root DEBUG client.py                 82    logger_log                : Read 5 bytes
2025-12-02 18:23:25,447 BTPWorkerThread-3377 (_rx_task) root DEBUG client.py                 82    logger_log                : Received: hdr: Header(svc_id=0x01, op=0x83, ctrl_index=0x00, data_len=0x07) bytearray(b'\x01\x83\x00\x07\x00')
2025-12-02 18:23:25,447 BTPWorkerThread-3377 (_rx_task) root DEBUG client.py                 82    logger_log                : Read 7 bytes data
2025-12-02 18:23:25,448 BTPWorkerThread-3377 (_rx_task) root DEBUG client.py                 82    logger_log                : Received data: {'e0 4e e4 08 dc 1b 00'}, bytearray(b'\xe0N\xe4\x08\xdc\x1b\x00')
2025-12-02 18:23:25,448 BTPWorkerThread-3377 (_rx_task) root DEBUG client.py                 82    logger_log                : event_handler Header(svc_id=1, op=131, ctrl_index=0, data_len=7) (b'\xe0N\xe4\x08\xdc\x1b\x00',)
2025-12-02 18:23:25,448 BTPWorkerThread-3377 (_rx_task) root DEBUG client.py                 82    logger_log                : gap_disconnected_ev_ b'\xe0N\xe4\x08\xdc\x1b\x00'
2025-12-02 18:23:28,175 LT1-callback ClientCallback.log INFO client.py                 82    logger_log                : PTS_LOGTYPE_START_TEST Start Test Case 

+141 ms
 HFP/HF/ACS/BI-13-C HFP/HF/ACS/BI-13-C

2025-12-02 18:23:28,935 LT1-callback ClientCallback.log INFO client.py                 82    logger_log                : PTS_LOGTYPE_FINAL_VERDICT Final Verdict 

+18125 ms
 HFP/HF/ACS/BI-13-C PASS

2025-12-02 18:23:28,940 LT1-callback ClientCallback.log INFO client.py                 82    logger_log                : PTS_LOGTYPE_FINAL_VERDICT Encrypted Verdict 

+18125 ms
 HFP/HF/ACS/BI-13-C A1#ZWY4MzQ5MDg3MmQwNTIxOGQzMzQ5YjY2ODA5M2MzNjQ5ZDY4NmY0Yjc2MzIzM2VkNTUyNTFhNGU4Mjg1MjI0NA==#W50Jjsm2XVoea2loUlA72O55WOXR6p29b+7m71iUBFbqhrnRaZQ7HKsNYMr/YCMX

2025-12-02 18:23:29,005 LT1-callback ClientCallback.log INFO client.py                 82    logger_log                : PTS_LOGTYPE_END_TEST Test Case Ended 

+18125 ms
 HFP/HF/ACS/BI-13-C HFP/HF/ACS/BI-13-C

2025-12-02 18:23:29,068 LT1-callback root DEBUG client.py                 82    logger_log                : ClientCallback, set_result, run_test_case, PASS
2025-12-02 18:23:29,068 LT1-thread root DEBUG client.py                 82    logger_log                : After run_test_case error_code=0 status='PASS'
2025-12-02 18:23:29,069 LT1-thread root DEBUG client.py                 82    logger_log                : post_run HFP HFP/HF/ACS/BI-13-C 0
2025-12-02 18:23:29,069 LT1-thread root DEBUG client.py                 82    logger_log                : Starting test function: class=<class 'autopts.ptsprojects.testcase.TestFuncCleanUp'>, func=<bound method Stack.cleanup of <autopts.ptsprojects.stack.stack.Stack object at 0x000001F5FA8D3620>> start_wid=None stop_wid=None post_wid=None skip_call=None call_count=1 args=() kwds={}
2025-12-02 18:23:29,069 LT1-thread root DEBUG client.py                 82    logger_log                : Test function parameters: args=(), kwds={}
2025-12-02 18:23:29,069 LT1-thread root DEBUG client.py                 82    logger_log                : Starting test function: class=<class 'autopts.ptsprojects.testcase.TestFuncCleanUp'>, func=<bound method ZephyrCtl.stop of <autopts.ptsprojects.zephyr.iutctl.ZephyrCtl object at 0x000001F5FE1407D0>> start_wid=None stop_wid=None post_wid=None skip_call=None call_count=1 args=() kwds={}
2025-12-02 18:23:29,069 LT1-thread root DEBUG client.py                 82    logger_log                : Test function parameters: args=(), kwds={}
2025-12-02 18:23:29,069 LT1-thread root DEBUG client.py                 82    logger_log                : <class 'autopts.ptsprojects.zephyr.iutctl.ZephyrCtl'>.stop
2025-12-02 18:23:29,070 LT1-thread root DEBUG client.py                 82    logger_log                : About to reset DUT: JLink -CommandFile reset.jlink -usb 1063214216 -device MIMXRT1176XXXA_M7
2025-12-02 18:23:29,399 BTPWorkerThread-3377 (_rx_task) root DEBUG client.py                 82    logger_log                : Read 5 bytes
2025-12-02 18:23:29,400 BTPWorkerThread-3377 (_rx_task) root DEBUG client.py                 82    logger_log                : Received: hdr: Header(svc_id=0x00, op=0x80, ctrl_index=0xff, data_len=0x00) bytearray(b'\x00\x80\xff\x00\x00')
2025-12-02 18:23:29,400 BTPWorkerThread-3377 (_rx_task) root DEBUG client.py                 82    logger_log                : Received data: {''}, bytearray(b'')
2025-12-02 18:23:29,400 BTPWorkerThread-3377 (_rx_task) root DEBUG client.py                 82    logger_log                : event_handler Header(svc_id=0, op=128, ctrl_index=255, data_len=0) (b'',)
2025-12-02 18:23:29,400 BTPWorkerThread-3377 (_rx_task) root DEBUG client.py                 82    logger_log                : core_iut_ready_ev
2025-12-02 18:23:29,862 LT1-thread root DEBUG client.py                 82    logger_log                : IUT ready event received OK
2025-12-02 18:23:29,862 LT1-thread root DEBUG client.py                 82    logger_log                : Waiting for _rx_worker to finish ...
2025-12-02 18:23:30,413 BTPWorkerThread-3377 (_rx_task) root DEBUG client.py                 82    logger_log                : BTPWorkerThread-3377 (_rx_task) finishing...
2025-12-02 18:23:33,421 LT1-thread root DEBUG client.py                 82    logger_log                : post_run, cleanup running post test case script
2025-12-02 18:23:33,421 LT1-thread root DEBUG client.py                 82    logger_log                : post_run, run post test case script
2025-12-02 18:23:33,513 LT1-thread root DEBUG client.py                 82    logger_log                : Done TestCase _run_test_case HFP HFP/HF/ACS/BI-13-C
