2025-01-08 21:22:31,332 LT1-thread root DEBUG client.py                 71    logger_log                : Starting TestCase _run_test_case GAP GAP/SEC/SEM/BV-56-C
2025-01-08 21:22:31,332 LT1-thread root DEBUG client.py                 71    logger_log                : pre_run GAP GAP/SEC/SEM/BV-56-C
2025-01-08 21:22:31,332 LT1-thread root DEBUG client.py                 71    logger_log                : About to run test case GAP GAP/SEC/SEM/BV-56-C with commands:
2025-01-08 21:22:31,332 LT1-thread root DEBUG client.py                 71    logger_log                : 0) class=<class 'autopts.ptsprojects.testcase.TestFunc'>, func=<bound method Stack.core_init of <autopts.ptsprojects.stack.stack.Stack object at 0x000001E8FE401590>> start_wid=None stop_wid=None post_wid=None skip_call=None call_count=0 args=() kwds={}
2025-01-08 21:22:31,332 LT1-thread root DEBUG client.py                 71    logger_log                : 1) class=<class 'autopts.ptsprojects.testcase.TestFunc'>, func=<bound method ZephyrCtl.hw_reset of <autopts.ptsprojects.zephyr.iutctl.ZephyrCtl object at 0x000001E8FB029B90>> start_wid=None stop_wid=None post_wid=None skip_call=None call_count=0 args=() kwds={}
2025-01-08 21:22:31,332 LT1-thread root DEBUG client.py                 71    logger_log                : 2) class=<class 'autopts.ptsprojects.testcase.TestFunc'>, func=<bound method ZephyrCtl.start of <autopts.ptsprojects.zephyr.iutctl.ZephyrCtl object at 0x000001E8FB029B90>> start_wid=None stop_wid=None post_wid=None skip_call=None call_count=0 args=(<autopts.ptsprojects.zephyr.ztestcase.ZTestCase object at 0x000001E8FECDAF90>,) kwds={}
2025-01-08 21:22:31,332 LT1-thread root DEBUG client.py                 71    logger_log                : 3) class=<class 'autopts.ptsprojects.testcase.TestFunc'>, func=<bound method ZephyrCtl.hw_reset of <autopts.ptsprojects.zephyr.iutctl.ZephyrCtl object at 0x000001E8FB029B90>> start_wid=None stop_wid=None post_wid=None skip_call=None call_count=0 args=() kwds={}
2025-01-08 21:22:31,332 LT1-thread root DEBUG client.py                 71    logger_log                : 4) class=<class 'autopts.ptsprojects.testcase.TestFunc'>, func=<bound method ZephyrCtl.wait_iut_ready_event of <autopts.ptsprojects.zephyr.iutctl.ZephyrCtl object at 0x000001E8FB029B90>> start_wid=None stop_wid=None post_wid=None skip_call=None call_count=0 args=(False,) kwds={}
2025-01-08 21:22:31,332 LT1-thread root DEBUG client.py                 71    logger_log                : 5) class=<class 'autopts.ptsprojects.testcase.TestFunc'>, func=<function core_reg_svc_gap at 0x000001E8FA3D4540> start_wid=None stop_wid=None post_wid=None skip_call=None call_count=50 args=() kwds={}
2025-01-08 21:22:31,332 LT1-thread root DEBUG client.py                 71    logger_log                : 6) class=<class 'autopts.ptsprojects.testcase.TestFunc'>, func=<bound method Stack.gap_init of <autopts.ptsprojects.stack.stack.Stack object at 0x000001E8FE401590>> start_wid=None stop_wid=None post_wid=None skip_call=None call_count=50 args=(b'Tester_59F2E6', 'ABCD', '1111', '1111', '11', '1111', b'\x17github.com/auto-pts', (8, 'PADV_Tester'), 'FF') kwds={}
2025-01-08 21:22:31,332 LT1-thread root DEBUG client.py                 71    logger_log                : 7) class=<class 'autopts.ptsprojects.testcase.TestFunc'>, func=<function gap_read_ctrl_info at 0x000001E8FA3E4400> start_wid=None stop_wid=None post_wid=None skip_call=None call_count=50 args=() kwds={}
2025-01-08 21:22:31,332 LT1-thread root DEBUG client.py                 71    logger_log                : 8) class=<class 'autopts.ptsprojects.testcase.TestFunc'>, func=<function test_cases.<locals>.<lambda> at 0x000001E8FE90FD80> start_wid=None stop_wid=None post_wid=None skip_call=None call_count=50 args=() kwds={}
2025-01-08 21:22:31,332 LT1-thread root DEBUG client.py                 71    logger_log                : 9) class=<class 'autopts.ptsprojects.testcase.TestFunc'>, func=<function test_cases.<locals>.<lambda> at 0x000001E8FEADCE00> start_wid=None stop_wid=None post_wid=None skip_call=None call_count=50 args=() kwds={}
2025-01-08 21:22:31,332 LT1-thread root DEBUG client.py                 71    logger_log                : 10) class=<class 'autopts.ptsprojects.testcase.TestFunc'>, func=<function test_cases.<locals>.<lambda> at 0x000001E8FEADCAE0> start_wid=None stop_wid=None post_wid=None skip_call=None call_count=50 args=() kwds={}
2025-01-08 21:22:31,332 LT1-thread root DEBUG client.py                 71    logger_log                : 11) class=<class 'autopts.ptsprojects.testcase.TestFunc'>, func=<function test_cases.<locals>.<lambda> at 0x000001E8FEADC7C0> start_wid=None stop_wid=None post_wid=None skip_call=None call_count=50 args=() kwds={}
2025-01-08 21:22:31,332 LT1-thread root DEBUG client.py                 71    logger_log                : 12) class=<class 'autopts.ptsprojects.testcase.TestFunc'>, func=<function test_cases.<locals>.<lambda> at 0x000001E8FEADC5E0> start_wid=None stop_wid=None post_wid=None skip_call=None call_count=50 args=() kwds={}
2025-01-08 21:22:31,332 LT1-thread root DEBUG client.py                 71    logger_log                : 13) class=<class 'autopts.ptsprojects.testcase.TestFunc'>, func=<function test_cases.<locals>.<lambda> at 0x000001E8FEADE340> start_wid=None stop_wid=None post_wid=None skip_call=None call_count=50 args=() kwds={}
2025-01-08 21:22:31,332 LT1-thread root DEBUG client.py                 71    logger_log                : 14) class=<class 'autopts.ptsprojects.testcase.TestFunc'>, func=<function test_cases.<locals>.<lambda> at 0x000001E8FEADE3E0> start_wid=None stop_wid=None post_wid=None skip_call=None call_count=50 args=() kwds={}
2025-01-08 21:22:31,332 LT1-thread root DEBUG client.py                 71    logger_log                : 15) class=<class 'autopts.ptsprojects.testcase.TestFunc'>, func=<function test_cases.<locals>.<lambda> at 0x000001E8FEADE480> start_wid=None stop_wid=None post_wid=None skip_call=None call_count=50 args=() kwds={}
2025-01-08 21:22:31,332 LT1-thread root DEBUG client.py                 71    logger_log                : 16) class=<class 'autopts.ptsprojects.testcase.TestFunc'>, func=<function test_cases.<locals>.<lambda> at 0x000001E8FEADE520> start_wid=None stop_wid=None post_wid=None skip_call=None call_count=50 args=() kwds={}
2025-01-08 21:22:31,332 LT1-thread root DEBUG client.py                 71    logger_log                : 17) class=<class 'autopts.ptsprojects.testcase.TestFunc'>, func=<function test_cases.<locals>.<lambda> at 0x000001E8FEADE5C0> start_wid=None stop_wid=None post_wid=None skip_call=None call_count=50 args=() kwds={}
2025-01-08 21:22:31,332 LT1-thread root DEBUG client.py                 71    logger_log                : 18) class=<class 'autopts.ptsprojects.testcase.TestFunc'>, func=<function test_cases.<locals>.<lambda> at 0x000001E8FEADE660> start_wid=None stop_wid=None post_wid=None skip_call=None call_count=50 args=() kwds={}
2025-01-08 21:22:31,332 LT1-thread root DEBUG client.py                 71    logger_log                : 19) class=<class 'autopts.ptsprojects.testcase.TestFunc'>, func=<function test_cases.<locals>.<lambda> at 0x000001E8FEADE700> start_wid=None stop_wid=None post_wid=None skip_call=None call_count=50 args=() kwds={}
2025-01-08 21:22:31,332 LT1-thread root DEBUG client.py                 71    logger_log                : 20) class=<class 'autopts.ptsprojects.testcase.TestFunc'>, func=<function core_reg_svc_gatt at 0x000001E8FA3D4680> start_wid=None stop_wid=None post_wid=None skip_call=None call_count=50 args=() kwds={}
2025-01-08 21:22:31,332 LT1-thread root DEBUG client.py                 71    logger_log                : 21) class=<class 'autopts.ptsprojects.testcase.TestFunc'>, func=<bound method Stack.gatt_init of <autopts.ptsprojects.stack.stack.Stack object at 0x000001E8FE401590>> start_wid=None stop_wid=None post_wid=None skip_call=None call_count=50 args=() kwds={}
2025-01-08 21:22:31,332 LT1-thread root DEBUG client.py                 71    logger_log                : 22) class=<class 'autopts.ptsprojects.testcase.TestFunc'>, func=<function gap_set_io_cap at 0x000001E8FA3D7920> start_wid=None stop_wid=None post_wid=None skip_call=None call_count=50 args=(4,) kwds={}
2025-01-08 21:22:31,332 LT1-thread root DEBUG client.py                 71    logger_log                : 23) class=<class 'autopts.ptsprojects.testcase.TestFunc'>, func=<function set_pts_addr at 0x000001E8FA3D40E0> start_wid=None stop_wid=None post_wid=None skip_call=None call_count=50 args=('C0:07:E8:59:F2:E6', 0) kwds={}
2025-01-08 21:22:31,332 LT1-thread root DEBUG client.py                 71    logger_log                : 24) class=<class 'autopts.ptsprojects.testcase.TestFunc'>, func=<function gatts_add_svc at 0x000001E8FA3E5DA0> start_wid=None stop_wid=None post_wid=None skip_call=None call_count=50 args=(0, 'AA51') kwds={}
2025-01-08 21:22:31,332 LT1-thread root DEBUG client.py                 71    logger_log                : 25) class=<class 'autopts.ptsprojects.testcase.TestFunc'>, func=<function gatts_add_char at 0x000001E8FA3E5EE0> start_wid=None stop_wid=None post_wid=None skip_call=None call_count=50 args=(0, 2, 17, 'AA52') kwds={}
2025-01-08 21:22:31,332 LT1-thread root DEBUG client.py                 71    logger_log                : 26) class=<class 'autopts.ptsprojects.testcase.TestFunc'>, func=<function gatts_set_val at 0x000001E8FA3E5F80> start_wid=None stop_wid=None post_wid=None skip_call=None call_count=50 args=(0, '01') kwds={}
2025-01-08 21:22:31,332 LT1-thread root DEBUG client.py                 71    logger_log                : 27) class=<class 'autopts.ptsprojects.testcase.TestFunc'>, func=<function gatts_add_char at 0x000001E8FA3E5EE0> start_wid=None stop_wid=None post_wid=None skip_call=None call_count=50 args=(0, 2, 5, 'AA53') kwds={}
2025-01-08 21:22:31,332 LT1-thread root DEBUG client.py                 71    logger_log                : 28) class=<class 'autopts.ptsprojects.testcase.TestFunc'>, func=<function gatts_set_val at 0x000001E8FA3E5F80> start_wid=None stop_wid=None post_wid=None skip_call=None call_count=50 args=(0, '02') kwds={}
2025-01-08 21:22:31,332 LT1-thread root DEBUG client.py                 71    logger_log                : 29) class=<class 'autopts.ptsprojects.testcase.TestFunc'>, func=<function gatts_add_char at 0x000001E8FA3E5EE0> start_wid=None stop_wid=None post_wid=None skip_call=None call_count=50 args=(0, 66, 3, 'AA54') kwds={}
2025-01-08 21:22:31,332 LT1-thread root DEBUG client.py                 71    logger_log                : 30) class=<class 'autopts.ptsprojects.testcase.TestFunc'>, func=<function gatts_set_val at 0x000001E8FA3E5F80> start_wid=None stop_wid=None post_wid=None skip_call=None call_count=50 args=(0, '03') kwds={}
2025-01-08 21:22:31,332 LT1-thread root DEBUG client.py                 71    logger_log                : 31) class=<class 'autopts.ptsprojects.testcase.TestFunc'>, func=<function gatts_add_char at 0x000001E8FA3E5EE0> start_wid=None stop_wid=None post_wid=None skip_call=None call_count=50 args=(0, 10, 48, 'AA55') kwds={}
2025-01-08 21:22:31,332 LT1-thread root DEBUG client.py                 71    logger_log                : 32) class=<class 'autopts.ptsprojects.testcase.TestFunc'>, func=<function gatts_set_val at 0x000001E8FA3E5F80> start_wid=None stop_wid=None post_wid=None skip_call=None call_count=50 args=(0, '04') kwds={}
2025-01-08 21:22:31,332 LT1-thread root DEBUG client.py                 71    logger_log                : 33) class=<class 'autopts.ptsprojects.testcase.TestFunc'>, func=<function gatts_start_server at 0x000001E8FA3E6200> start_wid=None stop_wid=None post_wid=None skip_call=None call_count=50 args=() kwds={}
2025-01-08 21:22:31,332 LT1-thread root DEBUG client.py                 71    logger_log                : 34) class=<class 'autopts.ptsprojects.testcase.TestFuncCleanUp'>, func=<bound method Stack.cleanup of <autopts.ptsprojects.stack.stack.Stack object at 0x000001E8FE401590>> start_wid=None stop_wid=None post_wid=None skip_call=None call_count=0 args=() kwds={}
2025-01-08 21:22:31,332 LT1-thread root DEBUG client.py                 71    logger_log                : 35) class=<class 'autopts.ptsprojects.testcase.TestFuncCleanUp'>, func=<bound method ZephyrCtl.stop of <autopts.ptsprojects.zephyr.iutctl.ZephyrCtl object at 0x000001E8FB029B90>> start_wid=None stop_wid=None post_wid=None skip_call=None call_count=0 args=() kwds={}
2025-01-08 21:22:31,332 LT1-thread root DEBUG client.py                 71    logger_log                : pre_run, run pre test case script
2025-01-08 21:22:31,352 LT1-thread root DEBUG client.py                 71    logger_log                : Starting test function: class=<class 'autopts.ptsprojects.testcase.TestFunc'>, func=<bound method Stack.core_init of <autopts.ptsprojects.stack.stack.Stack object at 0x000001E8FE401590>> start_wid=None stop_wid=None post_wid=None skip_call=None call_count=1 args=() kwds={}
2025-01-08 21:22:31,352 LT1-thread root DEBUG client.py                 71    logger_log                : Test function parameters: args=(), kwds={}
2025-01-08 21:22:31,352 LT1-thread root DEBUG client.py                 71    logger_log                : Starting test function: class=<class 'autopts.ptsprojects.testcase.TestFunc'>, func=<bound method ZephyrCtl.hw_reset of <autopts.ptsprojects.zephyr.iutctl.ZephyrCtl object at 0x000001E8FB029B90>> start_wid=None stop_wid=None post_wid=None skip_call=None call_count=1 args=() kwds={}
2025-01-08 21:22:31,352 LT1-thread root DEBUG client.py                 71    logger_log                : Test function parameters: args=(), kwds={}
2025-01-08 21:22:31,352 LT1-thread root DEBUG client.py                 71    logger_log                : Starting test function: class=<class 'autopts.ptsprojects.testcase.TestFunc'>, func=<bound method ZephyrCtl.start of <autopts.ptsprojects.zephyr.iutctl.ZephyrCtl object at 0x000001E8FB029B90>> start_wid=None stop_wid=None post_wid=None skip_call=None call_count=1 args=(<autopts.ptsprojects.zephyr.ztestcase.ZTestCase object at 0x000001E8FECDAF90>,) kwds={}
2025-01-08 21:22:31,352 LT1-thread root DEBUG client.py                 71    logger_log                : Test function parameters: args=(<autopts.ptsprojects.zephyr.ztestcase.ZTestCase object at 0x000001E8FECDAF90>,), kwds={}
2025-01-08 21:22:31,352 LT1-thread root DEBUG client.py                 71    logger_log                : <class 'autopts.ptsprojects.zephyr.iutctl.ZephyrCtl'>.start
2025-01-08 21:22:31,352 LT1-thread root DEBUG client.py                 71    logger_log                : <class 'autopts.ptsprojects.zephyr.iutctl.ZephyrCtl'>.flush_serial
2025-01-08 21:22:32,582 LT1-thread root DEBUG client.py                 71    logger_log                : Starting socat process: socat.exe -x -v tcp:10.192.253.135:50539,retry=100,interval=1 /dev/ttyS34,raw,b115200
2025-01-08 21:22:32,602 LT1-thread root DEBUG client.py                 71    logger_log                : accept
2025-01-08 21:22:32,712 BTPWorkerThread-1191 (_rx_task) root DEBUG client.py                 71    logger_log                : BTPWorkerThread-1191 (_rx_task) started
2025-01-08 21:22:32,712 LT1-thread root DEBUG client.py                 71    logger_log                : Starting test function: class=<class 'autopts.ptsprojects.testcase.TestFunc'>, func=<bound method ZephyrCtl.hw_reset of <autopts.ptsprojects.zephyr.iutctl.ZephyrCtl object at 0x000001E8FB029B90>> start_wid=None stop_wid=None post_wid=None skip_call=None call_count=1 args=() kwds={}
2025-01-08 21:22:32,712 LT1-thread root DEBUG client.py                 71    logger_log                : Test function parameters: args=(), kwds={}
2025-01-08 21:22:32,712 LT1-thread root DEBUG client.py                 71    logger_log                : Starting test function: class=<class 'autopts.ptsprojects.testcase.TestFunc'>, func=<bound method ZephyrCtl.wait_iut_ready_event of <autopts.ptsprojects.zephyr.iutctl.ZephyrCtl object at 0x000001E8FB029B90>> start_wid=None stop_wid=None post_wid=None skip_call=None call_count=1 args=(False,) kwds={}
2025-01-08 21:22:32,712 LT1-thread root DEBUG client.py                 71    logger_log                : Test function parameters: args=(False,), kwds={}
2025-01-08 21:22:32,712 LT1-thread root DEBUG client.py                 71    logger_log                : IUT ready event received OK
2025-01-08 21:22:32,712 LT1-thread root DEBUG client.py                 71    logger_log                : <class 'autopts.rtt.RTTLogger'>.start
2025-01-08 21:22:32,712 LT1-thread root DEBUG client.py                 71    logger_log                : <class 'autopts.rtt.RTT'>.start
2025-01-08 21:22:33,762 BTPWorkerThread-1191 (_rx_task) root DEBUG client.py                 71    logger_log                : Read 5 bytes
2025-01-08 21:22:33,762 BTPWorkerThread-1191 (_rx_task) root DEBUG client.py                 71    logger_log                : Received: hdr: Header(svc_id=0x00, op=0x80, ctrl_index=0xff, data_len=0x00) bytearray(b'\x00\x80\xff\x00\x00')
2025-01-08 21:22:33,762 BTPWorkerThread-1191 (_rx_task) root DEBUG client.py                 71    logger_log                : Received data: {''}, bytearray(b'')
2025-01-08 21:22:33,762 BTPWorkerThread-1191 (_rx_task) root DEBUG client.py                 71    logger_log                : event_handler Header(svc_id=0, op=128, ctrl_index=255, data_len=0) (b'',)
2025-01-08 21:22:33,762 BTPWorkerThread-1191 (_rx_task) root DEBUG client.py                 71    logger_log                : core_iut_ready_ev
2025-01-08 21:22:43,570 LT1-thread root DEBUG client.py                 71    logger_log                : Starting test function: class=<class 'autopts.ptsprojects.testcase.TestFunc'>, func=<function core_reg_svc_gap at 0x000001E8FA3D4540> start_wid=None stop_wid=None post_wid=None skip_call=None call_count=51 args=() kwds={}
2025-01-08 21:22:43,570 LT1-thread root DEBUG client.py                 71    logger_log                : Test function parameters: args=(), kwds={}
2025-01-08 21:22:43,570 LT1-thread root DEBUG client.py                 71    logger_log                : core_reg_svc_gap
2025-01-08 21:22:43,570 LT1-thread root DEBUG client.py                 71    logger_log                : send, 0 3 255 '1'
2025-01-08 21:22:43,571 LT1-thread root DEBUG client.py                 71    logger_log                : sending frame '0003ff010001'
2025-01-08 21:22:43,571 LT1-thread root DEBUG client.py                 71    logger_log                : core_reg_svc_rsp_succ
2025-01-08 21:22:43,571 LT1-thread root DEBUG client.py                 71    logger_log                : read
2025-01-08 21:22:43,662 BTPWorkerThread-1191 (_rx_task) root DEBUG client.py                 71    logger_log                : Read 5 bytes
2025-01-08 21:22:43,668 BTPWorkerThread-1191 (_rx_task) root DEBUG client.py                 71    logger_log                : Received: hdr: Header(svc_id=0x00, op=0x03, ctrl_index=0xff, data_len=0x00) bytearray(b'\x00\x03\xff\x00\x00')
2025-01-08 21:22:43,668 BTPWorkerThread-1191 (_rx_task) root DEBUG client.py                 71    logger_log                : Received data: {''}, bytearray(b'')
2025-01-08 21:22:43,668 LT1-thread root DEBUG client.py                 71    logger_log                : received Header(svc_id=0, op=3, ctrl_index=255, data_len=0) (b'',)
2025-01-08 21:22:43,669 LT1-thread root DEBUG client.py                 71    logger_log                : expected ((0, 3, 255, 0), (b'',))
2025-01-08 21:22:43,669 LT1-thread root DEBUG client.py                 71    logger_log                : response is valid
2025-01-08 21:22:43,669 LT1-thread root DEBUG client.py                 71    logger_log                : Starting test function: class=<class 'autopts.ptsprojects.testcase.TestFunc'>, func=<bound method Stack.gap_init of <autopts.ptsprojects.stack.stack.Stack object at 0x000001E8FE401590>> start_wid=None stop_wid=None post_wid=None skip_call=None call_count=51 args=(b'Tester_59F2E6', 'ABCD', '1111', '1111', '11', '1111', b'\x17github.com/auto-pts', (8, 'PADV_Tester'), 'FF') kwds={}
2025-01-08 21:22:43,669 LT1-thread root DEBUG client.py                 71    logger_log                : Test function parameters: args=(b'Tester_59F2E6', 'ABCD', '1111', '1111', '11', '1111', b'\x17github.com/auto-pts', (8, 'PADV_Tester'), 'FF'), kwds={}
2025-01-08 21:22:43,670 LT1-thread root DEBUG client.py                 71    logger_log                : Starting test function: class=<class 'autopts.ptsprojects.testcase.TestFunc'>, func=<function gap_read_ctrl_info at 0x000001E8FA3E4400> start_wid=None stop_wid=None post_wid=None skip_call=None call_count=51 args=() kwds={}
2025-01-08 21:22:43,670 LT1-thread root DEBUG client.py                 71    logger_log                : Test function parameters: args=(), kwds={}
2025-01-08 21:22:43,670 LT1-thread root DEBUG client.py                 71    logger_log                : gap_read_ctrl_info
2025-01-08 21:22:43,670 LT1-thread root DEBUG client.py                 71    logger_log                : send, 1 3 0 ''
2025-01-08 21:22:43,670 LT1-thread root DEBUG client.py                 71    logger_log                : sending frame '0103000000'
2025-01-08 21:22:43,670 LT1-thread root DEBUG client.py                 71    logger_log                : read
2025-01-08 21:22:44,605 BTPWorkerThread-1191 (_rx_task) root DEBUG client.py                 71    logger_log                : Read 5 bytes
2025-01-08 21:22:44,616 BTPWorkerThread-1191 (_rx_task) root DEBUG client.py                 71    logger_log                : Received: hdr: Header(svc_id=0x01, op=0x03, ctrl_index=0x00, data_len=0x115) bytearray(b'\x01\x03\x00\x15\x01')
2025-01-08 21:22:44,650 BTPWorkerThread-1191 (_rx_task) root DEBUG client.py                 71    logger_log                : Read 277 bytes data
2025-01-08 21:22:44,662 BTPWorkerThread-1191 (_rx_task) root DEBUG client.py                 71    logger_log                : Received data: {'28 00 03 37 60 00 13 06 02 00 13 02 00 00 00 00 00 62 74 70 5f 74 65 73 74 65 72 00 00 00 00 00 00 00 00 00 00 00 00 00 00 00 00 00 00 00 00 00 00 00 00 00 00 00 00 00 00 00 00 00 00 00 00 00 00 00 00 00 00 00 00 00 00 00 00 00 00 00 00 00 00 00 00 00 00 00 00 00 00 00 00 00 00 00 00 00 00 00 00 00 00 00 00 00 00 00 00 00 00 00 00 00 00 00 00 00 00 00 00 00 00 00 00 00 00 00 00 00 00 00 00 00 00 00 00 00 00 00 00 00 00 00 00 00 00 00 00 00 00 00 00 00 00 00 00 00 00 00 00 00 00 00 00 00 00 00 00 00 00 00 00 00 00 00 00 00 00 00 00 00 00 00 00 00 00 00 00 00 00 00 00 00 00 00 00 00 00 00 00 00 00 00 00 00 00 00 00 00 00 00 00 00 00 00 00 00 00 00 00 00 00 00 00 00 00 00 00 00 00 00 00 00 00 00 00 00 00 00 00 00 00 00 00 00 00 00 00 00 00 00 00 00 00 00 00 00 00 00 00 00 00 00 00 00 00 00 00 00 00 00 00 00 00 00 00 00 00'}, bytearray(b'(\x00\x037`\x00\x13\x06\x02\x00\x13\x02\x00\x00\x00\x00\x00btp_tester\x00\x00\x00\x00\x00\x00\x00\x00\x00\x00\x00\x00\x00\x00\x00\x00\x00\x00\x00\x00\x00\x00\x00\x00\x00\x00\x00\x00\x00\x00\x00\x00\x00\x00\x00\x00\x00\x00\x00\x00\x00\x00\x00\x00\x00\x00\x00\x00\x00\x00\x00\x00\x00\x00\x00\x00\x00\x00\x00\x00\x00\x00\x00\x00\x00\x00\x00\x00\x00\x00\x00\x00\x00\x00\x00\x00\x00\x00\x00\x00\x00\x00\x00\x00\x00\x00\x00\x00\x00\x00\x00\x00\x00\x00\x00\x00\x00\x00\x00\x00\x00\x00\x00\x00\x00\x00\x00\x00\x00\x00\x00\x00\x00\x00\x00\x00\x00\x00\x00\x00\x00\x00\x00\x00\x00\x00\x00\x00\x00\x00\x00\x00\x00\x00\x00\x00\x00\x00\x00\x00\x00\x00\x00\x00\x00\x00\x00\x00\x00\x00\x00\x00\x00\x00\x00\x00\x00\x00\x00\x00\x00\x00\x00\x00\x00\x00\x00\x00\x00\x00\x00\x00\x00\x00\x00\x00\x00\x00\x00\x00\x00\x00\x00\x00\x00\x00\x00\x00\x00\x00\x00\x00\x00\x00\x00\x00\x00\x00\x00\x00\x00\x00\x00\x00\x00\x00\x00\x00\x00\x00\x00\x00\x00\x00\x00\x00\x00\x00\x00\x00\x00\x00\x00\x00\x00\x00\x00\x00\x00\x00\x00\x00\x00\x00\x00\x00\x00\x00\x00\x00\x00\x00\x00\x00\x00\x00\x00\x00\x00\x00')
2025-01-08 21:22:44,691 LT1-thread root DEBUG client.py                 71    logger_log                : received Header(svc_id=1, op=3, ctrl_index=0, data_len=277) (b'(\x00\x037`\x00\x13\x06\x02\x00\x13\x02\x00\x00\x00\x00\x00btp_tester\x00\x00\x00\x00\x00\x00\x00\x00\x00\x00\x00\x00\x00\x00\x00\x00\x00\x00\x00\x00\x00\x00\x00\x00\x00\x00\x00\x00\x00\x00\x00\x00\x00\x00\x00\x00\x00\x00\x00\x00\x00\x00\x00\x00\x00\x00\x00\x00\x00\x00\x00\x00\x00\x00\x00\x00\x00\x00\x00\x00\x00\x00\x00\x00\x00\x00\x00\x00\x00\x00\x00\x00\x00\x00\x00\x00\x00\x00\x00\x00\x00\x00\x00\x00\x00\x00\x00\x00\x00\x00\x00\x00\x00\x00\x00\x00\x00\x00\x00\x00\x00\x00\x00\x00\x00\x00\x00\x00\x00\x00\x00\x00\x00\x00\x00\x00\x00\x00\x00\x00\x00\x00\x00\x00\x00\x00\x00\x00\x00\x00\x00\x00\x00\x00\x00\x00\x00\x00\x00\x00\x00\x00\x00\x00\x00\x00\x00\x00\x00\x00\x00\x00\x00\x00\x00\x00\x00\x00\x00\x00\x00\x00\x00\x00\x00\x00\x00\x00\x00\x00\x00\x00\x00\x00\x00\x00\x00\x00\x00\x00\x00\x00\x00\x00\x00\x00\x00\x00\x00\x00\x00\x00\x00\x00\x00\x00\x00\x00\x00\x00\x00\x00\x00\x00\x00\x00\x00\x00\x00\x00\x00\x00\x00\x00\x00\x00\x00\x00\x00\x00\x00\x00\x00\x00\x00\x00\x00\x00\x00\x00\x00\x00\x00\x00\x00\x00\x00\x00\x00\x00\x00\x00\x00\x00\x00\x00\x00\x00\x00\x00',)
2025-01-08 21:22:44,691 LT1-thread root DEBUG client.py                 71    logger_log                : IUT address '006037030028' 'public'
2025-01-08 21:22:44,691 LT1-thread root DEBUG client.py                 71    logger_log                : __gap_current_settings_update 531
2025-01-08 21:22:44,691 LT1-thread root DEBUG client.py                 71    logger_log                : Starting test function: class=<class 'autopts.ptsprojects.testcase.TestFunc'>, func=<function test_cases.<locals>.<lambda> at 0x000001E8FE90FD80> start_wid=None stop_wid=None post_wid=None skip_call=None call_count=51 args=() kwds={}
2025-01-08 21:22:44,692 LT1-thread root DEBUG client.py                 71    logger_log                : Test function parameters: args=(), kwds={}
2025-01-08 21:22:44,705 LT1-thread root DEBUG client.py                 71    logger_log                : Starting test function: class=<class 'autopts.ptsprojects.testcase.TestFunc'>, func=<function test_cases.<locals>.<lambda> at 0x000001E8FEADCE00> start_wid=None stop_wid=None post_wid=None skip_call=None call_count=51 args=() kwds={}
2025-01-08 21:22:44,705 LT1-thread root DEBUG client.py                 71    logger_log                : Test function parameters: args=(), kwds={}
2025-01-08 21:22:44,718 LT1-thread root DEBUG client.py                 71    logger_log                : Starting test function: class=<class 'autopts.ptsprojects.testcase.TestFunc'>, func=<function test_cases.<locals>.<lambda> at 0x000001E8FEADCAE0> start_wid=None stop_wid=None post_wid=None skip_call=None call_count=51 args=() kwds={}
2025-01-08 21:22:44,718 LT1-thread root DEBUG client.py                 71    logger_log                : Test function parameters: args=(), kwds={}
2025-01-08 21:22:44,730 LT1-thread root DEBUG client.py                 71    logger_log                : Starting test function: class=<class 'autopts.ptsprojects.testcase.TestFunc'>, func=<function test_cases.<locals>.<lambda> at 0x000001E8FEADC7C0> start_wid=None stop_wid=None post_wid=None skip_call=None call_count=51 args=() kwds={}
2025-01-08 21:22:44,731 LT1-thread root DEBUG client.py                 71    logger_log                : Test function parameters: args=(), kwds={}
2025-01-08 21:22:44,744 LT1-thread root DEBUG client.py                 71    logger_log                : Starting test function: class=<class 'autopts.ptsprojects.testcase.TestFunc'>, func=<function test_cases.<locals>.<lambda> at 0x000001E8FEADC5E0> start_wid=None stop_wid=None post_wid=None skip_call=None call_count=51 args=() kwds={}
2025-01-08 21:22:44,744 LT1-thread root DEBUG client.py                 71    logger_log                : Test function parameters: args=(), kwds={}
2025-01-08 21:22:44,757 LT1-thread root DEBUG client.py                 71    logger_log                : Starting test function: class=<class 'autopts.ptsprojects.testcase.TestFunc'>, func=<function test_cases.<locals>.<lambda> at 0x000001E8FEADE340> start_wid=None stop_wid=None post_wid=None skip_call=None call_count=51 args=() kwds={}
2025-01-08 21:22:44,757 LT1-thread root DEBUG client.py                 71    logger_log                : Test function parameters: args=(), kwds={}
2025-01-08 21:22:44,771 LT1-thread root DEBUG client.py                 71    logger_log                : Starting test function: class=<class 'autopts.ptsprojects.testcase.TestFunc'>, func=<function test_cases.<locals>.<lambda> at 0x000001E8FEADE3E0> start_wid=None stop_wid=None post_wid=None skip_call=None call_count=51 args=() kwds={}
2025-01-08 21:22:44,771 LT1-thread root DEBUG client.py                 71    logger_log                : Test function parameters: args=(), kwds={}
2025-01-08 21:22:44,787 LT1-thread root DEBUG client.py                 71    logger_log                : Starting test function: class=<class 'autopts.ptsprojects.testcase.TestFunc'>, func=<function test_cases.<locals>.<lambda> at 0x000001E8FEADE480> start_wid=None stop_wid=None post_wid=None skip_call=None call_count=51 args=() kwds={}
2025-01-08 21:22:44,787 LT1-thread root DEBUG client.py                 71    logger_log                : Test function parameters: args=(), kwds={}
2025-01-08 21:22:44,804 LT1-thread root DEBUG client.py                 71    logger_log                : Starting test function: class=<class 'autopts.ptsprojects.testcase.TestFunc'>, func=<function test_cases.<locals>.<lambda> at 0x000001E8FEADE520> start_wid=None stop_wid=None post_wid=None skip_call=None call_count=51 args=() kwds={}
2025-01-08 21:22:44,804 LT1-thread root DEBUG client.py                 71    logger_log                : Test function parameters: args=(), kwds={}
2025-01-08 21:22:44,817 LT1-thread root DEBUG client.py                 71    logger_log                : Starting test function: class=<class 'autopts.ptsprojects.testcase.TestFunc'>, func=<function test_cases.<locals>.<lambda> at 0x000001E8FEADE5C0> start_wid=None stop_wid=None post_wid=None skip_call=None call_count=51 args=() kwds={}
2025-01-08 21:22:44,817 LT1-thread root DEBUG client.py                 71    logger_log                : Test function parameters: args=(), kwds={}
2025-01-08 21:22:44,832 LT1-thread root DEBUG client.py                 71    logger_log                : Starting test function: class=<class 'autopts.ptsprojects.testcase.TestFunc'>, func=<function test_cases.<locals>.<lambda> at 0x000001E8FEADE660> start_wid=None stop_wid=None post_wid=None skip_call=None call_count=51 args=() kwds={}
2025-01-08 21:22:44,832 LT1-thread root DEBUG client.py                 71    logger_log                : Test function parameters: args=(), kwds={}
2025-01-08 21:22:44,846 LT1-thread root DEBUG client.py                 71    logger_log                : Starting test function: class=<class 'autopts.ptsprojects.testcase.TestFunc'>, func=<function test_cases.<locals>.<lambda> at 0x000001E8FEADE700> start_wid=None stop_wid=None post_wid=None skip_call=None call_count=51 args=() kwds={}
2025-01-08 21:22:44,847 LT1-thread root DEBUG client.py                 71    logger_log                : Test function parameters: args=(), kwds={}
2025-01-08 21:22:44,860 LT1-thread root DEBUG client.py                 71    logger_log                : Starting test function: class=<class 'autopts.ptsprojects.testcase.TestFunc'>, func=<function core_reg_svc_gatt at 0x000001E8FA3D4680> start_wid=None stop_wid=None post_wid=None skip_call=None call_count=51 args=() kwds={}
2025-01-08 21:22:44,860 LT1-thread root DEBUG client.py                 71    logger_log                : Test function parameters: args=(), kwds={}
2025-01-08 21:22:44,860 LT1-thread root DEBUG client.py                 71    logger_log                : core_reg_svc_gatt
2025-01-08 21:22:44,860 LT1-thread root DEBUG client.py                 71    logger_log                : send, 0 3 255 '2'
2025-01-08 21:22:44,861 LT1-thread root DEBUG client.py                 71    logger_log                : sending frame '0003ff010002'
2025-01-08 21:22:44,861 LT1-thread root DEBUG client.py                 71    logger_log                : core_reg_svc_rsp_succ
2025-01-08 21:22:44,861 LT1-thread root DEBUG client.py                 71    logger_log                : read
2025-01-08 21:22:44,919 BTPWorkerThread-1191 (_rx_task) root DEBUG client.py                 71    logger_log                : Read 5 bytes
2025-01-08 21:22:44,919 BTPWorkerThread-1191 (_rx_task) root DEBUG client.py                 71    logger_log                : Received: hdr: Header(svc_id=0x00, op=0x03, ctrl_index=0xff, data_len=0x00) bytearray(b'\x00\x03\xff\x00\x00')
2025-01-08 21:22:44,919 BTPWorkerThread-1191 (_rx_task) root DEBUG client.py                 71    logger_log                : Received data: {''}, bytearray(b'')
2025-01-08 21:22:44,920 LT1-thread root DEBUG client.py                 71    logger_log                : received Header(svc_id=0, op=3, ctrl_index=255, data_len=0) (b'',)
2025-01-08 21:22:44,920 LT1-thread root DEBUG client.py                 71    logger_log                : expected ((0, 3, 255, 0), (b'',))
2025-01-08 21:22:44,920 LT1-thread root DEBUG client.py                 71    logger_log                : response is valid
2025-01-08 21:22:44,920 LT1-thread root DEBUG client.py                 71    logger_log                : Starting test function: class=<class 'autopts.ptsprojects.testcase.TestFunc'>, func=<bound method Stack.gatt_init of <autopts.ptsprojects.stack.stack.Stack object at 0x000001E8FE401590>> start_wid=None stop_wid=None post_wid=None skip_call=None call_count=51 args=() kwds={}
2025-01-08 21:22:44,920 LT1-thread root DEBUG client.py                 71    logger_log                : Test function parameters: args=(), kwds={}
2025-01-08 21:22:44,921 LT1-thread root DEBUG client.py                 71    logger_log                : Starting test function: class=<class 'autopts.ptsprojects.testcase.TestFunc'>, func=<function gap_set_io_cap at 0x000001E8FA3D7920> start_wid=None stop_wid=None post_wid=None skip_call=None call_count=51 args=(4,) kwds={}
2025-01-08 21:22:44,921 LT1-thread root DEBUG client.py                 71    logger_log                : Test function parameters: args=(4,), kwds={}
2025-01-08 21:22:44,921 LT1-thread root DEBUG client.py                 71    logger_log                : gap_set_io_cap 4
2025-01-08 21:22:44,921 LT1-thread root DEBUG client.py                 71    logger_log                : send, 1 16 0 '\x04'
2025-01-08 21:22:44,921 LT1-thread root DEBUG client.py                 71    logger_log                : sending frame '011000010004'
2025-01-08 21:22:44,921 LT1-thread root DEBUG client.py                 71    logger_log                : gap_command_rsp_succ
2025-01-08 21:22:44,921 LT1-thread root DEBUG client.py                 71    logger_log                : read
2025-01-08 21:22:44,971 BTPWorkerThread-1191 (_rx_task) root DEBUG client.py                 71    logger_log                : Read 5 bytes
2025-01-08 21:22:44,983 BTPWorkerThread-1191 (_rx_task) root DEBUG client.py                 71    logger_log                : Received: hdr: Header(svc_id=0x01, op=0x10, ctrl_index=0x00, data_len=0x00) bytearray(b'\x01\x10\x00\x00\x00')
2025-01-08 21:22:44,988 BTPWorkerThread-1191 (_rx_task) root DEBUG client.py                 71    logger_log                : Received data: {''}, bytearray(b'')
2025-01-08 21:22:45,004 LT1-thread root DEBUG client.py                 71    logger_log                : received Header(svc_id=1, op=16, ctrl_index=0, data_len=0) (b'',)
2025-01-08 21:22:45,004 LT1-thread root DEBUG client.py                 71    logger_log                : Starting test function: class=<class 'autopts.ptsprojects.testcase.TestFunc'>, func=<function set_pts_addr at 0x000001E8FA3D40E0> start_wid=None stop_wid=None post_wid=None skip_call=None call_count=51 args=('C0:07:E8:59:F2:E6', 0) kwds={}
2025-01-08 21:22:45,004 LT1-thread root DEBUG client.py                 71    logger_log                : Test function parameters: args=('C0:07:E8:59:F2:E6', 0), kwds={}
2025-01-08 21:22:45,005 LT1-thread root DEBUG client.py                 71    logger_log                : Starting test function: class=<class 'autopts.ptsprojects.testcase.TestFunc'>, func=<function gatts_add_svc at 0x000001E8FA3E5DA0> start_wid=None stop_wid=None post_wid=None skip_call=None call_count=51 args=(0, 'AA51') kwds={}
2025-01-08 21:22:45,005 LT1-thread root DEBUG client.py                 71    logger_log                : Test function parameters: args=(0, 'AA51'), kwds={}
2025-01-08 21:22:45,005 LT1-thread root DEBUG client.py                 71    logger_log                : gatts_add_svc 0 'AA51'
2025-01-08 21:22:45,005 LT1-thread root DEBUG client.py                 71    logger_log                : send, 2 2 0 "bytearray(b'\\x00\\x02\\xaaQ')"
2025-01-08 21:22:45,005 LT1-thread root DEBUG client.py                 71    logger_log                : sending frame '02020004000002aa51'
2025-01-08 21:22:45,005 LT1-thread root DEBUG client.py                 71    logger_log                : gatt_command_rsp_succ
2025-01-08 21:22:45,005 LT1-thread root DEBUG client.py                 71    logger_log                : read
2025-01-08 21:22:45,054 BTPWorkerThread-1191 (_rx_task) root DEBUG client.py                 71    logger_log                : Read 5 bytes
2025-01-08 21:22:45,076 BTPWorkerThread-1191 (_rx_task) root DEBUG client.py                 71    logger_log                : Received: hdr: Header(svc_id=0x02, op=0x02, ctrl_index=0x00, data_len=0x02) bytearray(b'\x02\x02\x00\x02\x00')
2025-01-08 21:22:45,103 BTPWorkerThread-1191 (_rx_task) root DEBUG client.py                 71    logger_log                : Read 2 bytes data
2025-01-08 21:22:45,120 BTPWorkerThread-1191 (_rx_task) root DEBUG client.py                 71    logger_log                : Received data: {'00 00'}, bytearray(b'\x00\x00')
2025-01-08 21:22:45,136 LT1-thread root DEBUG client.py                 71    logger_log                : received Header(svc_id=2, op=2, ctrl_index=0, data_len=2) (b'\x00\x00',)
2025-01-08 21:22:45,136 LT1-thread root DEBUG client.py                 71    logger_log                : Starting test function: class=<class 'autopts.ptsprojects.testcase.TestFunc'>, func=<function gatts_add_char at 0x000001E8FA3E5EE0> start_wid=None stop_wid=None post_wid=None skip_call=None call_count=51 args=(0, 2, 17, 'AA52') kwds={}
2025-01-08 21:22:45,136 LT1-thread root DEBUG client.py                 71    logger_log                : Test function parameters: args=(0, 2, 17, 'AA52'), kwds={}
2025-01-08 21:22:45,137 LT1-thread root DEBUG client.py                 71    logger_log                : gatts_add_char 0 2 17 'AA52'
2025-01-08 21:22:45,137 LT1-thread root DEBUG client.py                 71    logger_log                : send, 2 3 0 "bytearray(b'\\x00\\x00\\x02\\x11\\x02\\xaaR')"
2025-01-08 21:22:45,137 LT1-thread root DEBUG client.py                 71    logger_log                : sending frame '02030007000000021102aa52'
2025-01-08 21:22:45,138 LT1-thread root DEBUG client.py                 71    logger_log                : gatt_command_rsp_succ
2025-01-08 21:22:45,138 LT1-thread root DEBUG client.py                 71    logger_log                : read
2025-01-08 21:22:45,195 BTPWorkerThread-1191 (_rx_task) root DEBUG client.py                 71    logger_log                : Read 5 bytes
2025-01-08 21:22:45,207 BTPWorkerThread-1191 (_rx_task) root DEBUG client.py                 71    logger_log                : Received: hdr: Header(svc_id=0x02, op=0x03, ctrl_index=0x00, data_len=0x02) bytearray(b'\x02\x03\x00\x02\x00')
2025-01-08 21:22:45,217 BTPWorkerThread-1191 (_rx_task) root DEBUG client.py                 71    logger_log                : Read 2 bytes data
2025-01-08 21:22:45,217 BTPWorkerThread-1191 (_rx_task) root DEBUG client.py                 71    logger_log                : Received data: {'00 00'}, bytearray(b'\x00\x00')
2025-01-08 21:22:45,217 LT1-thread root DEBUG client.py                 71    logger_log                : received Header(svc_id=2, op=3, ctrl_index=0, data_len=2) (b'\x00\x00',)
2025-01-08 21:22:45,218 LT1-thread root DEBUG client.py                 71    logger_log                : Starting test function: class=<class 'autopts.ptsprojects.testcase.TestFunc'>, func=<function gatts_set_val at 0x000001E8FA3E5F80> start_wid=None stop_wid=None post_wid=None skip_call=None call_count=51 args=(0, '01') kwds={}
2025-01-08 21:22:45,218 LT1-thread root DEBUG client.py                 71    logger_log                : Test function parameters: args=(0, '01'), kwds={}
2025-01-08 21:22:45,218 LT1-thread root DEBUG client.py                 71    logger_log                : gatts_set_val 0 '01' 
2025-01-08 21:22:45,218 LT1-thread root DEBUG client.py                 71    logger_log                : send, 2 6 0 "bytearray(b'\\x00\\x00\\x01\\x00\\x01')"
2025-01-08 21:22:45,218 LT1-thread root DEBUG client.py                 71    logger_log                : sending frame '02060005000000010001'
2025-01-08 21:22:45,218 LT1-thread root DEBUG client.py                 71    logger_log                : gatt_command_rsp_succ
2025-01-08 21:22:45,219 LT1-thread root DEBUG client.py                 71    logger_log                : read
2025-01-08 21:22:45,275 BTPWorkerThread-1191 (_rx_task) root DEBUG client.py                 71    logger_log                : Read 5 bytes
2025-01-08 21:22:45,286 BTPWorkerThread-1191 (_rx_task) root DEBUG client.py                 71    logger_log                : Received: hdr: Header(svc_id=0x02, op=0x06, ctrl_index=0x00, data_len=0x00) bytearray(b'\x02\x06\x00\x00\x00')
2025-01-08 21:22:45,314 BTPWorkerThread-1191 (_rx_task) root DEBUG client.py                 71    logger_log                : Received data: {''}, bytearray(b'')
2025-01-08 21:22:45,330 LT1-thread root DEBUG client.py                 71    logger_log                : received Header(svc_id=2, op=6, ctrl_index=0, data_len=0) (b'',)
2025-01-08 21:22:45,330 LT1-thread root DEBUG client.py                 71    logger_log                : Starting test function: class=<class 'autopts.ptsprojects.testcase.TestFunc'>, func=<function gatts_add_char at 0x000001E8FA3E5EE0> start_wid=None stop_wid=None post_wid=None skip_call=None call_count=51 args=(0, 2, 5, 'AA53') kwds={}
2025-01-08 21:22:45,330 LT1-thread root DEBUG client.py                 71    logger_log                : Test function parameters: args=(0, 2, 5, 'AA53'), kwds={}
2025-01-08 21:22:45,330 LT1-thread root DEBUG client.py                 71    logger_log                : gatts_add_char 0 2 5 'AA53'
2025-01-08 21:22:45,330 LT1-thread root DEBUG client.py                 71    logger_log                : send, 2 3 0 "bytearray(b'\\x00\\x00\\x02\\x05\\x02\\xaaS')"
2025-01-08 21:22:45,331 LT1-thread root DEBUG client.py                 71    logger_log                : sending frame '02030007000000020502aa53'
2025-01-08 21:22:45,331 LT1-thread root DEBUG client.py                 71    logger_log                : gatt_command_rsp_succ
2025-01-08 21:22:45,331 LT1-thread root DEBUG client.py                 71    logger_log                : read
2025-01-08 21:22:45,400 BTPWorkerThread-1191 (_rx_task) root DEBUG client.py                 71    logger_log                : Read 5 bytes
2025-01-08 21:22:45,410 BTPWorkerThread-1191 (_rx_task) root DEBUG client.py                 71    logger_log                : Received: hdr: Header(svc_id=0x02, op=0x03, ctrl_index=0x00, data_len=0x02) bytearray(b'\x02\x03\x00\x02\x00')
2025-01-08 21:22:45,449 BTPWorkerThread-1191 (_rx_task) root DEBUG client.py                 71    logger_log                : Read 2 bytes data
2025-01-08 21:22:45,460 BTPWorkerThread-1191 (_rx_task) root DEBUG client.py                 71    logger_log                : Received data: {'00 00'}, bytearray(b'\x00\x00')
2025-01-08 21:22:45,477 LT1-thread root DEBUG client.py                 71    logger_log                : received Header(svc_id=2, op=3, ctrl_index=0, data_len=2) (b'\x00\x00',)
2025-01-08 21:22:45,477 LT1-thread root DEBUG client.py                 71    logger_log                : Starting test function: class=<class 'autopts.ptsprojects.testcase.TestFunc'>, func=<function gatts_set_val at 0x000001E8FA3E5F80> start_wid=None stop_wid=None post_wid=None skip_call=None call_count=51 args=(0, '02') kwds={}
2025-01-08 21:22:45,477 LT1-thread root DEBUG client.py                 71    logger_log                : Test function parameters: args=(0, '02'), kwds={}
2025-01-08 21:22:45,477 LT1-thread root DEBUG client.py                 71    logger_log                : gatts_set_val 0 '02' 
2025-01-08 21:22:45,477 LT1-thread root DEBUG client.py                 71    logger_log                : send, 2 6 0 "bytearray(b'\\x00\\x00\\x01\\x00\\x02')"
2025-01-08 21:22:45,478 LT1-thread root DEBUG client.py                 71    logger_log                : sending frame '02060005000000010002'
2025-01-08 21:22:45,478 LT1-thread root DEBUG client.py                 71    logger_log                : gatt_command_rsp_succ
2025-01-08 21:22:45,478 LT1-thread root DEBUG client.py                 71    logger_log                : read
2025-01-08 21:22:45,541 BTPWorkerThread-1191 (_rx_task) root DEBUG client.py                 71    logger_log                : Read 5 bytes
2025-01-08 21:22:45,552 BTPWorkerThread-1191 (_rx_task) root DEBUG client.py                 71    logger_log                : Received: hdr: Header(svc_id=0x02, op=0x06, ctrl_index=0x00, data_len=0x00) bytearray(b'\x02\x06\x00\x00\x00')
2025-01-08 21:22:45,562 BTPWorkerThread-1191 (_rx_task) root DEBUG client.py                 71    logger_log                : Received data: {''}, bytearray(b'')
2025-01-08 21:22:45,578 LT1-thread root DEBUG client.py                 71    logger_log                : received Header(svc_id=2, op=6, ctrl_index=0, data_len=0) (b'',)
2025-01-08 21:22:45,578 LT1-thread root DEBUG client.py                 71    logger_log                : Starting test function: class=<class 'autopts.ptsprojects.testcase.TestFunc'>, func=<function gatts_add_char at 0x000001E8FA3E5EE0> start_wid=None stop_wid=None post_wid=None skip_call=None call_count=51 args=(0, 66, 3, 'AA54') kwds={}
2025-01-08 21:22:45,578 LT1-thread root DEBUG client.py                 71    logger_log                : Test function parameters: args=(0, 66, 3, 'AA54'), kwds={}
2025-01-08 21:22:45,578 LT1-thread root DEBUG client.py                 71    logger_log                : gatts_add_char 0 66 3 'AA54'
2025-01-08 21:22:45,579 LT1-thread root DEBUG client.py                 71    logger_log                : send, 2 3 0 "bytearray(b'\\x00\\x00B\\x03\\x02\\xaaT')"
2025-01-08 21:22:45,579 LT1-thread root DEBUG client.py                 71    logger_log                : sending frame '02030007000000420302aa54'
2025-01-08 21:22:45,579 LT1-thread root DEBUG client.py                 71    logger_log                : gatt_command_rsp_succ
2025-01-08 21:22:45,579 LT1-thread root DEBUG client.py                 71    logger_log                : read
2025-01-08 21:22:45,641 BTPWorkerThread-1191 (_rx_task) root DEBUG client.py                 71    logger_log                : Read 5 bytes
2025-01-08 21:22:45,658 BTPWorkerThread-1191 (_rx_task) root DEBUG client.py                 71    logger_log                : Received: hdr: Header(svc_id=0x02, op=0x03, ctrl_index=0x00, data_len=0x02) bytearray(b'\x02\x03\x00\x02\x00')
2025-01-08 21:22:45,681 BTPWorkerThread-1191 (_rx_task) root DEBUG client.py                 71    logger_log                : Read 2 bytes data
2025-01-08 21:22:45,692 BTPWorkerThread-1191 (_rx_task) root DEBUG client.py                 71    logger_log                : Received data: {'00 00'}, bytearray(b'\x00\x00')
2025-01-08 21:22:45,702 LT1-thread root DEBUG client.py                 71    logger_log                : received Header(svc_id=2, op=3, ctrl_index=0, data_len=2) (b'\x00\x00',)
2025-01-08 21:22:45,702 LT1-thread root DEBUG client.py                 71    logger_log                : Starting test function: class=<class 'autopts.ptsprojects.testcase.TestFunc'>, func=<function gatts_set_val at 0x000001E8FA3E5F80> start_wid=None stop_wid=None post_wid=None skip_call=None call_count=51 args=(0, '03') kwds={}
2025-01-08 21:22:45,702 LT1-thread root DEBUG client.py                 71    logger_log                : Test function parameters: args=(0, '03'), kwds={}
2025-01-08 21:22:45,702 LT1-thread root DEBUG client.py                 71    logger_log                : gatts_set_val 0 '03' 
2025-01-08 21:22:45,703 LT1-thread root DEBUG client.py                 71    logger_log                : send, 2 6 0 "bytearray(b'\\x00\\x00\\x01\\x00\\x03')"
2025-01-08 21:22:45,703 LT1-thread root DEBUG client.py                 71    logger_log                : sending frame '02060005000000010003'
2025-01-08 21:22:45,703 LT1-thread root DEBUG client.py                 71    logger_log                : gatt_command_rsp_succ
2025-01-08 21:22:45,703 LT1-thread root DEBUG client.py                 71    logger_log                : read
2025-01-08 21:22:45,749 BTPWorkerThread-1191 (_rx_task) root DEBUG client.py                 71    logger_log                : Read 5 bytes
2025-01-08 21:22:45,760 BTPWorkerThread-1191 (_rx_task) root DEBUG client.py                 71    logger_log                : Received: hdr: Header(svc_id=0x02, op=0x06, ctrl_index=0x00, data_len=0x00) bytearray(b'\x02\x06\x00\x00\x00')
2025-01-08 21:22:45,760 BTPWorkerThread-1191 (_rx_task) root DEBUG client.py                 71    logger_log                : Received data: {''}, bytearray(b'')
2025-01-08 21:22:45,783 LT1-thread root DEBUG client.py                 71    logger_log                : received Header(svc_id=2, op=6, ctrl_index=0, data_len=0) (b'',)
2025-01-08 21:22:45,783 LT1-thread root DEBUG client.py                 71    logger_log                : Starting test function: class=<class 'autopts.ptsprojects.testcase.TestFunc'>, func=<function gatts_add_char at 0x000001E8FA3E5EE0> start_wid=None stop_wid=None post_wid=None skip_call=None call_count=51 args=(0, 10, 48, 'AA55') kwds={}
2025-01-08 21:22:45,784 LT1-thread root DEBUG client.py                 71    logger_log                : Test function parameters: args=(0, 10, 48, 'AA55'), kwds={}
2025-01-08 21:22:45,784 LT1-thread root DEBUG client.py                 71    logger_log                : gatts_add_char 0 10 48 'AA55'
2025-01-08 21:22:45,784 LT1-thread root DEBUG client.py                 71    logger_log                : send, 2 3 0 "bytearray(b'\\x00\\x00\\n0\\x02\\xaaU')"
2025-01-08 21:22:45,784 LT1-thread root DEBUG client.py                 71    logger_log                : sending frame '020300070000000a3002aa55'
2025-01-08 21:22:45,785 LT1-thread root DEBUG client.py                 71    logger_log                : gatt_command_rsp_succ
2025-01-08 21:22:45,785 LT1-thread root DEBUG client.py                 71    logger_log                : read
2025-01-08 21:22:45,834 BTPWorkerThread-1191 (_rx_task) root DEBUG client.py                 71    logger_log                : Read 5 bytes
2025-01-08 21:22:45,846 BTPWorkerThread-1191 (_rx_task) root DEBUG client.py                 71    logger_log                : Received: hdr: Header(svc_id=0x02, op=0x03, ctrl_index=0x00, data_len=0x02) bytearray(b'\x02\x03\x00\x02\x00')
2025-01-08 21:22:45,862 BTPWorkerThread-1191 (_rx_task) root DEBUG client.py                 71    logger_log                : Read 2 bytes data
2025-01-08 21:22:45,862 BTPWorkerThread-1191 (_rx_task) root DEBUG client.py                 71    logger_log                : Received data: {'00 00'}, bytearray(b'\x00\x00')
2025-01-08 21:22:45,862 LT1-thread root DEBUG client.py                 71    logger_log                : received Header(svc_id=2, op=3, ctrl_index=0, data_len=2) (b'\x00\x00',)
2025-01-08 21:22:45,863 LT1-thread root DEBUG client.py                 71    logger_log                : Starting test function: class=<class 'autopts.ptsprojects.testcase.TestFunc'>, func=<function gatts_set_val at 0x000001E8FA3E5F80> start_wid=None stop_wid=None post_wid=None skip_call=None call_count=51 args=(0, '04') kwds={}
2025-01-08 21:22:45,863 LT1-thread root DEBUG client.py                 71    logger_log                : Test function parameters: args=(0, '04'), kwds={}
2025-01-08 21:22:45,863 LT1-thread root DEBUG client.py                 71    logger_log                : gatts_set_val 0 '04' 
2025-01-08 21:22:45,863 LT1-thread root DEBUG client.py                 71    logger_log                : send, 2 6 0 "bytearray(b'\\x00\\x00\\x01\\x00\\x04')"
2025-01-08 21:22:45,863 LT1-thread root DEBUG client.py                 71    logger_log                : sending frame '02060005000000010004'
2025-01-08 21:22:45,864 LT1-thread root DEBUG client.py                 71    logger_log                : gatt_command_rsp_succ
2025-01-08 21:22:45,864 LT1-thread root DEBUG client.py                 71    logger_log                : read
2025-01-08 21:22:45,927 BTPWorkerThread-1191 (_rx_task) root DEBUG client.py                 71    logger_log                : Read 5 bytes
2025-01-08 21:22:45,939 BTPWorkerThread-1191 (_rx_task) root DEBUG client.py                 71    logger_log                : Received: hdr: Header(svc_id=0x02, op=0x06, ctrl_index=0x00, data_len=0x00) bytearray(b'\x02\x06\x00\x00\x00')
2025-01-08 21:22:45,944 BTPWorkerThread-1191 (_rx_task) root DEBUG client.py                 71    logger_log                : Received data: {''}, bytearray(b'')
2025-01-08 21:22:45,955 LT1-thread root DEBUG client.py                 71    logger_log                : received Header(svc_id=2, op=6, ctrl_index=0, data_len=0) (b'',)
2025-01-08 21:22:45,955 LT1-thread root DEBUG client.py                 71    logger_log                : Starting test function: class=<class 'autopts.ptsprojects.testcase.TestFunc'>, func=<function gatts_start_server at 0x000001E8FA3E6200> start_wid=None stop_wid=None post_wid=None skip_call=None call_count=51 args=() kwds={}
2025-01-08 21:22:45,956 LT1-thread root DEBUG client.py                 71    logger_log                : Test function parameters: args=(), kwds={}
2025-01-08 21:22:45,956 LT1-thread root DEBUG client.py                 71    logger_log                : gatts_start_server
2025-01-08 21:22:45,956 LT1-thread root DEBUG client.py                 71    logger_log                : send, 2 7 0 ''
2025-01-08 21:22:45,956 LT1-thread root DEBUG client.py                 71    logger_log                : sending frame '0207000000'
2025-01-08 21:22:45,956 LT1-thread root DEBUG client.py                 71    logger_log                : gatt_command_rsp_succ
2025-01-08 21:22:45,956 LT1-thread root DEBUG client.py                 71    logger_log                : read
2025-01-08 21:22:46,002 BTPWorkerThread-1191 (_rx_task) root DEBUG client.py                 71    logger_log                : Read 5 bytes
2025-01-08 21:22:46,014 BTPWorkerThread-1191 (_rx_task) root DEBUG client.py                 71    logger_log                : Received: hdr: Header(svc_id=0x02, op=0x07, ctrl_index=0x00, data_len=0x03) bytearray(b'\x02\x07\x00\x03\x00')
2025-01-08 21:22:46,036 BTPWorkerThread-1191 (_rx_task) root DEBUG client.py                 71    logger_log                : Read 3 bytes data
2025-01-08 21:22:46,048 BTPWorkerThread-1191 (_rx_task) root DEBUG client.py                 71    logger_log                : Received data: {'00 00 00'}, bytearray(b'\x00\x00\x00')
2025-01-08 21:22:46,064 LT1-thread root DEBUG client.py                 71    logger_log                : received Header(svc_id=2, op=7, ctrl_index=0, data_len=3) (b'\x00\x00\x00',)
2025-01-08 21:22:46,067 LT1-thread root DEBUG client.py                 71    logger_log                : ClientCallback.get_result run_test_case
2025-01-08 21:22:47,416 LT1-callback ClientCallback.on_implicit_send INFO client.py                 71    logger_log                : 
    ********************
    BEGIN OnImplicitSend:
    project_name: GAP
    wid: 209
    test_case_name: GAP/SEC/SEM/BV-56-C
    description: Please make sure the IUT does not initiate the security. Click OK when ready.
    style: MMI_Style_Ok_Cancel1 0x11041
2025-01-08 21:22:47,416 LT1-callback ClientCallback.on_implicit_send INFO client.py                 71    logger_log                : Calling test cases on_implicit_send
2025-01-08 21:22:47,416 LT1-callback ClientCallback.on_implicit_send INFO client.py                 71    logger_log                : 
    on_implicit_send returned response: WAIT
    END OnImplicitSend
    ********************
2025-01-08 21:22:48,068 LT1-thread root DEBUG client.py                 71    logger_log                : GAP GAP/SEC/SEM/BV-56-C on_implicit_send
2025-01-08 21:22:48,068 LT1-thread root DEBUG client.py                 71    logger_log                : gap_wid_hdl, 209, Please make sure the IUT does not initiate the security. Click OK when ready., GAP/SEC/SEM/BV-56-C
2025-01-08 21:22:48,068 LT1-thread root DEBUG client.py                 71    logger_log                : Sending response 'OK' to wid 209 test case GAP/SEC/SEM/BV-56-C
2025-01-08 21:22:48,071 LT1-thread root DEBUG client.py                 71    logger_log                : ClientCallback.get_result run_test_case
2025-01-08 21:22:48,078 LT1-callback ClientCallback.on_implicit_send INFO client.py                 71    logger_log                : 
    ********************
    BEGIN OnImplicitSend:
    project_name: GAP
    wid: 240
    test_case_name: GAP/SEC/SEM/BV-56-C
    description: Please configures the IUT into LE Security Mode 1 Level 2. Press OK to continue.
    style: MMI_Style_Ok_Cancel1 0x11041
2025-01-08 21:22:48,078 LT1-callback ClientCallback.on_implicit_send INFO client.py                 71    logger_log                : Calling test cases on_implicit_send
2025-01-08 21:22:48,078 LT1-callback ClientCallback.on_implicit_send INFO client.py                 71    logger_log                : 
    on_implicit_send returned response: WAIT
    END OnImplicitSend
    ********************
2025-01-08 21:22:49,071 LT1-thread root DEBUG client.py                 71    logger_log                : GAP GAP/SEC/SEM/BV-56-C on_implicit_send
2025-01-08 21:22:49,071 LT1-thread root DEBUG client.py                 71    logger_log                : gap_wid_hdl, 240, Please configures the IUT into LE Security Mode 1 Level 2. Press OK to continue., GAP/SEC/SEM/BV-56-C
2025-01-08 21:22:49,072 LT1-thread root DEBUG client.py                 71    logger_log                : gap_set_io_cap 3
2025-01-08 21:22:49,072 LT1-thread root DEBUG client.py                 71    logger_log                : send, 1 16 0 '\x03'
2025-01-08 21:22:49,072 LT1-thread root DEBUG client.py                 71    logger_log                : sending frame '011000010003'
2025-01-08 21:22:49,072 LT1-thread root DEBUG client.py                 71    logger_log                : gap_command_rsp_succ
2025-01-08 21:22:49,072 LT1-thread root DEBUG client.py                 71    logger_log                : read
2025-01-08 21:22:49,125 BTPWorkerThread-1191 (_rx_task) root DEBUG client.py                 71    logger_log                : Read 5 bytes
2025-01-08 21:22:49,130 BTPWorkerThread-1191 (_rx_task) root DEBUG client.py                 71    logger_log                : Received: hdr: Header(svc_id=0x01, op=0x10, ctrl_index=0x00, data_len=0x00) bytearray(b'\x01\x10\x00\x00\x00')
2025-01-08 21:22:49,140 BTPWorkerThread-1191 (_rx_task) root DEBUG client.py                 71    logger_log                : Received data: {''}, bytearray(b'')
2025-01-08 21:22:49,151 LT1-thread root DEBUG client.py                 71    logger_log                : received Header(svc_id=1, op=16, ctrl_index=0, data_len=0) (b'',)
2025-01-08 21:22:49,151 LT1-thread root DEBUG client.py                 71    logger_log                : Sending response 'OK' to wid 240 test case GAP/SEC/SEM/BV-56-C
2025-01-08 21:22:49,154 LT1-thread root DEBUG client.py                 71    logger_log                : ClientCallback.get_result run_test_case
2025-01-08 21:22:50,573 LT1-callback ClientCallback.on_implicit_send INFO client.py                 71    logger_log                : 
    ********************
    BEGIN OnImplicitSend:
    project_name: GAP
    wid: 91
    test_case_name: GAP/SEC/SEM/BV-56-C
    description: Please send a connectable undirected advertising report.
    style: MMI_Style_Ok_Cancel2 0x11141
2025-01-08 21:22:50,573 LT1-callback ClientCallback.on_implicit_send INFO client.py                 71    logger_log                : Calling test cases on_implicit_send
2025-01-08 21:22:50,573 LT1-callback ClientCallback.on_implicit_send INFO client.py                 71    logger_log                : 
    on_implicit_send returned response: WAIT
    END OnImplicitSend
    ********************
2025-01-08 21:22:51,154 LT1-thread root DEBUG client.py                 71    logger_log                : GAP GAP/SEC/SEM/BV-56-C on_implicit_send
2025-01-08 21:22:51,154 LT1-thread root DEBUG client.py                 71    logger_log                : gap_wid_hdl, 91, Please send a connectable undirected advertising report., GAP/SEC/SEM/BV-56-C
2025-01-08 21:22:51,154 LT1-thread root DEBUG client.py                 71    logger_log                : gap_set_conn
2025-01-08 21:22:51,155 LT1-thread root DEBUG client.py                 71    logger_log                : gap_adv_ind_on {9: b'Tester_59F2E6'} None
2025-01-08 21:22:51,155 LT1-thread root DEBUG client.py                 71    logger_log                : send, 1 10 0 "bytearray(b'\\x0f\\x00\\t\\rTester_59F2E6\\xff\\xff\\xff\\xff\\x00')"
2025-01-08 21:22:51,155 LT1-thread root DEBUG client.py                 71    logger_log                : sending frame '010a0016000f00090d5465737465725f353946324536ffffffff00'
2025-01-08 21:22:51,155 LT1-thread root DEBUG client.py                 71    logger_log                : gap_command_rsp_succ
2025-01-08 21:22:51,155 LT1-thread root DEBUG client.py                 71    logger_log                : read
2025-01-08 21:22:51,205 BTPWorkerThread-1191 (_rx_task) root DEBUG client.py                 71    logger_log                : Read 5 bytes
2025-01-08 21:22:51,205 BTPWorkerThread-1191 (_rx_task) root DEBUG client.py                 71    logger_log                : Received: hdr: Header(svc_id=0x01, op=0x0a, ctrl_index=0x00, data_len=0x04) bytearray(b'\x01\n\x00\x04\x00')
2025-01-08 21:22:51,210 BTPWorkerThread-1191 (_rx_task) root DEBUG client.py                 71    logger_log                : Read 4 bytes data
2025-01-08 21:22:51,210 BTPWorkerThread-1191 (_rx_task) root DEBUG client.py                 71    logger_log                : Received data: {'13 06 00 00'}, bytearray(b'\x13\x06\x00\x00')
2025-01-08 21:22:51,210 LT1-thread root DEBUG client.py                 71    logger_log                : received Header(svc_id=1, op=10, ctrl_index=0, data_len=4) (b'\x13\x06\x00\x00',)
2025-01-08 21:22:51,210 LT1-thread root DEBUG client.py                 71    logger_log                : __gap_current_settings_update (b'\x13\x06\x00\x00',)
2025-01-08 21:22:51,211 LT1-thread root DEBUG client.py                 71    logger_log                : Sending response 'OK' to wid 91 test case GAP/SEC/SEM/BV-56-C
2025-01-08 21:22:51,213 LT1-thread root DEBUG client.py                 71    logger_log                : ClientCallback.get_result run_test_case
2025-01-08 21:22:51,340 BTPWorkerThread-1191 (_rx_task) root DEBUG client.py                 71    logger_log                : Read 5 bytes
2025-01-08 21:22:51,340 BTPWorkerThread-1191 (_rx_task) root DEBUG client.py                 71    logger_log                : Received: hdr: Header(svc_id=0x01, op=0x82, ctrl_index=0x00, data_len=0x0d) bytearray(b'\x01\x82\x00\r\x00')
2025-01-08 21:22:51,340 BTPWorkerThread-1191 (_rx_task) root DEBUG client.py                 71    logger_log                : Read 13 bytes data
2025-01-08 21:22:51,340 BTPWorkerThread-1191 (_rx_task) root DEBUG client.py                 71    logger_log                : Received data: {'00 e6 f2 59 e8 07 c0 38 00 00 00 d0 07'}, bytearray(b'\x00\xe6\xf2Y\xe8\x07\xc08\x00\x00\x00\xd0\x07')
2025-01-08 21:22:51,341 BTPWorkerThread-1191 (_rx_task) root DEBUG client.py                 71    logger_log                : event_handler Header(svc_id=1, op=130, ctrl_index=0, data_len=13) (b'\x00\xe6\xf2Y\xe8\x07\xc08\x00\x00\x00\xd0\x07',)
2025-01-08 21:22:51,341 BTPWorkerThread-1191 (_rx_task) root DEBUG client.py                 71    logger_log                : gap_connected_ev_ b'\x00\xe6\xf2Y\xe8\x07\xc08\x00\x00\x00\xd0\x07'
2025-01-08 21:22:51,341 BTPWorkerThread-1191 (_rx_task) root DEBUG client.py                 71    logger_log                : Read 5 bytes
2025-01-08 21:22:51,341 BTPWorkerThread-1191 (_rx_task) root DEBUG client.py                 71    logger_log                : Received: hdr: Header(svc_id=0x01, op=0x80, ctrl_index=0x00, data_len=0x04) bytearray(b'\x01\x80\x00\x04\x00')
2025-01-08 21:22:51,341 BTPWorkerThread-1191 (_rx_task) root DEBUG client.py                 71    logger_log                : Read 4 bytes data
2025-01-08 21:22:51,342 BTPWorkerThread-1191 (_rx_task) root DEBUG client.py                 71    logger_log                : Received data: {'13 02 00 00'}, bytearray(b'\x13\x02\x00\x00')
2025-01-08 21:22:51,342 BTPWorkerThread-1191 (_rx_task) root DEBUG client.py                 71    logger_log                : event_handler Header(svc_id=1, op=128, ctrl_index=0, data_len=4) (b'\x13\x02\x00\x00',)
2025-01-08 21:22:51,342 BTPWorkerThread-1191 (_rx_task) root DEBUG client.py                 71    logger_log                : gap_new_settings_ev_ b'\x13\x02\x00\x00'
2025-01-08 21:22:51,342 BTPWorkerThread-1191 (_rx_task) root DEBUG client.py                 71    logger_log                : __gap_current_settings_update 531
2025-01-08 21:22:52,583 BTPWorkerThread-1191 (_rx_task) root DEBUG client.py                 71    logger_log                : Read 5 bytes
2025-01-08 21:22:52,583 BTPWorkerThread-1191 (_rx_task) root DEBUG client.py                 71    logger_log                : Received: hdr: Header(svc_id=0x01, op=0x89, ctrl_index=0x00, data_len=0x08) bytearray(b'\x01\x89\x00\x08\x00')
2025-01-08 21:22:52,583 BTPWorkerThread-1191 (_rx_task) root DEBUG client.py                 71    logger_log                : Read 8 bytes data
2025-01-08 21:22:52,583 BTPWorkerThread-1191 (_rx_task) root DEBUG client.py                 71    logger_log                : Received data: {'00 e6 f2 59 e8 07 c0 02'}, bytearray(b'\x00\xe6\xf2Y\xe8\x07\xc0\x02')
2025-01-08 21:22:52,583 BTPWorkerThread-1191 (_rx_task) root DEBUG client.py                 71    logger_log                : event_handler Header(svc_id=1, op=137, ctrl_index=0, data_len=8) (b'\x00\xe6\xf2Y\xe8\x07\xc0\x02',)
2025-01-08 21:22:52,584 BTPWorkerThread-1191 (_rx_task) root DEBUG client.py                 71    logger_log                : gap_sec_level_changed_ev_
2025-01-08 21:22:52,584 BTPWorkerThread-1191 (_rx_task) root DEBUG client.py                 71    logger_log                : received b'\x00\xe6\xf2Y\xe8\x07\xc0\x02'
2025-01-08 21:22:52,584 BTPWorkerThread-1191 (_rx_task) root DEBUG client.py                 71    logger_log                : received (0, 'c007e859f2e6', 2)
2025-01-08 21:22:52,769 LT1-callback ClientCallback.on_implicit_send INFO client.py                 71    logger_log                : 
    ********************
    BEGIN OnImplicitSend:
    project_name: GAP
    wid: 234
    test_case_name: GAP/SEC/SEM/BV-56-C
    description: Please send ATT_WRITE_REQUEST to handle 0x000D with CCCD set to 0x0002 to enable indication. Discover services if needed.
    style: MMI_Style_Ok_Cancel2 0x11141
2025-01-08 21:22:52,769 LT1-callback ClientCallback.on_implicit_send INFO client.py                 71    logger_log                : Calling test cases on_implicit_send
2025-01-08 21:22:52,769 LT1-callback ClientCallback.on_implicit_send INFO client.py                 71    logger_log                : 
    on_implicit_send returned response: WAIT
    END OnImplicitSend
    ********************
2025-01-08 21:22:53,216 LT1-thread root DEBUG client.py                 71    logger_log                : GAP GAP/SEC/SEM/BV-56-C on_implicit_send
2025-01-08 21:22:53,216 LT1-thread root DEBUG client.py                 71    logger_log                : gap_wid_hdl, 234, Please send ATT_WRITE_REQUEST to handle 0x000D with CCCD set to 0x0002 to enable indication. Discover services if needed., GAP/SEC/SEM/BV-56-C
2025-01-08 21:22:53,216 LT1-thread root DEBUG client.py                 71    logger_log                : gattc_cfg_indicate 0 'c007e859f2e6', 1, '000D'
2025-01-08 21:22:53,217 LT1-thread root DEBUG client.py                 71    logger_log                : send, 2 27 0 "bytearray(b'\\x00\\xe6\\xf2Y\\xe8\\x07\\xc0\\x01\\r\\x00')"
2025-01-08 21:22:53,217 LT1-thread root DEBUG client.py                 71    logger_log                : sending frame '021b000a0000e6f259e807c0010d00'
2025-01-08 21:22:53,217 LT1-thread root DEBUG client.py                 71    logger_log                : read
2025-01-08 21:22:53,694 BTPWorkerThread-1191 (_rx_task) root DEBUG client.py                 71    logger_log                : Read 5 bytes
2025-01-08 21:22:53,699 BTPWorkerThread-1191 (_rx_task) root DEBUG client.py                 71    logger_log                : Received: hdr: Header(svc_id=0x02, op=0x1b, ctrl_index=0x00, data_len=0x00) bytearray(b'\x02\x1b\x00\x00\x00')
2025-01-08 21:22:53,711 BTPWorkerThread-1191 (_rx_task) root DEBUG client.py                 71    logger_log                : Received data: {''}, bytearray(b'')
2025-01-08 21:22:53,733 LT1-thread root DEBUG client.py                 71    logger_log                : gattc_cfg_indicate received Header(svc_id=2, op=27, ctrl_index=0, data_len=0) (b'',)
2025-01-08 21:22:53,733 LT1-thread root DEBUG client.py                 71    logger_log                : Sending response 'OK' to wid 234 test case GAP/SEC/SEM/BV-56-C
2025-01-08 21:22:53,736 LT1-thread root DEBUG client.py                 71    logger_log                : ClientCallback.get_result run_test_case
2025-01-08 21:22:53,740 LT1-callback ClientCallback.on_implicit_send INFO client.py                 71    logger_log                : 
    ********************
    BEGIN OnImplicitSend:
    project_name: GAP
    wid: 118
    test_case_name: GAP/SEC/SEM/BV-56-C
    description: Please press ok to disconnect the link.
    style: MMI_Style_Ok_Cancel1 0x11041
2025-01-08 21:22:53,740 LT1-callback ClientCallback.on_implicit_send INFO client.py                 71    logger_log                : Calling test cases on_implicit_send
2025-01-08 21:22:53,740 LT1-callback ClientCallback.on_implicit_send INFO client.py                 71    logger_log                : 
    on_implicit_send returned response: WAIT
    END OnImplicitSend
    ********************
2025-01-08 21:22:54,736 LT1-thread root DEBUG client.py                 71    logger_log                : GAP GAP/SEC/SEM/BV-56-C on_implicit_send
2025-01-08 21:22:54,737 LT1-thread root DEBUG client.py                 71    logger_log                : gap_wid_hdl, 118, Please press ok to disconnect the link., GAP/SEC/SEM/BV-56-C
2025-01-08 21:22:54,737 LT1-thread root DEBUG client.py                 71    logger_log                : Sending response 'OK' to wid 118 test case GAP/SEC/SEM/BV-56-C
2025-01-08 21:22:54,740 LT1-thread root DEBUG client.py                 71    logger_log                : ClientCallback.get_result run_test_case
2025-01-08 21:22:55,011 BTPWorkerThread-1191 (_rx_task) root DEBUG client.py                 71    logger_log                : Read 5 bytes
2025-01-08 21:22:55,011 BTPWorkerThread-1191 (_rx_task) root DEBUG client.py                 71    logger_log                : Received: hdr: Header(svc_id=0x01, op=0x83, ctrl_index=0x00, data_len=0x07) bytearray(b'\x01\x83\x00\x07\x00')
2025-01-08 21:22:55,011 BTPWorkerThread-1191 (_rx_task) root DEBUG client.py                 71    logger_log                : Read 7 bytes data
2025-01-08 21:22:55,011 BTPWorkerThread-1191 (_rx_task) root DEBUG client.py                 71    logger_log                : Received data: {'00 e6 f2 59 e8 07 c0'}, bytearray(b'\x00\xe6\xf2Y\xe8\x07\xc0')
2025-01-08 21:22:55,012 BTPWorkerThread-1191 (_rx_task) root DEBUG client.py                 71    logger_log                : event_handler Header(svc_id=1, op=131, ctrl_index=0, data_len=7) (b'\x00\xe6\xf2Y\xe8\x07\xc0',)
2025-01-08 21:22:55,012 BTPWorkerThread-1191 (_rx_task) root DEBUG client.py                 71    logger_log                : gap_disconnected_ev_ b'\x00\xe6\xf2Y\xe8\x07\xc0'
2025-01-08 21:22:55,205 LT1-callback ClientCallback.on_implicit_send INFO client.py                 71    logger_log                : 
    ********************
    BEGIN OnImplicitSend:
    project_name: GAP
    wid: 91
    test_case_name: GAP/SEC/SEM/BV-56-C
    description: Please send a connectable undirected advertising report.
    style: MMI_Style_Ok_Cancel2 0x11141
2025-01-08 21:22:55,205 LT1-callback ClientCallback.on_implicit_send INFO client.py                 71    logger_log                : Calling test cases on_implicit_send
2025-01-08 21:22:55,205 LT1-callback ClientCallback.on_implicit_send INFO client.py                 71    logger_log                : 
    on_implicit_send returned response: WAIT
    END OnImplicitSend
    ********************
2025-01-08 21:22:55,740 LT1-thread root DEBUG client.py                 71    logger_log                : GAP GAP/SEC/SEM/BV-56-C on_implicit_send
2025-01-08 21:22:55,740 LT1-thread root DEBUG client.py                 71    logger_log                : gap_wid_hdl, 91, Please send a connectable undirected advertising report., GAP/SEC/SEM/BV-56-C
2025-01-08 21:22:55,740 LT1-thread root DEBUG client.py                 71    logger_log                : gap_set_conn
2025-01-08 21:22:55,740 LT1-thread root DEBUG client.py                 71    logger_log                : gap_adv_ind_on {9: b'Tester_59F2E6'} None
2025-01-08 21:22:55,740 LT1-thread root DEBUG client.py                 71    logger_log                : send, 1 10 0 "bytearray(b'\\x0f\\x00\\t\\rTester_59F2E6\\xff\\xff\\xff\\xff\\x00')"
2025-01-08 21:22:55,740 LT1-thread root DEBUG client.py                 71    logger_log                : sending frame '010a0016000f00090d5465737465725f353946324536ffffffff00'
2025-01-08 21:22:55,741 LT1-thread root DEBUG client.py                 71    logger_log                : gap_command_rsp_succ
2025-01-08 21:22:55,741 LT1-thread root DEBUG client.py                 71    logger_log                : read
2025-01-08 21:22:55,782 BTPWorkerThread-1191 (_rx_task) root DEBUG client.py                 71    logger_log                : Read 5 bytes
2025-01-08 21:22:55,793 BTPWorkerThread-1191 (_rx_task) root DEBUG client.py                 71    logger_log                : Received: hdr: Header(svc_id=0x01, op=0x0a, ctrl_index=0x00, data_len=0x04) bytearray(b'\x01\n\x00\x04\x00')
2025-01-08 21:22:55,809 BTPWorkerThread-1191 (_rx_task) root DEBUG client.py                 71    logger_log                : Read 4 bytes data
2025-01-08 21:22:55,819 BTPWorkerThread-1191 (_rx_task) root DEBUG client.py                 71    logger_log                : Received data: {'13 06 00 00'}, bytearray(b'\x13\x06\x00\x00')
2025-01-08 21:22:55,831 LT1-thread root DEBUG client.py                 71    logger_log                : received Header(svc_id=1, op=10, ctrl_index=0, data_len=4) (b'\x13\x06\x00\x00',)
2025-01-08 21:22:55,831 LT1-thread root DEBUG client.py                 71    logger_log                : __gap_current_settings_update (b'\x13\x06\x00\x00',)
2025-01-08 21:22:55,831 LT1-thread root DEBUG client.py                 71    logger_log                : Sending response 'OK' to wid 91 test case GAP/SEC/SEM/BV-56-C
2025-01-08 21:22:55,834 LT1-thread root DEBUG client.py                 71    logger_log                : ClientCallback.get_result run_test_case
2025-01-08 21:22:56,750 BTPWorkerThread-1191 (_rx_task) root DEBUG client.py                 71    logger_log                : Read 5 bytes
2025-01-08 21:22:56,750 BTPWorkerThread-1191 (_rx_task) root DEBUG client.py                 71    logger_log                : Received: hdr: Header(svc_id=0x01, op=0x82, ctrl_index=0x00, data_len=0x0d) bytearray(b'\x01\x82\x00\r\x00')
2025-01-08 21:22:56,751 BTPWorkerThread-1191 (_rx_task) root DEBUG client.py                 71    logger_log                : Read 13 bytes data
2025-01-08 21:22:56,751 BTPWorkerThread-1191 (_rx_task) root DEBUG client.py                 71    logger_log                : Received data: {'00 e6 f2 59 e8 07 c0 38 00 00 00 d0 07'}, bytearray(b'\x00\xe6\xf2Y\xe8\x07\xc08\x00\x00\x00\xd0\x07')
2025-01-08 21:22:56,751 BTPWorkerThread-1191 (_rx_task) root DEBUG client.py                 71    logger_log                : event_handler Header(svc_id=1, op=130, ctrl_index=0, data_len=13) (b'\x00\xe6\xf2Y\xe8\x07\xc08\x00\x00\x00\xd0\x07',)
2025-01-08 21:22:56,752 BTPWorkerThread-1191 (_rx_task) root DEBUG client.py                 71    logger_log                : gap_connected_ev_ b'\x00\xe6\xf2Y\xe8\x07\xc08\x00\x00\x00\xd0\x07'
2025-01-08 21:22:56,752 BTPWorkerThread-1191 (_rx_task) root DEBUG client.py                 71    logger_log                : Read 5 bytes
2025-01-08 21:22:56,753 BTPWorkerThread-1191 (_rx_task) root DEBUG client.py                 71    logger_log                : Received: hdr: Header(svc_id=0x01, op=0x80, ctrl_index=0x00, data_len=0x04) bytearray(b'\x01\x80\x00\x04\x00')
2025-01-08 21:22:56,753 BTPWorkerThread-1191 (_rx_task) root DEBUG client.py                 71    logger_log                : Read 4 bytes data
2025-01-08 21:22:56,754 BTPWorkerThread-1191 (_rx_task) root DEBUG client.py                 71    logger_log                : Received data: {'13 02 00 00'}, bytearray(b'\x13\x02\x00\x00')
2025-01-08 21:22:56,754 BTPWorkerThread-1191 (_rx_task) root DEBUG client.py                 71    logger_log                : event_handler Header(svc_id=1, op=128, ctrl_index=0, data_len=4) (b'\x13\x02\x00\x00',)
2025-01-08 21:22:56,754 BTPWorkerThread-1191 (_rx_task) root DEBUG client.py                 71    logger_log                : gap_new_settings_ev_ b'\x13\x02\x00\x00'
2025-01-08 21:22:56,754 BTPWorkerThread-1191 (_rx_task) root DEBUG client.py                 71    logger_log                : __gap_current_settings_update 531
2025-01-08 21:22:57,384 LT1-callback ClientCallback.on_implicit_send INFO client.py                 71    logger_log                : 
    ********************
    BEGIN OnImplicitSend:
    project_name: GAP
    wid: 236
    test_case_name: GAP/SEC/SEM/BV-56-C
    description: Please confirm that IUT does not send a GATT_HandleValueIndication to the Upper Tester
    style: MMI_Style_Yes_No1 0x11044
2025-01-08 21:22:57,385 LT1-callback ClientCallback.on_implicit_send INFO client.py                 71    logger_log                : Calling test cases on_implicit_send
2025-01-08 21:22:57,385 LT1-callback ClientCallback.on_implicit_send INFO client.py                 71    logger_log                : 
    on_implicit_send returned response: WAIT
    END OnImplicitSend
    ********************
2025-01-08 21:22:57,835 LT1-thread root DEBUG client.py                 71    logger_log                : GAP GAP/SEC/SEM/BV-56-C on_implicit_send
2025-01-08 21:22:57,835 LT1-thread root DEBUG client.py                 71    logger_log                : gap_wid_hdl, 236, Please confirm that IUT does not send a GATT_HandleValueIndication to the Upper Tester, GAP/SEC/SEM/BV-56-C
2025-01-08 21:23:02,287 BTPWorkerThread-1191 (_rx_task) root DEBUG client.py                 71    logger_log                : Read 5 bytes
2025-01-08 21:23:02,287 BTPWorkerThread-1191 (_rx_task) root DEBUG client.py                 71    logger_log                : Received: hdr: Header(svc_id=0x01, op=0x88, ctrl_index=0x00, data_len=0x0d) bytearray(b'\x01\x88\x00\r\x00')
2025-01-08 21:23:02,287 BTPWorkerThread-1191 (_rx_task) root DEBUG client.py                 71    logger_log                : Read 13 bytes data
2025-01-08 21:23:02,288 BTPWorkerThread-1191 (_rx_task) root DEBUG client.py                 71    logger_log                : Received data: {'00 e6 f2 59 e8 07 c0 18 00 00 00 2a 00'}, bytearray(b'\x00\xe6\xf2Y\xe8\x07\xc0\x18\x00\x00\x00*\x00')
2025-01-08 21:23:02,288 BTPWorkerThread-1191 (_rx_task) root DEBUG client.py                 71    logger_log                : event_handler Header(svc_id=1, op=136, ctrl_index=0, data_len=13) (b'\x00\xe6\xf2Y\xe8\x07\xc0\x18\x00\x00\x00*\x00',)
2025-01-08 21:23:02,288 BTPWorkerThread-1191 (_rx_task) root DEBUG client.py                 71    logger_log                : gap_conn_param_update_ev_
2025-01-08 21:23:02,288 BTPWorkerThread-1191 (_rx_task) root DEBUG client.py                 71    logger_log                : received b'\x00\xe6\xf2Y\xe8\x07\xc0\x18\x00\x00\x00*\x00'
2025-01-08 21:23:02,288 BTPWorkerThread-1191 (_rx_task) root DEBUG client.py                 71    logger_log                : received (0, b'c007e859f2e6', 24, 0, 42)
2025-01-08 21:23:02,836 LT1-thread root DEBUG client.py                 71    logger_log                : Sending response 'Yes' to wid 236 test case GAP/SEC/SEM/BV-56-C
2025-01-08 21:23:02,839 LT1-thread root DEBUG client.py                 71    logger_log                : ClientCallback.get_result run_test_case
2025-01-08 21:23:02,844 LT1-callback ClientCallback.on_implicit_send INFO client.py                 71    logger_log                : 
    ********************
    BEGIN OnImplicitSend:
    project_name: GAP
    wid: 106
    test_case_name: GAP/SEC/SEM/BV-56-C
    description: Waiting for HCI_ENCRYPTION_CHANGE_EVENT...
    style: MMI_Style_Ok_Cancel2 0x11141
2025-01-08 21:23:02,844 LT1-callback ClientCallback.on_implicit_send INFO client.py                 71    logger_log                : Calling test cases on_implicit_send
2025-01-08 21:23:02,844 LT1-callback ClientCallback.on_implicit_send INFO client.py                 71    logger_log                : 
    on_implicit_send returned response: WAIT
    END OnImplicitSend
    ********************
2025-01-08 21:23:02,915 BTPWorkerThread-1191 (_rx_task) root DEBUG client.py                 71    logger_log                : Read 5 bytes
2025-01-08 21:23:02,915 BTPWorkerThread-1191 (_rx_task) root DEBUG client.py                 71    logger_log                : Received: hdr: Header(svc_id=0x01, op=0x89, ctrl_index=0x00, data_len=0x08) bytearray(b'\x01\x89\x00\x08\x00')
2025-01-08 21:23:02,915 BTPWorkerThread-1191 (_rx_task) root DEBUG client.py                 71    logger_log                : Read 8 bytes data
2025-01-08 21:23:02,915 BTPWorkerThread-1191 (_rx_task) root DEBUG client.py                 71    logger_log                : Received data: {'00 e6 f2 59 e8 07 c0 02'}, bytearray(b'\x00\xe6\xf2Y\xe8\x07\xc0\x02')
2025-01-08 21:23:02,915 BTPWorkerThread-1191 (_rx_task) root DEBUG client.py                 71    logger_log                : event_handler Header(svc_id=1, op=137, ctrl_index=0, data_len=8) (b'\x00\xe6\xf2Y\xe8\x07\xc0\x02',)
2025-01-08 21:23:02,916 BTPWorkerThread-1191 (_rx_task) root DEBUG client.py                 71    logger_log                : gap_sec_level_changed_ev_
2025-01-08 21:23:02,916 BTPWorkerThread-1191 (_rx_task) root DEBUG client.py                 71    logger_log                : received b'\x00\xe6\xf2Y\xe8\x07\xc0\x02'
2025-01-08 21:23:02,916 BTPWorkerThread-1191 (_rx_task) root DEBUG client.py                 71    logger_log                : received (0, 'c007e859f2e6', 2)
2025-01-08 21:23:02,978 BTPWorkerThread-1191 (_rx_task) root DEBUG client.py                 71    logger_log                : Read 5 bytes
2025-01-08 21:23:02,978 BTPWorkerThread-1191 (_rx_task) root DEBUG client.py                 71    logger_log                : Received: hdr: Header(svc_id=0x02, op=0x80, ctrl_index=0x00, data_len=0x0d) bytearray(b'\x02\x80\x00\r\x00')
2025-01-08 21:23:02,978 BTPWorkerThread-1191 (_rx_task) root DEBUG client.py                 71    logger_log                : Read 13 bytes data
2025-01-08 21:23:02,979 BTPWorkerThread-1191 (_rx_task) root DEBUG client.py                 71    logger_log                : Received data: {'00 e6 f2 59 e8 07 c0 02 0b 00 01 00 62'}, bytearray(b'\x00\xe6\xf2Y\xe8\x07\xc0\x02\x0b\x00\x01\x00b')
2025-01-08 21:23:02,979 BTPWorkerThread-1191 (_rx_task) root DEBUG client.py                 71    logger_log                : event_handler Header(svc_id=2, op=128, ctrl_index=0, data_len=13) (b'\x00\xe6\xf2Y\xe8\x07\xc0\x02\x0b\x00\x01\x00b',)
2025-01-08 21:23:02,979 BTPWorkerThread-1191 (_rx_task) root DEBUG client.py                 71    logger_log                : gatt_notification_ev_ 0 'c007e859f2e6' 2 11 b'b'
2025-01-08 21:23:03,839 LT1-thread root DEBUG client.py                 71    logger_log                : GAP GAP/SEC/SEM/BV-56-C on_implicit_send
2025-01-08 21:23:03,839 LT1-thread root DEBUG client.py                 71    logger_log                : gap_wid_hdl, 106, Waiting for HCI_ENCRYPTION_CHANGE_EVENT..., GAP/SEC/SEM/BV-56-C
2025-01-08 21:23:33,844 LT1-thread root DEBUG client.py                 71    logger_log                : Sending response 'OK' to wid 106 test case GAP/SEC/SEM/BV-56-C
2025-01-08 21:23:33,847 LT1-thread root DEBUG client.py                 71    logger_log                : ClientCallback.get_result run_test_case
2025-01-08 21:23:33,851 LT1-callback ClientCallback.on_implicit_send INFO client.py                 71    logger_log                : 
    ********************
    BEGIN OnImplicitSend:
    project_name: GAP
    wid: 237
    test_case_name: GAP/SEC/SEM/BV-56-C
    description: Please confirm that IUT send a GATT_HandleValueIndication to the Upper Tester
    style: MMI_Style_Yes_No1 0x11044
2025-01-08 21:23:33,851 LT1-callback ClientCallback.on_implicit_send INFO client.py                 71    logger_log                : Calling test cases on_implicit_send
2025-01-08 21:23:33,851 LT1-callback ClientCallback.on_implicit_send INFO client.py                 71    logger_log                : 
    on_implicit_send returned response: WAIT
    END OnImplicitSend
    ********************
2025-01-08 21:23:34,190 BTPWorkerThread-1191 (_rx_task) root DEBUG client.py                 71    logger_log                : Read 5 bytes
2025-01-08 21:23:34,190 BTPWorkerThread-1191 (_rx_task) root DEBUG client.py                 71    logger_log                : Received: hdr: Header(svc_id=0x01, op=0x83, ctrl_index=0x00, data_len=0x07) bytearray(b'\x01\x83\x00\x07\x00')
2025-01-08 21:23:34,190 BTPWorkerThread-1191 (_rx_task) root DEBUG client.py                 71    logger_log                : Read 7 bytes data
2025-01-08 21:23:34,190 BTPWorkerThread-1191 (_rx_task) root DEBUG client.py                 71    logger_log                : Received data: {'00 e6 f2 59 e8 07 c0'}, bytearray(b'\x00\xe6\xf2Y\xe8\x07\xc0')
2025-01-08 21:23:34,190 BTPWorkerThread-1191 (_rx_task) root DEBUG client.py                 71    logger_log                : event_handler Header(svc_id=1, op=131, ctrl_index=0, data_len=7) (b'\x00\xe6\xf2Y\xe8\x07\xc0',)
2025-01-08 21:23:34,191 BTPWorkerThread-1191 (_rx_task) root DEBUG client.py                 71    logger_log                : gap_disconnected_ev_ b'\x00\xe6\xf2Y\xe8\x07\xc0'
2025-01-08 21:23:34,847 LT1-thread root DEBUG client.py                 71    logger_log                : GAP GAP/SEC/SEM/BV-56-C on_implicit_send
2025-01-08 21:23:34,847 LT1-thread root DEBUG client.py                 71    logger_log                : gap_wid_hdl, 237, Please confirm that IUT send a GATT_HandleValueIndication to the Upper Tester, GAP/SEC/SEM/BV-56-C
2025-01-08 21:23:34,847 LT1-thread root DEBUG client.py                 71    logger_log                : Sending response 'Yes' to wid 237 test case GAP/SEC/SEM/BV-56-C
2025-01-08 21:23:34,850 LT1-thread root DEBUG client.py                 71    logger_log                : ClientCallback.get_result run_test_case
2025-01-08 21:23:37,399 LT1-callback ClientCallback.log INFO client.py                 71    logger_log                : PTS_LOGTYPE_START_TEST Start Test Case 

+1750 ms
 GAP/SEC/SEM/BV-56-C GAP/SEC/SEM/BV-56-C

2025-01-08 21:23:38,504 LT1-callback ClientCallback.log INFO client.py                 71    logger_log                : PTS_LOGTYPE_FINAL_VERDICT Final Verdict 

+49984 ms
 GAP/SEC/SEM/BV-56-C PASS

2025-01-08 21:23:38,510 LT1-callback ClientCallback.log INFO client.py                 71    logger_log                : PTS_LOGTYPE_FINAL_VERDICT Encrypted Verdict 

+49984 ms
 GAP/SEC/SEM/BV-56-C A1#ZWY4MzQ5MDg3MmQwNTIxOGQzMzQ5YjY2ODA5M2MzNjQ5ZDY4NmY0Yjc2MzIzM2VkNTUyNTFhNGU4Mjg1MjI0NA==#DK43H8UZi6PfVc2/PXYYq8KaRyTQ67fS4R06R3cZTvxxzx0qvoumkqsNYMr/YCMX

2025-01-08 21:23:38,677 LT1-callback ClientCallback.log INFO client.py                 71    logger_log                : PTS_LOGTYPE_END_TEST Test Case Ended 

+49984 ms
 GAP/SEC/SEM/BV-56-C GAP/SEC/SEM/BV-56-C

2025-01-08 21:23:38,872 LT1-callback root DEBUG client.py                 71    logger_log                : ClientCallback, set_result, run_test_case, PASS
2025-01-08 21:23:38,872 LT1-thread root DEBUG client.py                 71    logger_log                : After run_test_case error_code=0 status='PASS'
2025-01-08 21:23:38,873 LT1-thread root DEBUG client.py                 71    logger_log                : post_run GAP GAP/SEC/SEM/BV-56-C 0
2025-01-08 21:23:38,873 LT1-thread root DEBUG client.py                 71    logger_log                : Starting test function: class=<class 'autopts.ptsprojects.testcase.TestFuncCleanUp'>, func=<bound method Stack.cleanup of <autopts.ptsprojects.stack.stack.Stack object at 0x000001E8FE401590>> start_wid=None stop_wid=None post_wid=None skip_call=None call_count=1 args=() kwds={}
2025-01-08 21:23:38,873 LT1-thread root DEBUG client.py                 71    logger_log                : Test function parameters: args=(), kwds={}
2025-01-08 21:23:38,873 LT1-thread root DEBUG client.py                 71    logger_log                : Starting test function: class=<class 'autopts.ptsprojects.testcase.TestFuncCleanUp'>, func=<bound method ZephyrCtl.stop of <autopts.ptsprojects.zephyr.iutctl.ZephyrCtl object at 0x000001E8FB029B90>> start_wid=None stop_wid=None post_wid=None skip_call=None call_count=1 args=() kwds={}
2025-01-08 21:23:38,873 LT1-thread root DEBUG client.py                 71    logger_log                : Test function parameters: args=(), kwds={}
2025-01-08 21:23:38,873 LT1-thread root DEBUG client.py                 71    logger_log                : <class 'autopts.ptsprojects.zephyr.iutctl.ZephyrCtl'>.stop
2025-01-08 21:23:38,975 LT1-thread root DEBUG client.py                 71    logger_log                : <class 'autopts.rtt.RTTLogger'>.stop
2025-01-08 21:23:38,975 LT1-thread root DEBUG client.py                 71    logger_log                : <class 'autopts.rtt.RTT'>.stop
2025-01-08 21:23:39,000 LT1-thread root DEBUG client.py                 71    logger_log                : About to reset DUT: JLink -CommandFile reset.jlink -usb 1064371884 -device MCXW716
2025-01-08 21:23:39,464 BTPWorkerThread-1191 (_rx_task) root DEBUG client.py                 71    logger_log                : Read 5 bytes
2025-01-08 21:23:39,464 BTPWorkerThread-1191 (_rx_task) root DEBUG client.py                 71    logger_log                : Received: hdr: Header(svc_id=0x00, op=0x80, ctrl_index=0xff, data_len=0x00) bytearray(b'\x00\x80\xff\x00\x00')
2025-01-08 21:23:39,464 BTPWorkerThread-1191 (_rx_task) root DEBUG client.py                 71    logger_log                : Received data: {''}, bytearray(b'')
2025-01-08 21:23:39,464 BTPWorkerThread-1191 (_rx_task) root DEBUG client.py                 71    logger_log                : event_handler Header(svc_id=0, op=128, ctrl_index=255, data_len=0) (b'',)
2025-01-08 21:23:39,464 BTPWorkerThread-1191 (_rx_task) root DEBUG client.py                 71    logger_log                : core_iut_ready_ev
2025-01-08 21:23:39,464 LT1-thread root DEBUG client.py                 71    logger_log                : IUT ready event received OK
2025-01-08 21:23:39,464 LT1-thread root DEBUG client.py                 71    logger_log                : Waiting for _rx_worker to finish ...
2025-01-08 21:23:40,464 BTPWorkerThread-1191 (_rx_task) root DEBUG client.py                 71    logger_log                : BTPWorkerThread-1191 (_rx_task) finishing...
2025-01-08 21:23:43,484 LT1-thread root DEBUG client.py                 71    logger_log                : post_run, cleanup running post test case script
2025-01-08 21:23:43,484 LT1-thread root DEBUG client.py                 71    logger_log                : post_run, run post test case script
2025-01-08 21:23:43,624 LT1-thread root DEBUG client.py                 71    logger_log                : Done TestCase _run_test_case GAP GAP/SEC/SEM/BV-56-C
