< 2025/01/08 01:56:01.280427  length=5 from=0 to=4
 00 80 ff 00 00                                   .....
--
> 2025/01/08 01:56:11.209155  length=6 from=0 to=5
 00 03 ff 01 00 01                                ......
--
< 2025/01/08 01:56:11.256252  length=5 from=5 to=9
 00 03 ff 00 00                                   .....
--
> 2025/01/08 01:56:11.319101  length=6 from=6 to=11
 00 03 ff 01 00 03                                ......
--
< 2025/01/08 01:56:11.335245  length=5 from=10 to=14
 00 03 ff 00 00                                   .....
--
> 2025/01/08 01:56:11.474154  length=5 from=12 to=16
 01 03 00 00 00                                   .....
--
< 2025/01/08 01:56:12.167283  length=64 from=15 to=78
 01 03 00 15 01 28 00 03 37 60 00 13 06 02 00 13  .....(..7`......
 02 00 00 00 00 00 62 74 70 5f 74 65 73 74 65 72  ......btp_tester
 00 00 00 00 00 00 00 00 00 00 00 00 00 00 00 00  ................
 00 00 00 00 00 00 00 00 00 00 00 00 00 00 00 00  ................
--
< 2025/01/08 01:56:12.171072  length=64 from=79 to=142
 00 00 00 00 00 00 00 00 00 00 00 00 00 00 00 00  ................
 00 00 00 00 00 00 00 00 00 00 00 00 00 00 00 00  ................
 00 00 00 00 00 00 00 00 00 00 00 00 00 00 00 00  ................
 00 00 00 00 00 00 00 00 00 00 00 00 00 00 00 00  ................
--
< 2025/01/08 01:56:12.174745  length=32 from=143 to=174
 00 00 00 00 00 00 00 00 00 00 00 00 00 00 00 00  ................
 00 00 00 00 00 00 00 00 00 00 00 00 00 00 00 00  ................
--
< 2025/01/08 01:56:12.176625  length=32 from=175 to=206
 00 00 00 00 00 00 00 00 00 00 00 00 00 00 00 00  ................
 00 00 00 00 00 00 00 00 00 00 00 00 00 00 00 00  ................
--
< 2025/01/08 01:56:12.178640  length=32 from=207 to=238
 00 00 00 00 00 00 00 00 00 00 00 00 00 00 00 00  ................
 00 00 00 00 00 00 00 00 00 00 00 00 00 00 00 00  ................
--
< 2025/01/08 01:56:12.181060  length=32 from=239 to=270
 00 00 00 00 00 00 00 00 00 00 00 00 00 00 00 00  ................
 00 00 00 00 00 00 00 00 00 00 00 00 00 00 00 00  ................
--
< 2025/01/08 01:56:12.199416  length=26 from=271 to=296
 00 00 00 00 00 00 00 00 00 00 00 00 00 00 00 00  ................
 00 00 00 00 00 00 00 00 00 00                    ..........
--
> 2025/01/08 01:57:28.511234  length=12 from=17 to=28
 03 05 00 07 00 80 00 01 78 00 00 00              ........x...
--
< 2025/01/08 01:57:28.527389  length=5 from=297 to=301
 03 05 00 00 00                                   .....
--
< 2025/01/08 01:57:29.190998  length=5 from=302 to=306
 00 80 ff 00 00                                   .....
--
