< 2025/01/08 22:09:57.775212  length=5 from=0 to=4
 00 80 ff 00 00                                   .....
--
> 2025/01/08 22:10:07.563521  length=6 from=0 to=5
 00 03 ff 01 00 01                                ......
--
< 2025/01/08 22:10:07.609722  length=5 from=5 to=9
 00 03 ff 00 00                                   .....
--
> 2025/01/08 22:10:07.672581  length=5 from=6 to=10
 01 03 00 00 00                                   .....
--
< 2025/01/08 22:10:08.546828  length=192 from=10 to=201
 01 03 00 15 01 28 00 03 37 60 00 13 06 02 00 13  .....(..7`......
 02 00 00 00 00 00 62 74 70 5f 74 65 73 74 65 72  ......btp_tester
 00 00 00 00 00 00 00 00 00 00 00 00 00 00 00 00  ................
 00 00 00 00 00 00 00 00 00 00 00 00 00 00 00 00  ................
 00 00 00 00 00 00 00 00 00 00 00 00 00 00 00 00  ................
 00 00 00 00 00 00 00 00 00 00 00 00 00 00 00 00  ................
 00 00 00 00 00 00 00 00 00 00 00 00 00 00 00 00  ................
 00 00 00 00 00 00 00 00 00 00 00 00 00 00 00 00  ................
 00 00 00 00 00 00 00 00 00 00 00 00 00 00 00 00  ................
 00 00 00 00 00 00 00 00 00 00 00 00 00 00 00 00  ................
 00 00 00 00 00 00 00 00 00 00 00 00 00 00 00 00  ................
 00 00 00 00 00 00 00 00 00 00 00 00 00 00 00 00  ................
--
< 2025/01/08 22:10:08.558747  length=90 from=202 to=291
 00 00 00 00 00 00 00 00 00 00 00 00 00 00 00 00  ................
 00 00 00 00 00 00 00 00 00 00 00 00 00 00 00 00  ................
 00 00 00 00 00 00 00 00 00 00 00 00 00 00 00 00  ................
 00 00 00 00 00 00 00 00 00 00 00 00 00 00 00 00  ................
 00 00 00 00 00 00 00 00 00 00 00 00 00 00 00 00  ................
 00 00 00 00 00 00 00 00 00 00                    ..........
--
> 2025/01/08 22:10:08.857701  length=6 from=11 to=16
 00 03 ff 01 00 02                                ......
--
< 2025/01/08 22:10:08.873714  length=5 from=292 to=296
 00 03 ff 00 00                                   .....
--
> 2025/01/08 22:10:08.951660  length=6 from=17 to=22
 01 10 00 01 00 04                                ......
--
< 2025/01/08 22:10:08.966848  length=5 from=297 to=301
 01 10 00 00 00                                   .....
--
> 2025/01/08 22:10:09.028660  length=9 from=23 to=31
 02 02 00 04 00 00 02 aa 51                       ........Q
--
< 2025/01/08 22:10:09.044800  length=7 from=302 to=308
 02 02 00 02 00 00 00                             .......
--
> 2025/01/08 22:10:09.151673  length=12 from=32 to=43
 02 03 00 07 00 00 00 02 11 02 aa 52              ...........R
--
< 2025/01/08 22:10:09.167832  length=7 from=309 to=315
 02 03 00 02 00 00 00                             .......
--
> 2025/01/08 22:10:09.277650  length=10 from=44 to=53
 02 06 00 05 00 00 00 01 00 01                    ..........
--
< 2025/01/08 22:10:09.293773  length=5 from=316 to=320
 02 06 00 00 00                                   .....
--
> 2025/01/08 22:10:09.387707  length=12 from=54 to=65
 02 03 00 07 00 00 00 02 05 02 aa 53              ...........S
--
< 2025/01/08 22:10:09.403748  length=7 from=321 to=327
 02 03 00 02 00 00 00                             .......
--
> 2025/01/08 22:10:09.513666  length=10 from=66 to=75
 02 06 00 05 00 00 00 01 00 02                    ..........
--
< 2025/01/08 22:10:09.529844  length=5 from=328 to=332
 02 06 00 00 00                                   .....
--
> 2025/01/08 22:10:09.655658  length=12 from=76 to=87
 02 03 00 07 00 00 00 42 03 02 aa 54              .......B...T
--
< 2025/01/08 22:10:09.671847  length=7 from=333 to=339
 02 03 00 02 00 00 00                             .......
--
> 2025/01/08 22:10:09.811673  length=10 from=88 to=97
 02 06 00 05 00 00 00 01 00 03                    ..........
--
< 2025/01/08 22:10:09.827696  length=5 from=340 to=344
 02 06 00 00 00                                   .....
--
> 2025/01/08 22:10:09.923645  length=12 from=98 to=109
 02 03 00 07 00 00 00 0a                          ........
 30 02 aa 55                                      0..U
--
< 2025/01/08 22:10:09.938836  length=7 from=345 to=351
 02 03 00 02 00 00 00                             .......
--
> 2025/01/08 22:10:10.062689  length=10 from=110 to=119
 02 06 00 05 00 00 00 01 00 04                    ..........
--
< 2025/01/08 22:10:10.077749  length=5 from=352 to=356
 02 06 00 00 00                                   .....
--
> 2025/01/08 22:10:10.157670  length=5 from=120 to=124
 02 07 00 00 00                                   .....
--
< 2025/01/08 22:10:10.172829  length=8 from=357 to=364
 02 07 00 03 00 00 00 00                          ........
--
> 2025/01/08 22:10:13.320822  length=18 from=125 to=142
 01 26 00 0d 00 00 e6 f2 59 e8 07 c0 00 00 00 0a  .&......Y.......
 00 00                                            ..
--
< 2025/01/08 22:10:13.335946  length=6 from=365 to=370
 01 00 00 01 00 01                                ......
--
< 2025/01/08 22:10:14.014257  length=5 from=371 to=375
 00 80 ff 00 00                                   .....
--
