2025-11-28 19:28:53,463 LT1-thread root DEBUG client.py                 82    logger_log                : Starting TestCase _run_test_case AVRCP AVRCP/TG/CA/BV-02-C
2025-11-28 19:28:53,463 LT1-thread root DEBUG client.py                 82    logger_log                : pre_run AVRCP AVRCP/TG/CA/BV-02-C
2025-11-28 19:28:53,464 LT1-thread root DEBUG client.py                 82    logger_log                : About to run test case AVRCP AVRCP/TG/CA/BV-02-C with commands:
2025-11-28 19:28:53,464 LT1-thread root DEBUG client.py                 82    logger_log                : 0) class=<class 'autopts.ptsprojects.testcase.TestFunc'>, func=<bound method Stack.core_init of <autopts.ptsprojects.stack.stack.Stack object at 0x000002302CC8FEF0>> start_wid=None stop_wid=None post_wid=None skip_call=None call_count=0 args=() kwds={}
2025-11-28 19:28:53,464 LT1-thread root DEBUG client.py                 82    logger_log                : 1) class=<class 'autopts.ptsprojects.testcase.TestFunc'>, func=<bound method IutCtl.start of <autopts.ptsprojects.zephyr.iutctl.ZephyrCtl object at 0x000002302BB1D190>> start_wid=None stop_wid=None post_wid=None skip_call=None call_count=0 args=(<autopts.ptsprojects.zephyr.ztestcase.ZTestCase object at 0x000002302D2898E0>,) kwds={}
2025-11-28 19:28:53,464 LT1-thread root DEBUG client.py                 82    logger_log                : 2) class=<class 'autopts.ptsprojects.testcase.TestFunc'>, func=<bound method IutCtl.wait_iut_ready_event of <autopts.ptsprojects.zephyr.iutctl.ZephyrCtl object at 0x000002302BB1D190>> start_wid=None stop_wid=None post_wid=None skip_call=None call_count=0 args=(False,) kwds={}
2025-11-28 19:28:53,464 LT1-thread root DEBUG client.py                 82    logger_log                : 3) class=<class 'autopts.ptsprojects.testcase.TestFunc'>, func=<function core_reg_svc_gap at 0x0000023029C40040> start_wid=None stop_wid=None post_wid=None skip_call=None call_count=119 args=() kwds={}
2025-11-28 19:28:53,464 LT1-thread root DEBUG client.py                 82    logger_log                : 4) class=<class 'autopts.ptsprojects.testcase.TestFunc'>, func=<bound method Stack.gap_init of <autopts.ptsprojects.stack.stack.Stack object at 0x000002302CC8FEF0>> start_wid=None stop_wid=None post_wid=None skip_call=None call_count=118 args=(b'Tester_08E44E',) kwds={}
2025-11-28 19:28:53,464 LT1-thread root DEBUG client.py                 82    logger_log                : 5) class=<class 'autopts.ptsprojects.testcase.TestFunc'>, func=<function gap_read_ctrl_info at 0x0000023029C822A0> start_wid=None stop_wid=None post_wid=None skip_call=None call_count=118 args=() kwds={}
2025-11-28 19:28:53,465 LT1-thread root DEBUG client.py                 82    logger_log                : 6) class=<class 'autopts.ptsprojects.testcase.TestFunc'>, func=<function test_cases.<locals>.<lambda> at 0x000002302D1A58A0> start_wid=None stop_wid=None post_wid=None skip_call=None call_count=118 args=() kwds={}
2025-11-28 19:28:53,465 LT1-thread root DEBUG client.py                 82    logger_log                : 7) class=<class 'autopts.ptsprojects.testcase.TestFunc'>, func=<function set_pts_addr at 0x0000023029C3BBA0> start_wid=None stop_wid=None post_wid=None skip_call=None call_count=118 args=('00:1B:DC:08:E4:4E', 0) kwds={}
2025-11-28 19:28:53,465 LT1-thread root DEBUG client.py                 82    logger_log                : 8) class=<class 'autopts.ptsprojects.testcase.TestFunc'>, func=<function core_reg_svc_avrcp at 0x0000023029C416C0> start_wid=None stop_wid=None post_wid=None skip_call=None call_count=118 args=() kwds={}
2025-11-28 19:28:53,465 LT1-thread root DEBUG client.py                 82    logger_log                : 9) class=<class 'autopts.ptsprojects.testcase.TestFunc'>, func=<bound method Stack.avrcp_init of <autopts.ptsprojects.stack.stack.Stack object at 0x000002302CC8FEF0>> start_wid=None stop_wid=None post_wid=None skip_call=None call_count=118 args=() kwds={}
2025-11-28 19:28:53,465 LT1-thread root DEBUG client.py                 82    logger_log                : 10) class=<class 'autopts.ptsprojects.testcase.TestFuncCleanUp'>, func=<bound method Stack.cleanup of <autopts.ptsprojects.stack.stack.Stack object at 0x000002302CC8FEF0>> start_wid=None stop_wid=None post_wid=None skip_call=None call_count=0 args=() kwds={}
2025-11-28 19:28:53,465 LT1-thread root DEBUG client.py                 82    logger_log                : 11) class=<class 'autopts.ptsprojects.testcase.TestFuncCleanUp'>, func=<bound method ZephyrCtl.stop of <autopts.ptsprojects.zephyr.iutctl.ZephyrCtl object at 0x000002302BB1D190>> start_wid=None stop_wid=None post_wid=None skip_call=None call_count=0 args=() kwds={}
2025-11-28 19:28:53,465 LT1-thread root DEBUG client.py                 82    logger_log                : pre_run, run pre test case script
2025-11-28 19:28:53,477 LT1-thread root DEBUG client.py                 82    logger_log                : Starting test function: class=<class 'autopts.ptsprojects.testcase.TestFunc'>, func=<bound method Stack.core_init of <autopts.ptsprojects.stack.stack.Stack object at 0x000002302CC8FEF0>> start_wid=None stop_wid=None post_wid=None skip_call=None call_count=1 args=() kwds={}
2025-11-28 19:28:53,477 LT1-thread root DEBUG client.py                 82    logger_log                : Test function parameters: args=(), kwds={}
2025-11-28 19:28:53,477 LT1-thread root DEBUG client.py                 82    logger_log                : Starting test function: class=<class 'autopts.ptsprojects.testcase.TestFunc'>, func=<bound method IutCtl.start of <autopts.ptsprojects.zephyr.iutctl.ZephyrCtl object at 0x000002302BB1D190>> start_wid=None stop_wid=None post_wid=None skip_call=None call_count=1 args=(<autopts.ptsprojects.zephyr.ztestcase.ZTestCase object at 0x000002302D2898E0>,) kwds={}
2025-11-28 19:28:53,477 LT1-thread root DEBUG client.py                 82    logger_log                : Test function parameters: args=(<autopts.ptsprojects.zephyr.ztestcase.ZTestCase object at 0x000002302D2898E0>,), kwds={}
2025-11-28 19:28:53,477 LT1-thread root DEBUG client.py                 82    logger_log                : <class 'autopts.ptsprojects.zephyr.iutctl.ZephyrCtl'>.start
2025-11-28 19:28:53,477 LT1-thread root DEBUG client.py                 82    logger_log                : <class 'autopts.ptsprojects.zephyr.iutctl.ZephyrCtl'>.flush_serial
2025-11-28 19:28:54,694 LT1-thread root DEBUG client.py                 82    logger_log                : Starting socat process: socat.exe -x -v tcp:10.17.12.9:62474,retry=100,interval=1 /dev/ttyS2,raw,b115200,
2025-11-28 19:28:54,704 LT1-thread root DEBUG client.py                 82    logger_log                : accept
2025-11-28 19:28:54,798 BTPWorkerThread-3269 (_rx_task) root DEBUG client.py                 82    logger_log                : BTPWorkerThread-3269 (_rx_task) started
2025-11-28 19:28:54,798 LT1-thread root DEBUG client.py                 82    logger_log                : Starting test function: class=<class 'autopts.ptsprojects.testcase.TestFunc'>, func=<bound method IutCtl.wait_iut_ready_event of <autopts.ptsprojects.zephyr.iutctl.ZephyrCtl object at 0x000002302BB1D190>> start_wid=None stop_wid=None post_wid=None skip_call=None call_count=1 args=(False,) kwds={}
2025-11-28 19:28:54,798 LT1-thread root DEBUG client.py                 82    logger_log                : Test function parameters: args=(False,), kwds={}
2025-11-28 19:28:54,799 LT1-thread root DEBUG client.py                 82    logger_log                : IUT ready event received OK
2025-11-28 19:28:54,799 LT1-thread root DEBUG client.py                 82    logger_log                : Starting test function: class=<class 'autopts.ptsprojects.testcase.TestFunc'>, func=<function core_reg_svc_gap at 0x0000023029C40040> start_wid=None stop_wid=None post_wid=None skip_call=None call_count=120 args=() kwds={}
2025-11-28 19:28:54,800 LT1-thread root DEBUG client.py                 82    logger_log                : Test function parameters: args=(), kwds={}
2025-11-28 19:28:54,800 LT1-thread root DEBUG client.py                 82    logger_log                : core_reg_svc_univ: gap_reg (GAP)
2025-11-28 19:28:54,800 LT1-thread root DEBUG client.py                 82    logger_log                : send, 0 3 255 '1'
2025-11-28 19:28:54,800 LT1-thread root DEBUG client.py                 82    logger_log                : sending frame '0003ff010001'
2025-11-28 19:28:54,801 LT1-thread root DEBUG client.py                 82    logger_log                : core_reg_svc_rsp_succ
2025-11-28 19:28:54,801 LT1-thread root DEBUG client.py                 82    logger_log                : read
2025-11-28 19:28:58,452 BTPWorkerThread-3269 (_rx_task) root DEBUG client.py                 82    logger_log                : Read 5 bytes
2025-11-28 19:28:58,483 BTPWorkerThread-3269 (_rx_task) root DEBUG client.py                 82    logger_log                : Received: hdr: Header(svc_id=0x00, op=0x03, ctrl_index=0xff, data_len=0x00) bytearray(b'\x00\x03\xff\x00\x00')
2025-11-28 19:28:58,515 BTPWorkerThread-3269 (_rx_task) root DEBUG client.py                 82    logger_log                : Received data: {''}, bytearray(b'')
2025-11-28 19:28:58,561 LT1-thread root DEBUG client.py                 82    logger_log                : received Header(svc_id=0, op=3, ctrl_index=255, data_len=0) (b'',)
2025-11-28 19:28:58,561 LT1-thread root DEBUG client.py                 82    logger_log                : expected ((0, 3, 255, 0), (b'',))
2025-11-28 19:28:58,561 LT1-thread root DEBUG client.py                 82    logger_log                : response is valid
2025-11-28 19:28:58,562 LT1-thread root DEBUG client.py                 82    logger_log                : Reading supported commands for service: GAP
2025-11-28 19:28:58,562 LT1-thread root DEBUG client.py                 82    logger_log                : send, 1 1 255 ''
2025-11-28 19:28:58,562 LT1-thread root DEBUG client.py                 82    logger_log                : sending frame '0101ff0000'
2025-11-28 19:28:58,562 LT1-thread root DEBUG client.py                 82    logger_log                : read
2025-11-28 19:28:58,640 BTPWorkerThread-3269 (_rx_task) root DEBUG client.py                 82    logger_log                : Read 5 bytes
2025-11-28 19:28:58,672 BTPWorkerThread-3269 (_rx_task) root DEBUG client.py                 82    logger_log                : Received: hdr: Header(svc_id=0x01, op=0x01, ctrl_index=0xff, data_len=0x06) bytearray(b'\x01\x01\xff\x06\x00')
2025-11-28 19:28:58,736 BTPWorkerThread-3269 (_rx_task) root DEBUG client.py                 82    logger_log                : Read 6 bytes data
2025-11-28 19:28:58,768 BTPWorkerThread-3269 (_rx_task) root DEBUG client.py                 82    logger_log                : Received data: {'6e ff 7f 1f fe f7'}, bytearray(b'n\xff\x7f\x1f\xfe\xf7')
2025-11-28 19:28:58,816 LT1-thread root DEBUG client.py                 82    logger_log                : Starting test function: class=<class 'autopts.ptsprojects.testcase.TestFunc'>, func=<bound method Stack.gap_init of <autopts.ptsprojects.stack.stack.Stack object at 0x000002302CC8FEF0>> start_wid=None stop_wid=None post_wid=None skip_call=None call_count=119 args=(b'Tester_08E44E',) kwds={}
2025-11-28 19:28:58,816 LT1-thread root DEBUG client.py                 82    logger_log                : Test function parameters: args=(b'Tester_08E44E',), kwds={}
2025-11-28 19:28:58,816 LT1-thread root DEBUG client.py                 82    logger_log                : Starting test function: class=<class 'autopts.ptsprojects.testcase.TestFunc'>, func=<function gap_read_ctrl_info at 0x0000023029C822A0> start_wid=None stop_wid=None post_wid=None skip_call=None call_count=119 args=() kwds={}
2025-11-28 19:28:58,817 LT1-thread root DEBUG client.py                 82    logger_log                : Test function parameters: args=(), kwds={}
2025-11-28 19:28:58,817 LT1-thread root DEBUG client.py                 82    logger_log                : gap_read_ctrl_info
2025-11-28 19:28:58,817 LT1-thread root DEBUG client.py                 82    logger_log                : send, 1 3 0 ''
2025-11-28 19:28:58,817 LT1-thread root DEBUG client.py                 82    logger_log                : sending frame '0103000000'
2025-11-28 19:28:58,817 LT1-thread root DEBUG client.py                 82    logger_log                : read
2025-11-28 19:28:58,896 BTPWorkerThread-3269 (_rx_task) root DEBUG client.py                 82    logger_log                : Read 5 bytes
2025-11-28 19:28:58,928 BTPWorkerThread-3269 (_rx_task) root DEBUG client.py                 82    logger_log                : Received: hdr: Header(svc_id=0x01, op=0x03, ctrl_index=0x00, data_len=0x115) bytearray(b'\x01\x03\x00\x15\x01')
2025-11-28 19:28:58,992 BTPWorkerThread-3269 (_rx_task) root DEBUG client.py                 82    logger_log                : Read 277 bytes data
2025-11-28 19:28:59,024 BTPWorkerThread-3269 (_rx_task) root DEBUG client.py                 82    logger_log                : Received data: {'19 78 ee 69 17 d0 d3 06 02 00 13 02 00 00 00 00 00 62 74 70 5f 74 65 73 74 65 72 00 00 00 00 00 00 00 00 00 00 00 00 00 00 00 00 00 00 00 00 00 00 00 00 00 00 00 00 00 00 00 00 00 00 00 00 00 00 00 00 00 00 00 00 00 00 00 00 00 00 00 00 00 00 00 00 00 00 00 00 00 00 00 00 00 00 00 00 00 00 00 00 00 00 00 00 00 00 00 00 00 00 00 00 00 00 00 00 00 00 00 00 00 00 00 00 00 00 00 00 00 00 00 00 00 00 00 00 00 00 00 00 00 00 00 00 00 00 00 00 00 00 00 00 00 00 00 00 00 00 00 00 00 00 00 00 00 00 00 00 00 00 00 00 00 00 00 00 00 00 00 00 00 00 00 00 00 00 00 00 00 00 00 00 00 00 00 00 00 00 00 00 00 00 00 00 00 00 00 00 00 00 00 00 00 00 00 00 00 00 00 00 00 00 00 00 00 00 00 00 00 00 00 00 00 00 00 00 00 00 00 00 00 00 00 00 00 00 00 00 00 00 00 00 00 00 00 00 00 00 00 00 00 00 00 00 00 00 00 00 00 00 00 00 00 00 00 00 00 00'}, bytearray(b'\x19x\xeei\x17\xd0\xd3\x06\x02\x00\x13\x02\x00\x00\x00\x00\x00btp_tester\x00\x00\x00\x00\x00\x00\x00\x00\x00\x00\x00\x00\x00\x00\x00\x00\x00\x00\x00\x00\x00\x00\x00\x00\x00\x00\x00\x00\x00\x00\x00\x00\x00\x00\x00\x00\x00\x00\x00\x00\x00\x00\x00\x00\x00\x00\x00\x00\x00\x00\x00\x00\x00\x00\x00\x00\x00\x00\x00\x00\x00\x00\x00\x00\x00\x00\x00\x00\x00\x00\x00\x00\x00\x00\x00\x00\x00\x00\x00\x00\x00\x00\x00\x00\x00\x00\x00\x00\x00\x00\x00\x00\x00\x00\x00\x00\x00\x00\x00\x00\x00\x00\x00\x00\x00\x00\x00\x00\x00\x00\x00\x00\x00\x00\x00\x00\x00\x00\x00\x00\x00\x00\x00\x00\x00\x00\x00\x00\x00\x00\x00\x00\x00\x00\x00\x00\x00\x00\x00\x00\x00\x00\x00\x00\x00\x00\x00\x00\x00\x00\x00\x00\x00\x00\x00\x00\x00\x00\x00\x00\x00\x00\x00\x00\x00\x00\x00\x00\x00\x00\x00\x00\x00\x00\x00\x00\x00\x00\x00\x00\x00\x00\x00\x00\x00\x00\x00\x00\x00\x00\x00\x00\x00\x00\x00\x00\x00\x00\x00\x00\x00\x00\x00\x00\x00\x00\x00\x00\x00\x00\x00\x00\x00\x00\x00\x00\x00\x00\x00\x00\x00\x00\x00\x00\x00\x00\x00\x00\x00\x00\x00\x00\x00\x00\x00\x00\x00\x00\x00\x00\x00\x00\x00\x00\x00\x00\x00\x00\x00\x00')
2025-11-28 19:28:59,072 LT1-thread root DEBUG client.py                 82    logger_log                : received Header(svc_id=1, op=3, ctrl_index=0, data_len=277) (b'\x19x\xeei\x17\xd0\xd3\x06\x02\x00\x13\x02\x00\x00\x00\x00\x00btp_tester\x00\x00\x00\x00\x00\x00\x00\x00\x00\x00\x00\x00\x00\x00\x00\x00\x00\x00\x00\x00\x00\x00\x00\x00\x00\x00\x00\x00\x00\x00\x00\x00\x00\x00\x00\x00\x00\x00\x00\x00\x00\x00\x00\x00\x00\x00\x00\x00\x00\x00\x00\x00\x00\x00\x00\x00\x00\x00\x00\x00\x00\x00\x00\x00\x00\x00\x00\x00\x00\x00\x00\x00\x00\x00\x00\x00\x00\x00\x00\x00\x00\x00\x00\x00\x00\x00\x00\x00\x00\x00\x00\x00\x00\x00\x00\x00\x00\x00\x00\x00\x00\x00\x00\x00\x00\x00\x00\x00\x00\x00\x00\x00\x00\x00\x00\x00\x00\x00\x00\x00\x00\x00\x00\x00\x00\x00\x00\x00\x00\x00\x00\x00\x00\x00\x00\x00\x00\x00\x00\x00\x00\x00\x00\x00\x00\x00\x00\x00\x00\x00\x00\x00\x00\x00\x00\x00\x00\x00\x00\x00\x00\x00\x00\x00\x00\x00\x00\x00\x00\x00\x00\x00\x00\x00\x00\x00\x00\x00\x00\x00\x00\x00\x00\x00\x00\x00\x00\x00\x00\x00\x00\x00\x00\x00\x00\x00\x00\x00\x00\x00\x00\x00\x00\x00\x00\x00\x00\x00\x00\x00\x00\x00\x00\x00\x00\x00\x00\x00\x00\x00\x00\x00\x00\x00\x00\x00\x00\x00\x00\x00\x00\x00\x00\x00\x00\x00\x00\x00\x00\x00\x00\x00\x00\x00\x00\x00\x00\x00\x00\x00',)
2025-11-28 19:28:59,072 LT1-thread root DEBUG client.py                 82    logger_log                : IUT address 'd01769ee7819' 'public'
2025-11-28 19:28:59,073 LT1-thread root DEBUG client.py                 82    logger_log                : __gap_current_settings_update 531
2025-11-28 19:28:59,073 LT1-thread root DEBUG client.py                 82    logger_log                : Starting test function: class=<class 'autopts.ptsprojects.testcase.TestFunc'>, func=<function test_cases.<locals>.<lambda> at 0x000002302D1A58A0> start_wid=None stop_wid=None post_wid=None skip_call=None call_count=119 args=() kwds={}
2025-11-28 19:28:59,073 LT1-thread root DEBUG client.py                 82    logger_log                : Test function parameters: args=(), kwds={}
2025-11-28 19:28:59,078 LT1-thread root DEBUG client.py                 82    logger_log                : Starting test function: class=<class 'autopts.ptsprojects.testcase.TestFunc'>, func=<function set_pts_addr at 0x0000023029C3BBA0> start_wid=None stop_wid=None post_wid=None skip_call=None call_count=119 args=('00:1B:DC:08:E4:4E', 0) kwds={}
2025-11-28 19:28:59,078 LT1-thread root DEBUG client.py                 82    logger_log                : Test function parameters: args=('00:1B:DC:08:E4:4E', 0), kwds={}
2025-11-28 19:28:59,079 LT1-thread root DEBUG client.py                 82    logger_log                : Starting test function: class=<class 'autopts.ptsprojects.testcase.TestFunc'>, func=<function core_reg_svc_avrcp at 0x0000023029C416C0> start_wid=None stop_wid=None post_wid=None skip_call=None call_count=119 args=() kwds={}
2025-11-28 19:28:59,079 LT1-thread root DEBUG client.py                 82    logger_log                : Test function parameters: args=(), kwds={}
2025-11-28 19:28:59,079 LT1-thread root DEBUG client.py                 82    logger_log                : core_reg_svc_univ: avrcp_reg (AVRCP)
2025-11-28 19:28:59,079 LT1-thread root DEBUG client.py                 82    logger_log                : send, 0 3 255 '37'
2025-11-28 19:28:59,079 LT1-thread root DEBUG client.py                 82    logger_log                : sending frame '0003ff010025'
2025-11-28 19:28:59,080 LT1-thread root DEBUG client.py                 82    logger_log                : core_reg_svc_rsp_succ
2025-11-28 19:28:59,080 LT1-thread root DEBUG client.py                 82    logger_log                : read
2025-11-28 19:28:59,166 BTPWorkerThread-3269 (_rx_task) root DEBUG client.py                 82    logger_log                : Read 5 bytes
2025-11-28 19:28:59,198 BTPWorkerThread-3269 (_rx_task) root DEBUG client.py                 82    logger_log                : Received: hdr: Header(svc_id=0x00, op=0x03, ctrl_index=0xff, data_len=0x00) bytearray(b'\x00\x03\xff\x00\x00')
2025-11-28 19:28:59,230 BTPWorkerThread-3269 (_rx_task) root DEBUG client.py                 82    logger_log                : Received data: {''}, bytearray(b'')
2025-11-28 19:28:59,278 LT1-thread root DEBUG client.py                 82    logger_log                : received Header(svc_id=0, op=3, ctrl_index=255, data_len=0) (b'',)
2025-11-28 19:28:59,278 LT1-thread root DEBUG client.py                 82    logger_log                : expected ((0, 3, 255, 0), (b'',))
2025-11-28 19:28:59,278 LT1-thread root DEBUG client.py                 82    logger_log                : response is valid
2025-11-28 19:28:59,278 LT1-thread root DEBUG client.py                 82    logger_log                : Reading supported commands for service: AVRCP
2025-11-28 19:28:59,278 LT1-thread root DEBUG client.py                 82    logger_log                : send, 37 1 255 ''
2025-11-28 19:28:59,278 LT1-thread root DEBUG client.py                 82    logger_log                : sending frame '2501ff0000'
2025-11-28 19:28:59,279 LT1-thread root DEBUG client.py                 82    logger_log                : read
2025-11-28 19:28:59,358 BTPWorkerThread-3269 (_rx_task) root DEBUG client.py                 82    logger_log                : Read 5 bytes
2025-11-28 19:28:59,390 BTPWorkerThread-3269 (_rx_task) root DEBUG client.py                 82    logger_log                : Received: hdr: Header(svc_id=0x25, op=0x01, ctrl_index=0xff, data_len=0x05) bytearray(b'%\x01\xff\x05\x00')
2025-11-28 19:28:59,454 BTPWorkerThread-3269 (_rx_task) root DEBUG client.py                 82    logger_log                : Read 5 bytes data
2025-11-28 19:28:59,486 BTPWorkerThread-3269 (_rx_task) root DEBUG client.py                 82    logger_log                : Received data: {'fe ff e7 ff 7f'}, bytearray(b'\xfe\xff\xe7\xff\x7f')
2025-11-28 19:28:59,534 LT1-thread root DEBUG client.py                 82    logger_log                : Starting test function: class=<class 'autopts.ptsprojects.testcase.TestFunc'>, func=<bound method Stack.avrcp_init of <autopts.ptsprojects.stack.stack.Stack object at 0x000002302CC8FEF0>> start_wid=None stop_wid=None post_wid=None skip_call=None call_count=119 args=() kwds={}
2025-11-28 19:28:59,534 LT1-thread root DEBUG client.py                 82    logger_log                : Test function parameters: args=(), kwds={}
2025-11-28 19:28:59,536 LT1-thread root DEBUG client.py                 82    logger_log                : ClientCallback.get_result run_test_case
2025-11-28 19:29:01,724 LT1-callback ClientCallback.on_implicit_send INFO client.py                 82    logger_log                : 
    ********************
    BEGIN OnImplicitSend:
    project_name: AVRCP
    wid: 84
    test_case_name: AVRCP/TG/CA/BV-02-C
    description: Action: Place the IUT in connectable mode.

Description : PTS requires that the IUT be in connectable mode.The PTS will attempt to establish an ACL connection.
    style: MMI_Style_Ok_Cancel1 0x11041
2025-11-28 19:29:01,724 LT1-callback ClientCallback.on_implicit_send INFO client.py                 82    logger_log                : Calling test cases on_implicit_send
2025-11-28 19:29:01,724 LT1-callback ClientCallback.on_implicit_send INFO client.py                 82    logger_log                : 
    on_implicit_send returned response: WAIT
    END OnImplicitSend
    ********************
2025-11-28 19:29:02,564 LT1-thread root DEBUG client.py                 82    logger_log                : AVRCP AVRCP/TG/CA/BV-02-C on_implicit_send
2025-11-28 19:29:02,564 LT1-thread root DEBUG client.py                 82    logger_log                : avrcp_wid_hdl, 84, Action: Place the IUT in connectable mode.

Description : PTS requires that the IUT be in connectable mode.The PTS will attempt to establish an ACL connection., AVRCP/TG/CA/BV-02-C
2025-11-28 19:29:02,564 LT1-thread root DEBUG client.py                 82    logger_log                : gap_set_conn
2025-11-28 19:29:02,564 LT1-thread root DEBUG client.py                 82    logger_log                : gap_set_gendiscov
2025-11-28 19:29:02,564 LT1-thread root DEBUG client.py                 82    logger_log                : send, 1 8 0 '1'
2025-11-28 19:29:02,565 LT1-thread root DEBUG client.py                 82    logger_log                : sending frame '010800010001'
2025-11-28 19:29:02,565 LT1-thread root DEBUG client.py                 82    logger_log                : gap_command_rsp_succ
2025-11-28 19:29:02,565 LT1-thread root DEBUG client.py                 82    logger_log                : read
2025-11-28 19:29:02,658 BTPWorkerThread-3269 (_rx_task) root DEBUG client.py                 82    logger_log                : Read 5 bytes
2025-11-28 19:29:02,689 BTPWorkerThread-3269 (_rx_task) root DEBUG client.py                 82    logger_log                : Received: hdr: Header(svc_id=0x01, op=0x08, ctrl_index=0x00, data_len=0x04) bytearray(b'\x01\x08\x00\x04\x00')
2025-11-28 19:29:02,785 BTPWorkerThread-3269 (_rx_task) root DEBUG client.py                 82    logger_log                : Read 4 bytes data
2025-11-28 19:29:02,817 BTPWorkerThread-3269 (_rx_task) root DEBUG client.py                 82    logger_log                : Received data: {'1b 02 00 00'}, bytearray(b'\x1b\x02\x00\x00')
2025-11-28 19:29:02,865 LT1-thread root DEBUG client.py                 82    logger_log                : received Header(svc_id=1, op=8, ctrl_index=0, data_len=4) (b'\x1b\x02\x00\x00',)
2025-11-28 19:29:02,865 LT1-thread root DEBUG client.py                 82    logger_log                : __gap_current_settings_update (b'\x1b\x02\x00\x00',)
2025-11-28 19:29:02,865 LT1-thread root DEBUG client.py                 82    logger_log                : gap_adv_ind_on {9: b'Tester_08E44E'} None
2025-11-28 19:29:02,865 LT1-thread root DEBUG client.py                 82    logger_log                : send, 1 10 0 "bytearray(b'\\x0f\\x00\\t\\rTester_08E44E\\xff\\xff\\xff\\xff\\x00')"
2025-11-28 19:29:02,866 LT1-thread root DEBUG client.py                 82    logger_log                : sending frame '010a0016000f00090d5465737465725f303845343445ffffffff00'
2025-11-28 19:29:02,866 LT1-thread root DEBUG client.py                 82    logger_log                : gap_command_rsp_succ
2025-11-28 19:29:02,866 LT1-thread root DEBUG client.py                 82    logger_log                : read
2025-11-28 19:29:02,944 BTPWorkerThread-3269 (_rx_task) root DEBUG client.py                 82    logger_log                : Read 5 bytes
2025-11-28 19:29:02,976 BTPWorkerThread-3269 (_rx_task) root DEBUG client.py                 82    logger_log                : Received: hdr: Header(svc_id=0x01, op=0x0a, ctrl_index=0x00, data_len=0x04) bytearray(b'\x01\n\x00\x04\x00')
2025-11-28 19:29:03,040 BTPWorkerThread-3269 (_rx_task) root DEBUG client.py                 82    logger_log                : Read 4 bytes data
2025-11-28 19:29:03,072 BTPWorkerThread-3269 (_rx_task) root DEBUG client.py                 82    logger_log                : Received data: {'1b 06 00 00'}, bytearray(b'\x1b\x06\x00\x00')
2025-11-28 19:29:03,120 LT1-thread root DEBUG client.py                 82    logger_log                : received Header(svc_id=1, op=10, ctrl_index=0, data_len=4) (b'\x1b\x06\x00\x00',)
2025-11-28 19:29:03,120 LT1-thread root DEBUG client.py                 82    logger_log                : __gap_current_settings_update (b'\x1b\x06\x00\x00',)
2025-11-28 19:29:03,120 LT1-thread root DEBUG client.py                 82    logger_log                : Sending response 'OK' to wid 84 test case AVRCP/TG/CA/BV-02-C
2025-11-28 19:29:03,123 LT1-thread root DEBUG client.py                 82    logger_log                : ClientCallback.get_result run_test_case
2025-11-28 19:29:05,296 BTPWorkerThread-3269 (_rx_task) root DEBUG client.py                 82    logger_log                : Read 5 bytes
2025-11-28 19:29:05,296 BTPWorkerThread-3269 (_rx_task) root DEBUG client.py                 82    logger_log                : Received: hdr: Header(svc_id=0x01, op=0x82, ctrl_index=0x00, data_len=0x0d) bytearray(b'\x01\x82\x00\r\x00')
2025-11-28 19:29:05,297 BTPWorkerThread-3269 (_rx_task) root DEBUG client.py                 82    logger_log                : Read 13 bytes data
2025-11-28 19:29:05,297 BTPWorkerThread-3269 (_rx_task) root DEBUG client.py                 82    logger_log                : Received data: {'e0 4e e4 08 dc 1b 00 00 00 00 00 00 00'}, bytearray(b'\xe0N\xe4\x08\xdc\x1b\x00\x00\x00\x00\x00\x00\x00')
2025-11-28 19:29:05,297 BTPWorkerThread-3269 (_rx_task) root DEBUG client.py                 82    logger_log                : event_handler Header(svc_id=1, op=130, ctrl_index=0, data_len=13) (b'\xe0N\xe4\x08\xdc\x1b\x00\x00\x00\x00\x00\x00\x00',)
2025-11-28 19:29:05,297 BTPWorkerThread-3269 (_rx_task) root DEBUG client.py                 82    logger_log                : gap_connected_ev_ b'\xe0N\xe4\x08\xdc\x1b\x00\x00\x00\x00\x00\x00\x00'
2025-11-28 19:29:05,297 BTPWorkerThread-3269 (_rx_task) root DEBUG client.py                 82    logger_log                : Read 5 bytes
2025-11-28 19:29:05,297 BTPWorkerThread-3269 (_rx_task) root DEBUG client.py                 82    logger_log                : Received: hdr: Header(svc_id=0x01, op=0x80, ctrl_index=0x00, data_len=0x04) bytearray(b'\x01\x80\x00\x04\x00')
2025-11-28 19:29:05,297 BTPWorkerThread-3269 (_rx_task) root DEBUG client.py                 82    logger_log                : Read 4 bytes data
2025-11-28 19:29:05,298 BTPWorkerThread-3269 (_rx_task) root DEBUG client.py                 82    logger_log                : Received data: {'1b 02 00 00'}, bytearray(b'\x1b\x02\x00\x00')
2025-11-28 19:29:05,298 BTPWorkerThread-3269 (_rx_task) root DEBUG client.py                 82    logger_log                : event_handler Header(svc_id=1, op=128, ctrl_index=0, data_len=4) (b'\x1b\x02\x00\x00',)
2025-11-28 19:29:05,298 BTPWorkerThread-3269 (_rx_task) root DEBUG client.py                 82    logger_log                : gap_new_settings_ev_ b'\x1b\x02\x00\x00'
2025-11-28 19:29:05,298 BTPWorkerThread-3269 (_rx_task) root DEBUG client.py                 82    logger_log                : __gap_current_settings_update 539
2025-11-28 19:29:07,404 LT1-callback ClientCallback.on_implicit_send INFO client.py                 82    logger_log                : 
    ********************
    BEGIN OnImplicitSend:
    project_name: AVRCP
    wid: 2002
    test_case_name: AVRCP/TG/CA/BV-02-C
    description: Please wait while PTS creates an AVCTP control channel connection.

Action: Make sure the IUT is in a connectable state.
    style: MMI_Style_Ok_Cancel2 0x11141
2025-11-28 19:29:07,405 LT1-callback ClientCallback.on_implicit_send INFO client.py                 82    logger_log                : Calling test cases on_implicit_send
2025-11-28 19:29:07,405 LT1-callback ClientCallback.on_implicit_send INFO client.py                 82    logger_log                : 
    on_implicit_send returned response: WAIT
    END OnImplicitSend
    ********************
2025-11-28 19:29:08,153 LT1-thread root DEBUG client.py                 82    logger_log                : AVRCP AVRCP/TG/CA/BV-02-C on_implicit_send
2025-11-28 19:29:08,154 LT1-thread root DEBUG client.py                 82    logger_log                : avrcp_wid_hdl, 2002, Please wait while PTS creates an AVCTP control channel connection.

Action: Make sure the IUT is in a connectable state., AVRCP/TG/CA/BV-02-C
2025-11-28 19:29:08,986 BTPWorkerThread-3269 (_rx_task) root DEBUG client.py                 82    logger_log                : Read 5 bytes
2025-11-28 19:29:09,018 BTPWorkerThread-3269 (_rx_task) root DEBUG client.py                 82    logger_log                : Received: hdr: Header(svc_id=0x01, op=0x91, ctrl_index=0x00, data_len=0x09) bytearray(b'\x01\x91\x00\t\x00')
2025-11-28 19:29:09,079 BTPWorkerThread-3269 (_rx_task) root DEBUG client.py                 82    logger_log                : Read 9 bytes data
2025-11-28 19:29:09,110 BTPWorkerThread-3269 (_rx_task) root DEBUG client.py                 82    logger_log                : Received data: {'e0 4e e4 08 dc 1b 00 01 10'}, bytearray(b'\xe0N\xe4\x08\xdc\x1b\x00\x01\x10')
2025-11-28 19:29:09,158 BTPWorkerThread-3269 (_rx_task) root DEBUG client.py                 82    logger_log                : event_handler Header(svc_id=1, op=145, ctrl_index=0, data_len=9) (b'\xe0N\xe4\x08\xdc\x1b\x00\x01\x10',)
2025-11-28 19:29:09,189 BTPWorkerThread-3269 (_rx_task) root DEBUG client.py                 82    logger_log                : gap_encryption_change_ev_
2025-11-28 19:29:09,221 BTPWorkerThread-3269 (_rx_task) root DEBUG client.py                 82    logger_log                : enc change received b'\xe0N\xe4\x08\xdc\x1b\x00\x01\x10'
2025-11-28 19:29:09,253 BTPWorkerThread-3269 (_rx_task) root DEBUG client.py                 82    logger_log                : received (224, '001bdc08e44e', 1, 16)
2025-11-28 19:29:09,333 BTPWorkerThread-3269 (_rx_task) root DEBUG client.py                 82    logger_log                : Read 5 bytes
2025-11-28 19:29:09,365 BTPWorkerThread-3269 (_rx_task) root DEBUG client.py                 82    logger_log                : Received: hdr: Header(svc_id=0x01, op=0x89, ctrl_index=0x00, data_len=0x08) bytearray(b'\x01\x89\x00\x08\x00')
2025-11-28 19:29:09,428 BTPWorkerThread-3269 (_rx_task) root DEBUG client.py                 82    logger_log                : Read 8 bytes data
2025-11-28 19:29:09,460 BTPWorkerThread-3269 (_rx_task) root DEBUG client.py                 82    logger_log                : Received data: {'e0 4e e4 08 dc 1b 00 02'}, bytearray(b'\xe0N\xe4\x08\xdc\x1b\x00\x02')
2025-11-28 19:29:09,508 BTPWorkerThread-3269 (_rx_task) root DEBUG client.py                 82    logger_log                : event_handler Header(svc_id=1, op=137, ctrl_index=0, data_len=8) (b'\xe0N\xe4\x08\xdc\x1b\x00\x02',)
2025-11-28 19:29:09,540 BTPWorkerThread-3269 (_rx_task) root DEBUG client.py                 82    logger_log                : gap_sec_level_changed_ev_
2025-11-28 19:29:09,572 BTPWorkerThread-3269 (_rx_task) root DEBUG client.py                 82    logger_log                : received b'\xe0N\xe4\x08\xdc\x1b\x00\x02'
2025-11-28 19:29:09,602 BTPWorkerThread-3269 (_rx_task) root DEBUG client.py                 82    logger_log                : received (224, '001bdc08e44e', 2)
2025-11-28 19:29:09,682 BTPWorkerThread-3269 (_rx_task) root DEBUG client.py                 82    logger_log                : Read 5 bytes
2025-11-28 19:29:09,714 BTPWorkerThread-3269 (_rx_task) root DEBUG client.py                 82    logger_log                : Received: hdr: Header(svc_id=0x25, op=0x80, ctrl_index=0x00, data_len=0x06) bytearray(b'%\x80\x00\x06\x00')
2025-11-28 19:29:09,778 BTPWorkerThread-3269 (_rx_task) root DEBUG client.py                 82    logger_log                : Read 6 bytes data
2025-11-28 19:29:09,809 BTPWorkerThread-3269 (_rx_task) root DEBUG client.py                 82    logger_log                : Received data: {'4e e4 08 dc 1b 00'}, bytearray(b'N\xe4\x08\xdc\x1b\x00')
2025-11-28 19:29:09,857 BTPWorkerThread-3269 (_rx_task) root DEBUG client.py                 82    logger_log                : event_handler Header(svc_id=37, op=128, ctrl_index=0, data_len=6) (b'N\xe4\x08\xdc\x1b\x00',)
2025-11-28 19:29:09,888 BTPWorkerThread-3269 (_rx_task) root DEBUG client.py                 82    logger_log                : avrcp_ev_control_connected b'N\xe4\x08\xdc\x1b\x00'
2025-11-28 19:29:09,919 LT1-thread root DEBUG client.py                 82    logger_log                : Sending response 'OK' to wid 2002 test case AVRCP/TG/CA/BV-02-C
2025-11-28 19:29:09,919 BTPWorkerThread-3269 (_rx_task) root DEBUG client.py                 82    logger_log                : Read 5 bytes
2025-11-28 19:29:09,920 BTPWorkerThread-3269 (_rx_task) root DEBUG client.py                 82    logger_log                : Received: hdr: Header(svc_id=0x25, op=0x80, ctrl_index=0x00, data_len=0x06) bytearray(b'%\x80\x00\x06\x00')
2025-11-28 19:29:09,920 BTPWorkerThread-3269 (_rx_task) root DEBUG client.py                 82    logger_log                : Read 6 bytes data
2025-11-28 19:29:09,921 BTPWorkerThread-3269 (_rx_task) root DEBUG client.py                 82    logger_log                : Received data: {'4e e4 08 dc 1b 00'}, bytearray(b'N\xe4\x08\xdc\x1b\x00')
2025-11-28 19:29:09,922 LT1-thread root DEBUG client.py                 82    logger_log                : ClientCallback.get_result run_test_case
2025-11-28 19:29:09,922 BTPWorkerThread-3269 (_rx_task) root DEBUG client.py                 82    logger_log                : event_handler Header(svc_id=37, op=128, ctrl_index=0, data_len=6) (b'N\xe4\x08\xdc\x1b\x00',)
2025-11-28 19:29:09,923 BTPWorkerThread-3269 (_rx_task) root DEBUG client.py                 82    logger_log                : avrcp_ev_control_connected b'N\xe4\x08\xdc\x1b\x00'
2025-11-28 19:29:09,923 BTPWorkerThread-3269 (_rx_task) root DEBUG client.py                 82    logger_log                : Read 5 bytes
2025-11-28 19:29:09,924 BTPWorkerThread-3269 (_rx_task) root DEBUG client.py                 82    logger_log                : Received: hdr: Header(svc_id=0x25, op=0x82, ctrl_index=0x00, data_len=0x06) bytearray(b'%\x82\x00\x06\x00')
2025-11-28 19:29:09,924 BTPWorkerThread-3269 (_rx_task) root DEBUG client.py                 82    logger_log                : Read 6 bytes data
2025-11-28 19:29:09,925 BTPWorkerThread-3269 (_rx_task) root DEBUG client.py                 82    logger_log                : Received data: {'4e e4 08 dc 1b 00'}, bytearray(b'N\xe4\x08\xdc\x1b\x00')
2025-11-28 19:29:09,925 LT1-callback ClientCallback.on_implicit_send INFO client.py                 82    logger_log                : 
    ********************
    BEGIN OnImplicitSend:
    project_name: AVRCP
    wid: 3007
    test_case_name: AVRCP/TG/CA/BV-02-C
    description: Take action to send a valid response to the [Get Folder Items] with the scope <Media Player List> command sent by the PTS.
    style: MMI_Style_Ok 0x11040
2025-11-28 19:29:09,925 LT1-callback ClientCallback.on_implicit_send INFO client.py                 82    logger_log                : Calling test cases on_implicit_send
2025-11-28 19:29:09,925 BTPWorkerThread-3269 (_rx_task) root DEBUG client.py                 82    logger_log                : event_handler Header(svc_id=37, op=130, ctrl_index=0, data_len=6) (b'N\xe4\x08\xdc\x1b\x00',)
2025-11-28 19:29:09,926 LT1-callback ClientCallback.on_implicit_send INFO client.py                 82    logger_log                : 
    on_implicit_send returned response: WAIT
    END OnImplicitSend
    ********************
2025-11-28 19:29:09,926 BTPWorkerThread-3269 (_rx_task) root DEBUG client.py                 82    logger_log                : avrcp_ev_browsing_connected b'N\xe4\x08\xdc\x1b\x00'
2025-11-28 19:29:09,926 BTPWorkerThread-3269 (_rx_task) root DEBUG client.py                 82    logger_log                : Read 5 bytes
2025-11-28 19:29:09,927 BTPWorkerThread-3269 (_rx_task) root DEBUG client.py                 82    logger_log                : Received: hdr: Header(svc_id=0x25, op=0x82, ctrl_index=0x00, data_len=0x06) bytearray(b'%\x82\x00\x06\x00')
2025-11-28 19:29:09,927 BTPWorkerThread-3269 (_rx_task) root DEBUG client.py                 82    logger_log                : Read 6 bytes data
2025-11-28 19:29:09,927 BTPWorkerThread-3269 (_rx_task) root DEBUG client.py                 82    logger_log                : Received data: {'4e e4 08 dc 1b 00'}, bytearray(b'N\xe4\x08\xdc\x1b\x00')
2025-11-28 19:29:09,927 BTPWorkerThread-3269 (_rx_task) root DEBUG client.py                 82    logger_log                : event_handler Header(svc_id=37, op=130, ctrl_index=0, data_len=6) (b'N\xe4\x08\xdc\x1b\x00',)
2025-11-28 19:29:09,928 BTPWorkerThread-3269 (_rx_task) root DEBUG client.py                 82    logger_log                : avrcp_ev_browsing_connected b'N\xe4\x08\xdc\x1b\x00'
2025-11-28 19:29:10,426 BTPWorkerThread-3269 (_rx_task) root DEBUG client.py                 82    logger_log                : Read 5 bytes
2025-11-28 19:29:10,426 BTPWorkerThread-3269 (_rx_task) root DEBUG client.py                 82    logger_log                : Received: hdr: Header(svc_id=0x25, op=0x81, ctrl_index=0x00, data_len=0x06) bytearray(b'%\x81\x00\x06\x00')
2025-11-28 19:29:10,427 BTPWorkerThread-3269 (_rx_task) root DEBUG client.py                 82    logger_log                : Read 6 bytes data
2025-11-28 19:29:10,427 BTPWorkerThread-3269 (_rx_task) root DEBUG client.py                 82    logger_log                : Received data: {'4e e4 08 dc 1b 00'}, bytearray(b'N\xe4\x08\xdc\x1b\x00')
2025-11-28 19:29:10,427 BTPWorkerThread-3269 (_rx_task) root DEBUG client.py                 82    logger_log                : event_handler Header(svc_id=37, op=129, ctrl_index=0, data_len=6) (b'N\xe4\x08\xdc\x1b\x00',)
2025-11-28 19:29:10,427 BTPWorkerThread-3269 (_rx_task) root DEBUG client.py                 82    logger_log                : avrcp_ev_control_disconnected b'N\xe4\x08\xdc\x1b\x00'
2025-11-28 19:29:10,428 BTPWorkerThread-3269 (_rx_task) root DEBUG client.py                 82    logger_log                : Read 5 bytes
2025-11-28 19:29:10,428 BTPWorkerThread-3269 (_rx_task) root DEBUG client.py                 82    logger_log                : Received: hdr: Header(svc_id=0x25, op=0x81, ctrl_index=0x00, data_len=0x06) bytearray(b'%\x81\x00\x06\x00')
2025-11-28 19:29:10,428 BTPWorkerThread-3269 (_rx_task) root DEBUG client.py                 82    logger_log                : Read 6 bytes data
2025-11-28 19:29:10,429 BTPWorkerThread-3269 (_rx_task) root DEBUG client.py                 82    logger_log                : Received data: {'4e e4 08 dc 1b 00'}, bytearray(b'N\xe4\x08\xdc\x1b\x00')
2025-11-28 19:29:10,429 BTPWorkerThread-3269 (_rx_task) root DEBUG client.py                 82    logger_log                : event_handler Header(svc_id=37, op=129, ctrl_index=0, data_len=6) (b'N\xe4\x08\xdc\x1b\x00',)
2025-11-28 19:29:10,429 BTPWorkerThread-3269 (_rx_task) root DEBUG client.py                 82    logger_log                : avrcp_ev_control_disconnected b'N\xe4\x08\xdc\x1b\x00'
2025-11-28 19:29:10,933 LT1-thread root DEBUG client.py                 82    logger_log                : AVRCP AVRCP/TG/CA/BV-02-C on_implicit_send
2025-11-28 19:29:10,933 LT1-thread root DEBUG client.py                 82    logger_log                : avrcp_wid_hdl, 3007, Take action to send a valid response to the [Get Folder Items] with the scope <Media Player List> command sent by the PTS., AVRCP/TG/CA/BV-02-C
2025-11-28 19:29:10,934 LT1-thread root DEBUG client.py                 82    logger_log                : Sending response 'Ok' to wid 3007 test case AVRCP/TG/CA/BV-02-C
2025-11-28 19:29:10,936 LT1-thread root DEBUG client.py                 82    logger_log                : ClientCallback.get_result run_test_case
2025-11-28 19:29:10,939 LT1-callback ClientCallback.on_implicit_send INFO client.py                 82    logger_log                : 
    ********************
    BEGIN OnImplicitSend:
    project_name: AVRCP
    wid: 2001
    test_case_name: AVRCP/TG/CA/BV-02-C
    description: Please wait while PTS creates an AVCTP browsing channel connection.

Action: Make sure the IUT is in a connectable state.
    style: MMI_Style_Ok_Cancel2 0x11141
2025-11-28 19:29:10,939 LT1-callback ClientCallback.on_implicit_send INFO client.py                 82    logger_log                : Calling test cases on_implicit_send
2025-11-28 19:29:10,939 LT1-callback ClientCallback.on_implicit_send INFO client.py                 82    logger_log                : 
    on_implicit_send returned response: WAIT
    END OnImplicitSend
    ********************
2025-11-28 19:29:11,951 LT1-thread root DEBUG client.py                 82    logger_log                : AVRCP AVRCP/TG/CA/BV-02-C on_implicit_send
2025-11-28 19:29:11,951 LT1-thread root DEBUG client.py                 82    logger_log                : avrcp_wid_hdl, 2001, Please wait while PTS creates an AVCTP browsing channel connection.

Action: Make sure the IUT is in a connectable state., AVRCP/TG/CA/BV-02-C
2025-11-28 19:29:11,951 LT1-thread root DEBUG client.py                 82    logger_log                : Sending response 'OK' to wid 2001 test case AVRCP/TG/CA/BV-02-C
2025-11-28 19:29:11,953 LT1-thread root DEBUG client.py                 82    logger_log                : ClientCallback.get_result run_test_case
2025-11-28 19:29:11,956 LT1-callback ClientCallback.on_implicit_send INFO client.py                 82    logger_log                : 
    ********************
    BEGIN OnImplicitSend:
    project_name: AVRCP
    wid: 3023
    test_case_name: AVRCP/TG/CA/BV-02-C
    description: Take action to send a valid response to the [Set Browsed Player] command sent by the PTS.
    style: MMI_Style_Ok 0x11040
2025-11-28 19:29:11,956 LT1-callback ClientCallback.on_implicit_send INFO client.py                 82    logger_log                : Calling test cases on_implicit_send
2025-11-28 19:29:11,956 LT1-callback ClientCallback.on_implicit_send INFO client.py                 82    logger_log                : 
    on_implicit_send returned response: WAIT
    END OnImplicitSend
    ********************
2025-11-28 19:29:12,955 LT1-thread root DEBUG client.py                 82    logger_log                : AVRCP AVRCP/TG/CA/BV-02-C on_implicit_send
2025-11-28 19:29:12,955 LT1-thread root DEBUG client.py                 82    logger_log                : avrcp_wid_hdl, 3023, Take action to send a valid response to the [Set Browsed Player] command sent by the PTS., AVRCP/TG/CA/BV-02-C
2025-11-28 19:29:12,955 LT1-thread root DEBUG client.py                 82    logger_log                : Sending response 'Ok' to wid 3023 test case AVRCP/TG/CA/BV-02-C
2025-11-28 19:29:12,957 LT1-thread root DEBUG client.py                 82    logger_log                : ClientCallback.get_result run_test_case
2025-11-28 19:29:12,960 LT1-callback ClientCallback.on_implicit_send INFO client.py                 82    logger_log                : 
    ********************
    BEGIN OnImplicitSend:
    project_name: AVRCP
    wid: 4017
    test_case_name: AVRCP/TG/CA/BV-02-C
    description:  Please accept the l2cap channel connection for an OBEX connection.
    style: MMI_Style_Ok_Cancel1 0x11041
2025-11-28 19:29:12,960 LT1-callback ClientCallback.on_implicit_send INFO client.py                 82    logger_log                : Calling test cases on_implicit_send
2025-11-28 19:29:12,960 LT1-callback ClientCallback.on_implicit_send INFO client.py                 82    logger_log                : 
    on_implicit_send returned response: WAIT
    END OnImplicitSend
    ********************
2025-11-28 19:29:13,958 LT1-thread root DEBUG client.py                 82    logger_log                : AVRCP AVRCP/TG/CA/BV-02-C on_implicit_send
2025-11-28 19:29:13,958 LT1-thread root DEBUG client.py                 82    logger_log                : avrcp_wid_hdl, 4017,  Please accept the l2cap channel connection for an OBEX connection., AVRCP/TG/CA/BV-02-C
2025-11-28 19:29:13,958 LT1-thread root DEBUG client.py                 82    logger_log                : Sending response 'OK' to wid 4017 test case AVRCP/TG/CA/BV-02-C
2025-11-28 19:29:13,960 LT1-thread root DEBUG client.py                 82    logger_log                : ClientCallback.get_result run_test_case
2025-11-28 19:29:13,963 LT1-callback ClientCallback.on_implicit_send INFO client.py                 82    logger_log                : 
    ********************
    BEGIN OnImplicitSend:
    project_name: AVRCP
    wid: 4004
    test_case_name: AVRCP/TG/CA/BV-02-C
    description:  Please accept the OBEX CONNECT REQ.
    style: MMI_Style_Ok_Cancel1 0x11041
2025-11-28 19:29:13,963 LT1-callback ClientCallback.on_implicit_send INFO client.py                 82    logger_log                : Calling test cases on_implicit_send
2025-11-28 19:29:13,963 LT1-callback ClientCallback.on_implicit_send INFO client.py                 82    logger_log                : 
    on_implicit_send returned response: WAIT
    END OnImplicitSend
    ********************
2025-11-28 19:29:14,965 LT1-thread root DEBUG client.py                 82    logger_log                : AVRCP AVRCP/TG/CA/BV-02-C on_implicit_send
2025-11-28 19:29:14,965 LT1-thread root DEBUG client.py                 82    logger_log                : avrcp_wid_hdl, 4004,  Please accept the OBEX CONNECT REQ., AVRCP/TG/CA/BV-02-C
2025-11-28 19:29:14,965 LT1-thread root DEBUG client.py                 82    logger_log                : Sending response 'OK' to wid 4004 test case AVRCP/TG/CA/BV-02-C
2025-11-28 19:29:14,967 LT1-thread root DEBUG client.py                 82    logger_log                : ClientCallback.get_result run_test_case
2025-11-28 19:29:14,970 LT1-callback ClientCallback.on_implicit_send INFO client.py                 82    logger_log                : 
    ********************
    BEGIN OnImplicitSend:
    project_name: AVRCP
    wid: 3010
    test_case_name: AVRCP/TG/CA/BV-02-C
    description: Take action to send a valid response to the [Get Folder Items] with the scope <Virtual File System> command sent by the PTS.
    style: MMI_Style_Ok 0x11040
2025-11-28 19:29:14,970 LT1-callback ClientCallback.on_implicit_send INFO client.py                 82    logger_log                : Calling test cases on_implicit_send
2025-11-28 19:29:14,970 LT1-callback ClientCallback.on_implicit_send INFO client.py                 82    logger_log                : 
    on_implicit_send returned response: WAIT
    END OnImplicitSend
    ********************
2025-11-28 19:29:15,978 LT1-thread root DEBUG client.py                 82    logger_log                : AVRCP AVRCP/TG/CA/BV-02-C on_implicit_send
2025-11-28 19:29:15,978 LT1-thread root DEBUG client.py                 82    logger_log                : avrcp_wid_hdl, 3010, Take action to send a valid response to the [Get Folder Items] with the scope <Virtual File System> command sent by the PTS., AVRCP/TG/CA/BV-02-C
2025-11-28 19:29:15,978 LT1-thread root DEBUG client.py                 82    logger_log                : Sending response 'Ok' to wid 3010 test case AVRCP/TG/CA/BV-02-C
2025-11-28 19:29:15,980 LT1-thread root DEBUG client.py                 82    logger_log                : ClientCallback.get_result run_test_case
2025-11-28 19:29:15,983 LT1-callback ClientCallback.on_implicit_send INFO client.py                 82    logger_log                : 
    ********************
    BEGIN OnImplicitSend:
    project_name: AVRCP
    wid: 3010
    test_case_name: AVRCP/TG/CA/BV-02-C
    description: Take action to send a valid response to the [Get Folder Items] with the scope <Virtual File System> command sent by the PTS.
    style: MMI_Style_Ok 0x11040
2025-11-28 19:29:15,983 LT1-callback ClientCallback.on_implicit_send INFO client.py                 82    logger_log                : Calling test cases on_implicit_send
2025-11-28 19:29:15,983 LT1-callback ClientCallback.on_implicit_send INFO client.py                 82    logger_log                : 
    on_implicit_send returned response: WAIT
    END OnImplicitSend
    ********************
2025-11-28 19:29:16,988 LT1-thread root DEBUG client.py                 82    logger_log                : AVRCP AVRCP/TG/CA/BV-02-C on_implicit_send
2025-11-28 19:29:16,988 LT1-thread root DEBUG client.py                 82    logger_log                : avrcp_wid_hdl, 3010, Take action to send a valid response to the [Get Folder Items] with the scope <Virtual File System> command sent by the PTS., AVRCP/TG/CA/BV-02-C
2025-11-28 19:29:16,988 LT1-thread root DEBUG client.py                 82    logger_log                : Sending response 'Ok' to wid 3010 test case AVRCP/TG/CA/BV-02-C
2025-11-28 19:29:16,990 LT1-thread root DEBUG client.py                 82    logger_log                : ClientCallback.get_result run_test_case
2025-11-28 19:29:16,992 LT1-callback ClientCallback.on_implicit_send INFO client.py                 82    logger_log                : 
    ********************
    BEGIN OnImplicitSend:
    project_name: AVRCP
    wid: 3010
    test_case_name: AVRCP/TG/CA/BV-02-C
    description: Take action to send a valid response to the [Get Folder Items] with the scope <Virtual File System> command sent by the PTS.
    style: MMI_Style_Ok 0x11040
2025-11-28 19:29:16,993 LT1-callback ClientCallback.on_implicit_send INFO client.py                 82    logger_log                : Calling test cases on_implicit_send
2025-11-28 19:29:16,993 LT1-callback ClientCallback.on_implicit_send INFO client.py                 82    logger_log                : 
    on_implicit_send returned response: WAIT
    END OnImplicitSend
    ********************
2025-11-28 19:29:17,992 LT1-thread root DEBUG client.py                 82    logger_log                : AVRCP AVRCP/TG/CA/BV-02-C on_implicit_send
2025-11-28 19:29:17,992 LT1-thread root DEBUG client.py                 82    logger_log                : avrcp_wid_hdl, 3010, Take action to send a valid response to the [Get Folder Items] with the scope <Virtual File System> command sent by the PTS., AVRCP/TG/CA/BV-02-C
2025-11-28 19:29:17,992 LT1-thread root DEBUG client.py                 82    logger_log                : Sending response 'Ok' to wid 3010 test case AVRCP/TG/CA/BV-02-C
2025-11-28 19:29:17,994 LT1-thread root DEBUG client.py                 82    logger_log                : ClientCallback.get_result run_test_case
2025-11-28 19:29:17,997 LT1-callback ClientCallback.on_implicit_send INFO client.py                 82    logger_log                : 
    ********************
    BEGIN OnImplicitSend:
    project_name: AVRCP
    wid: 3010
    test_case_name: AVRCP/TG/CA/BV-02-C
    description: Take action to send a valid response to the [Get Folder Items] with the scope <Virtual File System> command sent by the PTS.
    style: MMI_Style_Ok 0x11040
2025-11-28 19:29:17,997 LT1-callback ClientCallback.on_implicit_send INFO client.py                 82    logger_log                : Calling test cases on_implicit_send
2025-11-28 19:29:17,997 LT1-callback ClientCallback.on_implicit_send INFO client.py                 82    logger_log                : 
    on_implicit_send returned response: WAIT
    END OnImplicitSend
    ********************
2025-11-28 19:29:18,995 LT1-thread root DEBUG client.py                 82    logger_log                : AVRCP AVRCP/TG/CA/BV-02-C on_implicit_send
2025-11-28 19:29:18,995 LT1-thread root DEBUG client.py                 82    logger_log                : avrcp_wid_hdl, 3010, Take action to send a valid response to the [Get Folder Items] with the scope <Virtual File System> command sent by the PTS., AVRCP/TG/CA/BV-02-C
2025-11-28 19:29:18,995 LT1-thread root DEBUG client.py                 82    logger_log                : Sending response 'Ok' to wid 3010 test case AVRCP/TG/CA/BV-02-C
2025-11-28 19:29:18,997 LT1-thread root DEBUG client.py                 82    logger_log                : ClientCallback.get_result run_test_case
2025-11-28 19:29:19,000 LT1-callback ClientCallback.on_implicit_send INFO client.py                 82    logger_log                : 
    ********************
    BEGIN OnImplicitSend:
    project_name: AVRCP
    wid: 3010
    test_case_name: AVRCP/TG/CA/BV-02-C
    description: Take action to send a valid response to the [Get Folder Items] with the scope <Virtual File System> command sent by the PTS.
    style: MMI_Style_Ok 0x11040
2025-11-28 19:29:19,000 LT1-callback ClientCallback.on_implicit_send INFO client.py                 82    logger_log                : Calling test cases on_implicit_send
2025-11-28 19:29:19,000 LT1-callback ClientCallback.on_implicit_send INFO client.py                 82    logger_log                : 
    on_implicit_send returned response: WAIT
    END OnImplicitSend
    ********************
2025-11-28 19:29:20,002 LT1-thread root DEBUG client.py                 82    logger_log                : AVRCP AVRCP/TG/CA/BV-02-C on_implicit_send
2025-11-28 19:29:20,002 LT1-thread root DEBUG client.py                 82    logger_log                : avrcp_wid_hdl, 3010, Take action to send a valid response to the [Get Folder Items] with the scope <Virtual File System> command sent by the PTS., AVRCP/TG/CA/BV-02-C
2025-11-28 19:29:20,002 LT1-thread root DEBUG client.py                 82    logger_log                : Sending response 'Ok' to wid 3010 test case AVRCP/TG/CA/BV-02-C
2025-11-28 19:29:20,004 LT1-thread root DEBUG client.py                 82    logger_log                : ClientCallback.get_result run_test_case
2025-11-28 19:29:20,013 LT1-callback ClientCallback.log INFO client.py                 82    logger_log                : PTS_LOGTYPE_START_TEST Start Test Case 

+140 ms
 AVRCP/TG/CA/BV-02-C AVRCP/TG/CA/BV-02-C

2025-11-28 19:29:21,158 LT1-callback ClientCallback.log INFO client.py                 82    logger_log                : PTS_LOGTYPE_FINAL_VERDICT Final Verdict 

+12781 ms
 AVRCP/TG/CA/BV-02-C PASS

2025-11-28 19:29:21,162 LT1-callback ClientCallback.log INFO client.py                 82    logger_log                : PTS_LOGTYPE_FINAL_VERDICT Encrypted Verdict 

+12781 ms
 AVRCP/TG/CA/BV-02-C A1#ZWY4MzQ5MDg3MmQwNTIxOGQzMzQ5YjY2ODA5M2MzNjQ5ZDY4NmY0Yjc2MzIzM2VkNTUyNTFhNGU4Mjg1MjI0NA==#Hc0oh2d5Jm+mF2yeTENYq+2O9J0045OLmaA/aDtrlKtF/EicbAxLpWBuvqLVc5Se

2025-11-28 19:29:21,166 LT1-callback ClientCallback.log INFO client.py                 82    logger_log                : PTS_LOGTYPE_END_TEST Test Case Ended 

+12781 ms
 AVRCP/TG/CA/BV-02-C AVRCP/TG/CA/BV-02-C

2025-11-28 19:29:21,281 LT1-callback root DEBUG client.py                 82    logger_log                : ClientCallback, set_result, run_test_case, PASS
2025-11-28 19:29:21,282 LT1-thread root DEBUG client.py                 82    logger_log                : After run_test_case error_code=0 status='PASS'
2025-11-28 19:29:21,282 LT1-thread root DEBUG client.py                 82    logger_log                : post_run AVRCP AVRCP/TG/CA/BV-02-C 0
2025-11-28 19:29:21,282 LT1-thread root DEBUG client.py                 82    logger_log                : Starting test function: class=<class 'autopts.ptsprojects.testcase.TestFuncCleanUp'>, func=<bound method Stack.cleanup of <autopts.ptsprojects.stack.stack.Stack object at 0x000002302CC8FEF0>> start_wid=None stop_wid=None post_wid=None skip_call=None call_count=1 args=() kwds={}
2025-11-28 19:29:21,282 LT1-thread root DEBUG client.py                 82    logger_log                : Test function parameters: args=(), kwds={}
2025-11-28 19:29:21,283 LT1-thread root DEBUG client.py                 82    logger_log                : Starting test function: class=<class 'autopts.ptsprojects.testcase.TestFuncCleanUp'>, func=<bound method ZephyrCtl.stop of <autopts.ptsprojects.zephyr.iutctl.ZephyrCtl object at 0x000002302BB1D190>> start_wid=None stop_wid=None post_wid=None skip_call=None call_count=1 args=() kwds={}
2025-11-28 19:29:21,283 LT1-thread root DEBUG client.py                 82    logger_log                : Test function parameters: args=(), kwds={}
2025-11-28 19:29:21,283 LT1-thread root DEBUG client.py                 82    logger_log                : <class 'autopts.ptsprojects.zephyr.iutctl.ZephyrCtl'>.stop
2025-11-28 19:29:21,283 LT1-thread root DEBUG client.py                 82    logger_log                : About to reset DUT: JLink -CommandFile reset.jlink -usb 1063214216 -device MIMXRT1176XXXA_M7
2025-11-28 19:29:21,603 BTPWorkerThread-3269 (_rx_task) root DEBUG client.py                 82    logger_log                : Read 5 bytes
2025-11-28 19:29:21,603 BTPWorkerThread-3269 (_rx_task) root DEBUG client.py                 82    logger_log                : Received: hdr: Header(svc_id=0x00, op=0x80, ctrl_index=0xff, data_len=0x00) bytearray(b'\x00\x80\xff\x00\x00')
2025-11-28 19:29:21,604 BTPWorkerThread-3269 (_rx_task) root DEBUG client.py                 82    logger_log                : Received data: {''}, bytearray(b'')
2025-11-28 19:29:21,604 BTPWorkerThread-3269 (_rx_task) root DEBUG client.py                 82    logger_log                : event_handler Header(svc_id=0, op=128, ctrl_index=255, data_len=0) (b'',)
2025-11-28 19:29:21,604 BTPWorkerThread-3269 (_rx_task) root DEBUG client.py                 82    logger_log                : core_iut_ready_ev
2025-11-28 19:29:22,075 LT1-thread root DEBUG client.py                 82    logger_log                : IUT ready event received OK
2025-11-28 19:29:22,075 LT1-thread root DEBUG client.py                 82    logger_log                : Waiting for _rx_worker to finish ...
2025-11-28 19:29:22,606 BTPWorkerThread-3269 (_rx_task) root DEBUG client.py                 82    logger_log                : BTPWorkerThread-3269 (_rx_task) finishing...
2025-11-28 19:29:25,613 LT1-thread root DEBUG client.py                 82    logger_log                : post_run, cleanup running post test case script
2025-11-28 19:29:25,613 LT1-thread root DEBUG client.py                 82    logger_log                : post_run, run post test case script
2025-11-28 19:29:25,705 LT1-thread root DEBUG client.py                 82    logger_log                : Done TestCase _run_test_case AVRCP AVRCP/TG/CA/BV-02-C
