> 2025/01/10 05:27:12.781288  length=6 from=0 to=5
 00 03 ff 01 00 01                                ......
--
< 2025/01/10 05:27:12.821289  length=5 from=0 to=4
 00 03 ff 00 00                                   .....
--
> 2025/01/10 05:27:12.921256  length=5 from=6 to=10
 01 03 00 00 00                                   .....
--
< 2025/01/10 05:27:13.761417  length=256 from=5 to=260
 01 03 00 15 01 28 00 03 37 60 00 13 06 02 00 13  .....(..7`......
 02 00 00 00 00 00 62 74 70 5f 74 65 73 74 65 72  ......btp_tester
 00 00 00 00 00 00 00 00 00 00 00 00 00 00 00 00  ................
 00 00 00 00 00 00 00 00 00 00 00 00 00 00 00 00  ................
 00 00 00 00 00 00 00 00 00 00 00 00 00 00 00 00  ................
 00 00 00 00 00 00 00 00 00 00 00 00 00 00 00 00  ................
 00 00 00 00 00 00 00 00 00 00 00 00 00 00 00 00  ................
 00 00 00 00 00 00 00 00 00 00 00 00 00 00 00 00  ................
 00 00 00 00 00 00 00 00 00 00 00 00 00 00 00 00  ................
 00 00 00 00 00 00 00 00 00 00 00 00 00 00 00 00  ................
 00 00 00 00 00 00 00 00 00 00 00 00 00 00 00 00  ................
 00 00 00 00 00 00 00 00 00 00 00 00 00 00 00 00  ................
 00 00 00 00 00 00 00 00 00 00 00 00 00 00 00 00  ................
 00 00 00 00 00 00 00 00 00 00 00 00 00 00 00 00  ................
 00 00 00 00 00 00 00 00 00 00 00 00 00 00 00 00  ................
 00 00 00 00 00 00 00 00 00 00 00 00 00 00 00 00  ................
--
< 2025/01/10 05:27:13.777888  length=26 from=261 to=286
 00 00 00 00 00 00 00 00 00 00 00 00 00 00 00 00  ................
 00 00 00 00 00 00 00 00 00 00                    ..........
--
> 2025/01/10 05:28:42.788208  length=6 from=11 to=16
 01 10 00 01 00 02                                ......
--
< 2025/01/10 05:28:42.808247  length=5 from=287 to=291
 01 10 00 00 00                                   .....
--
< 2025/01/10 05:28:43.798715  length=5 from=292 to=296
 00 80 ff 00 00                                   .....
--
