> 2025/01/10 03:58:46.061319  length=6 from=0 to=5
 00 03 ff 01 00 01                                ......
--
< 2025/01/10 03:58:46.101456  length=5 from=0 to=4
 00 03 ff 00 00                                   .....
--
> 2025/01/10 03:58:46.221304  length=5 from=6 to=10
 01 03 00 00 00                                   .....
--
< 2025/01/10 03:58:47.030497  length=64 from=5 to=68
 01 03 00 15 01 28 00 03 37 60 00 13 06 02 00 13  .....(..7`......
 02 00 00 00 00 00 62 74 70 5f 74 65 73 74 65 72  ......btp_tester
 00 00 00 00 00 00 00 00 00 00 00 00 00 00 00 00  ................
 00 00 00 00 00 00 00 00 00 00 00 00 00 00 00 00  ................
--
< 2025/01/10 03:58:47.036450  length=64 from=69 to=132
 00 00 00 00 00 00 00 00 00 00 00 00 00 00 00 00  ................
 00 00 00 00 00 00 00 00 00 00 00 00 00 00 00 00  ................
 00 00 00 00 00 00 00 00 00 00 00 00 00 00 00 00  ................
 00 00 00 00 00 00 00 00 00 00 00 00 00 00 00 00  ................
--
< 2025/01/10 03:58:47.039825  length=32 from=133 to=164
 00 00 00 00 00 00 00 00 00 00 00 00 00 00 00 00  ................
 00 00 00 00 00 00 00 00 00 00 00 00 00 00 00 00  ................
--
< 2025/01/10 03:58:47.041779  length=32 from=165 to=196
 00 00 00 00 00 00 00 00 00 00 00 00 00 00 00 00  ................
 00 00 00 00 00 00 00 00 00 00 00 00 00 00 00 00  ................
--
< 2025/01/10 03:58:47.060507  length=90 from=197 to=286
 00 00 00 00 00 00 00 00 00 00 00 00 00 00 00 00  ................
 00 00 00 00 00 00 00 00 00 00 00 00 00 00 00 00  ................
 00 00 00 00 00 00 00 00 00 00 00 00 00 00 00 00  ................
 00 00 00 00 00 00 00 00 00 00 00 00 00 00 00 00  ................
 00 00 00 00 00 00 00 00 00 00 00 00 00 00 00 00  ................
 00 00 00 00 00 00 00 00 00 00                    ..........
--
> 2025/01/10 04:00:16.060873  length=6 from=11 to=16
 01 10 00 01 00 00                                ......
--
< 2025/01/10 04:00:16.080955  length=5 from=287 to=291
 01 10 00 00 00                                   .....
--
< 2025/01/10 04:00:16.598387  length=5 from=292 to=296
 00 80 ff 00 00                                   .....
--
