23:42:47:904	> BTP_CORE_CMD_REGISTER_SERVICE (0x00|0x03|0xff)
                  raw data (1): 00 03 ff 01 00|01
23:42:51:474	< BTP_CORE_CMD_REGISTER_SERVICE (0x00|0x03|0xff)
                  raw data (0): 00 03 ff 00 00|
23:42:51:494	> BTP_GAP_CMD_READ_SUPPORTED_COMMANDS (0x01|0x01|0xff)
                  raw data (0): 01 01 ff 00 00|
23:42:51:634	< BTP_GAP_CMD_READ_SUPPORTED_COMMANDS (0x01|0x01|0xff)
                  raw data (6): 01 01 ff 06 00|6e ff 7f 1f 7e 04
23:42:51:664	> BTP_CORE_CMD_REGISTER_SERVICE (0x00|0x03|0xff)
                  raw data (3): 00 03 ff 01 00|03
23:42:51:784	< BTP_CORE_CMD_REGISTER_SERVICE (0x00|0x03|0xff)
                  raw data (0): 00 03 ff 00 00|
23:42:51:814	> BTP_L2CAP_CMD_READ_SUPPORTED_COMMANDS (0x03|0x01|0xff)
                  raw data (0): 03 01 ff 00 00|
23:42:51:954	< BTP_L2CAP_CMD_READ_SUPPORTED_COMMANDS (0x03|0x01|0xff)
                  raw data (2): 03 01 ff 02 00|be 3f
23:42:51:984	> BTP_GAP_CMD_READ_CONTROLLER_INFO (0x01|0x03|0x00)
                  raw data (0): 01 03 00 00 00|
23:42:52:144	< BTP_GAP_CMD_READ_CONTROLLER_INFO (0x01|0x03|0x00)
                  raw data (277): 
                  01 03 00 15 01|19 78 ee 69 17 d0 d3 06 02 00 13 
                  02 00 00 00 00 00 62 74 70 5f 74 65 73 74 65 72 
                  00 00 00 00 00 00 00 00 00 00 00 00 00 00 00 00 
                  00 00 00 00 00 00 00 00 00 00 00 00 00 00 00 00 
                  00 00 00 00 00 00 00 00 00 00 00 00 00 00 00 00 
                  00 00 00 00 00 00 00 00 00 00 00 00 00 00 00 00 
                  00 00 00 00 00 00 00 00 00 00 00 00 00 00 00 00 
                  00 00 00 00 00 00 00 00 00 00 00 00 00 00 00 00 
                  00 00 00 00 00 00 00 00 00 00 00 00 00 00 00 00 
                  00 00 00 00 00 00 00 00 00 00 00 00 00 00 00 00 
                  00 00 00 00 00 00 00 00 00 00 00 00 00 00 00 00 
                  00 00 00 00 00 00 00 00 00 00 00 00 00 00 00 00 
                  00 00 00 00 00 00 00 00 00 00 00 00 00 00 00 00 
                  00 00 00 00 00 00 00 00 00 00 00 00 00 00 00 00 
                  00 00 00 00 00 00 00 00 00 00 00 00 00 00 00 00 
                  00 00 00 00 00 00 00 00 00 00 00 00 00 00 00 00 
                  00 00 00 00 00 00 00 00 00 00 00 00 00 00 00 00 
                  00 00 00 00 00 00 00 00 00 00
23:42:52:404	> BTP_GAP_CMD_SET_IO_CAP (0x01|0x10|0x00)
                  raw data (1): 01 10 00 01 00|03
23:42:52:504	< BTP_GAP_CMD_SET_IO_CAP (0x01|0x10|0x00)
                  raw data (0): 01 10 00 00 00|
23:42:52:534	> BTP_L2CAP_CMD_LISTEN_V2 (0x03|0x0c|0x00)
                  raw data (12): 
                  03 0c 00 0c 00|01 10 00 78 00 04 00 03 00 00 00 
                  00
23:42:52:644	< BTP_L2CAP_CMD_LISTEN_V2 (0x03|0x0c|0x00)
                  raw data (0): 03 0c 00 00 00|
23:43:00:796	> BTP_GAP_CMD_SET_DISCOVERABLE (0x01|0x08|0x00)
                  raw data (1): 01 08 00 01 00|01
23:43:00:956	< BTP_GAP_CMD_SET_DISCOVERABLE (0x01|0x08|0x00)
                  raw data (4): 01 08 00 04 00|1b 02 00 00
23:43:00:986	< BTP_GAP_EV_DEVICE_CONNECTED (0x01|0x82|0x00)
                  raw data (13): 
                  01 82 00 0d 00|e0 4e e4 08 dc 1b 00 00 00 00 00 
                  00 00
23:43:00:986	> BTP_GAP_CMD_START_ADVERTISING (0x01|0x0a|0x00)
                  raw data (22): 
                  01 0a 00 16 00|0f 00 09 0d 54 65 73 74 65 72 5f 
                  30 38 45 34 34 45 ff ff ff ff 00
23:43:01:026	< BTP_GAP_EV_NEW_SETTINGS (0x01|0x80|0x00)
                  raw data (4): 01 80 00 04 00|1b 02 00 00
23:43:01:186	< BTP_GAP_CMD_START_ADVERTISING (0x01|0x0a|0x00)
                  raw data (4): 01 0a 00 04 00|1b 06 00 00
23:43:03:606	< BTP_GAP_EV_ENCRYPTION_CHANGE (0x01|0x91|0x00)
                  raw data (9): 01 91 00 09 00|e0 4e e4 08 dc 1b 00 01 10
23:43:03:606	< BTP_GAP_EV_SEC_LEVEL_CHANGED (0x01|0x89|0x00)
                  raw data (8): 01 89 00 08 00|e0 4e e4 08 dc 1b 00 02
23:43:03:886	< BTP_L2CAP_EV_CONNECTED (0x03|0x81|0x00)
                  raw data (18): 
                  03 81 00 12 00|02 77 00 30 00 30 00 c0 00 c0 00 
                  e0 4e e4 08 dc 1b 00
23:43:03:946	< BTP_L2CAP_EV_DATA_RECEIVED (0x03|0x83|0x00)
                  raw data (23): 
                  03 83 00 17 00|02 14 00 ab ab ab ab ab ab ab ab 
                  ab ab ab ab ab ab ab ab ab ab ab ab
23:43:03:966	< BTP_L2CAP_EV_DATA_RECEIVED (0x03|0x83|0x00)
                  raw data (20): 
                  03 83 00 14 00|02 11 00 1d 1d 1d 1d 1d 1d 1d 1d 
                  1d 1d 1d 1d 1d 1d 1d 1d 1d
23:43:03:986	< BTP_L2CAP_EV_DATA_RECEIVED (0x03|0x83|0x00)
                  raw data (20): 
                  03 83 00 14 00|02 11 00 a4 a4 a4 a4 a4 a4 a4 a4 
                  a4 a4 a4 a4 a4 a4 a4 a4 a4
23:43:08:787	< BTP_L2CAP_EV_DISCONNECTED (0x03|0x82|0x00)
                  raw data (12): 
                  03 82 00 0c 00|00 00 02 00 00 e0 4e e4 08 dc 1b 
                  00
23:43:09:027	< BTP_GAP_EV_DEVICE_DISCONNECTED (0x01|0x83|0x00)
                  raw data (7): 01 83 00 07 00|e0 4e e4 08 dc 1b 00
23:43:13:837	< BTP_CORE_EV_IUT_READY (0x00|0x80|0xff)
                  raw data (0): 00 80 ff 00 00|
