21:14:24:254    > BTP_CORE_CMD_REGISTER_SERVICE (0x00|0x03|0xff)
                  raw data (1): 00 03 ff 01 00|01
21:14:27:971    < BTP_CORE_CMD_REGISTER_SERVICE (0x00|0x03|0xff)
                  raw data (0): 00 03 ff 00 00|
21:14:27:981    > BTP_GAP_CMD_READ_SUPPORTED_COMMANDS (0x01|0x01|0xff)
                  raw data (0): 01 01 ff 00 00|
21:14:28:091    < BTP_GAP_CMD_READ_SUPPORTED_COMMANDS (0x01|0x01|0xff)
                  raw data (6): 01 01 ff 06 00|6e ff 7f 1f fe f7
21:14:28:091    > BTP_GAP_CMD_READ_CONTROLLER_INFO (0x01|0x03|0x00)
                  raw data (0): 01 03 00 00 00|
21:14:28:221    < BTP_GAP_CMD_READ_CONTROLLER_INFO (0x01|0x03|0x00)
                  raw data (277): 
                  01 03 00 15 01|19 78 ee 69 17 d0 d3 06 02 00 13 
                  02 00 00 00 00 00 62 74 70 5f 74 65 73 74 65 72 
                  00 00 00 00 00 00 00 00 00 00 00 00 00 00 00 00 
                  00 00 00 00 00 00 00 00 00 00 00 00 00 00 00 00 
                  00 00 00 00 00 00 00 00 00 00 00 00 00 00 00 00 
                  00 00 00 00 00 00 00 00 00 00 00 00 00 00 00 00 
                  00 00 00 00 00 00 00 00 00 00 00 00 00 00 00 00 
                  00 00 00 00 00 00 00 00 00 00 00 00 00 00 00 00 
                  00 00 00 00 00 00 00 00 00 00 00 00 00 00 00 00 
                  00 00 00 00 00 00 00 00 00 00 00 00 00 00 00 00 
                  00 00 00 00 00 00 00 00 00 00 00 00 00 00 00 00 
                  00 00 00 00 00 00 00 00 00 00 00 00 00 00 00 00 
                  00 00 00 00 00 00 00 00 00 00 00 00 00 00 00 00 
                  00 00 00 00 00 00 00 00 00 00 00 00 00 00 00 00 
                  00 00 00 00 00 00 00 00 00 00 00 00 00 00 00 00 
                  00 00 00 00 00 00 00 00 00 00 00 00 00 00 00 00 
                  00 00 00 00 00 00 00 00 00 00 00 00 00 00 00 00 
                  00 00 00 00 00 00 00 00 00 00
21:14:28:241    > BTP_GAP_CMD_SET_DISCOVERABLE (0x01|0x08|0x00)
                  raw data (1): 01 08 00 01 00|01
21:14:28:352    < BTP_GAP_CMD_SET_DISCOVERABLE (0x01|0x08|0x00)
                  raw data (4): 01 08 00 04 00|1b 02 00 00
21:14:28:352    > BTP_GAP_CMD_SET_IO_CAP (0x01|0x10|0x00)
                  raw data (1): 01 10 00 01 00|03
21:14:28:452    < BTP_GAP_CMD_SET_IO_CAP (0x01|0x10|0x00)
                  raw data (0): 01 10 00 00 00|
21:14:28:462    > BTP_CORE_CMD_REGISTER_SERVICE (0x00|0x03|0xff)
                  raw data (32): 00 03 ff 01 00|20
21:14:28:562    < BTP_CORE_CMD_REGISTER_SERVICE (0x00|0x03|0xff)
                  raw data (0): 00 03 ff 00 00|
21:14:28:582    > BTP_HFP_HF_CMD_READ_SUPPORTED_COMMANDS (0x20|0x01|0xff)
                  raw data (0): 20 01 ff 00 00|
21:14:28:722    < BTP_HFP_HF_CMD_READ_SUPPORTED_COMMANDS (0x20|0x01|0xff)
                  raw data (5): 20 01 ff 05 00|fe ff ff ff 7f
21:14:33:534    < BTP_GAP_EV_DEVICE_CONNECTED (0x01|0x82|0x00)
                  raw data (13): 
                  01 82 00 0d 00|e0 4e e4 08 dc 1b 00 00 00 00 00 
                  00 00
21:14:33:534    < BTP_GAP_EV_NEW_SETTINGS (0x01|0x80|0x00)
                  raw data (4): 01 80 00 04 00|1b 02 00 00
21:14:35:226    < BTP_GAP_EV_ENCRYPTION_CHANGE (0x01|0x91|0x00)
                  raw data (9): 01 91 00 09 00|e0 4e e4 08 dc 1b 00 01 10
21:14:35:227    < BTP_GAP_EV_SEC_LEVEL_CHANGED (0x01|0x89|0x00)
                  raw data (8): 01 89 00 08 00|e0 4e e4 08 dc 1b 00 02
21:14:35:443    < BTP_HFP_HF_EV_CONNECTED (0x20|0x80|0x00)
                  raw data (6): 20 80 00 06 00|4e e4 08 dc 1b 00
21:14:35:774    > BTP_HFP_HF_CMD_AUDIO_CONNECT (0x20|0x10|0x00)
                  raw data (6): 20 10 00 06 00|4e e4 08 dc 1b 00
21:14:35:874    < BTP_HFP_HF_CMD_AUDIO_CONNECT (0x20|0x10|0x00)
                  raw data (0): 20 10 00 00 00|
21:14:35:874    < BTP_HFP_HF_EV_CODEC_NEGOTIATE (0x20|0x98|0x00)
                  raw data (7): 20 98 00 07 00|4e e4 08 dc 1b 00 01
21:14:43:099    < BTP_HFP_HF_EV_SCO_CONNECTED (0x20|0x82|0x00)
                  raw data (6): 20 82 00 06 00|4e e4 08 dc 1b 00
21:14:45:045    < BTP_HFP_HF_EV_SCO_DISCONNECTED (0x20|0x83|0x00)
                  raw data (7): 20 83 00 07 00|4e e4 08 dc 1b 00 13
21:14:45:553    < BTP_HFP_HF_EV_DISCONNECTED (0x20|0x81|0x00)
                  raw data (6): 20 81 00 06 00|4e e4 08 dc 1b 00
21:14:46:598    < BTP_GAP_EV_DEVICE_DISCONNECTED (0x01|0x83|0x00)
                  raw data (7): 01 83 00 07 00|e0 4e e4 08 dc 1b 00
21:14:50:239    < BTP_CORE_EV_IUT_READY (0x00|0x80|0xff)
                  raw data (0): 00 80 ff 00 00|
