< 2025/01/08 01:44:25.713629  length=5 from=0 to=4
 00 80 ff 00 00                                   .....
--
> 2025/01/08 01:44:35.542469  length=6 from=0 to=5
 00 03 ff 01 00 01                                ......
--
< 2025/01/08 01:44:35.590589  length=5 from=5 to=9
 00 03 ff 00 00                                   .....
--
> 2025/01/08 01:44:35.654490  length=6 from=6 to=11
 00 03 ff 01 00 02                                ......
--
< 2025/01/08 01:44:35.669612  length=5 from=10 to=14
 00 03 ff 00 00                                   .....
--
> 2025/01/08 01:44:35.748483  length=5 from=12 to=16
 01 03 00 00 00                                   .....
--
< 2025/01/08 01:44:36.518646  length=96 from=15 to=110
 01 03 00 15 01 28 00 03 37 60 00 13 06 02 00 13  .....(..7`......
 02 00 00 00 00 00 62 74 70 5f 74 65 73 74 65 72  ......btp_tester
 00 00 00 00 00 00 00 00 00 00 00 00 00 00 00 00  ................
 00 00 00 00 00 00 00 00 00 00 00 00 00 00 00 00  ................
 00 00 00 00 00 00 00 00 00 00 00 00 00 00 00 00  ................
 00 00 00 00 00 00 00 00 00 00 00 00 00 00 00 00  ................
--
< 2025/01/08 01:44:36.524118  length=64 from=111 to=174
 00 00 00 00 00 00 00 00 00 00 00 00 00 00 00 00  ................
 00 00 00 00 00 00 00 00 00 00 00 00 00 00 00 00  ................
 00 00 00 00 00 00 00 00 00 00 00 00 00 00 00 00  ................
 00 00 00 00 00 00 00 00 00 00 00 00 00 00 00 00  ................
--
< 2025/01/08 01:44:36.527512  length=64 from=175 to=238
 00 00 00 00 00 00 00 00 00 00 00 00 00 00 00 00  ................
 00 00 00 00 00 00 00 00 00 00 00 00 00 00 00 00  ................
 00 00 00 00 00 00 00 00 00 00 00 00 00 00 00 00  ................
 00 00 00 00 00 00 00 00 00 00 00 00 00 00 00 00  ................
--
< 2025/01/08 01:44:36.530798  length=32 from=239 to=270
 00 00 00 00 00 00 00 00 00 00 00 00 00 00 00 00  ................
 00 00 00 00 00 00 00 00 00 00 00 00 00 00 00 00  ................
--
< 2025/01/08 01:44:36.550645  length=26 from=271 to=296
 00 00 00 00 00 00 00 00 00 00 00 00 00 00 00 00  ................
 00 00 00 00 00 00 00 00 00 00                    ..........
--
> 2025/01/08 01:45:53.902706  length=6 from=17 to=22
 01 10 00 01 00 00                                ......
--
< 2025/01/08 01:45:53.918726  length=5 from=297 to=301
 01 10 00 00 00                                   .....
--
> 2025/01/08 01:45:53.979541  length=9 from=23 to=31
 02 02 00 04 00 01 02 aa 40                       ........@
--
< 2025/01/08 01:45:53.995641  length=7 from=302 to=308
 02 02 00 02 00 00 00                             .......
--
> 2025/01/08 01:45:54.027610  length=12 from=32 to=43
 02 03 00 07 00 00 00 0a                          ........
 03 02 aa 50                                      ...P
--
< 2025/01/08 01:45:54.043614  length=7 from=309 to=315
 02 03 00 02 00 00 00                             .......
--
> 2025/01/08 01:45:54.167616  length=17 from=44 to=60
 02 06 00 0c 00 00 00 08 00 01 23 45 67 89 ab cd  ..........#Eg...
 ef                                               .
--
< 2025/01/08 01:45:54.183722  length=5 from=316 to=320
 02 06 00 00 00                                   .....
--
> 2025/01/08 01:45:54.279604  length=12 from=61 to=72
 02 03 00 07 00 00 00 0a                          ........
 0c 02 aa 51                                      ...Q
--
< 2025/01/08 01:45:54.295653  length=7 from=321 to=327
 02 03 00 02 00 00 00                             .......
--
> 2025/01/08 01:45:54.391627  length=17 from=73 to=89
 02 06 00 0c 00 00 00 08 00 01 23 45 67 89 ab cd  ..........#Eg...
 ef                                               .
--
< 2025/01/08 01:45:54.407699  length=5 from=328 to=332
 02 06 00 00 00                                   .....
--
> 2025/01/08 01:45:54.487621  length=12 from=90 to=101
 02 03 00 07 00 00 00 0a                          ........
 30 02 aa 52                                      0..R
--
< 2025/01/08 01:45:54.503655  length=7 from=333 to=339
 02 03 00 02 00 00 00                             .......
--
> 2025/01/08 01:45:54.612625  length=17 from=102 to=118
 02 06 00 0c 00 00 00 08 00 01 23 45 67 89 ab cd  ..........#Eg...
 ef                                               .
--
< 2025/01/08 01:45:54.628672  length=5 from=340 to=344
 02 06 00 00 00                                   .....
--
> 2025/01/08 01:45:54.723595  length=12 from=119 to=130
 02 03 00 07 00 00 00 0a                          ........
 c0 02 aa 53                                      ...S
--
< 2025/01/08 01:45:54.739687  length=7 from=345 to=351
 02 03 00 02 00 00 00                             .......
--
> 2025/01/08 01:45:54.895592  length=17 from=131 to=147
 02 06 00 0c 00 00 00 08 00 01 23 45 67 89 ab cd  ..........#Eg...
 ef                                               .
--
< 2025/01/08 01:45:54.911654  length=5 from=352 to=356
 02 06 00 00 00                                   .....
--
> 2025/01/08 01:45:54.975659  length=12 from=148 to=159
 02 03 00 07 00 00 00 3a 03 02 aa 54              .......:...T
--
< 2025/01/08 01:45:54.991680  length=7 from=357 to=363
 02 03 00 02 00 00 00                             .......
--
> 2025/01/08 01:45:55.055626  length=17 from=160 to=176
 02 06 00 0c 00 00 00 08 00 01 23 45 67 89 ab cd  ..........#Eg...
 ef                                               .
--
< 2025/01/08 01:45:55.071594  length=5 from=364 to=368
 02 06 00 00 00                                   .....
--
> 2025/01/08 01:45:55.133590  length=11 from=177 to=187
 02 04 00 06 00 00 00 03 02 02 29                 ..........)
--
< 2025/01/08 01:45:55.149673  length=7 from=369 to=375
 02 04 00 02 00 00 00                             .......
--
> 2025/01/08 01:45:55.275610  length=12 from=188 to=199
 02 03 00 07 00 00 00 3a 03 02 aa 55              .......:...U
--
< 2025/01/08 01:45:55.291673  length=7 from=376 to=382
 02 03 00 02 00 00 00                             .......
--
> 2025/01/08 01:45:55.433588  length=17 from=200 to=216
 02 06 00 0c 00 00 00 08 00 01 23 45 67 89 ab cd  ..........#Eg...
 ef                                               .
--
< 2025/01/08 01:45:55.449659  length=5 from=383 to=387
 02 06 00 00 00                                   .....
--
> 2025/01/08 01:45:55.559565  length=11 from=217 to=227
 02 04 00 06 00 00 00 03 02 02 29                 ..........)
--
< 2025/01/08 01:45:55.575628  length=7 from=388 to=394
 02 04 00 02 00 00 00                             .......
--
> 2025/01/08 01:45:55.607656  length=12 from=228 to=239
 02 03 00 07 00 00 00 46 03 02 aa 56              .......F...V
--
< 2025/01/08 01:45:55.623682  length=7 from=395 to=401
 02 03 00 02 00 00 00                             .......
--
> 2025/01/08 01:45:55.687623  length=17 from=240 to=256
 02 06 00 0c 00 00 00 08 00 01 23 45 67 89 ab cd  ..........#Eg...
 ef                                               .
--
< 2025/01/08 01:45:55.703699  length=5 from=402 to=406
 02 06 00 00 00                                   .....
--
> 2025/01/08 01:45:55.797667  length=12 from=257 to=268
 02 03 00 07 00 00 00 46 30 02 aa 57              .......F0..W
--
< 2025/01/08 01:45:55.813822  length=7 from=407 to=413
 02 03 00 02 00 00 00                             .......
--
> 2025/01/08 01:45:55.970682  length=17 from=269 to=285
 02 06 00 0c 00 00 00 08 00 01 23 45 67 89 ab cd  ..........#Eg...
 ef                                               .
--
< 2025/01/08 01:45:55.985748  length=5 from=414 to=418
 02 06 00 00 00                                   .....
--
> 2025/01/08 01:45:56.049692  length=12 from=286 to=297
 02 03 00 07 00 00 00 8a 03 02 aa 58              ...........X
--
< 2025/01/08 01:45:56.065680  length=7 from=419 to=425
 02 03 00 02 00 00 00                             .......
--
> 2025/01/08 01:45:56.161628  length=17 from=298 to=314
 02 06 00 0c 00 00 00 08 00 01 23 45 67 89 ab cd  ..........#Eg...
 ef                                               .
--
< 2025/01/08 01:45:56.177667  length=5 from=426 to=430
 02 06 00 00 00                                   .....
--
> 2025/01/08 01:45:56.257679  length=11 from=315 to=325
 02 04 00 06 00 00 00 01 02 00 29                 ..........)
--
< 2025/01/08 01:45:56.273708  length=7 from=431 to=437
 02 04 00 02 00 00 00                             .......
--
> 2025/01/08 01:45:56.305699  length=11 from=326 to=336
 02 06 00 06 00 00 00 02 00 01 00                 ...........
--
< 2025/01/08 01:45:56.321711  length=5 from=438 to=442
 02 06 00 00 00                                   .....
--
> 2025/01/08 01:45:56.383662  length=12 from=337 to=348
 02 03 00 07 00 00 00 0a                          ........
 0c 02 aa 59                                      ...Y
--
< 2025/01/08 01:45:56.399723  length=7 from=443 to=449
 02 03 00 02 00 00 00                             .......
--
> 2025/01/08 01:45:56.477704  length=17 from=349 to=365
 02 06 00 0c 00 00 00 08 00 01 23 45 67 89 ab cd  ..........#Eg...
 ef                                               .
--
< 2025/01/08 01:45:56.493686  length=5 from=450 to=454
 02 06 00 00 00                                   .....
--
> 2025/01/08 01:45:56.557648  length=8 from=366 to=373
 02 09 00 03 00 00 00 0f                          ........
--
< 2025/01/08 01:45:56.573687  length=5 from=455 to=459
 02 09 00 00 00                                   .....
--
> 2025/01/08 01:45:56.667672  length=12 from=374 to=385
 02 03 00 07 00 00 00 0a                          ........
 0c 02 aa 5a                                      ...Z
--
< 2025/01/08 01:45:56.682812  length=7 from=460 to=466
 02 03 00 02 00 00 00                             .......
--
> 2025/01/08 01:45:56.761674  length=17 from=386 to=402
 02 06 00 0c 00 00 00 08 00 01 23 45 67 89 ab cd  ..........#Eg...
 ef                                               .
--
< 2025/01/08 01:45:56.777750  length=5 from=467 to=471
 02 06 00 00 00                                   .....
--
> 2025/01/08 01:45:56.841652  length=8 from=403 to=410
 02 09 00 03 00 00 00 0f                          ........
--
< 2025/01/08 01:45:56.857763  length=5 from=472 to=476
 02 09 00 00 00                                   .....
--
> 2025/01/08 01:45:56.969631  length=26 from=411 to=436
 02 03 00 15 00 00 00 0a                          ........
 03 10 f0 00 bb 50 04 51 40 00 b1 23 45 67 89 ab  .....P.Q@..#Eg..
 cd ef                                            ..
--
< 2025/01/08 01:45:56.985813  length=7 from=477 to=483
 02 03 00 02 00 00 00                             .......
--
> 2025/01/08 01:45:57.096677  length=17 from=437 to=453
 02 06 00 0c 00 00 00 08 00 01 23 45 67 89 ab cd  ..........#Eg...
 ef                                               .
--
< 2025/01/08 01:45:57.111705  length=5 from=484 to=488
 02 06 00 00 00                                   .....
--
> 2025/01/08 01:45:57.223627  length=9 from=454 to=462
 02 02 00 04 00 00 02 aa 41                       ........A
--
< 2025/01/08 01:45:57.239683  length=7 from=489 to=495
 02 02 00 02 00 00 00                             .......
--
> 2025/01/08 01:45:57.270700  length=7 from=463 to=469
 02 05 00 02 00 01 00                             .......
--
< 2025/01/08 01:45:57.285706  length=7 from=496 to=502
 02 05 00 02 00 00 00                             .......
--
> 2025/01/08 01:45:57.395623  length=12 from=470 to=481
 02 03 00 07 00 00 00 0a                          ........
 03 02 aa 50                                      ...P
--
< 2025/01/08 01:45:57.411658  length=7 from=503 to=509
 02 03 00 02 00 00 00                             .......
--
> 2025/01/08 01:45:57.553633  length=41 from=482 to=522
 02 06 00 24 00 00 00 20 00 01 23 45 67 89 ab cd  ...$... ..#Eg...
 ef 01 23 45 67 89 ab cd ef 01 23 45 67 89 ab cd  ..#Eg.....#Eg...
 ef 01 23 45 67 89 ab cd ef                       ..#Eg....
--
< 2025/01/08 01:45:57.569682  length=5 from=510 to=514
 02 06 00 00 00                                   .....
--
> 2025/01/08 01:45:57.615681  length=12 from=523 to=534
 02 03 00 07 00 00 00 0a                          ........
 03 02 aa 51                                      ...Q
--
< 2025/01/08 01:45:57.631660  length=7 from=515 to=521
 02 03 00 02 00 00 00                             .......
--
> 2025/01/08 01:45:57.743648  length=41 from=535 to=575
 02 06 00 24 00 00 00 20 00 fe dc ba 98 76 54 32  ...$... .....vT2
 10 fe dc ba 98 76 54 32 10 fe dc ba 98 76 54 32  .....vT2.....vT2
 10 fe dc ba 98 76 54 32 10                       .....vT2.
--
< 2025/01/08 01:45:57.758684  length=5 from=522 to=526
 02 06 00 00 00                                   .....
--
> 2025/01/08 01:45:57.837682  length=12 from=576 to=587
 02 03 00 07 00 00 00 0a                          ........
 0c 02 aa 52                                      ...R
--
< 2025/01/08 01:45:57.853732  length=7 from=527 to=533
 02 03 00 02 00 00 00                             .......
--
> 2025/01/08 01:45:57.946686  length=65 from=588 to=652
 02 06 00 3c 00 00 00 38 00 fe dc ba 98 76 54 32  ...<...8.....vT2
 10 fe dc ba 98 76 54 32 10 fe dc ba 98 76 54 32  .....vT2.....vT2
 10 fe dc ba 98 76 54 32 10 fe dc ba 98 76 54 32  .....vT2.....vT2
 10 fe dc ba 98 76 54 32 10 fe dc ba 98 76 54 32  .....vT2.....vT2
 10                                               .
--
< 2025/01/08 01:45:57.977694  length=5 from=534 to=538
 02 06 00 00 00                                   .....
--
> 2025/01/08 01:45:58.057662  length=8 from=653 to=660
 02 09 00 03 00 00 00 0f                          ........
--
< 2025/01/08 01:45:58.073761  length=5 from=539 to=543
 02 09 00 00 00                                   .....
--
> 2025/01/08 01:45:58.136700  length=12 from=661 to=672
 02 03 00 07 00 00 00 02 01 02 aa 53              ...........S
--
< 2025/01/08 01:45:58.151817  length=7 from=544 to=550
 02 03 00 02 00 00 00                             .......
--
> 2025/01/08 01:45:58.295691  length=89 from=673 to=761
 02 06 00 54 00 00 00 50 00 01 23 45 67 89 ab cd  ...T...P..#Eg...
 ef 01 23 45 67 89 ab cd ef 01 23 45 67 89 ab cd  ..#Eg.....#Eg...
 ef 01 23 45 67 89 ab cd ef 01 23 45 67 89 ab cd  ..#Eg.....#Eg...
 ef 01 23 45 67 89 ab cd ef 01 23 45 67 89 ab cd  ..#Eg.....#Eg...
 ef 01 23 45 67 89 ab cd ef 01 23 45 67 89 ab cd  ..#Eg.....#Eg...
 ef 01 23 45 67 89 ab cd ef                       ..#Eg....
--
< 2025/01/08 01:45:58.325796  length=5 from=551 to=555
 02 06 00 00 00                                   .....
--
> 2025/01/08 01:45:58.373646  length=11 from=762 to=772
 02 04 00 06 00 00 00 03 02 54 aa                 .........T.
--
< 2025/01/08 01:45:58.389686  length=7 from=556 to=562
 02 04 00 02 00 00 00                             .......
--
> 2025/01/08 01:45:58.452636  length=73 from=773 to=845
 02 06 00 44 00 00 00 40 00 01 01 01 01 01 01 01  ...D...@........
 01 01 01 01 01 01 01 01 01 01 01 01 01 01 01 01  ................
 01 01 01 01 01 01 01 01 01 01 01 01 01 01 01 01  ................
 01 01 01 01 01 01 01 01 01 01 01 01 01 01 01 01  ................
 01 01 01 01 01 01 01 01 01                       .........
--
< 2025/01/08 01:45:58.483681  length=5 from=563 to=567
 02 06 00 00 00                                   .....
--
> 2025/01/08 01:45:58.563675  length=12 from=846 to=857
 02 03 00 07 00 00 00 0a                          ........
 03 02 aa 55                                      ...U
--
< 2025/01/08 01:45:58.579715  length=7 from=568 to=574
 02 03 00 02 00 00 00                             .......
--
> 2025/01/08 01:45:58.707690  length=89 from=858 to=946
 02 06 00 54 00 00 00 50 00 01 23 45 67 89 ab cd  ...T...P..#Eg...
 ef 01 23 45 67 89 ab cd ef 01 23 45 67 89 ab cd  ..#Eg.....#Eg...
 ef 01 23 45 67 89 ab cd ef 01 23 45 67 89 ab cd  ..#Eg.....#Eg...
 ef 01 23 45 67 89 ab cd ef 01 23 45 67 89 ab cd  ..#Eg.....#Eg...
 ef 01 23 45 67 89 ab cd ef 01 23 45 67 89 ab cd  ..#Eg.....#Eg...
 ef 01 23 45 67 89 ab cd ef                       ..#Eg....
--
< 2025/01/08 01:45:58.739715  length=5 from=575 to=579
 02 06 00 00 00                                   .....
--
> 2025/01/08 01:45:58.835616  length=12 from=947 to=958
 02 03 00 07 00 00 00 0a                          ........
 03 02 aa 56                                      ...V
--
< 2025/01/08 01:45:58.851692  length=7 from=580 to=586
 02 03 00 02 00 00 00                             .......
--
> 2025/01/08 01:45:58.961681  length=521 from=959 to=1479
 02 06 00 04 02 00 00 00 02 02 02 02 02 02 02 02  ................
 02 02 02 02 02 02 02 02 02 02 02 02 02 02 02 02  ................
 02 02 02 02 02 02 02 02 02 02 02 02 02 02 02 02  ................
 02 02 02 02 02 02 02 02 02 02 02 02 02 02 02 02  ................
 02 02 02 02 02 02 02 02 02 02 02 02 02 02 02 02  ................
 02 02 02 02 02 02 02 02 02 02 02 02 02 02 02 02  ................
 02 02 02 02 02 02 02 02 02 02 02 02 02 02 02 02  ................
 02 02 02 02 02 02 02 02 02 02 02 02 02 02 02 02  ................
 02 02 02 02 02 02 02 02 02 02 02 02 02 02 02 02  ................
 02 02 02 02 02 02 02 02 02 02 02 02 02 02 02 02  ................
 02 02 02 02 02 02 02 02 02 02 02 02 02 02 02 02  ................
 02 02 02 02 02 02 02 02 02 02 02 02 02 02 02 02  ................
 02 02 02 02 02 02 02 02 02 02 02 02 02 02 02 02  ................
 02 02 02 02 02 02 02 02 02 02 02 02 02 02 02 02  ................
 02 02 02 02 02 02 02 02 02 02 02 02 02 02 02 02  ................
 02 02 02 02 02 02 02 02 02 02 02 02 02 02 02 02  ................
 02 02 02 02 02 02 02 02 02 02 02 02 02 02 02 02  ................
 02 02 02 02 02 02 02 02 02 02 02 02 02 02 02 02  ................
 02 02 02 02 02 02 02 02 02 02 02 02 02 02 02 02  ................
 02 02 02 02 02 02 02 02 02 02 02 02 02 02 02 02  ................
 02 02 02 02 02 02 02 02 02 02 02 02 02 02 02 02  ................
 02 02 02 02 02 02 02 02 02 02 02 02 02 02 02 02  ................
 02 02 02 02 02 02 02 02 02 02 02 02 02 02 02 02  ................
 02 02 02 02 02 02 02 02 02 02 02 02 02 02 02 02  ................
 02 02 02 02 02 02 02 02 02 02 02 02 02 02 02 02  ................
 02 02 02 02 02 02 02 02 02 02 02 02 02 02 02 02  ................
 02 02 02 02 02 02 02 02 02 02 02 02 02 02 02 02  ................
 02 02 02 02 02 02 02 02 02 02 02 02 02 02 02 02  ................
 02 02 02 02 02 02 02 02 02 02 02 02 02 02 02 02  ................
 02 02 02 02 02 02 02 02 02 02 02 02 02 02 02 02  ................
 02 02 02 02 02 02 02 02 02 02 02 02 02 02 02 02  ................
 02 02 02 02 02 02 02 02 02 02 02 02 02 02 02 02  ................
 02 02 02 02 02 02 02 02 02                       .........
--
< 2025/01/08 01:45:59.055795  length=5 from=587 to=591
 02 06 00 00 00                                   .....
--
> 2025/01/08 01:45:59.135735  length=5 from=1480 to=1484
 02 07 00 00 00                                   .....
--
< 2025/01/08 01:45:59.151745  length=8 from=592 to=599
 02 07 00 03 00 00 00 00                          ........
--
< 2025/01/08 01:46:00.013077  length=5 from=600 to=604
 00 80 ff 00 00                                   .....
--
