2025-01-09 20:26:57,337 LT1-thread root DEBUG client.py                 71    logger_log                : Starting TestCase _run_test_case GAP GAP/SEC/CSIGN/BV-01-C
2025-01-09 20:26:57,339 LT1-thread root DEBUG client.py                 71    logger_log                : pre_run GAP GAP/SEC/CSIGN/BV-01-C
2025-01-09 20:26:57,339 LT1-thread root DEBUG client.py                 71    logger_log                : About to run test case GAP GAP/SEC/CSIGN/BV-01-C with commands:
2025-01-09 20:26:57,339 LT1-thread root DEBUG client.py                 71    logger_log                : 0) class=<class 'autopts.ptsprojects.testcase.TestFunc'>, func=<bound method Stack.core_init of <autopts.ptsprojects.stack.stack.Stack object at 0x000001C083019550>> start_wid=None stop_wid=None post_wid=None skip_call=None call_count=0 args=() kwds={}
2025-01-09 20:26:57,340 LT1-thread root DEBUG client.py                 71    logger_log                : 1) class=<class 'autopts.ptsprojects.testcase.TestFunc'>, func=<bound method ZephyrCtl.hw_reset of <autopts.ptsprojects.zephyr.iutctl.ZephyrCtl object at 0x000001C08303E410>> start_wid=None stop_wid=None post_wid=None skip_call=None call_count=0 args=() kwds={}
2025-01-09 20:26:57,340 LT1-thread root DEBUG client.py                 71    logger_log                : 2) class=<class 'autopts.ptsprojects.testcase.TestFunc'>, func=<bound method ZephyrCtl.start of <autopts.ptsprojects.zephyr.iutctl.ZephyrCtl object at 0x000001C08303E410>> start_wid=None stop_wid=None post_wid=None skip_call=None call_count=0 args=(<autopts.ptsprojects.zephyr.ztestcase.ZTestCase object at 0x000001C083D30510>,) kwds={}
2025-01-09 20:26:57,340 LT1-thread root DEBUG client.py                 71    logger_log                : 3) class=<class 'autopts.ptsprojects.testcase.TestFunc'>, func=<bound method ZephyrCtl.hw_reset of <autopts.ptsprojects.zephyr.iutctl.ZephyrCtl object at 0x000001C08303E410>> start_wid=None stop_wid=None post_wid=None skip_call=None call_count=0 args=() kwds={}
2025-01-09 20:26:57,340 LT1-thread root DEBUG client.py                 71    logger_log                : 4) class=<class 'autopts.ptsprojects.testcase.TestFunc'>, func=<bound method ZephyrCtl.wait_iut_ready_event of <autopts.ptsprojects.zephyr.iutctl.ZephyrCtl object at 0x000001C08303E410>> start_wid=None stop_wid=None post_wid=None skip_call=None call_count=0 args=(False,) kwds={}
2025-01-09 20:26:57,340 LT1-thread root DEBUG client.py                 71    logger_log                : 5) class=<class 'autopts.ptsprojects.testcase.TestFunc'>, func=<function core_reg_svc_gap at 0x000001C0FF3E4540> start_wid=None stop_wid=None post_wid=None skip_call=None call_count=80 args=() kwds={}
2025-01-09 20:26:57,341 LT1-thread root DEBUG client.py                 71    logger_log                : 6) class=<class 'autopts.ptsprojects.testcase.TestFunc'>, func=<bound method Stack.gap_init of <autopts.ptsprojects.stack.stack.Stack object at 0x000001C083019550>> start_wid=None stop_wid=None post_wid=None skip_call=None call_count=80 args=(b'Tester_59F2E6', 'ABCD', '1111', '1111', '11', '1111', b'\x17github.com/auto-pts', (8, 'PADV_Tester'), 'FF') kwds={}
2025-01-09 20:26:57,341 LT1-thread root DEBUG client.py                 71    logger_log                : 7) class=<class 'autopts.ptsprojects.testcase.TestFunc'>, func=<function gap_read_ctrl_info at 0x000001C0FF3F4400> start_wid=None stop_wid=None post_wid=None skip_call=None call_count=80 args=() kwds={}
2025-01-09 20:26:57,341 LT1-thread root DEBUG client.py                 71    logger_log                : 8) class=<class 'autopts.ptsprojects.testcase.TestFunc'>, func=<function test_cases.<locals>.<lambda> at 0x000001C083CDC040> start_wid=None stop_wid=None post_wid=None skip_call=None call_count=80 args=() kwds={}
2025-01-09 20:26:57,341 LT1-thread root DEBUG client.py                 71    logger_log                : 9) class=<class 'autopts.ptsprojects.testcase.TestFunc'>, func=<function test_cases.<locals>.<lambda> at 0x000001C083CDC0E0> start_wid=None stop_wid=None post_wid=None skip_call=None call_count=80 args=() kwds={}
2025-01-09 20:26:57,341 LT1-thread root DEBUG client.py                 71    logger_log                : 10) class=<class 'autopts.ptsprojects.testcase.TestFunc'>, func=<function test_cases.<locals>.<lambda> at 0x000001C083CDC180> start_wid=None stop_wid=None post_wid=None skip_call=None call_count=80 args=() kwds={}
2025-01-09 20:26:57,342 LT1-thread root DEBUG client.py                 71    logger_log                : 11) class=<class 'autopts.ptsprojects.testcase.TestFunc'>, func=<function test_cases.<locals>.<lambda> at 0x000001C083CDC220> start_wid=None stop_wid=None post_wid=None skip_call=None call_count=80 args=() kwds={}
2025-01-09 20:26:57,342 LT1-thread root DEBUG client.py                 71    logger_log                : 12) class=<class 'autopts.ptsprojects.testcase.TestFunc'>, func=<function test_cases.<locals>.<lambda> at 0x000001C083CDC2C0> start_wid=None stop_wid=None post_wid=None skip_call=None call_count=80 args=() kwds={}
2025-01-09 20:26:57,342 LT1-thread root DEBUG client.py                 71    logger_log                : 13) class=<class 'autopts.ptsprojects.testcase.TestFunc'>, func=<function test_cases.<locals>.<lambda> at 0x000001C083CDC360> start_wid=None stop_wid=None post_wid=None skip_call=None call_count=80 args=() kwds={}
2025-01-09 20:26:57,342 LT1-thread root DEBUG client.py                 71    logger_log                : 14) class=<class 'autopts.ptsprojects.testcase.TestFunc'>, func=<function test_cases.<locals>.<lambda> at 0x000001C083CDC400> start_wid=None stop_wid=None post_wid=None skip_call=None call_count=80 args=() kwds={}
2025-01-09 20:26:57,342 LT1-thread root DEBUG client.py                 71    logger_log                : 15) class=<class 'autopts.ptsprojects.testcase.TestFunc'>, func=<function test_cases.<locals>.<lambda> at 0x000001C083CDC4A0> start_wid=None stop_wid=None post_wid=None skip_call=None call_count=80 args=() kwds={}
2025-01-09 20:26:57,342 LT1-thread root DEBUG client.py                 71    logger_log                : 16) class=<class 'autopts.ptsprojects.testcase.TestFunc'>, func=<function test_cases.<locals>.<lambda> at 0x000001C083CDC540> start_wid=None stop_wid=None post_wid=None skip_call=None call_count=80 args=() kwds={}
2025-01-09 20:26:57,342 LT1-thread root DEBUG client.py                 71    logger_log                : 17) class=<class 'autopts.ptsprojects.testcase.TestFunc'>, func=<function test_cases.<locals>.<lambda> at 0x000001C083CDC5E0> start_wid=None stop_wid=None post_wid=None skip_call=None call_count=80 args=() kwds={}
2025-01-09 20:26:57,343 LT1-thread root DEBUG client.py                 71    logger_log                : 18) class=<class 'autopts.ptsprojects.testcase.TestFunc'>, func=<function test_cases.<locals>.<lambda> at 0x000001C083CDC680> start_wid=None stop_wid=None post_wid=None skip_call=None call_count=80 args=() kwds={}
2025-01-09 20:26:57,343 LT1-thread root DEBUG client.py                 71    logger_log                : 19) class=<class 'autopts.ptsprojects.testcase.TestFunc'>, func=<function test_cases.<locals>.<lambda> at 0x000001C083CDC720> start_wid=None stop_wid=None post_wid=None skip_call=None call_count=80 args=() kwds={}
2025-01-09 20:26:57,343 LT1-thread root DEBUG client.py                 71    logger_log                : 20) class=<class 'autopts.ptsprojects.testcase.TestFunc'>, func=<function core_reg_svc_gatt at 0x000001C0FF3E4680> start_wid=None stop_wid=None post_wid=None skip_call=None call_count=80 args=() kwds={}
2025-01-09 20:26:57,343 LT1-thread root DEBUG client.py                 71    logger_log                : 21) class=<class 'autopts.ptsprojects.testcase.TestFunc'>, func=<bound method Stack.gatt_init of <autopts.ptsprojects.stack.stack.Stack object at 0x000001C083019550>> start_wid=None stop_wid=None post_wid=None skip_call=None call_count=80 args=() kwds={}
2025-01-09 20:26:57,343 LT1-thread root DEBUG client.py                 71    logger_log                : 22) class=<class 'autopts.ptsprojects.testcase.TestFunc'>, func=<function gap_set_io_cap at 0x000001C0FF3E7920> start_wid=None stop_wid=None post_wid=None skip_call=None call_count=80 args=(4,) kwds={}
2025-01-09 20:26:57,344 LT1-thread root DEBUG client.py                 71    logger_log                : 23) class=<class 'autopts.ptsprojects.testcase.TestFunc'>, func=<function set_pts_addr at 0x000001C0FF3E40E0> start_wid=None stop_wid=None post_wid=None skip_call=None call_count=80 args=('C0:07:E8:59:F2:E6', 0) kwds={}
2025-01-09 20:26:57,344 LT1-thread root DEBUG client.py                 71    logger_log                : 24) class=<class 'autopts.ptsprojects.testcase.TestFunc'>, func=<function gatts_add_svc at 0x000001C0FF3F5DA0> start_wid=None stop_wid=None post_wid=None skip_call=None call_count=80 args=(0, 'AA51') kwds={}
2025-01-09 20:26:57,344 LT1-thread root DEBUG client.py                 71    logger_log                : 25) class=<class 'autopts.ptsprojects.testcase.TestFunc'>, func=<function gatts_add_char at 0x000001C0FF3F5EE0> start_wid=None stop_wid=None post_wid=None skip_call=None call_count=80 args=(0, 2, 17, 'AA52') kwds={}
2025-01-09 20:26:57,344 LT1-thread root DEBUG client.py                 71    logger_log                : 26) class=<class 'autopts.ptsprojects.testcase.TestFunc'>, func=<function gatts_set_val at 0x000001C0FF3F5F80> start_wid=None stop_wid=None post_wid=None skip_call=None call_count=80 args=(0, '01') kwds={}
2025-01-09 20:26:57,344 LT1-thread root DEBUG client.py                 71    logger_log                : 27) class=<class 'autopts.ptsprojects.testcase.TestFunc'>, func=<function gatts_add_char at 0x000001C0FF3F5EE0> start_wid=None stop_wid=None post_wid=None skip_call=None call_count=80 args=(0, 2, 5, 'AA53') kwds={}
2025-01-09 20:26:57,344 LT1-thread root DEBUG client.py                 71    logger_log                : 28) class=<class 'autopts.ptsprojects.testcase.TestFunc'>, func=<function gatts_set_val at 0x000001C0FF3F5F80> start_wid=None stop_wid=None post_wid=None skip_call=None call_count=80 args=(0, '02') kwds={}
2025-01-09 20:26:57,344 LT1-thread root DEBUG client.py                 71    logger_log                : 29) class=<class 'autopts.ptsprojects.testcase.TestFunc'>, func=<function gatts_add_char at 0x000001C0FF3F5EE0> start_wid=None stop_wid=None post_wid=None skip_call=None call_count=80 args=(0, 66, 3, 'AA54') kwds={}
2025-01-09 20:26:57,345 LT1-thread root DEBUG client.py                 71    logger_log                : 30) class=<class 'autopts.ptsprojects.testcase.TestFunc'>, func=<function gatts_set_val at 0x000001C0FF3F5F80> start_wid=None stop_wid=None post_wid=None skip_call=None call_count=80 args=(0, '03') kwds={}
2025-01-09 20:26:57,345 LT1-thread root DEBUG client.py                 71    logger_log                : 31) class=<class 'autopts.ptsprojects.testcase.TestFunc'>, func=<function gatts_add_char at 0x000001C0FF3F5EE0> start_wid=None stop_wid=None post_wid=None skip_call=None call_count=80 args=(0, 10, 48, 'AA55') kwds={}
2025-01-09 20:26:57,345 LT1-thread root DEBUG client.py                 71    logger_log                : 32) class=<class 'autopts.ptsprojects.testcase.TestFunc'>, func=<function gatts_set_val at 0x000001C0FF3F5F80> start_wid=None stop_wid=None post_wid=None skip_call=None call_count=80 args=(0, '04') kwds={}
2025-01-09 20:26:57,345 LT1-thread root DEBUG client.py                 71    logger_log                : 33) class=<class 'autopts.ptsprojects.testcase.TestFunc'>, func=<function gatts_start_server at 0x000001C0FF3F6200> start_wid=None stop_wid=None post_wid=None skip_call=None call_count=80 args=() kwds={}
2025-01-09 20:26:57,346 LT1-thread root DEBUG client.py                 71    logger_log                : 34) class=<class 'autopts.ptsprojects.testcase.TestFuncCleanUp'>, func=<bound method Stack.cleanup of <autopts.ptsprojects.stack.stack.Stack object at 0x000001C083019550>> start_wid=None stop_wid=None post_wid=None skip_call=None call_count=0 args=() kwds={}
2025-01-09 20:26:57,346 LT1-thread root DEBUG client.py                 71    logger_log                : 35) class=<class 'autopts.ptsprojects.testcase.TestFuncCleanUp'>, func=<bound method ZephyrCtl.stop of <autopts.ptsprojects.zephyr.iutctl.ZephyrCtl object at 0x000001C08303E410>> start_wid=None stop_wid=None post_wid=None skip_call=None call_count=0 args=() kwds={}
2025-01-09 20:26:57,346 LT1-thread root DEBUG client.py                 71    logger_log                : pre_run, run pre test case script
2025-01-09 20:26:57,363 LT1-thread root DEBUG client.py                 71    logger_log                : Starting test function: class=<class 'autopts.ptsprojects.testcase.TestFunc'>, func=<bound method Stack.core_init of <autopts.ptsprojects.stack.stack.Stack object at 0x000001C083019550>> start_wid=None stop_wid=None post_wid=None skip_call=None call_count=1 args=() kwds={}
2025-01-09 20:26:57,364 LT1-thread root DEBUG client.py                 71    logger_log                : Test function parameters: args=(), kwds={}
2025-01-09 20:26:57,364 LT1-thread root DEBUG client.py                 71    logger_log                : Starting test function: class=<class 'autopts.ptsprojects.testcase.TestFunc'>, func=<bound method ZephyrCtl.hw_reset of <autopts.ptsprojects.zephyr.iutctl.ZephyrCtl object at 0x000001C08303E410>> start_wid=None stop_wid=None post_wid=None skip_call=None call_count=1 args=() kwds={}
2025-01-09 20:26:57,364 LT1-thread root DEBUG client.py                 71    logger_log                : Test function parameters: args=(), kwds={}
2025-01-09 20:26:57,364 LT1-thread root DEBUG client.py                 71    logger_log                : Starting test function: class=<class 'autopts.ptsprojects.testcase.TestFunc'>, func=<bound method ZephyrCtl.start of <autopts.ptsprojects.zephyr.iutctl.ZephyrCtl object at 0x000001C08303E410>> start_wid=None stop_wid=None post_wid=None skip_call=None call_count=1 args=(<autopts.ptsprojects.zephyr.ztestcase.ZTestCase object at 0x000001C083D30510>,) kwds={}
2025-01-09 20:26:57,365 LT1-thread root DEBUG client.py                 71    logger_log                : Test function parameters: args=(<autopts.ptsprojects.zephyr.ztestcase.ZTestCase object at 0x000001C083D30510>,), kwds={}
2025-01-09 20:26:57,365 LT1-thread root DEBUG client.py                 71    logger_log                : <class 'autopts.ptsprojects.zephyr.iutctl.ZephyrCtl'>.start
2025-01-09 20:26:57,367 LT1-thread root DEBUG client.py                 71    logger_log                : <class 'autopts.ptsprojects.zephyr.iutctl.ZephyrCtl'>.flush_serial
2025-01-09 20:26:58,695 LT1-thread root DEBUG client.py                 71    logger_log                : Starting socat process: socat.exe -x -v tcp:10.192.253.135:61404,retry=100,interval=1 /dev/ttyS34,raw,b115200
2025-01-09 20:26:58,718 LT1-thread root DEBUG client.py                 71    logger_log                : accept
2025-01-09 20:26:58,887 BTPWorkerThread-1992 (_rx_task) root DEBUG client.py                 71    logger_log                : BTPWorkerThread-1992 (_rx_task) started
2025-01-09 20:26:58,888 LT1-thread root DEBUG client.py                 71    logger_log                : Starting test function: class=<class 'autopts.ptsprojects.testcase.TestFunc'>, func=<bound method ZephyrCtl.hw_reset of <autopts.ptsprojects.zephyr.iutctl.ZephyrCtl object at 0x000001C08303E410>> start_wid=None stop_wid=None post_wid=None skip_call=None call_count=1 args=() kwds={}
2025-01-09 20:26:58,888 LT1-thread root DEBUG client.py                 71    logger_log                : Test function parameters: args=(), kwds={}
2025-01-09 20:26:58,888 LT1-thread root DEBUG client.py                 71    logger_log                : Starting test function: class=<class 'autopts.ptsprojects.testcase.TestFunc'>, func=<bound method ZephyrCtl.wait_iut_ready_event of <autopts.ptsprojects.zephyr.iutctl.ZephyrCtl object at 0x000001C08303E410>> start_wid=None stop_wid=None post_wid=None skip_call=None call_count=1 args=(False,) kwds={}
2025-01-09 20:26:58,888 LT1-thread root DEBUG client.py                 71    logger_log                : Test function parameters: args=(False,), kwds={}
2025-01-09 20:26:58,890 LT1-thread root DEBUG client.py                 71    logger_log                : IUT ready event received OK
2025-01-09 20:26:58,890 LT1-thread root DEBUG client.py                 71    logger_log                : Starting test function: class=<class 'autopts.ptsprojects.testcase.TestFunc'>, func=<function core_reg_svc_gap at 0x000001C0FF3E4540> start_wid=None stop_wid=None post_wid=None skip_call=None call_count=81 args=() kwds={}
2025-01-09 20:26:58,890 LT1-thread root DEBUG client.py                 71    logger_log                : Test function parameters: args=(), kwds={}
2025-01-09 20:26:58,890 LT1-thread root DEBUG client.py                 71    logger_log                : core_reg_svc_gap
2025-01-09 20:26:58,890 LT1-thread root DEBUG client.py                 71    logger_log                : send, 0 3 255 '1'
2025-01-09 20:26:58,891 LT1-thread root DEBUG client.py                 71    logger_log                : sending frame '0003ff010001'
2025-01-09 20:26:58,891 LT1-thread root DEBUG client.py                 71    logger_log                : core_reg_svc_rsp_succ
2025-01-09 20:26:58,891 LT1-thread root DEBUG client.py                 71    logger_log                : read
2025-01-09 20:26:58,981 BTPWorkerThread-1992 (_rx_task) root DEBUG client.py                 71    logger_log                : Read 5 bytes
2025-01-09 20:26:59,000 BTPWorkerThread-1992 (_rx_task) root DEBUG client.py                 71    logger_log                : Received: hdr: Header(svc_id=0x00, op=0x03, ctrl_index=0xff, data_len=0x00) bytearray(b'\x00\x03\xff\x00\x00')
2025-01-09 20:26:59,020 BTPWorkerThread-1992 (_rx_task) root DEBUG client.py                 71    logger_log                : Received data: {''}, bytearray(b'')
2025-01-09 20:26:59,049 LT1-thread root DEBUG client.py                 71    logger_log                : received Header(svc_id=0, op=3, ctrl_index=255, data_len=0) (b'',)
2025-01-09 20:26:59,049 LT1-thread root DEBUG client.py                 71    logger_log                : expected ((0, 3, 255, 0), (b'',))
2025-01-09 20:26:59,049 LT1-thread root DEBUG client.py                 71    logger_log                : response is valid
2025-01-09 20:26:59,050 LT1-thread root DEBUG client.py                 71    logger_log                : Starting test function: class=<class 'autopts.ptsprojects.testcase.TestFunc'>, func=<bound method Stack.gap_init of <autopts.ptsprojects.stack.stack.Stack object at 0x000001C083019550>> start_wid=None stop_wid=None post_wid=None skip_call=None call_count=81 args=(b'Tester_59F2E6', 'ABCD', '1111', '1111', '11', '1111', b'\x17github.com/auto-pts', (8, 'PADV_Tester'), 'FF') kwds={}
2025-01-09 20:26:59,050 LT1-thread root DEBUG client.py                 71    logger_log                : Test function parameters: args=(b'Tester_59F2E6', 'ABCD', '1111', '1111', '11', '1111', b'\x17github.com/auto-pts', (8, 'PADV_Tester'), 'FF'), kwds={}
2025-01-09 20:26:59,050 LT1-thread root DEBUG client.py                 71    logger_log                : Starting test function: class=<class 'autopts.ptsprojects.testcase.TestFunc'>, func=<function gap_read_ctrl_info at 0x000001C0FF3F4400> start_wid=None stop_wid=None post_wid=None skip_call=None call_count=81 args=() kwds={}
2025-01-09 20:26:59,050 LT1-thread root DEBUG client.py                 71    logger_log                : Test function parameters: args=(), kwds={}
2025-01-09 20:26:59,051 LT1-thread root DEBUG client.py                 71    logger_log                : gap_read_ctrl_info
2025-01-09 20:26:59,051 LT1-thread root DEBUG client.py                 71    logger_log                : send, 1 3 0 ''
2025-01-09 20:26:59,051 LT1-thread root DEBUG client.py                 71    logger_log                : sending frame '0103000000'
2025-01-09 20:26:59,052 LT1-thread root DEBUG client.py                 71    logger_log                : read
2025-01-09 20:26:59,954 BTPWorkerThread-1992 (_rx_task) root DEBUG client.py                 71    logger_log                : Read 5 bytes
2025-01-09 20:26:59,973 BTPWorkerThread-1992 (_rx_task) root DEBUG client.py                 71    logger_log                : Received: hdr: Header(svc_id=0x01, op=0x03, ctrl_index=0x00, data_len=0x115) bytearray(b'\x01\x03\x00\x15\x01')
2025-01-09 20:27:00,012 BTPWorkerThread-1992 (_rx_task) root DEBUG client.py                 71    logger_log                : Read 277 bytes data
2025-01-09 20:27:00,032 BTPWorkerThread-1992 (_rx_task) root DEBUG client.py                 71    logger_log                : Received data: {'28 00 03 37 60 00 13 06 02 00 13 02 00 00 00 00 00 62 74 70 5f 74 65 73 74 65 72 00 00 00 00 00 00 00 00 00 00 00 00 00 00 00 00 00 00 00 00 00 00 00 00 00 00 00 00 00 00 00 00 00 00 00 00 00 00 00 00 00 00 00 00 00 00 00 00 00 00 00 00 00 00 00 00 00 00 00 00 00 00 00 00 00 00 00 00 00 00 00 00 00 00 00 00 00 00 00 00 00 00 00 00 00 00 00 00 00 00 00 00 00 00 00 00 00 00 00 00 00 00 00 00 00 00 00 00 00 00 00 00 00 00 00 00 00 00 00 00 00 00 00 00 00 00 00 00 00 00 00 00 00 00 00 00 00 00 00 00 00 00 00 00 00 00 00 00 00 00 00 00 00 00 00 00 00 00 00 00 00 00 00 00 00 00 00 00 00 00 00 00 00 00 00 00 00 00 00 00 00 00 00 00 00 00 00 00 00 00 00 00 00 00 00 00 00 00 00 00 00 00 00 00 00 00 00 00 00 00 00 00 00 00 00 00 00 00 00 00 00 00 00 00 00 00 00 00 00 00 00 00 00 00 00 00 00 00 00 00 00 00 00 00 00 00 00 00 00 00'}, bytearray(b'(\x00\x037`\x00\x13\x06\x02\x00\x13\x02\x00\x00\x00\x00\x00btp_tester\x00\x00\x00\x00\x00\x00\x00\x00\x00\x00\x00\x00\x00\x00\x00\x00\x00\x00\x00\x00\x00\x00\x00\x00\x00\x00\x00\x00\x00\x00\x00\x00\x00\x00\x00\x00\x00\x00\x00\x00\x00\x00\x00\x00\x00\x00\x00\x00\x00\x00\x00\x00\x00\x00\x00\x00\x00\x00\x00\x00\x00\x00\x00\x00\x00\x00\x00\x00\x00\x00\x00\x00\x00\x00\x00\x00\x00\x00\x00\x00\x00\x00\x00\x00\x00\x00\x00\x00\x00\x00\x00\x00\x00\x00\x00\x00\x00\x00\x00\x00\x00\x00\x00\x00\x00\x00\x00\x00\x00\x00\x00\x00\x00\x00\x00\x00\x00\x00\x00\x00\x00\x00\x00\x00\x00\x00\x00\x00\x00\x00\x00\x00\x00\x00\x00\x00\x00\x00\x00\x00\x00\x00\x00\x00\x00\x00\x00\x00\x00\x00\x00\x00\x00\x00\x00\x00\x00\x00\x00\x00\x00\x00\x00\x00\x00\x00\x00\x00\x00\x00\x00\x00\x00\x00\x00\x00\x00\x00\x00\x00\x00\x00\x00\x00\x00\x00\x00\x00\x00\x00\x00\x00\x00\x00\x00\x00\x00\x00\x00\x00\x00\x00\x00\x00\x00\x00\x00\x00\x00\x00\x00\x00\x00\x00\x00\x00\x00\x00\x00\x00\x00\x00\x00\x00\x00\x00\x00\x00\x00\x00\x00\x00\x00\x00\x00\x00\x00\x00\x00\x00\x00\x00\x00\x00\x00\x00\x00\x00\x00\x00')
2025-01-09 20:27:00,051 LT1-thread root DEBUG client.py                 71    logger_log                : received Header(svc_id=1, op=3, ctrl_index=0, data_len=277) (b'(\x00\x037`\x00\x13\x06\x02\x00\x13\x02\x00\x00\x00\x00\x00btp_tester\x00\x00\x00\x00\x00\x00\x00\x00\x00\x00\x00\x00\x00\x00\x00\x00\x00\x00\x00\x00\x00\x00\x00\x00\x00\x00\x00\x00\x00\x00\x00\x00\x00\x00\x00\x00\x00\x00\x00\x00\x00\x00\x00\x00\x00\x00\x00\x00\x00\x00\x00\x00\x00\x00\x00\x00\x00\x00\x00\x00\x00\x00\x00\x00\x00\x00\x00\x00\x00\x00\x00\x00\x00\x00\x00\x00\x00\x00\x00\x00\x00\x00\x00\x00\x00\x00\x00\x00\x00\x00\x00\x00\x00\x00\x00\x00\x00\x00\x00\x00\x00\x00\x00\x00\x00\x00\x00\x00\x00\x00\x00\x00\x00\x00\x00\x00\x00\x00\x00\x00\x00\x00\x00\x00\x00\x00\x00\x00\x00\x00\x00\x00\x00\x00\x00\x00\x00\x00\x00\x00\x00\x00\x00\x00\x00\x00\x00\x00\x00\x00\x00\x00\x00\x00\x00\x00\x00\x00\x00\x00\x00\x00\x00\x00\x00\x00\x00\x00\x00\x00\x00\x00\x00\x00\x00\x00\x00\x00\x00\x00\x00\x00\x00\x00\x00\x00\x00\x00\x00\x00\x00\x00\x00\x00\x00\x00\x00\x00\x00\x00\x00\x00\x00\x00\x00\x00\x00\x00\x00\x00\x00\x00\x00\x00\x00\x00\x00\x00\x00\x00\x00\x00\x00\x00\x00\x00\x00\x00\x00\x00\x00\x00\x00\x00\x00\x00\x00\x00\x00\x00\x00\x00\x00\x00\x00\x00\x00\x00\x00\x00',)
2025-01-09 20:27:00,052 LT1-thread root DEBUG client.py                 71    logger_log                : IUT address '006037030028' 'public'
2025-01-09 20:27:00,052 LT1-thread root DEBUG client.py                 71    logger_log                : __gap_current_settings_update 531
2025-01-09 20:27:00,052 LT1-thread root DEBUG client.py                 71    logger_log                : Starting test function: class=<class 'autopts.ptsprojects.testcase.TestFunc'>, func=<function test_cases.<locals>.<lambda> at 0x000001C083CDC040> start_wid=None stop_wid=None post_wid=None skip_call=None call_count=81 args=() kwds={}
2025-01-09 20:27:00,052 LT1-thread root DEBUG client.py                 71    logger_log                : Test function parameters: args=(), kwds={}
2025-01-09 20:27:00,070 LT1-thread root DEBUG client.py                 71    logger_log                : Starting test function: class=<class 'autopts.ptsprojects.testcase.TestFunc'>, func=<function test_cases.<locals>.<lambda> at 0x000001C083CDC0E0> start_wid=None stop_wid=None post_wid=None skip_call=None call_count=81 args=() kwds={}
2025-01-09 20:27:00,070 LT1-thread root DEBUG client.py                 71    logger_log                : Test function parameters: args=(), kwds={}
2025-01-09 20:27:00,089 LT1-thread root DEBUG client.py                 71    logger_log                : Starting test function: class=<class 'autopts.ptsprojects.testcase.TestFunc'>, func=<function test_cases.<locals>.<lambda> at 0x000001C083CDC180> start_wid=None stop_wid=None post_wid=None skip_call=None call_count=81 args=() kwds={}
2025-01-09 20:27:00,090 LT1-thread root DEBUG client.py                 71    logger_log                : Test function parameters: args=(), kwds={}
2025-01-09 20:27:00,107 LT1-thread root DEBUG client.py                 71    logger_log                : Starting test function: class=<class 'autopts.ptsprojects.testcase.TestFunc'>, func=<function test_cases.<locals>.<lambda> at 0x000001C083CDC220> start_wid=None stop_wid=None post_wid=None skip_call=None call_count=81 args=() kwds={}
2025-01-09 20:27:00,107 LT1-thread root DEBUG client.py                 71    logger_log                : Test function parameters: args=(), kwds={}
2025-01-09 20:27:00,136 LT1-thread root DEBUG client.py                 71    logger_log                : Starting test function: class=<class 'autopts.ptsprojects.testcase.TestFunc'>, func=<function test_cases.<locals>.<lambda> at 0x000001C083CDC2C0> start_wid=None stop_wid=None post_wid=None skip_call=None call_count=81 args=() kwds={}
2025-01-09 20:27:00,136 LT1-thread root DEBUG client.py                 71    logger_log                : Test function parameters: args=(), kwds={}
2025-01-09 20:27:00,152 LT1-thread root DEBUG client.py                 71    logger_log                : Starting test function: class=<class 'autopts.ptsprojects.testcase.TestFunc'>, func=<function test_cases.<locals>.<lambda> at 0x000001C083CDC360> start_wid=None stop_wid=None post_wid=None skip_call=None call_count=81 args=() kwds={}
2025-01-09 20:27:00,152 LT1-thread root DEBUG client.py                 71    logger_log                : Test function parameters: args=(), kwds={}
2025-01-09 20:27:00,169 LT1-thread root DEBUG client.py                 71    logger_log                : Starting test function: class=<class 'autopts.ptsprojects.testcase.TestFunc'>, func=<function test_cases.<locals>.<lambda> at 0x000001C083CDC400> start_wid=None stop_wid=None post_wid=None skip_call=None call_count=81 args=() kwds={}
2025-01-09 20:27:00,169 LT1-thread root DEBUG client.py                 71    logger_log                : Test function parameters: args=(), kwds={}
2025-01-09 20:27:00,185 LT1-thread root DEBUG client.py                 71    logger_log                : Starting test function: class=<class 'autopts.ptsprojects.testcase.TestFunc'>, func=<function test_cases.<locals>.<lambda> at 0x000001C083CDC4A0> start_wid=None stop_wid=None post_wid=None skip_call=None call_count=81 args=() kwds={}
2025-01-09 20:27:00,185 LT1-thread root DEBUG client.py                 71    logger_log                : Test function parameters: args=(), kwds={}
2025-01-09 20:27:00,202 LT1-thread root DEBUG client.py                 71    logger_log                : Starting test function: class=<class 'autopts.ptsprojects.testcase.TestFunc'>, func=<function test_cases.<locals>.<lambda> at 0x000001C083CDC540> start_wid=None stop_wid=None post_wid=None skip_call=None call_count=81 args=() kwds={}
2025-01-09 20:27:00,202 LT1-thread root DEBUG client.py                 71    logger_log                : Test function parameters: args=(), kwds={}
2025-01-09 20:27:00,219 LT1-thread root DEBUG client.py                 71    logger_log                : Starting test function: class=<class 'autopts.ptsprojects.testcase.TestFunc'>, func=<function test_cases.<locals>.<lambda> at 0x000001C083CDC5E0> start_wid=None stop_wid=None post_wid=None skip_call=None call_count=81 args=() kwds={}
2025-01-09 20:27:00,219 LT1-thread root DEBUG client.py                 71    logger_log                : Test function parameters: args=(), kwds={}
2025-01-09 20:27:00,234 LT1-thread root DEBUG client.py                 71    logger_log                : Starting test function: class=<class 'autopts.ptsprojects.testcase.TestFunc'>, func=<function test_cases.<locals>.<lambda> at 0x000001C083CDC680> start_wid=None stop_wid=None post_wid=None skip_call=None call_count=81 args=() kwds={}
2025-01-09 20:27:00,235 LT1-thread root DEBUG client.py                 71    logger_log                : Test function parameters: args=(), kwds={}
2025-01-09 20:27:00,251 LT1-thread root DEBUG client.py                 71    logger_log                : Starting test function: class=<class 'autopts.ptsprojects.testcase.TestFunc'>, func=<function test_cases.<locals>.<lambda> at 0x000001C083CDC720> start_wid=None stop_wid=None post_wid=None skip_call=None call_count=81 args=() kwds={}
2025-01-09 20:27:00,252 LT1-thread root DEBUG client.py                 71    logger_log                : Test function parameters: args=(), kwds={}
2025-01-09 20:27:00,269 LT1-thread root DEBUG client.py                 71    logger_log                : Starting test function: class=<class 'autopts.ptsprojects.testcase.TestFunc'>, func=<function core_reg_svc_gatt at 0x000001C0FF3E4680> start_wid=None stop_wid=None post_wid=None skip_call=None call_count=81 args=() kwds={}
2025-01-09 20:27:00,269 LT1-thread root DEBUG client.py                 71    logger_log                : Test function parameters: args=(), kwds={}
2025-01-09 20:27:00,269 LT1-thread root DEBUG client.py                 71    logger_log                : core_reg_svc_gatt
2025-01-09 20:27:00,270 LT1-thread root DEBUG client.py                 71    logger_log                : send, 0 3 255 '2'
2025-01-09 20:27:00,270 LT1-thread root DEBUG client.py                 71    logger_log                : sending frame '0003ff010002'
2025-01-09 20:27:00,270 LT1-thread root DEBUG client.py                 71    logger_log                : core_reg_svc_rsp_succ
2025-01-09 20:27:00,270 LT1-thread root DEBUG client.py                 71    logger_log                : read
2025-01-09 20:27:00,342 BTPWorkerThread-1992 (_rx_task) root DEBUG client.py                 71    logger_log                : Read 5 bytes
2025-01-09 20:27:00,363 BTPWorkerThread-1992 (_rx_task) root DEBUG client.py                 71    logger_log                : Received: hdr: Header(svc_id=0x00, op=0x03, ctrl_index=0xff, data_len=0x00) bytearray(b'\x00\x03\xff\x00\x00')
2025-01-09 20:27:00,401 BTPWorkerThread-1992 (_rx_task) root DEBUG client.py                 71    logger_log                : Received data: {''}, bytearray(b'')
2025-01-09 20:27:00,430 LT1-thread root DEBUG client.py                 71    logger_log                : received Header(svc_id=0, op=3, ctrl_index=255, data_len=0) (b'',)
2025-01-09 20:27:00,431 LT1-thread root DEBUG client.py                 71    logger_log                : expected ((0, 3, 255, 0), (b'',))
2025-01-09 20:27:00,431 LT1-thread root DEBUG client.py                 71    logger_log                : response is valid
2025-01-09 20:27:00,431 LT1-thread root DEBUG client.py                 71    logger_log                : Starting test function: class=<class 'autopts.ptsprojects.testcase.TestFunc'>, func=<bound method Stack.gatt_init of <autopts.ptsprojects.stack.stack.Stack object at 0x000001C083019550>> start_wid=None stop_wid=None post_wid=None skip_call=None call_count=81 args=() kwds={}
2025-01-09 20:27:00,432 LT1-thread root DEBUG client.py                 71    logger_log                : Test function parameters: args=(), kwds={}
2025-01-09 20:27:00,432 LT1-thread root DEBUG client.py                 71    logger_log                : Starting test function: class=<class 'autopts.ptsprojects.testcase.TestFunc'>, func=<function gap_set_io_cap at 0x000001C0FF3E7920> start_wid=None stop_wid=None post_wid=None skip_call=None call_count=81 args=(4,) kwds={}
2025-01-09 20:27:00,432 LT1-thread root DEBUG client.py                 71    logger_log                : Test function parameters: args=(4,), kwds={}
2025-01-09 20:27:00,433 LT1-thread root DEBUG client.py                 71    logger_log                : gap_set_io_cap 4
2025-01-09 20:27:00,433 LT1-thread root DEBUG client.py                 71    logger_log                : send, 1 16 0 '\x04'
2025-01-09 20:27:00,433 LT1-thread root DEBUG client.py                 71    logger_log                : sending frame '011000010004'
2025-01-09 20:27:00,434 LT1-thread root DEBUG client.py                 71    logger_log                : gap_command_rsp_succ
2025-01-09 20:27:00,434 LT1-thread root DEBUG client.py                 71    logger_log                : read
2025-01-09 20:27:00,498 BTPWorkerThread-1992 (_rx_task) root DEBUG client.py                 71    logger_log                : Read 5 bytes
2025-01-09 20:27:00,518 BTPWorkerThread-1992 (_rx_task) root DEBUG client.py                 71    logger_log                : Received: hdr: Header(svc_id=0x01, op=0x10, ctrl_index=0x00, data_len=0x00) bytearray(b'\x01\x10\x00\x00\x00')
2025-01-09 20:27:00,537 BTPWorkerThread-1992 (_rx_task) root DEBUG client.py                 71    logger_log                : Received data: {''}, bytearray(b'')
2025-01-09 20:27:00,547 LT1-thread root DEBUG client.py                 71    logger_log                : received Header(svc_id=1, op=16, ctrl_index=0, data_len=0) (b'',)
2025-01-09 20:27:00,548 LT1-thread root DEBUG client.py                 71    logger_log                : Starting test function: class=<class 'autopts.ptsprojects.testcase.TestFunc'>, func=<function set_pts_addr at 0x000001C0FF3E40E0> start_wid=None stop_wid=None post_wid=None skip_call=None call_count=81 args=('C0:07:E8:59:F2:E6', 0) kwds={}
2025-01-09 20:27:00,548 LT1-thread root DEBUG client.py                 71    logger_log                : Test function parameters: args=('C0:07:E8:59:F2:E6', 0), kwds={}
2025-01-09 20:27:00,548 LT1-thread root DEBUG client.py                 71    logger_log                : Starting test function: class=<class 'autopts.ptsprojects.testcase.TestFunc'>, func=<function gatts_add_svc at 0x000001C0FF3F5DA0> start_wid=None stop_wid=None post_wid=None skip_call=None call_count=81 args=(0, 'AA51') kwds={}
2025-01-09 20:27:00,548 LT1-thread root DEBUG client.py                 71    logger_log                : Test function parameters: args=(0, 'AA51'), kwds={}
2025-01-09 20:27:00,549 LT1-thread root DEBUG client.py                 71    logger_log                : gatts_add_svc 0 'AA51'
2025-01-09 20:27:00,549 LT1-thread root DEBUG client.py                 71    logger_log                : send, 2 2 0 "bytearray(b'\\x00\\x02\\xaaQ')"
2025-01-09 20:27:00,549 LT1-thread root DEBUG client.py                 71    logger_log                : sending frame '02020004000002aa51'
2025-01-09 20:27:00,550 LT1-thread root DEBUG client.py                 71    logger_log                : gatt_command_rsp_succ
2025-01-09 20:27:00,550 LT1-thread root DEBUG client.py                 71    logger_log                : read
2025-01-09 20:27:00,606 BTPWorkerThread-1992 (_rx_task) root DEBUG client.py                 71    logger_log                : Read 5 bytes
2025-01-09 20:27:00,625 BTPWorkerThread-1992 (_rx_task) root DEBUG client.py                 71    logger_log                : Received: hdr: Header(svc_id=0x02, op=0x02, ctrl_index=0x00, data_len=0x02) bytearray(b'\x02\x02\x00\x02\x00')
2025-01-09 20:27:00,665 BTPWorkerThread-1992 (_rx_task) root DEBUG client.py                 71    logger_log                : Read 2 bytes data
2025-01-09 20:27:00,684 BTPWorkerThread-1992 (_rx_task) root DEBUG client.py                 71    logger_log                : Received data: {'00 00'}, bytearray(b'\x00\x00')
2025-01-09 20:27:00,713 LT1-thread root DEBUG client.py                 71    logger_log                : received Header(svc_id=2, op=2, ctrl_index=0, data_len=2) (b'\x00\x00',)
2025-01-09 20:27:00,713 LT1-thread root DEBUG client.py                 71    logger_log                : Starting test function: class=<class 'autopts.ptsprojects.testcase.TestFunc'>, func=<function gatts_add_char at 0x000001C0FF3F5EE0> start_wid=None stop_wid=None post_wid=None skip_call=None call_count=81 args=(0, 2, 17, 'AA52') kwds={}
2025-01-09 20:27:00,713 LT1-thread root DEBUG client.py                 71    logger_log                : Test function parameters: args=(0, 2, 17, 'AA52'), kwds={}
2025-01-09 20:27:00,713 LT1-thread root DEBUG client.py                 71    logger_log                : gatts_add_char 0 2 17 'AA52'
2025-01-09 20:27:00,713 LT1-thread root DEBUG client.py                 71    logger_log                : send, 2 3 0 "bytearray(b'\\x00\\x00\\x02\\x11\\x02\\xaaR')"
2025-01-09 20:27:00,714 LT1-thread root DEBUG client.py                 71    logger_log                : sending frame '02030007000000021102aa52'
2025-01-09 20:27:00,714 LT1-thread root DEBUG client.py                 71    logger_log                : gatt_command_rsp_succ
2025-01-09 20:27:00,714 LT1-thread root DEBUG client.py                 71    logger_log                : read
2025-01-09 20:27:00,790 BTPWorkerThread-1992 (_rx_task) root DEBUG client.py                 71    logger_log                : Read 5 bytes
2025-01-09 20:27:00,810 BTPWorkerThread-1992 (_rx_task) root DEBUG client.py                 71    logger_log                : Received: hdr: Header(svc_id=0x02, op=0x03, ctrl_index=0x00, data_len=0x02) bytearray(b'\x02\x03\x00\x02\x00')
2025-01-09 20:27:00,848 BTPWorkerThread-1992 (_rx_task) root DEBUG client.py                 71    logger_log                : Read 2 bytes data
2025-01-09 20:27:00,868 BTPWorkerThread-1992 (_rx_task) root DEBUG client.py                 71    logger_log                : Received data: {'00 00'}, bytearray(b'\x00\x00')
2025-01-09 20:27:00,897 LT1-thread root DEBUG client.py                 71    logger_log                : received Header(svc_id=2, op=3, ctrl_index=0, data_len=2) (b'\x00\x00',)
2025-01-09 20:27:00,897 LT1-thread root DEBUG client.py                 71    logger_log                : Starting test function: class=<class 'autopts.ptsprojects.testcase.TestFunc'>, func=<function gatts_set_val at 0x000001C0FF3F5F80> start_wid=None stop_wid=None post_wid=None skip_call=None call_count=81 args=(0, '01') kwds={}
2025-01-09 20:27:00,898 LT1-thread root DEBUG client.py                 71    logger_log                : Test function parameters: args=(0, '01'), kwds={}
2025-01-09 20:27:00,898 LT1-thread root DEBUG client.py                 71    logger_log                : gatts_set_val 0 '01' 
2025-01-09 20:27:00,899 LT1-thread root DEBUG client.py                 71    logger_log                : send, 2 6 0 "bytearray(b'\\x00\\x00\\x01\\x00\\x01')"
2025-01-09 20:27:00,899 LT1-thread root DEBUG client.py                 71    logger_log                : sending frame '02060005000000010001'
2025-01-09 20:27:00,899 LT1-thread root DEBUG client.py                 71    logger_log                : gatt_command_rsp_succ
2025-01-09 20:27:00,899 LT1-thread root DEBUG client.py                 71    logger_log                : read
2025-01-09 20:27:00,965 BTPWorkerThread-1992 (_rx_task) root DEBUG client.py                 71    logger_log                : Read 5 bytes
2025-01-09 20:27:00,985 BTPWorkerThread-1992 (_rx_task) root DEBUG client.py                 71    logger_log                : Received: hdr: Header(svc_id=0x02, op=0x06, ctrl_index=0x00, data_len=0x00) bytearray(b'\x02\x06\x00\x00\x00')
2025-01-09 20:27:01,004 BTPWorkerThread-1992 (_rx_task) root DEBUG client.py                 71    logger_log                : Received data: {''}, bytearray(b'')
2025-01-09 20:27:01,033 LT1-thread root DEBUG client.py                 71    logger_log                : received Header(svc_id=2, op=6, ctrl_index=0, data_len=0) (b'',)
2025-01-09 20:27:01,033 LT1-thread root DEBUG client.py                 71    logger_log                : Starting test function: class=<class 'autopts.ptsprojects.testcase.TestFunc'>, func=<function gatts_add_char at 0x000001C0FF3F5EE0> start_wid=None stop_wid=None post_wid=None skip_call=None call_count=81 args=(0, 2, 5, 'AA53') kwds={}
2025-01-09 20:27:01,034 LT1-thread root DEBUG client.py                 71    logger_log                : Test function parameters: args=(0, 2, 5, 'AA53'), kwds={}
2025-01-09 20:27:01,034 LT1-thread root DEBUG client.py                 71    logger_log                : gatts_add_char 0 2 5 'AA53'
2025-01-09 20:27:01,034 LT1-thread root DEBUG client.py                 71    logger_log                : send, 2 3 0 "bytearray(b'\\x00\\x00\\x02\\x05\\x02\\xaaS')"
2025-01-09 20:27:01,034 LT1-thread root DEBUG client.py                 71    logger_log                : sending frame '02030007000000020502aa53'
2025-01-09 20:27:01,035 LT1-thread root DEBUG client.py                 71    logger_log                : gatt_command_rsp_succ
2025-01-09 20:27:01,035 LT1-thread root DEBUG client.py                 71    logger_log                : read
2025-01-09 20:27:01,092 BTPWorkerThread-1992 (_rx_task) root DEBUG client.py                 71    logger_log                : Read 5 bytes
2025-01-09 20:27:01,111 BTPWorkerThread-1992 (_rx_task) root DEBUG client.py                 71    logger_log                : Received: hdr: Header(svc_id=0x02, op=0x03, ctrl_index=0x00, data_len=0x02) bytearray(b'\x02\x03\x00\x02\x00')
2025-01-09 20:27:01,151 BTPWorkerThread-1992 (_rx_task) root DEBUG client.py                 71    logger_log                : Read 2 bytes data
2025-01-09 20:27:01,170 BTPWorkerThread-1992 (_rx_task) root DEBUG client.py                 71    logger_log                : Received data: {'00 00'}, bytearray(b'\x00\x00')
2025-01-09 20:27:01,190 LT1-thread root DEBUG client.py                 71    logger_log                : received Header(svc_id=2, op=3, ctrl_index=0, data_len=2) (b'\x00\x00',)
2025-01-09 20:27:01,190 LT1-thread root DEBUG client.py                 71    logger_log                : Starting test function: class=<class 'autopts.ptsprojects.testcase.TestFunc'>, func=<function gatts_set_val at 0x000001C0FF3F5F80> start_wid=None stop_wid=None post_wid=None skip_call=None call_count=81 args=(0, '02') kwds={}
2025-01-09 20:27:01,191 LT1-thread root DEBUG client.py                 71    logger_log                : Test function parameters: args=(0, '02'), kwds={}
2025-01-09 20:27:01,191 LT1-thread root DEBUG client.py                 71    logger_log                : gatts_set_val 0 '02' 
2025-01-09 20:27:01,191 LT1-thread root DEBUG client.py                 71    logger_log                : send, 2 6 0 "bytearray(b'\\x00\\x00\\x01\\x00\\x02')"
2025-01-09 20:27:01,191 LT1-thread root DEBUG client.py                 71    logger_log                : sending frame '02060005000000010002'
2025-01-09 20:27:01,192 LT1-thread root DEBUG client.py                 71    logger_log                : gatt_command_rsp_succ
2025-01-09 20:27:01,192 LT1-thread root DEBUG client.py                 71    logger_log                : read
2025-01-09 20:27:01,258 BTPWorkerThread-1992 (_rx_task) root DEBUG client.py                 71    logger_log                : Read 5 bytes
2025-01-09 20:27:01,277 BTPWorkerThread-1992 (_rx_task) root DEBUG client.py                 71    logger_log                : Received: hdr: Header(svc_id=0x02, op=0x06, ctrl_index=0x00, data_len=0x00) bytearray(b'\x02\x06\x00\x00\x00')
2025-01-09 20:27:01,297 BTPWorkerThread-1992 (_rx_task) root DEBUG client.py                 71    logger_log                : Received data: {''}, bytearray(b'')
2025-01-09 20:27:01,316 LT1-thread root DEBUG client.py                 71    logger_log                : received Header(svc_id=2, op=6, ctrl_index=0, data_len=0) (b'',)
2025-01-09 20:27:01,317 LT1-thread root DEBUG client.py                 71    logger_log                : Starting test function: class=<class 'autopts.ptsprojects.testcase.TestFunc'>, func=<function gatts_add_char at 0x000001C0FF3F5EE0> start_wid=None stop_wid=None post_wid=None skip_call=None call_count=81 args=(0, 66, 3, 'AA54') kwds={}
2025-01-09 20:27:01,317 LT1-thread root DEBUG client.py                 71    logger_log                : Test function parameters: args=(0, 66, 3, 'AA54'), kwds={}
2025-01-09 20:27:01,317 LT1-thread root DEBUG client.py                 71    logger_log                : gatts_add_char 0 66 3 'AA54'
2025-01-09 20:27:01,318 LT1-thread root DEBUG client.py                 71    logger_log                : send, 2 3 0 "bytearray(b'\\x00\\x00B\\x03\\x02\\xaaT')"
2025-01-09 20:27:01,318 LT1-thread root DEBUG client.py                 71    logger_log                : sending frame '02030007000000420302aa54'
2025-01-09 20:27:01,318 LT1-thread root DEBUG client.py                 71    logger_log                : gatt_command_rsp_succ
2025-01-09 20:27:01,318 LT1-thread root DEBUG client.py                 71    logger_log                : read
2025-01-09 20:27:01,394 BTPWorkerThread-1992 (_rx_task) root DEBUG client.py                 71    logger_log                : Read 5 bytes
2025-01-09 20:27:01,414 BTPWorkerThread-1992 (_rx_task) root DEBUG client.py                 71    logger_log                : Received: hdr: Header(svc_id=0x02, op=0x03, ctrl_index=0x00, data_len=0x02) bytearray(b'\x02\x03\x00\x02\x00')
2025-01-09 20:27:01,452 BTPWorkerThread-1992 (_rx_task) root DEBUG client.py                 71    logger_log                : Read 2 bytes data
2025-01-09 20:27:01,472 BTPWorkerThread-1992 (_rx_task) root DEBUG client.py                 71    logger_log                : Received data: {'00 00'}, bytearray(b'\x00\x00')
2025-01-09 20:27:01,501 LT1-thread root DEBUG client.py                 71    logger_log                : received Header(svc_id=2, op=3, ctrl_index=0, data_len=2) (b'\x00\x00',)
2025-01-09 20:27:01,501 LT1-thread root DEBUG client.py                 71    logger_log                : Starting test function: class=<class 'autopts.ptsprojects.testcase.TestFunc'>, func=<function gatts_set_val at 0x000001C0FF3F5F80> start_wid=None stop_wid=None post_wid=None skip_call=None call_count=81 args=(0, '03') kwds={}
2025-01-09 20:27:01,502 LT1-thread root DEBUG client.py                 71    logger_log                : Test function parameters: args=(0, '03'), kwds={}
2025-01-09 20:27:01,502 LT1-thread root DEBUG client.py                 71    logger_log                : gatts_set_val 0 '03' 
2025-01-09 20:27:01,502 LT1-thread root DEBUG client.py                 71    logger_log                : send, 2 6 0 "bytearray(b'\\x00\\x00\\x01\\x00\\x03')"
2025-01-09 20:27:01,502 LT1-thread root DEBUG client.py                 71    logger_log                : sending frame '02060005000000010003'
2025-01-09 20:27:01,503 LT1-thread root DEBUG client.py                 71    logger_log                : gatt_command_rsp_succ
2025-01-09 20:27:01,503 LT1-thread root DEBUG client.py                 71    logger_log                : read
2025-01-09 20:27:01,579 BTPWorkerThread-1992 (_rx_task) root DEBUG client.py                 71    logger_log                : Read 5 bytes
2025-01-09 20:27:01,599 BTPWorkerThread-1992 (_rx_task) root DEBUG client.py                 71    logger_log                : Received: hdr: Header(svc_id=0x02, op=0x06, ctrl_index=0x00, data_len=0x00) bytearray(b'\x02\x06\x00\x00\x00')
2025-01-09 20:27:01,618 BTPWorkerThread-1992 (_rx_task) root DEBUG client.py                 71    logger_log                : Received data: {''}, bytearray(b'')
2025-01-09 20:27:01,647 LT1-thread root DEBUG client.py                 71    logger_log                : received Header(svc_id=2, op=6, ctrl_index=0, data_len=0) (b'',)
2025-01-09 20:27:01,647 LT1-thread root DEBUG client.py                 71    logger_log                : Starting test function: class=<class 'autopts.ptsprojects.testcase.TestFunc'>, func=<function gatts_add_char at 0x000001C0FF3F5EE0> start_wid=None stop_wid=None post_wid=None skip_call=None call_count=81 args=(0, 10, 48, 'AA55') kwds={}
2025-01-09 20:27:01,648 LT1-thread root DEBUG client.py                 71    logger_log                : Test function parameters: args=(0, 10, 48, 'AA55'), kwds={}
2025-01-09 20:27:01,648 LT1-thread root DEBUG client.py                 71    logger_log                : gatts_add_char 0 10 48 'AA55'
2025-01-09 20:27:01,648 LT1-thread root DEBUG client.py                 71    logger_log                : send, 2 3 0 "bytearray(b'\\x00\\x00\\n0\\x02\\xaaU')"
2025-01-09 20:27:01,648 LT1-thread root DEBUG client.py                 71    logger_log                : sending frame '020300070000000a3002aa55'
2025-01-09 20:27:01,648 LT1-thread root DEBUG client.py                 71    logger_log                : gatt_command_rsp_succ
2025-01-09 20:27:01,648 LT1-thread root DEBUG client.py                 71    logger_log                : read
2025-01-09 20:27:01,714 BTPWorkerThread-1992 (_rx_task) root DEBUG client.py                 71    logger_log                : Read 5 bytes
2025-01-09 20:27:01,734 BTPWorkerThread-1992 (_rx_task) root DEBUG client.py                 71    logger_log                : Received: hdr: Header(svc_id=0x02, op=0x03, ctrl_index=0x00, data_len=0x02) bytearray(b'\x02\x03\x00\x02\x00')
2025-01-09 20:27:01,772 BTPWorkerThread-1992 (_rx_task) root DEBUG client.py                 71    logger_log                : Read 2 bytes data
2025-01-09 20:27:01,792 BTPWorkerThread-1992 (_rx_task) root DEBUG client.py                 71    logger_log                : Received data: {'00 00'}, bytearray(b'\x00\x00')
2025-01-09 20:27:01,821 LT1-thread root DEBUG client.py                 71    logger_log                : received Header(svc_id=2, op=3, ctrl_index=0, data_len=2) (b'\x00\x00',)
2025-01-09 20:27:01,821 LT1-thread root DEBUG client.py                 71    logger_log                : Starting test function: class=<class 'autopts.ptsprojects.testcase.TestFunc'>, func=<function gatts_set_val at 0x000001C0FF3F5F80> start_wid=None stop_wid=None post_wid=None skip_call=None call_count=81 args=(0, '04') kwds={}
2025-01-09 20:27:01,822 LT1-thread root DEBUG client.py                 71    logger_log                : Test function parameters: args=(0, '04'), kwds={}
2025-01-09 20:27:01,822 LT1-thread root DEBUG client.py                 71    logger_log                : gatts_set_val 0 '04' 
2025-01-09 20:27:01,822 LT1-thread root DEBUG client.py                 71    logger_log                : send, 2 6 0 "bytearray(b'\\x00\\x00\\x01\\x00\\x04')"
2025-01-09 20:27:01,822 LT1-thread root DEBUG client.py                 71    logger_log                : sending frame '02060005000000010004'
2025-01-09 20:27:01,822 LT1-thread root DEBUG client.py                 71    logger_log                : gatt_command_rsp_succ
2025-01-09 20:27:01,823 LT1-thread root DEBUG client.py                 71    logger_log                : read
2025-01-09 20:27:01,889 BTPWorkerThread-1992 (_rx_task) root DEBUG client.py                 71    logger_log                : Read 5 bytes
2025-01-09 20:27:01,908 BTPWorkerThread-1992 (_rx_task) root DEBUG client.py                 71    logger_log                : Received: hdr: Header(svc_id=0x02, op=0x06, ctrl_index=0x00, data_len=0x00) bytearray(b'\x02\x06\x00\x00\x00')
2025-01-09 20:27:01,927 BTPWorkerThread-1992 (_rx_task) root DEBUG client.py                 71    logger_log                : Received data: {''}, bytearray(b'')
2025-01-09 20:27:01,956 LT1-thread root DEBUG client.py                 71    logger_log                : received Header(svc_id=2, op=6, ctrl_index=0, data_len=0) (b'',)
2025-01-09 20:27:01,957 LT1-thread root DEBUG client.py                 71    logger_log                : Starting test function: class=<class 'autopts.ptsprojects.testcase.TestFunc'>, func=<function gatts_start_server at 0x000001C0FF3F6200> start_wid=None stop_wid=None post_wid=None skip_call=None call_count=81 args=() kwds={}
2025-01-09 20:27:01,957 LT1-thread root DEBUG client.py                 71    logger_log                : Test function parameters: args=(), kwds={}
2025-01-09 20:27:01,957 LT1-thread root DEBUG client.py                 71    logger_log                : gatts_start_server
2025-01-09 20:27:01,957 LT1-thread root DEBUG client.py                 71    logger_log                : send, 2 7 0 ''
2025-01-09 20:27:01,957 LT1-thread root DEBUG client.py                 71    logger_log                : sending frame '0207000000'
2025-01-09 20:27:01,957 LT1-thread root DEBUG client.py                 71    logger_log                : gatt_command_rsp_succ
2025-01-09 20:27:01,958 LT1-thread root DEBUG client.py                 71    logger_log                : read
2025-01-09 20:27:02,024 BTPWorkerThread-1992 (_rx_task) root DEBUG client.py                 71    logger_log                : Read 5 bytes
2025-01-09 20:27:02,044 BTPWorkerThread-1992 (_rx_task) root DEBUG client.py                 71    logger_log                : Received: hdr: Header(svc_id=0x02, op=0x07, ctrl_index=0x00, data_len=0x03) bytearray(b'\x02\x07\x00\x03\x00')
2025-01-09 20:27:02,082 BTPWorkerThread-1992 (_rx_task) root DEBUG client.py                 71    logger_log                : Read 3 bytes data
2025-01-09 20:27:02,102 BTPWorkerThread-1992 (_rx_task) root DEBUG client.py                 71    logger_log                : Received data: {'00 00 00'}, bytearray(b'\x00\x00\x00')
2025-01-09 20:27:02,131 LT1-thread root DEBUG client.py                 71    logger_log                : received Header(svc_id=2, op=7, ctrl_index=0, data_len=3) (b'\x00\x00\x00',)
2025-01-09 20:27:02,135 LT1-thread root DEBUG client.py                 71    logger_log                : ClientCallback.get_result run_test_case
2025-01-09 20:27:05,187 LT1-callback ClientCallback.on_implicit_send INFO client.py                 71    logger_log                : 
    ********************
    BEGIN OnImplicitSend:
    project_name: GAP
    wid: 91
    test_case_name: GAP/SEC/CSIGN/BV-01-C
    description: Please send a connectable undirected advertising report.
    style: MMI_Style_Ok_Cancel2 0x11141
2025-01-09 20:27:05,187 LT1-callback ClientCallback.on_implicit_send INFO client.py                 71    logger_log                : Calling test cases on_implicit_send
2025-01-09 20:27:05,188 LT1-callback ClientCallback.on_implicit_send INFO client.py                 71    logger_log                : 
    on_implicit_send returned response: WAIT
    END OnImplicitSend
    ********************
2025-01-09 20:27:06,146 LT1-thread root DEBUG client.py                 71    logger_log                : GAP GAP/SEC/CSIGN/BV-01-C on_implicit_send
2025-01-09 20:27:06,147 LT1-thread root DEBUG client.py                 71    logger_log                : gap_wid_hdl, 91, Please send a connectable undirected advertising report., GAP/SEC/CSIGN/BV-01-C
2025-01-09 20:27:06,147 LT1-thread root DEBUG client.py                 71    logger_log                : gap_set_conn
2025-01-09 20:27:06,147 LT1-thread root DEBUG client.py                 71    logger_log                : gap_adv_ind_on {9: b'Tester_59F2E6'} None
2025-01-09 20:27:06,147 LT1-thread root DEBUG client.py                 71    logger_log                : send, 1 10 0 "bytearray(b'\\x0f\\x00\\t\\rTester_59F2E6\\xff\\xff\\xff\\xff\\x00')"
2025-01-09 20:27:06,147 LT1-thread root DEBUG client.py                 71    logger_log                : sending frame '010a0016000f00090d5465737465725f353946324536ffffffff00'
2025-01-09 20:27:06,148 LT1-thread root DEBUG client.py                 71    logger_log                : gap_command_rsp_succ
2025-01-09 20:27:06,148 LT1-thread root DEBUG client.py                 71    logger_log                : read
2025-01-09 20:27:06,224 BTPWorkerThread-1992 (_rx_task) root DEBUG client.py                 71    logger_log                : Read 5 bytes
2025-01-09 20:27:06,243 BTPWorkerThread-1992 (_rx_task) root DEBUG client.py                 71    logger_log                : Received: hdr: Header(svc_id=0x01, op=0x0a, ctrl_index=0x00, data_len=0x04) bytearray(b'\x01\n\x00\x04\x00')
2025-01-09 20:27:06,282 BTPWorkerThread-1992 (_rx_task) root DEBUG client.py                 71    logger_log                : Read 4 bytes data
2025-01-09 20:27:06,302 BTPWorkerThread-1992 (_rx_task) root DEBUG client.py                 71    logger_log                : Received data: {'13 06 00 00'}, bytearray(b'\x13\x06\x00\x00')
2025-01-09 20:27:06,331 LT1-thread root DEBUG client.py                 71    logger_log                : received Header(svc_id=1, op=10, ctrl_index=0, data_len=4) (b'\x13\x06\x00\x00',)
2025-01-09 20:27:06,331 LT1-thread root DEBUG client.py                 71    logger_log                : __gap_current_settings_update (b'\x13\x06\x00\x00',)
2025-01-09 20:27:06,332 LT1-thread root DEBUG client.py                 71    logger_log                : Sending response 'OK' to wid 91 test case GAP/SEC/CSIGN/BV-01-C
2025-01-09 20:27:06,336 LT1-thread root DEBUG client.py                 71    logger_log                : ClientCallback.get_result run_test_case
2025-01-09 20:27:07,210 BTPWorkerThread-1992 (_rx_task) root DEBUG client.py                 71    logger_log                : Read 5 bytes
2025-01-09 20:27:07,211 BTPWorkerThread-1992 (_rx_task) root DEBUG client.py                 71    logger_log                : Received: hdr: Header(svc_id=0x01, op=0x82, ctrl_index=0x00, data_len=0x0d) bytearray(b'\x01\x82\x00\r\x00')
2025-01-09 20:27:07,211 BTPWorkerThread-1992 (_rx_task) root DEBUG client.py                 71    logger_log                : Read 13 bytes data
2025-01-09 20:27:07,212 BTPWorkerThread-1992 (_rx_task) root DEBUG client.py                 71    logger_log                : Received data: {'00 e6 f2 59 e8 07 c0 38 00 00 00 d0 07'}, bytearray(b'\x00\xe6\xf2Y\xe8\x07\xc08\x00\x00\x00\xd0\x07')
2025-01-09 20:27:07,212 BTPWorkerThread-1992 (_rx_task) root DEBUG client.py                 71    logger_log                : event_handler Header(svc_id=1, op=130, ctrl_index=0, data_len=13) (b'\x00\xe6\xf2Y\xe8\x07\xc08\x00\x00\x00\xd0\x07',)
2025-01-09 20:27:07,212 BTPWorkerThread-1992 (_rx_task) root DEBUG client.py                 71    logger_log                : gap_connected_ev_ b'\x00\xe6\xf2Y\xe8\x07\xc08\x00\x00\x00\xd0\x07'
2025-01-09 20:27:07,212 BTPWorkerThread-1992 (_rx_task) root DEBUG client.py                 71    logger_log                : Read 5 bytes
2025-01-09 20:27:07,212 BTPWorkerThread-1992 (_rx_task) root DEBUG client.py                 71    logger_log                : Received: hdr: Header(svc_id=0x01, op=0x80, ctrl_index=0x00, data_len=0x04) bytearray(b'\x01\x80\x00\x04\x00')
2025-01-09 20:27:07,212 BTPWorkerThread-1992 (_rx_task) root DEBUG client.py                 71    logger_log                : Read 4 bytes data
2025-01-09 20:27:07,213 BTPWorkerThread-1992 (_rx_task) root DEBUG client.py                 71    logger_log                : Received data: {'13 02 00 00'}, bytearray(b'\x13\x02\x00\x00')
2025-01-09 20:27:07,213 BTPWorkerThread-1992 (_rx_task) root DEBUG client.py                 71    logger_log                : event_handler Header(svc_id=1, op=128, ctrl_index=0, data_len=4) (b'\x13\x02\x00\x00',)
2025-01-09 20:27:07,213 BTPWorkerThread-1992 (_rx_task) root DEBUG client.py                 71    logger_log                : gap_new_settings_ev_ b'\x13\x02\x00\x00'
2025-01-09 20:27:07,214 BTPWorkerThread-1992 (_rx_task) root DEBUG client.py                 71    logger_log                : __gap_current_settings_update 531
2025-01-09 20:27:08,434 BTPWorkerThread-1992 (_rx_task) root DEBUG client.py                 71    logger_log                : Read 5 bytes
2025-01-09 20:27:08,435 BTPWorkerThread-1992 (_rx_task) root DEBUG client.py                 71    logger_log                : Received: hdr: Header(svc_id=0x01, op=0x89, ctrl_index=0x00, data_len=0x08) bytearray(b'\x01\x89\x00\x08\x00')
2025-01-09 20:27:08,435 BTPWorkerThread-1992 (_rx_task) root DEBUG client.py                 71    logger_log                : Read 8 bytes data
2025-01-09 20:27:08,435 BTPWorkerThread-1992 (_rx_task) root DEBUG client.py                 71    logger_log                : Received data: {'00 e6 f2 59 e8 07 c0 02'}, bytearray(b'\x00\xe6\xf2Y\xe8\x07\xc0\x02')
2025-01-09 20:27:08,435 BTPWorkerThread-1992 (_rx_task) root DEBUG client.py                 71    logger_log                : event_handler Header(svc_id=1, op=137, ctrl_index=0, data_len=8) (b'\x00\xe6\xf2Y\xe8\x07\xc0\x02',)
2025-01-09 20:27:08,435 BTPWorkerThread-1992 (_rx_task) root DEBUG client.py                 71    logger_log                : gap_sec_level_changed_ev_
2025-01-09 20:27:08,435 BTPWorkerThread-1992 (_rx_task) root DEBUG client.py                 71    logger_log                : received b'\x00\xe6\xf2Y\xe8\x07\xc0\x02'
2025-01-09 20:27:08,435 BTPWorkerThread-1992 (_rx_task) root DEBUG client.py                 71    logger_log                : received (0, 'c007e859f2e6', 2)
2025-01-09 20:27:08,555 LT1-callback ClientCallback.on_implicit_send INFO client.py                 71    logger_log                : 
    ********************
    BEGIN OnImplicitSend:
    project_name: GAP
    wid: 118
    test_case_name: GAP/SEC/CSIGN/BV-01-C
    description: Please press ok to disconnect the link.
    style: MMI_Style_Ok_Cancel1 0x11041
2025-01-09 20:27:08,556 LT1-callback ClientCallback.on_implicit_send INFO client.py                 71    logger_log                : Calling test cases on_implicit_send
2025-01-09 20:27:08,556 LT1-callback ClientCallback.on_implicit_send INFO client.py                 71    logger_log                : 
    on_implicit_send returned response: WAIT
    END OnImplicitSend
    ********************
2025-01-09 20:27:09,359 LT1-thread root DEBUG client.py                 71    logger_log                : GAP GAP/SEC/CSIGN/BV-01-C on_implicit_send
2025-01-09 20:27:09,360 LT1-thread root DEBUG client.py                 71    logger_log                : gap_wid_hdl, 118, Please press ok to disconnect the link., GAP/SEC/CSIGN/BV-01-C
2025-01-09 20:27:09,360 LT1-thread root DEBUG client.py                 71    logger_log                : Sending response 'OK' to wid 118 test case GAP/SEC/CSIGN/BV-01-C
2025-01-09 20:27:09,363 LT1-thread root DEBUG client.py                 71    logger_log                : ClientCallback.get_result run_test_case
2025-01-09 20:27:09,594 BTPWorkerThread-1992 (_rx_task) root DEBUG client.py                 71    logger_log                : Read 5 bytes
2025-01-09 20:27:09,595 BTPWorkerThread-1992 (_rx_task) root DEBUG client.py                 71    logger_log                : Received: hdr: Header(svc_id=0x01, op=0x83, ctrl_index=0x00, data_len=0x07) bytearray(b'\x01\x83\x00\x07\x00')
2025-01-09 20:27:09,595 BTPWorkerThread-1992 (_rx_task) root DEBUG client.py                 71    logger_log                : Read 7 bytes data
2025-01-09 20:27:09,595 BTPWorkerThread-1992 (_rx_task) root DEBUG client.py                 71    logger_log                : Received data: {'00 e6 f2 59 e8 07 c0'}, bytearray(b'\x00\xe6\xf2Y\xe8\x07\xc0')
2025-01-09 20:27:09,595 BTPWorkerThread-1992 (_rx_task) root DEBUG client.py                 71    logger_log                : event_handler Header(svc_id=1, op=131, ctrl_index=0, data_len=7) (b'\x00\xe6\xf2Y\xe8\x07\xc0',)
2025-01-09 20:27:09,595 BTPWorkerThread-1992 (_rx_task) root DEBUG client.py                 71    logger_log                : gap_disconnected_ev_ b'\x00\xe6\xf2Y\xe8\x07\xc0'
2025-01-09 20:27:09,801 LT1-callback ClientCallback.on_implicit_send INFO client.py                 71    logger_log                : 
    ********************
    BEGIN OnImplicitSend:
    project_name: GAP
    wid: 91
    test_case_name: GAP/SEC/CSIGN/BV-01-C
    description: Please send a connectable undirected advertising report.
    style: MMI_Style_Ok_Cancel2 0x11141
2025-01-09 20:27:09,802 LT1-callback ClientCallback.on_implicit_send INFO client.py                 71    logger_log                : Calling test cases on_implicit_send
2025-01-09 20:27:09,802 LT1-callback ClientCallback.on_implicit_send INFO client.py                 71    logger_log                : 
    on_implicit_send returned response: WAIT
    END OnImplicitSend
    ********************
2025-01-09 20:27:10,369 LT1-thread root DEBUG client.py                 71    logger_log                : GAP GAP/SEC/CSIGN/BV-01-C on_implicit_send
2025-01-09 20:27:10,370 LT1-thread root DEBUG client.py                 71    logger_log                : gap_wid_hdl, 91, Please send a connectable undirected advertising report., GAP/SEC/CSIGN/BV-01-C
2025-01-09 20:27:10,370 LT1-thread root DEBUG client.py                 71    logger_log                : gap_set_conn
2025-01-09 20:27:10,370 LT1-thread root DEBUG client.py                 71    logger_log                : gap_adv_ind_on {9: b'Tester_59F2E6'} None
2025-01-09 20:27:10,370 LT1-thread root DEBUG client.py                 71    logger_log                : send, 1 10 0 "bytearray(b'\\x0f\\x00\\t\\rTester_59F2E6\\xff\\xff\\xff\\xff\\x00')"
2025-01-09 20:27:10,370 LT1-thread root DEBUG client.py                 71    logger_log                : sending frame '010a0016000f00090d5465737465725f353946324536ffffffff00'
2025-01-09 20:27:10,370 LT1-thread root DEBUG client.py                 71    logger_log                : gap_command_rsp_succ
2025-01-09 20:27:10,370 LT1-thread root DEBUG client.py                 71    logger_log                : read
2025-01-09 20:27:10,437 BTPWorkerThread-1992 (_rx_task) root DEBUG client.py                 71    logger_log                : Read 5 bytes
2025-01-09 20:27:10,457 BTPWorkerThread-1992 (_rx_task) root DEBUG client.py                 71    logger_log                : Received: hdr: Header(svc_id=0x01, op=0x0a, ctrl_index=0x00, data_len=0x04) bytearray(b'\x01\n\x00\x04\x00')
2025-01-09 20:27:10,495 BTPWorkerThread-1992 (_rx_task) root DEBUG client.py                 71    logger_log                : Read 4 bytes data
2025-01-09 20:27:10,515 BTPWorkerThread-1992 (_rx_task) root DEBUG client.py                 71    logger_log                : Received data: {'13 06 00 00'}, bytearray(b'\x13\x06\x00\x00')
2025-01-09 20:27:10,544 LT1-thread root DEBUG client.py                 71    logger_log                : received Header(svc_id=1, op=10, ctrl_index=0, data_len=4) (b'\x13\x06\x00\x00',)
2025-01-09 20:27:10,545 LT1-thread root DEBUG client.py                 71    logger_log                : __gap_current_settings_update (b'\x13\x06\x00\x00',)
2025-01-09 20:27:10,545 LT1-thread root DEBUG client.py                 71    logger_log                : Sending response 'OK' to wid 91 test case GAP/SEC/CSIGN/BV-01-C
2025-01-09 20:27:10,548 LT1-thread root DEBUG client.py                 71    logger_log                : ClientCallback.get_result run_test_case
2025-01-09 20:27:12,665 BTPWorkerThread-1992 (_rx_task) root DEBUG client.py                 71    logger_log                : Read 5 bytes
2025-01-09 20:27:12,666 BTPWorkerThread-1992 (_rx_task) root DEBUG client.py                 71    logger_log                : Received: hdr: Header(svc_id=0x01, op=0x82, ctrl_index=0x00, data_len=0x0d) bytearray(b'\x01\x82\x00\r\x00')
2025-01-09 20:27:12,666 BTPWorkerThread-1992 (_rx_task) root DEBUG client.py                 71    logger_log                : Read 13 bytes data
2025-01-09 20:27:12,666 BTPWorkerThread-1992 (_rx_task) root DEBUG client.py                 71    logger_log                : Received data: {'00 e6 f2 59 e8 07 c0 38 00 00 00 d0 07'}, bytearray(b'\x00\xe6\xf2Y\xe8\x07\xc08\x00\x00\x00\xd0\x07')
2025-01-09 20:27:12,666 BTPWorkerThread-1992 (_rx_task) root DEBUG client.py                 71    logger_log                : event_handler Header(svc_id=1, op=130, ctrl_index=0, data_len=13) (b'\x00\xe6\xf2Y\xe8\x07\xc08\x00\x00\x00\xd0\x07',)
2025-01-09 20:27:12,666 BTPWorkerThread-1992 (_rx_task) root DEBUG client.py                 71    logger_log                : gap_connected_ev_ b'\x00\xe6\xf2Y\xe8\x07\xc08\x00\x00\x00\xd0\x07'
2025-01-09 20:27:12,666 BTPWorkerThread-1992 (_rx_task) root DEBUG client.py                 71    logger_log                : Read 5 bytes
2025-01-09 20:27:12,666 BTPWorkerThread-1992 (_rx_task) root DEBUG client.py                 71    logger_log                : Received: hdr: Header(svc_id=0x01, op=0x80, ctrl_index=0x00, data_len=0x04) bytearray(b'\x01\x80\x00\x04\x00')
2025-01-09 20:27:12,666 BTPWorkerThread-1992 (_rx_task) root DEBUG client.py                 71    logger_log                : Read 4 bytes data
2025-01-09 20:27:12,667 BTPWorkerThread-1992 (_rx_task) root DEBUG client.py                 71    logger_log                : Received data: {'13 02 00 00'}, bytearray(b'\x13\x02\x00\x00')
2025-01-09 20:27:12,667 BTPWorkerThread-1992 (_rx_task) root DEBUG client.py                 71    logger_log                : event_handler Header(svc_id=1, op=128, ctrl_index=0, data_len=4) (b'\x13\x02\x00\x00',)
2025-01-09 20:27:12,667 BTPWorkerThread-1992 (_rx_task) root DEBUG client.py                 71    logger_log                : gap_new_settings_ev_ b'\x13\x02\x00\x00'
2025-01-09 20:27:12,667 BTPWorkerThread-1992 (_rx_task) root DEBUG client.py                 71    logger_log                : __gap_current_settings_update 531
2025-01-09 20:27:13,184 LT1-callback ClientCallback.on_implicit_send INFO client.py                 71    logger_log                : 
    ********************
    BEGIN OnImplicitSend:
    project_name: GAP
    wid: 125
    test_case_name: GAP/SEC/CSIGN/BV-01-C
    description: Please send an ATT signed write command with the handle = 0x0007 with 1 byte of any data to the PTS.
    style: MMI_Style_Ok_Cancel2 0x11141
2025-01-09 20:27:13,184 LT1-callback ClientCallback.on_implicit_send INFO client.py                 71    logger_log                : Calling test cases on_implicit_send
2025-01-09 20:27:13,184 LT1-callback ClientCallback.on_implicit_send INFO client.py                 71    logger_log                : 
    on_implicit_send returned response: WAIT
    END OnImplicitSend
    ********************
2025-01-09 20:27:13,557 LT1-thread root DEBUG client.py                 71    logger_log                : GAP GAP/SEC/CSIGN/BV-01-C on_implicit_send
2025-01-09 20:27:13,558 LT1-thread root DEBUG client.py                 71    logger_log                : gap_wid_hdl, 125, Please send an ATT signed write command with the handle = 0x0007 with 1 byte of any data to the PTS., GAP/SEC/CSIGN/BV-01-C
2025-01-09 20:27:13,558 LT1-thread root DEBUG client.py                 71    logger_log                : gattc_signed_write 0 'c007e859f2e6' '0007' '01' None
2025-01-09 20:27:13,558 LT1-thread root DEBUG client.py                 71    logger_log                : send, 2 22 0 "bytearray(b'\\x00\\xe6\\xf2Y\\xe8\\x07\\xc0\\x07\\x00\\x01\\x00\\x01')"
2025-01-09 20:27:13,558 LT1-thread root DEBUG client.py                 71    logger_log                : sending frame '0216000c0000e6f259e807c00700010001'
2025-01-09 20:27:13,558 LT1-thread root DEBUG client.py                 71    logger_log                : gatt_command_rsp_succ
2025-01-09 20:27:13,559 LT1-thread root DEBUG client.py                 71    logger_log                : read
2025-01-09 20:27:13,635 BTPWorkerThread-1992 (_rx_task) root DEBUG client.py                 71    logger_log                : Read 5 bytes
2025-01-09 20:27:13,655 BTPWorkerThread-1992 (_rx_task) root DEBUG client.py                 71    logger_log                : Received: hdr: Header(svc_id=0x02, op=0x16, ctrl_index=0x00, data_len=0x00) bytearray(b'\x02\x16\x00\x00\x00')
2025-01-09 20:27:13,674 BTPWorkerThread-1992 (_rx_task) root DEBUG client.py                 71    logger_log                : Received data: {''}, bytearray(b'')
2025-01-09 20:27:13,704 LT1-thread root DEBUG client.py                 71    logger_log                : received Header(svc_id=2, op=22, ctrl_index=0, data_len=0) (b'',)
2025-01-09 20:27:13,704 LT1-thread root DEBUG client.py                 71    logger_log                : Sending response 'OK' to wid 125 test case GAP/SEC/CSIGN/BV-01-C
2025-01-09 20:27:13,707 LT1-thread root DEBUG client.py                 71    logger_log                : ClientCallback.get_result run_test_case
2025-01-09 20:27:13,711 LT1-callback ClientCallback.on_implicit_send INFO client.py                 71    logger_log                : 
    ********************
    BEGIN OnImplicitSend:
    project_name: GAP
    wid: 118
    test_case_name: GAP/SEC/CSIGN/BV-01-C
    description: Please press ok to disconnect the link.
    style: MMI_Style_Ok_Cancel1 0x11041
2025-01-09 20:27:13,711 LT1-callback ClientCallback.on_implicit_send INFO client.py                 71    logger_log                : Calling test cases on_implicit_send
2025-01-09 20:27:13,711 LT1-callback ClientCallback.on_implicit_send INFO client.py                 71    logger_log                : 
    on_implicit_send returned response: WAIT
    END OnImplicitSend
    ********************
2025-01-09 20:27:14,710 LT1-thread root DEBUG client.py                 71    logger_log                : GAP GAP/SEC/CSIGN/BV-01-C on_implicit_send
2025-01-09 20:27:14,710 LT1-thread root DEBUG client.py                 71    logger_log                : gap_wid_hdl, 118, Please press ok to disconnect the link., GAP/SEC/CSIGN/BV-01-C
2025-01-09 20:27:14,710 LT1-thread root DEBUG client.py                 71    logger_log                : Sending response 'OK' to wid 118 test case GAP/SEC/CSIGN/BV-01-C
2025-01-09 20:27:14,713 LT1-thread root DEBUG client.py                 71    logger_log                : ClientCallback.get_result run_test_case
2025-01-09 20:27:14,927 BTPWorkerThread-1992 (_rx_task) root DEBUG client.py                 71    logger_log                : Read 5 bytes
2025-01-09 20:27:14,927 BTPWorkerThread-1992 (_rx_task) root DEBUG client.py                 71    logger_log                : Received: hdr: Header(svc_id=0x01, op=0x83, ctrl_index=0x00, data_len=0x07) bytearray(b'\x01\x83\x00\x07\x00')
2025-01-09 20:27:14,927 BTPWorkerThread-1992 (_rx_task) root DEBUG client.py                 71    logger_log                : Read 7 bytes data
2025-01-09 20:27:14,928 BTPWorkerThread-1992 (_rx_task) root DEBUG client.py                 71    logger_log                : Received data: {'00 e6 f2 59 e8 07 c0'}, bytearray(b'\x00\xe6\xf2Y\xe8\x07\xc0')
2025-01-09 20:27:14,928 BTPWorkerThread-1992 (_rx_task) root DEBUG client.py                 71    logger_log                : event_handler Header(svc_id=1, op=131, ctrl_index=0, data_len=7) (b'\x00\xe6\xf2Y\xe8\x07\xc0',)
2025-01-09 20:27:14,928 BTPWorkerThread-1992 (_rx_task) root DEBUG client.py                 71    logger_log                : gap_disconnected_ev_ b'\x00\xe6\xf2Y\xe8\x07\xc0'
2025-01-09 20:27:17,667 LT1-callback ClientCallback.log INFO client.py                 71    logger_log                : PTS_LOGTYPE_START_TEST Start Test Case 

+15 ms
 GAP/SEC/CSIGN/BV-01-C GAP/SEC/CSIGN/BV-01-C

2025-01-09 20:27:18,657 LT1-callback ClientCallback.log INFO client.py                 71    logger_log                : PTS_LOGTYPE_FINAL_VERDICT Final Verdict 

+13937 ms
 GAP/SEC/CSIGN/BV-01-C PASS

2025-01-09 20:27:18,666 LT1-callback ClientCallback.log INFO client.py                 71    logger_log                : PTS_LOGTYPE_FINAL_VERDICT Encrypted Verdict 

+13937 ms
 GAP/SEC/CSIGN/BV-01-C A1#ZWY4MzQ5MDg3MmQwNTIxOGQzMzQ5YjY2ODA5M2MzNjQ5ZDY4NmY0Yjc2MzIzM2VkNTUyNTFhNGU4Mjg1MjI0NA==#Br5KBwmavhIEpO9d386xMCOOqoWyizPgWE3I9OXl4j+WwjrOtzg1WGBuvqLVc5Se

2025-01-09 20:27:18,674 LT1-callback ClientCallback.log INFO client.py                 71    logger_log                : PTS_LOGTYPE_END_TEST Test Case Ended 

+13953 ms
 GAP/SEC/CSIGN/BV-01-C GAP/SEC/CSIGN/BV-01-C

2025-01-09 20:27:18,946 LT1-callback root DEBUG client.py                 71    logger_log                : ClientCallback, set_result, run_test_case, PASS
2025-01-09 20:27:18,947 LT1-thread root DEBUG client.py                 71    logger_log                : After run_test_case error_code=0 status='PASS'
2025-01-09 20:27:18,947 LT1-thread root DEBUG client.py                 71    logger_log                : post_run GAP GAP/SEC/CSIGN/BV-01-C 0
2025-01-09 20:27:18,948 LT1-thread root DEBUG client.py                 71    logger_log                : Starting test function: class=<class 'autopts.ptsprojects.testcase.TestFuncCleanUp'>, func=<bound method Stack.cleanup of <autopts.ptsprojects.stack.stack.Stack object at 0x000001C083019550>> start_wid=None stop_wid=None post_wid=None skip_call=None call_count=1 args=() kwds={}
2025-01-09 20:27:18,948 LT1-thread root DEBUG client.py                 71    logger_log                : Test function parameters: args=(), kwds={}
2025-01-09 20:27:18,948 LT1-thread root DEBUG client.py                 71    logger_log                : Starting test function: class=<class 'autopts.ptsprojects.testcase.TestFuncCleanUp'>, func=<bound method ZephyrCtl.stop of <autopts.ptsprojects.zephyr.iutctl.ZephyrCtl object at 0x000001C08303E410>> start_wid=None stop_wid=None post_wid=None skip_call=None call_count=1 args=() kwds={}
2025-01-09 20:27:18,948 LT1-thread root DEBUG client.py                 71    logger_log                : Test function parameters: args=(), kwds={}
2025-01-09 20:27:18,949 LT1-thread root DEBUG client.py                 71    logger_log                : <class 'autopts.ptsprojects.zephyr.iutctl.ZephyrCtl'>.stop
2025-01-09 20:27:18,949 LT1-thread root DEBUG client.py                 71    logger_log                : About to reset DUT: JLink -CommandFile reset.jlink -usb 1064371884 -device MCXW716
2025-01-09 20:27:19,512 BTPWorkerThread-1992 (_rx_task) root DEBUG client.py                 71    logger_log                : Read 5 bytes
2025-01-09 20:27:19,531 BTPWorkerThread-1992 (_rx_task) root DEBUG client.py                 71    logger_log                : Received: hdr: Header(svc_id=0x00, op=0x80, ctrl_index=0xff, data_len=0x00) bytearray(b'\x00\x80\xff\x00\x00')
2025-01-09 20:27:19,550 BTPWorkerThread-1992 (_rx_task) root DEBUG client.py                 71    logger_log                : Received data: {''}, bytearray(b'')
2025-01-09 20:27:19,570 BTPWorkerThread-1992 (_rx_task) root DEBUG client.py                 71    logger_log                : event_handler Header(svc_id=0, op=128, ctrl_index=255, data_len=0) (b'',)
2025-01-09 20:27:19,589 BTPWorkerThread-1992 (_rx_task) root DEBUG client.py                 71    logger_log                : core_iut_ready_ev
2025-01-09 20:27:19,608 LT1-thread root DEBUG client.py                 71    logger_log                : IUT ready event received OK
2025-01-09 20:27:19,609 LT1-thread root DEBUG client.py                 71    logger_log                : Waiting for _rx_worker to finish ...
2025-01-09 20:27:20,618 LT1-thread root DEBUG client.py                 71    logger_log                : Waiting for _rx_worker to finish ...
2025-01-09 20:27:20,618 BTPWorkerThread-1992 (_rx_task) root DEBUG client.py                 71    logger_log                : BTPWorkerThread-1992 (_rx_task) finishing...
2025-01-09 20:27:23,637 LT1-thread root DEBUG client.py                 71    logger_log                : post_run, cleanup running post test case script
2025-01-09 20:27:23,638 LT1-thread root DEBUG client.py                 71    logger_log                : post_run, run post test case script
2025-01-09 20:27:23,820 LT1-thread root DEBUG client.py                 71    logger_log                : Done TestCase _run_test_case GAP GAP/SEC/CSIGN/BV-01-C
