2025-01-09 22:11:04,445 LT1-thread root DEBUG client.py                 71    logger_log                : Starting TestCase _run_test_case GAP GAP/PADV/PASE/BV-06-C
2025-01-09 22:11:04,455 LT1-thread root DEBUG client.py                 71    logger_log                : pre_run GAP GAP/PADV/PASE/BV-06-C
2025-01-09 22:11:04,455 LT1-thread root DEBUG client.py                 71    logger_log                : About to run test case GAP GAP/PADV/PASE/BV-06-C with commands:
2025-01-09 22:11:04,455 LT1-thread root DEBUG client.py                 71    logger_log                : 0) class=<class 'autopts.ptsprojects.testcase.TestFunc'>, func=<bound method Stack.core_init of <autopts.ptsprojects.stack.stack.Stack object at 0x000001C083019550>> start_wid=None stop_wid=None post_wid=None skip_call=None call_count=1 args=() kwds={}
2025-01-09 22:11:04,455 LT1-thread root DEBUG client.py                 71    logger_log                : 1) class=<class 'autopts.ptsprojects.testcase.TestFunc'>, func=<bound method ZephyrCtl.hw_reset of <autopts.ptsprojects.zephyr.iutctl.ZephyrCtl object at 0x000001C08303E410>> start_wid=None stop_wid=None post_wid=None skip_call=None call_count=1 args=() kwds={}
2025-01-09 22:11:04,455 LT1-thread root DEBUG client.py                 71    logger_log                : 2) class=<class 'autopts.ptsprojects.testcase.TestFunc'>, func=<bound method ZephyrCtl.start of <autopts.ptsprojects.zephyr.iutctl.ZephyrCtl object at 0x000001C08303E410>> start_wid=None stop_wid=None post_wid=None skip_call=None call_count=1 args=(<autopts.ptsprojects.zephyr.ztestcase.ZTestCase object at 0x000001C083D43D90>,) kwds={}
2025-01-09 22:11:04,455 LT1-thread root DEBUG client.py                 71    logger_log                : 3) class=<class 'autopts.ptsprojects.testcase.TestFunc'>, func=<bound method ZephyrCtl.hw_reset of <autopts.ptsprojects.zephyr.iutctl.ZephyrCtl object at 0x000001C08303E410>> start_wid=None stop_wid=None post_wid=None skip_call=None call_count=1 args=() kwds={}
2025-01-09 22:11:04,455 LT1-thread root DEBUG client.py                 71    logger_log                : 4) class=<class 'autopts.ptsprojects.testcase.TestFunc'>, func=<bound method ZephyrCtl.wait_iut_ready_event of <autopts.ptsprojects.zephyr.iutctl.ZephyrCtl object at 0x000001C08303E410>> start_wid=None stop_wid=None post_wid=None skip_call=None call_count=1 args=(False,) kwds={}
2025-01-09 22:11:04,455 LT1-thread root DEBUG client.py                 71    logger_log                : 5) class=<class 'autopts.ptsprojects.testcase.TestFunc'>, func=<function core_reg_svc_gap at 0x000001C0FF3E4540> start_wid=None stop_wid=None post_wid=None skip_call=None call_count=128 args=() kwds={}
2025-01-09 22:11:04,455 LT1-thread root DEBUG client.py                 71    logger_log                : 6) class=<class 'autopts.ptsprojects.testcase.TestFunc'>, func=<bound method Stack.gap_init of <autopts.ptsprojects.stack.stack.Stack object at 0x000001C083019550>> start_wid=None stop_wid=None post_wid=None skip_call=None call_count=128 args=(b'Tester_59F2E6', 'ABCD', '1111', '1111', '11', '1111', b'\x17github.com/auto-pts', (8, 'PADV_Tester'), 'FF') kwds={}
2025-01-09 22:11:04,455 LT1-thread root DEBUG client.py                 71    logger_log                : 7) class=<class 'autopts.ptsprojects.testcase.TestFunc'>, func=<function gap_read_ctrl_info at 0x000001C0FF3F4400> start_wid=None stop_wid=None post_wid=None skip_call=None call_count=128 args=() kwds={}
2025-01-09 22:11:04,455 LT1-thread root DEBUG client.py                 71    logger_log                : 8) class=<class 'autopts.ptsprojects.testcase.TestFunc'>, func=<function test_cases.<locals>.<lambda> at 0x000001C083CDC040> start_wid=None stop_wid=None post_wid=None skip_call=None call_count=128 args=() kwds={}
2025-01-09 22:11:04,455 LT1-thread root DEBUG client.py                 71    logger_log                : 9) class=<class 'autopts.ptsprojects.testcase.TestFunc'>, func=<function test_cases.<locals>.<lambda> at 0x000001C083CDC0E0> start_wid=None stop_wid=None post_wid=None skip_call=None call_count=125 args=() kwds={}
2025-01-09 22:11:04,455 LT1-thread root DEBUG client.py                 71    logger_log                : 10) class=<class 'autopts.ptsprojects.testcase.TestFunc'>, func=<function test_cases.<locals>.<lambda> at 0x000001C083CDC180> start_wid=None stop_wid=None post_wid=None skip_call=None call_count=125 args=() kwds={}
2025-01-09 22:11:04,455 LT1-thread root DEBUG client.py                 71    logger_log                : 11) class=<class 'autopts.ptsprojects.testcase.TestFunc'>, func=<function test_cases.<locals>.<lambda> at 0x000001C083CDC220> start_wid=None stop_wid=None post_wid=None skip_call=None call_count=125 args=() kwds={}
2025-01-09 22:11:04,455 LT1-thread root DEBUG client.py                 71    logger_log                : 12) class=<class 'autopts.ptsprojects.testcase.TestFunc'>, func=<function test_cases.<locals>.<lambda> at 0x000001C083CDC2C0> start_wid=None stop_wid=None post_wid=None skip_call=None call_count=125 args=() kwds={}
2025-01-09 22:11:04,455 LT1-thread root DEBUG client.py                 71    logger_log                : 13) class=<class 'autopts.ptsprojects.testcase.TestFunc'>, func=<function test_cases.<locals>.<lambda> at 0x000001C083CDC360> start_wid=None stop_wid=None post_wid=None skip_call=None call_count=125 args=() kwds={}
2025-01-09 22:11:04,455 LT1-thread root DEBUG client.py                 71    logger_log                : 14) class=<class 'autopts.ptsprojects.testcase.TestFunc'>, func=<function test_cases.<locals>.<lambda> at 0x000001C083CDC400> start_wid=None stop_wid=None post_wid=None skip_call=None call_count=125 args=() kwds={}
2025-01-09 22:11:04,455 LT1-thread root DEBUG client.py                 71    logger_log                : 15) class=<class 'autopts.ptsprojects.testcase.TestFunc'>, func=<function test_cases.<locals>.<lambda> at 0x000001C083CDC4A0> start_wid=None stop_wid=None post_wid=None skip_call=None call_count=125 args=() kwds={}
2025-01-09 22:11:04,455 LT1-thread root DEBUG client.py                 71    logger_log                : 16) class=<class 'autopts.ptsprojects.testcase.TestFunc'>, func=<function test_cases.<locals>.<lambda> at 0x000001C083CDC540> start_wid=None stop_wid=None post_wid=None skip_call=None call_count=125 args=() kwds={}
2025-01-09 22:11:04,455 LT1-thread root DEBUG client.py                 71    logger_log                : 17) class=<class 'autopts.ptsprojects.testcase.TestFunc'>, func=<function test_cases.<locals>.<lambda> at 0x000001C083CDC5E0> start_wid=None stop_wid=None post_wid=None skip_call=None call_count=125 args=() kwds={}
2025-01-09 22:11:04,455 LT1-thread root DEBUG client.py                 71    logger_log                : 18) class=<class 'autopts.ptsprojects.testcase.TestFunc'>, func=<function test_cases.<locals>.<lambda> at 0x000001C083CDC680> start_wid=None stop_wid=None post_wid=None skip_call=None call_count=125 args=() kwds={}
2025-01-09 22:11:04,455 LT1-thread root DEBUG client.py                 71    logger_log                : 19) class=<class 'autopts.ptsprojects.testcase.TestFunc'>, func=<function test_cases.<locals>.<lambda> at 0x000001C083CDC720> start_wid=None stop_wid=None post_wid=None skip_call=None call_count=125 args=() kwds={}
2025-01-09 22:11:04,455 LT1-thread root DEBUG client.py                 71    logger_log                : 20) class=<class 'autopts.ptsprojects.testcase.TestFunc'>, func=<function core_reg_svc_gatt at 0x000001C0FF3E4680> start_wid=None stop_wid=None post_wid=None skip_call=None call_count=125 args=() kwds={}
2025-01-09 22:11:04,455 LT1-thread root DEBUG client.py                 71    logger_log                : 21) class=<class 'autopts.ptsprojects.testcase.TestFunc'>, func=<bound method Stack.gatt_init of <autopts.ptsprojects.stack.stack.Stack object at 0x000001C083019550>> start_wid=None stop_wid=None post_wid=None skip_call=None call_count=125 args=() kwds={}
2025-01-09 22:11:04,455 LT1-thread root DEBUG client.py                 71    logger_log                : 22) class=<class 'autopts.ptsprojects.testcase.TestFunc'>, func=<function gap_set_io_cap at 0x000001C0FF3E7920> start_wid=None stop_wid=None post_wid=None skip_call=None call_count=125 args=(4,) kwds={}
2025-01-09 22:11:04,455 LT1-thread root DEBUG client.py                 71    logger_log                : 23) class=<class 'autopts.ptsprojects.testcase.TestFunc'>, func=<function set_pts_addr at 0x000001C0FF3E40E0> start_wid=None stop_wid=None post_wid=None skip_call=None call_count=124 args=('C0:07:E8:59:F2:E6', 0) kwds={}
2025-01-09 22:11:04,455 LT1-thread root DEBUG client.py                 71    logger_log                : 24) class=<class 'autopts.ptsprojects.testcase.TestFunc'>, func=<function gatts_add_svc at 0x000001C0FF3F5DA0> start_wid=None stop_wid=None post_wid=None skip_call=None call_count=123 args=(0, 'AA51') kwds={}
2025-01-09 22:11:04,455 LT1-thread root DEBUG client.py                 71    logger_log                : 25) class=<class 'autopts.ptsprojects.testcase.TestFunc'>, func=<function gatts_add_char at 0x000001C0FF3F5EE0> start_wid=None stop_wid=None post_wid=None skip_call=None call_count=123 args=(0, 2, 17, 'AA52') kwds={}
2025-01-09 22:11:04,455 LT1-thread root DEBUG client.py                 71    logger_log                : 26) class=<class 'autopts.ptsprojects.testcase.TestFunc'>, func=<function gatts_set_val at 0x000001C0FF3F5F80> start_wid=None stop_wid=None post_wid=None skip_call=None call_count=123 args=(0, '01') kwds={}
2025-01-09 22:11:04,455 LT1-thread root DEBUG client.py                 71    logger_log                : 27) class=<class 'autopts.ptsprojects.testcase.TestFunc'>, func=<function gatts_add_char at 0x000001C0FF3F5EE0> start_wid=None stop_wid=None post_wid=None skip_call=None call_count=123 args=(0, 2, 5, 'AA53') kwds={}
2025-01-09 22:11:04,455 LT1-thread root DEBUG client.py                 71    logger_log                : 28) class=<class 'autopts.ptsprojects.testcase.TestFunc'>, func=<function gatts_set_val at 0x000001C0FF3F5F80> start_wid=None stop_wid=None post_wid=None skip_call=None call_count=123 args=(0, '02') kwds={}
2025-01-09 22:11:04,455 LT1-thread root DEBUG client.py                 71    logger_log                : 29) class=<class 'autopts.ptsprojects.testcase.TestFunc'>, func=<function gatts_add_char at 0x000001C0FF3F5EE0> start_wid=None stop_wid=None post_wid=None skip_call=None call_count=123 args=(0, 66, 3, 'AA54') kwds={}
2025-01-09 22:11:04,455 LT1-thread root DEBUG client.py                 71    logger_log                : 30) class=<class 'autopts.ptsprojects.testcase.TestFunc'>, func=<function gatts_set_val at 0x000001C0FF3F5F80> start_wid=None stop_wid=None post_wid=None skip_call=None call_count=123 args=(0, '03') kwds={}
2025-01-09 22:11:04,455 LT1-thread root DEBUG client.py                 71    logger_log                : 31) class=<class 'autopts.ptsprojects.testcase.TestFunc'>, func=<function gatts_add_char at 0x000001C0FF3F5EE0> start_wid=None stop_wid=None post_wid=None skip_call=None call_count=123 args=(0, 10, 48, 'AA55') kwds={}
2025-01-09 22:11:04,455 LT1-thread root DEBUG client.py                 71    logger_log                : 32) class=<class 'autopts.ptsprojects.testcase.TestFunc'>, func=<function gatts_set_val at 0x000001C0FF3F5F80> start_wid=None stop_wid=None post_wid=None skip_call=None call_count=123 args=(0, '04') kwds={}
2025-01-09 22:11:04,455 LT1-thread root DEBUG client.py                 71    logger_log                : 33) class=<class 'autopts.ptsprojects.testcase.TestFunc'>, func=<function gatts_start_server at 0x000001C0FF3F6200> start_wid=None stop_wid=None post_wid=None skip_call=None call_count=123 args=() kwds={}
2025-01-09 22:11:04,455 LT1-thread root DEBUG client.py                 71    logger_log                : 34) class=<class 'autopts.ptsprojects.testcase.TestFuncCleanUp'>, func=<bound method Stack.cleanup of <autopts.ptsprojects.stack.stack.Stack object at 0x000001C083019550>> start_wid=None stop_wid=None post_wid=None skip_call=None call_count=1 args=() kwds={}
2025-01-09 22:11:04,455 LT1-thread root DEBUG client.py                 71    logger_log                : 35) class=<class 'autopts.ptsprojects.testcase.TestFuncCleanUp'>, func=<bound method ZephyrCtl.stop of <autopts.ptsprojects.zephyr.iutctl.ZephyrCtl object at 0x000001C08303E410>> start_wid=None stop_wid=None post_wid=None skip_call=None call_count=1 args=() kwds={}
2025-01-09 22:11:04,455 LT1-thread root DEBUG client.py                 71    logger_log                : pre_run, run pre test case script
2025-01-09 22:11:04,485 LT1-thread root DEBUG client.py                 71    logger_log                : Starting test function: class=<class 'autopts.ptsprojects.testcase.TestFunc'>, func=<bound method Stack.core_init of <autopts.ptsprojects.stack.stack.Stack object at 0x000001C083019550>> start_wid=None stop_wid=None post_wid=None skip_call=None call_count=2 args=() kwds={}
2025-01-09 22:11:04,485 LT1-thread root DEBUG client.py                 71    logger_log                : Test function parameters: args=(), kwds={}
2025-01-09 22:11:04,485 LT1-thread root DEBUG client.py                 71    logger_log                : Starting test function: class=<class 'autopts.ptsprojects.testcase.TestFunc'>, func=<bound method ZephyrCtl.hw_reset of <autopts.ptsprojects.zephyr.iutctl.ZephyrCtl object at 0x000001C08303E410>> start_wid=None stop_wid=None post_wid=None skip_call=None call_count=2 args=() kwds={}
2025-01-09 22:11:04,485 LT1-thread root DEBUG client.py                 71    logger_log                : Test function parameters: args=(), kwds={}
2025-01-09 22:11:04,485 LT1-thread root DEBUG client.py                 71    logger_log                : Starting test function: class=<class 'autopts.ptsprojects.testcase.TestFunc'>, func=<bound method ZephyrCtl.start of <autopts.ptsprojects.zephyr.iutctl.ZephyrCtl object at 0x000001C08303E410>> start_wid=None stop_wid=None post_wid=None skip_call=None call_count=2 args=(<autopts.ptsprojects.zephyr.ztestcase.ZTestCase object at 0x000001C083D43D90>,) kwds={}
2025-01-09 22:11:04,485 LT1-thread root DEBUG client.py                 71    logger_log                : Test function parameters: args=(<autopts.ptsprojects.zephyr.ztestcase.ZTestCase object at 0x000001C083D43D90>,), kwds={}
2025-01-09 22:11:04,485 LT1-thread root DEBUG client.py                 71    logger_log                : <class 'autopts.ptsprojects.zephyr.iutctl.ZephyrCtl'>.start
2025-01-09 22:11:04,485 LT1-thread root DEBUG client.py                 71    logger_log                : <class 'autopts.ptsprojects.zephyr.iutctl.ZephyrCtl'>.flush_serial
2025-01-09 22:11:06,026 LT1-thread root DEBUG client.py                 71    logger_log                : Starting socat process: socat.exe -x -v tcp:10.192.253.135:50101,retry=100,interval=1 /dev/ttyS34,raw,b115200
2025-01-09 22:11:06,061 LT1-thread root DEBUG client.py                 71    logger_log                : accept
2025-01-09 22:11:06,378 BTPWorkerThread-2882 (_rx_task) root DEBUG client.py                 71    logger_log                : BTPWorkerThread-2882 (_rx_task) started
2025-01-09 22:11:06,379 LT1-thread root DEBUG client.py                 71    logger_log                : Starting test function: class=<class 'autopts.ptsprojects.testcase.TestFunc'>, func=<bound method ZephyrCtl.hw_reset of <autopts.ptsprojects.zephyr.iutctl.ZephyrCtl object at 0x000001C08303E410>> start_wid=None stop_wid=None post_wid=None skip_call=None call_count=2 args=() kwds={}
2025-01-09 22:11:06,379 LT1-thread root DEBUG client.py                 71    logger_log                : Test function parameters: args=(), kwds={}
2025-01-09 22:11:06,380 LT1-thread root DEBUG client.py                 71    logger_log                : Starting test function: class=<class 'autopts.ptsprojects.testcase.TestFunc'>, func=<bound method ZephyrCtl.wait_iut_ready_event of <autopts.ptsprojects.zephyr.iutctl.ZephyrCtl object at 0x000001C08303E410>> start_wid=None stop_wid=None post_wid=None skip_call=None call_count=2 args=(False,) kwds={}
2025-01-09 22:11:06,380 LT1-thread root DEBUG client.py                 71    logger_log                : Test function parameters: args=(False,), kwds={}
2025-01-09 22:11:06,382 LT1-thread root DEBUG client.py                 71    logger_log                : IUT ready event received OK
2025-01-09 22:11:06,383 LT1-thread root DEBUG client.py                 71    logger_log                : Starting test function: class=<class 'autopts.ptsprojects.testcase.TestFunc'>, func=<function core_reg_svc_gap at 0x000001C0FF3E4540> start_wid=None stop_wid=None post_wid=None skip_call=None call_count=129 args=() kwds={}
2025-01-09 22:11:06,383 LT1-thread root DEBUG client.py                 71    logger_log                : Test function parameters: args=(), kwds={}
2025-01-09 22:11:06,384 LT1-thread root DEBUG client.py                 71    logger_log                : core_reg_svc_gap
2025-01-09 22:11:06,384 LT1-thread root DEBUG client.py                 71    logger_log                : send, 0 3 255 '1'
2025-01-09 22:11:06,384 LT1-thread root DEBUG client.py                 71    logger_log                : sending frame '0003ff010001'
2025-01-09 22:11:06,385 LT1-thread root DEBUG client.py                 71    logger_log                : core_reg_svc_rsp_succ
2025-01-09 22:11:06,385 LT1-thread root DEBUG client.py                 71    logger_log                : read
2025-01-09 22:11:06,510 BTPWorkerThread-2882 (_rx_task) root DEBUG client.py                 71    logger_log                : Read 5 bytes
2025-01-09 22:11:06,540 BTPWorkerThread-2882 (_rx_task) root DEBUG client.py                 71    logger_log                : Received: hdr: Header(svc_id=0x00, op=0x03, ctrl_index=0xff, data_len=0x00) bytearray(b'\x00\x03\xff\x00\x00')
2025-01-09 22:11:06,572 BTPWorkerThread-2882 (_rx_task) root DEBUG client.py                 71    logger_log                : Received data: {''}, bytearray(b'')
2025-01-09 22:11:06,618 LT1-thread root DEBUG client.py                 71    logger_log                : received Header(svc_id=0, op=3, ctrl_index=255, data_len=0) (b'',)
2025-01-09 22:11:06,619 LT1-thread root DEBUG client.py                 71    logger_log                : expected ((0, 3, 255, 0), (b'',))
2025-01-09 22:11:06,619 LT1-thread root DEBUG client.py                 71    logger_log                : response is valid
2025-01-09 22:11:06,620 LT1-thread root DEBUG client.py                 71    logger_log                : Starting test function: class=<class 'autopts.ptsprojects.testcase.TestFunc'>, func=<bound method Stack.gap_init of <autopts.ptsprojects.stack.stack.Stack object at 0x000001C083019550>> start_wid=None stop_wid=None post_wid=None skip_call=None call_count=129 args=(b'Tester_59F2E6', 'ABCD', '1111', '1111', '11', '1111', b'\x17github.com/auto-pts', (8, 'PADV_Tester'), 'FF') kwds={}
2025-01-09 22:11:06,620 LT1-thread root DEBUG client.py                 71    logger_log                : Test function parameters: args=(b'Tester_59F2E6', 'ABCD', '1111', '1111', '11', '1111', b'\x17github.com/auto-pts', (8, 'PADV_Tester'), 'FF'), kwds={}
2025-01-09 22:11:06,620 LT1-thread root DEBUG client.py                 71    logger_log                : Starting test function: class=<class 'autopts.ptsprojects.testcase.TestFunc'>, func=<function gap_read_ctrl_info at 0x000001C0FF3F4400> start_wid=None stop_wid=None post_wid=None skip_call=None call_count=129 args=() kwds={}
2025-01-09 22:11:06,621 LT1-thread root DEBUG client.py                 71    logger_log                : Test function parameters: args=(), kwds={}
2025-01-09 22:11:06,621 LT1-thread root DEBUG client.py                 71    logger_log                : gap_read_ctrl_info
2025-01-09 22:11:06,621 LT1-thread root DEBUG client.py                 71    logger_log                : send, 1 3 0 ''
2025-01-09 22:11:06,622 LT1-thread root DEBUG client.py                 71    logger_log                : sending frame '0103000000'
2025-01-09 22:11:06,622 LT1-thread root DEBUG client.py                 71    logger_log                : read
2025-01-09 22:11:07,489 BTPWorkerThread-2882 (_rx_task) root DEBUG client.py                 71    logger_log                : Read 5 bytes
2025-01-09 22:11:07,522 BTPWorkerThread-2882 (_rx_task) root DEBUG client.py                 71    logger_log                : Received: hdr: Header(svc_id=0x01, op=0x03, ctrl_index=0x00, data_len=0x115) bytearray(b'\x01\x03\x00\x15\x01')
2025-01-09 22:11:07,591 BTPWorkerThread-2882 (_rx_task) root DEBUG client.py                 71    logger_log                : Read 277 bytes data
2025-01-09 22:11:07,617 BTPWorkerThread-2882 (_rx_task) root DEBUG client.py                 71    logger_log                : Received data: {'28 00 03 37 60 00 13 06 02 00 13 02 00 00 00 00 00 62 74 70 5f 74 65 73 74 65 72 00 00 00 00 00 00 00 00 00 00 00 00 00 00 00 00 00 00 00 00 00 00 00 00 00 00 00 00 00 00 00 00 00 00 00 00 00 00 00 00 00 00 00 00 00 00 00 00 00 00 00 00 00 00 00 00 00 00 00 00 00 00 00 00 00 00 00 00 00 00 00 00 00 00 00 00 00 00 00 00 00 00 00 00 00 00 00 00 00 00 00 00 00 00 00 00 00 00 00 00 00 00 00 00 00 00 00 00 00 00 00 00 00 00 00 00 00 00 00 00 00 00 00 00 00 00 00 00 00 00 00 00 00 00 00 00 00 00 00 00 00 00 00 00 00 00 00 00 00 00 00 00 00 00 00 00 00 00 00 00 00 00 00 00 00 00 00 00 00 00 00 00 00 00 00 00 00 00 00 00 00 00 00 00 00 00 00 00 00 00 00 00 00 00 00 00 00 00 00 00 00 00 00 00 00 00 00 00 00 00 00 00 00 00 00 00 00 00 00 00 00 00 00 00 00 00 00 00 00 00 00 00 00 00 00 00 00 00 00 00 00 00 00 00 00 00 00 00 00 00'}, bytearray(b'(\x00\x037`\x00\x13\x06\x02\x00\x13\x02\x00\x00\x00\x00\x00btp_tester\x00\x00\x00\x00\x00\x00\x00\x00\x00\x00\x00\x00\x00\x00\x00\x00\x00\x00\x00\x00\x00\x00\x00\x00\x00\x00\x00\x00\x00\x00\x00\x00\x00\x00\x00\x00\x00\x00\x00\x00\x00\x00\x00\x00\x00\x00\x00\x00\x00\x00\x00\x00\x00\x00\x00\x00\x00\x00\x00\x00\x00\x00\x00\x00\x00\x00\x00\x00\x00\x00\x00\x00\x00\x00\x00\x00\x00\x00\x00\x00\x00\x00\x00\x00\x00\x00\x00\x00\x00\x00\x00\x00\x00\x00\x00\x00\x00\x00\x00\x00\x00\x00\x00\x00\x00\x00\x00\x00\x00\x00\x00\x00\x00\x00\x00\x00\x00\x00\x00\x00\x00\x00\x00\x00\x00\x00\x00\x00\x00\x00\x00\x00\x00\x00\x00\x00\x00\x00\x00\x00\x00\x00\x00\x00\x00\x00\x00\x00\x00\x00\x00\x00\x00\x00\x00\x00\x00\x00\x00\x00\x00\x00\x00\x00\x00\x00\x00\x00\x00\x00\x00\x00\x00\x00\x00\x00\x00\x00\x00\x00\x00\x00\x00\x00\x00\x00\x00\x00\x00\x00\x00\x00\x00\x00\x00\x00\x00\x00\x00\x00\x00\x00\x00\x00\x00\x00\x00\x00\x00\x00\x00\x00\x00\x00\x00\x00\x00\x00\x00\x00\x00\x00\x00\x00\x00\x00\x00\x00\x00\x00\x00\x00\x00\x00\x00\x00\x00\x00\x00\x00\x00\x00\x00\x00\x00\x00\x00\x00\x00\x00')
2025-01-09 22:11:07,664 LT1-thread root DEBUG client.py                 71    logger_log                : received Header(svc_id=1, op=3, ctrl_index=0, data_len=277) (b'(\x00\x037`\x00\x13\x06\x02\x00\x13\x02\x00\x00\x00\x00\x00btp_tester\x00\x00\x00\x00\x00\x00\x00\x00\x00\x00\x00\x00\x00\x00\x00\x00\x00\x00\x00\x00\x00\x00\x00\x00\x00\x00\x00\x00\x00\x00\x00\x00\x00\x00\x00\x00\x00\x00\x00\x00\x00\x00\x00\x00\x00\x00\x00\x00\x00\x00\x00\x00\x00\x00\x00\x00\x00\x00\x00\x00\x00\x00\x00\x00\x00\x00\x00\x00\x00\x00\x00\x00\x00\x00\x00\x00\x00\x00\x00\x00\x00\x00\x00\x00\x00\x00\x00\x00\x00\x00\x00\x00\x00\x00\x00\x00\x00\x00\x00\x00\x00\x00\x00\x00\x00\x00\x00\x00\x00\x00\x00\x00\x00\x00\x00\x00\x00\x00\x00\x00\x00\x00\x00\x00\x00\x00\x00\x00\x00\x00\x00\x00\x00\x00\x00\x00\x00\x00\x00\x00\x00\x00\x00\x00\x00\x00\x00\x00\x00\x00\x00\x00\x00\x00\x00\x00\x00\x00\x00\x00\x00\x00\x00\x00\x00\x00\x00\x00\x00\x00\x00\x00\x00\x00\x00\x00\x00\x00\x00\x00\x00\x00\x00\x00\x00\x00\x00\x00\x00\x00\x00\x00\x00\x00\x00\x00\x00\x00\x00\x00\x00\x00\x00\x00\x00\x00\x00\x00\x00\x00\x00\x00\x00\x00\x00\x00\x00\x00\x00\x00\x00\x00\x00\x00\x00\x00\x00\x00\x00\x00\x00\x00\x00\x00\x00\x00\x00\x00\x00\x00\x00\x00\x00\x00\x00\x00\x00\x00\x00\x00',)
2025-01-09 22:11:07,664 LT1-thread root DEBUG client.py                 71    logger_log                : IUT address '006037030028' 'public'
2025-01-09 22:11:07,665 LT1-thread root DEBUG client.py                 71    logger_log                : __gap_current_settings_update 531
2025-01-09 22:11:07,665 LT1-thread root DEBUG client.py                 71    logger_log                : Starting test function: class=<class 'autopts.ptsprojects.testcase.TestFunc'>, func=<function test_cases.<locals>.<lambda> at 0x000001C083CDC040> start_wid=None stop_wid=None post_wid=None skip_call=None call_count=129 args=() kwds={}
2025-01-09 22:11:07,666 LT1-thread root DEBUG client.py                 71    logger_log                : Test function parameters: args=(), kwds={}
2025-01-09 22:11:07,691 LT1-thread root DEBUG client.py                 71    logger_log                : Starting test function: class=<class 'autopts.ptsprojects.testcase.TestFunc'>, func=<function test_cases.<locals>.<lambda> at 0x000001C083CDC0E0> start_wid=None stop_wid=None post_wid=None skip_call=None call_count=126 args=() kwds={}
2025-01-09 22:11:07,692 LT1-thread root DEBUG client.py                 71    logger_log                : Test function parameters: args=(), kwds={}
2025-01-09 22:11:07,720 LT1-thread root DEBUG client.py                 71    logger_log                : Starting test function: class=<class 'autopts.ptsprojects.testcase.TestFunc'>, func=<function test_cases.<locals>.<lambda> at 0x000001C083CDC180> start_wid=None stop_wid=None post_wid=None skip_call=None call_count=126 args=() kwds={}
2025-01-09 22:11:07,720 LT1-thread root DEBUG client.py                 71    logger_log                : Test function parameters: args=(), kwds={}
2025-01-09 22:11:07,750 LT1-thread root DEBUG client.py                 71    logger_log                : Starting test function: class=<class 'autopts.ptsprojects.testcase.TestFunc'>, func=<function test_cases.<locals>.<lambda> at 0x000001C083CDC220> start_wid=None stop_wid=None post_wid=None skip_call=None call_count=126 args=() kwds={}
2025-01-09 22:11:07,750 LT1-thread root DEBUG client.py                 71    logger_log                : Test function parameters: args=(), kwds={}
2025-01-09 22:11:07,776 LT1-thread root DEBUG client.py                 71    logger_log                : Starting test function: class=<class 'autopts.ptsprojects.testcase.TestFunc'>, func=<function test_cases.<locals>.<lambda> at 0x000001C083CDC2C0> start_wid=None stop_wid=None post_wid=None skip_call=None call_count=126 args=() kwds={}
2025-01-09 22:11:07,776 LT1-thread root DEBUG client.py                 71    logger_log                : Test function parameters: args=(), kwds={}
2025-01-09 22:11:07,809 LT1-thread root DEBUG client.py                 71    logger_log                : Starting test function: class=<class 'autopts.ptsprojects.testcase.TestFunc'>, func=<function test_cases.<locals>.<lambda> at 0x000001C083CDC360> start_wid=None stop_wid=None post_wid=None skip_call=None call_count=126 args=() kwds={}
2025-01-09 22:11:07,809 LT1-thread root DEBUG client.py                 71    logger_log                : Test function parameters: args=(), kwds={}
2025-01-09 22:11:07,836 LT1-thread root DEBUG client.py                 71    logger_log                : Starting test function: class=<class 'autopts.ptsprojects.testcase.TestFunc'>, func=<function test_cases.<locals>.<lambda> at 0x000001C083CDC400> start_wid=None stop_wid=None post_wid=None skip_call=None call_count=126 args=() kwds={}
2025-01-09 22:11:07,837 LT1-thread root DEBUG client.py                 71    logger_log                : Test function parameters: args=(), kwds={}
2025-01-09 22:11:07,859 LT1-thread root DEBUG client.py                 71    logger_log                : Starting test function: class=<class 'autopts.ptsprojects.testcase.TestFunc'>, func=<function test_cases.<locals>.<lambda> at 0x000001C083CDC4A0> start_wid=None stop_wid=None post_wid=None skip_call=None call_count=126 args=() kwds={}
2025-01-09 22:11:07,860 LT1-thread root DEBUG client.py                 71    logger_log                : Test function parameters: args=(), kwds={}
2025-01-09 22:11:07,884 LT1-thread root DEBUG client.py                 71    logger_log                : Starting test function: class=<class 'autopts.ptsprojects.testcase.TestFunc'>, func=<function test_cases.<locals>.<lambda> at 0x000001C083CDC540> start_wid=None stop_wid=None post_wid=None skip_call=None call_count=126 args=() kwds={}
2025-01-09 22:11:07,885 LT1-thread root DEBUG client.py                 71    logger_log                : Test function parameters: args=(), kwds={}
2025-01-09 22:11:07,909 LT1-thread root DEBUG client.py                 71    logger_log                : Starting test function: class=<class 'autopts.ptsprojects.testcase.TestFunc'>, func=<function test_cases.<locals>.<lambda> at 0x000001C083CDC5E0> start_wid=None stop_wid=None post_wid=None skip_call=None call_count=126 args=() kwds={}
2025-01-09 22:11:07,910 LT1-thread root DEBUG client.py                 71    logger_log                : Test function parameters: args=(), kwds={}
2025-01-09 22:11:07,935 LT1-thread root DEBUG client.py                 71    logger_log                : Starting test function: class=<class 'autopts.ptsprojects.testcase.TestFunc'>, func=<function test_cases.<locals>.<lambda> at 0x000001C083CDC680> start_wid=None stop_wid=None post_wid=None skip_call=None call_count=126 args=() kwds={}
2025-01-09 22:11:07,936 LT1-thread root DEBUG client.py                 71    logger_log                : Test function parameters: args=(), kwds={}
2025-01-09 22:11:07,963 LT1-thread root DEBUG client.py                 71    logger_log                : Starting test function: class=<class 'autopts.ptsprojects.testcase.TestFunc'>, func=<function test_cases.<locals>.<lambda> at 0x000001C083CDC720> start_wid=None stop_wid=None post_wid=None skip_call=None call_count=126 args=() kwds={}
2025-01-09 22:11:07,964 LT1-thread root DEBUG client.py                 71    logger_log                : Test function parameters: args=(), kwds={}
2025-01-09 22:11:07,991 LT1-thread root DEBUG client.py                 71    logger_log                : Starting test function: class=<class 'autopts.ptsprojects.testcase.TestFunc'>, func=<function core_reg_svc_gatt at 0x000001C0FF3E4680> start_wid=None stop_wid=None post_wid=None skip_call=None call_count=126 args=() kwds={}
2025-01-09 22:11:07,991 LT1-thread root DEBUG client.py                 71    logger_log                : Test function parameters: args=(), kwds={}
2025-01-09 22:11:07,992 LT1-thread root DEBUG client.py                 71    logger_log                : core_reg_svc_gatt
2025-01-09 22:11:07,992 LT1-thread root DEBUG client.py                 71    logger_log                : send, 0 3 255 '2'
2025-01-09 22:11:07,992 LT1-thread root DEBUG client.py                 71    logger_log                : sending frame '0003ff010002'
2025-01-09 22:11:07,993 LT1-thread root DEBUG client.py                 71    logger_log                : core_reg_svc_rsp_succ
2025-01-09 22:11:07,993 LT1-thread root DEBUG client.py                 71    logger_log                : read
2025-01-09 22:11:08,079 BTPWorkerThread-2882 (_rx_task) root DEBUG client.py                 71    logger_log                : Read 5 bytes
2025-01-09 22:11:08,110 BTPWorkerThread-2882 (_rx_task) root DEBUG client.py                 71    logger_log                : Received: hdr: Header(svc_id=0x00, op=0x03, ctrl_index=0xff, data_len=0x00) bytearray(b'\x00\x03\xff\x00\x00')
2025-01-09 22:11:08,141 BTPWorkerThread-2882 (_rx_task) root DEBUG client.py                 71    logger_log                : Received data: {''}, bytearray(b'')
2025-01-09 22:11:08,189 LT1-thread root DEBUG client.py                 71    logger_log                : received Header(svc_id=0, op=3, ctrl_index=255, data_len=0) (b'',)
2025-01-09 22:11:08,190 LT1-thread root DEBUG client.py                 71    logger_log                : expected ((0, 3, 255, 0), (b'',))
2025-01-09 22:11:08,190 LT1-thread root DEBUG client.py                 71    logger_log                : response is valid
2025-01-09 22:11:08,190 LT1-thread root DEBUG client.py                 71    logger_log                : Starting test function: class=<class 'autopts.ptsprojects.testcase.TestFunc'>, func=<bound method Stack.gatt_init of <autopts.ptsprojects.stack.stack.Stack object at 0x000001C083019550>> start_wid=None stop_wid=None post_wid=None skip_call=None call_count=126 args=() kwds={}
2025-01-09 22:11:08,191 LT1-thread root DEBUG client.py                 71    logger_log                : Test function parameters: args=(), kwds={}
2025-01-09 22:11:08,191 LT1-thread root DEBUG client.py                 71    logger_log                : Starting test function: class=<class 'autopts.ptsprojects.testcase.TestFunc'>, func=<function gap_set_io_cap at 0x000001C0FF3E7920> start_wid=None stop_wid=None post_wid=None skip_call=None call_count=126 args=(4,) kwds={}
2025-01-09 22:11:08,191 LT1-thread root DEBUG client.py                 71    logger_log                : Test function parameters: args=(4,), kwds={}
2025-01-09 22:11:08,192 LT1-thread root DEBUG client.py                 71    logger_log                : gap_set_io_cap 4
2025-01-09 22:11:08,192 LT1-thread root DEBUG client.py                 71    logger_log                : send, 1 16 0 '\x04'
2025-01-09 22:11:08,192 LT1-thread root DEBUG client.py                 71    logger_log                : sending frame '011000010004'
2025-01-09 22:11:08,193 LT1-thread root DEBUG client.py                 71    logger_log                : gap_command_rsp_succ
2025-01-09 22:11:08,193 LT1-thread root DEBUG client.py                 71    logger_log                : read
2025-01-09 22:11:08,269 BTPWorkerThread-2882 (_rx_task) root DEBUG client.py                 71    logger_log                : Read 5 bytes
2025-01-09 22:11:08,295 BTPWorkerThread-2882 (_rx_task) root DEBUG client.py                 71    logger_log                : Received: hdr: Header(svc_id=0x01, op=0x10, ctrl_index=0x00, data_len=0x00) bytearray(b'\x01\x10\x00\x00\x00')
2025-01-09 22:11:08,315 BTPWorkerThread-2882 (_rx_task) root DEBUG client.py                 71    logger_log                : Received data: {''}, bytearray(b'')
2025-01-09 22:11:08,345 LT1-thread root DEBUG client.py                 71    logger_log                : received Header(svc_id=1, op=16, ctrl_index=0, data_len=0) (b'',)
2025-01-09 22:11:08,345 LT1-thread root DEBUG client.py                 71    logger_log                : Starting test function: class=<class 'autopts.ptsprojects.testcase.TestFunc'>, func=<function set_pts_addr at 0x000001C0FF3E40E0> start_wid=None stop_wid=None post_wid=None skip_call=None call_count=125 args=('C0:07:E8:59:F2:E6', 0) kwds={}
2025-01-09 22:11:08,345 LT1-thread root DEBUG client.py                 71    logger_log                : Test function parameters: args=('C0:07:E8:59:F2:E6', 0), kwds={}
2025-01-09 22:11:08,345 LT1-thread root DEBUG client.py                 71    logger_log                : Starting test function: class=<class 'autopts.ptsprojects.testcase.TestFunc'>, func=<function gatts_add_svc at 0x000001C0FF3F5DA0> start_wid=None stop_wid=None post_wid=None skip_call=None call_count=124 args=(0, 'AA51') kwds={}
2025-01-09 22:11:08,345 LT1-thread root DEBUG client.py                 71    logger_log                : Test function parameters: args=(0, 'AA51'), kwds={}
2025-01-09 22:11:08,345 LT1-thread root DEBUG client.py                 71    logger_log                : gatts_add_svc 0 'AA51'
2025-01-09 22:11:08,345 LT1-thread root DEBUG client.py                 71    logger_log                : send, 2 2 0 "bytearray(b'\\x00\\x02\\xaaQ')"
2025-01-09 22:11:08,345 LT1-thread root DEBUG client.py                 71    logger_log                : sending frame '02020004000002aa51'
2025-01-09 22:11:08,345 LT1-thread root DEBUG client.py                 71    logger_log                : gatt_command_rsp_succ
2025-01-09 22:11:08,345 LT1-thread root DEBUG client.py                 71    logger_log                : read
2025-01-09 22:11:08,405 BTPWorkerThread-2882 (_rx_task) root DEBUG client.py                 71    logger_log                : Read 5 bytes
2025-01-09 22:11:08,431 BTPWorkerThread-2882 (_rx_task) root DEBUG client.py                 71    logger_log                : Received: hdr: Header(svc_id=0x02, op=0x02, ctrl_index=0x00, data_len=0x02) bytearray(b'\x02\x02\x00\x02\x00')
2025-01-09 22:11:08,495 BTPWorkerThread-2882 (_rx_task) root DEBUG client.py                 71    logger_log                : Read 2 bytes data
2025-01-09 22:11:08,527 BTPWorkerThread-2882 (_rx_task) root DEBUG client.py                 71    logger_log                : Received data: {'00 00'}, bytearray(b'\x00\x00')
2025-01-09 22:11:08,573 LT1-thread root DEBUG client.py                 71    logger_log                : received Header(svc_id=2, op=2, ctrl_index=0, data_len=2) (b'\x00\x00',)
2025-01-09 22:11:08,573 LT1-thread root DEBUG client.py                 71    logger_log                : Starting test function: class=<class 'autopts.ptsprojects.testcase.TestFunc'>, func=<function gatts_add_char at 0x000001C0FF3F5EE0> start_wid=None stop_wid=None post_wid=None skip_call=None call_count=124 args=(0, 2, 17, 'AA52') kwds={}
2025-01-09 22:11:08,574 LT1-thread root DEBUG client.py                 71    logger_log                : Test function parameters: args=(0, 2, 17, 'AA52'), kwds={}
2025-01-09 22:11:08,574 LT1-thread root DEBUG client.py                 71    logger_log                : gatts_add_char 0 2 17 'AA52'
2025-01-09 22:11:08,574 LT1-thread root DEBUG client.py                 71    logger_log                : send, 2 3 0 "bytearray(b'\\x00\\x00\\x02\\x11\\x02\\xaaR')"
2025-01-09 22:11:08,575 LT1-thread root DEBUG client.py                 71    logger_log                : sending frame '02030007000000021102aa52'
2025-01-09 22:11:08,575 LT1-thread root DEBUG client.py                 71    logger_log                : gatt_command_rsp_succ
2025-01-09 22:11:08,576 LT1-thread root DEBUG client.py                 71    logger_log                : read
2025-01-09 22:11:08,653 BTPWorkerThread-2882 (_rx_task) root DEBUG client.py                 71    logger_log                : Read 5 bytes
2025-01-09 22:11:08,685 BTPWorkerThread-2882 (_rx_task) root DEBUG client.py                 71    logger_log                : Received: hdr: Header(svc_id=0x02, op=0x03, ctrl_index=0x00, data_len=0x02) bytearray(b'\x02\x03\x00\x02\x00')
2025-01-09 22:11:08,733 BTPWorkerThread-2882 (_rx_task) root DEBUG client.py                 71    logger_log                : Read 2 bytes data
2025-01-09 22:11:08,765 BTPWorkerThread-2882 (_rx_task) root DEBUG client.py                 71    logger_log                : Received data: {'00 00'}, bytearray(b'\x00\x00')
2025-01-09 22:11:08,796 LT1-thread root DEBUG client.py                 71    logger_log                : received Header(svc_id=2, op=3, ctrl_index=0, data_len=2) (b'\x00\x00',)
2025-01-09 22:11:08,796 LT1-thread root DEBUG client.py                 71    logger_log                : Starting test function: class=<class 'autopts.ptsprojects.testcase.TestFunc'>, func=<function gatts_set_val at 0x000001C0FF3F5F80> start_wid=None stop_wid=None post_wid=None skip_call=None call_count=124 args=(0, '01') kwds={}
2025-01-09 22:11:08,797 LT1-thread root DEBUG client.py                 71    logger_log                : Test function parameters: args=(0, '01'), kwds={}
2025-01-09 22:11:08,797 LT1-thread root DEBUG client.py                 71    logger_log                : gatts_set_val 0 '01' 
2025-01-09 22:11:08,798 LT1-thread root DEBUG client.py                 71    logger_log                : send, 2 6 0 "bytearray(b'\\x00\\x00\\x01\\x00\\x01')"
2025-01-09 22:11:08,798 LT1-thread root DEBUG client.py                 71    logger_log                : sending frame '02060005000000010001'
2025-01-09 22:11:08,798 LT1-thread root DEBUG client.py                 71    logger_log                : gatt_command_rsp_succ
2025-01-09 22:11:08,799 LT1-thread root DEBUG client.py                 71    logger_log                : read
2025-01-09 22:11:08,874 BTPWorkerThread-2882 (_rx_task) root DEBUG client.py                 71    logger_log                : Read 5 bytes
2025-01-09 22:11:08,905 BTPWorkerThread-2882 (_rx_task) root DEBUG client.py                 71    logger_log                : Received: hdr: Header(svc_id=0x02, op=0x06, ctrl_index=0x00, data_len=0x00) bytearray(b'\x02\x06\x00\x00\x00')
2025-01-09 22:11:08,936 BTPWorkerThread-2882 (_rx_task) root DEBUG client.py                 71    logger_log                : Received data: {''}, bytearray(b'')
2025-01-09 22:11:08,983 LT1-thread root DEBUG client.py                 71    logger_log                : received Header(svc_id=2, op=6, ctrl_index=0, data_len=0) (b'',)
2025-01-09 22:11:08,983 LT1-thread root DEBUG client.py                 71    logger_log                : Starting test function: class=<class 'autopts.ptsprojects.testcase.TestFunc'>, func=<function gatts_add_char at 0x000001C0FF3F5EE0> start_wid=None stop_wid=None post_wid=None skip_call=None call_count=124 args=(0, 2, 5, 'AA53') kwds={}
2025-01-09 22:11:08,984 LT1-thread root DEBUG client.py                 71    logger_log                : Test function parameters: args=(0, 2, 5, 'AA53'), kwds={}
2025-01-09 22:11:08,984 LT1-thread root DEBUG client.py                 71    logger_log                : gatts_add_char 0 2 5 'AA53'
2025-01-09 22:11:08,984 LT1-thread root DEBUG client.py                 71    logger_log                : send, 2 3 0 "bytearray(b'\\x00\\x00\\x02\\x05\\x02\\xaaS')"
2025-01-09 22:11:08,984 LT1-thread root DEBUG client.py                 71    logger_log                : sending frame '02030007000000020502aa53'
2025-01-09 22:11:08,985 LT1-thread root DEBUG client.py                 71    logger_log                : gatt_command_rsp_succ
2025-01-09 22:11:08,985 LT1-thread root DEBUG client.py                 71    logger_log                : read
2025-01-09 22:11:09,051 BTPWorkerThread-2882 (_rx_task) root DEBUG client.py                 71    logger_log                : Read 5 bytes
2025-01-09 22:11:09,071 BTPWorkerThread-2882 (_rx_task) root DEBUG client.py                 71    logger_log                : Received: hdr: Header(svc_id=0x02, op=0x03, ctrl_index=0x00, data_len=0x02) bytearray(b'\x02\x03\x00\x02\x00')
2025-01-09 22:11:09,111 BTPWorkerThread-2882 (_rx_task) root DEBUG client.py                 71    logger_log                : Read 2 bytes data
2025-01-09 22:11:09,131 BTPWorkerThread-2882 (_rx_task) root DEBUG client.py                 71    logger_log                : Received data: {'00 00'}, bytearray(b'\x00\x00')
2025-01-09 22:11:09,161 LT1-thread root DEBUG client.py                 71    logger_log                : received Header(svc_id=2, op=3, ctrl_index=0, data_len=2) (b'\x00\x00',)
2025-01-09 22:11:09,161 LT1-thread root DEBUG client.py                 71    logger_log                : Starting test function: class=<class 'autopts.ptsprojects.testcase.TestFunc'>, func=<function gatts_set_val at 0x000001C0FF3F5F80> start_wid=None stop_wid=None post_wid=None skip_call=None call_count=124 args=(0, '02') kwds={}
2025-01-09 22:11:09,161 LT1-thread root DEBUG client.py                 71    logger_log                : Test function parameters: args=(0, '02'), kwds={}
2025-01-09 22:11:09,161 LT1-thread root DEBUG client.py                 71    logger_log                : gatts_set_val 0 '02' 
2025-01-09 22:11:09,161 LT1-thread root DEBUG client.py                 71    logger_log                : send, 2 6 0 "bytearray(b'\\x00\\x00\\x01\\x00\\x02')"
2025-01-09 22:11:09,161 LT1-thread root DEBUG client.py                 71    logger_log                : sending frame '02060005000000010002'
2025-01-09 22:11:09,161 LT1-thread root DEBUG client.py                 71    logger_log                : gatt_command_rsp_succ
2025-01-09 22:11:09,161 LT1-thread root DEBUG client.py                 71    logger_log                : read
2025-01-09 22:11:09,231 BTPWorkerThread-2882 (_rx_task) root DEBUG client.py                 71    logger_log                : Read 5 bytes
2025-01-09 22:11:09,251 BTPWorkerThread-2882 (_rx_task) root DEBUG client.py                 71    logger_log                : Received: hdr: Header(svc_id=0x02, op=0x06, ctrl_index=0x00, data_len=0x00) bytearray(b'\x02\x06\x00\x00\x00')
2025-01-09 22:11:09,271 BTPWorkerThread-2882 (_rx_task) root DEBUG client.py                 71    logger_log                : Received data: {''}, bytearray(b'')
2025-01-09 22:11:09,301 LT1-thread root DEBUG client.py                 71    logger_log                : received Header(svc_id=2, op=6, ctrl_index=0, data_len=0) (b'',)
2025-01-09 22:11:09,301 LT1-thread root DEBUG client.py                 71    logger_log                : Starting test function: class=<class 'autopts.ptsprojects.testcase.TestFunc'>, func=<function gatts_add_char at 0x000001C0FF3F5EE0> start_wid=None stop_wid=None post_wid=None skip_call=None call_count=124 args=(0, 66, 3, 'AA54') kwds={}
2025-01-09 22:11:09,301 LT1-thread root DEBUG client.py                 71    logger_log                : Test function parameters: args=(0, 66, 3, 'AA54'), kwds={}
2025-01-09 22:11:09,301 LT1-thread root DEBUG client.py                 71    logger_log                : gatts_add_char 0 66 3 'AA54'
2025-01-09 22:11:09,301 LT1-thread root DEBUG client.py                 71    logger_log                : send, 2 3 0 "bytearray(b'\\x00\\x00B\\x03\\x02\\xaaT')"
2025-01-09 22:11:09,301 LT1-thread root DEBUG client.py                 71    logger_log                : sending frame '02030007000000420302aa54'
2025-01-09 22:11:09,301 LT1-thread root DEBUG client.py                 71    logger_log                : gatt_command_rsp_succ
2025-01-09 22:11:09,301 LT1-thread root DEBUG client.py                 71    logger_log                : read
2025-01-09 22:11:09,371 BTPWorkerThread-2882 (_rx_task) root DEBUG client.py                 71    logger_log                : Read 5 bytes
2025-01-09 22:11:09,391 BTPWorkerThread-2882 (_rx_task) root DEBUG client.py                 71    logger_log                : Received: hdr: Header(svc_id=0x02, op=0x03, ctrl_index=0x00, data_len=0x02) bytearray(b'\x02\x03\x00\x02\x00')
2025-01-09 22:11:09,431 BTPWorkerThread-2882 (_rx_task) root DEBUG client.py                 71    logger_log                : Read 2 bytes data
2025-01-09 22:11:09,451 BTPWorkerThread-2882 (_rx_task) root DEBUG client.py                 71    logger_log                : Received data: {'00 00'}, bytearray(b'\x00\x00')
2025-01-09 22:11:09,481 LT1-thread root DEBUG client.py                 71    logger_log                : received Header(svc_id=2, op=3, ctrl_index=0, data_len=2) (b'\x00\x00',)
2025-01-09 22:11:09,481 LT1-thread root DEBUG client.py                 71    logger_log                : Starting test function: class=<class 'autopts.ptsprojects.testcase.TestFunc'>, func=<function gatts_set_val at 0x000001C0FF3F5F80> start_wid=None stop_wid=None post_wid=None skip_call=None call_count=124 args=(0, '03') kwds={}
2025-01-09 22:11:09,481 LT1-thread root DEBUG client.py                 71    logger_log                : Test function parameters: args=(0, '03'), kwds={}
2025-01-09 22:11:09,481 LT1-thread root DEBUG client.py                 71    logger_log                : gatts_set_val 0 '03' 
2025-01-09 22:11:09,481 LT1-thread root DEBUG client.py                 71    logger_log                : send, 2 6 0 "bytearray(b'\\x00\\x00\\x01\\x00\\x03')"
2025-01-09 22:11:09,481 LT1-thread root DEBUG client.py                 71    logger_log                : sending frame '02060005000000010003'
2025-01-09 22:11:09,481 LT1-thread root DEBUG client.py                 71    logger_log                : gatt_command_rsp_succ
2025-01-09 22:11:09,481 LT1-thread root DEBUG client.py                 71    logger_log                : read
2025-01-09 22:11:09,551 BTPWorkerThread-2882 (_rx_task) root DEBUG client.py                 71    logger_log                : Read 5 bytes
2025-01-09 22:11:09,571 BTPWorkerThread-2882 (_rx_task) root DEBUG client.py                 71    logger_log                : Received: hdr: Header(svc_id=0x02, op=0x06, ctrl_index=0x00, data_len=0x00) bytearray(b'\x02\x06\x00\x00\x00')
2025-01-09 22:11:09,601 BTPWorkerThread-2882 (_rx_task) root DEBUG client.py                 71    logger_log                : Received data: {''}, bytearray(b'')
2025-01-09 22:11:09,631 LT1-thread root DEBUG client.py                 71    logger_log                : received Header(svc_id=2, op=6, ctrl_index=0, data_len=0) (b'',)
2025-01-09 22:11:09,631 LT1-thread root DEBUG client.py                 71    logger_log                : Starting test function: class=<class 'autopts.ptsprojects.testcase.TestFunc'>, func=<function gatts_add_char at 0x000001C0FF3F5EE0> start_wid=None stop_wid=None post_wid=None skip_call=None call_count=124 args=(0, 10, 48, 'AA55') kwds={}
2025-01-09 22:11:09,631 LT1-thread root DEBUG client.py                 71    logger_log                : Test function parameters: args=(0, 10, 48, 'AA55'), kwds={}
2025-01-09 22:11:09,631 LT1-thread root DEBUG client.py                 71    logger_log                : gatts_add_char 0 10 48 'AA55'
2025-01-09 22:11:09,631 LT1-thread root DEBUG client.py                 71    logger_log                : send, 2 3 0 "bytearray(b'\\x00\\x00\\n0\\x02\\xaaU')"
2025-01-09 22:11:09,631 LT1-thread root DEBUG client.py                 71    logger_log                : sending frame '020300070000000a3002aa55'
2025-01-09 22:11:09,631 LT1-thread root DEBUG client.py                 71    logger_log                : gatt_command_rsp_succ
2025-01-09 22:11:09,631 LT1-thread root DEBUG client.py                 71    logger_log                : read
2025-01-09 22:11:09,691 BTPWorkerThread-2882 (_rx_task) root DEBUG client.py                 71    logger_log                : Read 5 bytes
2025-01-09 22:11:09,711 BTPWorkerThread-2882 (_rx_task) root DEBUG client.py                 71    logger_log                : Received: hdr: Header(svc_id=0x02, op=0x03, ctrl_index=0x00, data_len=0x02) bytearray(b'\x02\x03\x00\x02\x00')
2025-01-09 22:11:09,731 BTPWorkerThread-2882 (_rx_task) root DEBUG client.py                 71    logger_log                : Read 2 bytes data
2025-01-09 22:11:09,751 BTPWorkerThread-2882 (_rx_task) root DEBUG client.py                 71    logger_log                : Received data: {'00 00'}, bytearray(b'\x00\x00')
2025-01-09 22:11:09,781 LT1-thread root DEBUG client.py                 71    logger_log                : received Header(svc_id=2, op=3, ctrl_index=0, data_len=2) (b'\x00\x00',)
2025-01-09 22:11:09,781 LT1-thread root DEBUG client.py                 71    logger_log                : Starting test function: class=<class 'autopts.ptsprojects.testcase.TestFunc'>, func=<function gatts_set_val at 0x000001C0FF3F5F80> start_wid=None stop_wid=None post_wid=None skip_call=None call_count=124 args=(0, '04') kwds={}
2025-01-09 22:11:09,781 LT1-thread root DEBUG client.py                 71    logger_log                : Test function parameters: args=(0, '04'), kwds={}
2025-01-09 22:11:09,781 LT1-thread root DEBUG client.py                 71    logger_log                : gatts_set_val 0 '04' 
2025-01-09 22:11:09,781 LT1-thread root DEBUG client.py                 71    logger_log                : send, 2 6 0 "bytearray(b'\\x00\\x00\\x01\\x00\\x04')"
2025-01-09 22:11:09,781 LT1-thread root DEBUG client.py                 71    logger_log                : sending frame '02060005000000010004'
2025-01-09 22:11:09,781 LT1-thread root DEBUG client.py                 71    logger_log                : gatt_command_rsp_succ
2025-01-09 22:11:09,781 LT1-thread root DEBUG client.py                 71    logger_log                : read
2025-01-09 22:11:09,851 BTPWorkerThread-2882 (_rx_task) root DEBUG client.py                 71    logger_log                : Read 5 bytes
2025-01-09 22:11:09,871 BTPWorkerThread-2882 (_rx_task) root DEBUG client.py                 71    logger_log                : Received: hdr: Header(svc_id=0x02, op=0x06, ctrl_index=0x00, data_len=0x00) bytearray(b'\x02\x06\x00\x00\x00')
2025-01-09 22:11:09,891 BTPWorkerThread-2882 (_rx_task) root DEBUG client.py                 71    logger_log                : Received data: {''}, bytearray(b'')
2025-01-09 22:11:09,921 LT1-thread root DEBUG client.py                 71    logger_log                : received Header(svc_id=2, op=6, ctrl_index=0, data_len=0) (b'',)
2025-01-09 22:11:09,921 LT1-thread root DEBUG client.py                 71    logger_log                : Starting test function: class=<class 'autopts.ptsprojects.testcase.TestFunc'>, func=<function gatts_start_server at 0x000001C0FF3F6200> start_wid=None stop_wid=None post_wid=None skip_call=None call_count=124 args=() kwds={}
2025-01-09 22:11:09,921 LT1-thread root DEBUG client.py                 71    logger_log                : Test function parameters: args=(), kwds={}
2025-01-09 22:11:09,921 LT1-thread root DEBUG client.py                 71    logger_log                : gatts_start_server
2025-01-09 22:11:09,921 LT1-thread root DEBUG client.py                 71    logger_log                : send, 2 7 0 ''
2025-01-09 22:11:09,921 LT1-thread root DEBUG client.py                 71    logger_log                : sending frame '0207000000'
2025-01-09 22:11:09,921 LT1-thread root DEBUG client.py                 71    logger_log                : gatt_command_rsp_succ
2025-01-09 22:11:09,921 LT1-thread root DEBUG client.py                 71    logger_log                : read
2025-01-09 22:11:09,991 BTPWorkerThread-2882 (_rx_task) root DEBUG client.py                 71    logger_log                : Read 5 bytes
2025-01-09 22:11:10,011 BTPWorkerThread-2882 (_rx_task) root DEBUG client.py                 71    logger_log                : Received: hdr: Header(svc_id=0x02, op=0x07, ctrl_index=0x00, data_len=0x03) bytearray(b'\x02\x07\x00\x03\x00')
2025-01-09 22:11:10,051 BTPWorkerThread-2882 (_rx_task) root DEBUG client.py                 71    logger_log                : Read 3 bytes data
2025-01-09 22:11:10,071 BTPWorkerThread-2882 (_rx_task) root DEBUG client.py                 71    logger_log                : Received data: {'00 00 00'}, bytearray(b'\x00\x00\x00')
2025-01-09 22:11:10,101 LT1-thread root DEBUG client.py                 71    logger_log                : received Header(svc_id=2, op=7, ctrl_index=0, data_len=3) (b'\x00\x00\x00',)
2025-01-09 22:11:10,101 LT1-thread root DEBUG client.py                 71    logger_log                : ClientCallback.get_result run_test_case
2025-01-09 22:11:14,192 LT1-callback ClientCallback.on_implicit_send INFO client.py                 71    logger_log                : 
    ********************
    BEGIN OnImplicitSend:
    project_name: GAP
    wid: 20100
    test_case_name: GAP/PADV/PASE/BV-06-C
    description: Please initiate a GATT connection to the PTS.

Description: Verify that the Implementation Under Test (IUT) can initiate a GATT connect request to the PTS.
    style: MMI_Style_Ok_Cancel2 0x11141
2025-01-09 22:11:14,192 LT1-callback ClientCallback.on_implicit_send INFO client.py                 71    logger_log                : Calling test cases on_implicit_send
2025-01-09 22:11:14,192 LT1-callback ClientCallback.on_implicit_send INFO client.py                 71    logger_log                : 
    on_implicit_send returned response: WAIT
    END OnImplicitSend
    ********************
2025-01-09 22:11:15,127 LT1-thread root DEBUG client.py                 71    logger_log                : GAP GAP/PADV/PASE/BV-06-C on_implicit_send
2025-01-09 22:11:15,127 LT1-thread root DEBUG client.py                 71    logger_log                : gap_wid_hdl, 20100, Please initiate a GATT connection to the PTS.

Description: Verify that the Implementation Under Test (IUT) can initiate a GATT connect request to the PTS., GAP/PADV/PASE/BV-06-C
2025-01-09 22:11:15,127 LT1-thread root DEBUG client.py                 71    logger_log                : gap_conn None None
2025-01-09 22:11:15,127 LT1-thread root DEBUG client.py                 71    logger_log                : send, 1 14 0 "bytearray(b'\\x00\\xe6\\xf2Y\\xe8\\x07\\xc0\\x00')"
2025-01-09 22:11:15,128 LT1-thread root DEBUG client.py                 71    logger_log                : sending frame '010e00080000e6f259e807c000'
2025-01-09 22:11:15,128 LT1-thread root DEBUG client.py                 71    logger_log                : read
2025-01-09 22:11:15,195 BTPWorkerThread-2882 (_rx_task) root DEBUG client.py                 71    logger_log                : Read 5 bytes
2025-01-09 22:11:15,215 BTPWorkerThread-2882 (_rx_task) root DEBUG client.py                 71    logger_log                : Received: hdr: Header(svc_id=0x01, op=0x0e, ctrl_index=0x00, data_len=0x00) bytearray(b'\x01\x0e\x00\x00\x00')
2025-01-09 22:11:15,234 BTPWorkerThread-2882 (_rx_task) root DEBUG client.py                 71    logger_log                : Received data: {''}, bytearray(b'')
2025-01-09 22:11:15,264 LT1-thread root DEBUG client.py                 71    logger_log                : Sending response 'OK' to wid 20100 test case GAP/PADV/PASE/BV-06-C
2025-01-09 22:11:15,264 BTPWorkerThread-2882 (_rx_task) root DEBUG client.py                 71    logger_log                : Read 5 bytes
2025-01-09 22:11:15,265 BTPWorkerThread-2882 (_rx_task) root DEBUG client.py                 71    logger_log                : Received: hdr: Header(svc_id=0x01, op=0x82, ctrl_index=0x00, data_len=0x0d) bytearray(b'\x01\x82\x00\r\x00')
2025-01-09 22:11:15,266 BTPWorkerThread-2882 (_rx_task) root DEBUG client.py                 71    logger_log                : Read 13 bytes data
2025-01-09 22:11:15,266 BTPWorkerThread-2882 (_rx_task) root DEBUG client.py                 71    logger_log                : Received data: {'00 e6 f2 59 e8 07 c0 18 00 00 00 90 01'}, bytearray(b'\x00\xe6\xf2Y\xe8\x07\xc0\x18\x00\x00\x00\x90\x01')
2025-01-09 22:11:15,266 BTPWorkerThread-2882 (_rx_task) root DEBUG client.py                 71    logger_log                : event_handler Header(svc_id=1, op=130, ctrl_index=0, data_len=13) (b'\x00\xe6\xf2Y\xe8\x07\xc0\x18\x00\x00\x00\x90\x01',)
2025-01-09 22:11:15,267 BTPWorkerThread-2882 (_rx_task) root DEBUG client.py                 71    logger_log                : gap_connected_ev_ b'\x00\xe6\xf2Y\xe8\x07\xc0\x18\x00\x00\x00\x90\x01'
2025-01-09 22:11:15,267 LT1-thread root DEBUG client.py                 71    logger_log                : ClientCallback.get_result run_test_case
2025-01-09 22:11:16,307 LT1-callback ClientCallback.on_implicit_send INFO client.py                 71    logger_log                : 
    ********************
    BEGIN OnImplicitSend:
    project_name: GAP
    wid: 308
    test_case_name: GAP/PADV/PASE/BV-06-C
    description: Click OK when IUT is ready to perform Periodic Advertising Synchronization Establishment Procedure with listening for periodic advertising events.
    style: MMI_Style_Ok_Cancel1 0x11041
2025-01-09 22:11:16,308 LT1-callback ClientCallback.on_implicit_send INFO client.py                 71    logger_log                : Calling test cases on_implicit_send
2025-01-09 22:11:16,308 LT1-callback ClientCallback.on_implicit_send INFO client.py                 71    logger_log                : 
    on_implicit_send returned response: WAIT
    END OnImplicitSend
    ********************
2025-01-09 22:11:17,272 LT1-thread root DEBUG client.py                 71    logger_log                : GAP GAP/PADV/PASE/BV-06-C on_implicit_send
2025-01-09 22:11:17,273 LT1-thread root DEBUG client.py                 71    logger_log                : gap_wid_hdl, 308, Click OK when IUT is ready to perform Periodic Advertising Synchronization Establishment Procedure with listening for periodic advertising events., GAP/PADV/PASE/BV-06-C
2025-01-09 22:11:17,273 LT1-thread root DEBUG client.py                 71    logger_log                : gap_padv_sync_transfer_recv
2025-01-09 22:11:17,274 LT1-thread root DEBUG client.py                 71    logger_log                : send, 1 41 0 "bytearray(b'\\x00\\xe6\\xf2Y\\xe8\\x07\\xc0\\x00\\x00\\n\\x00\\x00')"
2025-01-09 22:11:17,274 LT1-thread root DEBUG client.py                 71    logger_log                : sending frame '0129000c0000e6f259e807c000000a0000'
2025-01-09 22:11:17,274 LT1-thread root DEBUG client.py                 71    logger_log                : gap_command_rsp_succ
2025-01-09 22:11:17,275 LT1-thread root DEBUG client.py                 71    logger_log                : read
2025-01-09 22:11:17,341 BTPWorkerThread-2882 (_rx_task) root DEBUG client.py                 71    logger_log                : Read 5 bytes
2025-01-09 22:11:17,360 BTPWorkerThread-2882 (_rx_task) root DEBUG client.py                 71    logger_log                : Received: hdr: Header(svc_id=0x01, op=0x00, ctrl_index=0x00, data_len=0x01) bytearray(b'\x01\x00\x00\x01\x00')
2025-01-09 22:11:17,399 BTPWorkerThread-2882 (_rx_task) root DEBUG client.py                 71    logger_log                : Read 1 bytes data
2025-01-09 22:11:17,418 BTPWorkerThread-2882 (_rx_task) root DEBUG client.py                 71    logger_log                : Received data: {'01'}, bytearray(b'\x01')
2025-01-09 22:11:17,447 LT1-thread root DEBUG client.py                 71    logger_log                : received Header(svc_id=1, op=0, ctrl_index=0, data_len=1) (b'\x01',)
2025-01-09 22:11:17,448 LT1-thread root ERROR client.py                 71    logger_log                : Error opcode in response!
Traceback (most recent call last):
  File "C:\Dpc\auto-pts-github\autopts\client.py", line 998, in _run_test_case
    response = test_case.run_next_step()
               ^^^^^^^^^^^^^^^^^^^^^^^^^
  File "C:\Dpc\auto-pts-github\autopts\ptsprojects\testcase.py", line 664, in run_next_step
    response = step(*args)
               ^^^^^^^^^^^
  File "C:\Dpc\auto-pts-github\autopts\ptsprojects\testcase.py", line 684, in run_wid
    my_response = self.handle_mmi_generic(wid, description, style,
                  ^^^^^^^^^^^^^^^^^^^^^^^^^^^^^^^^^^^^^^^^^^^^^^^^
  File "C:\Dpc\auto-pts-github\autopts\ptsprojects\testcase.py", line 605, in handle_mmi_generic
    response = self.generic_wid_hdl(wid, description, test_case_name)
               ^^^^^^^^^^^^^^^^^^^^^^^^^^^^^^^^^^^^^^^^^^^^^^^^^^^^^^
  File "C:\Dpc\auto-pts-github\autopts\ptsprojects\zephyr\gap_wid.py", line 26, in gap_wid_hdl
    return generic_wid_hdl(wid, description, test_case_name, [__name__, 'autopts.wid.gap'])
           ^^^^^^^^^^^^^^^^^^^^^^^^^^^^^^^^^^^^^^^^^^^^^^^^^^^^^^^^^^^^^^^^^^^^^^^^^^^^^^^^
  File "C:\Dpc\auto-pts-github\autopts\wid\wid.py", line 26, in generic_wid_hdl
    response = _generic_wid_hdl(wid, description, test_case_name, module_names)
               ^^^^^^^^^^^^^^^^^^^^^^^^^^^^^^^^^^^^^^^^^^^^^^^^^^^^^^^^^^^^^^^^
  File "C:\Dpc\auto-pts-github\autopts\wid\wid.py", line 22, in _generic_wid_hdl
    return wid_hdl(WIDParams(wid, description, test_case_name))
           ^^^^^^^^^^^^^^^^^^^^^^^^^^^^^^^^^^^^^^^^^^^^^^^^^^^^
  File "C:\Dpc\auto-pts-github\autopts\wid\gap.py", line 1373, in hdl_wid_308
    btp.gap_padv_sync_transfer_recv(0, 10, 0)
  File "C:\Dpc\auto-pts-github\autopts\pybtp\btp\gap.py", line 1422, in gap_padv_sync_transfer_recv
    gap_command_rsp_succ()
  File "C:\Dpc\auto-pts-github\autopts\pybtp\btp\gap.py", line 979, in gap_command_rsp_succ
    btp_hdr_check(tuple_hdr, defs.BTP_SERVICE_ID_GAP, op)
  File "C:\Dpc\auto-pts-github\autopts\pybtp\btp\btp.py", line 381, in btp_hdr_check
    raise BTPError("Error opcode in response!")
autopts.pybtp.types.BTPError: Error opcode in response!
2025-01-09 22:11:17,451 LT1-thread root DEBUG client.py                 71    logger_log                : get_error_code returning error code 'BTP ERROR' for exception BTPError('Error opcode in response!')
2025-01-09 22:11:17,459 LT1-thread root DEBUG client.py                 71    logger_log                : After run_test_case error_code='BTP ERROR' status='RUNNING'
2025-01-09 22:11:17,460 LT1-thread root DEBUG client.py                 71    logger_log                : post_run GAP GAP/PADV/PASE/BV-06-C BTP ERROR
2025-01-09 22:11:17,461 MainThread root DEBUG client.py                 71    logger_log                : Interrupting GAP GAP/PADV/PASE/BV-06-C test case of thread LT1-thread
2025-01-09 22:11:17,461 LT1-thread root DEBUG client.py                 71    logger_log                : Starting test function: class=<class 'autopts.ptsprojects.testcase.TestFuncCleanUp'>, func=<bound method Stack.cleanup of <autopts.ptsprojects.stack.stack.Stack object at 0x000001C083019550>> start_wid=None stop_wid=None post_wid=None skip_call=None call_count=2 args=() kwds={}
2025-01-09 22:11:17,462 LT1-thread root DEBUG client.py                 71    logger_log                : Test function parameters: args=(), kwds={}
2025-01-09 22:11:17,462 LT1-thread root DEBUG client.py                 71    logger_log                : Starting test function: class=<class 'autopts.ptsprojects.testcase.TestFuncCleanUp'>, func=<bound method ZephyrCtl.stop of <autopts.ptsprojects.zephyr.iutctl.ZephyrCtl object at 0x000001C08303E410>> start_wid=None stop_wid=None post_wid=None skip_call=None call_count=2 args=() kwds={}
2025-01-09 22:11:17,463 LT1-thread root DEBUG client.py                 71    logger_log                : Test function parameters: args=(), kwds={}
2025-01-09 22:11:17,463 LT1-thread root DEBUG client.py                 71    logger_log                : <class 'autopts.ptsprojects.zephyr.iutctl.ZephyrCtl'>.stop
2025-01-09 22:11:17,464 LT1-thread root DEBUG client.py                 71    logger_log                : About to reset DUT: JLink -CommandFile reset.jlink -usb 1064371884 -device MCXW716
2025-01-09 22:11:17,811 BTPWorkerThread-2882 (_rx_task) root DEBUG client.py                 71    logger_log                : Read 5 bytes
2025-01-09 22:11:17,812 BTPWorkerThread-2882 (_rx_task) root DEBUG client.py                 71    logger_log                : Received: hdr: Header(svc_id=0x01, op=0x83, ctrl_index=0x00, data_len=0x07) bytearray(b'\x01\x83\x00\x07\x00')
2025-01-09 22:11:17,813 BTPWorkerThread-2882 (_rx_task) root DEBUG client.py                 71    logger_log                : Read 7 bytes data
2025-01-09 22:11:17,813 BTPWorkerThread-2882 (_rx_task) root DEBUG client.py                 71    logger_log                : Received data: {'00 e6 f2 59 e8 07 c0'}, bytearray(b'\x00\xe6\xf2Y\xe8\x07\xc0')
2025-01-09 22:11:17,814 BTPWorkerThread-2882 (_rx_task) root DEBUG client.py                 71    logger_log                : event_handler Header(svc_id=1, op=131, ctrl_index=0, data_len=7) (b'\x00\xe6\xf2Y\xe8\x07\xc0',)
2025-01-09 22:11:17,814 BTPWorkerThread-2882 (_rx_task) root DEBUG client.py                 71    logger_log                : gap_disconnected_ev_ b'\x00\xe6\xf2Y\xe8\x07\xc0'
2025-01-09 22:11:17,814 BTPWorkerThread-2882 (_rx_task) root ERROR client.py                 71    logger_log                : KeyError('c007e859f2e6')
2025-01-09 22:11:18,118 BTPWorkerThread-2882 (_rx_task) root DEBUG client.py                 71    logger_log                : Read 5 bytes
2025-01-09 22:11:18,137 BTPWorkerThread-2882 (_rx_task) root DEBUG client.py                 71    logger_log                : Received: hdr: Header(svc_id=0x00, op=0x80, ctrl_index=0xff, data_len=0x00) bytearray(b'\x00\x80\xff\x00\x00')
2025-01-09 22:11:18,157 BTPWorkerThread-2882 (_rx_task) root DEBUG client.py                 71    logger_log                : Received data: {''}, bytearray(b'')
2025-01-09 22:11:18,186 BTPWorkerThread-2882 (_rx_task) root DEBUG client.py                 71    logger_log                : event_handler Header(svc_id=0, op=128, ctrl_index=255, data_len=0) (b'',)
2025-01-09 22:11:18,205 BTPWorkerThread-2882 (_rx_task) root DEBUG client.py                 71    logger_log                : core_iut_ready_ev
2025-01-09 22:11:18,225 LT1-thread root DEBUG client.py                 71    logger_log                : IUT ready event received OK
2025-01-09 22:11:18,225 LT1-thread root DEBUG client.py                 71    logger_log                : Waiting for _rx_worker to finish ...
2025-01-09 22:11:19,227 BTPWorkerThread-2882 (_rx_task) root DEBUG client.py                 71    logger_log                : BTPWorkerThread-2882 (_rx_task) finishing...
2025-01-09 22:11:19,227 LT1-thread root DEBUG client.py                 71    logger_log                : Waiting for _rx_worker to finish ...
2025-01-09 22:11:20,397 LT1-callback ClientCallback.log INFO client.py                 71    logger_log                : PTS_LOGTYPE_START_TEST Start Test Case 

+16 ms
 GAP/PADV/PASE/BV-06-C GAP/PADV/PASE/BV-06-C

2025-01-09 22:11:21,322 LT1-callback ClientCallback.log INFO client.py                 71    logger_log                : PTS_LOGTYPE_FINAL_VERDICT Final Verdict 

+7969 ms
 GAP/PADV/PASE/BV-06-C INCONC

2025-01-09 22:11:21,332 LT1-callback ClientCallback.log INFO client.py                 71    logger_log                : PTS_LOGTYPE_FINAL_VERDICT Encrypted Verdict 

+7969 ms
 GAP/PADV/PASE/BV-06-C A1#ZWY4MzQ5MDg3MmQwNTIxOGQzMzQ5YjY2ODA5M2MzNjQ5ZDY4NmY0Yjc2MzIzM2VkNTUyNTFhNGU4Mjg1MjI0NA==#Br5KBwmavhLIbYxkRkLbrPkWSUmZ5idFR2i62YabD8tio0wJE2c68dwXhj6px9QN

2025-01-09 22:11:21,559 LT1-callback ClientCallback.log INFO client.py                 71    logger_log                : PTS_LOGTYPE_END_TEST Test Case Ended 

+7969 ms
 GAP/PADV/PASE/BV-06-C GAP/PADV/PASE/BV-06-C

2025-01-09 22:11:21,908 LT1-callback root DEBUG client.py                 71    logger_log                : ClientCallback, set_result, run_test_case, INCONC
2025-01-09 22:11:22,249 LT1-thread root DEBUG client.py                 71    logger_log                : post_run, cleanup running post test case script
2025-01-09 22:11:22,250 LT1-thread root DEBUG client.py                 71    logger_log                : post_run, run post test case script
2025-01-09 22:11:22,502 LT1-thread root DEBUG client.py                 71    logger_log                : Done TestCase _run_test_case GAP GAP/PADV/PASE/BV-06-C
