2025-06-04 00:04:59,637 LT1-thread root DEBUG client.py                 80    logger_log                : Starting TestCase _run_test_case L2CAP L2CAP/ECF/BV-02-C
2025-06-04 00:04:59,637 LT1-thread root DEBUG client.py                 80    logger_log                : pre_run L2CAP L2CAP/ECF/BV-02-C
2025-06-04 00:04:59,637 LT1-thread root DEBUG client.py                 80    logger_log                : About to run test case L2CAP L2CAP/ECF/BV-02-C with commands:
2025-06-04 00:04:59,637 LT1-thread root DEBUG client.py                 80    logger_log                : 0) class=<class 'autopts.ptsprojects.testcase.TestFunc'>, func=<bound method Stack.core_init of <autopts.ptsprojects.stack.stack.Stack object at 0x0000027DB3486650>> start_wid=None stop_wid=None post_wid=None skip_call=None call_count=0 args=() kwds={}
2025-06-04 00:04:59,637 LT1-thread root DEBUG client.py                 80    logger_log                : 1) class=<class 'autopts.ptsprojects.testcase.TestFunc'>, func=<bound method ZephyrCtl.hw_reset of <autopts.ptsprojects.zephyr.iutctl.ZephyrCtl object at 0x0000027DB3486B90>> start_wid=None stop_wid=None post_wid=None skip_call=None call_count=0 args=() kwds={}
2025-06-04 00:04:59,637 LT1-thread root DEBUG client.py                 80    logger_log                : 2) class=<class 'autopts.ptsprojects.testcase.TestFunc'>, func=<bound method ZephyrCtl.start of <autopts.ptsprojects.zephyr.iutctl.ZephyrCtl object at 0x0000027DB3486B90>> start_wid=None stop_wid=None post_wid=None skip_call=None call_count=0 args=(<autopts.ptsprojects.zephyr.ztestcase.ZTestCase object at 0x0000027DB3806610>,) kwds={}
2025-06-04 00:04:59,637 LT1-thread root DEBUG client.py                 80    logger_log                : 3) class=<class 'autopts.ptsprojects.testcase.TestFunc'>, func=<bound method ZephyrCtl.hw_reset of <autopts.ptsprojects.zephyr.iutctl.ZephyrCtl object at 0x0000027DB3486B90>> start_wid=None stop_wid=None post_wid=None skip_call=None call_count=0 args=() kwds={}
2025-06-04 00:04:59,637 LT1-thread root DEBUG client.py                 80    logger_log                : 4) class=<class 'autopts.ptsprojects.testcase.TestFunc'>, func=<bound method ZephyrCtl.wait_iut_ready_event of <autopts.ptsprojects.zephyr.iutctl.ZephyrCtl object at 0x0000027DB3486B90>> start_wid=None stop_wid=None post_wid=None skip_call=None call_count=0 args=(False,) kwds={}
2025-06-04 00:04:59,637 LT1-thread root DEBUG client.py                 80    logger_log                : 5) class=<class 'autopts.ptsprojects.testcase.TestFunc'>, func=<function core_reg_svc_gap at 0x0000027DAFB467A0> start_wid=None stop_wid=None post_wid=None skip_call=None call_count=124 args=() kwds={}
2025-06-04 00:04:59,637 LT1-thread root DEBUG client.py                 80    logger_log                : 6) class=<class 'autopts.ptsprojects.testcase.TestFunc'>, func=<function core_reg_svc_l2cap at 0x0000027DAFB46A20> start_wid=None stop_wid=None post_wid=None skip_call=None call_count=116 args=() kwds={}
2025-06-04 00:04:59,637 LT1-thread root DEBUG client.py                 80    logger_log                : 7) class=<class 'autopts.ptsprojects.testcase.TestFunc'>, func=<function gap_read_ctrl_info at 0x0000027DAFB78720> start_wid=None stop_wid=None post_wid=None skip_call=None call_count=116 args=() kwds={}
2025-06-04 00:04:59,637 LT1-thread root DEBUG client.py                 80    logger_log                : 8) class=<class 'autopts.ptsprojects.testcase.TestFunc'>, func=<function test_cases.<locals>.<lambda> at 0x0000027DB34F1B20> start_wid=None stop_wid=None post_wid=None skip_call=None call_count=116 args=() kwds={}
2025-06-04 00:04:59,637 LT1-thread root DEBUG client.py                 80    logger_log                : 9) class=<class 'autopts.ptsprojects.testcase.TestFunc'>, func=<function test_cases.<locals>.<lambda> at 0x0000027DB3547240> start_wid=None stop_wid=None post_wid=None skip_call=None call_count=116 args=() kwds={}
2025-06-04 00:04:59,637 LT1-thread root DEBUG client.py                 80    logger_log                : 10) class=<class 'autopts.ptsprojects.testcase.TestFunc'>, func=<function test_cases.<locals>.<lambda> at 0x0000027DB35472E0> start_wid=None stop_wid=None post_wid=None skip_call=None call_count=116 args=() kwds={}
2025-06-04 00:04:59,647 LT1-thread root DEBUG client.py                 80    logger_log                : 11) class=<class 'autopts.ptsprojects.testcase.TestFunc'>, func=<function test_cases.<locals>.<lambda> at 0x0000027DB3547380> start_wid=None stop_wid=None post_wid=None skip_call=None call_count=116 args=() kwds={}
2025-06-04 00:04:59,647 LT1-thread root DEBUG client.py                 80    logger_log                : 12) class=<class 'autopts.ptsprojects.testcase.TestFunc'>, func=<function test_cases.<locals>.<lambda> at 0x0000027DB3547420> start_wid=None stop_wid=None post_wid=None skip_call=None call_count=116 args=() kwds={}
2025-06-04 00:04:59,647 LT1-thread root DEBUG client.py                 80    logger_log                : 13) class=<class 'autopts.ptsprojects.testcase.TestFunc'>, func=<function test_cases.<locals>.<lambda> at 0x0000027DB35474C0> start_wid=None stop_wid=None post_wid=None skip_call=None call_count=116 args=() kwds={}
2025-06-04 00:04:59,647 LT1-thread root DEBUG client.py                 80    logger_log                : 14) class=<class 'autopts.ptsprojects.testcase.TestFunc'>, func=<function test_cases.<locals>.<lambda> at 0x0000027DB3547560> start_wid=None stop_wid=None post_wid=None skip_call=None call_count=116 args=() kwds={}
2025-06-04 00:04:59,647 LT1-thread root DEBUG client.py                 80    logger_log                : 15) class=<class 'autopts.ptsprojects.testcase.TestFunc'>, func=<function test_cases.<locals>.<lambda> at 0x0000027DB3547600> start_wid=None stop_wid=None post_wid=None skip_call=None call_count=116 args=() kwds={}
2025-06-04 00:04:59,647 LT1-thread root DEBUG client.py                 80    logger_log                : 16) class=<class 'autopts.ptsprojects.testcase.TestFunc'>, func=<function test_cases.<locals>.<lambda> at 0x0000027DB35476A0> start_wid=None stop_wid=None post_wid=None skip_call=None call_count=116 args=() kwds={}
2025-06-04 00:04:59,647 LT1-thread root DEBUG client.py                 80    logger_log                : 17) class=<class 'autopts.ptsprojects.testcase.TestFunc'>, func=<function test_cases.<locals>.<lambda> at 0x0000027DB3547740> start_wid=None stop_wid=None post_wid=None skip_call=None call_count=116 args=() kwds={}
2025-06-04 00:04:59,647 LT1-thread root DEBUG client.py                 80    logger_log                : 18) class=<class 'autopts.ptsprojects.testcase.TestFunc'>, func=<function test_cases.<locals>.<lambda> at 0x0000027DB35477E0> start_wid=None stop_wid=None post_wid=None skip_call=None call_count=116 args=() kwds={}
2025-06-04 00:04:59,647 LT1-thread root DEBUG client.py                 80    logger_log                : 19) class=<class 'autopts.ptsprojects.testcase.TestFunc'>, func=<function test_cases.<locals>.<lambda> at 0x0000027DB3547880> start_wid=None stop_wid=None post_wid=None skip_call=None call_count=116 args=() kwds={}
2025-06-04 00:04:59,647 LT1-thread root DEBUG client.py                 80    logger_log                : 20) class=<class 'autopts.ptsprojects.testcase.TestFunc'>, func=<function test_cases.<locals>.<lambda> at 0x0000027DB3547920> start_wid=None stop_wid=None post_wid=None skip_call=None call_count=116 args=() kwds={}
2025-06-04 00:04:59,647 LT1-thread root DEBUG client.py                 80    logger_log                : 21) class=<class 'autopts.ptsprojects.testcase.TestFunc'>, func=<function test_cases.<locals>.<lambda> at 0x0000027DB35479C0> start_wid=None stop_wid=None post_wid=None skip_call=None call_count=116 args=() kwds={}
2025-06-04 00:04:59,647 LT1-thread root DEBUG client.py                 80    logger_log                : 22) class=<class 'autopts.ptsprojects.testcase.TestFunc'>, func=<function test_cases.<locals>.<lambda> at 0x0000027DB3547A60> start_wid=None stop_wid=None post_wid=None skip_call=None call_count=116 args=() kwds={}
2025-06-04 00:04:59,647 LT1-thread root DEBUG client.py                 80    logger_log                : 23) class=<class 'autopts.ptsprojects.testcase.TestFunc'>, func=<function set_pts_addr at 0x0000027DAFB46340> start_wid=None stop_wid=None post_wid=None skip_call=None call_count=116 args=('00:1B:DC:08:E4:4E', 0) kwds={}
2025-06-04 00:04:59,647 LT1-thread root DEBUG client.py                 80    logger_log                : 24) class=<class 'autopts.ptsprojects.testcase.TestFunc'>, func=<function test_cases.<locals>.<lambda> at 0x0000027DB3547C40> start_wid=None stop_wid=None post_wid=None skip_call=None call_count=99 args=() kwds={}
2025-06-04 00:04:59,647 LT1-thread root DEBUG client.py                 80    logger_log                : 25) class=<class 'autopts.ptsprojects.testcase.TestFunc'>, func=<function test_cases.<locals>.<lambda> at 0x0000027DB3547CE0> start_wid=None stop_wid=None post_wid=None skip_call=None call_count=99 args=() kwds={}
2025-06-04 00:04:59,647 LT1-thread root DEBUG client.py                 80    logger_log                : 26) class=<class 'autopts.ptsprojects.testcase.TestFunc'>, func=<function test_cases.<locals>.<lambda> at 0x0000027DB3547D80> start_wid=None stop_wid=None post_wid=None skip_call=None call_count=99 args=() kwds={}
2025-06-04 00:04:59,647 LT1-thread root DEBUG client.py                 80    logger_log                : 27) class=<class 'autopts.ptsprojects.testcase.TestFunc'>, func=<function test_cases.<locals>.<lambda> at 0x0000027DB3547E20> start_wid=None stop_wid=None post_wid=None skip_call=None call_count=99 args=() kwds={}
2025-06-04 00:04:59,647 LT1-thread root DEBUG client.py                 80    logger_log                : 28) class=<class 'autopts.ptsprojects.testcase.TestFunc'>, func=<function gap_set_io_cap at 0x0000027DAFB53BA0> start_wid=None stop_wid=None post_wid=None skip_call=None call_count=99 args=(3,) kwds={}
2025-06-04 00:04:59,647 LT1-thread root DEBUG client.py                 80    logger_log                : 29) class=<class 'autopts.ptsprojects.testcase.TestFunc'>, func=<bound method Stack.l2cap_init of <autopts.ptsprojects.stack.stack.Stack object at 0x0000027DB3486650>> start_wid=None stop_wid=None post_wid=None skip_call=None call_count=99 args=(4097, 120) kwds={}
2025-06-04 00:04:59,647 LT1-thread root DEBUG client.py                 80    logger_log                : 30) class=<class 'autopts.ptsprojects.testcase.TestFunc'>, func=<function l2cap_br_listen_v2 at 0x0000027DAFBAEE80> start_wid=None stop_wid=None post_wid=None skip_call=None call_count=3 args=(4097, 120, 4, 3, 8) kwds={}
2025-06-04 00:04:59,647 LT1-thread root DEBUG client.py                 80    logger_log                : 31) class=<class 'autopts.ptsprojects.testcase.TestFuncCleanUp'>, func=<bound method Stack.cleanup of <autopts.ptsprojects.stack.stack.Stack object at 0x0000027DB3486650>> start_wid=None stop_wid=None post_wid=None skip_call=None call_count=0 args=() kwds={}
2025-06-04 00:04:59,647 LT1-thread root DEBUG client.py                 80    logger_log                : 32) class=<class 'autopts.ptsprojects.testcase.TestFuncCleanUp'>, func=<bound method ZephyrCtl.stop of <autopts.ptsprojects.zephyr.iutctl.ZephyrCtl object at 0x0000027DB3486B90>> start_wid=None stop_wid=None post_wid=None skip_call=None call_count=0 args=() kwds={}
2025-06-04 00:04:59,647 LT1-thread root DEBUG client.py                 80    logger_log                : pre_run, run pre test case script
2025-06-04 00:04:59,657 LT1-thread root DEBUG client.py                 80    logger_log                : Starting test function: class=<class 'autopts.ptsprojects.testcase.TestFunc'>, func=<bound method Stack.core_init of <autopts.ptsprojects.stack.stack.Stack object at 0x0000027DB3486650>> start_wid=None stop_wid=None post_wid=None skip_call=None call_count=1 args=() kwds={}
2025-06-04 00:04:59,657 LT1-thread root DEBUG client.py                 80    logger_log                : Test function parameters: args=(), kwds={}
2025-06-04 00:04:59,657 LT1-thread root DEBUG client.py                 80    logger_log                : Starting test function: class=<class 'autopts.ptsprojects.testcase.TestFunc'>, func=<bound method ZephyrCtl.hw_reset of <autopts.ptsprojects.zephyr.iutctl.ZephyrCtl object at 0x0000027DB3486B90>> start_wid=None stop_wid=None post_wid=None skip_call=None call_count=1 args=() kwds={}
2025-06-04 00:04:59,657 LT1-thread root DEBUG client.py                 80    logger_log                : Test function parameters: args=(), kwds={}
2025-06-04 00:04:59,657 LT1-thread root DEBUG client.py                 80    logger_log                : Starting test function: class=<class 'autopts.ptsprojects.testcase.TestFunc'>, func=<bound method ZephyrCtl.start of <autopts.ptsprojects.zephyr.iutctl.ZephyrCtl object at 0x0000027DB3486B90>> start_wid=None stop_wid=None post_wid=None skip_call=None call_count=1 args=(<autopts.ptsprojects.zephyr.ztestcase.ZTestCase object at 0x0000027DB3806610>,) kwds={}
2025-06-04 00:04:59,657 LT1-thread root DEBUG client.py                 80    logger_log                : Test function parameters: args=(<autopts.ptsprojects.zephyr.ztestcase.ZTestCase object at 0x0000027DB3806610>,), kwds={}
2025-06-04 00:04:59,667 LT1-thread root DEBUG client.py                 80    logger_log                : <class 'autopts.ptsprojects.zephyr.iutctl.ZephyrCtl'>.start
2025-06-04 00:04:59,667 LT1-thread root DEBUG client.py                 80    logger_log                : <class 'autopts.ptsprojects.zephyr.iutctl.ZephyrCtl'>.flush_serial
2025-06-04 00:05:00,987 LT1-thread root DEBUG client.py                 80    logger_log                : Starting socat process: socat.exe -x -v tcp:10.17.12.103:60415,retry=100,interval=1 /dev/ttyS43,raw,b115200
2025-06-04 00:05:01,007 LT1-thread root DEBUG client.py                 80    logger_log                : accept
2025-06-04 00:05:01,177 BTPWorkerThread-1696 (_rx_task) root DEBUG client.py                 80    logger_log                : BTPWorkerThread-1696 (_rx_task) started
2025-06-04 00:05:01,177 LT1-thread root DEBUG client.py                 80    logger_log                : Starting test function: class=<class 'autopts.ptsprojects.testcase.TestFunc'>, func=<bound method ZephyrCtl.hw_reset of <autopts.ptsprojects.zephyr.iutctl.ZephyrCtl object at 0x0000027DB3486B90>> start_wid=None stop_wid=None post_wid=None skip_call=None call_count=1 args=() kwds={}
2025-06-04 00:05:01,177 LT1-thread root DEBUG client.py                 80    logger_log                : Test function parameters: args=(), kwds={}
2025-06-04 00:05:01,177 LT1-thread root DEBUG client.py                 80    logger_log                : Starting test function: class=<class 'autopts.ptsprojects.testcase.TestFunc'>, func=<bound method ZephyrCtl.wait_iut_ready_event of <autopts.ptsprojects.zephyr.iutctl.ZephyrCtl object at 0x0000027DB3486B90>> start_wid=None stop_wid=None post_wid=None skip_call=None call_count=1 args=(False,) kwds={}
2025-06-04 00:05:01,177 LT1-thread root DEBUG client.py                 80    logger_log                : Test function parameters: args=(False,), kwds={}
2025-06-04 00:05:01,177 LT1-thread root DEBUG client.py                 80    logger_log                : IUT ready event received OK
2025-06-04 00:05:01,177 LT1-thread root DEBUG client.py                 80    logger_log                : Starting test function: class=<class 'autopts.ptsprojects.testcase.TestFunc'>, func=<function core_reg_svc_gap at 0x0000027DAFB467A0> start_wid=None stop_wid=None post_wid=None skip_call=None call_count=125 args=() kwds={}
2025-06-04 00:05:01,177 LT1-thread root DEBUG client.py                 80    logger_log                : Test function parameters: args=(), kwds={}
2025-06-04 00:05:01,177 LT1-thread root DEBUG client.py                 80    logger_log                : core_reg_svc_univ: gap_reg (GAP)
2025-06-04 00:05:01,177 LT1-thread root DEBUG client.py                 80    logger_log                : send, 0 3 255 '1'
2025-06-04 00:05:01,177 LT1-thread root DEBUG client.py                 80    logger_log                : sending frame '0003ff010001'
2025-06-04 00:05:01,177 LT1-thread root DEBUG client.py                 80    logger_log                : core_reg_svc_rsp_succ
2025-06-04 00:05:01,177 LT1-thread root DEBUG client.py                 80    logger_log                : read
2025-06-04 00:05:04,717 BTPWorkerThread-1696 (_rx_task) root DEBUG client.py                 80    logger_log                : Read 5 bytes
2025-06-04 00:05:04,737 BTPWorkerThread-1696 (_rx_task) root DEBUG client.py                 80    logger_log                : Received: hdr: Header(svc_id=0x00, op=0x03, ctrl_index=0xff, data_len=0x00) bytearray(b'\x00\x03\xff\x00\x00')
2025-06-04 00:05:04,757 BTPWorkerThread-1696 (_rx_task) root DEBUG client.py                 80    logger_log                : Received data: {''}, bytearray(b'')
2025-06-04 00:05:04,787 LT1-thread root DEBUG client.py                 80    logger_log                : received Header(svc_id=0, op=3, ctrl_index=255, data_len=0) (b'',)
2025-06-04 00:05:04,787 LT1-thread root DEBUG client.py                 80    logger_log                : expected ((0, 3, 255, 0), (b'',))
2025-06-04 00:05:04,787 LT1-thread root DEBUG client.py                 80    logger_log                : response is valid
2025-06-04 00:05:04,787 LT1-thread root DEBUG client.py                 80    logger_log                : Reading supported commands for service: GAP
2025-06-04 00:05:04,787 LT1-thread root DEBUG client.py                 80    logger_log                : send, 1 1 255 ''
2025-06-04 00:05:04,787 LT1-thread root DEBUG client.py                 80    logger_log                : sending frame '0101ff0000'
2025-06-04 00:05:04,787 LT1-thread root DEBUG client.py                 80    logger_log                : read
2025-06-04 00:05:04,847 BTPWorkerThread-1696 (_rx_task) root DEBUG client.py                 80    logger_log                : Read 5 bytes
2025-06-04 00:05:04,867 BTPWorkerThread-1696 (_rx_task) root DEBUG client.py                 80    logger_log                : Received: hdr: Header(svc_id=0x01, op=0x01, ctrl_index=0xff, data_len=0x06) bytearray(b'\x01\x01\xff\x06\x00')
2025-06-04 00:05:04,907 BTPWorkerThread-1696 (_rx_task) root DEBUG client.py                 80    logger_log                : Read 6 bytes data
2025-06-04 00:05:04,927 BTPWorkerThread-1696 (_rx_task) root DEBUG client.py                 80    logger_log                : Received data: {'6e ff 7f 1f 7e 04'}, bytearray(b'n\xff\x7f\x1f~\x04')
2025-06-04 00:05:04,957 LT1-thread root DEBUG client.py                 80    logger_log                : Starting test function: class=<class 'autopts.ptsprojects.testcase.TestFunc'>, func=<function core_reg_svc_l2cap at 0x0000027DAFB46A20> start_wid=None stop_wid=None post_wid=None skip_call=None call_count=117 args=() kwds={}
2025-06-04 00:05:04,957 LT1-thread root DEBUG client.py                 80    logger_log                : Test function parameters: args=(), kwds={}
2025-06-04 00:05:04,957 LT1-thread root DEBUG client.py                 80    logger_log                : core_reg_svc_univ: l2cap_reg (L2CAP)
2025-06-04 00:05:04,957 LT1-thread root DEBUG client.py                 80    logger_log                : send, 0 3 255 '3'
2025-06-04 00:05:04,957 LT1-thread root DEBUG client.py                 80    logger_log                : sending frame '0003ff010003'
2025-06-04 00:05:04,957 LT1-thread root DEBUG client.py                 80    logger_log                : core_reg_svc_rsp_succ
2025-06-04 00:05:04,957 LT1-thread root DEBUG client.py                 80    logger_log                : read
2025-06-04 00:05:05,037 BTPWorkerThread-1696 (_rx_task) root DEBUG client.py                 80    logger_log                : Read 5 bytes
2025-06-04 00:05:05,057 BTPWorkerThread-1696 (_rx_task) root DEBUG client.py                 80    logger_log                : Received: hdr: Header(svc_id=0x00, op=0x03, ctrl_index=0xff, data_len=0x00) bytearray(b'\x00\x03\xff\x00\x00')
2025-06-04 00:05:05,077 BTPWorkerThread-1696 (_rx_task) root DEBUG client.py                 80    logger_log                : Received data: {''}, bytearray(b'')
2025-06-04 00:05:05,107 LT1-thread root DEBUG client.py                 80    logger_log                : received Header(svc_id=0, op=3, ctrl_index=255, data_len=0) (b'',)
2025-06-04 00:05:05,107 LT1-thread root DEBUG client.py                 80    logger_log                : expected ((0, 3, 255, 0), (b'',))
2025-06-04 00:05:05,107 LT1-thread root DEBUG client.py                 80    logger_log                : response is valid
2025-06-04 00:05:05,107 LT1-thread root DEBUG client.py                 80    logger_log                : Reading supported commands for service: L2CAP
2025-06-04 00:05:05,107 LT1-thread root DEBUG client.py                 80    logger_log                : send, 3 1 255 ''
2025-06-04 00:05:05,107 LT1-thread root DEBUG client.py                 80    logger_log                : sending frame '0301ff0000'
2025-06-04 00:05:05,107 LT1-thread root DEBUG client.py                 80    logger_log                : read
2025-06-04 00:05:05,177 BTPWorkerThread-1696 (_rx_task) root DEBUG client.py                 80    logger_log                : Read 5 bytes
2025-06-04 00:05:05,197 BTPWorkerThread-1696 (_rx_task) root DEBUG client.py                 80    logger_log                : Received: hdr: Header(svc_id=0x03, op=0x01, ctrl_index=0xff, data_len=0x02) bytearray(b'\x03\x01\xff\x02\x00')
2025-06-04 00:05:05,237 BTPWorkerThread-1696 (_rx_task) root DEBUG client.py                 80    logger_log                : Read 2 bytes data
2025-06-04 00:05:05,257 BTPWorkerThread-1696 (_rx_task) root DEBUG client.py                 80    logger_log                : Received data: {'be 3f'}, bytearray(b'\xbe?')
2025-06-04 00:05:05,287 LT1-thread root DEBUG client.py                 80    logger_log                : Starting test function: class=<class 'autopts.ptsprojects.testcase.TestFunc'>, func=<function gap_read_ctrl_info at 0x0000027DAFB78720> start_wid=None stop_wid=None post_wid=None skip_call=None call_count=117 args=() kwds={}
2025-06-04 00:05:05,287 LT1-thread root DEBUG client.py                 80    logger_log                : Test function parameters: args=(), kwds={}
2025-06-04 00:05:05,287 LT1-thread root DEBUG client.py                 80    logger_log                : gap_read_ctrl_info
2025-06-04 00:05:05,287 LT1-thread root DEBUG client.py                 80    logger_log                : send, 1 3 0 ''
2025-06-04 00:05:05,287 LT1-thread root DEBUG client.py                 80    logger_log                : sending frame '0103000000'
2025-06-04 00:05:05,287 LT1-thread root DEBUG client.py                 80    logger_log                : read
2025-06-04 00:05:05,357 BTPWorkerThread-1696 (_rx_task) root DEBUG client.py                 80    logger_log                : Read 5 bytes
2025-06-04 00:05:05,377 BTPWorkerThread-1696 (_rx_task) root DEBUG client.py                 80    logger_log                : Received: hdr: Header(svc_id=0x01, op=0x03, ctrl_index=0x00, data_len=0x115) bytearray(b'\x01\x03\x00\x15\x01')
2025-06-04 00:05:05,417 BTPWorkerThread-1696 (_rx_task) root DEBUG client.py                 80    logger_log                : Read 277 bytes data
2025-06-04 00:05:05,437 BTPWorkerThread-1696 (_rx_task) root DEBUG client.py                 80    logger_log                : Received data: {'19 78 ee 69 17 d0 d3 06 02 00 13 02 00 00 00 00 00 62 74 70 5f 74 65 73 74 65 72 00 00 00 00 00 00 00 00 00 00 00 00 00 00 00 00 00 00 00 00 00 00 00 00 00 00 00 00 00 00 00 00 00 00 00 00 00 00 00 00 00 00 00 00 00 00 00 00 00 00 00 00 00 00 00 00 00 00 00 00 00 00 00 00 00 00 00 00 00 00 00 00 00 00 00 00 00 00 00 00 00 00 00 00 00 00 00 00 00 00 00 00 00 00 00 00 00 00 00 00 00 00 00 00 00 00 00 00 00 00 00 00 00 00 00 00 00 00 00 00 00 00 00 00 00 00 00 00 00 00 00 00 00 00 00 00 00 00 00 00 00 00 00 00 00 00 00 00 00 00 00 00 00 00 00 00 00 00 00 00 00 00 00 00 00 00 00 00 00 00 00 00 00 00 00 00 00 00 00 00 00 00 00 00 00 00 00 00 00 00 00 00 00 00 00 00 00 00 00 00 00 00 00 00 00 00 00 00 00 00 00 00 00 00 00 00 00 00 00 00 00 00 00 00 00 00 00 00 00 00 00 00 00 00 00 00 00 00 00 00 00 00 00 00 00 00 00 00 00 00'}, bytearray(b'\x19x\xeei\x17\xd0\xd3\x06\x02\x00\x13\x02\x00\x00\x00\x00\x00btp_tester\x00\x00\x00\x00\x00\x00\x00\x00\x00\x00\x00\x00\x00\x00\x00\x00\x00\x00\x00\x00\x00\x00\x00\x00\x00\x00\x00\x00\x00\x00\x00\x00\x00\x00\x00\x00\x00\x00\x00\x00\x00\x00\x00\x00\x00\x00\x00\x00\x00\x00\x00\x00\x00\x00\x00\x00\x00\x00\x00\x00\x00\x00\x00\x00\x00\x00\x00\x00\x00\x00\x00\x00\x00\x00\x00\x00\x00\x00\x00\x00\x00\x00\x00\x00\x00\x00\x00\x00\x00\x00\x00\x00\x00\x00\x00\x00\x00\x00\x00\x00\x00\x00\x00\x00\x00\x00\x00\x00\x00\x00\x00\x00\x00\x00\x00\x00\x00\x00\x00\x00\x00\x00\x00\x00\x00\x00\x00\x00\x00\x00\x00\x00\x00\x00\x00\x00\x00\x00\x00\x00\x00\x00\x00\x00\x00\x00\x00\x00\x00\x00\x00\x00\x00\x00\x00\x00\x00\x00\x00\x00\x00\x00\x00\x00\x00\x00\x00\x00\x00\x00\x00\x00\x00\x00\x00\x00\x00\x00\x00\x00\x00\x00\x00\x00\x00\x00\x00\x00\x00\x00\x00\x00\x00\x00\x00\x00\x00\x00\x00\x00\x00\x00\x00\x00\x00\x00\x00\x00\x00\x00\x00\x00\x00\x00\x00\x00\x00\x00\x00\x00\x00\x00\x00\x00\x00\x00\x00\x00\x00\x00\x00\x00\x00\x00\x00\x00\x00\x00\x00\x00\x00\x00\x00\x00\x00\x00\x00\x00\x00\x00')
2025-06-04 00:05:05,467 LT1-thread root DEBUG client.py                 80    logger_log                : received Header(svc_id=1, op=3, ctrl_index=0, data_len=277) (b'\x19x\xeei\x17\xd0\xd3\x06\x02\x00\x13\x02\x00\x00\x00\x00\x00btp_tester\x00\x00\x00\x00\x00\x00\x00\x00\x00\x00\x00\x00\x00\x00\x00\x00\x00\x00\x00\x00\x00\x00\x00\x00\x00\x00\x00\x00\x00\x00\x00\x00\x00\x00\x00\x00\x00\x00\x00\x00\x00\x00\x00\x00\x00\x00\x00\x00\x00\x00\x00\x00\x00\x00\x00\x00\x00\x00\x00\x00\x00\x00\x00\x00\x00\x00\x00\x00\x00\x00\x00\x00\x00\x00\x00\x00\x00\x00\x00\x00\x00\x00\x00\x00\x00\x00\x00\x00\x00\x00\x00\x00\x00\x00\x00\x00\x00\x00\x00\x00\x00\x00\x00\x00\x00\x00\x00\x00\x00\x00\x00\x00\x00\x00\x00\x00\x00\x00\x00\x00\x00\x00\x00\x00\x00\x00\x00\x00\x00\x00\x00\x00\x00\x00\x00\x00\x00\x00\x00\x00\x00\x00\x00\x00\x00\x00\x00\x00\x00\x00\x00\x00\x00\x00\x00\x00\x00\x00\x00\x00\x00\x00\x00\x00\x00\x00\x00\x00\x00\x00\x00\x00\x00\x00\x00\x00\x00\x00\x00\x00\x00\x00\x00\x00\x00\x00\x00\x00\x00\x00\x00\x00\x00\x00\x00\x00\x00\x00\x00\x00\x00\x00\x00\x00\x00\x00\x00\x00\x00\x00\x00\x00\x00\x00\x00\x00\x00\x00\x00\x00\x00\x00\x00\x00\x00\x00\x00\x00\x00\x00\x00\x00\x00\x00\x00\x00\x00\x00\x00\x00\x00\x00\x00\x00\x00\x00\x00\x00\x00\x00',)
2025-06-04 00:05:05,467 LT1-thread root DEBUG client.py                 80    logger_log                : IUT address 'd01769ee7819' 'public'
2025-06-04 00:05:05,467 LT1-thread root DEBUG client.py                 80    logger_log                : __gap_current_settings_update 531
2025-06-04 00:05:05,467 LT1-thread root DEBUG client.py                 80    logger_log                : Starting test function: class=<class 'autopts.ptsprojects.testcase.TestFunc'>, func=<function test_cases.<locals>.<lambda> at 0x0000027DB34F1B20> start_wid=None stop_wid=None post_wid=None skip_call=None call_count=117 args=() kwds={}
2025-06-04 00:05:05,467 LT1-thread root DEBUG client.py                 80    logger_log                : Test function parameters: args=(), kwds={}
2025-06-04 00:05:05,477 LT1-thread root DEBUG client.py                 80    logger_log                : Starting test function: class=<class 'autopts.ptsprojects.testcase.TestFunc'>, func=<function test_cases.<locals>.<lambda> at 0x0000027DB3547240> start_wid=None stop_wid=None post_wid=None skip_call=None call_count=117 args=() kwds={}
2025-06-04 00:05:05,477 LT1-thread root DEBUG client.py                 80    logger_log                : Test function parameters: args=(), kwds={}
2025-06-04 00:05:05,487 LT1-thread root DEBUG client.py                 80    logger_log                : Starting test function: class=<class 'autopts.ptsprojects.testcase.TestFunc'>, func=<function test_cases.<locals>.<lambda> at 0x0000027DB35472E0> start_wid=None stop_wid=None post_wid=None skip_call=None call_count=117 args=() kwds={}
2025-06-04 00:05:05,487 LT1-thread root DEBUG client.py                 80    logger_log                : Test function parameters: args=(), kwds={}
2025-06-04 00:05:05,497 LT1-thread root DEBUG client.py                 80    logger_log                : Starting test function: class=<class 'autopts.ptsprojects.testcase.TestFunc'>, func=<function test_cases.<locals>.<lambda> at 0x0000027DB3547380> start_wid=None stop_wid=None post_wid=None skip_call=None call_count=117 args=() kwds={}
2025-06-04 00:05:05,497 LT1-thread root DEBUG client.py                 80    logger_log                : Test function parameters: args=(), kwds={}
2025-06-04 00:05:05,507 LT1-thread root DEBUG client.py                 80    logger_log                : Starting test function: class=<class 'autopts.ptsprojects.testcase.TestFunc'>, func=<function test_cases.<locals>.<lambda> at 0x0000027DB3547420> start_wid=None stop_wid=None post_wid=None skip_call=None call_count=117 args=() kwds={}
2025-06-04 00:05:05,507 LT1-thread root DEBUG client.py                 80    logger_log                : Test function parameters: args=(), kwds={}
2025-06-04 00:05:05,527 LT1-thread root DEBUG client.py                 80    logger_log                : Starting test function: class=<class 'autopts.ptsprojects.testcase.TestFunc'>, func=<function test_cases.<locals>.<lambda> at 0x0000027DB35474C0> start_wid=None stop_wid=None post_wid=None skip_call=None call_count=117 args=() kwds={}
2025-06-04 00:05:05,527 LT1-thread root DEBUG client.py                 80    logger_log                : Test function parameters: args=(), kwds={}
2025-06-04 00:05:05,537 LT1-thread root DEBUG client.py                 80    logger_log                : Starting test function: class=<class 'autopts.ptsprojects.testcase.TestFunc'>, func=<function test_cases.<locals>.<lambda> at 0x0000027DB3547560> start_wid=None stop_wid=None post_wid=None skip_call=None call_count=117 args=() kwds={}
2025-06-04 00:05:05,537 LT1-thread root DEBUG client.py                 80    logger_log                : Test function parameters: args=(), kwds={}
2025-06-04 00:05:05,547 LT1-thread root DEBUG client.py                 80    logger_log                : Starting test function: class=<class 'autopts.ptsprojects.testcase.TestFunc'>, func=<function test_cases.<locals>.<lambda> at 0x0000027DB3547600> start_wid=None stop_wid=None post_wid=None skip_call=None call_count=117 args=() kwds={}
2025-06-04 00:05:05,547 LT1-thread root DEBUG client.py                 80    logger_log                : Test function parameters: args=(), kwds={}
2025-06-04 00:05:05,557 LT1-thread root DEBUG client.py                 80    logger_log                : Starting test function: class=<class 'autopts.ptsprojects.testcase.TestFunc'>, func=<function test_cases.<locals>.<lambda> at 0x0000027DB35476A0> start_wid=None stop_wid=None post_wid=None skip_call=None call_count=117 args=() kwds={}
2025-06-04 00:05:05,557 LT1-thread root DEBUG client.py                 80    logger_log                : Test function parameters: args=(), kwds={}
2025-06-04 00:05:05,567 LT1-thread root DEBUG client.py                 80    logger_log                : Starting test function: class=<class 'autopts.ptsprojects.testcase.TestFunc'>, func=<function test_cases.<locals>.<lambda> at 0x0000027DB3547740> start_wid=None stop_wid=None post_wid=None skip_call=None call_count=117 args=() kwds={}
2025-06-04 00:05:05,567 LT1-thread root DEBUG client.py                 80    logger_log                : Test function parameters: args=(), kwds={}
2025-06-04 00:05:05,577 LT1-thread root DEBUG client.py                 80    logger_log                : Starting test function: class=<class 'autopts.ptsprojects.testcase.TestFunc'>, func=<function test_cases.<locals>.<lambda> at 0x0000027DB35477E0> start_wid=None stop_wid=None post_wid=None skip_call=None call_count=117 args=() kwds={}
2025-06-04 00:05:05,577 LT1-thread root DEBUG client.py                 80    logger_log                : Test function parameters: args=(), kwds={}
2025-06-04 00:05:05,597 LT1-thread root DEBUG client.py                 80    logger_log                : Starting test function: class=<class 'autopts.ptsprojects.testcase.TestFunc'>, func=<function test_cases.<locals>.<lambda> at 0x0000027DB3547880> start_wid=None stop_wid=None post_wid=None skip_call=None call_count=117 args=() kwds={}
2025-06-04 00:05:05,597 LT1-thread root DEBUG client.py                 80    logger_log                : Test function parameters: args=(), kwds={}
2025-06-04 00:05:05,607 LT1-thread root DEBUG client.py                 80    logger_log                : Starting test function: class=<class 'autopts.ptsprojects.testcase.TestFunc'>, func=<function test_cases.<locals>.<lambda> at 0x0000027DB3547920> start_wid=None stop_wid=None post_wid=None skip_call=None call_count=117 args=() kwds={}
2025-06-04 00:05:05,607 LT1-thread root DEBUG client.py                 80    logger_log                : Test function parameters: args=(), kwds={}
2025-06-04 00:05:05,621 LT1-thread root DEBUG client.py                 80    logger_log                : Starting test function: class=<class 'autopts.ptsprojects.testcase.TestFunc'>, func=<function test_cases.<locals>.<lambda> at 0x0000027DB35479C0> start_wid=None stop_wid=None post_wid=None skip_call=None call_count=117 args=() kwds={}
2025-06-04 00:05:05,621 LT1-thread root DEBUG client.py                 80    logger_log                : Test function parameters: args=(), kwds={}
2025-06-04 00:05:05,637 LT1-thread root DEBUG client.py                 80    logger_log                : Starting test function: class=<class 'autopts.ptsprojects.testcase.TestFunc'>, func=<function test_cases.<locals>.<lambda> at 0x0000027DB3547A60> start_wid=None stop_wid=None post_wid=None skip_call=None call_count=117 args=() kwds={}
2025-06-04 00:05:05,637 LT1-thread root DEBUG client.py                 80    logger_log                : Test function parameters: args=(), kwds={}
2025-06-04 00:05:05,647 LT1-thread root DEBUG client.py                 80    logger_log                : Starting test function: class=<class 'autopts.ptsprojects.testcase.TestFunc'>, func=<function set_pts_addr at 0x0000027DAFB46340> start_wid=None stop_wid=None post_wid=None skip_call=None call_count=117 args=('00:1B:DC:08:E4:4E', 0) kwds={}
2025-06-04 00:05:05,647 LT1-thread root DEBUG client.py                 80    logger_log                : Test function parameters: args=('00:1B:DC:08:E4:4E', 0), kwds={}
2025-06-04 00:05:05,647 LT1-thread root DEBUG client.py                 80    logger_log                : Starting test function: class=<class 'autopts.ptsprojects.testcase.TestFunc'>, func=<function test_cases.<locals>.<lambda> at 0x0000027DB3547C40> start_wid=None stop_wid=None post_wid=None skip_call=None call_count=100 args=() kwds={}
2025-06-04 00:05:05,647 LT1-thread root DEBUG client.py                 80    logger_log                : Test function parameters: args=(), kwds={}
2025-06-04 00:05:05,657 LT1-thread root DEBUG client.py                 80    logger_log                : Starting test function: class=<class 'autopts.ptsprojects.testcase.TestFunc'>, func=<function test_cases.<locals>.<lambda> at 0x0000027DB3547CE0> start_wid=None stop_wid=None post_wid=None skip_call=None call_count=100 args=() kwds={}
2025-06-04 00:05:05,657 LT1-thread root DEBUG client.py                 80    logger_log                : Test function parameters: args=(), kwds={}
2025-06-04 00:05:05,667 LT1-thread root DEBUG client.py                 80    logger_log                : Starting test function: class=<class 'autopts.ptsprojects.testcase.TestFunc'>, func=<function test_cases.<locals>.<lambda> at 0x0000027DB3547D80> start_wid=None stop_wid=None post_wid=None skip_call=None call_count=100 args=() kwds={}
2025-06-04 00:05:05,667 LT1-thread root DEBUG client.py                 80    logger_log                : Test function parameters: args=(), kwds={}
2025-06-04 00:05:05,677 LT1-thread root DEBUG client.py                 80    logger_log                : Starting test function: class=<class 'autopts.ptsprojects.testcase.TestFunc'>, func=<function test_cases.<locals>.<lambda> at 0x0000027DB3547E20> start_wid=None stop_wid=None post_wid=None skip_call=None call_count=100 args=() kwds={}
2025-06-04 00:05:05,677 LT1-thread root DEBUG client.py                 80    logger_log                : Test function parameters: args=(), kwds={}
2025-06-04 00:05:05,687 LT1-thread root DEBUG client.py                 80    logger_log                : Starting test function: class=<class 'autopts.ptsprojects.testcase.TestFunc'>, func=<function gap_set_io_cap at 0x0000027DAFB53BA0> start_wid=None stop_wid=None post_wid=None skip_call=None call_count=100 args=(3,) kwds={}
2025-06-04 00:05:05,687 LT1-thread root DEBUG client.py                 80    logger_log                : Test function parameters: args=(3,), kwds={}
2025-06-04 00:05:05,697 LT1-thread root DEBUG client.py                 80    logger_log                : gap_set_io_cap 3
2025-06-04 00:05:05,697 LT1-thread root DEBUG client.py                 80    logger_log                : send, 1 16 0 '\x03'
2025-06-04 00:05:05,697 LT1-thread root DEBUG client.py                 80    logger_log                : sending frame '011000010003'
2025-06-04 00:05:05,697 LT1-thread root DEBUG client.py                 80    logger_log                : gap_command_rsp_succ
2025-06-04 00:05:05,697 LT1-thread root DEBUG client.py                 80    logger_log                : read
2025-06-04 00:05:05,757 BTPWorkerThread-1696 (_rx_task) root DEBUG client.py                 80    logger_log                : Read 5 bytes
2025-06-04 00:05:05,777 BTPWorkerThread-1696 (_rx_task) root DEBUG client.py                 80    logger_log                : Received: hdr: Header(svc_id=0x01, op=0x10, ctrl_index=0x00, data_len=0x00) bytearray(b'\x01\x10\x00\x00\x00')
2025-06-04 00:05:05,797 BTPWorkerThread-1696 (_rx_task) root DEBUG client.py                 80    logger_log                : Received data: {''}, bytearray(b'')
2025-06-04 00:05:05,827 LT1-thread root DEBUG client.py                 80    logger_log                : received Header(svc_id=1, op=16, ctrl_index=0, data_len=0) (b'',)
2025-06-04 00:05:05,827 LT1-thread root DEBUG client.py                 80    logger_log                : Starting test function: class=<class 'autopts.ptsprojects.testcase.TestFunc'>, func=<bound method Stack.l2cap_init of <autopts.ptsprojects.stack.stack.Stack object at 0x0000027DB3486650>> start_wid=None stop_wid=None post_wid=None skip_call=None call_count=100 args=(4097, 120) kwds={}
2025-06-04 00:05:05,827 LT1-thread root DEBUG client.py                 80    logger_log                : Test function parameters: args=(4097, 120), kwds={}
2025-06-04 00:05:05,827 LT1-thread root DEBUG client.py                 80    logger_log                : Starting test function: class=<class 'autopts.ptsprojects.testcase.TestFunc'>, func=<function l2cap_br_listen_v2 at 0x0000027DAFBAEE80> start_wid=None stop_wid=None post_wid=None skip_call=None call_count=4 args=(4097, 120, 4, 3, 8) kwds={}
2025-06-04 00:05:05,827 LT1-thread root DEBUG client.py                 80    logger_log                : Test function parameters: args=(4097, 120, 4, 3, 8), kwds={}
2025-06-04 00:05:05,827 LT1-thread root DEBUG client.py                 80    logger_log                : l2cap_listen_v2 4097 0 120 4 3 8
2025-06-04 00:05:05,827 LT1-thread root DEBUG client.py                 80    logger_log                : send, 3 12 0 "bytearray(b'\\x01\\x10\\x00x\\x00\\x04\\x00\\x03\\x08\\x00\\x00\\x00')"
2025-06-04 00:05:05,827 LT1-thread root DEBUG client.py                 80    logger_log                : sending frame '030c000c00011000780004000308000000'
2025-06-04 00:05:05,827 LT1-thread root DEBUG client.py                 80    logger_log                : l2cap_command_rsp_succ
2025-06-04 00:05:05,827 LT1-thread root DEBUG client.py                 80    logger_log                : read
2025-06-04 00:05:05,897 BTPWorkerThread-1696 (_rx_task) root DEBUG client.py                 80    logger_log                : Read 5 bytes
2025-06-04 00:05:05,917 BTPWorkerThread-1696 (_rx_task) root DEBUG client.py                 80    logger_log                : Received: hdr: Header(svc_id=0x03, op=0x0c, ctrl_index=0x00, data_len=0x00) bytearray(b'\x03\x0c\x00\x00\x00')
2025-06-04 00:05:05,937 BTPWorkerThread-1696 (_rx_task) root DEBUG client.py                 80    logger_log                : Received data: {''}, bytearray(b'')
2025-06-04 00:05:05,967 LT1-thread root DEBUG client.py                 80    logger_log                : received Header(svc_id=3, op=12, ctrl_index=0, data_len=0) (b'',)
2025-06-04 00:05:05,967 LT1-thread root DEBUG client.py                 80    logger_log                : ClientCallback.get_result run_test_case
2025-06-04 00:05:13,618 LT1-callback ClientCallback.on_implicit_send INFO client.py                 80    logger_log                : 
    ********************
    BEGIN OnImplicitSend:
    project_name: L2CAP
    wid: 15
    test_case_name: L2CAP/ECF/BV-02-C
    description: Action: Place the IUT in connectable mode.

Description : PTS requires that the IUT be in connectable mode.The PTS will attempt to establish an ACL connection.
    style: MMI_Style_Ok_Cancel1 0x11041
2025-06-04 00:05:13,618 LT1-callback ClientCallback.on_implicit_send INFO client.py                 80    logger_log                : Calling test cases on_implicit_send
2025-06-04 00:05:13,618 LT1-callback ClientCallback.on_implicit_send INFO client.py                 80    logger_log                : 
    on_implicit_send returned response: WAIT
    END OnImplicitSend
    ********************
2025-06-04 00:05:14,008 LT1-thread root DEBUG client.py                 80    logger_log                : L2CAP L2CAP/ECF/BV-02-C on_implicit_send
2025-06-04 00:05:14,008 LT1-thread root DEBUG client.py                 80    logger_log                : l2cap_wid_hdl, 15, Action: Place the IUT in connectable mode.

Description : PTS requires that the IUT be in connectable mode.The PTS will attempt to establish an ACL connection., L2CAP/ECF/BV-02-C
2025-06-04 00:05:14,008 LT1-thread root DEBUG client.py                 80    logger_log                : gap_set_conn
2025-06-04 00:05:14,008 LT1-thread root DEBUG client.py                 80    logger_log                : gap_set_gendiscov
2025-06-04 00:05:14,008 LT1-thread root DEBUG client.py                 80    logger_log                : send, 1 8 0 '1'
2025-06-04 00:05:14,008 LT1-thread root DEBUG client.py                 80    logger_log                : sending frame '010800010001'
2025-06-04 00:05:14,008 LT1-thread root DEBUG client.py                 80    logger_log                : gap_command_rsp_succ
2025-06-04 00:05:14,008 LT1-thread root DEBUG client.py                 80    logger_log                : read
2025-06-04 00:05:14,088 BTPWorkerThread-1696 (_rx_task) root DEBUG client.py                 80    logger_log                : Read 5 bytes
2025-06-04 00:05:14,108 BTPWorkerThread-1696 (_rx_task) root DEBUG client.py                 80    logger_log                : Received: hdr: Header(svc_id=0x01, op=0x08, ctrl_index=0x00, data_len=0x04) bytearray(b'\x01\x08\x00\x04\x00')
2025-06-04 00:05:14,138 BTPWorkerThread-1696 (_rx_task) root DEBUG client.py                 80    logger_log                : Read 4 bytes data
2025-06-04 00:05:14,158 BTPWorkerThread-1696 (_rx_task) root DEBUG client.py                 80    logger_log                : Received data: {'1b 02 00 00'}, bytearray(b'\x1b\x02\x00\x00')
2025-06-04 00:05:14,188 LT1-thread root DEBUG client.py                 80    logger_log                : received Header(svc_id=1, op=8, ctrl_index=0, data_len=4) (b'\x1b\x02\x00\x00',)
2025-06-04 00:05:14,188 LT1-thread root DEBUG client.py                 80    logger_log                : __gap_current_settings_update (b'\x1b\x02\x00\x00',)
2025-06-04 00:05:14,188 LT1-thread root DEBUG client.py                 80    logger_log                : gap_adv_ind_on {9: b'Tester_08E44E'} None
2025-06-04 00:05:14,188 LT1-thread root DEBUG client.py                 80    logger_log                : send, 1 10 0 "bytearray(b'\\x0f\\x00\\t\\rTester_08E44E\\xff\\xff\\xff\\xff\\x00')"
2025-06-04 00:05:14,188 LT1-thread root DEBUG client.py                 80    logger_log                : sending frame '010a0016000f00090d5465737465725f303845343445ffffffff00'
2025-06-04 00:05:14,188 LT1-thread root DEBUG client.py                 80    logger_log                : gap_command_rsp_succ
2025-06-04 00:05:14,188 LT1-thread root DEBUG client.py                 80    logger_log                : read
2025-06-04 00:05:14,218 BTPWorkerThread-1696 (_rx_task) root DEBUG client.py                 80    logger_log                : Read 5 bytes
2025-06-04 00:05:14,238 BTPWorkerThread-1696 (_rx_task) root DEBUG client.py                 80    logger_log                : Received: hdr: Header(svc_id=0x01, op=0x82, ctrl_index=0x00, data_len=0x0d) bytearray(b'\x01\x82\x00\r\x00')
2025-06-04 00:05:14,258 BTPWorkerThread-1696 (_rx_task) root DEBUG client.py                 80    logger_log                : Read 13 bytes data
2025-06-04 00:05:14,278 BTPWorkerThread-1696 (_rx_task) root DEBUG client.py                 80    logger_log                : Received data: {'e0 4e e4 08 dc 1b 00 00 00 00 00 00 00'}, bytearray(b'\xe0N\xe4\x08\xdc\x1b\x00\x00\x00\x00\x00\x00\x00')
2025-06-04 00:05:14,298 BTPWorkerThread-1696 (_rx_task) root DEBUG client.py                 80    logger_log                : event_handler Header(svc_id=1, op=130, ctrl_index=0, data_len=13) (b'\xe0N\xe4\x08\xdc\x1b\x00\x00\x00\x00\x00\x00\x00',)
2025-06-04 00:05:14,318 BTPWorkerThread-1696 (_rx_task) root DEBUG client.py                 80    logger_log                : gap_connected_ev_ b'\xe0N\xe4\x08\xdc\x1b\x00\x00\x00\x00\x00\x00\x00'
2025-06-04 00:05:14,358 BTPWorkerThread-1696 (_rx_task) root DEBUG client.py                 80    logger_log                : Read 5 bytes
2025-06-04 00:05:14,378 BTPWorkerThread-1696 (_rx_task) root DEBUG client.py                 80    logger_log                : Received: hdr: Header(svc_id=0x01, op=0x80, ctrl_index=0x00, data_len=0x04) bytearray(b'\x01\x80\x00\x04\x00')
2025-06-04 00:05:14,418 BTPWorkerThread-1696 (_rx_task) root DEBUG client.py                 80    logger_log                : Read 4 bytes data
2025-06-04 00:05:14,438 BTPWorkerThread-1696 (_rx_task) root DEBUG client.py                 80    logger_log                : Received data: {'1b 02 00 00'}, bytearray(b'\x1b\x02\x00\x00')
2025-06-04 00:05:14,468 BTPWorkerThread-1696 (_rx_task) root DEBUG client.py                 80    logger_log                : event_handler Header(svc_id=1, op=128, ctrl_index=0, data_len=4) (b'\x1b\x02\x00\x00',)
2025-06-04 00:05:14,488 BTPWorkerThread-1696 (_rx_task) root DEBUG client.py                 80    logger_log                : gap_new_settings_ev_ b'\x1b\x02\x00\x00'
2025-06-04 00:05:14,508 BTPWorkerThread-1696 (_rx_task) root DEBUG client.py                 80    logger_log                : __gap_current_settings_update 539
2025-06-04 00:05:14,558 BTPWorkerThread-1696 (_rx_task) root DEBUG client.py                 80    logger_log                : Read 5 bytes
2025-06-04 00:05:14,578 BTPWorkerThread-1696 (_rx_task) root DEBUG client.py                 80    logger_log                : Received: hdr: Header(svc_id=0x01, op=0x0a, ctrl_index=0x00, data_len=0x04) bytearray(b'\x01\n\x00\x04\x00')
2025-06-04 00:05:14,608 BTPWorkerThread-1696 (_rx_task) root DEBUG client.py                 80    logger_log                : Read 4 bytes data
2025-06-04 00:05:14,628 BTPWorkerThread-1696 (_rx_task) root DEBUG client.py                 80    logger_log                : Received data: {'1b 06 00 00'}, bytearray(b'\x1b\x06\x00\x00')
2025-06-04 00:05:14,658 LT1-thread root DEBUG client.py                 80    logger_log                : received Header(svc_id=1, op=10, ctrl_index=0, data_len=4) (b'\x1b\x06\x00\x00',)
2025-06-04 00:05:14,658 LT1-thread root DEBUG client.py                 80    logger_log                : __gap_current_settings_update (b'\x1b\x06\x00\x00',)
2025-06-04 00:05:14,658 LT1-thread root DEBUG client.py                 80    logger_log                : Sending response 'OK' to wid 15 test case L2CAP/ECF/BV-02-C
2025-06-04 00:05:14,658 LT1-thread root DEBUG client.py                 80    logger_log                : ClientCallback.get_result run_test_case
2025-06-04 00:05:16,838 BTPWorkerThread-1696 (_rx_task) root DEBUG client.py                 80    logger_log                : Read 5 bytes
2025-06-04 00:05:16,838 BTPWorkerThread-1696 (_rx_task) root DEBUG client.py                 80    logger_log                : Received: hdr: Header(svc_id=0x01, op=0x91, ctrl_index=0x00, data_len=0x09) bytearray(b'\x01\x91\x00\t\x00')
2025-06-04 00:05:16,838 BTPWorkerThread-1696 (_rx_task) root DEBUG client.py                 80    logger_log                : Read 9 bytes data
2025-06-04 00:05:16,838 BTPWorkerThread-1696 (_rx_task) root DEBUG client.py                 80    logger_log                : Received data: {'e0 4e e4 08 dc 1b 00 01 10'}, bytearray(b'\xe0N\xe4\x08\xdc\x1b\x00\x01\x10')
2025-06-04 00:05:16,838 BTPWorkerThread-1696 (_rx_task) root DEBUG client.py                 80    logger_log                : event_handler Header(svc_id=1, op=145, ctrl_index=0, data_len=9) (b'\xe0N\xe4\x08\xdc\x1b\x00\x01\x10',)
2025-06-04 00:05:16,838 BTPWorkerThread-1696 (_rx_task) root DEBUG client.py                 80    logger_log                : gap_encryption_change_ev_
2025-06-04 00:05:16,838 BTPWorkerThread-1696 (_rx_task) root DEBUG client.py                 80    logger_log                : enc change received b'\xe0N\xe4\x08\xdc\x1b\x00\x01\x10'
2025-06-04 00:05:16,838 BTPWorkerThread-1696 (_rx_task) root DEBUG client.py                 80    logger_log                : received (224, '001bdc08e44e', 1, 16)
2025-06-04 00:05:16,838 BTPWorkerThread-1696 (_rx_task) root DEBUG client.py                 80    logger_log                : Read 5 bytes
2025-06-04 00:05:16,838 BTPWorkerThread-1696 (_rx_task) root DEBUG client.py                 80    logger_log                : Received: hdr: Header(svc_id=0x01, op=0x89, ctrl_index=0x00, data_len=0x08) bytearray(b'\x01\x89\x00\x08\x00')
2025-06-04 00:05:16,838 BTPWorkerThread-1696 (_rx_task) root DEBUG client.py                 80    logger_log                : Read 8 bytes data
2025-06-04 00:05:16,838 BTPWorkerThread-1696 (_rx_task) root DEBUG client.py                 80    logger_log                : Received data: {'e0 4e e4 08 dc 1b 00 02'}, bytearray(b'\xe0N\xe4\x08\xdc\x1b\x00\x02')
2025-06-04 00:05:16,838 BTPWorkerThread-1696 (_rx_task) root DEBUG client.py                 80    logger_log                : event_handler Header(svc_id=1, op=137, ctrl_index=0, data_len=8) (b'\xe0N\xe4\x08\xdc\x1b\x00\x02',)
2025-06-04 00:05:16,838 BTPWorkerThread-1696 (_rx_task) root DEBUG client.py                 80    logger_log                : gap_sec_level_changed_ev_
2025-06-04 00:05:16,838 BTPWorkerThread-1696 (_rx_task) root DEBUG client.py                 80    logger_log                : received b'\xe0N\xe4\x08\xdc\x1b\x00\x02'
2025-06-04 00:05:16,838 BTPWorkerThread-1696 (_rx_task) root DEBUG client.py                 80    logger_log                : received (224, '001bdc08e44e', 2)
2025-06-04 00:05:17,038 LT1-callback ClientCallback.on_implicit_send INFO client.py                 80    logger_log                : 
    ********************
    BEGIN OnImplicitSend:
    project_name: L2CAP
    wid: 116
    test_case_name: L2CAP/ECF/BV-02-C
    description: Please send Configure Response.
    style: MMI_Style_Ok_Cancel2 0x11141
2025-06-04 00:05:17,038 LT1-callback ClientCallback.on_implicit_send INFO client.py                 80    logger_log                : Calling test cases on_implicit_send
2025-06-04 00:05:17,038 LT1-callback ClientCallback.on_implicit_send INFO client.py                 80    logger_log                : 
    on_implicit_send returned response: WAIT
    END OnImplicitSend
    ********************
2025-06-04 00:05:17,138 BTPWorkerThread-1696 (_rx_task) root DEBUG client.py                 80    logger_log                : Read 5 bytes
2025-06-04 00:05:17,138 BTPWorkerThread-1696 (_rx_task) root DEBUG client.py                 80    logger_log                : Received: hdr: Header(svc_id=0x03, op=0x81, ctrl_index=0x00, data_len=0x12) bytearray(b'\x03\x81\x00\x12\x00')
2025-06-04 00:05:17,138 BTPWorkerThread-1696 (_rx_task) root DEBUG client.py                 80    logger_log                : Read 18 bytes data
2025-06-04 00:05:17,138 BTPWorkerThread-1696 (_rx_task) root DEBUG client.py                 80    logger_log                : Received data: {'02 77 00 30 00 30 00 c0 00 c0 00 e0 4e e4 08 dc 1b 00'}, bytearray(b'\x02w\x000\x000\x00\xc0\x00\xc0\x00\xe0N\xe4\x08\xdc\x1b\x00')
2025-06-04 00:05:17,138 BTPWorkerThread-1696 (_rx_task) root DEBUG client.py                 80    logger_log                : event_handler Header(svc_id=3, op=129, ctrl_index=0, data_len=18) (b'\x02w\x000\x000\x00\xc0\x00\xc0\x00\xe0N\xe4\x08\xdc\x1b\x00',)
2025-06-04 00:05:17,138 BTPWorkerThread-1696 (_rx_task) root DEBUG client.py                 80    logger_log                : l2cap_connected_ev b'\x02w\x000\x000\x00\xc0\x00\xc0\x00\xe0N\xe4\x08\xdc\x1b\x00' 18
2025-06-04 00:05:17,138 BTPWorkerThread-1696 (_rx_task) root DEBUG client.py                 80    logger_log                : id:2 on psm:119, peer_mtu:48, peer_mps:48, our_mtu:192, our_mps:192, addr b'N\xe4\x08\xdc\x1b\x00' type 224
2025-06-04 00:05:17,678 LT1-thread root DEBUG client.py                 80    logger_log                : L2CAP L2CAP/ECF/BV-02-C on_implicit_send
2025-06-04 00:05:17,678 LT1-thread root DEBUG client.py                 80    logger_log                : l2cap_wid_hdl, 116, Please send Configure Response., L2CAP/ECF/BV-02-C
2025-06-04 00:05:17,678 LT1-thread root DEBUG client.py                 80    logger_log                : Sending response 'OK' to wid 116 test case L2CAP/ECF/BV-02-C
2025-06-04 00:05:17,678 LT1-thread root DEBUG client.py                 80    logger_log                : ClientCallback.get_result run_test_case
2025-06-04 00:05:17,678 LT1-callback ClientCallback.on_implicit_send INFO client.py                 80    logger_log                : 
    ********************
    BEGIN OnImplicitSend:
    project_name: L2CAP
    wid: 4
    test_case_name: L2CAP/ECF/BV-02-C
    description: Using the Implementation Under Test(IUT) send extended control I - Frame data to the PTS.
    style: MMI_Style_Ok_Cancel2 0x11141
2025-06-04 00:05:17,678 LT1-callback ClientCallback.on_implicit_send INFO client.py                 80    logger_log                : Calling test cases on_implicit_send
2025-06-04 00:05:17,678 LT1-callback ClientCallback.on_implicit_send INFO client.py                 80    logger_log                : 
    on_implicit_send returned response: WAIT
    END OnImplicitSend
    ********************
2025-06-04 00:05:18,689 LT1-thread root DEBUG client.py                 80    logger_log                : L2CAP L2CAP/ECF/BV-02-C on_implicit_send
2025-06-04 00:05:18,689 LT1-thread root DEBUG client.py                 80    logger_log                : l2cap_wid_hdl, 4, Using the Implementation Under Test(IUT) send extended control I - Frame data to the PTS., L2CAP/ECF/BV-02-C
2025-06-04 00:05:18,689 LT1-thread root DEBUG client.py                 80    logger_log                : l2cap_send_data 2 '00' None
2025-06-04 00:05:18,689 LT1-thread root DEBUG client.py                 80    logger_log                : send, 3 4 0 "bytearray(b'\\x02\\x01\\x00\\x00')"
2025-06-04 00:05:18,689 LT1-thread root DEBUG client.py                 80    logger_log                : sending frame '030400040002010000'
2025-06-04 00:05:18,689 LT1-thread root DEBUG client.py                 80    logger_log                : read
2025-06-04 00:05:18,769 BTPWorkerThread-1696 (_rx_task) root DEBUG client.py                 80    logger_log                : Read 5 bytes
2025-06-04 00:05:18,789 BTPWorkerThread-1696 (_rx_task) root DEBUG client.py                 80    logger_log                : Received: hdr: Header(svc_id=0x03, op=0x04, ctrl_index=0x00, data_len=0x00) bytearray(b'\x03\x04\x00\x00\x00')
2025-06-04 00:05:18,809 BTPWorkerThread-1696 (_rx_task) root DEBUG client.py                 80    logger_log                : Received data: {''}, bytearray(b'')
2025-06-04 00:05:18,839 LT1-thread root DEBUG client.py                 80    logger_log                : Sending response 'OK' to wid 4 test case L2CAP/ECF/BV-02-C
2025-06-04 00:05:18,839 LT1-thread root DEBUG client.py                 80    logger_log                : ClientCallback.get_result run_test_case
2025-06-04 00:05:18,839 LT1-callback ClientCallback.on_implicit_send INFO client.py                 80    logger_log                : 
    ********************
    BEGIN OnImplicitSend:
    project_name: L2CAP
    wid: 4
    test_case_name: L2CAP/ECF/BV-02-C
    description: Using the Implementation Under Test(IUT) send extended control I - Frame data to the PTS.
    style: MMI_Style_Ok_Cancel2 0x11141
2025-06-04 00:05:18,839 LT1-callback ClientCallback.on_implicit_send INFO client.py                 80    logger_log                : Calling test cases on_implicit_send
2025-06-04 00:05:18,839 LT1-callback ClientCallback.on_implicit_send INFO client.py                 80    logger_log                : 
    on_implicit_send returned response: WAIT
    END OnImplicitSend
    ********************
2025-06-04 00:05:19,849 LT1-thread root DEBUG client.py                 80    logger_log                : L2CAP L2CAP/ECF/BV-02-C on_implicit_send
2025-06-04 00:05:19,849 LT1-thread root DEBUG client.py                 80    logger_log                : l2cap_wid_hdl, 4, Using the Implementation Under Test(IUT) send extended control I - Frame data to the PTS., L2CAP/ECF/BV-02-C
2025-06-04 00:05:19,849 LT1-thread root DEBUG client.py                 80    logger_log                : l2cap_send_data 2 '00' None
2025-06-04 00:05:19,849 LT1-thread root DEBUG client.py                 80    logger_log                : send, 3 4 0 "bytearray(b'\\x02\\x01\\x00\\x00')"
2025-06-04 00:05:19,849 LT1-thread root DEBUG client.py                 80    logger_log                : sending frame '030400040002010000'
2025-06-04 00:05:19,849 LT1-thread root DEBUG client.py                 80    logger_log                : read
2025-06-04 00:05:19,919 BTPWorkerThread-1696 (_rx_task) root DEBUG client.py                 80    logger_log                : Read 5 bytes
2025-06-04 00:05:19,939 BTPWorkerThread-1696 (_rx_task) root DEBUG client.py                 80    logger_log                : Received: hdr: Header(svc_id=0x03, op=0x04, ctrl_index=0x00, data_len=0x00) bytearray(b'\x03\x04\x00\x00\x00')
2025-06-04 00:05:19,959 BTPWorkerThread-1696 (_rx_task) root DEBUG client.py                 80    logger_log                : Received data: {''}, bytearray(b'')
2025-06-04 00:05:19,989 LT1-thread root DEBUG client.py                 80    logger_log                : Sending response 'OK' to wid 4 test case L2CAP/ECF/BV-02-C
2025-06-04 00:05:19,989 LT1-thread root DEBUG client.py                 80    logger_log                : ClientCallback.get_result run_test_case
2025-06-04 00:05:19,989 LT1-callback ClientCallback.on_implicit_send INFO client.py                 80    logger_log                : 
    ********************
    BEGIN OnImplicitSend:
    project_name: L2CAP
    wid: 4
    test_case_name: L2CAP/ECF/BV-02-C
    description: Using the Implementation Under Test(IUT) send extended control I - Frame data to the PTS.
    style: MMI_Style_Ok_Cancel2 0x11141
2025-06-04 00:05:19,989 LT1-callback ClientCallback.on_implicit_send INFO client.py                 80    logger_log                : Calling test cases on_implicit_send
2025-06-04 00:05:19,989 LT1-callback ClientCallback.on_implicit_send INFO client.py                 80    logger_log                : 
    on_implicit_send returned response: WAIT
    END OnImplicitSend
    ********************
2025-06-04 00:05:20,998 LT1-thread root DEBUG client.py                 80    logger_log                : L2CAP L2CAP/ECF/BV-02-C on_implicit_send
2025-06-04 00:05:20,998 LT1-thread root DEBUG client.py                 80    logger_log                : l2cap_wid_hdl, 4, Using the Implementation Under Test(IUT) send extended control I - Frame data to the PTS., L2CAP/ECF/BV-02-C
2025-06-04 00:05:20,998 LT1-thread root DEBUG client.py                 80    logger_log                : l2cap_send_data 2 '00' None
2025-06-04 00:05:20,998 LT1-thread root DEBUG client.py                 80    logger_log                : send, 3 4 0 "bytearray(b'\\x02\\x01\\x00\\x00')"
2025-06-04 00:05:20,998 LT1-thread root DEBUG client.py                 80    logger_log                : sending frame '030400040002010000'
2025-06-04 00:05:20,998 LT1-thread root DEBUG client.py                 80    logger_log                : read
2025-06-04 00:05:21,078 BTPWorkerThread-1696 (_rx_task) root DEBUG client.py                 80    logger_log                : Read 5 bytes
2025-06-04 00:05:21,098 BTPWorkerThread-1696 (_rx_task) root DEBUG client.py                 80    logger_log                : Received: hdr: Header(svc_id=0x03, op=0x04, ctrl_index=0x00, data_len=0x00) bytearray(b'\x03\x04\x00\x00\x00')
2025-06-04 00:05:21,118 BTPWorkerThread-1696 (_rx_task) root DEBUG client.py                 80    logger_log                : Received data: {''}, bytearray(b'')
2025-06-04 00:05:21,148 LT1-thread root DEBUG client.py                 80    logger_log                : Sending response 'OK' to wid 4 test case L2CAP/ECF/BV-02-C
2025-06-04 00:05:21,148 LT1-thread root DEBUG client.py                 80    logger_log                : ClientCallback.get_result run_test_case
2025-06-04 00:05:21,148 LT1-callback ClientCallback.on_implicit_send INFO client.py                 80    logger_log                : 
    ********************
    BEGIN OnImplicitSend:
    project_name: L2CAP
    wid: 4
    test_case_name: L2CAP/ECF/BV-02-C
    description: Using the Implementation Under Test(IUT) send extended control I - Frame data to the PTS.
    style: MMI_Style_Ok_Cancel2 0x11141
2025-06-04 00:05:21,148 LT1-callback ClientCallback.on_implicit_send INFO client.py                 80    logger_log                : Calling test cases on_implicit_send
2025-06-04 00:05:21,148 LT1-callback ClientCallback.on_implicit_send INFO client.py                 80    logger_log                : 
    on_implicit_send returned response: WAIT
    END OnImplicitSend
    ********************
2025-06-04 00:05:22,159 LT1-thread root DEBUG client.py                 80    logger_log                : L2CAP L2CAP/ECF/BV-02-C on_implicit_send
2025-06-04 00:05:22,159 LT1-thread root DEBUG client.py                 80    logger_log                : l2cap_wid_hdl, 4, Using the Implementation Under Test(IUT) send extended control I - Frame data to the PTS., L2CAP/ECF/BV-02-C
2025-06-04 00:05:22,159 LT1-thread root DEBUG client.py                 80    logger_log                : l2cap_send_data 2 '00' None
2025-06-04 00:05:22,159 LT1-thread root DEBUG client.py                 80    logger_log                : send, 3 4 0 "bytearray(b'\\x02\\x01\\x00\\x00')"
2025-06-04 00:05:22,159 LT1-thread root DEBUG client.py                 80    logger_log                : sending frame '030400040002010000'
2025-06-04 00:05:22,159 LT1-thread root DEBUG client.py                 80    logger_log                : read
2025-06-04 00:05:22,239 BTPWorkerThread-1696 (_rx_task) root DEBUG client.py                 80    logger_log                : Read 5 bytes
2025-06-04 00:05:22,259 BTPWorkerThread-1696 (_rx_task) root DEBUG client.py                 80    logger_log                : Received: hdr: Header(svc_id=0x03, op=0x04, ctrl_index=0x00, data_len=0x00) bytearray(b'\x03\x04\x00\x00\x00')
2025-06-04 00:05:22,279 BTPWorkerThread-1696 (_rx_task) root DEBUG client.py                 80    logger_log                : Received data: {''}, bytearray(b'')
2025-06-04 00:05:22,309 LT1-thread root DEBUG client.py                 80    logger_log                : Sending response 'OK' to wid 4 test case L2CAP/ECF/BV-02-C
2025-06-04 00:05:22,309 LT1-thread root DEBUG client.py                 80    logger_log                : ClientCallback.get_result run_test_case
2025-06-04 00:05:25,820 LT1-callback ClientCallback.on_implicit_send INFO client.py                 80    logger_log                : 
    ********************
    BEGIN OnImplicitSend:
    project_name: L2CAP
    wid: 118
    test_case_name: L2CAP/ECF/BV-02-C
    description: Please send L2CAP Disconnection Response to PTS.
    style: MMI_Style_Ok_Cancel2 0x11141
2025-06-04 00:05:25,820 LT1-callback ClientCallback.on_implicit_send INFO client.py                 80    logger_log                : Calling test cases on_implicit_send
2025-06-04 00:05:25,820 LT1-callback ClientCallback.on_implicit_send INFO client.py                 80    logger_log                : 
    on_implicit_send returned response: WAIT
    END OnImplicitSend
    ********************
2025-06-04 00:05:25,840 BTPWorkerThread-1696 (_rx_task) root DEBUG client.py                 80    logger_log                : Read 5 bytes
2025-06-04 00:05:25,840 BTPWorkerThread-1696 (_rx_task) root DEBUG client.py                 80    logger_log                : Received: hdr: Header(svc_id=0x03, op=0x82, ctrl_index=0x00, data_len=0x0c) bytearray(b'\x03\x82\x00\x0c\x00')
2025-06-04 00:05:25,840 BTPWorkerThread-1696 (_rx_task) root DEBUG client.py                 80    logger_log                : Read 12 bytes data
2025-06-04 00:05:25,840 BTPWorkerThread-1696 (_rx_task) root DEBUG client.py                 80    logger_log                : Received data: {'00 00 02 00 00 e0 4e e4 08 dc 1b 00'}, bytearray(b'\x00\x00\x02\x00\x00\xe0N\xe4\x08\xdc\x1b\x00')
2025-06-04 00:05:25,840 BTPWorkerThread-1696 (_rx_task) root DEBUG client.py                 80    logger_log                : event_handler Header(svc_id=3, op=130, ctrl_index=0, data_len=12) (b'\x00\x00\x02\x00\x00\xe0N\xe4\x08\xdc\x1b\x00',)
2025-06-04 00:05:25,840 BTPWorkerThread-1696 (_rx_task) root DEBUG client.py                 80    logger_log                : l2cap_disconnected_ev b'\x00\x00\x02\x00\x00\xe0N\xe4\x08\xdc\x1b\x00' 12
2025-06-04 00:05:25,840 BTPWorkerThread-1696 (_rx_task) root DEBUG client.py                 80    logger_log                : id:2 on psm:0, addr b'N\xe4\x08\xdc\x1b\x00' type 224, res 'Success'
2025-06-04 00:05:26,060 BTPWorkerThread-1696 (_rx_task) root DEBUG client.py                 80    logger_log                : Read 5 bytes
2025-06-04 00:05:26,060 BTPWorkerThread-1696 (_rx_task) root DEBUG client.py                 80    logger_log                : Received: hdr: Header(svc_id=0x01, op=0x83, ctrl_index=0x00, data_len=0x07) bytearray(b'\x01\x83\x00\x07\x00')
2025-06-04 00:05:26,060 BTPWorkerThread-1696 (_rx_task) root DEBUG client.py                 80    logger_log                : Read 7 bytes data
2025-06-04 00:05:26,060 BTPWorkerThread-1696 (_rx_task) root DEBUG client.py                 80    logger_log                : Received data: {'e0 4e e4 08 dc 1b 00'}, bytearray(b'\xe0N\xe4\x08\xdc\x1b\x00')
2025-06-04 00:05:26,060 BTPWorkerThread-1696 (_rx_task) root DEBUG client.py                 80    logger_log                : event_handler Header(svc_id=1, op=131, ctrl_index=0, data_len=7) (b'\xe0N\xe4\x08\xdc\x1b\x00',)
2025-06-04 00:05:26,060 BTPWorkerThread-1696 (_rx_task) root DEBUG client.py                 80    logger_log                : gap_disconnected_ev_ b'\xe0N\xe4\x08\xdc\x1b\x00'
2025-06-04 00:05:26,320 LT1-thread root DEBUG client.py                 80    logger_log                : L2CAP L2CAP/ECF/BV-02-C on_implicit_send
2025-06-04 00:05:26,320 LT1-thread root DEBUG client.py                 80    logger_log                : l2cap_wid_hdl, 118, Please send L2CAP Disconnection Response to PTS., L2CAP/ECF/BV-02-C
2025-06-04 00:05:26,320 LT1-thread root DEBUG client.py                 80    logger_log                : Sending response 'OK' to wid 118 test case L2CAP/ECF/BV-02-C
2025-06-04 00:05:26,320 LT1-thread root DEBUG client.py                 80    logger_log                : ClientCallback.get_result run_test_case
2025-06-04 00:05:28,860 LT1-callback ClientCallback.log INFO client.py                 80    logger_log                : PTS_LOGTYPE_START_TEST Start Test Case 

+156 ms
 L2CAP/ECF/BV-02-C L2CAP/ECF/BV-02-C

2025-06-04 00:05:30,090 LT1-callback ClientCallback.log INFO client.py                 80    logger_log                : PTS_LOGTYPE_FINAL_VERDICT Final Verdict 

+19609 ms
 L2CAP/ECF/BV-02-C PASS

2025-06-04 00:05:30,100 LT1-callback ClientCallback.log INFO client.py                 80    logger_log                : PTS_LOGTYPE_FINAL_VERDICT Encrypted Verdict 

+19609 ms
 L2CAP/ECF/BV-02-C A1#ZWY4MzQ5MDg3MmQwNTIxOGQzMzQ5YjY2ODA5M2MzNjQ5ZDY4NmY0Yjc2MzIzM2VkNTUyNTFhNGU4Mjg1MjI0NA==#NoJwgwLnMPufjyoNiGosEpOi/5SP21U+Yjsl2l4rgGEdxXZncCgYV3+ea4SC+u+n

2025-06-04 00:05:30,310 LT1-callback ClientCallback.log INFO client.py                 80    logger_log                : PTS_LOGTYPE_END_TEST Test Case Ended 

+19609 ms
 L2CAP/ECF/BV-02-C L2CAP/ECF/BV-02-C

2025-06-04 00:05:30,490 LT1-callback root DEBUG client.py                 80    logger_log                : ClientCallback, set_result, run_test_case, PASS
2025-06-04 00:05:30,490 LT1-thread root DEBUG client.py                 80    logger_log                : After run_test_case error_code=0 status='PASS'
2025-06-04 00:05:30,490 LT1-thread root DEBUG client.py                 80    logger_log                : post_run L2CAP L2CAP/ECF/BV-02-C 0
2025-06-04 00:05:30,490 LT1-thread root DEBUG client.py                 80    logger_log                : Starting test function: class=<class 'autopts.ptsprojects.testcase.TestFuncCleanUp'>, func=<bound method Stack.cleanup of <autopts.ptsprojects.stack.stack.Stack object at 0x0000027DB3486650>> start_wid=None stop_wid=None post_wid=None skip_call=None call_count=1 args=() kwds={}
2025-06-04 00:05:30,490 LT1-thread root DEBUG client.py                 80    logger_log                : Test function parameters: args=(), kwds={}
2025-06-04 00:05:30,490 LT1-thread root DEBUG client.py                 80    logger_log                : Starting test function: class=<class 'autopts.ptsprojects.testcase.TestFuncCleanUp'>, func=<bound method ZephyrCtl.stop of <autopts.ptsprojects.zephyr.iutctl.ZephyrCtl object at 0x0000027DB3486B90>> start_wid=None stop_wid=None post_wid=None skip_call=None call_count=1 args=() kwds={}
2025-06-04 00:05:30,490 LT1-thread root DEBUG client.py                 80    logger_log                : Test function parameters: args=(), kwds={}
2025-06-04 00:05:30,490 LT1-thread root DEBUG client.py                 80    logger_log                : <class 'autopts.ptsprojects.zephyr.iutctl.ZephyrCtl'>.stop
2025-06-04 00:05:30,490 LT1-thread root DEBUG client.py                 80    logger_log                : About to reset DUT: JLink -CommandFile reset.jlink -usb 1063214216 -device MIMXRT1176XXXA_M7
2025-06-04 00:05:31,013 BTPWorkerThread-1696 (_rx_task) root DEBUG client.py                 80    logger_log                : Read 5 bytes
2025-06-04 00:05:31,033 BTPWorkerThread-1696 (_rx_task) root DEBUG client.py                 80    logger_log                : Received: hdr: Header(svc_id=0x00, op=0x80, ctrl_index=0xff, data_len=0x00) bytearray(b'\x00\x80\xff\x00\x00')
2025-06-04 00:05:31,053 BTPWorkerThread-1696 (_rx_task) root DEBUG client.py                 80    logger_log                : Received data: {''}, bytearray(b'')
2025-06-04 00:05:31,083 BTPWorkerThread-1696 (_rx_task) root DEBUG client.py                 80    logger_log                : event_handler Header(svc_id=0, op=128, ctrl_index=255, data_len=0) (b'',)
2025-06-04 00:05:31,103 BTPWorkerThread-1696 (_rx_task) root DEBUG client.py                 80    logger_log                : core_iut_ready_ev
2025-06-04 00:05:31,123 LT1-thread root DEBUG client.py                 80    logger_log                : IUT ready event received OK
2025-06-04 00:05:31,123 LT1-thread root DEBUG client.py                 80    logger_log                : Waiting for _rx_worker to finish ...
2025-06-04 00:05:32,123 BTPWorkerThread-1696 (_rx_task) root DEBUG client.py                 80    logger_log                : BTPWorkerThread-1696 (_rx_task) finishing...
2025-06-04 00:05:35,130 LT1-thread root DEBUG client.py                 80    logger_log                : post_run, cleanup running post test case script
2025-06-04 00:05:35,130 LT1-thread root DEBUG client.py                 80    logger_log                : post_run, run post test case script
2025-06-04 00:05:35,288 LT1-thread root DEBUG client.py                 80    logger_log                : Done TestCase _run_test_case L2CAP L2CAP/ECF/BV-02-C
