2025-01-10 00:14:56,952 LT1-thread root DEBUG client.py                 71    logger_log                : Starting TestCase _run_test_case GATT GATT/CL/GAW/BI-09-C
2025-01-10 00:14:56,952 LT1-thread root DEBUG client.py                 71    logger_log                : pre_run GATT GATT/CL/GAW/BI-09-C
2025-01-10 00:14:56,952 LT1-thread root DEBUG client.py                 71    logger_log                : About to run test case GATT GATT/CL/GAW/BI-09-C with commands:
2025-01-10 00:14:56,952 LT1-thread root DEBUG client.py                 71    logger_log                : 0) class=<class 'autopts.ptsprojects.testcase.TestFunc'>, func=<bound method Stack.core_init of <autopts.ptsprojects.stack.stack.Stack object at 0x000001C083019550>> start_wid=None stop_wid=None post_wid=None skip_call=None call_count=0 args=() kwds={}
2025-01-10 00:14:56,952 LT1-thread root DEBUG client.py                 71    logger_log                : 1) class=<class 'autopts.ptsprojects.testcase.TestFunc'>, func=<bound method ZephyrCtl.hw_reset of <autopts.ptsprojects.zephyr.iutctl.ZephyrCtl object at 0x000001C08303E410>> start_wid=None stop_wid=None post_wid=None skip_call=None call_count=0 args=() kwds={}
2025-01-10 00:14:56,952 LT1-thread root DEBUG client.py                 71    logger_log                : 2) class=<class 'autopts.ptsprojects.testcase.TestFunc'>, func=<bound method ZephyrCtl.start of <autopts.ptsprojects.zephyr.iutctl.ZephyrCtl object at 0x000001C08303E410>> start_wid=None stop_wid=None post_wid=None skip_call=None call_count=0 args=(<autopts.ptsprojects.zephyr.ztestcase.ZTestCase object at 0x000001C083E08AD0>,) kwds={}
2025-01-10 00:14:56,952 LT1-thread root DEBUG client.py                 71    logger_log                : 3) class=<class 'autopts.ptsprojects.testcase.TestFunc'>, func=<bound method ZephyrCtl.hw_reset of <autopts.ptsprojects.zephyr.iutctl.ZephyrCtl object at 0x000001C08303E410>> start_wid=None stop_wid=None post_wid=None skip_call=None call_count=0 args=() kwds={}
2025-01-10 00:14:56,952 LT1-thread root DEBUG client.py                 71    logger_log                : 4) class=<class 'autopts.ptsprojects.testcase.TestFunc'>, func=<bound method ZephyrCtl.wait_iut_ready_event of <autopts.ptsprojects.zephyr.iutctl.ZephyrCtl object at 0x000001C08303E410>> start_wid=None stop_wid=None post_wid=None skip_call=None call_count=0 args=(False,) kwds={}
2025-01-10 00:14:56,952 LT1-thread root DEBUG client.py                 71    logger_log                : 5) class=<class 'autopts.ptsprojects.testcase.TestFunc'>, func=<bound method Stack.gap_init of <autopts.ptsprojects.stack.stack.Stack object at 0x000001C083019550>> start_wid=None stop_wid=None post_wid=None skip_call=None call_count=58 args=(b'Tester_59F2E6',) kwds={}
2025-01-10 00:14:56,952 LT1-thread root DEBUG client.py                 71    logger_log                : 6) class=<class 'autopts.ptsprojects.testcase.TestFunc'>, func=<function core_reg_svc_gap at 0x000001C0FF3E4540> start_wid=None stop_wid=None post_wid=None skip_call=None call_count=58 args=() kwds={}
2025-01-10 00:14:56,952 LT1-thread root DEBUG client.py                 71    logger_log                : 7) class=<class 'autopts.ptsprojects.testcase.TestFunc'>, func=<function gap_read_ctrl_info at 0x000001C0FF3F4400> start_wid=None stop_wid=None post_wid=None skip_call=None call_count=58 args=() kwds={}
2025-01-10 00:14:56,952 LT1-thread root DEBUG client.py                 71    logger_log                : 8) class=<class 'autopts.ptsprojects.testcase.TestFunc'>, func=<function test_cases_client.<locals>.<lambda> at 0x000001C083DA8400> start_wid=None stop_wid=None post_wid=None skip_call=None call_count=58 args=() kwds={}
2025-01-10 00:14:56,952 LT1-thread root DEBUG client.py                 71    logger_log                : 9) class=<class 'autopts.ptsprojects.testcase.TestFunc'>, func=<function core_reg_svc_gatt at 0x000001C0FF3E4680> start_wid=None stop_wid=None post_wid=None skip_call=None call_count=58 args=() kwds={}
2025-01-10 00:14:56,952 LT1-thread root DEBUG client.py                 71    logger_log                : 10) class=<class 'autopts.ptsprojects.testcase.TestFunc'>, func=<function set_pts_addr at 0x000001C0FF3E40E0> start_wid=None stop_wid=None post_wid=None skip_call=None call_count=58 args=('C0:07:E8:59:F2:E6', 0) kwds={}
2025-01-10 00:14:56,952 LT1-thread root DEBUG client.py                 71    logger_log                : 11) class=<class 'autopts.ptsprojects.testcase.TestFunc'>, func=<bound method Stack.gatt_init of <autopts.ptsprojects.stack.stack.Stack object at 0x000001C083019550>> start_wid=None stop_wid=None post_wid=None skip_call=None call_count=58 args=() kwds={}
2025-01-10 00:14:56,952 LT1-thread root DEBUG client.py                 71    logger_log                : 12) class=<class 'autopts.ptsprojects.testcase.TestFuncCleanUp'>, func=<bound method Stack.cleanup of <autopts.ptsprojects.stack.stack.Stack object at 0x000001C083019550>> start_wid=None stop_wid=None post_wid=None skip_call=None call_count=0 args=() kwds={}
2025-01-10 00:14:56,952 LT1-thread root DEBUG client.py                 71    logger_log                : 13) class=<class 'autopts.ptsprojects.testcase.TestFuncCleanUp'>, func=<bound method ZephyrCtl.stop of <autopts.ptsprojects.zephyr.iutctl.ZephyrCtl object at 0x000001C08303E410>> start_wid=None stop_wid=None post_wid=None skip_call=None call_count=0 args=() kwds={}
2025-01-10 00:14:56,952 LT1-thread root DEBUG client.py                 71    logger_log                : pre_run, run pre test case script
2025-01-10 00:14:56,972 LT1-thread root DEBUG client.py                 71    logger_log                : Starting test function: class=<class 'autopts.ptsprojects.testcase.TestFunc'>, func=<bound method Stack.core_init of <autopts.ptsprojects.stack.stack.Stack object at 0x000001C083019550>> start_wid=None stop_wid=None post_wid=None skip_call=None call_count=1 args=() kwds={}
2025-01-10 00:14:56,972 LT1-thread root DEBUG client.py                 71    logger_log                : Test function parameters: args=(), kwds={}
2025-01-10 00:14:56,972 LT1-thread root DEBUG client.py                 71    logger_log                : Starting test function: class=<class 'autopts.ptsprojects.testcase.TestFunc'>, func=<bound method ZephyrCtl.hw_reset of <autopts.ptsprojects.zephyr.iutctl.ZephyrCtl object at 0x000001C08303E410>> start_wid=None stop_wid=None post_wid=None skip_call=None call_count=1 args=() kwds={}
2025-01-10 00:14:56,972 LT1-thread root DEBUG client.py                 71    logger_log                : Test function parameters: args=(), kwds={}
2025-01-10 00:14:56,972 LT1-thread root DEBUG client.py                 71    logger_log                : Starting test function: class=<class 'autopts.ptsprojects.testcase.TestFunc'>, func=<bound method ZephyrCtl.start of <autopts.ptsprojects.zephyr.iutctl.ZephyrCtl object at 0x000001C08303E410>> start_wid=None stop_wid=None post_wid=None skip_call=None call_count=1 args=(<autopts.ptsprojects.zephyr.ztestcase.ZTestCase object at 0x000001C083E08AD0>,) kwds={}
2025-01-10 00:14:56,972 LT1-thread root DEBUG client.py                 71    logger_log                : Test function parameters: args=(<autopts.ptsprojects.zephyr.ztestcase.ZTestCase object at 0x000001C083E08AD0>,), kwds={}
2025-01-10 00:14:56,972 LT1-thread root DEBUG client.py                 71    logger_log                : <class 'autopts.ptsprojects.zephyr.iutctl.ZephyrCtl'>.start
2025-01-10 00:14:56,972 LT1-thread root DEBUG client.py                 71    logger_log                : <class 'autopts.ptsprojects.zephyr.iutctl.ZephyrCtl'>.flush_serial
2025-01-10 00:14:58,479 LT1-thread root DEBUG client.py                 71    logger_log                : Starting socat process: socat.exe -x -v tcp:10.192.253.135:57807,retry=100,interval=1 /dev/ttyS34,raw,b115200
2025-01-10 00:14:58,509 LT1-thread root DEBUG client.py                 71    logger_log                : accept
2025-01-10 00:14:58,719 BTPWorkerThread-4200 (_rx_task) root DEBUG client.py                 71    logger_log                : BTPWorkerThread-4200 (_rx_task) started
2025-01-10 00:14:58,720 LT1-thread root DEBUG client.py                 71    logger_log                : Starting test function: class=<class 'autopts.ptsprojects.testcase.TestFunc'>, func=<bound method ZephyrCtl.hw_reset of <autopts.ptsprojects.zephyr.iutctl.ZephyrCtl object at 0x000001C08303E410>> start_wid=None stop_wid=None post_wid=None skip_call=None call_count=1 args=() kwds={}
2025-01-10 00:14:58,720 LT1-thread root DEBUG client.py                 71    logger_log                : Test function parameters: args=(), kwds={}
2025-01-10 00:14:58,721 LT1-thread root DEBUG client.py                 71    logger_log                : Starting test function: class=<class 'autopts.ptsprojects.testcase.TestFunc'>, func=<bound method ZephyrCtl.wait_iut_ready_event of <autopts.ptsprojects.zephyr.iutctl.ZephyrCtl object at 0x000001C08303E410>> start_wid=None stop_wid=None post_wid=None skip_call=None call_count=1 args=(False,) kwds={}
2025-01-10 00:14:58,721 LT1-thread root DEBUG client.py                 71    logger_log                : Test function parameters: args=(False,), kwds={}
2025-01-10 00:14:58,723 LT1-thread root DEBUG client.py                 71    logger_log                : IUT ready event received OK
2025-01-10 00:14:58,724 LT1-thread root DEBUG client.py                 71    logger_log                : Starting test function: class=<class 'autopts.ptsprojects.testcase.TestFunc'>, func=<bound method Stack.gap_init of <autopts.ptsprojects.stack.stack.Stack object at 0x000001C083019550>> start_wid=None stop_wid=None post_wid=None skip_call=None call_count=59 args=(b'Tester_59F2E6',) kwds={}
2025-01-10 00:14:58,724 LT1-thread root DEBUG client.py                 71    logger_log                : Test function parameters: args=(b'Tester_59F2E6',), kwds={}
2025-01-10 00:14:58,725 LT1-thread root DEBUG client.py                 71    logger_log                : Starting test function: class=<class 'autopts.ptsprojects.testcase.TestFunc'>, func=<function core_reg_svc_gap at 0x000001C0FF3E4540> start_wid=None stop_wid=None post_wid=None skip_call=None call_count=59 args=() kwds={}
2025-01-10 00:14:58,725 LT1-thread root DEBUG client.py                 71    logger_log                : Test function parameters: args=(), kwds={}
2025-01-10 00:14:58,725 LT1-thread root DEBUG client.py                 71    logger_log                : core_reg_svc_gap
2025-01-10 00:14:58,726 LT1-thread root DEBUG client.py                 71    logger_log                : send, 0 3 255 '1'
2025-01-10 00:14:58,726 LT1-thread root DEBUG client.py                 71    logger_log                : sending frame '0003ff010001'
2025-01-10 00:14:58,727 LT1-thread root DEBUG client.py                 71    logger_log                : core_reg_svc_rsp_succ
2025-01-10 00:14:58,728 LT1-thread root DEBUG client.py                 71    logger_log                : read
2025-01-10 00:14:58,856 BTPWorkerThread-4200 (_rx_task) root DEBUG client.py                 71    logger_log                : Read 5 bytes
2025-01-10 00:14:58,886 BTPWorkerThread-4200 (_rx_task) root DEBUG client.py                 71    logger_log                : Received: hdr: Header(svc_id=0x00, op=0x03, ctrl_index=0xff, data_len=0x00) bytearray(b'\x00\x03\xff\x00\x00')
2025-01-10 00:14:58,918 BTPWorkerThread-4200 (_rx_task) root DEBUG client.py                 71    logger_log                : Received data: {''}, bytearray(b'')
2025-01-10 00:14:58,964 LT1-thread root DEBUG client.py                 71    logger_log                : received Header(svc_id=0, op=3, ctrl_index=255, data_len=0) (b'',)
2025-01-10 00:14:58,964 LT1-thread root DEBUG client.py                 71    logger_log                : expected ((0, 3, 255, 0), (b'',))
2025-01-10 00:14:58,965 LT1-thread root DEBUG client.py                 71    logger_log                : response is valid
2025-01-10 00:14:58,965 LT1-thread root DEBUG client.py                 71    logger_log                : Starting test function: class=<class 'autopts.ptsprojects.testcase.TestFunc'>, func=<function gap_read_ctrl_info at 0x000001C0FF3F4400> start_wid=None stop_wid=None post_wid=None skip_call=None call_count=59 args=() kwds={}
2025-01-10 00:14:58,966 LT1-thread root DEBUG client.py                 71    logger_log                : Test function parameters: args=(), kwds={}
2025-01-10 00:14:58,966 LT1-thread root DEBUG client.py                 71    logger_log                : gap_read_ctrl_info
2025-01-10 00:14:58,966 LT1-thread root DEBUG client.py                 71    logger_log                : send, 1 3 0 ''
2025-01-10 00:14:58,967 LT1-thread root DEBUG client.py                 71    logger_log                : sending frame '0103000000'
2025-01-10 00:14:58,967 LT1-thread root DEBUG client.py                 71    logger_log                : read
2025-01-10 00:14:59,816 BTPWorkerThread-4200 (_rx_task) root DEBUG client.py                 71    logger_log                : Read 5 bytes
2025-01-10 00:14:59,847 BTPWorkerThread-4200 (_rx_task) root DEBUG client.py                 71    logger_log                : Received: hdr: Header(svc_id=0x01, op=0x03, ctrl_index=0x00, data_len=0x115) bytearray(b'\x01\x03\x00\x15\x01')
2025-01-10 00:14:59,909 BTPWorkerThread-4200 (_rx_task) root DEBUG client.py                 71    logger_log                : Read 277 bytes data
2025-01-10 00:14:59,940 BTPWorkerThread-4200 (_rx_task) root DEBUG client.py                 71    logger_log                : Received data: {'28 00 03 37 60 00 13 06 02 00 13 02 00 00 00 00 00 62 74 70 5f 74 65 73 74 65 72 00 00 00 00 00 00 00 00 00 00 00 00 00 00 00 00 00 00 00 00 00 00 00 00 00 00 00 00 00 00 00 00 00 00 00 00 00 00 00 00 00 00 00 00 00 00 00 00 00 00 00 00 00 00 00 00 00 00 00 00 00 00 00 00 00 00 00 00 00 00 00 00 00 00 00 00 00 00 00 00 00 00 00 00 00 00 00 00 00 00 00 00 00 00 00 00 00 00 00 00 00 00 00 00 00 00 00 00 00 00 00 00 00 00 00 00 00 00 00 00 00 00 00 00 00 00 00 00 00 00 00 00 00 00 00 00 00 00 00 00 00 00 00 00 00 00 00 00 00 00 00 00 00 00 00 00 00 00 00 00 00 00 00 00 00 00 00 00 00 00 00 00 00 00 00 00 00 00 00 00 00 00 00 00 00 00 00 00 00 00 00 00 00 00 00 00 00 00 00 00 00 00 00 00 00 00 00 00 00 00 00 00 00 00 00 00 00 00 00 00 00 00 00 00 00 00 00 00 00 00 00 00 00 00 00 00 00 00 00 00 00 00 00 00 00 00 00 00 00 00'}, bytearray(b'(\x00\x037`\x00\x13\x06\x02\x00\x13\x02\x00\x00\x00\x00\x00btp_tester\x00\x00\x00\x00\x00\x00\x00\x00\x00\x00\x00\x00\x00\x00\x00\x00\x00\x00\x00\x00\x00\x00\x00\x00\x00\x00\x00\x00\x00\x00\x00\x00\x00\x00\x00\x00\x00\x00\x00\x00\x00\x00\x00\x00\x00\x00\x00\x00\x00\x00\x00\x00\x00\x00\x00\x00\x00\x00\x00\x00\x00\x00\x00\x00\x00\x00\x00\x00\x00\x00\x00\x00\x00\x00\x00\x00\x00\x00\x00\x00\x00\x00\x00\x00\x00\x00\x00\x00\x00\x00\x00\x00\x00\x00\x00\x00\x00\x00\x00\x00\x00\x00\x00\x00\x00\x00\x00\x00\x00\x00\x00\x00\x00\x00\x00\x00\x00\x00\x00\x00\x00\x00\x00\x00\x00\x00\x00\x00\x00\x00\x00\x00\x00\x00\x00\x00\x00\x00\x00\x00\x00\x00\x00\x00\x00\x00\x00\x00\x00\x00\x00\x00\x00\x00\x00\x00\x00\x00\x00\x00\x00\x00\x00\x00\x00\x00\x00\x00\x00\x00\x00\x00\x00\x00\x00\x00\x00\x00\x00\x00\x00\x00\x00\x00\x00\x00\x00\x00\x00\x00\x00\x00\x00\x00\x00\x00\x00\x00\x00\x00\x00\x00\x00\x00\x00\x00\x00\x00\x00\x00\x00\x00\x00\x00\x00\x00\x00\x00\x00\x00\x00\x00\x00\x00\x00\x00\x00\x00\x00\x00\x00\x00\x00\x00\x00\x00\x00\x00\x00\x00\x00\x00\x00\x00\x00\x00\x00\x00\x00\x00')
2025-01-10 00:14:59,988 LT1-thread root DEBUG client.py                 71    logger_log                : received Header(svc_id=1, op=3, ctrl_index=0, data_len=277) (b'(\x00\x037`\x00\x13\x06\x02\x00\x13\x02\x00\x00\x00\x00\x00btp_tester\x00\x00\x00\x00\x00\x00\x00\x00\x00\x00\x00\x00\x00\x00\x00\x00\x00\x00\x00\x00\x00\x00\x00\x00\x00\x00\x00\x00\x00\x00\x00\x00\x00\x00\x00\x00\x00\x00\x00\x00\x00\x00\x00\x00\x00\x00\x00\x00\x00\x00\x00\x00\x00\x00\x00\x00\x00\x00\x00\x00\x00\x00\x00\x00\x00\x00\x00\x00\x00\x00\x00\x00\x00\x00\x00\x00\x00\x00\x00\x00\x00\x00\x00\x00\x00\x00\x00\x00\x00\x00\x00\x00\x00\x00\x00\x00\x00\x00\x00\x00\x00\x00\x00\x00\x00\x00\x00\x00\x00\x00\x00\x00\x00\x00\x00\x00\x00\x00\x00\x00\x00\x00\x00\x00\x00\x00\x00\x00\x00\x00\x00\x00\x00\x00\x00\x00\x00\x00\x00\x00\x00\x00\x00\x00\x00\x00\x00\x00\x00\x00\x00\x00\x00\x00\x00\x00\x00\x00\x00\x00\x00\x00\x00\x00\x00\x00\x00\x00\x00\x00\x00\x00\x00\x00\x00\x00\x00\x00\x00\x00\x00\x00\x00\x00\x00\x00\x00\x00\x00\x00\x00\x00\x00\x00\x00\x00\x00\x00\x00\x00\x00\x00\x00\x00\x00\x00\x00\x00\x00\x00\x00\x00\x00\x00\x00\x00\x00\x00\x00\x00\x00\x00\x00\x00\x00\x00\x00\x00\x00\x00\x00\x00\x00\x00\x00\x00\x00\x00\x00\x00\x00\x00\x00\x00\x00\x00\x00\x00\x00\x00',)
2025-01-10 00:14:59,988 LT1-thread root DEBUG client.py                 71    logger_log                : IUT address '006037030028' 'public'
2025-01-10 00:14:59,989 LT1-thread root DEBUG client.py                 71    logger_log                : __gap_current_settings_update 531
2025-01-10 00:14:59,989 LT1-thread root DEBUG client.py                 71    logger_log                : Starting test function: class=<class 'autopts.ptsprojects.testcase.TestFunc'>, func=<function test_cases_client.<locals>.<lambda> at 0x000001C083DA8400> start_wid=None stop_wid=None post_wid=None skip_call=None call_count=59 args=() kwds={}
2025-01-10 00:14:59,989 LT1-thread root DEBUG client.py                 71    logger_log                : Test function parameters: args=(), kwds={}
2025-01-10 00:14:59,995 LT1-thread root DEBUG client.py                 71    logger_log                : Starting test function: class=<class 'autopts.ptsprojects.testcase.TestFunc'>, func=<function core_reg_svc_gatt at 0x000001C0FF3E4680> start_wid=None stop_wid=None post_wid=None skip_call=None call_count=59 args=() kwds={}
2025-01-10 00:14:59,995 LT1-thread root DEBUG client.py                 71    logger_log                : Test function parameters: args=(), kwds={}
2025-01-10 00:14:59,996 LT1-thread root DEBUG client.py                 71    logger_log                : core_reg_svc_gatt
2025-01-10 00:14:59,996 LT1-thread root DEBUG client.py                 71    logger_log                : send, 0 3 255 '2'
2025-01-10 00:14:59,996 LT1-thread root DEBUG client.py                 71    logger_log                : sending frame '0003ff010002'
2025-01-10 00:14:59,997 LT1-thread root DEBUG client.py                 71    logger_log                : core_reg_svc_rsp_succ
2025-01-10 00:14:59,997 LT1-thread root DEBUG client.py                 71    logger_log                : read
2025-01-10 00:15:00,066 BTPWorkerThread-4200 (_rx_task) root DEBUG client.py                 71    logger_log                : Read 5 bytes
2025-01-10 00:15:00,098 BTPWorkerThread-4200 (_rx_task) root DEBUG client.py                 71    logger_log                : Received: hdr: Header(svc_id=0x00, op=0x03, ctrl_index=0xff, data_len=0x00) bytearray(b'\x00\x03\xff\x00\x00')
2025-01-10 00:15:00,130 BTPWorkerThread-4200 (_rx_task) root DEBUG client.py                 71    logger_log                : Received data: {''}, bytearray(b'')
2025-01-10 00:15:00,178 LT1-thread root DEBUG client.py                 71    logger_log                : received Header(svc_id=0, op=3, ctrl_index=255, data_len=0) (b'',)
2025-01-10 00:15:00,178 LT1-thread root DEBUG client.py                 71    logger_log                : expected ((0, 3, 255, 0), (b'',))
2025-01-10 00:15:00,179 LT1-thread root DEBUG client.py                 71    logger_log                : response is valid
2025-01-10 00:15:00,179 LT1-thread root DEBUG client.py                 71    logger_log                : Starting test function: class=<class 'autopts.ptsprojects.testcase.TestFunc'>, func=<function set_pts_addr at 0x000001C0FF3E40E0> start_wid=None stop_wid=None post_wid=None skip_call=None call_count=59 args=('C0:07:E8:59:F2:E6', 0) kwds={}
2025-01-10 00:15:00,179 LT1-thread root DEBUG client.py                 71    logger_log                : Test function parameters: args=('C0:07:E8:59:F2:E6', 0), kwds={}
2025-01-10 00:15:00,179 LT1-thread root DEBUG client.py                 71    logger_log                : Starting test function: class=<class 'autopts.ptsprojects.testcase.TestFunc'>, func=<bound method Stack.gatt_init of <autopts.ptsprojects.stack.stack.Stack object at 0x000001C083019550>> start_wid=None stop_wid=None post_wid=None skip_call=None call_count=59 args=() kwds={}
2025-01-10 00:15:00,180 LT1-thread root DEBUG client.py                 71    logger_log                : Test function parameters: args=(), kwds={}
2025-01-10 00:15:00,184 LT1-thread root DEBUG client.py                 71    logger_log                : ClientCallback.get_result run_test_case
2025-01-10 00:15:03,868 LT1-callback ClientCallback.on_implicit_send INFO client.py                 71    logger_log                : 
    ********************
    BEGIN OnImplicitSend:
    project_name: GATT
    wid: 1
    test_case_name: GATT/CL/GAW/BI-09-C
    description: Please prepare IUT into a connectable mode.

Description: Verify that the Implementation Under Test (IUT) can accept GATT connect request from PTS.
    style: MMI_Style_Ok_Cancel2 0x11141
2025-01-10 00:15:03,869 LT1-callback ClientCallback.on_implicit_send INFO client.py                 71    logger_log                : Calling test cases on_implicit_send
2025-01-10 00:15:03,869 LT1-callback ClientCallback.on_implicit_send INFO client.py                 71    logger_log                : 
    on_implicit_send returned response: WAIT
    END OnImplicitSend
    ********************
2025-01-10 00:15:04,216 LT1-thread root DEBUG client.py                 71    logger_log                : GATT GATT/CL/GAW/BI-09-C on_implicit_send
2025-01-10 00:15:04,217 LT1-thread root DEBUG client.py                 71    logger_log                : gatt_wid_hdl, 1, Please prepare IUT into a connectable mode.

Description: Verify that the Implementation Under Test (IUT) can accept GATT connect request from PTS., GATT/CL/GAW/BI-09-C
2025-01-10 00:15:04,217 LT1-thread root DEBUG client.py                 71    logger_log                : gap_set_conn
2025-01-10 00:15:04,218 LT1-thread root DEBUG client.py                 71    logger_log                : gap_set_gendiscov
2025-01-10 00:15:04,218 LT1-thread root DEBUG client.py                 71    logger_log                : send, 1 8 0 '1'
2025-01-10 00:15:04,219 LT1-thread root DEBUG client.py                 71    logger_log                : sending frame '010800010001'
2025-01-10 00:15:04,219 LT1-thread root DEBUG client.py                 71    logger_log                : gap_command_rsp_succ
2025-01-10 00:15:04,220 LT1-thread root DEBUG client.py                 71    logger_log                : read
2025-01-10 00:15:04,278 BTPWorkerThread-4200 (_rx_task) root DEBUG client.py                 71    logger_log                : Read 5 bytes
2025-01-10 00:15:04,309 BTPWorkerThread-4200 (_rx_task) root DEBUG client.py                 71    logger_log                : Received: hdr: Header(svc_id=0x01, op=0x08, ctrl_index=0x00, data_len=0x04) bytearray(b'\x01\x08\x00\x04\x00')
2025-01-10 00:15:04,340 BTPWorkerThread-4200 (_rx_task) root DEBUG client.py                 71    logger_log                : Read 4 bytes data
2025-01-10 00:15:04,372 BTPWorkerThread-4200 (_rx_task) root DEBUG client.py                 71    logger_log                : Received data: {'1b 02 00 00'}, bytearray(b'\x1b\x02\x00\x00')
2025-01-10 00:15:04,420 LT1-thread root DEBUG client.py                 71    logger_log                : received Header(svc_id=1, op=8, ctrl_index=0, data_len=4) (b'\x1b\x02\x00\x00',)
2025-01-10 00:15:04,420 LT1-thread root DEBUG client.py                 71    logger_log                : __gap_current_settings_update (b'\x1b\x02\x00\x00',)
2025-01-10 00:15:04,421 LT1-thread root DEBUG client.py                 71    logger_log                : gap_adv_ind_on {9: b'Tester_59F2E6'} None
2025-01-10 00:15:04,421 LT1-thread root DEBUG client.py                 71    logger_log                : send, 1 10 0 "bytearray(b'\\x0f\\x00\\t\\rTester_59F2E6\\xff\\xff\\xff\\xff\\x00')"
2025-01-10 00:15:04,422 LT1-thread root DEBUG client.py                 71    logger_log                : sending frame '010a0016000f00090d5465737465725f353946324536ffffffff00'
2025-01-10 00:15:04,422 LT1-thread root DEBUG client.py                 71    logger_log                : gap_command_rsp_succ
2025-01-10 00:15:04,423 LT1-thread root DEBUG client.py                 71    logger_log                : read
2025-01-10 00:15:04,500 BTPWorkerThread-4200 (_rx_task) root DEBUG client.py                 71    logger_log                : Read 5 bytes
2025-01-10 00:15:04,532 BTPWorkerThread-4200 (_rx_task) root DEBUG client.py                 71    logger_log                : Received: hdr: Header(svc_id=0x01, op=0x0a, ctrl_index=0x00, data_len=0x04) bytearray(b'\x01\n\x00\x04\x00')
2025-01-10 00:15:04,594 BTPWorkerThread-4200 (_rx_task) root DEBUG client.py                 71    logger_log                : Read 4 bytes data
2025-01-10 00:15:04,610 BTPWorkerThread-4200 (_rx_task) root DEBUG client.py                 71    logger_log                : Received data: {'1b 06 00 00'}, bytearray(b'\x1b\x06\x00\x00')
2025-01-10 00:15:04,642 LT1-thread root DEBUG client.py                 71    logger_log                : received Header(svc_id=1, op=10, ctrl_index=0, data_len=4) (b'\x1b\x06\x00\x00',)
2025-01-10 00:15:04,642 LT1-thread root DEBUG client.py                 71    logger_log                : __gap_current_settings_update (b'\x1b\x06\x00\x00',)
2025-01-10 00:15:04,918 BTPWorkerThread-4200 (_rx_task) root DEBUG client.py                 71    logger_log                : Read 5 bytes
2025-01-10 00:15:04,918 BTPWorkerThread-4200 (_rx_task) root DEBUG client.py                 71    logger_log                : Received: hdr: Header(svc_id=0x01, op=0x82, ctrl_index=0x00, data_len=0x0d) bytearray(b'\x01\x82\x00\r\x00')
2025-01-10 00:15:04,958 BTPWorkerThread-4200 (_rx_task) root DEBUG client.py                 71    logger_log                : Read 13 bytes data
2025-01-10 00:15:04,968 BTPWorkerThread-4200 (_rx_task) root DEBUG client.py                 71    logger_log                : Received data: {'00 e6 f2 59 e8 07 c0 38 00 00 00 d0 07'}, bytearray(b'\x00\xe6\xf2Y\xe8\x07\xc08\x00\x00\x00\xd0\x07')
2025-01-10 00:15:04,998 BTPWorkerThread-4200 (_rx_task) root DEBUG client.py                 71    logger_log                : event_handler Header(svc_id=1, op=130, ctrl_index=0, data_len=13) (b'\x00\xe6\xf2Y\xe8\x07\xc08\x00\x00\x00\xd0\x07',)
2025-01-10 00:15:05,018 BTPWorkerThread-4200 (_rx_task) root DEBUG client.py                 71    logger_log                : gap_connected_ev_ b'\x00\xe6\xf2Y\xe8\x07\xc08\x00\x00\x00\xd0\x07'
2025-01-10 00:15:05,038 LT1-thread root DEBUG client.py                 71    logger_log                : Sending response 'OK' to wid 1 test case GATT/CL/GAW/BI-09-C
2025-01-10 00:15:05,038 BTPWorkerThread-4200 (_rx_task) root DEBUG client.py                 71    logger_log                : Read 5 bytes
2025-01-10 00:15:05,038 BTPWorkerThread-4200 (_rx_task) root DEBUG client.py                 71    logger_log                : Received: hdr: Header(svc_id=0x01, op=0x80, ctrl_index=0x00, data_len=0x04) bytearray(b'\x01\x80\x00\x04\x00')
2025-01-10 00:15:05,038 BTPWorkerThread-4200 (_rx_task) root DEBUG client.py                 71    logger_log                : Read 4 bytes data
2025-01-10 00:15:05,038 BTPWorkerThread-4200 (_rx_task) root DEBUG client.py                 71    logger_log                : Received data: {'1b 02 00 00'}, bytearray(b'\x1b\x02\x00\x00')
2025-01-10 00:15:05,038 BTPWorkerThread-4200 (_rx_task) root DEBUG client.py                 71    logger_log                : event_handler Header(svc_id=1, op=128, ctrl_index=0, data_len=4) (b'\x1b\x02\x00\x00',)
2025-01-10 00:15:05,038 BTPWorkerThread-4200 (_rx_task) root DEBUG client.py                 71    logger_log                : gap_new_settings_ev_ b'\x1b\x02\x00\x00'
2025-01-10 00:15:05,038 BTPWorkerThread-4200 (_rx_task) root DEBUG client.py                 71    logger_log                : __gap_current_settings_update 539
2025-01-10 00:15:05,038 LT1-thread root DEBUG client.py                 71    logger_log                : ClientCallback.get_result run_test_case
2025-01-10 00:15:10,442 BTPWorkerThread-4200 (_rx_task) root DEBUG client.py                 71    logger_log                : Read 5 bytes
2025-01-10 00:15:10,442 BTPWorkerThread-4200 (_rx_task) root DEBUG client.py                 71    logger_log                : Received: hdr: Header(svc_id=0x01, op=0x88, ctrl_index=0x00, data_len=0x0d) bytearray(b'\x01\x88\x00\r\x00')
2025-01-10 00:15:10,442 BTPWorkerThread-4200 (_rx_task) root DEBUG client.py                 71    logger_log                : Read 13 bytes data
2025-01-10 00:15:10,443 BTPWorkerThread-4200 (_rx_task) root DEBUG client.py                 71    logger_log                : Received data: {'00 e6 f2 59 e8 07 c0 18 00 00 00 2a 00'}, bytearray(b'\x00\xe6\xf2Y\xe8\x07\xc0\x18\x00\x00\x00*\x00')
2025-01-10 00:15:10,443 BTPWorkerThread-4200 (_rx_task) root DEBUG client.py                 71    logger_log                : event_handler Header(svc_id=1, op=136, ctrl_index=0, data_len=13) (b'\x00\xe6\xf2Y\xe8\x07\xc0\x18\x00\x00\x00*\x00',)
2025-01-10 00:15:10,443 BTPWorkerThread-4200 (_rx_task) root DEBUG client.py                 71    logger_log                : gap_conn_param_update_ev_
2025-01-10 00:15:10,443 BTPWorkerThread-4200 (_rx_task) root DEBUG client.py                 71    logger_log                : received b'\x00\xe6\xf2Y\xe8\x07\xc0\x18\x00\x00\x00*\x00'
2025-01-10 00:15:10,443 BTPWorkerThread-4200 (_rx_task) root DEBUG client.py                 71    logger_log                : received (0, b'c007e859f2e6', 24, 0, 42)
2025-01-10 00:15:12,976 BTPWorkerThread-4200 (_rx_task) root DEBUG client.py                 71    logger_log                : Read 5 bytes
2025-01-10 00:15:12,977 BTPWorkerThread-4200 (_rx_task) root DEBUG client.py                 71    logger_log                : Received: hdr: Header(svc_id=0x01, op=0x89, ctrl_index=0x00, data_len=0x08) bytearray(b'\x01\x89\x00\x08\x00')
2025-01-10 00:15:12,977 BTPWorkerThread-4200 (_rx_task) root DEBUG client.py                 71    logger_log                : Read 8 bytes data
2025-01-10 00:15:12,977 BTPWorkerThread-4200 (_rx_task) root DEBUG client.py                 71    logger_log                : Received data: {'00 e6 f2 59 e8 07 c0 02'}, bytearray(b'\x00\xe6\xf2Y\xe8\x07\xc0\x02')
2025-01-10 00:15:12,977 BTPWorkerThread-4200 (_rx_task) root DEBUG client.py                 71    logger_log                : event_handler Header(svc_id=1, op=137, ctrl_index=0, data_len=8) (b'\x00\xe6\xf2Y\xe8\x07\xc0\x02',)
2025-01-10 00:15:12,977 BTPWorkerThread-4200 (_rx_task) root DEBUG client.py                 71    logger_log                : gap_sec_level_changed_ev_
2025-01-10 00:15:12,978 BTPWorkerThread-4200 (_rx_task) root DEBUG client.py                 71    logger_log                : received b'\x00\xe6\xf2Y\xe8\x07\xc0\x02'
2025-01-10 00:15:12,978 BTPWorkerThread-4200 (_rx_task) root DEBUG client.py                 71    logger_log                : received (0, 'c007e859f2e6', 2)
2025-01-10 00:15:12,987 LT1-callback ClientCallback.on_implicit_send INFO client.py                 71    logger_log                : 
    ********************
    BEGIN OnImplicitSend:
    project_name: GATT
    wid: 400
    test_case_name: GATT/CL/GAW/BI-09-C
    description: Please prepare IUT into an L2CAP Credit Based Connection connectable mode using LE signaling channel.

Description: Verify that the Implementation Under Test (IUT) can accept L2CAP_CREDIT_BASED_CONNECTION_REQ from PTS.
    style: MMI_Style_Ok_Cancel2 0x11141
2025-01-10 00:15:12,987 LT1-callback ClientCallback.on_implicit_send INFO client.py                 71    logger_log                : Calling test cases on_implicit_send
2025-01-10 00:15:12,988 LT1-callback ClientCallback.on_implicit_send INFO client.py                 71    logger_log                : 
    on_implicit_send returned response: WAIT
    END OnImplicitSend
    ********************
2025-01-10 00:15:13,099 LT1-thread root DEBUG client.py                 71    logger_log                : GATT GATT/CL/GAW/BI-09-C on_implicit_send
2025-01-10 00:15:13,099 LT1-thread root DEBUG client.py                 71    logger_log                : gatt_wid_hdl, 400, Please prepare IUT into an L2CAP Credit Based Connection connectable mode using LE signaling channel.

Description: Verify that the Implementation Under Test (IUT) can accept L2CAP_CREDIT_BASED_CONNECTION_REQ from PTS., GATT/CL/GAW/BI-09-C
2025-01-10 00:15:13,099 LT1-thread root DEBUG client.py                 71    logger_log                : Sending response 'OK' to wid 400 test case GATT/CL/GAW/BI-09-C
2025-01-10 00:15:13,099 LT1-thread root DEBUG client.py                 71    logger_log                : ClientCallback.get_result run_test_case
2025-01-10 00:15:15,157 BTPWorkerThread-4200 (_rx_task) root DEBUG client.py                 71    logger_log                : Read 5 bytes
2025-01-10 00:15:15,157 BTPWorkerThread-4200 (_rx_task) root DEBUG client.py                 71    logger_log                : Received: hdr: Header(svc_id=0x01, op=0x89, ctrl_index=0x00, data_len=0x08) bytearray(b'\x01\x89\x00\x08\x00')
2025-01-10 00:15:15,157 BTPWorkerThread-4200 (_rx_task) root DEBUG client.py                 71    logger_log                : Read 8 bytes data
2025-01-10 00:15:15,157 BTPWorkerThread-4200 (_rx_task) root DEBUG client.py                 71    logger_log                : Received data: {'00 e6 f2 59 e8 07 c0 02'}, bytearray(b'\x00\xe6\xf2Y\xe8\x07\xc0\x02')
2025-01-10 00:15:15,157 BTPWorkerThread-4200 (_rx_task) root DEBUG client.py                 71    logger_log                : event_handler Header(svc_id=1, op=137, ctrl_index=0, data_len=8) (b'\x00\xe6\xf2Y\xe8\x07\xc0\x02',)
2025-01-10 00:15:15,157 BTPWorkerThread-4200 (_rx_task) root DEBUG client.py                 71    logger_log                : gap_sec_level_changed_ev_
2025-01-10 00:15:15,157 BTPWorkerThread-4200 (_rx_task) root DEBUG client.py                 71    logger_log                : received b'\x00\xe6\xf2Y\xe8\x07\xc0\x02'
2025-01-10 00:15:15,157 BTPWorkerThread-4200 (_rx_task) root DEBUG client.py                 71    logger_log                : received (0, 'c007e859f2e6', 2)
2025-01-10 00:15:20,297 LT1-callback ClientCallback.on_implicit_send INFO client.py                 71    logger_log                : 
    ********************
    BEGIN OnImplicitSend:
    project_name: GATT
    wid: 77
    test_case_name: GATT/CL/GAW/BI-09-C
    description: Please send prepare write request with handle = '0198'O and offset greater than '190' byte to the PTS.

Description: Verify that the Implementation Under Test (IUT) can send prepare write request.
    style: MMI_Style_Ok_Cancel2 0x11141
2025-01-10 00:15:20,297 LT1-callback ClientCallback.on_implicit_send INFO client.py                 71    logger_log                : Calling test cases on_implicit_send
2025-01-10 00:15:20,297 LT1-callback ClientCallback.on_implicit_send INFO client.py                 71    logger_log                : 
    on_implicit_send returned response: WAIT
    END OnImplicitSend
    ********************
2025-01-10 00:15:21,147 LT1-thread root DEBUG client.py                 71    logger_log                : GATT GATT/CL/GAW/BI-09-C on_implicit_send
2025-01-10 00:15:21,147 LT1-thread root DEBUG client.py                 71    logger_log                : gatt_wid_hdl, 77, Please send prepare write request with handle = '0198'O and offset greater than '190' byte to the PTS.

Description: Verify that the Implementation Under Test (IUT) can send prepare write request., GATT/CL/GAW/BI-09-C
2025-01-10 00:15:21,147 LT1-thread root DEBUG client.py                 71    logger_log                : parse_description "Please send prepare write request with handle = '0198'O and offset greater than '190' byte to the PTS.\n\nDescription: Verify that the Implementation Under Test (IUT) can send prepare write request."
2025-01-10 00:15:21,147 LT1-thread root DEBUG client.py                 71    logger_log                : Parse result: ['0198', '190']
2025-01-10 00:15:21,147 LT1-thread root DEBUG client.py                 71    logger_log                : gattc_write_long 0 '0198' 191 '12' 192
2025-01-10 00:15:21,147 LT1-thread root DEBUG client.py                 71    logger_log                : send, 2 24 0 "bytearray(b'\\x00\\xe6\\xf2Y\\xe8\\x07\\xc0\\x98\\x01\\xbf\\x00\\xc0\\x00\\x12\\x12\\x12\\x12\\x12\\x12\\x12\\x12\\x12\\x12\\x12\\x12\\x12\\x12\\x12\\x12\\x12\\x12\\x12\\x12\\x12\\x12\\x12\\x12\\x12\\x12\\x12\\x12\\x12\\x12\\x12\\x12\\x12\\x12\\x12\\x12\\x12\\x12\\x12\\x12\\x12\\x12\\x12\\x12\\x12\\x12\\x12\\x12\\x12\\x12\\x12\\x12\\x12\\x12\\x12\\x12\\x12\\x12\\x12\\x12\\x12\\x12\\x12\\x12\\x12\\x12\\x12\\x12\\x12\\x12\\x12\\x12\\x12\\x12\\x12\\x12\\x12\\x12\\x12\\x12\\x12\\x12\\x12\\x12\\x12\\x12\\x12\\x12\\x12\\x12\\x12\\x12\\x12\\x12\\x12\\x12\\x12\\x12\\x12\\x12\\x12\\x12\\x12\\x12\\x12\\x12\\x12\\x12\\x12\\x12\\x12\\x12\\x12\\x12\\x12\\x12\\x12\\x12\\x12\\x12\\x12\\x12\\x12\\x12\\x12\\x12\\x12\\x12\\x12\\x12\\x12\\x12\\x12\\x12\\x12\\x12\\x12\\x12\\x12\\x12\\x12\\x12\\x12\\x12\\x12\\x12\\x12\\x12\\x12\\x12\\x12\\x12\\x12\\x12\\x12\\x12\\x12\\x12\\x12\\x12\\x12\\x12\\x12\\x12\\x12\\x12\\x12\\x12\\x12\\x12\\x12\\x12\\x12\\x12\\x12\\x12\\x12\\x12\\x12\\x12\\x12\\x12\\x12\\x12\\x12\\x12\\x12\\x12\\x12\\x12\\x12\\x12')"
2025-01-10 00:15:21,147 LT1-thread root DEBUG client.py                 71    logger_log                : sending frame '021800cd0000e6f259e807c09801bf00c000121212121212121212121212121212121212121212121212121212121212121212121212121212121212121212121212121212121212121212121212121212121212121212121212121212121212121212121212121212121212121212121212121212121212121212121212121212121212121212121212121212121212121212121212121212121212121212121212121212121212121212121212121212121212121212121212121212121212121212121212121212121212121212121212'
2025-01-10 00:15:21,147 LT1-thread root DEBUG client.py                 71    logger_log                : read
2025-01-10 00:15:21,527 BTPWorkerThread-4200 (_rx_task) root DEBUG client.py                 71    logger_log                : Read 5 bytes
2025-01-10 00:15:21,547 BTPWorkerThread-4200 (_rx_task) root DEBUG client.py                 71    logger_log                : Received: hdr: Header(svc_id=0x02, op=0x18, ctrl_index=0x00, data_len=0x01) bytearray(b'\x02\x18\x00\x01\x00')
2025-01-10 00:15:21,587 BTPWorkerThread-4200 (_rx_task) root DEBUG client.py                 71    logger_log                : Read 1 bytes data
2025-01-10 00:15:21,607 BTPWorkerThread-4200 (_rx_task) root DEBUG client.py                 71    logger_log                : Received data: {'07'}, bytearray(b'\x07')
2025-01-10 00:15:21,637 LT1-thread root DEBUG client.py                 71    logger_log                : gattc_write_long_rsp received Header(svc_id=2, op=24, ctrl_index=0, data_len=1) (b'\x07',)
2025-01-10 00:15:21,637 LT1-thread root DEBUG client.py                 71    logger_log                : gattc_write_long_rsp 7
2025-01-10 00:15:21,637 LT1-thread root DEBUG client.py                 71    logger_log                : Sending response 'OK' to wid 77 test case GATT/CL/GAW/BI-09-C
2025-01-10 00:15:21,637 LT1-thread root DEBUG client.py                 71    logger_log                : ClientCallback.get_result run_test_case
2025-01-10 00:15:21,637 LT1-callback ClientCallback.on_implicit_send INFO client.py                 71    logger_log                : 
    ********************
    BEGIN OnImplicitSend:
    project_name: GATT
    wid: 66
    test_case_name: GATT/CL/GAW/BI-09-C
    description: Please confirm IUT received Invalid offset error. Click Yes if IUT received it, otherwise click No.

Description: Verify that the Implementation Under Test (IUT) indicate Invalid offset error when write a characteristic.
    style: MMI_Style_Yes_No1 0x11044
2025-01-10 00:15:21,637 LT1-callback ClientCallback.on_implicit_send INFO client.py                 71    logger_log                : Calling test cases on_implicit_send
2025-01-10 00:15:21,637 LT1-callback ClientCallback.on_implicit_send INFO client.py                 71    logger_log                : 
    on_implicit_send returned response: WAIT
    END OnImplicitSend
    ********************
2025-01-10 00:15:22,641 LT1-thread root DEBUG client.py                 71    logger_log                : GATT GATT/CL/GAW/BI-09-C on_implicit_send
2025-01-10 00:15:22,641 LT1-thread root DEBUG client.py                 71    logger_log                : gatt_wid_hdl, 66, Please confirm IUT received Invalid offset error. Click Yes if IUT received it, otherwise click No.

Description: Verify that the Implementation Under Test (IUT) indicate Invalid offset error when write a characteristic., GATT/CL/GAW/BI-09-C
2025-01-10 00:15:22,642 LT1-thread root DEBUG client.py                 71    logger_log                : description='Please confirm IUT received Invalid offset error. Click Yes if IUT received it, otherwise click No.\n\nDescription: Verify that the Implementation Under Test (IUT) indicate Invalid offset error when write a characteristic.'
2025-01-10 00:15:22,642 LT1-thread root DEBUG client.py                 71    logger_log                : Verifying values: ['Invalid offset error']
2025-01-10 00:15:22,642 LT1-thread root DEBUG client.py                 71    logger_log                : Description values: ['Invalid offset error']
2025-01-10 00:15:22,642 LT1-thread root DEBUG client.py                 71    logger_log                : Verifying: 'Invalid offset error'
2025-01-10 00:15:22,642 LT1-thread root DEBUG client.py                 71    logger_log                : All verifications passed
2025-01-10 00:15:22,643 LT1-thread root DEBUG client.py                 71    logger_log                : Sending response 'Yes' to wid 66 test case GATT/CL/GAW/BI-09-C
2025-01-10 00:15:22,646 LT1-thread root DEBUG client.py                 71    logger_log                : ClientCallback.get_result run_test_case
2025-01-10 00:15:22,650 LT1-callback ClientCallback.on_implicit_send INFO client.py                 71    logger_log                : 
    ********************
    BEGIN OnImplicitSend:
    project_name: GATT
    wid: 82
    test_case_name: GATT/CL/GAW/BI-09-C
    description: Please send execute write request to the PTS.

Description: Verify that the Implementation Under Test (IUT) can send execute write request.
    style: MMI_Style_Ok_Cancel2 0x11141
2025-01-10 00:15:22,650 LT1-callback ClientCallback.on_implicit_send INFO client.py                 71    logger_log                : Calling test cases on_implicit_send
2025-01-10 00:15:22,650 LT1-callback ClientCallback.on_implicit_send INFO client.py                 71    logger_log                : 
    on_implicit_send returned response: WAIT
    END OnImplicitSend
    ********************
2025-01-10 00:15:23,659 LT1-thread root DEBUG client.py                 71    logger_log                : GATT GATT/CL/GAW/BI-09-C on_implicit_send
2025-01-10 00:15:23,659 LT1-thread root DEBUG client.py                 71    logger_log                : gatt_wid_hdl, 82, Please send execute write request to the PTS.

Description: Verify that the Implementation Under Test (IUT) can send execute write request., GATT/CL/GAW/BI-09-C
2025-01-10 00:15:23,660 LT1-thread root DEBUG client.py                 71    logger_log                : Sending response 'OK' to wid 82 test case GATT/CL/GAW/BI-09-C
2025-01-10 00:15:23,666 LT1-thread root DEBUG client.py                 71    logger_log                : ClientCallback.get_result run_test_case
2025-01-10 00:15:25,027 BTPWorkerThread-4200 (_rx_task) root DEBUG client.py                 71    logger_log                : Read 5 bytes
2025-01-10 00:15:25,028 BTPWorkerThread-4200 (_rx_task) root DEBUG client.py                 71    logger_log                : Received: hdr: Header(svc_id=0x01, op=0x83, ctrl_index=0x00, data_len=0x07) bytearray(b'\x01\x83\x00\x07\x00')
2025-01-10 00:15:25,028 BTPWorkerThread-4200 (_rx_task) root DEBUG client.py                 71    logger_log                : Read 7 bytes data
2025-01-10 00:15:25,028 BTPWorkerThread-4200 (_rx_task) root DEBUG client.py                 71    logger_log                : Received data: {'00 e6 f2 59 e8 07 c0'}, bytearray(b'\x00\xe6\xf2Y\xe8\x07\xc0')
2025-01-10 00:15:25,028 BTPWorkerThread-4200 (_rx_task) root DEBUG client.py                 71    logger_log                : event_handler Header(svc_id=1, op=131, ctrl_index=0, data_len=7) (b'\x00\xe6\xf2Y\xe8\x07\xc0',)
2025-01-10 00:15:25,029 BTPWorkerThread-4200 (_rx_task) root DEBUG client.py                 71    logger_log                : gap_disconnected_ev_ b'\x00\xe6\xf2Y\xe8\x07\xc0'
2025-01-10 00:15:28,584 LT1-callback ClientCallback.log INFO client.py                 71    logger_log                : PTS_LOGTYPE_START_TEST Start Test Case 

+2031 ms
 GATT/CL/GAW/BI-09-C GATT/CL/GAW/BI-09-C

2025-01-10 00:15:29,701 LT1-callback ClientCallback.log INFO client.py                 71    logger_log                : PTS_LOGTYPE_FINAL_VERDICT Final Verdict 

+27828 ms
 GATT/CL/GAW/BI-09-C PASS

2025-01-10 00:15:29,709 LT1-callback ClientCallback.log INFO client.py                 71    logger_log                : PTS_LOGTYPE_FINAL_VERDICT Encrypted Verdict 

+27828 ms
 GATT/CL/GAW/BI-09-C A1#ZWY4MzQ5MDg3MmQwNTIxOGQzMzQ5YjY2ODA5M2MzNjQ5ZDY4NmY0Yjc2MzIzM2VkNTUyNTFhNGU4Mjg1MjI0NA==#Br5KBwmavhI2Y/JbtZiaen87IB+CuFniFbmxxDSSdYzY4zahVpgg/KsNYMr/YCMX

2025-01-10 00:15:29,717 LT1-callback ClientCallback.log INFO client.py                 71    logger_log                : PTS_LOGTYPE_END_TEST Test Case Ended 

+27828 ms
 GATT/CL/GAW/BI-09-C GATT/CL/GAW/BI-09-C

2025-01-10 00:15:29,863 LT1-callback root DEBUG client.py                 71    logger_log                : ClientCallback, set_result, run_test_case, PASS
2025-01-10 00:15:29,863 LT1-thread root DEBUG client.py                 71    logger_log                : After run_test_case error_code=0 status='PASS'
2025-01-10 00:15:29,864 LT1-thread root DEBUG client.py                 71    logger_log                : post_run GATT GATT/CL/GAW/BI-09-C 0
2025-01-10 00:15:29,864 LT1-thread root DEBUG client.py                 71    logger_log                : Starting test function: class=<class 'autopts.ptsprojects.testcase.TestFuncCleanUp'>, func=<bound method Stack.cleanup of <autopts.ptsprojects.stack.stack.Stack object at 0x000001C083019550>> start_wid=None stop_wid=None post_wid=None skip_call=None call_count=1 args=() kwds={}
2025-01-10 00:15:29,865 LT1-thread root DEBUG client.py                 71    logger_log                : Test function parameters: args=(), kwds={}
2025-01-10 00:15:29,865 LT1-thread root DEBUG client.py                 71    logger_log                : Starting test function: class=<class 'autopts.ptsprojects.testcase.TestFuncCleanUp'>, func=<bound method ZephyrCtl.stop of <autopts.ptsprojects.zephyr.iutctl.ZephyrCtl object at 0x000001C08303E410>> start_wid=None stop_wid=None post_wid=None skip_call=None call_count=1 args=() kwds={}
2025-01-10 00:15:29,865 LT1-thread root DEBUG client.py                 71    logger_log                : Test function parameters: args=(), kwds={}
2025-01-10 00:15:29,865 LT1-thread root DEBUG client.py                 71    logger_log                : <class 'autopts.ptsprojects.zephyr.iutctl.ZephyrCtl'>.stop
2025-01-10 00:15:29,866 LT1-thread root DEBUG client.py                 71    logger_log                : About to reset DUT: JLink -CommandFile reset.jlink -usb 1064371884 -device MCXW716
2025-01-10 00:15:30,342 BTPWorkerThread-4200 (_rx_task) root DEBUG client.py                 71    logger_log                : Read 5 bytes
2025-01-10 00:15:30,349 BTPWorkerThread-4200 (_rx_task) root DEBUG client.py                 71    logger_log                : Received: hdr: Header(svc_id=0x00, op=0x80, ctrl_index=0xff, data_len=0x00) bytearray(b'\x00\x80\xff\x00\x00')
2025-01-10 00:15:30,369 BTPWorkerThread-4200 (_rx_task) root DEBUG client.py                 71    logger_log                : Received data: {''}, bytearray(b'')
2025-01-10 00:15:30,397 BTPWorkerThread-4200 (_rx_task) root DEBUG client.py                 71    logger_log                : event_handler Header(svc_id=0, op=128, ctrl_index=255, data_len=0) (b'',)
2025-01-10 00:15:30,417 BTPWorkerThread-4200 (_rx_task) root DEBUG client.py                 71    logger_log                : core_iut_ready_ev
2025-01-10 00:15:30,437 LT1-thread root DEBUG client.py                 71    logger_log                : IUT ready event received OK
2025-01-10 00:15:30,437 LT1-thread root DEBUG client.py                 71    logger_log                : Waiting for _rx_worker to finish ...
2025-01-10 00:15:31,441 BTPWorkerThread-4200 (_rx_task) root DEBUG client.py                 71    logger_log                : BTPWorkerThread-4200 (_rx_task) finishing...
2025-01-10 00:15:31,441 LT1-thread root DEBUG client.py                 71    logger_log                : Waiting for _rx_worker to finish ...
2025-01-10 00:15:34,475 LT1-thread root DEBUG client.py                 71    logger_log                : post_run, cleanup running post test case script
2025-01-10 00:15:34,475 LT1-thread root DEBUG client.py                 71    logger_log                : post_run, run post test case script
2025-01-10 00:15:34,655 LT1-thread root DEBUG client.py                 71    logger_log                : Done TestCase _run_test_case GATT GATT/CL/GAW/BI-09-C
