< 2025/01/09 02:22:35.415530  length=5 from=0 to=4
 00 80 ff 00 00                                   .....
--
> 2025/01/09 02:22:45.239825  length=6 from=0 to=5
 00 03 ff 01 00 01                                ......
--
< 2025/01/09 02:22:45.286926  length=5 from=5 to=9
 00 03 ff 00 00                                   .....
--
> 2025/01/09 02:22:45.363779  length=5 from=6 to=10
 01 03 00 00 00                                   .....
--
< 2025/01/09 02:22:46.219908  length=192 from=10 to=201
 01 03 00 15 01 28 00 03 37 60 00 13 06 02 00 13  .....(..7`......
 02 00 00 00 00 00 62 74 70 5f 74 65 73 74 65 72  ......btp_tester
 00 00 00 00 00 00 00 00 00 00 00 00 00 00 00 00  ................
 00 00 00 00 00 00 00 00 00 00 00 00 00 00 00 00  ................
 00 00 00 00 00 00 00 00 00 00 00 00 00 00 00 00  ................
 00 00 00 00 00 00 00 00 00 00 00 00 00 00 00 00  ................
 00 00 00 00 00 00 00 00 00 00 00 00 00 00 00 00  ................
 00 00 00 00 00 00 00 00 00 00 00 00 00 00 00 00  ................
 00 00 00 00 00 00 00 00 00 00 00 00 00 00 00 00  ................
 00 00 00 00 00 00 00 00 00 00 00 00 00 00 00 00  ................
 00 00 00 00 00 00 00 00 00 00 00 00 00 00 00 00  ................
 00 00 00 00 00 00 00 00 00 00 00 00 00 00 00 00  ................
--
< 2025/01/09 02:22:46.234360  length=90 from=202 to=291
 00 00 00 00 00 00 00 00 00 00 00 00 00 00 00 00  ................
 00 00 00 00 00 00 00 00 00 00 00 00 00 00 00 00  ................
 00 00 00 00 00 00 00 00 00 00 00 00 00 00 00 00  ................
 00 00 00 00 00 00 00 00 00 00 00 00 00 00 00 00  ................
 00 00 00 00 00 00 00 00 00 00 00 00 00 00 00 00  ................
 00 00 00 00 00 00 00 00 00 00                    ..........
--
> 2025/01/09 02:22:54.524912  length=6 from=11 to=16
 01 10 00 01 00 02                                ......
--
< 2025/01/09 02:22:54.539981  length=5 from=292 to=296
 01 10 00 00 00                                   .....
--
< 2025/01/09 02:22:55.449943  length=5 from=297 to=301
 00 80 ff 00 00                                   .....
--
