2025-02-20 16:32:58,004 LT1-thread root DEBUG client.py                 71    logger_log                : Starting TestCase _run_test_case SM SM/PER/SCOB/BV-02-C
2025-02-20 16:32:58,004 LT1-thread root DEBUG client.py                 71    logger_log                : pre_run SM SM/PER/SCOB/BV-02-C
2025-02-20 16:32:58,004 LT1-thread root DEBUG client.py                 71    logger_log                : About to run test case SM SM/PER/SCOB/BV-02-C with commands:
2025-02-20 16:32:58,004 LT1-thread root DEBUG client.py                 71    logger_log                : 0) class=<class 'autopts.ptsprojects.testcase.TestFunc'>, func=<bound method Stack.core_init of <autopts.ptsprojects.stack.stack.Stack object at 0x00000275E020DE10>> start_wid=None stop_wid=None post_wid=None skip_call=None call_count=0 args=() kwds={}
2025-02-20 16:32:58,004 LT1-thread root DEBUG client.py                 71    logger_log                : 1) class=<class 'autopts.ptsprojects.testcase.TestFunc'>, func=<bound method ZephyrCtl.hw_reset of <autopts.ptsprojects.zephyr.iutctl.ZephyrCtl object at 0x00000275E4FF3050>> start_wid=None stop_wid=None post_wid=None skip_call=None call_count=0 args=() kwds={}
2025-02-20 16:32:58,004 LT1-thread root DEBUG client.py                 71    logger_log                : 2) class=<class 'autopts.ptsprojects.testcase.TestFunc'>, func=<bound method ZephyrCtl.start of <autopts.ptsprojects.zephyr.iutctl.ZephyrCtl object at 0x00000275E4FF3050>> start_wid=None stop_wid=None post_wid=None skip_call=None call_count=0 args=(<autopts.ptsprojects.zephyr.ztestcase.ZTestCase object at 0x00000275E5E25910>,) kwds={}
2025-02-20 16:32:58,004 LT1-thread root DEBUG client.py                 71    logger_log                : 3) class=<class 'autopts.ptsprojects.testcase.TestFunc'>, func=<bound method ZephyrCtl.hw_reset of <autopts.ptsprojects.zephyr.iutctl.ZephyrCtl object at 0x00000275E4FF3050>> start_wid=None stop_wid=None post_wid=None skip_call=None call_count=0 args=() kwds={}
2025-02-20 16:32:58,004 LT1-thread root DEBUG client.py                 71    logger_log                : 4) class=<class 'autopts.ptsprojects.testcase.TestFunc'>, func=<bound method ZephyrCtl.wait_iut_ready_event of <autopts.ptsprojects.zephyr.iutctl.ZephyrCtl object at 0x00000275E4FF3050>> start_wid=None stop_wid=None post_wid=None skip_call=None call_count=0 args=(False,) kwds={}
2025-02-20 16:32:58,004 LT1-thread root DEBUG client.py                 71    logger_log                : 5) class=<class 'autopts.ptsprojects.testcase.TestFunc'>, func=<function core_reg_svc_gap at 0x00000275E0EEC7C0> start_wid=None stop_wid=None post_wid=None skip_call=None call_count=58 args=() kwds={}
2025-02-20 16:32:58,004 LT1-thread root DEBUG client.py                 71    logger_log                : 6) class=<class 'autopts.ptsprojects.testcase.TestFunc'>, func=<bound method Stack.gap_init of <autopts.ptsprojects.stack.stack.Stack object at 0x00000275E020DE10>> start_wid=None stop_wid=None post_wid=None skip_call=None call_count=58 args=(b'Tester_25DE2A',) kwds={}
2025-02-20 16:32:58,004 LT1-thread root DEBUG client.py                 71    logger_log                : 7) class=<class 'autopts.ptsprojects.testcase.TestFunc'>, func=<function gap_read_ctrl_info at 0x00000275E0EF8680> start_wid=None stop_wid=None post_wid=None skip_call=None call_count=58 args=() kwds={}
2025-02-20 16:32:58,004 LT1-thread root DEBUG client.py                 71    logger_log                : 8) class=<class 'autopts.ptsprojects.testcase.TestFunc'>, func=<function test_cases.<locals>.<lambda> at 0x00000275E5A30680> start_wid=None stop_wid=None post_wid=None skip_call=None call_count=58 args=() kwds={}
2025-02-20 16:32:58,004 LT1-thread root DEBUG client.py                 71    logger_log                : 9) class=<class 'autopts.ptsprojects.testcase.TestFunc'>, func=<function test_cases.<locals>.<lambda> at 0x00000275E5D84C20> start_wid=None stop_wid=None post_wid=None skip_call=None call_count=58 args=() kwds={}
2025-02-20 16:32:58,004 LT1-thread root DEBUG client.py                 71    logger_log                : 10) class=<class 'autopts.ptsprojects.testcase.TestFunc'>, func=<function test_cases.<locals>.<lambda> at 0x00000275E5D84CC0> start_wid=None stop_wid=None post_wid=None skip_call=None call_count=58 args=() kwds={}
2025-02-20 16:32:58,014 LT1-thread root DEBUG client.py                 71    logger_log                : 11) class=<class 'autopts.ptsprojects.testcase.TestFunc'>, func=<function set_pts_addr at 0x00000275E0EEC360> start_wid=None stop_wid=None post_wid=None skip_call=None call_count=58 args=('C0:07:E8:25:DE:2A', 0) kwds={}
2025-02-20 16:32:58,014 LT1-thread root DEBUG client.py                 71    logger_log                : 12) class=<class 'autopts.ptsprojects.testcase.TestFunc'>, func=<function gap_set_io_cap at 0x00000275E0EEFBA0> start_wid=None stop_wid=None post_wid=None skip_call=None call_count=0 args=(0,) kwds={}
2025-02-20 16:32:58,014 LT1-thread root DEBUG client.py                 71    logger_log                : 13) class=<class 'autopts.ptsprojects.testcase.TestFuncCleanUp'>, func=<bound method Stack.cleanup of <autopts.ptsprojects.stack.stack.Stack object at 0x00000275E020DE10>> start_wid=None stop_wid=None post_wid=None skip_call=None call_count=0 args=() kwds={}
2025-02-20 16:32:58,014 LT1-thread root DEBUG client.py                 71    logger_log                : 14) class=<class 'autopts.ptsprojects.testcase.TestFuncCleanUp'>, func=<bound method ZephyrCtl.stop of <autopts.ptsprojects.zephyr.iutctl.ZephyrCtl object at 0x00000275E4FF3050>> start_wid=None stop_wid=None post_wid=None skip_call=None call_count=0 args=() kwds={}
2025-02-20 16:32:58,014 LT1-thread root DEBUG client.py                 71    logger_log                : pre_run, run pre test case script
2025-02-20 16:32:58,024 LT1-thread root DEBUG client.py                 71    logger_log                : Starting test function: class=<class 'autopts.ptsprojects.testcase.TestFunc'>, func=<bound method Stack.core_init of <autopts.ptsprojects.stack.stack.Stack object at 0x00000275E020DE10>> start_wid=None stop_wid=None post_wid=None skip_call=None call_count=1 args=() kwds={}
2025-02-20 16:32:58,024 LT1-thread root DEBUG client.py                 71    logger_log                : Test function parameters: args=(), kwds={}
2025-02-20 16:32:58,024 LT1-thread root DEBUG client.py                 71    logger_log                : Starting test function: class=<class 'autopts.ptsprojects.testcase.TestFunc'>, func=<bound method ZephyrCtl.hw_reset of <autopts.ptsprojects.zephyr.iutctl.ZephyrCtl object at 0x00000275E4FF3050>> start_wid=None stop_wid=None post_wid=None skip_call=None call_count=1 args=() kwds={}
2025-02-20 16:32:58,024 LT1-thread root DEBUG client.py                 71    logger_log                : Test function parameters: args=(), kwds={}
2025-02-20 16:32:58,024 LT1-thread root DEBUG client.py                 71    logger_log                : Starting test function: class=<class 'autopts.ptsprojects.testcase.TestFunc'>, func=<bound method ZephyrCtl.start of <autopts.ptsprojects.zephyr.iutctl.ZephyrCtl object at 0x00000275E4FF3050>> start_wid=None stop_wid=None post_wid=None skip_call=None call_count=1 args=(<autopts.ptsprojects.zephyr.ztestcase.ZTestCase object at 0x00000275E5E25910>,) kwds={}
2025-02-20 16:32:58,024 LT1-thread root DEBUG client.py                 71    logger_log                : Test function parameters: args=(<autopts.ptsprojects.zephyr.ztestcase.ZTestCase object at 0x00000275E5E25910>,), kwds={}
2025-02-20 16:32:58,024 LT1-thread root DEBUG client.py                 71    logger_log                : <class 'autopts.ptsprojects.zephyr.iutctl.ZephyrCtl'>.start
2025-02-20 16:32:58,024 LT1-thread root DEBUG client.py                 71    logger_log                : <class 'autopts.ptsprojects.zephyr.iutctl.ZephyrCtl'>.flush_serial
2025-02-20 16:32:59,344 LT1-thread root DEBUG client.py                 71    logger_log                : Starting socat process: socat.exe -x -v tcp:10.192.253.135:59647,retry=100,interval=1 /dev/ttyS35,raw,b115200
2025-02-20 16:32:59,364 LT1-thread root DEBUG client.py                 71    logger_log                : accept
2025-02-20 16:32:59,494 BTPWorkerThread-13799 (_rx_task) root DEBUG client.py                 71    logger_log                : BTPWorkerThread-13799 (_rx_task) started
2025-02-20 16:32:59,494 LT1-thread root DEBUG client.py                 71    logger_log                : Starting test function: class=<class 'autopts.ptsprojects.testcase.TestFunc'>, func=<bound method ZephyrCtl.hw_reset of <autopts.ptsprojects.zephyr.iutctl.ZephyrCtl object at 0x00000275E4FF3050>> start_wid=None stop_wid=None post_wid=None skip_call=None call_count=1 args=() kwds={}
2025-02-20 16:32:59,494 LT1-thread root DEBUG client.py                 71    logger_log                : Test function parameters: args=(), kwds={}
2025-02-20 16:32:59,494 LT1-thread root DEBUG client.py                 71    logger_log                : Starting test function: class=<class 'autopts.ptsprojects.testcase.TestFunc'>, func=<bound method ZephyrCtl.wait_iut_ready_event of <autopts.ptsprojects.zephyr.iutctl.ZephyrCtl object at 0x00000275E4FF3050>> start_wid=None stop_wid=None post_wid=None skip_call=None call_count=1 args=(False,) kwds={}
2025-02-20 16:32:59,494 LT1-thread root DEBUG client.py                 71    logger_log                : Test function parameters: args=(False,), kwds={}
2025-02-20 16:32:59,494 LT1-thread root DEBUG client.py                 71    logger_log                : IUT ready event received OK
2025-02-20 16:32:59,494 LT1-thread root DEBUG client.py                 71    logger_log                : Starting test function: class=<class 'autopts.ptsprojects.testcase.TestFunc'>, func=<function core_reg_svc_gap at 0x00000275E0EEC7C0> start_wid=None stop_wid=None post_wid=None skip_call=None call_count=59 args=() kwds={}
2025-02-20 16:32:59,494 LT1-thread root DEBUG client.py                 71    logger_log                : Test function parameters: args=(), kwds={}
2025-02-20 16:32:59,494 LT1-thread root DEBUG client.py                 71    logger_log                : core_reg_svc_gap
2025-02-20 16:32:59,494 LT1-thread root DEBUG client.py                 71    logger_log                : send, 0 3 255 '1'
2025-02-20 16:32:59,494 LT1-thread root DEBUG client.py                 71    logger_log                : sending frame '0003ff010001'
2025-02-20 16:32:59,494 LT1-thread root DEBUG client.py                 71    logger_log                : core_reg_svc_rsp_succ
2025-02-20 16:32:59,494 LT1-thread root DEBUG client.py                 71    logger_log                : read
2025-02-20 16:32:59,594 BTPWorkerThread-13799 (_rx_task) root DEBUG client.py                 71    logger_log                : Read 5 bytes
2025-02-20 16:32:59,614 BTPWorkerThread-13799 (_rx_task) root DEBUG client.py                 71    logger_log                : Received: hdr: Header(svc_id=0x00, op=0x03, ctrl_index=0xff, data_len=0x00) bytearray(b'\x00\x03\xff\x00\x00')
2025-02-20 16:32:59,634 BTPWorkerThread-13799 (_rx_task) root DEBUG client.py                 71    logger_log                : Received data: {''}, bytearray(b'')
2025-02-20 16:32:59,654 LT1-thread root DEBUG client.py                 71    logger_log                : received Header(svc_id=0, op=3, ctrl_index=255, data_len=0) (b'',)
2025-02-20 16:32:59,654 LT1-thread root DEBUG client.py                 71    logger_log                : expected ((0, 3, 255, 0), (b'',))
2025-02-20 16:32:59,654 LT1-thread root DEBUG client.py                 71    logger_log                : response is valid
2025-02-20 16:32:59,654 LT1-thread root DEBUG client.py                 71    logger_log                : Starting test function: class=<class 'autopts.ptsprojects.testcase.TestFunc'>, func=<bound method Stack.gap_init of <autopts.ptsprojects.stack.stack.Stack object at 0x00000275E020DE10>> start_wid=None stop_wid=None post_wid=None skip_call=None call_count=59 args=(b'Tester_25DE2A',) kwds={}
2025-02-20 16:32:59,654 LT1-thread root DEBUG client.py                 71    logger_log                : Test function parameters: args=(b'Tester_25DE2A',), kwds={}
2025-02-20 16:32:59,654 LT1-thread root DEBUG client.py                 71    logger_log                : Starting test function: class=<class 'autopts.ptsprojects.testcase.TestFunc'>, func=<function gap_read_ctrl_info at 0x00000275E0EF8680> start_wid=None stop_wid=None post_wid=None skip_call=None call_count=59 args=() kwds={}
2025-02-20 16:32:59,654 LT1-thread root DEBUG client.py                 71    logger_log                : Test function parameters: args=(), kwds={}
2025-02-20 16:32:59,654 LT1-thread root DEBUG client.py                 71    logger_log                : gap_read_ctrl_info
2025-02-20 16:32:59,654 LT1-thread root DEBUG client.py                 71    logger_log                : send, 1 3 0 ''
2025-02-20 16:32:59,654 LT1-thread root DEBUG client.py                 71    logger_log                : sending frame '0103000000'
2025-02-20 16:32:59,654 LT1-thread root DEBUG client.py                 71    logger_log                : read
2025-02-20 16:32:59,864 BTPWorkerThread-13799 (_rx_task) root DEBUG client.py                 71    logger_log                : Read 5 bytes
2025-02-20 16:32:59,884 BTPWorkerThread-13799 (_rx_task) root DEBUG client.py                 71    logger_log                : Received: hdr: Header(svc_id=0x01, op=0x03, ctrl_index=0x00, data_len=0x115) bytearray(b'\x01\x03\x00\x15\x01')
2025-02-20 16:32:59,924 BTPWorkerThread-13799 (_rx_task) root DEBUG client.py                 71    logger_log                : Read 277 bytes data
2025-02-20 16:32:59,944 BTPWorkerThread-13799 (_rx_task) root DEBUG client.py                 71    logger_log                : Received data: {'28 00 03 37 60 00 13 06 02 00 13 02 00 00 00 00 00 62 74 70 5f 74 65 73 74 65 72 00 00 00 00 00 00 00 00 00 00 00 00 00 00 00 00 00 00 00 00 00 00 00 00 00 00 00 00 00 00 00 00 00 00 00 00 00 00 00 00 00 00 00 00 00 00 00 00 00 00 00 00 00 00 00 00 00 00 00 00 00 00 00 00 00 00 00 00 00 00 00 00 00 00 00 00 00 00 00 00 00 00 00 00 00 00 00 00 00 00 00 00 00 00 00 00 00 00 00 00 00 00 00 00 00 00 00 00 00 00 00 00 00 00 00 00 00 00 00 00 00 00 00 00 00 00 00 00 00 00 00 00 00 00 00 00 00 00 00 00 00 00 00 00 00 00 00 00 00 00 00 00 00 00 00 00 00 00 00 00 00 00 00 00 00 00 00 00 00 00 00 00 00 00 00 00 00 00 00 00 00 00 00 00 00 00 00 00 00 00 00 00 00 00 00 00 00 00 00 00 00 00 00 00 00 00 00 00 00 00 00 00 00 00 00 00 00 00 00 00 00 00 00 00 00 00 00 00 00 00 00 00 00 00 00 00 00 00 00 00 00 00 00 00 00 00 00 00 00 00'}, bytearray(b'(\x00\x037`\x00\x13\x06\x02\x00\x13\x02\x00\x00\x00\x00\x00btp_tester\x00\x00\x00\x00\x00\x00\x00\x00\x00\x00\x00\x00\x00\x00\x00\x00\x00\x00\x00\x00\x00\x00\x00\x00\x00\x00\x00\x00\x00\x00\x00\x00\x00\x00\x00\x00\x00\x00\x00\x00\x00\x00\x00\x00\x00\x00\x00\x00\x00\x00\x00\x00\x00\x00\x00\x00\x00\x00\x00\x00\x00\x00\x00\x00\x00\x00\x00\x00\x00\x00\x00\x00\x00\x00\x00\x00\x00\x00\x00\x00\x00\x00\x00\x00\x00\x00\x00\x00\x00\x00\x00\x00\x00\x00\x00\x00\x00\x00\x00\x00\x00\x00\x00\x00\x00\x00\x00\x00\x00\x00\x00\x00\x00\x00\x00\x00\x00\x00\x00\x00\x00\x00\x00\x00\x00\x00\x00\x00\x00\x00\x00\x00\x00\x00\x00\x00\x00\x00\x00\x00\x00\x00\x00\x00\x00\x00\x00\x00\x00\x00\x00\x00\x00\x00\x00\x00\x00\x00\x00\x00\x00\x00\x00\x00\x00\x00\x00\x00\x00\x00\x00\x00\x00\x00\x00\x00\x00\x00\x00\x00\x00\x00\x00\x00\x00\x00\x00\x00\x00\x00\x00\x00\x00\x00\x00\x00\x00\x00\x00\x00\x00\x00\x00\x00\x00\x00\x00\x00\x00\x00\x00\x00\x00\x00\x00\x00\x00\x00\x00\x00\x00\x00\x00\x00\x00\x00\x00\x00\x00\x00\x00\x00\x00\x00\x00\x00\x00\x00\x00\x00\x00\x00\x00\x00\x00\x00\x00\x00\x00\x00')
2025-02-20 16:32:59,974 LT1-thread root DEBUG client.py                 71    logger_log                : received Header(svc_id=1, op=3, ctrl_index=0, data_len=277) (b'(\x00\x037`\x00\x13\x06\x02\x00\x13\x02\x00\x00\x00\x00\x00btp_tester\x00\x00\x00\x00\x00\x00\x00\x00\x00\x00\x00\x00\x00\x00\x00\x00\x00\x00\x00\x00\x00\x00\x00\x00\x00\x00\x00\x00\x00\x00\x00\x00\x00\x00\x00\x00\x00\x00\x00\x00\x00\x00\x00\x00\x00\x00\x00\x00\x00\x00\x00\x00\x00\x00\x00\x00\x00\x00\x00\x00\x00\x00\x00\x00\x00\x00\x00\x00\x00\x00\x00\x00\x00\x00\x00\x00\x00\x00\x00\x00\x00\x00\x00\x00\x00\x00\x00\x00\x00\x00\x00\x00\x00\x00\x00\x00\x00\x00\x00\x00\x00\x00\x00\x00\x00\x00\x00\x00\x00\x00\x00\x00\x00\x00\x00\x00\x00\x00\x00\x00\x00\x00\x00\x00\x00\x00\x00\x00\x00\x00\x00\x00\x00\x00\x00\x00\x00\x00\x00\x00\x00\x00\x00\x00\x00\x00\x00\x00\x00\x00\x00\x00\x00\x00\x00\x00\x00\x00\x00\x00\x00\x00\x00\x00\x00\x00\x00\x00\x00\x00\x00\x00\x00\x00\x00\x00\x00\x00\x00\x00\x00\x00\x00\x00\x00\x00\x00\x00\x00\x00\x00\x00\x00\x00\x00\x00\x00\x00\x00\x00\x00\x00\x00\x00\x00\x00\x00\x00\x00\x00\x00\x00\x00\x00\x00\x00\x00\x00\x00\x00\x00\x00\x00\x00\x00\x00\x00\x00\x00\x00\x00\x00\x00\x00\x00\x00\x00\x00\x00\x00\x00\x00\x00\x00\x00\x00\x00\x00\x00\x00',)
2025-02-20 16:32:59,974 LT1-thread root DEBUG client.py                 71    logger_log                : IUT address '006037030028' 'public'
2025-02-20 16:32:59,974 LT1-thread root DEBUG client.py                 71    logger_log                : __gap_current_settings_update 531
2025-02-20 16:32:59,974 LT1-thread root DEBUG client.py                 71    logger_log                : Starting test function: class=<class 'autopts.ptsprojects.testcase.TestFunc'>, func=<function test_cases.<locals>.<lambda> at 0x00000275E5A30680> start_wid=None stop_wid=None post_wid=None skip_call=None call_count=59 args=() kwds={}
2025-02-20 16:32:59,974 LT1-thread root DEBUG client.py                 71    logger_log                : Test function parameters: args=(), kwds={}
2025-02-20 16:32:59,974 LT1-thread root DEBUG client.py                 71    logger_log                : Starting test function: class=<class 'autopts.ptsprojects.testcase.TestFunc'>, func=<function test_cases.<locals>.<lambda> at 0x00000275E5D84C20> start_wid=None stop_wid=None post_wid=None skip_call=None call_count=59 args=() kwds={}
2025-02-20 16:32:59,974 LT1-thread root DEBUG client.py                 71    logger_log                : Test function parameters: args=(), kwds={}
2025-02-20 16:32:59,984 LT1-thread root DEBUG client.py                 71    logger_log                : Starting test function: class=<class 'autopts.ptsprojects.testcase.TestFunc'>, func=<function test_cases.<locals>.<lambda> at 0x00000275E5D84CC0> start_wid=None stop_wid=None post_wid=None skip_call=None call_count=59 args=() kwds={}
2025-02-20 16:32:59,984 LT1-thread root DEBUG client.py                 71    logger_log                : Test function parameters: args=(), kwds={}
2025-02-20 16:32:59,984 LT1-thread root DEBUG client.py                 71    logger_log                : Starting test function: class=<class 'autopts.ptsprojects.testcase.TestFunc'>, func=<function set_pts_addr at 0x00000275E0EEC360> start_wid=None stop_wid=None post_wid=None skip_call=None call_count=59 args=('C0:07:E8:25:DE:2A', 0) kwds={}
2025-02-20 16:32:59,984 LT1-thread root DEBUG client.py                 71    logger_log                : Test function parameters: args=('C0:07:E8:25:DE:2A', 0), kwds={}
2025-02-20 16:32:59,984 LT1-thread root DEBUG client.py                 71    logger_log                : Starting test function: class=<class 'autopts.ptsprojects.testcase.TestFunc'>, func=<function gap_set_io_cap at 0x00000275E0EEFBA0> start_wid=None stop_wid=None post_wid=None skip_call=None call_count=1 args=(0,) kwds={}
2025-02-20 16:32:59,984 LT1-thread root DEBUG client.py                 71    logger_log                : Test function parameters: args=(0,), kwds={}
2025-02-20 16:32:59,984 LT1-thread root DEBUG client.py                 71    logger_log                : gap_set_io_cap 0
2025-02-20 16:32:59,984 LT1-thread root DEBUG client.py                 71    logger_log                : send, 1 16 0 '\x00'
2025-02-20 16:32:59,984 LT1-thread root DEBUG client.py                 71    logger_log                : sending frame '011000010000'
2025-02-20 16:32:59,984 LT1-thread root DEBUG client.py                 71    logger_log                : gap_command_rsp_succ
2025-02-20 16:32:59,984 LT1-thread root DEBUG client.py                 71    logger_log                : read
2025-02-20 16:33:00,044 BTPWorkerThread-13799 (_rx_task) root DEBUG client.py                 71    logger_log                : Read 5 bytes
2025-02-20 16:33:00,064 BTPWorkerThread-13799 (_rx_task) root DEBUG client.py                 71    logger_log                : Received: hdr: Header(svc_id=0x01, op=0x10, ctrl_index=0x00, data_len=0x00) bytearray(b'\x01\x10\x00\x00\x00')
2025-02-20 16:33:00,084 BTPWorkerThread-13799 (_rx_task) root DEBUG client.py                 71    logger_log                : Received data: {''}, bytearray(b'')
2025-02-20 16:33:00,114 LT1-thread root DEBUG client.py                 71    logger_log                : received Header(svc_id=1, op=16, ctrl_index=0, data_len=0) (b'',)
2025-02-20 16:33:00,114 LT1-thread root DEBUG client.py                 71    logger_log                : ClientCallback.get_result run_test_case
2025-02-20 16:33:01,384 LT1-callback ClientCallback.on_implicit_send INFO client.py                 71    logger_log                : 
    ********************
    BEGIN OnImplicitSend:
    project_name: SM
    wid: 145
    test_case_name: SM/PER/SCOB/BV-02-C
    description: Please configure IUT's OOB data flag with 'No remote OOB data present'.
    style: MMI_Style_Yes_No1 0x11044
2025-02-20 16:33:01,384 LT1-callback ClientCallback.on_implicit_send INFO client.py                 71    logger_log                : Calling test cases on_implicit_send
2025-02-20 16:33:01,384 LT1-callback ClientCallback.on_implicit_send INFO client.py                 71    logger_log                : 
    on_implicit_send returned response: WAIT
    END OnImplicitSend
    ********************
2025-02-20 16:33:02,134 LT1-thread root DEBUG client.py                 71    logger_log                : SM SM/PER/SCOB/BV-02-C on_implicit_send
2025-02-20 16:33:02,134 LT1-thread root DEBUG client.py                 71    logger_log                : sm_wid_hdl, 145, Please configure IUT's OOB data flag with 'No remote OOB data present'., SM/PER/SCOB/BV-02-C
2025-02-20 16:33:02,134 LT1-thread root DEBUG client.py                 71    logger_log                : Sending response 'Yes' to wid 145 test case SM/PER/SCOB/BV-02-C
2025-02-20 16:33:02,134 LT1-thread root DEBUG client.py                 71    logger_log                : ClientCallback.get_result run_test_case
2025-02-20 16:33:02,144 LT1-callback ClientCallback.on_implicit_send INFO client.py                 71    logger_log                : 
    ********************
    BEGIN OnImplicitSend:
    project_name: SM
    wid: 147
    test_case_name: SM/PER/SCOB/BV-02-C
    description: Please enter 16 bytes IUT's OOB Data (confirmation).
    style: MMI_Style_Edit1 0x12040
2025-02-20 16:33:02,144 LT1-callback ClientCallback.on_implicit_send INFO client.py                 71    logger_log                : Calling test cases on_implicit_send
2025-02-20 16:33:02,144 LT1-callback ClientCallback.on_implicit_send INFO client.py                 71    logger_log                : 
    on_implicit_send returned response: WAIT
    END OnImplicitSend
    ********************
2025-02-20 16:33:03,144 LT1-thread root DEBUG client.py                 71    logger_log                : SM SM/PER/SCOB/BV-02-C on_implicit_send
2025-02-20 16:33:03,144 LT1-thread root DEBUG client.py                 71    logger_log                : sm_wid_hdl, 147, Please enter 16 bytes IUT's OOB Data (confirmation)., SM/PER/SCOB/BV-02-C
2025-02-20 16:33:03,144 LT1-thread root DEBUG client.py                 71    logger_log                : gap_oob_sc_get_local_data
2025-02-20 16:33:03,144 LT1-thread root DEBUG client.py                 71    logger_log                : send, 1 25 0 "bytearray(b'')"
2025-02-20 16:33:03,144 LT1-thread root DEBUG client.py                 71    logger_log                : sending frame '0119000000'
2025-02-20 16:33:03,144 LT1-thread root DEBUG client.py                 71    logger_log                : read
2025-02-20 16:33:03,204 BTPWorkerThread-13799 (_rx_task) root DEBUG client.py                 71    logger_log                : Read 5 bytes
2025-02-20 16:33:03,224 BTPWorkerThread-13799 (_rx_task) root DEBUG client.py                 71    logger_log                : Received: hdr: Header(svc_id=0x01, op=0x19, ctrl_index=0x00, data_len=0x20) bytearray(b'\x01\x19\x00 \x00')
2025-02-20 16:33:03,254 BTPWorkerThread-13799 (_rx_task) root DEBUG client.py                 71    logger_log                : Read 32 bytes data
2025-02-20 16:33:03,274 BTPWorkerThread-13799 (_rx_task) root DEBUG client.py                 71    logger_log                : Received data: {'c8 16 00 28 dc d7 29 25 86 99 50 2f 7d e4 e2 8c 26 6a 06 dd 00 b8 67 80 d3 d2 24 2d 42 af 56 2b'}, bytearray(b'\xc8\x16\x00(\xdc\xd7)%\x86\x99P/}\xe4\xe2\x8c&j\x06\xdd\x00\xb8g\x80\xd3\xd2$-B\xafV+')
2025-02-20 16:33:03,304 LT1-thread root DEBUG client.py                 71    logger_log                : gap_oob_sc_get_local_data received Header(svc_id=1, op=25, ctrl_index=0, data_len=32) (b'\xc8\x16\x00(\xdc\xd7)%\x86\x99P/}\xe4\xe2\x8c&j\x06\xdd\x00\xb8g\x80\xd3\xd2$-B\xafV+',)
2025-02-20 16:33:03,304 LT1-thread root DEBUG client.py                 71    logger_log                : r=8ce2e47d2f5099862529d7dc280016c8 c=2b56af422d24d2d38067b800dd066a26
2025-02-20 16:33:03,304 LT1-thread root DEBUG client.py                 71    logger_log                : Sending response '2b56af422d24d2d38067b800dd066a26' to wid 147 test case SM/PER/SCOB/BV-02-C
2025-02-20 16:33:03,304 LT1-thread root DEBUG client.py                 71    logger_log                : ClientCallback.get_result run_test_case
2025-02-20 16:33:03,314 LT1-callback ClientCallback.on_implicit_send INFO client.py                 71    logger_log                : 
    ********************
    BEGIN OnImplicitSend:
    project_name: SM
    wid: 148
    test_case_name: SM/PER/SCOB/BV-02-C
    description: Please enter 16 bytes IUT's OOB Key (random number).
    style: MMI_Style_Edit1 0x12040
2025-02-20 16:33:03,314 LT1-callback ClientCallback.on_implicit_send INFO client.py                 71    logger_log                : Calling test cases on_implicit_send
2025-02-20 16:33:03,314 LT1-callback ClientCallback.on_implicit_send INFO client.py                 71    logger_log                : 
    on_implicit_send returned response: WAIT
    END OnImplicitSend
    ********************
2025-02-20 16:33:04,314 LT1-thread root DEBUG client.py                 71    logger_log                : SM SM/PER/SCOB/BV-02-C on_implicit_send
2025-02-20 16:33:04,314 LT1-thread root DEBUG client.py                 71    logger_log                : sm_wid_hdl, 148, Please enter 16 bytes IUT's OOB Key (random number)., SM/PER/SCOB/BV-02-C
2025-02-20 16:33:04,314 LT1-thread root DEBUG client.py                 71    logger_log                : gap_oob_sc_get_local_data
2025-02-20 16:33:04,314 LT1-thread root DEBUG client.py                 71    logger_log                : send, 1 25 0 "bytearray(b'')"
2025-02-20 16:33:04,314 LT1-thread root DEBUG client.py                 71    logger_log                : sending frame '0119000000'
2025-02-20 16:33:04,314 LT1-thread root DEBUG client.py                 71    logger_log                : read
2025-02-20 16:33:04,384 BTPWorkerThread-13799 (_rx_task) root DEBUG client.py                 71    logger_log                : Read 5 bytes
2025-02-20 16:33:04,404 BTPWorkerThread-13799 (_rx_task) root DEBUG client.py                 71    logger_log                : Received: hdr: Header(svc_id=0x01, op=0x19, ctrl_index=0x00, data_len=0x20) bytearray(b'\x01\x19\x00 \x00')
2025-02-20 16:33:04,444 BTPWorkerThread-13799 (_rx_task) root DEBUG client.py                 71    logger_log                : Read 32 bytes data
2025-02-20 16:33:04,464 BTPWorkerThread-13799 (_rx_task) root DEBUG client.py                 71    logger_log                : Received data: {'c8 16 00 28 dc d7 29 25 86 99 50 2f 7d e4 e2 8c 26 6a 06 dd 00 b8 67 80 d3 d2 24 2d 42 af 56 2b'}, bytearray(b'\xc8\x16\x00(\xdc\xd7)%\x86\x99P/}\xe4\xe2\x8c&j\x06\xdd\x00\xb8g\x80\xd3\xd2$-B\xafV+')
2025-02-20 16:33:04,494 LT1-thread root DEBUG client.py                 71    logger_log                : gap_oob_sc_get_local_data received Header(svc_id=1, op=25, ctrl_index=0, data_len=32) (b'\xc8\x16\x00(\xdc\xd7)%\x86\x99P/}\xe4\xe2\x8c&j\x06\xdd\x00\xb8g\x80\xd3\xd2$-B\xafV+',)
2025-02-20 16:33:04,494 LT1-thread root DEBUG client.py                 71    logger_log                : r=8ce2e47d2f5099862529d7dc280016c8 c=2b56af422d24d2d38067b800dd066a26
2025-02-20 16:33:04,494 LT1-thread root DEBUG client.py                 71    logger_log                : Sending response '8ce2e47d2f5099862529d7dc280016c8' to wid 148 test case SM/PER/SCOB/BV-02-C
2025-02-20 16:33:04,494 LT1-thread root DEBUG client.py                 71    logger_log                : ClientCallback.get_result run_test_case
2025-02-20 16:33:04,504 LT1-callback ClientCallback.on_implicit_send INFO client.py                 71    logger_log                : 
    ********************
    BEGIN OnImplicitSend:
    project_name: SM
    wid: 115
    test_case_name: SM/PER/SCOB/BV-02-C
    description: Action: Place the IUT in connectable mode
    style: MMI_Style_Ok_Cancel2 0x11141
2025-02-20 16:33:04,504 LT1-callback ClientCallback.on_implicit_send INFO client.py                 71    logger_log                : Calling test cases on_implicit_send
2025-02-20 16:33:04,504 LT1-callback ClientCallback.on_implicit_send INFO client.py                 71    logger_log                : 
    on_implicit_send returned response: WAIT
    END OnImplicitSend
    ********************
2025-02-20 16:33:05,504 LT1-thread root DEBUG client.py                 71    logger_log                : SM SM/PER/SCOB/BV-02-C on_implicit_send
2025-02-20 16:33:05,504 LT1-thread root DEBUG client.py                 71    logger_log                : sm_wid_hdl, 115, Action: Place the IUT in connectable mode, SM/PER/SCOB/BV-02-C
2025-02-20 16:33:05,504 LT1-thread root DEBUG client.py                 71    logger_log                : gap_set_conn
2025-02-20 16:33:05,504 LT1-thread root DEBUG client.py                 71    logger_log                : gap_set_gendiscov
2025-02-20 16:33:05,504 LT1-thread root DEBUG client.py                 71    logger_log                : send, 1 8 0 '1'
2025-02-20 16:33:05,504 LT1-thread root DEBUG client.py                 71    logger_log                : sending frame '010800010001'
2025-02-20 16:33:05,504 LT1-thread root DEBUG client.py                 71    logger_log                : gap_command_rsp_succ
2025-02-20 16:33:05,504 LT1-thread root DEBUG client.py                 71    logger_log                : read
2025-02-20 16:33:05,584 BTPWorkerThread-13799 (_rx_task) root DEBUG client.py                 71    logger_log                : Read 5 bytes
2025-02-20 16:33:05,604 BTPWorkerThread-13799 (_rx_task) root DEBUG client.py                 71    logger_log                : Received: hdr: Header(svc_id=0x01, op=0x08, ctrl_index=0x00, data_len=0x04) bytearray(b'\x01\x08\x00\x04\x00')
2025-02-20 16:33:05,644 BTPWorkerThread-13799 (_rx_task) root DEBUG client.py                 71    logger_log                : Read 4 bytes data
2025-02-20 16:33:05,664 BTPWorkerThread-13799 (_rx_task) root DEBUG client.py                 71    logger_log                : Received data: {'1b 02 00 00'}, bytearray(b'\x1b\x02\x00\x00')
2025-02-20 16:33:05,684 LT1-thread root DEBUG client.py                 71    logger_log                : received Header(svc_id=1, op=8, ctrl_index=0, data_len=4) (b'\x1b\x02\x00\x00',)
2025-02-20 16:33:05,684 LT1-thread root DEBUG client.py                 71    logger_log                : __gap_current_settings_update (b'\x1b\x02\x00\x00',)
2025-02-20 16:33:05,684 LT1-thread root DEBUG client.py                 71    logger_log                : gap_adv_ind_on {9: b'Tester_25DE2A'} {}
2025-02-20 16:33:05,684 LT1-thread root DEBUG client.py                 71    logger_log                : send, 1 10 0 "bytearray(b'\\x0f\\x00\\t\\rTester_25DE2A\\xff\\xff\\xff\\xff\\x00')"
2025-02-20 16:33:05,684 LT1-thread root DEBUG client.py                 71    logger_log                : sending frame '010a0016000f00090d5465737465725f323544453241ffffffff00'
2025-02-20 16:33:05,684 LT1-thread root DEBUG client.py                 71    logger_log                : gap_command_rsp_succ
2025-02-20 16:33:05,684 LT1-thread root DEBUG client.py                 71    logger_log                : read
2025-02-20 16:33:05,764 BTPWorkerThread-13799 (_rx_task) root DEBUG client.py                 71    logger_log                : Read 5 bytes
2025-02-20 16:33:05,784 BTPWorkerThread-13799 (_rx_task) root DEBUG client.py                 71    logger_log                : Received: hdr: Header(svc_id=0x01, op=0x0a, ctrl_index=0x00, data_len=0x04) bytearray(b'\x01\n\x00\x04\x00')
2025-02-20 16:33:05,804 BTPWorkerThread-13799 (_rx_task) root DEBUG client.py                 71    logger_log                : Read 4 bytes data
2025-02-20 16:33:05,824 BTPWorkerThread-13799 (_rx_task) root DEBUG client.py                 71    logger_log                : Received data: {'1b 06 00 00'}, bytearray(b'\x1b\x06\x00\x00')
2025-02-20 16:33:05,854 LT1-thread root DEBUG client.py                 71    logger_log                : received Header(svc_id=1, op=10, ctrl_index=0, data_len=4) (b'\x1b\x06\x00\x00',)
2025-02-20 16:33:05,854 LT1-thread root DEBUG client.py                 71    logger_log                : __gap_current_settings_update (b'\x1b\x06\x00\x00',)
2025-02-20 16:33:05,854 LT1-thread root DEBUG client.py                 71    logger_log                : Sending response 'OK' to wid 115 test case SM/PER/SCOB/BV-02-C
2025-02-20 16:33:05,854 LT1-thread root DEBUG client.py                 71    logger_log                : ClientCallback.get_result run_test_case
2025-02-20 16:33:06,454 BTPWorkerThread-13799 (_rx_task) root DEBUG client.py                 71    logger_log                : Read 5 bytes
2025-02-20 16:33:06,454 BTPWorkerThread-13799 (_rx_task) root DEBUG client.py                 71    logger_log                : Received: hdr: Header(svc_id=0x01, op=0x82, ctrl_index=0x00, data_len=0x0d) bytearray(b'\x01\x82\x00\r\x00')
2025-02-20 16:33:06,454 BTPWorkerThread-13799 (_rx_task) root DEBUG client.py                 71    logger_log                : Read 13 bytes data
2025-02-20 16:33:06,454 BTPWorkerThread-13799 (_rx_task) root DEBUG client.py                 71    logger_log                : Received data: {'00 2a de 25 e8 07 c0 38 00 00 00 d0 07'}, bytearray(b'\x00*\xde%\xe8\x07\xc08\x00\x00\x00\xd0\x07')
2025-02-20 16:33:06,454 BTPWorkerThread-13799 (_rx_task) root DEBUG client.py                 71    logger_log                : event_handler Header(svc_id=1, op=130, ctrl_index=0, data_len=13) (b'\x00*\xde%\xe8\x07\xc08\x00\x00\x00\xd0\x07',)
2025-02-20 16:33:06,454 BTPWorkerThread-13799 (_rx_task) root DEBUG client.py                 71    logger_log                : gap_connected_ev_ b'\x00*\xde%\xe8\x07\xc08\x00\x00\x00\xd0\x07'
2025-02-20 16:33:06,454 BTPWorkerThread-13799 (_rx_task) root DEBUG client.py                 71    logger_log                : Read 5 bytes
2025-02-20 16:33:06,454 BTPWorkerThread-13799 (_rx_task) root DEBUG client.py                 71    logger_log                : Received: hdr: Header(svc_id=0x01, op=0x80, ctrl_index=0x00, data_len=0x04) bytearray(b'\x01\x80\x00\x04\x00')
2025-02-20 16:33:06,454 BTPWorkerThread-13799 (_rx_task) root DEBUG client.py                 71    logger_log                : Read 4 bytes data
2025-02-20 16:33:06,454 BTPWorkerThread-13799 (_rx_task) root DEBUG client.py                 71    logger_log                : Received data: {'1b 02 00 00'}, bytearray(b'\x1b\x02\x00\x00')
2025-02-20 16:33:06,454 BTPWorkerThread-13799 (_rx_task) root DEBUG client.py                 71    logger_log                : event_handler Header(svc_id=1, op=128, ctrl_index=0, data_len=4) (b'\x1b\x02\x00\x00',)
2025-02-20 16:33:06,454 BTPWorkerThread-13799 (_rx_task) root DEBUG client.py                 71    logger_log                : gap_new_settings_ev_ b'\x1b\x02\x00\x00'
2025-02-20 16:33:06,454 BTPWorkerThread-13799 (_rx_task) root DEBUG client.py                 71    logger_log                : __gap_current_settings_update 539
2025-02-20 16:33:07,834 BTPWorkerThread-13799 (_rx_task) root DEBUG client.py                 71    logger_log                : Read 5 bytes
2025-02-20 16:33:07,834 BTPWorkerThread-13799 (_rx_task) root DEBUG client.py                 71    logger_log                : Received: hdr: Header(svc_id=0x01, op=0x89, ctrl_index=0x00, data_len=0x08) bytearray(b'\x01\x89\x00\x08\x00')
2025-02-20 16:33:07,834 BTPWorkerThread-13799 (_rx_task) root DEBUG client.py                 71    logger_log                : Read 8 bytes data
2025-02-20 16:33:07,834 BTPWorkerThread-13799 (_rx_task) root DEBUG client.py                 71    logger_log                : Received data: {'00 2a de 25 e8 07 c0 04'}, bytearray(b'\x00*\xde%\xe8\x07\xc0\x04')
2025-02-20 16:33:07,834 BTPWorkerThread-13799 (_rx_task) root DEBUG client.py                 71    logger_log                : event_handler Header(svc_id=1, op=137, ctrl_index=0, data_len=8) (b'\x00*\xde%\xe8\x07\xc0\x04',)
2025-02-20 16:33:07,834 BTPWorkerThread-13799 (_rx_task) root DEBUG client.py                 71    logger_log                : gap_sec_level_changed_ev_
2025-02-20 16:33:07,834 BTPWorkerThread-13799 (_rx_task) root DEBUG client.py                 71    logger_log                : received b'\x00*\xde%\xe8\x07\xc0\x04'
2025-02-20 16:33:07,834 BTPWorkerThread-13799 (_rx_task) root DEBUG client.py                 71    logger_log                : received (0, 'c007e825de2a', 4)
2025-02-20 16:33:10,881 BTPWorkerThread-13799 (_rx_task) root DEBUG client.py                 71    logger_log                : Read 5 bytes
2025-02-20 16:33:10,881 BTPWorkerThread-13799 (_rx_task) root DEBUG client.py                 71    logger_log                : Received: hdr: Header(svc_id=0x01, op=0x83, ctrl_index=0x00, data_len=0x07) bytearray(b'\x01\x83\x00\x07\x00')
2025-02-20 16:33:10,881 BTPWorkerThread-13799 (_rx_task) root DEBUG client.py                 71    logger_log                : Read 7 bytes data
2025-02-20 16:33:10,881 BTPWorkerThread-13799 (_rx_task) root DEBUG client.py                 71    logger_log                : Received data: {'00 2a de 25 e8 07 c0'}, bytearray(b'\x00*\xde%\xe8\x07\xc0')
2025-02-20 16:33:10,881 BTPWorkerThread-13799 (_rx_task) root DEBUG client.py                 71    logger_log                : event_handler Header(svc_id=1, op=131, ctrl_index=0, data_len=7) (b'\x00*\xde%\xe8\x07\xc0',)
2025-02-20 16:33:10,881 BTPWorkerThread-13799 (_rx_task) root DEBUG client.py                 71    logger_log                : gap_disconnected_ev_ b'\x00*\xde%\xe8\x07\xc0'
2025-02-20 16:33:11,001 LT1-callback ClientCallback.on_implicit_send INFO client.py                 71    logger_log                : 
    ********************
    BEGIN OnImplicitSend:
    project_name: SM
    wid: 146
    test_case_name: SM/PER/SCOB/BV-02-C
    description: Please configure IUT's OOB data flag with 'Remote OOB data present'.
    style: MMI_Style_Yes_No1 0x11044
2025-02-20 16:33:11,001 LT1-callback ClientCallback.on_implicit_send INFO client.py                 71    logger_log                : Calling test cases on_implicit_send
2025-02-20 16:33:11,001 LT1-callback ClientCallback.on_implicit_send INFO client.py                 71    logger_log                : 
    on_implicit_send returned response: WAIT
    END OnImplicitSend
    ********************
2025-02-20 16:33:11,891 LT1-thread root DEBUG client.py                 71    logger_log                : SM SM/PER/SCOB/BV-02-C on_implicit_send
2025-02-20 16:33:11,891 LT1-thread root DEBUG client.py                 71    logger_log                : sm_wid_hdl, 146, Please configure IUT's OOB data flag with 'Remote OOB data present'., SM/PER/SCOB/BV-02-C
2025-02-20 16:33:11,891 LT1-thread root DEBUG client.py                 71    logger_log                : Sending response 'Yes' to wid 146 test case SM/PER/SCOB/BV-02-C
2025-02-20 16:33:11,891 LT1-thread root DEBUG client.py                 71    logger_log                : ClientCallback.get_result run_test_case
2025-02-20 16:33:11,900 LT1-callback ClientCallback.on_implicit_send INFO client.py                 71    logger_log                : 
    ********************
    BEGIN OnImplicitSend:
    project_name: SM
    wid: 149
    test_case_name: SM/PER/SCOB/BV-02-C
    description: Please enter the following OOB confirmation and OOB random to the IUT: 
[E31F9A517D8A06F12D6187CCD7E9C842]
[434774AF630CF7F47285DB9BC20B2371]
    style: MMI_Style_Yes_No1 0x11044
2025-02-20 16:33:11,900 LT1-callback ClientCallback.on_implicit_send INFO client.py                 71    logger_log                : Calling test cases on_implicit_send
2025-02-20 16:33:11,900 LT1-callback ClientCallback.on_implicit_send INFO client.py                 71    logger_log                : 
    on_implicit_send returned response: WAIT
    END OnImplicitSend
    ********************
2025-02-20 16:33:12,901 LT1-thread root DEBUG client.py                 71    logger_log                : SM SM/PER/SCOB/BV-02-C on_implicit_send
2025-02-20 16:33:12,901 LT1-thread root DEBUG client.py                 71    logger_log                : sm_wid_hdl, 149, Please enter the following OOB confirmation and OOB random to the IUT: 
[E31F9A517D8A06F12D6187CCD7E9C842]
[434774AF630CF7F47285DB9BC20B2371], SM/PER/SCOB/BV-02-C
2025-02-20 16:33:12,901 LT1-thread root DEBUG client.py                 71    logger_log                : gap_oob_sc_set_remote_data '434774AF630CF7F47285DB9BC20B2371' 'E31F9A517D8A06F12D6187CCD7E9C842'
2025-02-20 16:33:12,901 LT1-thread root DEBUG client.py                 71    logger_log                : send, 1 26 0 "bytearray(b'q#\\x0b\\xc2\\x9b\\xdb\\x85r\\xf4\\xf7\\x0cc\\xaftGCB\\xc8\\xe9\\xd7\\xcc\\x87a-\\xf1\\x06\\x8a}Q\\x9a\\x1f\\xe3')"
2025-02-20 16:33:12,901 LT1-thread root DEBUG client.py                 71    logger_log                : sending frame '011a00200071230bc29bdb8572f4f70c63af74474342c8e9d7cc87612df1068a7d519a1fe3'
2025-02-20 16:33:12,901 LT1-thread root DEBUG client.py                 71    logger_log                : gap_command_rsp_succ
2025-02-20 16:33:12,901 LT1-thread root DEBUG client.py                 71    logger_log                : read
2025-02-20 16:33:12,980 BTPWorkerThread-13799 (_rx_task) root DEBUG client.py                 71    logger_log                : Read 5 bytes
2025-02-20 16:33:12,990 BTPWorkerThread-13799 (_rx_task) root DEBUG client.py                 71    logger_log                : Received: hdr: Header(svc_id=0x01, op=0x1a, ctrl_index=0x00, data_len=0x00) bytearray(b'\x01\x1a\x00\x00\x00')
2025-02-20 16:33:12,990 BTPWorkerThread-13799 (_rx_task) root DEBUG client.py                 71    logger_log                : Received data: {''}, bytearray(b'')
2025-02-20 16:33:13,010 LT1-thread root DEBUG client.py                 71    logger_log                : received Header(svc_id=1, op=26, ctrl_index=0, data_len=0) (b'',)
2025-02-20 16:33:13,010 LT1-thread root DEBUG client.py                 71    logger_log                : Sending response 'Yes' to wid 149 test case SM/PER/SCOB/BV-02-C
2025-02-20 16:33:13,010 LT1-thread root DEBUG client.py                 71    logger_log                : ClientCallback.get_result run_test_case
2025-02-20 16:33:13,010 LT1-callback ClientCallback.on_implicit_send INFO client.py                 71    logger_log                : 
    ********************
    BEGIN OnImplicitSend:
    project_name: SM
    wid: 115
    test_case_name: SM/PER/SCOB/BV-02-C
    description: Action: Place the IUT in connectable mode
    style: MMI_Style_Ok_Cancel2 0x11141
2025-02-20 16:33:13,010 LT1-callback ClientCallback.on_implicit_send INFO client.py                 71    logger_log                : Calling test cases on_implicit_send
2025-02-20 16:33:13,010 LT1-callback ClientCallback.on_implicit_send INFO client.py                 71    logger_log                : 
    on_implicit_send returned response: WAIT
    END OnImplicitSend
    ********************
2025-02-20 16:33:14,020 LT1-thread root DEBUG client.py                 71    logger_log                : SM SM/PER/SCOB/BV-02-C on_implicit_send
2025-02-20 16:33:14,020 LT1-thread root DEBUG client.py                 71    logger_log                : sm_wid_hdl, 115, Action: Place the IUT in connectable mode, SM/PER/SCOB/BV-02-C
2025-02-20 16:33:14,020 LT1-thread root DEBUG client.py                 71    logger_log                : gap_set_conn
2025-02-20 16:33:14,020 LT1-thread root DEBUG client.py                 71    logger_log                : gap_set_gendiscov
2025-02-20 16:33:14,020 LT1-thread root DEBUG client.py                 71    logger_log                : send, 1 8 0 '1'
2025-02-20 16:33:14,020 LT1-thread root DEBUG client.py                 71    logger_log                : sending frame '010800010001'
2025-02-20 16:33:14,020 LT1-thread root DEBUG client.py                 71    logger_log                : gap_command_rsp_succ
2025-02-20 16:33:14,020 LT1-thread root DEBUG client.py                 71    logger_log                : read
2025-02-20 16:33:14,090 BTPWorkerThread-13799 (_rx_task) root DEBUG client.py                 71    logger_log                : Read 5 bytes
2025-02-20 16:33:14,120 BTPWorkerThread-13799 (_rx_task) root DEBUG client.py                 71    logger_log                : Received: hdr: Header(svc_id=0x01, op=0x08, ctrl_index=0x00, data_len=0x04) bytearray(b'\x01\x08\x00\x04\x00')
2025-02-20 16:33:14,140 BTPWorkerThread-13799 (_rx_task) root DEBUG client.py                 71    logger_log                : Read 4 bytes data
2025-02-20 16:33:14,160 BTPWorkerThread-13799 (_rx_task) root DEBUG client.py                 71    logger_log                : Received data: {'1b 02 00 00'}, bytearray(b'\x1b\x02\x00\x00')
2025-02-20 16:33:14,170 LT1-thread root DEBUG client.py                 71    logger_log                : received Header(svc_id=1, op=8, ctrl_index=0, data_len=4) (b'\x1b\x02\x00\x00',)
2025-02-20 16:33:14,170 LT1-thread root DEBUG client.py                 71    logger_log                : __gap_current_settings_update (b'\x1b\x02\x00\x00',)
2025-02-20 16:33:14,170 LT1-thread root DEBUG client.py                 71    logger_log                : gap_adv_ind_on {9: b'Tester_25DE2A'} {}
2025-02-20 16:33:14,170 LT1-thread root DEBUG client.py                 71    logger_log                : send, 1 10 0 "bytearray(b'\\x0f\\x00\\t\\rTester_25DE2A\\xff\\xff\\xff\\xff\\x00')"
2025-02-20 16:33:14,170 LT1-thread root DEBUG client.py                 71    logger_log                : sending frame '010a0016000f00090d5465737465725f323544453241ffffffff00'
2025-02-20 16:33:14,170 LT1-thread root DEBUG client.py                 71    logger_log                : gap_command_rsp_succ
2025-02-20 16:33:14,170 LT1-thread root DEBUG client.py                 71    logger_log                : read
2025-02-20 16:33:14,250 BTPWorkerThread-13799 (_rx_task) root DEBUG client.py                 71    logger_log                : Read 5 bytes
2025-02-20 16:33:14,270 BTPWorkerThread-13799 (_rx_task) root DEBUG client.py                 71    logger_log                : Received: hdr: Header(svc_id=0x01, op=0x0a, ctrl_index=0x00, data_len=0x04) bytearray(b'\x01\n\x00\x04\x00')
2025-02-20 16:33:14,290 BTPWorkerThread-13799 (_rx_task) root DEBUG client.py                 71    logger_log                : Read 4 bytes data
2025-02-20 16:33:14,290 BTPWorkerThread-13799 (_rx_task) root DEBUG client.py                 71    logger_log                : Received data: {'1b 06 00 00'}, bytearray(b'\x1b\x06\x00\x00')
2025-02-20 16:33:14,290 LT1-thread root DEBUG client.py                 71    logger_log                : received Header(svc_id=1, op=10, ctrl_index=0, data_len=4) (b'\x1b\x06\x00\x00',)
2025-02-20 16:33:14,290 LT1-thread root DEBUG client.py                 71    logger_log                : __gap_current_settings_update (b'\x1b\x06\x00\x00',)
2025-02-20 16:33:14,290 LT1-thread root DEBUG client.py                 71    logger_log                : Sending response 'OK' to wid 115 test case SM/PER/SCOB/BV-02-C
2025-02-20 16:33:14,290 LT1-thread root DEBUG client.py                 71    logger_log                : ClientCallback.get_result run_test_case
2025-02-20 16:33:15,763 BTPWorkerThread-13799 (_rx_task) root DEBUG client.py                 71    logger_log                : Read 5 bytes
2025-02-20 16:33:15,763 BTPWorkerThread-13799 (_rx_task) root DEBUG client.py                 71    logger_log                : Received: hdr: Header(svc_id=0x01, op=0x82, ctrl_index=0x00, data_len=0x0d) bytearray(b'\x01\x82\x00\r\x00')
2025-02-20 16:33:15,763 BTPWorkerThread-13799 (_rx_task) root DEBUG client.py                 71    logger_log                : Read 13 bytes data
2025-02-20 16:33:15,763 BTPWorkerThread-13799 (_rx_task) root DEBUG client.py                 71    logger_log                : Received data: {'00 2a de 25 e8 07 c0 38 00 00 00 d0 07'}, bytearray(b'\x00*\xde%\xe8\x07\xc08\x00\x00\x00\xd0\x07')
2025-02-20 16:33:15,763 BTPWorkerThread-13799 (_rx_task) root DEBUG client.py                 71    logger_log                : event_handler Header(svc_id=1, op=130, ctrl_index=0, data_len=13) (b'\x00*\xde%\xe8\x07\xc08\x00\x00\x00\xd0\x07',)
2025-02-20 16:33:15,763 BTPWorkerThread-13799 (_rx_task) root DEBUG client.py                 71    logger_log                : gap_connected_ev_ b'\x00*\xde%\xe8\x07\xc08\x00\x00\x00\xd0\x07'
2025-02-20 16:33:15,763 BTPWorkerThread-13799 (_rx_task) root DEBUG client.py                 71    logger_log                : Read 5 bytes
2025-02-20 16:33:15,763 BTPWorkerThread-13799 (_rx_task) root DEBUG client.py                 71    logger_log                : Received: hdr: Header(svc_id=0x01, op=0x80, ctrl_index=0x00, data_len=0x04) bytearray(b'\x01\x80\x00\x04\x00')
2025-02-20 16:33:15,763 BTPWorkerThread-13799 (_rx_task) root DEBUG client.py                 71    logger_log                : Read 4 bytes data
2025-02-20 16:33:15,763 BTPWorkerThread-13799 (_rx_task) root DEBUG client.py                 71    logger_log                : Received data: {'1b 02 00 00'}, bytearray(b'\x1b\x02\x00\x00')
2025-02-20 16:33:15,763 BTPWorkerThread-13799 (_rx_task) root DEBUG client.py                 71    logger_log                : event_handler Header(svc_id=1, op=128, ctrl_index=0, data_len=4) (b'\x1b\x02\x00\x00',)
2025-02-20 16:33:15,763 BTPWorkerThread-13799 (_rx_task) root DEBUG client.py                 71    logger_log                : gap_new_settings_ev_ b'\x1b\x02\x00\x00'
2025-02-20 16:33:15,763 BTPWorkerThread-13799 (_rx_task) root DEBUG client.py                 71    logger_log                : __gap_current_settings_update 539
2025-02-20 16:33:17,103 BTPWorkerThread-13799 (_rx_task) root DEBUG client.py                 71    logger_log                : Read 5 bytes
2025-02-20 16:33:17,103 BTPWorkerThread-13799 (_rx_task) root DEBUG client.py                 71    logger_log                : Received: hdr: Header(svc_id=0x01, op=0x89, ctrl_index=0x00, data_len=0x08) bytearray(b'\x01\x89\x00\x08\x00')
2025-02-20 16:33:17,103 BTPWorkerThread-13799 (_rx_task) root DEBUG client.py                 71    logger_log                : Read 8 bytes data
2025-02-20 16:33:17,103 BTPWorkerThread-13799 (_rx_task) root DEBUG client.py                 71    logger_log                : Received data: {'00 2a de 25 e8 07 c0 04'}, bytearray(b'\x00*\xde%\xe8\x07\xc0\x04')
2025-02-20 16:33:17,103 BTPWorkerThread-13799 (_rx_task) root DEBUG client.py                 71    logger_log                : event_handler Header(svc_id=1, op=137, ctrl_index=0, data_len=8) (b'\x00*\xde%\xe8\x07\xc0\x04',)
2025-02-20 16:33:17,103 BTPWorkerThread-13799 (_rx_task) root DEBUG client.py                 71    logger_log                : gap_sec_level_changed_ev_
2025-02-20 16:33:17,103 BTPWorkerThread-13799 (_rx_task) root DEBUG client.py                 71    logger_log                : received b'\x00*\xde%\xe8\x07\xc0\x04'
2025-02-20 16:33:17,103 BTPWorkerThread-13799 (_rx_task) root DEBUG client.py                 71    logger_log                : received (0, 'c007e825de2a', 4)
2025-02-20 16:33:20,153 BTPWorkerThread-13799 (_rx_task) root DEBUG client.py                 71    logger_log                : Read 5 bytes
2025-02-20 16:33:20,153 BTPWorkerThread-13799 (_rx_task) root DEBUG client.py                 71    logger_log                : Received: hdr: Header(svc_id=0x01, op=0x83, ctrl_index=0x00, data_len=0x07) bytearray(b'\x01\x83\x00\x07\x00')
2025-02-20 16:33:20,153 BTPWorkerThread-13799 (_rx_task) root DEBUG client.py                 71    logger_log                : Read 7 bytes data
2025-02-20 16:33:20,153 BTPWorkerThread-13799 (_rx_task) root DEBUG client.py                 71    logger_log                : Received data: {'00 2a de 25 e8 07 c0'}, bytearray(b'\x00*\xde%\xe8\x07\xc0')
2025-02-20 16:33:20,153 BTPWorkerThread-13799 (_rx_task) root DEBUG client.py                 71    logger_log                : event_handler Header(svc_id=1, op=131, ctrl_index=0, data_len=7) (b'\x00*\xde%\xe8\x07\xc0',)
2025-02-20 16:33:20,153 BTPWorkerThread-13799 (_rx_task) root DEBUG client.py                 71    logger_log                : gap_disconnected_ev_ b'\x00*\xde%\xe8\x07\xc0'
2025-02-20 16:33:20,283 LT1-callback ClientCallback.on_implicit_send INFO client.py                 71    logger_log                : 
    ********************
    BEGIN OnImplicitSend:
    project_name: SM
    wid: 146
    test_case_name: SM/PER/SCOB/BV-02-C
    description: Please configure IUT's OOB data flag with 'Remote OOB data present'.
    style: MMI_Style_Yes_No1 0x11044
2025-02-20 16:33:20,283 LT1-callback ClientCallback.on_implicit_send INFO client.py                 71    logger_log                : Calling test cases on_implicit_send
2025-02-20 16:33:20,283 LT1-callback ClientCallback.on_implicit_send INFO client.py                 71    logger_log                : 
    on_implicit_send returned response: WAIT
    END OnImplicitSend
    ********************
2025-02-20 16:33:20,323 LT1-thread root DEBUG client.py                 71    logger_log                : SM SM/PER/SCOB/BV-02-C on_implicit_send
2025-02-20 16:33:20,323 LT1-thread root DEBUG client.py                 71    logger_log                : sm_wid_hdl, 146, Please configure IUT's OOB data flag with 'Remote OOB data present'., SM/PER/SCOB/BV-02-C
2025-02-20 16:33:20,323 LT1-thread root DEBUG client.py                 71    logger_log                : Sending response 'Yes' to wid 146 test case SM/PER/SCOB/BV-02-C
2025-02-20 16:33:20,323 LT1-thread root DEBUG client.py                 71    logger_log                : ClientCallback.get_result run_test_case
2025-02-20 16:33:20,323 LT1-callback ClientCallback.on_implicit_send INFO client.py                 71    logger_log                : 
    ********************
    BEGIN OnImplicitSend:
    project_name: SM
    wid: 147
    test_case_name: SM/PER/SCOB/BV-02-C
    description: Please enter 16 bytes IUT's OOB Data (confirmation).
    style: MMI_Style_Edit1 0x12040
2025-02-20 16:33:20,323 LT1-callback ClientCallback.on_implicit_send INFO client.py                 71    logger_log                : Calling test cases on_implicit_send
2025-02-20 16:33:20,323 LT1-callback ClientCallback.on_implicit_send INFO client.py                 71    logger_log                : 
    on_implicit_send returned response: WAIT
    END OnImplicitSend
    ********************
2025-02-20 16:33:21,332 LT1-thread root DEBUG client.py                 71    logger_log                : SM SM/PER/SCOB/BV-02-C on_implicit_send
2025-02-20 16:33:21,332 LT1-thread root DEBUG client.py                 71    logger_log                : sm_wid_hdl, 147, Please enter 16 bytes IUT's OOB Data (confirmation)., SM/PER/SCOB/BV-02-C
2025-02-20 16:33:21,332 LT1-thread root DEBUG client.py                 71    logger_log                : gap_oob_sc_get_local_data
2025-02-20 16:33:21,332 LT1-thread root DEBUG client.py                 71    logger_log                : send, 1 25 0 "bytearray(b'')"
2025-02-20 16:33:21,332 LT1-thread root DEBUG client.py                 71    logger_log                : sending frame '0119000000'
2025-02-20 16:33:21,332 LT1-thread root DEBUG client.py                 71    logger_log                : read
2025-02-20 16:33:21,412 BTPWorkerThread-13799 (_rx_task) root DEBUG client.py                 71    logger_log                : Read 5 bytes
2025-02-20 16:33:21,432 BTPWorkerThread-13799 (_rx_task) root DEBUG client.py                 71    logger_log                : Received: hdr: Header(svc_id=0x01, op=0x19, ctrl_index=0x00, data_len=0x20) bytearray(b'\x01\x19\x00 \x00')
2025-02-20 16:33:21,442 BTPWorkerThread-13799 (_rx_task) root DEBUG client.py                 71    logger_log                : Read 32 bytes data
2025-02-20 16:33:21,452 BTPWorkerThread-13799 (_rx_task) root DEBUG client.py                 71    logger_log                : Received data: {'c8 16 00 28 dc d7 29 25 86 99 50 2f 7d e4 e2 8c 26 6a 06 dd 00 b8 67 80 d3 d2 24 2d 42 af 56 2b'}, bytearray(b'\xc8\x16\x00(\xdc\xd7)%\x86\x99P/}\xe4\xe2\x8c&j\x06\xdd\x00\xb8g\x80\xd3\xd2$-B\xafV+')
2025-02-20 16:33:21,482 LT1-thread root DEBUG client.py                 71    logger_log                : gap_oob_sc_get_local_data received Header(svc_id=1, op=25, ctrl_index=0, data_len=32) (b'\xc8\x16\x00(\xdc\xd7)%\x86\x99P/}\xe4\xe2\x8c&j\x06\xdd\x00\xb8g\x80\xd3\xd2$-B\xafV+',)
2025-02-20 16:33:21,482 LT1-thread root DEBUG client.py                 71    logger_log                : r=8ce2e47d2f5099862529d7dc280016c8 c=2b56af422d24d2d38067b800dd066a26
2025-02-20 16:33:21,482 LT1-thread root DEBUG client.py                 71    logger_log                : Sending response '2b56af422d24d2d38067b800dd066a26' to wid 147 test case SM/PER/SCOB/BV-02-C
2025-02-20 16:33:21,482 LT1-thread root DEBUG client.py                 71    logger_log                : ClientCallback.get_result run_test_case
2025-02-20 16:33:21,482 LT1-callback ClientCallback.on_implicit_send INFO client.py                 71    logger_log                : 
    ********************
    BEGIN OnImplicitSend:
    project_name: SM
    wid: 148
    test_case_name: SM/PER/SCOB/BV-02-C
    description: Please enter 16 bytes IUT's OOB Key (random number).
    style: MMI_Style_Edit1 0x12040
2025-02-20 16:33:21,482 LT1-callback ClientCallback.on_implicit_send INFO client.py                 71    logger_log                : Calling test cases on_implicit_send
2025-02-20 16:33:21,482 LT1-callback ClientCallback.on_implicit_send INFO client.py                 71    logger_log                : 
    on_implicit_send returned response: WAIT
    END OnImplicitSend
    ********************
2025-02-20 16:33:22,490 LT1-thread root DEBUG client.py                 71    logger_log                : SM SM/PER/SCOB/BV-02-C on_implicit_send
2025-02-20 16:33:22,490 LT1-thread root DEBUG client.py                 71    logger_log                : sm_wid_hdl, 148, Please enter 16 bytes IUT's OOB Key (random number)., SM/PER/SCOB/BV-02-C
2025-02-20 16:33:22,490 LT1-thread root DEBUG client.py                 71    logger_log                : gap_oob_sc_get_local_data
2025-02-20 16:33:22,490 LT1-thread root DEBUG client.py                 71    logger_log                : send, 1 25 0 "bytearray(b'')"
2025-02-20 16:33:22,490 LT1-thread root DEBUG client.py                 71    logger_log                : sending frame '0119000000'
2025-02-20 16:33:22,490 LT1-thread root DEBUG client.py                 71    logger_log                : read
2025-02-20 16:33:22,560 BTPWorkerThread-13799 (_rx_task) root DEBUG client.py                 71    logger_log                : Read 5 bytes
2025-02-20 16:33:22,580 BTPWorkerThread-13799 (_rx_task) root DEBUG client.py                 71    logger_log                : Received: hdr: Header(svc_id=0x01, op=0x19, ctrl_index=0x00, data_len=0x20) bytearray(b'\x01\x19\x00 \x00')
2025-02-20 16:33:22,627 BTPWorkerThread-13799 (_rx_task) root DEBUG client.py                 71    logger_log                : Read 32 bytes data
2025-02-20 16:33:22,647 BTPWorkerThread-13799 (_rx_task) root DEBUG client.py                 71    logger_log                : Received data: {'c8 16 00 28 dc d7 29 25 86 99 50 2f 7d e4 e2 8c 26 6a 06 dd 00 b8 67 80 d3 d2 24 2d 42 af 56 2b'}, bytearray(b'\xc8\x16\x00(\xdc\xd7)%\x86\x99P/}\xe4\xe2\x8c&j\x06\xdd\x00\xb8g\x80\xd3\xd2$-B\xafV+')
2025-02-20 16:33:22,677 LT1-thread root DEBUG client.py                 71    logger_log                : gap_oob_sc_get_local_data received Header(svc_id=1, op=25, ctrl_index=0, data_len=32) (b'\xc8\x16\x00(\xdc\xd7)%\x86\x99P/}\xe4\xe2\x8c&j\x06\xdd\x00\xb8g\x80\xd3\xd2$-B\xafV+',)
2025-02-20 16:33:22,677 LT1-thread root DEBUG client.py                 71    logger_log                : r=8ce2e47d2f5099862529d7dc280016c8 c=2b56af422d24d2d38067b800dd066a26
2025-02-20 16:33:22,677 LT1-thread root DEBUG client.py                 71    logger_log                : Sending response '8ce2e47d2f5099862529d7dc280016c8' to wid 148 test case SM/PER/SCOB/BV-02-C
2025-02-20 16:33:22,677 LT1-thread root DEBUG client.py                 71    logger_log                : ClientCallback.get_result run_test_case
2025-02-20 16:33:22,687 LT1-callback ClientCallback.on_implicit_send INFO client.py                 71    logger_log                : 
    ********************
    BEGIN OnImplicitSend:
    project_name: SM
    wid: 149
    test_case_name: SM/PER/SCOB/BV-02-C
    description: Please enter the following OOB confirmation and OOB random to the IUT: 
[DC093332E806692A5BDEE744B5C92B5A]
[F1EBB98C107B7F15208BD5C827571271]
    style: MMI_Style_Yes_No1 0x11044
2025-02-20 16:33:22,687 LT1-callback ClientCallback.on_implicit_send INFO client.py                 71    logger_log                : Calling test cases on_implicit_send
2025-02-20 16:33:22,687 LT1-callback ClientCallback.on_implicit_send INFO client.py                 71    logger_log                : 
    on_implicit_send returned response: WAIT
    END OnImplicitSend
    ********************
2025-02-20 16:33:23,687 LT1-thread root DEBUG client.py                 71    logger_log                : SM SM/PER/SCOB/BV-02-C on_implicit_send
2025-02-20 16:33:23,687 LT1-thread root DEBUG client.py                 71    logger_log                : sm_wid_hdl, 149, Please enter the following OOB confirmation and OOB random to the IUT: 
[DC093332E806692A5BDEE744B5C92B5A]
[F1EBB98C107B7F15208BD5C827571271], SM/PER/SCOB/BV-02-C
2025-02-20 16:33:23,687 LT1-thread root DEBUG client.py                 71    logger_log                : gap_oob_sc_set_remote_data 'F1EBB98C107B7F15208BD5C827571271' 'DC093332E806692A5BDEE744B5C92B5A'
2025-02-20 16:33:23,687 LT1-thread root DEBUG client.py                 71    logger_log                : send, 1 26 0 'bytearray(b"q\\x12W\\\'\\xc8\\xd5\\x8b \\x15\\x7f{\\x10\\x8c\\xb9\\xeb\\xf1Z+\\xc9\\xb5D\\xe7\\xde[*i\\x06\\xe823\\t\\xdc")'
2025-02-20 16:33:23,687 LT1-thread root DEBUG client.py                 71    logger_log                : sending frame '011a00200071125727c8d58b20157f7b108cb9ebf15a2bc9b544e7de5b2a6906e8323309dc'
2025-02-20 16:33:23,687 LT1-thread root DEBUG client.py                 71    logger_log                : gap_command_rsp_succ
2025-02-20 16:33:23,687 LT1-thread root DEBUG client.py                 71    logger_log                : read
2025-02-20 16:33:23,767 BTPWorkerThread-13799 (_rx_task) root DEBUG client.py                 71    logger_log                : Read 5 bytes
2025-02-20 16:33:23,777 BTPWorkerThread-13799 (_rx_task) root DEBUG client.py                 71    logger_log                : Received: hdr: Header(svc_id=0x01, op=0x1a, ctrl_index=0x00, data_len=0x00) bytearray(b'\x01\x1a\x00\x00\x00')
2025-02-20 16:33:23,777 BTPWorkerThread-13799 (_rx_task) root DEBUG client.py                 71    logger_log                : Received data: {''}, bytearray(b'')
2025-02-20 16:33:23,797 LT1-thread root DEBUG client.py                 71    logger_log                : received Header(svc_id=1, op=26, ctrl_index=0, data_len=0) (b'',)
2025-02-20 16:33:23,797 LT1-thread root DEBUG client.py                 71    logger_log                : Sending response 'Yes' to wid 149 test case SM/PER/SCOB/BV-02-C
2025-02-20 16:33:23,797 LT1-thread root DEBUG client.py                 71    logger_log                : ClientCallback.get_result run_test_case
2025-02-20 16:33:23,797 LT1-callback ClientCallback.on_implicit_send INFO client.py                 71    logger_log                : 
    ********************
    BEGIN OnImplicitSend:
    project_name: SM
    wid: 115
    test_case_name: SM/PER/SCOB/BV-02-C
    description: Action: Place the IUT in connectable mode
    style: MMI_Style_Ok_Cancel2 0x11141
2025-02-20 16:33:23,797 LT1-callback ClientCallback.on_implicit_send INFO client.py                 71    logger_log                : Calling test cases on_implicit_send
2025-02-20 16:33:23,797 LT1-callback ClientCallback.on_implicit_send INFO client.py                 71    logger_log                : 
    on_implicit_send returned response: WAIT
    END OnImplicitSend
    ********************
2025-02-20 16:33:24,807 LT1-thread root DEBUG client.py                 71    logger_log                : SM SM/PER/SCOB/BV-02-C on_implicit_send
2025-02-20 16:33:24,807 LT1-thread root DEBUG client.py                 71    logger_log                : sm_wid_hdl, 115, Action: Place the IUT in connectable mode, SM/PER/SCOB/BV-02-C
2025-02-20 16:33:24,807 LT1-thread root DEBUG client.py                 71    logger_log                : gap_set_conn
2025-02-20 16:33:24,807 LT1-thread root DEBUG client.py                 71    logger_log                : gap_set_gendiscov
2025-02-20 16:33:24,807 LT1-thread root DEBUG client.py                 71    logger_log                : send, 1 8 0 '1'
2025-02-20 16:33:24,807 LT1-thread root DEBUG client.py                 71    logger_log                : sending frame '010800010001'
2025-02-20 16:33:24,807 LT1-thread root DEBUG client.py                 71    logger_log                : gap_command_rsp_succ
2025-02-20 16:33:24,807 LT1-thread root DEBUG client.py                 71    logger_log                : read
2025-02-20 16:33:24,887 BTPWorkerThread-13799 (_rx_task) root DEBUG client.py                 71    logger_log                : Read 5 bytes
2025-02-20 16:33:24,907 BTPWorkerThread-13799 (_rx_task) root DEBUG client.py                 71    logger_log                : Received: hdr: Header(svc_id=0x01, op=0x08, ctrl_index=0x00, data_len=0x04) bytearray(b'\x01\x08\x00\x04\x00')
2025-02-20 16:33:24,927 BTPWorkerThread-13799 (_rx_task) root DEBUG client.py                 71    logger_log                : Read 4 bytes data
2025-02-20 16:33:24,937 BTPWorkerThread-13799 (_rx_task) root DEBUG client.py                 71    logger_log                : Received data: {'1b 02 00 00'}, bytearray(b'\x1b\x02\x00\x00')
2025-02-20 16:33:24,967 LT1-thread root DEBUG client.py                 71    logger_log                : received Header(svc_id=1, op=8, ctrl_index=0, data_len=4) (b'\x1b\x02\x00\x00',)
2025-02-20 16:33:24,967 LT1-thread root DEBUG client.py                 71    logger_log                : __gap_current_settings_update (b'\x1b\x02\x00\x00',)
2025-02-20 16:33:24,967 LT1-thread root DEBUG client.py                 71    logger_log                : gap_adv_ind_on {9: b'Tester_25DE2A'} {}
2025-02-20 16:33:24,967 LT1-thread root DEBUG client.py                 71    logger_log                : send, 1 10 0 "bytearray(b'\\x0f\\x00\\t\\rTester_25DE2A\\xff\\xff\\xff\\xff\\x00')"
2025-02-20 16:33:24,967 LT1-thread root DEBUG client.py                 71    logger_log                : sending frame '010a0016000f00090d5465737465725f323544453241ffffffff00'
2025-02-20 16:33:24,967 LT1-thread root DEBUG client.py                 71    logger_log                : gap_command_rsp_succ
2025-02-20 16:33:24,967 LT1-thread root DEBUG client.py                 71    logger_log                : read
2025-02-20 16:33:25,047 BTPWorkerThread-13799 (_rx_task) root DEBUG client.py                 71    logger_log                : Read 5 bytes
2025-02-20 16:33:25,067 BTPWorkerThread-13799 (_rx_task) root DEBUG client.py                 71    logger_log                : Received: hdr: Header(svc_id=0x01, op=0x0a, ctrl_index=0x00, data_len=0x04) bytearray(b'\x01\n\x00\x04\x00')
2025-02-20 16:33:25,107 BTPWorkerThread-13799 (_rx_task) root DEBUG client.py                 71    logger_log                : Read 4 bytes data
2025-02-20 16:33:25,127 BTPWorkerThread-13799 (_rx_task) root DEBUG client.py                 71    logger_log                : Received data: {'1b 06 00 00'}, bytearray(b'\x1b\x06\x00\x00')
2025-02-20 16:33:25,157 LT1-thread root DEBUG client.py                 71    logger_log                : received Header(svc_id=1, op=10, ctrl_index=0, data_len=4) (b'\x1b\x06\x00\x00',)
2025-02-20 16:33:25,157 LT1-thread root DEBUG client.py                 71    logger_log                : __gap_current_settings_update (b'\x1b\x06\x00\x00',)
2025-02-20 16:33:25,157 LT1-thread root DEBUG client.py                 71    logger_log                : Sending response 'OK' to wid 115 test case SM/PER/SCOB/BV-02-C
2025-02-20 16:33:25,157 LT1-thread root DEBUG client.py                 71    logger_log                : ClientCallback.get_result run_test_case
2025-02-20 16:33:25,167 BTPWorkerThread-13799 (_rx_task) root DEBUG client.py                 71    logger_log                : Read 5 bytes
2025-02-20 16:33:25,167 BTPWorkerThread-13799 (_rx_task) root DEBUG client.py                 71    logger_log                : Received: hdr: Header(svc_id=0x01, op=0x82, ctrl_index=0x00, data_len=0x0d) bytearray(b'\x01\x82\x00\r\x00')
2025-02-20 16:33:25,167 BTPWorkerThread-13799 (_rx_task) root DEBUG client.py                 71    logger_log                : Read 13 bytes data
2025-02-20 16:33:25,167 BTPWorkerThread-13799 (_rx_task) root DEBUG client.py                 71    logger_log                : Received data: {'00 2a de 25 e8 07 c0 38 00 00 00 d0 07'}, bytearray(b'\x00*\xde%\xe8\x07\xc08\x00\x00\x00\xd0\x07')
2025-02-20 16:33:25,167 BTPWorkerThread-13799 (_rx_task) root DEBUG client.py                 71    logger_log                : event_handler Header(svc_id=1, op=130, ctrl_index=0, data_len=13) (b'\x00*\xde%\xe8\x07\xc08\x00\x00\x00\xd0\x07',)
2025-02-20 16:33:25,167 BTPWorkerThread-13799 (_rx_task) root DEBUG client.py                 71    logger_log                : gap_connected_ev_ b'\x00*\xde%\xe8\x07\xc08\x00\x00\x00\xd0\x07'
2025-02-20 16:33:25,167 BTPWorkerThread-13799 (_rx_task) root DEBUG client.py                 71    logger_log                : Read 5 bytes
2025-02-20 16:33:25,167 BTPWorkerThread-13799 (_rx_task) root DEBUG client.py                 71    logger_log                : Received: hdr: Header(svc_id=0x01, op=0x80, ctrl_index=0x00, data_len=0x04) bytearray(b'\x01\x80\x00\x04\x00')
2025-02-20 16:33:25,167 BTPWorkerThread-13799 (_rx_task) root DEBUG client.py                 71    logger_log                : Read 4 bytes data
2025-02-20 16:33:25,167 BTPWorkerThread-13799 (_rx_task) root DEBUG client.py                 71    logger_log                : Received data: {'1b 02 00 00'}, bytearray(b'\x1b\x02\x00\x00')
2025-02-20 16:33:25,167 BTPWorkerThread-13799 (_rx_task) root DEBUG client.py                 71    logger_log                : event_handler Header(svc_id=1, op=128, ctrl_index=0, data_len=4) (b'\x1b\x02\x00\x00',)
2025-02-20 16:33:25,167 BTPWorkerThread-13799 (_rx_task) root DEBUG client.py                 71    logger_log                : gap_new_settings_ev_ b'\x1b\x02\x00\x00'
2025-02-20 16:33:25,167 BTPWorkerThread-13799 (_rx_task) root DEBUG client.py                 71    logger_log                : __gap_current_settings_update 539
2025-02-20 16:33:26,618 BTPWorkerThread-13799 (_rx_task) root DEBUG client.py                 71    logger_log                : Read 5 bytes
2025-02-20 16:33:26,618 BTPWorkerThread-13799 (_rx_task) root DEBUG client.py                 71    logger_log                : Received: hdr: Header(svc_id=0x01, op=0x89, ctrl_index=0x00, data_len=0x08) bytearray(b'\x01\x89\x00\x08\x00')
2025-02-20 16:33:26,618 BTPWorkerThread-13799 (_rx_task) root DEBUG client.py                 71    logger_log                : Read 8 bytes data
2025-02-20 16:33:26,618 BTPWorkerThread-13799 (_rx_task) root DEBUG client.py                 71    logger_log                : Received data: {'00 2a de 25 e8 07 c0 04'}, bytearray(b'\x00*\xde%\xe8\x07\xc0\x04')
2025-02-20 16:33:26,618 BTPWorkerThread-13799 (_rx_task) root DEBUG client.py                 71    logger_log                : event_handler Header(svc_id=1, op=137, ctrl_index=0, data_len=8) (b'\x00*\xde%\xe8\x07\xc0\x04',)
2025-02-20 16:33:26,618 BTPWorkerThread-13799 (_rx_task) root DEBUG client.py                 71    logger_log                : gap_sec_level_changed_ev_
2025-02-20 16:33:26,618 BTPWorkerThread-13799 (_rx_task) root DEBUG client.py                 71    logger_log                : received b'\x00*\xde%\xe8\x07\xc0\x04'
2025-02-20 16:33:26,618 BTPWorkerThread-13799 (_rx_task) root DEBUG client.py                 71    logger_log                : received (0, 'c007e825de2a', 4)
2025-02-20 16:33:29,667 BTPWorkerThread-13799 (_rx_task) root DEBUG client.py                 71    logger_log                : Read 5 bytes
2025-02-20 16:33:29,667 BTPWorkerThread-13799 (_rx_task) root DEBUG client.py                 71    logger_log                : Received: hdr: Header(svc_id=0x01, op=0x83, ctrl_index=0x00, data_len=0x07) bytearray(b'\x01\x83\x00\x07\x00')
2025-02-20 16:33:29,667 BTPWorkerThread-13799 (_rx_task) root DEBUG client.py                 71    logger_log                : Read 7 bytes data
2025-02-20 16:33:29,667 BTPWorkerThread-13799 (_rx_task) root DEBUG client.py                 71    logger_log                : Received data: {'00 2a de 25 e8 07 c0'}, bytearray(b'\x00*\xde%\xe8\x07\xc0')
2025-02-20 16:33:29,667 BTPWorkerThread-13799 (_rx_task) root DEBUG client.py                 71    logger_log                : event_handler Header(svc_id=1, op=131, ctrl_index=0, data_len=7) (b'\x00*\xde%\xe8\x07\xc0',)
2025-02-20 16:33:29,667 BTPWorkerThread-13799 (_rx_task) root DEBUG client.py                 71    logger_log                : gap_disconnected_ev_ b'\x00*\xde%\xe8\x07\xc0'
2025-02-20 16:33:33,327 LT1-callback ClientCallback.log INFO client.py                 71    logger_log                : PTS_LOGTYPE_START_TEST Start Test Case 

+0 ms
 SM/PER/SCOB/BV-02-C SM/PER/SCOB/BV-02-C

2025-02-20 16:33:34,287 LT1-callback ClientCallback.log INFO client.py                 71    logger_log                : PTS_LOGTYPE_FINAL_VERDICT Final Verdict 

+32985 ms
 SM/PER/SCOB/BV-02-C PASS

2025-02-20 16:33:34,297 LT1-callback ClientCallback.log INFO client.py                 71    logger_log                : PTS_LOGTYPE_FINAL_VERDICT Encrypted Verdict 

+32985 ms
 SM/PER/SCOB/BV-02-C A1#ZWY4MzQ5MDg3MmQwNTIxOGQzMzQ5YjY2ODA5M2MzNjQ5ZDY4NmY0Yjc2MzIzM2VkNTUyNTFhNGU4Mjg1MjI0NA==#LA0qIexyja2ZakSud6a3w48T8djLQdkTieymFicoVY/kmk5E94Qg6KsNYMr/YCMX

2025-02-20 16:33:34,307 LT1-callback ClientCallback.log INFO client.py                 71    logger_log                : PTS_LOGTYPE_END_TEST Test Case Ended 

+32985 ms
 SM/PER/SCOB/BV-02-C SM/PER/SCOB/BV-02-C

2025-02-20 16:33:34,347 LT1-callback root DEBUG client.py                 71    logger_log                : ClientCallback, set_result, run_test_case, PASS
2025-02-20 16:33:34,347 LT1-thread root DEBUG client.py                 71    logger_log                : After run_test_case error_code=0 status='PASS'
2025-02-20 16:33:34,347 LT1-thread root DEBUG client.py                 71    logger_log                : post_run SM SM/PER/SCOB/BV-02-C 0
2025-02-20 16:33:34,347 LT1-thread root DEBUG client.py                 71    logger_log                : Starting test function: class=<class 'autopts.ptsprojects.testcase.TestFuncCleanUp'>, func=<bound method Stack.cleanup of <autopts.ptsprojects.stack.stack.Stack object at 0x00000275E020DE10>> start_wid=None stop_wid=None post_wid=None skip_call=None call_count=1 args=() kwds={}
2025-02-20 16:33:34,347 LT1-thread root DEBUG client.py                 71    logger_log                : Test function parameters: args=(), kwds={}
2025-02-20 16:33:34,347 LT1-thread root DEBUG client.py                 71    logger_log                : Starting test function: class=<class 'autopts.ptsprojects.testcase.TestFuncCleanUp'>, func=<bound method ZephyrCtl.stop of <autopts.ptsprojects.zephyr.iutctl.ZephyrCtl object at 0x00000275E4FF3050>> start_wid=None stop_wid=None post_wid=None skip_call=None call_count=1 args=() kwds={}
2025-02-20 16:33:34,347 LT1-thread root DEBUG client.py                 71    logger_log                : Test function parameters: args=(), kwds={}
2025-02-20 16:33:34,347 LT1-thread root DEBUG client.py                 71    logger_log                : <class 'autopts.ptsprojects.zephyr.iutctl.ZephyrCtl'>.stop
2025-02-20 16:33:34,347 LT1-thread root DEBUG client.py                 71    logger_log                : About to reset DUT: JLink -CommandFile reset.jlink -usb 1064371884 -device MCXW716
2025-02-20 16:33:34,868 BTPWorkerThread-13799 (_rx_task) root DEBUG client.py                 71    logger_log                : Read 5 bytes
2025-02-20 16:33:34,888 BTPWorkerThread-13799 (_rx_task) root DEBUG client.py                 71    logger_log                : Received: hdr: Header(svc_id=0x00, op=0x80, ctrl_index=0xff, data_len=0x00) bytearray(b'\x00\x80\xff\x00\x00')
2025-02-20 16:33:34,908 BTPWorkerThread-13799 (_rx_task) root DEBUG client.py                 71    logger_log                : Received data: {''}, bytearray(b'')
2025-02-20 16:33:34,938 BTPWorkerThread-13799 (_rx_task) root DEBUG client.py                 71    logger_log                : event_handler Header(svc_id=0, op=128, ctrl_index=255, data_len=0) (b'',)
2025-02-20 16:33:34,958 BTPWorkerThread-13799 (_rx_task) root DEBUG client.py                 71    logger_log                : core_iut_ready_ev
2025-02-20 16:33:34,978 LT1-thread root DEBUG client.py                 71    logger_log                : IUT ready event received OK
2025-02-20 16:33:34,978 LT1-thread root DEBUG client.py                 71    logger_log                : Waiting for _rx_worker to finish ...
2025-02-20 16:33:35,982 BTPWorkerThread-13799 (_rx_task) root DEBUG client.py                 71    logger_log                : BTPWorkerThread-13799 (_rx_task) finishing...
2025-02-20 16:33:35,982 LT1-thread root DEBUG client.py                 71    logger_log                : Waiting for _rx_worker to finish ...
2025-02-20 16:33:38,989 LT1-thread root DEBUG client.py                 71    logger_log                : post_run, cleanup running post test case script
2025-02-20 16:33:38,989 LT1-thread root DEBUG client.py                 71    logger_log                : post_run, run post test case script
2025-02-20 16:33:39,149 LT1-thread root DEBUG client.py                 71    logger_log                : Done TestCase _run_test_case SM SM/PER/SCOB/BV-02-C
