2025-02-20 17:35:12,923 LT1-thread root DEBUG client.py                 71    logger_log                : Starting TestCase _run_test_case GAP GAP/CONN/DCEP/BV-06-C
2025-02-20 17:35:12,923 LT1-thread root DEBUG client.py                 71    logger_log                : pre_run GAP GAP/CONN/DCEP/BV-06-C
2025-02-20 17:35:12,923 LT1-thread root DEBUG client.py                 71    logger_log                : About to run test case GAP GAP/CONN/DCEP/BV-06-C with commands:
2025-02-20 17:35:12,933 LT1-thread root DEBUG client.py                 71    logger_log                : 0) class=<class 'autopts.ptsprojects.testcase.TestFunc'>, func=<bound method Stack.core_init of <autopts.ptsprojects.stack.stack.Stack object at 0x00000275E020DE10>> start_wid=None stop_wid=None post_wid=None skip_call=None call_count=2 args=() kwds={}
2025-02-20 17:35:12,933 LT1-thread root DEBUG client.py                 71    logger_log                : 1) class=<class 'autopts.ptsprojects.testcase.TestFunc'>, func=<bound method ZephyrCtl.hw_reset of <autopts.ptsprojects.zephyr.iutctl.ZephyrCtl object at 0x00000275E4FF3050>> start_wid=None stop_wid=None post_wid=None skip_call=None call_count=2 args=() kwds={}
2025-02-20 17:35:12,933 LT1-thread root DEBUG client.py                 71    logger_log                : 2) class=<class 'autopts.ptsprojects.testcase.TestFunc'>, func=<bound method ZephyrCtl.start of <autopts.ptsprojects.zephyr.iutctl.ZephyrCtl object at 0x00000275E4FF3050>> start_wid=None stop_wid=None post_wid=None skip_call=None call_count=2 args=(<autopts.ptsprojects.zephyr.ztestcase.ZTestCase object at 0x00000275E59BCDD0>,) kwds={}
2025-02-20 17:35:12,933 LT1-thread root DEBUG client.py                 71    logger_log                : 3) class=<class 'autopts.ptsprojects.testcase.TestFunc'>, func=<bound method ZephyrCtl.hw_reset of <autopts.ptsprojects.zephyr.iutctl.ZephyrCtl object at 0x00000275E4FF3050>> start_wid=None stop_wid=None post_wid=None skip_call=None call_count=2 args=() kwds={}
2025-02-20 17:35:12,933 LT1-thread root DEBUG client.py                 71    logger_log                : 4) class=<class 'autopts.ptsprojects.testcase.TestFunc'>, func=<bound method ZephyrCtl.wait_iut_ready_event of <autopts.ptsprojects.zephyr.iutctl.ZephyrCtl object at 0x00000275E4FF3050>> start_wid=None stop_wid=None post_wid=None skip_call=None call_count=2 args=(False,) kwds={}
2025-02-20 17:35:12,933 LT1-thread root DEBUG client.py                 71    logger_log                : 5) class=<class 'autopts.ptsprojects.testcase.TestFunc'>, func=<function core_reg_svc_gap at 0x00000275E0EEC7C0> start_wid=None stop_wid=None post_wid=None skip_call=None call_count=233 args=() kwds={}
2025-02-20 17:35:12,933 LT1-thread root DEBUG client.py                 71    logger_log                : 6) class=<class 'autopts.ptsprojects.testcase.TestFunc'>, func=<bound method Stack.gap_init of <autopts.ptsprojects.stack.stack.Stack object at 0x00000275E020DE10>> start_wid=None stop_wid=None post_wid=None skip_call=None call_count=233 args=(b'Tester_25DE2A', 'ABCD', '1111', '1111', '11', '1111', b'\x17github.com/auto-pts', (8, 'PADV_Tester'), 'FF') kwds={}
2025-02-20 17:35:12,933 LT1-thread root DEBUG client.py                 71    logger_log                : 7) class=<class 'autopts.ptsprojects.testcase.TestFunc'>, func=<function gap_read_ctrl_info at 0x00000275E0EF8680> start_wid=None stop_wid=None post_wid=None skip_call=None call_count=233 args=() kwds={}
2025-02-20 17:35:12,933 LT1-thread root DEBUG client.py                 71    logger_log                : 8) class=<class 'autopts.ptsprojects.testcase.TestFunc'>, func=<function test_cases.<locals>.<lambda> at 0x00000275E576E200> start_wid=None stop_wid=None post_wid=None skip_call=None call_count=233 args=() kwds={}
2025-02-20 17:35:12,933 LT1-thread root DEBUG client.py                 71    logger_log                : 9) class=<class 'autopts.ptsprojects.testcase.TestFunc'>, func=<function test_cases.<locals>.<lambda> at 0x00000275E576E2A0> start_wid=None stop_wid=None post_wid=None skip_call=None call_count=233 args=() kwds={}
2025-02-20 17:35:12,933 LT1-thread root DEBUG client.py                 71    logger_log                : 10) class=<class 'autopts.ptsprojects.testcase.TestFunc'>, func=<function test_cases.<locals>.<lambda> at 0x00000275E576E340> start_wid=None stop_wid=None post_wid=None skip_call=None call_count=233 args=() kwds={}
2025-02-20 17:35:12,933 LT1-thread root DEBUG client.py                 71    logger_log                : 11) class=<class 'autopts.ptsprojects.testcase.TestFunc'>, func=<function test_cases.<locals>.<lambda> at 0x00000275E576E3E0> start_wid=None stop_wid=None post_wid=None skip_call=None call_count=233 args=() kwds={}
2025-02-20 17:35:12,933 LT1-thread root DEBUG client.py                 71    logger_log                : 12) class=<class 'autopts.ptsprojects.testcase.TestFunc'>, func=<function test_cases.<locals>.<lambda> at 0x00000275E576E480> start_wid=None stop_wid=None post_wid=None skip_call=None call_count=233 args=() kwds={}
2025-02-20 17:35:12,933 LT1-thread root DEBUG client.py                 71    logger_log                : 13) class=<class 'autopts.ptsprojects.testcase.TestFunc'>, func=<function test_cases.<locals>.<lambda> at 0x00000275E576E520> start_wid=None stop_wid=None post_wid=None skip_call=None call_count=233 args=() kwds={}
2025-02-20 17:35:12,933 LT1-thread root DEBUG client.py                 71    logger_log                : 14) class=<class 'autopts.ptsprojects.testcase.TestFunc'>, func=<function test_cases.<locals>.<lambda> at 0x00000275E576E5C0> start_wid=None stop_wid=None post_wid=None skip_call=None call_count=233 args=() kwds={}
2025-02-20 17:35:12,933 LT1-thread root DEBUG client.py                 71    logger_log                : 15) class=<class 'autopts.ptsprojects.testcase.TestFunc'>, func=<function test_cases.<locals>.<lambda> at 0x00000275E576E660> start_wid=None stop_wid=None post_wid=None skip_call=None call_count=233 args=() kwds={}
2025-02-20 17:35:12,933 LT1-thread root DEBUG client.py                 71    logger_log                : 16) class=<class 'autopts.ptsprojects.testcase.TestFunc'>, func=<function test_cases.<locals>.<lambda> at 0x00000275E576E700> start_wid=None stop_wid=None post_wid=None skip_call=None call_count=233 args=() kwds={}
2025-02-20 17:35:12,933 LT1-thread root DEBUG client.py                 71    logger_log                : 17) class=<class 'autopts.ptsprojects.testcase.TestFunc'>, func=<function test_cases.<locals>.<lambda> at 0x00000275E576E7A0> start_wid=None stop_wid=None post_wid=None skip_call=None call_count=233 args=() kwds={}
2025-02-20 17:35:12,933 LT1-thread root DEBUG client.py                 71    logger_log                : 18) class=<class 'autopts.ptsprojects.testcase.TestFunc'>, func=<function test_cases.<locals>.<lambda> at 0x00000275E576E840> start_wid=None stop_wid=None post_wid=None skip_call=None call_count=233 args=() kwds={}
2025-02-20 17:35:12,933 LT1-thread root DEBUG client.py                 71    logger_log                : 19) class=<class 'autopts.ptsprojects.testcase.TestFunc'>, func=<function test_cases.<locals>.<lambda> at 0x00000275E576E8E0> start_wid=None stop_wid=None post_wid=None skip_call=None call_count=233 args=() kwds={}
2025-02-20 17:35:12,933 LT1-thread root DEBUG client.py                 71    logger_log                : 20) class=<class 'autopts.ptsprojects.testcase.TestFunc'>, func=<function core_reg_svc_gatt at 0x00000275E0EEC900> start_wid=None stop_wid=None post_wid=None skip_call=None call_count=233 args=() kwds={}
2025-02-20 17:35:12,933 LT1-thread root DEBUG client.py                 71    logger_log                : 21) class=<class 'autopts.ptsprojects.testcase.TestFunc'>, func=<bound method Stack.gatt_init of <autopts.ptsprojects.stack.stack.Stack object at 0x00000275E020DE10>> start_wid=None stop_wid=None post_wid=None skip_call=None call_count=233 args=() kwds={}
2025-02-20 17:35:12,933 LT1-thread root DEBUG client.py                 71    logger_log                : 22) class=<class 'autopts.ptsprojects.testcase.TestFunc'>, func=<function gap_set_io_cap at 0x00000275E0EEFBA0> start_wid=None stop_wid=None post_wid=None skip_call=None call_count=233 args=(4,) kwds={}
2025-02-20 17:35:12,933 LT1-thread root DEBUG client.py                 71    logger_log                : 23) class=<class 'autopts.ptsprojects.testcase.TestFunc'>, func=<function set_pts_addr at 0x00000275E0EEC360> start_wid=None stop_wid=None post_wid=None skip_call=None call_count=233 args=('C0:07:E8:25:DE:2A', 0) kwds={}
2025-02-20 17:35:12,933 LT1-thread root DEBUG client.py                 71    logger_log                : 24) class=<class 'autopts.ptsprojects.testcase.TestFunc'>, func=<function gatts_add_svc at 0x00000275E0EFA020> start_wid=None stop_wid=None post_wid=None skip_call=None call_count=232 args=(0, 'AA51') kwds={}
2025-02-20 17:35:12,933 LT1-thread root DEBUG client.py                 71    logger_log                : 25) class=<class 'autopts.ptsprojects.testcase.TestFunc'>, func=<function gatts_add_char at 0x00000275E0EFA160> start_wid=None stop_wid=None post_wid=None skip_call=None call_count=232 args=(0, 2, 17, 'AA52') kwds={}
2025-02-20 17:35:12,933 LT1-thread root DEBUG client.py                 71    logger_log                : 26) class=<class 'autopts.ptsprojects.testcase.TestFunc'>, func=<function gatts_set_val at 0x00000275E0EFA200> start_wid=None stop_wid=None post_wid=None skip_call=None call_count=232 args=(0, '01') kwds={}
2025-02-20 17:35:12,933 LT1-thread root DEBUG client.py                 71    logger_log                : 27) class=<class 'autopts.ptsprojects.testcase.TestFunc'>, func=<function gatts_add_char at 0x00000275E0EFA160> start_wid=None stop_wid=None post_wid=None skip_call=None call_count=232 args=(0, 2, 5, 'AA53') kwds={}
2025-02-20 17:35:12,933 LT1-thread root DEBUG client.py                 71    logger_log                : 28) class=<class 'autopts.ptsprojects.testcase.TestFunc'>, func=<function gatts_set_val at 0x00000275E0EFA200> start_wid=None stop_wid=None post_wid=None skip_call=None call_count=232 args=(0, '02') kwds={}
2025-02-20 17:35:12,933 LT1-thread root DEBUG client.py                 71    logger_log                : 29) class=<class 'autopts.ptsprojects.testcase.TestFunc'>, func=<function gatts_add_char at 0x00000275E0EFA160> start_wid=None stop_wid=None post_wid=None skip_call=None call_count=232 args=(0, 66, 3, 'AA54') kwds={}
2025-02-20 17:35:12,933 LT1-thread root DEBUG client.py                 71    logger_log                : 30) class=<class 'autopts.ptsprojects.testcase.TestFunc'>, func=<function gatts_set_val at 0x00000275E0EFA200> start_wid=None stop_wid=None post_wid=None skip_call=None call_count=232 args=(0, '03') kwds={}
2025-02-20 17:35:12,933 LT1-thread root DEBUG client.py                 71    logger_log                : 31) class=<class 'autopts.ptsprojects.testcase.TestFunc'>, func=<function gatts_add_char at 0x00000275E0EFA160> start_wid=None stop_wid=None post_wid=None skip_call=None call_count=232 args=(0, 10, 48, 'AA55') kwds={}
2025-02-20 17:35:12,933 LT1-thread root DEBUG client.py                 71    logger_log                : 32) class=<class 'autopts.ptsprojects.testcase.TestFunc'>, func=<function gatts_set_val at 0x00000275E0EFA200> start_wid=None stop_wid=None post_wid=None skip_call=None call_count=232 args=(0, '04') kwds={}
2025-02-20 17:35:12,933 LT1-thread root DEBUG client.py                 71    logger_log                : 33) class=<class 'autopts.ptsprojects.testcase.TestFunc'>, func=<function gatts_start_server at 0x00000275E0EFA480> start_wid=None stop_wid=None post_wid=None skip_call=None call_count=232 args=() kwds={}
2025-02-20 17:35:12,933 LT1-thread root DEBUG client.py                 71    logger_log                : 34) class=<class 'autopts.ptsprojects.testcase.TestFuncCleanUp'>, func=<bound method Stack.cleanup of <autopts.ptsprojects.stack.stack.Stack object at 0x00000275E020DE10>> start_wid=None stop_wid=None post_wid=None skip_call=None call_count=2 args=() kwds={}
2025-02-20 17:35:12,933 LT1-thread root DEBUG client.py                 71    logger_log                : 35) class=<class 'autopts.ptsprojects.testcase.TestFuncCleanUp'>, func=<bound method ZephyrCtl.stop of <autopts.ptsprojects.zephyr.iutctl.ZephyrCtl object at 0x00000275E4FF3050>> start_wid=None stop_wid=None post_wid=None skip_call=None call_count=2 args=() kwds={}
2025-02-20 17:35:12,933 LT1-thread root DEBUG client.py                 71    logger_log                : pre_run, run pre test case script
2025-02-20 17:35:12,943 LT1-thread root DEBUG client.py                 71    logger_log                : Starting test function: class=<class 'autopts.ptsprojects.testcase.TestFunc'>, func=<bound method Stack.core_init of <autopts.ptsprojects.stack.stack.Stack object at 0x00000275E020DE10>> start_wid=None stop_wid=None post_wid=None skip_call=None call_count=3 args=() kwds={}
2025-02-20 17:35:12,943 LT1-thread root DEBUG client.py                 71    logger_log                : Test function parameters: args=(), kwds={}
2025-02-20 17:35:12,943 LT1-thread root DEBUG client.py                 71    logger_log                : Starting test function: class=<class 'autopts.ptsprojects.testcase.TestFunc'>, func=<bound method ZephyrCtl.hw_reset of <autopts.ptsprojects.zephyr.iutctl.ZephyrCtl object at 0x00000275E4FF3050>> start_wid=None stop_wid=None post_wid=None skip_call=None call_count=3 args=() kwds={}
2025-02-20 17:35:12,943 LT1-thread root DEBUG client.py                 71    logger_log                : Test function parameters: args=(), kwds={}
2025-02-20 17:35:12,943 LT1-thread root DEBUG client.py                 71    logger_log                : Starting test function: class=<class 'autopts.ptsprojects.testcase.TestFunc'>, func=<bound method ZephyrCtl.start of <autopts.ptsprojects.zephyr.iutctl.ZephyrCtl object at 0x00000275E4FF3050>> start_wid=None stop_wid=None post_wid=None skip_call=None call_count=3 args=(<autopts.ptsprojects.zephyr.ztestcase.ZTestCase object at 0x00000275E59BCDD0>,) kwds={}
2025-02-20 17:35:12,953 LT1-thread root DEBUG client.py                 71    logger_log                : Test function parameters: args=(<autopts.ptsprojects.zephyr.ztestcase.ZTestCase object at 0x00000275E59BCDD0>,), kwds={}
2025-02-20 17:35:12,953 LT1-thread root DEBUG client.py                 71    logger_log                : <class 'autopts.ptsprojects.zephyr.iutctl.ZephyrCtl'>.start
2025-02-20 17:35:12,953 LT1-thread root DEBUG client.py                 71    logger_log                : <class 'autopts.ptsprojects.zephyr.iutctl.ZephyrCtl'>.flush_serial
2025-02-20 17:35:14,210 LT1-thread root DEBUG client.py                 71    logger_log                : Starting socat process: socat.exe -x -v tcp:10.192.253.135:56346,retry=100,interval=1 /dev/ttyS35,raw,b115200
2025-02-20 17:35:14,220 LT1-thread root DEBUG client.py                 71    logger_log                : accept
2025-02-20 17:35:14,857 BTPWorkerThread-15184 (_rx_task) root DEBUG client.py                 71    logger_log                : BTPWorkerThread-15184 (_rx_task) started
2025-02-20 17:35:14,857 LT1-thread root DEBUG client.py                 71    logger_log                : Starting test function: class=<class 'autopts.ptsprojects.testcase.TestFunc'>, func=<bound method ZephyrCtl.hw_reset of <autopts.ptsprojects.zephyr.iutctl.ZephyrCtl object at 0x00000275E4FF3050>> start_wid=None stop_wid=None post_wid=None skip_call=None call_count=3 args=() kwds={}
2025-02-20 17:35:14,857 LT1-thread root DEBUG client.py                 71    logger_log                : Test function parameters: args=(), kwds={}
2025-02-20 17:35:14,857 LT1-thread root DEBUG client.py                 71    logger_log                : Starting test function: class=<class 'autopts.ptsprojects.testcase.TestFunc'>, func=<bound method ZephyrCtl.wait_iut_ready_event of <autopts.ptsprojects.zephyr.iutctl.ZephyrCtl object at 0x00000275E4FF3050>> start_wid=None stop_wid=None post_wid=None skip_call=None call_count=3 args=(False,) kwds={}
2025-02-20 17:35:14,857 LT1-thread root DEBUG client.py                 71    logger_log                : Test function parameters: args=(False,), kwds={}
2025-02-20 17:35:14,857 LT1-thread root DEBUG client.py                 71    logger_log                : IUT ready event received OK
2025-02-20 17:35:14,857 LT1-thread root DEBUG client.py                 71    logger_log                : Starting test function: class=<class 'autopts.ptsprojects.testcase.TestFunc'>, func=<function core_reg_svc_gap at 0x00000275E0EEC7C0> start_wid=None stop_wid=None post_wid=None skip_call=None call_count=234 args=() kwds={}
2025-02-20 17:35:14,857 LT1-thread root DEBUG client.py                 71    logger_log                : Test function parameters: args=(), kwds={}
2025-02-20 17:35:14,857 LT1-thread root DEBUG client.py                 71    logger_log                : core_reg_svc_gap
2025-02-20 17:35:14,857 LT1-thread root DEBUG client.py                 71    logger_log                : send, 0 3 255 '1'
2025-02-20 17:35:14,857 LT1-thread root DEBUG client.py                 71    logger_log                : sending frame '0003ff010001'
2025-02-20 17:35:14,857 LT1-thread root DEBUG client.py                 71    logger_log                : core_reg_svc_rsp_succ
2025-02-20 17:35:14,857 LT1-thread root DEBUG client.py                 71    logger_log                : read
2025-02-20 17:35:14,973 BTPWorkerThread-15184 (_rx_task) root DEBUG client.py                 71    logger_log                : Read 5 bytes
2025-02-20 17:35:14,993 BTPWorkerThread-15184 (_rx_task) root DEBUG client.py                 71    logger_log                : Received: hdr: Header(svc_id=0x00, op=0x03, ctrl_index=0xff, data_len=0x00) bytearray(b'\x00\x03\xff\x00\x00')
2025-02-20 17:35:15,013 BTPWorkerThread-15184 (_rx_task) root DEBUG client.py                 71    logger_log                : Received data: {''}, bytearray(b'')
2025-02-20 17:35:15,043 LT1-thread root DEBUG client.py                 71    logger_log                : received Header(svc_id=0, op=3, ctrl_index=255, data_len=0) (b'',)
2025-02-20 17:35:15,043 LT1-thread root DEBUG client.py                 71    logger_log                : expected ((0, 3, 255, 0), (b'',))
2025-02-20 17:35:15,043 LT1-thread root DEBUG client.py                 71    logger_log                : response is valid
2025-02-20 17:35:15,043 LT1-thread root DEBUG client.py                 71    logger_log                : Starting test function: class=<class 'autopts.ptsprojects.testcase.TestFunc'>, func=<bound method Stack.gap_init of <autopts.ptsprojects.stack.stack.Stack object at 0x00000275E020DE10>> start_wid=None stop_wid=None post_wid=None skip_call=None call_count=234 args=(b'Tester_25DE2A', 'ABCD', '1111', '1111', '11', '1111', b'\x17github.com/auto-pts', (8, 'PADV_Tester'), 'FF') kwds={}
2025-02-20 17:35:15,043 LT1-thread root DEBUG client.py                 71    logger_log                : Test function parameters: args=(b'Tester_25DE2A', 'ABCD', '1111', '1111', '11', '1111', b'\x17github.com/auto-pts', (8, 'PADV_Tester'), 'FF'), kwds={}
2025-02-20 17:35:15,043 LT1-thread root DEBUG client.py                 71    logger_log                : Starting test function: class=<class 'autopts.ptsprojects.testcase.TestFunc'>, func=<function gap_read_ctrl_info at 0x00000275E0EF8680> start_wid=None stop_wid=None post_wid=None skip_call=None call_count=234 args=() kwds={}
2025-02-20 17:35:15,043 LT1-thread root DEBUG client.py                 71    logger_log                : Test function parameters: args=(), kwds={}
2025-02-20 17:35:15,043 LT1-thread root DEBUG client.py                 71    logger_log                : gap_read_ctrl_info
2025-02-20 17:35:15,043 LT1-thread root DEBUG client.py                 71    logger_log                : send, 1 3 0 ''
2025-02-20 17:35:15,043 LT1-thread root DEBUG client.py                 71    logger_log                : sending frame '0103000000'
2025-02-20 17:35:15,043 LT1-thread root DEBUG client.py                 71    logger_log                : read
2025-02-20 17:35:15,209 BTPWorkerThread-15184 (_rx_task) root DEBUG client.py                 71    logger_log                : Read 5 bytes
2025-02-20 17:35:15,229 BTPWorkerThread-15184 (_rx_task) root DEBUG client.py                 71    logger_log                : Received: hdr: Header(svc_id=0x01, op=0x03, ctrl_index=0x00, data_len=0x115) bytearray(b'\x01\x03\x00\x15\x01')
2025-02-20 17:35:15,275 BTPWorkerThread-15184 (_rx_task) root DEBUG client.py                 71    logger_log                : Read 277 bytes data
2025-02-20 17:35:15,295 BTPWorkerThread-15184 (_rx_task) root DEBUG client.py                 71    logger_log                : Received data: {'ec 20 ec 53 b0 7f 13 06 02 00 13 22 00 00 00 00 00 62 74 70 5f 74 65 73 74 65 72 00 00 00 00 00 00 00 00 00 00 00 00 00 00 00 00 00 00 00 00 00 00 00 00 00 00 00 00 00 00 00 00 00 00 00 00 00 00 00 00 00 00 00 00 00 00 00 00 00 00 00 00 00 00 00 00 00 00 00 00 00 00 00 00 00 00 00 00 00 00 00 00 00 00 00 00 00 00 00 00 00 00 00 00 00 00 00 00 00 00 00 00 00 00 00 00 00 00 00 00 00 00 00 00 00 00 00 00 00 00 00 00 00 00 00 00 00 00 00 00 00 00 00 00 00 00 00 00 00 00 00 00 00 00 00 00 00 00 00 00 00 00 00 00 00 00 00 00 00 00 00 00 00 00 00 00 00 00 00 00 00 00 00 00 00 00 00 00 00 00 00 00 00 00 00 00 00 00 00 00 00 00 00 00 00 00 00 00 00 00 00 00 00 00 00 00 00 00 00 00 00 00 00 00 00 00 00 00 00 00 00 00 00 00 00 00 00 00 00 00 00 00 00 00 00 00 00 00 00 00 00 00 00 00 00 00 00 00 00 00 00 00 00 00 00 00 00 00 00 00'}, bytearray(b'\xec \xecS\xb0\x7f\x13\x06\x02\x00\x13"\x00\x00\x00\x00\x00btp_tester\x00\x00\x00\x00\x00\x00\x00\x00\x00\x00\x00\x00\x00\x00\x00\x00\x00\x00\x00\x00\x00\x00\x00\x00\x00\x00\x00\x00\x00\x00\x00\x00\x00\x00\x00\x00\x00\x00\x00\x00\x00\x00\x00\x00\x00\x00\x00\x00\x00\x00\x00\x00\x00\x00\x00\x00\x00\x00\x00\x00\x00\x00\x00\x00\x00\x00\x00\x00\x00\x00\x00\x00\x00\x00\x00\x00\x00\x00\x00\x00\x00\x00\x00\x00\x00\x00\x00\x00\x00\x00\x00\x00\x00\x00\x00\x00\x00\x00\x00\x00\x00\x00\x00\x00\x00\x00\x00\x00\x00\x00\x00\x00\x00\x00\x00\x00\x00\x00\x00\x00\x00\x00\x00\x00\x00\x00\x00\x00\x00\x00\x00\x00\x00\x00\x00\x00\x00\x00\x00\x00\x00\x00\x00\x00\x00\x00\x00\x00\x00\x00\x00\x00\x00\x00\x00\x00\x00\x00\x00\x00\x00\x00\x00\x00\x00\x00\x00\x00\x00\x00\x00\x00\x00\x00\x00\x00\x00\x00\x00\x00\x00\x00\x00\x00\x00\x00\x00\x00\x00\x00\x00\x00\x00\x00\x00\x00\x00\x00\x00\x00\x00\x00\x00\x00\x00\x00\x00\x00\x00\x00\x00\x00\x00\x00\x00\x00\x00\x00\x00\x00\x00\x00\x00\x00\x00\x00\x00\x00\x00\x00\x00\x00\x00\x00\x00\x00\x00\x00\x00\x00\x00\x00\x00\x00\x00\x00\x00\x00\x00\x00')
2025-02-20 17:35:15,328 LT1-thread root DEBUG client.py                 71    logger_log                : received Header(svc_id=1, op=3, ctrl_index=0, data_len=277) (b'\xec \xecS\xb0\x7f\x13\x06\x02\x00\x13"\x00\x00\x00\x00\x00btp_tester\x00\x00\x00\x00\x00\x00\x00\x00\x00\x00\x00\x00\x00\x00\x00\x00\x00\x00\x00\x00\x00\x00\x00\x00\x00\x00\x00\x00\x00\x00\x00\x00\x00\x00\x00\x00\x00\x00\x00\x00\x00\x00\x00\x00\x00\x00\x00\x00\x00\x00\x00\x00\x00\x00\x00\x00\x00\x00\x00\x00\x00\x00\x00\x00\x00\x00\x00\x00\x00\x00\x00\x00\x00\x00\x00\x00\x00\x00\x00\x00\x00\x00\x00\x00\x00\x00\x00\x00\x00\x00\x00\x00\x00\x00\x00\x00\x00\x00\x00\x00\x00\x00\x00\x00\x00\x00\x00\x00\x00\x00\x00\x00\x00\x00\x00\x00\x00\x00\x00\x00\x00\x00\x00\x00\x00\x00\x00\x00\x00\x00\x00\x00\x00\x00\x00\x00\x00\x00\x00\x00\x00\x00\x00\x00\x00\x00\x00\x00\x00\x00\x00\x00\x00\x00\x00\x00\x00\x00\x00\x00\x00\x00\x00\x00\x00\x00\x00\x00\x00\x00\x00\x00\x00\x00\x00\x00\x00\x00\x00\x00\x00\x00\x00\x00\x00\x00\x00\x00\x00\x00\x00\x00\x00\x00\x00\x00\x00\x00\x00\x00\x00\x00\x00\x00\x00\x00\x00\x00\x00\x00\x00\x00\x00\x00\x00\x00\x00\x00\x00\x00\x00\x00\x00\x00\x00\x00\x00\x00\x00\x00\x00\x00\x00\x00\x00\x00\x00\x00\x00\x00\x00\x00\x00\x00\x00\x00\x00\x00\x00\x00',)
2025-02-20 17:35:15,328 LT1-thread root DEBUG client.py                 71    logger_log                : IUT address '7fb053ec20ec' 'random'
2025-02-20 17:35:15,328 LT1-thread root DEBUG client.py                 71    logger_log                : __gap_current_settings_update 8723
2025-02-20 17:35:15,328 LT1-thread root DEBUG client.py                 71    logger_log                : Starting test function: class=<class 'autopts.ptsprojects.testcase.TestFunc'>, func=<function test_cases.<locals>.<lambda> at 0x00000275E576E200> start_wid=None stop_wid=None post_wid=None skip_call=None call_count=234 args=() kwds={}
2025-02-20 17:35:15,328 LT1-thread root DEBUG client.py                 71    logger_log                : Test function parameters: args=(), kwds={}
2025-02-20 17:35:15,328 LT1-thread root DEBUG client.py                 71    logger_log                : Starting test function: class=<class 'autopts.ptsprojects.testcase.TestFunc'>, func=<function test_cases.<locals>.<lambda> at 0x00000275E576E2A0> start_wid=None stop_wid=None post_wid=None skip_call=None call_count=234 args=() kwds={}
2025-02-20 17:35:15,328 LT1-thread root DEBUG client.py                 71    logger_log                : Test function parameters: args=(), kwds={}
2025-02-20 17:35:15,328 LT1-thread root DEBUG client.py                 71    logger_log                : Starting test function: class=<class 'autopts.ptsprojects.testcase.TestFunc'>, func=<function test_cases.<locals>.<lambda> at 0x00000275E576E340> start_wid=None stop_wid=None post_wid=None skip_call=None call_count=234 args=() kwds={}
2025-02-20 17:35:15,328 LT1-thread root DEBUG client.py                 71    logger_log                : Test function parameters: args=(), kwds={}
2025-02-20 17:35:15,338 LT1-thread root DEBUG client.py                 71    logger_log                : Starting test function: class=<class 'autopts.ptsprojects.testcase.TestFunc'>, func=<function test_cases.<locals>.<lambda> at 0x00000275E576E3E0> start_wid=None stop_wid=None post_wid=None skip_call=None call_count=234 args=() kwds={}
2025-02-20 17:35:15,338 LT1-thread root DEBUG client.py                 71    logger_log                : Test function parameters: args=(), kwds={}
2025-02-20 17:35:15,338 LT1-thread root DEBUG client.py                 71    logger_log                : Starting test function: class=<class 'autopts.ptsprojects.testcase.TestFunc'>, func=<function test_cases.<locals>.<lambda> at 0x00000275E576E480> start_wid=None stop_wid=None post_wid=None skip_call=None call_count=234 args=() kwds={}
2025-02-20 17:35:15,338 LT1-thread root DEBUG client.py                 71    logger_log                : Test function parameters: args=(), kwds={}
2025-02-20 17:35:15,348 LT1-thread root DEBUG client.py                 71    logger_log                : Starting test function: class=<class 'autopts.ptsprojects.testcase.TestFunc'>, func=<function test_cases.<locals>.<lambda> at 0x00000275E576E520> start_wid=None stop_wid=None post_wid=None skip_call=None call_count=234 args=() kwds={}
2025-02-20 17:35:15,348 LT1-thread root DEBUG client.py                 71    logger_log                : Test function parameters: args=(), kwds={}
2025-02-20 17:35:15,348 LT1-thread root DEBUG client.py                 71    logger_log                : Starting test function: class=<class 'autopts.ptsprojects.testcase.TestFunc'>, func=<function test_cases.<locals>.<lambda> at 0x00000275E576E5C0> start_wid=None stop_wid=None post_wid=None skip_call=None call_count=234 args=() kwds={}
2025-02-20 17:35:15,348 LT1-thread root DEBUG client.py                 71    logger_log                : Test function parameters: args=(), kwds={}
2025-02-20 17:35:15,348 LT1-thread root DEBUG client.py                 71    logger_log                : Starting test function: class=<class 'autopts.ptsprojects.testcase.TestFunc'>, func=<function test_cases.<locals>.<lambda> at 0x00000275E576E660> start_wid=None stop_wid=None post_wid=None skip_call=None call_count=234 args=() kwds={}
2025-02-20 17:35:15,348 LT1-thread root DEBUG client.py                 71    logger_log                : Test function parameters: args=(), kwds={}
2025-02-20 17:35:15,348 LT1-thread root DEBUG client.py                 71    logger_log                : Starting test function: class=<class 'autopts.ptsprojects.testcase.TestFunc'>, func=<function test_cases.<locals>.<lambda> at 0x00000275E576E700> start_wid=None stop_wid=None post_wid=None skip_call=None call_count=234 args=() kwds={}
2025-02-20 17:35:15,348 LT1-thread root DEBUG client.py                 71    logger_log                : Test function parameters: args=(), kwds={}
2025-02-20 17:35:15,358 LT1-thread root DEBUG client.py                 71    logger_log                : Starting test function: class=<class 'autopts.ptsprojects.testcase.TestFunc'>, func=<function test_cases.<locals>.<lambda> at 0x00000275E576E7A0> start_wid=None stop_wid=None post_wid=None skip_call=None call_count=234 args=() kwds={}
2025-02-20 17:35:15,358 LT1-thread root DEBUG client.py                 71    logger_log                : Test function parameters: args=(), kwds={}
2025-02-20 17:35:15,358 LT1-thread root DEBUG client.py                 71    logger_log                : Starting test function: class=<class 'autopts.ptsprojects.testcase.TestFunc'>, func=<function test_cases.<locals>.<lambda> at 0x00000275E576E840> start_wid=None stop_wid=None post_wid=None skip_call=None call_count=234 args=() kwds={}
2025-02-20 17:35:15,358 LT1-thread root DEBUG client.py                 71    logger_log                : Test function parameters: args=(), kwds={}
2025-02-20 17:35:15,358 LT1-thread root DEBUG client.py                 71    logger_log                : Starting test function: class=<class 'autopts.ptsprojects.testcase.TestFunc'>, func=<function test_cases.<locals>.<lambda> at 0x00000275E576E8E0> start_wid=None stop_wid=None post_wid=None skip_call=None call_count=234 args=() kwds={}
2025-02-20 17:35:15,358 LT1-thread root DEBUG client.py                 71    logger_log                : Test function parameters: args=(), kwds={}
2025-02-20 17:35:15,378 LT1-thread root DEBUG client.py                 71    logger_log                : Starting test function: class=<class 'autopts.ptsprojects.testcase.TestFunc'>, func=<function core_reg_svc_gatt at 0x00000275E0EEC900> start_wid=None stop_wid=None post_wid=None skip_call=None call_count=234 args=() kwds={}
2025-02-20 17:35:15,378 LT1-thread root DEBUG client.py                 71    logger_log                : Test function parameters: args=(), kwds={}
2025-02-20 17:35:15,378 LT1-thread root DEBUG client.py                 71    logger_log                : core_reg_svc_gatt
2025-02-20 17:35:15,378 LT1-thread root DEBUG client.py                 71    logger_log                : send, 0 3 255 '2'
2025-02-20 17:35:15,378 LT1-thread root DEBUG client.py                 71    logger_log                : sending frame '0003ff010002'
2025-02-20 17:35:15,378 LT1-thread root DEBUG client.py                 71    logger_log                : core_reg_svc_rsp_succ
2025-02-20 17:35:15,378 LT1-thread root DEBUG client.py                 71    logger_log                : read
2025-02-20 17:35:15,448 BTPWorkerThread-15184 (_rx_task) root DEBUG client.py                 71    logger_log                : Read 5 bytes
2025-02-20 17:35:15,474 BTPWorkerThread-15184 (_rx_task) root DEBUG client.py                 71    logger_log                : Received: hdr: Header(svc_id=0x00, op=0x03, ctrl_index=0xff, data_len=0x00) bytearray(b'\x00\x03\xff\x00\x00')
2025-02-20 17:35:15,484 BTPWorkerThread-15184 (_rx_task) root DEBUG client.py                 71    logger_log                : Received data: {''}, bytearray(b'')
2025-02-20 17:35:15,484 LT1-thread root DEBUG client.py                 71    logger_log                : received Header(svc_id=0, op=3, ctrl_index=255, data_len=0) (b'',)
2025-02-20 17:35:15,484 LT1-thread root DEBUG client.py                 71    logger_log                : expected ((0, 3, 255, 0), (b'',))
2025-02-20 17:35:15,484 LT1-thread root DEBUG client.py                 71    logger_log                : response is valid
2025-02-20 17:35:15,484 LT1-thread root DEBUG client.py                 71    logger_log                : Starting test function: class=<class 'autopts.ptsprojects.testcase.TestFunc'>, func=<bound method Stack.gatt_init of <autopts.ptsprojects.stack.stack.Stack object at 0x00000275E020DE10>> start_wid=None stop_wid=None post_wid=None skip_call=None call_count=234 args=() kwds={}
2025-02-20 17:35:15,484 LT1-thread root DEBUG client.py                 71    logger_log                : Test function parameters: args=(), kwds={}
2025-02-20 17:35:15,484 LT1-thread root DEBUG client.py                 71    logger_log                : Starting test function: class=<class 'autopts.ptsprojects.testcase.TestFunc'>, func=<function gap_set_io_cap at 0x00000275E0EEFBA0> start_wid=None stop_wid=None post_wid=None skip_call=None call_count=234 args=(4,) kwds={}
2025-02-20 17:35:15,484 LT1-thread root DEBUG client.py                 71    logger_log                : Test function parameters: args=(4,), kwds={}
2025-02-20 17:35:15,484 LT1-thread root DEBUG client.py                 71    logger_log                : gap_set_io_cap 4
2025-02-20 17:35:15,484 LT1-thread root DEBUG client.py                 71    logger_log                : send, 1 16 0 '\x04'
2025-02-20 17:35:15,484 LT1-thread root DEBUG client.py                 71    logger_log                : sending frame '011000010004'
2025-02-20 17:35:15,484 LT1-thread root DEBUG client.py                 71    logger_log                : gap_command_rsp_succ
2025-02-20 17:35:15,484 LT1-thread root DEBUG client.py                 71    logger_log                : read
2025-02-20 17:35:15,537 BTPWorkerThread-15184 (_rx_task) root DEBUG client.py                 71    logger_log                : Read 5 bytes
2025-02-20 17:35:15,557 BTPWorkerThread-15184 (_rx_task) root DEBUG client.py                 71    logger_log                : Received: hdr: Header(svc_id=0x01, op=0x10, ctrl_index=0x00, data_len=0x00) bytearray(b'\x01\x10\x00\x00\x00')
2025-02-20 17:35:15,577 BTPWorkerThread-15184 (_rx_task) root DEBUG client.py                 71    logger_log                : Received data: {''}, bytearray(b'')
2025-02-20 17:35:15,607 LT1-thread root DEBUG client.py                 71    logger_log                : received Header(svc_id=1, op=16, ctrl_index=0, data_len=0) (b'',)
2025-02-20 17:35:15,607 LT1-thread root DEBUG client.py                 71    logger_log                : Starting test function: class=<class 'autopts.ptsprojects.testcase.TestFunc'>, func=<function set_pts_addr at 0x00000275E0EEC360> start_wid=None stop_wid=None post_wid=None skip_call=None call_count=234 args=('C0:07:E8:25:DE:2A', 0) kwds={}
2025-02-20 17:35:15,607 LT1-thread root DEBUG client.py                 71    logger_log                : Test function parameters: args=('C0:07:E8:25:DE:2A', 0), kwds={}
2025-02-20 17:35:15,607 LT1-thread root DEBUG client.py                 71    logger_log                : Starting test function: class=<class 'autopts.ptsprojects.testcase.TestFunc'>, func=<function gatts_add_svc at 0x00000275E0EFA020> start_wid=None stop_wid=None post_wid=None skip_call=None call_count=233 args=(0, 'AA51') kwds={}
2025-02-20 17:35:15,607 LT1-thread root DEBUG client.py                 71    logger_log                : Test function parameters: args=(0, 'AA51'), kwds={}
2025-02-20 17:35:15,607 LT1-thread root DEBUG client.py                 71    logger_log                : gatts_add_svc 0 'AA51'
2025-02-20 17:35:15,607 LT1-thread root DEBUG client.py                 71    logger_log                : send, 2 2 0 "bytearray(b'\\x00\\x02\\xaaQ')"
2025-02-20 17:35:15,607 LT1-thread root DEBUG client.py                 71    logger_log                : sending frame '02020004000002aa51'
2025-02-20 17:35:15,607 LT1-thread root DEBUG client.py                 71    logger_log                : gatt_command_rsp_succ
2025-02-20 17:35:15,607 LT1-thread root DEBUG client.py                 71    logger_log                : read
2025-02-20 17:35:15,683 BTPWorkerThread-15184 (_rx_task) root DEBUG client.py                 71    logger_log                : Read 5 bytes
2025-02-20 17:35:15,703 BTPWorkerThread-15184 (_rx_task) root DEBUG client.py                 71    logger_log                : Received: hdr: Header(svc_id=0x02, op=0x02, ctrl_index=0x00, data_len=0x02) bytearray(b'\x02\x02\x00\x02\x00')
2025-02-20 17:35:15,733 BTPWorkerThread-15184 (_rx_task) root DEBUG client.py                 71    logger_log                : Read 2 bytes data
2025-02-20 17:35:15,753 BTPWorkerThread-15184 (_rx_task) root DEBUG client.py                 71    logger_log                : Received data: {'00 00'}, bytearray(b'\x00\x00')
2025-02-20 17:35:15,783 LT1-thread root DEBUG client.py                 71    logger_log                : received Header(svc_id=2, op=2, ctrl_index=0, data_len=2) (b'\x00\x00',)
2025-02-20 17:35:15,783 LT1-thread root DEBUG client.py                 71    logger_log                : Starting test function: class=<class 'autopts.ptsprojects.testcase.TestFunc'>, func=<function gatts_add_char at 0x00000275E0EFA160> start_wid=None stop_wid=None post_wid=None skip_call=None call_count=233 args=(0, 2, 17, 'AA52') kwds={}
2025-02-20 17:35:15,783 LT1-thread root DEBUG client.py                 71    logger_log                : Test function parameters: args=(0, 2, 17, 'AA52'), kwds={}
2025-02-20 17:35:15,783 LT1-thread root DEBUG client.py                 71    logger_log                : gatts_add_char 0 2 17 'AA52'
2025-02-20 17:35:15,783 LT1-thread root DEBUG client.py                 71    logger_log                : send, 2 3 0 "bytearray(b'\\x00\\x00\\x02\\x11\\x02\\xaaR')"
2025-02-20 17:35:15,783 LT1-thread root DEBUG client.py                 71    logger_log                : sending frame '02030007000000021102aa52'
2025-02-20 17:35:15,783 LT1-thread root DEBUG client.py                 71    logger_log                : gatt_command_rsp_succ
2025-02-20 17:35:15,783 LT1-thread root DEBUG client.py                 71    logger_log                : read
2025-02-20 17:35:15,859 BTPWorkerThread-15184 (_rx_task) root DEBUG client.py                 71    logger_log                : Read 5 bytes
2025-02-20 17:35:15,879 BTPWorkerThread-15184 (_rx_task) root DEBUG client.py                 71    logger_log                : Received: hdr: Header(svc_id=0x02, op=0x03, ctrl_index=0x00, data_len=0x02) bytearray(b'\x02\x03\x00\x02\x00')
2025-02-20 17:35:15,909 BTPWorkerThread-15184 (_rx_task) root DEBUG client.py                 71    logger_log                : Read 2 bytes data
2025-02-20 17:35:15,909 BTPWorkerThread-15184 (_rx_task) root DEBUG client.py                 71    logger_log                : Received data: {'00 00'}, bytearray(b'\x00\x00')
2025-02-20 17:35:15,929 LT1-thread root DEBUG client.py                 71    logger_log                : received Header(svc_id=2, op=3, ctrl_index=0, data_len=2) (b'\x00\x00',)
2025-02-20 17:35:15,929 LT1-thread root DEBUG client.py                 71    logger_log                : Starting test function: class=<class 'autopts.ptsprojects.testcase.TestFunc'>, func=<function gatts_set_val at 0x00000275E0EFA200> start_wid=None stop_wid=None post_wid=None skip_call=None call_count=233 args=(0, '01') kwds={}
2025-02-20 17:35:15,929 LT1-thread root DEBUG client.py                 71    logger_log                : Test function parameters: args=(0, '01'), kwds={}
2025-02-20 17:35:15,929 LT1-thread root DEBUG client.py                 71    logger_log                : gatts_set_val 0 '01' 
2025-02-20 17:35:15,929 LT1-thread root DEBUG client.py                 71    logger_log                : send, 2 6 0 "bytearray(b'\\x00\\x00\\x01\\x00\\x01')"
2025-02-20 17:35:15,929 LT1-thread root DEBUG client.py                 71    logger_log                : sending frame '02060005000000010001'
2025-02-20 17:35:15,929 LT1-thread root DEBUG client.py                 71    logger_log                : gatt_command_rsp_succ
2025-02-20 17:35:15,929 LT1-thread root DEBUG client.py                 71    logger_log                : read
2025-02-20 17:35:15,989 BTPWorkerThread-15184 (_rx_task) root DEBUG client.py                 71    logger_log                : Read 5 bytes
2025-02-20 17:35:16,009 BTPWorkerThread-15184 (_rx_task) root DEBUG client.py                 71    logger_log                : Received: hdr: Header(svc_id=0x02, op=0x06, ctrl_index=0x00, data_len=0x00) bytearray(b'\x02\x06\x00\x00\x00')
2025-02-20 17:35:16,009 BTPWorkerThread-15184 (_rx_task) root DEBUG client.py                 71    logger_log                : Received data: {''}, bytearray(b'')
2025-02-20 17:35:16,019 LT1-thread root DEBUG client.py                 71    logger_log                : received Header(svc_id=2, op=6, ctrl_index=0, data_len=0) (b'',)
2025-02-20 17:35:16,019 LT1-thread root DEBUG client.py                 71    logger_log                : Starting test function: class=<class 'autopts.ptsprojects.testcase.TestFunc'>, func=<function gatts_add_char at 0x00000275E0EFA160> start_wid=None stop_wid=None post_wid=None skip_call=None call_count=233 args=(0, 2, 5, 'AA53') kwds={}
2025-02-20 17:35:16,019 LT1-thread root DEBUG client.py                 71    logger_log                : Test function parameters: args=(0, 2, 5, 'AA53'), kwds={}
2025-02-20 17:35:16,019 LT1-thread root DEBUG client.py                 71    logger_log                : gatts_add_char 0 2 5 'AA53'
2025-02-20 17:35:16,019 LT1-thread root DEBUG client.py                 71    logger_log                : send, 2 3 0 "bytearray(b'\\x00\\x00\\x02\\x05\\x02\\xaaS')"
2025-02-20 17:35:16,019 LT1-thread root DEBUG client.py                 71    logger_log                : sending frame '02030007000000020502aa53'
2025-02-20 17:35:16,019 LT1-thread root DEBUG client.py                 71    logger_log                : gatt_command_rsp_succ
2025-02-20 17:35:16,019 LT1-thread root DEBUG client.py                 71    logger_log                : read
2025-02-20 17:35:16,089 BTPWorkerThread-15184 (_rx_task) root DEBUG client.py                 71    logger_log                : Read 5 bytes
2025-02-20 17:35:16,109 BTPWorkerThread-15184 (_rx_task) root DEBUG client.py                 71    logger_log                : Received: hdr: Header(svc_id=0x02, op=0x03, ctrl_index=0x00, data_len=0x02) bytearray(b'\x02\x03\x00\x02\x00')
2025-02-20 17:35:16,129 BTPWorkerThread-15184 (_rx_task) root DEBUG client.py                 71    logger_log                : Read 2 bytes data
2025-02-20 17:35:16,149 BTPWorkerThread-15184 (_rx_task) root DEBUG client.py                 71    logger_log                : Received data: {'00 00'}, bytearray(b'\x00\x00')
2025-02-20 17:35:16,179 LT1-thread root DEBUG client.py                 71    logger_log                : received Header(svc_id=2, op=3, ctrl_index=0, data_len=2) (b'\x00\x00',)
2025-02-20 17:35:16,179 LT1-thread root DEBUG client.py                 71    logger_log                : Starting test function: class=<class 'autopts.ptsprojects.testcase.TestFunc'>, func=<function gatts_set_val at 0x00000275E0EFA200> start_wid=None stop_wid=None post_wid=None skip_call=None call_count=233 args=(0, '02') kwds={}
2025-02-20 17:35:16,179 LT1-thread root DEBUG client.py                 71    logger_log                : Test function parameters: args=(0, '02'), kwds={}
2025-02-20 17:35:16,179 LT1-thread root DEBUG client.py                 71    logger_log                : gatts_set_val 0 '02' 
2025-02-20 17:35:16,179 LT1-thread root DEBUG client.py                 71    logger_log                : send, 2 6 0 "bytearray(b'\\x00\\x00\\x01\\x00\\x02')"
2025-02-20 17:35:16,179 LT1-thread root DEBUG client.py                 71    logger_log                : sending frame '02060005000000010002'
2025-02-20 17:35:16,179 LT1-thread root DEBUG client.py                 71    logger_log                : gatt_command_rsp_succ
2025-02-20 17:35:16,179 LT1-thread root DEBUG client.py                 71    logger_log                : read
2025-02-20 17:35:16,239 BTPWorkerThread-15184 (_rx_task) root DEBUG client.py                 71    logger_log                : Read 5 bytes
2025-02-20 17:35:16,259 BTPWorkerThread-15184 (_rx_task) root DEBUG client.py                 71    logger_log                : Received: hdr: Header(svc_id=0x02, op=0x06, ctrl_index=0x00, data_len=0x00) bytearray(b'\x02\x06\x00\x00\x00')
2025-02-20 17:35:16,279 BTPWorkerThread-15184 (_rx_task) root DEBUG client.py                 71    logger_log                : Received data: {''}, bytearray(b'')
2025-02-20 17:35:16,318 LT1-thread root DEBUG client.py                 71    logger_log                : received Header(svc_id=2, op=6, ctrl_index=0, data_len=0) (b'',)
2025-02-20 17:35:16,318 LT1-thread root DEBUG client.py                 71    logger_log                : Starting test function: class=<class 'autopts.ptsprojects.testcase.TestFunc'>, func=<function gatts_add_char at 0x00000275E0EFA160> start_wid=None stop_wid=None post_wid=None skip_call=None call_count=233 args=(0, 66, 3, 'AA54') kwds={}
2025-02-20 17:35:16,318 LT1-thread root DEBUG client.py                 71    logger_log                : Test function parameters: args=(0, 66, 3, 'AA54'), kwds={}
2025-02-20 17:35:16,318 LT1-thread root DEBUG client.py                 71    logger_log                : gatts_add_char 0 66 3 'AA54'
2025-02-20 17:35:16,318 LT1-thread root DEBUG client.py                 71    logger_log                : send, 2 3 0 "bytearray(b'\\x00\\x00B\\x03\\x02\\xaaT')"
2025-02-20 17:35:16,318 LT1-thread root DEBUG client.py                 71    logger_log                : sending frame '02030007000000420302aa54'
2025-02-20 17:35:16,318 LT1-thread root DEBUG client.py                 71    logger_log                : gatt_command_rsp_succ
2025-02-20 17:35:16,318 LT1-thread root DEBUG client.py                 71    logger_log                : read
2025-02-20 17:35:16,388 BTPWorkerThread-15184 (_rx_task) root DEBUG client.py                 71    logger_log                : Read 5 bytes
2025-02-20 17:35:16,408 BTPWorkerThread-15184 (_rx_task) root DEBUG client.py                 71    logger_log                : Received: hdr: Header(svc_id=0x02, op=0x03, ctrl_index=0x00, data_len=0x02) bytearray(b'\x02\x03\x00\x02\x00')
2025-02-20 17:35:16,448 BTPWorkerThread-15184 (_rx_task) root DEBUG client.py                 71    logger_log                : Read 2 bytes data
2025-02-20 17:35:16,474 BTPWorkerThread-15184 (_rx_task) root DEBUG client.py                 71    logger_log                : Received data: {'00 00'}, bytearray(b'\x00\x00')
2025-02-20 17:35:16,505 LT1-thread root DEBUG client.py                 71    logger_log                : received Header(svc_id=2, op=3, ctrl_index=0, data_len=2) (b'\x00\x00',)
2025-02-20 17:35:16,505 LT1-thread root DEBUG client.py                 71    logger_log                : Starting test function: class=<class 'autopts.ptsprojects.testcase.TestFunc'>, func=<function gatts_set_val at 0x00000275E0EFA200> start_wid=None stop_wid=None post_wid=None skip_call=None call_count=233 args=(0, '03') kwds={}
2025-02-20 17:35:16,505 LT1-thread root DEBUG client.py                 71    logger_log                : Test function parameters: args=(0, '03'), kwds={}
2025-02-20 17:35:16,505 LT1-thread root DEBUG client.py                 71    logger_log                : gatts_set_val 0 '03' 
2025-02-20 17:35:16,505 LT1-thread root DEBUG client.py                 71    logger_log                : send, 2 6 0 "bytearray(b'\\x00\\x00\\x01\\x00\\x03')"
2025-02-20 17:35:16,505 LT1-thread root DEBUG client.py                 71    logger_log                : sending frame '02060005000000010003'
2025-02-20 17:35:16,505 LT1-thread root DEBUG client.py                 71    logger_log                : gatt_command_rsp_succ
2025-02-20 17:35:16,505 LT1-thread root DEBUG client.py                 71    logger_log                : read
2025-02-20 17:35:16,577 BTPWorkerThread-15184 (_rx_task) root DEBUG client.py                 71    logger_log                : Read 5 bytes
2025-02-20 17:35:16,597 BTPWorkerThread-15184 (_rx_task) root DEBUG client.py                 71    logger_log                : Received: hdr: Header(svc_id=0x02, op=0x06, ctrl_index=0x00, data_len=0x00) bytearray(b'\x02\x06\x00\x00\x00')
2025-02-20 17:35:16,617 BTPWorkerThread-15184 (_rx_task) root DEBUG client.py                 71    logger_log                : Received data: {''}, bytearray(b'')
2025-02-20 17:35:16,637 LT1-thread root DEBUG client.py                 71    logger_log                : received Header(svc_id=2, op=6, ctrl_index=0, data_len=0) (b'',)
2025-02-20 17:35:16,637 LT1-thread root DEBUG client.py                 71    logger_log                : Starting test function: class=<class 'autopts.ptsprojects.testcase.TestFunc'>, func=<function gatts_add_char at 0x00000275E0EFA160> start_wid=None stop_wid=None post_wid=None skip_call=None call_count=233 args=(0, 10, 48, 'AA55') kwds={}
2025-02-20 17:35:16,637 LT1-thread root DEBUG client.py                 71    logger_log                : Test function parameters: args=(0, 10, 48, 'AA55'), kwds={}
2025-02-20 17:35:16,637 LT1-thread root DEBUG client.py                 71    logger_log                : gatts_add_char 0 10 48 'AA55'
2025-02-20 17:35:16,637 LT1-thread root DEBUG client.py                 71    logger_log                : send, 2 3 0 "bytearray(b'\\x00\\x00\\n0\\x02\\xaaU')"
2025-02-20 17:35:16,637 LT1-thread root DEBUG client.py                 71    logger_log                : sending frame '020300070000000a3002aa55'
2025-02-20 17:35:16,637 LT1-thread root DEBUG client.py                 71    logger_log                : gatt_command_rsp_succ
2025-02-20 17:35:16,637 LT1-thread root DEBUG client.py                 71    logger_log                : read
2025-02-20 17:35:16,723 BTPWorkerThread-15184 (_rx_task) root DEBUG client.py                 71    logger_log                : Read 5 bytes
2025-02-20 17:35:16,743 BTPWorkerThread-15184 (_rx_task) root DEBUG client.py                 71    logger_log                : Received: hdr: Header(svc_id=0x02, op=0x03, ctrl_index=0x00, data_len=0x02) bytearray(b'\x02\x03\x00\x02\x00')
2025-02-20 17:35:16,763 BTPWorkerThread-15184 (_rx_task) root DEBUG client.py                 71    logger_log                : Read 2 bytes data
2025-02-20 17:35:16,783 BTPWorkerThread-15184 (_rx_task) root DEBUG client.py                 71    logger_log                : Received data: {'00 00'}, bytearray(b'\x00\x00')
2025-02-20 17:35:16,813 LT1-thread root DEBUG client.py                 71    logger_log                : received Header(svc_id=2, op=3, ctrl_index=0, data_len=2) (b'\x00\x00',)
2025-02-20 17:35:16,813 LT1-thread root DEBUG client.py                 71    logger_log                : Starting test function: class=<class 'autopts.ptsprojects.testcase.TestFunc'>, func=<function gatts_set_val at 0x00000275E0EFA200> start_wid=None stop_wid=None post_wid=None skip_call=None call_count=233 args=(0, '04') kwds={}
2025-02-20 17:35:16,813 LT1-thread root DEBUG client.py                 71    logger_log                : Test function parameters: args=(0, '04'), kwds={}
2025-02-20 17:35:16,813 LT1-thread root DEBUG client.py                 71    logger_log                : gatts_set_val 0 '04' 
2025-02-20 17:35:16,813 LT1-thread root DEBUG client.py                 71    logger_log                : send, 2 6 0 "bytearray(b'\\x00\\x00\\x01\\x00\\x04')"
2025-02-20 17:35:16,813 LT1-thread root DEBUG client.py                 71    logger_log                : sending frame '02060005000000010004'
2025-02-20 17:35:16,813 LT1-thread root DEBUG client.py                 71    logger_log                : gatt_command_rsp_succ
2025-02-20 17:35:16,813 LT1-thread root DEBUG client.py                 71    logger_log                : read
2025-02-20 17:35:16,899 BTPWorkerThread-15184 (_rx_task) root DEBUG client.py                 71    logger_log                : Read 5 bytes
2025-02-20 17:35:16,919 BTPWorkerThread-15184 (_rx_task) root DEBUG client.py                 71    logger_log                : Received: hdr: Header(svc_id=0x02, op=0x06, ctrl_index=0x00, data_len=0x00) bytearray(b'\x02\x06\x00\x00\x00')
2025-02-20 17:35:16,939 BTPWorkerThread-15184 (_rx_task) root DEBUG client.py                 71    logger_log                : Received data: {''}, bytearray(b'')
2025-02-20 17:35:16,969 LT1-thread root DEBUG client.py                 71    logger_log                : received Header(svc_id=2, op=6, ctrl_index=0, data_len=0) (b'',)
2025-02-20 17:35:16,969 LT1-thread root DEBUG client.py                 71    logger_log                : Starting test function: class=<class 'autopts.ptsprojects.testcase.TestFunc'>, func=<function gatts_start_server at 0x00000275E0EFA480> start_wid=None stop_wid=None post_wid=None skip_call=None call_count=233 args=() kwds={}
2025-02-20 17:35:16,969 LT1-thread root DEBUG client.py                 71    logger_log                : Test function parameters: args=(), kwds={}
2025-02-20 17:35:16,969 LT1-thread root DEBUG client.py                 71    logger_log                : gatts_start_server
2025-02-20 17:35:16,969 LT1-thread root DEBUG client.py                 71    logger_log                : send, 2 7 0 ''
2025-02-20 17:35:16,969 LT1-thread root DEBUG client.py                 71    logger_log                : sending frame '0207000000'
2025-02-20 17:35:16,969 LT1-thread root DEBUG client.py                 71    logger_log                : gatt_command_rsp_succ
2025-02-20 17:35:16,969 LT1-thread root DEBUG client.py                 71    logger_log                : read
2025-02-20 17:35:17,055 BTPWorkerThread-15184 (_rx_task) root DEBUG client.py                 71    logger_log                : Read 5 bytes
2025-02-20 17:35:17,075 BTPWorkerThread-15184 (_rx_task) root DEBUG client.py                 71    logger_log                : Received: hdr: Header(svc_id=0x02, op=0x07, ctrl_index=0x00, data_len=0x03) bytearray(b'\x02\x07\x00\x03\x00')
2025-02-20 17:35:17,095 BTPWorkerThread-15184 (_rx_task) root DEBUG client.py                 71    logger_log                : Read 3 bytes data
2025-02-20 17:35:17,115 BTPWorkerThread-15184 (_rx_task) root DEBUG client.py                 71    logger_log                : Received data: {'00 00 00'}, bytearray(b'\x00\x00\x00')
2025-02-20 17:35:17,152 LT1-thread root DEBUG client.py                 71    logger_log                : received Header(svc_id=2, op=7, ctrl_index=0, data_len=3) (b'\x00\x00\x00',)
2025-02-20 17:35:17,152 LT1-thread root DEBUG client.py                 71    logger_log                : ClientCallback.get_result run_test_case
2025-02-20 17:35:21,576 LT1-callback ClientCallback.on_implicit_send INFO client.py                 71    logger_log                : 
    ********************
    BEGIN OnImplicitSend:
    project_name: GAP
    wid: 20100
    test_case_name: GAP/CONN/DCEP/BV-06-C
    description: Please initiate a GATT connection to the PTS.

Description: Verify that the Implementation Under Test (IUT) can initiate a GATT connect request to the PTS.
    style: MMI_Style_Ok_Cancel2 0x11141
2025-02-20 17:35:21,576 LT1-callback ClientCallback.on_implicit_send INFO client.py                 71    logger_log                : Calling test cases on_implicit_send
2025-02-20 17:35:21,576 LT1-callback ClientCallback.on_implicit_send INFO client.py                 71    logger_log                : 
    on_implicit_send returned response: WAIT
    END OnImplicitSend
    ********************
2025-02-20 17:35:22,170 LT1-thread root DEBUG client.py                 71    logger_log                : GAP GAP/CONN/DCEP/BV-06-C on_implicit_send
2025-02-20 17:35:22,170 LT1-thread root DEBUG client.py                 71    logger_log                : gap_wid_hdl, 20100, Please initiate a GATT connection to the PTS.

Description: Verify that the Implementation Under Test (IUT) can initiate a GATT connect request to the PTS., GAP/CONN/DCEP/BV-06-C
2025-02-20 17:35:22,170 LT1-thread root DEBUG client.py                 71    logger_log                : gap_conn None None
2025-02-20 17:35:22,170 LT1-thread root DEBUG client.py                 71    logger_log                : send, 1 14 0 "bytearray(b'\\x00*\\xde%\\xe8\\x07\\xc0\\x00')"
2025-02-20 17:35:22,170 LT1-thread root DEBUG client.py                 71    logger_log                : sending frame '010e000800002ade25e807c000'
2025-02-20 17:35:22,170 LT1-thread root DEBUG client.py                 71    logger_log                : read
2025-02-20 17:35:22,239 BTPWorkerThread-15184 (_rx_task) root DEBUG client.py                 71    logger_log                : Read 5 bytes
2025-02-20 17:35:22,259 BTPWorkerThread-15184 (_rx_task) root DEBUG client.py                 71    logger_log                : Received: hdr: Header(svc_id=0x01, op=0x0e, ctrl_index=0x00, data_len=0x00) bytearray(b'\x01\x0e\x00\x00\x00')
2025-02-20 17:35:22,269 BTPWorkerThread-15184 (_rx_task) root DEBUG client.py                 71    logger_log                : Received data: {''}, bytearray(b'')
2025-02-20 17:35:22,269 LT1-thread root DEBUG client.py                 71    logger_log                : Sending response 'OK' to wid 20100 test case GAP/CONN/DCEP/BV-06-C
2025-02-20 17:35:22,269 LT1-thread root DEBUG client.py                 71    logger_log                : ClientCallback.get_result run_test_case
2025-02-20 17:35:22,308 BTPWorkerThread-15184 (_rx_task) root DEBUG client.py                 71    logger_log                : Read 5 bytes
2025-02-20 17:35:22,308 BTPWorkerThread-15184 (_rx_task) root DEBUG client.py                 71    logger_log                : Received: hdr: Header(svc_id=0x01, op=0x82, ctrl_index=0x00, data_len=0x0d) bytearray(b'\x01\x82\x00\r\x00')
2025-02-20 17:35:22,308 BTPWorkerThread-15184 (_rx_task) root DEBUG client.py                 71    logger_log                : Read 13 bytes data
2025-02-20 17:35:22,308 BTPWorkerThread-15184 (_rx_task) root DEBUG client.py                 71    logger_log                : Received data: {'00 2a de 25 e8 07 c0 30 00 00 00 90 01'}, bytearray(b'\x00*\xde%\xe8\x07\xc00\x00\x00\x00\x90\x01')
2025-02-20 17:35:22,308 BTPWorkerThread-15184 (_rx_task) root DEBUG client.py                 71    logger_log                : event_handler Header(svc_id=1, op=130, ctrl_index=0, data_len=13) (b'\x00*\xde%\xe8\x07\xc00\x00\x00\x00\x90\x01',)
2025-02-20 17:35:22,308 BTPWorkerThread-15184 (_rx_task) root DEBUG client.py                 71    logger_log                : gap_connected_ev_ b'\x00*\xde%\xe8\x07\xc00\x00\x00\x00\x90\x01'
2025-02-20 17:35:24,177 BTPWorkerThread-15184 (_rx_task) root DEBUG client.py                 71    logger_log                : Read 5 bytes
2025-02-20 17:35:24,177 BTPWorkerThread-15184 (_rx_task) root DEBUG client.py                 71    logger_log                : Received: hdr: Header(svc_id=0x01, op=0x8c, ctrl_index=0x00, data_len=0x08) bytearray(b'\x01\x8c\x00\x08\x00')
2025-02-20 17:35:24,178 BTPWorkerThread-15184 (_rx_task) root DEBUG client.py                 71    logger_log                : Read 8 bytes data
2025-02-20 17:35:24,178 BTPWorkerThread-15184 (_rx_task) root DEBUG client.py                 71    logger_log                : Received data: {'00 2a de 25 e8 07 c0 09'}, bytearray(b'\x00*\xde%\xe8\x07\xc0\t')
2025-02-20 17:35:24,178 BTPWorkerThread-15184 (_rx_task) root DEBUG client.py                 71    logger_log                : event_handler Header(svc_id=1, op=140, ctrl_index=0, data_len=8) (b'\x00*\xde%\xe8\x07\xc0\t',)
2025-02-20 17:35:24,178 BTPWorkerThread-15184 (_rx_task) root DEBUG client.py                 71    logger_log                : gap_pairing_failed_ev_
2025-02-20 17:35:24,178 BTPWorkerThread-15184 (_rx_task) root DEBUG client.py                 71    logger_log                : received b'\x00*\xde%\xe8\x07\xc0\t'
2025-02-20 17:35:24,178 BTPWorkerThread-15184 (_rx_task) root DEBUG client.py                 71    logger_log                : received (0, 'c007e825de2a', 9)
2025-02-20 17:35:24,179 BTPWorkerThread-15184 (_rx_task) root DEBUG client.py                 71    logger_log                : Read 5 bytes
2025-02-20 17:35:24,179 BTPWorkerThread-15184 (_rx_task) root DEBUG client.py                 71    logger_log                : Received: hdr: Header(svc_id=0x01, op=0x89, ctrl_index=0x00, data_len=0x08) bytearray(b'\x01\x89\x00\x08\x00')
2025-02-20 17:35:24,179 BTPWorkerThread-15184 (_rx_task) root DEBUG client.py                 71    logger_log                : Read 8 bytes data
2025-02-20 17:35:24,179 BTPWorkerThread-15184 (_rx_task) root DEBUG client.py                 71    logger_log                : Received data: {'00 2a de 25 e8 07 c0 02'}, bytearray(b'\x00*\xde%\xe8\x07\xc0\x02')
2025-02-20 17:35:24,180 BTPWorkerThread-15184 (_rx_task) root DEBUG client.py                 71    logger_log                : event_handler Header(svc_id=1, op=137, ctrl_index=0, data_len=8) (b'\x00*\xde%\xe8\x07\xc0\x02',)
2025-02-20 17:35:24,180 BTPWorkerThread-15184 (_rx_task) root DEBUG client.py                 71    logger_log                : gap_sec_level_changed_ev_
2025-02-20 17:35:24,180 BTPWorkerThread-15184 (_rx_task) root DEBUG client.py                 71    logger_log                : received b'\x00*\xde%\xe8\x07\xc0\x02'
2025-02-20 17:35:24,180 BTPWorkerThread-15184 (_rx_task) root DEBUG client.py                 71    logger_log                : received (0, 'c007e825de2a', 2)
2025-02-20 17:35:27,118 LT1-callback ClientCallback.log INFO client.py                 71    logger_log                : PTS_LOGTYPE_START_TEST Start Test Case 

+1531 ms
 GAP/CONN/DCEP/BV-06-C GAP/CONN/DCEP/BV-06-C

2025-02-20 17:35:27,985 LT1-callback ClientCallback.log INFO client.py                 71    logger_log                : PTS_LOGTYPE_FINAL_VERDICT Final Verdict 

+8484 ms
 GAP/CONN/DCEP/BV-06-C FAIL

2025-02-20 17:35:27,995 LT1-callback ClientCallback.log INFO client.py                 71    logger_log                : PTS_LOGTYPE_FINAL_VERDICT Encrypted Verdict 

+8484 ms
 GAP/CONN/DCEP/BV-06-C A1#ZmY3ZDdmMGFlNzhhNmI5YjNkYjA1ODQxYTcwNTcwMjcyMGZhZmQ5NWYwYTYxYzBmNDcwMzYxODk2YTMzOTgxOQ==#E1ZIXVD60QXlmN4C9XUmhXh+UUV60PFEWBArFVCInN4Duz9FAFOK+Hnvkw94WybH

2025-02-20 17:35:28,005 LT1-callback ClientCallback.log INFO client.py                 71    logger_log                : PTS_LOGTYPE_END_TEST Test Case Ended 

+8484 ms
 GAP/CONN/DCEP/BV-06-C GAP/CONN/DCEP/BV-06-C

2025-02-20 17:35:28,192 LT1-callback root DEBUG client.py                 71    logger_log                : ClientCallback, set_result, run_test_case, FAIL
2025-02-20 17:35:28,192 LT1-thread root DEBUG client.py                 71    logger_log                : After run_test_case error_code=0 status='FAIL'
2025-02-20 17:35:28,192 LT1-thread root DEBUG client.py                 71    logger_log                : post_run GAP GAP/CONN/DCEP/BV-06-C 0
2025-02-20 17:35:28,192 LT1-thread root DEBUG client.py                 71    logger_log                : Starting test function: class=<class 'autopts.ptsprojects.testcase.TestFuncCleanUp'>, func=<bound method Stack.cleanup of <autopts.ptsprojects.stack.stack.Stack object at 0x00000275E020DE10>> start_wid=None stop_wid=None post_wid=None skip_call=None call_count=3 args=() kwds={}
2025-02-20 17:35:28,192 LT1-thread root DEBUG client.py                 71    logger_log                : Test function parameters: args=(), kwds={}
2025-02-20 17:35:28,192 MainThread root DEBUG client.py                 71    logger_log                : Interrupting GAP GAP/CONN/DCEP/BV-06-C test case of thread LT1-thread
2025-02-20 17:35:28,192 LT1-thread root DEBUG client.py                 71    logger_log                : Starting test function: class=<class 'autopts.ptsprojects.testcase.TestFuncCleanUp'>, func=<bound method ZephyrCtl.stop of <autopts.ptsprojects.zephyr.iutctl.ZephyrCtl object at 0x00000275E4FF3050>> start_wid=None stop_wid=None post_wid=None skip_call=None call_count=3 args=() kwds={}
2025-02-20 17:35:28,192 LT1-thread root DEBUG client.py                 71    logger_log                : Test function parameters: args=(), kwds={}
2025-02-20 17:35:28,192 LT1-thread root DEBUG client.py                 71    logger_log                : <class 'autopts.ptsprojects.zephyr.iutctl.ZephyrCtl'>.stop
2025-02-20 17:35:28,192 LT1-thread root DEBUG client.py                 71    logger_log                : About to reset DUT: JLink -CommandFile reset.jlink -usb 1064371884 -device MCXW716
2025-02-20 17:35:28,701 BTPWorkerThread-15184 (_rx_task) root DEBUG client.py                 71    logger_log                : Read 5 bytes
2025-02-20 17:35:28,721 BTPWorkerThread-15184 (_rx_task) root DEBUG client.py                 71    logger_log                : Received: hdr: Header(svc_id=0x00, op=0x80, ctrl_index=0xff, data_len=0x00) bytearray(b'\x00\x80\xff\x00\x00')
2025-02-20 17:35:28,741 BTPWorkerThread-15184 (_rx_task) root DEBUG client.py                 71    logger_log                : Received data: {''}, bytearray(b'')
2025-02-20 17:35:28,771 BTPWorkerThread-15184 (_rx_task) root DEBUG client.py                 71    logger_log                : event_handler Header(svc_id=0, op=128, ctrl_index=255, data_len=0) (b'',)
2025-02-20 17:35:28,791 BTPWorkerThread-15184 (_rx_task) root DEBUG client.py                 71    logger_log                : core_iut_ready_ev
2025-02-20 17:35:28,818 LT1-thread root DEBUG client.py                 71    logger_log                : IUT ready event received OK
2025-02-20 17:35:28,818 LT1-thread root DEBUG client.py                 71    logger_log                : Waiting for _rx_worker to finish ...
2025-02-20 17:35:29,828 BTPWorkerThread-15184 (_rx_task) root DEBUG client.py                 71    logger_log                : BTPWorkerThread-15184 (_rx_task) finishing...
2025-02-20 17:35:29,828 LT1-thread root DEBUG client.py                 71    logger_log                : Waiting for _rx_worker to finish ...
2025-02-20 17:35:32,834 LT1-thread root DEBUG client.py                 71    logger_log                : post_run, cleanup running post test case script
2025-02-20 17:35:32,834 LT1-thread root DEBUG client.py                 71    logger_log                : post_run, run post test case script
2025-02-20 17:35:32,960 LT1-thread root DEBUG client.py                 71    logger_log                : Done TestCase _run_test_case GAP GAP/CONN/DCEP/BV-06-C
