< 2025/01/04 21:05:35.335634  length=5 from=0 to=4
 00 80 ff 00 00                                   .....
--
> 2025/01/04 21:05:45.200473  length=6 from=0 to=5
 00 03 ff 01 00 01                                ......
--
< 2025/01/04 21:05:45.246763  length=5 from=5 to=9
 00 03 ff 00 00                                   .....
--
> 2025/01/04 21:05:45.325628  length=5 from=6 to=10
 01 03 00 00 00                                   .....
--
< 2025/01/04 21:05:46.171708  length=160 from=10 to=169
 01 03 00 15 01 28 00 03 37 60 00 13 06 02 00 13  .....(..7`......
 02 00 00 00 00 00 62 74 70 5f 74 65 73 74 65 72  ......btp_tester
 00 00 00 00 00 00 00 00 00 00 00 00 00 00 00 00  ................
 00 00 00 00 00 00 00 00 00 00 00 00 00 00 00 00  ................
 00 00 00 00 00 00 00 00 00 00 00 00 00 00 00 00  ................
 00 00 00 00 00 00 00 00 00 00 00 00 00 00 00 00  ................
 00 00 00 00 00 00 00 00 00 00 00 00 00 00 00 00  ................
 00 00 00 00 00 00 00 00 00 00 00 00 00 00 00 00  ................
 00 00 00 00 00 00 00 00 00 00 00 00 00 00 00 00  ................
 00 00 00 00 00 00 00 00 00 00 00 00 00 00 00 00  ................
--
< 2025/01/04 21:05:46.180611  length=96 from=170 to=265
 00 00 00 00 00 00 00 00 00 00 00 00 00 00 00 00  ................
 00 00 00 00 00 00 00 00 00 00 00 00 00 00 00 00  ................
 00 00 00 00 00 00 00 00 00 00 00 00 00 00 00 00  ................
 00 00 00 00 00 00 00 00 00 00 00 00 00 00 00 00  ................
 00 00 00 00 00 00 00 00 00 00 00 00 00 00 00 00  ................
 00 00 00 00 00 00 00 00 00 00 00 00 00 00 00 00  ................
--
< 2025/01/04 21:05:46.185166  length=26 from=266 to=291
 00 00 00 00 00 00 00 00 00 00 00 00 00 00 00 00  ................
 00 00 00 00 00 00 00 00 00 00                    ..........
--
> 2025/01/04 21:05:46.264595  length=6 from=11 to=16
 00 03 ff 01 00 02                                ......
--
< 2025/01/04 21:05:46.280619  length=5 from=292 to=296
 00 03 ff 00 00                                   .....
--
> 2025/01/04 21:05:50.331948  length=6 from=17 to=22
 01 08 00 01 00 01                                ......
--
< 2025/01/04 21:05:50.348014  length=9 from=297 to=305
 01 08 00 04 00 1b 02 00 00                       .........
--
> 2025/01/04 21:05:50.411937  length=27 from=23 to=49
 01 0a                                            ..
 00 16 00 0f 00 09 0d 54 65 73 74 65 72 5f 32 35  .......Tester_25
 44 45 32 41 ff ff ff ff 00                       DE2A.....
--
< 2025/01/04 21:05:50.428055  length=9 from=306 to=314
 01 0a                                            ..
 00 04 00 1b 06 00 00                             .......
--
< 2025/01/04 21:05:52.258378  length=27 from=315 to=341
 01 82 00 0d 00 00 2a de 25 e8 07 c0 38 00 00 00  ......*.%...8...
 d0 07 01 80 00 04 00 1b 02 00 00                 ...........
--
< 2025/01/04 21:05:57.783805  length=18 from=342 to=359
 01 88 00 0d 00 00 2a de 25 e8 07 c0 18 00 00 00  ......*.%.......
 2a 00                                            *.
--
< 2025/01/04 21:06:00.227329  length=13 from=360 to=372
 01 89 00 08 00 00 2a de 25 e8 07 c0 02           ......*.%....
--
< 2025/01/04 21:06:02.437565  length=13 from=373 to=385
 01 89 00 08 00 00 2a de 25 e8 07 c0 02           ......*.%....
--
> 2025/01/04 21:06:08.396911  length=83 from=50 to=132
 02 18 00 4e 00 00 2a de 25 e8 07 c0 a4 01 00 00  ...N..*.%.......
 41 00 12 12 12 12 12 12 12 12 12 12 12 12 12 12  A...............
 12 12 12 12 12 12 12 12 12 12 12 12 12 12 12 12  ................
 12 12 12 12 12 12 12 12 12 12 12 12 12 12 12 12  ................
 12 12 12 12 12 12 12 12 12 12 12 12 12 12 12 12  ................
 12 12 12                                         ...
--
< 2025/01/04 21:06:08.587087  length=6 from=386 to=391
 02 18 00 01 00 0d                                ......
--
< 2025/01/04 21:06:11.947811  length=12 from=392 to=403
 01 83 00 07 00 00 2a de 25 e8 07 c0              ......*.%...
--
< 2025/01/04 21:06:16.975382  length=5 from=404 to=408
 00 80 ff 00 00                                   .....
--
