2025-01-08 22:58:26,095 LT1-thread root DEBUG client.py                 71    logger_log                : Starting TestCase _run_test_case GATT GATT/CL/GAR/BI-05-C
2025-01-08 22:58:26,096 LT1-thread root DEBUG client.py                 71    logger_log                : pre_run GATT GATT/CL/GAR/BI-05-C
2025-01-08 22:58:26,097 LT1-thread root DEBUG client.py                 71    logger_log                : About to run test case GATT GATT/CL/GAR/BI-05-C with commands:
2025-01-08 22:58:26,098 LT1-thread root DEBUG client.py                 71    logger_log                : 0) class=<class 'autopts.ptsprojects.testcase.TestFunc'>, func=<bound method Stack.core_init of <autopts.ptsprojects.stack.stack.Stack object at 0x000001E8FE401590>> start_wid=None stop_wid=None post_wid=None skip_call=None call_count=0 args=() kwds={}
2025-01-08 22:58:26,098 LT1-thread root DEBUG client.py                 71    logger_log                : 1) class=<class 'autopts.ptsprojects.testcase.TestFunc'>, func=<bound method ZephyrCtl.hw_reset of <autopts.ptsprojects.zephyr.iutctl.ZephyrCtl object at 0x000001E8FB029B90>> start_wid=None stop_wid=None post_wid=None skip_call=None call_count=0 args=() kwds={}
2025-01-08 22:58:26,099 LT1-thread root DEBUG client.py                 71    logger_log                : 2) class=<class 'autopts.ptsprojects.testcase.TestFunc'>, func=<bound method ZephyrCtl.start of <autopts.ptsprojects.zephyr.iutctl.ZephyrCtl object at 0x000001E8FB029B90>> start_wid=None stop_wid=None post_wid=None skip_call=None call_count=0 args=(<autopts.ptsprojects.zephyr.ztestcase.ZTestCase object at 0x000001E8FE74D350>,) kwds={}
2025-01-08 22:58:26,099 LT1-thread root DEBUG client.py                 71    logger_log                : 3) class=<class 'autopts.ptsprojects.testcase.TestFunc'>, func=<bound method ZephyrCtl.hw_reset of <autopts.ptsprojects.zephyr.iutctl.ZephyrCtl object at 0x000001E8FB029B90>> start_wid=None stop_wid=None post_wid=None skip_call=None call_count=0 args=() kwds={}
2025-01-08 22:58:26,100 LT1-thread root DEBUG client.py                 71    logger_log                : 4) class=<class 'autopts.ptsprojects.testcase.TestFunc'>, func=<bound method ZephyrCtl.wait_iut_ready_event of <autopts.ptsprojects.zephyr.iutctl.ZephyrCtl object at 0x000001E8FB029B90>> start_wid=None stop_wid=None post_wid=None skip_call=None call_count=0 args=(False,) kwds={}
2025-01-08 22:58:26,100 LT1-thread root DEBUG client.py                 71    logger_log                : 5) class=<class 'autopts.ptsprojects.testcase.TestFunc'>, func=<bound method Stack.gap_init of <autopts.ptsprojects.stack.stack.Stack object at 0x000001E8FE401590>> start_wid=None stop_wid=None post_wid=None skip_call=None call_count=12 args=(b'Tester_59F2E6',) kwds={}
2025-01-08 22:58:26,100 LT1-thread root DEBUG client.py                 71    logger_log                : 6) class=<class 'autopts.ptsprojects.testcase.TestFunc'>, func=<function core_reg_svc_gap at 0x000001E8FA3D4540> start_wid=None stop_wid=None post_wid=None skip_call=None call_count=12 args=() kwds={}
2025-01-08 22:58:26,100 LT1-thread root DEBUG client.py                 71    logger_log                : 7) class=<class 'autopts.ptsprojects.testcase.TestFunc'>, func=<function gap_read_ctrl_info at 0x000001E8FA3E4400> start_wid=None stop_wid=None post_wid=None skip_call=None call_count=12 args=() kwds={}
2025-01-08 22:58:26,101 LT1-thread root DEBUG client.py                 71    logger_log                : 8) class=<class 'autopts.ptsprojects.testcase.TestFunc'>, func=<function test_cases_client.<locals>.<lambda> at 0x000001E8FE6BFF60> start_wid=None stop_wid=None post_wid=None skip_call=None call_count=12 args=() kwds={}
2025-01-08 22:58:26,101 LT1-thread root DEBUG client.py                 71    logger_log                : 9) class=<class 'autopts.ptsprojects.testcase.TestFunc'>, func=<function core_reg_svc_gatt at 0x000001E8FA3D4680> start_wid=None stop_wid=None post_wid=None skip_call=None call_count=12 args=() kwds={}
2025-01-08 22:58:26,102 LT1-thread root DEBUG client.py                 71    logger_log                : 10) class=<class 'autopts.ptsprojects.testcase.TestFunc'>, func=<function set_pts_addr at 0x000001E8FA3D40E0> start_wid=None stop_wid=None post_wid=None skip_call=None call_count=12 args=('C0:07:E8:59:F2:E6', 0) kwds={}
2025-01-08 22:58:26,102 LT1-thread root DEBUG client.py                 71    logger_log                : 11) class=<class 'autopts.ptsprojects.testcase.TestFunc'>, func=<bound method Stack.gatt_init of <autopts.ptsprojects.stack.stack.Stack object at 0x000001E8FE401590>> start_wid=None stop_wid=None post_wid=None skip_call=None call_count=12 args=() kwds={}
2025-01-08 22:58:26,103 LT1-thread root DEBUG client.py                 71    logger_log                : 12) class=<class 'autopts.ptsprojects.testcase.TestFuncCleanUp'>, func=<bound method Stack.cleanup of <autopts.ptsprojects.stack.stack.Stack object at 0x000001E8FE401590>> start_wid=None stop_wid=None post_wid=None skip_call=None call_count=0 args=() kwds={}
2025-01-08 22:58:26,103 LT1-thread root DEBUG client.py                 71    logger_log                : 13) class=<class 'autopts.ptsprojects.testcase.TestFuncCleanUp'>, func=<bound method ZephyrCtl.stop of <autopts.ptsprojects.zephyr.iutctl.ZephyrCtl object at 0x000001E8FB029B90>> start_wid=None stop_wid=None post_wid=None skip_call=None call_count=0 args=() kwds={}
2025-01-08 22:58:26,103 LT1-thread root DEBUG client.py                 71    logger_log                : pre_run, run pre test case script
2025-01-08 22:58:26,133 LT1-thread root DEBUG client.py                 71    logger_log                : Starting test function: class=<class 'autopts.ptsprojects.testcase.TestFunc'>, func=<bound method Stack.core_init of <autopts.ptsprojects.stack.stack.Stack object at 0x000001E8FE401590>> start_wid=None stop_wid=None post_wid=None skip_call=None call_count=1 args=() kwds={}
2025-01-08 22:58:26,133 LT1-thread root DEBUG client.py                 71    logger_log                : Test function parameters: args=(), kwds={}
2025-01-08 22:58:26,133 LT1-thread root DEBUG client.py                 71    logger_log                : Starting test function: class=<class 'autopts.ptsprojects.testcase.TestFunc'>, func=<bound method ZephyrCtl.hw_reset of <autopts.ptsprojects.zephyr.iutctl.ZephyrCtl object at 0x000001E8FB029B90>> start_wid=None stop_wid=None post_wid=None skip_call=None call_count=1 args=() kwds={}
2025-01-08 22:58:26,133 LT1-thread root DEBUG client.py                 71    logger_log                : Test function parameters: args=(), kwds={}
2025-01-08 22:58:26,133 LT1-thread root DEBUG client.py                 71    logger_log                : Starting test function: class=<class 'autopts.ptsprojects.testcase.TestFunc'>, func=<bound method ZephyrCtl.start of <autopts.ptsprojects.zephyr.iutctl.ZephyrCtl object at 0x000001E8FB029B90>> start_wid=None stop_wid=None post_wid=None skip_call=None call_count=1 args=(<autopts.ptsprojects.zephyr.ztestcase.ZTestCase object at 0x000001E8FE74D350>,) kwds={}
2025-01-08 22:58:26,133 LT1-thread root DEBUG client.py                 71    logger_log                : Test function parameters: args=(<autopts.ptsprojects.zephyr.ztestcase.ZTestCase object at 0x000001E8FE74D350>,), kwds={}
2025-01-08 22:58:26,133 LT1-thread root DEBUG client.py                 71    logger_log                : <class 'autopts.ptsprojects.zephyr.iutctl.ZephyrCtl'>.start
2025-01-08 22:58:26,137 LT1-thread root DEBUG client.py                 71    logger_log                : <class 'autopts.ptsprojects.zephyr.iutctl.ZephyrCtl'>.flush_serial
2025-01-08 22:58:27,510 LT1-thread root DEBUG client.py                 71    logger_log                : Starting socat process: socat.exe -x -v tcp:10.192.253.135:59654,retry=100,interval=1 /dev/ttyS34,raw,b115200
2025-01-08 22:58:27,535 LT1-thread root DEBUG client.py                 71    logger_log                : accept
2025-01-08 22:58:27,718 BTPWorkerThread-3146 (_rx_task) root DEBUG client.py                 71    logger_log                : BTPWorkerThread-3146 (_rx_task) started
2025-01-08 22:58:27,718 LT1-thread root DEBUG client.py                 71    logger_log                : Starting test function: class=<class 'autopts.ptsprojects.testcase.TestFunc'>, func=<bound method ZephyrCtl.hw_reset of <autopts.ptsprojects.zephyr.iutctl.ZephyrCtl object at 0x000001E8FB029B90>> start_wid=None stop_wid=None post_wid=None skip_call=None call_count=1 args=() kwds={}
2025-01-08 22:58:27,719 LT1-thread root DEBUG client.py                 71    logger_log                : Test function parameters: args=(), kwds={}
2025-01-08 22:58:27,719 LT1-thread root DEBUG client.py                 71    logger_log                : Starting test function: class=<class 'autopts.ptsprojects.testcase.TestFunc'>, func=<bound method ZephyrCtl.wait_iut_ready_event of <autopts.ptsprojects.zephyr.iutctl.ZephyrCtl object at 0x000001E8FB029B90>> start_wid=None stop_wid=None post_wid=None skip_call=None call_count=1 args=(False,) kwds={}
2025-01-08 22:58:27,719 LT1-thread root DEBUG client.py                 71    logger_log                : Test function parameters: args=(False,), kwds={}
2025-01-08 22:58:27,720 LT1-thread root DEBUG client.py                 71    logger_log                : IUT ready event received OK
2025-01-08 22:58:27,721 LT1-thread root DEBUG client.py                 71    logger_log                : <class 'autopts.rtt.RTTLogger'>.start
2025-01-08 22:58:27,722 LT1-thread root DEBUG client.py                 71    logger_log                : <class 'autopts.rtt.RTT'>.start
2025-01-08 22:58:28,986 BTPWorkerThread-3146 (_rx_task) root DEBUG client.py                 71    logger_log                : Read 5 bytes
2025-01-08 22:58:28,987 BTPWorkerThread-3146 (_rx_task) root DEBUG client.py                 71    logger_log                : Received: hdr: Header(svc_id=0x00, op=0x80, ctrl_index=0xff, data_len=0x00) bytearray(b'\x00\x80\xff\x00\x00')
2025-01-08 22:58:28,987 BTPWorkerThread-3146 (_rx_task) root DEBUG client.py                 71    logger_log                : Received data: {''}, bytearray(b'')
2025-01-08 22:58:28,987 BTPWorkerThread-3146 (_rx_task) root DEBUG client.py                 71    logger_log                : event_handler Header(svc_id=0, op=128, ctrl_index=255, data_len=0) (b'',)
2025-01-08 22:58:28,987 BTPWorkerThread-3146 (_rx_task) root DEBUG client.py                 71    logger_log                : core_iut_ready_ev
2025-01-08 22:58:38,673 LT1-thread root DEBUG client.py                 71    logger_log                : Starting test function: class=<class 'autopts.ptsprojects.testcase.TestFunc'>, func=<bound method Stack.gap_init of <autopts.ptsprojects.stack.stack.Stack object at 0x000001E8FE401590>> start_wid=None stop_wid=None post_wid=None skip_call=None call_count=13 args=(b'Tester_59F2E6',) kwds={}
2025-01-08 22:58:38,673 LT1-thread root DEBUG client.py                 71    logger_log                : Test function parameters: args=(b'Tester_59F2E6',), kwds={}
2025-01-08 22:58:38,673 LT1-thread root DEBUG client.py                 71    logger_log                : Starting test function: class=<class 'autopts.ptsprojects.testcase.TestFunc'>, func=<function core_reg_svc_gap at 0x000001E8FA3D4540> start_wid=None stop_wid=None post_wid=None skip_call=None call_count=13 args=() kwds={}
2025-01-08 22:58:38,674 LT1-thread root DEBUG client.py                 71    logger_log                : Test function parameters: args=(), kwds={}
2025-01-08 22:58:38,674 LT1-thread root DEBUG client.py                 71    logger_log                : core_reg_svc_gap
2025-01-08 22:58:38,674 LT1-thread root DEBUG client.py                 71    logger_log                : send, 0 3 255 '1'
2025-01-08 22:58:38,674 LT1-thread root DEBUG client.py                 71    logger_log                : sending frame '0003ff010001'
2025-01-08 22:58:38,675 LT1-thread root DEBUG client.py                 71    logger_log                : core_reg_svc_rsp_succ
2025-01-08 22:58:38,675 LT1-thread root DEBUG client.py                 71    logger_log                : read
2025-01-08 22:58:38,761 BTPWorkerThread-3146 (_rx_task) root DEBUG client.py                 71    logger_log                : Read 5 bytes
2025-01-08 22:58:38,777 BTPWorkerThread-3146 (_rx_task) root DEBUG client.py                 71    logger_log                : Received: hdr: Header(svc_id=0x00, op=0x03, ctrl_index=0xff, data_len=0x00) bytearray(b'\x00\x03\xff\x00\x00')
2025-01-08 22:58:38,782 BTPWorkerThread-3146 (_rx_task) root DEBUG client.py                 71    logger_log                : Received data: {''}, bytearray(b'')
2025-01-08 22:58:38,798 LT1-thread root DEBUG client.py                 71    logger_log                : received Header(svc_id=0, op=3, ctrl_index=255, data_len=0) (b'',)
2025-01-08 22:58:38,798 LT1-thread root DEBUG client.py                 71    logger_log                : expected ((0, 3, 255, 0), (b'',))
2025-01-08 22:58:38,798 LT1-thread root DEBUG client.py                 71    logger_log                : response is valid
2025-01-08 22:58:38,798 LT1-thread root DEBUG client.py                 71    logger_log                : Starting test function: class=<class 'autopts.ptsprojects.testcase.TestFunc'>, func=<function gap_read_ctrl_info at 0x000001E8FA3E4400> start_wid=None stop_wid=None post_wid=None skip_call=None call_count=13 args=() kwds={}
2025-01-08 22:58:38,799 LT1-thread root DEBUG client.py                 71    logger_log                : Test function parameters: args=(), kwds={}
2025-01-08 22:58:38,799 LT1-thread root DEBUG client.py                 71    logger_log                : gap_read_ctrl_info
2025-01-08 22:58:38,799 LT1-thread root DEBUG client.py                 71    logger_log                : send, 1 3 0 ''
2025-01-08 22:58:38,799 LT1-thread root DEBUG client.py                 71    logger_log                : sending frame '0103000000'
2025-01-08 22:58:38,800 LT1-thread root DEBUG client.py                 71    logger_log                : read
2025-01-08 22:58:39,701 BTPWorkerThread-3146 (_rx_task) root DEBUG client.py                 71    logger_log                : Read 5 bytes
2025-01-08 22:58:39,712 BTPWorkerThread-3146 (_rx_task) root DEBUG client.py                 71    logger_log                : Received: hdr: Header(svc_id=0x01, op=0x03, ctrl_index=0x00, data_len=0x115) bytearray(b'\x01\x03\x00\x15\x01')
2025-01-08 22:58:39,723 BTPWorkerThread-3146 (_rx_task) root DEBUG client.py                 71    logger_log                : Read 277 bytes data
2025-01-08 22:58:39,734 BTPWorkerThread-3146 (_rx_task) root DEBUG client.py                 71    logger_log                : Received data: {'28 00 03 37 60 00 13 06 02 00 13 02 00 00 00 00 00 62 74 70 5f 74 65 73 74 65 72 00 00 00 00 00 00 00 00 00 00 00 00 00 00 00 00 00 00 00 00 00 00 00 00 00 00 00 00 00 00 00 00 00 00 00 00 00 00 00 00 00 00 00 00 00 00 00 00 00 00 00 00 00 00 00 00 00 00 00 00 00 00 00 00 00 00 00 00 00 00 00 00 00 00 00 00 00 00 00 00 00 00 00 00 00 00 00 00 00 00 00 00 00 00 00 00 00 00 00 00 00 00 00 00 00 00 00 00 00 00 00 00 00 00 00 00 00 00 00 00 00 00 00 00 00 00 00 00 00 00 00 00 00 00 00 00 00 00 00 00 00 00 00 00 00 00 00 00 00 00 00 00 00 00 00 00 00 00 00 00 00 00 00 00 00 00 00 00 00 00 00 00 00 00 00 00 00 00 00 00 00 00 00 00 00 00 00 00 00 00 00 00 00 00 00 00 00 00 00 00 00 00 00 00 00 00 00 00 00 00 00 00 00 00 00 00 00 00 00 00 00 00 00 00 00 00 00 00 00 00 00 00 00 00 00 00 00 00 00 00 00 00 00 00 00 00 00 00 00 00'}, bytearray(b'(\x00\x037`\x00\x13\x06\x02\x00\x13\x02\x00\x00\x00\x00\x00btp_tester\x00\x00\x00\x00\x00\x00\x00\x00\x00\x00\x00\x00\x00\x00\x00\x00\x00\x00\x00\x00\x00\x00\x00\x00\x00\x00\x00\x00\x00\x00\x00\x00\x00\x00\x00\x00\x00\x00\x00\x00\x00\x00\x00\x00\x00\x00\x00\x00\x00\x00\x00\x00\x00\x00\x00\x00\x00\x00\x00\x00\x00\x00\x00\x00\x00\x00\x00\x00\x00\x00\x00\x00\x00\x00\x00\x00\x00\x00\x00\x00\x00\x00\x00\x00\x00\x00\x00\x00\x00\x00\x00\x00\x00\x00\x00\x00\x00\x00\x00\x00\x00\x00\x00\x00\x00\x00\x00\x00\x00\x00\x00\x00\x00\x00\x00\x00\x00\x00\x00\x00\x00\x00\x00\x00\x00\x00\x00\x00\x00\x00\x00\x00\x00\x00\x00\x00\x00\x00\x00\x00\x00\x00\x00\x00\x00\x00\x00\x00\x00\x00\x00\x00\x00\x00\x00\x00\x00\x00\x00\x00\x00\x00\x00\x00\x00\x00\x00\x00\x00\x00\x00\x00\x00\x00\x00\x00\x00\x00\x00\x00\x00\x00\x00\x00\x00\x00\x00\x00\x00\x00\x00\x00\x00\x00\x00\x00\x00\x00\x00\x00\x00\x00\x00\x00\x00\x00\x00\x00\x00\x00\x00\x00\x00\x00\x00\x00\x00\x00\x00\x00\x00\x00\x00\x00\x00\x00\x00\x00\x00\x00\x00\x00\x00\x00\x00\x00\x00\x00\x00\x00\x00\x00\x00\x00\x00\x00\x00\x00\x00\x00')
2025-01-08 22:58:39,750 LT1-thread root DEBUG client.py                 71    logger_log                : received Header(svc_id=1, op=3, ctrl_index=0, data_len=277) (b'(\x00\x037`\x00\x13\x06\x02\x00\x13\x02\x00\x00\x00\x00\x00btp_tester\x00\x00\x00\x00\x00\x00\x00\x00\x00\x00\x00\x00\x00\x00\x00\x00\x00\x00\x00\x00\x00\x00\x00\x00\x00\x00\x00\x00\x00\x00\x00\x00\x00\x00\x00\x00\x00\x00\x00\x00\x00\x00\x00\x00\x00\x00\x00\x00\x00\x00\x00\x00\x00\x00\x00\x00\x00\x00\x00\x00\x00\x00\x00\x00\x00\x00\x00\x00\x00\x00\x00\x00\x00\x00\x00\x00\x00\x00\x00\x00\x00\x00\x00\x00\x00\x00\x00\x00\x00\x00\x00\x00\x00\x00\x00\x00\x00\x00\x00\x00\x00\x00\x00\x00\x00\x00\x00\x00\x00\x00\x00\x00\x00\x00\x00\x00\x00\x00\x00\x00\x00\x00\x00\x00\x00\x00\x00\x00\x00\x00\x00\x00\x00\x00\x00\x00\x00\x00\x00\x00\x00\x00\x00\x00\x00\x00\x00\x00\x00\x00\x00\x00\x00\x00\x00\x00\x00\x00\x00\x00\x00\x00\x00\x00\x00\x00\x00\x00\x00\x00\x00\x00\x00\x00\x00\x00\x00\x00\x00\x00\x00\x00\x00\x00\x00\x00\x00\x00\x00\x00\x00\x00\x00\x00\x00\x00\x00\x00\x00\x00\x00\x00\x00\x00\x00\x00\x00\x00\x00\x00\x00\x00\x00\x00\x00\x00\x00\x00\x00\x00\x00\x00\x00\x00\x00\x00\x00\x00\x00\x00\x00\x00\x00\x00\x00\x00\x00\x00\x00\x00\x00\x00\x00\x00\x00\x00\x00\x00\x00\x00',)
2025-01-08 22:58:39,751 LT1-thread root DEBUG client.py                 71    logger_log                : IUT address '006037030028' 'public'
2025-01-08 22:58:39,751 LT1-thread root DEBUG client.py                 71    logger_log                : __gap_current_settings_update 531
2025-01-08 22:58:39,752 LT1-thread root DEBUG client.py                 71    logger_log                : Starting test function: class=<class 'autopts.ptsprojects.testcase.TestFunc'>, func=<function test_cases_client.<locals>.<lambda> at 0x000001E8FE6BFF60> start_wid=None stop_wid=None post_wid=None skip_call=None call_count=13 args=() kwds={}
2025-01-08 22:58:39,752 LT1-thread root DEBUG client.py                 71    logger_log                : Test function parameters: args=(), kwds={}
2025-01-08 22:58:39,758 LT1-thread root DEBUG client.py                 71    logger_log                : Starting test function: class=<class 'autopts.ptsprojects.testcase.TestFunc'>, func=<function core_reg_svc_gatt at 0x000001E8FA3D4680> start_wid=None stop_wid=None post_wid=None skip_call=None call_count=13 args=() kwds={}
2025-01-08 22:58:39,758 LT1-thread root DEBUG client.py                 71    logger_log                : Test function parameters: args=(), kwds={}
2025-01-08 22:58:39,759 LT1-thread root DEBUG client.py                 71    logger_log                : core_reg_svc_gatt
2025-01-08 22:58:39,759 LT1-thread root DEBUG client.py                 71    logger_log                : send, 0 3 255 '2'
2025-01-08 22:58:39,759 LT1-thread root DEBUG client.py                 71    logger_log                : sending frame '0003ff010002'
2025-01-08 22:58:39,760 LT1-thread root DEBUG client.py                 71    logger_log                : core_reg_svc_rsp_succ
2025-01-08 22:58:39,760 LT1-thread root DEBUG client.py                 71    logger_log                : read
2025-01-08 22:58:39,812 BTPWorkerThread-3146 (_rx_task) root DEBUG client.py                 71    logger_log                : Read 5 bytes
2025-01-08 22:58:39,822 BTPWorkerThread-3146 (_rx_task) root DEBUG client.py                 71    logger_log                : Received: hdr: Header(svc_id=0x00, op=0x03, ctrl_index=0xff, data_len=0x00) bytearray(b'\x00\x03\xff\x00\x00')
2025-01-08 22:58:39,833 BTPWorkerThread-3146 (_rx_task) root DEBUG client.py                 71    logger_log                : Received data: {''}, bytearray(b'')
2025-01-08 22:58:39,845 LT1-thread root DEBUG client.py                 71    logger_log                : received Header(svc_id=0, op=3, ctrl_index=255, data_len=0) (b'',)
2025-01-08 22:58:39,845 LT1-thread root DEBUG client.py                 71    logger_log                : expected ((0, 3, 255, 0), (b'',))
2025-01-08 22:58:39,845 LT1-thread root DEBUG client.py                 71    logger_log                : response is valid
2025-01-08 22:58:39,845 LT1-thread root DEBUG client.py                 71    logger_log                : Starting test function: class=<class 'autopts.ptsprojects.testcase.TestFunc'>, func=<function set_pts_addr at 0x000001E8FA3D40E0> start_wid=None stop_wid=None post_wid=None skip_call=None call_count=13 args=('C0:07:E8:59:F2:E6', 0) kwds={}
2025-01-08 22:58:39,846 LT1-thread root DEBUG client.py                 71    logger_log                : Test function parameters: args=('C0:07:E8:59:F2:E6', 0), kwds={}
2025-01-08 22:58:39,846 LT1-thread root DEBUG client.py                 71    logger_log                : Starting test function: class=<class 'autopts.ptsprojects.testcase.TestFunc'>, func=<bound method Stack.gatt_init of <autopts.ptsprojects.stack.stack.Stack object at 0x000001E8FE401590>> start_wid=None stop_wid=None post_wid=None skip_call=None call_count=13 args=() kwds={}
2025-01-08 22:58:39,847 LT1-thread root DEBUG client.py                 71    logger_log                : Test function parameters: args=(), kwds={}
2025-01-08 22:58:39,850 LT1-thread root DEBUG client.py                 71    logger_log                : ClientCallback.get_result run_test_case
2025-01-08 22:58:41,820 LT1-callback ClientCallback.on_implicit_send INFO client.py                 71    logger_log                : 
    ********************
    BEGIN OnImplicitSend:
    project_name: GATT
    wid: 1
    test_case_name: GATT/CL/GAR/BI-05-C
    description: Please prepare IUT into a connectable mode.

Description: Verify that the Implementation Under Test (IUT) can accept GATT connect request from PTS.
    style: MMI_Style_Ok_Cancel2 0x11141
2025-01-08 22:58:41,821 LT1-callback ClientCallback.on_implicit_send INFO client.py                 71    logger_log                : Calling test cases on_implicit_send
2025-01-08 22:58:41,821 LT1-callback ClientCallback.on_implicit_send INFO client.py                 71    logger_log                : 
    on_implicit_send returned response: WAIT
    END OnImplicitSend
    ********************
2025-01-08 22:58:41,851 LT1-thread root DEBUG client.py                 71    logger_log                : GATT GATT/CL/GAR/BI-05-C on_implicit_send
2025-01-08 22:58:41,851 LT1-thread root DEBUG client.py                 71    logger_log                : gatt_wid_hdl, 1, Please prepare IUT into a connectable mode.

Description: Verify that the Implementation Under Test (IUT) can accept GATT connect request from PTS., GATT/CL/GAR/BI-05-C
2025-01-08 22:58:41,852 LT1-thread root DEBUG client.py                 71    logger_log                : gap_set_conn
2025-01-08 22:58:41,852 LT1-thread root DEBUG client.py                 71    logger_log                : gap_set_gendiscov
2025-01-08 22:58:41,852 LT1-thread root DEBUG client.py                 71    logger_log                : send, 1 8 0 '1'
2025-01-08 22:58:41,852 LT1-thread root DEBUG client.py                 71    logger_log                : sending frame '010800010001'
2025-01-08 22:58:41,853 LT1-thread root DEBUG client.py                 71    logger_log                : gap_command_rsp_succ
2025-01-08 22:58:41,853 LT1-thread root DEBUG client.py                 71    logger_log                : read
2025-01-08 22:58:41,898 BTPWorkerThread-3146 (_rx_task) root DEBUG client.py                 71    logger_log                : Read 5 bytes
2025-01-08 22:58:41,909 BTPWorkerThread-3146 (_rx_task) root DEBUG client.py                 71    logger_log                : Received: hdr: Header(svc_id=0x01, op=0x08, ctrl_index=0x00, data_len=0x04) bytearray(b'\x01\x08\x00\x04\x00')
2025-01-08 22:58:41,932 BTPWorkerThread-3146 (_rx_task) root DEBUG client.py                 71    logger_log                : Read 4 bytes data
2025-01-08 22:58:41,943 BTPWorkerThread-3146 (_rx_task) root DEBUG client.py                 71    logger_log                : Received data: {'1b 02 00 00'}, bytearray(b'\x1b\x02\x00\x00')
2025-01-08 22:58:41,960 LT1-thread root DEBUG client.py                 71    logger_log                : received Header(svc_id=1, op=8, ctrl_index=0, data_len=4) (b'\x1b\x02\x00\x00',)
2025-01-08 22:58:41,960 LT1-thread root DEBUG client.py                 71    logger_log                : __gap_current_settings_update (b'\x1b\x02\x00\x00',)
2025-01-08 22:58:41,961 LT1-thread root DEBUG client.py                 71    logger_log                : gap_adv_ind_on {9: b'Tester_59F2E6'} None
2025-01-08 22:58:41,961 LT1-thread root DEBUG client.py                 71    logger_log                : send, 1 10 0 "bytearray(b'\\x0f\\x00\\t\\rTester_59F2E6\\xff\\xff\\xff\\xff\\x00')"
2025-01-08 22:58:41,961 LT1-thread root DEBUG client.py                 71    logger_log                : sending frame '010a0016000f00090d5465737465725f353946324536ffffffff00'
2025-01-08 22:58:41,961 LT1-thread root DEBUG client.py                 71    logger_log                : gap_command_rsp_succ
2025-01-08 22:58:41,962 LT1-thread root DEBUG client.py                 71    logger_log                : read
2025-01-08 22:58:42,029 BTPWorkerThread-3146 (_rx_task) root DEBUG client.py                 71    logger_log                : Read 5 bytes
2025-01-08 22:58:42,052 BTPWorkerThread-3146 (_rx_task) root DEBUG client.py                 71    logger_log                : Received: hdr: Header(svc_id=0x01, op=0x0a, ctrl_index=0x00, data_len=0x04) bytearray(b'\x01\n\x00\x04\x00')
2025-01-08 22:58:42,080 BTPWorkerThread-3146 (_rx_task) root DEBUG client.py                 71    logger_log                : Read 4 bytes data
2025-01-08 22:58:42,091 BTPWorkerThread-3146 (_rx_task) root DEBUG client.py                 71    logger_log                : Received data: {'1b 06 00 00'}, bytearray(b'\x1b\x06\x00\x00')
2025-01-08 22:58:42,107 LT1-thread root DEBUG client.py                 71    logger_log                : received Header(svc_id=1, op=10, ctrl_index=0, data_len=4) (b'\x1b\x06\x00\x00',)
2025-01-08 22:58:42,107 LT1-thread root DEBUG client.py                 71    logger_log                : __gap_current_settings_update (b'\x1b\x06\x00\x00',)
2025-01-08 22:58:43,999 BTPWorkerThread-3146 (_rx_task) root DEBUG client.py                 71    logger_log                : Read 5 bytes
2025-01-08 22:58:44,000 BTPWorkerThread-3146 (_rx_task) root DEBUG client.py                 71    logger_log                : Received: hdr: Header(svc_id=0x01, op=0x82, ctrl_index=0x00, data_len=0x0d) bytearray(b'\x01\x82\x00\r\x00')
2025-01-08 22:58:44,011 BTPWorkerThread-3146 (_rx_task) root DEBUG client.py                 71    logger_log                : Read 13 bytes data
2025-01-08 22:58:44,021 BTPWorkerThread-3146 (_rx_task) root DEBUG client.py                 71    logger_log                : Received data: {'00 e6 f2 59 e8 07 c0 38 00 00 00 d0 07'}, bytearray(b'\x00\xe6\xf2Y\xe8\x07\xc08\x00\x00\x00\xd0\x07')
2025-01-08 22:58:44,032 BTPWorkerThread-3146 (_rx_task) root DEBUG client.py                 71    logger_log                : event_handler Header(svc_id=1, op=130, ctrl_index=0, data_len=13) (b'\x00\xe6\xf2Y\xe8\x07\xc08\x00\x00\x00\xd0\x07',)
2025-01-08 22:58:44,053 BTPWorkerThread-3146 (_rx_task) root DEBUG client.py                 71    logger_log                : gap_connected_ev_ b'\x00\xe6\xf2Y\xe8\x07\xc08\x00\x00\x00\xd0\x07'
2025-01-08 22:58:44,066 LT1-thread root DEBUG client.py                 71    logger_log                : Sending response 'OK' to wid 1 test case GATT/CL/GAR/BI-05-C
2025-01-08 22:58:44,066 BTPWorkerThread-3146 (_rx_task) root DEBUG client.py                 71    logger_log                : Read 5 bytes
2025-01-08 22:58:44,067 BTPWorkerThread-3146 (_rx_task) root DEBUG client.py                 71    logger_log                : Received: hdr: Header(svc_id=0x01, op=0x80, ctrl_index=0x00, data_len=0x04) bytearray(b'\x01\x80\x00\x04\x00')
2025-01-08 22:58:44,067 BTPWorkerThread-3146 (_rx_task) root DEBUG client.py                 71    logger_log                : Read 4 bytes data
2025-01-08 22:58:44,067 BTPWorkerThread-3146 (_rx_task) root DEBUG client.py                 71    logger_log                : Received data: {'1b 02 00 00'}, bytearray(b'\x1b\x02\x00\x00')
2025-01-08 22:58:44,068 BTPWorkerThread-3146 (_rx_task) root DEBUG client.py                 71    logger_log                : event_handler Header(svc_id=1, op=128, ctrl_index=0, data_len=4) (b'\x1b\x02\x00\x00',)
2025-01-08 22:58:44,068 BTPWorkerThread-3146 (_rx_task) root DEBUG client.py                 71    logger_log                : gap_new_settings_ev_ b'\x1b\x02\x00\x00'
2025-01-08 22:58:44,069 BTPWorkerThread-3146 (_rx_task) root DEBUG client.py                 71    logger_log                : __gap_current_settings_update 539
2025-01-08 22:58:44,070 LT1-thread root DEBUG client.py                 71    logger_log                : ClientCallback.get_result run_test_case
2025-01-08 22:58:47,241 BTPWorkerThread-3146 (_rx_task) root DEBUG client.py                 71    logger_log                : Read 5 bytes
2025-01-08 22:58:47,241 BTPWorkerThread-3146 (_rx_task) root DEBUG client.py                 71    logger_log                : Received: hdr: Header(svc_id=0x01, op=0x89, ctrl_index=0x00, data_len=0x08) bytearray(b'\x01\x89\x00\x08\x00')
2025-01-08 22:58:47,241 BTPWorkerThread-3146 (_rx_task) root DEBUG client.py                 71    logger_log                : Read 8 bytes data
2025-01-08 22:58:47,242 BTPWorkerThread-3146 (_rx_task) root DEBUG client.py                 71    logger_log                : Received data: {'00 e6 f2 59 e8 07 c0 02'}, bytearray(b'\x00\xe6\xf2Y\xe8\x07\xc0\x02')
2025-01-08 22:58:47,242 BTPWorkerThread-3146 (_rx_task) root DEBUG client.py                 71    logger_log                : event_handler Header(svc_id=1, op=137, ctrl_index=0, data_len=8) (b'\x00\xe6\xf2Y\xe8\x07\xc0\x02',)
2025-01-08 22:58:47,242 BTPWorkerThread-3146 (_rx_task) root DEBUG client.py                 71    logger_log                : gap_sec_level_changed_ev_
2025-01-08 22:58:47,242 BTPWorkerThread-3146 (_rx_task) root DEBUG client.py                 71    logger_log                : received b'\x00\xe6\xf2Y\xe8\x07\xc0\x02'
2025-01-08 22:58:47,243 BTPWorkerThread-3146 (_rx_task) root DEBUG client.py                 71    logger_log                : received (0, 'c007e859f2e6', 2)
2025-01-08 22:58:47,272 LT1-callback ClientCallback.on_implicit_send INFO client.py                 71    logger_log                : 
    ********************
    BEGIN OnImplicitSend:
    project_name: GATT
    wid: 48
    test_case_name: GATT/CL/GAR/BI-05-C
    description: Please send read characteristic handle = '0043'O to the PTS.

Description: Verify that the Implementation Under Test (IUT) can send Read characteristic.
    style: MMI_Style_Ok_Cancel2 0x11141
2025-01-08 22:58:47,272 LT1-callback ClientCallback.on_implicit_send INFO client.py                 71    logger_log                : Calling test cases on_implicit_send
2025-01-08 22:58:47,272 LT1-callback ClientCallback.on_implicit_send INFO client.py                 71    logger_log                : 
    on_implicit_send returned response: WAIT
    END OnImplicitSend
    ********************
2025-01-08 22:58:48,072 LT1-thread root DEBUG client.py                 71    logger_log                : GATT GATT/CL/GAR/BI-05-C on_implicit_send
2025-01-08 22:58:48,072 LT1-thread root DEBUG client.py                 71    logger_log                : gatt_wid_hdl, 48, Please send read characteristic handle = '0043'O to the PTS.

Description: Verify that the Implementation Under Test (IUT) can send Read characteristic., GATT/CL/GAR/BI-05-C
2025-01-08 22:58:48,072 LT1-thread root DEBUG client.py                 71    logger_log                : parse_description "Please send read characteristic handle = '0043'O to the PTS.\n\nDescription: Verify that the Implementation Under Test (IUT) can send Read characteristic."
2025-01-08 22:58:48,072 LT1-thread root DEBUG client.py                 71    logger_log                : Parse result: ['0043']
2025-01-08 22:58:48,072 LT1-thread root DEBUG client.py                 71    logger_log                : gattc_read 0 'c007e859f2e6' '0043'
2025-01-08 22:58:48,072 LT1-thread root DEBUG client.py                 71    logger_log                : send, 2 17 0 "bytearray(b'\\x00\\xe6\\xf2Y\\xe8\\x07\\xc0C\\x00')"
2025-01-08 22:58:48,072 LT1-thread root DEBUG client.py                 71    logger_log                : sending frame '021100090000e6f259e807c04300'
2025-01-08 22:58:48,073 LT1-thread root DEBUG client.py                 71    logger_log                : read
2025-01-08 22:58:48,203 BTPWorkerThread-3146 (_rx_task) root DEBUG client.py                 71    logger_log                : Read 5 bytes
2025-01-08 22:58:48,204 BTPWorkerThread-3146 (_rx_task) root DEBUG client.py                 71    logger_log                : Received: hdr: Header(svc_id=0x02, op=0x11, ctrl_index=0x00, data_len=0x03) bytearray(b'\x02\x11\x00\x03\x00')
2025-01-08 22:58:48,214 BTPWorkerThread-3146 (_rx_task) root DEBUG client.py                 71    logger_log                : Read 3 bytes data
2025-01-08 22:58:48,220 BTPWorkerThread-3146 (_rx_task) root DEBUG client.py                 71    logger_log                : Received data: {'0c 00 00'}, bytearray(b'\x0c\x00\x00')
2025-01-08 22:58:48,220 LT1-thread root DEBUG client.py                 71    logger_log                : gattc_read_rsp received Header(svc_id=2, op=17, ctrl_index=0, data_len=3) (b'\x0c\x00\x00',)
2025-01-08 22:58:48,220 LT1-thread root DEBUG client.py                 71    logger_log                : gattc_read_rsp 12 (b'',)
2025-01-08 22:58:48,220 LT1-thread root DEBUG client.py                 71    logger_log                : Sending response 'OK' to wid 48 test case GATT/CL/GAR/BI-05-C
2025-01-08 22:58:48,224 LT1-thread root DEBUG client.py                 71    logger_log                : ClientCallback.get_result run_test_case
2025-01-08 22:58:48,227 LT1-callback ClientCallback.on_implicit_send INFO client.py                 71    logger_log                : 
    ********************
    BEGIN OnImplicitSend:
    project_name: GATT
    wid: 44
    test_case_name: GATT/CL/GAR/BI-05-C
    description: Please confirm IUT received encryption key size error. Click Yes if IUT received it, otherwise click No.

 If IUT did not receive encryption key size error please change encryption key size to 7.

 Description: Verify that the Implementation Under Test (IUT) indicate encryption key size error when read a characteristic.
    style: MMI_Style_Yes_No1 0x11044
2025-01-08 22:58:48,227 LT1-callback ClientCallback.on_implicit_send INFO client.py                 71    logger_log                : Calling test cases on_implicit_send
2025-01-08 22:58:48,227 LT1-callback ClientCallback.on_implicit_send INFO client.py                 71    logger_log                : 
    on_implicit_send returned response: WAIT
    END OnImplicitSend
    ********************
2025-01-08 22:58:49,224 LT1-thread root DEBUG client.py                 71    logger_log                : GATT GATT/CL/GAR/BI-05-C on_implicit_send
2025-01-08 22:58:49,224 LT1-thread root DEBUG client.py                 71    logger_log                : gatt_wid_hdl, 44, Please confirm IUT received encryption key size error. Click Yes if IUT received it, otherwise click No.

 If IUT did not receive encryption key size error please change encryption key size to 7.

 Description: Verify that the Implementation Under Test (IUT) indicate encryption key size error when read a characteristic., GATT/CL/GAR/BI-05-C
2025-01-08 22:58:49,224 LT1-thread root DEBUG client.py                 71    logger_log                : description='Please confirm IUT received encryption key size error. Click Yes if IUT received it, otherwise click No.\n\n If IUT did not receive encryption key size error please change encryption key size to 7.\n\n Description: Verify that the Implementation Under Test (IUT) indicate encryption key size error when read a characteristic.'
2025-01-08 22:58:49,225 LT1-thread root DEBUG client.py                 71    logger_log                : Verifying values: ['encryption key size error']
2025-01-08 22:58:49,225 LT1-thread root DEBUG client.py                 71    logger_log                : Description values: ['encryption key size error']
2025-01-08 22:58:49,225 LT1-thread root DEBUG client.py                 71    logger_log                : Verifying: 'encryption key size error'
2025-01-08 22:58:49,225 LT1-thread root DEBUG client.py                 71    logger_log                : All verifications passed
2025-01-08 22:58:49,226 LT1-thread root DEBUG client.py                 71    logger_log                : Sending response 'Yes' to wid 44 test case GATT/CL/GAR/BI-05-C
2025-01-08 22:58:49,228 LT1-thread root DEBUG client.py                 71    logger_log                : ClientCallback.get_result run_test_case
2025-01-08 22:58:49,512 BTPWorkerThread-3146 (_rx_task) root DEBUG client.py                 71    logger_log                : Read 5 bytes
2025-01-08 22:58:49,513 BTPWorkerThread-3146 (_rx_task) root DEBUG client.py                 71    logger_log                : Received: hdr: Header(svc_id=0x01, op=0x88, ctrl_index=0x00, data_len=0x0d) bytearray(b'\x01\x88\x00\r\x00')
2025-01-08 22:58:49,513 BTPWorkerThread-3146 (_rx_task) root DEBUG client.py                 71    logger_log                : Read 13 bytes data
2025-01-08 22:58:49,513 BTPWorkerThread-3146 (_rx_task) root DEBUG client.py                 71    logger_log                : Received data: {'00 e6 f2 59 e8 07 c0 18 00 00 00 2a 00'}, bytearray(b'\x00\xe6\xf2Y\xe8\x07\xc0\x18\x00\x00\x00*\x00')
2025-01-08 22:58:49,513 BTPWorkerThread-3146 (_rx_task) root DEBUG client.py                 71    logger_log                : event_handler Header(svc_id=1, op=136, ctrl_index=0, data_len=13) (b'\x00\xe6\xf2Y\xe8\x07\xc0\x18\x00\x00\x00*\x00',)
2025-01-08 22:58:49,514 BTPWorkerThread-3146 (_rx_task) root DEBUG client.py                 71    logger_log                : gap_conn_param_update_ev_
2025-01-08 22:58:49,514 BTPWorkerThread-3146 (_rx_task) root DEBUG client.py                 71    logger_log                : received b'\x00\xe6\xf2Y\xe8\x07\xc0\x18\x00\x00\x00*\x00'
2025-01-08 22:58:49,514 BTPWorkerThread-3146 (_rx_task) root DEBUG client.py                 71    logger_log                : received (0, b'c007e859f2e6', 24, 0, 42)
2025-01-08 22:58:50,569 BTPWorkerThread-3146 (_rx_task) root DEBUG client.py                 71    logger_log                : Read 5 bytes
2025-01-08 22:58:50,569 BTPWorkerThread-3146 (_rx_task) root DEBUG client.py                 71    logger_log                : Received: hdr: Header(svc_id=0x01, op=0x83, ctrl_index=0x00, data_len=0x07) bytearray(b'\x01\x83\x00\x07\x00')
2025-01-08 22:58:50,569 BTPWorkerThread-3146 (_rx_task) root DEBUG client.py                 71    logger_log                : Read 7 bytes data
2025-01-08 22:58:50,570 BTPWorkerThread-3146 (_rx_task) root DEBUG client.py                 71    logger_log                : Received data: {'00 e6 f2 59 e8 07 c0'}, bytearray(b'\x00\xe6\xf2Y\xe8\x07\xc0')
2025-01-08 22:58:50,570 BTPWorkerThread-3146 (_rx_task) root DEBUG client.py                 71    logger_log                : event_handler Header(svc_id=1, op=131, ctrl_index=0, data_len=7) (b'\x00\xe6\xf2Y\xe8\x07\xc0',)
2025-01-08 22:58:50,570 BTPWorkerThread-3146 (_rx_task) root DEBUG client.py                 71    logger_log                : gap_disconnected_ev_ b'\x00\xe6\xf2Y\xe8\x07\xc0'
2025-01-08 22:58:54,148 LT1-callback ClientCallback.log INFO client.py                 71    logger_log                : PTS_LOGTYPE_START_TEST Start Test Case 

+16 ms
 GATT/CL/GAR/BI-05-C GATT/CL/GAR/BI-05-C

2025-01-08 22:58:55,027 LT1-callback ClientCallback.log INFO client.py                 71    logger_log                : PTS_LOGTYPE_FINAL_VERDICT Final Verdict 

+13781 ms
 GATT/CL/GAR/BI-05-C PASS

2025-01-08 22:58:55,065 LT1-callback ClientCallback.log INFO client.py                 71    logger_log                : PTS_LOGTYPE_FINAL_VERDICT Encrypted Verdict 

+13781 ms
 GATT/CL/GAR/BI-05-C A1#ZWY4MzQ5MDg3MmQwNTIxOGQzMzQ5YjY2ODA5M2MzNjQ5ZDY4NmY0Yjc2MzIzM2VkNTUyNTFhNGU4Mjg1MjI0NA==#DK43H8UZi6OKpJq5c/K6h6QaKJDmzFevpUuN7Yqi+dW5I/Z5Oo6qP6sNYMr/YCMX

2025-01-08 22:58:55,249 LT1-callback ClientCallback.log INFO client.py                 71    logger_log                : PTS_LOGTYPE_END_TEST Test Case Ended 

+13781 ms
 GATT/CL/GAR/BI-05-C GATT/CL/GAR/BI-05-C

2025-01-08 22:58:55,360 LT1-callback root DEBUG client.py                 71    logger_log                : ClientCallback, set_result, run_test_case, PASS
2025-01-08 22:58:55,360 LT1-thread root DEBUG client.py                 71    logger_log                : After run_test_case error_code=0 status='PASS'
2025-01-08 22:58:55,360 LT1-thread root DEBUG client.py                 71    logger_log                : post_run GATT GATT/CL/GAR/BI-05-C 0
2025-01-08 22:58:55,361 LT1-thread root DEBUG client.py                 71    logger_log                : Starting test function: class=<class 'autopts.ptsprojects.testcase.TestFuncCleanUp'>, func=<bound method Stack.cleanup of <autopts.ptsprojects.stack.stack.Stack object at 0x000001E8FE401590>> start_wid=None stop_wid=None post_wid=None skip_call=None call_count=1 args=() kwds={}
2025-01-08 22:58:55,361 LT1-thread root DEBUG client.py                 71    logger_log                : Test function parameters: args=(), kwds={}
2025-01-08 22:58:55,362 LT1-thread root DEBUG client.py                 71    logger_log                : Starting test function: class=<class 'autopts.ptsprojects.testcase.TestFuncCleanUp'>, func=<bound method ZephyrCtl.stop of <autopts.ptsprojects.zephyr.iutctl.ZephyrCtl object at 0x000001E8FB029B90>> start_wid=None stop_wid=None post_wid=None skip_call=None call_count=1 args=() kwds={}
2025-01-08 22:58:55,363 LT1-thread root DEBUG client.py                 71    logger_log                : Test function parameters: args=(), kwds={}
2025-01-08 22:58:55,363 LT1-thread root DEBUG client.py                 71    logger_log                : <class 'autopts.ptsprojects.zephyr.iutctl.ZephyrCtl'>.stop
2025-01-08 22:58:55,464 LT1-thread root DEBUG client.py                 71    logger_log                : <class 'autopts.rtt.RTTLogger'>.stop
2025-01-08 22:58:55,465 LT1-thread root DEBUG client.py                 71    logger_log                : <class 'autopts.rtt.RTT'>.stop
2025-01-08 22:58:55,497 LT1-thread root DEBUG client.py                 71    logger_log                : About to reset DUT: JLink -CommandFile reset.jlink -usb 1064371884 -device MCXW716
2025-01-08 22:58:55,984 BTPWorkerThread-3146 (_rx_task) root DEBUG client.py                 71    logger_log                : Read 5 bytes
2025-01-08 22:58:55,984 BTPWorkerThread-3146 (_rx_task) root DEBUG client.py                 71    logger_log                : Received: hdr: Header(svc_id=0x00, op=0x80, ctrl_index=0xff, data_len=0x00) bytearray(b'\x00\x80\xff\x00\x00')
2025-01-08 22:58:55,985 BTPWorkerThread-3146 (_rx_task) root DEBUG client.py                 71    logger_log                : Received data: {''}, bytearray(b'')
2025-01-08 22:58:55,985 BTPWorkerThread-3146 (_rx_task) root DEBUG client.py                 71    logger_log                : event_handler Header(svc_id=0, op=128, ctrl_index=255, data_len=0) (b'',)
2025-01-08 22:58:55,985 BTPWorkerThread-3146 (_rx_task) root DEBUG client.py                 71    logger_log                : core_iut_ready_ev
2025-01-08 22:58:55,988 LT1-thread root DEBUG client.py                 71    logger_log                : IUT ready event received OK
2025-01-08 22:58:55,988 LT1-thread root DEBUG client.py                 71    logger_log                : Waiting for _rx_worker to finish ...
2025-01-08 22:58:56,992 LT1-thread root DEBUG client.py                 71    logger_log                : Waiting for _rx_worker to finish ...
2025-01-08 22:58:56,993 BTPWorkerThread-3146 (_rx_task) root DEBUG client.py                 71    logger_log                : BTPWorkerThread-3146 (_rx_task) finishing...
2025-01-08 22:59:00,017 LT1-thread root DEBUG client.py                 71    logger_log                : post_run, cleanup running post test case script
2025-01-08 22:59:00,018 LT1-thread root DEBUG client.py                 71    logger_log                : post_run, run post test case script
2025-01-08 22:59:00,236 LT1-thread root DEBUG client.py                 71    logger_log                : Done TestCase _run_test_case GATT GATT/CL/GAR/BI-05-C
