2025-01-07 22:38:36,699 LT1-thread root DEBUG client.py                 71    logger_log                : Starting TestCase _run_test_case GAP GAP/SEC/SEM/BV-64-C
2025-01-07 22:38:36,699 LT1-thread root DEBUG client.py                 71    logger_log                : pre_run GAP GAP/SEC/SEM/BV-64-C
2025-01-07 22:38:36,699 LT1-thread root DEBUG client.py                 71    logger_log                : About to run test case GAP GAP/SEC/SEM/BV-64-C with commands:
2025-01-07 22:38:36,699 LT1-thread root DEBUG client.py                 71    logger_log                : 0) class=<class 'autopts.ptsprojects.testcase.TestFunc'>, func=<bound method Stack.core_init of <autopts.ptsprojects.stack.stack.Stack object at 0x000002318206AB10>> start_wid=None stop_wid=None post_wid=None skip_call=None call_count=0 args=() kwds={}
2025-01-07 22:38:36,699 LT1-thread root DEBUG client.py                 71    logger_log                : 1) class=<class 'autopts.ptsprojects.testcase.TestFunc'>, func=<bound method ZephyrCtl.hw_reset of <autopts.ptsprojects.zephyr.iutctl.ZephyrCtl object at 0x0000023181FCEB50>> start_wid=None stop_wid=None post_wid=None skip_call=None call_count=0 args=() kwds={}
2025-01-07 22:38:36,699 LT1-thread root DEBUG client.py                 71    logger_log                : 2) class=<class 'autopts.ptsprojects.testcase.TestFunc'>, func=<bound method ZephyrCtl.start of <autopts.ptsprojects.zephyr.iutctl.ZephyrCtl object at 0x0000023181FCEB50>> start_wid=None stop_wid=None post_wid=None skip_call=None call_count=0 args=(<autopts.ptsprojects.zephyr.ztestcase.ZTestCase object at 0x0000023182B50ED0>,) kwds={}
2025-01-07 22:38:36,699 LT1-thread root DEBUG client.py                 71    logger_log                : 3) class=<class 'autopts.ptsprojects.testcase.TestFunc'>, func=<bound method ZephyrCtl.hw_reset of <autopts.ptsprojects.zephyr.iutctl.ZephyrCtl object at 0x0000023181FCEB50>> start_wid=None stop_wid=None post_wid=None skip_call=None call_count=0 args=() kwds={}
2025-01-07 22:38:36,699 LT1-thread root DEBUG client.py                 71    logger_log                : 4) class=<class 'autopts.ptsprojects.testcase.TestFunc'>, func=<bound method ZephyrCtl.wait_iut_ready_event of <autopts.ptsprojects.zephyr.iutctl.ZephyrCtl object at 0x0000023181FCEB50>> start_wid=None stop_wid=None post_wid=None skip_call=None call_count=0 args=(False,) kwds={}
2025-01-07 22:38:36,699 LT1-thread root DEBUG client.py                 71    logger_log                : 5) class=<class 'autopts.ptsprojects.testcase.TestFunc'>, func=<function core_reg_svc_gap at 0x00000231FE524540> start_wid=None stop_wid=None post_wid=None skip_call=None call_count=56 args=() kwds={}
2025-01-07 22:38:36,699 LT1-thread root DEBUG client.py                 71    logger_log                : 6) class=<class 'autopts.ptsprojects.testcase.TestFunc'>, func=<bound method Stack.gap_init of <autopts.ptsprojects.stack.stack.Stack object at 0x000002318206AB10>> start_wid=None stop_wid=None post_wid=None skip_call=None call_count=56 args=(b'Tester_59F2E6', 'ABCD', '1111', '1111', '11', '1111', b'\x17github.com/auto-pts', (8, 'PADV_Tester'), 'FF') kwds={}
2025-01-07 22:38:36,699 LT1-thread root DEBUG client.py                 71    logger_log                : 7) class=<class 'autopts.ptsprojects.testcase.TestFunc'>, func=<function gap_read_ctrl_info at 0x00000231FE534400> start_wid=None stop_wid=None post_wid=None skip_call=None call_count=56 args=() kwds={}
2025-01-07 22:38:36,699 LT1-thread root DEBUG client.py                 71    logger_log                : 8) class=<class 'autopts.ptsprojects.testcase.TestFunc'>, func=<function test_cases.<locals>.<lambda> at 0x0000023182AA4FE0> start_wid=None stop_wid=None post_wid=None skip_call=None call_count=56 args=() kwds={}
2025-01-07 22:38:36,699 LT1-thread root DEBUG client.py                 71    logger_log                : 9) class=<class 'autopts.ptsprojects.testcase.TestFunc'>, func=<function test_cases.<locals>.<lambda> at 0x0000023182AA5080> start_wid=None stop_wid=None post_wid=None skip_call=None call_count=56 args=() kwds={}
2025-01-07 22:38:36,699 LT1-thread root DEBUG client.py                 71    logger_log                : 10) class=<class 'autopts.ptsprojects.testcase.TestFunc'>, func=<function test_cases.<locals>.<lambda> at 0x0000023182AA5120> start_wid=None stop_wid=None post_wid=None skip_call=None call_count=56 args=() kwds={}
2025-01-07 22:38:36,699 LT1-thread root DEBUG client.py                 71    logger_log                : 11) class=<class 'autopts.ptsprojects.testcase.TestFunc'>, func=<function test_cases.<locals>.<lambda> at 0x0000023182AA51C0> start_wid=None stop_wid=None post_wid=None skip_call=None call_count=56 args=() kwds={}
2025-01-07 22:38:36,699 LT1-thread root DEBUG client.py                 71    logger_log                : 12) class=<class 'autopts.ptsprojects.testcase.TestFunc'>, func=<function test_cases.<locals>.<lambda> at 0x0000023182AA5260> start_wid=None stop_wid=None post_wid=None skip_call=None call_count=56 args=() kwds={}
2025-01-07 22:38:36,699 LT1-thread root DEBUG client.py                 71    logger_log                : 13) class=<class 'autopts.ptsprojects.testcase.TestFunc'>, func=<function test_cases.<locals>.<lambda> at 0x0000023182AA5300> start_wid=None stop_wid=None post_wid=None skip_call=None call_count=56 args=() kwds={}
2025-01-07 22:38:36,699 LT1-thread root DEBUG client.py                 71    logger_log                : 14) class=<class 'autopts.ptsprojects.testcase.TestFunc'>, func=<function test_cases.<locals>.<lambda> at 0x0000023182AA53A0> start_wid=None stop_wid=None post_wid=None skip_call=None call_count=56 args=() kwds={}
2025-01-07 22:38:36,709 LT1-thread root DEBUG client.py                 71    logger_log                : 15) class=<class 'autopts.ptsprojects.testcase.TestFunc'>, func=<function test_cases.<locals>.<lambda> at 0x0000023182AA5440> start_wid=None stop_wid=None post_wid=None skip_call=None call_count=56 args=() kwds={}
2025-01-07 22:38:36,709 LT1-thread root DEBUG client.py                 71    logger_log                : 16) class=<class 'autopts.ptsprojects.testcase.TestFunc'>, func=<function test_cases.<locals>.<lambda> at 0x0000023182AA54E0> start_wid=None stop_wid=None post_wid=None skip_call=None call_count=56 args=() kwds={}
2025-01-07 22:38:36,709 LT1-thread root DEBUG client.py                 71    logger_log                : 17) class=<class 'autopts.ptsprojects.testcase.TestFunc'>, func=<function test_cases.<locals>.<lambda> at 0x0000023182AA5580> start_wid=None stop_wid=None post_wid=None skip_call=None call_count=56 args=() kwds={}
2025-01-07 22:38:36,709 LT1-thread root DEBUG client.py                 71    logger_log                : 18) class=<class 'autopts.ptsprojects.testcase.TestFunc'>, func=<function test_cases.<locals>.<lambda> at 0x0000023182AA5620> start_wid=None stop_wid=None post_wid=None skip_call=None call_count=56 args=() kwds={}
2025-01-07 22:38:36,709 LT1-thread root DEBUG client.py                 71    logger_log                : 19) class=<class 'autopts.ptsprojects.testcase.TestFunc'>, func=<function test_cases.<locals>.<lambda> at 0x0000023182AA56C0> start_wid=None stop_wid=None post_wid=None skip_call=None call_count=56 args=() kwds={}
2025-01-07 22:38:36,709 LT1-thread root DEBUG client.py                 71    logger_log                : 20) class=<class 'autopts.ptsprojects.testcase.TestFunc'>, func=<function core_reg_svc_gatt at 0x00000231FE524680> start_wid=None stop_wid=None post_wid=None skip_call=None call_count=56 args=() kwds={}
2025-01-07 22:38:36,709 LT1-thread root DEBUG client.py                 71    logger_log                : 21) class=<class 'autopts.ptsprojects.testcase.TestFunc'>, func=<bound method Stack.gatt_init of <autopts.ptsprojects.stack.stack.Stack object at 0x000002318206AB10>> start_wid=None stop_wid=None post_wid=None skip_call=None call_count=56 args=() kwds={}
2025-01-07 22:38:36,709 LT1-thread root DEBUG client.py                 71    logger_log                : 22) class=<class 'autopts.ptsprojects.testcase.TestFunc'>, func=<function gap_set_io_cap at 0x00000231FE527920> start_wid=None stop_wid=None post_wid=None skip_call=None call_count=56 args=(4,) kwds={}
2025-01-07 22:38:36,709 LT1-thread root DEBUG client.py                 71    logger_log                : 23) class=<class 'autopts.ptsprojects.testcase.TestFunc'>, func=<function set_pts_addr at 0x00000231FE5240E0> start_wid=None stop_wid=None post_wid=None skip_call=None call_count=56 args=('C0:07:E8:59:F2:E6', 0) kwds={}
2025-01-07 22:38:36,709 LT1-thread root DEBUG client.py                 71    logger_log                : 24) class=<class 'autopts.ptsprojects.testcase.TestFunc'>, func=<function gatts_add_svc at 0x00000231FE535DA0> start_wid=None stop_wid=None post_wid=None skip_call=None call_count=56 args=(0, 'AA51') kwds={}
2025-01-07 22:38:36,709 LT1-thread root DEBUG client.py                 71    logger_log                : 25) class=<class 'autopts.ptsprojects.testcase.TestFunc'>, func=<function gatts_add_char at 0x00000231FE535EE0> start_wid=None stop_wid=None post_wid=None skip_call=None call_count=56 args=(0, 2, 17, 'AA52') kwds={}
2025-01-07 22:38:36,709 LT1-thread root DEBUG client.py                 71    logger_log                : 26) class=<class 'autopts.ptsprojects.testcase.TestFunc'>, func=<function gatts_set_val at 0x00000231FE535F80> start_wid=None stop_wid=None post_wid=None skip_call=None call_count=56 args=(0, '01') kwds={}
2025-01-07 22:38:36,709 LT1-thread root DEBUG client.py                 71    logger_log                : 27) class=<class 'autopts.ptsprojects.testcase.TestFunc'>, func=<function gatts_add_char at 0x00000231FE535EE0> start_wid=None stop_wid=None post_wid=None skip_call=None call_count=56 args=(0, 2, 5, 'AA53') kwds={}
2025-01-07 22:38:36,709 LT1-thread root DEBUG client.py                 71    logger_log                : 28) class=<class 'autopts.ptsprojects.testcase.TestFunc'>, func=<function gatts_set_val at 0x00000231FE535F80> start_wid=None stop_wid=None post_wid=None skip_call=None call_count=56 args=(0, '02') kwds={}
2025-01-07 22:38:36,709 LT1-thread root DEBUG client.py                 71    logger_log                : 29) class=<class 'autopts.ptsprojects.testcase.TestFunc'>, func=<function gatts_add_char at 0x00000231FE535EE0> start_wid=None stop_wid=None post_wid=None skip_call=None call_count=56 args=(0, 66, 3, 'AA54') kwds={}
2025-01-07 22:38:36,709 LT1-thread root DEBUG client.py                 71    logger_log                : 30) class=<class 'autopts.ptsprojects.testcase.TestFunc'>, func=<function gatts_set_val at 0x00000231FE535F80> start_wid=None stop_wid=None post_wid=None skip_call=None call_count=56 args=(0, '03') kwds={}
2025-01-07 22:38:36,709 LT1-thread root DEBUG client.py                 71    logger_log                : 31) class=<class 'autopts.ptsprojects.testcase.TestFunc'>, func=<function gatts_add_char at 0x00000231FE535EE0> start_wid=None stop_wid=None post_wid=None skip_call=None call_count=56 args=(0, 10, 48, 'AA55') kwds={}
2025-01-07 22:38:36,709 LT1-thread root DEBUG client.py                 71    logger_log                : 32) class=<class 'autopts.ptsprojects.testcase.TestFunc'>, func=<function gatts_set_val at 0x00000231FE535F80> start_wid=None stop_wid=None post_wid=None skip_call=None call_count=56 args=(0, '04') kwds={}
2025-01-07 22:38:36,709 LT1-thread root DEBUG client.py                 71    logger_log                : 33) class=<class 'autopts.ptsprojects.testcase.TestFunc'>, func=<function gatts_start_server at 0x00000231FE536200> start_wid=None stop_wid=None post_wid=None skip_call=None call_count=56 args=() kwds={}
2025-01-07 22:38:36,709 LT1-thread root DEBUG client.py                 71    logger_log                : 34) class=<class 'autopts.ptsprojects.testcase.TestFuncCleanUp'>, func=<bound method Stack.cleanup of <autopts.ptsprojects.stack.stack.Stack object at 0x000002318206AB10>> start_wid=None stop_wid=None post_wid=None skip_call=None call_count=0 args=() kwds={}
2025-01-07 22:38:36,709 LT1-thread root DEBUG client.py                 71    logger_log                : 35) class=<class 'autopts.ptsprojects.testcase.TestFuncCleanUp'>, func=<bound method ZephyrCtl.stop of <autopts.ptsprojects.zephyr.iutctl.ZephyrCtl object at 0x0000023181FCEB50>> start_wid=None stop_wid=None post_wid=None skip_call=None call_count=0 args=() kwds={}
2025-01-07 22:38:36,709 LT1-thread root DEBUG client.py                 71    logger_log                : pre_run, run pre test case script
2025-01-07 22:38:36,719 LT1-thread root DEBUG client.py                 71    logger_log                : Starting test function: class=<class 'autopts.ptsprojects.testcase.TestFunc'>, func=<bound method Stack.core_init of <autopts.ptsprojects.stack.stack.Stack object at 0x000002318206AB10>> start_wid=None stop_wid=None post_wid=None skip_call=None call_count=1 args=() kwds={}
2025-01-07 22:38:36,719 LT1-thread root DEBUG client.py                 71    logger_log                : Test function parameters: args=(), kwds={}
2025-01-07 22:38:36,719 LT1-thread root DEBUG client.py                 71    logger_log                : Starting test function: class=<class 'autopts.ptsprojects.testcase.TestFunc'>, func=<bound method ZephyrCtl.hw_reset of <autopts.ptsprojects.zephyr.iutctl.ZephyrCtl object at 0x0000023181FCEB50>> start_wid=None stop_wid=None post_wid=None skip_call=None call_count=1 args=() kwds={}
2025-01-07 22:38:36,719 LT1-thread root DEBUG client.py                 71    logger_log                : Test function parameters: args=(), kwds={}
2025-01-07 22:38:36,719 LT1-thread root DEBUG client.py                 71    logger_log                : Starting test function: class=<class 'autopts.ptsprojects.testcase.TestFunc'>, func=<bound method ZephyrCtl.start of <autopts.ptsprojects.zephyr.iutctl.ZephyrCtl object at 0x0000023181FCEB50>> start_wid=None stop_wid=None post_wid=None skip_call=None call_count=1 args=(<autopts.ptsprojects.zephyr.ztestcase.ZTestCase object at 0x0000023182B50ED0>,) kwds={}
2025-01-07 22:38:36,719 LT1-thread root DEBUG client.py                 71    logger_log                : Test function parameters: args=(<autopts.ptsprojects.zephyr.ztestcase.ZTestCase object at 0x0000023182B50ED0>,), kwds={}
2025-01-07 22:38:36,719 LT1-thread root DEBUG client.py                 71    logger_log                : <class 'autopts.ptsprojects.zephyr.iutctl.ZephyrCtl'>.start
2025-01-07 22:38:36,719 LT1-thread root DEBUG client.py                 71    logger_log                : <class 'autopts.ptsprojects.zephyr.iutctl.ZephyrCtl'>.flush_serial
2025-01-07 22:38:37,976 LT1-thread root DEBUG client.py                 71    logger_log                : Starting socat process: socat.exe -x -v tcp:10.192.253.135:49338,retry=100,interval=1 /dev/ttyS34,raw,b115200
2025-01-07 22:38:37,996 LT1-thread root DEBUG client.py                 71    logger_log                : accept
2025-01-07 22:38:38,136 BTPWorkerThread-1331 (_rx_task) root DEBUG client.py                 71    logger_log                : BTPWorkerThread-1331 (_rx_task) started
2025-01-07 22:38:38,136 LT1-thread root DEBUG client.py                 71    logger_log                : Starting test function: class=<class 'autopts.ptsprojects.testcase.TestFunc'>, func=<bound method ZephyrCtl.hw_reset of <autopts.ptsprojects.zephyr.iutctl.ZephyrCtl object at 0x0000023181FCEB50>> start_wid=None stop_wid=None post_wid=None skip_call=None call_count=1 args=() kwds={}
2025-01-07 22:38:38,136 LT1-thread root DEBUG client.py                 71    logger_log                : Test function parameters: args=(), kwds={}
2025-01-07 22:38:38,136 LT1-thread root DEBUG client.py                 71    logger_log                : Starting test function: class=<class 'autopts.ptsprojects.testcase.TestFunc'>, func=<bound method ZephyrCtl.wait_iut_ready_event of <autopts.ptsprojects.zephyr.iutctl.ZephyrCtl object at 0x0000023181FCEB50>> start_wid=None stop_wid=None post_wid=None skip_call=None call_count=1 args=(False,) kwds={}
2025-01-07 22:38:38,136 LT1-thread root DEBUG client.py                 71    logger_log                : Test function parameters: args=(False,), kwds={}
2025-01-07 22:38:38,146 LT1-thread root DEBUG client.py                 71    logger_log                : IUT ready event received OK
2025-01-07 22:38:38,146 LT1-thread root DEBUG client.py                 71    logger_log                : <class 'autopts.rtt.RTTLogger'>.start
2025-01-07 22:38:38,146 LT1-thread root DEBUG client.py                 71    logger_log                : <class 'autopts.rtt.RTT'>.start
2025-01-07 22:38:39,068 BTPWorkerThread-1331 (_rx_task) root DEBUG client.py                 71    logger_log                : Read 5 bytes
2025-01-07 22:38:39,068 BTPWorkerThread-1331 (_rx_task) root DEBUG client.py                 71    logger_log                : Received: hdr: Header(svc_id=0x00, op=0x80, ctrl_index=0xff, data_len=0x00) bytearray(b'\x00\x80\xff\x00\x00')
2025-01-07 22:38:39,068 BTPWorkerThread-1331 (_rx_task) root DEBUG client.py                 71    logger_log                : Received data: {''}, bytearray(b'')
2025-01-07 22:38:39,068 BTPWorkerThread-1331 (_rx_task) root DEBUG client.py                 71    logger_log                : event_handler Header(svc_id=0, op=128, ctrl_index=255, data_len=0) (b'',)
2025-01-07 22:38:39,068 BTPWorkerThread-1331 (_rx_task) root DEBUG client.py                 71    logger_log                : core_iut_ready_ev
2025-01-07 22:38:48,901 LT1-thread root DEBUG client.py                 71    logger_log                : Starting test function: class=<class 'autopts.ptsprojects.testcase.TestFunc'>, func=<function core_reg_svc_gap at 0x00000231FE524540> start_wid=None stop_wid=None post_wid=None skip_call=None call_count=57 args=() kwds={}
2025-01-07 22:38:48,901 LT1-thread root DEBUG client.py                 71    logger_log                : Test function parameters: args=(), kwds={}
2025-01-07 22:38:48,901 LT1-thread root DEBUG client.py                 71    logger_log                : core_reg_svc_gap
2025-01-07 22:38:48,901 LT1-thread root DEBUG client.py                 71    logger_log                : send, 0 3 255 '1'
2025-01-07 22:38:48,901 LT1-thread root DEBUG client.py                 71    logger_log                : sending frame '0003ff010001'
2025-01-07 22:38:48,902 LT1-thread root DEBUG client.py                 71    logger_log                : core_reg_svc_rsp_succ
2025-01-07 22:38:48,902 LT1-thread root DEBUG client.py                 71    logger_log                : read
2025-01-07 22:38:48,983 BTPWorkerThread-1331 (_rx_task) root DEBUG client.py                 71    logger_log                : Read 5 bytes
2025-01-07 22:38:49,000 BTPWorkerThread-1331 (_rx_task) root DEBUG client.py                 71    logger_log                : Received: hdr: Header(svc_id=0x00, op=0x03, ctrl_index=0xff, data_len=0x00) bytearray(b'\x00\x03\xff\x00\x00')
2025-01-07 22:38:49,011 BTPWorkerThread-1331 (_rx_task) root DEBUG client.py                 71    logger_log                : Received data: {''}, bytearray(b'')
2025-01-07 22:38:49,027 LT1-thread root DEBUG client.py                 71    logger_log                : received Header(svc_id=0, op=3, ctrl_index=255, data_len=0) (b'',)
2025-01-07 22:38:49,027 LT1-thread root DEBUG client.py                 71    logger_log                : expected ((0, 3, 255, 0), (b'',))
2025-01-07 22:38:49,027 LT1-thread root DEBUG client.py                 71    logger_log                : response is valid
2025-01-07 22:38:49,028 LT1-thread root DEBUG client.py                 71    logger_log                : Starting test function: class=<class 'autopts.ptsprojects.testcase.TestFunc'>, func=<bound method Stack.gap_init of <autopts.ptsprojects.stack.stack.Stack object at 0x000002318206AB10>> start_wid=None stop_wid=None post_wid=None skip_call=None call_count=57 args=(b'Tester_59F2E6', 'ABCD', '1111', '1111', '11', '1111', b'\x17github.com/auto-pts', (8, 'PADV_Tester'), 'FF') kwds={}
2025-01-07 22:38:49,028 LT1-thread root DEBUG client.py                 71    logger_log                : Test function parameters: args=(b'Tester_59F2E6', 'ABCD', '1111', '1111', '11', '1111', b'\x17github.com/auto-pts', (8, 'PADV_Tester'), 'FF'), kwds={}
2025-01-07 22:38:49,028 LT1-thread root DEBUG client.py                 71    logger_log                : Starting test function: class=<class 'autopts.ptsprojects.testcase.TestFunc'>, func=<function gap_read_ctrl_info at 0x00000231FE534400> start_wid=None stop_wid=None post_wid=None skip_call=None call_count=57 args=() kwds={}
2025-01-07 22:38:49,028 LT1-thread root DEBUG client.py                 71    logger_log                : Test function parameters: args=(), kwds={}
2025-01-07 22:38:49,028 LT1-thread root DEBUG client.py                 71    logger_log                : gap_read_ctrl_info
2025-01-07 22:38:49,028 LT1-thread root DEBUG client.py                 71    logger_log                : send, 1 3 0 ''
2025-01-07 22:38:49,028 LT1-thread root DEBUG client.py                 71    logger_log                : sending frame '0103000000'
2025-01-07 22:38:49,029 LT1-thread root DEBUG client.py                 71    logger_log                : read
2025-01-07 22:38:49,898 BTPWorkerThread-1331 (_rx_task) root DEBUG client.py                 71    logger_log                : Read 5 bytes
2025-01-07 22:38:49,903 BTPWorkerThread-1331 (_rx_task) root DEBUG client.py                 71    logger_log                : Received: hdr: Header(svc_id=0x01, op=0x03, ctrl_index=0x00, data_len=0x115) bytearray(b'\x01\x03\x00\x15\x01')
2025-01-07 22:38:49,914 BTPWorkerThread-1331 (_rx_task) root DEBUG client.py                 71    logger_log                : Read 155 bytes data
2025-01-07 22:38:49,942 BTPWorkerThread-1331 (_rx_task) root DEBUG client.py                 71    logger_log                : Read 122 bytes data
2025-01-07 22:38:49,958 BTPWorkerThread-1331 (_rx_task) root DEBUG client.py                 71    logger_log                : Received data: {'28 00 03 37 60 00 13 06 02 00 13 02 00 00 00 00 00 62 74 70 5f 74 65 73 74 65 72 00 00 00 00 00 00 00 00 00 00 00 00 00 00 00 00 00 00 00 00 00 00 00 00 00 00 00 00 00 00 00 00 00 00 00 00 00 00 00 00 00 00 00 00 00 00 00 00 00 00 00 00 00 00 00 00 00 00 00 00 00 00 00 00 00 00 00 00 00 00 00 00 00 00 00 00 00 00 00 00 00 00 00 00 00 00 00 00 00 00 00 00 00 00 00 00 00 00 00 00 00 00 00 00 00 00 00 00 00 00 00 00 00 00 00 00 00 00 00 00 00 00 00 00 00 00 00 00 00 00 00 00 00 00 00 00 00 00 00 00 00 00 00 00 00 00 00 00 00 00 00 00 00 00 00 00 00 00 00 00 00 00 00 00 00 00 00 00 00 00 00 00 00 00 00 00 00 00 00 00 00 00 00 00 00 00 00 00 00 00 00 00 00 00 00 00 00 00 00 00 00 00 00 00 00 00 00 00 00 00 00 00 00 00 00 00 00 00 00 00 00 00 00 00 00 00 00 00 00 00 00 00 00 00 00 00 00 00 00 00 00 00 00 00 00 00 00 00 00 00'}, bytearray(b'(\x00\x037`\x00\x13\x06\x02\x00\x13\x02\x00\x00\x00\x00\x00btp_tester\x00\x00\x00\x00\x00\x00\x00\x00\x00\x00\x00\x00\x00\x00\x00\x00\x00\x00\x00\x00\x00\x00\x00\x00\x00\x00\x00\x00\x00\x00\x00\x00\x00\x00\x00\x00\x00\x00\x00\x00\x00\x00\x00\x00\x00\x00\x00\x00\x00\x00\x00\x00\x00\x00\x00\x00\x00\x00\x00\x00\x00\x00\x00\x00\x00\x00\x00\x00\x00\x00\x00\x00\x00\x00\x00\x00\x00\x00\x00\x00\x00\x00\x00\x00\x00\x00\x00\x00\x00\x00\x00\x00\x00\x00\x00\x00\x00\x00\x00\x00\x00\x00\x00\x00\x00\x00\x00\x00\x00\x00\x00\x00\x00\x00\x00\x00\x00\x00\x00\x00\x00\x00\x00\x00\x00\x00\x00\x00\x00\x00\x00\x00\x00\x00\x00\x00\x00\x00\x00\x00\x00\x00\x00\x00\x00\x00\x00\x00\x00\x00\x00\x00\x00\x00\x00\x00\x00\x00\x00\x00\x00\x00\x00\x00\x00\x00\x00\x00\x00\x00\x00\x00\x00\x00\x00\x00\x00\x00\x00\x00\x00\x00\x00\x00\x00\x00\x00\x00\x00\x00\x00\x00\x00\x00\x00\x00\x00\x00\x00\x00\x00\x00\x00\x00\x00\x00\x00\x00\x00\x00\x00\x00\x00\x00\x00\x00\x00\x00\x00\x00\x00\x00\x00\x00\x00\x00\x00\x00\x00\x00\x00\x00\x00\x00\x00\x00\x00\x00\x00\x00\x00\x00\x00\x00\x00\x00\x00\x00\x00\x00')
2025-01-07 22:38:49,974 LT1-thread root DEBUG client.py                 71    logger_log                : received Header(svc_id=1, op=3, ctrl_index=0, data_len=277) (b'(\x00\x037`\x00\x13\x06\x02\x00\x13\x02\x00\x00\x00\x00\x00btp_tester\x00\x00\x00\x00\x00\x00\x00\x00\x00\x00\x00\x00\x00\x00\x00\x00\x00\x00\x00\x00\x00\x00\x00\x00\x00\x00\x00\x00\x00\x00\x00\x00\x00\x00\x00\x00\x00\x00\x00\x00\x00\x00\x00\x00\x00\x00\x00\x00\x00\x00\x00\x00\x00\x00\x00\x00\x00\x00\x00\x00\x00\x00\x00\x00\x00\x00\x00\x00\x00\x00\x00\x00\x00\x00\x00\x00\x00\x00\x00\x00\x00\x00\x00\x00\x00\x00\x00\x00\x00\x00\x00\x00\x00\x00\x00\x00\x00\x00\x00\x00\x00\x00\x00\x00\x00\x00\x00\x00\x00\x00\x00\x00\x00\x00\x00\x00\x00\x00\x00\x00\x00\x00\x00\x00\x00\x00\x00\x00\x00\x00\x00\x00\x00\x00\x00\x00\x00\x00\x00\x00\x00\x00\x00\x00\x00\x00\x00\x00\x00\x00\x00\x00\x00\x00\x00\x00\x00\x00\x00\x00\x00\x00\x00\x00\x00\x00\x00\x00\x00\x00\x00\x00\x00\x00\x00\x00\x00\x00\x00\x00\x00\x00\x00\x00\x00\x00\x00\x00\x00\x00\x00\x00\x00\x00\x00\x00\x00\x00\x00\x00\x00\x00\x00\x00\x00\x00\x00\x00\x00\x00\x00\x00\x00\x00\x00\x00\x00\x00\x00\x00\x00\x00\x00\x00\x00\x00\x00\x00\x00\x00\x00\x00\x00\x00\x00\x00\x00\x00\x00\x00\x00\x00\x00\x00\x00\x00\x00\x00\x00\x00',)
2025-01-07 22:38:49,974 LT1-thread root DEBUG client.py                 71    logger_log                : IUT address '006037030028' 'public'
2025-01-07 22:38:49,974 LT1-thread root DEBUG client.py                 71    logger_log                : __gap_current_settings_update 531
2025-01-07 22:38:49,974 LT1-thread root DEBUG client.py                 71    logger_log                : Starting test function: class=<class 'autopts.ptsprojects.testcase.TestFunc'>, func=<function test_cases.<locals>.<lambda> at 0x0000023182AA4FE0> start_wid=None stop_wid=None post_wid=None skip_call=None call_count=57 args=() kwds={}
2025-01-07 22:38:49,974 LT1-thread root DEBUG client.py                 71    logger_log                : Test function parameters: args=(), kwds={}
2025-01-07 22:38:49,988 LT1-thread root DEBUG client.py                 71    logger_log                : Starting test function: class=<class 'autopts.ptsprojects.testcase.TestFunc'>, func=<function test_cases.<locals>.<lambda> at 0x0000023182AA5080> start_wid=None stop_wid=None post_wid=None skip_call=None call_count=57 args=() kwds={}
2025-01-07 22:38:49,989 LT1-thread root DEBUG client.py                 71    logger_log                : Test function parameters: args=(), kwds={}
2025-01-07 22:38:50,002 LT1-thread root DEBUG client.py                 71    logger_log                : Starting test function: class=<class 'autopts.ptsprojects.testcase.TestFunc'>, func=<function test_cases.<locals>.<lambda> at 0x0000023182AA5120> start_wid=None stop_wid=None post_wid=None skip_call=None call_count=57 args=() kwds={}
2025-01-07 22:38:50,002 LT1-thread root DEBUG client.py                 71    logger_log                : Test function parameters: args=(), kwds={}
2025-01-07 22:38:50,017 LT1-thread root DEBUG client.py                 71    logger_log                : Starting test function: class=<class 'autopts.ptsprojects.testcase.TestFunc'>, func=<function test_cases.<locals>.<lambda> at 0x0000023182AA51C0> start_wid=None stop_wid=None post_wid=None skip_call=None call_count=57 args=() kwds={}
2025-01-07 22:38:50,017 LT1-thread root DEBUG client.py                 71    logger_log                : Test function parameters: args=(), kwds={}
2025-01-07 22:38:50,030 LT1-thread root DEBUG client.py                 71    logger_log                : Starting test function: class=<class 'autopts.ptsprojects.testcase.TestFunc'>, func=<function test_cases.<locals>.<lambda> at 0x0000023182AA5260> start_wid=None stop_wid=None post_wid=None skip_call=None call_count=57 args=() kwds={}
2025-01-07 22:38:50,031 LT1-thread root DEBUG client.py                 71    logger_log                : Test function parameters: args=(), kwds={}
2025-01-07 22:38:50,043 LT1-thread root DEBUG client.py                 71    logger_log                : Starting test function: class=<class 'autopts.ptsprojects.testcase.TestFunc'>, func=<function test_cases.<locals>.<lambda> at 0x0000023182AA5300> start_wid=None stop_wid=None post_wid=None skip_call=None call_count=57 args=() kwds={}
2025-01-07 22:38:50,043 LT1-thread root DEBUG client.py                 71    logger_log                : Test function parameters: args=(), kwds={}
2025-01-07 22:38:50,056 LT1-thread root DEBUG client.py                 71    logger_log                : Starting test function: class=<class 'autopts.ptsprojects.testcase.TestFunc'>, func=<function test_cases.<locals>.<lambda> at 0x0000023182AA53A0> start_wid=None stop_wid=None post_wid=None skip_call=None call_count=57 args=() kwds={}
2025-01-07 22:38:50,057 LT1-thread root DEBUG client.py                 71    logger_log                : Test function parameters: args=(), kwds={}
2025-01-07 22:38:50,071 LT1-thread root DEBUG client.py                 71    logger_log                : Starting test function: class=<class 'autopts.ptsprojects.testcase.TestFunc'>, func=<function test_cases.<locals>.<lambda> at 0x0000023182AA5440> start_wid=None stop_wid=None post_wid=None skip_call=None call_count=57 args=() kwds={}
2025-01-07 22:38:50,071 LT1-thread root DEBUG client.py                 71    logger_log                : Test function parameters: args=(), kwds={}
2025-01-07 22:38:50,086 LT1-thread root DEBUG client.py                 71    logger_log                : Starting test function: class=<class 'autopts.ptsprojects.testcase.TestFunc'>, func=<function test_cases.<locals>.<lambda> at 0x0000023182AA54E0> start_wid=None stop_wid=None post_wid=None skip_call=None call_count=57 args=() kwds={}
2025-01-07 22:38:50,086 LT1-thread root DEBUG client.py                 71    logger_log                : Test function parameters: args=(), kwds={}
2025-01-07 22:38:50,100 LT1-thread root DEBUG client.py                 71    logger_log                : Starting test function: class=<class 'autopts.ptsprojects.testcase.TestFunc'>, func=<function test_cases.<locals>.<lambda> at 0x0000023182AA5580> start_wid=None stop_wid=None post_wid=None skip_call=None call_count=57 args=() kwds={}
2025-01-07 22:38:50,100 LT1-thread root DEBUG client.py                 71    logger_log                : Test function parameters: args=(), kwds={}
2025-01-07 22:38:50,113 LT1-thread root DEBUG client.py                 71    logger_log                : Starting test function: class=<class 'autopts.ptsprojects.testcase.TestFunc'>, func=<function test_cases.<locals>.<lambda> at 0x0000023182AA5620> start_wid=None stop_wid=None post_wid=None skip_call=None call_count=57 args=() kwds={}
2025-01-07 22:38:50,113 LT1-thread root DEBUG client.py                 71    logger_log                : Test function parameters: args=(), kwds={}
2025-01-07 22:38:50,126 LT1-thread root DEBUG client.py                 71    logger_log                : Starting test function: class=<class 'autopts.ptsprojects.testcase.TestFunc'>, func=<function test_cases.<locals>.<lambda> at 0x0000023182AA56C0> start_wid=None stop_wid=None post_wid=None skip_call=None call_count=57 args=() kwds={}
2025-01-07 22:38:50,127 LT1-thread root DEBUG client.py                 71    logger_log                : Test function parameters: args=(), kwds={}
2025-01-07 22:38:50,139 LT1-thread root DEBUG client.py                 71    logger_log                : Starting test function: class=<class 'autopts.ptsprojects.testcase.TestFunc'>, func=<function core_reg_svc_gatt at 0x00000231FE524680> start_wid=None stop_wid=None post_wid=None skip_call=None call_count=57 args=() kwds={}
2025-01-07 22:38:50,139 LT1-thread root DEBUG client.py                 71    logger_log                : Test function parameters: args=(), kwds={}
2025-01-07 22:38:50,139 LT1-thread root DEBUG client.py                 71    logger_log                : core_reg_svc_gatt
2025-01-07 22:38:50,140 LT1-thread root DEBUG client.py                 71    logger_log                : send, 0 3 255 '2'
2025-01-07 22:38:50,140 LT1-thread root DEBUG client.py                 71    logger_log                : sending frame '0003ff010002'
2025-01-07 22:38:50,140 LT1-thread root DEBUG client.py                 71    logger_log                : core_reg_svc_rsp_succ
2025-01-07 22:38:50,140 LT1-thread root DEBUG client.py                 71    logger_log                : read
2025-01-07 22:38:50,206 BTPWorkerThread-1331 (_rx_task) root DEBUG client.py                 71    logger_log                : Read 5 bytes
2025-01-07 22:38:50,217 BTPWorkerThread-1331 (_rx_task) root DEBUG client.py                 71    logger_log                : Received: hdr: Header(svc_id=0x00, op=0x03, ctrl_index=0xff, data_len=0x00) bytearray(b'\x00\x03\xff\x00\x00')
2025-01-07 22:38:50,227 BTPWorkerThread-1331 (_rx_task) root DEBUG client.py                 71    logger_log                : Received data: {''}, bytearray(b'')
2025-01-07 22:38:50,232 LT1-thread root DEBUG client.py                 71    logger_log                : received Header(svc_id=0, op=3, ctrl_index=255, data_len=0) (b'',)
2025-01-07 22:38:50,232 LT1-thread root DEBUG client.py                 71    logger_log                : expected ((0, 3, 255, 0), (b'',))
2025-01-07 22:38:50,232 LT1-thread root DEBUG client.py                 71    logger_log                : response is valid
2025-01-07 22:38:50,232 LT1-thread root DEBUG client.py                 71    logger_log                : Starting test function: class=<class 'autopts.ptsprojects.testcase.TestFunc'>, func=<bound method Stack.gatt_init of <autopts.ptsprojects.stack.stack.Stack object at 0x000002318206AB10>> start_wid=None stop_wid=None post_wid=None skip_call=None call_count=57 args=() kwds={}
2025-01-07 22:38:50,232 LT1-thread root DEBUG client.py                 71    logger_log                : Test function parameters: args=(), kwds={}
2025-01-07 22:38:50,233 LT1-thread root DEBUG client.py                 71    logger_log                : Starting test function: class=<class 'autopts.ptsprojects.testcase.TestFunc'>, func=<function gap_set_io_cap at 0x00000231FE527920> start_wid=None stop_wid=None post_wid=None skip_call=None call_count=57 args=(4,) kwds={}
2025-01-07 22:38:50,233 LT1-thread root DEBUG client.py                 71    logger_log                : Test function parameters: args=(4,), kwds={}
2025-01-07 22:38:50,233 LT1-thread root DEBUG client.py                 71    logger_log                : gap_set_io_cap 4
2025-01-07 22:38:50,233 LT1-thread root DEBUG client.py                 71    logger_log                : send, 1 16 0 '\x04'
2025-01-07 22:38:50,234 LT1-thread root DEBUG client.py                 71    logger_log                : sending frame '011000010004'
2025-01-07 22:38:50,234 LT1-thread root DEBUG client.py                 71    logger_log                : gap_command_rsp_succ
2025-01-07 22:38:50,234 LT1-thread root DEBUG client.py                 71    logger_log                : read
2025-01-07 22:38:50,296 BTPWorkerThread-1331 (_rx_task) root DEBUG client.py                 71    logger_log                : Read 5 bytes
2025-01-07 22:38:50,308 BTPWorkerThread-1331 (_rx_task) root DEBUG client.py                 71    logger_log                : Received: hdr: Header(svc_id=0x01, op=0x10, ctrl_index=0x00, data_len=0x00) bytearray(b'\x01\x10\x00\x00\x00')
2025-01-07 22:38:50,324 BTPWorkerThread-1331 (_rx_task) root DEBUG client.py                 71    logger_log                : Received data: {''}, bytearray(b'')
2025-01-07 22:38:50,336 LT1-thread root DEBUG client.py                 71    logger_log                : received Header(svc_id=1, op=16, ctrl_index=0, data_len=0) (b'',)
2025-01-07 22:38:50,336 LT1-thread root DEBUG client.py                 71    logger_log                : Starting test function: class=<class 'autopts.ptsprojects.testcase.TestFunc'>, func=<function set_pts_addr at 0x00000231FE5240E0> start_wid=None stop_wid=None post_wid=None skip_call=None call_count=57 args=('C0:07:E8:59:F2:E6', 0) kwds={}
2025-01-07 22:38:50,336 LT1-thread root DEBUG client.py                 71    logger_log                : Test function parameters: args=('C0:07:E8:59:F2:E6', 0), kwds={}
2025-01-07 22:38:50,336 LT1-thread root DEBUG client.py                 71    logger_log                : Starting test function: class=<class 'autopts.ptsprojects.testcase.TestFunc'>, func=<function gatts_add_svc at 0x00000231FE535DA0> start_wid=None stop_wid=None post_wid=None skip_call=None call_count=57 args=(0, 'AA51') kwds={}
2025-01-07 22:38:50,337 LT1-thread root DEBUG client.py                 71    logger_log                : Test function parameters: args=(0, 'AA51'), kwds={}
2025-01-07 22:38:50,337 LT1-thread root DEBUG client.py                 71    logger_log                : gatts_add_svc 0 'AA51'
2025-01-07 22:38:50,337 LT1-thread root DEBUG client.py                 71    logger_log                : send, 2 2 0 "bytearray(b'\\x00\\x02\\xaaQ')"
2025-01-07 22:38:50,337 LT1-thread root DEBUG client.py                 71    logger_log                : sending frame '02020004000002aa51'
2025-01-07 22:38:50,337 LT1-thread root DEBUG client.py                 71    logger_log                : gatt_command_rsp_succ
2025-01-07 22:38:50,337 LT1-thread root DEBUG client.py                 71    logger_log                : read
2025-01-07 22:38:50,392 BTPWorkerThread-1331 (_rx_task) root DEBUG client.py                 71    logger_log                : Read 5 bytes
2025-01-07 22:38:50,420 BTPWorkerThread-1331 (_rx_task) root DEBUG client.py                 71    logger_log                : Received: hdr: Header(svc_id=0x02, op=0x02, ctrl_index=0x00, data_len=0x02) bytearray(b'\x02\x02\x00\x02\x00')
2025-01-07 22:38:50,442 BTPWorkerThread-1331 (_rx_task) root DEBUG client.py                 71    logger_log                : Read 2 bytes data
2025-01-07 22:38:50,452 BTPWorkerThread-1331 (_rx_task) root DEBUG client.py                 71    logger_log                : Received data: {'00 00'}, bytearray(b'\x00\x00')
2025-01-07 22:38:50,470 LT1-thread root DEBUG client.py                 71    logger_log                : received Header(svc_id=2, op=2, ctrl_index=0, data_len=2) (b'\x00\x00',)
2025-01-07 22:38:50,470 LT1-thread root DEBUG client.py                 71    logger_log                : Starting test function: class=<class 'autopts.ptsprojects.testcase.TestFunc'>, func=<function gatts_add_char at 0x00000231FE535EE0> start_wid=None stop_wid=None post_wid=None skip_call=None call_count=57 args=(0, 2, 17, 'AA52') kwds={}
2025-01-07 22:38:50,470 LT1-thread root DEBUG client.py                 71    logger_log                : Test function parameters: args=(0, 2, 17, 'AA52'), kwds={}
2025-01-07 22:38:50,471 LT1-thread root DEBUG client.py                 71    logger_log                : gatts_add_char 0 2 17 'AA52'
2025-01-07 22:38:50,471 LT1-thread root DEBUG client.py                 71    logger_log                : send, 2 3 0 "bytearray(b'\\x00\\x00\\x02\\x11\\x02\\xaaR')"
2025-01-07 22:38:50,471 LT1-thread root DEBUG client.py                 71    logger_log                : sending frame '02030007000000021102aa52'
2025-01-07 22:38:50,471 LT1-thread root DEBUG client.py                 71    logger_log                : gatt_command_rsp_succ
2025-01-07 22:38:50,471 LT1-thread root DEBUG client.py                 71    logger_log                : read
2025-01-07 22:38:50,530 BTPWorkerThread-1331 (_rx_task) root DEBUG client.py                 71    logger_log                : Read 5 bytes
2025-01-07 22:38:50,552 BTPWorkerThread-1331 (_rx_task) root DEBUG client.py                 71    logger_log                : Received: hdr: Header(svc_id=0x02, op=0x03, ctrl_index=0x00, data_len=0x02) bytearray(b'\x02\x03\x00\x02\x00')
2025-01-07 22:38:50,568 BTPWorkerThread-1331 (_rx_task) root DEBUG client.py                 71    logger_log                : Read 2 bytes data
2025-01-07 22:38:50,568 BTPWorkerThread-1331 (_rx_task) root DEBUG client.py                 71    logger_log                : Received data: {'00 00'}, bytearray(b'\x00\x00')
2025-01-07 22:38:50,580 LT1-thread root DEBUG client.py                 71    logger_log                : received Header(svc_id=2, op=3, ctrl_index=0, data_len=2) (b'\x00\x00',)
2025-01-07 22:38:50,580 LT1-thread root DEBUG client.py                 71    logger_log                : Starting test function: class=<class 'autopts.ptsprojects.testcase.TestFunc'>, func=<function gatts_set_val at 0x00000231FE535F80> start_wid=None stop_wid=None post_wid=None skip_call=None call_count=57 args=(0, '01') kwds={}
2025-01-07 22:38:50,580 LT1-thread root DEBUG client.py                 71    logger_log                : Test function parameters: args=(0, '01'), kwds={}
2025-01-07 22:38:50,580 LT1-thread root DEBUG client.py                 71    logger_log                : gatts_set_val 0 '01' 
2025-01-07 22:38:50,580 LT1-thread root DEBUG client.py                 71    logger_log                : send, 2 6 0 "bytearray(b'\\x00\\x00\\x01\\x00\\x01')"
2025-01-07 22:38:50,581 LT1-thread root DEBUG client.py                 71    logger_log                : sending frame '02060005000000010001'
2025-01-07 22:38:50,581 LT1-thread root DEBUG client.py                 71    logger_log                : gatt_command_rsp_succ
2025-01-07 22:38:50,581 LT1-thread root DEBUG client.py                 71    logger_log                : read
2025-01-07 22:38:50,641 BTPWorkerThread-1331 (_rx_task) root DEBUG client.py                 71    logger_log                : Read 5 bytes
2025-01-07 22:38:50,646 BTPWorkerThread-1331 (_rx_task) root DEBUG client.py                 71    logger_log                : Received: hdr: Header(svc_id=0x02, op=0x06, ctrl_index=0x00, data_len=0x00) bytearray(b'\x02\x06\x00\x00\x00')
2025-01-07 22:38:50,656 BTPWorkerThread-1331 (_rx_task) root DEBUG client.py                 71    logger_log                : Received data: {''}, bytearray(b'')
2025-01-07 22:38:50,673 LT1-thread root DEBUG client.py                 71    logger_log                : received Header(svc_id=2, op=6, ctrl_index=0, data_len=0) (b'',)
2025-01-07 22:38:50,673 LT1-thread root DEBUG client.py                 71    logger_log                : Starting test function: class=<class 'autopts.ptsprojects.testcase.TestFunc'>, func=<function gatts_add_char at 0x00000231FE535EE0> start_wid=None stop_wid=None post_wid=None skip_call=None call_count=57 args=(0, 2, 5, 'AA53') kwds={}
2025-01-07 22:38:50,673 LT1-thread root DEBUG client.py                 71    logger_log                : Test function parameters: args=(0, 2, 5, 'AA53'), kwds={}
2025-01-07 22:38:50,673 LT1-thread root DEBUG client.py                 71    logger_log                : gatts_add_char 0 2 5 'AA53'
2025-01-07 22:38:50,673 LT1-thread root DEBUG client.py                 71    logger_log                : send, 2 3 0 "bytearray(b'\\x00\\x00\\x02\\x05\\x02\\xaaS')"
2025-01-07 22:38:50,674 LT1-thread root DEBUG client.py                 71    logger_log                : sending frame '02030007000000020502aa53'
2025-01-07 22:38:50,674 LT1-thread root DEBUG client.py                 71    logger_log                : gatt_command_rsp_succ
2025-01-07 22:38:50,674 LT1-thread root DEBUG client.py                 71    logger_log                : read
2025-01-07 22:38:50,716 BTPWorkerThread-1331 (_rx_task) root DEBUG client.py                 71    logger_log                : Read 5 bytes
2025-01-07 22:38:50,734 BTPWorkerThread-1331 (_rx_task) root DEBUG client.py                 71    logger_log                : Received: hdr: Header(svc_id=0x02, op=0x03, ctrl_index=0x00, data_len=0x02) bytearray(b'\x02\x03\x00\x02\x00')
2025-01-07 22:38:50,740 BTPWorkerThread-1331 (_rx_task) root DEBUG client.py                 71    logger_log                : Read 2 bytes data
2025-01-07 22:38:50,751 BTPWorkerThread-1331 (_rx_task) root DEBUG client.py                 71    logger_log                : Received data: {'00 00'}, bytearray(b'\x00\x00')
2025-01-07 22:38:50,762 LT1-thread root DEBUG client.py                 71    logger_log                : received Header(svc_id=2, op=3, ctrl_index=0, data_len=2) (b'\x00\x00',)
2025-01-07 22:38:50,762 LT1-thread root DEBUG client.py                 71    logger_log                : Starting test function: class=<class 'autopts.ptsprojects.testcase.TestFunc'>, func=<function gatts_set_val at 0x00000231FE535F80> start_wid=None stop_wid=None post_wid=None skip_call=None call_count=57 args=(0, '02') kwds={}
2025-01-07 22:38:50,762 LT1-thread root DEBUG client.py                 71    logger_log                : Test function parameters: args=(0, '02'), kwds={}
2025-01-07 22:38:50,762 LT1-thread root DEBUG client.py                 71    logger_log                : gatts_set_val 0 '02' 
2025-01-07 22:38:50,763 LT1-thread root DEBUG client.py                 71    logger_log                : send, 2 6 0 "bytearray(b'\\x00\\x00\\x01\\x00\\x02')"
2025-01-07 22:38:50,763 LT1-thread root DEBUG client.py                 71    logger_log                : sending frame '02060005000000010002'
2025-01-07 22:38:50,763 LT1-thread root DEBUG client.py                 71    logger_log                : gatt_command_rsp_succ
2025-01-07 22:38:50,763 LT1-thread root DEBUG client.py                 71    logger_log                : read
2025-01-07 22:38:50,838 BTPWorkerThread-1331 (_rx_task) root DEBUG client.py                 71    logger_log                : Read 5 bytes
2025-01-07 22:38:50,850 BTPWorkerThread-1331 (_rx_task) root DEBUG client.py                 71    logger_log                : Received: hdr: Header(svc_id=0x02, op=0x06, ctrl_index=0x00, data_len=0x00) bytearray(b'\x02\x06\x00\x00\x00')
2025-01-07 22:38:50,861 BTPWorkerThread-1331 (_rx_task) root DEBUG client.py                 71    logger_log                : Received data: {''}, bytearray(b'')
2025-01-07 22:38:50,878 LT1-thread root DEBUG client.py                 71    logger_log                : received Header(svc_id=2, op=6, ctrl_index=0, data_len=0) (b'',)
2025-01-07 22:38:50,878 LT1-thread root DEBUG client.py                 71    logger_log                : Starting test function: class=<class 'autopts.ptsprojects.testcase.TestFunc'>, func=<function gatts_add_char at 0x00000231FE535EE0> start_wid=None stop_wid=None post_wid=None skip_call=None call_count=57 args=(0, 66, 3, 'AA54') kwds={}
2025-01-07 22:38:50,878 LT1-thread root DEBUG client.py                 71    logger_log                : Test function parameters: args=(0, 66, 3, 'AA54'), kwds={}
2025-01-07 22:38:50,879 LT1-thread root DEBUG client.py                 71    logger_log                : gatts_add_char 0 66 3 'AA54'
2025-01-07 22:38:50,879 LT1-thread root DEBUG client.py                 71    logger_log                : send, 2 3 0 "bytearray(b'\\x00\\x00B\\x03\\x02\\xaaT')"
2025-01-07 22:38:50,879 LT1-thread root DEBUG client.py                 71    logger_log                : sending frame '02030007000000420302aa54'
2025-01-07 22:38:50,879 LT1-thread root DEBUG client.py                 71    logger_log                : gatt_command_rsp_succ
2025-01-07 22:38:50,879 LT1-thread root DEBUG client.py                 71    logger_log                : read
2025-01-07 22:38:50,936 BTPWorkerThread-1331 (_rx_task) root DEBUG client.py                 71    logger_log                : Read 5 bytes
2025-01-07 22:38:50,941 BTPWorkerThread-1331 (_rx_task) root DEBUG client.py                 71    logger_log                : Received: hdr: Header(svc_id=0x02, op=0x03, ctrl_index=0x00, data_len=0x02) bytearray(b'\x02\x03\x00\x02\x00')
2025-01-07 22:38:50,946 BTPWorkerThread-1331 (_rx_task) root DEBUG client.py                 71    logger_log                : Read 2 bytes data
2025-01-07 22:38:50,946 BTPWorkerThread-1331 (_rx_task) root DEBUG client.py                 71    logger_log                : Received data: {'00 00'}, bytearray(b'\x00\x00')
2025-01-07 22:38:50,946 LT1-thread root DEBUG client.py                 71    logger_log                : received Header(svc_id=2, op=3, ctrl_index=0, data_len=2) (b'\x00\x00',)
2025-01-07 22:38:50,946 LT1-thread root DEBUG client.py                 71    logger_log                : Starting test function: class=<class 'autopts.ptsprojects.testcase.TestFunc'>, func=<function gatts_set_val at 0x00000231FE535F80> start_wid=None stop_wid=None post_wid=None skip_call=None call_count=57 args=(0, '03') kwds={}
2025-01-07 22:38:50,947 LT1-thread root DEBUG client.py                 71    logger_log                : Test function parameters: args=(0, '03'), kwds={}
2025-01-07 22:38:50,947 LT1-thread root DEBUG client.py                 71    logger_log                : gatts_set_val 0 '03' 
2025-01-07 22:38:50,947 LT1-thread root DEBUG client.py                 71    logger_log                : send, 2 6 0 "bytearray(b'\\x00\\x00\\x01\\x00\\x03')"
2025-01-07 22:38:50,947 LT1-thread root DEBUG client.py                 71    logger_log                : sending frame '02060005000000010003'
2025-01-07 22:38:50,948 LT1-thread root DEBUG client.py                 71    logger_log                : gatt_command_rsp_succ
2025-01-07 22:38:50,948 LT1-thread root DEBUG client.py                 71    logger_log                : read
2025-01-07 22:38:51,020 BTPWorkerThread-1331 (_rx_task) root DEBUG client.py                 71    logger_log                : Read 5 bytes
2025-01-07 22:38:51,037 BTPWorkerThread-1331 (_rx_task) root DEBUG client.py                 71    logger_log                : Received: hdr: Header(svc_id=0x02, op=0x06, ctrl_index=0x00, data_len=0x00) bytearray(b'\x02\x06\x00\x00\x00')
2025-01-07 22:38:51,048 BTPWorkerThread-1331 (_rx_task) root DEBUG client.py                 71    logger_log                : Received data: {''}, bytearray(b'')
2025-01-07 22:38:51,053 LT1-thread root DEBUG client.py                 71    logger_log                : received Header(svc_id=2, op=6, ctrl_index=0, data_len=0) (b'',)
2025-01-07 22:38:51,053 LT1-thread root DEBUG client.py                 71    logger_log                : Starting test function: class=<class 'autopts.ptsprojects.testcase.TestFunc'>, func=<function gatts_add_char at 0x00000231FE535EE0> start_wid=None stop_wid=None post_wid=None skip_call=None call_count=57 args=(0, 10, 48, 'AA55') kwds={}
2025-01-07 22:38:51,053 LT1-thread root DEBUG client.py                 71    logger_log                : Test function parameters: args=(0, 10, 48, 'AA55'), kwds={}
2025-01-07 22:38:51,053 LT1-thread root DEBUG client.py                 71    logger_log                : gatts_add_char 0 10 48 'AA55'
2025-01-07 22:38:51,054 LT1-thread root DEBUG client.py                 71    logger_log                : send, 2 3 0 "bytearray(b'\\x00\\x00\\n0\\x02\\xaaU')"
2025-01-07 22:38:51,054 LT1-thread root DEBUG client.py                 71    logger_log                : sending frame '020300070000000a3002aa55'
2025-01-07 22:38:51,054 LT1-thread root DEBUG client.py                 71    logger_log                : gatt_command_rsp_succ
2025-01-07 22:38:51,054 LT1-thread root DEBUG client.py                 71    logger_log                : read
2025-01-07 22:38:51,088 BTPWorkerThread-1331 (_rx_task) root DEBUG client.py                 71    logger_log                : Read 5 bytes
2025-01-07 22:38:51,137 BTPWorkerThread-1331 (_rx_task) root DEBUG client.py                 71    logger_log                : Received: hdr: Header(svc_id=0x02, op=0x03, ctrl_index=0x00, data_len=0x02) bytearray(b'\x02\x03\x00\x02\x00')
2025-01-07 22:38:51,147 BTPWorkerThread-1331 (_rx_task) root DEBUG client.py                 71    logger_log                : Read 2 bytes data
2025-01-07 22:38:51,153 BTPWorkerThread-1331 (_rx_task) root DEBUG client.py                 71    logger_log                : Received data: {'00 00'}, bytearray(b'\x00\x00')
2025-01-07 22:38:51,169 LT1-thread root DEBUG client.py                 71    logger_log                : received Header(svc_id=2, op=3, ctrl_index=0, data_len=2) (b'\x00\x00',)
2025-01-07 22:38:51,169 LT1-thread root DEBUG client.py                 71    logger_log                : Starting test function: class=<class 'autopts.ptsprojects.testcase.TestFunc'>, func=<function gatts_set_val at 0x00000231FE535F80> start_wid=None stop_wid=None post_wid=None skip_call=None call_count=57 args=(0, '04') kwds={}
2025-01-07 22:38:51,169 LT1-thread root DEBUG client.py                 71    logger_log                : Test function parameters: args=(0, '04'), kwds={}
2025-01-07 22:38:51,169 LT1-thread root DEBUG client.py                 71    logger_log                : gatts_set_val 0 '04' 
2025-01-07 22:38:51,169 LT1-thread root DEBUG client.py                 71    logger_log                : send, 2 6 0 "bytearray(b'\\x00\\x00\\x01\\x00\\x04')"
2025-01-07 22:38:51,170 LT1-thread root DEBUG client.py                 71    logger_log                : sending frame '02060005000000010004'
2025-01-07 22:38:51,170 LT1-thread root DEBUG client.py                 71    logger_log                : gatt_command_rsp_succ
2025-01-07 22:38:51,170 LT1-thread root DEBUG client.py                 71    logger_log                : read
2025-01-07 22:38:51,205 BTPWorkerThread-1331 (_rx_task) root DEBUG client.py                 71    logger_log                : Read 5 bytes
2025-01-07 22:38:51,226 BTPWorkerThread-1331 (_rx_task) root DEBUG client.py                 71    logger_log                : Received: hdr: Header(svc_id=0x02, op=0x06, ctrl_index=0x00, data_len=0x00) bytearray(b'\x02\x06\x00\x00\x00')
2025-01-07 22:38:51,232 BTPWorkerThread-1331 (_rx_task) root DEBUG client.py                 71    logger_log                : Received data: {''}, bytearray(b'')
2025-01-07 22:38:51,232 LT1-thread root DEBUG client.py                 71    logger_log                : received Header(svc_id=2, op=6, ctrl_index=0, data_len=0) (b'',)
2025-01-07 22:38:51,232 LT1-thread root DEBUG client.py                 71    logger_log                : Starting test function: class=<class 'autopts.ptsprojects.testcase.TestFunc'>, func=<function gatts_start_server at 0x00000231FE536200> start_wid=None stop_wid=None post_wid=None skip_call=None call_count=57 args=() kwds={}
2025-01-07 22:38:51,232 LT1-thread root DEBUG client.py                 71    logger_log                : Test function parameters: args=(), kwds={}
2025-01-07 22:38:51,232 LT1-thread root DEBUG client.py                 71    logger_log                : gatts_start_server
2025-01-07 22:38:51,233 LT1-thread root DEBUG client.py                 71    logger_log                : send, 2 7 0 ''
2025-01-07 22:38:51,233 LT1-thread root DEBUG client.py                 71    logger_log                : sending frame '0207000000'
2025-01-07 22:38:51,233 LT1-thread root DEBUG client.py                 71    logger_log                : gatt_command_rsp_succ
2025-01-07 22:38:51,233 LT1-thread root DEBUG client.py                 71    logger_log                : read
2025-01-07 22:38:51,290 BTPWorkerThread-1331 (_rx_task) root DEBUG client.py                 71    logger_log                : Read 5 bytes
2025-01-07 22:38:51,301 BTPWorkerThread-1331 (_rx_task) root DEBUG client.py                 71    logger_log                : Received: hdr: Header(svc_id=0x02, op=0x07, ctrl_index=0x00, data_len=0x03) bytearray(b'\x02\x07\x00\x03\x00')
2025-01-07 22:38:51,339 BTPWorkerThread-1331 (_rx_task) root DEBUG client.py                 71    logger_log                : Read 3 bytes data
2025-01-07 22:38:51,350 BTPWorkerThread-1331 (_rx_task) root DEBUG client.py                 71    logger_log                : Received data: {'00 00 00'}, bytearray(b'\x00\x00\x00')
2025-01-07 22:38:51,367 LT1-thread root DEBUG client.py                 71    logger_log                : received Header(svc_id=2, op=7, ctrl_index=0, data_len=3) (b'\x00\x00\x00',)
2025-01-07 22:38:51,370 LT1-thread root DEBUG client.py                 71    logger_log                : ClientCallback.get_result run_test_case
2025-01-07 22:38:52,741 LT1-callback ClientCallback.on_implicit_send INFO client.py                 71    logger_log                : 
    ********************
    BEGIN OnImplicitSend:
    project_name: GAP
    wid: 226
    test_case_name: GAP/SEC/SEM/BV-64-C
    description: Please configures the IUT into LE Security: Mode 1 Level 4. Press OK to continue.
    style: MMI_Style_Ok_Cancel1 0x11041
2025-01-07 22:38:52,741 LT1-callback ClientCallback.on_implicit_send INFO client.py                 71    logger_log                : Calling test cases on_implicit_send
2025-01-07 22:38:52,742 LT1-callback ClientCallback.on_implicit_send INFO client.py                 71    logger_log                : 
    on_implicit_send returned response: WAIT
    END OnImplicitSend
    ********************
2025-01-07 22:38:53,371 LT1-thread root DEBUG client.py                 71    logger_log                : GAP GAP/SEC/SEM/BV-64-C on_implicit_send
2025-01-07 22:38:53,371 LT1-thread root DEBUG client.py                 71    logger_log                : gap_wid_hdl, 226, Please configures the IUT into LE Security: Mode 1 Level 4. Press OK to continue., GAP/SEC/SEM/BV-64-C
2025-01-07 22:38:53,371 LT1-thread root DEBUG client.py                 71    logger_log                : Sending response 'OK' to wid 226 test case GAP/SEC/SEM/BV-64-C
2025-01-07 22:38:53,374 LT1-thread root DEBUG client.py                 71    logger_log                : ClientCallback.get_result run_test_case
2025-01-07 22:38:54,783 LT1-callback ClientCallback.on_implicit_send INFO client.py                 71    logger_log                : 
    ********************
    BEGIN OnImplicitSend:
    project_name: GAP
    wid: 78
    test_case_name: GAP/SEC/SEM/BV-64-C
    description: Please send an LE connect request to establish a connection.
    style: MMI_Style_Ok_Cancel2 0x11141
2025-01-07 22:38:54,783 LT1-callback ClientCallback.on_implicit_send INFO client.py                 71    logger_log                : Calling test cases on_implicit_send
2025-01-07 22:38:54,783 LT1-callback ClientCallback.on_implicit_send INFO client.py                 71    logger_log                : 
    on_implicit_send returned response: WAIT
    END OnImplicitSend
    ********************
2025-01-07 22:38:55,376 LT1-thread root DEBUG client.py                 71    logger_log                : GAP GAP/SEC/SEM/BV-64-C on_implicit_send
2025-01-07 22:38:55,376 LT1-thread root DEBUG client.py                 71    logger_log                : gap_wid_hdl, 78, Please send an LE connect request to establish a connection., GAP/SEC/SEM/BV-64-C
2025-01-07 22:38:55,376 LT1-thread root DEBUG client.py                 71    logger_log                : gap_conn None None
2025-01-07 22:38:55,376 LT1-thread root DEBUG client.py                 71    logger_log                : send, 1 14 0 "bytearray(b'\\x00\\xe6\\xf2Y\\xe8\\x07\\xc0\\x00')"
2025-01-07 22:38:55,377 LT1-thread root DEBUG client.py                 71    logger_log                : sending frame '010e00080000e6f259e807c000'
2025-01-07 22:38:55,377 LT1-thread root DEBUG client.py                 71    logger_log                : read
2025-01-07 22:38:55,428 BTPWorkerThread-1331 (_rx_task) root DEBUG client.py                 71    logger_log                : Read 5 bytes
2025-01-07 22:38:55,440 BTPWorkerThread-1331 (_rx_task) root DEBUG client.py                 71    logger_log                : Received: hdr: Header(svc_id=0x01, op=0x0e, ctrl_index=0x00, data_len=0x00) bytearray(b'\x01\x0e\x00\x00\x00')
2025-01-07 22:38:55,455 BTPWorkerThread-1331 (_rx_task) root DEBUG client.py                 71    logger_log                : Received data: {''}, bytearray(b'')
2025-01-07 22:38:55,472 BTPWorkerThread-1331 (_rx_task) root DEBUG client.py                 71    logger_log                : Read 5 bytes
2025-01-07 22:38:55,472 LT1-thread root DEBUG client.py                 71    logger_log                : Sending response 'OK' to wid 78 test case GAP/SEC/SEM/BV-64-C
2025-01-07 22:38:55,473 BTPWorkerThread-1331 (_rx_task) root DEBUG client.py                 71    logger_log                : Received: hdr: Header(svc_id=0x01, op=0x82, ctrl_index=0x00, data_len=0x0d) bytearray(b'\x01\x82\x00\r\x00')
2025-01-07 22:38:55,473 BTPWorkerThread-1331 (_rx_task) root DEBUG client.py                 71    logger_log                : Read 13 bytes data
2025-01-07 22:38:55,474 BTPWorkerThread-1331 (_rx_task) root DEBUG client.py                 71    logger_log                : Received data: {'00 e6 f2 59 e8 07 c0 18 00 00 00 90 01'}, bytearray(b'\x00\xe6\xf2Y\xe8\x07\xc0\x18\x00\x00\x00\x90\x01')
2025-01-07 22:38:55,474 BTPWorkerThread-1331 (_rx_task) root DEBUG client.py                 71    logger_log                : event_handler Header(svc_id=1, op=130, ctrl_index=0, data_len=13) (b'\x00\xe6\xf2Y\xe8\x07\xc0\x18\x00\x00\x00\x90\x01',)
2025-01-07 22:38:55,474 BTPWorkerThread-1331 (_rx_task) root DEBUG client.py                 71    logger_log                : gap_connected_ev_ b'\x00\xe6\xf2Y\xe8\x07\xc0\x18\x00\x00\x00\x90\x01'
2025-01-07 22:38:55,476 LT1-thread root DEBUG client.py                 71    logger_log                : ClientCallback.get_result run_test_case
2025-01-07 22:38:55,478 LT1-callback ClientCallback.on_implicit_send INFO client.py                 71    logger_log                : 
    ********************
    BEGIN OnImplicitSend:
    project_name: GAP
    wid: 108
    test_case_name: GAP/SEC/SEM/BV-64-C
    description: Please start the Bonding Procedure in bondable mode.
    style: MMI_Style_Ok_Cancel2 0x11141
2025-01-07 22:38:55,479 LT1-callback ClientCallback.on_implicit_send INFO client.py                 71    logger_log                : Calling test cases on_implicit_send
2025-01-07 22:38:55,479 LT1-callback ClientCallback.on_implicit_send INFO client.py                 71    logger_log                : 
    on_implicit_send returned response: WAIT
    END OnImplicitSend
    ********************
2025-01-07 22:38:56,476 LT1-thread root DEBUG client.py                 71    logger_log                : GAP GAP/SEC/SEM/BV-64-C on_implicit_send
2025-01-07 22:38:56,476 LT1-thread root DEBUG client.py                 71    logger_log                : gap_wid_hdl, 108, Please start the Bonding Procedure in bondable mode., GAP/SEC/SEM/BV-64-C
2025-01-07 22:38:56,477 LT1-thread root DEBUG client.py                 71    logger_log                : gap_pair None None
2025-01-07 22:38:56,477 LT1-thread root DEBUG client.py                 71    logger_log                : send, 1 17 0 "bytearray(b'\\x00\\xe6\\xf2Y\\xe8\\x07\\xc0')"
2025-01-07 22:38:56,477 LT1-thread root DEBUG client.py                 71    logger_log                : sending frame '011100070000e6f259e807c0'
2025-01-07 22:38:56,477 LT1-thread root DEBUG client.py                 71    logger_log                : gap_command_rsp_succ
2025-01-07 22:38:56,477 LT1-thread root DEBUG client.py                 71    logger_log                : read
2025-01-07 22:38:56,546 BTPWorkerThread-1331 (_rx_task) root DEBUG client.py                 71    logger_log                : Read 5 bytes
2025-01-07 22:38:56,567 BTPWorkerThread-1331 (_rx_task) root DEBUG client.py                 71    logger_log                : Received: hdr: Header(svc_id=0x01, op=0x11, ctrl_index=0x00, data_len=0x00) bytearray(b'\x01\x11\x00\x00\x00')
2025-01-07 22:38:56,567 BTPWorkerThread-1331 (_rx_task) root DEBUG client.py                 71    logger_log                : Received data: {''}, bytearray(b'')
2025-01-07 22:38:56,567 LT1-thread root DEBUG client.py                 71    logger_log                : received Header(svc_id=1, op=17, ctrl_index=0, data_len=0) (b'',)
2025-01-07 22:38:56,567 LT1-thread root DEBUG client.py                 71    logger_log                : Sending response 'OK' to wid 108 test case GAP/SEC/SEM/BV-64-C
2025-01-07 22:38:56,571 LT1-thread root DEBUG client.py                 71    logger_log                : ClientCallback.get_result run_test_case
2025-01-07 22:38:56,647 LT1-callback ClientCallback.on_implicit_send INFO client.py                 71    logger_log                : 
    ********************
    BEGIN OnImplicitSend:
    project_name: GAP
    wid: 2004
    test_case_name: GAP/SEC/SEM/BV-64-C
    description: Please confirm that 6 digit number is matched with 749700.
    style: MMI_Style_Ok_Cancel1 0x11041
2025-01-07 22:38:56,647 LT1-callback ClientCallback.on_implicit_send INFO client.py                 71    logger_log                : Calling test cases on_implicit_send
2025-01-07 22:38:56,647 LT1-callback ClientCallback.on_implicit_send INFO client.py                 71    logger_log                : 
    on_implicit_send returned response: WAIT
    END OnImplicitSend
    ********************
2025-01-07 22:38:56,687 BTPWorkerThread-1331 (_rx_task) root DEBUG client.py                 71    logger_log                : Read 5 bytes
2025-01-07 22:38:56,688 BTPWorkerThread-1331 (_rx_task) root DEBUG client.py                 71    logger_log                : Received: hdr: Header(svc_id=0x01, op=0x86, ctrl_index=0x00, data_len=0x0b) bytearray(b'\x01\x86\x00\x0b\x00')
2025-01-07 22:38:56,688 BTPWorkerThread-1331 (_rx_task) root DEBUG client.py                 71    logger_log                : Read 11 bytes data
2025-01-07 22:38:56,688 BTPWorkerThread-1331 (_rx_task) root DEBUG client.py                 71    logger_log                : Received data: {'00 e6 f2 59 e8 07 c0 84 70 0b 00'}, bytearray(b'\x00\xe6\xf2Y\xe8\x07\xc0\x84p\x0b\x00')
2025-01-07 22:38:56,688 BTPWorkerThread-1331 (_rx_task) root DEBUG client.py                 71    logger_log                : event_handler Header(svc_id=1, op=134, ctrl_index=0, data_len=11) (b'\x00\xe6\xf2Y\xe8\x07\xc0\x84p\x0b\x00',)
2025-01-07 22:38:56,688 BTPWorkerThread-1331 (_rx_task) root DEBUG client.py                 71    logger_log                : gap_passkey_confirm_req_ev_
2025-01-07 22:38:56,688 BTPWorkerThread-1331 (_rx_task) root DEBUG client.py                 71    logger_log                : passkey = '749700'
2025-01-07 22:38:57,572 LT1-thread root DEBUG client.py                 71    logger_log                : GAP GAP/SEC/SEM/BV-64-C on_implicit_send
2025-01-07 22:38:57,572 LT1-thread root DEBUG client.py                 71    logger_log                : gap_wid_hdl, 2004, Please confirm that 6 digit number is matched with 749700., GAP/SEC/SEM/BV-64-C
2025-01-07 22:38:57,572 LT1-thread root DEBUG client.py                 71    logger_log                : gap_passkey_confirm_rsp 'c007e859f2e6' 0
2025-01-07 22:38:57,572 LT1-thread root DEBUG client.py                 71    logger_log                : send, 1 20 0 "bytearray(b'\\x00\\xe6\\xf2Y\\xe8\\x07\\xc0\\x01')"
2025-01-07 22:38:57,573 LT1-thread root DEBUG client.py                 71    logger_log                : sending frame '011400080000e6f259e807c001'
2025-01-07 22:38:57,573 LT1-thread root DEBUG client.py                 71    logger_log                : gap_command_rsp_succ
2025-01-07 22:38:57,573 LT1-thread root DEBUG client.py                 71    logger_log                : read
2025-01-07 22:38:57,624 BTPWorkerThread-1331 (_rx_task) root DEBUG client.py                 71    logger_log                : Read 5 bytes
2025-01-07 22:38:57,630 BTPWorkerThread-1331 (_rx_task) root DEBUG client.py                 71    logger_log                : Received: hdr: Header(svc_id=0x01, op=0x14, ctrl_index=0x00, data_len=0x00) bytearray(b'\x01\x14\x00\x00\x00')
2025-01-07 22:38:57,630 BTPWorkerThread-1331 (_rx_task) root DEBUG client.py                 71    logger_log                : Received data: {''}, bytearray(b'')
2025-01-07 22:38:57,630 LT1-thread root DEBUG client.py                 71    logger_log                : received Header(svc_id=1, op=20, ctrl_index=0, data_len=0) (b'',)
2025-01-07 22:38:57,630 LT1-thread root DEBUG client.py                 71    logger_log                : Sending response 'OK' to wid 2004 test case GAP/SEC/SEM/BV-64-C
2025-01-07 22:38:57,633 LT1-thread root DEBUG client.py                 71    logger_log                : ClientCallback.get_result run_test_case
2025-01-07 22:38:57,791 BTPWorkerThread-1331 (_rx_task) root DEBUG client.py                 71    logger_log                : Read 5 bytes
2025-01-07 22:38:57,791 BTPWorkerThread-1331 (_rx_task) root DEBUG client.py                 71    logger_log                : Received: hdr: Header(svc_id=0x01, op=0x89, ctrl_index=0x00, data_len=0x08) bytearray(b'\x01\x89\x00\x08\x00')
2025-01-07 22:38:57,791 BTPWorkerThread-1331 (_rx_task) root DEBUG client.py                 71    logger_log                : Read 8 bytes data
2025-01-07 22:38:57,791 BTPWorkerThread-1331 (_rx_task) root DEBUG client.py                 71    logger_log                : Received data: {'00 e6 f2 59 e8 07 c0 04'}, bytearray(b'\x00\xe6\xf2Y\xe8\x07\xc0\x04')
2025-01-07 22:38:57,791 BTPWorkerThread-1331 (_rx_task) root DEBUG client.py                 71    logger_log                : event_handler Header(svc_id=1, op=137, ctrl_index=0, data_len=8) (b'\x00\xe6\xf2Y\xe8\x07\xc0\x04',)
2025-01-07 22:38:57,792 BTPWorkerThread-1331 (_rx_task) root DEBUG client.py                 71    logger_log                : gap_sec_level_changed_ev_
2025-01-07 22:38:57,792 BTPWorkerThread-1331 (_rx_task) root DEBUG client.py                 71    logger_log                : received b'\x00\xe6\xf2Y\xe8\x07\xc0\x04'
2025-01-07 22:38:57,792 BTPWorkerThread-1331 (_rx_task) root DEBUG client.py                 71    logger_log                : received (0, 'c007e859f2e6', 4)
2025-01-07 22:39:00,446 LT1-callback ClientCallback.on_implicit_send INFO client.py                 71    logger_log                : 
    ********************
    BEGIN OnImplicitSend:
    project_name: GAP
    wid: 234
    test_case_name: GAP/SEC/SEM/BV-64-C
    description: Please send ATT_WRITE_REQUEST to handle 0x000D with CCCD set to 0x0002 to enable indication. Discover services if needed.
    style: MMI_Style_Ok_Cancel2 0x11141
2025-01-07 22:39:00,446 LT1-callback ClientCallback.on_implicit_send INFO client.py                 71    logger_log                : Calling test cases on_implicit_send
2025-01-07 22:39:00,446 LT1-callback ClientCallback.on_implicit_send INFO client.py                 71    logger_log                : 
    on_implicit_send returned response: WAIT
    END OnImplicitSend
    ********************
2025-01-07 22:39:00,636 LT1-thread root DEBUG client.py                 71    logger_log                : GAP GAP/SEC/SEM/BV-64-C on_implicit_send
2025-01-07 22:39:00,636 LT1-thread root DEBUG client.py                 71    logger_log                : gap_wid_hdl, 234, Please send ATT_WRITE_REQUEST to handle 0x000D with CCCD set to 0x0002 to enable indication. Discover services if needed., GAP/SEC/SEM/BV-64-C
2025-01-07 22:39:00,636 LT1-thread root DEBUG client.py                 71    logger_log                : gattc_cfg_indicate 0 'c007e859f2e6', 1, '000D'
2025-01-07 22:39:00,636 LT1-thread root DEBUG client.py                 71    logger_log                : send, 2 27 0 "bytearray(b'\\x00\\xe6\\xf2Y\\xe8\\x07\\xc0\\x01\\r\\x00')"
2025-01-07 22:39:00,636 LT1-thread root DEBUG client.py                 71    logger_log                : sending frame '021b000a0000e6f259e807c0010d00'
2025-01-07 22:39:00,637 LT1-thread root DEBUG client.py                 71    logger_log                : read
2025-01-07 22:39:00,871 BTPWorkerThread-1331 (_rx_task) root DEBUG client.py                 71    logger_log                : Read 5 bytes
2025-01-07 22:39:00,871 BTPWorkerThread-1331 (_rx_task) root DEBUG client.py                 71    logger_log                : Received: hdr: Header(svc_id=0x02, op=0x1b, ctrl_index=0x00, data_len=0x00) bytearray(b'\x02\x1b\x00\x00\x00')
2025-01-07 22:39:00,871 BTPWorkerThread-1331 (_rx_task) root DEBUG client.py                 71    logger_log                : Received data: {''}, bytearray(b'')
2025-01-07 22:39:00,872 LT1-thread root DEBUG client.py                 71    logger_log                : gattc_cfg_indicate received Header(svc_id=2, op=27, ctrl_index=0, data_len=0) (b'',)
2025-01-07 22:39:00,872 LT1-thread root DEBUG client.py                 71    logger_log                : Sending response 'OK' to wid 234 test case GAP/SEC/SEM/BV-64-C
2025-01-07 22:39:00,875 LT1-thread root DEBUG client.py                 71    logger_log                : ClientCallback.get_result run_test_case
2025-01-07 22:39:00,878 LT1-callback ClientCallback.on_implicit_send INFO client.py                 71    logger_log                : 
    ********************
    BEGIN OnImplicitSend:
    project_name: GAP
    wid: 118
    test_case_name: GAP/SEC/SEM/BV-64-C
    description: Please press ok to disconnect the link.
    style: MMI_Style_Ok_Cancel1 0x11041
2025-01-07 22:39:00,878 LT1-callback ClientCallback.on_implicit_send INFO client.py                 71    logger_log                : Calling test cases on_implicit_send
2025-01-07 22:39:00,878 LT1-callback ClientCallback.on_implicit_send INFO client.py                 71    logger_log                : 
    on_implicit_send returned response: WAIT
    END OnImplicitSend
    ********************
2025-01-07 22:39:01,876 LT1-thread root DEBUG client.py                 71    logger_log                : GAP GAP/SEC/SEM/BV-64-C on_implicit_send
2025-01-07 22:39:01,876 LT1-thread root DEBUG client.py                 71    logger_log                : gap_wid_hdl, 118, Please press ok to disconnect the link., GAP/SEC/SEM/BV-64-C
2025-01-07 22:39:01,876 LT1-thread root DEBUG client.py                 71    logger_log                : Sending response 'OK' to wid 118 test case GAP/SEC/SEM/BV-64-C
2025-01-07 22:39:01,879 LT1-thread root DEBUG client.py                 71    logger_log                : ClientCallback.get_result run_test_case
2025-01-07 22:39:02,139 BTPWorkerThread-1331 (_rx_task) root DEBUG client.py                 71    logger_log                : Read 5 bytes
2025-01-07 22:39:02,139 BTPWorkerThread-1331 (_rx_task) root DEBUG client.py                 71    logger_log                : Received: hdr: Header(svc_id=0x01, op=0x83, ctrl_index=0x00, data_len=0x07) bytearray(b'\x01\x83\x00\x07\x00')
2025-01-07 22:39:02,139 BTPWorkerThread-1331 (_rx_task) root DEBUG client.py                 71    logger_log                : Read 7 bytes data
2025-01-07 22:39:02,139 BTPWorkerThread-1331 (_rx_task) root DEBUG client.py                 71    logger_log                : Received data: {'00 e6 f2 59 e8 07 c0'}, bytearray(b'\x00\xe6\xf2Y\xe8\x07\xc0')
2025-01-07 22:39:02,139 BTPWorkerThread-1331 (_rx_task) root DEBUG client.py                 71    logger_log                : event_handler Header(svc_id=1, op=131, ctrl_index=0, data_len=7) (b'\x00\xe6\xf2Y\xe8\x07\xc0',)
2025-01-07 22:39:02,139 BTPWorkerThread-1331 (_rx_task) root DEBUG client.py                 71    logger_log                : gap_disconnected_ev_ b'\x00\xe6\xf2Y\xe8\x07\xc0'
2025-01-07 22:39:02,347 LT1-callback ClientCallback.on_implicit_send INFO client.py                 71    logger_log                : 
    ********************
    BEGIN OnImplicitSend:
    project_name: GAP
    wid: 78
    test_case_name: GAP/SEC/SEM/BV-64-C
    description: Please send an LE connect request to establish a connection.
    style: MMI_Style_Ok_Cancel2 0x11141
2025-01-07 22:39:02,347 LT1-callback ClientCallback.on_implicit_send INFO client.py                 71    logger_log                : Calling test cases on_implicit_send
2025-01-07 22:39:02,347 LT1-callback ClientCallback.on_implicit_send INFO client.py                 71    logger_log                : 
    on_implicit_send returned response: WAIT
    END OnImplicitSend
    ********************
2025-01-07 22:39:02,880 LT1-thread root DEBUG client.py                 71    logger_log                : GAP GAP/SEC/SEM/BV-64-C on_implicit_send
2025-01-07 22:39:02,880 LT1-thread root DEBUG client.py                 71    logger_log                : gap_wid_hdl, 78, Please send an LE connect request to establish a connection., GAP/SEC/SEM/BV-64-C
2025-01-07 22:39:02,880 LT1-thread root DEBUG client.py                 71    logger_log                : gap_conn None None
2025-01-07 22:39:02,880 LT1-thread root DEBUG client.py                 71    logger_log                : send, 1 14 0 "bytearray(b'\\x00\\xe6\\xf2Y\\xe8\\x07\\xc0\\x00')"
2025-01-07 22:39:02,880 LT1-thread root DEBUG client.py                 71    logger_log                : sending frame '010e00080000e6f259e807c000'
2025-01-07 22:39:02,881 LT1-thread root DEBUG client.py                 71    logger_log                : read
2025-01-07 22:39:02,936 BTPWorkerThread-1331 (_rx_task) root DEBUG client.py                 71    logger_log                : Read 5 bytes
2025-01-07 22:39:02,946 BTPWorkerThread-1331 (_rx_task) root DEBUG client.py                 71    logger_log                : Received: hdr: Header(svc_id=0x01, op=0x0e, ctrl_index=0x00, data_len=0x00) bytearray(b'\x01\x0e\x00\x00\x00')
2025-01-07 22:39:02,946 BTPWorkerThread-1331 (_rx_task) root DEBUG client.py                 71    logger_log                : Received data: {''}, bytearray(b'')
2025-01-07 22:39:02,946 LT1-thread root DEBUG client.py                 71    logger_log                : Sending response 'OK' to wid 78 test case GAP/SEC/SEM/BV-64-C
2025-01-07 22:39:02,949 LT1-thread root DEBUG client.py                 71    logger_log                : ClientCallback.get_result run_test_case
2025-01-07 22:39:02,989 BTPWorkerThread-1331 (_rx_task) root DEBUG client.py                 71    logger_log                : Read 5 bytes
2025-01-07 22:39:02,989 BTPWorkerThread-1331 (_rx_task) root DEBUG client.py                 71    logger_log                : Received: hdr: Header(svc_id=0x01, op=0x82, ctrl_index=0x00, data_len=0x0d) bytearray(b'\x01\x82\x00\r\x00')
2025-01-07 22:39:02,990 BTPWorkerThread-1331 (_rx_task) root DEBUG client.py                 71    logger_log                : Read 13 bytes data
2025-01-07 22:39:02,990 BTPWorkerThread-1331 (_rx_task) root DEBUG client.py                 71    logger_log                : Received data: {'00 e6 f2 59 e8 07 c0 18 00 00 00 90 01'}, bytearray(b'\x00\xe6\xf2Y\xe8\x07\xc0\x18\x00\x00\x00\x90\x01')
2025-01-07 22:39:02,990 BTPWorkerThread-1331 (_rx_task) root DEBUG client.py                 71    logger_log                : event_handler Header(svc_id=1, op=130, ctrl_index=0, data_len=13) (b'\x00\xe6\xf2Y\xe8\x07\xc0\x18\x00\x00\x00\x90\x01',)
2025-01-07 22:39:02,990 BTPWorkerThread-1331 (_rx_task) root DEBUG client.py                 71    logger_log                : gap_connected_ev_ b'\x00\xe6\xf2Y\xe8\x07\xc0\x18\x00\x00\x00\x90\x01'
2025-01-07 22:39:03,033 LT1-callback ClientCallback.on_implicit_send INFO client.py                 71    logger_log                : 
    ********************
    BEGIN OnImplicitSend:
    project_name: GAP
    wid: 236
    test_case_name: GAP/SEC/SEM/BV-64-C
    description: Please confirm that IUT does not send a GATT_HandleValueIndication to the Upper Tester
    style: MMI_Style_Yes_No1 0x11044
2025-01-07 22:39:03,033 LT1-callback ClientCallback.on_implicit_send INFO client.py                 71    logger_log                : Calling test cases on_implicit_send
2025-01-07 22:39:03,033 LT1-callback ClientCallback.on_implicit_send INFO client.py                 71    logger_log                : 
    on_implicit_send returned response: WAIT
    END OnImplicitSend
    ********************
2025-01-07 22:39:03,951 LT1-thread root DEBUG client.py                 71    logger_log                : GAP GAP/SEC/SEM/BV-64-C on_implicit_send
2025-01-07 22:39:03,951 LT1-thread root DEBUG client.py                 71    logger_log                : gap_wid_hdl, 236, Please confirm that IUT does not send a GATT_HandleValueIndication to the Upper Tester, GAP/SEC/SEM/BV-64-C
2025-01-07 22:39:08,952 LT1-thread root DEBUG client.py                 71    logger_log                : Sending response 'Yes' to wid 236 test case GAP/SEC/SEM/BV-64-C
2025-01-07 22:39:08,955 LT1-thread root DEBUG client.py                 71    logger_log                : ClientCallback.get_result run_test_case
2025-01-07 22:39:10,122 BTPWorkerThread-1331 (_rx_task) root DEBUG client.py                 71    logger_log                : Read 5 bytes
2025-01-07 22:39:10,122 BTPWorkerThread-1331 (_rx_task) root DEBUG client.py                 71    logger_log                : Received: hdr: Header(svc_id=0x01, op=0x89, ctrl_index=0x00, data_len=0x08) bytearray(b'\x01\x89\x00\x08\x00')
2025-01-07 22:39:10,123 BTPWorkerThread-1331 (_rx_task) root DEBUG client.py                 71    logger_log                : Read 8 bytes data
2025-01-07 22:39:10,123 BTPWorkerThread-1331 (_rx_task) root DEBUG client.py                 71    logger_log                : Received data: {'00 e6 f2 59 e8 07 c0 04'}, bytearray(b'\x00\xe6\xf2Y\xe8\x07\xc0\x04')
2025-01-07 22:39:10,123 BTPWorkerThread-1331 (_rx_task) root DEBUG client.py                 71    logger_log                : event_handler Header(svc_id=1, op=137, ctrl_index=0, data_len=8) (b'\x00\xe6\xf2Y\xe8\x07\xc0\x04',)
2025-01-07 22:39:10,123 BTPWorkerThread-1331 (_rx_task) root DEBUG client.py                 71    logger_log                : gap_sec_level_changed_ev_
2025-01-07 22:39:10,123 BTPWorkerThread-1331 (_rx_task) root DEBUG client.py                 71    logger_log                : received b'\x00\xe6\xf2Y\xe8\x07\xc0\x04'
2025-01-07 22:39:10,124 BTPWorkerThread-1331 (_rx_task) root DEBUG client.py                 71    logger_log                : received (0, 'c007e859f2e6', 4)
2025-01-07 22:39:10,154 BTPWorkerThread-1331 (_rx_task) root DEBUG client.py                 71    logger_log                : Read 5 bytes
2025-01-07 22:39:10,154 BTPWorkerThread-1331 (_rx_task) root DEBUG client.py                 71    logger_log                : Received: hdr: Header(svc_id=0x02, op=0x80, ctrl_index=0x00, data_len=0x0d) bytearray(b'\x02\x80\x00\r\x00')
2025-01-07 22:39:10,155 BTPWorkerThread-1331 (_rx_task) root DEBUG client.py                 71    logger_log                : Read 13 bytes data
2025-01-07 22:39:10,155 BTPWorkerThread-1331 (_rx_task) root DEBUG client.py                 71    logger_log                : Received data: {'00 e6 f2 59 e8 07 c0 02 0b 00 01 00 62'}, bytearray(b'\x00\xe6\xf2Y\xe8\x07\xc0\x02\x0b\x00\x01\x00b')
2025-01-07 22:39:10,155 BTPWorkerThread-1331 (_rx_task) root DEBUG client.py                 71    logger_log                : event_handler Header(svc_id=2, op=128, ctrl_index=0, data_len=13) (b'\x00\xe6\xf2Y\xe8\x07\xc0\x02\x0b\x00\x01\x00b',)
2025-01-07 22:39:10,155 BTPWorkerThread-1331 (_rx_task) root DEBUG client.py                 71    logger_log                : gatt_notification_ev_ 0 'c007e859f2e6' 2 11 b'b'
2025-01-07 22:39:10,171 LT1-callback ClientCallback.on_implicit_send INFO client.py                 71    logger_log                : 
    ********************
    BEGIN OnImplicitSend:
    project_name: GAP
    wid: 237
    test_case_name: GAP/SEC/SEM/BV-64-C
    description: Please confirm that IUT send a GATT_HandleValueIndication to the Upper Tester
    style: MMI_Style_Yes_No1 0x11044
2025-01-07 22:39:10,172 LT1-callback ClientCallback.on_implicit_send INFO client.py                 71    logger_log                : Calling test cases on_implicit_send
2025-01-07 22:39:10,172 LT1-callback ClientCallback.on_implicit_send INFO client.py                 71    logger_log                : 
    on_implicit_send returned response: WAIT
    END OnImplicitSend
    ********************
2025-01-07 22:39:10,955 LT1-thread root DEBUG client.py                 71    logger_log                : GAP GAP/SEC/SEM/BV-64-C on_implicit_send
2025-01-07 22:39:10,955 LT1-thread root DEBUG client.py                 71    logger_log                : gap_wid_hdl, 237, Please confirm that IUT send a GATT_HandleValueIndication to the Upper Tester, GAP/SEC/SEM/BV-64-C
2025-01-07 22:39:10,955 LT1-thread root DEBUG client.py                 71    logger_log                : Sending response 'Yes' to wid 237 test case GAP/SEC/SEM/BV-64-C
2025-01-07 22:39:10,959 LT1-thread root DEBUG client.py                 71    logger_log                : ClientCallback.get_result run_test_case
2025-01-07 22:39:11,320 BTPWorkerThread-1331 (_rx_task) root DEBUG client.py                 71    logger_log                : Read 5 bytes
2025-01-07 22:39:11,320 BTPWorkerThread-1331 (_rx_task) root DEBUG client.py                 71    logger_log                : Received: hdr: Header(svc_id=0x01, op=0x83, ctrl_index=0x00, data_len=0x07) bytearray(b'\x01\x83\x00\x07\x00')
2025-01-07 22:39:11,320 BTPWorkerThread-1331 (_rx_task) root DEBUG client.py                 71    logger_log                : Read 7 bytes data
2025-01-07 22:39:11,320 BTPWorkerThread-1331 (_rx_task) root DEBUG client.py                 71    logger_log                : Received data: {'00 e6 f2 59 e8 07 c0'}, bytearray(b'\x00\xe6\xf2Y\xe8\x07\xc0')
2025-01-07 22:39:11,320 BTPWorkerThread-1331 (_rx_task) root DEBUG client.py                 71    logger_log                : event_handler Header(svc_id=1, op=131, ctrl_index=0, data_len=7) (b'\x00\xe6\xf2Y\xe8\x07\xc0',)
2025-01-07 22:39:11,321 BTPWorkerThread-1331 (_rx_task) root DEBUG client.py                 71    logger_log                : gap_disconnected_ev_ b'\x00\xe6\xf2Y\xe8\x07\xc0'
2025-01-07 22:39:13,851 LT1-callback ClientCallback.log INFO client.py                 71    logger_log                : PTS_LOGTYPE_START_TEST Start Test Case 

+641 ms
 GAP/SEC/SEM/BV-64-C GAP/SEC/SEM/BV-64-C

2025-01-07 22:39:15,108 LT1-callback ClientCallback.log INFO client.py                 71    logger_log                : PTS_LOGTYPE_FINAL_VERDICT Final Verdict 

+21110 ms
 GAP/SEC/SEM/BV-64-C PASS

2025-01-07 22:39:15,114 LT1-callback ClientCallback.log INFO client.py                 71    logger_log                : PTS_LOGTYPE_FINAL_VERDICT Encrypted Verdict 

+21110 ms
 GAP/SEC/SEM/BV-64-C A1#ZWY4MzQ5MDg3MmQwNTIxOGQzMzQ5YjY2ODA5M2MzNjQ5ZDY4NmY0Yjc2MzIzM2VkNTUyNTFhNGU4Mjg1MjI0NA==#ux0xA760Ksa8ciDoPx2xAsFF8PltEOIe4R06R3cZTvw5MUmuiElXaasNYMr/YCMX

2025-01-07 22:39:15,312 LT1-callback ClientCallback.log INFO client.py                 71    logger_log                : PTS_LOGTYPE_END_TEST Test Case Ended 

+21110 ms
 GAP/SEC/SEM/BV-64-C GAP/SEC/SEM/BV-64-C

2025-01-07 22:39:15,492 LT1-callback root DEBUG client.py                 71    logger_log                : ClientCallback, set_result, run_test_case, PASS
2025-01-07 22:39:15,492 LT1-thread root DEBUG client.py                 71    logger_log                : After run_test_case error_code=0 status='PASS'
2025-01-07 22:39:15,493 LT1-thread root DEBUG client.py                 71    logger_log                : post_run GAP GAP/SEC/SEM/BV-64-C 0
2025-01-07 22:39:15,493 LT1-thread root DEBUG client.py                 71    logger_log                : Starting test function: class=<class 'autopts.ptsprojects.testcase.TestFuncCleanUp'>, func=<bound method Stack.cleanup of <autopts.ptsprojects.stack.stack.Stack object at 0x000002318206AB10>> start_wid=None stop_wid=None post_wid=None skip_call=None call_count=1 args=() kwds={}
2025-01-07 22:39:15,493 LT1-thread root DEBUG client.py                 71    logger_log                : Test function parameters: args=(), kwds={}
2025-01-07 22:39:15,493 LT1-thread root DEBUG client.py                 71    logger_log                : Starting test function: class=<class 'autopts.ptsprojects.testcase.TestFuncCleanUp'>, func=<bound method ZephyrCtl.stop of <autopts.ptsprojects.zephyr.iutctl.ZephyrCtl object at 0x0000023181FCEB50>> start_wid=None stop_wid=None post_wid=None skip_call=None call_count=1 args=() kwds={}
2025-01-07 22:39:15,493 LT1-thread root DEBUG client.py                 71    logger_log                : Test function parameters: args=(), kwds={}
2025-01-07 22:39:15,494 LT1-thread root DEBUG client.py                 71    logger_log                : <class 'autopts.ptsprojects.zephyr.iutctl.ZephyrCtl'>.stop
2025-01-07 22:39:15,595 LT1-thread root DEBUG client.py                 71    logger_log                : <class 'autopts.rtt.RTTLogger'>.stop
2025-01-07 22:39:15,595 LT1-thread root DEBUG client.py                 71    logger_log                : <class 'autopts.rtt.RTT'>.stop
2025-01-07 22:39:15,619 LT1-thread root DEBUG client.py                 71    logger_log                : About to reset DUT: JLink -CommandFile reset.jlink -usb 1064371884 -device MCXW716
2025-01-07 22:39:16,086 BTPWorkerThread-1331 (_rx_task) root DEBUG client.py                 71    logger_log                : Read 5 bytes
2025-01-07 22:39:16,106 BTPWorkerThread-1331 (_rx_task) root DEBUG client.py                 71    logger_log                : Received: hdr: Header(svc_id=0x00, op=0x80, ctrl_index=0xff, data_len=0x00) bytearray(b'\x00\x80\xff\x00\x00')
2025-01-07 22:39:16,126 BTPWorkerThread-1331 (_rx_task) root DEBUG client.py                 71    logger_log                : Received data: {''}, bytearray(b'')
2025-01-07 22:39:16,156 BTPWorkerThread-1331 (_rx_task) root DEBUG client.py                 71    logger_log                : event_handler Header(svc_id=0, op=128, ctrl_index=255, data_len=0) (b'',)
2025-01-07 22:39:16,176 BTPWorkerThread-1331 (_rx_task) root DEBUG client.py                 71    logger_log                : core_iut_ready_ev
2025-01-07 22:39:16,196 LT1-thread root DEBUG client.py                 71    logger_log                : IUT ready event received OK
2025-01-07 22:39:16,196 LT1-thread root DEBUG client.py                 71    logger_log                : Waiting for _rx_worker to finish ...
2025-01-07 22:39:17,196 BTPWorkerThread-1331 (_rx_task) root DEBUG client.py                 71    logger_log                : BTPWorkerThread-1331 (_rx_task) finishing...
2025-01-07 22:39:20,226 LT1-thread root DEBUG client.py                 71    logger_log                : post_run, cleanup running post test case script
2025-01-07 22:39:20,226 LT1-thread root DEBUG client.py                 71    logger_log                : post_run, run post test case script
2025-01-07 22:39:20,356 LT1-thread root DEBUG client.py                 71    logger_log                : Done TestCase _run_test_case GAP GAP/SEC/SEM/BV-64-C
