2025-05-27 22:11:54,865 LT1-thread root DEBUG client.py                 71    logger_log                : Starting TestCase _run_test_case GAP GAP/SEC/SEM/BV-28-C
2025-05-27 22:11:54,865 LT1-thread root DEBUG client.py                 71    logger_log                : pre_run GAP GAP/SEC/SEM/BV-28-C
2025-05-27 22:11:54,865 LT1-thread root DEBUG client.py                 71    logger_log                : About to run test case GAP GAP/SEC/SEM/BV-28-C with commands:
2025-05-27 22:11:54,865 LT1-thread root DEBUG client.py                 71    logger_log                : 0) class=<class 'autopts.ptsprojects.testcase.TestFunc'>, func=<bound method Stack.core_init of <autopts.ptsprojects.stack.stack.Stack object at 0x0000021CB07D1790>> start_wid=None stop_wid=None post_wid=None skip_call=None call_count=0 args=() kwds={}
2025-05-27 22:11:54,875 LT1-thread root DEBUG client.py                 71    logger_log                : 1) class=<class 'autopts.ptsprojects.testcase.TestFunc'>, func=<bound method ZephyrCtl.hw_reset of <autopts.ptsprojects.zephyr.iutctl.ZephyrCtl object at 0x0000021CADA26350>> start_wid=None stop_wid=None post_wid=None skip_call=None call_count=0 args=() kwds={}
2025-05-27 22:11:54,875 LT1-thread root DEBUG client.py                 71    logger_log                : 2) class=<class 'autopts.ptsprojects.testcase.TestFunc'>, func=<bound method ZephyrCtl.start of <autopts.ptsprojects.zephyr.iutctl.ZephyrCtl object at 0x0000021CADA26350>> start_wid=None stop_wid=None post_wid=None skip_call=None call_count=0 args=(<autopts.ptsprojects.zephyr.ztestcase.ZTestCase object at 0x0000021CB0C85E50>,) kwds={}
2025-05-27 22:11:54,875 LT1-thread root DEBUG client.py                 71    logger_log                : 3) class=<class 'autopts.ptsprojects.testcase.TestFunc'>, func=<bound method ZephyrCtl.hw_reset of <autopts.ptsprojects.zephyr.iutctl.ZephyrCtl object at 0x0000021CADA26350>> start_wid=None stop_wid=None post_wid=None skip_call=None call_count=0 args=() kwds={}
2025-05-27 22:11:54,875 LT1-thread root DEBUG client.py                 71    logger_log                : 4) class=<class 'autopts.ptsprojects.testcase.TestFunc'>, func=<bound method ZephyrCtl.wait_iut_ready_event of <autopts.ptsprojects.zephyr.iutctl.ZephyrCtl object at 0x0000021CADA26350>> start_wid=None stop_wid=None post_wid=None skip_call=None call_count=0 args=(False,) kwds={}
2025-05-27 22:11:54,875 LT1-thread root DEBUG client.py                 71    logger_log                : 5) class=<class 'autopts.ptsprojects.testcase.TestFunc'>, func=<function core_reg_svc_gap at 0x0000021CAC664AE0> start_wid=None stop_wid=None post_wid=None skip_call=None call_count=237 args=() kwds={}
2025-05-27 22:11:54,875 LT1-thread root DEBUG client.py                 71    logger_log                : 6) class=<class 'autopts.ptsprojects.testcase.TestFunc'>, func=<bound method Stack.gap_init of <autopts.ptsprojects.stack.stack.Stack object at 0x0000021CB07D1790>> start_wid=None stop_wid=None post_wid=None skip_call=None call_count=221 args=(b'Tester_08E44E', 'ABCD', '1111', '1111', '11', '1111', b'\x17github.com/auto-pts', (8, 'PADV_Tester'), 'FF') kwds={}
2025-05-27 22:11:54,875 LT1-thread root DEBUG client.py                 71    logger_log                : 7) class=<class 'autopts.ptsprojects.testcase.TestFunc'>, func=<function gap_read_ctrl_info at 0x0000021CAC678AE0> start_wid=None stop_wid=None post_wid=None skip_call=None call_count=221 args=() kwds={}
2025-05-27 22:11:54,875 LT1-thread root DEBUG client.py                 71    logger_log                : 8) class=<class 'autopts.ptsprojects.testcase.TestFunc'>, func=<function test_cases.<locals>.<lambda> at 0x0000021CB0BED620> start_wid=None stop_wid=None post_wid=None skip_call=None call_count=221 args=() kwds={}
2025-05-27 22:11:54,875 LT1-thread root DEBUG client.py                 71    logger_log                : 9) class=<class 'autopts.ptsprojects.testcase.TestFunc'>, func=<function test_cases.<locals>.<lambda> at 0x0000021CB0BED6C0> start_wid=None stop_wid=None post_wid=None skip_call=None call_count=221 args=() kwds={}
2025-05-27 22:11:54,875 LT1-thread root DEBUG client.py                 71    logger_log                : 10) class=<class 'autopts.ptsprojects.testcase.TestFunc'>, func=<function test_cases.<locals>.<lambda> at 0x0000021CB0BEC360> start_wid=None stop_wid=None post_wid=None skip_call=None call_count=221 args=() kwds={}
2025-05-27 22:11:54,875 LT1-thread root DEBUG client.py                 71    logger_log                : 11) class=<class 'autopts.ptsprojects.testcase.TestFunc'>, func=<function test_cases.<locals>.<lambda> at 0x0000021CB0BED4E0> start_wid=None stop_wid=None post_wid=None skip_call=None call_count=221 args=() kwds={}
2025-05-27 22:11:54,875 LT1-thread root DEBUG client.py                 71    logger_log                : 12) class=<class 'autopts.ptsprojects.testcase.TestFunc'>, func=<function test_cases.<locals>.<lambda> at 0x0000021CB0BEC4A0> start_wid=None stop_wid=None post_wid=None skip_call=None call_count=221 args=() kwds={}
2025-05-27 22:11:54,875 LT1-thread root DEBUG client.py                 71    logger_log                : 13) class=<class 'autopts.ptsprojects.testcase.TestFunc'>, func=<function test_cases.<locals>.<lambda> at 0x0000021CB0BEC220> start_wid=None stop_wid=None post_wid=None skip_call=None call_count=221 args=() kwds={}
2025-05-27 22:11:54,875 LT1-thread root DEBUG client.py                 71    logger_log                : 14) class=<class 'autopts.ptsprojects.testcase.TestFunc'>, func=<function test_cases.<locals>.<lambda> at 0x0000021CB0BED580> start_wid=None stop_wid=None post_wid=None skip_call=None call_count=221 args=() kwds={}
2025-05-27 22:11:54,875 LT1-thread root DEBUG client.py                 71    logger_log                : 15) class=<class 'autopts.ptsprojects.testcase.TestFunc'>, func=<function test_cases.<locals>.<lambda> at 0x0000021CB0BED760> start_wid=None stop_wid=None post_wid=None skip_call=None call_count=221 args=() kwds={}
2025-05-27 22:11:54,875 LT1-thread root DEBUG client.py                 71    logger_log                : 16) class=<class 'autopts.ptsprojects.testcase.TestFunc'>, func=<function test_cases.<locals>.<lambda> at 0x0000021CB0BED800> start_wid=None stop_wid=None post_wid=None skip_call=None call_count=221 args=() kwds={}
2025-05-27 22:11:54,875 LT1-thread root DEBUG client.py                 71    logger_log                : 17) class=<class 'autopts.ptsprojects.testcase.TestFunc'>, func=<function test_cases.<locals>.<lambda> at 0x0000021CB0BED8A0> start_wid=None stop_wid=None post_wid=None skip_call=None call_count=221 args=() kwds={}
2025-05-27 22:11:54,875 LT1-thread root DEBUG client.py                 71    logger_log                : 18) class=<class 'autopts.ptsprojects.testcase.TestFunc'>, func=<function test_cases.<locals>.<lambda> at 0x0000021CB0BED940> start_wid=None stop_wid=None post_wid=None skip_call=None call_count=221 args=() kwds={}
2025-05-27 22:11:54,875 LT1-thread root DEBUG client.py                 71    logger_log                : 19) class=<class 'autopts.ptsprojects.testcase.TestFunc'>, func=<function test_cases.<locals>.<lambda> at 0x0000021CB0BED9E0> start_wid=None stop_wid=None post_wid=None skip_call=None call_count=221 args=() kwds={}
2025-05-27 22:11:54,875 LT1-thread root DEBUG client.py                 71    logger_log                : 20) class=<class 'autopts.ptsprojects.testcase.TestFunc'>, func=<function core_reg_svc_gatt at 0x0000021CAC664C20> start_wid=None stop_wid=None post_wid=None skip_call=None call_count=221 args=() kwds={}
2025-05-27 22:11:54,875 LT1-thread root DEBUG client.py                 71    logger_log                : 21) class=<class 'autopts.ptsprojects.testcase.TestFunc'>, func=<bound method Stack.gatt_init of <autopts.ptsprojects.stack.stack.Stack object at 0x0000021CB07D1790>> start_wid=None stop_wid=None post_wid=None skip_call=None call_count=221 args=() kwds={}
2025-05-27 22:11:54,875 LT1-thread root DEBUG client.py                 71    logger_log                : 22) class=<class 'autopts.ptsprojects.testcase.TestFunc'>, func=<function gap_set_io_cap at 0x0000021CAC667F60> start_wid=None stop_wid=None post_wid=None skip_call=None call_count=221 args=(4,) kwds={}
2025-05-27 22:11:54,875 LT1-thread root DEBUG client.py                 71    logger_log                : 23) class=<class 'autopts.ptsprojects.testcase.TestFunc'>, func=<function set_pts_addr at 0x0000021CAC664680> start_wid=None stop_wid=None post_wid=None skip_call=None call_count=221 args=('00:1B:DC:08:E4:4E', 0) kwds={}
2025-05-27 22:11:54,875 LT1-thread root DEBUG client.py                 71    logger_log                : 24) class=<class 'autopts.ptsprojects.testcase.TestFunc'>, func=<function gatts_add_svc at 0x0000021CAC67A480> start_wid=None stop_wid=None post_wid=None skip_call=None call_count=180 args=(0, 'AA51') kwds={}
2025-05-27 22:11:54,875 LT1-thread root DEBUG client.py                 71    logger_log                : 25) class=<class 'autopts.ptsprojects.testcase.TestFunc'>, func=<function gatts_add_char at 0x0000021CAC67A5C0> start_wid=None stop_wid=None post_wid=None skip_call=None call_count=180 args=(0, 2, 17, 'AA52') kwds={}
2025-05-27 22:11:54,875 LT1-thread root DEBUG client.py                 71    logger_log                : 26) class=<class 'autopts.ptsprojects.testcase.TestFunc'>, func=<function gatts_set_val at 0x0000021CAC67A660> start_wid=None stop_wid=None post_wid=None skip_call=None call_count=180 args=(0, '01') kwds={}
2025-05-27 22:11:54,875 LT1-thread root DEBUG client.py                 71    logger_log                : 27) class=<class 'autopts.ptsprojects.testcase.TestFunc'>, func=<function gatts_add_char at 0x0000021CAC67A5C0> start_wid=None stop_wid=None post_wid=None skip_call=None call_count=180 args=(0, 2, 5, 'AA53') kwds={}
2025-05-27 22:11:54,875 LT1-thread root DEBUG client.py                 71    logger_log                : 28) class=<class 'autopts.ptsprojects.testcase.TestFunc'>, func=<function gatts_set_val at 0x0000021CAC67A660> start_wid=None stop_wid=None post_wid=None skip_call=None call_count=180 args=(0, '02') kwds={}
2025-05-27 22:11:54,875 LT1-thread root DEBUG client.py                 71    logger_log                : 29) class=<class 'autopts.ptsprojects.testcase.TestFunc'>, func=<function gatts_add_char at 0x0000021CAC67A5C0> start_wid=None stop_wid=None post_wid=None skip_call=None call_count=180 args=(0, 66, 3, 'AA54') kwds={}
2025-05-27 22:11:54,875 LT1-thread root DEBUG client.py                 71    logger_log                : 30) class=<class 'autopts.ptsprojects.testcase.TestFunc'>, func=<function gatts_set_val at 0x0000021CAC67A660> start_wid=None stop_wid=None post_wid=None skip_call=None call_count=180 args=(0, '03') kwds={}
2025-05-27 22:11:54,875 LT1-thread root DEBUG client.py                 71    logger_log                : 31) class=<class 'autopts.ptsprojects.testcase.TestFunc'>, func=<function gatts_add_char at 0x0000021CAC67A5C0> start_wid=None stop_wid=None post_wid=None skip_call=None call_count=180 args=(0, 10, 48, 'AA55') kwds={}
2025-05-27 22:11:54,875 LT1-thread root DEBUG client.py                 71    logger_log                : 32) class=<class 'autopts.ptsprojects.testcase.TestFunc'>, func=<function gatts_set_val at 0x0000021CAC67A660> start_wid=None stop_wid=None post_wid=None skip_call=None call_count=180 args=(0, '04') kwds={}
2025-05-27 22:11:54,875 LT1-thread root DEBUG client.py                 71    logger_log                : 33) class=<class 'autopts.ptsprojects.testcase.TestFunc'>, func=<function gatts_start_server at 0x0000021CAC67A8E0> start_wid=None stop_wid=None post_wid=None skip_call=None call_count=180 args=() kwds={}
2025-05-27 22:11:54,875 LT1-thread root DEBUG client.py                 71    logger_log                : 34) class=<class 'autopts.ptsprojects.testcase.TestFuncCleanUp'>, func=<bound method Stack.cleanup of <autopts.ptsprojects.stack.stack.Stack object at 0x0000021CB07D1790>> start_wid=None stop_wid=None post_wid=None skip_call=None call_count=0 args=() kwds={}
2025-05-27 22:11:54,875 LT1-thread root DEBUG client.py                 71    logger_log                : 35) class=<class 'autopts.ptsprojects.testcase.TestFuncCleanUp'>, func=<bound method ZephyrCtl.stop of <autopts.ptsprojects.zephyr.iutctl.ZephyrCtl object at 0x0000021CADA26350>> start_wid=None stop_wid=None post_wid=None skip_call=None call_count=0 args=() kwds={}
2025-05-27 22:11:54,875 LT1-thread root DEBUG client.py                 71    logger_log                : pre_run, run pre test case script
2025-05-27 22:11:54,895 LT1-thread root DEBUG client.py                 71    logger_log                : Starting test function: class=<class 'autopts.ptsprojects.testcase.TestFunc'>, func=<bound method Stack.core_init of <autopts.ptsprojects.stack.stack.Stack object at 0x0000021CB07D1790>> start_wid=None stop_wid=None post_wid=None skip_call=None call_count=1 args=() kwds={}
2025-05-27 22:11:54,895 LT1-thread root DEBUG client.py                 71    logger_log                : Test function parameters: args=(), kwds={}
2025-05-27 22:11:54,895 LT1-thread root DEBUG client.py                 71    logger_log                : Starting test function: class=<class 'autopts.ptsprojects.testcase.TestFunc'>, func=<bound method ZephyrCtl.hw_reset of <autopts.ptsprojects.zephyr.iutctl.ZephyrCtl object at 0x0000021CADA26350>> start_wid=None stop_wid=None post_wid=None skip_call=None call_count=1 args=() kwds={}
2025-05-27 22:11:54,895 LT1-thread root DEBUG client.py                 71    logger_log                : Test function parameters: args=(), kwds={}
2025-05-27 22:11:54,895 LT1-thread root DEBUG client.py                 71    logger_log                : Starting test function: class=<class 'autopts.ptsprojects.testcase.TestFunc'>, func=<bound method ZephyrCtl.start of <autopts.ptsprojects.zephyr.iutctl.ZephyrCtl object at 0x0000021CADA26350>> start_wid=None stop_wid=None post_wid=None skip_call=None call_count=1 args=(<autopts.ptsprojects.zephyr.ztestcase.ZTestCase object at 0x0000021CB0C85E50>,) kwds={}
2025-05-27 22:11:54,895 LT1-thread root DEBUG client.py                 71    logger_log                : Test function parameters: args=(<autopts.ptsprojects.zephyr.ztestcase.ZTestCase object at 0x0000021CB0C85E50>,), kwds={}
2025-05-27 22:11:54,895 LT1-thread root DEBUG client.py                 71    logger_log                : <class 'autopts.ptsprojects.zephyr.iutctl.ZephyrCtl'>.start
2025-05-27 22:11:54,895 LT1-thread root DEBUG client.py                 71    logger_log                : <class 'autopts.ptsprojects.zephyr.iutctl.ZephyrCtl'>.flush_serial
2025-05-27 22:11:56,165 LT1-thread root DEBUG client.py                 71    logger_log                : Starting socat process: socat.exe -x -v tcp:10.17.12.103:61673,retry=100,interval=1 /dev/ttyS43,raw,b115200
2025-05-27 22:11:56,175 LT1-thread root DEBUG client.py                 71    logger_log                : accept
2025-05-27 22:11:57,855 BTPWorkerThread-5442 (_rx_task) root DEBUG client.py                 71    logger_log                : BTPWorkerThread-5442 (_rx_task) started
2025-05-27 22:11:57,855 LT1-thread root DEBUG client.py                 71    logger_log                : Starting test function: class=<class 'autopts.ptsprojects.testcase.TestFunc'>, func=<bound method ZephyrCtl.hw_reset of <autopts.ptsprojects.zephyr.iutctl.ZephyrCtl object at 0x0000021CADA26350>> start_wid=None stop_wid=None post_wid=None skip_call=None call_count=1 args=() kwds={}
2025-05-27 22:11:57,855 LT1-thread root DEBUG client.py                 71    logger_log                : Test function parameters: args=(), kwds={}
2025-05-27 22:11:57,855 LT1-thread root DEBUG client.py                 71    logger_log                : Starting test function: class=<class 'autopts.ptsprojects.testcase.TestFunc'>, func=<bound method ZephyrCtl.wait_iut_ready_event of <autopts.ptsprojects.zephyr.iutctl.ZephyrCtl object at 0x0000021CADA26350>> start_wid=None stop_wid=None post_wid=None skip_call=None call_count=1 args=(False,) kwds={}
2025-05-27 22:11:57,855 LT1-thread root DEBUG client.py                 71    logger_log                : Test function parameters: args=(False,), kwds={}
2025-05-27 22:11:57,855 LT1-thread root DEBUG client.py                 71    logger_log                : IUT ready event received OK
2025-05-27 22:11:57,855 LT1-thread root DEBUG client.py                 71    logger_log                : Starting test function: class=<class 'autopts.ptsprojects.testcase.TestFunc'>, func=<function core_reg_svc_gap at 0x0000021CAC664AE0> start_wid=None stop_wid=None post_wid=None skip_call=None call_count=238 args=() kwds={}
2025-05-27 22:11:57,855 LT1-thread root DEBUG client.py                 71    logger_log                : Test function parameters: args=(), kwds={}
2025-05-27 22:11:57,855 LT1-thread root DEBUG client.py                 71    logger_log                : core_reg_svc_univ: gap_reg (GAP)
2025-05-27 22:11:57,855 LT1-thread root DEBUG client.py                 71    logger_log                : send, 0 3 255 '1'
2025-05-27 22:11:57,855 LT1-thread root DEBUG client.py                 71    logger_log                : sending frame '0003ff010001'
2025-05-27 22:11:57,855 LT1-thread root DEBUG client.py                 71    logger_log                : core_reg_svc_rsp_succ
2025-05-27 22:11:57,855 LT1-thread root DEBUG client.py                 71    logger_log                : read
2025-05-27 22:12:01,398 BTPWorkerThread-5442 (_rx_task) root DEBUG client.py                 71    logger_log                : Read 5 bytes
2025-05-27 22:12:01,408 BTPWorkerThread-5442 (_rx_task) root DEBUG client.py                 71    logger_log                : Received: hdr: Header(svc_id=0x00, op=0x03, ctrl_index=0xff, data_len=0x00) bytearray(b'\x00\x03\xff\x00\x00')
2025-05-27 22:12:01,428 BTPWorkerThread-5442 (_rx_task) root DEBUG client.py                 71    logger_log                : Received data: {''}, bytearray(b'')
2025-05-27 22:12:01,458 LT1-thread root DEBUG client.py                 71    logger_log                : received Header(svc_id=0, op=3, ctrl_index=255, data_len=0) (b'',)
2025-05-27 22:12:01,458 LT1-thread root DEBUG client.py                 71    logger_log                : expected ((0, 3, 255, 0), (b'',))
2025-05-27 22:12:01,458 LT1-thread root DEBUG client.py                 71    logger_log                : response is valid
2025-05-27 22:12:01,458 LT1-thread root DEBUG client.py                 71    logger_log                : Reading supported commands for service: GAP
2025-05-27 22:12:01,458 LT1-thread root DEBUG client.py                 71    logger_log                : send, 1 1 255 ''
2025-05-27 22:12:01,458 LT1-thread root DEBUG client.py                 71    logger_log                : sending frame '0101ff0000'
2025-05-27 22:12:01,458 LT1-thread root DEBUG client.py                 71    logger_log                : read
2025-05-27 22:12:01,518 BTPWorkerThread-5442 (_rx_task) root DEBUG client.py                 71    logger_log                : Read 5 bytes
2025-05-27 22:12:01,539 BTPWorkerThread-5442 (_rx_task) root DEBUG client.py                 71    logger_log                : Received: hdr: Header(svc_id=0x01, op=0x01, ctrl_index=0xff, data_len=0x06) bytearray(b'\x01\x01\xff\x06\x00')
2025-05-27 22:12:01,579 BTPWorkerThread-5442 (_rx_task) root DEBUG client.py                 71    logger_log                : Read 6 bytes data
2025-05-27 22:12:01,599 BTPWorkerThread-5442 (_rx_task) root DEBUG client.py                 71    logger_log                : Received data: {'6e ff 7f 1f 7e 04'}, bytearray(b'n\xff\x7f\x1f~\x04')
2025-05-27 22:12:01,629 LT1-thread root DEBUG client.py                 71    logger_log                : Starting test function: class=<class 'autopts.ptsprojects.testcase.TestFunc'>, func=<bound method Stack.gap_init of <autopts.ptsprojects.stack.stack.Stack object at 0x0000021CB07D1790>> start_wid=None stop_wid=None post_wid=None skip_call=None call_count=222 args=(b'Tester_08E44E', 'ABCD', '1111', '1111', '11', '1111', b'\x17github.com/auto-pts', (8, 'PADV_Tester'), 'FF') kwds={}
2025-05-27 22:12:01,629 LT1-thread root DEBUG client.py                 71    logger_log                : Test function parameters: args=(b'Tester_08E44E', 'ABCD', '1111', '1111', '11', '1111', b'\x17github.com/auto-pts', (8, 'PADV_Tester'), 'FF'), kwds={}
2025-05-27 22:12:01,629 LT1-thread root DEBUG client.py                 71    logger_log                : Starting test function: class=<class 'autopts.ptsprojects.testcase.TestFunc'>, func=<function gap_read_ctrl_info at 0x0000021CAC678AE0> start_wid=None stop_wid=None post_wid=None skip_call=None call_count=222 args=() kwds={}
2025-05-27 22:12:01,629 LT1-thread root DEBUG client.py                 71    logger_log                : Test function parameters: args=(), kwds={}
2025-05-27 22:12:01,629 LT1-thread root DEBUG client.py                 71    logger_log                : gap_read_ctrl_info
2025-05-27 22:12:01,629 LT1-thread root DEBUG client.py                 71    logger_log                : send, 1 3 0 ''
2025-05-27 22:12:01,629 LT1-thread root DEBUG client.py                 71    logger_log                : sending frame '0103000000'
2025-05-27 22:12:01,629 LT1-thread root DEBUG client.py                 71    logger_log                : read
2025-05-27 22:12:01,699 BTPWorkerThread-5442 (_rx_task) root DEBUG client.py                 71    logger_log                : Read 5 bytes
2025-05-27 22:12:01,719 BTPWorkerThread-5442 (_rx_task) root DEBUG client.py                 71    logger_log                : Received: hdr: Header(svc_id=0x01, op=0x03, ctrl_index=0x00, data_len=0x115) bytearray(b'\x01\x03\x00\x15\x01')
2025-05-27 22:12:01,759 BTPWorkerThread-5442 (_rx_task) root DEBUG client.py                 71    logger_log                : Read 277 bytes data
2025-05-27 22:12:01,779 BTPWorkerThread-5442 (_rx_task) root DEBUG client.py                 71    logger_log                : Received data: {'e7 80 a0 30 81 45 d3 06 02 00 13 22 00 00 00 00 00 62 74 70 5f 74 65 73 74 65 72 00 00 00 00 00 00 00 00 00 00 00 00 00 00 00 00 00 00 00 00 00 00 00 00 00 00 00 00 00 00 00 00 00 00 00 00 00 00 00 00 00 00 00 00 00 00 00 00 00 00 00 00 00 00 00 00 00 00 00 00 00 00 00 00 00 00 00 00 00 00 00 00 00 00 00 00 00 00 00 00 00 00 00 00 00 00 00 00 00 00 00 00 00 00 00 00 00 00 00 00 00 00 00 00 00 00 00 00 00 00 00 00 00 00 00 00 00 00 00 00 00 00 00 00 00 00 00 00 00 00 00 00 00 00 00 00 00 00 00 00 00 00 00 00 00 00 00 00 00 00 00 00 00 00 00 00 00 00 00 00 00 00 00 00 00 00 00 00 00 00 00 00 00 00 00 00 00 00 00 00 00 00 00 00 00 00 00 00 00 00 00 00 00 00 00 00 00 00 00 00 00 00 00 00 00 00 00 00 00 00 00 00 00 00 00 00 00 00 00 00 00 00 00 00 00 00 00 00 00 00 00 00 00 00 00 00 00 00 00 00 00 00 00 00 00 00 00 00 00 00'}, bytearray(b'\xe7\x80\xa00\x81E\xd3\x06\x02\x00\x13"\x00\x00\x00\x00\x00btp_tester\x00\x00\x00\x00\x00\x00\x00\x00\x00\x00\x00\x00\x00\x00\x00\x00\x00\x00\x00\x00\x00\x00\x00\x00\x00\x00\x00\x00\x00\x00\x00\x00\x00\x00\x00\x00\x00\x00\x00\x00\x00\x00\x00\x00\x00\x00\x00\x00\x00\x00\x00\x00\x00\x00\x00\x00\x00\x00\x00\x00\x00\x00\x00\x00\x00\x00\x00\x00\x00\x00\x00\x00\x00\x00\x00\x00\x00\x00\x00\x00\x00\x00\x00\x00\x00\x00\x00\x00\x00\x00\x00\x00\x00\x00\x00\x00\x00\x00\x00\x00\x00\x00\x00\x00\x00\x00\x00\x00\x00\x00\x00\x00\x00\x00\x00\x00\x00\x00\x00\x00\x00\x00\x00\x00\x00\x00\x00\x00\x00\x00\x00\x00\x00\x00\x00\x00\x00\x00\x00\x00\x00\x00\x00\x00\x00\x00\x00\x00\x00\x00\x00\x00\x00\x00\x00\x00\x00\x00\x00\x00\x00\x00\x00\x00\x00\x00\x00\x00\x00\x00\x00\x00\x00\x00\x00\x00\x00\x00\x00\x00\x00\x00\x00\x00\x00\x00\x00\x00\x00\x00\x00\x00\x00\x00\x00\x00\x00\x00\x00\x00\x00\x00\x00\x00\x00\x00\x00\x00\x00\x00\x00\x00\x00\x00\x00\x00\x00\x00\x00\x00\x00\x00\x00\x00\x00\x00\x00\x00\x00\x00\x00\x00\x00\x00\x00\x00\x00\x00\x00\x00\x00\x00\x00\x00\x00\x00\x00\x00\x00\x00')
2025-05-27 22:12:01,809 LT1-thread root DEBUG client.py                 71    logger_log                : received Header(svc_id=1, op=3, ctrl_index=0, data_len=277) (b'\xe7\x80\xa00\x81E\xd3\x06\x02\x00\x13"\x00\x00\x00\x00\x00btp_tester\x00\x00\x00\x00\x00\x00\x00\x00\x00\x00\x00\x00\x00\x00\x00\x00\x00\x00\x00\x00\x00\x00\x00\x00\x00\x00\x00\x00\x00\x00\x00\x00\x00\x00\x00\x00\x00\x00\x00\x00\x00\x00\x00\x00\x00\x00\x00\x00\x00\x00\x00\x00\x00\x00\x00\x00\x00\x00\x00\x00\x00\x00\x00\x00\x00\x00\x00\x00\x00\x00\x00\x00\x00\x00\x00\x00\x00\x00\x00\x00\x00\x00\x00\x00\x00\x00\x00\x00\x00\x00\x00\x00\x00\x00\x00\x00\x00\x00\x00\x00\x00\x00\x00\x00\x00\x00\x00\x00\x00\x00\x00\x00\x00\x00\x00\x00\x00\x00\x00\x00\x00\x00\x00\x00\x00\x00\x00\x00\x00\x00\x00\x00\x00\x00\x00\x00\x00\x00\x00\x00\x00\x00\x00\x00\x00\x00\x00\x00\x00\x00\x00\x00\x00\x00\x00\x00\x00\x00\x00\x00\x00\x00\x00\x00\x00\x00\x00\x00\x00\x00\x00\x00\x00\x00\x00\x00\x00\x00\x00\x00\x00\x00\x00\x00\x00\x00\x00\x00\x00\x00\x00\x00\x00\x00\x00\x00\x00\x00\x00\x00\x00\x00\x00\x00\x00\x00\x00\x00\x00\x00\x00\x00\x00\x00\x00\x00\x00\x00\x00\x00\x00\x00\x00\x00\x00\x00\x00\x00\x00\x00\x00\x00\x00\x00\x00\x00\x00\x00\x00\x00\x00\x00\x00\x00\x00\x00\x00\x00\x00\x00',)
2025-05-27 22:12:01,809 LT1-thread root DEBUG client.py                 71    logger_log                : IUT address '458130a080e7' 'random'
2025-05-27 22:12:01,809 LT1-thread root DEBUG client.py                 71    logger_log                : __gap_current_settings_update 8723
2025-05-27 22:12:01,809 LT1-thread root DEBUG client.py                 71    logger_log                : Starting test function: class=<class 'autopts.ptsprojects.testcase.TestFunc'>, func=<function test_cases.<locals>.<lambda> at 0x0000021CB0BED620> start_wid=None stop_wid=None post_wid=None skip_call=None call_count=222 args=() kwds={}
2025-05-27 22:12:01,809 LT1-thread root DEBUG client.py                 71    logger_log                : Test function parameters: args=(), kwds={}
2025-05-27 22:12:01,829 LT1-thread root DEBUG client.py                 71    logger_log                : Starting test function: class=<class 'autopts.ptsprojects.testcase.TestFunc'>, func=<function test_cases.<locals>.<lambda> at 0x0000021CB0BED6C0> start_wid=None stop_wid=None post_wid=None skip_call=None call_count=222 args=() kwds={}
2025-05-27 22:12:01,829 LT1-thread root DEBUG client.py                 71    logger_log                : Test function parameters: args=(), kwds={}
2025-05-27 22:12:01,869 LT1-thread root DEBUG client.py                 71    logger_log                : Starting test function: class=<class 'autopts.ptsprojects.testcase.TestFunc'>, func=<function test_cases.<locals>.<lambda> at 0x0000021CB0BEC360> start_wid=None stop_wid=None post_wid=None skip_call=None call_count=222 args=() kwds={}
2025-05-27 22:12:01,869 LT1-thread root DEBUG client.py                 71    logger_log                : Test function parameters: args=(), kwds={}
2025-05-27 22:12:01,899 LT1-thread root DEBUG client.py                 71    logger_log                : Starting test function: class=<class 'autopts.ptsprojects.testcase.TestFunc'>, func=<function test_cases.<locals>.<lambda> at 0x0000021CB0BED4E0> start_wid=None stop_wid=None post_wid=None skip_call=None call_count=222 args=() kwds={}
2025-05-27 22:12:01,899 LT1-thread root DEBUG client.py                 71    logger_log                : Test function parameters: args=(), kwds={}
2025-05-27 22:12:01,929 LT1-thread root DEBUG client.py                 71    logger_log                : Starting test function: class=<class 'autopts.ptsprojects.testcase.TestFunc'>, func=<function test_cases.<locals>.<lambda> at 0x0000021CB0BEC4A0> start_wid=None stop_wid=None post_wid=None skip_call=None call_count=222 args=() kwds={}
2025-05-27 22:12:01,929 LT1-thread root DEBUG client.py                 71    logger_log                : Test function parameters: args=(), kwds={}
2025-05-27 22:12:01,959 LT1-thread root DEBUG client.py                 71    logger_log                : Starting test function: class=<class 'autopts.ptsprojects.testcase.TestFunc'>, func=<function test_cases.<locals>.<lambda> at 0x0000021CB0BEC220> start_wid=None stop_wid=None post_wid=None skip_call=None call_count=222 args=() kwds={}
2025-05-27 22:12:01,959 LT1-thread root DEBUG client.py                 71    logger_log                : Test function parameters: args=(), kwds={}
2025-05-27 22:12:01,979 LT1-thread root DEBUG client.py                 71    logger_log                : Starting test function: class=<class 'autopts.ptsprojects.testcase.TestFunc'>, func=<function test_cases.<locals>.<lambda> at 0x0000021CB0BED580> start_wid=None stop_wid=None post_wid=None skip_call=None call_count=222 args=() kwds={}
2025-05-27 22:12:01,979 LT1-thread root DEBUG client.py                 71    logger_log                : Test function parameters: args=(), kwds={}
2025-05-27 22:12:02,009 LT1-thread root DEBUG client.py                 71    logger_log                : Starting test function: class=<class 'autopts.ptsprojects.testcase.TestFunc'>, func=<function test_cases.<locals>.<lambda> at 0x0000021CB0BED760> start_wid=None stop_wid=None post_wid=None skip_call=None call_count=222 args=() kwds={}
2025-05-27 22:12:02,009 LT1-thread root DEBUG client.py                 71    logger_log                : Test function parameters: args=(), kwds={}
2025-05-27 22:12:02,029 LT1-thread root DEBUG client.py                 71    logger_log                : Starting test function: class=<class 'autopts.ptsprojects.testcase.TestFunc'>, func=<function test_cases.<locals>.<lambda> at 0x0000021CB0BED800> start_wid=None stop_wid=None post_wid=None skip_call=None call_count=222 args=() kwds={}
2025-05-27 22:12:02,029 LT1-thread root DEBUG client.py                 71    logger_log                : Test function parameters: args=(), kwds={}
2025-05-27 22:12:02,059 LT1-thread root DEBUG client.py                 71    logger_log                : Starting test function: class=<class 'autopts.ptsprojects.testcase.TestFunc'>, func=<function test_cases.<locals>.<lambda> at 0x0000021CB0BED8A0> start_wid=None stop_wid=None post_wid=None skip_call=None call_count=222 args=() kwds={}
2025-05-27 22:12:02,059 LT1-thread root DEBUG client.py                 71    logger_log                : Test function parameters: args=(), kwds={}
2025-05-27 22:12:02,089 LT1-thread root DEBUG client.py                 71    logger_log                : Starting test function: class=<class 'autopts.ptsprojects.testcase.TestFunc'>, func=<function test_cases.<locals>.<lambda> at 0x0000021CB0BED940> start_wid=None stop_wid=None post_wid=None skip_call=None call_count=222 args=() kwds={}
2025-05-27 22:12:02,089 LT1-thread root DEBUG client.py                 71    logger_log                : Test function parameters: args=(), kwds={}
2025-05-27 22:12:02,119 LT1-thread root DEBUG client.py                 71    logger_log                : Starting test function: class=<class 'autopts.ptsprojects.testcase.TestFunc'>, func=<function test_cases.<locals>.<lambda> at 0x0000021CB0BED9E0> start_wid=None stop_wid=None post_wid=None skip_call=None call_count=222 args=() kwds={}
2025-05-27 22:12:02,119 LT1-thread root DEBUG client.py                 71    logger_log                : Test function parameters: args=(), kwds={}
2025-05-27 22:12:02,139 LT1-thread root DEBUG client.py                 71    logger_log                : Starting test function: class=<class 'autopts.ptsprojects.testcase.TestFunc'>, func=<function core_reg_svc_gatt at 0x0000021CAC664C20> start_wid=None stop_wid=None post_wid=None skip_call=None call_count=222 args=() kwds={}
2025-05-27 22:12:02,139 LT1-thread root DEBUG client.py                 71    logger_log                : Test function parameters: args=(), kwds={}
2025-05-27 22:12:02,139 LT1-thread root DEBUG client.py                 71    logger_log                : core_reg_svc_univ: gatt_reg (GATT)
2025-05-27 22:12:02,139 LT1-thread root DEBUG client.py                 71    logger_log                : send, 0 3 255 '2'
2025-05-27 22:12:02,139 LT1-thread root DEBUG client.py                 71    logger_log                : sending frame '0003ff010002'
2025-05-27 22:12:02,139 LT1-thread root DEBUG client.py                 71    logger_log                : core_reg_svc_rsp_succ
2025-05-27 22:12:02,139 LT1-thread root DEBUG client.py                 71    logger_log                : read
2025-05-27 22:12:02,209 BTPWorkerThread-5442 (_rx_task) root DEBUG client.py                 71    logger_log                : Read 5 bytes
2025-05-27 22:12:02,229 BTPWorkerThread-5442 (_rx_task) root DEBUG client.py                 71    logger_log                : Received: hdr: Header(svc_id=0x00, op=0x03, ctrl_index=0xff, data_len=0x00) bytearray(b'\x00\x03\xff\x00\x00')
2025-05-27 22:12:02,249 BTPWorkerThread-5442 (_rx_task) root DEBUG client.py                 71    logger_log                : Received data: {''}, bytearray(b'')
2025-05-27 22:12:02,269 LT1-thread root DEBUG client.py                 71    logger_log                : received Header(svc_id=0, op=3, ctrl_index=255, data_len=0) (b'',)
2025-05-27 22:12:02,269 LT1-thread root DEBUG client.py                 71    logger_log                : expected ((0, 3, 255, 0), (b'',))
2025-05-27 22:12:02,269 LT1-thread root DEBUG client.py                 71    logger_log                : response is valid
2025-05-27 22:12:02,269 LT1-thread root DEBUG client.py                 71    logger_log                : Reading supported commands for service: GATT
2025-05-27 22:12:02,269 LT1-thread root DEBUG client.py                 71    logger_log                : send, 2 1 255 ''
2025-05-27 22:12:02,269 LT1-thread root DEBUG client.py                 71    logger_log                : sending frame '0201ff0000'
2025-05-27 22:12:02,269 LT1-thread root DEBUG client.py                 71    logger_log                : read
2025-05-27 22:12:02,319 BTPWorkerThread-5442 (_rx_task) root DEBUG client.py                 71    logger_log                : Read 5 bytes
2025-05-27 22:12:02,339 BTPWorkerThread-5442 (_rx_task) root DEBUG client.py                 71    logger_log                : Received: hdr: Header(svc_id=0x02, op=0x01, ctrl_index=0xff, data_len=0x05) bytearray(b'\x02\x01\xff\x05\x00')
2025-05-27 22:12:02,379 BTPWorkerThread-5442 (_rx_task) root DEBUG client.py                 71    logger_log                : Read 5 bytes data
2025-05-27 22:12:02,399 BTPWorkerThread-5442 (_rx_task) root DEBUG client.py                 71    logger_log                : Received data: {'fe fe ff fd 03'}, bytearray(b'\xfe\xfe\xff\xfd\x03')
2025-05-27 22:12:02,429 LT1-thread root DEBUG client.py                 71    logger_log                : Starting test function: class=<class 'autopts.ptsprojects.testcase.TestFunc'>, func=<bound method Stack.gatt_init of <autopts.ptsprojects.stack.stack.Stack object at 0x0000021CB07D1790>> start_wid=None stop_wid=None post_wid=None skip_call=None call_count=222 args=() kwds={}
2025-05-27 22:12:02,429 LT1-thread root DEBUG client.py                 71    logger_log                : Test function parameters: args=(), kwds={}
2025-05-27 22:12:02,429 LT1-thread root DEBUG client.py                 71    logger_log                : Starting test function: class=<class 'autopts.ptsprojects.testcase.TestFunc'>, func=<function gap_set_io_cap at 0x0000021CAC667F60> start_wid=None stop_wid=None post_wid=None skip_call=None call_count=222 args=(4,) kwds={}
2025-05-27 22:12:02,429 LT1-thread root DEBUG client.py                 71    logger_log                : Test function parameters: args=(4,), kwds={}
2025-05-27 22:12:02,429 LT1-thread root DEBUG client.py                 71    logger_log                : gap_set_io_cap 4
2025-05-27 22:12:02,429 LT1-thread root DEBUG client.py                 71    logger_log                : send, 1 16 0 '\x04'
2025-05-27 22:12:02,429 LT1-thread root DEBUG client.py                 71    logger_log                : sending frame '011000010004'
2025-05-27 22:12:02,429 LT1-thread root DEBUG client.py                 71    logger_log                : gap_command_rsp_succ
2025-05-27 22:12:02,429 LT1-thread root DEBUG client.py                 71    logger_log                : read
2025-05-27 22:12:02,509 BTPWorkerThread-5442 (_rx_task) root DEBUG client.py                 71    logger_log                : Read 5 bytes
2025-05-27 22:12:02,529 BTPWorkerThread-5442 (_rx_task) root DEBUG client.py                 71    logger_log                : Received: hdr: Header(svc_id=0x01, op=0x10, ctrl_index=0x00, data_len=0x00) bytearray(b'\x01\x10\x00\x00\x00')
2025-05-27 22:12:02,549 BTPWorkerThread-5442 (_rx_task) root DEBUG client.py                 71    logger_log                : Received data: {''}, bytearray(b'')
2025-05-27 22:12:02,579 LT1-thread root DEBUG client.py                 71    logger_log                : received Header(svc_id=1, op=16, ctrl_index=0, data_len=0) (b'',)
2025-05-27 22:12:02,579 LT1-thread root DEBUG client.py                 71    logger_log                : Starting test function: class=<class 'autopts.ptsprojects.testcase.TestFunc'>, func=<function set_pts_addr at 0x0000021CAC664680> start_wid=None stop_wid=None post_wid=None skip_call=None call_count=222 args=('00:1B:DC:08:E4:4E', 0) kwds={}
2025-05-27 22:12:02,579 LT1-thread root DEBUG client.py                 71    logger_log                : Test function parameters: args=('00:1B:DC:08:E4:4E', 0), kwds={}
2025-05-27 22:12:02,579 LT1-thread root DEBUG client.py                 71    logger_log                : Starting test function: class=<class 'autopts.ptsprojects.testcase.TestFunc'>, func=<function gatts_add_svc at 0x0000021CAC67A480> start_wid=None stop_wid=None post_wid=None skip_call=None call_count=181 args=(0, 'AA51') kwds={}
2025-05-27 22:12:02,579 LT1-thread root DEBUG client.py                 71    logger_log                : Test function parameters: args=(0, 'AA51'), kwds={}
2025-05-27 22:12:02,579 LT1-thread root DEBUG client.py                 71    logger_log                : gatts_add_svc 0 'AA51'
2025-05-27 22:12:02,579 LT1-thread root DEBUG client.py                 71    logger_log                : send, 2 2 0 "bytearray(b'\\x00\\x02\\xaaQ')"
2025-05-27 22:12:02,579 LT1-thread root DEBUG client.py                 71    logger_log                : sending frame '02020004000002aa51'
2025-05-27 22:12:02,579 LT1-thread root DEBUG client.py                 71    logger_log                : gatt_command_rsp_succ
2025-05-27 22:12:02,579 LT1-thread root DEBUG client.py                 71    logger_log                : read
2025-05-27 22:12:02,649 BTPWorkerThread-5442 (_rx_task) root DEBUG client.py                 71    logger_log                : Read 5 bytes
2025-05-27 22:12:02,669 BTPWorkerThread-5442 (_rx_task) root DEBUG client.py                 71    logger_log                : Received: hdr: Header(svc_id=0x02, op=0x02, ctrl_index=0x00, data_len=0x02) bytearray(b'\x02\x02\x00\x02\x00')
2025-05-27 22:12:02,709 BTPWorkerThread-5442 (_rx_task) root DEBUG client.py                 71    logger_log                : Read 2 bytes data
2025-05-27 22:12:02,729 BTPWorkerThread-5442 (_rx_task) root DEBUG client.py                 71    logger_log                : Received data: {'00 00'}, bytearray(b'\x00\x00')
2025-05-27 22:12:02,759 LT1-thread root DEBUG client.py                 71    logger_log                : received Header(svc_id=2, op=2, ctrl_index=0, data_len=2) (b'\x00\x00',)
2025-05-27 22:12:02,759 LT1-thread root DEBUG client.py                 71    logger_log                : Starting test function: class=<class 'autopts.ptsprojects.testcase.TestFunc'>, func=<function gatts_add_char at 0x0000021CAC67A5C0> start_wid=None stop_wid=None post_wid=None skip_call=None call_count=181 args=(0, 2, 17, 'AA52') kwds={}
2025-05-27 22:12:02,759 LT1-thread root DEBUG client.py                 71    logger_log                : Test function parameters: args=(0, 2, 17, 'AA52'), kwds={}
2025-05-27 22:12:02,759 LT1-thread root DEBUG client.py                 71    logger_log                : gatts_add_char 0 2 17 'AA52'
2025-05-27 22:12:02,759 LT1-thread root DEBUG client.py                 71    logger_log                : send, 2 3 0 "bytearray(b'\\x00\\x00\\x02\\x11\\x02\\xaaR')"
2025-05-27 22:12:02,759 LT1-thread root DEBUG client.py                 71    logger_log                : sending frame '02030007000000021102aa52'
2025-05-27 22:12:02,759 LT1-thread root DEBUG client.py                 71    logger_log                : gatt_command_rsp_succ
2025-05-27 22:12:02,759 LT1-thread root DEBUG client.py                 71    logger_log                : read
2025-05-27 22:12:02,829 BTPWorkerThread-5442 (_rx_task) root DEBUG client.py                 71    logger_log                : Read 5 bytes
2025-05-27 22:12:02,849 BTPWorkerThread-5442 (_rx_task) root DEBUG client.py                 71    logger_log                : Received: hdr: Header(svc_id=0x02, op=0x03, ctrl_index=0x00, data_len=0x02) bytearray(b'\x02\x03\x00\x02\x00')
2025-05-27 22:12:02,879 BTPWorkerThread-5442 (_rx_task) root DEBUG client.py                 71    logger_log                : Read 2 bytes data
2025-05-27 22:12:02,899 BTPWorkerThread-5442 (_rx_task) root DEBUG client.py                 71    logger_log                : Received data: {'00 00'}, bytearray(b'\x00\x00')
2025-05-27 22:12:02,929 LT1-thread root DEBUG client.py                 71    logger_log                : received Header(svc_id=2, op=3, ctrl_index=0, data_len=2) (b'\x00\x00',)
2025-05-27 22:12:02,929 LT1-thread root DEBUG client.py                 71    logger_log                : Starting test function: class=<class 'autopts.ptsprojects.testcase.TestFunc'>, func=<function gatts_set_val at 0x0000021CAC67A660> start_wid=None stop_wid=None post_wid=None skip_call=None call_count=181 args=(0, '01') kwds={}
2025-05-27 22:12:02,929 LT1-thread root DEBUG client.py                 71    logger_log                : Test function parameters: args=(0, '01'), kwds={}
2025-05-27 22:12:02,929 LT1-thread root DEBUG client.py                 71    logger_log                : gatts_set_val 0 '01' 
2025-05-27 22:12:02,929 LT1-thread root DEBUG client.py                 71    logger_log                : send, 2 6 0 "bytearray(b'\\x00\\x00\\x01\\x00\\x01')"
2025-05-27 22:12:02,929 LT1-thread root DEBUG client.py                 71    logger_log                : sending frame '02060005000000010001'
2025-05-27 22:12:02,929 LT1-thread root DEBUG client.py                 71    logger_log                : gatt_command_rsp_succ
2025-05-27 22:12:02,929 LT1-thread root DEBUG client.py                 71    logger_log                : read
2025-05-27 22:12:03,009 BTPWorkerThread-5442 (_rx_task) root DEBUG client.py                 71    logger_log                : Read 5 bytes
2025-05-27 22:12:03,019 BTPWorkerThread-5442 (_rx_task) root DEBUG client.py                 71    logger_log                : Received: hdr: Header(svc_id=0x02, op=0x06, ctrl_index=0x00, data_len=0x00) bytearray(b'\x02\x06\x00\x00\x00')
2025-05-27 22:12:03,019 BTPWorkerThread-5442 (_rx_task) root DEBUG client.py                 71    logger_log                : Received data: {''}, bytearray(b'')
2025-05-27 22:12:03,039 LT1-thread root DEBUG client.py                 71    logger_log                : received Header(svc_id=2, op=6, ctrl_index=0, data_len=0) (b'',)
2025-05-27 22:12:03,039 LT1-thread root DEBUG client.py                 71    logger_log                : Starting test function: class=<class 'autopts.ptsprojects.testcase.TestFunc'>, func=<function gatts_add_char at 0x0000021CAC67A5C0> start_wid=None stop_wid=None post_wid=None skip_call=None call_count=181 args=(0, 2, 5, 'AA53') kwds={}
2025-05-27 22:12:03,039 LT1-thread root DEBUG client.py                 71    logger_log                : Test function parameters: args=(0, 2, 5, 'AA53'), kwds={}
2025-05-27 22:12:03,039 LT1-thread root DEBUG client.py                 71    logger_log                : gatts_add_char 0 2 5 'AA53'
2025-05-27 22:12:03,039 LT1-thread root DEBUG client.py                 71    logger_log                : send, 2 3 0 "bytearray(b'\\x00\\x00\\x02\\x05\\x02\\xaaS')"
2025-05-27 22:12:03,039 LT1-thread root DEBUG client.py                 71    logger_log                : sending frame '02030007000000020502aa53'
2025-05-27 22:12:03,039 LT1-thread root DEBUG client.py                 71    logger_log                : gatt_command_rsp_succ
2025-05-27 22:12:03,039 LT1-thread root DEBUG client.py                 71    logger_log                : read
2025-05-27 22:12:03,109 BTPWorkerThread-5442 (_rx_task) root DEBUG client.py                 71    logger_log                : Read 5 bytes
2025-05-27 22:12:03,129 BTPWorkerThread-5442 (_rx_task) root DEBUG client.py                 71    logger_log                : Received: hdr: Header(svc_id=0x02, op=0x03, ctrl_index=0x00, data_len=0x02) bytearray(b'\x02\x03\x00\x02\x00')
2025-05-27 22:12:03,159 BTPWorkerThread-5442 (_rx_task) root DEBUG client.py                 71    logger_log                : Read 2 bytes data
2025-05-27 22:12:03,179 BTPWorkerThread-5442 (_rx_task) root DEBUG client.py                 71    logger_log                : Received data: {'00 00'}, bytearray(b'\x00\x00')
2025-05-27 22:12:03,199 LT1-thread root DEBUG client.py                 71    logger_log                : received Header(svc_id=2, op=3, ctrl_index=0, data_len=2) (b'\x00\x00',)
2025-05-27 22:12:03,199 LT1-thread root DEBUG client.py                 71    logger_log                : Starting test function: class=<class 'autopts.ptsprojects.testcase.TestFunc'>, func=<function gatts_set_val at 0x0000021CAC67A660> start_wid=None stop_wid=None post_wid=None skip_call=None call_count=181 args=(0, '02') kwds={}
2025-05-27 22:12:03,199 LT1-thread root DEBUG client.py                 71    logger_log                : Test function parameters: args=(0, '02'), kwds={}
2025-05-27 22:12:03,199 LT1-thread root DEBUG client.py                 71    logger_log                : gatts_set_val 0 '02' 
2025-05-27 22:12:03,199 LT1-thread root DEBUG client.py                 71    logger_log                : send, 2 6 0 "bytearray(b'\\x00\\x00\\x01\\x00\\x02')"
2025-05-27 22:12:03,199 LT1-thread root DEBUG client.py                 71    logger_log                : sending frame '02060005000000010002'
2025-05-27 22:12:03,199 LT1-thread root DEBUG client.py                 71    logger_log                : gatt_command_rsp_succ
2025-05-27 22:12:03,199 LT1-thread root DEBUG client.py                 71    logger_log                : read
2025-05-27 22:12:03,269 BTPWorkerThread-5442 (_rx_task) root DEBUG client.py                 71    logger_log                : Read 5 bytes
2025-05-27 22:12:03,289 BTPWorkerThread-5442 (_rx_task) root DEBUG client.py                 71    logger_log                : Received: hdr: Header(svc_id=0x02, op=0x06, ctrl_index=0x00, data_len=0x00) bytearray(b'\x02\x06\x00\x00\x00')
2025-05-27 22:12:03,309 BTPWorkerThread-5442 (_rx_task) root DEBUG client.py                 71    logger_log                : Received data: {''}, bytearray(b'')
2025-05-27 22:12:03,339 LT1-thread root DEBUG client.py                 71    logger_log                : received Header(svc_id=2, op=6, ctrl_index=0, data_len=0) (b'',)
2025-05-27 22:12:03,339 LT1-thread root DEBUG client.py                 71    logger_log                : Starting test function: class=<class 'autopts.ptsprojects.testcase.TestFunc'>, func=<function gatts_add_char at 0x0000021CAC67A5C0> start_wid=None stop_wid=None post_wid=None skip_call=None call_count=181 args=(0, 66, 3, 'AA54') kwds={}
2025-05-27 22:12:03,339 LT1-thread root DEBUG client.py                 71    logger_log                : Test function parameters: args=(0, 66, 3, 'AA54'), kwds={}
2025-05-27 22:12:03,339 LT1-thread root DEBUG client.py                 71    logger_log                : gatts_add_char 0 66 3 'AA54'
2025-05-27 22:12:03,339 LT1-thread root DEBUG client.py                 71    logger_log                : send, 2 3 0 "bytearray(b'\\x00\\x00B\\x03\\x02\\xaaT')"
2025-05-27 22:12:03,339 LT1-thread root DEBUG client.py                 71    logger_log                : sending frame '02030007000000420302aa54'
2025-05-27 22:12:03,339 LT1-thread root DEBUG client.py                 71    logger_log                : gatt_command_rsp_succ
2025-05-27 22:12:03,339 LT1-thread root DEBUG client.py                 71    logger_log                : read
2025-05-27 22:12:03,409 BTPWorkerThread-5442 (_rx_task) root DEBUG client.py                 71    logger_log                : Read 5 bytes
2025-05-27 22:12:03,429 BTPWorkerThread-5442 (_rx_task) root DEBUG client.py                 71    logger_log                : Received: hdr: Header(svc_id=0x02, op=0x03, ctrl_index=0x00, data_len=0x02) bytearray(b'\x02\x03\x00\x02\x00')
2025-05-27 22:12:03,469 BTPWorkerThread-5442 (_rx_task) root DEBUG client.py                 71    logger_log                : Read 2 bytes data
2025-05-27 22:12:03,489 BTPWorkerThread-5442 (_rx_task) root DEBUG client.py                 71    logger_log                : Received data: {'00 00'}, bytearray(b'\x00\x00')
2025-05-27 22:12:03,499 LT1-thread root DEBUG client.py                 71    logger_log                : received Header(svc_id=2, op=3, ctrl_index=0, data_len=2) (b'\x00\x00',)
2025-05-27 22:12:03,499 LT1-thread root DEBUG client.py                 71    logger_log                : Starting test function: class=<class 'autopts.ptsprojects.testcase.TestFunc'>, func=<function gatts_set_val at 0x0000021CAC67A660> start_wid=None stop_wid=None post_wid=None skip_call=None call_count=181 args=(0, '03') kwds={}
2025-05-27 22:12:03,499 LT1-thread root DEBUG client.py                 71    logger_log                : Test function parameters: args=(0, '03'), kwds={}
2025-05-27 22:12:03,499 LT1-thread root DEBUG client.py                 71    logger_log                : gatts_set_val 0 '03' 
2025-05-27 22:12:03,499 LT1-thread root DEBUG client.py                 71    logger_log                : send, 2 6 0 "bytearray(b'\\x00\\x00\\x01\\x00\\x03')"
2025-05-27 22:12:03,499 LT1-thread root DEBUG client.py                 71    logger_log                : sending frame '02060005000000010003'
2025-05-27 22:12:03,499 LT1-thread root DEBUG client.py                 71    logger_log                : gatt_command_rsp_succ
2025-05-27 22:12:03,499 LT1-thread root DEBUG client.py                 71    logger_log                : read
2025-05-27 22:12:03,569 BTPWorkerThread-5442 (_rx_task) root DEBUG client.py                 71    logger_log                : Read 5 bytes
2025-05-27 22:12:03,589 BTPWorkerThread-5442 (_rx_task) root DEBUG client.py                 71    logger_log                : Received: hdr: Header(svc_id=0x02, op=0x06, ctrl_index=0x00, data_len=0x00) bytearray(b'\x02\x06\x00\x00\x00')
2025-05-27 22:12:03,609 BTPWorkerThread-5442 (_rx_task) root DEBUG client.py                 71    logger_log                : Received data: {''}, bytearray(b'')
2025-05-27 22:12:03,639 LT1-thread root DEBUG client.py                 71    logger_log                : received Header(svc_id=2, op=6, ctrl_index=0, data_len=0) (b'',)
2025-05-27 22:12:03,639 LT1-thread root DEBUG client.py                 71    logger_log                : Starting test function: class=<class 'autopts.ptsprojects.testcase.TestFunc'>, func=<function gatts_add_char at 0x0000021CAC67A5C0> start_wid=None stop_wid=None post_wid=None skip_call=None call_count=181 args=(0, 10, 48, 'AA55') kwds={}
2025-05-27 22:12:03,639 LT1-thread root DEBUG client.py                 71    logger_log                : Test function parameters: args=(0, 10, 48, 'AA55'), kwds={}
2025-05-27 22:12:03,639 LT1-thread root DEBUG client.py                 71    logger_log                : gatts_add_char 0 10 48 'AA55'
2025-05-27 22:12:03,639 LT1-thread root DEBUG client.py                 71    logger_log                : send, 2 3 0 "bytearray(b'\\x00\\x00\\n0\\x02\\xaaU')"
2025-05-27 22:12:03,639 LT1-thread root DEBUG client.py                 71    logger_log                : sending frame '020300070000000a3002aa55'
2025-05-27 22:12:03,639 LT1-thread root DEBUG client.py                 71    logger_log                : gatt_command_rsp_succ
2025-05-27 22:12:03,639 LT1-thread root DEBUG client.py                 71    logger_log                : read
2025-05-27 22:12:03,699 BTPWorkerThread-5442 (_rx_task) root DEBUG client.py                 71    logger_log                : Read 5 bytes
2025-05-27 22:12:03,719 BTPWorkerThread-5442 (_rx_task) root DEBUG client.py                 71    logger_log                : Received: hdr: Header(svc_id=0x02, op=0x03, ctrl_index=0x00, data_len=0x02) bytearray(b'\x02\x03\x00\x02\x00')
2025-05-27 22:12:03,759 BTPWorkerThread-5442 (_rx_task) root DEBUG client.py                 71    logger_log                : Read 2 bytes data
2025-05-27 22:12:03,779 BTPWorkerThread-5442 (_rx_task) root DEBUG client.py                 71    logger_log                : Received data: {'00 00'}, bytearray(b'\x00\x00')
2025-05-27 22:12:03,809 LT1-thread root DEBUG client.py                 71    logger_log                : received Header(svc_id=2, op=3, ctrl_index=0, data_len=2) (b'\x00\x00',)
2025-05-27 22:12:03,809 LT1-thread root DEBUG client.py                 71    logger_log                : Starting test function: class=<class 'autopts.ptsprojects.testcase.TestFunc'>, func=<function gatts_set_val at 0x0000021CAC67A660> start_wid=None stop_wid=None post_wid=None skip_call=None call_count=181 args=(0, '04') kwds={}
2025-05-27 22:12:03,809 LT1-thread root DEBUG client.py                 71    logger_log                : Test function parameters: args=(0, '04'), kwds={}
2025-05-27 22:12:03,809 LT1-thread root DEBUG client.py                 71    logger_log                : gatts_set_val 0 '04' 
2025-05-27 22:12:03,809 LT1-thread root DEBUG client.py                 71    logger_log                : send, 2 6 0 "bytearray(b'\\x00\\x00\\x01\\x00\\x04')"
2025-05-27 22:12:03,809 LT1-thread root DEBUG client.py                 71    logger_log                : sending frame '02060005000000010004'
2025-05-27 22:12:03,809 LT1-thread root DEBUG client.py                 71    logger_log                : gatt_command_rsp_succ
2025-05-27 22:12:03,809 LT1-thread root DEBUG client.py                 71    logger_log                : read
2025-05-27 22:12:03,889 BTPWorkerThread-5442 (_rx_task) root DEBUG client.py                 71    logger_log                : Read 5 bytes
2025-05-27 22:12:03,909 BTPWorkerThread-5442 (_rx_task) root DEBUG client.py                 71    logger_log                : Received: hdr: Header(svc_id=0x02, op=0x06, ctrl_index=0x00, data_len=0x00) bytearray(b'\x02\x06\x00\x00\x00')
2025-05-27 22:12:03,929 BTPWorkerThread-5442 (_rx_task) root DEBUG client.py                 71    logger_log                : Received data: {''}, bytearray(b'')
2025-05-27 22:12:03,959 LT1-thread root DEBUG client.py                 71    logger_log                : received Header(svc_id=2, op=6, ctrl_index=0, data_len=0) (b'',)
2025-05-27 22:12:03,959 LT1-thread root DEBUG client.py                 71    logger_log                : Starting test function: class=<class 'autopts.ptsprojects.testcase.TestFunc'>, func=<function gatts_start_server at 0x0000021CAC67A8E0> start_wid=None stop_wid=None post_wid=None skip_call=None call_count=181 args=() kwds={}
2025-05-27 22:12:03,959 LT1-thread root DEBUG client.py                 71    logger_log                : Test function parameters: args=(), kwds={}
2025-05-27 22:12:03,959 LT1-thread root DEBUG client.py                 71    logger_log                : gatts_start_server
2025-05-27 22:12:03,959 LT1-thread root DEBUG client.py                 71    logger_log                : send, 2 7 0 ''
2025-05-27 22:12:03,959 LT1-thread root DEBUG client.py                 71    logger_log                : sending frame '0207000000'
2025-05-27 22:12:03,959 LT1-thread root DEBUG client.py                 71    logger_log                : gatt_command_rsp_succ
2025-05-27 22:12:03,959 LT1-thread root DEBUG client.py                 71    logger_log                : read
2025-05-27 22:12:04,019 BTPWorkerThread-5442 (_rx_task) root DEBUG client.py                 71    logger_log                : Read 5 bytes
2025-05-27 22:12:04,039 BTPWorkerThread-5442 (_rx_task) root DEBUG client.py                 71    logger_log                : Received: hdr: Header(svc_id=0x02, op=0x07, ctrl_index=0x00, data_len=0x03) bytearray(b'\x02\x07\x00\x03\x00')
2025-05-27 22:12:04,059 BTPWorkerThread-5442 (_rx_task) root DEBUG client.py                 71    logger_log                : Read 3 bytes data
2025-05-27 22:12:04,079 BTPWorkerThread-5442 (_rx_task) root DEBUG client.py                 71    logger_log                : Received data: {'00 00 00'}, bytearray(b'\x00\x00\x00')
2025-05-27 22:12:04,089 LT1-thread root DEBUG client.py                 71    logger_log                : received Header(svc_id=2, op=7, ctrl_index=0, data_len=3) (b'\x00\x00\x00',)
2025-05-27 22:12:04,089 LT1-thread root DEBUG client.py                 71    logger_log                : ClientCallback.get_result run_test_case
2025-05-27 22:12:16,252 LT1-callback ClientCallback.on_implicit_send INFO client.py                 71    logger_log                : 
    ********************
    BEGIN OnImplicitSend:
    project_name: GAP
    wid: 78
    test_case_name: GAP/SEC/SEM/BV-28-C
    description: Please send an LE connect request to establish a connection.
    style: MMI_Style_Ok_Cancel2 0x11141
2025-05-27 22:12:16,262 LT1-callback ClientCallback.on_implicit_send INFO client.py                 71    logger_log                : Calling test cases on_implicit_send
2025-05-27 22:12:16,262 LT1-callback ClientCallback.on_implicit_send INFO client.py                 71    logger_log                : 
    on_implicit_send returned response: WAIT
    END OnImplicitSend
    ********************
2025-05-27 22:12:17,133 LT1-thread root DEBUG client.py                 71    logger_log                : GAP GAP/SEC/SEM/BV-28-C on_implicit_send
2025-05-27 22:12:17,133 LT1-thread root DEBUG client.py                 71    logger_log                : gap_wid_hdl, 78, Please send an LE connect request to establish a connection., GAP/SEC/SEM/BV-28-C
2025-05-27 22:12:17,133 LT1-thread root DEBUG client.py                 71    logger_log                : gap_conn None None
2025-05-27 22:12:17,133 LT1-thread root DEBUG client.py                 71    logger_log                : send, 1 14 0 "bytearray(b'\\x00N\\xe4\\x08\\xdc\\x1b\\x00\\x00')"
2025-05-27 22:12:17,133 LT1-thread root DEBUG client.py                 71    logger_log                : sending frame '010e000800004ee408dc1b0000'
2025-05-27 22:12:17,133 LT1-thread root DEBUG client.py                 71    logger_log                : read
2025-05-27 22:12:17,203 BTPWorkerThread-5442 (_rx_task) root DEBUG client.py                 71    logger_log                : Read 5 bytes
2025-05-27 22:12:17,223 BTPWorkerThread-5442 (_rx_task) root DEBUG client.py                 71    logger_log                : Received: hdr: Header(svc_id=0x01, op=0x0e, ctrl_index=0x00, data_len=0x00) bytearray(b'\x01\x0e\x00\x00\x00')
2025-05-27 22:12:17,243 BTPWorkerThread-5442 (_rx_task) root DEBUG client.py                 71    logger_log                : Received data: {''}, bytearray(b'')
2025-05-27 22:12:17,263 LT1-thread root DEBUG client.py                 71    logger_log                : Sending response 'OK' to wid 78 test case GAP/SEC/SEM/BV-28-C
2025-05-27 22:12:17,263 LT1-thread root DEBUG client.py                 71    logger_log                : ClientCallback.get_result run_test_case
2025-05-27 22:12:17,373 LT1-callback ClientCallback.on_implicit_send INFO client.py                 71    logger_log                : 
    ********************
    BEGIN OnImplicitSend:
    project_name: GAP
    wid: 227
    test_case_name: GAP/SEC/SEM/BV-28-C
    description: Please triggers the authentication procedure on the IUT, by an L2CAP channel establishment or a GATT service request(Write Request to handle 0x0007).
    style: MMI_Style_Ok 0x11040
2025-05-27 22:12:17,373 LT1-callback ClientCallback.on_implicit_send INFO client.py                 71    logger_log                : Calling test cases on_implicit_send
2025-05-27 22:12:17,373 LT1-callback ClientCallback.on_implicit_send INFO client.py                 71    logger_log                : 
    on_implicit_send returned response: WAIT
    END OnImplicitSend
    ********************
2025-05-27 22:12:17,383 BTPWorkerThread-5442 (_rx_task) root DEBUG client.py                 71    logger_log                : Read 5 bytes
2025-05-27 22:12:17,383 BTPWorkerThread-5442 (_rx_task) root DEBUG client.py                 71    logger_log                : Received: hdr: Header(svc_id=0x01, op=0x82, ctrl_index=0x00, data_len=0x0d) bytearray(b'\x01\x82\x00\r\x00')
2025-05-27 22:12:17,383 BTPWorkerThread-5442 (_rx_task) root DEBUG client.py                 71    logger_log                : Read 13 bytes data
2025-05-27 22:12:17,383 BTPWorkerThread-5442 (_rx_task) root DEBUG client.py                 71    logger_log                : Received data: {'00 4e e4 08 dc 1b 00 24 00 00 00 90 01'}, bytearray(b'\x00N\xe4\x08\xdc\x1b\x00$\x00\x00\x00\x90\x01')
2025-05-27 22:12:17,383 BTPWorkerThread-5442 (_rx_task) root DEBUG client.py                 71    logger_log                : event_handler Header(svc_id=1, op=130, ctrl_index=0, data_len=13) (b'\x00N\xe4\x08\xdc\x1b\x00$\x00\x00\x00\x90\x01',)
2025-05-27 22:12:17,383 BTPWorkerThread-5442 (_rx_task) root DEBUG client.py                 71    logger_log                : gap_connected_ev_ b'\x00N\xe4\x08\xdc\x1b\x00$\x00\x00\x00\x90\x01'
2025-05-27 22:12:18,273 LT1-thread root DEBUG client.py                 71    logger_log                : GAP GAP/SEC/SEM/BV-28-C on_implicit_send
2025-05-27 22:12:18,273 LT1-thread root DEBUG client.py                 71    logger_log                : gap_wid_hdl, 227, Please triggers the authentication procedure on the IUT, by an L2CAP channel establishment or a GATT service request(Write Request to handle 0x0007)., GAP/SEC/SEM/BV-28-C
2025-05-27 22:12:18,273 LT1-thread root DEBUG client.py                 71    logger_log                : description='Please triggers the authentication procedure on the IUT, by an L2CAP channel establishment or a GATT service request(Write Request to handle 0x0007).'
2025-05-27 22:12:18,273 LT1-thread root DEBUG client.py                 71    logger_log                : handle='0007'
2025-05-27 22:12:18,273 LT1-thread root DEBUG client.py                 71    logger_log                : gattc_write 0 '001bdc08e44e' 7 '02' 1
2025-05-27 22:12:18,273 LT1-thread root DEBUG client.py                 71    logger_log                : send, 2 23 0 "bytearray(b'\\x00N\\xe4\\x08\\xdc\\x1b\\x00\\x07\\x00\\x01\\x00\\x02')"
2025-05-27 22:12:18,273 LT1-thread root DEBUG client.py                 71    logger_log                : sending frame '0217000c00004ee408dc1b000700010002'
2025-05-27 22:12:18,273 LT1-thread root DEBUG client.py                 71    logger_log                : read
2025-05-27 22:12:18,423 BTPWorkerThread-5442 (_rx_task) root DEBUG client.py                 71    logger_log                : Read 5 bytes
2025-05-27 22:12:18,443 BTPWorkerThread-5442 (_rx_task) root DEBUG client.py                 71    logger_log                : Received: hdr: Header(svc_id=0x02, op=0x17, ctrl_index=0x00, data_len=0x01) bytearray(b'\x02\x17\x00\x01\x00')
2025-05-27 22:12:18,463 BTPWorkerThread-5442 (_rx_task) root DEBUG client.py                 71    logger_log                : Read 1 bytes data
2025-05-27 22:12:18,483 BTPWorkerThread-5442 (_rx_task) root DEBUG client.py                 71    logger_log                : Received data: {'00'}, bytearray(b'\x00')
2025-05-27 22:12:18,513 LT1-thread root DEBUG client.py                 71    logger_log                : gattc_write_rsp received Header(svc_id=2, op=23, ctrl_index=0, data_len=1) (b'\x00',)
2025-05-27 22:12:18,513 LT1-thread root DEBUG client.py                 71    logger_log                : gattc_write_rsp 0
2025-05-27 22:12:18,513 LT1-thread root DEBUG client.py                 71    logger_log                : description='authentication error'
2025-05-27 22:12:18,513 LT1-thread root DEBUG client.py                 71    logger_log                : Verifying values: ['']
2025-05-27 22:12:18,513 LT1-thread root DEBUG client.py                 71    logger_log                : Description values: ['authentication error']
2025-05-27 22:12:18,513 LT1-thread root DEBUG client.py                 71    logger_log                : Verifying: 'authentication error'
2025-05-27 22:12:18,513 LT1-thread root DEBUG client.py                 71    logger_log                : Verification failed, value not in verify values
2025-05-27 22:12:18,513 LT1-thread root DEBUG client.py                 71    logger_log                : description='insufficient encryption'
2025-05-27 22:12:18,513 LT1-thread root DEBUG client.py                 71    logger_log                : Verifying values: ['']
2025-05-27 22:12:18,513 LT1-thread root DEBUG client.py                 71    logger_log                : Description values: ['insufficient encryption']
2025-05-27 22:12:18,513 LT1-thread root DEBUG client.py                 71    logger_log                : Verifying: 'insufficient encryption'
2025-05-27 22:12:18,513 LT1-thread root DEBUG client.py                 71    logger_log                : Verification failed, value not in verify values
2025-05-27 22:12:18,513 LT1-thread root DEBUG client.py                 71    logger_log                : Sending response 'Ok' to wid 227 test case GAP/SEC/SEM/BV-28-C
2025-05-27 22:12:18,513 LT1-thread root DEBUG client.py                 71    logger_log                : ClientCallback.get_result run_test_case
2025-05-27 22:12:18,513 LT1-callback ClientCallback.on_implicit_send INFO client.py                 71    logger_log                : 
    ********************
    BEGIN OnImplicitSend:
    project_name: GAP
    wid: 108
    test_case_name: GAP/SEC/SEM/BV-28-C
    description: Please configure the IUT into LE Security and start pairing process.
    style: MMI_Style_Ok_Cancel2 0x11141
2025-05-27 22:12:18,513 LT1-callback ClientCallback.on_implicit_send INFO client.py                 71    logger_log                : Calling test cases on_implicit_send
2025-05-27 22:12:18,513 LT1-callback ClientCallback.on_implicit_send INFO client.py                 71    logger_log                : 
    on_implicit_send returned response: WAIT
    END OnImplicitSend
    ********************
2025-05-27 22:12:19,524 LT1-thread root DEBUG client.py                 71    logger_log                : GAP GAP/SEC/SEM/BV-28-C on_implicit_send
2025-05-27 22:12:19,524 LT1-thread root DEBUG client.py                 71    logger_log                : gap_wid_hdl, 108, Please configure the IUT into LE Security and start pairing process., GAP/SEC/SEM/BV-28-C
2025-05-27 22:12:19,524 LT1-thread root DEBUG client.py                 71    logger_log                : gap_pair None None
2025-05-27 22:12:19,524 LT1-thread root DEBUG client.py                 71    logger_log                : send, 1 17 0 "bytearray(b'\\x00N\\xe4\\x08\\xdc\\x1b\\x00')"
2025-05-27 22:12:19,524 LT1-thread root DEBUG client.py                 71    logger_log                : sending frame '0111000700004ee408dc1b00'
2025-05-27 22:12:19,524 LT1-thread root DEBUG client.py                 71    logger_log                : gap_command_rsp_succ
2025-05-27 22:12:19,524 LT1-thread root DEBUG client.py                 71    logger_log                : read
2025-05-27 22:12:19,584 BTPWorkerThread-5442 (_rx_task) root DEBUG client.py                 71    logger_log                : Read 5 bytes
2025-05-27 22:12:19,604 BTPWorkerThread-5442 (_rx_task) root DEBUG client.py                 71    logger_log                : Received: hdr: Header(svc_id=0x01, op=0x11, ctrl_index=0x00, data_len=0x00) bytearray(b'\x01\x11\x00\x00\x00')
2025-05-27 22:12:19,624 BTPWorkerThread-5442 (_rx_task) root DEBUG client.py                 71    logger_log                : Received data: {''}, bytearray(b'')
2025-05-27 22:12:19,654 BTPWorkerThread-5442 (_rx_task) root DEBUG client.py                 71    logger_log                : Read 5 bytes
2025-05-27 22:12:19,654 LT1-thread root DEBUG client.py                 71    logger_log                : received Header(svc_id=1, op=17, ctrl_index=0, data_len=0) (b'',)
2025-05-27 22:12:19,654 LT1-thread root DEBUG client.py                 71    logger_log                : Sending response 'OK' to wid 108 test case GAP/SEC/SEM/BV-28-C
2025-05-27 22:12:19,654 BTPWorkerThread-5442 (_rx_task) root DEBUG client.py                 71    logger_log                : Received: hdr: Header(svc_id=0x01, op=0x91, ctrl_index=0x00, data_len=0x09) bytearray(b'\x01\x91\x00\t\x00')
2025-05-27 22:12:19,654 BTPWorkerThread-5442 (_rx_task) root DEBUG client.py                 71    logger_log                : Read 9 bytes data
2025-05-27 22:12:19,654 BTPWorkerThread-5442 (_rx_task) root DEBUG client.py                 71    logger_log                : Received data: {'00 4e e4 08 dc 1b 00 00 00'}, bytearray(b'\x00N\xe4\x08\xdc\x1b\x00\x00\x00')
2025-05-27 22:12:19,654 BTPWorkerThread-5442 (_rx_task) root DEBUG client.py                 71    logger_log                : event_handler Header(svc_id=1, op=145, ctrl_index=0, data_len=9) (b'\x00N\xe4\x08\xdc\x1b\x00\x00\x00',)
2025-05-27 22:12:19,654 BTPWorkerThread-5442 (_rx_task) root DEBUG client.py                 71    logger_log                : gap_encryption_change_ev_
2025-05-27 22:12:19,654 BTPWorkerThread-5442 (_rx_task) root DEBUG client.py                 71    logger_log                : enc change received b'\x00N\xe4\x08\xdc\x1b\x00\x00\x00'
2025-05-27 22:12:19,654 BTPWorkerThread-5442 (_rx_task) root DEBUG client.py                 71    logger_log                : received (0, '001bdc08e44e', 0, 0)
2025-05-27 22:12:19,654 LT1-thread root DEBUG client.py                 71    logger_log                : ClientCallback.get_result run_test_case
2025-05-27 22:12:19,654 BTPWorkerThread-5442 (_rx_task) root DEBUG client.py                 71    logger_log                : Read 5 bytes
2025-05-27 22:12:19,654 BTPWorkerThread-5442 (_rx_task) root DEBUG client.py                 71    logger_log                : Received: hdr: Header(svc_id=0x01, op=0x8c, ctrl_index=0x00, data_len=0x08) bytearray(b'\x01\x8c\x00\x08\x00')
2025-05-27 22:12:19,654 BTPWorkerThread-5442 (_rx_task) root DEBUG client.py                 71    logger_log                : Read 8 bytes data
2025-05-27 22:12:19,654 BTPWorkerThread-5442 (_rx_task) root DEBUG client.py                 71    logger_log                : Received data: {'00 4e e4 08 dc 1b 00 04'}, bytearray(b'\x00N\xe4\x08\xdc\x1b\x00\x04')
2025-05-27 22:12:19,654 BTPWorkerThread-5442 (_rx_task) root DEBUG client.py                 71    logger_log                : event_handler Header(svc_id=1, op=140, ctrl_index=0, data_len=8) (b'\x00N\xe4\x08\xdc\x1b\x00\x04',)
2025-05-27 22:12:19,654 BTPWorkerThread-5442 (_rx_task) root DEBUG client.py                 71    logger_log                : gap_pairing_failed_ev_
2025-05-27 22:12:19,654 BTPWorkerThread-5442 (_rx_task) root DEBUG client.py                 71    logger_log                : received b'\x00N\xe4\x08\xdc\x1b\x00\x04'
2025-05-27 22:12:19,654 BTPWorkerThread-5442 (_rx_task) root DEBUG client.py                 71    logger_log                : received (0, '001bdc08e44e', 4)
2025-05-27 22:12:19,661 LT1-callback ClientCallback.on_implicit_send INFO client.py                 71    logger_log                : 
    ********************
    BEGIN OnImplicitSend:
    project_name: GAP
    wid: 206
    test_case_name: GAP/SEC/SEM/BV-28-C
    description: The Secure ID is 350048
    style: MMI_Style_Ok 0x11040
2025-05-27 22:12:19,661 LT1-callback ClientCallback.on_implicit_send INFO client.py                 71    logger_log                : Calling test cases on_implicit_send
2025-05-27 22:12:19,661 LT1-callback ClientCallback.on_implicit_send INFO client.py                 71    logger_log                : 
    on_implicit_send returned response: WAIT
    END OnImplicitSend
    ********************
2025-05-27 22:12:20,064 BTPWorkerThread-5442 (_rx_task) root DEBUG client.py                 71    logger_log                : Read 5 bytes
2025-05-27 22:12:20,064 BTPWorkerThread-5442 (_rx_task) root DEBUG client.py                 71    logger_log                : Received: hdr: Header(svc_id=0x01, op=0x83, ctrl_index=0x00, data_len=0x07) bytearray(b'\x01\x83\x00\x07\x00')
2025-05-27 22:12:20,064 BTPWorkerThread-5442 (_rx_task) root DEBUG client.py                 71    logger_log                : Read 7 bytes data
2025-05-27 22:12:20,064 BTPWorkerThread-5442 (_rx_task) root DEBUG client.py                 71    logger_log                : Received data: {'00 4e e4 08 dc 1b 00'}, bytearray(b'\x00N\xe4\x08\xdc\x1b\x00')
2025-05-27 22:12:20,064 BTPWorkerThread-5442 (_rx_task) root DEBUG client.py                 71    logger_log                : event_handler Header(svc_id=1, op=131, ctrl_index=0, data_len=7) (b'\x00N\xe4\x08\xdc\x1b\x00',)
2025-05-27 22:12:20,064 BTPWorkerThread-5442 (_rx_task) root DEBUG client.py                 71    logger_log                : gap_disconnected_ev_ b'\x00N\xe4\x08\xdc\x1b\x00'
2025-05-27 22:12:20,664 LT1-thread root DEBUG client.py                 71    logger_log                : GAP GAP/SEC/SEM/BV-28-C on_implicit_send
2025-05-27 22:12:20,664 LT1-thread root DEBUG client.py                 71    logger_log                : gap_wid_hdl, 206, The Secure ID is 350048, GAP/SEC/SEM/BV-28-C
2025-05-27 22:12:20,664 LT1-thread root DEBUG client.py                 71    logger_log                : description='The Secure ID is 350048'
2025-05-27 22:12:20,664 LT1-thread root DEBUG client.py                 71    logger_log                : passkey='350048'
2025-05-27 22:12:25,685 LT1-thread root DEBUG client.py                 71    logger_log                : gap_passkey_entry_rsp '001bdc08e44e' 0
2025-05-27 22:12:25,685 LT1-thread root DEBUG client.py                 71    logger_log                : send, 1 19 0 "bytearray(b'\\x00N\\xe4\\x08\\xdc\\x1b\\x00`W\\x05\\x00')"
2025-05-27 22:12:25,685 LT1-thread root DEBUG client.py                 71    logger_log                : sending frame '0113000b00004ee408dc1b0060570500'
2025-05-27 22:12:25,685 LT1-thread root DEBUG client.py                 71    logger_log                : gap_command_rsp_succ
2025-05-27 22:12:25,685 LT1-thread root DEBUG client.py                 71    logger_log                : read
2025-05-27 22:12:25,765 BTPWorkerThread-5442 (_rx_task) root DEBUG client.py                 71    logger_log                : Read 5 bytes
2025-05-27 22:12:25,785 BTPWorkerThread-5442 (_rx_task) root DEBUG client.py                 71    logger_log                : Received: hdr: Header(svc_id=0x01, op=0x00, ctrl_index=0x00, data_len=0x01) bytearray(b'\x01\x00\x00\x01\x00')
2025-05-27 22:12:25,825 BTPWorkerThread-5442 (_rx_task) root DEBUG client.py                 71    logger_log                : Read 1 bytes data
2025-05-27 22:12:25,845 BTPWorkerThread-5442 (_rx_task) root DEBUG client.py                 71    logger_log                : Received data: {'01'}, bytearray(b'\x01')
2025-05-27 22:12:25,865 LT1-thread root DEBUG client.py                 71    logger_log                : received Header(svc_id=1, op=0, ctrl_index=0, data_len=1) (b'\x01',)
2025-05-27 22:12:25,865 LT1-thread root DEBUG client.py                 71    logger_log                : Ignoring expected error on disconnected
2025-05-27 22:12:25,865 LT1-thread root DEBUG client.py                 71    logger_log                : Sending response 'Ok' to wid 206 test case GAP/SEC/SEM/BV-28-C
2025-05-27 22:12:25,865 LT1-thread root DEBUG client.py                 71    logger_log                : ClientCallback.get_result run_test_case
2025-05-27 22:12:25,875 LT1-callback ClientCallback.log INFO client.py                 71    logger_log                : PTS_LOGTYPE_START_TEST Start Test Case 

+140 ms
 GAP/SEC/SEM/BV-28-C GAP/SEC/SEM/BV-28-C

2025-05-27 22:12:26,585 LT1-callback ClientCallback.log INFO client.py                 71    logger_log                : PTS_LOGTYPE_FINAL_VERDICT Final Verdict 

+11156 ms
 GAP/SEC/SEM/BV-28-C PASS

2025-05-27 22:12:26,585 LT1-callback ClientCallback.log INFO client.py                 71    logger_log                : PTS_LOGTYPE_FINAL_VERDICT Encrypted Verdict 

+11156 ms
 GAP/SEC/SEM/BV-28-C A1#ZWY4MzQ5MDg3MmQwNTIxOGQzMzQ5YjY2ODA5M2MzNjQ5ZDY4NmY0Yjc2MzIzM2VkNTUyNTFhNGU4Mjg1MjI0NA==#9e1FvHNJik4TQnSx6slVMfMIYVonAvi646H9vdBSYetND2ouLvuq6UdlyuY+cF1l

2025-05-27 22:12:26,745 LT1-callback ClientCallback.log INFO client.py                 71    logger_log                : PTS_LOGTYPE_END_TEST Test Case Ended 

+11156 ms
 GAP/SEC/SEM/BV-28-C GAP/SEC/SEM/BV-28-C

2025-05-27 22:12:27,015 LT1-callback root DEBUG client.py                 71    logger_log                : ClientCallback, set_result, run_test_case, PASS
2025-05-27 22:12:27,015 LT1-thread root DEBUG client.py                 71    logger_log                : After run_test_case error_code=0 status='PASS'
2025-05-27 22:12:27,015 LT1-thread root DEBUG client.py                 71    logger_log                : post_run GAP GAP/SEC/SEM/BV-28-C 0
2025-05-27 22:12:27,015 LT1-thread root DEBUG client.py                 71    logger_log                : Starting test function: class=<class 'autopts.ptsprojects.testcase.TestFuncCleanUp'>, func=<bound method Stack.cleanup of <autopts.ptsprojects.stack.stack.Stack object at 0x0000021CB07D1790>> start_wid=None stop_wid=None post_wid=None skip_call=None call_count=1 args=() kwds={}
2025-05-27 22:12:27,015 LT1-thread root DEBUG client.py                 71    logger_log                : Test function parameters: args=(), kwds={}
2025-05-27 22:12:27,015 LT1-thread root DEBUG client.py                 71    logger_log                : Starting test function: class=<class 'autopts.ptsprojects.testcase.TestFuncCleanUp'>, func=<bound method ZephyrCtl.stop of <autopts.ptsprojects.zephyr.iutctl.ZephyrCtl object at 0x0000021CADA26350>> start_wid=None stop_wid=None post_wid=None skip_call=None call_count=1 args=() kwds={}
2025-05-27 22:12:27,015 LT1-thread root DEBUG client.py                 71    logger_log                : Test function parameters: args=(), kwds={}
2025-05-27 22:12:27,015 LT1-thread root DEBUG client.py                 71    logger_log                : <class 'autopts.ptsprojects.zephyr.iutctl.ZephyrCtl'>.stop
2025-05-27 22:12:27,015 LT1-thread root DEBUG client.py                 71    logger_log                : About to reset DUT: JLink -CommandFile reset.jlink -usb 1063214216 -device MIMXRT1176XXXA_M7
2025-05-27 22:12:27,448 BTPWorkerThread-5442 (_rx_task) root DEBUG client.py                 71    logger_log                : Read 5 bytes
2025-05-27 22:12:27,468 BTPWorkerThread-5442 (_rx_task) root DEBUG client.py                 71    logger_log                : Received: hdr: Header(svc_id=0x00, op=0x80, ctrl_index=0xff, data_len=0x00) bytearray(b'\x00\x80\xff\x00\x00')
2025-05-27 22:12:27,488 BTPWorkerThread-5442 (_rx_task) root DEBUG client.py                 71    logger_log                : Received data: {''}, bytearray(b'')
2025-05-27 22:12:27,508 BTPWorkerThread-5442 (_rx_task) root DEBUG client.py                 71    logger_log                : event_handler Header(svc_id=0, op=128, ctrl_index=255, data_len=0) (b'',)
2025-05-27 22:12:27,518 BTPWorkerThread-5442 (_rx_task) root DEBUG client.py                 71    logger_log                : core_iut_ready_ev
2025-05-27 22:12:27,518 LT1-thread root DEBUG client.py                 71    logger_log                : IUT ready event received OK
2025-05-27 22:12:27,518 LT1-thread root DEBUG client.py                 71    logger_log                : Waiting for _rx_worker to finish ...
2025-05-27 22:12:28,519 BTPWorkerThread-5442 (_rx_task) root DEBUG client.py                 71    logger_log                : BTPWorkerThread-5442 (_rx_task) finishing...
2025-05-27 22:12:31,527 LT1-thread root DEBUG client.py                 71    logger_log                : post_run, cleanup running post test case script
2025-05-27 22:12:31,527 LT1-thread root DEBUG client.py                 71    logger_log                : post_run, run post test case script
2025-05-27 22:12:31,680 LT1-thread root DEBUG client.py                 71    logger_log                : Done TestCase _run_test_case GAP GAP/SEC/SEM/BV-28-C
