12:41:18:960	> BTP_CORE_CMD_REGISTER_SERVICE (0x00|0x03|0xff)
                  raw data (1): 00 03 ff 01 00|01
12:41:22:651	< BTP_CORE_CMD_REGISTER_SERVICE (0x00|0x03|0xff)
                  raw data (0): 00 03 ff 00 00|
12:41:22:699	> BTP_GAP_CMD_READ_SUPPORTED_COMMANDS (0x01|0x01|0xff)
                  raw data (0): 01 01 ff 00 00|
12:41:22:897	< BTP_GAP_CMD_READ_SUPPORTED_COMMANDS (0x01|0x01|0xff)
                  raw data (6): 01 01 ff 06 00|6e ff 7f 1f fe 07
12:41:22:945	> BTP_GAP_CMD_READ_CONTROLLER_INFO (0x01|0x03|0x00)
                  raw data (0): 01 03 00 00 00|
12:41:23:144	< BTP_GAP_CMD_READ_CONTROLLER_INFO (0x01|0x03|0x00)
                  raw data (277): 
                  01 03 00 15 01|19 78 ee 69 17 d0 d3 06 02 00 13 
                  02 00 00 00 00 00 62 74 70 5f 74 65 73 74 65 72 
                  00 00 00 00 00 00 00 00 00 00 00 00 00 00 00 00 
                  00 00 00 00 00 00 00 00 00 00 00 00 00 00 00 00 
                  00 00 00 00 00 00 00 00 00 00 00 00 00 00 00 00 
                  00 00 00 00 00 00 00 00 00 00 00 00 00 00 00 00 
                  00 00 00 00 00 00 00 00 00 00 00 00 00 00 00 00 
                  00 00 00 00 00 00 00 00 00 00 00 00 00 00 00 00 
                  00 00 00 00 00 00 00 00 00 00 00 00 00 00 00 00 
                  00 00 00 00 00 00 00 00 00 00 00 00 00 00 00 00 
                  00 00 00 00 00 00 00 00 00 00 00 00 00 00 00 00 
                  00 00 00 00 00 00 00 00 00 00 00 00 00 00 00 00 
                  00 00 00 00 00 00 00 00 00 00 00 00 00 00 00 00 
                  00 00 00 00 00 00 00 00 00 00 00 00 00 00 00 00 
                  00 00 00 00 00 00 00 00 00 00 00 00 00 00 00 00 
                  00 00 00 00 00 00 00 00 00 00 00 00 00 00 00 00 
                  00 00 00 00 00 00 00 00 00 00 00 00 00 00 00 00 
                  00 00 00 00 00 00 00 00 00 00
12:41:23:663	> BTP_CORE_CMD_REGISTER_SERVICE (0x00|0x03|0xff)
                  raw data (2): 00 03 ff 01 00|02
12:41:23:807	< BTP_CORE_CMD_REGISTER_SERVICE (0x00|0x03|0xff)
                  raw data (0): 00 03 ff 00 00|
12:41:23:853	> BTP_GATT_CMD_READ_SUPPORTED_COMMANDS (0x02|0x01|0xff)
                  raw data (0): 02 01 ff 00 00|
12:41:24:054	< BTP_GATT_CMD_READ_SUPPORTED_COMMANDS (0x02|0x01|0xff)
                  raw data (5): 02 01 ff 05 00|fe fe ff fd 03
12:41:24:102	> BTP_GAP_CMD_SET_IO_CAP (0x01|0x10|0x00)
                  raw data (1): 01 10 00 01 00|04
12:41:24:237	< BTP_GAP_CMD_SET_IO_CAP (0x01|0x10|0x00)
                  raw data (0): 01 10 00 00 00|
12:41:24:444	> BTP_GAP_CMD_SET_IO_CAP (0x01|0x10|0x00)
                  raw data (1): 01 10 00 01 00|03
12:41:24:591	< BTP_GAP_CMD_SET_IO_CAP (0x01|0x10|0x00)
                  raw data (0): 01 10 00 00 00|
12:41:24:638	> BTP_CORE_CMD_REGISTER_SERVICE (0x00|0x03|0xff)
                  raw data (3): 00 03 ff 01 00|03
12:41:24:760	< BTP_CORE_CMD_REGISTER_SERVICE (0x00|0x03|0xff)
                  raw data (0): 00 03 ff 00 00|
12:41:24:810	> BTP_L2CAP_CMD_READ_SUPPORTED_COMMANDS (0x03|0x01|0xff)
                  raw data (0): 03 01 ff 00 00|
12:41:25:006	< BTP_L2CAP_CMD_READ_SUPPORTED_COMMANDS (0x03|0x01|0xff)
                  raw data (2): 03 01 ff 02 00|be 1f
12:41:33:113	> BTP_GAP_CMD_START_DISCOVERY (0x01|0x0c|0x00)
                  raw data (1): 01 0c 00 01 00|02
12:41:33:249	< BTP_GAP_CMD_START_DISCOVERY (0x01|0x0c|0x00)
                  raw data (0): 01 0c 00 00 00|
12:41:33:543	< BTP_GAP_EV_DEVICE_FOUND (0x01|0x81|0x00)
                  raw data (11): 01 81 00 0b 00|e0 82 d7 9f c5 f8 8c af 03 00 00
12:41:34:145	< BTP_GAP_EV_DEVICE_FOUND (0x01|0x81|0x00)
                  raw data (38): 
                  01 81 00 26 00|e0 82 d7 9f c5 f8 8c b0 03 1b 00 
                  09 09 4e 58 4c 36 36 36 37 37 02 0a 0c 0d 03 0a 
                  11 0c 11 0e 11 0b 11 1f 11 1e 11
12:41:34:488	< BTP_GAP_EV_DEVICE_FOUND (0x01|0x81|0x00)
                  raw data (175): 
                  01 81 00 af 00|e0 1b 7d 7d d5 4b a4 aa 03 a4 00 
                  09 09 52 65 64 6d 69 6b 33 30 15 03 05 11 0a 11 
                  0c 11 12 11 15 11 16 11 1f 11 2f 11 00 12 32 11 
                  01 05 81 07 00 00 00 00 00 00 00 00 00 00 00 00 
                  00 00 00 00 00 00 00 00 00 00 00 00 00 00 00 00 
                  00 00 00 00 00 00 00 00 00 00 00 00 00 00 00 00 
                  00 00 00 00 00 00 00 00 00 00 00 00 00 00 00 00 
                  00 00 00 00 00 00 00 00 00 00 00 00 00 00 00 00 
                  00 00 00 00 00 00 00 00 00 00 00 00 00 00 00 00 
                  00 00 00 00 00 00 00 00 00 00 00 00 00 00 00 00 
                  00 00 00 00 00 00 00 00 00 00 00 00 00 00 00 00 
                  00 00 00 00
12:41:34:518	< BTP_GAP_EV_DEVICE_FOUND (0x01|0x81|0x00)
                  raw data (38): 
                  01 81 00 26 00|e0 82 d7 9f c5 f8 8c ad 03 1b 00 
                  09 09 4e 58 4c 36 36 36 37 37 02 0a 0c 0d 03 0a 
                  11 0c 11 0e 11 0b 11 1f 11 1e 11
12:41:34:534	< BTP_GAP_EV_DEVICE_FOUND (0x01|0x81|0x00)
                  raw data (38): 
                  01 81 00 26 00|e0 53 00 4c 17 e5 44 b1 03 1b 00 
                  09 09 4e 58 4c 36 36 35 32 38 02 0a 0c 0d 03 0a 
                  11 0c 11 0e 11 0b 11 1f 11 1e 11
12:41:34:718	< BTP_GAP_EV_DEVICE_FOUND (0x01|0x81|0x00)
                  raw data (38): 
                  01 81 00 26 00|e0 82 d7 9f c5 f8 8c ab 03 1b 00 
                  09 09 4e 58 4c 36 36 36 37 37 02 0a 0c 0d 03 0a 
                  11 0c 11 0e 11 0b 11 1f 11 1e 11
12:41:35:103	< BTP_GAP_EV_DEVICE_FOUND (0x01|0x81|0x00)
                  raw data (175): 
                  01 81 00 af 00|e0 1b 7d 7d d5 4b a4 ab 03 a4 00 
                  09 09 52 65 64 6d 69 6b 33 30 15 03 05 11 0a 11 
                  0c 11 12 11 15 11 16 11 1f 11 2f 11 00 12 32 11 
                  01 05 81 07 00 00 00 00 00 00 00 00 00 00 00 00 
                  00 00 00 00 00 00 00 00 00 00 00 00 00 00 00 00 
                  00 00 00 00 00 00 00 00 00 00 00 00 00 00 00 00 
                  00 00 00 00 00 00 00 00 00 00 00 00 00 00 00 00 
                  00 00 00 00 00 00 00 00 00 00 00 00 00 00 00 00 
                  00 00 00 00 00 00 00 00 00 00 00 00 00 00 00 00 
                  00 00 00 00 00 00 00 00 00 00 00 00 00 00 00 00 
                  00 00 00 00 00 00 00 00 00 00 00 00 00 00 00 00 
                  00 00 00 00
12:41:35:258	< BTP_GAP_EV_DEVICE_FOUND (0x01|0x81|0x00)
                  raw data (38): 
                  01 81 00 26 00|e0 82 d7 9f c5 f8 8c ae 03 1b 00 
                  09 09 4e 58 4c 36 36 36 37 37 02 0a 0c 0d 03 0a 
                  11 0c 11 0e 11 0b 11 1f 11 1e 11
12:41:35:706	< BTP_GAP_EV_DEVICE_FOUND (0x01|0x81|0x00)
                  raw data (38): 
                  01 81 00 26 00|e0 33 84 4c c1 6d 2c bb 03 1b 00 
                  09 09 4e 58 4c 36 36 35 36 34 02 0a 0c 0d 03 0a 
                  11 0c 11 0e 11 0b 11 1f 11 1e 11
12:41:35:892	< BTP_GAP_EV_DEVICE_FOUND (0x01|0x81|0x00)
                  raw data (38): 
                  01 81 00 26 00|e0 33 84 4c c1 6d 2c aa 03 1b 00 
                  09 09 4e 58 4c 36 36 35 36 34 02 0a 0c 0d 03 0a 
                  11 0c 11 0e 11 0b 11 1f 11 1e 11
12:41:36:465	< BTP_GAP_EV_DEVICE_FOUND (0x01|0x81|0x00)
                  raw data (38): 
                  01 81 00 26 00|e0 33 84 4c c1 6d 2c bc 03 1b 00 
                  09 09 4e 58 4c 36 36 35 36 34 02 0a 0c 0d 03 0a 
                  11 0c 11 0e 11 0b 11 1f 11 1e 11
12:41:37:034	< BTP_GAP_EV_DEVICE_FOUND (0x01|0x81|0x00)
                  raw data (38): 
                  01 81 00 26 00|e0 33 84 4c c1 6d 2c b8 03 1b 00 
                  09 09 4e 58 4c 36 36 35 36 34 02 0a 0c 0d 03 0a 
                  11 0c 11 0e 11 0b 11 1f 11 1e 11
12:41:37:144	< BTP_GAP_EV_DEVICE_FOUND (0x01|0x81|0x00)
                  raw data (38): 
                  01 81 00 26 00|e0 82 d7 9f c5 f8 8c af 03 1b 00 
                  09 09 4e 58 4c 36 36 36 37 37 02 0a 0c 0d 03 0a 
                  11 0c 11 0e 11 0b 11 1f 11 1e 11
12:41:37:436	< BTP_GAP_EV_DEVICE_FOUND (0x01|0x81|0x00)
                  raw data (38): 
                  01 81 00 26 00|e0 53 00 4c 17 e5 44 b4 03 1b 00 
                  09 09 4e 58 4c 36 36 35 32 38 02 0a 0c 0d 03 0a 
                  11 0c 11 0e 11 0b 11 1f 11 1e 11
12:41:37:606	< BTP_GAP_EV_DEVICE_FOUND (0x01|0x81|0x00)
                  raw data (11): 01 81 00 0b 00|e0 33 84 4c c1 6d 2c b7 03 00 00
12:41:37:656	< BTP_GAP_EV_DEVICE_FOUND (0x01|0x81|0x00)
                  raw data (26): 
                  01 81 00 1a 00|e0 4e e4 08 dc 1b 00 cf 03 0f 00 
                  0e 09 50 54 53 2d 47 41 50 2d 45 34 34 45 00
12:41:37:728	< BTP_GAP_EV_DEVICE_FOUND (0x01|0x81|0x00)
                  raw data (26): 
                  01 81 00 1a 00|e0 4e e4 08 dc 1b 00 cc 03 0f 00 
                  0e 09 50 54 53 2d 47 41 50 2d 45 34 34 45 00
12:41:37:942	< BTP_GAP_EV_DEVICE_FOUND (0x01|0x81|0x00)
                  raw data (38): 
                  01 81 00 26 00|e0 33 84 4c c1 6d 2c b8 03 1b 00 
                  09 09 4e 58 4c 36 36 35 36 34 02 0a 0c 0d 03 0a 
                  11 0c 11 0e 11 0b 11 1f 11 1e 11
12:41:37:958	< BTP_GAP_EV_DEVICE_FOUND (0x01|0x81|0x00)
                  raw data (26): 
                  01 81 00 1a 00|e0 4e e4 08 dc 1b 00 d1 03 0f 00 
                  0e 09 50 54 53 2d 47 41 50 2d 45 34 34 45 00
12:41:38:100	< BTP_GAP_EV_DEVICE_FOUND (0x01|0x81|0x00)
                  raw data (26): 
                  01 81 00 1a 00|e0 4e e4 08 dc 1b 00 c9 03 0f 00 
                  0e 09 50 54 53 2d 47 41 50 2d 45 34 34 45 00
12:41:38:237	< BTP_GAP_EV_DEVICE_FOUND (0x01|0x81|0x00)
                  raw data (38): 
                  01 81 00 26 00|e0 33 84 4c c1 6d 2c bd 03 1b 00 
                  09 09 4e 58 4c 36 36 35 36 34 02 0a 0c 0d 03 0a 
                  11 0c 11 0e 11 0b 11 1f 11 1e 11
12:41:38:421	< BTP_GAP_EV_DEVICE_FOUND (0x01|0x81|0x00)
                  raw data (38): 
                  01 81 00 26 00|e0 82 d7 9f c5 f8 8c b1 03 1b 00 
                  09 09 4e 58 4c 36 36 36 37 37 02 0a 0c 0d 03 0a 
                  11 0c 11 0e 11 0b 11 1f 11 1e 11
12:41:38:852	< BTP_GAP_EV_DEVICE_FOUND (0x01|0x81|0x00)
                  raw data (26): 
                  01 81 00 1a 00|e0 4e e4 08 dc 1b 00 cf 03 0f 00 
                  0e 09 50 54 53 2d 47 41 50 2d 45 34 34 45 00
12:41:38:932	< BTP_GAP_EV_DEVICE_FOUND (0x01|0x81|0x00)
                  raw data (38): 
                  01 81 00 26 00|e0 82 d7 9f c5 f8 8c b1 03 1b 00 
                  09 09 4e 58 4c 36 36 36 37 37 02 0a 0c 0d 03 0a 
                  11 0c 11 0e 11 0b 11 1f 11 1e 11
12:41:39:163	< BTP_GAP_EV_DEVICE_FOUND (0x01|0x81|0x00)
                  raw data (26): 
                  01 81 00 1a 00|e0 4e e4 08 dc 1b 00 d0 03 0f 00 
                  0e 09 50 54 53 2d 47 41 50 2d 45 34 34 45 00
12:41:39:425	< BTP_GAP_EV_DEVICE_FOUND (0x01|0x81|0x00)
                  raw data (38): 
                  01 81 00 26 00|e0 82 d7 9f c5 f8 8c ae 03 1b 00 
                  09 09 4e 58 4c 36 36 36 37 37 02 0a 0c 0d 03 0a 
                  11 0c 11 0e 11 0b 11 1f 11 1e 11
12:41:39:768	< BTP_GAP_EV_DEVICE_FOUND (0x01|0x81|0x00)
                  raw data (26): 
                  01 81 00 1a 00|e0 4e e4 08 dc 1b 00 cf 03 0f 00 
                  0e 09 50 54 53 2d 47 41 50 2d 45 34 34 45 00
12:41:39:780	< BTP_GAP_EV_DEVICE_FOUND (0x01|0x81|0x00)
                  raw data (11): 01 81 00 0b 00|e0 82 d7 9f c5 f8 8c b0 03 00 00
12:41:40:151	< BTP_GAP_EV_DEVICE_FOUND (0x01|0x81|0x00)
                  raw data (26): 
                  01 81 00 1a 00|e0 4e e4 08 dc 1b 00 d1 03 0f 00 
                  0e 09 50 54 53 2d 47 41 50 2d 45 34 34 45 00
12:41:40:167	< BTP_GAP_EV_DEVICE_FOUND (0x01|0x81|0x00)
                  raw data (11): 01 81 00 0b 00|e0 cd 83 06 dc 1b 00 af 03 00 00
12:41:40:334	< BTP_GAP_EV_DEVICE_FOUND (0x01|0x81|0x00)
                  raw data (38): 
                  01 81 00 26 00|e0 82 d7 9f c5 f8 8c b0 03 1b 00 
                  09 09 4e 58 4c 36 36 36 37 37 02 0a 0c 0d 03 0a 
                  11 0c 11 0e 11 0b 11 1f 11 1e 11
12:41:40:363	< BTP_GAP_EV_DEVICE_FOUND (0x01|0x81|0x00)
                  raw data (38): 
                  01 81 00 26 00|e0 33 84 4c c1 6d 2c b6 03 1b 00 
                  09 09 4e 58 4c 36 36 35 36 34 02 0a 0c 0d 03 0a 
                  11 0c 11 0e 11 0b 11 1f 11 1e 11
12:41:40:396	< BTP_GAP_EV_DEVICE_FOUND (0x01|0x81|0x00)
                  raw data (26): 
                  01 81 00 1a 00|e0 4e e4 08 dc 1b 00 ca 03 0f 00 
                  0e 09 50 54 53 2d 47 41 50 2d 45 34 34 45 00
12:41:40:474	< BTP_GAP_EV_DEVICE_FOUND (0x01|0x81|0x00)
                  raw data (26): 
                  01 81 00 1a 00|e0 4e e4 08 dc 1b 00 cf 03 0f 00 
                  0e 09 50 54 53 2d 47 41 50 2d 45 34 34 45 00
12:41:40:628	< BTP_GAP_EV_DEVICE_FOUND (0x01|0x81|0x00)
                  raw data (11): 01 81 00 0b 00|e0 82 d7 9f c5 f8 8c af 03 00 00
12:41:41:232	< BTP_GAP_EV_DEVICE_FOUND (0x01|0x81|0x00)
                  raw data (11): 01 81 00 0b 00|e0 1b 7d 7d d5 4b a4 ab 03 00 00
12:41:41:449	< BTP_GAP_EV_DEVICE_FOUND (0x01|0x81|0x00)
                  raw data (38): 
                  01 81 00 26 00|e0 33 84 4c c1 6d 2c bd 03 1b 00 
                  09 09 4e 58 4c 36 36 35 36 34 02 0a 0c 0d 03 0a 
                  11 0c 11 0e 11 0b 11 1f 11 1e 11
12:41:41:588	< BTP_GAP_EV_DEVICE_FOUND (0x01|0x81|0x00)
                  raw data (11): 01 81 00 0b 00|e0 53 00 4c 17 e5 44 ab 03 00 00
12:41:42:301	< BTP_GAP_EV_DEVICE_FOUND (0x01|0x81|0x00)
                  raw data (38): 
                  01 81 00 26 00|e0 53 00 4c 17 e5 44 b4 03 1b 00 
                  09 09 4e 58 4c 36 36 35 32 38 02 0a 0c 0d 03 0a 
                  11 0c 11 0e 11 0b 11 1f 11 1e 11
12:41:42:504	< BTP_GAP_EV_DEVICE_FOUND (0x01|0x81|0x00)
                  raw data (11): 01 81 00 0b 00|e0 1b 7d 7d d5 4b a4 a4 03 00 00
12:41:42:731	< BTP_GAP_EV_DEVICE_FOUND (0x01|0x81|0x00)
                  raw data (38): 
                  01 81 00 26 00|e0 53 00 4c 17 e5 44 b1 03 1b 00 
                  09 09 4e 58 4c 36 36 35 32 38 02 0a 0c 0d 03 0a 
                  11 0c 11 0e 11 0b 11 1f 11 1e 11
12:41:42:838	< BTP_GAP_EV_DEVICE_FOUND (0x01|0x81|0x00)
                  raw data (38): 
                  01 81 00 26 00|e0 82 d7 9f c5 f8 8c ab 03 1b 00 
                  09 09 4e 58 4c 36 36 36 37 37 02 0a 0c 0d 03 0a 
                  11 0c 11 0e 11 0b 11 1f 11 1e 11
12:41:43:068	< BTP_GAP_EV_DEVICE_FOUND (0x01|0x81|0x00)
                  raw data (11): 01 81 00 0b 00|e0 1b 7d 7d d5 4b a4 ab 03 00 00
12:41:43:297	> BTP_GAP_CMD_STOP_DISCOVERY (0x01|0x0d|0x00)
                  raw data (0): 01 0d 00 00 00|
12:41:43:438	< BTP_GAP_CMD_STOP_DISCOVERY (0x01|0x0d|0x00)
                  raw data (0): 01 0d 00 00 00|
12:41:43:487	> BTP_GAP_CMD_CONNECT (0x01|0x0e|0x00)
                  raw data (8): 01 0e 00 08 00|e0 4e e4 08 dc 1b 00 00
12:41:43:607	< BTP_GAP_CMD_CONNECT (0x01|0x0e|0x00)
                  raw data (0): 01 0e 00 00 00|
12:41:43:868	< BTP_GAP_EV_DEVICE_CONNECTED (0x01|0x82|0x00)
                  raw data (13): 
                  01 82 00 0d 00|e0 4e e4 08 dc 1b 00 00 00 00 00 
                  00 00
12:41:44:981	> BTP_L2CAP_CMD_CONNECT (0x03|0x02|0x00)
                  raw data (13): 
                  03 02 00 0d 00|e0 4e e4 08 dc 1b 00 01 10 78 00 
                  01 00
12:41:45:133	< BTP_L2CAP_CMD_CONNECT (0x03|0x02|0x00)
                  raw data (2): 03 02 00 02 00|01 02
12:41:46:816	< BTP_GAP_EV_ENCRYPTION_CHANGE (0x01|0x91|0x00)
                  raw data (9): 01 91 00 09 00|e0 4e e4 08 dc 1b 00 01 10
12:41:46:818	< BTP_GAP_EV_SEC_LEVEL_CHANGED (0x01|0x89|0x00)
                  raw data (8): 01 89 00 08 00|e0 4e e4 08 dc 1b 00 02
12:41:51:835	< BTP_L2CAP_EV_DISCONNECTED (0x03|0x82|0x00)
                  raw data (12): 
                  03 82 00 0c 00|00 00 02 00 00 e0 4e e4 08 dc 1b 
                  00
12:41:53:201	< BTP_GAP_EV_DEVICE_DISCONNECTED (0x01|0x83|0x00)
                  raw data (7): 01 83 00 07 00|e0 4e e4 08 dc 1b 00
12:41:58:307	< BTP_CORE_EV_IUT_READY (0x00|0x80|0xff)
                  raw data (0): 00 80 ff 00 00|
