2025-12-01 18:27:46,388 LT1-thread root DEBUG client.py                 82    logger_log                : Starting TestCase _run_test_case HFP HFP/HF/ICA/BV-06-C
2025-12-01 18:27:46,389 LT1-thread root DEBUG client.py                 82    logger_log                : pre_run HFP HFP/HF/ICA/BV-06-C
2025-12-01 18:27:46,389 LT1-thread root DEBUG client.py                 82    logger_log                : About to run test case HFP HFP/HF/ICA/BV-06-C with commands:
2025-12-01 18:27:46,389 LT1-thread root DEBUG client.py                 82    logger_log                : 0) class=<class 'autopts.ptsprojects.testcase.TestFunc'>, func=<bound method Stack.core_init of <autopts.ptsprojects.stack.stack.Stack object at 0x00000215E2F30980>> start_wid=None stop_wid=None post_wid=None skip_call=None call_count=1 args=() kwds={}
2025-12-01 18:27:46,389 LT1-thread root DEBUG client.py                 82    logger_log                : 1) class=<class 'autopts.ptsprojects.testcase.TestFunc'>, func=<bound method IutCtl.start of <autopts.ptsprojects.zephyr.iutctl.ZephyrCtl object at 0x00000215DF7883B0>> start_wid=None stop_wid=None post_wid=None skip_call=None call_count=1 args=(<autopts.ptsprojects.zephyr.ztestcase.ZTestCase object at 0x00000215E4B0E8D0>,) kwds={}
2025-12-01 18:27:46,390 LT1-thread root DEBUG client.py                 82    logger_log                : 2) class=<class 'autopts.ptsprojects.testcase.TestFunc'>, func=<bound method IutCtl.wait_iut_ready_event of <autopts.ptsprojects.zephyr.iutctl.ZephyrCtl object at 0x00000215DF7883B0>> start_wid=None stop_wid=None post_wid=None skip_call=None call_count=1 args=(False,) kwds={}
2025-12-01 18:27:46,390 LT1-thread root DEBUG client.py                 82    logger_log                : 3) class=<class 'autopts.ptsprojects.testcase.TestFunc'>, func=<function core_reg_svc_gap at 0x00000215E0FEB600> start_wid=None stop_wid=None post_wid=None skip_call=None call_count=209 args=() kwds={}
2025-12-01 18:27:46,390 LT1-thread root DEBUG client.py                 82    logger_log                : 4) class=<class 'autopts.ptsprojects.testcase.TestFunc'>, func=<function core_reg_svc_l2cap at 0x00000215E0FEB880> start_wid=None stop_wid=None post_wid=None skip_call=None call_count=208 args=() kwds={}
2025-12-01 18:27:46,390 LT1-thread root DEBUG client.py                 82    logger_log                : 5) class=<class 'autopts.ptsprojects.testcase.TestFunc'>, func=<bound method Stack.gap_init of <autopts.ptsprojects.stack.stack.Stack object at 0x00000215E2F30980>> start_wid=None stop_wid=None post_wid=None skip_call=None call_count=208 args=(b'Tester_08E44E',) kwds={}
2025-12-01 18:27:46,390 LT1-thread root DEBUG client.py                 82    logger_log                : 6) class=<class 'autopts.ptsprojects.testcase.TestFunc'>, func=<function gap_read_ctrl_info at 0x00000215E14ADF80> start_wid=None stop_wid=None post_wid=None skip_call=None call_count=208 args=() kwds={}
2025-12-01 18:27:46,390 LT1-thread root DEBUG client.py                 82    logger_log                : 7) class=<class 'autopts.ptsprojects.testcase.TestFunc'>, func=<function test_cases.<locals>.<lambda> at 0x00000215E4B00540> start_wid=None stop_wid=None post_wid=None skip_call=None call_count=208 args=() kwds={}
2025-12-01 18:27:46,390 LT1-thread root DEBUG client.py                 82    logger_log                : 8) class=<class 'autopts.ptsprojects.testcase.TestFunc'>, func=<function set_pts_addr at 0x00000215E0FEB1A0> start_wid=None stop_wid=None post_wid=None skip_call=None call_count=208 args=('00:1B:DC:08:E4:4E', 0) kwds={}
2025-12-01 18:27:46,390 LT1-thread root DEBUG client.py                 82    logger_log                : 9) class=<class 'autopts.ptsprojects.testcase.TestFunc'>, func=<function core_reg_svc_hfp at 0x00000215E1480CC0> start_wid=None stop_wid=None post_wid=None skip_call=None call_count=208 args=() kwds={}
2025-12-01 18:27:46,390 LT1-thread root DEBUG client.py                 82    logger_log                : 10) class=<class 'autopts.ptsprojects.testcase.TestFunc'>, func=<bound method Stack.hfp_init of <autopts.ptsprojects.stack.stack.Stack object at 0x00000215E2F30980>> start_wid=None stop_wid=None post_wid=None skip_call=None call_count=208 args=() kwds={}
2025-12-01 18:27:46,390 LT1-thread root DEBUG client.py                 82    logger_log                : 11) class=<class 'autopts.ptsprojects.testcase.TestFunc'>, func=<function hfp_hf_register at 0x00000215E15619E0> start_wid=None stop_wid=None post_wid=None skip_call=None call_count=1 args=() kwds={}
2025-12-01 18:27:46,390 LT1-thread root DEBUG client.py                 82    logger_log                : 12) class=<class 'autopts.ptsprojects.testcase.TestFunc'>, func=<function gap_set_conn at 0x00000215E14AD8A0> start_wid=None stop_wid=None post_wid=None skip_call=None call_count=1 args=() kwds={}
2025-12-01 18:27:46,390 LT1-thread root DEBUG client.py                 82    logger_log                : 13) class=<class 'autopts.ptsprojects.testcase.TestFunc'>, func=<function gap_set_gendiscov at 0x00000215E14ADA80> start_wid=None stop_wid=None post_wid=None skip_call=None call_count=1 args=() kwds={}
2025-12-01 18:27:46,390 LT1-thread root DEBUG client.py                 82    logger_log                : 14) class=<class 'autopts.ptsprojects.testcase.TestFuncCleanUp'>, func=<bound method Stack.cleanup of <autopts.ptsprojects.stack.stack.Stack object at 0x00000215E2F30980>> start_wid=None stop_wid=None post_wid=None skip_call=None call_count=1 args=() kwds={}
2025-12-01 18:27:46,390 LT1-thread root DEBUG client.py                 82    logger_log                : 15) class=<class 'autopts.ptsprojects.testcase.TestFuncCleanUp'>, func=<bound method ZephyrCtl.stop of <autopts.ptsprojects.zephyr.iutctl.ZephyrCtl object at 0x00000215DF7883B0>> start_wid=None stop_wid=None post_wid=None skip_call=None call_count=1 args=() kwds={}
2025-12-01 18:27:46,391 LT1-thread root DEBUG client.py                 82    logger_log                : pre_run, run pre test case script
2025-12-01 18:27:46,399 LT1-thread root DEBUG client.py                 82    logger_log                : Starting test function: class=<class 'autopts.ptsprojects.testcase.TestFunc'>, func=<bound method Stack.core_init of <autopts.ptsprojects.stack.stack.Stack object at 0x00000215E2F30980>> start_wid=None stop_wid=None post_wid=None skip_call=None call_count=2 args=() kwds={}
2025-12-01 18:27:46,399 LT1-thread root DEBUG client.py                 82    logger_log                : Test function parameters: args=(), kwds={}
2025-12-01 18:27:46,399 LT1-thread root DEBUG client.py                 82    logger_log                : Starting test function: class=<class 'autopts.ptsprojects.testcase.TestFunc'>, func=<bound method IutCtl.start of <autopts.ptsprojects.zephyr.iutctl.ZephyrCtl object at 0x00000215DF7883B0>> start_wid=None stop_wid=None post_wid=None skip_call=None call_count=2 args=(<autopts.ptsprojects.zephyr.ztestcase.ZTestCase object at 0x00000215E4B0E8D0>,) kwds={}
2025-12-01 18:27:46,399 LT1-thread root DEBUG client.py                 82    logger_log                : Test function parameters: args=(<autopts.ptsprojects.zephyr.ztestcase.ZTestCase object at 0x00000215E4B0E8D0>,), kwds={}
2025-12-01 18:27:46,399 LT1-thread root DEBUG client.py                 82    logger_log                : <class 'autopts.ptsprojects.zephyr.iutctl.ZephyrCtl'>.start
2025-12-01 18:27:46,399 LT1-thread root DEBUG client.py                 82    logger_log                : <class 'autopts.ptsprojects.zephyr.iutctl.ZephyrCtl'>.flush_serial
2025-12-01 18:27:47,582 LT1-thread root DEBUG client.py                 82    logger_log                : Starting socat process: socat.exe -x -v tcp:10.17.12.9:53308,retry=100,interval=1 /dev/ttyS2,raw,b115200,
2025-12-01 18:27:47,590 LT1-thread root DEBUG client.py                 82    logger_log                : accept
2025-12-01 18:27:47,659 BTPWorkerThread-3826 (_rx_task) root DEBUG client.py                 82    logger_log                : BTPWorkerThread-3826 (_rx_task) started
2025-12-01 18:27:47,659 LT1-thread root DEBUG client.py                 82    logger_log                : Starting test function: class=<class 'autopts.ptsprojects.testcase.TestFunc'>, func=<bound method IutCtl.wait_iut_ready_event of <autopts.ptsprojects.zephyr.iutctl.ZephyrCtl object at 0x00000215DF7883B0>> start_wid=None stop_wid=None post_wid=None skip_call=None call_count=2 args=(False,) kwds={}
2025-12-01 18:27:47,659 LT1-thread root DEBUG client.py                 82    logger_log                : Test function parameters: args=(False,), kwds={}
2025-12-01 18:27:47,660 LT1-thread root DEBUG client.py                 82    logger_log                : IUT ready event received OK
2025-12-01 18:27:47,660 LT1-thread root DEBUG client.py                 82    logger_log                : Starting test function: class=<class 'autopts.ptsprojects.testcase.TestFunc'>, func=<function core_reg_svc_gap at 0x00000215E0FEB600> start_wid=None stop_wid=None post_wid=None skip_call=None call_count=210 args=() kwds={}
2025-12-01 18:27:47,660 LT1-thread root DEBUG client.py                 82    logger_log                : Test function parameters: args=(), kwds={}
2025-12-01 18:27:47,660 LT1-thread root DEBUG client.py                 82    logger_log                : core_reg_svc_univ: gap_reg (GAP)
2025-12-01 18:27:47,660 LT1-thread root DEBUG client.py                 82    logger_log                : send, 0 3 255 '1'
2025-12-01 18:27:47,660 LT1-thread root DEBUG client.py                 82    logger_log                : sending frame '0003ff010001'
2025-12-01 18:27:47,661 LT1-thread root DEBUG client.py                 82    logger_log                : core_reg_svc_rsp_succ
2025-12-01 18:27:47,661 LT1-thread root DEBUG client.py                 82    logger_log                : read
2025-12-01 18:27:51,373 BTPWorkerThread-3826 (_rx_task) root DEBUG client.py                 82    logger_log                : Read 5 bytes
2025-12-01 18:27:51,389 BTPWorkerThread-3826 (_rx_task) root DEBUG client.py                 82    logger_log                : Received: hdr: Header(svc_id=0x00, op=0x03, ctrl_index=0xff, data_len=0x00) bytearray(b'\x00\x03\xff\x00\x00')
2025-12-01 18:27:51,405 BTPWorkerThread-3826 (_rx_task) root DEBUG client.py                 82    logger_log                : Received data: {''}, bytearray(b'')
2025-12-01 18:27:51,453 LT1-thread root DEBUG client.py                 82    logger_log                : received Header(svc_id=0, op=3, ctrl_index=255, data_len=0) (b'',)
2025-12-01 18:27:51,453 LT1-thread root DEBUG client.py                 82    logger_log                : expected ((0, 3, 255, 0), (b'',))
2025-12-01 18:27:51,453 LT1-thread root DEBUG client.py                 82    logger_log                : response is valid
2025-12-01 18:27:51,453 LT1-thread root DEBUG client.py                 82    logger_log                : Reading supported commands for service: GAP
2025-12-01 18:27:51,453 LT1-thread root DEBUG client.py                 82    logger_log                : send, 1 1 255 ''
2025-12-01 18:27:51,454 LT1-thread root DEBUG client.py                 82    logger_log                : sending frame '0101ff0000'
2025-12-01 18:27:51,454 LT1-thread root DEBUG client.py                 82    logger_log                : read
2025-12-01 18:27:51,515 BTPWorkerThread-3826 (_rx_task) root DEBUG client.py                 82    logger_log                : Read 5 bytes
2025-12-01 18:27:51,547 BTPWorkerThread-3826 (_rx_task) root DEBUG client.py                 82    logger_log                : Received: hdr: Header(svc_id=0x01, op=0x01, ctrl_index=0xff, data_len=0x06) bytearray(b'\x01\x01\xff\x06\x00')
2025-12-01 18:27:51,626 BTPWorkerThread-3826 (_rx_task) root DEBUG client.py                 82    logger_log                : Read 6 bytes data
2025-12-01 18:27:51,657 BTPWorkerThread-3826 (_rx_task) root DEBUG client.py                 82    logger_log                : Received data: {'6e ff 7f 1f fe f7'}, bytearray(b'n\xff\x7f\x1f\xfe\xf7')
2025-12-01 18:27:51,689 LT1-thread root DEBUG client.py                 82    logger_log                : Starting test function: class=<class 'autopts.ptsprojects.testcase.TestFunc'>, func=<function core_reg_svc_l2cap at 0x00000215E0FEB880> start_wid=None stop_wid=None post_wid=None skip_call=None call_count=209 args=() kwds={}
2025-12-01 18:27:51,689 LT1-thread root DEBUG client.py                 82    logger_log                : Test function parameters: args=(), kwds={}
2025-12-01 18:27:51,689 LT1-thread root DEBUG client.py                 82    logger_log                : core_reg_svc_univ: l2cap_reg (L2CAP)
2025-12-01 18:27:51,689 LT1-thread root DEBUG client.py                 82    logger_log                : send, 0 3 255 '3'
2025-12-01 18:27:51,690 LT1-thread root DEBUG client.py                 82    logger_log                : sending frame '0003ff010003'
2025-12-01 18:27:51,690 LT1-thread root DEBUG client.py                 82    logger_log                : core_reg_svc_rsp_succ
2025-12-01 18:27:51,690 LT1-thread root DEBUG client.py                 82    logger_log                : read
2025-12-01 18:27:51,767 BTPWorkerThread-3826 (_rx_task) root DEBUG client.py                 82    logger_log                : Read 5 bytes
2025-12-01 18:27:51,799 BTPWorkerThread-3826 (_rx_task) root DEBUG client.py                 82    logger_log                : Received: hdr: Header(svc_id=0x00, op=0x03, ctrl_index=0xff, data_len=0x00) bytearray(b'\x00\x03\xff\x00\x00')
2025-12-01 18:27:51,831 BTPWorkerThread-3826 (_rx_task) root DEBUG client.py                 82    logger_log                : Received data: {''}, bytearray(b'')
2025-12-01 18:27:51,862 LT1-thread root DEBUG client.py                 82    logger_log                : received Header(svc_id=0, op=3, ctrl_index=255, data_len=0) (b'',)
2025-12-01 18:27:51,862 LT1-thread root DEBUG client.py                 82    logger_log                : expected ((0, 3, 255, 0), (b'',))
2025-12-01 18:27:51,862 LT1-thread root DEBUG client.py                 82    logger_log                : response is valid
2025-12-01 18:27:51,862 LT1-thread root DEBUG client.py                 82    logger_log                : Reading supported commands for service: L2CAP
2025-12-01 18:27:51,863 LT1-thread root DEBUG client.py                 82    logger_log                : send, 3 1 255 ''
2025-12-01 18:27:51,863 LT1-thread root DEBUG client.py                 82    logger_log                : sending frame '0301ff0000'
2025-12-01 18:27:51,863 LT1-thread root DEBUG client.py                 82    logger_log                : read
2025-12-01 18:27:51,909 BTPWorkerThread-3826 (_rx_task) root DEBUG client.py                 82    logger_log                : Read 5 bytes
2025-12-01 18:27:51,939 BTPWorkerThread-3826 (_rx_task) root DEBUG client.py                 82    logger_log                : Received: hdr: Header(svc_id=0x03, op=0x01, ctrl_index=0xff, data_len=0x02) bytearray(b'\x03\x01\xff\x02\x00')
2025-12-01 18:27:51,987 BTPWorkerThread-3826 (_rx_task) root DEBUG client.py                 82    logger_log                : Read 2 bytes data
2025-12-01 18:27:52,019 BTPWorkerThread-3826 (_rx_task) root DEBUG client.py                 82    logger_log                : Received data: {'be 03'}, bytearray(b'\xbe\x03')
2025-12-01 18:27:52,067 LT1-thread root DEBUG client.py                 82    logger_log                : Starting test function: class=<class 'autopts.ptsprojects.testcase.TestFunc'>, func=<bound method Stack.gap_init of <autopts.ptsprojects.stack.stack.Stack object at 0x00000215E2F30980>> start_wid=None stop_wid=None post_wid=None skip_call=None call_count=209 args=(b'Tester_08E44E',) kwds={}
2025-12-01 18:27:52,067 LT1-thread root DEBUG client.py                 82    logger_log                : Test function parameters: args=(b'Tester_08E44E',), kwds={}
2025-12-01 18:27:52,068 LT1-thread root DEBUG client.py                 82    logger_log                : Starting test function: class=<class 'autopts.ptsprojects.testcase.TestFunc'>, func=<function gap_read_ctrl_info at 0x00000215E14ADF80> start_wid=None stop_wid=None post_wid=None skip_call=None call_count=209 args=() kwds={}
2025-12-01 18:27:52,068 LT1-thread root DEBUG client.py                 82    logger_log                : Test function parameters: args=(), kwds={}
2025-12-01 18:27:52,068 LT1-thread root DEBUG client.py                 82    logger_log                : gap_read_ctrl_info
2025-12-01 18:27:52,068 LT1-thread root DEBUG client.py                 82    logger_log                : send, 1 3 0 ''
2025-12-01 18:27:52,068 LT1-thread root DEBUG client.py                 82    logger_log                : sending frame '0103000000'
2025-12-01 18:27:52,068 LT1-thread root DEBUG client.py                 82    logger_log                : read
2025-12-01 18:27:52,128 BTPWorkerThread-3826 (_rx_task) root DEBUG client.py                 82    logger_log                : Read 5 bytes
2025-12-01 18:27:52,159 BTPWorkerThread-3826 (_rx_task) root DEBUG client.py                 82    logger_log                : Received: hdr: Header(svc_id=0x01, op=0x03, ctrl_index=0x00, data_len=0x115) bytearray(b'\x01\x03\x00\x15\x01')
2025-12-01 18:27:52,223 BTPWorkerThread-3826 (_rx_task) root DEBUG client.py                 82    logger_log                : Read 277 bytes data
2025-12-01 18:27:52,239 BTPWorkerThread-3826 (_rx_task) root DEBUG client.py                 82    logger_log                : Received data: {'19 78 ee 69 17 d0 d3 06 02 00 13 02 00 00 00 00 00 62 74 70 5f 74 65 73 74 65 72 00 00 00 00 00 00 00 00 00 00 00 00 00 00 00 00 00 00 00 00 00 00 00 00 00 00 00 00 00 00 00 00 00 00 00 00 00 00 00 00 00 00 00 00 00 00 00 00 00 00 00 00 00 00 00 00 00 00 00 00 00 00 00 00 00 00 00 00 00 00 00 00 00 00 00 00 00 00 00 00 00 00 00 00 00 00 00 00 00 00 00 00 00 00 00 00 00 00 00 00 00 00 00 00 00 00 00 00 00 00 00 00 00 00 00 00 00 00 00 00 00 00 00 00 00 00 00 00 00 00 00 00 00 00 00 00 00 00 00 00 00 00 00 00 00 00 00 00 00 00 00 00 00 00 00 00 00 00 00 00 00 00 00 00 00 00 00 00 00 00 00 00 00 00 00 00 00 00 00 00 00 00 00 00 00 00 00 00 00 00 00 00 00 00 00 00 00 00 00 00 00 00 00 00 00 00 00 00 00 00 00 00 00 00 00 00 00 00 00 00 00 00 00 00 00 00 00 00 00 00 00 00 00 00 00 00 00 00 00 00 00 00 00 00 00 00 00 00 00 00'}, bytearray(b'\x19x\xeei\x17\xd0\xd3\x06\x02\x00\x13\x02\x00\x00\x00\x00\x00btp_tester\x00\x00\x00\x00\x00\x00\x00\x00\x00\x00\x00\x00\x00\x00\x00\x00\x00\x00\x00\x00\x00\x00\x00\x00\x00\x00\x00\x00\x00\x00\x00\x00\x00\x00\x00\x00\x00\x00\x00\x00\x00\x00\x00\x00\x00\x00\x00\x00\x00\x00\x00\x00\x00\x00\x00\x00\x00\x00\x00\x00\x00\x00\x00\x00\x00\x00\x00\x00\x00\x00\x00\x00\x00\x00\x00\x00\x00\x00\x00\x00\x00\x00\x00\x00\x00\x00\x00\x00\x00\x00\x00\x00\x00\x00\x00\x00\x00\x00\x00\x00\x00\x00\x00\x00\x00\x00\x00\x00\x00\x00\x00\x00\x00\x00\x00\x00\x00\x00\x00\x00\x00\x00\x00\x00\x00\x00\x00\x00\x00\x00\x00\x00\x00\x00\x00\x00\x00\x00\x00\x00\x00\x00\x00\x00\x00\x00\x00\x00\x00\x00\x00\x00\x00\x00\x00\x00\x00\x00\x00\x00\x00\x00\x00\x00\x00\x00\x00\x00\x00\x00\x00\x00\x00\x00\x00\x00\x00\x00\x00\x00\x00\x00\x00\x00\x00\x00\x00\x00\x00\x00\x00\x00\x00\x00\x00\x00\x00\x00\x00\x00\x00\x00\x00\x00\x00\x00\x00\x00\x00\x00\x00\x00\x00\x00\x00\x00\x00\x00\x00\x00\x00\x00\x00\x00\x00\x00\x00\x00\x00\x00\x00\x00\x00\x00\x00\x00\x00\x00\x00\x00\x00\x00\x00\x00\x00\x00\x00\x00\x00\x00')
2025-12-01 18:27:52,255 LT1-thread root DEBUG client.py                 82    logger_log                : received Header(svc_id=1, op=3, ctrl_index=0, data_len=277) (b'\x19x\xeei\x17\xd0\xd3\x06\x02\x00\x13\x02\x00\x00\x00\x00\x00btp_tester\x00\x00\x00\x00\x00\x00\x00\x00\x00\x00\x00\x00\x00\x00\x00\x00\x00\x00\x00\x00\x00\x00\x00\x00\x00\x00\x00\x00\x00\x00\x00\x00\x00\x00\x00\x00\x00\x00\x00\x00\x00\x00\x00\x00\x00\x00\x00\x00\x00\x00\x00\x00\x00\x00\x00\x00\x00\x00\x00\x00\x00\x00\x00\x00\x00\x00\x00\x00\x00\x00\x00\x00\x00\x00\x00\x00\x00\x00\x00\x00\x00\x00\x00\x00\x00\x00\x00\x00\x00\x00\x00\x00\x00\x00\x00\x00\x00\x00\x00\x00\x00\x00\x00\x00\x00\x00\x00\x00\x00\x00\x00\x00\x00\x00\x00\x00\x00\x00\x00\x00\x00\x00\x00\x00\x00\x00\x00\x00\x00\x00\x00\x00\x00\x00\x00\x00\x00\x00\x00\x00\x00\x00\x00\x00\x00\x00\x00\x00\x00\x00\x00\x00\x00\x00\x00\x00\x00\x00\x00\x00\x00\x00\x00\x00\x00\x00\x00\x00\x00\x00\x00\x00\x00\x00\x00\x00\x00\x00\x00\x00\x00\x00\x00\x00\x00\x00\x00\x00\x00\x00\x00\x00\x00\x00\x00\x00\x00\x00\x00\x00\x00\x00\x00\x00\x00\x00\x00\x00\x00\x00\x00\x00\x00\x00\x00\x00\x00\x00\x00\x00\x00\x00\x00\x00\x00\x00\x00\x00\x00\x00\x00\x00\x00\x00\x00\x00\x00\x00\x00\x00\x00\x00\x00\x00\x00\x00\x00\x00\x00\x00',)
2025-12-01 18:27:52,255 LT1-thread root DEBUG client.py                 82    logger_log                : IUT address 'd01769ee7819' 'public'
2025-12-01 18:27:52,256 LT1-thread root DEBUG client.py                 82    logger_log                : __gap_current_settings_update 531
2025-12-01 18:27:52,256 LT1-thread root DEBUG client.py                 82    logger_log                : Starting test function: class=<class 'autopts.ptsprojects.testcase.TestFunc'>, func=<function test_cases.<locals>.<lambda> at 0x00000215E4B00540> start_wid=None stop_wid=None post_wid=None skip_call=None call_count=209 args=() kwds={}
2025-12-01 18:27:52,256 LT1-thread root DEBUG client.py                 82    logger_log                : Test function parameters: args=(), kwds={}
2025-12-01 18:27:52,258 LT1-thread root DEBUG client.py                 82    logger_log                : Starting test function: class=<class 'autopts.ptsprojects.testcase.TestFunc'>, func=<function set_pts_addr at 0x00000215E0FEB1A0> start_wid=None stop_wid=None post_wid=None skip_call=None call_count=209 args=('00:1B:DC:08:E4:4E', 0) kwds={}
2025-12-01 18:27:52,258 LT1-thread root DEBUG client.py                 82    logger_log                : Test function parameters: args=('00:1B:DC:08:E4:4E', 0), kwds={}
2025-12-01 18:27:52,258 LT1-thread root DEBUG client.py                 82    logger_log                : Starting test function: class=<class 'autopts.ptsprojects.testcase.TestFunc'>, func=<function core_reg_svc_hfp at 0x00000215E1480CC0> start_wid=None stop_wid=None post_wid=None skip_call=None call_count=209 args=() kwds={}
2025-12-01 18:27:52,258 LT1-thread root DEBUG client.py                 82    logger_log                : Test function parameters: args=(), kwds={}
2025-12-01 18:27:52,258 LT1-thread root DEBUG client.py                 82    logger_log                : core_reg_svc_univ: hfp_reg (HFP)
2025-12-01 18:27:52,258 LT1-thread root DEBUG client.py                 82    logger_log                : send, 0 3 255 '33'
2025-12-01 18:27:52,260 LT1-thread root DEBUG client.py                 82    logger_log                : sending frame '0003ff010021'
2025-12-01 18:27:52,260 LT1-thread root DEBUG client.py                 82    logger_log                : core_reg_svc_rsp_succ
2025-12-01 18:27:52,260 LT1-thread root DEBUG client.py                 82    logger_log                : read
2025-12-01 18:27:52,334 BTPWorkerThread-3826 (_rx_task) root DEBUG client.py                 82    logger_log                : Read 5 bytes
2025-12-01 18:27:52,365 BTPWorkerThread-3826 (_rx_task) root DEBUG client.py                 82    logger_log                : Received: hdr: Header(svc_id=0x00, op=0x03, ctrl_index=0xff, data_len=0x00) bytearray(b'\x00\x03\xff\x00\x00')
2025-12-01 18:27:52,365 BTPWorkerThread-3826 (_rx_task) root DEBUG client.py                 82    logger_log                : Received data: {''}, bytearray(b'')
2025-12-01 18:27:52,381 LT1-thread root DEBUG client.py                 82    logger_log                : received Header(svc_id=0, op=3, ctrl_index=255, data_len=0) (b'',)
2025-12-01 18:27:52,381 LT1-thread root DEBUG client.py                 82    logger_log                : expected ((0, 3, 255, 0), (b'',))
2025-12-01 18:27:52,381 LT1-thread root DEBUG client.py                 82    logger_log                : response is valid
2025-12-01 18:27:52,381 LT1-thread root DEBUG client.py                 82    logger_log                : Reading supported commands for service: HFP
2025-12-01 18:27:52,381 LT1-thread root DEBUG client.py                 82    logger_log                : send, 33 1 255 ''
2025-12-01 18:27:52,382 LT1-thread root DEBUG client.py                 82    logger_log                : sending frame '2101ff0000'
2025-12-01 18:27:52,382 LT1-thread root DEBUG client.py                 82    logger_log                : read
2025-12-01 18:27:52,458 BTPWorkerThread-3826 (_rx_task) root DEBUG client.py                 82    logger_log                : Read 5 bytes
2025-12-01 18:27:52,489 BTPWorkerThread-3826 (_rx_task) root DEBUG client.py                 82    logger_log                : Received: hdr: Header(svc_id=0x21, op=0x01, ctrl_index=0xff, data_len=0x05) bytearray(b'!\x01\xff\x05\x00')
2025-12-01 18:27:52,537 BTPWorkerThread-3826 (_rx_task) root DEBUG client.py                 82    logger_log                : Read 5 bytes data
2025-12-01 18:27:52,567 BTPWorkerThread-3826 (_rx_task) root DEBUG client.py                 82    logger_log                : Received data: {'fe ff ff ff 7f'}, bytearray(b'\xfe\xff\xff\xff\x7f')
2025-12-01 18:27:52,613 LT1-thread root DEBUG client.py                 82    logger_log                : Starting test function: class=<class 'autopts.ptsprojects.testcase.TestFunc'>, func=<bound method Stack.hfp_init of <autopts.ptsprojects.stack.stack.Stack object at 0x00000215E2F30980>> start_wid=None stop_wid=None post_wid=None skip_call=None call_count=209 args=() kwds={}
2025-12-01 18:27:52,613 LT1-thread root DEBUG client.py                 82    logger_log                : Test function parameters: args=(), kwds={}
2025-12-01 18:27:52,613 LT1-thread root DEBUG client.py                 82    logger_log                : Starting test function: class=<class 'autopts.ptsprojects.testcase.TestFunc'>, func=<function hfp_hf_register at 0x00000215E15619E0> start_wid=None stop_wid=None post_wid=None skip_call=None call_count=2 args=() kwds={}
2025-12-01 18:27:52,613 LT1-thread root DEBUG client.py                 82    logger_log                : Test function parameters: args=(), kwds={}
2025-12-01 18:27:52,614 LT1-thread root DEBUG client.py                 82    logger_log                : hfp_hf_register
2025-12-01 18:27:52,614 LT1-thread root DEBUG client.py                 82    logger_log                : send, 33 28 0 "bytearray(b'\\x00')"
2025-12-01 18:27:52,614 LT1-thread root DEBUG client.py                 82    logger_log                : sending frame '211c00010000'
2025-12-01 18:27:52,614 LT1-thread root DEBUG client.py                 82    logger_log                : read
2025-12-01 18:27:52,691 BTPWorkerThread-3826 (_rx_task) root DEBUG client.py                 82    logger_log                : Read 5 bytes
2025-12-01 18:27:52,723 BTPWorkerThread-3826 (_rx_task) root DEBUG client.py                 82    logger_log                : Received: hdr: Header(svc_id=0x21, op=0x1c, ctrl_index=0x00, data_len=0x00) bytearray(b'!\x1c\x00\x00\x00')
2025-12-01 18:27:52,723 BTPWorkerThread-3826 (_rx_task) root DEBUG client.py                 82    logger_log                : Received data: {''}, bytearray(b'')
2025-12-01 18:27:52,724 LT1-thread root DEBUG client.py                 82    logger_log                : Starting test function: class=<class 'autopts.ptsprojects.testcase.TestFunc'>, func=<function gap_set_conn at 0x00000215E14AD8A0> start_wid=None stop_wid=None post_wid=None skip_call=None call_count=2 args=() kwds={}
2025-12-01 18:27:52,724 LT1-thread root DEBUG client.py                 82    logger_log                : Test function parameters: args=(), kwds={}
2025-12-01 18:27:52,724 LT1-thread root DEBUG client.py                 82    logger_log                : gap_set_conn
2025-12-01 18:27:52,724 LT1-thread root DEBUG client.py                 82    logger_log                : Starting test function: class=<class 'autopts.ptsprojects.testcase.TestFunc'>, func=<function gap_set_gendiscov at 0x00000215E14ADA80> start_wid=None stop_wid=None post_wid=None skip_call=None call_count=2 args=() kwds={}
2025-12-01 18:27:52,724 LT1-thread root DEBUG client.py                 82    logger_log                : Test function parameters: args=(), kwds={}
2025-12-01 18:27:52,724 LT1-thread root DEBUG client.py                 82    logger_log                : gap_set_gendiscov
2025-12-01 18:27:52,724 LT1-thread root DEBUG client.py                 82    logger_log                : send, 1 8 0 '1'
2025-12-01 18:27:52,724 LT1-thread root DEBUG client.py                 82    logger_log                : sending frame '010800010001'
2025-12-01 18:27:52,725 LT1-thread root DEBUG client.py                 82    logger_log                : gap_command_rsp_succ
2025-12-01 18:27:52,725 LT1-thread root DEBUG client.py                 82    logger_log                : read
2025-12-01 18:27:52,831 BTPWorkerThread-3826 (_rx_task) root DEBUG client.py                 82    logger_log                : Read 5 bytes
2025-12-01 18:27:52,863 BTPWorkerThread-3826 (_rx_task) root DEBUG client.py                 82    logger_log                : Received: hdr: Header(svc_id=0x01, op=0x08, ctrl_index=0x00, data_len=0x04) bytearray(b'\x01\x08\x00\x04\x00')
2025-12-01 18:27:52,911 BTPWorkerThread-3826 (_rx_task) root DEBUG client.py                 82    logger_log                : Read 4 bytes data
2025-12-01 18:27:52,943 BTPWorkerThread-3826 (_rx_task) root DEBUG client.py                 82    logger_log                : Received data: {'1b 02 00 00'}, bytearray(b'\x1b\x02\x00\x00')
2025-12-01 18:27:52,943 LT1-thread root DEBUG client.py                 82    logger_log                : received Header(svc_id=1, op=8, ctrl_index=0, data_len=4) (b'\x1b\x02\x00\x00',)
2025-12-01 18:27:52,943 LT1-thread root DEBUG client.py                 82    logger_log                : __gap_current_settings_update (b'\x1b\x02\x00\x00',)
2025-12-01 18:27:52,945 LT1-thread root DEBUG client.py                 82    logger_log                : ClientCallback.get_result run_test_case
2025-12-01 18:28:01,856 BTPWorkerThread-3826 (_rx_task) root DEBUG client.py                 82    logger_log                : Read 5 bytes
2025-12-01 18:28:01,856 BTPWorkerThread-3826 (_rx_task) root DEBUG client.py                 82    logger_log                : Received: hdr: Header(svc_id=0x01, op=0x82, ctrl_index=0x00, data_len=0x0d) bytearray(b'\x01\x82\x00\r\x00')
2025-12-01 18:28:01,856 BTPWorkerThread-3826 (_rx_task) root DEBUG client.py                 82    logger_log                : Read 13 bytes data
2025-12-01 18:28:01,856 BTPWorkerThread-3826 (_rx_task) root DEBUG client.py                 82    logger_log                : Received data: {'e0 4e e4 08 dc 1b 00 00 00 00 00 00 00'}, bytearray(b'\xe0N\xe4\x08\xdc\x1b\x00\x00\x00\x00\x00\x00\x00')
2025-12-01 18:28:01,857 BTPWorkerThread-3826 (_rx_task) root DEBUG client.py                 82    logger_log                : event_handler Header(svc_id=1, op=130, ctrl_index=0, data_len=13) (b'\xe0N\xe4\x08\xdc\x1b\x00\x00\x00\x00\x00\x00\x00',)
2025-12-01 18:28:01,857 BTPWorkerThread-3826 (_rx_task) root DEBUG client.py                 82    logger_log                : gap_connected_ev_ b'\xe0N\xe4\x08\xdc\x1b\x00\x00\x00\x00\x00\x00\x00'
2025-12-01 18:28:01,857 BTPWorkerThread-3826 (_rx_task) root DEBUG client.py                 82    logger_log                : Read 5 bytes
2025-12-01 18:28:01,857 BTPWorkerThread-3826 (_rx_task) root DEBUG client.py                 82    logger_log                : Received: hdr: Header(svc_id=0x01, op=0x80, ctrl_index=0x00, data_len=0x04) bytearray(b'\x01\x80\x00\x04\x00')
2025-12-01 18:28:01,857 BTPWorkerThread-3826 (_rx_task) root DEBUG client.py                 82    logger_log                : Read 4 bytes data
2025-12-01 18:28:01,857 BTPWorkerThread-3826 (_rx_task) root DEBUG client.py                 82    logger_log                : Received data: {'1b 02 00 00'}, bytearray(b'\x1b\x02\x00\x00')
2025-12-01 18:28:01,857 BTPWorkerThread-3826 (_rx_task) root DEBUG client.py                 82    logger_log                : event_handler Header(svc_id=1, op=128, ctrl_index=0, data_len=4) (b'\x1b\x02\x00\x00',)
2025-12-01 18:28:01,857 BTPWorkerThread-3826 (_rx_task) root DEBUG client.py                 82    logger_log                : gap_new_settings_ev_ b'\x1b\x02\x00\x00'
2025-12-01 18:28:01,857 BTPWorkerThread-3826 (_rx_task) root DEBUG client.py                 82    logger_log                : __gap_current_settings_update 539
2025-12-01 18:28:03,555 BTPWorkerThread-3826 (_rx_task) root DEBUG client.py                 82    logger_log                : Read 5 bytes
2025-12-01 18:28:03,555 BTPWorkerThread-3826 (_rx_task) root DEBUG client.py                 82    logger_log                : Received: hdr: Header(svc_id=0x01, op=0x91, ctrl_index=0x00, data_len=0x09) bytearray(b'\x01\x91\x00\t\x00')
2025-12-01 18:28:03,556 BTPWorkerThread-3826 (_rx_task) root DEBUG client.py                 82    logger_log                : Read 9 bytes data
2025-12-01 18:28:03,556 BTPWorkerThread-3826 (_rx_task) root DEBUG client.py                 82    logger_log                : Received data: {'e0 4e e4 08 dc 1b 00 01 10'}, bytearray(b'\xe0N\xe4\x08\xdc\x1b\x00\x01\x10')
2025-12-01 18:28:03,556 BTPWorkerThread-3826 (_rx_task) root DEBUG client.py                 82    logger_log                : event_handler Header(svc_id=1, op=145, ctrl_index=0, data_len=9) (b'\xe0N\xe4\x08\xdc\x1b\x00\x01\x10',)
2025-12-01 18:28:03,556 BTPWorkerThread-3826 (_rx_task) root DEBUG client.py                 82    logger_log                : gap_encryption_change_ev_
2025-12-01 18:28:03,556 BTPWorkerThread-3826 (_rx_task) root DEBUG client.py                 82    logger_log                : enc change received b'\xe0N\xe4\x08\xdc\x1b\x00\x01\x10'
2025-12-01 18:28:03,556 BTPWorkerThread-3826 (_rx_task) root DEBUG client.py                 82    logger_log                : received (224, '001bdc08e44e', 1, 16)
2025-12-01 18:28:03,556 BTPWorkerThread-3826 (_rx_task) root DEBUG client.py                 82    logger_log                : Read 5 bytes
2025-12-01 18:28:03,556 BTPWorkerThread-3826 (_rx_task) root DEBUG client.py                 82    logger_log                : Received: hdr: Header(svc_id=0x01, op=0x89, ctrl_index=0x00, data_len=0x08) bytearray(b'\x01\x89\x00\x08\x00')
2025-12-01 18:28:03,556 BTPWorkerThread-3826 (_rx_task) root DEBUG client.py                 82    logger_log                : Read 8 bytes data
2025-12-01 18:28:03,556 BTPWorkerThread-3826 (_rx_task) root DEBUG client.py                 82    logger_log                : Received data: {'e0 4e e4 08 dc 1b 00 02'}, bytearray(b'\xe0N\xe4\x08\xdc\x1b\x00\x02')
2025-12-01 18:28:03,556 BTPWorkerThread-3826 (_rx_task) root DEBUG client.py                 82    logger_log                : event_handler Header(svc_id=1, op=137, ctrl_index=0, data_len=8) (b'\xe0N\xe4\x08\xdc\x1b\x00\x02',)
2025-12-01 18:28:03,557 BTPWorkerThread-3826 (_rx_task) root DEBUG client.py                 82    logger_log                : gap_sec_level_changed_ev_
2025-12-01 18:28:03,557 BTPWorkerThread-3826 (_rx_task) root DEBUG client.py                 82    logger_log                : received b'\xe0N\xe4\x08\xdc\x1b\x00\x02'
2025-12-01 18:28:03,557 BTPWorkerThread-3826 (_rx_task) root DEBUG client.py                 82    logger_log                : received (224, '001bdc08e44e', 2)
2025-12-01 18:28:03,744 LT1-callback ClientCallback.on_implicit_send INFO client.py                 82    logger_log                : 
    ********************
    BEGIN OnImplicitSend:
    project_name: HFP
    wid: 50
    test_case_name: HFP/HF/ICA/BV-06-C
    description: Verify that the Implementation Under Test (IUT) is generating a local alert, then click Ok.
    style: MMI_Style_Ok_Cancel1 0x11041
2025-12-01 18:28:03,744 LT1-callback ClientCallback.on_implicit_send INFO client.py                 82    logger_log                : Calling test cases on_implicit_send
2025-12-01 18:28:03,744 LT1-callback ClientCallback.on_implicit_send INFO client.py                 82    logger_log                : 
    on_implicit_send returned response: WAIT
    END OnImplicitSend
    ********************
2025-12-01 18:28:04,071 LT1-thread root DEBUG client.py                 82    logger_log                : HFP HFP/HF/ICA/BV-06-C on_implicit_send
2025-12-01 18:28:04,071 LT1-thread root DEBUG client.py                 82    logger_log                : hfp_wid_hdl, 50, Verify that the Implementation Under Test (IUT) is generating a local alert, then click Ok., HFP/HF/ICA/BV-06-C
2025-12-01 18:28:14,072 LT1-thread root DEBUG client.py                 82    logger_log                : hfp_verify
2025-12-01 18:28:14,072 LT1-thread root DEBUG client.py                 82    logger_log                : send, 33 13 0 "bytearray(b'\\x03\\x00')"
2025-12-01 18:28:14,072 LT1-thread root DEBUG client.py                 82    logger_log                : sending frame '210d0002000300'
2025-12-01 18:28:14,072 LT1-thread root DEBUG client.py                 82    logger_log                : read
2025-12-01 18:28:14,152 BTPWorkerThread-3826 (_rx_task) root DEBUG client.py                 82    logger_log                : Read 5 bytes
2025-12-01 18:28:14,168 BTPWorkerThread-3826 (_rx_task) root DEBUG client.py                 82    logger_log                : Received: hdr: Header(svc_id=0x21, op=0x0d, ctrl_index=0x00, data_len=0x00) bytearray(b'!\r\x00\x00\x00')
2025-12-01 18:28:14,183 BTPWorkerThread-3826 (_rx_task) root DEBUG client.py                 82    logger_log                : Received data: {''}, bytearray(b'')
2025-12-01 18:28:14,183 LT1-thread root DEBUG client.py                 82    logger_log                : Sending response 'OK' to wid 50 test case HFP/HF/ICA/BV-06-C
2025-12-01 18:28:14,185 LT1-thread root DEBUG client.py                 82    logger_log                : ClientCallback.get_result run_test_case
2025-12-01 18:28:18,561 LT1-callback ClientCallback.on_implicit_send INFO client.py                 82    logger_log                : 
    ********************
    BEGIN OnImplicitSend:
    project_name: HFP
    wid: 51
    test_case_name: HFP/HF/ICA/BV-06-C
    description: Verify that the Implementation Under Test (IUT) is not generating a local alert.
    style: MMI_Style_Ok_Cancel1 0x11041
2025-12-01 18:28:18,561 LT1-callback ClientCallback.on_implicit_send INFO client.py                 82    logger_log                : Calling test cases on_implicit_send
2025-12-01 18:28:18,561 LT1-callback ClientCallback.on_implicit_send INFO client.py                 82    logger_log                : 
    on_implicit_send returned response: WAIT
    END OnImplicitSend
    ********************
2025-12-01 18:28:19,253 LT1-thread root DEBUG client.py                 82    logger_log                : HFP HFP/HF/ICA/BV-06-C on_implicit_send
2025-12-01 18:28:19,253 LT1-thread root DEBUG client.py                 82    logger_log                : hfp_wid_hdl, 51, Verify that the Implementation Under Test (IUT) is not generating a local alert., HFP/HF/ICA/BV-06-C
2025-12-01 18:28:19,253 LT1-thread root DEBUG client.py                 82    logger_log                : hfp_verify
2025-12-01 18:28:19,253 LT1-thread root DEBUG client.py                 82    logger_log                : send, 33 13 0 "bytearray(b'\\x04\\x00')"
2025-12-01 18:28:19,253 LT1-thread root DEBUG client.py                 82    logger_log                : sending frame '210d0002000400'
2025-12-01 18:28:19,254 LT1-thread root DEBUG client.py                 82    logger_log                : read
2025-12-01 18:28:19,300 BTPWorkerThread-3826 (_rx_task) root DEBUG client.py                 82    logger_log                : Read 5 bytes
2025-12-01 18:28:19,332 BTPWorkerThread-3826 (_rx_task) root DEBUG client.py                 82    logger_log                : Received: hdr: Header(svc_id=0x21, op=0x0d, ctrl_index=0x00, data_len=0x00) bytearray(b'!\r\x00\x00\x00')
2025-12-01 18:28:19,363 BTPWorkerThread-3826 (_rx_task) root DEBUG client.py                 82    logger_log                : Received data: {''}, bytearray(b'')
2025-12-01 18:28:19,394 LT1-thread root DEBUG client.py                 82    logger_log                : Sending response 'OK' to wid 51 test case HFP/HF/ICA/BV-06-C
2025-12-01 18:28:19,396 LT1-thread root DEBUG client.py                 82    logger_log                : ClientCallback.get_result run_test_case
2025-12-01 18:28:21,965 BTPWorkerThread-3826 (_rx_task) root DEBUG client.py                 82    logger_log                : Read 5 bytes
2025-12-01 18:28:21,966 BTPWorkerThread-3826 (_rx_task) root DEBUG client.py                 82    logger_log                : Received: hdr: Header(svc_id=0x01, op=0x83, ctrl_index=0x00, data_len=0x07) bytearray(b'\x01\x83\x00\x07\x00')
2025-12-01 18:28:21,966 BTPWorkerThread-3826 (_rx_task) root DEBUG client.py                 82    logger_log                : Read 7 bytes data
2025-12-01 18:28:21,966 BTPWorkerThread-3826 (_rx_task) root DEBUG client.py                 82    logger_log                : Received data: {'e0 4e e4 08 dc 1b 00'}, bytearray(b'\xe0N\xe4\x08\xdc\x1b\x00')
2025-12-01 18:28:21,966 BTPWorkerThread-3826 (_rx_task) root DEBUG client.py                 82    logger_log                : event_handler Header(svc_id=1, op=131, ctrl_index=0, data_len=7) (b'\xe0N\xe4\x08\xdc\x1b\x00',)
2025-12-01 18:28:21,966 BTPWorkerThread-3826 (_rx_task) root DEBUG client.py                 82    logger_log                : gap_disconnected_ev_ b'\xe0N\xe4\x08\xdc\x1b\x00'
2025-12-01 18:28:24,701 LT1-callback ClientCallback.log INFO client.py                 82    logger_log                : PTS_LOGTYPE_START_TEST Start Test Case 

+1656 ms
 HFP/HF/ICA/BV-06-C HFP/HF/ICA/BV-06-C

2025-12-01 18:28:25,423 LT1-callback ClientCallback.log INFO client.py                 82    logger_log                : PTS_LOGTYPE_FINAL_VERDICT Final Verdict 

+31297 ms
 HFP/HF/ICA/BV-06-C PASS

2025-12-01 18:28:25,427 LT1-callback ClientCallback.log INFO client.py                 82    logger_log                : PTS_LOGTYPE_FINAL_VERDICT Encrypted Verdict 

+31297 ms
 HFP/HF/ICA/BV-06-C A1#ZGU2OTUwYmJlZjA0ODZmYzZiZTVlZWQ5YjI1OGVmNzc0ZmU4ODAxYjEyNGMwOGUyM2ExYTJiOGYwOGYyYzE2OQ==#kGLwlS27c3fWbFSluugG2iR9QAE4Y5gcDBqJPx3ask9GGOtdO94vKrnh3twTjC2b

2025-12-01 18:28:25,544 LT1-callback ClientCallback.log INFO client.py                 82    logger_log                : PTS_LOGTYPE_END_TEST Test Case Ended 

+31297 ms
 HFP/HF/ICA/BV-06-C HFP/HF/ICA/BV-06-C

2025-12-01 18:28:25,685 LT1-callback root DEBUG client.py                 82    logger_log                : ClientCallback, set_result, run_test_case, PASS
2025-12-01 18:28:25,685 LT1-thread root DEBUG client.py                 82    logger_log                : After run_test_case error_code=0 status='PASS'
2025-12-01 18:28:25,686 LT1-thread root DEBUG client.py                 82    logger_log                : post_run HFP HFP/HF/ICA/BV-06-C 0
2025-12-01 18:28:25,686 LT1-thread root DEBUG client.py                 82    logger_log                : Starting test function: class=<class 'autopts.ptsprojects.testcase.TestFuncCleanUp'>, func=<bound method Stack.cleanup of <autopts.ptsprojects.stack.stack.Stack object at 0x00000215E2F30980>> start_wid=None stop_wid=None post_wid=None skip_call=None call_count=2 args=() kwds={}
2025-12-01 18:28:25,686 LT1-thread root DEBUG client.py                 82    logger_log                : Test function parameters: args=(), kwds={}
2025-12-01 18:28:25,686 LT1-thread root DEBUG client.py                 82    logger_log                : Starting test function: class=<class 'autopts.ptsprojects.testcase.TestFuncCleanUp'>, func=<bound method ZephyrCtl.stop of <autopts.ptsprojects.zephyr.iutctl.ZephyrCtl object at 0x00000215DF7883B0>> start_wid=None stop_wid=None post_wid=None skip_call=None call_count=2 args=() kwds={}
2025-12-01 18:28:25,686 LT1-thread root DEBUG client.py                 82    logger_log                : Test function parameters: args=(), kwds={}
2025-12-01 18:28:25,686 LT1-thread root DEBUG client.py                 82    logger_log                : <class 'autopts.ptsprojects.zephyr.iutctl.ZephyrCtl'>.stop
2025-12-01 18:28:25,686 LT1-thread root DEBUG client.py                 82    logger_log                : About to reset DUT: JLink -CommandFile reset.jlink -usb 1063214216 -device MIMXRT1176XXXA_M7
2025-12-01 18:28:25,996 BTPWorkerThread-3826 (_rx_task) root DEBUG client.py                 82    logger_log                : Read 5 bytes
2025-12-01 18:28:25,997 BTPWorkerThread-3826 (_rx_task) root DEBUG client.py                 82    logger_log                : Received: hdr: Header(svc_id=0x00, op=0x80, ctrl_index=0xff, data_len=0x00) bytearray(b'\x00\x80\xff\x00\x00')
2025-12-01 18:28:25,997 BTPWorkerThread-3826 (_rx_task) root DEBUG client.py                 82    logger_log                : Received data: {''}, bytearray(b'')
2025-12-01 18:28:25,997 BTPWorkerThread-3826 (_rx_task) root DEBUG client.py                 82    logger_log                : event_handler Header(svc_id=0, op=128, ctrl_index=255, data_len=0) (b'',)
2025-12-01 18:28:25,997 BTPWorkerThread-3826 (_rx_task) root DEBUG client.py                 82    logger_log                : core_iut_ready_ev
2025-12-01 18:28:26,460 LT1-thread root DEBUG client.py                 82    logger_log                : IUT ready event received OK
2025-12-01 18:28:26,460 LT1-thread root DEBUG client.py                 82    logger_log                : Waiting for _rx_worker to finish ...
2025-12-01 18:28:27,005 BTPWorkerThread-3826 (_rx_task) root DEBUG client.py                 82    logger_log                : BTPWorkerThread-3826 (_rx_task) finishing...
2025-12-01 18:28:30,012 LT1-thread root DEBUG client.py                 82    logger_log                : post_run, cleanup running post test case script
2025-12-01 18:28:30,012 LT1-thread root DEBUG client.py                 82    logger_log                : post_run, run post test case script
2025-12-01 18:28:30,095 LT1-thread root DEBUG client.py                 82    logger_log                : Done TestCase _run_test_case HFP HFP/HF/ICA/BV-06-C
