2025-02-11 16:19:44,094 LT1-thread root DEBUG client.py                 71    logger_log                : Starting TestCase _run_test_case GAP GAP/DISC/LIMM/BV-03-C
2025-02-11 16:19:44,104 LT1-thread root DEBUG client.py                 71    logger_log                : pre_run GAP GAP/DISC/LIMM/BV-03-C
2025-02-11 16:19:44,104 LT1-thread root DEBUG client.py                 71    logger_log                : About to run test case GAP GAP/DISC/LIMM/BV-03-C with commands:
2025-02-11 16:19:44,104 LT1-thread root DEBUG client.py                 71    logger_log                : 0) class=<class 'autopts.ptsprojects.testcase.TestFunc'>, func=<bound method Stack.core_init of <autopts.ptsprojects.stack.stack.Stack object at 0x00000277D5D19590>> start_wid=None stop_wid=None post_wid=None skip_call=None call_count=0 args=() kwds={}
2025-02-11 16:19:44,104 LT1-thread root DEBUG client.py                 71    logger_log                : 1) class=<class 'autopts.ptsprojects.testcase.TestFunc'>, func=<bound method ZephyrCtl.hw_reset of <autopts.ptsprojects.zephyr.iutctl.ZephyrCtl object at 0x00000277D3040D90>> start_wid=None stop_wid=None post_wid=None skip_call=None call_count=0 args=() kwds={}
2025-02-11 16:19:44,104 LT1-thread root DEBUG client.py                 71    logger_log                : 2) class=<class 'autopts.ptsprojects.testcase.TestFunc'>, func=<bound method ZephyrCtl.start of <autopts.ptsprojects.zephyr.iutctl.ZephyrCtl object at 0x00000277D3040D90>> start_wid=None stop_wid=None post_wid=None skip_call=None call_count=0 args=(<autopts.ptsprojects.zephyr.ztestcase.ZTestCase object at 0x00000277D6771690>,) kwds={}
2025-02-11 16:19:44,104 LT1-thread root DEBUG client.py                 71    logger_log                : 3) class=<class 'autopts.ptsprojects.testcase.TestFunc'>, func=<bound method ZephyrCtl.hw_reset of <autopts.ptsprojects.zephyr.iutctl.ZephyrCtl object at 0x00000277D3040D90>> start_wid=None stop_wid=None post_wid=None skip_call=None call_count=0 args=() kwds={}
2025-02-11 16:19:44,104 LT1-thread root DEBUG client.py                 71    logger_log                : 4) class=<class 'autopts.ptsprojects.testcase.TestFunc'>, func=<bound method ZephyrCtl.wait_iut_ready_event of <autopts.ptsprojects.zephyr.iutctl.ZephyrCtl object at 0x00000277D3040D90>> start_wid=None stop_wid=None post_wid=None skip_call=None call_count=0 args=(False,) kwds={}
2025-02-11 16:19:44,104 LT1-thread root DEBUG client.py                 71    logger_log                : 5) class=<class 'autopts.ptsprojects.testcase.TestFunc'>, func=<function core_reg_svc_gap at 0x00000277D1C74540> start_wid=None stop_wid=None post_wid=None skip_call=None call_count=7 args=() kwds={}
2025-02-11 16:19:44,104 LT1-thread root DEBUG client.py                 71    logger_log                : 6) class=<class 'autopts.ptsprojects.testcase.TestFunc'>, func=<bound method Stack.gap_init of <autopts.ptsprojects.stack.stack.Stack object at 0x00000277D5D19590>> start_wid=None stop_wid=None post_wid=None skip_call=None call_count=7 args=(b'Tester_25DE2A', 'ABCD', '1111', '1111', '11', '1111', b'\x17github.com/auto-pts', (8, 'PADV_Tester'), 'FF') kwds={}
2025-02-11 16:19:44,104 LT1-thread root DEBUG client.py                 71    logger_log                : 7) class=<class 'autopts.ptsprojects.testcase.TestFunc'>, func=<function gap_read_ctrl_info at 0x00000277D1C84400> start_wid=None stop_wid=None post_wid=None skip_call=None call_count=7 args=() kwds={}
2025-02-11 16:19:44,104 LT1-thread root DEBUG client.py                 71    logger_log                : 8) class=<class 'autopts.ptsprojects.testcase.TestFunc'>, func=<function test_cases.<locals>.<lambda> at 0x00000277D6740F40> start_wid=None stop_wid=None post_wid=None skip_call=None call_count=7 args=() kwds={}
2025-02-11 16:19:44,104 LT1-thread root DEBUG client.py                 71    logger_log                : 9) class=<class 'autopts.ptsprojects.testcase.TestFunc'>, func=<function test_cases.<locals>.<lambda> at 0x00000277D6740D60> start_wid=None stop_wid=None post_wid=None skip_call=None call_count=7 args=() kwds={}
2025-02-11 16:19:44,104 LT1-thread root DEBUG client.py                 71    logger_log                : 10) class=<class 'autopts.ptsprojects.testcase.TestFunc'>, func=<function test_cases.<locals>.<lambda> at 0x00000277D6740AE0> start_wid=None stop_wid=None post_wid=None skip_call=None call_count=7 args=() kwds={}
2025-02-11 16:19:44,104 LT1-thread root DEBUG client.py                 71    logger_log                : 11) class=<class 'autopts.ptsprojects.testcase.TestFunc'>, func=<function test_cases.<locals>.<lambda> at 0x00000277D6740900> start_wid=None stop_wid=None post_wid=None skip_call=None call_count=7 args=() kwds={}
2025-02-11 16:19:44,104 LT1-thread root DEBUG client.py                 71    logger_log                : 12) class=<class 'autopts.ptsprojects.testcase.TestFunc'>, func=<function test_cases.<locals>.<lambda> at 0x00000277D6740180> start_wid=None stop_wid=None post_wid=None skip_call=None call_count=7 args=() kwds={}
2025-02-11 16:19:44,104 LT1-thread root DEBUG client.py                 71    logger_log                : 13) class=<class 'autopts.ptsprojects.testcase.TestFunc'>, func=<function test_cases.<locals>.<lambda> at 0x00000277D6740220> start_wid=None stop_wid=None post_wid=None skip_call=None call_count=7 args=() kwds={}
2025-02-11 16:19:44,104 LT1-thread root DEBUG client.py                 71    logger_log                : 14) class=<class 'autopts.ptsprojects.testcase.TestFunc'>, func=<function test_cases.<locals>.<lambda> at 0x00000277D67416C0> start_wid=None stop_wid=None post_wid=None skip_call=None call_count=7 args=() kwds={}
2025-02-11 16:19:44,104 LT1-thread root DEBUG client.py                 71    logger_log                : 15) class=<class 'autopts.ptsprojects.testcase.TestFunc'>, func=<function test_cases.<locals>.<lambda> at 0x00000277D6741760> start_wid=None stop_wid=None post_wid=None skip_call=None call_count=7 args=() kwds={}
2025-02-11 16:19:44,104 LT1-thread root DEBUG client.py                 71    logger_log                : 16) class=<class 'autopts.ptsprojects.testcase.TestFunc'>, func=<function test_cases.<locals>.<lambda> at 0x00000277D6741800> start_wid=None stop_wid=None post_wid=None skip_call=None call_count=7 args=() kwds={}
2025-02-11 16:19:44,104 LT1-thread root DEBUG client.py                 71    logger_log                : 17) class=<class 'autopts.ptsprojects.testcase.TestFunc'>, func=<function test_cases.<locals>.<lambda> at 0x00000277D67418A0> start_wid=None stop_wid=None post_wid=None skip_call=None call_count=7 args=() kwds={}
2025-02-11 16:19:44,104 LT1-thread root DEBUG client.py                 71    logger_log                : 18) class=<class 'autopts.ptsprojects.testcase.TestFunc'>, func=<function test_cases.<locals>.<lambda> at 0x00000277D6741940> start_wid=None stop_wid=None post_wid=None skip_call=None call_count=7 args=() kwds={}
2025-02-11 16:19:44,104 LT1-thread root DEBUG client.py                 71    logger_log                : 19) class=<class 'autopts.ptsprojects.testcase.TestFunc'>, func=<function test_cases.<locals>.<lambda> at 0x00000277D67419E0> start_wid=None stop_wid=None post_wid=None skip_call=None call_count=7 args=() kwds={}
2025-02-11 16:19:44,104 LT1-thread root DEBUG client.py                 71    logger_log                : 20) class=<class 'autopts.ptsprojects.testcase.TestFunc'>, func=<function core_reg_svc_gatt at 0x00000277D1C74680> start_wid=None stop_wid=None post_wid=None skip_call=None call_count=7 args=() kwds={}
2025-02-11 16:19:44,104 LT1-thread root DEBUG client.py                 71    logger_log                : 21) class=<class 'autopts.ptsprojects.testcase.TestFunc'>, func=<bound method Stack.gatt_init of <autopts.ptsprojects.stack.stack.Stack object at 0x00000277D5D19590>> start_wid=None stop_wid=None post_wid=None skip_call=None call_count=7 args=() kwds={}
2025-02-11 16:19:44,104 LT1-thread root DEBUG client.py                 71    logger_log                : 22) class=<class 'autopts.ptsprojects.testcase.TestFunc'>, func=<function gap_set_io_cap at 0x00000277D1C77920> start_wid=None stop_wid=None post_wid=None skip_call=None call_count=7 args=(4,) kwds={}
2025-02-11 16:19:44,104 LT1-thread root DEBUG client.py                 71    logger_log                : 23) class=<class 'autopts.ptsprojects.testcase.TestFunc'>, func=<function set_pts_addr at 0x00000277D1C740E0> start_wid=None stop_wid=None post_wid=None skip_call=None call_count=7 args=('C0:07:E8:25:DE:2A', 0) kwds={}
2025-02-11 16:19:44,104 LT1-thread root DEBUG client.py                 71    logger_log                : 24) class=<class 'autopts.ptsprojects.testcase.TestFunc'>, func=<function gatts_add_svc at 0x00000277D1C85DA0> start_wid=None stop_wid=None post_wid=None skip_call=None call_count=7 args=(0, 'AA51') kwds={}
2025-02-11 16:19:44,104 LT1-thread root DEBUG client.py                 71    logger_log                : 25) class=<class 'autopts.ptsprojects.testcase.TestFunc'>, func=<function gatts_add_char at 0x00000277D1C85EE0> start_wid=None stop_wid=None post_wid=None skip_call=None call_count=7 args=(0, 2, 17, 'AA52') kwds={}
2025-02-11 16:19:44,104 LT1-thread root DEBUG client.py                 71    logger_log                : 26) class=<class 'autopts.ptsprojects.testcase.TestFunc'>, func=<function gatts_set_val at 0x00000277D1C85F80> start_wid=None stop_wid=None post_wid=None skip_call=None call_count=7 args=(0, '01') kwds={}
2025-02-11 16:19:44,104 LT1-thread root DEBUG client.py                 71    logger_log                : 27) class=<class 'autopts.ptsprojects.testcase.TestFunc'>, func=<function gatts_add_char at 0x00000277D1C85EE0> start_wid=None stop_wid=None post_wid=None skip_call=None call_count=7 args=(0, 2, 5, 'AA53') kwds={}
2025-02-11 16:19:44,104 LT1-thread root DEBUG client.py                 71    logger_log                : 28) class=<class 'autopts.ptsprojects.testcase.TestFunc'>, func=<function gatts_set_val at 0x00000277D1C85F80> start_wid=None stop_wid=None post_wid=None skip_call=None call_count=7 args=(0, '02') kwds={}
2025-02-11 16:19:44,104 LT1-thread root DEBUG client.py                 71    logger_log                : 29) class=<class 'autopts.ptsprojects.testcase.TestFunc'>, func=<function gatts_add_char at 0x00000277D1C85EE0> start_wid=None stop_wid=None post_wid=None skip_call=None call_count=7 args=(0, 66, 3, 'AA54') kwds={}
2025-02-11 16:19:44,104 LT1-thread root DEBUG client.py                 71    logger_log                : 30) class=<class 'autopts.ptsprojects.testcase.TestFunc'>, func=<function gatts_set_val at 0x00000277D1C85F80> start_wid=None stop_wid=None post_wid=None skip_call=None call_count=7 args=(0, '03') kwds={}
2025-02-11 16:19:44,104 LT1-thread root DEBUG client.py                 71    logger_log                : 31) class=<class 'autopts.ptsprojects.testcase.TestFunc'>, func=<function gatts_add_char at 0x00000277D1C85EE0> start_wid=None stop_wid=None post_wid=None skip_call=None call_count=7 args=(0, 10, 48, 'AA55') kwds={}
2025-02-11 16:19:44,104 LT1-thread root DEBUG client.py                 71    logger_log                : 32) class=<class 'autopts.ptsprojects.testcase.TestFunc'>, func=<function gatts_set_val at 0x00000277D1C85F80> start_wid=None stop_wid=None post_wid=None skip_call=None call_count=7 args=(0, '04') kwds={}
2025-02-11 16:19:44,104 LT1-thread root DEBUG client.py                 71    logger_log                : 33) class=<class 'autopts.ptsprojects.testcase.TestFunc'>, func=<function gatts_start_server at 0x00000277D1C86200> start_wid=None stop_wid=None post_wid=None skip_call=None call_count=7 args=() kwds={}
2025-02-11 16:19:44,104 LT1-thread root DEBUG client.py                 71    logger_log                : 34) class=<class 'autopts.ptsprojects.testcase.TestFuncCleanUp'>, func=<bound method Stack.cleanup of <autopts.ptsprojects.stack.stack.Stack object at 0x00000277D5D19590>> start_wid=None stop_wid=None post_wid=None skip_call=None call_count=0 args=() kwds={}
2025-02-11 16:19:44,104 LT1-thread root DEBUG client.py                 71    logger_log                : 35) class=<class 'autopts.ptsprojects.testcase.TestFuncCleanUp'>, func=<bound method ZephyrCtl.stop of <autopts.ptsprojects.zephyr.iutctl.ZephyrCtl object at 0x00000277D3040D90>> start_wid=None stop_wid=None post_wid=None skip_call=None call_count=0 args=() kwds={}
2025-02-11 16:19:44,104 LT1-thread root DEBUG client.py                 71    logger_log                : pre_run, run pre test case script
2025-02-11 16:19:44,114 LT1-thread root DEBUG client.py                 71    logger_log                : Starting test function: class=<class 'autopts.ptsprojects.testcase.TestFunc'>, func=<bound method Stack.core_init of <autopts.ptsprojects.stack.stack.Stack object at 0x00000277D5D19590>> start_wid=None stop_wid=None post_wid=None skip_call=None call_count=1 args=() kwds={}
2025-02-11 16:19:44,114 LT1-thread root DEBUG client.py                 71    logger_log                : Test function parameters: args=(), kwds={}
2025-02-11 16:19:44,114 LT1-thread root DEBUG client.py                 71    logger_log                : Starting test function: class=<class 'autopts.ptsprojects.testcase.TestFunc'>, func=<bound method ZephyrCtl.hw_reset of <autopts.ptsprojects.zephyr.iutctl.ZephyrCtl object at 0x00000277D3040D90>> start_wid=None stop_wid=None post_wid=None skip_call=None call_count=1 args=() kwds={}
2025-02-11 16:19:44,114 LT1-thread root DEBUG client.py                 71    logger_log                : Test function parameters: args=(), kwds={}
2025-02-11 16:19:44,114 LT1-thread root DEBUG client.py                 71    logger_log                : Starting test function: class=<class 'autopts.ptsprojects.testcase.TestFunc'>, func=<bound method ZephyrCtl.start of <autopts.ptsprojects.zephyr.iutctl.ZephyrCtl object at 0x00000277D3040D90>> start_wid=None stop_wid=None post_wid=None skip_call=None call_count=1 args=(<autopts.ptsprojects.zephyr.ztestcase.ZTestCase object at 0x00000277D6771690>,) kwds={}
2025-02-11 16:19:44,114 LT1-thread root DEBUG client.py                 71    logger_log                : Test function parameters: args=(<autopts.ptsprojects.zephyr.ztestcase.ZTestCase object at 0x00000277D6771690>,), kwds={}
2025-02-11 16:19:44,114 LT1-thread root DEBUG client.py                 71    logger_log                : <class 'autopts.ptsprojects.zephyr.iutctl.ZephyrCtl'>.start
2025-02-11 16:19:44,114 LT1-thread root DEBUG client.py                 71    logger_log                : <class 'autopts.ptsprojects.zephyr.iutctl.ZephyrCtl'>.flush_serial
2025-02-11 16:19:45,328 LT1-thread root DEBUG client.py                 71    logger_log                : Starting socat process: socat.exe -x -v tcp:10.192.253.135:58201,retry=100,interval=1 /dev/ttyS35,raw,b115200
2025-02-11 16:19:45,348 LT1-thread root DEBUG client.py                 71    logger_log                : accept
2025-02-11 16:19:45,464 BTPWorkerThread-165 (_rx_task) root DEBUG client.py                 71    logger_log                : BTPWorkerThread-165 (_rx_task) started
2025-02-11 16:19:45,464 LT1-thread root DEBUG client.py                 71    logger_log                : Starting test function: class=<class 'autopts.ptsprojects.testcase.TestFunc'>, func=<bound method ZephyrCtl.hw_reset of <autopts.ptsprojects.zephyr.iutctl.ZephyrCtl object at 0x00000277D3040D90>> start_wid=None stop_wid=None post_wid=None skip_call=None call_count=1 args=() kwds={}
2025-02-11 16:19:45,464 LT1-thread root DEBUG client.py                 71    logger_log                : Test function parameters: args=(), kwds={}
2025-02-11 16:19:45,474 LT1-thread root DEBUG client.py                 71    logger_log                : Starting test function: class=<class 'autopts.ptsprojects.testcase.TestFunc'>, func=<bound method ZephyrCtl.wait_iut_ready_event of <autopts.ptsprojects.zephyr.iutctl.ZephyrCtl object at 0x00000277D3040D90>> start_wid=None stop_wid=None post_wid=None skip_call=None call_count=1 args=(False,) kwds={}
2025-02-11 16:19:45,474 LT1-thread root DEBUG client.py                 71    logger_log                : Test function parameters: args=(False,), kwds={}
2025-02-11 16:19:45,474 LT1-thread root DEBUG client.py                 71    logger_log                : IUT ready event received OK
2025-02-11 16:19:45,474 LT1-thread root DEBUG client.py                 71    logger_log                : Starting test function: class=<class 'autopts.ptsprojects.testcase.TestFunc'>, func=<function core_reg_svc_gap at 0x00000277D1C74540> start_wid=None stop_wid=None post_wid=None skip_call=None call_count=8 args=() kwds={}
2025-02-11 16:19:45,474 LT1-thread root DEBUG client.py                 71    logger_log                : Test function parameters: args=(), kwds={}
2025-02-11 16:19:45,474 LT1-thread root DEBUG client.py                 71    logger_log                : core_reg_svc_gap
2025-02-11 16:19:45,474 LT1-thread root DEBUG client.py                 71    logger_log                : send, 0 3 255 '1'
2025-02-11 16:19:45,474 LT1-thread root DEBUG client.py                 71    logger_log                : sending frame '0003ff010001'
2025-02-11 16:19:45,474 LT1-thread root DEBUG client.py                 71    logger_log                : core_reg_svc_rsp_succ
2025-02-11 16:19:45,474 LT1-thread root DEBUG client.py                 71    logger_log                : read
2025-02-11 16:19:45,574 BTPWorkerThread-165 (_rx_task) root DEBUG client.py                 71    logger_log                : Read 5 bytes
2025-02-11 16:19:45,594 BTPWorkerThread-165 (_rx_task) root DEBUG client.py                 71    logger_log                : Received: hdr: Header(svc_id=0x00, op=0x03, ctrl_index=0xff, data_len=0x00) bytearray(b'\x00\x03\xff\x00\x00')
2025-02-11 16:19:45,614 BTPWorkerThread-165 (_rx_task) root DEBUG client.py                 71    logger_log                : Received data: {''}, bytearray(b'')
2025-02-11 16:19:45,652 LT1-thread root DEBUG client.py                 71    logger_log                : received Header(svc_id=0, op=3, ctrl_index=255, data_len=0) (b'',)
2025-02-11 16:19:45,652 LT1-thread root DEBUG client.py                 71    logger_log                : expected ((0, 3, 255, 0), (b'',))
2025-02-11 16:19:45,652 LT1-thread root DEBUG client.py                 71    logger_log                : response is valid
2025-02-11 16:19:45,652 LT1-thread root DEBUG client.py                 71    logger_log                : Starting test function: class=<class 'autopts.ptsprojects.testcase.TestFunc'>, func=<bound method Stack.gap_init of <autopts.ptsprojects.stack.stack.Stack object at 0x00000277D5D19590>> start_wid=None stop_wid=None post_wid=None skip_call=None call_count=8 args=(b'Tester_25DE2A', 'ABCD', '1111', '1111', '11', '1111', b'\x17github.com/auto-pts', (8, 'PADV_Tester'), 'FF') kwds={}
2025-02-11 16:19:45,652 LT1-thread root DEBUG client.py                 71    logger_log                : Test function parameters: args=(b'Tester_25DE2A', 'ABCD', '1111', '1111', '11', '1111', b'\x17github.com/auto-pts', (8, 'PADV_Tester'), 'FF'), kwds={}
2025-02-11 16:19:45,652 LT1-thread root DEBUG client.py                 71    logger_log                : Starting test function: class=<class 'autopts.ptsprojects.testcase.TestFunc'>, func=<function gap_read_ctrl_info at 0x00000277D1C84400> start_wid=None stop_wid=None post_wid=None skip_call=None call_count=8 args=() kwds={}
2025-02-11 16:19:45,652 LT1-thread root DEBUG client.py                 71    logger_log                : Test function parameters: args=(), kwds={}
2025-02-11 16:19:45,652 LT1-thread root DEBUG client.py                 71    logger_log                : gap_read_ctrl_info
2025-02-11 16:19:45,652 LT1-thread root DEBUG client.py                 71    logger_log                : send, 1 3 0 ''
2025-02-11 16:19:45,652 LT1-thread root DEBUG client.py                 71    logger_log                : sending frame '0103000000'
2025-02-11 16:19:45,652 LT1-thread root DEBUG client.py                 71    logger_log                : read
2025-02-11 16:19:46,510 BTPWorkerThread-165 (_rx_task) root DEBUG client.py                 71    logger_log                : Read 5 bytes
2025-02-11 16:19:46,530 BTPWorkerThread-165 (_rx_task) root DEBUG client.py                 71    logger_log                : Received: hdr: Header(svc_id=0x01, op=0x03, ctrl_index=0x00, data_len=0x115) bytearray(b'\x01\x03\x00\x15\x01')
2025-02-11 16:19:46,550 BTPWorkerThread-165 (_rx_task) root DEBUG client.py                 71    logger_log                : Read 277 bytes data
2025-02-11 16:19:46,550 BTPWorkerThread-165 (_rx_task) root DEBUG client.py                 71    logger_log                : Received data: {'28 00 03 37 60 00 13 06 02 00 13 02 00 00 00 00 00 62 74 70 5f 74 65 73 74 65 72 00 00 00 00 00 00 00 00 00 00 00 00 00 00 00 00 00 00 00 00 00 00 00 00 00 00 00 00 00 00 00 00 00 00 00 00 00 00 00 00 00 00 00 00 00 00 00 00 00 00 00 00 00 00 00 00 00 00 00 00 00 00 00 00 00 00 00 00 00 00 00 00 00 00 00 00 00 00 00 00 00 00 00 00 00 00 00 00 00 00 00 00 00 00 00 00 00 00 00 00 00 00 00 00 00 00 00 00 00 00 00 00 00 00 00 00 00 00 00 00 00 00 00 00 00 00 00 00 00 00 00 00 00 00 00 00 00 00 00 00 00 00 00 00 00 00 00 00 00 00 00 00 00 00 00 00 00 00 00 00 00 00 00 00 00 00 00 00 00 00 00 00 00 00 00 00 00 00 00 00 00 00 00 00 00 00 00 00 00 00 00 00 00 00 00 00 00 00 00 00 00 00 00 00 00 00 00 00 00 00 00 00 00 00 00 00 00 00 00 00 00 00 00 00 00 00 00 00 00 00 00 00 00 00 00 00 00 00 00 00 00 00 00 00 00 00 00 00 00 00'}, bytearray(b'(\x00\x037`\x00\x13\x06\x02\x00\x13\x02\x00\x00\x00\x00\x00btp_tester\x00\x00\x00\x00\x00\x00\x00\x00\x00\x00\x00\x00\x00\x00\x00\x00\x00\x00\x00\x00\x00\x00\x00\x00\x00\x00\x00\x00\x00\x00\x00\x00\x00\x00\x00\x00\x00\x00\x00\x00\x00\x00\x00\x00\x00\x00\x00\x00\x00\x00\x00\x00\x00\x00\x00\x00\x00\x00\x00\x00\x00\x00\x00\x00\x00\x00\x00\x00\x00\x00\x00\x00\x00\x00\x00\x00\x00\x00\x00\x00\x00\x00\x00\x00\x00\x00\x00\x00\x00\x00\x00\x00\x00\x00\x00\x00\x00\x00\x00\x00\x00\x00\x00\x00\x00\x00\x00\x00\x00\x00\x00\x00\x00\x00\x00\x00\x00\x00\x00\x00\x00\x00\x00\x00\x00\x00\x00\x00\x00\x00\x00\x00\x00\x00\x00\x00\x00\x00\x00\x00\x00\x00\x00\x00\x00\x00\x00\x00\x00\x00\x00\x00\x00\x00\x00\x00\x00\x00\x00\x00\x00\x00\x00\x00\x00\x00\x00\x00\x00\x00\x00\x00\x00\x00\x00\x00\x00\x00\x00\x00\x00\x00\x00\x00\x00\x00\x00\x00\x00\x00\x00\x00\x00\x00\x00\x00\x00\x00\x00\x00\x00\x00\x00\x00\x00\x00\x00\x00\x00\x00\x00\x00\x00\x00\x00\x00\x00\x00\x00\x00\x00\x00\x00\x00\x00\x00\x00\x00\x00\x00\x00\x00\x00\x00\x00\x00\x00\x00\x00\x00\x00\x00\x00\x00\x00\x00\x00\x00\x00\x00')
2025-02-11 16:19:46,550 LT1-thread root DEBUG client.py                 71    logger_log                : received Header(svc_id=1, op=3, ctrl_index=0, data_len=277) (b'(\x00\x037`\x00\x13\x06\x02\x00\x13\x02\x00\x00\x00\x00\x00btp_tester\x00\x00\x00\x00\x00\x00\x00\x00\x00\x00\x00\x00\x00\x00\x00\x00\x00\x00\x00\x00\x00\x00\x00\x00\x00\x00\x00\x00\x00\x00\x00\x00\x00\x00\x00\x00\x00\x00\x00\x00\x00\x00\x00\x00\x00\x00\x00\x00\x00\x00\x00\x00\x00\x00\x00\x00\x00\x00\x00\x00\x00\x00\x00\x00\x00\x00\x00\x00\x00\x00\x00\x00\x00\x00\x00\x00\x00\x00\x00\x00\x00\x00\x00\x00\x00\x00\x00\x00\x00\x00\x00\x00\x00\x00\x00\x00\x00\x00\x00\x00\x00\x00\x00\x00\x00\x00\x00\x00\x00\x00\x00\x00\x00\x00\x00\x00\x00\x00\x00\x00\x00\x00\x00\x00\x00\x00\x00\x00\x00\x00\x00\x00\x00\x00\x00\x00\x00\x00\x00\x00\x00\x00\x00\x00\x00\x00\x00\x00\x00\x00\x00\x00\x00\x00\x00\x00\x00\x00\x00\x00\x00\x00\x00\x00\x00\x00\x00\x00\x00\x00\x00\x00\x00\x00\x00\x00\x00\x00\x00\x00\x00\x00\x00\x00\x00\x00\x00\x00\x00\x00\x00\x00\x00\x00\x00\x00\x00\x00\x00\x00\x00\x00\x00\x00\x00\x00\x00\x00\x00\x00\x00\x00\x00\x00\x00\x00\x00\x00\x00\x00\x00\x00\x00\x00\x00\x00\x00\x00\x00\x00\x00\x00\x00\x00\x00\x00\x00\x00\x00\x00\x00\x00\x00\x00\x00\x00\x00\x00\x00\x00',)
2025-02-11 16:19:46,550 LT1-thread root DEBUG client.py                 71    logger_log                : IUT address '006037030028' 'public'
2025-02-11 16:19:46,550 LT1-thread root DEBUG client.py                 71    logger_log                : __gap_current_settings_update 531
2025-02-11 16:19:46,550 LT1-thread root DEBUG client.py                 71    logger_log                : Starting test function: class=<class 'autopts.ptsprojects.testcase.TestFunc'>, func=<function test_cases.<locals>.<lambda> at 0x00000277D6740F40> start_wid=None stop_wid=None post_wid=None skip_call=None call_count=8 args=() kwds={}
2025-02-11 16:19:46,550 LT1-thread root DEBUG client.py                 71    logger_log                : Test function parameters: args=(), kwds={}
2025-02-11 16:19:46,560 LT1-thread root DEBUG client.py                 71    logger_log                : Starting test function: class=<class 'autopts.ptsprojects.testcase.TestFunc'>, func=<function test_cases.<locals>.<lambda> at 0x00000277D6740D60> start_wid=None stop_wid=None post_wid=None skip_call=None call_count=8 args=() kwds={}
2025-02-11 16:19:46,560 LT1-thread root DEBUG client.py                 71    logger_log                : Test function parameters: args=(), kwds={}
2025-02-11 16:19:46,570 LT1-thread root DEBUG client.py                 71    logger_log                : Starting test function: class=<class 'autopts.ptsprojects.testcase.TestFunc'>, func=<function test_cases.<locals>.<lambda> at 0x00000277D6740AE0> start_wid=None stop_wid=None post_wid=None skip_call=None call_count=8 args=() kwds={}
2025-02-11 16:19:46,570 LT1-thread root DEBUG client.py                 71    logger_log                : Test function parameters: args=(), kwds={}
2025-02-11 16:19:46,580 LT1-thread root DEBUG client.py                 71    logger_log                : Starting test function: class=<class 'autopts.ptsprojects.testcase.TestFunc'>, func=<function test_cases.<locals>.<lambda> at 0x00000277D6740900> start_wid=None stop_wid=None post_wid=None skip_call=None call_count=8 args=() kwds={}
2025-02-11 16:19:46,580 LT1-thread root DEBUG client.py                 71    logger_log                : Test function parameters: args=(), kwds={}
2025-02-11 16:19:46,590 LT1-thread root DEBUG client.py                 71    logger_log                : Starting test function: class=<class 'autopts.ptsprojects.testcase.TestFunc'>, func=<function test_cases.<locals>.<lambda> at 0x00000277D6740180> start_wid=None stop_wid=None post_wid=None skip_call=None call_count=8 args=() kwds={}
2025-02-11 16:19:46,600 LT1-thread root DEBUG client.py                 71    logger_log                : Test function parameters: args=(), kwds={}
2025-02-11 16:19:46,610 LT1-thread root DEBUG client.py                 71    logger_log                : Starting test function: class=<class 'autopts.ptsprojects.testcase.TestFunc'>, func=<function test_cases.<locals>.<lambda> at 0x00000277D6740220> start_wid=None stop_wid=None post_wid=None skip_call=None call_count=8 args=() kwds={}
2025-02-11 16:19:46,610 LT1-thread root DEBUG client.py                 71    logger_log                : Test function parameters: args=(), kwds={}
2025-02-11 16:19:46,620 LT1-thread root DEBUG client.py                 71    logger_log                : Starting test function: class=<class 'autopts.ptsprojects.testcase.TestFunc'>, func=<function test_cases.<locals>.<lambda> at 0x00000277D67416C0> start_wid=None stop_wid=None post_wid=None skip_call=None call_count=8 args=() kwds={}
2025-02-11 16:19:46,620 LT1-thread root DEBUG client.py                 71    logger_log                : Test function parameters: args=(), kwds={}
2025-02-11 16:19:46,630 LT1-thread root DEBUG client.py                 71    logger_log                : Starting test function: class=<class 'autopts.ptsprojects.testcase.TestFunc'>, func=<function test_cases.<locals>.<lambda> at 0x00000277D6741760> start_wid=None stop_wid=None post_wid=None skip_call=None call_count=8 args=() kwds={}
2025-02-11 16:19:46,630 LT1-thread root DEBUG client.py                 71    logger_log                : Test function parameters: args=(), kwds={}
2025-02-11 16:19:46,640 LT1-thread root DEBUG client.py                 71    logger_log                : Starting test function: class=<class 'autopts.ptsprojects.testcase.TestFunc'>, func=<function test_cases.<locals>.<lambda> at 0x00000277D6741800> start_wid=None stop_wid=None post_wid=None skip_call=None call_count=8 args=() kwds={}
2025-02-11 16:19:46,650 LT1-thread root DEBUG client.py                 71    logger_log                : Test function parameters: args=(), kwds={}
2025-02-11 16:19:46,660 LT1-thread root DEBUG client.py                 71    logger_log                : Starting test function: class=<class 'autopts.ptsprojects.testcase.TestFunc'>, func=<function test_cases.<locals>.<lambda> at 0x00000277D67418A0> start_wid=None stop_wid=None post_wid=None skip_call=None call_count=8 args=() kwds={}
2025-02-11 16:19:46,660 LT1-thread root DEBUG client.py                 71    logger_log                : Test function parameters: args=(), kwds={}
2025-02-11 16:19:46,680 LT1-thread root DEBUG client.py                 71    logger_log                : Starting test function: class=<class 'autopts.ptsprojects.testcase.TestFunc'>, func=<function test_cases.<locals>.<lambda> at 0x00000277D6741940> start_wid=None stop_wid=None post_wid=None skip_call=None call_count=8 args=() kwds={}
2025-02-11 16:19:46,680 LT1-thread root DEBUG client.py                 71    logger_log                : Test function parameters: args=(), kwds={}
2025-02-11 16:19:46,690 LT1-thread root DEBUG client.py                 71    logger_log                : Starting test function: class=<class 'autopts.ptsprojects.testcase.TestFunc'>, func=<function test_cases.<locals>.<lambda> at 0x00000277D67419E0> start_wid=None stop_wid=None post_wid=None skip_call=None call_count=8 args=() kwds={}
2025-02-11 16:19:46,690 LT1-thread root DEBUG client.py                 71    logger_log                : Test function parameters: args=(), kwds={}
2025-02-11 16:19:46,700 LT1-thread root DEBUG client.py                 71    logger_log                : Starting test function: class=<class 'autopts.ptsprojects.testcase.TestFunc'>, func=<function core_reg_svc_gatt at 0x00000277D1C74680> start_wid=None stop_wid=None post_wid=None skip_call=None call_count=8 args=() kwds={}
2025-02-11 16:19:46,700 LT1-thread root DEBUG client.py                 71    logger_log                : Test function parameters: args=(), kwds={}
2025-02-11 16:19:46,710 LT1-thread root DEBUG client.py                 71    logger_log                : core_reg_svc_gatt
2025-02-11 16:19:46,710 LT1-thread root DEBUG client.py                 71    logger_log                : send, 0 3 255 '2'
2025-02-11 16:19:46,710 LT1-thread root DEBUG client.py                 71    logger_log                : sending frame '0003ff010002'
2025-02-11 16:19:46,710 LT1-thread root DEBUG client.py                 71    logger_log                : core_reg_svc_rsp_succ
2025-02-11 16:19:46,710 LT1-thread root DEBUG client.py                 71    logger_log                : read
2025-02-11 16:19:46,797 BTPWorkerThread-165 (_rx_task) root DEBUG client.py                 71    logger_log                : Read 5 bytes
2025-02-11 16:19:46,817 BTPWorkerThread-165 (_rx_task) root DEBUG client.py                 71    logger_log                : Received: hdr: Header(svc_id=0x00, op=0x03, ctrl_index=0xff, data_len=0x00) bytearray(b'\x00\x03\xff\x00\x00')
2025-02-11 16:19:46,817 BTPWorkerThread-165 (_rx_task) root DEBUG client.py                 71    logger_log                : Received data: {''}, bytearray(b'')
2025-02-11 16:19:46,837 LT1-thread root DEBUG client.py                 71    logger_log                : received Header(svc_id=0, op=3, ctrl_index=255, data_len=0) (b'',)
2025-02-11 16:19:46,837 LT1-thread root DEBUG client.py                 71    logger_log                : expected ((0, 3, 255, 0), (b'',))
2025-02-11 16:19:46,837 LT1-thread root DEBUG client.py                 71    logger_log                : response is valid
2025-02-11 16:19:46,837 LT1-thread root DEBUG client.py                 71    logger_log                : Starting test function: class=<class 'autopts.ptsprojects.testcase.TestFunc'>, func=<bound method Stack.gatt_init of <autopts.ptsprojects.stack.stack.Stack object at 0x00000277D5D19590>> start_wid=None stop_wid=None post_wid=None skip_call=None call_count=8 args=() kwds={}
2025-02-11 16:19:46,837 LT1-thread root DEBUG client.py                 71    logger_log                : Test function parameters: args=(), kwds={}
2025-02-11 16:19:46,837 LT1-thread root DEBUG client.py                 71    logger_log                : Starting test function: class=<class 'autopts.ptsprojects.testcase.TestFunc'>, func=<function gap_set_io_cap at 0x00000277D1C77920> start_wid=None stop_wid=None post_wid=None skip_call=None call_count=8 args=(4,) kwds={}
2025-02-11 16:19:46,837 LT1-thread root DEBUG client.py                 71    logger_log                : Test function parameters: args=(4,), kwds={}
2025-02-11 16:19:46,837 LT1-thread root DEBUG client.py                 71    logger_log                : gap_set_io_cap 4
2025-02-11 16:19:46,837 LT1-thread root DEBUG client.py                 71    logger_log                : send, 1 16 0 '\x04'
2025-02-11 16:19:46,837 LT1-thread root DEBUG client.py                 71    logger_log                : sending frame '011000010004'
2025-02-11 16:19:46,837 LT1-thread root DEBUG client.py                 71    logger_log                : gap_command_rsp_succ
2025-02-11 16:19:46,837 LT1-thread root DEBUG client.py                 71    logger_log                : read
2025-02-11 16:19:46,896 BTPWorkerThread-165 (_rx_task) root DEBUG client.py                 71    logger_log                : Read 5 bytes
2025-02-11 16:19:46,896 BTPWorkerThread-165 (_rx_task) root DEBUG client.py                 71    logger_log                : Received: hdr: Header(svc_id=0x01, op=0x10, ctrl_index=0x00, data_len=0x00) bytearray(b'\x01\x10\x00\x00\x00')
2025-02-11 16:19:46,896 BTPWorkerThread-165 (_rx_task) root DEBUG client.py                 71    logger_log                : Received data: {''}, bytearray(b'')
2025-02-11 16:19:46,896 LT1-thread root DEBUG client.py                 71    logger_log                : received Header(svc_id=1, op=16, ctrl_index=0, data_len=0) (b'',)
2025-02-11 16:19:46,896 LT1-thread root DEBUG client.py                 71    logger_log                : Starting test function: class=<class 'autopts.ptsprojects.testcase.TestFunc'>, func=<function set_pts_addr at 0x00000277D1C740E0> start_wid=None stop_wid=None post_wid=None skip_call=None call_count=8 args=('C0:07:E8:25:DE:2A', 0) kwds={}
2025-02-11 16:19:46,896 LT1-thread root DEBUG client.py                 71    logger_log                : Test function parameters: args=('C0:07:E8:25:DE:2A', 0), kwds={}
2025-02-11 16:19:46,896 LT1-thread root DEBUG client.py                 71    logger_log                : Starting test function: class=<class 'autopts.ptsprojects.testcase.TestFunc'>, func=<function gatts_add_svc at 0x00000277D1C85DA0> start_wid=None stop_wid=None post_wid=None skip_call=None call_count=8 args=(0, 'AA51') kwds={}
2025-02-11 16:19:46,896 LT1-thread root DEBUG client.py                 71    logger_log                : Test function parameters: args=(0, 'AA51'), kwds={}
2025-02-11 16:19:46,896 LT1-thread root DEBUG client.py                 71    logger_log                : gatts_add_svc 0 'AA51'
2025-02-11 16:19:46,896 LT1-thread root DEBUG client.py                 71    logger_log                : send, 2 2 0 "bytearray(b'\\x00\\x02\\xaaQ')"
2025-02-11 16:19:46,896 LT1-thread root DEBUG client.py                 71    logger_log                : sending frame '02020004000002aa51'
2025-02-11 16:19:46,896 LT1-thread root DEBUG client.py                 71    logger_log                : gatt_command_rsp_succ
2025-02-11 16:19:46,896 LT1-thread root DEBUG client.py                 71    logger_log                : read
2025-02-11 16:19:46,953 BTPWorkerThread-165 (_rx_task) root DEBUG client.py                 71    logger_log                : Read 5 bytes
2025-02-11 16:19:46,973 BTPWorkerThread-165 (_rx_task) root DEBUG client.py                 71    logger_log                : Received: hdr: Header(svc_id=0x02, op=0x02, ctrl_index=0x00, data_len=0x02) bytearray(b'\x02\x02\x00\x02\x00')
2025-02-11 16:19:46,993 BTPWorkerThread-165 (_rx_task) root DEBUG client.py                 71    logger_log                : Read 2 bytes data
2025-02-11 16:19:47,013 BTPWorkerThread-165 (_rx_task) root DEBUG client.py                 71    logger_log                : Received data: {'00 00'}, bytearray(b'\x00\x00')
2025-02-11 16:19:47,033 LT1-thread root DEBUG client.py                 71    logger_log                : received Header(svc_id=2, op=2, ctrl_index=0, data_len=2) (b'\x00\x00',)
2025-02-11 16:19:47,033 LT1-thread root DEBUG client.py                 71    logger_log                : Starting test function: class=<class 'autopts.ptsprojects.testcase.TestFunc'>, func=<function gatts_add_char at 0x00000277D1C85EE0> start_wid=None stop_wid=None post_wid=None skip_call=None call_count=8 args=(0, 2, 17, 'AA52') kwds={}
2025-02-11 16:19:47,033 LT1-thread root DEBUG client.py                 71    logger_log                : Test function parameters: args=(0, 2, 17, 'AA52'), kwds={}
2025-02-11 16:19:47,033 LT1-thread root DEBUG client.py                 71    logger_log                : gatts_add_char 0 2 17 'AA52'
2025-02-11 16:19:47,033 LT1-thread root DEBUG client.py                 71    logger_log                : send, 2 3 0 "bytearray(b'\\x00\\x00\\x02\\x11\\x02\\xaaR')"
2025-02-11 16:19:47,033 LT1-thread root DEBUG client.py                 71    logger_log                : sending frame '02030007000000021102aa52'
2025-02-11 16:19:47,033 LT1-thread root DEBUG client.py                 71    logger_log                : gatt_command_rsp_succ
2025-02-11 16:19:47,033 LT1-thread root DEBUG client.py                 71    logger_log                : read
2025-02-11 16:19:47,089 BTPWorkerThread-165 (_rx_task) root DEBUG client.py                 71    logger_log                : Read 5 bytes
2025-02-11 16:19:47,111 BTPWorkerThread-165 (_rx_task) root DEBUG client.py                 71    logger_log                : Received: hdr: Header(svc_id=0x02, op=0x03, ctrl_index=0x00, data_len=0x02) bytearray(b'\x02\x03\x00\x02\x00')
2025-02-11 16:19:47,141 BTPWorkerThread-165 (_rx_task) root DEBUG client.py                 71    logger_log                : Read 2 bytes data
2025-02-11 16:19:47,141 BTPWorkerThread-165 (_rx_task) root DEBUG client.py                 71    logger_log                : Received data: {'00 00'}, bytearray(b'\x00\x00')
2025-02-11 16:19:47,161 LT1-thread root DEBUG client.py                 71    logger_log                : received Header(svc_id=2, op=3, ctrl_index=0, data_len=2) (b'\x00\x00',)
2025-02-11 16:19:47,161 LT1-thread root DEBUG client.py                 71    logger_log                : Starting test function: class=<class 'autopts.ptsprojects.testcase.TestFunc'>, func=<function gatts_set_val at 0x00000277D1C85F80> start_wid=None stop_wid=None post_wid=None skip_call=None call_count=8 args=(0, '01') kwds={}
2025-02-11 16:19:47,161 LT1-thread root DEBUG client.py                 71    logger_log                : Test function parameters: args=(0, '01'), kwds={}
2025-02-11 16:19:47,161 LT1-thread root DEBUG client.py                 71    logger_log                : gatts_set_val 0 '01' 
2025-02-11 16:19:47,161 LT1-thread root DEBUG client.py                 71    logger_log                : send, 2 6 0 "bytearray(b'\\x00\\x00\\x01\\x00\\x01')"
2025-02-11 16:19:47,161 LT1-thread root DEBUG client.py                 71    logger_log                : sending frame '02060005000000010001'
2025-02-11 16:19:47,161 LT1-thread root DEBUG client.py                 71    logger_log                : gatt_command_rsp_succ
2025-02-11 16:19:47,161 LT1-thread root DEBUG client.py                 71    logger_log                : read
2025-02-11 16:19:47,241 BTPWorkerThread-165 (_rx_task) root DEBUG client.py                 71    logger_log                : Read 5 bytes
2025-02-11 16:19:47,241 BTPWorkerThread-165 (_rx_task) root DEBUG client.py                 71    logger_log                : Received: hdr: Header(svc_id=0x02, op=0x06, ctrl_index=0x00, data_len=0x00) bytearray(b'\x02\x06\x00\x00\x00')
2025-02-11 16:19:47,241 BTPWorkerThread-165 (_rx_task) root DEBUG client.py                 71    logger_log                : Received data: {''}, bytearray(b'')
2025-02-11 16:19:47,261 LT1-thread root DEBUG client.py                 71    logger_log                : received Header(svc_id=2, op=6, ctrl_index=0, data_len=0) (b'',)
2025-02-11 16:19:47,261 LT1-thread root DEBUG client.py                 71    logger_log                : Starting test function: class=<class 'autopts.ptsprojects.testcase.TestFunc'>, func=<function gatts_add_char at 0x00000277D1C85EE0> start_wid=None stop_wid=None post_wid=None skip_call=None call_count=8 args=(0, 2, 5, 'AA53') kwds={}
2025-02-11 16:19:47,261 LT1-thread root DEBUG client.py                 71    logger_log                : Test function parameters: args=(0, 2, 5, 'AA53'), kwds={}
2025-02-11 16:19:47,261 LT1-thread root DEBUG client.py                 71    logger_log                : gatts_add_char 0 2 5 'AA53'
2025-02-11 16:19:47,261 LT1-thread root DEBUG client.py                 71    logger_log                : send, 2 3 0 "bytearray(b'\\x00\\x00\\x02\\x05\\x02\\xaaS')"
2025-02-11 16:19:47,261 LT1-thread root DEBUG client.py                 71    logger_log                : sending frame '02030007000000020502aa53'
2025-02-11 16:19:47,261 LT1-thread root DEBUG client.py                 71    logger_log                : gatt_command_rsp_succ
2025-02-11 16:19:47,261 LT1-thread root DEBUG client.py                 71    logger_log                : read
2025-02-11 16:19:47,341 BTPWorkerThread-165 (_rx_task) root DEBUG client.py                 71    logger_log                : Read 5 bytes
2025-02-11 16:19:47,361 BTPWorkerThread-165 (_rx_task) root DEBUG client.py                 71    logger_log                : Received: hdr: Header(svc_id=0x02, op=0x03, ctrl_index=0x00, data_len=0x02) bytearray(b'\x02\x03\x00\x02\x00')
2025-02-11 16:19:47,391 BTPWorkerThread-165 (_rx_task) root DEBUG client.py                 71    logger_log                : Read 2 bytes data
2025-02-11 16:19:47,411 BTPWorkerThread-165 (_rx_task) root DEBUG client.py                 71    logger_log                : Received data: {'00 00'}, bytearray(b'\x00\x00')
2025-02-11 16:19:47,431 LT1-thread root DEBUG client.py                 71    logger_log                : received Header(svc_id=2, op=3, ctrl_index=0, data_len=2) (b'\x00\x00',)
2025-02-11 16:19:47,431 LT1-thread root DEBUG client.py                 71    logger_log                : Starting test function: class=<class 'autopts.ptsprojects.testcase.TestFunc'>, func=<function gatts_set_val at 0x00000277D1C85F80> start_wid=None stop_wid=None post_wid=None skip_call=None call_count=8 args=(0, '02') kwds={}
2025-02-11 16:19:47,431 LT1-thread root DEBUG client.py                 71    logger_log                : Test function parameters: args=(0, '02'), kwds={}
2025-02-11 16:19:47,431 LT1-thread root DEBUG client.py                 71    logger_log                : gatts_set_val 0 '02' 
2025-02-11 16:19:47,431 LT1-thread root DEBUG client.py                 71    logger_log                : send, 2 6 0 "bytearray(b'\\x00\\x00\\x01\\x00\\x02')"
2025-02-11 16:19:47,431 LT1-thread root DEBUG client.py                 71    logger_log                : sending frame '02060005000000010002'
2025-02-11 16:19:47,431 LT1-thread root DEBUG client.py                 71    logger_log                : gatt_command_rsp_succ
2025-02-11 16:19:47,431 LT1-thread root DEBUG client.py                 71    logger_log                : read
2025-02-11 16:19:47,501 BTPWorkerThread-165 (_rx_task) root DEBUG client.py                 71    logger_log                : Read 5 bytes
2025-02-11 16:19:47,521 BTPWorkerThread-165 (_rx_task) root DEBUG client.py                 71    logger_log                : Received: hdr: Header(svc_id=0x02, op=0x06, ctrl_index=0x00, data_len=0x00) bytearray(b'\x02\x06\x00\x00\x00')
2025-02-11 16:19:47,521 BTPWorkerThread-165 (_rx_task) root DEBUG client.py                 71    logger_log                : Received data: {''}, bytearray(b'')
2025-02-11 16:19:47,541 LT1-thread root DEBUG client.py                 71    logger_log                : received Header(svc_id=2, op=6, ctrl_index=0, data_len=0) (b'',)
2025-02-11 16:19:47,541 LT1-thread root DEBUG client.py                 71    logger_log                : Starting test function: class=<class 'autopts.ptsprojects.testcase.TestFunc'>, func=<function gatts_add_char at 0x00000277D1C85EE0> start_wid=None stop_wid=None post_wid=None skip_call=None call_count=8 args=(0, 66, 3, 'AA54') kwds={}
2025-02-11 16:19:47,541 LT1-thread root DEBUG client.py                 71    logger_log                : Test function parameters: args=(0, 66, 3, 'AA54'), kwds={}
2025-02-11 16:19:47,541 LT1-thread root DEBUG client.py                 71    logger_log                : gatts_add_char 0 66 3 'AA54'
2025-02-11 16:19:47,541 LT1-thread root DEBUG client.py                 71    logger_log                : send, 2 3 0 "bytearray(b'\\x00\\x00B\\x03\\x02\\xaaT')"
2025-02-11 16:19:47,541 LT1-thread root DEBUG client.py                 71    logger_log                : sending frame '02030007000000420302aa54'
2025-02-11 16:19:47,541 LT1-thread root DEBUG client.py                 71    logger_log                : gatt_command_rsp_succ
2025-02-11 16:19:47,541 LT1-thread root DEBUG client.py                 71    logger_log                : read
2025-02-11 16:19:47,591 BTPWorkerThread-165 (_rx_task) root DEBUG client.py                 71    logger_log                : Read 5 bytes
2025-02-11 16:19:47,591 BTPWorkerThread-165 (_rx_task) root DEBUG client.py                 71    logger_log                : Received: hdr: Header(svc_id=0x02, op=0x03, ctrl_index=0x00, data_len=0x02) bytearray(b'\x02\x03\x00\x02\x00')
2025-02-11 16:19:47,591 BTPWorkerThread-165 (_rx_task) root DEBUG client.py                 71    logger_log                : Read 2 bytes data
2025-02-11 16:19:47,601 BTPWorkerThread-165 (_rx_task) root DEBUG client.py                 71    logger_log                : Received data: {'00 00'}, bytearray(b'\x00\x00')
2025-02-11 16:19:47,631 LT1-thread root DEBUG client.py                 71    logger_log                : received Header(svc_id=2, op=3, ctrl_index=0, data_len=2) (b'\x00\x00',)
2025-02-11 16:19:47,631 LT1-thread root DEBUG client.py                 71    logger_log                : Starting test function: class=<class 'autopts.ptsprojects.testcase.TestFunc'>, func=<function gatts_set_val at 0x00000277D1C85F80> start_wid=None stop_wid=None post_wid=None skip_call=None call_count=8 args=(0, '03') kwds={}
2025-02-11 16:19:47,631 LT1-thread root DEBUG client.py                 71    logger_log                : Test function parameters: args=(0, '03'), kwds={}
2025-02-11 16:19:47,631 LT1-thread root DEBUG client.py                 71    logger_log                : gatts_set_val 0 '03' 
2025-02-11 16:19:47,631 LT1-thread root DEBUG client.py                 71    logger_log                : send, 2 6 0 "bytearray(b'\\x00\\x00\\x01\\x00\\x03')"
2025-02-11 16:19:47,631 LT1-thread root DEBUG client.py                 71    logger_log                : sending frame '02060005000000010003'
2025-02-11 16:19:47,631 LT1-thread root DEBUG client.py                 71    logger_log                : gatt_command_rsp_succ
2025-02-11 16:19:47,631 LT1-thread root DEBUG client.py                 71    logger_log                : read
2025-02-11 16:19:47,701 BTPWorkerThread-165 (_rx_task) root DEBUG client.py                 71    logger_log                : Read 5 bytes
2025-02-11 16:19:47,721 BTPWorkerThread-165 (_rx_task) root DEBUG client.py                 71    logger_log                : Received: hdr: Header(svc_id=0x02, op=0x06, ctrl_index=0x00, data_len=0x00) bytearray(b'\x02\x06\x00\x00\x00')
2025-02-11 16:19:47,721 BTPWorkerThread-165 (_rx_task) root DEBUG client.py                 71    logger_log                : Received data: {''}, bytearray(b'')
2025-02-11 16:19:47,741 LT1-thread root DEBUG client.py                 71    logger_log                : received Header(svc_id=2, op=6, ctrl_index=0, data_len=0) (b'',)
2025-02-11 16:19:47,741 LT1-thread root DEBUG client.py                 71    logger_log                : Starting test function: class=<class 'autopts.ptsprojects.testcase.TestFunc'>, func=<function gatts_add_char at 0x00000277D1C85EE0> start_wid=None stop_wid=None post_wid=None skip_call=None call_count=8 args=(0, 10, 48, 'AA55') kwds={}
2025-02-11 16:19:47,741 LT1-thread root DEBUG client.py                 71    logger_log                : Test function parameters: args=(0, 10, 48, 'AA55'), kwds={}
2025-02-11 16:19:47,741 LT1-thread root DEBUG client.py                 71    logger_log                : gatts_add_char 0 10 48 'AA55'
2025-02-11 16:19:47,741 LT1-thread root DEBUG client.py                 71    logger_log                : send, 2 3 0 "bytearray(b'\\x00\\x00\\n0\\x02\\xaaU')"
2025-02-11 16:19:47,741 LT1-thread root DEBUG client.py                 71    logger_log                : sending frame '020300070000000a3002aa55'
2025-02-11 16:19:47,741 LT1-thread root DEBUG client.py                 71    logger_log                : gatt_command_rsp_succ
2025-02-11 16:19:47,741 LT1-thread root DEBUG client.py                 71    logger_log                : read
2025-02-11 16:19:47,801 BTPWorkerThread-165 (_rx_task) root DEBUG client.py                 71    logger_log                : Read 5 bytes
2025-02-11 16:19:47,801 BTPWorkerThread-165 (_rx_task) root DEBUG client.py                 71    logger_log                : Received: hdr: Header(svc_id=0x02, op=0x03, ctrl_index=0x00, data_len=0x02) bytearray(b'\x02\x03\x00\x02\x00')
2025-02-11 16:19:47,811 BTPWorkerThread-165 (_rx_task) root DEBUG client.py                 71    logger_log                : Read 2 bytes data
2025-02-11 16:19:47,831 BTPWorkerThread-165 (_rx_task) root DEBUG client.py                 71    logger_log                : Received data: {'00 00'}, bytearray(b'\x00\x00')
2025-02-11 16:19:47,861 LT1-thread root DEBUG client.py                 71    logger_log                : received Header(svc_id=2, op=3, ctrl_index=0, data_len=2) (b'\x00\x00',)
2025-02-11 16:19:47,861 LT1-thread root DEBUG client.py                 71    logger_log                : Starting test function: class=<class 'autopts.ptsprojects.testcase.TestFunc'>, func=<function gatts_set_val at 0x00000277D1C85F80> start_wid=None stop_wid=None post_wid=None skip_call=None call_count=8 args=(0, '04') kwds={}
2025-02-11 16:19:47,861 LT1-thread root DEBUG client.py                 71    logger_log                : Test function parameters: args=(0, '04'), kwds={}
2025-02-11 16:19:47,861 LT1-thread root DEBUG client.py                 71    logger_log                : gatts_set_val 0 '04' 
2025-02-11 16:19:47,861 LT1-thread root DEBUG client.py                 71    logger_log                : send, 2 6 0 "bytearray(b'\\x00\\x00\\x01\\x00\\x04')"
2025-02-11 16:19:47,861 LT1-thread root DEBUG client.py                 71    logger_log                : sending frame '02060005000000010004'
2025-02-11 16:19:47,861 LT1-thread root DEBUG client.py                 71    logger_log                : gatt_command_rsp_succ
2025-02-11 16:19:47,861 LT1-thread root DEBUG client.py                 71    logger_log                : read
2025-02-11 16:19:47,931 BTPWorkerThread-165 (_rx_task) root DEBUG client.py                 71    logger_log                : Read 5 bytes
2025-02-11 16:19:47,951 BTPWorkerThread-165 (_rx_task) root DEBUG client.py                 71    logger_log                : Received: hdr: Header(svc_id=0x02, op=0x06, ctrl_index=0x00, data_len=0x00) bytearray(b'\x02\x06\x00\x00\x00')
2025-02-11 16:19:47,971 BTPWorkerThread-165 (_rx_task) root DEBUG client.py                 71    logger_log                : Received data: {''}, bytearray(b'')
2025-02-11 16:19:47,981 LT1-thread root DEBUG client.py                 71    logger_log                : received Header(svc_id=2, op=6, ctrl_index=0, data_len=0) (b'',)
2025-02-11 16:19:47,981 LT1-thread root DEBUG client.py                 71    logger_log                : Starting test function: class=<class 'autopts.ptsprojects.testcase.TestFunc'>, func=<function gatts_start_server at 0x00000277D1C86200> start_wid=None stop_wid=None post_wid=None skip_call=None call_count=8 args=() kwds={}
2025-02-11 16:19:47,981 LT1-thread root DEBUG client.py                 71    logger_log                : Test function parameters: args=(), kwds={}
2025-02-11 16:19:47,981 LT1-thread root DEBUG client.py                 71    logger_log                : gatts_start_server
2025-02-11 16:19:47,981 LT1-thread root DEBUG client.py                 71    logger_log                : send, 2 7 0 ''
2025-02-11 16:19:47,981 LT1-thread root DEBUG client.py                 71    logger_log                : sending frame '0207000000'
2025-02-11 16:19:47,981 LT1-thread root DEBUG client.py                 71    logger_log                : gatt_command_rsp_succ
2025-02-11 16:19:47,981 LT1-thread root DEBUG client.py                 71    logger_log                : read
2025-02-11 16:19:48,041 BTPWorkerThread-165 (_rx_task) root DEBUG client.py                 71    logger_log                : Read 5 bytes
2025-02-11 16:19:48,061 BTPWorkerThread-165 (_rx_task) root DEBUG client.py                 71    logger_log                : Received: hdr: Header(svc_id=0x02, op=0x07, ctrl_index=0x00, data_len=0x03) bytearray(b'\x02\x07\x00\x03\x00')
2025-02-11 16:19:48,110 BTPWorkerThread-165 (_rx_task) root DEBUG client.py                 71    logger_log                : Read 3 bytes data
2025-02-11 16:19:48,130 BTPWorkerThread-165 (_rx_task) root DEBUG client.py                 71    logger_log                : Received data: {'00 00 00'}, bytearray(b'\x00\x00\x00')
2025-02-11 16:19:48,130 LT1-thread root DEBUG client.py                 71    logger_log                : received Header(svc_id=2, op=7, ctrl_index=0, data_len=3) (b'\x00\x00\x00',)
2025-02-11 16:19:48,130 LT1-thread root DEBUG client.py                 71    logger_log                : ClientCallback.get_result run_test_case
2025-02-11 16:19:49,380 LT1-callback ClientCallback.on_implicit_send INFO client.py                 71    logger_log                : 
    ********************
    BEGIN OnImplicitSend:
    project_name: GAP
    wid: 120
    test_case_name: GAP/DISC/LIMM/BV-03-C
    description: Does the IUT have an ability to send non-connectable advertising report?
    style: MMI_Style_Yes_No1 0x11044
2025-02-11 16:19:49,380 LT1-callback ClientCallback.on_implicit_send INFO client.py                 71    logger_log                : Calling test cases on_implicit_send
2025-02-11 16:19:49,380 LT1-callback ClientCallback.on_implicit_send INFO client.py                 71    logger_log                : 
    on_implicit_send returned response: WAIT
    END OnImplicitSend
    ********************
2025-02-11 16:19:50,142 LT1-thread root DEBUG client.py                 71    logger_log                : GAP GAP/DISC/LIMM/BV-03-C on_implicit_send
2025-02-11 16:19:50,142 LT1-thread root DEBUG client.py                 71    logger_log                : gap_wid_hdl, 120, Does the IUT have an ability to send non-connectable advertising report?, GAP/DISC/LIMM/BV-03-C
2025-02-11 16:19:50,142 LT1-thread root DEBUG client.py                 71    logger_log                : Sending response 'Yes' to wid 120 test case GAP/DISC/LIMM/BV-03-C
2025-02-11 16:19:50,142 LT1-thread root DEBUG client.py                 71    logger_log                : ClientCallback.get_result run_test_case
2025-02-11 16:19:50,145 LT1-callback ClientCallback.on_implicit_send INFO client.py                 71    logger_log                : 
    ********************
    BEGIN OnImplicitSend:
    project_name: GAP
    wid: 59
    test_case_name: GAP/DISC/LIMM/BV-03-C
    description: Please prepare IUT into limited discoverable mode and send an advertising report. Press OK to continue.
    style: MMI_Style_Ok_Cancel1 0x11041
2025-02-11 16:19:50,145 LT1-callback ClientCallback.on_implicit_send INFO client.py                 71    logger_log                : Calling test cases on_implicit_send
2025-02-11 16:19:50,145 LT1-callback ClientCallback.on_implicit_send INFO client.py                 71    logger_log                : 
    on_implicit_send returned response: WAIT
    END OnImplicitSend
    ********************
2025-02-11 16:19:51,148 LT1-thread root DEBUG client.py                 71    logger_log                : GAP GAP/DISC/LIMM/BV-03-C on_implicit_send
2025-02-11 16:19:51,148 LT1-thread root DEBUG client.py                 71    logger_log                : gap_wid_hdl, 59, Please prepare IUT into limited discoverable mode and send an advertising report. Press OK to continue., GAP/DISC/LIMM/BV-03-C
2025-02-11 16:19:51,148 LT1-thread root DEBUG client.py                 71    logger_log                : gap_set_nonconn
2025-02-11 16:19:51,148 LT1-thread root DEBUG client.py                 71    logger_log                : send, 1 6 0 '0'
2025-02-11 16:19:51,148 LT1-thread root DEBUG client.py                 71    logger_log                : sending frame '010600010000'
2025-02-11 16:19:51,148 LT1-thread root DEBUG client.py                 71    logger_log                : gap_command_rsp_succ
2025-02-11 16:19:51,148 LT1-thread root DEBUG client.py                 71    logger_log                : read
2025-02-11 16:19:51,204 BTPWorkerThread-165 (_rx_task) root DEBUG client.py                 71    logger_log                : Read 5 bytes
2025-02-11 16:19:51,224 BTPWorkerThread-165 (_rx_task) root DEBUG client.py                 71    logger_log                : Received: hdr: Header(svc_id=0x01, op=0x06, ctrl_index=0x00, data_len=0x04) bytearray(b'\x01\x06\x00\x04\x00')
2025-02-11 16:19:51,264 BTPWorkerThread-165 (_rx_task) root DEBUG client.py                 71    logger_log                : Read 4 bytes data
2025-02-11 16:19:51,284 BTPWorkerThread-165 (_rx_task) root DEBUG client.py                 71    logger_log                : Received data: {'11 02 00 00'}, bytearray(b'\x11\x02\x00\x00')
2025-02-11 16:19:51,284 LT1-thread root DEBUG client.py                 71    logger_log                : received Header(svc_id=1, op=6, ctrl_index=0, data_len=4) (b'\x11\x02\x00\x00',)
2025-02-11 16:19:51,284 LT1-thread root DEBUG client.py                 71    logger_log                : __gap_current_settings_update (b'\x11\x02\x00\x00',)
2025-02-11 16:19:51,284 LT1-thread root DEBUG client.py                 71    logger_log                : gap_set_limdiscov
2025-02-11 16:19:51,284 LT1-thread root DEBUG client.py                 71    logger_log                : send, 1 8 0 '2'
2025-02-11 16:19:51,284 LT1-thread root DEBUG client.py                 71    logger_log                : sending frame '010800010002'
2025-02-11 16:19:51,284 LT1-thread root DEBUG client.py                 71    logger_log                : gap_command_rsp_succ
2025-02-11 16:19:51,284 LT1-thread root DEBUG client.py                 71    logger_log                : read
2025-02-11 16:19:51,344 BTPWorkerThread-165 (_rx_task) root DEBUG client.py                 71    logger_log                : Read 5 bytes
2025-02-11 16:19:51,344 BTPWorkerThread-165 (_rx_task) root DEBUG client.py                 71    logger_log                : Received: hdr: Header(svc_id=0x01, op=0x08, ctrl_index=0x00, data_len=0x04) bytearray(b'\x01\x08\x00\x04\x00')
2025-02-11 16:19:51,344 BTPWorkerThread-165 (_rx_task) root DEBUG client.py                 71    logger_log                : Read 4 bytes data
2025-02-11 16:19:51,354 BTPWorkerThread-165 (_rx_task) root DEBUG client.py                 71    logger_log                : Received data: {'19 02 00 00'}, bytearray(b'\x19\x02\x00\x00')
2025-02-11 16:19:51,374 LT1-thread root DEBUG client.py                 71    logger_log                : received Header(svc_id=1, op=8, ctrl_index=0, data_len=4) (b'\x19\x02\x00\x00',)
2025-02-11 16:19:51,374 LT1-thread root DEBUG client.py                 71    logger_log                : __gap_current_settings_update (b'\x19\x02\x00\x00',)
2025-02-11 16:19:51,374 LT1-thread root DEBUG client.py                 71    logger_log                : gap_adv_ind_on {9: b'Tester_25DE2A'} None
2025-02-11 16:19:51,374 LT1-thread root DEBUG client.py                 71    logger_log                : send, 1 10 0 "bytearray(b'\\x0f\\x00\\t\\rTester_25DE2A\\xff\\xff\\xff\\xff\\x00')"
2025-02-11 16:19:51,374 LT1-thread root DEBUG client.py                 71    logger_log                : sending frame '010a0016000f00090d5465737465725f323544453241ffffffff00'
2025-02-11 16:19:51,374 LT1-thread root DEBUG client.py                 71    logger_log                : gap_command_rsp_succ
2025-02-11 16:19:51,374 LT1-thread root DEBUG client.py                 71    logger_log                : read
2025-02-11 16:19:51,454 BTPWorkerThread-165 (_rx_task) root DEBUG client.py                 71    logger_log                : Read 5 bytes
2025-02-11 16:19:51,474 BTPWorkerThread-165 (_rx_task) root DEBUG client.py                 71    logger_log                : Received: hdr: Header(svc_id=0x01, op=0x0a, ctrl_index=0x00, data_len=0x04) bytearray(b'\x01\n\x00\x04\x00')
2025-02-11 16:19:51,484 BTPWorkerThread-165 (_rx_task) root DEBUG client.py                 71    logger_log                : Read 4 bytes data
2025-02-11 16:19:51,484 BTPWorkerThread-165 (_rx_task) root DEBUG client.py                 71    logger_log                : Received data: {'19 06 00 00'}, bytearray(b'\x19\x06\x00\x00')
2025-02-11 16:19:51,494 LT1-thread root DEBUG client.py                 71    logger_log                : received Header(svc_id=1, op=10, ctrl_index=0, data_len=4) (b'\x19\x06\x00\x00',)
2025-02-11 16:19:51,494 LT1-thread root DEBUG client.py                 71    logger_log                : __gap_current_settings_update (b'\x19\x06\x00\x00',)
2025-02-11 16:19:51,494 LT1-thread root DEBUG client.py                 71    logger_log                : Sending response 'OK' to wid 59 test case GAP/DISC/LIMM/BV-03-C
2025-02-11 16:19:51,494 LT1-thread root DEBUG client.py                 71    logger_log                : ClientCallback.get_result run_test_case
2025-02-11 16:19:52,516 LT1-callback ClientCallback.on_implicit_send INFO client.py                 71    logger_log                : 
    ********************
    BEGIN OnImplicitSend:
    project_name: GAP
    wid: 49
    test_case_name: GAP/DISC/LIMM/BV-03-C
    description: Please prepare IUT into limited discoverable mode and send an advertising report using either non-directed advertising or discoverable undirected advertising. Waiting for TSPX_lim_adv_timeout to timeout.
    style: MMI_Style_Ok_Cancel2 0x11141
2025-02-11 16:19:52,516 LT1-callback ClientCallback.on_implicit_send INFO client.py                 71    logger_log                : Calling test cases on_implicit_send
2025-02-11 16:19:52,516 LT1-callback ClientCallback.on_implicit_send INFO client.py                 71    logger_log                : 
    on_implicit_send returned response: WAIT
    END OnImplicitSend
    ********************
2025-02-11 16:19:53,506 LT1-thread root DEBUG client.py                 71    logger_log                : GAP GAP/DISC/LIMM/BV-03-C on_implicit_send
2025-02-11 16:19:53,506 LT1-thread root DEBUG client.py                 71    logger_log                : gap_wid_hdl, 49, Please prepare IUT into limited discoverable mode and send an advertising report using either non-directed advertising or discoverable undirected advertising. Waiting for TSPX_lim_adv_timeout to timeout., GAP/DISC/LIMM/BV-03-C
2025-02-11 16:19:53,506 LT1-thread root DEBUG client.py                 71    logger_log                : gap_set_limdiscov
2025-02-11 16:19:53,506 LT1-thread root DEBUG client.py                 71    logger_log                : send, 1 8 0 '2'
2025-02-11 16:19:53,506 LT1-thread root DEBUG client.py                 71    logger_log                : sending frame '010800010002'
2025-02-11 16:19:53,506 LT1-thread root DEBUG client.py                 71    logger_log                : gap_command_rsp_succ
2025-02-11 16:19:53,506 LT1-thread root DEBUG client.py                 71    logger_log                : read
2025-02-11 16:19:53,576 BTPWorkerThread-165 (_rx_task) root DEBUG client.py                 71    logger_log                : Read 5 bytes
2025-02-11 16:19:53,576 BTPWorkerThread-165 (_rx_task) root DEBUG client.py                 71    logger_log                : Received: hdr: Header(svc_id=0x01, op=0x08, ctrl_index=0x00, data_len=0x04) bytearray(b'\x01\x08\x00\x04\x00')
2025-02-11 16:19:53,596 BTPWorkerThread-165 (_rx_task) root DEBUG client.py                 71    logger_log                : Read 4 bytes data
2025-02-11 16:19:53,616 BTPWorkerThread-165 (_rx_task) root DEBUG client.py                 71    logger_log                : Received data: {'19 06 00 00'}, bytearray(b'\x19\x06\x00\x00')
2025-02-11 16:19:53,636 LT1-thread root DEBUG client.py                 71    logger_log                : received Header(svc_id=1, op=8, ctrl_index=0, data_len=4) (b'\x19\x06\x00\x00',)
2025-02-11 16:19:53,636 LT1-thread root DEBUG client.py                 71    logger_log                : __gap_current_settings_update (b'\x19\x06\x00\x00',)
2025-02-11 16:19:53,636 LT1-thread root DEBUG client.py                 71    logger_log                : gap_adv_ind_on {9: b'Tester_25DE2A'} None
2025-02-11 16:19:53,636 LT1-thread root DEBUG client.py                 71    logger_log                : Sending response 'OK' to wid 49 test case GAP/DISC/LIMM/BV-03-C
2025-02-11 16:19:53,636 LT1-thread root DEBUG client.py                 71    logger_log                : ClientCallback.get_result run_test_case
2025-02-11 16:20:58,422 LT1-callback ClientCallback.log INFO client.py                 71    logger_log                : PTS_LOGTYPE_START_TEST Start Test Case 

+2125 ms
 GAP/DISC/LIMM/BV-03-C GAP/DISC/LIMM/BV-03-C

2025-02-11 16:20:59,452 LT1-callback ClientCallback.log INFO client.py                 71    logger_log                : PTS_LOGTYPE_FINAL_VERDICT Final Verdict 

+69032 ms
 GAP/DISC/LIMM/BV-03-C PASS

2025-02-11 16:20:59,462 LT1-callback ClientCallback.log INFO client.py                 71    logger_log                : PTS_LOGTYPE_FINAL_VERDICT Encrypted Verdict 

+69032 ms
 GAP/DISC/LIMM/BV-03-C A1#ZWY4MzQ5MDg3MmQwNTIxOGQzMzQ5YjY2ODA5M2MzNjQ5ZDY4NmY0Yjc2MzIzM2VkNTUyNTFhNGU4Mjg1MjI0NA==#lC5w0nkgiMICZB8yyKRsRafySeWTe9iI0lFzMIFWHElC51Ps8wBkWWBuvqLVc5Se

2025-02-11 16:20:59,632 LT1-callback ClientCallback.log INFO client.py                 71    logger_log                : PTS_LOGTYPE_END_TEST Test Case Ended 

+69047 ms
 GAP/DISC/LIMM/BV-03-C GAP/DISC/LIMM/BV-03-C

2025-02-11 16:20:59,852 LT1-callback root DEBUG client.py                 71    logger_log                : ClientCallback, set_result, run_test_case, PASS
2025-02-11 16:20:59,852 LT1-thread root DEBUG client.py                 71    logger_log                : After run_test_case error_code=0 status='PASS'
2025-02-11 16:20:59,852 LT1-thread root DEBUG client.py                 71    logger_log                : post_run GAP GAP/DISC/LIMM/BV-03-C 0
2025-02-11 16:20:59,852 LT1-thread root DEBUG client.py                 71    logger_log                : Starting test function: class=<class 'autopts.ptsprojects.testcase.TestFuncCleanUp'>, func=<bound method Stack.cleanup of <autopts.ptsprojects.stack.stack.Stack object at 0x00000277D5D19590>> start_wid=None stop_wid=None post_wid=None skip_call=None call_count=1 args=() kwds={}
2025-02-11 16:20:59,852 LT1-thread root DEBUG client.py                 71    logger_log                : Test function parameters: args=(), kwds={}
2025-02-11 16:20:59,852 LT1-thread root DEBUG client.py                 71    logger_log                : Starting test function: class=<class 'autopts.ptsprojects.testcase.TestFuncCleanUp'>, func=<bound method ZephyrCtl.stop of <autopts.ptsprojects.zephyr.iutctl.ZephyrCtl object at 0x00000277D3040D90>> start_wid=None stop_wid=None post_wid=None skip_call=None call_count=1 args=() kwds={}
2025-02-11 16:20:59,852 LT1-thread root DEBUG client.py                 71    logger_log                : Test function parameters: args=(), kwds={}
2025-02-11 16:20:59,852 LT1-thread root DEBUG client.py                 71    logger_log                : <class 'autopts.ptsprojects.zephyr.iutctl.ZephyrCtl'>.stop
2025-02-11 16:20:59,852 LT1-thread root DEBUG client.py                 71    logger_log                : About to reset DUT: JLink -CommandFile reset.jlink -usb 1064371884 -device MCXW716
2025-02-11 16:21:00,312 BTPWorkerThread-165 (_rx_task) root DEBUG client.py                 71    logger_log                : Read 5 bytes
2025-02-11 16:21:00,332 BTPWorkerThread-165 (_rx_task) root DEBUG client.py                 71    logger_log                : Received: hdr: Header(svc_id=0x00, op=0x80, ctrl_index=0xff, data_len=0x00) bytearray(b'\x00\x80\xff\x00\x00')
2025-02-11 16:21:00,332 BTPWorkerThread-165 (_rx_task) root DEBUG client.py                 71    logger_log                : Received data: {''}, bytearray(b'')
2025-02-11 16:21:00,342 BTPWorkerThread-165 (_rx_task) root DEBUG client.py                 71    logger_log                : event_handler Header(svc_id=0, op=128, ctrl_index=255, data_len=0) (b'',)
2025-02-11 16:21:00,362 BTPWorkerThread-165 (_rx_task) root DEBUG client.py                 71    logger_log                : core_iut_ready_ev
2025-02-11 16:21:00,382 LT1-thread root DEBUG client.py                 71    logger_log                : IUT ready event received OK
2025-02-11 16:21:00,382 LT1-thread root DEBUG client.py                 71    logger_log                : Waiting for _rx_worker to finish ...
2025-02-11 16:21:01,383 BTPWorkerThread-165 (_rx_task) root DEBUG client.py                 71    logger_log                : BTPWorkerThread-165 (_rx_task) finishing...
2025-02-11 16:21:01,383 LT1-thread root DEBUG client.py                 71    logger_log                : Waiting for _rx_worker to finish ...
2025-02-11 16:21:04,393 LT1-thread root DEBUG client.py                 71    logger_log                : post_run, cleanup running post test case script
2025-02-11 16:21:04,393 LT1-thread root DEBUG client.py                 71    logger_log                : post_run, run post test case script
2025-02-11 16:21:04,502 LT1-thread root DEBUG client.py                 71    logger_log                : Done TestCase _run_test_case GAP GAP/DISC/LIMM/BV-03-C
