2025-03-06 01:37:33,583 LT1-thread root DEBUG client.py                 71    logger_log                : Starting TestCase _run_test_case OTS OTS/SR/OTD/BI-01-C
2025-03-06 01:37:33,584 LT1-thread root DEBUG client.py                 71    logger_log                : pre_run OTS OTS/SR/OTD/BI-01-C
2025-03-06 01:37:33,585 LT1-thread root DEBUG client.py                 71    logger_log                : About to run test case OTS OTS/SR/OTD/BI-01-C with commands:
2025-03-06 01:37:33,585 LT1-thread root DEBUG client.py                 71    logger_log                : 0) class=<class 'autopts.ptsprojects.testcase.TestFunc'>, func=<bound method Stack.core_init of <autopts.ptsprojects.stack.stack.Stack object at 0x0000022DC2EF3CD0>> start_wid=None stop_wid=None post_wid=None skip_call=None call_count=0 args=() kwds={}
2025-03-06 01:37:33,585 LT1-thread root DEBUG client.py                 71    logger_log                : 1) class=<class 'autopts.ptsprojects.testcase.TestFunc'>, func=<bound method ZephyrCtl.hw_reset of <autopts.ptsprojects.zephyr.iutctl.ZephyrCtl object at 0x0000022DC2EF3ED0>> start_wid=None stop_wid=None post_wid=None skip_call=None call_count=0 args=() kwds={}
2025-03-06 01:37:33,585 LT1-thread root DEBUG client.py                 71    logger_log                : 2) class=<class 'autopts.ptsprojects.testcase.TestFunc'>, func=<bound method ZephyrCtl.start of <autopts.ptsprojects.zephyr.iutctl.ZephyrCtl object at 0x0000022DC2EF3ED0>> start_wid=None stop_wid=None post_wid=None skip_call=None call_count=0 args=(<autopts.ptsprojects.zephyr.ztestcase.ZTestCase object at 0x0000022DC36F1E90>,) kwds={}
2025-03-06 01:37:33,586 LT1-thread root DEBUG client.py                 71    logger_log                : 3) class=<class 'autopts.ptsprojects.testcase.TestFunc'>, func=<bound method ZephyrCtl.hw_reset of <autopts.ptsprojects.zephyr.iutctl.ZephyrCtl object at 0x0000022DC2EF3ED0>> start_wid=None stop_wid=None post_wid=None skip_call=None call_count=0 args=() kwds={}
2025-03-06 01:37:33,586 LT1-thread root DEBUG client.py                 71    logger_log                : 4) class=<class 'autopts.ptsprojects.testcase.TestFunc'>, func=<bound method ZephyrCtl.wait_iut_ready_event of <autopts.ptsprojects.zephyr.iutctl.ZephyrCtl object at 0x0000022DC2EF3ED0>> start_wid=None stop_wid=None post_wid=None skip_call=None call_count=0 args=(False,) kwds={}
2025-03-06 01:37:33,586 LT1-thread root DEBUG client.py                 71    logger_log                : 5) class=<class 'autopts.ptsprojects.testcase.TestFunc'>, func=<function core_reg_svc_gap at 0x0000022DBEE7C7C0> start_wid=None stop_wid=None post_wid=None skip_call=None call_count=45 args=() kwds={}
2025-03-06 01:37:33,586 LT1-thread root DEBUG client.py                 71    logger_log                : 6) class=<class 'autopts.ptsprojects.testcase.TestFunc'>, func=<bound method Stack.gap_init of <autopts.ptsprojects.stack.stack.Stack object at 0x0000022DC2EF3CD0>> start_wid=None stop_wid=None post_wid=None skip_call=None call_count=45 args=(b'Tester_25DE2A',) kwds={}
2025-03-06 01:37:33,586 LT1-thread root DEBUG client.py                 71    logger_log                : 7) class=<class 'autopts.ptsprojects.testcase.TestFunc'>, func=<function gap_read_ctrl_info at 0x0000022DBEE88680> start_wid=None stop_wid=None post_wid=None skip_call=None call_count=45 args=() kwds={}
2025-03-06 01:37:33,586 LT1-thread root DEBUG client.py                 71    logger_log                : 8) class=<class 'autopts.ptsprojects.testcase.TestFunc'>, func=<function test_cases.<locals>.<lambda> at 0x0000022DC360A340> start_wid=None stop_wid=None post_wid=None skip_call=None call_count=45 args=() kwds={}
2025-03-06 01:37:33,586 LT1-thread root DEBUG client.py                 71    logger_log                : 9) class=<class 'autopts.ptsprojects.testcase.TestFunc'>, func=<function set_pts_addr at 0x0000022DBEE7C360> start_wid=None stop_wid=None post_wid=None skip_call=None call_count=45 args=('C0:07:E8:25:DE:2A', 0) kwds={}
2025-03-06 01:37:33,587 LT1-thread root DEBUG client.py                 71    logger_log                : 10) class=<class 'autopts.ptsprojects.testcase.TestFunc'>, func=<function core_reg_svc_gatt at 0x0000022DBEE7C900> start_wid=None stop_wid=None post_wid=None skip_call=None call_count=45 args=() kwds={}
2025-03-06 01:37:33,587 LT1-thread root DEBUG client.py                 71    logger_log                : 11) class=<class 'autopts.ptsprojects.testcase.TestFunc'>, func=<bound method Stack.gatt_init of <autopts.ptsprojects.stack.stack.Stack object at 0x0000022DC2EF3CD0>> start_wid=None stop_wid=None post_wid=None skip_call=None call_count=45 args=() kwds={}
2025-03-06 01:37:33,587 LT1-thread root DEBUG client.py                 71    logger_log                : 12) class=<class 'autopts.ptsprojects.testcase.TestFunc'>, func=<function core_reg_svc_ots at 0x0000022DBEE7DC60> start_wid=None stop_wid=None post_wid=None skip_call=None call_count=45 args=() kwds={}
2025-03-06 01:37:33,587 LT1-thread root DEBUG client.py                 71    logger_log                : 13) class=<class 'autopts.ptsprojects.testcase.TestFunc'>, func=<bound method Stack.ots_init of <autopts.ptsprojects.stack.stack.Stack object at 0x0000022DC2EF3CD0>> start_wid=None stop_wid=None post_wid=None skip_call=None call_count=45 args=() kwds={}
2025-03-06 01:37:33,587 LT1-thread root DEBUG client.py                 71    logger_log                : 14) class=<class 'autopts.ptsprojects.testcase.TestFunc'>, func=<function otc_register_object at 0x0000022DBF7299E0> start_wid=None stop_wid=None post_wid=None skip_call=None call_count=42 args=(0, 'Object 1 with very long name', 1, 255, 100, 50) kwds={}
2025-03-06 01:37:33,587 LT1-thread root DEBUG client.py                 71    logger_log                : 15) class=<class 'autopts.ptsprojects.testcase.TestFuncCleanUp'>, func=<bound method Stack.cleanup of <autopts.ptsprojects.stack.stack.Stack object at 0x0000022DC2EF3CD0>> start_wid=None stop_wid=None post_wid=None skip_call=None call_count=0 args=() kwds={}
2025-03-06 01:37:33,588 LT1-thread root DEBUG client.py                 71    logger_log                : 16) class=<class 'autopts.ptsprojects.testcase.TestFuncCleanUp'>, func=<bound method ZephyrCtl.stop of <autopts.ptsprojects.zephyr.iutctl.ZephyrCtl object at 0x0000022DC2EF3ED0>> start_wid=None stop_wid=None post_wid=None skip_call=None call_count=0 args=() kwds={}
2025-03-06 01:37:33,588 LT1-thread root DEBUG client.py                 71    logger_log                : pre_run, run pre test case script
2025-03-06 01:37:33,601 LT1-thread root DEBUG client.py                 71    logger_log                : Starting test function: class=<class 'autopts.ptsprojects.testcase.TestFunc'>, func=<bound method Stack.core_init of <autopts.ptsprojects.stack.stack.Stack object at 0x0000022DC2EF3CD0>> start_wid=None stop_wid=None post_wid=None skip_call=None call_count=1 args=() kwds={}
2025-03-06 01:37:33,601 LT1-thread root DEBUG client.py                 71    logger_log                : Test function parameters: args=(), kwds={}
2025-03-06 01:37:33,601 LT1-thread root DEBUG client.py                 71    logger_log                : Starting test function: class=<class 'autopts.ptsprojects.testcase.TestFunc'>, func=<bound method ZephyrCtl.hw_reset of <autopts.ptsprojects.zephyr.iutctl.ZephyrCtl object at 0x0000022DC2EF3ED0>> start_wid=None stop_wid=None post_wid=None skip_call=None call_count=1 args=() kwds={}
2025-03-06 01:37:33,602 LT1-thread root DEBUG client.py                 71    logger_log                : Test function parameters: args=(), kwds={}
2025-03-06 01:37:33,602 LT1-thread root DEBUG client.py                 71    logger_log                : Starting test function: class=<class 'autopts.ptsprojects.testcase.TestFunc'>, func=<bound method ZephyrCtl.start of <autopts.ptsprojects.zephyr.iutctl.ZephyrCtl object at 0x0000022DC2EF3ED0>> start_wid=None stop_wid=None post_wid=None skip_call=None call_count=1 args=(<autopts.ptsprojects.zephyr.ztestcase.ZTestCase object at 0x0000022DC36F1E90>,) kwds={}
2025-03-06 01:37:33,602 LT1-thread root DEBUG client.py                 71    logger_log                : Test function parameters: args=(<autopts.ptsprojects.zephyr.ztestcase.ZTestCase object at 0x0000022DC36F1E90>,), kwds={}
2025-03-06 01:37:33,603 LT1-thread root DEBUG client.py                 71    logger_log                : <class 'autopts.ptsprojects.zephyr.iutctl.ZephyrCtl'>.start
2025-03-06 01:37:33,603 LT1-thread root DEBUG client.py                 71    logger_log                : <class 'autopts.ptsprojects.zephyr.iutctl.ZephyrCtl'>.flush_serial
2025-03-06 01:37:34,913 LT1-thread root DEBUG client.py                 71    logger_log                : Starting socat process: socat.exe -x -v tcp:10.192.253.135:55391,retry=100,interval=1 /dev/ttyS35,raw,b115200
2025-03-06 01:37:34,931 LT1-thread root DEBUG client.py                 71    logger_log                : accept
2025-03-06 01:37:35,072 BTPWorkerThread-11265 (_rx_task) root DEBUG client.py                 71    logger_log                : BTPWorkerThread-11265 (_rx_task) started
2025-03-06 01:37:35,072 LT1-thread root DEBUG client.py                 71    logger_log                : Starting test function: class=<class 'autopts.ptsprojects.testcase.TestFunc'>, func=<bound method ZephyrCtl.hw_reset of <autopts.ptsprojects.zephyr.iutctl.ZephyrCtl object at 0x0000022DC2EF3ED0>> start_wid=None stop_wid=None post_wid=None skip_call=None call_count=1 args=() kwds={}
2025-03-06 01:37:35,072 LT1-thread root DEBUG client.py                 71    logger_log                : Test function parameters: args=(), kwds={}
2025-03-06 01:37:35,073 LT1-thread root DEBUG client.py                 71    logger_log                : Starting test function: class=<class 'autopts.ptsprojects.testcase.TestFunc'>, func=<bound method ZephyrCtl.wait_iut_ready_event of <autopts.ptsprojects.zephyr.iutctl.ZephyrCtl object at 0x0000022DC2EF3ED0>> start_wid=None stop_wid=None post_wid=None skip_call=None call_count=1 args=(False,) kwds={}
2025-03-06 01:37:35,073 LT1-thread root DEBUG client.py                 71    logger_log                : Test function parameters: args=(False,), kwds={}
2025-03-06 01:37:35,074 LT1-thread root DEBUG client.py                 71    logger_log                : IUT ready event received OK
2025-03-06 01:37:35,074 LT1-thread root DEBUG client.py                 71    logger_log                : Starting test function: class=<class 'autopts.ptsprojects.testcase.TestFunc'>, func=<function core_reg_svc_gap at 0x0000022DBEE7C7C0> start_wid=None stop_wid=None post_wid=None skip_call=None call_count=46 args=() kwds={}
2025-03-06 01:37:35,075 LT1-thread root DEBUG client.py                 71    logger_log                : Test function parameters: args=(), kwds={}
2025-03-06 01:37:35,075 LT1-thread root DEBUG client.py                 71    logger_log                : core_reg_svc_gap
2025-03-06 01:37:35,075 LT1-thread root DEBUG client.py                 71    logger_log                : send, 0 3 255 '1'
2025-03-06 01:37:35,075 LT1-thread root DEBUG client.py                 71    logger_log                : sending frame '0003ff010001'
2025-03-06 01:37:35,076 LT1-thread root DEBUG client.py                 71    logger_log                : core_reg_svc_rsp_succ
2025-03-06 01:37:35,076 LT1-thread root DEBUG client.py                 71    logger_log                : read
2025-03-06 01:37:35,183 BTPWorkerThread-11265 (_rx_task) root DEBUG client.py                 71    logger_log                : Read 5 bytes
2025-03-06 01:37:35,214 BTPWorkerThread-11265 (_rx_task) root DEBUG client.py                 71    logger_log                : Received: hdr: Header(svc_id=0x00, op=0x03, ctrl_index=0xff, data_len=0x00) bytearray(b'\x00\x03\xff\x00\x00')
2025-03-06 01:37:35,245 BTPWorkerThread-11265 (_rx_task) root DEBUG client.py                 71    logger_log                : Received data: {''}, bytearray(b'')
2025-03-06 01:37:35,291 LT1-thread root DEBUG client.py                 71    logger_log                : received Header(svc_id=0, op=3, ctrl_index=255, data_len=0) (b'',)
2025-03-06 01:37:35,291 LT1-thread root DEBUG client.py                 71    logger_log                : expected ((0, 3, 255, 0), (b'',))
2025-03-06 01:37:35,292 LT1-thread root DEBUG client.py                 71    logger_log                : response is valid
2025-03-06 01:37:35,292 LT1-thread root DEBUG client.py                 71    logger_log                : Starting test function: class=<class 'autopts.ptsprojects.testcase.TestFunc'>, func=<bound method Stack.gap_init of <autopts.ptsprojects.stack.stack.Stack object at 0x0000022DC2EF3CD0>> start_wid=None stop_wid=None post_wid=None skip_call=None call_count=46 args=(b'Tester_25DE2A',) kwds={}
2025-03-06 01:37:35,292 LT1-thread root DEBUG client.py                 71    logger_log                : Test function parameters: args=(b'Tester_25DE2A',), kwds={}
2025-03-06 01:37:35,293 LT1-thread root DEBUG client.py                 71    logger_log                : Starting test function: class=<class 'autopts.ptsprojects.testcase.TestFunc'>, func=<function gap_read_ctrl_info at 0x0000022DBEE88680> start_wid=None stop_wid=None post_wid=None skip_call=None call_count=46 args=() kwds={}
2025-03-06 01:37:35,293 LT1-thread root DEBUG client.py                 71    logger_log                : Test function parameters: args=(), kwds={}
2025-03-06 01:37:35,293 LT1-thread root DEBUG client.py                 71    logger_log                : gap_read_ctrl_info
2025-03-06 01:37:35,293 LT1-thread root DEBUG client.py                 71    logger_log                : send, 1 3 0 ''
2025-03-06 01:37:35,294 LT1-thread root DEBUG client.py                 71    logger_log                : sending frame '0103000000'
2025-03-06 01:37:35,294 LT1-thread root DEBUG client.py                 71    logger_log                : read
2025-03-06 01:37:35,434 BTPWorkerThread-11265 (_rx_task) root DEBUG client.py                 71    logger_log                : Read 5 bytes
2025-03-06 01:37:35,465 BTPWorkerThread-11265 (_rx_task) root DEBUG client.py                 71    logger_log                : Received: hdr: Header(svc_id=0x01, op=0x03, ctrl_index=0x00, data_len=0x115) bytearray(b'\x01\x03\x00\x15\x01')
2025-03-06 01:37:35,527 BTPWorkerThread-11265 (_rx_task) root DEBUG client.py                 71    logger_log                : Read 277 bytes data
2025-03-06 01:37:35,558 BTPWorkerThread-11265 (_rx_task) root DEBUG client.py                 71    logger_log                : Received data: {'28 00 03 37 60 00 13 06 02 00 13 02 00 00 00 00 00 62 74 70 5f 74 65 73 74 65 72 00 00 00 00 00 00 00 00 00 00 00 00 00 00 00 00 00 00 00 00 00 00 00 00 00 00 00 00 00 00 00 00 00 00 00 00 00 00 00 00 00 00 00 00 00 00 00 00 00 00 00 00 00 00 00 00 00 00 00 00 00 00 00 00 00 00 00 00 00 00 00 00 00 00 00 00 00 00 00 00 00 00 00 00 00 00 00 00 00 00 00 00 00 00 00 00 00 00 00 00 00 00 00 00 00 00 00 00 00 00 00 00 00 00 00 00 00 00 00 00 00 00 00 00 00 00 00 00 00 00 00 00 00 00 00 00 00 00 00 00 00 00 00 00 00 00 00 00 00 00 00 00 00 00 00 00 00 00 00 00 00 00 00 00 00 00 00 00 00 00 00 00 00 00 00 00 00 00 00 00 00 00 00 00 00 00 00 00 00 00 00 00 00 00 00 00 00 00 00 00 00 00 00 00 00 00 00 00 00 00 00 00 00 00 00 00 00 00 00 00 00 00 00 00 00 00 00 00 00 00 00 00 00 00 00 00 00 00 00 00 00 00 00 00 00 00 00 00 00 00'}, bytearray(b'(\x00\x037`\x00\x13\x06\x02\x00\x13\x02\x00\x00\x00\x00\x00btp_tester\x00\x00\x00\x00\x00\x00\x00\x00\x00\x00\x00\x00\x00\x00\x00\x00\x00\x00\x00\x00\x00\x00\x00\x00\x00\x00\x00\x00\x00\x00\x00\x00\x00\x00\x00\x00\x00\x00\x00\x00\x00\x00\x00\x00\x00\x00\x00\x00\x00\x00\x00\x00\x00\x00\x00\x00\x00\x00\x00\x00\x00\x00\x00\x00\x00\x00\x00\x00\x00\x00\x00\x00\x00\x00\x00\x00\x00\x00\x00\x00\x00\x00\x00\x00\x00\x00\x00\x00\x00\x00\x00\x00\x00\x00\x00\x00\x00\x00\x00\x00\x00\x00\x00\x00\x00\x00\x00\x00\x00\x00\x00\x00\x00\x00\x00\x00\x00\x00\x00\x00\x00\x00\x00\x00\x00\x00\x00\x00\x00\x00\x00\x00\x00\x00\x00\x00\x00\x00\x00\x00\x00\x00\x00\x00\x00\x00\x00\x00\x00\x00\x00\x00\x00\x00\x00\x00\x00\x00\x00\x00\x00\x00\x00\x00\x00\x00\x00\x00\x00\x00\x00\x00\x00\x00\x00\x00\x00\x00\x00\x00\x00\x00\x00\x00\x00\x00\x00\x00\x00\x00\x00\x00\x00\x00\x00\x00\x00\x00\x00\x00\x00\x00\x00\x00\x00\x00\x00\x00\x00\x00\x00\x00\x00\x00\x00\x00\x00\x00\x00\x00\x00\x00\x00\x00\x00\x00\x00\x00\x00\x00\x00\x00\x00\x00\x00\x00\x00\x00\x00\x00\x00\x00\x00\x00\x00\x00\x00\x00\x00\x00')
2025-03-06 01:37:35,589 LT1-thread root DEBUG client.py                 71    logger_log                : received Header(svc_id=1, op=3, ctrl_index=0, data_len=277) (b'(\x00\x037`\x00\x13\x06\x02\x00\x13\x02\x00\x00\x00\x00\x00btp_tester\x00\x00\x00\x00\x00\x00\x00\x00\x00\x00\x00\x00\x00\x00\x00\x00\x00\x00\x00\x00\x00\x00\x00\x00\x00\x00\x00\x00\x00\x00\x00\x00\x00\x00\x00\x00\x00\x00\x00\x00\x00\x00\x00\x00\x00\x00\x00\x00\x00\x00\x00\x00\x00\x00\x00\x00\x00\x00\x00\x00\x00\x00\x00\x00\x00\x00\x00\x00\x00\x00\x00\x00\x00\x00\x00\x00\x00\x00\x00\x00\x00\x00\x00\x00\x00\x00\x00\x00\x00\x00\x00\x00\x00\x00\x00\x00\x00\x00\x00\x00\x00\x00\x00\x00\x00\x00\x00\x00\x00\x00\x00\x00\x00\x00\x00\x00\x00\x00\x00\x00\x00\x00\x00\x00\x00\x00\x00\x00\x00\x00\x00\x00\x00\x00\x00\x00\x00\x00\x00\x00\x00\x00\x00\x00\x00\x00\x00\x00\x00\x00\x00\x00\x00\x00\x00\x00\x00\x00\x00\x00\x00\x00\x00\x00\x00\x00\x00\x00\x00\x00\x00\x00\x00\x00\x00\x00\x00\x00\x00\x00\x00\x00\x00\x00\x00\x00\x00\x00\x00\x00\x00\x00\x00\x00\x00\x00\x00\x00\x00\x00\x00\x00\x00\x00\x00\x00\x00\x00\x00\x00\x00\x00\x00\x00\x00\x00\x00\x00\x00\x00\x00\x00\x00\x00\x00\x00\x00\x00\x00\x00\x00\x00\x00\x00\x00\x00\x00\x00\x00\x00\x00\x00\x00\x00\x00\x00\x00\x00\x00\x00',)
2025-03-06 01:37:35,589 LT1-thread root DEBUG client.py                 71    logger_log                : IUT address '006037030028' 'public'
2025-03-06 01:37:35,590 LT1-thread root DEBUG client.py                 71    logger_log                : __gap_current_settings_update 531
2025-03-06 01:37:35,590 LT1-thread root DEBUG client.py                 71    logger_log                : Starting test function: class=<class 'autopts.ptsprojects.testcase.TestFunc'>, func=<function test_cases.<locals>.<lambda> at 0x0000022DC360A340> start_wid=None stop_wid=None post_wid=None skip_call=None call_count=46 args=() kwds={}
2025-03-06 01:37:35,590 LT1-thread root DEBUG client.py                 71    logger_log                : Test function parameters: args=(), kwds={}
2025-03-06 01:37:35,594 LT1-thread root DEBUG client.py                 71    logger_log                : Starting test function: class=<class 'autopts.ptsprojects.testcase.TestFunc'>, func=<function set_pts_addr at 0x0000022DBEE7C360> start_wid=None stop_wid=None post_wid=None skip_call=None call_count=46 args=('C0:07:E8:25:DE:2A', 0) kwds={}
2025-03-06 01:37:35,594 LT1-thread root DEBUG client.py                 71    logger_log                : Test function parameters: args=('C0:07:E8:25:DE:2A', 0), kwds={}
2025-03-06 01:37:35,595 LT1-thread root DEBUG client.py                 71    logger_log                : Starting test function: class=<class 'autopts.ptsprojects.testcase.TestFunc'>, func=<function core_reg_svc_gatt at 0x0000022DBEE7C900> start_wid=None stop_wid=None post_wid=None skip_call=None call_count=46 args=() kwds={}
2025-03-06 01:37:35,595 LT1-thread root DEBUG client.py                 71    logger_log                : Test function parameters: args=(), kwds={}
2025-03-06 01:37:35,595 LT1-thread root DEBUG client.py                 71    logger_log                : core_reg_svc_gatt
2025-03-06 01:37:35,595 LT1-thread root DEBUG client.py                 71    logger_log                : send, 0 3 255 '2'
2025-03-06 01:37:35,595 LT1-thread root DEBUG client.py                 71    logger_log                : sending frame '0003ff010002'
2025-03-06 01:37:35,596 LT1-thread root DEBUG client.py                 71    logger_log                : core_reg_svc_rsp_succ
2025-03-06 01:37:35,596 LT1-thread root DEBUG client.py                 71    logger_log                : read
2025-03-06 01:37:35,682 BTPWorkerThread-11265 (_rx_task) root DEBUG client.py                 71    logger_log                : Read 5 bytes
2025-03-06 01:37:35,713 BTPWorkerThread-11265 (_rx_task) root DEBUG client.py                 71    logger_log                : Received: hdr: Header(svc_id=0x00, op=0x03, ctrl_index=0xff, data_len=0x00) bytearray(b'\x00\x03\xff\x00\x00')
2025-03-06 01:37:35,745 BTPWorkerThread-11265 (_rx_task) root DEBUG client.py                 71    logger_log                : Received data: {''}, bytearray(b'')
2025-03-06 01:37:35,792 LT1-thread root DEBUG client.py                 71    logger_log                : received Header(svc_id=0, op=3, ctrl_index=255, data_len=0) (b'',)
2025-03-06 01:37:35,792 LT1-thread root DEBUG client.py                 71    logger_log                : expected ((0, 3, 255, 0), (b'',))
2025-03-06 01:37:35,792 LT1-thread root DEBUG client.py                 71    logger_log                : response is valid
2025-03-06 01:37:35,793 LT1-thread root DEBUG client.py                 71    logger_log                : Starting test function: class=<class 'autopts.ptsprojects.testcase.TestFunc'>, func=<bound method Stack.gatt_init of <autopts.ptsprojects.stack.stack.Stack object at 0x0000022DC2EF3CD0>> start_wid=None stop_wid=None post_wid=None skip_call=None call_count=46 args=() kwds={}
2025-03-06 01:37:35,793 LT1-thread root DEBUG client.py                 71    logger_log                : Test function parameters: args=(), kwds={}
2025-03-06 01:37:35,793 LT1-thread root DEBUG client.py                 71    logger_log                : Starting test function: class=<class 'autopts.ptsprojects.testcase.TestFunc'>, func=<function core_reg_svc_ots at 0x0000022DBEE7DC60> start_wid=None stop_wid=None post_wid=None skip_call=None call_count=46 args=() kwds={}
2025-03-06 01:37:35,793 LT1-thread root DEBUG client.py                 71    logger_log                : Test function parameters: args=(), kwds={}
2025-03-06 01:37:35,793 LT1-thread root DEBUG client.py                 71    logger_log                : core_reg_svc_ots
2025-03-06 01:37:35,793 LT1-thread root DEBUG client.py                 71    logger_log                : send, 0 3 255 '29'
2025-03-06 01:37:35,793 LT1-thread root DEBUG client.py                 71    logger_log                : sending frame '0003ff01001d'
2025-03-06 01:37:35,794 LT1-thread root DEBUG client.py                 71    logger_log                : read
2025-03-06 01:37:35,853 BTPWorkerThread-11265 (_rx_task) root DEBUG client.py                 71    logger_log                : Read 5 bytes
2025-03-06 01:37:35,884 BTPWorkerThread-11265 (_rx_task) root DEBUG client.py                 71    logger_log                : Received: hdr: Header(svc_id=0x00, op=0x03, ctrl_index=0xff, data_len=0x00) bytearray(b'\x00\x03\xff\x00\x00')
2025-03-06 01:37:35,915 BTPWorkerThread-11265 (_rx_task) root DEBUG client.py                 71    logger_log                : Received data: {''}, bytearray(b'')
2025-03-06 01:37:35,947 LT1-thread root DEBUG client.py                 71    logger_log                : Starting test function: class=<class 'autopts.ptsprojects.testcase.TestFunc'>, func=<bound method Stack.ots_init of <autopts.ptsprojects.stack.stack.Stack object at 0x0000022DC2EF3CD0>> start_wid=None stop_wid=None post_wid=None skip_call=None call_count=46 args=() kwds={}
2025-03-06 01:37:35,947 LT1-thread root DEBUG client.py                 71    logger_log                : Test function parameters: args=(), kwds={}
2025-03-06 01:37:35,947 LT1-thread root DEBUG client.py                 71    logger_log                : Starting test function: class=<class 'autopts.ptsprojects.testcase.TestFunc'>, func=<function otc_register_object at 0x0000022DBF7299E0> start_wid=None stop_wid=None post_wid=None skip_call=None call_count=43 args=(0, 'Object 1 with very long name', 1, 255, 100, 50) kwds={}
2025-03-06 01:37:35,948 LT1-thread root DEBUG client.py                 71    logger_log                : Test function parameters: args=(0, 'Object 1 with very long name', 1, 255, 100, 50), kwds={}
2025-03-06 01:37:35,948 LT1-thread root DEBUG client.py                 71    logger_log                : otc_register_object
2025-03-06 01:37:35,948 LT1-thread root DEBUG client.py                 71    logger_log                : send, 29 2 0 "bytearray(b'\\x01\\xff\\x00\\x00\\x00d\\x00\\x00\\x002\\x00\\x00\\x00\\x1cObject 1 with very long name')"
2025-03-06 01:37:35,948 LT1-thread root DEBUG client.py                 71    logger_log                : sending frame '1d02002a0001ff00000064000000320000001c4f626a656374203120776974682076657279206c6f6e67206e616d65'
2025-03-06 01:37:35,949 LT1-thread root DEBUG client.py                 71    logger_log                : ots_command_rsp_succ
2025-03-06 01:37:35,949 LT1-thread root DEBUG client.py                 71    logger_log                : read
2025-03-06 01:37:36,026 BTPWorkerThread-11265 (_rx_task) root DEBUG client.py                 71    logger_log                : Read 5 bytes
2025-03-06 01:37:36,057 BTPWorkerThread-11265 (_rx_task) root DEBUG client.py                 71    logger_log                : Received: hdr: Header(svc_id=0x1d, op=0x02, ctrl_index=0x00, data_len=0x08) bytearray(b'\x1d\x02\x00\x08\x00')
2025-03-06 01:37:36,119 BTPWorkerThread-11265 (_rx_task) root DEBUG client.py                 71    logger_log                : Read 8 bytes data
2025-03-06 01:37:36,150 BTPWorkerThread-11265 (_rx_task) root DEBUG client.py                 71    logger_log                : Received data: {'00 01 00 00 00 00 00 00'}, bytearray(b'\x00\x01\x00\x00\x00\x00\x00\x00')
2025-03-06 01:37:36,196 LT1-thread root DEBUG client.py                 71    logger_log                : received Header(svc_id=29, op=2, ctrl_index=0, data_len=8) (b'\x00\x01\x00\x00\x00\x00\x00\x00',)
2025-03-06 01:37:36,199 LT1-thread root DEBUG client.py                 71    logger_log                : ClientCallback.get_result run_test_case
2025-03-06 01:37:43,639 LT1-callback ClientCallback.on_implicit_send INFO client.py                 71    logger_log                : 
    ********************
    BEGIN OnImplicitSend:
    project_name: OTS
    wid: 20001
    test_case_name: OTS/SR/OTD/BI-01-C
    description: Please prepare IUT into a connectable mode.

Description: Verify that the Implementation Under Test (IUT) can accept GATT connect request from PTS.
    style: MMI_Style_Ok_Cancel2 0x11141
2025-03-06 01:37:43,639 LT1-callback ClientCallback.on_implicit_send INFO client.py                 71    logger_log                : Calling test cases on_implicit_send
2025-03-06 01:37:43,639 LT1-callback ClientCallback.on_implicit_send INFO client.py                 71    logger_log                : 
    on_implicit_send returned response: WAIT
    END OnImplicitSend
    ********************
2025-03-06 01:37:44,263 LT1-thread root DEBUG client.py                 71    logger_log                : OTS OTS/SR/OTD/BI-01-C on_implicit_send
2025-03-06 01:37:44,263 LT1-thread root DEBUG client.py                 71    logger_log                : ots_wid_hdl, 20001, Please prepare IUT into a connectable mode.

Description: Verify that the Implementation Under Test (IUT) can accept GATT connect request from PTS., OTS/SR/OTD/BI-01-C
2025-03-06 01:37:44,263 LT1-thread root DEBUG client.py                 71    logger_log                : gap_set_conn
2025-03-06 01:37:44,263 LT1-thread root DEBUG client.py                 71    logger_log                : gap_adv_ind_on {9: b'Tester_25DE2A'} None
2025-03-06 01:37:44,263 LT1-thread root DEBUG client.py                 71    logger_log                : send, 1 10 0 "bytearray(b'\\x0f\\x00\\t\\rTester_25DE2A\\xff\\xff\\xff\\xff\\x00')"
2025-03-06 01:37:44,264 LT1-thread root DEBUG client.py                 71    logger_log                : sending frame '010a0016000f00090d5465737465725f323544453241ffffffff00'
2025-03-06 01:37:44,264 LT1-thread root DEBUG client.py                 71    logger_log                : gap_command_rsp_succ
2025-03-06 01:37:44,264 LT1-thread root DEBUG client.py                 71    logger_log                : read
2025-03-06 01:37:44,341 BTPWorkerThread-11265 (_rx_task) root DEBUG client.py                 71    logger_log                : Read 5 bytes
2025-03-06 01:37:44,372 BTPWorkerThread-11265 (_rx_task) root DEBUG client.py                 71    logger_log                : Received: hdr: Header(svc_id=0x01, op=0x0a, ctrl_index=0x00, data_len=0x04) bytearray(b'\x01\n\x00\x04\x00')
2025-03-06 01:37:44,433 BTPWorkerThread-11265 (_rx_task) root DEBUG client.py                 71    logger_log                : Read 4 bytes data
2025-03-06 01:37:44,465 BTPWorkerThread-11265 (_rx_task) root DEBUG client.py                 71    logger_log                : Received data: {'13 06 00 00'}, bytearray(b'\x13\x06\x00\x00')
2025-03-06 01:37:44,511 LT1-thread root DEBUG client.py                 71    logger_log                : received Header(svc_id=1, op=10, ctrl_index=0, data_len=4) (b'\x13\x06\x00\x00',)
2025-03-06 01:37:44,511 LT1-thread root DEBUG client.py                 71    logger_log                : __gap_current_settings_update (b'\x13\x06\x00\x00',)
2025-03-06 01:37:44,512 LT1-thread root DEBUG client.py                 71    logger_log                : Sending response 'OK' to wid 20001 test case OTS/SR/OTD/BI-01-C
2025-03-06 01:37:44,515 LT1-thread root DEBUG client.py                 71    logger_log                : ClientCallback.get_result run_test_case
2025-03-06 01:37:45,135 BTPWorkerThread-11265 (_rx_task) root DEBUG client.py                 71    logger_log                : Read 5 bytes
2025-03-06 01:37:45,135 BTPWorkerThread-11265 (_rx_task) root DEBUG client.py                 71    logger_log                : Received: hdr: Header(svc_id=0x01, op=0x82, ctrl_index=0x00, data_len=0x0d) bytearray(b'\x01\x82\x00\r\x00')
2025-03-06 01:37:45,136 BTPWorkerThread-11265 (_rx_task) root DEBUG client.py                 71    logger_log                : Read 13 bytes data
2025-03-06 01:37:45,136 BTPWorkerThread-11265 (_rx_task) root DEBUG client.py                 71    logger_log                : Received data: {'00 2a de 25 e8 07 c0 38 00 00 00 d0 07'}, bytearray(b'\x00*\xde%\xe8\x07\xc08\x00\x00\x00\xd0\x07')
2025-03-06 01:37:45,136 BTPWorkerThread-11265 (_rx_task) root DEBUG client.py                 71    logger_log                : event_handler Header(svc_id=1, op=130, ctrl_index=0, data_len=13) (b'\x00*\xde%\xe8\x07\xc08\x00\x00\x00\xd0\x07',)
2025-03-06 01:37:45,136 BTPWorkerThread-11265 (_rx_task) root DEBUG client.py                 71    logger_log                : gap_connected_ev_ b'\x00*\xde%\xe8\x07\xc08\x00\x00\x00\xd0\x07'
2025-03-06 01:37:45,136 BTPWorkerThread-11265 (_rx_task) root DEBUG client.py                 71    logger_log                : Read 5 bytes
2025-03-06 01:37:45,136 BTPWorkerThread-11265 (_rx_task) root DEBUG client.py                 71    logger_log                : Received: hdr: Header(svc_id=0x01, op=0x80, ctrl_index=0x00, data_len=0x04) bytearray(b'\x01\x80\x00\x04\x00')
2025-03-06 01:37:45,137 BTPWorkerThread-11265 (_rx_task) root DEBUG client.py                 71    logger_log                : Read 4 bytes data
2025-03-06 01:37:45,137 BTPWorkerThread-11265 (_rx_task) root DEBUG client.py                 71    logger_log                : Received data: {'13 02 00 00'}, bytearray(b'\x13\x02\x00\x00')
2025-03-06 01:37:45,137 BTPWorkerThread-11265 (_rx_task) root DEBUG client.py                 71    logger_log                : event_handler Header(svc_id=1, op=128, ctrl_index=0, data_len=4) (b'\x13\x02\x00\x00',)
2025-03-06 01:37:45,137 BTPWorkerThread-11265 (_rx_task) root DEBUG client.py                 71    logger_log                : gap_new_settings_ev_ b'\x13\x02\x00\x00'
2025-03-06 01:37:45,137 BTPWorkerThread-11265 (_rx_task) root DEBUG client.py                 71    logger_log                : __gap_current_settings_update 531
2025-03-06 01:37:48,401 BTPWorkerThread-11265 (_rx_task) root DEBUG client.py                 71    logger_log                : Read 5 bytes
2025-03-06 01:37:48,401 BTPWorkerThread-11265 (_rx_task) root DEBUG client.py                 71    logger_log                : Received: hdr: Header(svc_id=0x01, op=0x89, ctrl_index=0x00, data_len=0x08) bytearray(b'\x01\x89\x00\x08\x00')
2025-03-06 01:37:48,402 BTPWorkerThread-11265 (_rx_task) root DEBUG client.py                 71    logger_log                : Read 8 bytes data
2025-03-06 01:37:48,402 BTPWorkerThread-11265 (_rx_task) root DEBUG client.py                 71    logger_log                : Received data: {'00 2a de 25 e8 07 c0 02'}, bytearray(b'\x00*\xde%\xe8\x07\xc0\x02')
2025-03-06 01:37:48,402 BTPWorkerThread-11265 (_rx_task) root DEBUG client.py                 71    logger_log                : event_handler Header(svc_id=1, op=137, ctrl_index=0, data_len=8) (b'\x00*\xde%\xe8\x07\xc0\x02',)
2025-03-06 01:37:48,402 BTPWorkerThread-11265 (_rx_task) root DEBUG client.py                 71    logger_log                : gap_sec_level_changed_ev_
2025-03-06 01:37:48,402 BTPWorkerThread-11265 (_rx_task) root DEBUG client.py                 71    logger_log                : received b'\x00*\xde%\xe8\x07\xc0\x02'
2025-03-06 01:37:48,402 BTPWorkerThread-11265 (_rx_task) root DEBUG client.py                 71    logger_log                : received (0, 'c007e825de2a', 2)
2025-03-06 01:37:50,682 BTPWorkerThread-11265 (_rx_task) root DEBUG client.py                 71    logger_log                : Read 5 bytes
2025-03-06 01:37:50,682 BTPWorkerThread-11265 (_rx_task) root DEBUG client.py                 71    logger_log                : Received: hdr: Header(svc_id=0x01, op=0x88, ctrl_index=0x00, data_len=0x0d) bytearray(b'\x01\x88\x00\r\x00')
2025-03-06 01:37:50,683 BTPWorkerThread-11265 (_rx_task) root DEBUG client.py                 71    logger_log                : Read 13 bytes data
2025-03-06 01:37:50,683 BTPWorkerThread-11265 (_rx_task) root DEBUG client.py                 71    logger_log                : Received data: {'00 2a de 25 e8 07 c0 18 00 00 00 2a 00'}, bytearray(b'\x00*\xde%\xe8\x07\xc0\x18\x00\x00\x00*\x00')
2025-03-06 01:37:50,683 BTPWorkerThread-11265 (_rx_task) root DEBUG client.py                 71    logger_log                : event_handler Header(svc_id=1, op=136, ctrl_index=0, data_len=13) (b'\x00*\xde%\xe8\x07\xc0\x18\x00\x00\x00*\x00',)
2025-03-06 01:37:50,683 BTPWorkerThread-11265 (_rx_task) root DEBUG client.py                 71    logger_log                : gap_conn_param_update_ev_
2025-03-06 01:37:50,683 BTPWorkerThread-11265 (_rx_task) root DEBUG client.py                 71    logger_log                : received b'\x00*\xde%\xe8\x07\xc0\x18\x00\x00\x00*\x00'
2025-03-06 01:37:50,683 BTPWorkerThread-11265 (_rx_task) root DEBUG client.py                 71    logger_log                : received (0, b'c007e825de2a', 24, 0, 42)
2025-03-06 01:37:51,218 LT1-callback ClientCallback.on_implicit_send INFO client.py                 71    logger_log                : 
    ********************
    BEGIN OnImplicitSend:
    project_name: OTS
    wid: 20109
    test_case_name: OTS/SR/OTD/BI-01-C
    description: Please send indications for Characteristic 'Object Action Control Point' to the PTS.

Description: Verify that the Implementation Under Test (IUT) can send indication.Expected Value: Object Action Control Point: 
    Op Code: [96 (0x60)] Response Code
    Request Op Code Operand: [1 (0x01)] Create
    Result Code: [1 (0x01)] Success
    style: MMI_Style_Ok_Cancel2 0x11141
2025-03-06 01:37:51,218 LT1-callback ClientCallback.on_implicit_send INFO client.py                 71    logger_log                : Calling test cases on_implicit_send
2025-03-06 01:37:51,218 LT1-callback ClientCallback.on_implicit_send INFO client.py                 71    logger_log                : 
    on_implicit_send returned response: WAIT
    END OnImplicitSend
    ********************
2025-03-06 01:37:51,559 BTPWorkerThread-11265 (_rx_task) root DEBUG client.py                 71    logger_log                : Read 5 bytes
2025-03-06 01:37:51,559 BTPWorkerThread-11265 (_rx_task) root DEBUG client.py                 71    logger_log                : Received: hdr: Header(svc_id=0x01, op=0x83, ctrl_index=0x00, data_len=0x07) bytearray(b'\x01\x83\x00\x07\x00')
2025-03-06 01:37:51,560 BTPWorkerThread-11265 (_rx_task) root DEBUG client.py                 71    logger_log                : Read 7 bytes data
2025-03-06 01:37:51,560 BTPWorkerThread-11265 (_rx_task) root DEBUG client.py                 71    logger_log                : Received data: {'00 2a de 25 e8 07 c0'}, bytearray(b'\x00*\xde%\xe8\x07\xc0')
2025-03-06 01:37:51,560 BTPWorkerThread-11265 (_rx_task) root DEBUG client.py                 71    logger_log                : event_handler Header(svc_id=1, op=131, ctrl_index=0, data_len=7) (b'\x00*\xde%\xe8\x07\xc0',)
2025-03-06 01:37:51,560 BTPWorkerThread-11265 (_rx_task) root DEBUG client.py                 71    logger_log                : gap_disconnected_ev_ b'\x00*\xde%\xe8\x07\xc0'
2025-03-06 01:37:51,575 LT1-thread root DEBUG client.py                 71    logger_log                : OTS OTS/SR/OTD/BI-01-C on_implicit_send
2025-03-06 01:37:51,575 LT1-thread root DEBUG client.py                 71    logger_log                : ots_wid_hdl, 20109, Please send indications for Characteristic 'Object Action Control Point' to the PTS.

Description: Verify that the Implementation Under Test (IUT) can send indication.Expected Value: Object Action Control Point: 
    Op Code: [96 (0x60)] Response Code
    Request Op Code Operand: [1 (0x01)] Create
    Result Code: [1 (0x01)] Success, OTS/SR/OTD/BI-01-C
2025-03-06 01:37:51,575 LT1-thread root DEBUG client.py                 71    logger_log                : Sending response 'OK' to wid 20109 test case OTS/SR/OTD/BI-01-C
2025-03-06 01:37:51,578 LT1-thread root DEBUG client.py                 71    logger_log                : ClientCallback.get_result run_test_case
2025-03-06 01:37:51,756 LT1-callback ClientCallback.on_implicit_send INFO client.py                 71    logger_log                : 
    ********************
    BEGIN OnImplicitSend:
    project_name: OTS
    wid: 20001
    test_case_name: OTS/SR/OTD/BI-01-C
    description: Please prepare IUT into a connectable mode.

Description: Verify that the Implementation Under Test (IUT) can accept GATT connect request from PTS.
    style: MMI_Style_Ok_Cancel2 0x11141
2025-03-06 01:37:51,756 LT1-callback ClientCallback.on_implicit_send INFO client.py                 71    logger_log                : Calling test cases on_implicit_send
2025-03-06 01:37:51,756 LT1-callback ClientCallback.on_implicit_send INFO client.py                 71    logger_log                : 
    on_implicit_send returned response: WAIT
    END OnImplicitSend
    ********************
2025-03-06 01:37:52,585 LT1-thread root DEBUG client.py                 71    logger_log                : OTS OTS/SR/OTD/BI-01-C on_implicit_send
2025-03-06 01:37:52,585 LT1-thread root DEBUG client.py                 71    logger_log                : ots_wid_hdl, 20001, Please prepare IUT into a connectable mode.

Description: Verify that the Implementation Under Test (IUT) can accept GATT connect request from PTS., OTS/SR/OTD/BI-01-C
2025-03-06 01:37:52,585 LT1-thread root DEBUG client.py                 71    logger_log                : gap_set_conn
2025-03-06 01:37:52,585 LT1-thread root DEBUG client.py                 71    logger_log                : gap_adv_ind_on {9: b'Tester_25DE2A'} None
2025-03-06 01:37:52,585 LT1-thread root DEBUG client.py                 71    logger_log                : send, 1 10 0 "bytearray(b'\\x0f\\x00\\t\\rTester_25DE2A\\xff\\xff\\xff\\xff\\x00')"
2025-03-06 01:37:52,586 LT1-thread root DEBUG client.py                 71    logger_log                : sending frame '010a0016000f00090d5465737465725f323544453241ffffffff00'
2025-03-06 01:37:52,586 LT1-thread root DEBUG client.py                 71    logger_log                : gap_command_rsp_succ
2025-03-06 01:37:52,586 LT1-thread root DEBUG client.py                 71    logger_log                : read
2025-03-06 01:37:52,665 BTPWorkerThread-11265 (_rx_task) root DEBUG client.py                 71    logger_log                : Read 5 bytes
2025-03-06 01:37:52,697 BTPWorkerThread-11265 (_rx_task) root DEBUG client.py                 71    logger_log                : Received: hdr: Header(svc_id=0x01, op=0x0a, ctrl_index=0x00, data_len=0x04) bytearray(b'\x01\n\x00\x04\x00')
2025-03-06 01:37:52,775 BTPWorkerThread-11265 (_rx_task) root DEBUG client.py                 71    logger_log                : Read 4 bytes data
2025-03-06 01:37:52,806 BTPWorkerThread-11265 (_rx_task) root DEBUG client.py                 71    logger_log                : Received data: {'13 06 00 00'}, bytearray(b'\x13\x06\x00\x00')
2025-03-06 01:37:52,853 LT1-thread root DEBUG client.py                 71    logger_log                : received Header(svc_id=1, op=10, ctrl_index=0, data_len=4) (b'\x13\x06\x00\x00',)
2025-03-06 01:37:52,853 LT1-thread root DEBUG client.py                 71    logger_log                : __gap_current_settings_update (b'\x13\x06\x00\x00',)
2025-03-06 01:37:52,853 LT1-thread root DEBUG client.py                 71    logger_log                : Sending response 'OK' to wid 20001 test case OTS/SR/OTD/BI-01-C
2025-03-06 01:37:52,856 LT1-thread root DEBUG client.py                 71    logger_log                : ClientCallback.get_result run_test_case
2025-03-06 01:37:53,465 BTPWorkerThread-11265 (_rx_task) root DEBUG client.py                 71    logger_log                : Read 5 bytes
2025-03-06 01:37:53,465 BTPWorkerThread-11265 (_rx_task) root DEBUG client.py                 71    logger_log                : Received: hdr: Header(svc_id=0x01, op=0x82, ctrl_index=0x00, data_len=0x0d) bytearray(b'\x01\x82\x00\r\x00')
2025-03-06 01:37:53,466 BTPWorkerThread-11265 (_rx_task) root DEBUG client.py                 71    logger_log                : Read 13 bytes data
2025-03-06 01:37:53,466 BTPWorkerThread-11265 (_rx_task) root DEBUG client.py                 71    logger_log                : Received data: {'00 2a de 25 e8 07 c0 38 00 00 00 d0 07'}, bytearray(b'\x00*\xde%\xe8\x07\xc08\x00\x00\x00\xd0\x07')
2025-03-06 01:37:53,466 BTPWorkerThread-11265 (_rx_task) root DEBUG client.py                 71    logger_log                : event_handler Header(svc_id=1, op=130, ctrl_index=0, data_len=13) (b'\x00*\xde%\xe8\x07\xc08\x00\x00\x00\xd0\x07',)
2025-03-06 01:37:53,466 BTPWorkerThread-11265 (_rx_task) root DEBUG client.py                 71    logger_log                : gap_connected_ev_ b'\x00*\xde%\xe8\x07\xc08\x00\x00\x00\xd0\x07'
2025-03-06 01:37:53,466 BTPWorkerThread-11265 (_rx_task) root DEBUG client.py                 71    logger_log                : Read 5 bytes
2025-03-06 01:37:53,466 BTPWorkerThread-11265 (_rx_task) root DEBUG client.py                 71    logger_log                : Received: hdr: Header(svc_id=0x01, op=0x80, ctrl_index=0x00, data_len=0x04) bytearray(b'\x01\x80\x00\x04\x00')
2025-03-06 01:37:53,467 BTPWorkerThread-11265 (_rx_task) root DEBUG client.py                 71    logger_log                : Read 4 bytes data
2025-03-06 01:37:53,467 BTPWorkerThread-11265 (_rx_task) root DEBUG client.py                 71    logger_log                : Received data: {'13 02 00 00'}, bytearray(b'\x13\x02\x00\x00')
2025-03-06 01:37:53,467 BTPWorkerThread-11265 (_rx_task) root DEBUG client.py                 71    logger_log                : event_handler Header(svc_id=1, op=128, ctrl_index=0, data_len=4) (b'\x13\x02\x00\x00',)
2025-03-06 01:37:53,467 BTPWorkerThread-11265 (_rx_task) root DEBUG client.py                 71    logger_log                : gap_new_settings_ev_ b'\x13\x02\x00\x00'
2025-03-06 01:37:53,467 BTPWorkerThread-11265 (_rx_task) root DEBUG client.py                 71    logger_log                : __gap_current_settings_update 531
2025-03-06 01:37:56,208 BTPWorkerThread-11265 (_rx_task) root DEBUG client.py                 71    logger_log                : Read 5 bytes
2025-03-06 01:37:56,209 BTPWorkerThread-11265 (_rx_task) root DEBUG client.py                 71    logger_log                : Received: hdr: Header(svc_id=0x01, op=0x89, ctrl_index=0x00, data_len=0x08) bytearray(b'\x01\x89\x00\x08\x00')
2025-03-06 01:37:56,209 BTPWorkerThread-11265 (_rx_task) root DEBUG client.py                 71    logger_log                : Read 8 bytes data
2025-03-06 01:37:56,210 BTPWorkerThread-11265 (_rx_task) root DEBUG client.py                 71    logger_log                : Received data: {'00 2a de 25 e8 07 c0 02'}, bytearray(b'\x00*\xde%\xe8\x07\xc0\x02')
2025-03-06 01:37:56,210 BTPWorkerThread-11265 (_rx_task) root DEBUG client.py                 71    logger_log                : event_handler Header(svc_id=1, op=137, ctrl_index=0, data_len=8) (b'\x00*\xde%\xe8\x07\xc0\x02',)
2025-03-06 01:37:56,210 BTPWorkerThread-11265 (_rx_task) root DEBUG client.py                 71    logger_log                : gap_sec_level_changed_ev_
2025-03-06 01:37:56,210 BTPWorkerThread-11265 (_rx_task) root DEBUG client.py                 71    logger_log                : received b'\x00*\xde%\xe8\x07\xc0\x02'
2025-03-06 01:37:56,210 BTPWorkerThread-11265 (_rx_task) root DEBUG client.py                 71    logger_log                : received (0, 'c007e825de2a', 2)
2025-03-06 01:37:56,699 LT1-callback ClientCallback.on_implicit_send INFO client.py                 71    logger_log                : 
    ********************
    BEGIN OnImplicitSend:
    project_name: OTS
    wid: 20109
    test_case_name: OTS/SR/OTD/BI-01-C
    description: Please send indications for Characteristic '' to the PTS.

Description: Verify that the Implementation Under Test (IUT) can send indication.Expected Value: Any value
    style: MMI_Style_Ok_Cancel2 0x11141
2025-03-06 01:37:56,700 LT1-callback ClientCallback.on_implicit_send INFO client.py                 71    logger_log                : Calling test cases on_implicit_send
2025-03-06 01:37:56,700 LT1-callback ClientCallback.on_implicit_send INFO client.py                 71    logger_log                : 
    on_implicit_send returned response: WAIT
    END OnImplicitSend
    ********************
2025-03-06 01:37:56,882 LT1-thread root DEBUG client.py                 71    logger_log                : OTS OTS/SR/OTD/BI-01-C on_implicit_send
2025-03-06 01:37:56,882 LT1-thread root DEBUG client.py                 71    logger_log                : ots_wid_hdl, 20109, Please send indications for Characteristic '' to the PTS.

Description: Verify that the Implementation Under Test (IUT) can send indication.Expected Value: Any value, OTS/SR/OTD/BI-01-C
2025-03-06 01:37:56,882 LT1-thread root DEBUG client.py                 71    logger_log                : Sending response 'OK' to wid 20109 test case OTS/SR/OTD/BI-01-C
2025-03-06 01:37:56,885 LT1-thread root DEBUG client.py                 71    logger_log                : ClientCallback.get_result run_test_case
2025-03-06 01:37:57,538 LT1-callback ClientCallback.on_implicit_send INFO client.py                 71    logger_log                : 
    ********************
    BEGIN OnImplicitSend:
    project_name: OTS
    wid: 20109
    test_case_name: OTS/SR/OTD/BI-01-C
    description: Please send indications for Characteristic '' to the PTS.

Description: Verify that the Implementation Under Test (IUT) can send indication.Expected Value: Any value
    style: MMI_Style_Ok_Cancel2 0x11141
2025-03-06 01:37:57,538 LT1-callback ClientCallback.on_implicit_send INFO client.py                 71    logger_log                : Calling test cases on_implicit_send
2025-03-06 01:37:57,538 LT1-callback ClientCallback.on_implicit_send INFO client.py                 71    logger_log                : 
    on_implicit_send returned response: WAIT
    END OnImplicitSend
    ********************
2025-03-06 01:37:57,900 LT1-thread root DEBUG client.py                 71    logger_log                : OTS OTS/SR/OTD/BI-01-C on_implicit_send
2025-03-06 01:37:57,900 LT1-thread root DEBUG client.py                 71    logger_log                : ots_wid_hdl, 20109, Please send indications for Characteristic '' to the PTS.

Description: Verify that the Implementation Under Test (IUT) can send indication.Expected Value: Any value, OTS/SR/OTD/BI-01-C
2025-03-06 01:37:57,900 LT1-thread root DEBUG client.py                 71    logger_log                : Sending response 'OK' to wid 20109 test case OTS/SR/OTD/BI-01-C
2025-03-06 01:37:57,903 LT1-thread root DEBUG client.py                 71    logger_log                : ClientCallback.get_result run_test_case
2025-03-06 01:37:58,518 LT1-callback ClientCallback.on_implicit_send INFO client.py                 71    logger_log                : 
    ********************
    BEGIN OnImplicitSend:
    project_name: OTS
    wid: 20109
    test_case_name: OTS/SR/OTD/BI-01-C
    description: Please send indications for Characteristic '' to the PTS.

Description: Verify that the Implementation Under Test (IUT) can send indication.Expected Value: Any value
    style: MMI_Style_Ok_Cancel2 0x11141
2025-03-06 01:37:58,518 LT1-callback ClientCallback.on_implicit_send INFO client.py                 71    logger_log                : Calling test cases on_implicit_send
2025-03-06 01:37:58,518 LT1-callback ClientCallback.on_implicit_send INFO client.py                 71    logger_log                : 
    on_implicit_send returned response: WAIT
    END OnImplicitSend
    ********************
2025-03-06 01:37:58,910 LT1-thread root DEBUG client.py                 71    logger_log                : OTS OTS/SR/OTD/BI-01-C on_implicit_send
2025-03-06 01:37:58,910 LT1-thread root DEBUG client.py                 71    logger_log                : ots_wid_hdl, 20109, Please send indications for Characteristic '' to the PTS.

Description: Verify that the Implementation Under Test (IUT) can send indication.Expected Value: Any value, OTS/SR/OTD/BI-01-C
2025-03-06 01:37:58,910 LT1-thread root DEBUG client.py                 71    logger_log                : Sending response 'OK' to wid 20109 test case OTS/SR/OTD/BI-01-C
2025-03-06 01:37:58,913 LT1-thread root DEBUG client.py                 71    logger_log                : ClientCallback.get_result run_test_case
2025-03-06 01:37:59,020 BTPWorkerThread-11265 (_rx_task) root DEBUG client.py                 71    logger_log                : Read 5 bytes
2025-03-06 01:37:59,021 BTPWorkerThread-11265 (_rx_task) root DEBUG client.py                 71    logger_log                : Received: hdr: Header(svc_id=0x01, op=0x88, ctrl_index=0x00, data_len=0x0d) bytearray(b'\x01\x88\x00\r\x00')
2025-03-06 01:37:59,021 BTPWorkerThread-11265 (_rx_task) root DEBUG client.py                 71    logger_log                : Read 13 bytes data
2025-03-06 01:37:59,021 BTPWorkerThread-11265 (_rx_task) root DEBUG client.py                 71    logger_log                : Received data: {'00 2a de 25 e8 07 c0 18 00 00 00 2a 00'}, bytearray(b'\x00*\xde%\xe8\x07\xc0\x18\x00\x00\x00*\x00')
2025-03-06 01:37:59,021 BTPWorkerThread-11265 (_rx_task) root DEBUG client.py                 71    logger_log                : event_handler Header(svc_id=1, op=136, ctrl_index=0, data_len=13) (b'\x00*\xde%\xe8\x07\xc0\x18\x00\x00\x00*\x00',)
2025-03-06 01:37:59,021 BTPWorkerThread-11265 (_rx_task) root DEBUG client.py                 71    logger_log                : gap_conn_param_update_ev_
2025-03-06 01:37:59,021 BTPWorkerThread-11265 (_rx_task) root DEBUG client.py                 71    logger_log                : received b'\x00*\xde%\xe8\x07\xc0\x18\x00\x00\x00*\x00'
2025-03-06 01:37:59,021 BTPWorkerThread-11265 (_rx_task) root DEBUG client.py                 71    logger_log                : received (0, b'c007e825de2a', 24, 0, 42)
2025-03-06 01:37:59,856 BTPWorkerThread-11265 (_rx_task) root DEBUG client.py                 71    logger_log                : Read 5 bytes
2025-03-06 01:37:59,856 BTPWorkerThread-11265 (_rx_task) root DEBUG client.py                 71    logger_log                : Received: hdr: Header(svc_id=0x01, op=0x83, ctrl_index=0x00, data_len=0x07) bytearray(b'\x01\x83\x00\x07\x00')
2025-03-06 01:37:59,856 BTPWorkerThread-11265 (_rx_task) root DEBUG client.py                 71    logger_log                : Read 7 bytes data
2025-03-06 01:37:59,857 BTPWorkerThread-11265 (_rx_task) root DEBUG client.py                 71    logger_log                : Received data: {'00 2a de 25 e8 07 c0'}, bytearray(b'\x00*\xde%\xe8\x07\xc0')
2025-03-06 01:37:59,857 BTPWorkerThread-11265 (_rx_task) root DEBUG client.py                 71    logger_log                : event_handler Header(svc_id=1, op=131, ctrl_index=0, data_len=7) (b'\x00*\xde%\xe8\x07\xc0',)
2025-03-06 01:37:59,857 BTPWorkerThread-11265 (_rx_task) root DEBUG client.py                 71    logger_log                : gap_disconnected_ev_ b'\x00*\xde%\xe8\x07\xc0'
2025-03-06 01:38:02,412 LT1-callback ClientCallback.log INFO client.py                 71    logger_log                : PTS_LOGTYPE_START_TEST Start Test Case 

+1531 ms
 OTS/SR/OTD/BI-01-C OTS/SR/OTD/BI-01-C

2025-03-06 01:38:05,293 LT1-callback ClientCallback.log INFO client.py                 71    logger_log                : PTS_LOGTYPE_FINAL_VERDICT Final Verdict 

+24344 ms
 OTS/SR/OTD/BI-01-C PASS

2025-03-06 01:38:05,302 LT1-callback ClientCallback.log INFO client.py                 71    logger_log                : PTS_LOGTYPE_FINAL_VERDICT Encrypted Verdict 

+24344 ms
 OTS/SR/OTD/BI-01-C A1#ZDc3MTMxNzcwODk2ZTgwN2ZiNThkY2M5YzM0NGMxNGQ3NzZlODg0ZTkwN2M4MWExM2YxMWM5ZmYzZTA1YjU2OA==#m/d6IS6l8DSk0v8eBUM10fhxUrzakrwC8Og0Mlcad/uW4fRcY98G5DVF2gJcGbld

2025-03-06 01:38:05,311 LT1-callback ClientCallback.log INFO client.py                 71    logger_log                : PTS_LOGTYPE_END_TEST Test Case Ended 

+24344 ms
 OTS/SR/OTD/BI-01-C OTS/SR/OTD/BI-01-C

2025-03-06 01:38:05,427 LT1-callback root DEBUG client.py                 71    logger_log                : ClientCallback, set_result, run_test_case, PASS
2025-03-06 01:38:05,427 LT1-thread root DEBUG client.py                 71    logger_log                : After run_test_case error_code=0 status='PASS'
2025-03-06 01:38:05,427 LT1-thread root DEBUG client.py                 71    logger_log                : post_run OTS OTS/SR/OTD/BI-01-C 0
2025-03-06 01:38:05,427 LT1-thread root DEBUG client.py                 71    logger_log                : Starting test function: class=<class 'autopts.ptsprojects.testcase.TestFuncCleanUp'>, func=<bound method Stack.cleanup of <autopts.ptsprojects.stack.stack.Stack object at 0x0000022DC2EF3CD0>> start_wid=None stop_wid=None post_wid=None skip_call=None call_count=1 args=() kwds={}
2025-03-06 01:38:05,427 LT1-thread root DEBUG client.py                 71    logger_log                : Test function parameters: args=(), kwds={}
2025-03-06 01:38:05,427 LT1-thread root DEBUG client.py                 71    logger_log                : Starting test function: class=<class 'autopts.ptsprojects.testcase.TestFuncCleanUp'>, func=<bound method ZephyrCtl.stop of <autopts.ptsprojects.zephyr.iutctl.ZephyrCtl object at 0x0000022DC2EF3ED0>> start_wid=None stop_wid=None post_wid=None skip_call=None call_count=1 args=() kwds={}
2025-03-06 01:38:05,427 LT1-thread root DEBUG client.py                 71    logger_log                : Test function parameters: args=(), kwds={}
2025-03-06 01:38:05,427 LT1-thread root DEBUG client.py                 71    logger_log                : <class 'autopts.ptsprojects.zephyr.iutctl.ZephyrCtl'>.stop
2025-03-06 01:38:05,427 LT1-thread root DEBUG client.py                 71    logger_log                : About to reset DUT: JLink -CommandFile reset.jlink -usb 1064371884 -device MCXW716
2025-03-06 01:38:06,022 BTPWorkerThread-11265 (_rx_task) root DEBUG client.py                 71    logger_log                : Read 5 bytes
2025-03-06 01:38:06,053 BTPWorkerThread-11265 (_rx_task) root DEBUG client.py                 71    logger_log                : Received: hdr: Header(svc_id=0x00, op=0x80, ctrl_index=0xff, data_len=0x00) bytearray(b'\x00\x80\xff\x00\x00')
2025-03-06 01:38:06,084 BTPWorkerThread-11265 (_rx_task) root DEBUG client.py                 71    logger_log                : Received data: {''}, bytearray(b'')
2025-03-06 01:38:06,132 BTPWorkerThread-11265 (_rx_task) root DEBUG client.py                 71    logger_log                : event_handler Header(svc_id=0, op=128, ctrl_index=255, data_len=0) (b'',)
2025-03-06 01:38:06,163 BTPWorkerThread-11265 (_rx_task) root DEBUG client.py                 71    logger_log                : core_iut_ready_ev
2025-03-06 01:38:06,194 LT1-thread root DEBUG client.py                 71    logger_log                : IUT ready event received OK
2025-03-06 01:38:06,194 LT1-thread root DEBUG client.py                 71    logger_log                : Waiting for _rx_worker to finish ...
2025-03-06 01:38:07,196 BTPWorkerThread-11265 (_rx_task) root DEBUG client.py                 71    logger_log                : BTPWorkerThread-11265 (_rx_task) finishing...
2025-03-06 01:38:07,196 LT1-thread root DEBUG client.py                 71    logger_log                : Waiting for _rx_worker to finish ...
2025-03-06 01:38:10,204 LT1-thread root DEBUG client.py                 71    logger_log                : post_run, cleanup running post test case script
2025-03-06 01:38:10,204 LT1-thread root DEBUG client.py                 71    logger_log                : post_run, run post test case script
2025-03-06 01:38:10,389 LT1-thread root DEBUG client.py                 71    logger_log                : Done TestCase _run_test_case OTS OTS/SR/OTD/BI-01-C
