2025-06-24 13:41:36,955 LT1-thread root DEBUG client.py                 80    logger_log                : Starting TestCase _run_test_case L2CAP L2CAP/COS/CED/BV-04-C
2025-06-24 13:41:36,955 LT1-thread root DEBUG client.py                 80    logger_log                : pre_run L2CAP L2CAP/COS/CED/BV-04-C
2025-06-24 13:41:36,955 LT1-thread root DEBUG client.py                 80    logger_log                : About to run test case L2CAP L2CAP/COS/CED/BV-04-C with commands:
2025-06-24 13:41:36,955 LT1-thread root DEBUG client.py                 80    logger_log                : 0) class=<class 'autopts.ptsprojects.testcase.TestFunc'>, func=<bound method Stack.core_init of <autopts.ptsprojects.stack.stack.Stack object at 0x00000269A2E81450>> start_wid=None stop_wid=None post_wid=None skip_call=None call_count=0 args=() kwds={}
2025-06-24 13:41:36,955 LT1-thread root DEBUG client.py                 80    logger_log                : 1) class=<class 'autopts.ptsprojects.testcase.TestFunc'>, func=<bound method ZephyrCtl.hw_reset of <autopts.ptsprojects.zephyr.iutctl.ZephyrCtl object at 0x00000269A2DF6110>> start_wid=None stop_wid=None post_wid=None skip_call=None call_count=0 args=() kwds={}
2025-06-24 13:41:36,955 LT1-thread root DEBUG client.py                 80    logger_log                : 2) class=<class 'autopts.ptsprojects.testcase.TestFunc'>, func=<bound method ZephyrCtl.start of <autopts.ptsprojects.zephyr.iutctl.ZephyrCtl object at 0x00000269A2DF6110>> start_wid=None stop_wid=None post_wid=None skip_call=None call_count=0 args=(<autopts.ptsprojects.zephyr.ztestcase.ZTestCase object at 0x00000269A3CA5FD0>,) kwds={}
2025-06-24 13:41:36,955 LT1-thread root DEBUG client.py                 80    logger_log                : 3) class=<class 'autopts.ptsprojects.testcase.TestFunc'>, func=<bound method ZephyrCtl.hw_reset of <autopts.ptsprojects.zephyr.iutctl.ZephyrCtl object at 0x00000269A2DF6110>> start_wid=None stop_wid=None post_wid=None skip_call=None call_count=0 args=() kwds={}
2025-06-24 13:41:36,955 LT1-thread root DEBUG client.py                 80    logger_log                : 4) class=<class 'autopts.ptsprojects.testcase.TestFunc'>, func=<bound method ZephyrCtl.wait_iut_ready_event of <autopts.ptsprojects.zephyr.iutctl.ZephyrCtl object at 0x00000269A2DF6110>> start_wid=None stop_wid=None post_wid=None skip_call=None call_count=0 args=(False,) kwds={}
2025-06-24 13:41:36,955 LT1-thread root DEBUG client.py                 80    logger_log                : 5) class=<class 'autopts.ptsprojects.testcase.TestFunc'>, func=<function core_reg_svc_gap at 0x00000269A0193C40> start_wid=None stop_wid=None post_wid=None skip_call=None call_count=2 args=() kwds={}
2025-06-24 13:41:36,955 LT1-thread root DEBUG client.py                 80    logger_log                : 6) class=<class 'autopts.ptsprojects.testcase.TestFunc'>, func=<function core_reg_svc_l2cap at 0x00000269A0193EC0> start_wid=None stop_wid=None post_wid=None skip_call=None call_count=2 args=() kwds={}
2025-06-24 13:41:36,955 LT1-thread root DEBUG client.py                 80    logger_log                : 7) class=<class 'autopts.ptsprojects.testcase.TestFunc'>, func=<function gap_read_ctrl_info at 0x00000269A019DE40> start_wid=None stop_wid=None post_wid=None skip_call=None call_count=2 args=() kwds={}
2025-06-24 13:41:36,955 LT1-thread root DEBUG client.py                 80    logger_log                : 8) class=<class 'autopts.ptsprojects.testcase.TestFunc'>, func=<function test_cases.<locals>.<lambda> at 0x00000269A38F6980> start_wid=None stop_wid=None post_wid=None skip_call=None call_count=2 args=() kwds={}
2025-06-24 13:41:36,955 LT1-thread root DEBUG client.py                 80    logger_log                : 9) class=<class 'autopts.ptsprojects.testcase.TestFunc'>, func=<function test_cases.<locals>.<lambda> at 0x00000269A3C52AC0> start_wid=None stop_wid=None post_wid=None skip_call=None call_count=2 args=() kwds={}
2025-06-24 13:41:36,955 LT1-thread root DEBUG client.py                 80    logger_log                : 10) class=<class 'autopts.ptsprojects.testcase.TestFunc'>, func=<function test_cases.<locals>.<lambda> at 0x00000269A3C52B60> start_wid=None stop_wid=None post_wid=None skip_call=None call_count=2 args=() kwds={}
2025-06-24 13:41:36,955 LT1-thread root DEBUG client.py                 80    logger_log                : 11) class=<class 'autopts.ptsprojects.testcase.TestFunc'>, func=<function test_cases.<locals>.<lambda> at 0x00000269A3C52C00> start_wid=None stop_wid=None post_wid=None skip_call=None call_count=2 args=() kwds={}
2025-06-24 13:41:36,955 LT1-thread root DEBUG client.py                 80    logger_log                : 12) class=<class 'autopts.ptsprojects.testcase.TestFunc'>, func=<function test_cases.<locals>.<lambda> at 0x00000269A3C52CA0> start_wid=None stop_wid=None post_wid=None skip_call=None call_count=2 args=() kwds={}
2025-06-24 13:41:36,955 LT1-thread root DEBUG client.py                 80    logger_log                : 13) class=<class 'autopts.ptsprojects.testcase.TestFunc'>, func=<function test_cases.<locals>.<lambda> at 0x00000269A3C52D40> start_wid=None stop_wid=None post_wid=None skip_call=None call_count=2 args=() kwds={}
2025-06-24 13:41:36,955 LT1-thread root DEBUG client.py                 80    logger_log                : 14) class=<class 'autopts.ptsprojects.testcase.TestFunc'>, func=<function test_cases.<locals>.<lambda> at 0x00000269A3C52DE0> start_wid=None stop_wid=None post_wid=None skip_call=None call_count=2 args=() kwds={}
2025-06-24 13:41:36,955 LT1-thread root DEBUG client.py                 80    logger_log                : 15) class=<class 'autopts.ptsprojects.testcase.TestFunc'>, func=<function test_cases.<locals>.<lambda> at 0x00000269A3C52E80> start_wid=None stop_wid=None post_wid=None skip_call=None call_count=2 args=() kwds={}
2025-06-24 13:41:36,955 LT1-thread root DEBUG client.py                 80    logger_log                : 16) class=<class 'autopts.ptsprojects.testcase.TestFunc'>, func=<function test_cases.<locals>.<lambda> at 0x00000269A3C52F20> start_wid=None stop_wid=None post_wid=None skip_call=None call_count=2 args=() kwds={}
2025-06-24 13:41:36,955 LT1-thread root DEBUG client.py                 80    logger_log                : 17) class=<class 'autopts.ptsprojects.testcase.TestFunc'>, func=<function test_cases.<locals>.<lambda> at 0x00000269A3C52FC0> start_wid=None stop_wid=None post_wid=None skip_call=None call_count=2 args=() kwds={}
2025-06-24 13:41:36,955 LT1-thread root DEBUG client.py                 80    logger_log                : 18) class=<class 'autopts.ptsprojects.testcase.TestFunc'>, func=<function test_cases.<locals>.<lambda> at 0x00000269A3C53060> start_wid=None stop_wid=None post_wid=None skip_call=None call_count=2 args=() kwds={}
2025-06-24 13:41:36,955 LT1-thread root DEBUG client.py                 80    logger_log                : 19) class=<class 'autopts.ptsprojects.testcase.TestFunc'>, func=<function test_cases.<locals>.<lambda> at 0x00000269A3C53100> start_wid=None stop_wid=None post_wid=None skip_call=None call_count=2 args=() kwds={}
2025-06-24 13:41:36,955 LT1-thread root DEBUG client.py                 80    logger_log                : 20) class=<class 'autopts.ptsprojects.testcase.TestFunc'>, func=<function test_cases.<locals>.<lambda> at 0x00000269A3C531A0> start_wid=None stop_wid=None post_wid=None skip_call=None call_count=2 args=() kwds={}
2025-06-24 13:41:36,955 LT1-thread root DEBUG client.py                 80    logger_log                : 21) class=<class 'autopts.ptsprojects.testcase.TestFunc'>, func=<function set_pts_addr at 0x00000269A01937E0> start_wid=None stop_wid=None post_wid=None skip_call=None call_count=2 args=('00:1B:DC:08:E4:4E', 0) kwds={}
2025-06-24 13:41:36,955 LT1-thread root DEBUG client.py                 80    logger_log                : 22) class=<class 'autopts.ptsprojects.testcase.TestFunc'>, func=<function test_cases.<locals>.<lambda> at 0x00000269A3C534C0> start_wid=None stop_wid=None post_wid=None skip_call=None call_count=2 args=() kwds={}
2025-06-24 13:41:36,955 LT1-thread root DEBUG client.py                 80    logger_log                : 23) class=<class 'autopts.ptsprojects.testcase.TestFunc'>, func=<function test_cases.<locals>.<lambda> at 0x00000269A3C53560> start_wid=None stop_wid=None post_wid=None skip_call=None call_count=2 args=() kwds={}
2025-06-24 13:41:36,955 LT1-thread root DEBUG client.py                 80    logger_log                : 24) class=<class 'autopts.ptsprojects.testcase.TestFunc'>, func=<function test_cases.<locals>.<lambda> at 0x00000269A3C53600> start_wid=None stop_wid=None post_wid=None skip_call=None call_count=2 args=() kwds={}
2025-06-24 13:41:36,955 LT1-thread root DEBUG client.py                 80    logger_log                : 25) class=<class 'autopts.ptsprojects.testcase.TestFunc'>, func=<function test_cases.<locals>.<lambda> at 0x00000269A3C536A0> start_wid=None stop_wid=None post_wid=None skip_call=None call_count=2 args=() kwds={}
2025-06-24 13:41:36,955 LT1-thread root DEBUG client.py                 80    logger_log                : 26) class=<class 'autopts.ptsprojects.testcase.TestFunc'>, func=<function gap_set_io_cap at 0x00000269A019D300> start_wid=None stop_wid=None post_wid=None skip_call=None call_count=2 args=(3,) kwds={}
2025-06-24 13:41:36,955 LT1-thread root DEBUG client.py                 80    logger_log                : 27) class=<class 'autopts.ptsprojects.testcase.TestFunc'>, func=<bound method Stack.l2cap_init of <autopts.ptsprojects.stack.stack.Stack object at 0x00000269A2E81450>> start_wid=None stop_wid=None post_wid=None skip_call=None call_count=2 args=(4097, 120) kwds={}
2025-06-24 13:41:36,955 LT1-thread root DEBUG client.py                 80    logger_log                : 28) class=<class 'autopts.ptsprojects.testcase.TestFunc'>, func=<function l2cap_br_listen at 0x00000269A01F00E0> start_wid=None stop_wid=None post_wid=None skip_call=None call_count=2 args=(4097, 120, 4) kwds={}
2025-06-24 13:41:36,955 LT1-thread root DEBUG client.py                 80    logger_log                : 29) class=<class 'autopts.ptsprojects.testcase.TestFuncCleanUp'>, func=<bound method Stack.cleanup of <autopts.ptsprojects.stack.stack.Stack object at 0x00000269A2E81450>> start_wid=None stop_wid=None post_wid=None skip_call=None call_count=0 args=() kwds={}
2025-06-24 13:41:36,955 LT1-thread root DEBUG client.py                 80    logger_log                : 30) class=<class 'autopts.ptsprojects.testcase.TestFuncCleanUp'>, func=<bound method ZephyrCtl.stop of <autopts.ptsprojects.zephyr.iutctl.ZephyrCtl object at 0x00000269A2DF6110>> start_wid=None stop_wid=None post_wid=None skip_call=None call_count=0 args=() kwds={}
2025-06-24 13:41:36,955 LT1-thread root DEBUG client.py                 80    logger_log                : pre_run, run pre test case script
2025-06-24 13:41:36,975 LT1-thread root DEBUG client.py                 80    logger_log                : Starting test function: class=<class 'autopts.ptsprojects.testcase.TestFunc'>, func=<bound method Stack.core_init of <autopts.ptsprojects.stack.stack.Stack object at 0x00000269A2E81450>> start_wid=None stop_wid=None post_wid=None skip_call=None call_count=1 args=() kwds={}
2025-06-24 13:41:36,975 LT1-thread root DEBUG client.py                 80    logger_log                : Test function parameters: args=(), kwds={}
2025-06-24 13:41:36,975 LT1-thread root DEBUG client.py                 80    logger_log                : Starting test function: class=<class 'autopts.ptsprojects.testcase.TestFunc'>, func=<bound method ZephyrCtl.hw_reset of <autopts.ptsprojects.zephyr.iutctl.ZephyrCtl object at 0x00000269A2DF6110>> start_wid=None stop_wid=None post_wid=None skip_call=None call_count=1 args=() kwds={}
2025-06-24 13:41:36,975 LT1-thread root DEBUG client.py                 80    logger_log                : Test function parameters: args=(), kwds={}
2025-06-24 13:41:36,975 LT1-thread root DEBUG client.py                 80    logger_log                : Starting test function: class=<class 'autopts.ptsprojects.testcase.TestFunc'>, func=<bound method ZephyrCtl.start of <autopts.ptsprojects.zephyr.iutctl.ZephyrCtl object at 0x00000269A2DF6110>> start_wid=None stop_wid=None post_wid=None skip_call=None call_count=1 args=(<autopts.ptsprojects.zephyr.ztestcase.ZTestCase object at 0x00000269A3CA5FD0>,) kwds={}
2025-06-24 13:41:36,975 LT1-thread root DEBUG client.py                 80    logger_log                : Test function parameters: args=(<autopts.ptsprojects.zephyr.ztestcase.ZTestCase object at 0x00000269A3CA5FD0>,), kwds={}
2025-06-24 13:41:36,975 LT1-thread root DEBUG client.py                 80    logger_log                : <class 'autopts.ptsprojects.zephyr.iutctl.ZephyrCtl'>.start
2025-06-24 13:41:36,985 LT1-thread root DEBUG client.py                 80    logger_log                : <class 'autopts.ptsprojects.zephyr.iutctl.ZephyrCtl'>.flush_serial
2025-06-24 13:41:38,369 LT1-thread root DEBUG client.py                 80    logger_log                : Starting socat process: socat.exe -x -v tcp:10.17.12.103:54238,retry=100,interval=1 /dev/ttyS43,raw,b115200
2025-06-24 13:41:38,389 LT1-thread root DEBUG client.py                 80    logger_log                : accept
2025-06-24 13:41:38,563 BTPWorkerThread-56 (_rx_task) root DEBUG client.py                 80    logger_log                : BTPWorkerThread-56 (_rx_task) started
2025-06-24 13:41:38,563 LT1-thread root DEBUG client.py                 80    logger_log                : Starting test function: class=<class 'autopts.ptsprojects.testcase.TestFunc'>, func=<bound method ZephyrCtl.hw_reset of <autopts.ptsprojects.zephyr.iutctl.ZephyrCtl object at 0x00000269A2DF6110>> start_wid=None stop_wid=None post_wid=None skip_call=None call_count=1 args=() kwds={}
2025-06-24 13:41:38,563 LT1-thread root DEBUG client.py                 80    logger_log                : Test function parameters: args=(), kwds={}
2025-06-24 13:41:38,563 LT1-thread root DEBUG client.py                 80    logger_log                : Starting test function: class=<class 'autopts.ptsprojects.testcase.TestFunc'>, func=<bound method ZephyrCtl.wait_iut_ready_event of <autopts.ptsprojects.zephyr.iutctl.ZephyrCtl object at 0x00000269A2DF6110>> start_wid=None stop_wid=None post_wid=None skip_call=None call_count=1 args=(False,) kwds={}
2025-06-24 13:41:38,563 LT1-thread root DEBUG client.py                 80    logger_log                : Test function parameters: args=(False,), kwds={}
2025-06-24 13:41:38,563 LT1-thread root DEBUG client.py                 80    logger_log                : IUT ready event received OK
2025-06-24 13:41:38,563 LT1-thread root DEBUG client.py                 80    logger_log                : Starting test function: class=<class 'autopts.ptsprojects.testcase.TestFunc'>, func=<function core_reg_svc_gap at 0x00000269A0193C40> start_wid=None stop_wid=None post_wid=None skip_call=None call_count=3 args=() kwds={}
2025-06-24 13:41:38,563 LT1-thread root DEBUG client.py                 80    logger_log                : Test function parameters: args=(), kwds={}
2025-06-24 13:41:38,563 LT1-thread root DEBUG client.py                 80    logger_log                : core_reg_svc_univ: gap_reg (GAP)
2025-06-24 13:41:38,563 LT1-thread root DEBUG client.py                 80    logger_log                : send, 0 3 255 '1'
2025-06-24 13:41:38,563 LT1-thread root DEBUG client.py                 80    logger_log                : sending frame '0003ff010001'
2025-06-24 13:41:38,569 LT1-thread root DEBUG client.py                 80    logger_log                : core_reg_svc_rsp_succ
2025-06-24 13:41:38,569 LT1-thread root DEBUG client.py                 80    logger_log                : read
2025-06-24 13:41:42,125 BTPWorkerThread-56 (_rx_task) root DEBUG client.py                 80    logger_log                : Read 5 bytes
2025-06-24 13:41:42,145 BTPWorkerThread-56 (_rx_task) root DEBUG client.py                 80    logger_log                : Received: hdr: Header(svc_id=0x00, op=0x03, ctrl_index=0xff, data_len=0x00) bytearray(b'\x00\x03\xff\x00\x00')
2025-06-24 13:41:42,165 BTPWorkerThread-56 (_rx_task) root DEBUG client.py                 80    logger_log                : Received data: {''}, bytearray(b'')
2025-06-24 13:41:42,185 LT1-thread root DEBUG client.py                 80    logger_log                : received Header(svc_id=0, op=3, ctrl_index=255, data_len=0) (b'',)
2025-06-24 13:41:42,185 LT1-thread root DEBUG client.py                 80    logger_log                : expected ((0, 3, 255, 0), (b'',))
2025-06-24 13:41:42,185 LT1-thread root DEBUG client.py                 80    logger_log                : response is valid
2025-06-24 13:41:42,185 LT1-thread root DEBUG client.py                 80    logger_log                : Reading supported commands for service: GAP
2025-06-24 13:41:42,185 LT1-thread root DEBUG client.py                 80    logger_log                : send, 1 1 255 ''
2025-06-24 13:41:42,185 LT1-thread root DEBUG client.py                 80    logger_log                : sending frame '0101ff0000'
2025-06-24 13:41:42,185 LT1-thread root DEBUG client.py                 80    logger_log                : read
2025-06-24 13:41:42,265 BTPWorkerThread-56 (_rx_task) root DEBUG client.py                 80    logger_log                : Read 5 bytes
2025-06-24 13:41:42,285 BTPWorkerThread-56 (_rx_task) root DEBUG client.py                 80    logger_log                : Received: hdr: Header(svc_id=0x01, op=0x01, ctrl_index=0xff, data_len=0x06) bytearray(b'\x01\x01\xff\x06\x00')
2025-06-24 13:41:42,316 BTPWorkerThread-56 (_rx_task) root DEBUG client.py                 80    logger_log                : Read 6 bytes data
2025-06-24 13:41:42,336 BTPWorkerThread-56 (_rx_task) root DEBUG client.py                 80    logger_log                : Received data: {'6e ff 7f 1f fe 07'}, bytearray(b'n\xff\x7f\x1f\xfe\x07')
2025-06-24 13:41:42,356 LT1-thread root DEBUG client.py                 80    logger_log                : Starting test function: class=<class 'autopts.ptsprojects.testcase.TestFunc'>, func=<function core_reg_svc_l2cap at 0x00000269A0193EC0> start_wid=None stop_wid=None post_wid=None skip_call=None call_count=3 args=() kwds={}
2025-06-24 13:41:42,356 LT1-thread root DEBUG client.py                 80    logger_log                : Test function parameters: args=(), kwds={}
2025-06-24 13:41:42,356 LT1-thread root DEBUG client.py                 80    logger_log                : core_reg_svc_univ: l2cap_reg (L2CAP)
2025-06-24 13:41:42,356 LT1-thread root DEBUG client.py                 80    logger_log                : send, 0 3 255 '3'
2025-06-24 13:41:42,356 LT1-thread root DEBUG client.py                 80    logger_log                : sending frame '0003ff010003'
2025-06-24 13:41:42,356 LT1-thread root DEBUG client.py                 80    logger_log                : core_reg_svc_rsp_succ
2025-06-24 13:41:42,356 LT1-thread root DEBUG client.py                 80    logger_log                : read
2025-06-24 13:41:42,416 BTPWorkerThread-56 (_rx_task) root DEBUG client.py                 80    logger_log                : Read 5 bytes
2025-06-24 13:41:42,436 BTPWorkerThread-56 (_rx_task) root DEBUG client.py                 80    logger_log                : Received: hdr: Header(svc_id=0x00, op=0x03, ctrl_index=0xff, data_len=0x00) bytearray(b'\x00\x03\xff\x00\x00')
2025-06-24 13:41:42,456 BTPWorkerThread-56 (_rx_task) root DEBUG client.py                 80    logger_log                : Received data: {''}, bytearray(b'')
2025-06-24 13:41:42,486 LT1-thread root DEBUG client.py                 80    logger_log                : received Header(svc_id=0, op=3, ctrl_index=255, data_len=0) (b'',)
2025-06-24 13:41:42,486 LT1-thread root DEBUG client.py                 80    logger_log                : expected ((0, 3, 255, 0), (b'',))
2025-06-24 13:41:42,486 LT1-thread root DEBUG client.py                 80    logger_log                : response is valid
2025-06-24 13:41:42,486 LT1-thread root DEBUG client.py                 80    logger_log                : Reading supported commands for service: L2CAP
2025-06-24 13:41:42,486 LT1-thread root DEBUG client.py                 80    logger_log                : send, 3 1 255 ''
2025-06-24 13:41:42,486 LT1-thread root DEBUG client.py                 80    logger_log                : sending frame '0301ff0000'
2025-06-24 13:41:42,486 LT1-thread root DEBUG client.py                 80    logger_log                : read
2025-06-24 13:41:42,556 BTPWorkerThread-56 (_rx_task) root DEBUG client.py                 80    logger_log                : Read 5 bytes
2025-06-24 13:41:42,577 BTPWorkerThread-56 (_rx_task) root DEBUG client.py                 80    logger_log                : Received: hdr: Header(svc_id=0x03, op=0x01, ctrl_index=0xff, data_len=0x02) bytearray(b'\x03\x01\xff\x02\x00')
2025-06-24 13:41:42,617 BTPWorkerThread-56 (_rx_task) root DEBUG client.py                 80    logger_log                : Read 2 bytes data
2025-06-24 13:41:42,636 BTPWorkerThread-56 (_rx_task) root DEBUG client.py                 80    logger_log                : Received data: {'be 1f'}, bytearray(b'\xbe\x1f')
2025-06-24 13:41:42,656 LT1-thread root DEBUG client.py                 80    logger_log                : Starting test function: class=<class 'autopts.ptsprojects.testcase.TestFunc'>, func=<function gap_read_ctrl_info at 0x00000269A019DE40> start_wid=None stop_wid=None post_wid=None skip_call=None call_count=3 args=() kwds={}
2025-06-24 13:41:42,656 LT1-thread root DEBUG client.py                 80    logger_log                : Test function parameters: args=(), kwds={}
2025-06-24 13:41:42,657 LT1-thread root DEBUG client.py                 80    logger_log                : gap_read_ctrl_info
2025-06-24 13:41:42,657 LT1-thread root DEBUG client.py                 80    logger_log                : send, 1 3 0 ''
2025-06-24 13:41:42,657 LT1-thread root DEBUG client.py                 80    logger_log                : sending frame '0103000000'
2025-06-24 13:41:42,657 LT1-thread root DEBUG client.py                 80    logger_log                : read
2025-06-24 13:41:42,716 BTPWorkerThread-56 (_rx_task) root DEBUG client.py                 80    logger_log                : Read 5 bytes
2025-06-24 13:41:42,736 BTPWorkerThread-56 (_rx_task) root DEBUG client.py                 80    logger_log                : Received: hdr: Header(svc_id=0x01, op=0x03, ctrl_index=0x00, data_len=0x115) bytearray(b'\x01\x03\x00\x15\x01')
2025-06-24 13:41:42,776 BTPWorkerThread-56 (_rx_task) root DEBUG client.py                 80    logger_log                : Read 277 bytes data
2025-06-24 13:41:42,796 BTPWorkerThread-56 (_rx_task) root DEBUG client.py                 80    logger_log                : Received data: {'19 78 ee 69 17 d0 d3 06 02 00 13 02 00 00 00 00 00 62 74 70 5f 74 65 73 74 65 72 00 00 00 00 00 00 00 00 00 00 00 00 00 00 00 00 00 00 00 00 00 00 00 00 00 00 00 00 00 00 00 00 00 00 00 00 00 00 00 00 00 00 00 00 00 00 00 00 00 00 00 00 00 00 00 00 00 00 00 00 00 00 00 00 00 00 00 00 00 00 00 00 00 00 00 00 00 00 00 00 00 00 00 00 00 00 00 00 00 00 00 00 00 00 00 00 00 00 00 00 00 00 00 00 00 00 00 00 00 00 00 00 00 00 00 00 00 00 00 00 00 00 00 00 00 00 00 00 00 00 00 00 00 00 00 00 00 00 00 00 00 00 00 00 00 00 00 00 00 00 00 00 00 00 00 00 00 00 00 00 00 00 00 00 00 00 00 00 00 00 00 00 00 00 00 00 00 00 00 00 00 00 00 00 00 00 00 00 00 00 00 00 00 00 00 00 00 00 00 00 00 00 00 00 00 00 00 00 00 00 00 00 00 00 00 00 00 00 00 00 00 00 00 00 00 00 00 00 00 00 00 00 00 00 00 00 00 00 00 00 00 00 00 00 00 00 00 00 00 00'}, bytearray(b'\x19x\xeei\x17\xd0\xd3\x06\x02\x00\x13\x02\x00\x00\x00\x00\x00btp_tester\x00\x00\x00\x00\x00\x00\x00\x00\x00\x00\x00\x00\x00\x00\x00\x00\x00\x00\x00\x00\x00\x00\x00\x00\x00\x00\x00\x00\x00\x00\x00\x00\x00\x00\x00\x00\x00\x00\x00\x00\x00\x00\x00\x00\x00\x00\x00\x00\x00\x00\x00\x00\x00\x00\x00\x00\x00\x00\x00\x00\x00\x00\x00\x00\x00\x00\x00\x00\x00\x00\x00\x00\x00\x00\x00\x00\x00\x00\x00\x00\x00\x00\x00\x00\x00\x00\x00\x00\x00\x00\x00\x00\x00\x00\x00\x00\x00\x00\x00\x00\x00\x00\x00\x00\x00\x00\x00\x00\x00\x00\x00\x00\x00\x00\x00\x00\x00\x00\x00\x00\x00\x00\x00\x00\x00\x00\x00\x00\x00\x00\x00\x00\x00\x00\x00\x00\x00\x00\x00\x00\x00\x00\x00\x00\x00\x00\x00\x00\x00\x00\x00\x00\x00\x00\x00\x00\x00\x00\x00\x00\x00\x00\x00\x00\x00\x00\x00\x00\x00\x00\x00\x00\x00\x00\x00\x00\x00\x00\x00\x00\x00\x00\x00\x00\x00\x00\x00\x00\x00\x00\x00\x00\x00\x00\x00\x00\x00\x00\x00\x00\x00\x00\x00\x00\x00\x00\x00\x00\x00\x00\x00\x00\x00\x00\x00\x00\x00\x00\x00\x00\x00\x00\x00\x00\x00\x00\x00\x00\x00\x00\x00\x00\x00\x00\x00\x00\x00\x00\x00\x00\x00\x00\x00\x00\x00\x00\x00\x00\x00\x00')
2025-06-24 13:41:42,816 LT1-thread root DEBUG client.py                 80    logger_log                : received Header(svc_id=1, op=3, ctrl_index=0, data_len=277) (b'\x19x\xeei\x17\xd0\xd3\x06\x02\x00\x13\x02\x00\x00\x00\x00\x00btp_tester\x00\x00\x00\x00\x00\x00\x00\x00\x00\x00\x00\x00\x00\x00\x00\x00\x00\x00\x00\x00\x00\x00\x00\x00\x00\x00\x00\x00\x00\x00\x00\x00\x00\x00\x00\x00\x00\x00\x00\x00\x00\x00\x00\x00\x00\x00\x00\x00\x00\x00\x00\x00\x00\x00\x00\x00\x00\x00\x00\x00\x00\x00\x00\x00\x00\x00\x00\x00\x00\x00\x00\x00\x00\x00\x00\x00\x00\x00\x00\x00\x00\x00\x00\x00\x00\x00\x00\x00\x00\x00\x00\x00\x00\x00\x00\x00\x00\x00\x00\x00\x00\x00\x00\x00\x00\x00\x00\x00\x00\x00\x00\x00\x00\x00\x00\x00\x00\x00\x00\x00\x00\x00\x00\x00\x00\x00\x00\x00\x00\x00\x00\x00\x00\x00\x00\x00\x00\x00\x00\x00\x00\x00\x00\x00\x00\x00\x00\x00\x00\x00\x00\x00\x00\x00\x00\x00\x00\x00\x00\x00\x00\x00\x00\x00\x00\x00\x00\x00\x00\x00\x00\x00\x00\x00\x00\x00\x00\x00\x00\x00\x00\x00\x00\x00\x00\x00\x00\x00\x00\x00\x00\x00\x00\x00\x00\x00\x00\x00\x00\x00\x00\x00\x00\x00\x00\x00\x00\x00\x00\x00\x00\x00\x00\x00\x00\x00\x00\x00\x00\x00\x00\x00\x00\x00\x00\x00\x00\x00\x00\x00\x00\x00\x00\x00\x00\x00\x00\x00\x00\x00\x00\x00\x00\x00\x00\x00\x00\x00\x00\x00',)
2025-06-24 13:41:42,816 LT1-thread root DEBUG client.py                 80    logger_log                : IUT address 'd01769ee7819' 'public'
2025-06-24 13:41:42,816 LT1-thread root DEBUG client.py                 80    logger_log                : __gap_current_settings_update 531
2025-06-24 13:41:42,816 LT1-thread root DEBUG client.py                 80    logger_log                : Starting test function: class=<class 'autopts.ptsprojects.testcase.TestFunc'>, func=<function test_cases.<locals>.<lambda> at 0x00000269A38F6980> start_wid=None stop_wid=None post_wid=None skip_call=None call_count=3 args=() kwds={}
2025-06-24 13:41:42,816 LT1-thread root DEBUG client.py                 80    logger_log                : Test function parameters: args=(), kwds={}
2025-06-24 13:41:42,816 LT1-thread root DEBUG client.py                 80    logger_log                : Starting test function: class=<class 'autopts.ptsprojects.testcase.TestFunc'>, func=<function test_cases.<locals>.<lambda> at 0x00000269A3C52AC0> start_wid=None stop_wid=None post_wid=None skip_call=None call_count=3 args=() kwds={}
2025-06-24 13:41:42,826 LT1-thread root DEBUG client.py                 80    logger_log                : Test function parameters: args=(), kwds={}
2025-06-24 13:41:42,826 LT1-thread root DEBUG client.py                 80    logger_log                : Starting test function: class=<class 'autopts.ptsprojects.testcase.TestFunc'>, func=<function test_cases.<locals>.<lambda> at 0x00000269A3C52B60> start_wid=None stop_wid=None post_wid=None skip_call=None call_count=3 args=() kwds={}
2025-06-24 13:41:42,826 LT1-thread root DEBUG client.py                 80    logger_log                : Test function parameters: args=(), kwds={}
2025-06-24 13:41:42,845 LT1-thread root DEBUG client.py                 80    logger_log                : Starting test function: class=<class 'autopts.ptsprojects.testcase.TestFunc'>, func=<function test_cases.<locals>.<lambda> at 0x00000269A3C52C00> start_wid=None stop_wid=None post_wid=None skip_call=None call_count=3 args=() kwds={}
2025-06-24 13:41:42,845 LT1-thread root DEBUG client.py                 80    logger_log                : Test function parameters: args=(), kwds={}
2025-06-24 13:41:42,846 LT1-thread root DEBUG client.py                 80    logger_log                : Starting test function: class=<class 'autopts.ptsprojects.testcase.TestFunc'>, func=<function test_cases.<locals>.<lambda> at 0x00000269A3C52CA0> start_wid=None stop_wid=None post_wid=None skip_call=None call_count=3 args=() kwds={}
2025-06-24 13:41:42,846 LT1-thread root DEBUG client.py                 80    logger_log                : Test function parameters: args=(), kwds={}
2025-06-24 13:41:42,857 LT1-thread root DEBUG client.py                 80    logger_log                : Starting test function: class=<class 'autopts.ptsprojects.testcase.TestFunc'>, func=<function test_cases.<locals>.<lambda> at 0x00000269A3C52D40> start_wid=None stop_wid=None post_wid=None skip_call=None call_count=3 args=() kwds={}
2025-06-24 13:41:42,857 LT1-thread root DEBUG client.py                 80    logger_log                : Test function parameters: args=(), kwds={}
2025-06-24 13:41:42,867 LT1-thread root DEBUG client.py                 80    logger_log                : Starting test function: class=<class 'autopts.ptsprojects.testcase.TestFunc'>, func=<function test_cases.<locals>.<lambda> at 0x00000269A3C52DE0> start_wid=None stop_wid=None post_wid=None skip_call=None call_count=3 args=() kwds={}
2025-06-24 13:41:42,867 LT1-thread root DEBUG client.py                 80    logger_log                : Test function parameters: args=(), kwds={}
2025-06-24 13:41:42,876 LT1-thread root DEBUG client.py                 80    logger_log                : Starting test function: class=<class 'autopts.ptsprojects.testcase.TestFunc'>, func=<function test_cases.<locals>.<lambda> at 0x00000269A3C52E80> start_wid=None stop_wid=None post_wid=None skip_call=None call_count=3 args=() kwds={}
2025-06-24 13:41:42,876 LT1-thread root DEBUG client.py                 80    logger_log                : Test function parameters: args=(), kwds={}
2025-06-24 13:41:42,886 LT1-thread root DEBUG client.py                 80    logger_log                : Starting test function: class=<class 'autopts.ptsprojects.testcase.TestFunc'>, func=<function test_cases.<locals>.<lambda> at 0x00000269A3C52F20> start_wid=None stop_wid=None post_wid=None skip_call=None call_count=3 args=() kwds={}
2025-06-24 13:41:42,886 LT1-thread root DEBUG client.py                 80    logger_log                : Test function parameters: args=(), kwds={}
2025-06-24 13:41:42,896 LT1-thread root DEBUG client.py                 80    logger_log                : Starting test function: class=<class 'autopts.ptsprojects.testcase.TestFunc'>, func=<function test_cases.<locals>.<lambda> at 0x00000269A3C52FC0> start_wid=None stop_wid=None post_wid=None skip_call=None call_count=3 args=() kwds={}
2025-06-24 13:41:42,896 LT1-thread root DEBUG client.py                 80    logger_log                : Test function parameters: args=(), kwds={}
2025-06-24 13:41:42,907 LT1-thread root DEBUG client.py                 80    logger_log                : Starting test function: class=<class 'autopts.ptsprojects.testcase.TestFunc'>, func=<function test_cases.<locals>.<lambda> at 0x00000269A3C53060> start_wid=None stop_wid=None post_wid=None skip_call=None call_count=3 args=() kwds={}
2025-06-24 13:41:42,907 LT1-thread root DEBUG client.py                 80    logger_log                : Test function parameters: args=(), kwds={}
2025-06-24 13:41:42,916 LT1-thread root DEBUG client.py                 80    logger_log                : Starting test function: class=<class 'autopts.ptsprojects.testcase.TestFunc'>, func=<function test_cases.<locals>.<lambda> at 0x00000269A3C53100> start_wid=None stop_wid=None post_wid=None skip_call=None call_count=3 args=() kwds={}
2025-06-24 13:41:42,916 LT1-thread root DEBUG client.py                 80    logger_log                : Test function parameters: args=(), kwds={}
2025-06-24 13:41:42,926 LT1-thread root DEBUG client.py                 80    logger_log                : Starting test function: class=<class 'autopts.ptsprojects.testcase.TestFunc'>, func=<function test_cases.<locals>.<lambda> at 0x00000269A3C531A0> start_wid=None stop_wid=None post_wid=None skip_call=None call_count=3 args=() kwds={}
2025-06-24 13:41:42,926 LT1-thread root DEBUG client.py                 80    logger_log                : Test function parameters: args=(), kwds={}
2025-06-24 13:41:42,939 LT1-thread root DEBUG client.py                 80    logger_log                : Starting test function: class=<class 'autopts.ptsprojects.testcase.TestFunc'>, func=<function set_pts_addr at 0x00000269A01937E0> start_wid=None stop_wid=None post_wid=None skip_call=None call_count=3 args=('00:1B:DC:08:E4:4E', 0) kwds={}
2025-06-24 13:41:42,939 LT1-thread root DEBUG client.py                 80    logger_log                : Test function parameters: args=('00:1B:DC:08:E4:4E', 0), kwds={}
2025-06-24 13:41:42,939 LT1-thread root DEBUG client.py                 80    logger_log                : Starting test function: class=<class 'autopts.ptsprojects.testcase.TestFunc'>, func=<function test_cases.<locals>.<lambda> at 0x00000269A3C534C0> start_wid=None stop_wid=None post_wid=None skip_call=None call_count=3 args=() kwds={}
2025-06-24 13:41:42,939 LT1-thread root DEBUG client.py                 80    logger_log                : Test function parameters: args=(), kwds={}
2025-06-24 13:41:42,946 LT1-thread root DEBUG client.py                 80    logger_log                : Starting test function: class=<class 'autopts.ptsprojects.testcase.TestFunc'>, func=<function test_cases.<locals>.<lambda> at 0x00000269A3C53560> start_wid=None stop_wid=None post_wid=None skip_call=None call_count=3 args=() kwds={}
2025-06-24 13:41:42,946 LT1-thread root DEBUG client.py                 80    logger_log                : Test function parameters: args=(), kwds={}
2025-06-24 13:41:42,956 LT1-thread root DEBUG client.py                 80    logger_log                : Starting test function: class=<class 'autopts.ptsprojects.testcase.TestFunc'>, func=<function test_cases.<locals>.<lambda> at 0x00000269A3C53600> start_wid=None stop_wid=None post_wid=None skip_call=None call_count=3 args=() kwds={}
2025-06-24 13:41:42,956 LT1-thread root DEBUG client.py                 80    logger_log                : Test function parameters: args=(), kwds={}
2025-06-24 13:41:42,966 LT1-thread root DEBUG client.py                 80    logger_log                : Starting test function: class=<class 'autopts.ptsprojects.testcase.TestFunc'>, func=<function test_cases.<locals>.<lambda> at 0x00000269A3C536A0> start_wid=None stop_wid=None post_wid=None skip_call=None call_count=3 args=() kwds={}
2025-06-24 13:41:42,966 LT1-thread root DEBUG client.py                 80    logger_log                : Test function parameters: args=(), kwds={}
2025-06-24 13:41:42,976 LT1-thread root DEBUG client.py                 80    logger_log                : Starting test function: class=<class 'autopts.ptsprojects.testcase.TestFunc'>, func=<function gap_set_io_cap at 0x00000269A019D300> start_wid=None stop_wid=None post_wid=None skip_call=None call_count=3 args=(3,) kwds={}
2025-06-24 13:41:42,976 LT1-thread root DEBUG client.py                 80    logger_log                : Test function parameters: args=(3,), kwds={}
2025-06-24 13:41:42,976 LT1-thread root DEBUG client.py                 80    logger_log                : gap_set_io_cap 3
2025-06-24 13:41:42,976 LT1-thread root DEBUG client.py                 80    logger_log                : send, 1 16 0 '\x03'
2025-06-24 13:41:42,976 LT1-thread root DEBUG client.py                 80    logger_log                : sending frame '011000010003'
2025-06-24 13:41:42,976 LT1-thread root DEBUG client.py                 80    logger_log                : gap_command_rsp_succ
2025-06-24 13:41:42,976 LT1-thread root DEBUG client.py                 80    logger_log                : read
2025-06-24 13:41:43,056 BTPWorkerThread-56 (_rx_task) root DEBUG client.py                 80    logger_log                : Read 5 bytes
2025-06-24 13:41:43,076 BTPWorkerThread-56 (_rx_task) root DEBUG client.py                 80    logger_log                : Received: hdr: Header(svc_id=0x01, op=0x10, ctrl_index=0x00, data_len=0x00) bytearray(b'\x01\x10\x00\x00\x00')
2025-06-24 13:41:43,096 BTPWorkerThread-56 (_rx_task) root DEBUG client.py                 80    logger_log                : Received data: {''}, bytearray(b'')
2025-06-24 13:41:43,126 LT1-thread root DEBUG client.py                 80    logger_log                : received Header(svc_id=1, op=16, ctrl_index=0, data_len=0) (b'',)
2025-06-24 13:41:43,126 LT1-thread root DEBUG client.py                 80    logger_log                : Starting test function: class=<class 'autopts.ptsprojects.testcase.TestFunc'>, func=<bound method Stack.l2cap_init of <autopts.ptsprojects.stack.stack.Stack object at 0x00000269A2E81450>> start_wid=None stop_wid=None post_wid=None skip_call=None call_count=3 args=(4097, 120) kwds={}
2025-06-24 13:41:43,126 LT1-thread root DEBUG client.py                 80    logger_log                : Test function parameters: args=(4097, 120), kwds={}
2025-06-24 13:41:43,126 LT1-thread root DEBUG client.py                 80    logger_log                : Starting test function: class=<class 'autopts.ptsprojects.testcase.TestFunc'>, func=<function l2cap_br_listen at 0x00000269A01F00E0> start_wid=None stop_wid=None post_wid=None skip_call=None call_count=3 args=(4097, 120, 4) kwds={}
2025-06-24 13:41:43,126 LT1-thread root DEBUG client.py                 80    logger_log                : Test function parameters: args=(4097, 120, 4), kwds={}
2025-06-24 13:41:43,126 LT1-thread root DEBUG client.py                 80    logger_log                : l2cap_le_listen 4097 0 120 4
2025-06-24 13:41:43,126 LT1-thread root DEBUG client.py                 80    logger_log                : send, 3 5 0 "bytearray(b'\\x01\\x10\\x00x\\x00\\x04\\x00')"
2025-06-24 13:41:43,126 LT1-thread root DEBUG client.py                 80    logger_log                : sending frame '030500070001100078000400'
2025-06-24 13:41:43,126 LT1-thread root DEBUG client.py                 80    logger_log                : l2cap_command_rsp_succ
2025-06-24 13:41:43,126 LT1-thread root DEBUG client.py                 80    logger_log                : read
2025-06-24 13:41:43,196 BTPWorkerThread-56 (_rx_task) root DEBUG client.py                 80    logger_log                : Read 5 bytes
2025-06-24 13:41:43,216 BTPWorkerThread-56 (_rx_task) root DEBUG client.py                 80    logger_log                : Received: hdr: Header(svc_id=0x03, op=0x05, ctrl_index=0x00, data_len=0x00) bytearray(b'\x03\x05\x00\x00\x00')
2025-06-24 13:41:43,236 BTPWorkerThread-56 (_rx_task) root DEBUG client.py                 80    logger_log                : Received data: {''}, bytearray(b'')
2025-06-24 13:41:43,266 LT1-thread root DEBUG client.py                 80    logger_log                : received Header(svc_id=3, op=5, ctrl_index=0, data_len=0) (b'',)
2025-06-24 13:41:43,266 LT1-thread root DEBUG client.py                 80    logger_log                : ClientCallback.get_result run_test_case
2025-06-24 13:41:52,278 LT1-callback ClientCallback.on_implicit_send INFO client.py                 80    logger_log                : 
    ********************
    BEGIN OnImplicitSend:
    project_name: L2CAP
    wid: 15
    test_case_name: L2CAP/COS/CED/BV-04-C
    description: Action: Place the IUT in connectable mode.

Description : PTS requires that the IUT be in connectable mode.The PTS will attempt to establish an ACL connection.
    style: MMI_Style_Ok_Cancel1 0x11041
2025-06-24 13:41:52,278 LT1-callback ClientCallback.on_implicit_send INFO client.py                 80    logger_log                : Calling test cases on_implicit_send
2025-06-24 13:41:52,278 LT1-callback ClientCallback.on_implicit_send INFO client.py                 80    logger_log                : 
    on_implicit_send returned response: WAIT
    END OnImplicitSend
    ********************
2025-06-24 13:41:52,338 LT1-thread root DEBUG client.py                 80    logger_log                : L2CAP L2CAP/COS/CED/BV-04-C on_implicit_send
2025-06-24 13:41:52,338 LT1-thread root DEBUG client.py                 80    logger_log                : l2cap_wid_hdl, 15, Action: Place the IUT in connectable mode.

Description : PTS requires that the IUT be in connectable mode.The PTS will attempt to establish an ACL connection., L2CAP/COS/CED/BV-04-C
2025-06-24 13:41:52,338 LT1-thread root DEBUG client.py                 80    logger_log                : gap_set_conn
2025-06-24 13:41:52,338 LT1-thread root DEBUG client.py                 80    logger_log                : gap_set_gendiscov
2025-06-24 13:41:52,338 LT1-thread root DEBUG client.py                 80    logger_log                : send, 1 8 0 '1'
2025-06-24 13:41:52,338 LT1-thread root DEBUG client.py                 80    logger_log                : sending frame '010800010001'
2025-06-24 13:41:52,338 LT1-thread root DEBUG client.py                 80    logger_log                : gap_command_rsp_succ
2025-06-24 13:41:52,338 LT1-thread root DEBUG client.py                 80    logger_log                : read
2025-06-24 13:41:52,419 BTPWorkerThread-56 (_rx_task) root DEBUG client.py                 80    logger_log                : Read 5 bytes
2025-06-24 13:41:52,419 BTPWorkerThread-56 (_rx_task) root DEBUG client.py                 80    logger_log                : Received: hdr: Header(svc_id=0x01, op=0x08, ctrl_index=0x00, data_len=0x04) bytearray(b'\x01\x08\x00\x04\x00')
2025-06-24 13:41:52,419 BTPWorkerThread-56 (_rx_task) root DEBUG client.py                 80    logger_log                : Read 4 bytes data
2025-06-24 13:41:52,419 BTPWorkerThread-56 (_rx_task) root DEBUG client.py                 80    logger_log                : Received data: {'1b 02 00 00'}, bytearray(b'\x1b\x02\x00\x00')
2025-06-24 13:41:52,419 LT1-thread root DEBUG client.py                 80    logger_log                : received Header(svc_id=1, op=8, ctrl_index=0, data_len=4) (b'\x1b\x02\x00\x00',)
2025-06-24 13:41:52,419 LT1-thread root DEBUG client.py                 80    logger_log                : __gap_current_settings_update (b'\x1b\x02\x00\x00',)
2025-06-24 13:41:52,429 LT1-thread root DEBUG client.py                 80    logger_log                : gap_adv_ind_on {9: b'Tester_08E44E'} None
2025-06-24 13:41:52,429 LT1-thread root DEBUG client.py                 80    logger_log                : send, 1 10 0 "bytearray(b'\\x0f\\x00\\t\\rTester_08E44E\\xff\\xff\\xff\\xff\\x00')"
2025-06-24 13:41:52,429 LT1-thread root DEBUG client.py                 80    logger_log                : sending frame '010a0016000f00090d5465737465725f303845343445ffffffff00'
2025-06-24 13:41:52,429 LT1-thread root DEBUG client.py                 80    logger_log                : gap_command_rsp_succ
2025-06-24 13:41:52,429 LT1-thread root DEBUG client.py                 80    logger_log                : read
2025-06-24 13:41:52,479 BTPWorkerThread-56 (_rx_task) root DEBUG client.py                 80    logger_log                : Read 5 bytes
2025-06-24 13:41:52,489 BTPWorkerThread-56 (_rx_task) root DEBUG client.py                 80    logger_log                : Received: hdr: Header(svc_id=0x01, op=0x0a, ctrl_index=0x00, data_len=0x04) bytearray(b'\x01\n\x00\x04\x00')
2025-06-24 13:41:52,529 BTPWorkerThread-56 (_rx_task) root DEBUG client.py                 80    logger_log                : Read 4 bytes data
2025-06-24 13:41:52,549 BTPWorkerThread-56 (_rx_task) root DEBUG client.py                 80    logger_log                : Received data: {'1b 06 00 00'}, bytearray(b'\x1b\x06\x00\x00')
2025-06-24 13:41:52,559 LT1-thread root DEBUG client.py                 80    logger_log                : received Header(svc_id=1, op=10, ctrl_index=0, data_len=4) (b'\x1b\x06\x00\x00',)
2025-06-24 13:41:52,559 LT1-thread root DEBUG client.py                 80    logger_log                : __gap_current_settings_update (b'\x1b\x06\x00\x00',)
2025-06-24 13:41:52,559 LT1-thread root DEBUG client.py                 80    logger_log                : Sending response 'OK' to wid 15 test case L2CAP/COS/CED/BV-04-C
2025-06-24 13:41:52,599 LT1-thread root DEBUG client.py                 80    logger_log                : ClientCallback.get_result run_test_case
2025-06-24 13:41:55,110 BTPWorkerThread-56 (_rx_task) root DEBUG client.py                 80    logger_log                : Read 5 bytes
2025-06-24 13:41:55,110 BTPWorkerThread-56 (_rx_task) root DEBUG client.py                 80    logger_log                : Received: hdr: Header(svc_id=0x01, op=0x82, ctrl_index=0x00, data_len=0x0d) bytearray(b'\x01\x82\x00\r\x00')
2025-06-24 13:41:55,110 BTPWorkerThread-56 (_rx_task) root DEBUG client.py                 80    logger_log                : Read 13 bytes data
2025-06-24 13:41:55,110 BTPWorkerThread-56 (_rx_task) root DEBUG client.py                 80    logger_log                : Received data: {'e0 4e e4 08 dc 1b 00 00 00 00 00 00 00'}, bytearray(b'\xe0N\xe4\x08\xdc\x1b\x00\x00\x00\x00\x00\x00\x00')
2025-06-24 13:41:55,110 BTPWorkerThread-56 (_rx_task) root DEBUG client.py                 80    logger_log                : event_handler Header(svc_id=1, op=130, ctrl_index=0, data_len=13) (b'\xe0N\xe4\x08\xdc\x1b\x00\x00\x00\x00\x00\x00\x00',)
2025-06-24 13:41:55,110 BTPWorkerThread-56 (_rx_task) root DEBUG client.py                 80    logger_log                : gap_connected_ev_ b'\xe0N\xe4\x08\xdc\x1b\x00\x00\x00\x00\x00\x00\x00'
2025-06-24 13:41:55,110 BTPWorkerThread-56 (_rx_task) root DEBUG client.py                 80    logger_log                : Read 5 bytes
2025-06-24 13:41:55,110 BTPWorkerThread-56 (_rx_task) root DEBUG client.py                 80    logger_log                : Received: hdr: Header(svc_id=0x01, op=0x80, ctrl_index=0x00, data_len=0x04) bytearray(b'\x01\x80\x00\x04\x00')
2025-06-24 13:41:55,110 BTPWorkerThread-56 (_rx_task) root DEBUG client.py                 80    logger_log                : Read 4 bytes data
2025-06-24 13:41:55,110 BTPWorkerThread-56 (_rx_task) root DEBUG client.py                 80    logger_log                : Received data: {'1b 02 00 00'}, bytearray(b'\x1b\x02\x00\x00')
2025-06-24 13:41:55,110 BTPWorkerThread-56 (_rx_task) root DEBUG client.py                 80    logger_log                : event_handler Header(svc_id=1, op=128, ctrl_index=0, data_len=4) (b'\x1b\x02\x00\x00',)
2025-06-24 13:41:55,110 BTPWorkerThread-56 (_rx_task) root DEBUG client.py                 80    logger_log                : gap_new_settings_ev_ b'\x1b\x02\x00\x00'
2025-06-24 13:41:55,110 BTPWorkerThread-56 (_rx_task) root DEBUG client.py                 80    logger_log                : __gap_current_settings_update 539
2025-06-24 13:41:57,902 BTPWorkerThread-56 (_rx_task) root DEBUG client.py                 80    logger_log                : Read 5 bytes
2025-06-24 13:41:57,902 BTPWorkerThread-56 (_rx_task) root DEBUG client.py                 80    logger_log                : Received: hdr: Header(svc_id=0x01, op=0x91, ctrl_index=0x00, data_len=0x09) bytearray(b'\x01\x91\x00\t\x00')
2025-06-24 13:41:57,902 BTPWorkerThread-56 (_rx_task) root DEBUG client.py                 80    logger_log                : Read 9 bytes data
2025-06-24 13:41:57,902 BTPWorkerThread-56 (_rx_task) root DEBUG client.py                 80    logger_log                : Received data: {'e0 4e e4 08 dc 1b 00 01 10'}, bytearray(b'\xe0N\xe4\x08\xdc\x1b\x00\x01\x10')
2025-06-24 13:41:57,902 BTPWorkerThread-56 (_rx_task) root DEBUG client.py                 80    logger_log                : event_handler Header(svc_id=1, op=145, ctrl_index=0, data_len=9) (b'\xe0N\xe4\x08\xdc\x1b\x00\x01\x10',)
2025-06-24 13:41:57,902 BTPWorkerThread-56 (_rx_task) root DEBUG client.py                 80    logger_log                : gap_encryption_change_ev_
2025-06-24 13:41:57,902 BTPWorkerThread-56 (_rx_task) root DEBUG client.py                 80    logger_log                : enc change received b'\xe0N\xe4\x08\xdc\x1b\x00\x01\x10'
2025-06-24 13:41:57,902 BTPWorkerThread-56 (_rx_task) root DEBUG client.py                 80    logger_log                : received (224, '001bdc08e44e', 1, 16)
2025-06-24 13:41:57,902 BTPWorkerThread-56 (_rx_task) root DEBUG client.py                 80    logger_log                : Read 5 bytes
2025-06-24 13:41:57,902 BTPWorkerThread-56 (_rx_task) root DEBUG client.py                 80    logger_log                : Received: hdr: Header(svc_id=0x01, op=0x89, ctrl_index=0x00, data_len=0x08) bytearray(b'\x01\x89\x00\x08\x00')
2025-06-24 13:41:57,902 BTPWorkerThread-56 (_rx_task) root DEBUG client.py                 80    logger_log                : Read 8 bytes data
2025-06-24 13:41:57,902 BTPWorkerThread-56 (_rx_task) root DEBUG client.py                 80    logger_log                : Received data: {'e0 4e e4 08 dc 1b 00 02'}, bytearray(b'\xe0N\xe4\x08\xdc\x1b\x00\x02')
2025-06-24 13:41:57,902 BTPWorkerThread-56 (_rx_task) root DEBUG client.py                 80    logger_log                : event_handler Header(svc_id=1, op=137, ctrl_index=0, data_len=8) (b'\xe0N\xe4\x08\xdc\x1b\x00\x02',)
2025-06-24 13:41:57,902 BTPWorkerThread-56 (_rx_task) root DEBUG client.py                 80    logger_log                : gap_sec_level_changed_ev_
2025-06-24 13:41:57,902 BTPWorkerThread-56 (_rx_task) root DEBUG client.py                 80    logger_log                : received b'\xe0N\xe4\x08\xdc\x1b\x00\x02'
2025-06-24 13:41:57,902 BTPWorkerThread-56 (_rx_task) root DEBUG client.py                 80    logger_log                : received (224, '001bdc08e44e', 2)
2025-06-24 13:41:58,042 LT1-callback ClientCallback.on_implicit_send INFO client.py                 80    logger_log                : 
    ********************
    BEGIN OnImplicitSend:
    project_name: L2CAP
    wid: 113
    test_case_name: L2CAP/COS/CED/BV-04-C
    description: Please send Configure Request.
    style: MMI_Style_Ok_Cancel2 0x11141
2025-06-24 13:41:58,042 LT1-callback ClientCallback.on_implicit_send INFO client.py                 80    logger_log                : Calling test cases on_implicit_send
2025-06-24 13:41:58,042 LT1-callback ClientCallback.on_implicit_send INFO client.py                 80    logger_log                : 
    on_implicit_send returned response: WAIT
    END OnImplicitSend
    ********************
2025-06-24 13:41:58,102 BTPWorkerThread-56 (_rx_task) root DEBUG client.py                 80    logger_log                : Read 5 bytes
2025-06-24 13:41:58,102 BTPWorkerThread-56 (_rx_task) root DEBUG client.py                 80    logger_log                : Received: hdr: Header(svc_id=0x03, op=0x81, ctrl_index=0x00, data_len=0x12) bytearray(b'\x03\x81\x00\x12\x00')
2025-06-24 13:41:58,102 BTPWorkerThread-56 (_rx_task) root DEBUG client.py                 80    logger_log                : Read 18 bytes data
2025-06-24 13:41:58,102 BTPWorkerThread-56 (_rx_task) root DEBUG client.py                 80    logger_log                : Received data: {'02 76 00 30 00 30 00 c0 00 c0 00 e0 4e e4 08 dc 1b 00'}, bytearray(b'\x02v\x000\x000\x00\xc0\x00\xc0\x00\xe0N\xe4\x08\xdc\x1b\x00')
2025-06-24 13:41:58,102 BTPWorkerThread-56 (_rx_task) root DEBUG client.py                 80    logger_log                : event_handler Header(svc_id=3, op=129, ctrl_index=0, data_len=18) (b'\x02v\x000\x000\x00\xc0\x00\xc0\x00\xe0N\xe4\x08\xdc\x1b\x00',)
2025-06-24 13:41:58,102 BTPWorkerThread-56 (_rx_task) root DEBUG client.py                 80    logger_log                : l2cap_connected_ev b'\x02v\x000\x000\x00\xc0\x00\xc0\x00\xe0N\xe4\x08\xdc\x1b\x00' 18
2025-06-24 13:41:58,102 BTPWorkerThread-56 (_rx_task) root DEBUG client.py                 80    logger_log                : id:2 on psm:118, peer_mtu:48, peer_mps:48, our_mtu:192, our_mps:192, addr b'N\xe4\x08\xdc\x1b\x00' type 224
2025-06-24 13:41:58,642 LT1-thread root DEBUG client.py                 80    logger_log                : L2CAP L2CAP/COS/CED/BV-04-C on_implicit_send
2025-06-24 13:41:58,642 LT1-thread root DEBUG client.py                 80    logger_log                : l2cap_wid_hdl, 113, Please send Configure Request., L2CAP/COS/CED/BV-04-C
2025-06-24 13:41:58,642 LT1-thread root DEBUG client.py                 80    logger_log                : Sending response 'OK' to wid 113 test case L2CAP/COS/CED/BV-04-C
2025-06-24 13:41:58,642 LT1-thread root DEBUG client.py                 80    logger_log                : ClientCallback.get_result run_test_case
2025-06-24 13:41:58,642 LT1-callback ClientCallback.on_implicit_send INFO client.py                 80    logger_log                : 
    ********************
    BEGIN OnImplicitSend:
    project_name: L2CAP
    wid: 14
    test_case_name: L2CAP/COS/CED/BV-04-C
    description:  Initiate an L2CAP disconnection from the IUT to the PTS.

Description : The Implementation Under Test(IUT) should disconnect the active L2CAP channel by sending a disconnect request to PTS.
    style: MMI_Style_Ok_Cancel2 0x11141
2025-06-24 13:41:58,642 LT1-callback ClientCallback.on_implicit_send INFO client.py                 80    logger_log                : Calling test cases on_implicit_send
2025-06-24 13:41:58,642 LT1-callback ClientCallback.on_implicit_send INFO client.py                 80    logger_log                : 
    on_implicit_send returned response: WAIT
    END OnImplicitSend
    ********************
2025-06-24 13:41:59,653 LT1-thread root DEBUG client.py                 80    logger_log                : L2CAP L2CAP/COS/CED/BV-04-C on_implicit_send
2025-06-24 13:41:59,653 LT1-thread root DEBUG client.py                 80    logger_log                : l2cap_wid_hdl, 14,  Initiate an L2CAP disconnection from the IUT to the PTS.

Description : The Implementation Under Test(IUT) should disconnect the active L2CAP channel by sending a disconnect request to PTS., L2CAP/COS/CED/BV-04-C
2025-06-24 13:41:59,653 LT1-thread root DEBUG client.py                 80    logger_log                : l2cap_disconn 2
2025-06-24 13:41:59,653 LT1-thread root DEBUG client.py                 80    logger_log                : send, 3 3 0 "bytearray(b'\\x02')"
2025-06-24 13:41:59,653 LT1-thread root DEBUG client.py                 80    logger_log                : sending frame '030300010002'
2025-06-24 13:41:59,653 LT1-thread root DEBUG client.py                 80    logger_log                : l2cap_command_rsp_succ
2025-06-24 13:41:59,653 LT1-thread root DEBUG client.py                 80    logger_log                : read
2025-06-24 13:41:59,733 BTPWorkerThread-56 (_rx_task) root DEBUG client.py                 80    logger_log                : Read 5 bytes
2025-06-24 13:41:59,753 BTPWorkerThread-56 (_rx_task) root DEBUG client.py                 80    logger_log                : Received: hdr: Header(svc_id=0x03, op=0x03, ctrl_index=0x00, data_len=0x00) bytearray(b'\x03\x03\x00\x00\x00')
2025-06-24 13:41:59,773 BTPWorkerThread-56 (_rx_task) root DEBUG client.py                 80    logger_log                : Received data: {''}, bytearray(b'')
2025-06-24 13:41:59,793 LT1-thread root DEBUG client.py                 80    logger_log                : received Header(svc_id=3, op=3, ctrl_index=0, data_len=0) (b'',)
2025-06-24 13:41:59,793 BTPWorkerThread-56 (_rx_task) root DEBUG client.py                 80    logger_log                : Read 5 bytes
2025-06-24 13:41:59,793 LT1-thread root DEBUG client.py                 80    logger_log                : Sending response 'OK' to wid 14 test case L2CAP/COS/CED/BV-04-C
2025-06-24 13:41:59,793 BTPWorkerThread-56 (_rx_task) root DEBUG client.py                 80    logger_log                : Received: hdr: Header(svc_id=0x03, op=0x82, ctrl_index=0x00, data_len=0x0c) bytearray(b'\x03\x82\x00\x0c\x00')
2025-06-24 13:41:59,793 BTPWorkerThread-56 (_rx_task) root DEBUG client.py                 80    logger_log                : Read 12 bytes data
2025-06-24 13:41:59,793 BTPWorkerThread-56 (_rx_task) root DEBUG client.py                 80    logger_log                : Received data: {'00 00 02 00 00 e0 4e e4 08 dc 1b 00'}, bytearray(b'\x00\x00\x02\x00\x00\xe0N\xe4\x08\xdc\x1b\x00')
2025-06-24 13:41:59,793 BTPWorkerThread-56 (_rx_task) root DEBUG client.py                 80    logger_log                : event_handler Header(svc_id=3, op=130, ctrl_index=0, data_len=12) (b'\x00\x00\x02\x00\x00\xe0N\xe4\x08\xdc\x1b\x00',)
2025-06-24 13:41:59,793 BTPWorkerThread-56 (_rx_task) root DEBUG client.py                 80    logger_log                : l2cap_disconnected_ev b'\x00\x00\x02\x00\x00\xe0N\xe4\x08\xdc\x1b\x00' 12
2025-06-24 13:41:59,793 BTPWorkerThread-56 (_rx_task) root DEBUG client.py                 80    logger_log                : id:2 on psm:0, addr b'N\xe4\x08\xdc\x1b\x00' type 224, res 'Success'
2025-06-24 13:41:59,793 LT1-thread root DEBUG client.py                 80    logger_log                : ClientCallback.get_result run_test_case
2025-06-24 13:41:59,793 LT1-callback ClientCallback.on_implicit_send INFO client.py                 80    logger_log                : 
    ********************
    BEGIN OnImplicitSend:
    project_name: L2CAP
    wid: 22
    test_case_name: L2CAP/COS/CED/BV-04-C
    description:  Initiate an ACL disconnection from the IUT to the PTS.
Description : The Implementation Under Test(IUT) should disconnect ACL channel by sending a disconnect request to PTS.
    style: MMI_Style_Ok_Cancel2 0x11141
2025-06-24 13:41:59,793 LT1-callback ClientCallback.on_implicit_send INFO client.py                 80    logger_log                : Calling test cases on_implicit_send
2025-06-24 13:41:59,793 LT1-callback ClientCallback.on_implicit_send INFO client.py                 80    logger_log                : 
    on_implicit_send returned response: WAIT
    END OnImplicitSend
    ********************
2025-06-24 13:42:00,804 LT1-thread root DEBUG client.py                 80    logger_log                : L2CAP L2CAP/COS/CED/BV-04-C on_implicit_send
2025-06-24 13:42:00,804 LT1-thread root DEBUG client.py                 80    logger_log                : l2cap_wid_hdl, 22,  Initiate an ACL disconnection from the IUT to the PTS.
Description : The Implementation Under Test(IUT) should disconnect ACL channel by sending a disconnect request to PTS., L2CAP/COS/CED/BV-04-C
2025-06-24 13:42:00,804 LT1-thread root DEBUG client.py                 80    logger_log                : gap_disconn None 224
2025-06-24 13:42:00,804 LT1-thread root DEBUG client.py                 80    logger_log                : send, 1 15 0 "bytearray(b'\\xe0N\\xe4\\x08\\xdc\\x1b\\x00')"
2025-06-24 13:42:00,804 LT1-thread root DEBUG client.py                 80    logger_log                : sending frame '010f000700e04ee408dc1b00'
2025-06-24 13:42:00,804 LT1-thread root DEBUG client.py                 80    logger_log                : read
2025-06-24 13:42:00,874 BTPWorkerThread-56 (_rx_task) root DEBUG client.py                 80    logger_log                : Read 5 bytes
2025-06-24 13:42:00,894 BTPWorkerThread-56 (_rx_task) root DEBUG client.py                 80    logger_log                : Received: hdr: Header(svc_id=0x01, op=0x0f, ctrl_index=0x00, data_len=0x00) bytearray(b'\x01\x0f\x00\x00\x00')
2025-06-24 13:42:00,914 BTPWorkerThread-56 (_rx_task) root DEBUG client.py                 80    logger_log                : Received data: {''}, bytearray(b'')
2025-06-24 13:42:00,934 LT1-thread root DEBUG client.py                 80    logger_log                : Sending response 'OK' to wid 22 test case L2CAP/COS/CED/BV-04-C
2025-06-24 13:42:00,934 BTPWorkerThread-56 (_rx_task) root DEBUG client.py                 80    logger_log                : Read 5 bytes
2025-06-24 13:42:00,934 BTPWorkerThread-56 (_rx_task) root DEBUG client.py                 80    logger_log                : Received: hdr: Header(svc_id=0x01, op=0x83, ctrl_index=0x00, data_len=0x07) bytearray(b'\x01\x83\x00\x07\x00')
2025-06-24 13:42:00,934 BTPWorkerThread-56 (_rx_task) root DEBUG client.py                 80    logger_log                : Read 7 bytes data
2025-06-24 13:42:00,934 BTPWorkerThread-56 (_rx_task) root DEBUG client.py                 80    logger_log                : Received data: {'e0 4e e4 08 dc 1b 00'}, bytearray(b'\xe0N\xe4\x08\xdc\x1b\x00')
2025-06-24 13:42:00,934 BTPWorkerThread-56 (_rx_task) root DEBUG client.py                 80    logger_log                : event_handler Header(svc_id=1, op=131, ctrl_index=0, data_len=7) (b'\xe0N\xe4\x08\xdc\x1b\x00',)
2025-06-24 13:42:00,934 BTPWorkerThread-56 (_rx_task) root DEBUG client.py                 80    logger_log                : gap_disconnected_ev_ b'\xe0N\xe4\x08\xdc\x1b\x00'
2025-06-24 13:42:00,934 LT1-thread root DEBUG client.py                 80    logger_log                : ClientCallback.get_result run_test_case
2025-06-24 13:42:05,846 LT1-callback ClientCallback.log INFO client.py                 80    logger_log                : PTS_LOGTYPE_START_TEST Start Test Case 

+204 ms
 L2CAP/COS/CED/BV-04-C L2CAP/COS/CED/BV-04-C

2025-06-24 13:42:06,727 LT1-callback ClientCallback.log INFO client.py                 80    logger_log                : PTS_LOGTYPE_FINAL_VERDICT Final Verdict 

+18360 ms
 L2CAP/COS/CED/BV-04-C PASS

2025-06-24 13:42:06,737 LT1-callback ClientCallback.log INFO client.py                 80    logger_log                : PTS_LOGTYPE_FINAL_VERDICT Encrypted Verdict 

+18360 ms
 L2CAP/COS/CED/BV-04-C A1#ZWY4MzQ5MDg3MmQwNTIxOGQzMzQ5YjY2ODA5M2MzNjQ5ZDY4NmY0Yjc2MzIzM2VkNTUyNTFhNGU4Mjg1MjI0NA==#ur0647ZUHbWB7P7lmTLb/424gmDus+BZjyPcL6dxlTh70hlgMNiqbEdlyuY+cF1l

2025-06-24 13:42:06,747 LT1-callback ClientCallback.log INFO client.py                 80    logger_log                : PTS_LOGTYPE_END_TEST Test Case Ended 

+18360 ms
 L2CAP/COS/CED/BV-04-C L2CAP/COS/CED/BV-04-C

2025-06-24 13:42:06,907 LT1-callback root DEBUG client.py                 80    logger_log                : ClientCallback, set_result, run_test_case, PASS
2025-06-24 13:42:06,907 LT1-thread root DEBUG client.py                 80    logger_log                : After run_test_case error_code=0 status='PASS'
2025-06-24 13:42:06,917 LT1-thread root DEBUG client.py                 80    logger_log                : post_run L2CAP L2CAP/COS/CED/BV-04-C 0
2025-06-24 13:42:06,917 LT1-thread root DEBUG client.py                 80    logger_log                : Starting test function: class=<class 'autopts.ptsprojects.testcase.TestFuncCleanUp'>, func=<bound method Stack.cleanup of <autopts.ptsprojects.stack.stack.Stack object at 0x00000269A2E81450>> start_wid=None stop_wid=None post_wid=None skip_call=None call_count=1 args=() kwds={}
2025-06-24 13:42:06,917 LT1-thread root DEBUG client.py                 80    logger_log                : Test function parameters: args=(), kwds={}
2025-06-24 13:42:06,917 LT1-thread root DEBUG client.py                 80    logger_log                : Starting test function: class=<class 'autopts.ptsprojects.testcase.TestFuncCleanUp'>, func=<bound method ZephyrCtl.stop of <autopts.ptsprojects.zephyr.iutctl.ZephyrCtl object at 0x00000269A2DF6110>> start_wid=None stop_wid=None post_wid=None skip_call=None call_count=1 args=() kwds={}
2025-06-24 13:42:06,917 LT1-thread root DEBUG client.py                 80    logger_log                : Test function parameters: args=(), kwds={}
2025-06-24 13:42:06,917 LT1-thread root DEBUG client.py                 80    logger_log                : <class 'autopts.ptsprojects.zephyr.iutctl.ZephyrCtl'>.stop
2025-06-24 13:42:06,917 LT1-thread root DEBUG client.py                 80    logger_log                : About to reset DUT: JLink -CommandFile reset.jlink -usb 1063214216 -device MIMXRT1176XXXA_M7
2025-06-24 13:42:07,445 BTPWorkerThread-56 (_rx_task) root DEBUG client.py                 80    logger_log                : Read 5 bytes
2025-06-24 13:42:07,465 BTPWorkerThread-56 (_rx_task) root DEBUG client.py                 80    logger_log                : Received: hdr: Header(svc_id=0x00, op=0x80, ctrl_index=0xff, data_len=0x00) bytearray(b'\x00\x80\xff\x00\x00')
2025-06-24 13:42:07,485 BTPWorkerThread-56 (_rx_task) root DEBUG client.py                 80    logger_log                : Received data: {''}, bytearray(b'')
2025-06-24 13:42:07,515 BTPWorkerThread-56 (_rx_task) root DEBUG client.py                 80    logger_log                : event_handler Header(svc_id=0, op=128, ctrl_index=255, data_len=0) (b'',)
2025-06-24 13:42:07,535 BTPWorkerThread-56 (_rx_task) root DEBUG client.py                 80    logger_log                : core_iut_ready_ev
2025-06-24 13:42:07,555 LT1-thread root DEBUG client.py                 80    logger_log                : IUT ready event received OK
2025-06-24 13:42:07,555 LT1-thread root DEBUG client.py                 80    logger_log                : Waiting for _rx_worker to finish ...
2025-06-24 13:42:08,555 BTPWorkerThread-56 (_rx_task) root DEBUG client.py                 80    logger_log                : BTPWorkerThread-56 (_rx_task) finishing...
2025-06-24 13:42:08,555 LT1-thread root DEBUG client.py                 80    logger_log                : Waiting for _rx_worker to finish ...
2025-06-24 13:42:11,563 LT1-thread root DEBUG client.py                 80    logger_log                : post_run, cleanup running post test case script
2025-06-24 13:42:11,563 LT1-thread root DEBUG client.py                 80    logger_log                : post_run, run post test case script
2025-06-24 13:42:11,698 LT1-thread root DEBUG client.py                 80    logger_log                : Done TestCase _run_test_case L2CAP L2CAP/COS/CED/BV-04-C
