2025-05-27 22:39:39,452 LT1-thread root DEBUG client.py                 71    logger_log                : Starting TestCase _run_test_case GAP GAP/BROB/BCST/BV-03-C
2025-05-27 22:39:39,452 LT1-thread root DEBUG client.py                 71    logger_log                : pre_run GAP GAP/BROB/BCST/BV-03-C
2025-05-27 22:39:39,452 LT1-thread root DEBUG client.py                 71    logger_log                : About to run test case GAP GAP/BROB/BCST/BV-03-C with commands:
2025-05-27 22:39:39,452 LT1-thread root DEBUG client.py                 71    logger_log                : 0) class=<class 'autopts.ptsprojects.testcase.TestFunc'>, func=<bound method Stack.core_init of <autopts.ptsprojects.stack.stack.Stack object at 0x0000021CB07D1790>> start_wid=None stop_wid=None post_wid=None skip_call=None call_count=0 args=() kwds={}
2025-05-27 22:39:39,452 LT1-thread root DEBUG client.py                 71    logger_log                : 1) class=<class 'autopts.ptsprojects.testcase.TestFunc'>, func=<bound method ZephyrCtl.hw_reset of <autopts.ptsprojects.zephyr.iutctl.ZephyrCtl object at 0x0000021CADA26350>> start_wid=None stop_wid=None post_wid=None skip_call=None call_count=0 args=() kwds={}
2025-05-27 22:39:39,462 LT1-thread root DEBUG client.py                 71    logger_log                : 2) class=<class 'autopts.ptsprojects.testcase.TestFunc'>, func=<bound method ZephyrCtl.start of <autopts.ptsprojects.zephyr.iutctl.ZephyrCtl object at 0x0000021CADA26350>> start_wid=None stop_wid=None post_wid=None skip_call=None call_count=0 args=(<autopts.ptsprojects.zephyr.ztestcase.ZTestCase object at 0x0000021CB0C44150>,) kwds={}
2025-05-27 22:39:39,462 LT1-thread root DEBUG client.py                 71    logger_log                : 3) class=<class 'autopts.ptsprojects.testcase.TestFunc'>, func=<bound method ZephyrCtl.hw_reset of <autopts.ptsprojects.zephyr.iutctl.ZephyrCtl object at 0x0000021CADA26350>> start_wid=None stop_wid=None post_wid=None skip_call=None call_count=0 args=() kwds={}
2025-05-27 22:39:39,462 LT1-thread root DEBUG client.py                 71    logger_log                : 4) class=<class 'autopts.ptsprojects.testcase.TestFunc'>, func=<bound method ZephyrCtl.wait_iut_ready_event of <autopts.ptsprojects.zephyr.iutctl.ZephyrCtl object at 0x0000021CADA26350>> start_wid=None stop_wid=None post_wid=None skip_call=None call_count=0 args=(False,) kwds={}
2025-05-27 22:39:39,462 LT1-thread root DEBUG client.py                 71    logger_log                : 5) class=<class 'autopts.ptsprojects.testcase.TestFunc'>, func=<function core_reg_svc_gap at 0x0000021CAC664AE0> start_wid=None stop_wid=None post_wid=None skip_call=None call_count=271 args=() kwds={}
2025-05-27 22:39:39,462 LT1-thread root DEBUG client.py                 71    logger_log                : 6) class=<class 'autopts.ptsprojects.testcase.TestFunc'>, func=<bound method Stack.gap_init of <autopts.ptsprojects.stack.stack.Stack object at 0x0000021CB07D1790>> start_wid=None stop_wid=None post_wid=None skip_call=None call_count=251 args=(b'Tester_08E44E', 'ABCD', '1111', '1111', '11', '1111', b'\x17github.com/auto-pts', (8, 'PADV_Tester'), 'FF') kwds={}
2025-05-27 22:39:39,462 LT1-thread root DEBUG client.py                 71    logger_log                : 7) class=<class 'autopts.ptsprojects.testcase.TestFunc'>, func=<function gap_read_ctrl_info at 0x0000021CAC678AE0> start_wid=None stop_wid=None post_wid=None skip_call=None call_count=251 args=() kwds={}
2025-05-27 22:39:39,462 LT1-thread root DEBUG client.py                 71    logger_log                : 8) class=<class 'autopts.ptsprojects.testcase.TestFunc'>, func=<function test_cases.<locals>.<lambda> at 0x0000021CB0BED620> start_wid=None stop_wid=None post_wid=None skip_call=None call_count=251 args=() kwds={}
2025-05-27 22:39:39,462 LT1-thread root DEBUG client.py                 71    logger_log                : 9) class=<class 'autopts.ptsprojects.testcase.TestFunc'>, func=<function test_cases.<locals>.<lambda> at 0x0000021CB0BED6C0> start_wid=None stop_wid=None post_wid=None skip_call=None call_count=251 args=() kwds={}
2025-05-27 22:39:39,462 LT1-thread root DEBUG client.py                 71    logger_log                : 10) class=<class 'autopts.ptsprojects.testcase.TestFunc'>, func=<function test_cases.<locals>.<lambda> at 0x0000021CB0BEC360> start_wid=None stop_wid=None post_wid=None skip_call=None call_count=251 args=() kwds={}
2025-05-27 22:39:39,462 LT1-thread root DEBUG client.py                 71    logger_log                : 11) class=<class 'autopts.ptsprojects.testcase.TestFunc'>, func=<function test_cases.<locals>.<lambda> at 0x0000021CB0BED4E0> start_wid=None stop_wid=None post_wid=None skip_call=None call_count=251 args=() kwds={}
2025-05-27 22:39:39,462 LT1-thread root DEBUG client.py                 71    logger_log                : 12) class=<class 'autopts.ptsprojects.testcase.TestFunc'>, func=<function test_cases.<locals>.<lambda> at 0x0000021CB0BEC4A0> start_wid=None stop_wid=None post_wid=None skip_call=None call_count=251 args=() kwds={}
2025-05-27 22:39:39,462 LT1-thread root DEBUG client.py                 71    logger_log                : 13) class=<class 'autopts.ptsprojects.testcase.TestFunc'>, func=<function test_cases.<locals>.<lambda> at 0x0000021CB0BEC220> start_wid=None stop_wid=None post_wid=None skip_call=None call_count=251 args=() kwds={}
2025-05-27 22:39:39,462 LT1-thread root DEBUG client.py                 71    logger_log                : 14) class=<class 'autopts.ptsprojects.testcase.TestFunc'>, func=<function test_cases.<locals>.<lambda> at 0x0000021CB0BED580> start_wid=None stop_wid=None post_wid=None skip_call=None call_count=251 args=() kwds={}
2025-05-27 22:39:39,462 LT1-thread root DEBUG client.py                 71    logger_log                : 15) class=<class 'autopts.ptsprojects.testcase.TestFunc'>, func=<function test_cases.<locals>.<lambda> at 0x0000021CB0BED760> start_wid=None stop_wid=None post_wid=None skip_call=None call_count=251 args=() kwds={}
2025-05-27 22:39:39,462 LT1-thread root DEBUG client.py                 71    logger_log                : 16) class=<class 'autopts.ptsprojects.testcase.TestFunc'>, func=<function test_cases.<locals>.<lambda> at 0x0000021CB0BED800> start_wid=None stop_wid=None post_wid=None skip_call=None call_count=251 args=() kwds={}
2025-05-27 22:39:39,462 LT1-thread root DEBUG client.py                 71    logger_log                : 17) class=<class 'autopts.ptsprojects.testcase.TestFunc'>, func=<function test_cases.<locals>.<lambda> at 0x0000021CB0BED8A0> start_wid=None stop_wid=None post_wid=None skip_call=None call_count=251 args=() kwds={}
2025-05-27 22:39:39,462 LT1-thread root DEBUG client.py                 71    logger_log                : 18) class=<class 'autopts.ptsprojects.testcase.TestFunc'>, func=<function test_cases.<locals>.<lambda> at 0x0000021CB0BED940> start_wid=None stop_wid=None post_wid=None skip_call=None call_count=251 args=() kwds={}
2025-05-27 22:39:39,462 LT1-thread root DEBUG client.py                 71    logger_log                : 19) class=<class 'autopts.ptsprojects.testcase.TestFunc'>, func=<function test_cases.<locals>.<lambda> at 0x0000021CB0BED9E0> start_wid=None stop_wid=None post_wid=None skip_call=None call_count=251 args=() kwds={}
2025-05-27 22:39:39,462 LT1-thread root DEBUG client.py                 71    logger_log                : 20) class=<class 'autopts.ptsprojects.testcase.TestFunc'>, func=<function core_reg_svc_gatt at 0x0000021CAC664C20> start_wid=None stop_wid=None post_wid=None skip_call=None call_count=251 args=() kwds={}
2025-05-27 22:39:39,462 LT1-thread root DEBUG client.py                 71    logger_log                : 21) class=<class 'autopts.ptsprojects.testcase.TestFunc'>, func=<bound method Stack.gatt_init of <autopts.ptsprojects.stack.stack.Stack object at 0x0000021CB07D1790>> start_wid=None stop_wid=None post_wid=None skip_call=None call_count=251 args=() kwds={}
2025-05-27 22:39:39,462 LT1-thread root DEBUG client.py                 71    logger_log                : 22) class=<class 'autopts.ptsprojects.testcase.TestFunc'>, func=<function gap_set_io_cap at 0x0000021CAC667F60> start_wid=None stop_wid=None post_wid=None skip_call=None call_count=251 args=(4,) kwds={}
2025-05-27 22:39:39,462 LT1-thread root DEBUG client.py                 71    logger_log                : 23) class=<class 'autopts.ptsprojects.testcase.TestFunc'>, func=<function set_pts_addr at 0x0000021CAC664680> start_wid=None stop_wid=None post_wid=None skip_call=None call_count=251 args=('00:1B:DC:08:E4:4E', 0) kwds={}
2025-05-27 22:39:39,462 LT1-thread root DEBUG client.py                 71    logger_log                : 24) class=<class 'autopts.ptsprojects.testcase.TestFunc'>, func=<function gatts_add_svc at 0x0000021CAC67A480> start_wid=None stop_wid=None post_wid=None skip_call=None call_count=210 args=(0, 'AA51') kwds={}
2025-05-27 22:39:39,462 LT1-thread root DEBUG client.py                 71    logger_log                : 25) class=<class 'autopts.ptsprojects.testcase.TestFunc'>, func=<function gatts_add_char at 0x0000021CAC67A5C0> start_wid=None stop_wid=None post_wid=None skip_call=None call_count=210 args=(0, 2, 17, 'AA52') kwds={}
2025-05-27 22:39:39,462 LT1-thread root DEBUG client.py                 71    logger_log                : 26) class=<class 'autopts.ptsprojects.testcase.TestFunc'>, func=<function gatts_set_val at 0x0000021CAC67A660> start_wid=None stop_wid=None post_wid=None skip_call=None call_count=210 args=(0, '01') kwds={}
2025-05-27 22:39:39,462 LT1-thread root DEBUG client.py                 71    logger_log                : 27) class=<class 'autopts.ptsprojects.testcase.TestFunc'>, func=<function gatts_add_char at 0x0000021CAC67A5C0> start_wid=None stop_wid=None post_wid=None skip_call=None call_count=210 args=(0, 2, 5, 'AA53') kwds={}
2025-05-27 22:39:39,462 LT1-thread root DEBUG client.py                 71    logger_log                : 28) class=<class 'autopts.ptsprojects.testcase.TestFunc'>, func=<function gatts_set_val at 0x0000021CAC67A660> start_wid=None stop_wid=None post_wid=None skip_call=None call_count=210 args=(0, '02') kwds={}
2025-05-27 22:39:39,462 LT1-thread root DEBUG client.py                 71    logger_log                : 29) class=<class 'autopts.ptsprojects.testcase.TestFunc'>, func=<function gatts_add_char at 0x0000021CAC67A5C0> start_wid=None stop_wid=None post_wid=None skip_call=None call_count=210 args=(0, 66, 3, 'AA54') kwds={}
2025-05-27 22:39:39,462 LT1-thread root DEBUG client.py                 71    logger_log                : 30) class=<class 'autopts.ptsprojects.testcase.TestFunc'>, func=<function gatts_set_val at 0x0000021CAC67A660> start_wid=None stop_wid=None post_wid=None skip_call=None call_count=210 args=(0, '03') kwds={}
2025-05-27 22:39:39,462 LT1-thread root DEBUG client.py                 71    logger_log                : 31) class=<class 'autopts.ptsprojects.testcase.TestFunc'>, func=<function gatts_add_char at 0x0000021CAC67A5C0> start_wid=None stop_wid=None post_wid=None skip_call=None call_count=210 args=(0, 10, 48, 'AA55') kwds={}
2025-05-27 22:39:39,462 LT1-thread root DEBUG client.py                 71    logger_log                : 32) class=<class 'autopts.ptsprojects.testcase.TestFunc'>, func=<function gatts_set_val at 0x0000021CAC67A660> start_wid=None stop_wid=None post_wid=None skip_call=None call_count=210 args=(0, '04') kwds={}
2025-05-27 22:39:39,462 LT1-thread root DEBUG client.py                 71    logger_log                : 33) class=<class 'autopts.ptsprojects.testcase.TestFunc'>, func=<function gatts_start_server at 0x0000021CAC67A8E0> start_wid=None stop_wid=None post_wid=None skip_call=None call_count=210 args=() kwds={}
2025-05-27 22:39:39,462 LT1-thread root DEBUG client.py                 71    logger_log                : 34) class=<class 'autopts.ptsprojects.testcase.TestFuncCleanUp'>, func=<bound method Stack.cleanup of <autopts.ptsprojects.stack.stack.Stack object at 0x0000021CB07D1790>> start_wid=None stop_wid=None post_wid=None skip_call=None call_count=0 args=() kwds={}
2025-05-27 22:39:39,462 LT1-thread root DEBUG client.py                 71    logger_log                : 35) class=<class 'autopts.ptsprojects.testcase.TestFuncCleanUp'>, func=<bound method ZephyrCtl.stop of <autopts.ptsprojects.zephyr.iutctl.ZephyrCtl object at 0x0000021CADA26350>> start_wid=None stop_wid=None post_wid=None skip_call=None call_count=0 args=() kwds={}
2025-05-27 22:39:39,462 LT1-thread root DEBUG client.py                 71    logger_log                : pre_run, run pre test case script
2025-05-27 22:39:39,472 LT1-thread root DEBUG client.py                 71    logger_log                : Starting test function: class=<class 'autopts.ptsprojects.testcase.TestFunc'>, func=<bound method Stack.core_init of <autopts.ptsprojects.stack.stack.Stack object at 0x0000021CB07D1790>> start_wid=None stop_wid=None post_wid=None skip_call=None call_count=1 args=() kwds={}
2025-05-27 22:39:39,472 LT1-thread root DEBUG client.py                 71    logger_log                : Test function parameters: args=(), kwds={}
2025-05-27 22:39:39,472 LT1-thread root DEBUG client.py                 71    logger_log                : Starting test function: class=<class 'autopts.ptsprojects.testcase.TestFunc'>, func=<bound method ZephyrCtl.hw_reset of <autopts.ptsprojects.zephyr.iutctl.ZephyrCtl object at 0x0000021CADA26350>> start_wid=None stop_wid=None post_wid=None skip_call=None call_count=1 args=() kwds={}
2025-05-27 22:39:39,472 LT1-thread root DEBUG client.py                 71    logger_log                : Test function parameters: args=(), kwds={}
2025-05-27 22:39:39,472 LT1-thread root DEBUG client.py                 71    logger_log                : Starting test function: class=<class 'autopts.ptsprojects.testcase.TestFunc'>, func=<bound method ZephyrCtl.start of <autopts.ptsprojects.zephyr.iutctl.ZephyrCtl object at 0x0000021CADA26350>> start_wid=None stop_wid=None post_wid=None skip_call=None call_count=1 args=(<autopts.ptsprojects.zephyr.ztestcase.ZTestCase object at 0x0000021CB0C44150>,) kwds={}
2025-05-27 22:39:39,472 LT1-thread root DEBUG client.py                 71    logger_log                : Test function parameters: args=(<autopts.ptsprojects.zephyr.ztestcase.ZTestCase object at 0x0000021CB0C44150>,), kwds={}
2025-05-27 22:39:39,472 LT1-thread root DEBUG client.py                 71    logger_log                : <class 'autopts.ptsprojects.zephyr.iutctl.ZephyrCtl'>.start
2025-05-27 22:39:39,472 LT1-thread root DEBUG client.py                 71    logger_log                : <class 'autopts.ptsprojects.zephyr.iutctl.ZephyrCtl'>.flush_serial
2025-05-27 22:39:40,773 LT1-thread root DEBUG client.py                 71    logger_log                : Starting socat process: socat.exe -x -v tcp:10.17.12.103:63352,retry=100,interval=1 /dev/ttyS43,raw,b115200
2025-05-27 22:39:40,793 LT1-thread root DEBUG client.py                 71    logger_log                : accept
2025-05-27 22:39:40,933 BTPWorkerThread-6243 (_rx_task) root DEBUG client.py                 71    logger_log                : BTPWorkerThread-6243 (_rx_task) started
2025-05-27 22:39:40,933 LT1-thread root DEBUG client.py                 71    logger_log                : Starting test function: class=<class 'autopts.ptsprojects.testcase.TestFunc'>, func=<bound method ZephyrCtl.hw_reset of <autopts.ptsprojects.zephyr.iutctl.ZephyrCtl object at 0x0000021CADA26350>> start_wid=None stop_wid=None post_wid=None skip_call=None call_count=1 args=() kwds={}
2025-05-27 22:39:40,933 LT1-thread root DEBUG client.py                 71    logger_log                : Test function parameters: args=(), kwds={}
2025-05-27 22:39:40,933 LT1-thread root DEBUG client.py                 71    logger_log                : Starting test function: class=<class 'autopts.ptsprojects.testcase.TestFunc'>, func=<bound method ZephyrCtl.wait_iut_ready_event of <autopts.ptsprojects.zephyr.iutctl.ZephyrCtl object at 0x0000021CADA26350>> start_wid=None stop_wid=None post_wid=None skip_call=None call_count=1 args=(False,) kwds={}
2025-05-27 22:39:40,933 LT1-thread root DEBUG client.py                 71    logger_log                : Test function parameters: args=(False,), kwds={}
2025-05-27 22:39:40,933 LT1-thread root DEBUG client.py                 71    logger_log                : IUT ready event received OK
2025-05-27 22:39:40,943 LT1-thread root DEBUG client.py                 71    logger_log                : Starting test function: class=<class 'autopts.ptsprojects.testcase.TestFunc'>, func=<function core_reg_svc_gap at 0x0000021CAC664AE0> start_wid=None stop_wid=None post_wid=None skip_call=None call_count=272 args=() kwds={}
2025-05-27 22:39:40,943 LT1-thread root DEBUG client.py                 71    logger_log                : Test function parameters: args=(), kwds={}
2025-05-27 22:39:40,943 LT1-thread root DEBUG client.py                 71    logger_log                : core_reg_svc_univ: gap_reg (GAP)
2025-05-27 22:39:40,943 LT1-thread root DEBUG client.py                 71    logger_log                : send, 0 3 255 '1'
2025-05-27 22:39:40,943 LT1-thread root DEBUG client.py                 71    logger_log                : sending frame '0003ff010001'
2025-05-27 22:39:40,943 LT1-thread root DEBUG client.py                 71    logger_log                : core_reg_svc_rsp_succ
2025-05-27 22:39:40,943 LT1-thread root DEBUG client.py                 71    logger_log                : read
2025-05-27 22:39:44,534 BTPWorkerThread-6243 (_rx_task) root DEBUG client.py                 71    logger_log                : Read 5 bytes
2025-05-27 22:39:44,554 BTPWorkerThread-6243 (_rx_task) root DEBUG client.py                 71    logger_log                : Received: hdr: Header(svc_id=0x00, op=0x03, ctrl_index=0xff, data_len=0x00) bytearray(b'\x00\x03\xff\x00\x00')
2025-05-27 22:39:44,574 BTPWorkerThread-6243 (_rx_task) root DEBUG client.py                 71    logger_log                : Received data: {''}, bytearray(b'')
2025-05-27 22:39:44,604 LT1-thread root DEBUG client.py                 71    logger_log                : received Header(svc_id=0, op=3, ctrl_index=255, data_len=0) (b'',)
2025-05-27 22:39:44,604 LT1-thread root DEBUG client.py                 71    logger_log                : expected ((0, 3, 255, 0), (b'',))
2025-05-27 22:39:44,604 LT1-thread root DEBUG client.py                 71    logger_log                : response is valid
2025-05-27 22:39:44,604 LT1-thread root DEBUG client.py                 71    logger_log                : Reading supported commands for service: GAP
2025-05-27 22:39:44,604 LT1-thread root DEBUG client.py                 71    logger_log                : send, 1 1 255 ''
2025-05-27 22:39:44,604 LT1-thread root DEBUG client.py                 71    logger_log                : sending frame '0101ff0000'
2025-05-27 22:39:44,604 LT1-thread root DEBUG client.py                 71    logger_log                : read
2025-05-27 22:39:44,674 BTPWorkerThread-6243 (_rx_task) root DEBUG client.py                 71    logger_log                : Read 5 bytes
2025-05-27 22:39:44,694 BTPWorkerThread-6243 (_rx_task) root DEBUG client.py                 71    logger_log                : Received: hdr: Header(svc_id=0x01, op=0x01, ctrl_index=0xff, data_len=0x06) bytearray(b'\x01\x01\xff\x06\x00')
2025-05-27 22:39:44,734 BTPWorkerThread-6243 (_rx_task) root DEBUG client.py                 71    logger_log                : Read 6 bytes data
2025-05-27 22:39:44,754 BTPWorkerThread-6243 (_rx_task) root DEBUG client.py                 71    logger_log                : Received data: {'6e ff 7f 1f 7e 04'}, bytearray(b'n\xff\x7f\x1f~\x04')
2025-05-27 22:39:44,784 LT1-thread root DEBUG client.py                 71    logger_log                : Starting test function: class=<class 'autopts.ptsprojects.testcase.TestFunc'>, func=<bound method Stack.gap_init of <autopts.ptsprojects.stack.stack.Stack object at 0x0000021CB07D1790>> start_wid=None stop_wid=None post_wid=None skip_call=None call_count=252 args=(b'Tester_08E44E', 'ABCD', '1111', '1111', '11', '1111', b'\x17github.com/auto-pts', (8, 'PADV_Tester'), 'FF') kwds={}
2025-05-27 22:39:44,784 LT1-thread root DEBUG client.py                 71    logger_log                : Test function parameters: args=(b'Tester_08E44E', 'ABCD', '1111', '1111', '11', '1111', b'\x17github.com/auto-pts', (8, 'PADV_Tester'), 'FF'), kwds={}
2025-05-27 22:39:44,784 LT1-thread root DEBUG client.py                 71    logger_log                : Starting test function: class=<class 'autopts.ptsprojects.testcase.TestFunc'>, func=<function gap_read_ctrl_info at 0x0000021CAC678AE0> start_wid=None stop_wid=None post_wid=None skip_call=None call_count=252 args=() kwds={}
2025-05-27 22:39:44,784 LT1-thread root DEBUG client.py                 71    logger_log                : Test function parameters: args=(), kwds={}
2025-05-27 22:39:44,784 LT1-thread root DEBUG client.py                 71    logger_log                : gap_read_ctrl_info
2025-05-27 22:39:44,784 LT1-thread root DEBUG client.py                 71    logger_log                : send, 1 3 0 ''
2025-05-27 22:39:44,784 LT1-thread root DEBUG client.py                 71    logger_log                : sending frame '0103000000'
2025-05-27 22:39:44,784 LT1-thread root DEBUG client.py                 71    logger_log                : read
2025-05-27 22:39:44,844 BTPWorkerThread-6243 (_rx_task) root DEBUG client.py                 71    logger_log                : Read 5 bytes
2025-05-27 22:39:44,864 BTPWorkerThread-6243 (_rx_task) root DEBUG client.py                 71    logger_log                : Received: hdr: Header(svc_id=0x01, op=0x03, ctrl_index=0x00, data_len=0x115) bytearray(b'\x01\x03\x00\x15\x01')
2025-05-27 22:39:44,904 BTPWorkerThread-6243 (_rx_task) root DEBUG client.py                 71    logger_log                : Read 277 bytes data
2025-05-27 22:39:44,924 BTPWorkerThread-6243 (_rx_task) root DEBUG client.py                 71    logger_log                : Received data: {'ed 31 5d f4 f0 40 d3 06 02 00 13 22 00 00 00 00 00 62 74 70 5f 74 65 73 74 65 72 00 00 00 00 00 00 00 00 00 00 00 00 00 00 00 00 00 00 00 00 00 00 00 00 00 00 00 00 00 00 00 00 00 00 00 00 00 00 00 00 00 00 00 00 00 00 00 00 00 00 00 00 00 00 00 00 00 00 00 00 00 00 00 00 00 00 00 00 00 00 00 00 00 00 00 00 00 00 00 00 00 00 00 00 00 00 00 00 00 00 00 00 00 00 00 00 00 00 00 00 00 00 00 00 00 00 00 00 00 00 00 00 00 00 00 00 00 00 00 00 00 00 00 00 00 00 00 00 00 00 00 00 00 00 00 00 00 00 00 00 00 00 00 00 00 00 00 00 00 00 00 00 00 00 00 00 00 00 00 00 00 00 00 00 00 00 00 00 00 00 00 00 00 00 00 00 00 00 00 00 00 00 00 00 00 00 00 00 00 00 00 00 00 00 00 00 00 00 00 00 00 00 00 00 00 00 00 00 00 00 00 00 00 00 00 00 00 00 00 00 00 00 00 00 00 00 00 00 00 00 00 00 00 00 00 00 00 00 00 00 00 00 00 00 00 00 00 00 00 00'}, bytearray(b'\xed1]\xf4\xf0@\xd3\x06\x02\x00\x13"\x00\x00\x00\x00\x00btp_tester\x00\x00\x00\x00\x00\x00\x00\x00\x00\x00\x00\x00\x00\x00\x00\x00\x00\x00\x00\x00\x00\x00\x00\x00\x00\x00\x00\x00\x00\x00\x00\x00\x00\x00\x00\x00\x00\x00\x00\x00\x00\x00\x00\x00\x00\x00\x00\x00\x00\x00\x00\x00\x00\x00\x00\x00\x00\x00\x00\x00\x00\x00\x00\x00\x00\x00\x00\x00\x00\x00\x00\x00\x00\x00\x00\x00\x00\x00\x00\x00\x00\x00\x00\x00\x00\x00\x00\x00\x00\x00\x00\x00\x00\x00\x00\x00\x00\x00\x00\x00\x00\x00\x00\x00\x00\x00\x00\x00\x00\x00\x00\x00\x00\x00\x00\x00\x00\x00\x00\x00\x00\x00\x00\x00\x00\x00\x00\x00\x00\x00\x00\x00\x00\x00\x00\x00\x00\x00\x00\x00\x00\x00\x00\x00\x00\x00\x00\x00\x00\x00\x00\x00\x00\x00\x00\x00\x00\x00\x00\x00\x00\x00\x00\x00\x00\x00\x00\x00\x00\x00\x00\x00\x00\x00\x00\x00\x00\x00\x00\x00\x00\x00\x00\x00\x00\x00\x00\x00\x00\x00\x00\x00\x00\x00\x00\x00\x00\x00\x00\x00\x00\x00\x00\x00\x00\x00\x00\x00\x00\x00\x00\x00\x00\x00\x00\x00\x00\x00\x00\x00\x00\x00\x00\x00\x00\x00\x00\x00\x00\x00\x00\x00\x00\x00\x00\x00\x00\x00\x00\x00\x00\x00\x00\x00\x00\x00\x00\x00\x00\x00')
2025-05-27 22:39:44,954 LT1-thread root DEBUG client.py                 71    logger_log                : received Header(svc_id=1, op=3, ctrl_index=0, data_len=277) (b'\xed1]\xf4\xf0@\xd3\x06\x02\x00\x13"\x00\x00\x00\x00\x00btp_tester\x00\x00\x00\x00\x00\x00\x00\x00\x00\x00\x00\x00\x00\x00\x00\x00\x00\x00\x00\x00\x00\x00\x00\x00\x00\x00\x00\x00\x00\x00\x00\x00\x00\x00\x00\x00\x00\x00\x00\x00\x00\x00\x00\x00\x00\x00\x00\x00\x00\x00\x00\x00\x00\x00\x00\x00\x00\x00\x00\x00\x00\x00\x00\x00\x00\x00\x00\x00\x00\x00\x00\x00\x00\x00\x00\x00\x00\x00\x00\x00\x00\x00\x00\x00\x00\x00\x00\x00\x00\x00\x00\x00\x00\x00\x00\x00\x00\x00\x00\x00\x00\x00\x00\x00\x00\x00\x00\x00\x00\x00\x00\x00\x00\x00\x00\x00\x00\x00\x00\x00\x00\x00\x00\x00\x00\x00\x00\x00\x00\x00\x00\x00\x00\x00\x00\x00\x00\x00\x00\x00\x00\x00\x00\x00\x00\x00\x00\x00\x00\x00\x00\x00\x00\x00\x00\x00\x00\x00\x00\x00\x00\x00\x00\x00\x00\x00\x00\x00\x00\x00\x00\x00\x00\x00\x00\x00\x00\x00\x00\x00\x00\x00\x00\x00\x00\x00\x00\x00\x00\x00\x00\x00\x00\x00\x00\x00\x00\x00\x00\x00\x00\x00\x00\x00\x00\x00\x00\x00\x00\x00\x00\x00\x00\x00\x00\x00\x00\x00\x00\x00\x00\x00\x00\x00\x00\x00\x00\x00\x00\x00\x00\x00\x00\x00\x00\x00\x00\x00\x00\x00\x00\x00\x00\x00\x00\x00\x00\x00\x00\x00',)
2025-05-27 22:39:44,954 LT1-thread root DEBUG client.py                 71    logger_log                : IUT address '40f0f45d31ed' 'random'
2025-05-27 22:39:44,954 LT1-thread root DEBUG client.py                 71    logger_log                : __gap_current_settings_update 8723
2025-05-27 22:39:44,954 LT1-thread root DEBUG client.py                 71    logger_log                : Starting test function: class=<class 'autopts.ptsprojects.testcase.TestFunc'>, func=<function test_cases.<locals>.<lambda> at 0x0000021CB0BED620> start_wid=None stop_wid=None post_wid=None skip_call=None call_count=252 args=() kwds={}
2025-05-27 22:39:44,954 LT1-thread root DEBUG client.py                 71    logger_log                : Test function parameters: args=(), kwds={}
2025-05-27 22:39:44,964 LT1-thread root DEBUG client.py                 71    logger_log                : Starting test function: class=<class 'autopts.ptsprojects.testcase.TestFunc'>, func=<function test_cases.<locals>.<lambda> at 0x0000021CB0BED6C0> start_wid=None stop_wid=None post_wid=None skip_call=None call_count=252 args=() kwds={}
2025-05-27 22:39:44,964 LT1-thread root DEBUG client.py                 71    logger_log                : Test function parameters: args=(), kwds={}
2025-05-27 22:39:44,984 LT1-thread root DEBUG client.py                 71    logger_log                : Starting test function: class=<class 'autopts.ptsprojects.testcase.TestFunc'>, func=<function test_cases.<locals>.<lambda> at 0x0000021CB0BEC360> start_wid=None stop_wid=None post_wid=None skip_call=None call_count=252 args=() kwds={}
2025-05-27 22:39:44,984 LT1-thread root DEBUG client.py                 71    logger_log                : Test function parameters: args=(), kwds={}
2025-05-27 22:39:45,004 LT1-thread root DEBUG client.py                 71    logger_log                : Starting test function: class=<class 'autopts.ptsprojects.testcase.TestFunc'>, func=<function test_cases.<locals>.<lambda> at 0x0000021CB0BED4E0> start_wid=None stop_wid=None post_wid=None skip_call=None call_count=252 args=() kwds={}
2025-05-27 22:39:45,004 LT1-thread root DEBUG client.py                 71    logger_log                : Test function parameters: args=(), kwds={}
2025-05-27 22:39:45,014 LT1-thread root DEBUG client.py                 71    logger_log                : Starting test function: class=<class 'autopts.ptsprojects.testcase.TestFunc'>, func=<function test_cases.<locals>.<lambda> at 0x0000021CB0BEC4A0> start_wid=None stop_wid=None post_wid=None skip_call=None call_count=252 args=() kwds={}
2025-05-27 22:39:45,014 LT1-thread root DEBUG client.py                 71    logger_log                : Test function parameters: args=(), kwds={}
2025-05-27 22:39:45,034 LT1-thread root DEBUG client.py                 71    logger_log                : Starting test function: class=<class 'autopts.ptsprojects.testcase.TestFunc'>, func=<function test_cases.<locals>.<lambda> at 0x0000021CB0BEC220> start_wid=None stop_wid=None post_wid=None skip_call=None call_count=252 args=() kwds={}
2025-05-27 22:39:45,034 LT1-thread root DEBUG client.py                 71    logger_log                : Test function parameters: args=(), kwds={}
2025-05-27 22:39:45,054 LT1-thread root DEBUG client.py                 71    logger_log                : Starting test function: class=<class 'autopts.ptsprojects.testcase.TestFunc'>, func=<function test_cases.<locals>.<lambda> at 0x0000021CB0BED580> start_wid=None stop_wid=None post_wid=None skip_call=None call_count=252 args=() kwds={}
2025-05-27 22:39:45,054 LT1-thread root DEBUG client.py                 71    logger_log                : Test function parameters: args=(), kwds={}
2025-05-27 22:39:45,064 LT1-thread root DEBUG client.py                 71    logger_log                : Starting test function: class=<class 'autopts.ptsprojects.testcase.TestFunc'>, func=<function test_cases.<locals>.<lambda> at 0x0000021CB0BED760> start_wid=None stop_wid=None post_wid=None skip_call=None call_count=252 args=() kwds={}
2025-05-27 22:39:45,064 LT1-thread root DEBUG client.py                 71    logger_log                : Test function parameters: args=(), kwds={}
2025-05-27 22:39:45,084 LT1-thread root DEBUG client.py                 71    logger_log                : Starting test function: class=<class 'autopts.ptsprojects.testcase.TestFunc'>, func=<function test_cases.<locals>.<lambda> at 0x0000021CB0BED800> start_wid=None stop_wid=None post_wid=None skip_call=None call_count=252 args=() kwds={}
2025-05-27 22:39:45,084 LT1-thread root DEBUG client.py                 71    logger_log                : Test function parameters: args=(), kwds={}
2025-05-27 22:39:45,104 LT1-thread root DEBUG client.py                 71    logger_log                : Starting test function: class=<class 'autopts.ptsprojects.testcase.TestFunc'>, func=<function test_cases.<locals>.<lambda> at 0x0000021CB0BED8A0> start_wid=None stop_wid=None post_wid=None skip_call=None call_count=252 args=() kwds={}
2025-05-27 22:39:45,104 LT1-thread root DEBUG client.py                 71    logger_log                : Test function parameters: args=(), kwds={}
2025-05-27 22:39:45,114 LT1-thread root DEBUG client.py                 71    logger_log                : Starting test function: class=<class 'autopts.ptsprojects.testcase.TestFunc'>, func=<function test_cases.<locals>.<lambda> at 0x0000021CB0BED940> start_wid=None stop_wid=None post_wid=None skip_call=None call_count=252 args=() kwds={}
2025-05-27 22:39:45,114 LT1-thread root DEBUG client.py                 71    logger_log                : Test function parameters: args=(), kwds={}
2025-05-27 22:39:45,134 LT1-thread root DEBUG client.py                 71    logger_log                : Starting test function: class=<class 'autopts.ptsprojects.testcase.TestFunc'>, func=<function test_cases.<locals>.<lambda> at 0x0000021CB0BED9E0> start_wid=None stop_wid=None post_wid=None skip_call=None call_count=252 args=() kwds={}
2025-05-27 22:39:45,134 LT1-thread root DEBUG client.py                 71    logger_log                : Test function parameters: args=(), kwds={}
2025-05-27 22:39:45,154 LT1-thread root DEBUG client.py                 71    logger_log                : Starting test function: class=<class 'autopts.ptsprojects.testcase.TestFunc'>, func=<function core_reg_svc_gatt at 0x0000021CAC664C20> start_wid=None stop_wid=None post_wid=None skip_call=None call_count=252 args=() kwds={}
2025-05-27 22:39:45,154 LT1-thread root DEBUG client.py                 71    logger_log                : Test function parameters: args=(), kwds={}
2025-05-27 22:39:45,154 LT1-thread root DEBUG client.py                 71    logger_log                : core_reg_svc_univ: gatt_reg (GATT)
2025-05-27 22:39:45,154 LT1-thread root DEBUG client.py                 71    logger_log                : send, 0 3 255 '2'
2025-05-27 22:39:45,154 LT1-thread root DEBUG client.py                 71    logger_log                : sending frame '0003ff010002'
2025-05-27 22:39:45,154 LT1-thread root DEBUG client.py                 71    logger_log                : core_reg_svc_rsp_succ
2025-05-27 22:39:45,154 LT1-thread root DEBUG client.py                 71    logger_log                : read
2025-05-27 22:39:45,214 BTPWorkerThread-6243 (_rx_task) root DEBUG client.py                 71    logger_log                : Read 5 bytes
2025-05-27 22:39:45,234 BTPWorkerThread-6243 (_rx_task) root DEBUG client.py                 71    logger_log                : Received: hdr: Header(svc_id=0x00, op=0x03, ctrl_index=0xff, data_len=0x00) bytearray(b'\x00\x03\xff\x00\x00')
2025-05-27 22:39:45,254 BTPWorkerThread-6243 (_rx_task) root DEBUG client.py                 71    logger_log                : Received data: {''}, bytearray(b'')
2025-05-27 22:39:45,284 LT1-thread root DEBUG client.py                 71    logger_log                : received Header(svc_id=0, op=3, ctrl_index=255, data_len=0) (b'',)
2025-05-27 22:39:45,284 LT1-thread root DEBUG client.py                 71    logger_log                : expected ((0, 3, 255, 0), (b'',))
2025-05-27 22:39:45,284 LT1-thread root DEBUG client.py                 71    logger_log                : response is valid
2025-05-27 22:39:45,284 LT1-thread root DEBUG client.py                 71    logger_log                : Reading supported commands for service: GATT
2025-05-27 22:39:45,284 LT1-thread root DEBUG client.py                 71    logger_log                : send, 2 1 255 ''
2025-05-27 22:39:45,284 LT1-thread root DEBUG client.py                 71    logger_log                : sending frame '0201ff0000'
2025-05-27 22:39:45,284 LT1-thread root DEBUG client.py                 71    logger_log                : read
2025-05-27 22:39:45,354 BTPWorkerThread-6243 (_rx_task) root DEBUG client.py                 71    logger_log                : Read 5 bytes
2025-05-27 22:39:45,374 BTPWorkerThread-6243 (_rx_task) root DEBUG client.py                 71    logger_log                : Received: hdr: Header(svc_id=0x02, op=0x01, ctrl_index=0xff, data_len=0x05) bytearray(b'\x02\x01\xff\x05\x00')
2025-05-27 22:39:45,414 BTPWorkerThread-6243 (_rx_task) root DEBUG client.py                 71    logger_log                : Read 5 bytes data
2025-05-27 22:39:45,434 BTPWorkerThread-6243 (_rx_task) root DEBUG client.py                 71    logger_log                : Received data: {'fe fe ff fd 03'}, bytearray(b'\xfe\xfe\xff\xfd\x03')
2025-05-27 22:39:45,464 LT1-thread root DEBUG client.py                 71    logger_log                : Starting test function: class=<class 'autopts.ptsprojects.testcase.TestFunc'>, func=<bound method Stack.gatt_init of <autopts.ptsprojects.stack.stack.Stack object at 0x0000021CB07D1790>> start_wid=None stop_wid=None post_wid=None skip_call=None call_count=252 args=() kwds={}
2025-05-27 22:39:45,464 LT1-thread root DEBUG client.py                 71    logger_log                : Test function parameters: args=(), kwds={}
2025-05-27 22:39:45,464 LT1-thread root DEBUG client.py                 71    logger_log                : Starting test function: class=<class 'autopts.ptsprojects.testcase.TestFunc'>, func=<function gap_set_io_cap at 0x0000021CAC667F60> start_wid=None stop_wid=None post_wid=None skip_call=None call_count=252 args=(4,) kwds={}
2025-05-27 22:39:45,464 LT1-thread root DEBUG client.py                 71    logger_log                : Test function parameters: args=(4,), kwds={}
2025-05-27 22:39:45,464 LT1-thread root DEBUG client.py                 71    logger_log                : gap_set_io_cap 4
2025-05-27 22:39:45,464 LT1-thread root DEBUG client.py                 71    logger_log                : send, 1 16 0 '\x04'
2025-05-27 22:39:45,464 LT1-thread root DEBUG client.py                 71    logger_log                : sending frame '011000010004'
2025-05-27 22:39:45,464 LT1-thread root DEBUG client.py                 71    logger_log                : gap_command_rsp_succ
2025-05-27 22:39:45,464 LT1-thread root DEBUG client.py                 71    logger_log                : read
2025-05-27 22:39:45,534 BTPWorkerThread-6243 (_rx_task) root DEBUG client.py                 71    logger_log                : Read 5 bytes
2025-05-27 22:39:45,554 BTPWorkerThread-6243 (_rx_task) root DEBUG client.py                 71    logger_log                : Received: hdr: Header(svc_id=0x01, op=0x10, ctrl_index=0x00, data_len=0x00) bytearray(b'\x01\x10\x00\x00\x00')
2025-05-27 22:39:45,574 BTPWorkerThread-6243 (_rx_task) root DEBUG client.py                 71    logger_log                : Received data: {''}, bytearray(b'')
2025-05-27 22:39:45,604 LT1-thread root DEBUG client.py                 71    logger_log                : received Header(svc_id=1, op=16, ctrl_index=0, data_len=0) (b'',)
2025-05-27 22:39:45,604 LT1-thread root DEBUG client.py                 71    logger_log                : Starting test function: class=<class 'autopts.ptsprojects.testcase.TestFunc'>, func=<function set_pts_addr at 0x0000021CAC664680> start_wid=None stop_wid=None post_wid=None skip_call=None call_count=252 args=('00:1B:DC:08:E4:4E', 0) kwds={}
2025-05-27 22:39:45,604 LT1-thread root DEBUG client.py                 71    logger_log                : Test function parameters: args=('00:1B:DC:08:E4:4E', 0), kwds={}
2025-05-27 22:39:45,604 LT1-thread root DEBUG client.py                 71    logger_log                : Starting test function: class=<class 'autopts.ptsprojects.testcase.TestFunc'>, func=<function gatts_add_svc at 0x0000021CAC67A480> start_wid=None stop_wid=None post_wid=None skip_call=None call_count=211 args=(0, 'AA51') kwds={}
2025-05-27 22:39:45,604 LT1-thread root DEBUG client.py                 71    logger_log                : Test function parameters: args=(0, 'AA51'), kwds={}
2025-05-27 22:39:45,604 LT1-thread root DEBUG client.py                 71    logger_log                : gatts_add_svc 0 'AA51'
2025-05-27 22:39:45,604 LT1-thread root DEBUG client.py                 71    logger_log                : send, 2 2 0 "bytearray(b'\\x00\\x02\\xaaQ')"
2025-05-27 22:39:45,604 LT1-thread root DEBUG client.py                 71    logger_log                : sending frame '02020004000002aa51'
2025-05-27 22:39:45,604 LT1-thread root DEBUG client.py                 71    logger_log                : gatt_command_rsp_succ
2025-05-27 22:39:45,604 LT1-thread root DEBUG client.py                 71    logger_log                : read
2025-05-27 22:39:45,674 BTPWorkerThread-6243 (_rx_task) root DEBUG client.py                 71    logger_log                : Read 5 bytes
2025-05-27 22:39:45,694 BTPWorkerThread-6243 (_rx_task) root DEBUG client.py                 71    logger_log                : Received: hdr: Header(svc_id=0x02, op=0x02, ctrl_index=0x00, data_len=0x02) bytearray(b'\x02\x02\x00\x02\x00')
2025-05-27 22:39:45,734 BTPWorkerThread-6243 (_rx_task) root DEBUG client.py                 71    logger_log                : Read 2 bytes data
2025-05-27 22:39:45,754 BTPWorkerThread-6243 (_rx_task) root DEBUG client.py                 71    logger_log                : Received data: {'00 00'}, bytearray(b'\x00\x00')
2025-05-27 22:39:45,784 LT1-thread root DEBUG client.py                 71    logger_log                : received Header(svc_id=2, op=2, ctrl_index=0, data_len=2) (b'\x00\x00',)
2025-05-27 22:39:45,784 LT1-thread root DEBUG client.py                 71    logger_log                : Starting test function: class=<class 'autopts.ptsprojects.testcase.TestFunc'>, func=<function gatts_add_char at 0x0000021CAC67A5C0> start_wid=None stop_wid=None post_wid=None skip_call=None call_count=211 args=(0, 2, 17, 'AA52') kwds={}
2025-05-27 22:39:45,784 LT1-thread root DEBUG client.py                 71    logger_log                : Test function parameters: args=(0, 2, 17, 'AA52'), kwds={}
2025-05-27 22:39:45,784 LT1-thread root DEBUG client.py                 71    logger_log                : gatts_add_char 0 2 17 'AA52'
2025-05-27 22:39:45,784 LT1-thread root DEBUG client.py                 71    logger_log                : send, 2 3 0 "bytearray(b'\\x00\\x00\\x02\\x11\\x02\\xaaR')"
2025-05-27 22:39:45,784 LT1-thread root DEBUG client.py                 71    logger_log                : sending frame '02030007000000021102aa52'
2025-05-27 22:39:45,784 LT1-thread root DEBUG client.py                 71    logger_log                : gatt_command_rsp_succ
2025-05-27 22:39:45,784 LT1-thread root DEBUG client.py                 71    logger_log                : read
2025-05-27 22:39:45,844 BTPWorkerThread-6243 (_rx_task) root DEBUG client.py                 71    logger_log                : Read 5 bytes
2025-05-27 22:39:45,854 BTPWorkerThread-6243 (_rx_task) root DEBUG client.py                 71    logger_log                : Received: hdr: Header(svc_id=0x02, op=0x03, ctrl_index=0x00, data_len=0x02) bytearray(b'\x02\x03\x00\x02\x00')
2025-05-27 22:39:45,854 BTPWorkerThread-6243 (_rx_task) root DEBUG client.py                 71    logger_log                : Read 2 bytes data
2025-05-27 22:39:45,864 BTPWorkerThread-6243 (_rx_task) root DEBUG client.py                 71    logger_log                : Received data: {'00 00'}, bytearray(b'\x00\x00')
2025-05-27 22:39:45,894 LT1-thread root DEBUG client.py                 71    logger_log                : received Header(svc_id=2, op=3, ctrl_index=0, data_len=2) (b'\x00\x00',)
2025-05-27 22:39:45,894 LT1-thread root DEBUG client.py                 71    logger_log                : Starting test function: class=<class 'autopts.ptsprojects.testcase.TestFunc'>, func=<function gatts_set_val at 0x0000021CAC67A660> start_wid=None stop_wid=None post_wid=None skip_call=None call_count=211 args=(0, '01') kwds={}
2025-05-27 22:39:45,894 LT1-thread root DEBUG client.py                 71    logger_log                : Test function parameters: args=(0, '01'), kwds={}
2025-05-27 22:39:45,894 LT1-thread root DEBUG client.py                 71    logger_log                : gatts_set_val 0 '01' 
2025-05-27 22:39:45,894 LT1-thread root DEBUG client.py                 71    logger_log                : send, 2 6 0 "bytearray(b'\\x00\\x00\\x01\\x00\\x01')"
2025-05-27 22:39:45,894 LT1-thread root DEBUG client.py                 71    logger_log                : sending frame '02060005000000010001'
2025-05-27 22:39:45,894 LT1-thread root DEBUG client.py                 71    logger_log                : gatt_command_rsp_succ
2025-05-27 22:39:45,894 LT1-thread root DEBUG client.py                 71    logger_log                : read
2025-05-27 22:39:45,974 BTPWorkerThread-6243 (_rx_task) root DEBUG client.py                 71    logger_log                : Read 5 bytes
2025-05-27 22:39:45,984 BTPWorkerThread-6243 (_rx_task) root DEBUG client.py                 71    logger_log                : Received: hdr: Header(svc_id=0x02, op=0x06, ctrl_index=0x00, data_len=0x00) bytearray(b'\x02\x06\x00\x00\x00')
2025-05-27 22:39:45,984 BTPWorkerThread-6243 (_rx_task) root DEBUG client.py                 71    logger_log                : Received data: {''}, bytearray(b'')
2025-05-27 22:39:46,004 LT1-thread root DEBUG client.py                 71    logger_log                : received Header(svc_id=2, op=6, ctrl_index=0, data_len=0) (b'',)
2025-05-27 22:39:46,004 LT1-thread root DEBUG client.py                 71    logger_log                : Starting test function: class=<class 'autopts.ptsprojects.testcase.TestFunc'>, func=<function gatts_add_char at 0x0000021CAC67A5C0> start_wid=None stop_wid=None post_wid=None skip_call=None call_count=211 args=(0, 2, 5, 'AA53') kwds={}
2025-05-27 22:39:46,004 LT1-thread root DEBUG client.py                 71    logger_log                : Test function parameters: args=(0, 2, 5, 'AA53'), kwds={}
2025-05-27 22:39:46,004 LT1-thread root DEBUG client.py                 71    logger_log                : gatts_add_char 0 2 5 'AA53'
2025-05-27 22:39:46,004 LT1-thread root DEBUG client.py                 71    logger_log                : send, 2 3 0 "bytearray(b'\\x00\\x00\\x02\\x05\\x02\\xaaS')"
2025-05-27 22:39:46,004 LT1-thread root DEBUG client.py                 71    logger_log                : sending frame '02030007000000020502aa53'
2025-05-27 22:39:46,004 LT1-thread root DEBUG client.py                 71    logger_log                : gatt_command_rsp_succ
2025-05-27 22:39:46,004 LT1-thread root DEBUG client.py                 71    logger_log                : read
2025-05-27 22:39:46,074 BTPWorkerThread-6243 (_rx_task) root DEBUG client.py                 71    logger_log                : Read 5 bytes
2025-05-27 22:39:46,094 BTPWorkerThread-6243 (_rx_task) root DEBUG client.py                 71    logger_log                : Received: hdr: Header(svc_id=0x02, op=0x03, ctrl_index=0x00, data_len=0x02) bytearray(b'\x02\x03\x00\x02\x00')
2025-05-27 22:39:46,124 BTPWorkerThread-6243 (_rx_task) root DEBUG client.py                 71    logger_log                : Read 2 bytes data
2025-05-27 22:39:46,144 BTPWorkerThread-6243 (_rx_task) root DEBUG client.py                 71    logger_log                : Received data: {'00 00'}, bytearray(b'\x00\x00')
2025-05-27 22:39:46,164 LT1-thread root DEBUG client.py                 71    logger_log                : received Header(svc_id=2, op=3, ctrl_index=0, data_len=2) (b'\x00\x00',)
2025-05-27 22:39:46,164 LT1-thread root DEBUG client.py                 71    logger_log                : Starting test function: class=<class 'autopts.ptsprojects.testcase.TestFunc'>, func=<function gatts_set_val at 0x0000021CAC67A660> start_wid=None stop_wid=None post_wid=None skip_call=None call_count=211 args=(0, '02') kwds={}
2025-05-27 22:39:46,164 LT1-thread root DEBUG client.py                 71    logger_log                : Test function parameters: args=(0, '02'), kwds={}
2025-05-27 22:39:46,164 LT1-thread root DEBUG client.py                 71    logger_log                : gatts_set_val 0 '02' 
2025-05-27 22:39:46,164 LT1-thread root DEBUG client.py                 71    logger_log                : send, 2 6 0 "bytearray(b'\\x00\\x00\\x01\\x00\\x02')"
2025-05-27 22:39:46,164 LT1-thread root DEBUG client.py                 71    logger_log                : sending frame '02060005000000010002'
2025-05-27 22:39:46,164 LT1-thread root DEBUG client.py                 71    logger_log                : gatt_command_rsp_succ
2025-05-27 22:39:46,164 LT1-thread root DEBUG client.py                 71    logger_log                : read
2025-05-27 22:39:46,234 BTPWorkerThread-6243 (_rx_task) root DEBUG client.py                 71    logger_log                : Read 5 bytes
2025-05-27 22:39:46,254 BTPWorkerThread-6243 (_rx_task) root DEBUG client.py                 71    logger_log                : Received: hdr: Header(svc_id=0x02, op=0x06, ctrl_index=0x00, data_len=0x00) bytearray(b'\x02\x06\x00\x00\x00')
2025-05-27 22:39:46,274 BTPWorkerThread-6243 (_rx_task) root DEBUG client.py                 71    logger_log                : Received data: {''}, bytearray(b'')
2025-05-27 22:39:46,304 LT1-thread root DEBUG client.py                 71    logger_log                : received Header(svc_id=2, op=6, ctrl_index=0, data_len=0) (b'',)
2025-05-27 22:39:46,304 LT1-thread root DEBUG client.py                 71    logger_log                : Starting test function: class=<class 'autopts.ptsprojects.testcase.TestFunc'>, func=<function gatts_add_char at 0x0000021CAC67A5C0> start_wid=None stop_wid=None post_wid=None skip_call=None call_count=211 args=(0, 66, 3, 'AA54') kwds={}
2025-05-27 22:39:46,304 LT1-thread root DEBUG client.py                 71    logger_log                : Test function parameters: args=(0, 66, 3, 'AA54'), kwds={}
2025-05-27 22:39:46,304 LT1-thread root DEBUG client.py                 71    logger_log                : gatts_add_char 0 66 3 'AA54'
2025-05-27 22:39:46,304 LT1-thread root DEBUG client.py                 71    logger_log                : send, 2 3 0 "bytearray(b'\\x00\\x00B\\x03\\x02\\xaaT')"
2025-05-27 22:39:46,304 LT1-thread root DEBUG client.py                 71    logger_log                : sending frame '02030007000000420302aa54'
2025-05-27 22:39:46,304 LT1-thread root DEBUG client.py                 71    logger_log                : gatt_command_rsp_succ
2025-05-27 22:39:46,304 LT1-thread root DEBUG client.py                 71    logger_log                : read
2025-05-27 22:39:46,374 BTPWorkerThread-6243 (_rx_task) root DEBUG client.py                 71    logger_log                : Read 5 bytes
2025-05-27 22:39:46,394 BTPWorkerThread-6243 (_rx_task) root DEBUG client.py                 71    logger_log                : Received: hdr: Header(svc_id=0x02, op=0x03, ctrl_index=0x00, data_len=0x02) bytearray(b'\x02\x03\x00\x02\x00')
2025-05-27 22:39:46,434 BTPWorkerThread-6243 (_rx_task) root DEBUG client.py                 71    logger_log                : Read 2 bytes data
2025-05-27 22:39:46,454 BTPWorkerThread-6243 (_rx_task) root DEBUG client.py                 71    logger_log                : Received data: {'00 00'}, bytearray(b'\x00\x00')
2025-05-27 22:39:46,484 LT1-thread root DEBUG client.py                 71    logger_log                : received Header(svc_id=2, op=3, ctrl_index=0, data_len=2) (b'\x00\x00',)
2025-05-27 22:39:46,484 LT1-thread root DEBUG client.py                 71    logger_log                : Starting test function: class=<class 'autopts.ptsprojects.testcase.TestFunc'>, func=<function gatts_set_val at 0x0000021CAC67A660> start_wid=None stop_wid=None post_wid=None skip_call=None call_count=211 args=(0, '03') kwds={}
2025-05-27 22:39:46,484 LT1-thread root DEBUG client.py                 71    logger_log                : Test function parameters: args=(0, '03'), kwds={}
2025-05-27 22:39:46,484 LT1-thread root DEBUG client.py                 71    logger_log                : gatts_set_val 0 '03' 
2025-05-27 22:39:46,484 LT1-thread root DEBUG client.py                 71    logger_log                : send, 2 6 0 "bytearray(b'\\x00\\x00\\x01\\x00\\x03')"
2025-05-27 22:39:46,484 LT1-thread root DEBUG client.py                 71    logger_log                : sending frame '02060005000000010003'
2025-05-27 22:39:46,484 LT1-thread root DEBUG client.py                 71    logger_log                : gatt_command_rsp_succ
2025-05-27 22:39:46,484 LT1-thread root DEBUG client.py                 71    logger_log                : read
2025-05-27 22:39:46,554 BTPWorkerThread-6243 (_rx_task) root DEBUG client.py                 71    logger_log                : Read 5 bytes
2025-05-27 22:39:46,574 BTPWorkerThread-6243 (_rx_task) root DEBUG client.py                 71    logger_log                : Received: hdr: Header(svc_id=0x02, op=0x06, ctrl_index=0x00, data_len=0x00) bytearray(b'\x02\x06\x00\x00\x00')
2025-05-27 22:39:46,594 BTPWorkerThread-6243 (_rx_task) root DEBUG client.py                 71    logger_log                : Received data: {''}, bytearray(b'')
2025-05-27 22:39:46,624 LT1-thread root DEBUG client.py                 71    logger_log                : received Header(svc_id=2, op=6, ctrl_index=0, data_len=0) (b'',)
2025-05-27 22:39:46,624 LT1-thread root DEBUG client.py                 71    logger_log                : Starting test function: class=<class 'autopts.ptsprojects.testcase.TestFunc'>, func=<function gatts_add_char at 0x0000021CAC67A5C0> start_wid=None stop_wid=None post_wid=None skip_call=None call_count=211 args=(0, 10, 48, 'AA55') kwds={}
2025-05-27 22:39:46,624 LT1-thread root DEBUG client.py                 71    logger_log                : Test function parameters: args=(0, 10, 48, 'AA55'), kwds={}
2025-05-27 22:39:46,624 LT1-thread root DEBUG client.py                 71    logger_log                : gatts_add_char 0 10 48 'AA55'
2025-05-27 22:39:46,624 LT1-thread root DEBUG client.py                 71    logger_log                : send, 2 3 0 "bytearray(b'\\x00\\x00\\n0\\x02\\xaaU')"
2025-05-27 22:39:46,624 LT1-thread root DEBUG client.py                 71    logger_log                : sending frame '020300070000000a3002aa55'
2025-05-27 22:39:46,624 LT1-thread root DEBUG client.py                 71    logger_log                : gatt_command_rsp_succ
2025-05-27 22:39:46,624 LT1-thread root DEBUG client.py                 71    logger_log                : read
2025-05-27 22:39:46,694 BTPWorkerThread-6243 (_rx_task) root DEBUG client.py                 71    logger_log                : Read 5 bytes
2025-05-27 22:39:46,714 BTPWorkerThread-6243 (_rx_task) root DEBUG client.py                 71    logger_log                : Received: hdr: Header(svc_id=0x02, op=0x03, ctrl_index=0x00, data_len=0x02) bytearray(b'\x02\x03\x00\x02\x00')
2025-05-27 22:39:46,754 BTPWorkerThread-6243 (_rx_task) root DEBUG client.py                 71    logger_log                : Read 2 bytes data
2025-05-27 22:39:46,774 BTPWorkerThread-6243 (_rx_task) root DEBUG client.py                 71    logger_log                : Received data: {'00 00'}, bytearray(b'\x00\x00')
2025-05-27 22:39:46,794 LT1-thread root DEBUG client.py                 71    logger_log                : received Header(svc_id=2, op=3, ctrl_index=0, data_len=2) (b'\x00\x00',)
2025-05-27 22:39:46,794 LT1-thread root DEBUG client.py                 71    logger_log                : Starting test function: class=<class 'autopts.ptsprojects.testcase.TestFunc'>, func=<function gatts_set_val at 0x0000021CAC67A660> start_wid=None stop_wid=None post_wid=None skip_call=None call_count=211 args=(0, '04') kwds={}
2025-05-27 22:39:46,794 LT1-thread root DEBUG client.py                 71    logger_log                : Test function parameters: args=(0, '04'), kwds={}
2025-05-27 22:39:46,794 LT1-thread root DEBUG client.py                 71    logger_log                : gatts_set_val 0 '04' 
2025-05-27 22:39:46,794 LT1-thread root DEBUG client.py                 71    logger_log                : send, 2 6 0 "bytearray(b'\\x00\\x00\\x01\\x00\\x04')"
2025-05-27 22:39:46,794 LT1-thread root DEBUG client.py                 71    logger_log                : sending frame '02060005000000010004'
2025-05-27 22:39:46,794 LT1-thread root DEBUG client.py                 71    logger_log                : gatt_command_rsp_succ
2025-05-27 22:39:46,794 LT1-thread root DEBUG client.py                 71    logger_log                : read
2025-05-27 22:39:46,854 BTPWorkerThread-6243 (_rx_task) root DEBUG client.py                 71    logger_log                : Read 5 bytes
2025-05-27 22:39:46,874 BTPWorkerThread-6243 (_rx_task) root DEBUG client.py                 71    logger_log                : Received: hdr: Header(svc_id=0x02, op=0x06, ctrl_index=0x00, data_len=0x00) bytearray(b'\x02\x06\x00\x00\x00')
2025-05-27 22:39:46,894 BTPWorkerThread-6243 (_rx_task) root DEBUG client.py                 71    logger_log                : Received data: {''}, bytearray(b'')
2025-05-27 22:39:46,924 LT1-thread root DEBUG client.py                 71    logger_log                : received Header(svc_id=2, op=6, ctrl_index=0, data_len=0) (b'',)
2025-05-27 22:39:46,924 LT1-thread root DEBUG client.py                 71    logger_log                : Starting test function: class=<class 'autopts.ptsprojects.testcase.TestFunc'>, func=<function gatts_start_server at 0x0000021CAC67A8E0> start_wid=None stop_wid=None post_wid=None skip_call=None call_count=211 args=() kwds={}
2025-05-27 22:39:46,924 LT1-thread root DEBUG client.py                 71    logger_log                : Test function parameters: args=(), kwds={}
2025-05-27 22:39:46,924 LT1-thread root DEBUG client.py                 71    logger_log                : gatts_start_server
2025-05-27 22:39:46,924 LT1-thread root DEBUG client.py                 71    logger_log                : send, 2 7 0 ''
2025-05-27 22:39:46,924 LT1-thread root DEBUG client.py                 71    logger_log                : sending frame '0207000000'
2025-05-27 22:39:46,924 LT1-thread root DEBUG client.py                 71    logger_log                : gatt_command_rsp_succ
2025-05-27 22:39:46,924 LT1-thread root DEBUG client.py                 71    logger_log                : read
2025-05-27 22:39:46,994 BTPWorkerThread-6243 (_rx_task) root DEBUG client.py                 71    logger_log                : Read 5 bytes
2025-05-27 22:39:47,014 BTPWorkerThread-6243 (_rx_task) root DEBUG client.py                 71    logger_log                : Received: hdr: Header(svc_id=0x02, op=0x07, ctrl_index=0x00, data_len=0x03) bytearray(b'\x02\x07\x00\x03\x00')
2025-05-27 22:39:47,054 BTPWorkerThread-6243 (_rx_task) root DEBUG client.py                 71    logger_log                : Read 3 bytes data
2025-05-27 22:39:47,074 BTPWorkerThread-6243 (_rx_task) root DEBUG client.py                 71    logger_log                : Received data: {'00 00 00'}, bytearray(b'\x00\x00\x00')
2025-05-27 22:39:47,104 LT1-thread root DEBUG client.py                 71    logger_log                : received Header(svc_id=2, op=7, ctrl_index=0, data_len=3) (b'\x00\x00\x00',)
2025-05-27 22:39:47,104 LT1-thread root DEBUG client.py                 71    logger_log                : ClientCallback.get_result run_test_case
2025-05-27 22:39:56,506 LT1-callback ClientCallback.on_implicit_send INFO client.py                 71    logger_log                : 
    ********************
    BEGIN OnImplicitSend:
    project_name: GAP
    wid: 91
    test_case_name: GAP/BROB/BCST/BV-03-C
    description: Please send a connectable undirected advertising report.
    style: MMI_Style_Ok_Cancel2 0x11141
2025-05-27 22:39:56,506 LT1-callback ClientCallback.on_implicit_send INFO client.py                 71    logger_log                : Calling test cases on_implicit_send
2025-05-27 22:39:56,506 LT1-callback ClientCallback.on_implicit_send INFO client.py                 71    logger_log                : 
    on_implicit_send returned response: WAIT
    END OnImplicitSend
    ********************
2025-05-27 22:39:57,136 LT1-thread root DEBUG client.py                 71    logger_log                : GAP GAP/BROB/BCST/BV-03-C on_implicit_send
2025-05-27 22:39:57,136 LT1-thread root DEBUG client.py                 71    logger_log                : gap_wid_hdl, 91, Please send a connectable undirected advertising report., GAP/BROB/BCST/BV-03-C
2025-05-27 22:39:57,136 LT1-thread root DEBUG client.py                 71    logger_log                : gap_set_conn
2025-05-27 22:39:57,136 LT1-thread root DEBUG client.py                 71    logger_log                : gap_adv_ind_on {9: b'Tester_08E44E'} None
2025-05-27 22:39:57,136 LT1-thread root DEBUG client.py                 71    logger_log                : send, 1 10 0 "bytearray(b'\\x0f\\x00\\t\\rTester_08E44E\\xff\\xff\\xff\\xff\\x00')"
2025-05-27 22:39:57,136 LT1-thread root DEBUG client.py                 71    logger_log                : sending frame '010a0016000f00090d5465737465725f303845343445ffffffff00'
2025-05-27 22:39:57,136 LT1-thread root DEBUG client.py                 71    logger_log                : gap_command_rsp_succ
2025-05-27 22:39:57,136 LT1-thread root DEBUG client.py                 71    logger_log                : read
2025-05-27 22:39:57,196 BTPWorkerThread-6243 (_rx_task) root DEBUG client.py                 71    logger_log                : Read 5 bytes
2025-05-27 22:39:57,216 BTPWorkerThread-6243 (_rx_task) root DEBUG client.py                 71    logger_log                : Received: hdr: Header(svc_id=0x01, op=0x0a, ctrl_index=0x00, data_len=0x04) bytearray(b'\x01\n\x00\x04\x00')
2025-05-27 22:39:57,247 BTPWorkerThread-6243 (_rx_task) root DEBUG client.py                 71    logger_log                : Read 4 bytes data
2025-05-27 22:39:57,266 BTPWorkerThread-6243 (_rx_task) root DEBUG client.py                 71    logger_log                : Received data: {'13 26 00 00'}, bytearray(b'\x13&\x00\x00')
2025-05-27 22:39:57,296 LT1-thread root DEBUG client.py                 71    logger_log                : received Header(svc_id=1, op=10, ctrl_index=0, data_len=4) (b'\x13&\x00\x00',)
2025-05-27 22:39:57,296 LT1-thread root DEBUG client.py                 71    logger_log                : __gap_current_settings_update (b'\x13&\x00\x00',)
2025-05-27 22:39:57,296 LT1-thread root DEBUG client.py                 71    logger_log                : Sending response 'OK' to wid 91 test case GAP/BROB/BCST/BV-03-C
2025-05-27 22:39:57,296 LT1-thread root DEBUG client.py                 71    logger_log                : ClientCallback.get_result run_test_case
2025-05-27 22:39:57,957 BTPWorkerThread-6243 (_rx_task) root DEBUG client.py                 71    logger_log                : Read 5 bytes
2025-05-27 22:39:57,957 BTPWorkerThread-6243 (_rx_task) root DEBUG client.py                 71    logger_log                : Received: hdr: Header(svc_id=0x01, op=0x82, ctrl_index=0x00, data_len=0x0d) bytearray(b'\x01\x82\x00\r\x00')
2025-05-27 22:39:57,957 BTPWorkerThread-6243 (_rx_task) root DEBUG client.py                 71    logger_log                : Read 13 bytes data
2025-05-27 22:39:57,957 BTPWorkerThread-6243 (_rx_task) root DEBUG client.py                 71    logger_log                : Received data: {'00 4e e4 08 dc 1b 00 3c 00 00 00 d0 07'}, bytearray(b'\x00N\xe4\x08\xdc\x1b\x00<\x00\x00\x00\xd0\x07')
2025-05-27 22:39:57,957 BTPWorkerThread-6243 (_rx_task) root DEBUG client.py                 71    logger_log                : event_handler Header(svc_id=1, op=130, ctrl_index=0, data_len=13) (b'\x00N\xe4\x08\xdc\x1b\x00<\x00\x00\x00\xd0\x07',)
2025-05-27 22:39:57,957 BTPWorkerThread-6243 (_rx_task) root DEBUG client.py                 71    logger_log                : gap_connected_ev_ b'\x00N\xe4\x08\xdc\x1b\x00<\x00\x00\x00\xd0\x07'
2025-05-27 22:39:57,957 BTPWorkerThread-6243 (_rx_task) root DEBUG client.py                 71    logger_log                : Read 5 bytes
2025-05-27 22:39:57,957 BTPWorkerThread-6243 (_rx_task) root DEBUG client.py                 71    logger_log                : Received: hdr: Header(svc_id=0x01, op=0x80, ctrl_index=0x00, data_len=0x04) bytearray(b'\x01\x80\x00\x04\x00')
2025-05-27 22:39:57,957 BTPWorkerThread-6243 (_rx_task) root DEBUG client.py                 71    logger_log                : Read 4 bytes data
2025-05-27 22:39:57,957 BTPWorkerThread-6243 (_rx_task) root DEBUG client.py                 71    logger_log                : Received data: {'13 22 00 00'}, bytearray(b'\x13"\x00\x00')
2025-05-27 22:39:57,957 BTPWorkerThread-6243 (_rx_task) root DEBUG client.py                 71    logger_log                : event_handler Header(svc_id=1, op=128, ctrl_index=0, data_len=4) (b'\x13"\x00\x00',)
2025-05-27 22:39:57,957 BTPWorkerThread-6243 (_rx_task) root DEBUG client.py                 71    logger_log                : gap_new_settings_ev_ b'\x13"\x00\x00'
2025-05-27 22:39:57,957 BTPWorkerThread-6243 (_rx_task) root DEBUG client.py                 71    logger_log                : __gap_current_settings_update 8723
2025-05-27 22:39:58,847 BTPWorkerThread-6243 (_rx_task) root DEBUG client.py                 71    logger_log                : Read 5 bytes
2025-05-27 22:39:58,847 BTPWorkerThread-6243 (_rx_task) root DEBUG client.py                 71    logger_log                : Received: hdr: Header(svc_id=0x01, op=0x86, ctrl_index=0x00, data_len=0x0b) bytearray(b'\x01\x86\x00\x0b\x00')
2025-05-27 22:39:58,847 BTPWorkerThread-6243 (_rx_task) root DEBUG client.py                 71    logger_log                : Read 11 bytes data
2025-05-27 22:39:58,847 BTPWorkerThread-6243 (_rx_task) root DEBUG client.py                 71    logger_log                : Received data: {'00 4e e4 08 dc 1b 00 98 90 0c 00'}, bytearray(b'\x00N\xe4\x08\xdc\x1b\x00\x98\x90\x0c\x00')
2025-05-27 22:39:58,847 BTPWorkerThread-6243 (_rx_task) root DEBUG client.py                 71    logger_log                : event_handler Header(svc_id=1, op=134, ctrl_index=0, data_len=11) (b'\x00N\xe4\x08\xdc\x1b\x00\x98\x90\x0c\x00',)
2025-05-27 22:39:58,847 BTPWorkerThread-6243 (_rx_task) root DEBUG client.py                 71    logger_log                : gap_passkey_confirm_req_ev_
2025-05-27 22:39:58,847 BTPWorkerThread-6243 (_rx_task) root DEBUG client.py                 71    logger_log                : passkey = '823448'
2025-05-27 22:39:58,917 LT1-callback ClientCallback.on_implicit_send INFO client.py                 71    logger_log                : 
    ********************
    BEGIN OnImplicitSend:
    project_name: GAP
    wid: 1003
    test_case_name: GAP/BROB/BCST/BV-03-C
    description: Please confirm the following number matches IUT: 823448.
    style: MMI_Style_Yes_No1 0x11044
2025-05-27 22:39:58,917 LT1-callback ClientCallback.on_implicit_send INFO client.py                 71    logger_log                : Calling test cases on_implicit_send
2025-05-27 22:39:58,917 LT1-callback ClientCallback.on_implicit_send INFO client.py                 71    logger_log                : 
    on_implicit_send returned response: WAIT
    END OnImplicitSend
    ********************
2025-05-27 22:39:59,307 LT1-thread root DEBUG client.py                 71    logger_log                : GAP GAP/BROB/BCST/BV-03-C on_implicit_send
2025-05-27 22:39:59,307 LT1-thread root DEBUG client.py                 71    logger_log                : gap_wid_hdl, 1003, Please confirm the following number matches IUT: 823448., GAP/BROB/BCST/BV-03-C
2025-05-27 22:39:59,307 LT1-thread root DEBUG client.py                 71    logger_log                : gap_passkey_confirm_rsp '001bdc08e44e' 0
2025-05-27 22:39:59,307 LT1-thread root DEBUG client.py                 71    logger_log                : send, 1 20 0 "bytearray(b'\\x00N\\xe4\\x08\\xdc\\x1b\\x00\\x01')"
2025-05-27 22:39:59,307 LT1-thread root DEBUG client.py                 71    logger_log                : sending frame '0114000800004ee408dc1b0001'
2025-05-27 22:39:59,307 LT1-thread root DEBUG client.py                 71    logger_log                : gap_command_rsp_succ
2025-05-27 22:39:59,307 LT1-thread root DEBUG client.py                 71    logger_log                : read
2025-05-27 22:39:59,357 BTPWorkerThread-6243 (_rx_task) root DEBUG client.py                 71    logger_log                : Read 5 bytes
2025-05-27 22:39:59,377 BTPWorkerThread-6243 (_rx_task) root DEBUG client.py                 71    logger_log                : Received: hdr: Header(svc_id=0x01, op=0x14, ctrl_index=0x00, data_len=0x00) bytearray(b'\x01\x14\x00\x00\x00')
2025-05-27 22:39:59,397 BTPWorkerThread-6243 (_rx_task) root DEBUG client.py                 71    logger_log                : Received data: {''}, bytearray(b'')
2025-05-27 22:39:59,417 LT1-thread root DEBUG client.py                 71    logger_log                : received Header(svc_id=1, op=20, ctrl_index=0, data_len=0) (b'',)
2025-05-27 22:39:59,417 LT1-thread root DEBUG client.py                 71    logger_log                : Sending response 'Yes' to wid 1003 test case GAP/BROB/BCST/BV-03-C
2025-05-27 22:39:59,417 LT1-thread root DEBUG client.py                 71    logger_log                : ClientCallback.get_result run_test_case
2025-05-27 22:40:00,007 BTPWorkerThread-6243 (_rx_task) root DEBUG client.py                 71    logger_log                : Read 5 bytes
2025-05-27 22:40:00,007 BTPWorkerThread-6243 (_rx_task) root DEBUG client.py                 71    logger_log                : Received: hdr: Header(svc_id=0x01, op=0x91, ctrl_index=0x00, data_len=0x09) bytearray(b'\x01\x91\x00\t\x00')
2025-05-27 22:40:00,007 BTPWorkerThread-6243 (_rx_task) root DEBUG client.py                 71    logger_log                : Read 9 bytes data
2025-05-27 22:40:00,007 BTPWorkerThread-6243 (_rx_task) root DEBUG client.py                 71    logger_log                : Received data: {'00 4e e4 08 dc 1b 00 01 10'}, bytearray(b'\x00N\xe4\x08\xdc\x1b\x00\x01\x10')
2025-05-27 22:40:00,007 BTPWorkerThread-6243 (_rx_task) root DEBUG client.py                 71    logger_log                : event_handler Header(svc_id=1, op=145, ctrl_index=0, data_len=9) (b'\x00N\xe4\x08\xdc\x1b\x00\x01\x10',)
2025-05-27 22:40:00,007 BTPWorkerThread-6243 (_rx_task) root DEBUG client.py                 71    logger_log                : gap_encryption_change_ev_
2025-05-27 22:40:00,007 BTPWorkerThread-6243 (_rx_task) root DEBUG client.py                 71    logger_log                : enc change received b'\x00N\xe4\x08\xdc\x1b\x00\x01\x10'
2025-05-27 22:40:00,007 BTPWorkerThread-6243 (_rx_task) root DEBUG client.py                 71    logger_log                : received (0, '001bdc08e44e', 1, 16)
2025-05-27 22:40:00,007 BTPWorkerThread-6243 (_rx_task) root DEBUG client.py                 71    logger_log                : Read 5 bytes
2025-05-27 22:40:00,007 BTPWorkerThread-6243 (_rx_task) root DEBUG client.py                 71    logger_log                : Received: hdr: Header(svc_id=0x01, op=0x89, ctrl_index=0x00, data_len=0x08) bytearray(b'\x01\x89\x00\x08\x00')
2025-05-27 22:40:00,007 BTPWorkerThread-6243 (_rx_task) root DEBUG client.py                 71    logger_log                : Read 8 bytes data
2025-05-27 22:40:00,007 BTPWorkerThread-6243 (_rx_task) root DEBUG client.py                 71    logger_log                : Received data: {'00 4e e4 08 dc 1b 00 04'}, bytearray(b'\x00N\xe4\x08\xdc\x1b\x00\x04')
2025-05-27 22:40:00,007 BTPWorkerThread-6243 (_rx_task) root DEBUG client.py                 71    logger_log                : event_handler Header(svc_id=1, op=137, ctrl_index=0, data_len=8) (b'\x00N\xe4\x08\xdc\x1b\x00\x04',)
2025-05-27 22:40:00,007 BTPWorkerThread-6243 (_rx_task) root DEBUG client.py                 71    logger_log                : gap_sec_level_changed_ev_
2025-05-27 22:40:00,007 BTPWorkerThread-6243 (_rx_task) root DEBUG client.py                 71    logger_log                : received b'\x00N\xe4\x08\xdc\x1b\x00\x04'
2025-05-27 22:40:00,007 BTPWorkerThread-6243 (_rx_task) root DEBUG client.py                 71    logger_log                : received (0, '001bdc08e44e', 4)
2025-05-27 22:40:00,307 LT1-callback ClientCallback.on_implicit_send INFO client.py                 71    logger_log                : 
    ********************
    BEGIN OnImplicitSend:
    project_name: GAP
    wid: 77
    test_case_name: GAP/BROB/BCST/BV-03-C
    description: Please send a disconnect request to terminate connection.
    style: MMI_Style_Ok_Cancel2 0x11141
2025-05-27 22:40:00,307 LT1-callback ClientCallback.on_implicit_send INFO client.py                 71    logger_log                : Calling test cases on_implicit_send
2025-05-27 22:40:00,307 LT1-callback ClientCallback.on_implicit_send INFO client.py                 71    logger_log                : 
    on_implicit_send returned response: WAIT
    END OnImplicitSend
    ********************
2025-05-27 22:40:00,427 LT1-thread root DEBUG client.py                 71    logger_log                : GAP GAP/BROB/BCST/BV-03-C on_implicit_send
2025-05-27 22:40:00,427 LT1-thread root DEBUG client.py                 71    logger_log                : gap_wid_hdl, 77, Please send a disconnect request to terminate connection., GAP/BROB/BCST/BV-03-C
2025-05-27 22:40:00,427 LT1-thread root DEBUG client.py                 71    logger_log                : gap_disconn None None
2025-05-27 22:40:00,427 LT1-thread root DEBUG client.py                 71    logger_log                : send, 1 15 0 "bytearray(b'\\x00N\\xe4\\x08\\xdc\\x1b\\x00')"
2025-05-27 22:40:00,427 LT1-thread root DEBUG client.py                 71    logger_log                : sending frame '010f000700004ee408dc1b00'
2025-05-27 22:40:00,427 LT1-thread root DEBUG client.py                 71    logger_log                : read
2025-05-27 22:40:00,506 BTPWorkerThread-6243 (_rx_task) root DEBUG client.py                 71    logger_log                : Read 5 bytes
2025-05-27 22:40:00,526 BTPWorkerThread-6243 (_rx_task) root DEBUG client.py                 71    logger_log                : Received: hdr: Header(svc_id=0x01, op=0x0f, ctrl_index=0x00, data_len=0x00) bytearray(b'\x01\x0f\x00\x00\x00')
2025-05-27 22:40:00,536 BTPWorkerThread-6243 (_rx_task) root DEBUG client.py                 71    logger_log                : Received data: {''}, bytearray(b'')
2025-05-27 22:40:00,606 BTPWorkerThread-6243 (_rx_task) root DEBUG client.py                 71    logger_log                : Read 5 bytes
2025-05-27 22:40:00,626 BTPWorkerThread-6243 (_rx_task) root DEBUG client.py                 71    logger_log                : Received: hdr: Header(svc_id=0x01, op=0x83, ctrl_index=0x00, data_len=0x07) bytearray(b'\x01\x83\x00\x07\x00')
2025-05-27 22:40:00,666 BTPWorkerThread-6243 (_rx_task) root DEBUG client.py                 71    logger_log                : Read 7 bytes data
2025-05-27 22:40:00,686 BTPWorkerThread-6243 (_rx_task) root DEBUG client.py                 71    logger_log                : Received data: {'00 4e e4 08 dc 1b 00'}, bytearray(b'\x00N\xe4\x08\xdc\x1b\x00')
2025-05-27 22:40:00,706 BTPWorkerThread-6243 (_rx_task) root DEBUG client.py                 71    logger_log                : event_handler Header(svc_id=1, op=131, ctrl_index=0, data_len=7) (b'\x00N\xe4\x08\xdc\x1b\x00',)
2025-05-27 22:40:00,726 BTPWorkerThread-6243 (_rx_task) root DEBUG client.py                 71    logger_log                : gap_disconnected_ev_ b'\x00N\xe4\x08\xdc\x1b\x00'
2025-05-27 22:40:00,746 LT1-thread root DEBUG client.py                 71    logger_log                : Sending response 'OK' to wid 77 test case GAP/BROB/BCST/BV-03-C
2025-05-27 22:40:00,746 LT1-thread root DEBUG client.py                 71    logger_log                : ClientCallback.get_result run_test_case
2025-05-27 22:40:00,746 LT1-callback ClientCallback.on_implicit_send INFO client.py                 71    logger_log                : 
    ********************
    BEGIN OnImplicitSend:
    project_name: GAP
    wid: 80
    test_case_name: GAP/BROB/BCST/BV-03-C
    description: Please send non-connectable undirected advertising report with resolvable private address.
    style: MMI_Style_Ok_Cancel2 0x11141
2025-05-27 22:40:00,746 LT1-callback ClientCallback.on_implicit_send INFO client.py                 71    logger_log                : Calling test cases on_implicit_send
2025-05-27 22:40:00,746 LT1-callback ClientCallback.on_implicit_send INFO client.py                 71    logger_log                : 
    on_implicit_send returned response: WAIT
    END OnImplicitSend
    ********************
2025-05-27 22:40:01,756 LT1-thread root DEBUG client.py                 71    logger_log                : GAP GAP/BROB/BCST/BV-03-C on_implicit_send
2025-05-27 22:40:01,756 LT1-thread root DEBUG client.py                 71    logger_log                : gap_wid_hdl, 80, Please send non-connectable undirected advertising report with resolvable private address., GAP/BROB/BCST/BV-03-C
2025-05-27 22:40:01,756 LT1-thread root DEBUG client.py                 71    logger_log                : gap_adv_off
2025-05-27 22:40:01,756 LT1-thread root DEBUG client.py                 71    logger_log                : gap_set_nonconn
2025-05-27 22:40:01,756 LT1-thread root DEBUG client.py                 71    logger_log                : send, 1 6 0 '0'
2025-05-27 22:40:01,756 LT1-thread root DEBUG client.py                 71    logger_log                : sending frame '010600010000'
2025-05-27 22:40:01,756 LT1-thread root DEBUG client.py                 71    logger_log                : gap_command_rsp_succ
2025-05-27 22:40:01,756 LT1-thread root DEBUG client.py                 71    logger_log                : read
2025-05-27 22:40:01,826 BTPWorkerThread-6243 (_rx_task) root DEBUG client.py                 71    logger_log                : Read 5 bytes
2025-05-27 22:40:01,836 BTPWorkerThread-6243 (_rx_task) root DEBUG client.py                 71    logger_log                : Received: hdr: Header(svc_id=0x01, op=0x06, ctrl_index=0x00, data_len=0x04) bytearray(b'\x01\x06\x00\x04\x00')
2025-05-27 22:40:01,876 BTPWorkerThread-6243 (_rx_task) root DEBUG client.py                 71    logger_log                : Read 4 bytes data
2025-05-27 22:40:01,896 BTPWorkerThread-6243 (_rx_task) root DEBUG client.py                 71    logger_log                : Received data: {'11 22 00 00'}, bytearray(b'\x11"\x00\x00')
2025-05-27 22:40:01,926 LT1-thread root DEBUG client.py                 71    logger_log                : received Header(svc_id=1, op=6, ctrl_index=0, data_len=4) (b'\x11"\x00\x00',)
2025-05-27 22:40:01,926 LT1-thread root DEBUG client.py                 71    logger_log                : __gap_current_settings_update (b'\x11"\x00\x00',)
2025-05-27 22:40:01,926 LT1-thread root DEBUG client.py                 71    logger_log                : gap_set_nondiscov
2025-05-27 22:40:01,926 LT1-thread root DEBUG client.py                 71    logger_log                : gap_adv_ind_on {9: b'Tester_08E44E'} {255: 'ABCD'}
2025-05-27 22:40:01,926 LT1-thread root DEBUG client.py                 71    logger_log                : send, 1 10 0 "bytearray(b'\\x0f\\x04\\t\\rTester_08E44E\\xff\\x02\\xab\\xcd\\xff\\xff\\xff\\xff\\x01')"
2025-05-27 22:40:01,926 LT1-thread root DEBUG client.py                 71    logger_log                : sending frame '010a001a000f04090d5465737465725f303845343445ff02abcdffffffff01'
2025-05-27 22:40:01,926 LT1-thread root DEBUG client.py                 71    logger_log                : gap_command_rsp_succ
2025-05-27 22:40:01,926 LT1-thread root DEBUG client.py                 71    logger_log                : read
2025-05-27 22:40:01,986 BTPWorkerThread-6243 (_rx_task) root DEBUG client.py                 71    logger_log                : Read 5 bytes
2025-05-27 22:40:02,006 BTPWorkerThread-6243 (_rx_task) root DEBUG client.py                 71    logger_log                : Received: hdr: Header(svc_id=0x01, op=0x0a, ctrl_index=0x00, data_len=0x04) bytearray(b'\x01\n\x00\x04\x00')
2025-05-27 22:40:02,046 BTPWorkerThread-6243 (_rx_task) root DEBUG client.py                 71    logger_log                : Read 4 bytes data
2025-05-27 22:40:02,066 BTPWorkerThread-6243 (_rx_task) root DEBUG client.py                 71    logger_log                : Received data: {'11 26 00 00'}, bytearray(b'\x11&\x00\x00')
2025-05-27 22:40:02,096 LT1-thread root DEBUG client.py                 71    logger_log                : received Header(svc_id=1, op=10, ctrl_index=0, data_len=4) (b'\x11&\x00\x00',)
2025-05-27 22:40:02,096 LT1-thread root DEBUG client.py                 71    logger_log                : __gap_current_settings_update (b'\x11&\x00\x00',)
2025-05-27 22:40:02,096 LT1-thread root DEBUG client.py                 71    logger_log                : Sending response 'OK' to wid 80 test case GAP/BROB/BCST/BV-03-C
2025-05-27 22:40:02,096 LT1-thread root DEBUG client.py                 71    logger_log                : ClientCallback.get_result run_test_case
2025-05-27 22:40:04,677 LT1-callback ClientCallback.log INFO client.py                 71    logger_log                : PTS_LOGTYPE_START_TEST Start Test Case 

+156 ms
 GAP/BROB/BCST/BV-03-C GAP/BROB/BCST/BV-03-C

2025-05-27 22:40:05,879 LT1-callback ClientCallback.log INFO client.py                 71    logger_log                : PTS_LOGTYPE_FINAL_VERDICT Final Verdict 

+12797 ms
 GAP/BROB/BCST/BV-03-C PASS

2025-05-27 22:40:05,892 LT1-callback ClientCallback.log INFO client.py                 71    logger_log                : PTS_LOGTYPE_FINAL_VERDICT Encrypted Verdict 

+12797 ms
 GAP/BROB/BCST/BV-03-C A1#ZWY4MzQ5MDg3MmQwNTIxOGQzMzQ5YjY2ODA5M2MzNjQ5ZDY4NmY0Yjc2MzIzM2VkNTUyNTFhNGU4Mjg1MjI0NA==#9e1FvHNJik4EJDQgWGWMRv/1QJC59smX1aMAqUXZbvtC51Ps8wBkWWBuvqLVc5Se

2025-05-27 22:40:05,919 LT1-callback ClientCallback.log INFO client.py                 71    logger_log                : PTS_LOGTYPE_END_TEST Test Case Ended 

+12797 ms
 GAP/BROB/BCST/BV-03-C GAP/BROB/BCST/BV-03-C

2025-05-27 22:40:06,209 LT1-callback root DEBUG client.py                 71    logger_log                : ClientCallback, set_result, run_test_case, PASS
2025-05-27 22:40:06,209 LT1-thread root DEBUG client.py                 71    logger_log                : After run_test_case error_code=0 status='PASS'
2025-05-27 22:40:06,209 LT1-thread root DEBUG client.py                 71    logger_log                : post_run GAP GAP/BROB/BCST/BV-03-C 0
2025-05-27 22:40:06,209 LT1-thread root DEBUG client.py                 71    logger_log                : Starting test function: class=<class 'autopts.ptsprojects.testcase.TestFuncCleanUp'>, func=<bound method Stack.cleanup of <autopts.ptsprojects.stack.stack.Stack object at 0x0000021CB07D1790>> start_wid=None stop_wid=None post_wid=None skip_call=None call_count=1 args=() kwds={}
2025-05-27 22:40:06,209 LT1-thread root DEBUG client.py                 71    logger_log                : Test function parameters: args=(), kwds={}
2025-05-27 22:40:06,209 LT1-thread root DEBUG client.py                 71    logger_log                : Starting test function: class=<class 'autopts.ptsprojects.testcase.TestFuncCleanUp'>, func=<bound method ZephyrCtl.stop of <autopts.ptsprojects.zephyr.iutctl.ZephyrCtl object at 0x0000021CADA26350>> start_wid=None stop_wid=None post_wid=None skip_call=None call_count=1 args=() kwds={}
2025-05-27 22:40:06,209 LT1-thread root DEBUG client.py                 71    logger_log                : Test function parameters: args=(), kwds={}
2025-05-27 22:40:06,209 LT1-thread root DEBUG client.py                 71    logger_log                : <class 'autopts.ptsprojects.zephyr.iutctl.ZephyrCtl'>.stop
2025-05-27 22:40:06,209 LT1-thread root DEBUG client.py                 71    logger_log                : About to reset DUT: JLink -CommandFile reset.jlink -usb 1063214216 -device MIMXRT1176XXXA_M7
2025-05-27 22:40:06,732 BTPWorkerThread-6243 (_rx_task) root DEBUG client.py                 71    logger_log                : Read 5 bytes
2025-05-27 22:40:06,752 BTPWorkerThread-6243 (_rx_task) root DEBUG client.py                 71    logger_log                : Received: hdr: Header(svc_id=0x00, op=0x80, ctrl_index=0xff, data_len=0x00) bytearray(b'\x00\x80\xff\x00\x00')
2025-05-27 22:40:06,772 BTPWorkerThread-6243 (_rx_task) root DEBUG client.py                 71    logger_log                : Received data: {''}, bytearray(b'')
2025-05-27 22:40:06,802 BTPWorkerThread-6243 (_rx_task) root DEBUG client.py                 71    logger_log                : event_handler Header(svc_id=0, op=128, ctrl_index=255, data_len=0) (b'',)
2025-05-27 22:40:06,822 BTPWorkerThread-6243 (_rx_task) root DEBUG client.py                 71    logger_log                : core_iut_ready_ev
2025-05-27 22:40:06,842 LT1-thread root DEBUG client.py                 71    logger_log                : IUT ready event received OK
2025-05-27 22:40:06,842 LT1-thread root DEBUG client.py                 71    logger_log                : Waiting for _rx_worker to finish ...
2025-05-27 22:40:07,843 BTPWorkerThread-6243 (_rx_task) root DEBUG client.py                 71    logger_log                : BTPWorkerThread-6243 (_rx_task) finishing...
2025-05-27 22:40:07,843 LT1-thread root DEBUG client.py                 71    logger_log                : Waiting for _rx_worker to finish ...
2025-05-27 22:40:10,851 LT1-thread root DEBUG client.py                 71    logger_log                : post_run, cleanup running post test case script
2025-05-27 22:40:10,851 LT1-thread root DEBUG client.py                 71    logger_log                : post_run, run post test case script
2025-05-27 22:40:10,996 LT1-thread root DEBUG client.py                 71    logger_log                : Done TestCase _run_test_case GAP GAP/BROB/BCST/BV-03-C
