< 2025/01/09 03:07:04.238182  length=5 from=0 to=4
 00 80 ff 00 00                                   .....
--
> 2025/01/09 03:07:14.126200  length=6 from=0 to=5
 00 03 ff 01 00 01                                ......
--
< 2025/01/09 03:07:14.174274  length=5 from=5 to=9
 00 03 ff 00 00                                   .....
--
> 2025/01/09 03:07:14.236241  length=5 from=6 to=10
 01 03 00 00 00                                   .....
--
< 2025/01/09 03:07:15.092403  length=32 from=10 to=41
 01 03 00 15 01 28 00 03 37 60 00 13 06 02 00 13  .....(..7`......
 02 00 00 00 00 00 62 74 70 5f 74 65 73 74 65 72  ......btp_tester
--
< 2025/01/09 03:07:15.095390  length=32 from=42 to=73
 00 00 00 00 00 00 00 00 00 00 00 00 00 00 00 00  ................
 00 00 00 00 00 00 00 00 00 00 00 00 00 00 00 00  ................
--
< 2025/01/09 03:07:15.108309  length=160 from=74 to=233
 00 00 00 00 00 00 00 00 00 00 00 00 00 00 00 00  ................
 00 00 00 00 00 00 00 00 00 00 00 00 00 00 00 00  ................
 00 00 00 00 00 00 00 00 00 00 00 00 00 00 00 00  ................
 00 00 00 00 00 00 00 00 00 00 00 00 00 00 00 00  ................
 00 00 00 00 00 00 00 00 00 00 00 00 00 00 00 00  ................
 00 00 00 00 00 00 00 00 00 00 00 00 00 00 00 00  ................
 00 00 00 00 00 00 00 00 00 00 00 00 00 00 00 00  ................
 00 00 00 00 00 00 00 00 00 00 00 00 00 00 00 00  ................
 00 00 00 00 00 00 00 00 00 00 00 00 00 00 00 00  ................
 00 00 00 00 00 00 00 00 00 00 00 00 00 00 00 00  ................
--
< 2025/01/09 03:07:15.117242  length=58 from=234 to=291
 00 00 00 00 00 00 00 00 00 00 00 00 00 00 00 00  ................
 00 00 00 00 00 00 00 00 00 00 00 00 00 00 00 00  ................
 00 00 00 00 00 00 00 00 00 00 00 00 00 00 00 00  ................
 00 00 00 00 00 00 00 00 00 00                    ..........
--
> 2025/01/09 03:08:33.215245  length=6 from=11 to=16
 01 10 00 01 00 00                                ......
--
< 2025/01/09 03:08:33.231156  length=5 from=292 to=296
 01 10 00 00 00                                   .....
--
< 2025/01/09 03:08:34.133290  length=5 from=297 to=301
 00 80 ff 00 00                                   .....
--
