< 2025/01/08 01:18:22.925648  length=5 from=0 to=4
 00 80 ff 00 00                                   .....
--
> 2025/01/08 01:18:32.748024  length=6 from=0 to=5
 00 03 ff 01 00 01                                ......
--
< 2025/01/08 01:18:32.796176  length=5 from=5 to=9
 00 03 ff 00 00                                   .....
--
> 2025/01/08 01:18:32.827032  length=6 from=6 to=11
 00 03 ff 01 00 02                                ......
--
< 2025/01/08 01:18:32.842128  length=5 from=10 to=14
 00 03 ff 00 00                                   .....
--
> 2025/01/08 01:18:32.905935  length=5 from=12 to=16
 01 03 00 00 00                                   .....
--
< 2025/01/08 01:18:33.720183  length=192 from=15 to=206
 01 03 00 15 01 28 00 03 37 60 00 13 06 02 00 13  .....(..7`......
 02 00 00 00 00 00 62 74 70 5f 74 65 73 74 65 72  ......btp_tester
 00 00 00 00 00 00 00 00 00 00 00 00 00 00 00 00  ................
 00 00 00 00 00 00 00 00 00 00 00 00 00 00 00 00  ................
 00 00 00 00 00 00 00 00 00 00 00 00 00 00 00 00  ................
 00 00 00 00 00 00 00 00 00 00 00 00 00 00 00 00  ................
 00 00 00 00 00 00 00 00 00 00 00 00 00 00 00 00  ................
 00 00 00 00 00 00 00 00 00 00 00 00 00 00 00 00  ................
 00 00 00 00 00 00 00 00 00 00 00 00 00 00 00 00  ................
 00 00 00 00 00 00 00 00 00 00 00 00 00 00 00 00  ................
 00 00 00 00 00 00 00 00 00 00 00 00 00 00 00 00  ................
 00 00 00 00 00 00 00 00 00 00 00 00 00 00 00 00  ................
--
< 2025/01/08 01:18:33.732710  length=90 from=207 to=296
 00 00 00 00 00 00 00 00 00 00 00 00 00 00 00 00  ................
 00 00 00 00 00 00 00 00 00 00 00 00 00 00 00 00  ................
 00 00 00 00 00 00 00 00 00 00 00 00 00 00 00 00  ................
 00 00 00 00 00 00 00 00 00 00 00 00 00 00 00 00  ................
 00 00 00 00 00 00 00 00 00 00 00 00 00 00 00 00  ................
 00 00 00 00 00 00 00 00 00 00                    ..........
--
> 2025/01/08 01:18:33.862006  length=6 from=17 to=22
 01 10 00 01 00 00                                ......
--
< 2025/01/08 01:18:33.878264  length=5 from=297 to=301
 01 10 00 00 00                                   .....
--
> 2025/01/08 01:18:33.956045  length=9 from=23 to=31
 02 02 00 04 00 01 02 aa 40                       ........@
--
< 2025/01/08 01:18:33.971224  length=7 from=302 to=308
 02 02 00 02 00 00 00                             .......
--
> 2025/01/08 01:18:34.096007  length=12 from=32 to=43
 02 03 00 07 00 00 00 0a                          ........
 03 02 aa 50                                      ...P
--
< 2025/01/08 01:18:34.112212  length=7 from=309 to=315
 02 03 00 02 00 00 00                             .......
--
> 2025/01/08 01:18:34.222037  length=17 from=44 to=60
 02 06 00 0c 00 00 00 08 00 01 23 45 67 89 ab cd  ..........#Eg...
 ef                                               .
--
< 2025/01/08 01:18:34.238191  length=5 from=316 to=320
 02 06 00 00 00                                   .....
--
> 2025/01/08 01:18:34.316009  length=12 from=61 to=72
 02 03 00 07 00 00 00 0a                          ........
 0c 02 aa 51                                      ...Q
--
< 2025/01/08 01:18:34.332082  length=7 from=321 to=327
 02 03 00 02 00 00 00                             .......
--
> 2025/01/08 01:18:34.460040  length=17 from=73 to=89
 02 06 00 0c 00 00 00 08 00 01 23 45 67 89 ab cd  ..........#Eg...
 ef                                               .
--
< 2025/01/08 01:18:34.476129  length=5 from=328 to=332
 02 06 00 00 00                                   .....
--
> 2025/01/08 01:18:34.555061  length=12 from=90 to=101
 02 03 00 07 00 00 00 0a                          ........
 30 02 aa 52                                      0..R
--
< 2025/01/08 01:18:34.570108  length=7 from=333 to=339
 02 03 00 02 00 00 00                             .......
--
> 2025/01/08 01:18:34.666013  length=17 from=102 to=118
 02 06 00 0c 00 00 00 08 00 01 23 45 67 89 ab cd  ..........#Eg...
 ef                                               .
--
< 2025/01/08 01:18:34.682103  length=5 from=340 to=344
 02 06 00 00 00                                   .....
--
> 2025/01/08 01:18:34.759944  length=12 from=119 to=130
 02 03 00 07 00 00 00 0a                          ........
 c0 02 aa 53                                      ...S
--
< 2025/01/08 01:18:34.776130  length=7 from=345 to=351
 02 03 00 02 00 00 00                             .......
--
> 2025/01/08 01:18:34.885998  length=17 from=131 to=147
 02 06 00 0c 00 00 00 08 00 01 23 45 67 89 ab cd  ..........#Eg...
 ef                                               .
--
< 2025/01/08 01:18:34.902080  length=5 from=352 to=356
 02 06 00 00 00                                   .....
--
> 2025/01/08 01:18:35.010082  length=12 from=148 to=159
 02 03 00 07 00 00 00 3a 03 02 aa 54              .......:...T
--
< 2025/01/08 01:18:35.025178  length=7 from=357 to=363
 02 03 00 02 00 00 00                             .......
--
> 2025/01/08 01:18:35.152008  length=17 from=160 to=176
 02 06 00 0c 00 00 00 08 00 01 23 45 67 89 ab cd  ..........#Eg...
 ef                                               .
--
< 2025/01/08 01:18:35.167001  length=5 from=364 to=368
 02 06 00 00 00                                   .....
--
> 2025/01/08 01:18:35.230074  length=11 from=177 to=187
 02 04 00 06 00 00 00 03 02 02 29                 ..........)
--
< 2025/01/08 01:18:35.246110  length=7 from=369 to=375
 02 04 00 02 00 00 00                             .......
--
> 2025/01/08 01:18:35.385970  length=12 from=188 to=199
 02 03 00 07 00 00 00 3a 03 02 aa 55              .......:...U
--
< 2025/01/08 01:18:35.401931  length=7 from=376 to=382
 02 03 00 02 00 00 00                             .......
--
> 2025/01/08 01:18:35.493941  length=17 from=200 to=216
 02 06 00 0c 00 00 00 08 00 01 23 45 67 89 ab cd  ..........#Eg...
 ef                                               .
--
< 2025/01/08 01:18:35.510002  length=5 from=383 to=387
 02 06 00 00 00                                   .....
--
> 2025/01/08 01:18:35.618850  length=11 from=217 to=227
 02 04 00 06 00 00 00 03 02 02 29                 ..........)
--
< 2025/01/08 01:18:35.633894  length=7 from=388 to=394
 02 04 00 02 00 00 00                             .......
--
> 2025/01/08 01:18:35.758897  length=12 from=228 to=239
 02 03 00 07 00 00 00 46 03 02 aa 56              .......F...V
--
< 2025/01/08 01:18:35.774977  length=7 from=395 to=401
 02 03 00 02 00 00 00                             .......
--
> 2025/01/08 01:18:35.852913  length=17 from=240 to=256
 02 06 00 0c 00 00 00 08 00 01 23 45 67 89 ab cd  ..........#Eg...
 ef                                               .
--
< 2025/01/08 01:18:35.868005  length=5 from=402 to=406
 02 06 00 00 00                                   .....
--
> 2025/01/08 01:18:35.979922  length=12 from=257 to=268
 02 03 00 07 00 00 00 46 30 02 aa 57              .......F0..W
--
< 2025/01/08 01:18:35.996037  length=7 from=407 to=413
 02 03 00 02 00 00 00                             .......
--
> 2025/01/08 01:18:36.104881  length=17 from=269 to=285
 02 06 00 0c 00 00 00 08 00 01 23 45 67 89 ab cd  ..........#Eg...
 ef                                               .
--
< 2025/01/08 01:18:36.120060  length=5 from=414 to=418
 02 06 00 00 00                                   .....
--
> 2025/01/08 01:18:36.213828  length=12 from=286 to=297
 02 03 00 07 00 00 00 8a 03 02 aa 58              ...........X
--
< 2025/01/08 01:18:36.228818  length=7 from=419 to=425
 02 03 00 02 00 00 00                             .......
--
> 2025/01/08 01:18:36.323965  length=17 from=298 to=314
 02 06 00 0c 00 00 00 08 00 01 23 45 67 89 ab cd  ..........#Eg...
 ef                                               .
--
< 2025/01/08 01:18:36.338914  length=5 from=426 to=430
 02 06 00 00 00                                   .....
--
> 2025/01/08 01:18:36.446908  length=11 from=315 to=325
 02 04 00 06 00 00 00 01 02 00 29                 ..........)
--
< 2025/01/08 01:18:36.462916  length=7 from=431 to=437
 02 04 00 02 00 00 00                             .......
--
> 2025/01/08 01:18:36.585882  length=11 from=326 to=336
 02 06 00 06 00 00 00 02 00 01 00                 ...........
--
< 2025/01/08 01:18:36.601071  length=5 from=438 to=442
 02 06 00 00 00                                   .....
--
> 2025/01/08 01:18:36.679886  length=12 from=337 to=348
 02 03 00 07 00 00 00 0a                          ........
 0c 02 aa 59                                      ...Y
--
< 2025/01/08 01:18:36.695911  length=7 from=443 to=449
 02 03 00 02 00 00 00                             .......
--
> 2025/01/08 01:18:36.789940  length=17 from=349 to=365
 02 06 00 0c 00 00 00 08 00 01 23 45 67 89 ab cd  ..........#Eg...
 ef                                               .
--
< 2025/01/08 01:18:36.804987  length=5 from=450 to=454
 02 06 00 00 00                                   .....
--
> 2025/01/08 01:18:36.851905  length=8 from=366 to=373
 02 09 00 03 00 00 00 0f                          ........
--
< 2025/01/08 01:18:36.867937  length=5 from=455 to=459
 02 09 00 00 00                                   .....
--
> 2025/01/08 01:18:36.959836  length=12 from=374 to=385
 02 03 00 07 00 00 00 0a                          ........
 0c 02 aa 5a                                      ...Z
--
< 2025/01/08 01:18:36.975892  length=7 from=460 to=466
 02 03 00 02 00 00 00                             .......
--
> 2025/01/08 01:18:37.037938  length=17 from=386 to=402
 02 06 00 0c 00 00 00 08 00 01 23 45 67 89 ab cd  ..........#Eg...
 ef                                               .
--
< 2025/01/08 01:18:37.053918  length=5 from=467 to=471
 02 06 00 00 00                                   .....
--
> 2025/01/08 01:18:37.133904  length=8 from=403 to=410
 02 09 00 03 00 00 00 0f                          ........
--
< 2025/01/08 01:18:37.149917  length=5 from=472 to=476
 02 09 00 00 00                                   .....
--
> 2025/01/08 01:18:37.196900  length=26 from=411 to=436
 02 03 00 15 00 00 00 0a                          ........
 03 10 f0 00 bb 50 04 51 40 00 b1 23 45 67 89 ab  .....P.Q@..#Eg..
 cd ef                                            ..
--
< 2025/01/08 01:18:37.211881  length=7 from=477 to=483
 02 03 00 02 00 00 00                             .......
--
> 2025/01/08 01:18:37.304877  length=17 from=437 to=453
 02 06 00 0c 00 00 00 08 00 01 23 45 67 89 ab cd  ..........#Eg...
 ef                                               .
--
< 2025/01/08 01:18:37.319990  length=5 from=484 to=488
 02 06 00 00 00                                   .....
--
> 2025/01/08 01:18:37.382955  length=9 from=454 to=462
 02 02 00 04 00 00 02 aa 41                       ........A
--
< 2025/01/08 01:18:37.399069  length=7 from=489 to=495
 02 02 00 02 00 00 00                             .......
--
> 2025/01/08 01:18:37.476937  length=7 from=463 to=469
 02 05 00 02 00 01 00                             .......
--
< 2025/01/08 01:18:37.492972  length=7 from=496 to=502
 02 05 00 02 00 00 00                             .......
--
> 2025/01/08 01:18:37.570894  length=12 from=470 to=481
 02 03 00 07 00 00 00 0a                          ........
 03 02 aa 50                                      ...P
--
< 2025/01/08 01:18:37.586903  length=7 from=503 to=509
 02 03 00 02 00 00 00                             .......
--
> 2025/01/08 01:18:37.714862  length=41 from=482 to=522
 02 06 00 24 00 00 00 20 00 01 23 45 67 89 ab cd  ...$... ..#Eg...
 ef 01 23 45 67 89 ab cd ef 01 23 45 67 89 ab cd  ..#Eg.....#Eg...
 ef 01 23 45 67 89 ab cd ef                       ..#Eg....
--
< 2025/01/08 01:18:37.730952  length=5 from=510 to=514
 02 06 00 00 00                                   .....
--
> 2025/01/08 01:18:37.792904  length=12 from=523 to=534
 02 03 00 07 00 00 00 0a                          ........
 03 02 aa 51                                      ...Q
--
< 2025/01/08 01:18:37.809088  length=7 from=515 to=521
 02 03 00 02 00 00 00                             .......
--
> 2025/01/08 01:18:37.920862  length=41 from=535 to=575
 02 06 00 24 00 00 00 20 00 fe dc ba 98 76 54 32  ...$... .....vT2
 10 fe dc ba 98 76 54 32 10 fe dc ba 98 76 54 32  .....vT2.....vT2
 10 fe dc ba 98 76 54 32 10                       .....vT2.
--
< 2025/01/08 01:18:37.936951  length=5 from=522 to=526
 02 06 00 00 00                                   .....
--
> 2025/01/08 01:18:38.046895  length=12 from=576 to=587
 02 03 00 07 00 00 00 0a                          ........
 0c 02 aa 52                                      ...R
--
< 2025/01/08 01:18:38.062970  length=7 from=527 to=533
 02 03 00 02 00 00 00                             .......
--
> 2025/01/08 01:18:38.204935  length=65 from=588 to=652
 02 06 00 3c 00 00 00 38 00 fe dc ba 98 76 54 32  ...<...8.....vT2
 10 fe dc ba 98 76 54 32 10 fe dc ba 98 76 54 32  .....vT2.....vT2
 10 fe dc ba 98 76 54 32 10 fe dc ba 98 76 54 32  .....vT2.....vT2
 10 fe dc ba 98 76 54 32 10 fe dc ba 98 76 54 32  .....vT2.....vT2
 10                                               .
--
< 2025/01/08 01:18:38.237052  length=5 from=534 to=538
 02 06 00 00 00                                   .....
--
> 2025/01/08 01:18:38.316932  length=8 from=653 to=660
 02 09 00 03 00 00 00 0f                          ........
--
< 2025/01/08 01:18:38.332990  length=5 from=539 to=543
 02 09 00 00 00                                   .....
--
> 2025/01/08 01:18:38.410884  length=12 from=661 to=672
 02 03 00 07 00 00 00 02 01 02 aa 53              ...........S
--
< 2025/01/08 01:18:38.427030  length=7 from=544 to=550
 02 03 00 02 00 00 00                             .......
--
> 2025/01/08 01:18:38.538831  length=89 from=673 to=761
 02 06 00 54 00 00 00 50 00 01 23 45 67 89 ab cd  ...T...P..#Eg...
 ef 01 23 45 67 89 ab cd ef 01 23 45 67 89 ab cd  ..#Eg.....#Eg...
 ef 01 23 45 67 89 ab cd ef 01 23 45 67 89 ab cd  ..#Eg.....#Eg...
 ef 01 23 45 67 89 ab cd ef 01 23 45 67 89 ab cd  ..#Eg.....#Eg...
 ef 01 23 45 67 89 ab cd ef 01 23 45 67 89 ab cd  ..#Eg.....#Eg...
 ef 01 23 45 67 89 ab cd ef                       ..#Eg....
--
< 2025/01/08 01:18:38.569940  length=5 from=551 to=555
 02 06 00 00 00                                   .....
--
> 2025/01/08 01:18:38.630855  length=11 from=762 to=772
 02 04 00 06 00 00 00 03 02 54 aa                 .........T.
--
< 2025/01/08 01:18:38.647065  length=7 from=556 to=562
 02 04 00 02 00 00 00                             .......
--
> 2025/01/08 01:18:38.694600  length=73 from=773 to=845
 02 06 00 44 00 00 00 40 00 01 01 01 01 01 01 01  ...D...@........
 01 01 01 01 01 01 01 01 01 01 01 01 01 01 01 01  ................
 01 01 01 01 01 01 01 01 01 01 01 01 01 01 01 01  ................
 01 01 01 01 01 01 01 01 01 01 01 01 01 01 01 01  ................
 01 01 01 01 01 01 01 01 01                       .........
--
< 2025/01/08 01:18:38.726716  length=5 from=563 to=567
 02 06 00 00 00                                   .....
--
> 2025/01/08 01:18:38.804603  length=12 from=846 to=857
 02 03 00 07 00 00 00 0a                          ........
 03 02 aa 55                                      ...U
--
< 2025/01/08 01:18:38.820621  length=7 from=568 to=574
 02 03 00 02 00 00 00                             .......
--
> 2025/01/08 01:18:38.946583  length=89 from=858 to=946
 02 06 00 54 00 00 00 50 00 01 23 45 67 89 ab cd  ...T...P..#Eg...
 ef 01 23 45 67 89 ab cd ef 01 23 45 67 89 ab cd  ..#Eg.....#Eg...
 ef 01 23 45 67 89 ab cd ef 01 23 45 67 89 ab cd  ..#Eg.....#Eg...
 ef 01 23 45 67 89 ab cd ef 01 23 45 67 89 ab cd  ..#Eg.....#Eg...
 ef 01 23 45 67 89 ab cd ef 01 23 45 67 89 ab cd  ..#Eg.....#Eg...
 ef 01 23 45 67 89 ab cd ef                       ..#Eg....
--
< 2025/01/08 01:18:38.978783  length=5 from=575 to=579
 02 06 00 00 00                                   .....
--
> 2025/01/08 01:18:39.074638  length=12 from=947 to=958
 02 03 00 07 00 00 00 0a                          ........
 03 02 aa 56                                      ...V
--
< 2025/01/08 01:18:39.090715  length=7 from=580 to=586
 02 03 00 02 00 00 00                             .......
--
> 2025/01/08 01:18:39.186589  length=521 from=959 to=1479
 02 06 00 04 02 00 00 00 02 02 02 02 02 02 02 02  ................
 02 02 02 02 02 02 02 02 02 02 02 02 02 02 02 02  ................
 02 02 02 02 02 02 02 02 02 02 02 02 02 02 02 02  ................
 02 02 02 02 02 02 02 02 02 02 02 02 02 02 02 02  ................
 02 02 02 02 02 02 02 02 02 02 02 02 02 02 02 02  ................
 02 02 02 02 02 02 02 02 02 02 02 02 02 02 02 02  ................
 02 02 02 02 02 02 02 02 02 02 02 02 02 02 02 02  ................
 02 02 02 02 02 02 02 02 02 02 02 02 02 02 02 02  ................
 02 02 02 02 02 02 02 02 02 02 02 02 02 02 02 02  ................
 02 02 02 02 02 02 02 02 02 02 02 02 02 02 02 02  ................
 02 02 02 02 02 02 02 02 02 02 02 02 02 02 02 02  ................
 02 02 02 02 02 02 02 02 02 02 02 02 02 02 02 02  ................
 02 02 02 02 02 02 02 02 02 02 02 02 02 02 02 02  ................
 02 02 02 02 02 02 02 02 02 02 02 02 02 02 02 02  ................
 02 02 02 02 02 02 02 02 02 02 02 02 02 02 02 02  ................
 02 02 02 02 02 02 02 02 02 02 02 02 02 02 02 02  ................
 02 02 02 02 02 02 02 02 02 02 02 02 02 02 02 02  ................
 02 02 02 02 02 02 02 02 02 02 02 02 02 02 02 02  ................
 02 02 02 02 02 02 02 02 02 02 02 02 02 02 02 02  ................
 02 02 02 02 02 02 02 02 02 02 02 02 02 02 02 02  ................
 02 02 02 02 02 02 02 02 02 02 02 02 02 02 02 02  ................
 02 02 02 02 02 02 02 02 02 02 02 02 02 02 02 02  ................
 02 02 02 02 02 02 02 02 02 02 02 02 02 02 02 02  ................
 02 02 02 02 02 02 02 02 02 02 02 02 02 02 02 02  ................
 02 02 02 02 02 02 02 02 02 02 02 02 02 02 02 02  ................
 02 02 02 02 02 02 02 02 02 02 02 02 02 02 02 02  ................
 02 02 02 02 02 02 02 02 02 02 02 02 02 02 02 02  ................
 02 02 02 02 02 02 02 02 02 02 02 02 02 02 02 02  ................
 02 02 02 02 02 02 02 02 02 02 02 02 02 02 02 02  ................
 02 02 02 02 02 02 02 02 02 02 02 02 02 02 02 02  ................
 02 02 02 02 02 02 02 02 02 02 02 02 02 02 02 02  ................
 02 02 02 02 02 02 02 02 02 02 02 02 02 02 02 02  ................
 02 02 02 02 02 02 02 02 02                       .........
--
< 2025/01/08 01:18:39.280691  length=5 from=587 to=591
 02 06 00 00 00                                   .....
--
> 2025/01/08 01:18:39.344654  length=5 from=1480 to=1484
 02 07 00 00 00                                   .....
--
< 2025/01/08 01:18:39.360672  length=8 from=592 to=599
 02 07 00 03 00 00 00 00                          ........
--
> 2025/01/08 01:18:41.464144  length=6 from=1485 to=1490
 01 08 00 01 00 01                                ......
--
< 2025/01/08 01:18:41.480095  length=9 from=600 to=608
 01 08 00 04 00 1b 02 00 00                       .........
--
> 2025/01/08 01:18:41.576039  length=27 from=1491 to=1517
 01 0a                                            ..
 00 16 00 0f 00 09 0d 54 65 73 74 65 72 5f 35 39  .......Tester_59
 46 32 45 36 ff ff ff ff 00                       F2E6.....
--
< 2025/01/08 01:18:41.592030  length=9 from=609 to=617
 01 0a                                            ..
 00 04 00 1b 06 00 00                             .......
--
< 2025/01/08 01:18:42.302146  length=27 from=618 to=644
 01 82 00 0d 00 00 e6 f2 59 e8 07 c0 38 00 00 00  ........Y...8...
 d0 07 01 80 00 04 00 1b 02 00 00                 ...........
--
< 2025/01/08 01:18:45.545125  length=13 from=645 to=657
 01 89 00 08 00 00 e6 f2 59 e8 07 c0 02           ........Y....
--
< 2025/01/08 01:18:47.823977  length=18 from=658 to=675
 01 88 00 0d 00 00 e6 f2 59 e8 07 c0 18 00 00 00  ........Y.......
 2a 00                                            *.
--
< 2025/01/08 01:18:48.041097  length=17 from=676 to=692
 02 81 00 0c 00 2b 00 08 00 01 23 45 67 89 ab cd  .....+....#Eg...
 ef                                               .
--
< 2025/01/08 01:18:48.152125  length=17 from=693 to=709
 02 81 00 0c 00 25 00 08 00 01 23 45 67 89 ab cd  .....%....#Eg...
 ef                                               .
--
< 2025/01/08 01:18:49.007001  length=17 from=710 to=726
 02 81 00 0c 00 2e 00 08 00 01 23 45 67 89 ab cd  ..........#Eg...
 ef                                               .
--
< 2025/01/08 01:18:49.115788  length=17 from=727 to=743
 02 81 00 0c 00 35 00 08 00 01 23 45 67 89 ab cd  .....5....#Eg...
 ef                                               .
--
< 2025/01/08 01:18:49.353390  length=17 from=744 to=760
 02 81 00 0c 00 23 00 08 00 01 23 45 67 89 ab cd  .....#....#Eg...
 ef                                               .
--
< 2025/01/08 01:18:53.197969  length=12 from=761 to=772
 01 83 00 07 00 00 e6 f2 59 e8 07 c0              ........Y...
--
< 2025/01/08 01:19:00.090485  length=5 from=773 to=777
 00 80 ff 00 00                                   .....
--
