2025-09-09 21:48:04,508 LT1-thread root DEBUG client.py                 81    logger_log                : Starting TestCase _run_test_case A2DP A2DP/SRC/SET/BV-03-C
2025-09-09 21:48:04,508 LT1-thread root DEBUG client.py                 81    logger_log                : pre_run A2DP A2DP/SRC/SET/BV-03-C
2025-09-09 21:48:04,508 LT1-thread root DEBUG client.py                 81    logger_log                : About to run test case A2DP A2DP/SRC/SET/BV-03-C with commands:
2025-09-09 21:48:04,508 LT1-thread root DEBUG client.py                 81    logger_log                : 0) class=<class 'autopts.ptsprojects.testcase.TestFunc'>, func=<bound method Stack.core_init of <autopts.ptsprojects.stack.stack.Stack object at 0x0000019970260DA0>> start_wid=None stop_wid=None post_wid=None skip_call=None call_count=0 args=() kwds={}
2025-09-09 21:48:04,508 LT1-thread root DEBUG client.py                 81    logger_log                : 1) class=<class 'autopts.ptsprojects.testcase.TestFunc'>, func=<bound method ZephyrCtl.hw_reset of <autopts.ptsprojects.zephyr.iutctl.ZephyrCtl object at 0x0000019970396E40>> start_wid=None stop_wid=None post_wid=None skip_call=None call_count=0 args=() kwds={}
2025-09-09 21:48:04,508 LT1-thread root DEBUG client.py                 81    logger_log                : 2) class=<class 'autopts.ptsprojects.testcase.TestFunc'>, func=<bound method ZephyrCtl.start of <autopts.ptsprojects.zephyr.iutctl.ZephyrCtl object at 0x0000019970396E40>> start_wid=None stop_wid=None post_wid=None skip_call=None call_count=0 args=(<autopts.ptsprojects.zephyr.ztestcase.ZTestCase object at 0x0000019970B45580>,) kwds={}
2025-09-09 21:48:04,508 LT1-thread root DEBUG client.py                 81    logger_log                : 3) class=<class 'autopts.ptsprojects.testcase.TestFunc'>, func=<bound method ZephyrCtl.hw_reset of <autopts.ptsprojects.zephyr.iutctl.ZephyrCtl object at 0x0000019970396E40>> start_wid=None stop_wid=None post_wid=None skip_call=None call_count=0 args=() kwds={}
2025-09-09 21:48:04,508 LT1-thread root DEBUG client.py                 81    logger_log                : 4) class=<class 'autopts.ptsprojects.testcase.TestFunc'>, func=<bound method ZephyrCtl.wait_iut_ready_event of <autopts.ptsprojects.zephyr.iutctl.ZephyrCtl object at 0x0000019970396E40>> start_wid=None stop_wid=None post_wid=None skip_call=None call_count=0 args=(False,) kwds={}
2025-09-09 21:48:04,508 LT1-thread root DEBUG client.py                 81    logger_log                : 5) class=<class 'autopts.ptsprojects.testcase.TestFunc'>, func=<function core_reg_svc_gap at 0x000001996D3C7100> start_wid=None stop_wid=None post_wid=None skip_call=None call_count=123 args=() kwds={}
2025-09-09 21:48:04,508 LT1-thread root DEBUG client.py                 81    logger_log                : 6) class=<class 'autopts.ptsprojects.testcase.TestFunc'>, func=<bound method Stack.gap_init of <autopts.ptsprojects.stack.stack.Stack object at 0x0000019970260DA0>> start_wid=None stop_wid=None post_wid=None skip_call=None call_count=120 args=(b'Tester_08E44E',) kwds={}
2025-09-09 21:48:04,508 LT1-thread root DEBUG client.py                 81    logger_log                : 7) class=<class 'autopts.ptsprojects.testcase.TestFunc'>, func=<function gap_read_ctrl_info at 0x000001996D3F68E0> start_wid=None stop_wid=None post_wid=None skip_call=None call_count=120 args=() kwds={}
2025-09-09 21:48:04,508 LT1-thread root DEBUG client.py                 81    logger_log                : 8) class=<class 'autopts.ptsprojects.testcase.TestFunc'>, func=<function test_cases.<locals>.<lambda> at 0x0000019970B05D00> start_wid=None stop_wid=None post_wid=None skip_call=None call_count=120 args=() kwds={}
2025-09-09 21:48:04,508 LT1-thread root DEBUG client.py                 81    logger_log                : 9) class=<class 'autopts.ptsprojects.testcase.TestFunc'>, func=<function set_pts_addr at 0x000001996D3C6CA0> start_wid=None stop_wid=None post_wid=None skip_call=None call_count=120 args=('00:1B:DC:08:E4:4E', 0) kwds={}
2025-09-09 21:48:04,508 LT1-thread root DEBUG client.py                 81    logger_log                : 10) class=<class 'autopts.ptsprojects.testcase.TestFunc'>, func=<function core_reg_svc_gatt at 0x000001996D3C7240> start_wid=None stop_wid=None post_wid=None skip_call=None call_count=120 args=() kwds={}
2025-09-09 21:48:04,508 LT1-thread root DEBUG client.py                 81    logger_log                : 11) class=<class 'autopts.ptsprojects.testcase.TestFunc'>, func=<bound method Stack.gatt_init of <autopts.ptsprojects.stack.stack.Stack object at 0x0000019970260DA0>> start_wid=None stop_wid=None post_wid=None skip_call=None call_count=120 args=() kwds={}
2025-09-09 21:48:04,508 LT1-thread root DEBUG client.py                 81    logger_log                : 12) class=<class 'autopts.ptsprojects.testcase.TestFunc'>, func=<function core_reg_svc_a2dp at 0x000001996D3C87C0> start_wid=None stop_wid=None post_wid=None skip_call=None call_count=120 args=() kwds={}
2025-09-09 21:48:04,508 LT1-thread root DEBUG client.py                 81    logger_log                : 13) class=<class 'autopts.ptsprojects.testcase.TestFunc'>, func=<bound method Stack.a2dp_init of <autopts.ptsprojects.stack.stack.Stack object at 0x0000019970260DA0>> start_wid=None stop_wid=None post_wid=None skip_call=None call_count=120 args=() kwds={}
2025-09-09 21:48:04,508 LT1-thread root DEBUG client.py                 81    logger_log                : 14) class=<class 'autopts.ptsprojects.testcase.TestFunc'>, func=<function a2dp_register_ep at 0x000001996D3C94E0> start_wid=None stop_wid=None post_wid=None skip_call=None call_count=0 args=(0, 1) kwds={}
2025-09-09 21:48:04,508 LT1-thread root DEBUG client.py                 81    logger_log                : 15) class=<class 'autopts.ptsprojects.testcase.TestFuncCleanUp'>, func=<bound method Stack.cleanup of <autopts.ptsprojects.stack.stack.Stack object at 0x0000019970260DA0>> start_wid=None stop_wid=None post_wid=None skip_call=None call_count=0 args=() kwds={}
2025-09-09 21:48:04,508 LT1-thread root DEBUG client.py                 81    logger_log                : 16) class=<class 'autopts.ptsprojects.testcase.TestFuncCleanUp'>, func=<bound method ZephyrCtl.stop of <autopts.ptsprojects.zephyr.iutctl.ZephyrCtl object at 0x0000019970396E40>> start_wid=None stop_wid=None post_wid=None skip_call=None call_count=0 args=() kwds={}
2025-09-09 21:48:04,508 LT1-thread root DEBUG client.py                 81    logger_log                : pre_run, run pre test case script
2025-09-09 21:48:04,518 LT1-thread root DEBUG client.py                 81    logger_log                : Starting test function: class=<class 'autopts.ptsprojects.testcase.TestFunc'>, func=<bound method Stack.core_init of <autopts.ptsprojects.stack.stack.Stack object at 0x0000019970260DA0>> start_wid=None stop_wid=None post_wid=None skip_call=None call_count=1 args=() kwds={}
2025-09-09 21:48:04,518 LT1-thread root DEBUG client.py                 81    logger_log                : Test function parameters: args=(), kwds={}
2025-09-09 21:48:04,518 LT1-thread root DEBUG client.py                 81    logger_log                : Starting test function: class=<class 'autopts.ptsprojects.testcase.TestFunc'>, func=<bound method ZephyrCtl.hw_reset of <autopts.ptsprojects.zephyr.iutctl.ZephyrCtl object at 0x0000019970396E40>> start_wid=None stop_wid=None post_wid=None skip_call=None call_count=1 args=() kwds={}
2025-09-09 21:48:04,518 LT1-thread root DEBUG client.py                 81    logger_log                : Test function parameters: args=(), kwds={}
2025-09-09 21:48:04,518 LT1-thread root DEBUG client.py                 81    logger_log                : Starting test function: class=<class 'autopts.ptsprojects.testcase.TestFunc'>, func=<bound method ZephyrCtl.start of <autopts.ptsprojects.zephyr.iutctl.ZephyrCtl object at 0x0000019970396E40>> start_wid=None stop_wid=None post_wid=None skip_call=None call_count=1 args=(<autopts.ptsprojects.zephyr.ztestcase.ZTestCase object at 0x0000019970B45580>,) kwds={}
2025-09-09 21:48:04,518 LT1-thread root DEBUG client.py                 81    logger_log                : Test function parameters: args=(<autopts.ptsprojects.zephyr.ztestcase.ZTestCase object at 0x0000019970B45580>,), kwds={}
2025-09-09 21:48:04,518 LT1-thread root DEBUG client.py                 81    logger_log                : <class 'autopts.ptsprojects.zephyr.iutctl.ZephyrCtl'>.start
2025-09-09 21:48:04,518 LT1-thread root DEBUG client.py                 81    logger_log                : <class 'autopts.ptsprojects.zephyr.iutctl.ZephyrCtl'>.flush_serial
2025-09-09 21:48:05,864 LT1-thread root DEBUG client.py                 81    logger_log                : Starting socat process: socat.exe -x -v tcp:10.17.12.103:59628,retry=100,interval=1 /dev/ttyS43,raw,b115200
2025-09-09 21:48:05,874 LT1-thread root DEBUG client.py                 81    logger_log                : accept
2025-09-09 21:48:05,974 BTPWorkerThread-1793 (_rx_task) root DEBUG client.py                 81    logger_log                : BTPWorkerThread-1793 (_rx_task) started
2025-09-09 21:48:05,974 LT1-thread root DEBUG client.py                 81    logger_log                : Starting test function: class=<class 'autopts.ptsprojects.testcase.TestFunc'>, func=<bound method ZephyrCtl.hw_reset of <autopts.ptsprojects.zephyr.iutctl.ZephyrCtl object at 0x0000019970396E40>> start_wid=None stop_wid=None post_wid=None skip_call=None call_count=1 args=() kwds={}
2025-09-09 21:48:05,974 LT1-thread root DEBUG client.py                 81    logger_log                : Test function parameters: args=(), kwds={}
2025-09-09 21:48:05,974 LT1-thread root DEBUG client.py                 81    logger_log                : Starting test function: class=<class 'autopts.ptsprojects.testcase.TestFunc'>, func=<bound method ZephyrCtl.wait_iut_ready_event of <autopts.ptsprojects.zephyr.iutctl.ZephyrCtl object at 0x0000019970396E40>> start_wid=None stop_wid=None post_wid=None skip_call=None call_count=1 args=(False,) kwds={}
2025-09-09 21:48:05,974 LT1-thread root DEBUG client.py                 81    logger_log                : Test function parameters: args=(False,), kwds={}
2025-09-09 21:48:05,974 LT1-thread root DEBUG client.py                 81    logger_log                : IUT ready event received OK
2025-09-09 21:48:05,974 LT1-thread root DEBUG client.py                 81    logger_log                : Starting test function: class=<class 'autopts.ptsprojects.testcase.TestFunc'>, func=<function core_reg_svc_gap at 0x000001996D3C7100> start_wid=None stop_wid=None post_wid=None skip_call=None call_count=124 args=() kwds={}
2025-09-09 21:48:05,974 LT1-thread root DEBUG client.py                 81    logger_log                : Test function parameters: args=(), kwds={}
2025-09-09 21:48:05,974 LT1-thread root DEBUG client.py                 81    logger_log                : core_reg_svc_univ: gap_reg (GAP)
2025-09-09 21:48:05,974 LT1-thread root DEBUG client.py                 81    logger_log                : send, 0 3 255 '1'
2025-09-09 21:48:05,974 LT1-thread root DEBUG client.py                 81    logger_log                : sending frame '0003ff010001'
2025-09-09 21:48:05,974 LT1-thread root DEBUG client.py                 81    logger_log                : core_reg_svc_rsp_succ
2025-09-09 21:48:05,974 LT1-thread root DEBUG client.py                 81    logger_log                : read
2025-09-09 21:48:09,626 BTPWorkerThread-1793 (_rx_task) root DEBUG client.py                 81    logger_log                : Read 5 bytes
2025-09-09 21:48:09,646 BTPWorkerThread-1793 (_rx_task) root DEBUG client.py                 81    logger_log                : Received: hdr: Header(svc_id=0x00, op=0x03, ctrl_index=0xff, data_len=0x00) bytearray(b'\x00\x03\xff\x00\x00')
2025-09-09 21:48:09,666 BTPWorkerThread-1793 (_rx_task) root DEBUG client.py                 81    logger_log                : Received data: {''}, bytearray(b'')
2025-09-09 21:48:09,696 LT1-thread root DEBUG client.py                 81    logger_log                : received Header(svc_id=0, op=3, ctrl_index=255, data_len=0) (b'',)
2025-09-09 21:48:09,696 LT1-thread root DEBUG client.py                 81    logger_log                : expected ((0, 3, 255, 0), (b'',))
2025-09-09 21:48:09,696 LT1-thread root DEBUG client.py                 81    logger_log                : response is valid
2025-09-09 21:48:09,696 LT1-thread root DEBUG client.py                 81    logger_log                : Reading supported commands for service: GAP
2025-09-09 21:48:09,696 LT1-thread root DEBUG client.py                 81    logger_log                : send, 1 1 255 ''
2025-09-09 21:48:09,696 LT1-thread root DEBUG client.py                 81    logger_log                : sending frame '0101ff0000'
2025-09-09 21:48:09,696 LT1-thread root DEBUG client.py                 81    logger_log                : read
2025-09-09 21:48:09,766 BTPWorkerThread-1793 (_rx_task) root DEBUG client.py                 81    logger_log                : Read 5 bytes
2025-09-09 21:48:09,787 BTPWorkerThread-1793 (_rx_task) root DEBUG client.py                 81    logger_log                : Received: hdr: Header(svc_id=0x01, op=0x01, ctrl_index=0xff, data_len=0x06) bytearray(b'\x01\x01\xff\x06\x00')
2025-09-09 21:48:09,827 BTPWorkerThread-1793 (_rx_task) root DEBUG client.py                 81    logger_log                : Read 6 bytes data
2025-09-09 21:48:09,847 BTPWorkerThread-1793 (_rx_task) root DEBUG client.py                 81    logger_log                : Received data: {'6e ff 7f 1f fe 07'}, bytearray(b'n\xff\x7f\x1f\xfe\x07')
2025-09-09 21:48:09,847 LT1-thread root DEBUG client.py                 81    logger_log                : Starting test function: class=<class 'autopts.ptsprojects.testcase.TestFunc'>, func=<bound method Stack.gap_init of <autopts.ptsprojects.stack.stack.Stack object at 0x0000019970260DA0>> start_wid=None stop_wid=None post_wid=None skip_call=None call_count=121 args=(b'Tester_08E44E',) kwds={}
2025-09-09 21:48:09,847 LT1-thread root DEBUG client.py                 81    logger_log                : Test function parameters: args=(b'Tester_08E44E',), kwds={}
2025-09-09 21:48:09,847 LT1-thread root DEBUG client.py                 81    logger_log                : Starting test function: class=<class 'autopts.ptsprojects.testcase.TestFunc'>, func=<function gap_read_ctrl_info at 0x000001996D3F68E0> start_wid=None stop_wid=None post_wid=None skip_call=None call_count=121 args=() kwds={}
2025-09-09 21:48:09,847 LT1-thread root DEBUG client.py                 81    logger_log                : Test function parameters: args=(), kwds={}
2025-09-09 21:48:09,847 LT1-thread root DEBUG client.py                 81    logger_log                : gap_read_ctrl_info
2025-09-09 21:48:09,847 LT1-thread root DEBUG client.py                 81    logger_log                : send, 1 3 0 ''
2025-09-09 21:48:09,847 LT1-thread root DEBUG client.py                 81    logger_log                : sending frame '0103000000'
2025-09-09 21:48:09,847 LT1-thread root DEBUG client.py                 81    logger_log                : read
2025-09-09 21:48:09,907 BTPWorkerThread-1793 (_rx_task) root DEBUG client.py                 81    logger_log                : Read 5 bytes
2025-09-09 21:48:09,937 BTPWorkerThread-1793 (_rx_task) root DEBUG client.py                 81    logger_log                : Received: hdr: Header(svc_id=0x01, op=0x03, ctrl_index=0x00, data_len=0x115) bytearray(b'\x01\x03\x00\x15\x01')
2025-09-09 21:48:09,977 BTPWorkerThread-1793 (_rx_task) root DEBUG client.py                 81    logger_log                : Read 277 bytes data
2025-09-09 21:48:09,997 BTPWorkerThread-1793 (_rx_task) root DEBUG client.py                 81    logger_log                : Received data: {'19 78 ee 69 17 d0 d3 06 02 00 13 02 00 00 00 00 00 62 74 70 5f 74 65 73 74 65 72 00 00 00 00 00 00 00 00 00 00 00 00 00 00 00 00 00 00 00 00 00 00 00 00 00 00 00 00 00 00 00 00 00 00 00 00 00 00 00 00 00 00 00 00 00 00 00 00 00 00 00 00 00 00 00 00 00 00 00 00 00 00 00 00 00 00 00 00 00 00 00 00 00 00 00 00 00 00 00 00 00 00 00 00 00 00 00 00 00 00 00 00 00 00 00 00 00 00 00 00 00 00 00 00 00 00 00 00 00 00 00 00 00 00 00 00 00 00 00 00 00 00 00 00 00 00 00 00 00 00 00 00 00 00 00 00 00 00 00 00 00 00 00 00 00 00 00 00 00 00 00 00 00 00 00 00 00 00 00 00 00 00 00 00 00 00 00 00 00 00 00 00 00 00 00 00 00 00 00 00 00 00 00 00 00 00 00 00 00 00 00 00 00 00 00 00 00 00 00 00 00 00 00 00 00 00 00 00 00 00 00 00 00 00 00 00 00 00 00 00 00 00 00 00 00 00 00 00 00 00 00 00 00 00 00 00 00 00 00 00 00 00 00 00 00 00 00 00 00 00'}, bytearray(b'\x19x\xeei\x17\xd0\xd3\x06\x02\x00\x13\x02\x00\x00\x00\x00\x00btp_tester\x00\x00\x00\x00\x00\x00\x00\x00\x00\x00\x00\x00\x00\x00\x00\x00\x00\x00\x00\x00\x00\x00\x00\x00\x00\x00\x00\x00\x00\x00\x00\x00\x00\x00\x00\x00\x00\x00\x00\x00\x00\x00\x00\x00\x00\x00\x00\x00\x00\x00\x00\x00\x00\x00\x00\x00\x00\x00\x00\x00\x00\x00\x00\x00\x00\x00\x00\x00\x00\x00\x00\x00\x00\x00\x00\x00\x00\x00\x00\x00\x00\x00\x00\x00\x00\x00\x00\x00\x00\x00\x00\x00\x00\x00\x00\x00\x00\x00\x00\x00\x00\x00\x00\x00\x00\x00\x00\x00\x00\x00\x00\x00\x00\x00\x00\x00\x00\x00\x00\x00\x00\x00\x00\x00\x00\x00\x00\x00\x00\x00\x00\x00\x00\x00\x00\x00\x00\x00\x00\x00\x00\x00\x00\x00\x00\x00\x00\x00\x00\x00\x00\x00\x00\x00\x00\x00\x00\x00\x00\x00\x00\x00\x00\x00\x00\x00\x00\x00\x00\x00\x00\x00\x00\x00\x00\x00\x00\x00\x00\x00\x00\x00\x00\x00\x00\x00\x00\x00\x00\x00\x00\x00\x00\x00\x00\x00\x00\x00\x00\x00\x00\x00\x00\x00\x00\x00\x00\x00\x00\x00\x00\x00\x00\x00\x00\x00\x00\x00\x00\x00\x00\x00\x00\x00\x00\x00\x00\x00\x00\x00\x00\x00\x00\x00\x00\x00\x00\x00\x00\x00\x00\x00\x00\x00\x00\x00\x00\x00\x00\x00')
2025-09-09 21:48:10,017 LT1-thread root DEBUG client.py                 81    logger_log                : received Header(svc_id=1, op=3, ctrl_index=0, data_len=277) (b'\x19x\xeei\x17\xd0\xd3\x06\x02\x00\x13\x02\x00\x00\x00\x00\x00btp_tester\x00\x00\x00\x00\x00\x00\x00\x00\x00\x00\x00\x00\x00\x00\x00\x00\x00\x00\x00\x00\x00\x00\x00\x00\x00\x00\x00\x00\x00\x00\x00\x00\x00\x00\x00\x00\x00\x00\x00\x00\x00\x00\x00\x00\x00\x00\x00\x00\x00\x00\x00\x00\x00\x00\x00\x00\x00\x00\x00\x00\x00\x00\x00\x00\x00\x00\x00\x00\x00\x00\x00\x00\x00\x00\x00\x00\x00\x00\x00\x00\x00\x00\x00\x00\x00\x00\x00\x00\x00\x00\x00\x00\x00\x00\x00\x00\x00\x00\x00\x00\x00\x00\x00\x00\x00\x00\x00\x00\x00\x00\x00\x00\x00\x00\x00\x00\x00\x00\x00\x00\x00\x00\x00\x00\x00\x00\x00\x00\x00\x00\x00\x00\x00\x00\x00\x00\x00\x00\x00\x00\x00\x00\x00\x00\x00\x00\x00\x00\x00\x00\x00\x00\x00\x00\x00\x00\x00\x00\x00\x00\x00\x00\x00\x00\x00\x00\x00\x00\x00\x00\x00\x00\x00\x00\x00\x00\x00\x00\x00\x00\x00\x00\x00\x00\x00\x00\x00\x00\x00\x00\x00\x00\x00\x00\x00\x00\x00\x00\x00\x00\x00\x00\x00\x00\x00\x00\x00\x00\x00\x00\x00\x00\x00\x00\x00\x00\x00\x00\x00\x00\x00\x00\x00\x00\x00\x00\x00\x00\x00\x00\x00\x00\x00\x00\x00\x00\x00\x00\x00\x00\x00\x00\x00\x00\x00\x00\x00\x00\x00\x00',)
2025-09-09 21:48:10,017 LT1-thread root DEBUG client.py                 81    logger_log                : IUT address 'd01769ee7819' 'public'
2025-09-09 21:48:10,017 LT1-thread root DEBUG client.py                 81    logger_log                : __gap_current_settings_update 531
2025-09-09 21:48:10,017 LT1-thread root DEBUG client.py                 81    logger_log                : Starting test function: class=<class 'autopts.ptsprojects.testcase.TestFunc'>, func=<function test_cases.<locals>.<lambda> at 0x0000019970B05D00> start_wid=None stop_wid=None post_wid=None skip_call=None call_count=121 args=() kwds={}
2025-09-09 21:48:10,017 LT1-thread root DEBUG client.py                 81    logger_log                : Test function parameters: args=(), kwds={}
2025-09-09 21:48:10,017 LT1-thread root DEBUG client.py                 81    logger_log                : Starting test function: class=<class 'autopts.ptsprojects.testcase.TestFunc'>, func=<function set_pts_addr at 0x000001996D3C6CA0> start_wid=None stop_wid=None post_wid=None skip_call=None call_count=121 args=('00:1B:DC:08:E4:4E', 0) kwds={}
2025-09-09 21:48:10,017 LT1-thread root DEBUG client.py                 81    logger_log                : Test function parameters: args=('00:1B:DC:08:E4:4E', 0), kwds={}
2025-09-09 21:48:10,017 LT1-thread root DEBUG client.py                 81    logger_log                : Starting test function: class=<class 'autopts.ptsprojects.testcase.TestFunc'>, func=<function core_reg_svc_gatt at 0x000001996D3C7240> start_wid=None stop_wid=None post_wid=None skip_call=None call_count=121 args=() kwds={}
2025-09-09 21:48:10,017 LT1-thread root DEBUG client.py                 81    logger_log                : Test function parameters: args=(), kwds={}
2025-09-09 21:48:10,017 LT1-thread root DEBUG client.py                 81    logger_log                : core_reg_svc_univ: gatt_reg (GATT)
2025-09-09 21:48:10,017 LT1-thread root DEBUG client.py                 81    logger_log                : send, 0 3 255 '2'
2025-09-09 21:48:10,017 LT1-thread root DEBUG client.py                 81    logger_log                : sending frame '0003ff010002'
2025-09-09 21:48:10,017 LT1-thread root DEBUG client.py                 81    logger_log                : core_reg_svc_rsp_succ
2025-09-09 21:48:10,017 LT1-thread root DEBUG client.py                 81    logger_log                : read
2025-09-09 21:48:10,087 BTPWorkerThread-1793 (_rx_task) root DEBUG client.py                 81    logger_log                : Read 5 bytes
2025-09-09 21:48:10,107 BTPWorkerThread-1793 (_rx_task) root DEBUG client.py                 81    logger_log                : Received: hdr: Header(svc_id=0x00, op=0x03, ctrl_index=0xff, data_len=0x00) bytearray(b'\x00\x03\xff\x00\x00')
2025-09-09 21:48:10,127 BTPWorkerThread-1793 (_rx_task) root DEBUG client.py                 81    logger_log                : Received data: {''}, bytearray(b'')
2025-09-09 21:48:10,147 LT1-thread root DEBUG client.py                 81    logger_log                : received Header(svc_id=0, op=3, ctrl_index=255, data_len=0) (b'',)
2025-09-09 21:48:10,147 LT1-thread root DEBUG client.py                 81    logger_log                : expected ((0, 3, 255, 0), (b'',))
2025-09-09 21:48:10,147 LT1-thread root DEBUG client.py                 81    logger_log                : response is valid
2025-09-09 21:48:10,147 LT1-thread root DEBUG client.py                 81    logger_log                : Reading supported commands for service: GATT
2025-09-09 21:48:10,147 LT1-thread root DEBUG client.py                 81    logger_log                : send, 2 1 255 ''
2025-09-09 21:48:10,147 LT1-thread root DEBUG client.py                 81    logger_log                : sending frame '0201ff0000'
2025-09-09 21:48:10,147 LT1-thread root DEBUG client.py                 81    logger_log                : read
2025-09-09 21:48:10,207 BTPWorkerThread-1793 (_rx_task) root DEBUG client.py                 81    logger_log                : Read 5 bytes
2025-09-09 21:48:10,227 BTPWorkerThread-1793 (_rx_task) root DEBUG client.py                 81    logger_log                : Received: hdr: Header(svc_id=0x02, op=0x01, ctrl_index=0xff, data_len=0x05) bytearray(b'\x02\x01\xff\x05\x00')
2025-09-09 21:48:10,247 BTPWorkerThread-1793 (_rx_task) root DEBUG client.py                 81    logger_log                : Read 5 bytes data
2025-09-09 21:48:10,267 BTPWorkerThread-1793 (_rx_task) root DEBUG client.py                 81    logger_log                : Received data: {'fe fe ff fd 03'}, bytearray(b'\xfe\xfe\xff\xfd\x03')
2025-09-09 21:48:10,287 LT1-thread root DEBUG client.py                 81    logger_log                : Starting test function: class=<class 'autopts.ptsprojects.testcase.TestFunc'>, func=<bound method Stack.gatt_init of <autopts.ptsprojects.stack.stack.Stack object at 0x0000019970260DA0>> start_wid=None stop_wid=None post_wid=None skip_call=None call_count=121 args=() kwds={}
2025-09-09 21:48:10,287 LT1-thread root DEBUG client.py                 81    logger_log                : Test function parameters: args=(), kwds={}
2025-09-09 21:48:10,287 LT1-thread root DEBUG client.py                 81    logger_log                : Starting test function: class=<class 'autopts.ptsprojects.testcase.TestFunc'>, func=<function core_reg_svc_a2dp at 0x000001996D3C87C0> start_wid=None stop_wid=None post_wid=None skip_call=None call_count=121 args=() kwds={}
2025-09-09 21:48:10,287 LT1-thread root DEBUG client.py                 81    logger_log                : Test function parameters: args=(), kwds={}
2025-09-09 21:48:10,287 LT1-thread root DEBUG client.py                 81    logger_log                : core_reg_svc_univ: a2dp_reg (A2DP)
2025-09-09 21:48:10,287 LT1-thread root DEBUG client.py                 81    logger_log                : send, 0 3 255 '35'
2025-09-09 21:48:10,287 LT1-thread root DEBUG client.py                 81    logger_log                : sending frame '0003ff010023'
2025-09-09 21:48:10,287 LT1-thread root DEBUG client.py                 81    logger_log                : core_reg_svc_rsp_succ
2025-09-09 21:48:10,287 LT1-thread root DEBUG client.py                 81    logger_log                : read
2025-09-09 21:48:10,367 BTPWorkerThread-1793 (_rx_task) root DEBUG client.py                 81    logger_log                : Read 5 bytes
2025-09-09 21:48:10,387 BTPWorkerThread-1793 (_rx_task) root DEBUG client.py                 81    logger_log                : Received: hdr: Header(svc_id=0x00, op=0x03, ctrl_index=0xff, data_len=0x00) bytearray(b'\x00\x03\xff\x00\x00')
2025-09-09 21:48:10,397 BTPWorkerThread-1793 (_rx_task) root DEBUG client.py                 81    logger_log                : Received data: {''}, bytearray(b'')
2025-09-09 21:48:10,417 LT1-thread root DEBUG client.py                 81    logger_log                : received Header(svc_id=0, op=3, ctrl_index=255, data_len=0) (b'',)
2025-09-09 21:48:10,417 LT1-thread root DEBUG client.py                 81    logger_log                : expected ((0, 3, 255, 0), (b'',))
2025-09-09 21:48:10,417 LT1-thread root DEBUG client.py                 81    logger_log                : response is valid
2025-09-09 21:48:10,417 LT1-thread root DEBUG client.py                 81    logger_log                : Reading supported commands for service: A2DP
2025-09-09 21:48:10,417 LT1-thread root DEBUG client.py                 81    logger_log                : send, 35 1 255 ''
2025-09-09 21:48:10,417 LT1-thread root DEBUG client.py                 81    logger_log                : sending frame '2301ff0000'
2025-09-09 21:48:10,417 LT1-thread root DEBUG client.py                 81    logger_log                : read
2025-09-09 21:48:10,487 BTPWorkerThread-1793 (_rx_task) root DEBUG client.py                 81    logger_log                : Read 5 bytes
2025-09-09 21:48:10,497 BTPWorkerThread-1793 (_rx_task) root DEBUG client.py                 81    logger_log                : Received: hdr: Header(svc_id=0x23, op=0x01, ctrl_index=0xff, data_len=0x02) bytearray(b'#\x01\xff\x02\x00')
2025-09-09 21:48:10,497 BTPWorkerThread-1793 (_rx_task) root DEBUG client.py                 81    logger_log                : Read 2 bytes data
2025-09-09 21:48:10,507 BTPWorkerThread-1793 (_rx_task) root DEBUG client.py                 81    logger_log                : Received data: {'fe 7f'}, bytearray(b'\xfe\x7f')
2025-09-09 21:48:10,527 LT1-thread root DEBUG client.py                 81    logger_log                : Starting test function: class=<class 'autopts.ptsprojects.testcase.TestFunc'>, func=<bound method Stack.a2dp_init of <autopts.ptsprojects.stack.stack.Stack object at 0x0000019970260DA0>> start_wid=None stop_wid=None post_wid=None skip_call=None call_count=121 args=() kwds={}
2025-09-09 21:48:10,527 LT1-thread root DEBUG client.py                 81    logger_log                : Test function parameters: args=(), kwds={}
2025-09-09 21:48:10,527 LT1-thread root DEBUG client.py                 81    logger_log                : Starting test function: class=<class 'autopts.ptsprojects.testcase.TestFunc'>, func=<function a2dp_register_ep at 0x000001996D3C94E0> start_wid=None stop_wid=None post_wid=None skip_call=None call_count=1 args=(0, 1) kwds={}
2025-09-09 21:48:10,527 LT1-thread root DEBUG client.py                 81    logger_log                : Test function parameters: args=(0, 1), kwds={}
2025-09-09 21:48:10,527 LT1-thread root DEBUG client.py                 81    logger_log                : a2dp_register_ep
2025-09-09 21:48:10,527 LT1-thread root DEBUG client.py                 81    logger_log                : send, 35 2 0 "bytearray(b'\\x00\\x01')"
2025-09-09 21:48:10,527 LT1-thread root DEBUG client.py                 81    logger_log                : sending frame '23020002000001'
2025-09-09 21:48:10,527 LT1-thread root DEBUG client.py                 81    logger_log                : a2dp_command_rsp_succ
2025-09-09 21:48:10,527 LT1-thread root DEBUG client.py                 81    logger_log                : read
2025-09-09 21:48:10,597 BTPWorkerThread-1793 (_rx_task) root DEBUG client.py                 81    logger_log                : Read 5 bytes
2025-09-09 21:48:10,617 BTPWorkerThread-1793 (_rx_task) root DEBUG client.py                 81    logger_log                : Received: hdr: Header(svc_id=0x23, op=0x02, ctrl_index=0x00, data_len=0x00) bytearray(b'#\x02\x00\x00\x00')
2025-09-09 21:48:10,637 BTPWorkerThread-1793 (_rx_task) root DEBUG client.py                 81    logger_log                : Received data: {''}, bytearray(b'')
2025-09-09 21:48:10,637 LT1-thread root DEBUG client.py                 81    logger_log                : received Header(svc_id=35, op=2, ctrl_index=0, data_len=0) (b'',)
2025-09-09 21:48:10,637 LT1-thread root DEBUG client.py                 81    logger_log                : ClientCallback.get_result run_test_case
2025-09-09 21:48:56,666 LT1-callback ClientCallback.on_implicit_send INFO client.py                 81    logger_log                : 
    ********************
    BEGIN OnImplicitSend:
    project_name: A2DP
    wid: 33
    test_case_name: A2DP/SRC/SET/BV-03-C
    description: Please make IUT general discoverable.
    style: MMI_Style_Ok_Cancel1 0x11041
2025-09-09 21:48:56,666 LT1-callback ClientCallback.on_implicit_send INFO client.py                 81    logger_log                : Calling test cases on_implicit_send
2025-09-09 21:48:56,666 LT1-callback ClientCallback.on_implicit_send INFO client.py                 81    logger_log                : 
    on_implicit_send returned response: WAIT
    END OnImplicitSend
    ********************
2025-09-09 21:48:56,916 LT1-thread root DEBUG client.py                 81    logger_log                : A2DP A2DP/SRC/SET/BV-03-C on_implicit_send
2025-09-09 21:48:56,916 LT1-thread root DEBUG client.py                 81    logger_log                : a2dp_wid_hdl, 33, Please make IUT general discoverable., A2DP/SRC/SET/BV-03-C
2025-09-09 21:48:56,916 LT1-thread root DEBUG client.py                 81    logger_log                : gap_set_conn
2025-09-09 21:48:56,916 LT1-thread root DEBUG client.py                 81    logger_log                : gap_set_gendiscov
2025-09-09 21:48:56,916 LT1-thread root DEBUG client.py                 81    logger_log                : send, 1 8 0 '1'
2025-09-09 21:48:56,916 LT1-thread root DEBUG client.py                 81    logger_log                : sending frame '010800010001'
2025-09-09 21:48:56,916 LT1-thread root DEBUG client.py                 81    logger_log                : gap_command_rsp_succ
2025-09-09 21:48:56,916 LT1-thread root DEBUG client.py                 81    logger_log                : read
2025-09-09 21:48:56,996 BTPWorkerThread-1793 (_rx_task) root DEBUG client.py                 81    logger_log                : Read 5 bytes
2025-09-09 21:48:57,016 BTPWorkerThread-1793 (_rx_task) root DEBUG client.py                 81    logger_log                : Received: hdr: Header(svc_id=0x01, op=0x08, ctrl_index=0x00, data_len=0x04) bytearray(b'\x01\x08\x00\x04\x00')
2025-09-09 21:48:57,056 BTPWorkerThread-1793 (_rx_task) root DEBUG client.py                 81    logger_log                : Read 4 bytes data
2025-09-09 21:48:57,076 BTPWorkerThread-1793 (_rx_task) root DEBUG client.py                 81    logger_log                : Received data: {'1b 02 00 00'}, bytearray(b'\x1b\x02\x00\x00')
2025-09-09 21:48:57,106 LT1-thread root DEBUG client.py                 81    logger_log                : received Header(svc_id=1, op=8, ctrl_index=0, data_len=4) (b'\x1b\x02\x00\x00',)
2025-09-09 21:48:57,106 LT1-thread root DEBUG client.py                 81    logger_log                : __gap_current_settings_update (b'\x1b\x02\x00\x00',)
2025-09-09 21:48:57,106 LT1-thread root DEBUG client.py                 81    logger_log                : Sending response 'OK' to wid 33 test case A2DP/SRC/SET/BV-03-C
2025-09-09 21:48:57,106 LT1-thread root DEBUG client.py                 81    logger_log                : ClientCallback.get_result run_test_case
2025-09-09 21:48:59,648 LT1-callback ClientCallback.on_implicit_send INFO client.py                 81    logger_log                : 
    ********************
    BEGIN OnImplicitSend:
    project_name: A2DP
    wid: 1002
    test_case_name: A2DP/SRC/SET/BV-03-C
    description: If necessary, take action to accept the AVDTP Signaling Channel Connection initiated by the tester.

Description: Make sure the IUT (Implementation Under Test) is in a state to accept incoming Bluetooth connections.  Some devices may need to be on a specific screen, like a Bluetooth settings screen, in order to pair with PTS.  If the IUT is still having problems pairing with PTS, try running a test case where the IUT connects to PTS to establish pairing.
    style: MMI_Style_Ok_Cancel2 0x11141
2025-09-09 21:48:59,648 LT1-callback ClientCallback.on_implicit_send INFO client.py                 81    logger_log                : Calling test cases on_implicit_send
2025-09-09 21:48:59,648 LT1-callback ClientCallback.on_implicit_send INFO client.py                 81    logger_log                : 
    on_implicit_send returned response: WAIT
    END OnImplicitSend
    ********************
2025-09-09 21:48:59,654 BTPWorkerThread-1793 (_rx_task) root DEBUG client.py                 81    logger_log                : Read 5 bytes
2025-09-09 21:48:59,655 BTPWorkerThread-1793 (_rx_task) root DEBUG client.py                 81    logger_log                : Received: hdr: Header(svc_id=0x01, op=0x82, ctrl_index=0x00, data_len=0x0d) bytearray(b'\x01\x82\x00\r\x00')
2025-09-09 21:48:59,655 BTPWorkerThread-1793 (_rx_task) root DEBUG client.py                 81    logger_log                : Read 13 bytes data
2025-09-09 21:48:59,655 BTPWorkerThread-1793 (_rx_task) root DEBUG client.py                 81    logger_log                : Received data: {'e0 4e e4 08 dc 1b 00 00 00 00 00 00 00'}, bytearray(b'\xe0N\xe4\x08\xdc\x1b\x00\x00\x00\x00\x00\x00\x00')
2025-09-09 21:48:59,655 BTPWorkerThread-1793 (_rx_task) root DEBUG client.py                 81    logger_log                : event_handler Header(svc_id=1, op=130, ctrl_index=0, data_len=13) (b'\xe0N\xe4\x08\xdc\x1b\x00\x00\x00\x00\x00\x00\x00',)
2025-09-09 21:48:59,656 BTPWorkerThread-1793 (_rx_task) root DEBUG client.py                 81    logger_log                : gap_connected_ev_ b'\xe0N\xe4\x08\xdc\x1b\x00\x00\x00\x00\x00\x00\x00'
2025-09-09 21:48:59,656 BTPWorkerThread-1793 (_rx_task) root DEBUG client.py                 81    logger_log                : Read 5 bytes
2025-09-09 21:48:59,656 BTPWorkerThread-1793 (_rx_task) root DEBUG client.py                 81    logger_log                : Received: hdr: Header(svc_id=0x01, op=0x80, ctrl_index=0x00, data_len=0x04) bytearray(b'\x01\x80\x00\x04\x00')
2025-09-09 21:48:59,656 BTPWorkerThread-1793 (_rx_task) root DEBUG client.py                 81    logger_log                : Read 4 bytes data
2025-09-09 21:48:59,656 BTPWorkerThread-1793 (_rx_task) root DEBUG client.py                 81    logger_log                : Received data: {'1b 02 00 00'}, bytearray(b'\x1b\x02\x00\x00')
2025-09-09 21:48:59,656 BTPWorkerThread-1793 (_rx_task) root DEBUG client.py                 81    logger_log                : event_handler Header(svc_id=1, op=128, ctrl_index=0, data_len=4) (b'\x1b\x02\x00\x00',)
2025-09-09 21:48:59,656 BTPWorkerThread-1793 (_rx_task) root DEBUG client.py                 81    logger_log                : gap_new_settings_ev_ b'\x1b\x02\x00\x00'
2025-09-09 21:48:59,656 BTPWorkerThread-1793 (_rx_task) root DEBUG client.py                 81    logger_log                : __gap_current_settings_update 539
2025-09-09 21:49:00,119 LT1-thread root DEBUG client.py                 81    logger_log                : A2DP A2DP/SRC/SET/BV-03-C on_implicit_send
2025-09-09 21:49:00,119 LT1-thread root DEBUG client.py                 81    logger_log                : a2dp_wid_hdl, 1002, If necessary, take action to accept the AVDTP Signaling Channel Connection initiated by the tester.

Description: Make sure the IUT (Implementation Under Test) is in a state to accept incoming Bluetooth connections.  Some devices may need to be on a specific screen, like a Bluetooth settings screen, in order to pair with PTS.  If the IUT is still having problems pairing with PTS, try running a test case where the IUT connects to PTS to establish pairing., A2DP/SRC/SET/BV-03-C
2025-09-09 21:49:00,119 LT1-thread root DEBUG client.py                 81    logger_log                : Sending response 'OK' to wid 1002 test case A2DP/SRC/SET/BV-03-C
2025-09-09 21:49:00,119 LT1-thread root DEBUG client.py                 81    logger_log                : ClientCallback.get_result run_test_case
2025-09-09 21:49:00,711 BTPWorkerThread-1793 (_rx_task) root DEBUG client.py                 81    logger_log                : Read 5 bytes
2025-09-09 21:49:00,711 BTPWorkerThread-1793 (_rx_task) root DEBUG client.py                 81    logger_log                : Received: hdr: Header(svc_id=0x01, op=0x83, ctrl_index=0x00, data_len=0x07) bytearray(b'\x01\x83\x00\x07\x00')
2025-09-09 21:49:00,711 BTPWorkerThread-1793 (_rx_task) root DEBUG client.py                 81    logger_log                : Read 7 bytes data
2025-09-09 21:49:00,711 BTPWorkerThread-1793 (_rx_task) root DEBUG client.py                 81    logger_log                : Received data: {'e0 4e e4 08 dc 1b 00'}, bytearray(b'\xe0N\xe4\x08\xdc\x1b\x00')
2025-09-09 21:49:00,711 BTPWorkerThread-1793 (_rx_task) root DEBUG client.py                 81    logger_log                : event_handler Header(svc_id=1, op=131, ctrl_index=0, data_len=7) (b'\xe0N\xe4\x08\xdc\x1b\x00',)
2025-09-09 21:49:00,711 BTPWorkerThread-1793 (_rx_task) root DEBUG client.py                 81    logger_log                : gap_disconnected_ev_ b'\xe0N\xe4\x08\xdc\x1b\x00'
2025-09-09 21:49:03,414 LT1-callback ClientCallback.log INFO client.py                 81    logger_log                : PTS_LOGTYPE_START_TEST Start Test Case 

+156 ms
 A2DP/SRC/SET/BV-03-C A2DP/SRC/SET/BV-03-C

2025-09-09 21:49:04,114 LT1-callback ClientCallback.log INFO client.py                 81    logger_log                : PTS_LOGTYPE_FINAL_VERDICT Final Verdict 

+52109 ms
 A2DP/SRC/SET/BV-03-C INDCSV

2025-09-09 21:49:04,124 LT1-callback ClientCallback.log INFO client.py                 81    logger_log                : PTS_LOGTYPE_FINAL_VERDICT Encrypted Verdict 

+52109 ms
 A2DP/SRC/SET/BV-03-C A1#ZWY4MzQ5MDg3MmQwNTIxOGQzMzQ5YjY2ODA5M2MzNjQ5ZDY4NmY0Yjc2MzIzM2VkNTUyNTFhNGU4Mjg1MjI0NA==#iqMkeDO/AJVM9JhsxTAh7rMVYrVWmFEfX/eNkJr9KntM9YJZxLQXshdt1QpnANBv

2025-09-09 21:49:04,135 LT1-callback ClientCallback.log INFO client.py                 81    logger_log                : PTS_LOGTYPE_END_TEST Test Case Ended 

+52109 ms
 A2DP/SRC/SET/BV-03-C A2DP/SRC/SET/BV-03-C

2025-09-09 21:49:04,195 LT1-callback root DEBUG client.py                 81    logger_log                : ClientCallback, set_result, run_test_case, INDCSV
2025-09-09 21:49:04,195 LT1-thread root DEBUG client.py                 81    logger_log                : After run_test_case error_code=0 status='INDCSV'
2025-09-09 21:49:04,195 LT1-thread root DEBUG client.py                 81    logger_log                : post_run A2DP A2DP/SRC/SET/BV-03-C 0
2025-09-09 21:49:04,195 MainThread root DEBUG client.py                 81    logger_log                : Interrupting A2DP A2DP/SRC/SET/BV-03-C test case of thread LT1-thread
2025-09-09 21:49:04,195 LT1-thread root DEBUG client.py                 81    logger_log                : Starting test function: class=<class 'autopts.ptsprojects.testcase.TestFuncCleanUp'>, func=<bound method Stack.cleanup of <autopts.ptsprojects.stack.stack.Stack object at 0x0000019970260DA0>> start_wid=None stop_wid=None post_wid=None skip_call=None call_count=1 args=() kwds={}
2025-09-09 21:49:04,195 LT1-thread root DEBUG client.py                 81    logger_log                : Test function parameters: args=(), kwds={}
2025-09-09 21:49:04,195 LT1-thread root DEBUG client.py                 81    logger_log                : Starting test function: class=<class 'autopts.ptsprojects.testcase.TestFuncCleanUp'>, func=<bound method ZephyrCtl.stop of <autopts.ptsprojects.zephyr.iutctl.ZephyrCtl object at 0x0000019970396E40>> start_wid=None stop_wid=None post_wid=None skip_call=None call_count=1 args=() kwds={}
2025-09-09 21:49:04,195 LT1-thread root DEBUG client.py                 81    logger_log                : Test function parameters: args=(), kwds={}
2025-09-09 21:49:04,195 LT1-thread root DEBUG client.py                 81    logger_log                : <class 'autopts.ptsprojects.zephyr.iutctl.ZephyrCtl'>.stop
2025-09-09 21:49:04,195 LT1-thread root DEBUG client.py                 81    logger_log                : About to reset DUT: JLink -CommandFile reset.jlink -usb 1063214216 -device MIMXRT1176XXXA_M7
2025-09-09 21:49:04,625 BTPWorkerThread-1793 (_rx_task) root DEBUG client.py                 81    logger_log                : Read 5 bytes
2025-09-09 21:49:04,645 BTPWorkerThread-1793 (_rx_task) root DEBUG client.py                 81    logger_log                : Received: hdr: Header(svc_id=0x00, op=0x80, ctrl_index=0xff, data_len=0x00) bytearray(b'\x00\x80\xff\x00\x00')
2025-09-09 21:49:04,655 BTPWorkerThread-1793 (_rx_task) root DEBUG client.py                 81    logger_log                : Received data: {''}, bytearray(b'')
2025-09-09 21:49:04,675 BTPWorkerThread-1793 (_rx_task) root DEBUG client.py                 81    logger_log                : event_handler Header(svc_id=0, op=128, ctrl_index=255, data_len=0) (b'',)
2025-09-09 21:49:04,675 BTPWorkerThread-1793 (_rx_task) root DEBUG client.py                 81    logger_log                : core_iut_ready_ev
2025-09-09 21:49:04,685 LT1-thread root DEBUG client.py                 81    logger_log                : IUT ready event received OK
2025-09-09 21:49:04,685 LT1-thread root DEBUG client.py                 81    logger_log                : Waiting for _rx_worker to finish ...
2025-09-09 21:49:05,694 BTPWorkerThread-1793 (_rx_task) root DEBUG client.py                 81    logger_log                : BTPWorkerThread-1793 (_rx_task) finishing...
2025-09-09 21:49:05,694 LT1-thread root DEBUG client.py                 81    logger_log                : Waiting for _rx_worker to finish ...
2025-09-09 21:49:08,701 LT1-thread root DEBUG client.py                 81    logger_log                : post_run, cleanup running post test case script
2025-09-09 21:49:08,701 LT1-thread root DEBUG client.py                 81    logger_log                : post_run, run post test case script
2025-09-09 21:49:08,817 LT1-thread root DEBUG client.py                 81    logger_log                : Done TestCase _run_test_case A2DP A2DP/SRC/SET/BV-03-C
