> 2025/02/11 13:36:43.250355  length=6 from=0 to=5
 00 03 ff 01 00 01                                ......
--
< 2025/02/11 13:36:43.290270  length=5 from=0 to=4
 00 03 ff 00 00                                   .....
--
> 2025/02/11 13:36:43.410132  length=6 from=6 to=11
 00 03 ff 01 00 03                                ......
--
< 2025/02/11 13:36:43.430233  length=5 from=5 to=9
 00 03 ff 00 00                                   .....
--
> 2025/02/11 13:36:43.550089  length=5 from=12 to=16
 01 03 00 00 00                                   .....
--
< 2025/02/11 13:36:44.230206  length=128 from=10 to=137
 01 03 00 15 01 28 00 03 37 60 00 13 06 02 00 13  .....(..7`......
 02 00 00 00 00 00 62 74 70 5f 74 65 73 74 65 72  ......btp_tester
 00 00 00 00 00 00 00 00 00 00 00 00 00 00 00 00  ................
 00 00 00 00 00 00 00 00 00 00 00 00 00 00 00 00  ................
 00 00 00 00 00 00 00 00 00 00 00 00 00 00 00 00  ................
 00 00 00 00 00 00 00 00 00 00 00 00 00 00 00 00  ................
 00 00 00 00 00 00 00 00 00 00 00 00 00 00 00 00  ................
 00 00 00 00 00 00 00 00 00 00 00 00 00 00 00 00  ................
--
< 2025/02/11 13:36:44.237985  length=96 from=138 to=233
 00 00 00 00 00 00 00 00 00 00 00 00 00 00 00 00  ................
 00 00 00 00 00 00 00 00 00 00 00 00 00 00 00 00  ................
 00 00 00 00 00 00 00 00 00 00 00 00 00 00 00 00  ................
 00 00 00 00 00 00 00 00 00 00 00 00 00 00 00 00  ................
 00 00 00 00 00 00 00 00 00 00 00 00 00 00 00 00  ................
 00 00 00 00 00 00 00 00 00 00 00 00 00 00 00 00  ................
--
< 2025/02/11 13:36:44.244903  length=58 from=234 to=291
 00 00 00 00 00 00 00 00 00 00 00 00 00 00 00 00  ................
 00 00 00 00 00 00 00 00 00 00 00 00 00 00 00 00  ................
 00 00 00 00 00 00 00 00 00 00 00 00 00 00 00 00  ................
 00 00 00 00 00 00 00 00 00 00                    ..........
--
> 2025/02/11 13:36:44.470131  length=12 from=17 to=28
 03 05 00 07 00 80 00 01 78 00 00 00              ........x...
--
< 2025/02/11 13:36:44.490347  length=5 from=292 to=296
 03 05 00 00 00                                   .....
--
> 2025/02/11 13:36:46.580158  length=13 from=29 to=41
 01 0e 00 08 00 00 2a de 25 e8 07 c0 00           ......*.%....
--
< 2025/02/11 13:36:46.600210  length=23 from=297 to=319
 01 0e 00 00 00 01 82 00 0d 00 00 2a de 25 e8 07  ...........*.%..
 c0 18 00 00 00 90 01                             .......
--
> 2025/02/11 13:36:47.690142  length=18 from=42 to=59
 03 02 00 0d 00 00 2a de 25 e8 07 c0 80 00 78 00  ......*.%.....x.
 01 00                                            ..
--
< 2025/02/11 13:36:47.710202  length=7 from=320 to=326
 03 02 00 02 00 01 00                             .......
--
< 2025/02/11 13:36:47.770429  length=23 from=327 to=349
 03 81 00 12 00 00 99 01 40 00 40 00 78 00 60 00  ........@.@.x.`.
 00 2a de 25 e8 07 c0                             .*.%...
--
> 2025/02/11 13:36:48.820116  length=18 from=60 to=77
 03 02 00 0d 00 00 2a de 25 e8 07 c0 80 00 78 00  ......*.%.....x.
 01 00                                            ..
--
< 2025/02/11 13:36:48.840225  length=7 from=350 to=356
 03 02 00 02 00 01 01                             .......
--
< 2025/02/11 13:36:48.880471  length=23 from=357 to=379
 03 81 00 12 00 01 99 01 40 00 40 00 78 00 60 00  ........@.@.x.`.
 00 2a de 25 e8 07 c0                             .*.%...
--
< 2025/02/11 13:36:48.930824  length=17 from=380 to=396
 03 82 00 0c 00 00 00 00 00 00 00 2a de 25 e8 07  ...........*.%..
 c0                                               .
--
< 2025/02/11 13:36:48.990811  length=17 from=397 to=413
 03 82 00 0c 00 00 00 01 00 00 00 2a de 25 e8 07  ...........*.%..
 c0                                               .
--
< 2025/02/11 13:36:52.741049  length=5 from=414 to=418
 00 80 ff 00 00                                   .....
--
