14:13:13:736    > BTP_CORE_CMD_REGISTER_SERVICE (0x00|0x03|0xff)
                  raw data (1): 00 03 ff 01 00|01
14:13:17:979    < BTP_CORE_CMD_REGISTER_SERVICE (0x00|0x03|0xff)
                  raw data (0): 00 03 ff 00 00|
14:13:17:995    > BTP_GAP_CMD_READ_SUPPORTED_COMMANDS (0x01|0x01|0xff)
                  raw data (0): 01 01 ff 00 00|
14:13:18:063    < BTP_GAP_CMD_READ_SUPPORTED_COMMANDS (0x01|0x01|0xff)
                  raw data (7): 01 01 ff 07 00|6e ff 7f 1f fe f7 0e
14:13:18:069    > BTP_GAP_CMD_READ_CONTROLLER_INFO (0x01|0x03|0x00)
                  raw data (0): 01 03 00 00 00|
14:13:18:138    < BTP_GAP_CMD_READ_CONTROLLER_INFO (0x01|0x03|0x00)
                  raw data (277): 
                  01 03 00 15 01|19 78 ee 69 17 d0 d3 06 02 00 13 
                  02 00 00 00 00 00 62 74 70 5f 74 65 73 74 65 72 
                  00 00 00 00 00 00 00 00 00 00 00 00 00 00 00 00 
                  00 00 00 00 00 00 00 00 00 00 00 00 00 00 00 00 
                  00 00 00 00 00 00 00 00 00 00 00 00 00 00 00 00 
                  00 00 00 00 00 00 00 00 00 00 00 00 00 00 00 00 
                  00 00 00 00 00 00 00 00 00 00 00 00 00 00 00 00 
                  00 00 00 00 00 00 00 00 00 00 00 00 00 00 00 00 
                  00 00 00 00 00 00 00 00 00 00 00 00 00 00 00 00 
                  00 00 00 00 00 00 00 00 00 00 00 00 00 00 00 00 
                  00 00 00 00 00 00 00 00 00 00 00 00 00 00 00 00 
                  00 00 00 00 00 00 00 00 00 00 00 00 00 00 00 00 
                  00 00 00 00 00 00 00 00 00 00 00 00 00 00 00 00 
                  00 00 00 00 00 00 00 00 00 00 00 00 00 00 00 00 
                  00 00 00 00 00 00 00 00 00 00 00 00 00 00 00 00 
                  00 00 00 00 00 00 00 00 00 00 00 00 00 00 00 00 
                  00 00 00 00 00 00 00 00 00 00 00 00 00 00 00 00 
                  00 00 00 00 00 00 00 00 00 00
14:13:18:162    > BTP_CORE_CMD_REGISTER_SERVICE (0x00|0x03|0xff)
                  raw data (39): 00 03 ff 01 00|27
14:13:18:210    < BTP_CORE_CMD_REGISTER_SERVICE (0x00|0x03|0xff)
                  raw data (0): 00 03 ff 00 00|
14:13:18:216    > BTP_MAP_CMD_READ_SUPPORTED_COMMANDS (0x27|0x01|0xff)
                  raw data (0): 27 01 ff 00 00|
14:13:18:280    < BTP_MAP_CMD_READ_SUPPORTED_COMMANDS (0x27|0x01|0xff)
                  raw data (7): 27 01 ff 07 00|fe ff ff ff ff ff 7f
14:13:22:301    > BTP_GAP_CMD_CONNECT (0x01|0x0e|0x00)
                  raw data (8): 01 0e 00 08 00|e0 4e e4 08 dc 1b 00 00
14:13:22:358    < BTP_GAP_CMD_CONNECT (0x01|0x0e|0x00)
                  raw data (0): 01 0e 00 00 00|
14:13:23:199    < BTP_GAP_EV_DEVICE_CONNECTED (0x01|0x82|0x00)
                  raw data (13): 
                  01 82 00 0d 00|e0 4e e4 08 dc 1b 00 00 00 00 00 
                  00 00
14:13:23:274    > BTP_MAP_CMD_SDP_DISCOVER (0x27|0x36|0x00)
                  raw data (9): 27 36 00 09 00|e0 4e e4 08 dc 1b 00 32 11
14:13:23:328    < BTP_MAP_CMD_SDP_DISCOVER (0x27|0x36|0x00)
                  raw data (0): 27 36 00 00 00|
14:13:23:407    < BTP_MAP_EV_SDP_RECORD (0x27|0xb8|0x00)
                  raw data (40): 
                  27 b8 00 28 00|e0 4e e4 08 dc 1b 00 01 32 11 00 
                  08 01 10 00 00 ff ff 7f 00 1b 12 4d 41 50 20 41 
                  63 63 65 73 73 20 53 65 72 76 69 63 65
14:13:23:446    > BTP_MAP_CMD_MCE_MAS_L2CAP_CONNECT (0x27|0x04|0x00)
                  raw data (10): 27 04 00 0a 00|e0 4e e4 08 dc 1b 00 00 01 10
14:13:23:497    < BTP_MAP_CMD_MCE_MAS_L2CAP_CONNECT (0x27|0x04|0x00)
                  raw data (0): 27 04 00 00 00|
14:13:25:287    < BTP_GAP_EV_ENCRYPTION_CHANGE (0x01|0x91|0x00)
                  raw data (9): 01 91 00 09 00|e0 4e e4 08 dc 1b 00 01 10
14:13:25:348    < BTP_GAP_EV_SEC_LEVEL_CHANGED (0x01|0x89|0x00)
                  raw data (8): 01 89 00 08 00|e0 4e e4 08 dc 1b 00 02
14:13:25:484    < BTP_MAP_EV_MCE_MAS_L2CAP_CONNECTED (0x27|0x82|0x00)
                  raw data (8): 27 82 00 08 00|e0 4e e4 08 dc 1b 00 00
14:13:26:551    > BTP_MAP_CMD_MCE_MAS_CONNECT (0x27|0x06|0x00)
                  raw data (9): 27 06 00 09 00|e0 4e e4 08 dc 1b 00 00 01
14:13:26:601    < BTP_MAP_CMD_MCE_MAS_CONNECT (0x27|0x06|0x00)
                  raw data (0): 27 06 00 00 00|
14:13:26:607    < BTP_MAP_EV_MCE_MAS_CONNECT (0x27|0x84|0x00)
                  raw data (38): 
                  27 84 00 26 00|e0 4e e4 08 dc 1b 00 00 a0 10 ff 
                  00 18 00 4a 00 13 bb 58 2b 40 42 0c 11 db b0 de 
                  08 00 20 0c 9a 66 cb 7f df 2e 8e
14:13:27:617    > BTP_MAP_CMD_MCE_MAS_DISCONNECT (0x27|0x07|0x00)
                  raw data (8): 27 07 00 08 00|e0 4e e4 08 dc 1b 00 00
14:13:27:676    < BTP_MAP_CMD_MCE_MAS_DISCONNECT (0x27|0x07|0x00)
                  raw data (0): 27 07 00 00 00|
14:13:27:693    > BTP_MAP_CMD_MCE_MAS_L2CAP_DISCONNECT (0x27|0x05|0x00)
                  raw data (8): 27 05 00 08 00|e0 4e e4 08 dc 1b 00 00
14:13:27:694    < BTP_MAP_EV_MCE_MAS_DISCONNECT (0x27|0x85|0x00)
                  raw data (11): 27 85 00 0b 00|e0 4e e4 08 dc 1b 00 00 a0 00 00
14:13:27:749    < BTP_MAP_CMD_MCE_MAS_L2CAP_DISCONNECT (0x27|0x05|0x00)
                  raw data (0): 27 05 00 00 00|
14:13:27:755    < BTP_MAP_EV_MCE_MAS_L2CAP_DISCONNECTED (0x27|0x83|0x00)
                  raw data (8): 27 83 00 08 00|e0 4e e4 08 dc 1b 00 00
14:13:27:758    < BTP_GAP_EV_DEVICE_DISCONNECTED (0x01|0x83|0x00)
                  raw data (7): 01 83 00 07 00|e0 4e e4 08 dc 1b 00
14:13:31:304    < BTP_CORE_EV_IUT_READY (0x00|0x80|0xff)
                  raw data (0): 00 80 ff 00 00|
