< 2025/01/09 01:40:26.190823  length=5 from=0 to=4
 00 80 ff 00 00                                   .....
--
> 2025/01/09 01:40:35.988659  length=6 from=0 to=5
 00 03 ff 01 00 01                                ......
--
< 2025/01/09 01:40:36.034756  length=5 from=5 to=9
 00 03 ff 00 00                                   .....
--
> 2025/01/09 01:40:36.110675  length=6 from=6 to=11
 00 03 ff 01 00 03                                ......
--
< 2025/01/09 01:40:36.126802  length=5 from=10 to=14
 00 03 ff 00 00                                   .....
--
> 2025/01/09 01:40:36.221676  length=5 from=12 to=16
 01 03 00 00 00                                   .....
--
< 2025/01/09 01:40:36.947749  length=160 from=15 to=174
 01 03 00 15 01 28 00 03 37 60 00 13 06 02 00 13  .....(..7`......
 02 00 00 00 00 00 62 74 70 5f 74 65 73 74 65 72  ......btp_tester
 00 00 00 00 00 00 00 00 00 00 00 00 00 00 00 00  ................
 00 00 00 00 00 00 00 00 00 00 00 00 00 00 00 00  ................
 00 00 00 00 00 00 00 00 00 00 00 00 00 00 00 00  ................
 00 00 00 00 00 00 00 00 00 00 00 00 00 00 00 00  ................
 00 00 00 00 00 00 00 00 00 00 00 00 00 00 00 00  ................
 00 00 00 00 00 00 00 00 00 00 00 00 00 00 00 00  ................
 00 00 00 00 00 00 00 00 00 00 00 00 00 00 00 00  ................
 00 00 00 00 00 00 00 00 00 00 00 00 00 00 00 00  ................
--
< 2025/01/09 01:40:36.957393  length=96 from=175 to=270
 00 00 00 00 00 00 00 00 00 00 00 00 00 00 00 00  ................
 00 00 00 00 00 00 00 00 00 00 00 00 00 00 00 00  ................
 00 00 00 00 00 00 00 00 00 00 00 00 00 00 00 00  ................
 00 00 00 00 00 00 00 00 00 00 00 00 00 00 00 00  ................
 00 00 00 00 00 00 00 00 00 00 00 00 00 00 00 00  ................
 00 00 00 00 00 00 00 00 00 00 00 00 00 00 00 00  ................
--
< 2025/01/09 01:40:36.963232  length=26 from=271 to=296
 00 00 00 00 00 00 00 00 00 00 00 00 00 00 00 00  ................
 00 00 00 00 00 00 00 00 00 00                    ..........
--
> 2025/01/09 01:40:37.167221  length=12 from=17 to=28
 03 05 00 07 00 80 00 01 78 00 01 00              ........x...
--
< 2025/01/09 01:40:37.183325  length=5 from=297 to=301
 03 05 00 00 00                                   .....
--
> 2025/01/09 01:40:39.225019  length=13 from=29 to=41
 01 0e 00 08 00 00 e6 f2 59 e8 07 c0 00           ........Y....
--
< 2025/01/09 01:40:39.240976  length=5 from=302 to=306
 01 0e 00 00 00                                   .....
--
< 2025/01/09 01:40:39.288961  length=18 from=307 to=324
 01 82 00 0d 00 00 e6 f2 59 e8 07 c0 18 00 00 00  ........Y.......
 90 01                                            ..
--
> 2025/01/09 01:40:41.294527  length=12 from=42 to=53
 01 11 00 07 00 00 e6 f2 59 e8 07 c0              ........Y...
--
< 2025/01/09 01:40:41.310439  length=5 from=325 to=329
 01 11 00 00 00                                   .....
--
< 2025/01/09 01:40:41.798479  length=13 from=330 to=342
 01 89 00 08 00 00 e6 f2 59 e8 07 c0 02           ........Y....
--
< 2025/01/09 01:40:42.424340  length=12 from=343 to=354
 01 83 00 07 00 00 e6 f2 59 e8 07 c0              ........Y...
--
> 2025/01/09 01:40:45.398555  length=13 from=54 to=66
 01 0e 00 08 00 00 e6 f2 59 e8 07 c0 00           ........Y....
--
< 2025/01/09 01:40:45.413657  length=5 from=355 to=359
 01 0e 00 00 00                                   .....
--
< 2025/01/09 01:40:45.492852  length=18 from=360 to=377
 01 82 00 0d 00 00 e6 f2 59 e8 07 c0 18 00 00 00  ........Y.......
 90 01                                            ..
--
< 2025/01/09 01:40:53.372819  length=5 from=378 to=382
 00 80 ff 00 00                                   .....
--
