08:44:02:304	> BTP_CORE_CMD_REGISTER_SERVICE (0x00|0x03|0xff)
                  raw data (1): 00 03 ff 01 00 01
08:44:02:427	< BTP_CORE_CMD_REGISTER_SERVICE (0x00|0x03|0xff)
                  raw data (0): 00 03 ff 00 00
08:44:02:459	> BTP_CORE_CMD_REGISTER_SERVICE (0x00|0x03|0xff)
                  raw data (2): 00 03 ff 01 00 02
08:44:02:554	< BTP_CORE_CMD_REGISTER_SERVICE (0x00|0x03|0xff)
                  raw data (0): 00 03 ff 00 00
08:44:02:584	> BTP_GAP_CMD_READ_CONTROLLER_INFO (0x01|0x03|0x00)
                  raw data (0): 01 03 00 00 00
08:44:03:388	< BTP_GAP_CMD_READ_CONTROLLER_INFO (0x01|0x03|0x00)
                  raw data (277): 
                  01 03 00 15 01 28 00 03 37 60 00 13 06 02 00 13 
                  02 00 00 00 00 00 62 74 70 5f 74 65 73 74 65 72 
                  00 00 00 00 00 00 00 00 00 00 00 00 00 00 00 00 
                  00 00 00 00 00 00 00 00 00 00 00 00 00 00 00 00 
                  00 00 00 00 00 00 00 00 00 00 00 00 00 00 00 00 
                  00 00 00 00 00 00 00 00 00 00 00 00 00 00 00 00 
                  00 00 00 00 00 00 00 00 00 00 00 00 00 00 00 00 
                  00 00 00 00 00 00 00 00 00 00 00 00 00 00 00 00 
                  00 00 00 00 00 00 00 00 00 00 00 00 00 00 00 00 
                  00 00 00 00 00 00 00 00 00 00 00 00 00 00 00 00 
                  00 00 00 00 00 00 00 00 00 00 00 00 00 00 00 00 
                  00 00 00 00 00 00 00 00 00 00 00 00 00 00 00 00 
                  00 00 00 00 00 00 00 00 00 00 00 00 00 00 00 00 
                  00 00 00 00 00 00 00 00 00 00 00 00 00 00 00 00 
                  00 00 00 00 00 00 00 00 00 00 00 00 00 00 00 00 
                  00 00 00 00 00 00 00 00 00 00 00 00 00 00 00 00 
                  00 00 00 00 00 00 00 00 00 00 00 00 00 00 00 00 
                  00 00 00 00 00 00 00 00 00 00
08:45:31:093	> BTP_GAP_CMD_SET_IO_CAP (0x01|0x10|0x00)
                  raw data (1): 01 10 00 01 00 00
08:45:31:203	< BTP_GAP_CMD_SET_IO_CAP (0x01|0x10|0x00)
                  raw data (0): 01 10 00 00 00
08:45:31:223	> BTP_GATT_CMD_ADD_SERVICE (0x02|0x02|0x00)
                  raw data (4): 02 02 00 04 00 01 02 aa 40
08:45:31:363	< BTP_GATT_CMD_ADD_SERVICE (0x02|0x02|0x00)
                  raw data (2): 02 02 00 02 00 00 00
08:45:31:393	> BTP_GATT_CMD_ADD_CHARACTERISTIC (0x02|0x03|0x00)
                  raw data (7): 02 03 00 07 00 00 00 0a 03 02 aa 50
08:45:31:533	< BTP_GATT_CMD_ADD_CHARACTERISTIC (0x02|0x03|0x00)
                  raw data (2): 02 03 00 02 00 00 00
08:45:31:563	> BTP_GATT_CMD_SET_VALUE (0x02|0x06|0x00)
                  raw data (12): 
                  02 06 00 0c 00 00 00 08 00 01 23 45 67 89 ab cd 
                  ef
08:45:31:663	< BTP_GATT_CMD_SET_VALUE (0x02|0x06|0x00)
                  raw data (0): 02 06 00 00 00
08:45:31:694	> BTP_GATT_CMD_ADD_CHARACTERISTIC (0x02|0x03|0x00)
                  raw data (7): 02 03 00 07 00 00 00 0a 0c 02 aa 51
08:45:31:834	< BTP_GATT_CMD_ADD_CHARACTERISTIC (0x02|0x03|0x00)
                  raw data (2): 02 03 00 02 00 00 00
08:45:31:864	> BTP_GATT_CMD_SET_VALUE (0x02|0x06|0x00)
                  raw data (12): 
                  02 06 00 0c 00 00 00 08 00 01 23 45 67 89 ab cd 
                  ef
08:45:31:984	< BTP_GATT_CMD_SET_VALUE (0x02|0x06|0x00)
                  raw data (0): 02 06 00 00 00
08:45:32:014	> BTP_GATT_CMD_ADD_CHARACTERISTIC (0x02|0x03|0x00)
                  raw data (7): 02 03 00 07 00 00 00 0a 30 02 aa 52
08:45:32:164	< BTP_GATT_CMD_ADD_CHARACTERISTIC (0x02|0x03|0x00)
                  raw data (2): 02 03 00 02 00 00 00
08:45:32:194	> BTP_GATT_CMD_SET_VALUE (0x02|0x06|0x00)
                  raw data (12): 
                  02 06 00 0c 00 00 00 08 00 01 23 45 67 89 ab cd 
                  ef
08:45:32:304	< BTP_GATT_CMD_SET_VALUE (0x02|0x06|0x00)
                  raw data (0): 02 06 00 00 00
08:45:32:334	> BTP_GATT_CMD_ADD_CHARACTERISTIC (0x02|0x03|0x00)
                  raw data (7): 02 03 00 07 00 00 00 0a c0 02 aa 53
08:45:32:464	< BTP_GATT_CMD_ADD_CHARACTERISTIC (0x02|0x03|0x00)
                  raw data (2): 02 03 00 02 00 00 00
08:45:32:494	> BTP_GATT_CMD_SET_VALUE (0x02|0x06|0x00)
                  raw data (12): 
                  02 06 00 0c 00 00 00 08 00 01 23 45 67 89 ab cd 
                  ef
08:45:32:594	< BTP_GATT_CMD_SET_VALUE (0x02|0x06|0x00)
                  raw data (0): 02 06 00 00 00
08:45:32:614	> BTP_GATT_CMD_ADD_CHARACTERISTIC (0x02|0x03|0x00)
                  raw data (7): 02 03 00 07 00 00 00 3a 03 02 aa 54
08:45:32:765	< BTP_GATT_CMD_ADD_CHARACTERISTIC (0x02|0x03|0x00)
                  raw data (2): 02 03 00 02 00 00 00
08:45:32:785	> BTP_GATT_CMD_SET_VALUE (0x02|0x06|0x00)
                  raw data (12): 
                  02 06 00 0c 00 00 00 08 00 01 23 45 67 89 ab cd 
                  ef
08:45:32:905	< BTP_GATT_CMD_SET_VALUE (0x02|0x06|0x00)
                  raw data (0): 02 06 00 00 00
08:45:32:935	> BTP_GATT_CMD_ADD_DESCRIPTOR (0x02|0x04|0x00)
                  raw data (6): 02 04 00 06 00 00 00 03 02 02 29
08:45:33:075	< BTP_GATT_CMD_ADD_DESCRIPTOR (0x02|0x04|0x00)
                  raw data (2): 02 04 00 02 00 00 00
08:45:33:105	> BTP_GATT_CMD_ADD_CHARACTERISTIC (0x02|0x03|0x00)
                  raw data (7): 02 03 00 07 00 00 00 3a 03 02 aa 55
08:45:33:255	< BTP_GATT_CMD_ADD_CHARACTERISTIC (0x02|0x03|0x00)
                  raw data (2): 02 03 00 02 00 00 00
08:45:33:275	> BTP_GATT_CMD_SET_VALUE (0x02|0x06|0x00)
                  raw data (12): 
                  02 06 00 0c 00 00 00 08 00 01 23 45 67 89 ab cd 
                  ef
08:45:33:375	< BTP_GATT_CMD_SET_VALUE (0x02|0x06|0x00)
                  raw data (0): 02 06 00 00 00
08:45:33:405	> BTP_GATT_CMD_ADD_DESCRIPTOR (0x02|0x04|0x00)
                  raw data (6): 02 04 00 06 00 00 00 03 02 02 29
08:45:33:554	< BTP_GATT_CMD_ADD_DESCRIPTOR (0x02|0x04|0x00)
                  raw data (2): 02 04 00 02 00 00 00
08:45:33:584	> BTP_GATT_CMD_ADD_CHARACTERISTIC (0x02|0x03|0x00)
                  raw data (7): 02 03 00 07 00 00 00 46 03 02 aa 56
08:45:33:724	< BTP_GATT_CMD_ADD_CHARACTERISTIC (0x02|0x03|0x00)
                  raw data (2): 02 03 00 02 00 00 00
08:45:33:744	> BTP_GATT_CMD_SET_VALUE (0x02|0x06|0x00)
                  raw data (12): 
                  02 06 00 0c 00 00 00 08 00 01 23 45 67 89 ab cd 
                  ef
08:45:33:854	< BTP_GATT_CMD_SET_VALUE (0x02|0x06|0x00)
                  raw data (0): 02 06 00 00 00
08:45:33:884	> BTP_GATT_CMD_ADD_CHARACTERISTIC (0x02|0x03|0x00)
                  raw data (7): 02 03 00 07 00 00 00 46 30 02 aa 57
08:45:34:004	< BTP_GATT_CMD_ADD_CHARACTERISTIC (0x02|0x03|0x00)
                  raw data (2): 02 03 00 02 00 00 00
08:45:34:034	> BTP_GATT_CMD_SET_VALUE (0x02|0x06|0x00)
                  raw data (12): 
                  02 06 00 0c 00 00 00 08 00 01 23 45 67 89 ab cd 
                  ef
08:45:34:164	< BTP_GATT_CMD_SET_VALUE (0x02|0x06|0x00)
                  raw data (0): 02 06 00 00 00
08:45:34:194	> BTP_GATT_CMD_ADD_CHARACTERISTIC (0x02|0x03|0x00)
                  raw data (7): 02 03 00 07 00 00 00 8a 03 02 aa 58
08:45:34:294	< BTP_GATT_CMD_ADD_CHARACTERISTIC (0x02|0x03|0x00)
                  raw data (2): 02 03 00 02 00 00 00
08:45:34:304	> BTP_GATT_CMD_SET_VALUE (0x02|0x06|0x00)
                  raw data (12): 
                  02 06 00 0c 00 00 00 08 00 01 23 45 67 89 ab cd 
                  ef
08:45:34:414	< BTP_GATT_CMD_SET_VALUE (0x02|0x06|0x00)
                  raw data (0): 02 06 00 00 00
08:45:34:424	> BTP_GATT_CMD_ADD_DESCRIPTOR (0x02|0x04|0x00)
                  raw data (6): 02 04 00 06 00 00 00 01 02 00 29
08:45:34:494	< BTP_GATT_CMD_ADD_DESCRIPTOR (0x02|0x04|0x00)
                  raw data (2): 02 04 00 02 00 00 00
08:45:34:514	> BTP_GATT_CMD_SET_VALUE (0x02|0x06|0x00)
                  raw data (6): 02 06 00 06 00 00 00 02 00 01 00
08:45:34:614	< BTP_GATT_CMD_SET_VALUE (0x02|0x06|0x00)
                  raw data (0): 02 06 00 00 00
08:45:34:634	> BTP_GATT_CMD_ADD_CHARACTERISTIC (0x02|0x03|0x00)
                  raw data (7): 02 03 00 07 00 00 00 0a 0c 02 aa 59
08:45:34:754	< BTP_GATT_CMD_ADD_CHARACTERISTIC (0x02|0x03|0x00)
                  raw data (2): 02 03 00 02 00 00 00
08:45:34:754	> BTP_GATT_CMD_SET_VALUE (0x02|0x06|0x00)
                  raw data (12): 
                  02 06 00 0c 00 00 00 08 00 01 23 45 67 89 ab cd 
                  ef
08:45:34:844	< BTP_GATT_CMD_SET_VALUE (0x02|0x06|0x00)
                  raw data (0): 02 06 00 00 00
08:45:34:864	> BTP_GATT_CMD_SET_ENC_KEY_SIZE (0x02|0x09|0x00)
                  raw data (3): 02 09 00 03 00 00 00 0f
08:45:34:954	< BTP_GATT_CMD_SET_ENC_KEY_SIZE (0x02|0x09|0x00)
                  raw data (0): 02 09 00 00 00
08:45:34:954	> BTP_GATT_CMD_ADD_CHARACTERISTIC (0x02|0x03|0x00)
                  raw data (7): 02 03 00 07 00 00 00 0a 0c 02 aa 5a
08:45:35:044	< BTP_GATT_CMD_ADD_CHARACTERISTIC (0x02|0x03|0x00)
                  raw data (2): 02 03 00 02 00 00 00
08:45:35:044	> BTP_GATT_CMD_SET_VALUE (0x02|0x06|0x00)
                  raw data (12): 
                  02 06 00 0c 00 00 00 08 00 01 23 45 67 89 ab cd 
                  ef
08:45:35:144	< BTP_GATT_CMD_SET_VALUE (0x02|0x06|0x00)
                  raw data (0): 02 06 00 00 00
08:45:35:174	> BTP_GATT_CMD_SET_ENC_KEY_SIZE (0x02|0x09|0x00)
                  raw data (3): 02 09 00 03 00 00 00 0f
08:45:35:284	< BTP_GATT_CMD_SET_ENC_KEY_SIZE (0x02|0x09|0x00)
                  raw data (0): 02 09 00 00 00
08:45:35:314	> BTP_GATT_CMD_ADD_CHARACTERISTIC (0x02|0x03|0x00)
                  raw data (21): 
                  02 03 00 15 00 00 00 0a 03 10 f0 00 bb 50 04 51 
                  40 00 b1 23 45 67 89 ab cd ef
08:45:35:434	< BTP_GATT_CMD_ADD_CHARACTERISTIC (0x02|0x03|0x00)
                  raw data (2): 02 03 00 02 00 00 00
08:45:35:434	> BTP_GATT_CMD_SET_VALUE (0x02|0x06|0x00)
                  raw data (12): 
                  02 06 00 0c 00 00 00 08 00 01 23 45 67 89 ab cd 
                  ef
08:45:35:544	< BTP_GATT_CMD_SET_VALUE (0x02|0x06|0x00)
                  raw data (0): 02 06 00 00 00
08:45:35:574	> BTP_GATT_CMD_ADD_SERVICE (0x02|0x02|0x00)
                  raw data (4): 02 02 00 04 00 00 02 aa 41
08:45:35:674	< BTP_GATT_CMD_ADD_SERVICE (0x02|0x02|0x00)
                  raw data (2): 02 02 00 02 00 00 00
08:45:35:674	> BTP_GATT_CMD_ADD_INCLUDED_SERVICE (0x02|0x05|0x00)
                  raw data (2): 02 05 00 02 00 01 00
08:45:35:795	< BTP_GATT_CMD_ADD_INCLUDED_SERVICE (0x02|0x05|0x00)
                  raw data (2): 02 05 00 02 00 00 00
08:45:35:795	> BTP_GATT_CMD_ADD_CHARACTERISTIC (0x02|0x03|0x00)
                  raw data (7): 02 03 00 07 00 00 00 0a 03 02 aa 50
08:45:35:905	< BTP_GATT_CMD_ADD_CHARACTERISTIC (0x02|0x03|0x00)
                  raw data (2): 02 03 00 02 00 00 00
08:45:35:925	> BTP_GATT_CMD_SET_VALUE (0x02|0x06|0x00)
                  raw data (36): 
                  02 06 00 24 00 00 00 20 00 01 23 45 67 89 ab cd 
                  ef 01 23 45 67 89 ab cd ef 01 23 45 67 89 ab cd 
                  ef 01 23 45 67 89 ab cd ef
08:45:36:035	< BTP_GATT_CMD_SET_VALUE (0x02|0x06|0x00)
                  raw data (0): 02 06 00 00 00
08:45:36:055	> BTP_GATT_CMD_ADD_CHARACTERISTIC (0x02|0x03|0x00)
                  raw data (7): 02 03 00 07 00 00 00 0a 03 02 aa 51
08:45:36:165	< BTP_GATT_CMD_ADD_CHARACTERISTIC (0x02|0x03|0x00)
                  raw data (2): 02 03 00 02 00 00 00
08:45:36:185	> BTP_GATT_CMD_SET_VALUE (0x02|0x06|0x00)
                  raw data (36): 
                  02 06 00 24 00 00 00 20 00 fe dc ba 98 76 54 32 
                  10 fe dc ba 98 76 54 32 10 fe dc ba 98 76 54 32 
                  10 fe dc ba 98 76 54 32 10
08:45:36:285	< BTP_GATT_CMD_SET_VALUE (0x02|0x06|0x00)
                  raw data (0): 02 06 00 00 00
08:45:36:315	> BTP_GATT_CMD_ADD_CHARACTERISTIC (0x02|0x03|0x00)
                  raw data (7): 02 03 00 07 00 00 00 0a 0c 02 aa 52
08:45:36:425	< BTP_GATT_CMD_ADD_CHARACTERISTIC (0x02|0x03|0x00)
                  raw data (2): 02 03 00 02 00 00 00
08:45:36:445	> BTP_GATT_CMD_SET_VALUE (0x02|0x06|0x00)
                  raw data (60): 
                  02 06 00 3c 00 00 00 38 00 fe dc ba 98 76 54 32 
                  10 fe dc ba 98 76 54 32 10 fe dc ba 98 76 54 32 
                  10 fe dc ba 98 76 54 32 10 fe dc ba 98 76 54 32 
                  10 fe dc ba 98 76 54 32 10 fe dc ba 98 76 54 32 
                  10
08:45:36:535	< BTP_GATT_CMD_SET_VALUE (0x02|0x06|0x00)
                  raw data (0): 02 06 00 00 00
08:45:36:555	> BTP_GATT_CMD_SET_ENC_KEY_SIZE (0x02|0x09|0x00)
                  raw data (3): 02 09 00 03 00 00 00 0f
08:45:36:665	< BTP_GATT_CMD_SET_ENC_KEY_SIZE (0x02|0x09|0x00)
                  raw data (0): 02 09 00 00 00
08:45:36:675	> BTP_GATT_CMD_ADD_CHARACTERISTIC (0x02|0x03|0x00)
                  raw data (7): 02 03 00 07 00 00 00 02 01 02 aa 53
08:45:36:795	< BTP_GATT_CMD_ADD_CHARACTERISTIC (0x02|0x03|0x00)
                  raw data (2): 02 03 00 02 00 00 00
08:45:36:805	> BTP_GATT_CMD_SET_VALUE (0x02|0x06|0x00)
                  raw data (84): 
                  02 06 00 54 00 00 00 50 00 01 23 45 67 89 ab cd 
                  ef 01 23 45 67 89 ab cd ef 01 23 45 67 89 ab cd 
                  ef 01 23 45 67 89 ab cd ef 01 23 45 67 89 ab cd 
                  ef 01 23 45 67 89 ab cd ef 01 23 45 67 89 ab cd 
                  ef 01 23 45 67 89 ab cd ef 01 23 45 67 89 ab cd 
                  ef 01 23 45 67 89 ab cd ef
08:45:36:905	< BTP_GATT_CMD_SET_VALUE (0x02|0x06|0x00)
                  raw data (0): 02 06 00 00 00
08:45:36:925	> BTP_GATT_CMD_ADD_DESCRIPTOR (0x02|0x04|0x00)
                  raw data (6): 02 04 00 06 00 00 00 03 02 54 aa
08:45:37:075	< BTP_GATT_CMD_ADD_DESCRIPTOR (0x02|0x04|0x00)
                  raw data (2): 02 04 00 02 00 00 00
08:45:37:105	> BTP_GATT_CMD_SET_VALUE (0x02|0x06|0x00)
                  raw data (68): 
                  02 06 00 44 00 00 00 40 00 01 01 01 01 01 01 01 
                  01 01 01 01 01 01 01 01 01 01 01 01 01 01 01 01 
                  01 01 01 01 01 01 01 01 01 01 01 01 01 01 01 01 
                  01 01 01 01 01 01 01 01 01 01 01 01 01 01 01 01 
                  01 01 01 01 01 01 01 01 01
08:45:37:215	< BTP_GATT_CMD_SET_VALUE (0x02|0x06|0x00)
                  raw data (0): 02 06 00 00 00
08:45:37:235	> BTP_GATT_CMD_ADD_CHARACTERISTIC (0x02|0x03|0x00)
                  raw data (7): 02 03 00 07 00 00 00 0a 03 02 aa 55
08:45:37:365	< BTP_GATT_CMD_ADD_CHARACTERISTIC (0x02|0x03|0x00)
                  raw data (2): 02 03 00 02 00 00 00
08:45:37:385	> BTP_GATT_CMD_SET_VALUE (0x02|0x06|0x00)
                  raw data (84): 
                  02 06 00 54 00 00 00 50 00 01 23 45 67 89 ab cd 
                  ef 01 23 45 67 89 ab cd ef 01 23 45 67 89 ab cd 
                  ef 01 23 45 67 89 ab cd ef 01 23 45 67 89 ab cd 
                  ef 01 23 45 67 89 ab cd ef 01 23 45 67 89 ab cd 
                  ef 01 23 45 67 89 ab cd ef 01 23 45 67 89 ab cd 
                  ef 01 23 45 67 89 ab cd ef
08:45:37:485	< BTP_GATT_CMD_SET_VALUE (0x02|0x06|0x00)
                  raw data (0): 02 06 00 00 00
08:45:37:505	> BTP_GATT_CMD_ADD_CHARACTERISTIC (0x02|0x03|0x00)
                  raw data (7): 02 03 00 07 00 00 00 0a 03 02 aa 56
08:45:37:635	< BTP_GATT_CMD_ADD_CHARACTERISTIC (0x02|0x03|0x00)
                  raw data (2): 02 03 00 02 00 00 00
08:45:37:635	> BTP_GATT_CMD_SET_VALUE (0x02|0x06|0x00)
                  raw data (516): 
                  02 06 00 04 02 00 00 00 02 02 02 02 02 02 02 02 
                  02 02 02 02 02 02 02 02 02 02 02 02 02 02 02 02 
                  02 02 02 02 02 02 02 02 02 02 02 02 02 02 02 02 
                  02 02 02 02 02 02 02 02 02 02 02 02 02 02 02 02 
                  02 02 02 02 02 02 02 02 02 02 02 02 02 02 02 02 
                  02 02 02 02 02 02 02 02 02 02 02 02 02 02 02 02 
                  02 02 02 02 02 02 02 02 02 02 02 02 02 02 02 02 
                  02 02 02 02 02 02 02 02 02 02 02 02 02 02 02 02 
                  02 02 02 02 02 02 02 02 02 02 02 02 02 02 02 02 
                  02 02 02 02 02 02 02 02 02 02 02 02 02 02 02 02 
                  02 02 02 02 02 02 02 02 02 02 02 02 02 02 02 02 
                  02 02 02 02 02 02 02 02 02 02 02 02 02 02 02 02 
                  02 02 02 02 02 02 02 02 02 02 02 02 02 02 02 02 
                  02 02 02 02 02 02 02 02 02 02 02 02 02 02 02 02 
                  02 02 02 02 02 02 02 02 02 02 02 02 02 02 02 02 
                  02 02 02 02 02 02 02 02 02 02 02 02 02 02 02 02 
                  02 02 02 02 02 02 02 02 02 02 02 02 02 02 02 02 
                  02 02 02 02 02 02 02 02 02 02 02 02 02 02 02 02 
                  02 02 02 02 02 02 02 02 02 02 02 02 02 02 02 02 
                  02 02 02 02 02 02 02 02 02 02 02 02 02 02 02 02 
                  02 02 02 02 02 02 02 02 02 02 02 02 02 02 02 02 
                  02 02 02 02 02 02 02 02 02 02 02 02 02 02 02 02 
                  02 02 02 02 02 02 02 02 02 02 02 02 02 02 02 02 
                  02 02 02 02 02 02 02 02 02 02 02 02 02 02 02 02 
                  02 02 02 02 02 02 02 02 02 02 02 02 02 02 02 02 
                  02 02 02 02 02 02 02 02 02 02 02 02 02 02 02 02 
                  02 02 02 02 02 02 02 02 02 02 02 02 02 02 02 02 
                  02 02 02 02 02 02 02 02 02 02 02 02 02 02 02 02 
                  02 02 02 02 02 02 02 02 02 02 02 02 02 02 02 02 
                  02 02 02 02 02 02 02 02 02 02 02 02 02 02 02 02 
                  02 02 02 02 02 02 02 02 02 02 02 02 02 02 02 02 
                  02 02 02 02 02 02 02 02 02 02 02 02 02 02 02 02 
                  02 02 02 02 02 02 02 02 02
08:45:37:765	< BTP_GATT_CMD_SET_VALUE (0x02|0x06|0x00)
                  raw data (0): 02 06 00 00 00
08:45:37:775	> BTP_GATT_CMD_START_SERVER (0x02|0x07|0x00)
                  raw data (0): 02 07 00 00 00
08:45:37:885	< BTP_GATT_CMD_START_SERVER (0x02|0x07|0x00)
                  raw data (3): 02 07 00 03 00 00 00 00
08:45:38:404	< BTP_CORE_EV_IUT_READY (0x00|0x80|0xff)
                  raw data (0): 00 80 ff 00 00
