< 2025/01/06 19:19:14.731318  length=5 from=0 to=4
 00 80 ff 00 00                                   .....
--
> 2025/01/06 19:19:24.540249  length=6 from=0 to=5
 00 03 ff 01 00 01                                ......
--
< 2025/01/06 19:19:24.588407  length=5 from=5 to=9
 00 03 ff 00 00                                   .....
--
> 2025/01/06 19:19:24.651896  length=5 from=6 to=10
 01 03 00 00 00                                   .....
--
< 2025/01/06 19:19:25.502085  length=32 from=10 to=41
 01 03 00 15 01 28 00 03 37 60 00 13 06 02 00 13  .....(..7`......
 02 00 00 00 00 00 62 74 70 5f 74 65 73 74 65 72  ......btp_tester
--
< 2025/01/06 19:19:25.505501  length=64 from=42 to=105
 00 00 00 00 00 00 00 00 00 00 00 00 00 00 00 00  ................
 00 00 00 00 00 00 00 00 00 00 00 00 00 00 00 00  ................
 00 00 00 00 00 00 00 00 00 00 00 00 00 00 00 00  ................
 00 00 00 00 00 00 00 00 00 00 00 00 00 00 00 00  ................
--
< 2025/01/06 19:19:25.509354  length=32 from=106 to=137
 00 00 00 00 00 00 00 00 00 00 00 00 00 00 00 00  ................
 00 00 00 00 00 00 00 00 00 00 00 00 00 00 00 00  ................
--
< 2025/01/06 19:19:25.511478  length=32 from=138 to=169
 00 00 00 00 00 00 00 00 00 00 00 00 00 00 00 00  ................
 00 00 00 00 00 00 00 00 00 00 00 00 00 00 00 00  ................
--
< 2025/01/06 19:19:25.513560  length=32 from=170 to=201
 00 00 00 00 00 00 00 00 00 00 00 00 00 00 00 00  ................
 00 00 00 00 00 00 00 00 00 00 00 00 00 00 00 00  ................
--
< 2025/01/06 19:19:25.516275  length=32 from=202 to=233
 00 00 00 00 00 00 00 00 00 00 00 00 00 00 00 00  ................
 00 00 00 00 00 00 00 00 00 00 00 00 00 00 00 00  ................
--
< 2025/01/06 19:19:25.532193  length=58 from=234 to=291
 00 00 00 00 00 00 00 00 00 00 00 00 00 00 00 00  ................
 00 00 00 00 00 00 00 00 00 00 00 00 00 00 00 00  ................
 00 00 00 00 00 00 00 00 00 00 00 00 00 00 00 00  ................
 00 00 00 00 00 00 00 00 00 00                    ..........
--
> 2025/01/06 19:19:25.627936  length=6 from=11 to=16
 00 03 ff 01 00 02                                ......
--
< 2025/01/06 19:19:25.644054  length=5 from=292 to=296
 00 03 ff 00 00                                   .....
--
> 2025/01/06 19:19:25.737949  length=6 from=17 to=22
 00 03 ff 01 00 1d                                ......
--
< 2025/01/06 19:19:25.753987  length=5 from=297 to=301
 00 03 ff 00 00                                   .....
--
> 2025/01/06 19:19:28.880311  length=27 from=23 to=49
 01 0a                                            ..
 00 16 00 0f 00 09 0d 54 65 73 74 65 72 5f 32 35  .......Tester_25
 44 45 32 41 ff ff ff ff 00                       DE2A.....
--
< 2025/01/06 19:19:28.895480  length=9 from=302 to=310
 01 0a                                            ..
 00 04 00 13 06 00 00                             .......
--
< 2025/01/06 19:19:30.026416  length=27 from=311 to=337
 01 82 00 0d 00 00 2a de 25 e8 07 c0 38 00 00 00  ......*.%...8...
 d0 07 01 80 00 04 00 13 02 00 00                 ...........
--
< 2025/01/06 19:19:33.274469  length=13 from=338 to=350
 01 89 00 08 00 00 2a de 25 e8 07 c0 02           ......*.%....
--
< 2025/01/06 19:19:35.552415  length=18 from=351 to=368
 01 88 00 0d 00 00 2a de 25 e8 07 c0 18 00 00 00  ......*.%.......
 2a 00                                            *.
--
< 2025/01/06 19:19:37.534953  length=12 from=369 to=380
 01 83 00 07 00 00 2a de 25 e8 07 c0              ......*.%...
--
< 2025/01/06 19:19:42.086173  length=5 from=381 to=385
 00 80 ff 00 00                                   .....
--
