> 2025/01/10 00:26:30.539374  length=6 from=0 to=5
 00 03 ff 01 00 01                                ......
--
< 2025/01/10 00:26:30.599490  length=5 from=0 to=4
 00 03 ff 00 00                                   .....
--
> 2025/01/10 00:26:30.719237  length=5 from=6 to=10
 01 03 00 00 00                                   .....
--
< 2025/01/10 00:26:31.519310  length=96 from=5 to=100
 01 03 00 15 01 28 00 03 37 60 00 13 06 02 00 13  .....(..7`......
 02 00 00 00 00 00 62 74 70 5f 74 65 73 74 65 72  ......btp_tester
 00 00 00 00 00 00 00 00 00 00 00 00 00 00 00 00  ................
 00 00 00 00 00 00 00 00 00 00 00 00 00 00 00 00  ................
 00 00 00 00 00 00 00 00 00 00 00 00 00 00 00 00  ................
 00 00 00 00 00 00 00 00 00 00 00 00 00 00 00 00  ................
--
< 2025/01/10 00:26:31.531076  length=128 from=101 to=228
 00 00 00 00 00 00 00 00 00 00 00 00 00 00 00 00  ................
 00 00 00 00 00 00 00 00 00 00 00 00 00 00 00 00  ................
 00 00 00 00 00 00 00 00 00 00 00 00 00 00 00 00  ................
 00 00 00 00 00 00 00 00 00 00 00 00 00 00 00 00  ................
 00 00 00 00 00 00 00 00 00 00 00 00 00 00 00 00  ................
 00 00 00 00 00 00 00 00 00 00 00 00 00 00 00 00  ................
 00 00 00 00 00 00 00 00 00 00 00 00 00 00 00 00  ................
 00 00 00 00 00 00 00 00 00 00 00 00 00 00 00 00  ................
--
< 2025/01/10 00:26:31.541442  length=58 from=229 to=286
 00 00 00 00 00 00 00 00 00 00 00 00 00 00 00 00  ................
 00 00 00 00 00 00 00 00 00 00 00 00 00 00 00 00  ................
 00 00 00 00 00 00 00 00 00 00 00 00 00 00 00 00  ................
 00 00 00 00 00 00 00 00 00 00                    ..........
--
> 2025/01/10 00:26:31.699216  length=6 from=11 to=16
 00 03 ff 01 00 02                                ......
--
< 2025/01/10 00:26:31.719416  length=5 from=287 to=291
 00 03 ff 00 00                                   .....
--
> 2025/01/10 00:26:35.870947  length=6 from=17 to=22
 01 08 00 01 00 01                                ......
--
< 2025/01/10 00:26:35.890967  length=9 from=292 to=300
 01 08 00 04 00 1b 02 00 00                       .........
--
> 2025/01/10 00:26:36.047008  length=27 from=23 to=49
 01 0a                                            ..
 00 16 00 0f 00 09 0d 54 65 73 74 65 72 5f 35 39  .......Tester_59
 46 32 45 36 ff ff ff ff 00                       F2E6.....
--
< 2025/01/10 00:26:36.066669  length=9 from=301 to=309
 01 0a                                            ..
 00 04 00 1b 06 00 00                             .......
--
< 2025/01/10 00:26:36.627736  length=27 from=310 to=336
 01 82 00 0d 00 00 e6 f2 59 e8 07 c0 38 00 00 00  ........Y...8...
 d0 07 01 80 00 04 00 1b 02 00 00                 ...........
--
< 2025/01/10 00:26:42.160935  length=18 from=337 to=354
 01 88 00 0d 00 00 e6 f2 59 e8 07 c0 18 00 00 00  ........Y.......
 2a 00                                            *.
--
< 2025/01/10 00:26:44.666818  length=13 from=355 to=367
 01 89 00 08 00 00 e6 f2 59 e8 07 c0 02           ........Y....
--
< 2025/01/10 00:26:46.851862  length=13 from=368 to=380
 01 89 00 08 00 00 e6 f2 59 e8 07 c0 02           ........Y....
--
> 2025/01/10 00:26:51.909073  length=14 from=50 to=63
 02 11 00 09 00 00 e6 f2 59 e8 07 c0 88 01        ........Y.....
--
< 2025/01/10 00:27:21.479387  length=8 from=381 to=388
 02 11 00 03 00 0e 00 00                          ........
--
< 2025/01/10 00:27:21.519452  length=12 from=389 to=400
 01 83 00 07 00 00 e6 f2 59 e8 07 c0              ........Y...
--
< 2025/01/10 00:27:26.480828  length=5 from=401 to=405
 00 80 ff 00 00                                   .....
--
