2025-01-04 20:37:26,989 LT1-thread root DEBUG client.py                 71    logger_log                : Starting TestCase _run_test_case GATT GATT/CL/GAR/BI-13-C
2025-01-04 20:37:26,989 LT1-thread root DEBUG client.py                 71    logger_log                : pre_run GATT GATT/CL/GAR/BI-13-C
2025-01-04 20:37:26,989 LT1-thread root DEBUG client.py                 71    logger_log                : About to run test case GATT GATT/CL/GAR/BI-13-C with commands:
2025-01-04 20:37:26,989 LT1-thread root DEBUG client.py                 71    logger_log                : 0) class=<class 'autopts.ptsprojects.testcase.TestFunc'>, func=<bound method Stack.core_init of <autopts.ptsprojects.stack.stack.Stack object at 0x000001CE003A0450>> start_wid=None stop_wid=None post_wid=None skip_call=None call_count=0 args=() kwds={}
2025-01-04 20:37:26,989 LT1-thread root DEBUG client.py                 71    logger_log                : 1) class=<class 'autopts.ptsprojects.testcase.TestFunc'>, func=<bound method ZephyrCtl.hw_reset of <autopts.ptsprojects.zephyr.iutctl.ZephyrCtl object at 0x000001CE7D2B9F50>> start_wid=None stop_wid=None post_wid=None skip_call=None call_count=0 args=() kwds={}
2025-01-04 20:37:26,989 LT1-thread root DEBUG client.py                 71    logger_log                : 2) class=<class 'autopts.ptsprojects.testcase.TestFunc'>, func=<bound method ZephyrCtl.start of <autopts.ptsprojects.zephyr.iutctl.ZephyrCtl object at 0x000001CE7D2B9F50>> start_wid=None stop_wid=None post_wid=None skip_call=None call_count=0 args=(<autopts.ptsprojects.zephyr.ztestcase.ZTestCase object at 0x000001CE00DA2F90>,) kwds={}
2025-01-04 20:37:26,989 LT1-thread root DEBUG client.py                 71    logger_log                : 3) class=<class 'autopts.ptsprojects.testcase.TestFunc'>, func=<bound method ZephyrCtl.hw_reset of <autopts.ptsprojects.zephyr.iutctl.ZephyrCtl object at 0x000001CE7D2B9F50>> start_wid=None stop_wid=None post_wid=None skip_call=None call_count=0 args=() kwds={}
2025-01-04 20:37:26,989 LT1-thread root DEBUG client.py                 71    logger_log                : 4) class=<class 'autopts.ptsprojects.testcase.TestFunc'>, func=<bound method ZephyrCtl.wait_iut_ready_event of <autopts.ptsprojects.zephyr.iutctl.ZephyrCtl object at 0x000001CE7D2B9F50>> start_wid=None stop_wid=None post_wid=None skip_call=None call_count=0 args=(False,) kwds={}
2025-01-04 20:37:26,989 LT1-thread root DEBUG client.py                 71    logger_log                : 5) class=<class 'autopts.ptsprojects.testcase.TestFunc'>, func=<bound method Stack.gap_init of <autopts.ptsprojects.stack.stack.Stack object at 0x000001CE003A0450>> start_wid=None stop_wid=None post_wid=None skip_call=None call_count=21 args=(b'Tester_25DE2A',) kwds={}
2025-01-04 20:37:26,989 LT1-thread root DEBUG client.py                 71    logger_log                : 6) class=<class 'autopts.ptsprojects.testcase.TestFunc'>, func=<function core_reg_svc_gap at 0x000001CE7BEB4540> start_wid=None stop_wid=None post_wid=None skip_call=None call_count=21 args=() kwds={}
2025-01-04 20:37:26,989 LT1-thread root DEBUG client.py                 71    logger_log                : 7) class=<class 'autopts.ptsprojects.testcase.TestFunc'>, func=<function gap_read_ctrl_info at 0x000001CE7BEC4400> start_wid=None stop_wid=None post_wid=None skip_call=None call_count=21 args=() kwds={}
2025-01-04 20:37:26,989 LT1-thread root DEBUG client.py                 71    logger_log                : 8) class=<class 'autopts.ptsprojects.testcase.TestFunc'>, func=<function test_cases_client.<locals>.<lambda> at 0x000001CE00D905E0> start_wid=None stop_wid=None post_wid=None skip_call=None call_count=21 args=() kwds={}
2025-01-04 20:37:26,989 LT1-thread root DEBUG client.py                 71    logger_log                : 9) class=<class 'autopts.ptsprojects.testcase.TestFunc'>, func=<function core_reg_svc_gatt at 0x000001CE7BEB4680> start_wid=None stop_wid=None post_wid=None skip_call=None call_count=21 args=() kwds={}
2025-01-04 20:37:26,989 LT1-thread root DEBUG client.py                 71    logger_log                : 10) class=<class 'autopts.ptsprojects.testcase.TestFunc'>, func=<function set_pts_addr at 0x000001CE7BEB40E0> start_wid=None stop_wid=None post_wid=None skip_call=None call_count=21 args=('C0:07:E8:25:DE:2A', 0) kwds={}
2025-01-04 20:37:26,989 LT1-thread root DEBUG client.py                 71    logger_log                : 11) class=<class 'autopts.ptsprojects.testcase.TestFunc'>, func=<bound method Stack.gatt_init of <autopts.ptsprojects.stack.stack.Stack object at 0x000001CE003A0450>> start_wid=None stop_wid=None post_wid=None skip_call=None call_count=21 args=() kwds={}
2025-01-04 20:37:26,989 LT1-thread root DEBUG client.py                 71    logger_log                : 12) class=<class 'autopts.ptsprojects.testcase.TestFuncCleanUp'>, func=<bound method Stack.cleanup of <autopts.ptsprojects.stack.stack.Stack object at 0x000001CE003A0450>> start_wid=None stop_wid=None post_wid=None skip_call=None call_count=0 args=() kwds={}
2025-01-04 20:37:26,989 LT1-thread root DEBUG client.py                 71    logger_log                : 13) class=<class 'autopts.ptsprojects.testcase.TestFuncCleanUp'>, func=<bound method ZephyrCtl.stop of <autopts.ptsprojects.zephyr.iutctl.ZephyrCtl object at 0x000001CE7D2B9F50>> start_wid=None stop_wid=None post_wid=None skip_call=None call_count=0 args=() kwds={}
2025-01-04 20:37:26,989 LT1-thread root DEBUG client.py                 71    logger_log                : pre_run, run pre test case script
2025-01-04 20:37:26,999 LT1-thread root DEBUG client.py                 71    logger_log                : Starting test function: class=<class 'autopts.ptsprojects.testcase.TestFunc'>, func=<bound method Stack.core_init of <autopts.ptsprojects.stack.stack.Stack object at 0x000001CE003A0450>> start_wid=None stop_wid=None post_wid=None skip_call=None call_count=1 args=() kwds={}
2025-01-04 20:37:26,999 LT1-thread root DEBUG client.py                 71    logger_log                : Test function parameters: args=(), kwds={}
2025-01-04 20:37:26,999 LT1-thread root DEBUG client.py                 71    logger_log                : Starting test function: class=<class 'autopts.ptsprojects.testcase.TestFunc'>, func=<bound method ZephyrCtl.hw_reset of <autopts.ptsprojects.zephyr.iutctl.ZephyrCtl object at 0x000001CE7D2B9F50>> start_wid=None stop_wid=None post_wid=None skip_call=None call_count=1 args=() kwds={}
2025-01-04 20:37:26,999 LT1-thread root DEBUG client.py                 71    logger_log                : Test function parameters: args=(), kwds={}
2025-01-04 20:37:26,999 LT1-thread root DEBUG client.py                 71    logger_log                : Starting test function: class=<class 'autopts.ptsprojects.testcase.TestFunc'>, func=<bound method ZephyrCtl.start of <autopts.ptsprojects.zephyr.iutctl.ZephyrCtl object at 0x000001CE7D2B9F50>> start_wid=None stop_wid=None post_wid=None skip_call=None call_count=1 args=(<autopts.ptsprojects.zephyr.ztestcase.ZTestCase object at 0x000001CE00DA2F90>,) kwds={}
2025-01-04 20:37:26,999 LT1-thread root DEBUG client.py                 71    logger_log                : Test function parameters: args=(<autopts.ptsprojects.zephyr.ztestcase.ZTestCase object at 0x000001CE00DA2F90>,), kwds={}
2025-01-04 20:37:26,999 LT1-thread root DEBUG client.py                 71    logger_log                : <class 'autopts.ptsprojects.zephyr.iutctl.ZephyrCtl'>.start
2025-01-04 20:37:27,009 LT1-thread root DEBUG client.py                 71    logger_log                : <class 'autopts.ptsprojects.zephyr.iutctl.ZephyrCtl'>.flush_serial
2025-01-04 20:37:28,260 LT1-thread root DEBUG client.py                 71    logger_log                : Starting socat process: socat.exe -x -v tcp:10.192.253.135:55728,retry=100,interval=1 /dev/ttyS34,raw,b115200
2025-01-04 20:37:28,290 LT1-thread root DEBUG client.py                 71    logger_log                : accept
2025-01-04 20:37:28,420 BTPWorkerThread-3218 (_rx_task) root DEBUG client.py                 71    logger_log                : BTPWorkerThread-3218 (_rx_task) started
2025-01-04 20:37:28,420 LT1-thread root DEBUG client.py                 71    logger_log                : Starting test function: class=<class 'autopts.ptsprojects.testcase.TestFunc'>, func=<bound method ZephyrCtl.hw_reset of <autopts.ptsprojects.zephyr.iutctl.ZephyrCtl object at 0x000001CE7D2B9F50>> start_wid=None stop_wid=None post_wid=None skip_call=None call_count=1 args=() kwds={}
2025-01-04 20:37:28,420 LT1-thread root DEBUG client.py                 71    logger_log                : Test function parameters: args=(), kwds={}
2025-01-04 20:37:28,420 LT1-thread root DEBUG client.py                 71    logger_log                : Starting test function: class=<class 'autopts.ptsprojects.testcase.TestFunc'>, func=<bound method ZephyrCtl.wait_iut_ready_event of <autopts.ptsprojects.zephyr.iutctl.ZephyrCtl object at 0x000001CE7D2B9F50>> start_wid=None stop_wid=None post_wid=None skip_call=None call_count=1 args=(False,) kwds={}
2025-01-04 20:37:28,420 LT1-thread root DEBUG client.py                 71    logger_log                : Test function parameters: args=(False,), kwds={}
2025-01-04 20:37:28,430 LT1-thread root DEBUG client.py                 71    logger_log                : IUT ready event received OK
2025-01-04 20:37:28,430 LT1-thread root DEBUG client.py                 71    logger_log                : <class 'autopts.rtt.RTTLogger'>.start
2025-01-04 20:37:28,430 LT1-thread root DEBUG client.py                 71    logger_log                : <class 'autopts.rtt.RTT'>.start
2025-01-04 20:37:29,450 BTPWorkerThread-3218 (_rx_task) root DEBUG client.py                 71    logger_log                : Read 5 bytes
2025-01-04 20:37:29,451 BTPWorkerThread-3218 (_rx_task) root DEBUG client.py                 71    logger_log                : Received: hdr: Header(svc_id=0x00, op=0x80, ctrl_index=0xff, data_len=0x00) bytearray(b'\x00\x80\xff\x00\x00')
2025-01-04 20:37:29,451 BTPWorkerThread-3218 (_rx_task) root DEBUG client.py                 71    logger_log                : Received data: {''}, bytearray(b'')
2025-01-04 20:37:29,451 BTPWorkerThread-3218 (_rx_task) root DEBUG client.py                 71    logger_log                : event_handler Header(svc_id=0, op=128, ctrl_index=255, data_len=0) (b'',)
2025-01-04 20:37:29,451 BTPWorkerThread-3218 (_rx_task) root DEBUG client.py                 71    logger_log                : core_iut_ready_ev
2025-01-04 20:37:39,138 LT1-thread root DEBUG client.py                 71    logger_log                : Starting test function: class=<class 'autopts.ptsprojects.testcase.TestFunc'>, func=<bound method Stack.gap_init of <autopts.ptsprojects.stack.stack.Stack object at 0x000001CE003A0450>> start_wid=None stop_wid=None post_wid=None skip_call=None call_count=22 args=(b'Tester_25DE2A',) kwds={}
2025-01-04 20:37:39,138 LT1-thread root DEBUG client.py                 71    logger_log                : Test function parameters: args=(b'Tester_25DE2A',), kwds={}
2025-01-04 20:37:39,138 LT1-thread root DEBUG client.py                 71    logger_log                : Starting test function: class=<class 'autopts.ptsprojects.testcase.TestFunc'>, func=<function core_reg_svc_gap at 0x000001CE7BEB4540> start_wid=None stop_wid=None post_wid=None skip_call=None call_count=22 args=() kwds={}
2025-01-04 20:37:39,138 LT1-thread root DEBUG client.py                 71    logger_log                : Test function parameters: args=(), kwds={}
2025-01-04 20:37:39,138 LT1-thread root DEBUG client.py                 71    logger_log                : core_reg_svc_gap
2025-01-04 20:37:39,139 LT1-thread root DEBUG client.py                 71    logger_log                : send, 0 3 255 '1'
2025-01-04 20:37:39,139 LT1-thread root DEBUG client.py                 71    logger_log                : sending frame '0003ff010001'
2025-01-04 20:37:39,139 LT1-thread root DEBUG client.py                 71    logger_log                : core_reg_svc_rsp_succ
2025-01-04 20:37:39,139 LT1-thread root DEBUG client.py                 71    logger_log                : read
2025-01-04 20:37:39,231 BTPWorkerThread-3218 (_rx_task) root DEBUG client.py                 71    logger_log                : Read 5 bytes
2025-01-04 20:37:39,236 BTPWorkerThread-3218 (_rx_task) root DEBUG client.py                 71    logger_log                : Received: hdr: Header(svc_id=0x00, op=0x03, ctrl_index=0xff, data_len=0x00) bytearray(b'\x00\x03\xff\x00\x00')
2025-01-04 20:37:39,236 BTPWorkerThread-3218 (_rx_task) root DEBUG client.py                 71    logger_log                : Received data: {''}, bytearray(b'')
2025-01-04 20:37:39,236 LT1-thread root DEBUG client.py                 71    logger_log                : received Header(svc_id=0, op=3, ctrl_index=255, data_len=0) (b'',)
2025-01-04 20:37:39,236 LT1-thread root DEBUG client.py                 71    logger_log                : expected ((0, 3, 255, 0), (b'',))
2025-01-04 20:37:39,237 LT1-thread root DEBUG client.py                 71    logger_log                : response is valid
2025-01-04 20:37:39,237 LT1-thread root DEBUG client.py                 71    logger_log                : Starting test function: class=<class 'autopts.ptsprojects.testcase.TestFunc'>, func=<function gap_read_ctrl_info at 0x000001CE7BEC4400> start_wid=None stop_wid=None post_wid=None skip_call=None call_count=22 args=() kwds={}
2025-01-04 20:37:39,237 LT1-thread root DEBUG client.py                 71    logger_log                : Test function parameters: args=(), kwds={}
2025-01-04 20:37:39,237 LT1-thread root DEBUG client.py                 71    logger_log                : gap_read_ctrl_info
2025-01-04 20:37:39,237 LT1-thread root DEBUG client.py                 71    logger_log                : send, 1 3 0 ''
2025-01-04 20:37:39,237 LT1-thread root DEBUG client.py                 71    logger_log                : sending frame '0103000000'
2025-01-04 20:37:39,238 LT1-thread root DEBUG client.py                 71    logger_log                : read
2025-01-04 20:37:40,170 BTPWorkerThread-3218 (_rx_task) root DEBUG client.py                 71    logger_log                : Read 5 bytes
2025-01-04 20:37:40,192 BTPWorkerThread-3218 (_rx_task) root DEBUG client.py                 71    logger_log                : Received: hdr: Header(svc_id=0x01, op=0x03, ctrl_index=0x00, data_len=0x115) bytearray(b'\x01\x03\x00\x15\x01')
2025-01-04 20:37:40,219 BTPWorkerThread-3218 (_rx_task) root DEBUG client.py                 71    logger_log                : Read 277 bytes data
2025-01-04 20:37:40,229 BTPWorkerThread-3218 (_rx_task) root DEBUG client.py                 71    logger_log                : Received data: {'28 00 03 37 60 00 13 06 02 00 13 02 00 00 00 00 00 62 74 70 5f 74 65 73 74 65 72 00 00 00 00 00 00 00 00 00 00 00 00 00 00 00 00 00 00 00 00 00 00 00 00 00 00 00 00 00 00 00 00 00 00 00 00 00 00 00 00 00 00 00 00 00 00 00 00 00 00 00 00 00 00 00 00 00 00 00 00 00 00 00 00 00 00 00 00 00 00 00 00 00 00 00 00 00 00 00 00 00 00 00 00 00 00 00 00 00 00 00 00 00 00 00 00 00 00 00 00 00 00 00 00 00 00 00 00 00 00 00 00 00 00 00 00 00 00 00 00 00 00 00 00 00 00 00 00 00 00 00 00 00 00 00 00 00 00 00 00 00 00 00 00 00 00 00 00 00 00 00 00 00 00 00 00 00 00 00 00 00 00 00 00 00 00 00 00 00 00 00 00 00 00 00 00 00 00 00 00 00 00 00 00 00 00 00 00 00 00 00 00 00 00 00 00 00 00 00 00 00 00 00 00 00 00 00 00 00 00 00 00 00 00 00 00 00 00 00 00 00 00 00 00 00 00 00 00 00 00 00 00 00 00 00 00 00 00 00 00 00 00 00 00 00 00 00 00 00 00'}, bytearray(b'(\x00\x037`\x00\x13\x06\x02\x00\x13\x02\x00\x00\x00\x00\x00btp_tester\x00\x00\x00\x00\x00\x00\x00\x00\x00\x00\x00\x00\x00\x00\x00\x00\x00\x00\x00\x00\x00\x00\x00\x00\x00\x00\x00\x00\x00\x00\x00\x00\x00\x00\x00\x00\x00\x00\x00\x00\x00\x00\x00\x00\x00\x00\x00\x00\x00\x00\x00\x00\x00\x00\x00\x00\x00\x00\x00\x00\x00\x00\x00\x00\x00\x00\x00\x00\x00\x00\x00\x00\x00\x00\x00\x00\x00\x00\x00\x00\x00\x00\x00\x00\x00\x00\x00\x00\x00\x00\x00\x00\x00\x00\x00\x00\x00\x00\x00\x00\x00\x00\x00\x00\x00\x00\x00\x00\x00\x00\x00\x00\x00\x00\x00\x00\x00\x00\x00\x00\x00\x00\x00\x00\x00\x00\x00\x00\x00\x00\x00\x00\x00\x00\x00\x00\x00\x00\x00\x00\x00\x00\x00\x00\x00\x00\x00\x00\x00\x00\x00\x00\x00\x00\x00\x00\x00\x00\x00\x00\x00\x00\x00\x00\x00\x00\x00\x00\x00\x00\x00\x00\x00\x00\x00\x00\x00\x00\x00\x00\x00\x00\x00\x00\x00\x00\x00\x00\x00\x00\x00\x00\x00\x00\x00\x00\x00\x00\x00\x00\x00\x00\x00\x00\x00\x00\x00\x00\x00\x00\x00\x00\x00\x00\x00\x00\x00\x00\x00\x00\x00\x00\x00\x00\x00\x00\x00\x00\x00\x00\x00\x00\x00\x00\x00\x00\x00\x00\x00\x00\x00\x00\x00\x00\x00\x00\x00\x00\x00\x00')
2025-01-04 20:37:40,247 LT1-thread root DEBUG client.py                 71    logger_log                : received Header(svc_id=1, op=3, ctrl_index=0, data_len=277) (b'(\x00\x037`\x00\x13\x06\x02\x00\x13\x02\x00\x00\x00\x00\x00btp_tester\x00\x00\x00\x00\x00\x00\x00\x00\x00\x00\x00\x00\x00\x00\x00\x00\x00\x00\x00\x00\x00\x00\x00\x00\x00\x00\x00\x00\x00\x00\x00\x00\x00\x00\x00\x00\x00\x00\x00\x00\x00\x00\x00\x00\x00\x00\x00\x00\x00\x00\x00\x00\x00\x00\x00\x00\x00\x00\x00\x00\x00\x00\x00\x00\x00\x00\x00\x00\x00\x00\x00\x00\x00\x00\x00\x00\x00\x00\x00\x00\x00\x00\x00\x00\x00\x00\x00\x00\x00\x00\x00\x00\x00\x00\x00\x00\x00\x00\x00\x00\x00\x00\x00\x00\x00\x00\x00\x00\x00\x00\x00\x00\x00\x00\x00\x00\x00\x00\x00\x00\x00\x00\x00\x00\x00\x00\x00\x00\x00\x00\x00\x00\x00\x00\x00\x00\x00\x00\x00\x00\x00\x00\x00\x00\x00\x00\x00\x00\x00\x00\x00\x00\x00\x00\x00\x00\x00\x00\x00\x00\x00\x00\x00\x00\x00\x00\x00\x00\x00\x00\x00\x00\x00\x00\x00\x00\x00\x00\x00\x00\x00\x00\x00\x00\x00\x00\x00\x00\x00\x00\x00\x00\x00\x00\x00\x00\x00\x00\x00\x00\x00\x00\x00\x00\x00\x00\x00\x00\x00\x00\x00\x00\x00\x00\x00\x00\x00\x00\x00\x00\x00\x00\x00\x00\x00\x00\x00\x00\x00\x00\x00\x00\x00\x00\x00\x00\x00\x00\x00\x00\x00\x00\x00\x00\x00\x00\x00\x00\x00\x00',)
2025-01-04 20:37:40,247 LT1-thread root DEBUG client.py                 71    logger_log                : IUT address '006037030028' 'public'
2025-01-04 20:37:40,247 LT1-thread root DEBUG client.py                 71    logger_log                : __gap_current_settings_update 531
2025-01-04 20:37:40,247 LT1-thread root DEBUG client.py                 71    logger_log                : Starting test function: class=<class 'autopts.ptsprojects.testcase.TestFunc'>, func=<function test_cases_client.<locals>.<lambda> at 0x000001CE00D905E0> start_wid=None stop_wid=None post_wid=None skip_call=None call_count=22 args=() kwds={}
2025-01-04 20:37:40,247 LT1-thread root DEBUG client.py                 71    logger_log                : Test function parameters: args=(), kwds={}
2025-01-04 20:37:40,252 LT1-thread root DEBUG client.py                 71    logger_log                : Starting test function: class=<class 'autopts.ptsprojects.testcase.TestFunc'>, func=<function core_reg_svc_gatt at 0x000001CE7BEB4680> start_wid=None stop_wid=None post_wid=None skip_call=None call_count=22 args=() kwds={}
2025-01-04 20:37:40,253 LT1-thread root DEBUG client.py                 71    logger_log                : Test function parameters: args=(), kwds={}
2025-01-04 20:37:40,253 LT1-thread root DEBUG client.py                 71    logger_log                : core_reg_svc_gatt
2025-01-04 20:37:40,253 LT1-thread root DEBUG client.py                 71    logger_log                : send, 0 3 255 '2'
2025-01-04 20:37:40,253 LT1-thread root DEBUG client.py                 71    logger_log                : sending frame '0003ff010002'
2025-01-04 20:37:40,253 LT1-thread root DEBUG client.py                 71    logger_log                : core_reg_svc_rsp_succ
2025-01-04 20:37:40,253 LT1-thread root DEBUG client.py                 71    logger_log                : read
2025-01-04 20:37:40,313 BTPWorkerThread-3218 (_rx_task) root DEBUG client.py                 71    logger_log                : Read 5 bytes
2025-01-04 20:37:40,318 BTPWorkerThread-3218 (_rx_task) root DEBUG client.py                 71    logger_log                : Received: hdr: Header(svc_id=0x00, op=0x03, ctrl_index=0xff, data_len=0x00) bytearray(b'\x00\x03\xff\x00\x00')
2025-01-04 20:37:40,335 BTPWorkerThread-3218 (_rx_task) root DEBUG client.py                 71    logger_log                : Received data: {''}, bytearray(b'')
2025-01-04 20:37:40,352 LT1-thread root DEBUG client.py                 71    logger_log                : received Header(svc_id=0, op=3, ctrl_index=255, data_len=0) (b'',)
2025-01-04 20:37:40,352 LT1-thread root DEBUG client.py                 71    logger_log                : expected ((0, 3, 255, 0), (b'',))
2025-01-04 20:37:40,352 LT1-thread root DEBUG client.py                 71    logger_log                : response is valid
2025-01-04 20:37:40,353 LT1-thread root DEBUG client.py                 71    logger_log                : Starting test function: class=<class 'autopts.ptsprojects.testcase.TestFunc'>, func=<function set_pts_addr at 0x000001CE7BEB40E0> start_wid=None stop_wid=None post_wid=None skip_call=None call_count=22 args=('C0:07:E8:25:DE:2A', 0) kwds={}
2025-01-04 20:37:40,353 LT1-thread root DEBUG client.py                 71    logger_log                : Test function parameters: args=('C0:07:E8:25:DE:2A', 0), kwds={}
2025-01-04 20:37:40,353 LT1-thread root DEBUG client.py                 71    logger_log                : Starting test function: class=<class 'autopts.ptsprojects.testcase.TestFunc'>, func=<bound method Stack.gatt_init of <autopts.ptsprojects.stack.stack.Stack object at 0x000001CE003A0450>> start_wid=None stop_wid=None post_wid=None skip_call=None call_count=22 args=() kwds={}
2025-01-04 20:37:40,353 LT1-thread root DEBUG client.py                 71    logger_log                : Test function parameters: args=(), kwds={}
2025-01-04 20:37:40,356 LT1-thread root DEBUG client.py                 71    logger_log                : ClientCallback.get_result run_test_case
2025-01-04 20:37:44,027 LT1-callback ClientCallback.on_implicit_send INFO client.py                 71    logger_log                : 
    ********************
    BEGIN OnImplicitSend:
    project_name: GATT
    wid: 1
    test_case_name: GATT/CL/GAR/BI-13-C
    description: Please prepare IUT into a connectable mode.

Description: Verify that the Implementation Under Test (IUT) can accept GATT connect request from PTS.
    style: MMI_Style_Ok_Cancel2 0x11141
2025-01-04 20:37:44,027 LT1-callback ClientCallback.on_implicit_send INFO client.py                 71    logger_log                : Calling test cases on_implicit_send
2025-01-04 20:37:44,027 LT1-callback ClientCallback.on_implicit_send INFO client.py                 71    logger_log                : 
    on_implicit_send returned response: WAIT
    END OnImplicitSend
    ********************
2025-01-04 20:37:44,359 LT1-thread root DEBUG client.py                 71    logger_log                : GATT GATT/CL/GAR/BI-13-C on_implicit_send
2025-01-04 20:37:44,359 LT1-thread root DEBUG client.py                 71    logger_log                : gatt_wid_hdl, 1, Please prepare IUT into a connectable mode.

Description: Verify that the Implementation Under Test (IUT) can accept GATT connect request from PTS., GATT/CL/GAR/BI-13-C
2025-01-04 20:37:44,359 LT1-thread root DEBUG client.py                 71    logger_log                : gap_set_conn
2025-01-04 20:37:44,359 LT1-thread root DEBUG client.py                 71    logger_log                : gap_set_gendiscov
2025-01-04 20:37:44,359 LT1-thread root DEBUG client.py                 71    logger_log                : send, 1 8 0 '1'
2025-01-04 20:37:44,359 LT1-thread root DEBUG client.py                 71    logger_log                : sending frame '010800010001'
2025-01-04 20:37:44,360 LT1-thread root DEBUG client.py                 71    logger_log                : gap_command_rsp_succ
2025-01-04 20:37:44,360 LT1-thread root DEBUG client.py                 71    logger_log                : read
2025-01-04 20:37:44,395 BTPWorkerThread-3218 (_rx_task) root DEBUG client.py                 71    logger_log                : Read 5 bytes
2025-01-04 20:37:44,406 BTPWorkerThread-3218 (_rx_task) root DEBUG client.py                 71    logger_log                : Received: hdr: Header(svc_id=0x01, op=0x08, ctrl_index=0x00, data_len=0x04) bytearray(b'\x01\x08\x00\x04\x00')
2025-01-04 20:37:44,417 BTPWorkerThread-3218 (_rx_task) root DEBUG client.py                 71    logger_log                : Read 4 bytes data
2025-01-04 20:37:44,417 BTPWorkerThread-3218 (_rx_task) root DEBUG client.py                 71    logger_log                : Received data: {'1b 02 00 00'}, bytearray(b'\x1b\x02\x00\x00')
2025-01-04 20:37:44,417 LT1-thread root DEBUG client.py                 71    logger_log                : received Header(svc_id=1, op=8, ctrl_index=0, data_len=4) (b'\x1b\x02\x00\x00',)
2025-01-04 20:37:44,417 LT1-thread root DEBUG client.py                 71    logger_log                : __gap_current_settings_update (b'\x1b\x02\x00\x00',)
2025-01-04 20:37:44,418 LT1-thread root DEBUG client.py                 71    logger_log                : gap_adv_ind_on {9: b'Tester_25DE2A'} None
2025-01-04 20:37:44,418 LT1-thread root DEBUG client.py                 71    logger_log                : send, 1 10 0 "bytearray(b'\\x0f\\x00\\t\\rTester_25DE2A\\xff\\xff\\xff\\xff\\x00')"
2025-01-04 20:37:44,418 LT1-thread root DEBUG client.py                 71    logger_log                : sending frame '010a0016000f00090d5465737465725f323544453241ffffffff00'
2025-01-04 20:37:44,418 LT1-thread root DEBUG client.py                 71    logger_log                : gap_command_rsp_succ
2025-01-04 20:37:44,418 LT1-thread root DEBUG client.py                 71    logger_log                : read
2025-01-04 20:37:44,482 BTPWorkerThread-3218 (_rx_task) root DEBUG client.py                 71    logger_log                : Read 5 bytes
2025-01-04 20:37:44,493 BTPWorkerThread-3218 (_rx_task) root DEBUG client.py                 71    logger_log                : Received: hdr: Header(svc_id=0x01, op=0x0a, ctrl_index=0x00, data_len=0x04) bytearray(b'\x01\n\x00\x04\x00')
2025-01-04 20:37:44,526 BTPWorkerThread-3218 (_rx_task) root DEBUG client.py                 71    logger_log                : Read 4 bytes data
2025-01-04 20:37:44,547 BTPWorkerThread-3218 (_rx_task) root DEBUG client.py                 71    logger_log                : Received data: {'1b 06 00 00'}, bytearray(b'\x1b\x06\x00\x00')
2025-01-04 20:37:44,564 LT1-thread root DEBUG client.py                 71    logger_log                : received Header(svc_id=1, op=10, ctrl_index=0, data_len=4) (b'\x1b\x06\x00\x00',)
2025-01-04 20:37:44,564 LT1-thread root DEBUG client.py                 71    logger_log                : __gap_current_settings_update (b'\x1b\x06\x00\x00',)
2025-01-04 20:37:45,175 BTPWorkerThread-3218 (_rx_task) root DEBUG client.py                 71    logger_log                : Read 5 bytes
2025-01-04 20:37:45,192 BTPWorkerThread-3218 (_rx_task) root DEBUG client.py                 71    logger_log                : Received: hdr: Header(svc_id=0x01, op=0x82, ctrl_index=0x00, data_len=0x0d) bytearray(b'\x01\x82\x00\r\x00')
2025-01-04 20:37:45,235 BTPWorkerThread-3218 (_rx_task) root DEBUG client.py                 71    logger_log                : Read 13 bytes data
2025-01-04 20:37:45,250 BTPWorkerThread-3218 (_rx_task) root DEBUG client.py                 71    logger_log                : Received data: {'00 2a de 25 e8 07 c0 38 00 00 00 d0 07'}, bytearray(b'\x00*\xde%\xe8\x07\xc08\x00\x00\x00\xd0\x07')
2025-01-04 20:37:45,268 BTPWorkerThread-3218 (_rx_task) root DEBUG client.py                 71    logger_log                : event_handler Header(svc_id=1, op=130, ctrl_index=0, data_len=13) (b'\x00*\xde%\xe8\x07\xc08\x00\x00\x00\xd0\x07',)
2025-01-04 20:37:45,284 BTPWorkerThread-3218 (_rx_task) root DEBUG client.py                 71    logger_log                : gap_connected_ev_ b'\x00*\xde%\xe8\x07\xc08\x00\x00\x00\xd0\x07'
2025-01-04 20:37:45,294 BTPWorkerThread-3218 (_rx_task) root DEBUG client.py                 71    logger_log                : Read 5 bytes
2025-01-04 20:37:45,294 BTPWorkerThread-3218 (_rx_task) root DEBUG client.py                 71    logger_log                : Received: hdr: Header(svc_id=0x01, op=0x80, ctrl_index=0x00, data_len=0x04) bytearray(b'\x01\x80\x00\x04\x00')
2025-01-04 20:37:45,295 LT1-thread root DEBUG client.py                 71    logger_log                : Sending response 'OK' to wid 1 test case GATT/CL/GAR/BI-13-C
2025-01-04 20:37:45,295 BTPWorkerThread-3218 (_rx_task) root DEBUG client.py                 71    logger_log                : Read 4 bytes data
2025-01-04 20:37:45,295 BTPWorkerThread-3218 (_rx_task) root DEBUG client.py                 71    logger_log                : Received data: {'1b 02 00 00'}, bytearray(b'\x1b\x02\x00\x00')
2025-01-04 20:37:45,296 BTPWorkerThread-3218 (_rx_task) root DEBUG client.py                 71    logger_log                : event_handler Header(svc_id=1, op=128, ctrl_index=0, data_len=4) (b'\x1b\x02\x00\x00',)
2025-01-04 20:37:45,296 BTPWorkerThread-3218 (_rx_task) root DEBUG client.py                 71    logger_log                : gap_new_settings_ev_ b'\x1b\x02\x00\x00'
2025-01-04 20:37:45,296 BTPWorkerThread-3218 (_rx_task) root DEBUG client.py                 71    logger_log                : __gap_current_settings_update 539
2025-01-04 20:37:45,298 LT1-thread root DEBUG client.py                 71    logger_log                : ClientCallback.get_result run_test_case
2025-01-04 20:37:50,710 BTPWorkerThread-3218 (_rx_task) root DEBUG client.py                 71    logger_log                : Read 5 bytes
2025-01-04 20:37:50,710 BTPWorkerThread-3218 (_rx_task) root DEBUG client.py                 71    logger_log                : Received: hdr: Header(svc_id=0x01, op=0x88, ctrl_index=0x00, data_len=0x0d) bytearray(b'\x01\x88\x00\r\x00')
2025-01-04 20:37:50,711 BTPWorkerThread-3218 (_rx_task) root DEBUG client.py                 71    logger_log                : Read 13 bytes data
2025-01-04 20:37:50,711 BTPWorkerThread-3218 (_rx_task) root DEBUG client.py                 71    logger_log                : Received data: {'00 2a de 25 e8 07 c0 18 00 00 00 2a 00'}, bytearray(b'\x00*\xde%\xe8\x07\xc0\x18\x00\x00\x00*\x00')
2025-01-04 20:37:50,711 BTPWorkerThread-3218 (_rx_task) root DEBUG client.py                 71    logger_log                : event_handler Header(svc_id=1, op=136, ctrl_index=0, data_len=13) (b'\x00*\xde%\xe8\x07\xc0\x18\x00\x00\x00*\x00',)
2025-01-04 20:37:50,711 BTPWorkerThread-3218 (_rx_task) root DEBUG client.py                 71    logger_log                : gap_conn_param_update_ev_
2025-01-04 20:37:50,711 BTPWorkerThread-3218 (_rx_task) root DEBUG client.py                 71    logger_log                : received b'\x00*\xde%\xe8\x07\xc0\x18\x00\x00\x00*\x00'
2025-01-04 20:37:50,712 BTPWorkerThread-3218 (_rx_task) root DEBUG client.py                 71    logger_log                : received (0, b'c007e825de2a', 24, 0, 42)
2025-01-04 20:37:53,234 BTPWorkerThread-3218 (_rx_task) root DEBUG client.py                 71    logger_log                : Read 5 bytes
2025-01-04 20:37:53,234 BTPWorkerThread-3218 (_rx_task) root DEBUG client.py                 71    logger_log                : Received: hdr: Header(svc_id=0x01, op=0x89, ctrl_index=0x00, data_len=0x08) bytearray(b'\x01\x89\x00\x08\x00')
2025-01-04 20:37:53,234 BTPWorkerThread-3218 (_rx_task) root DEBUG client.py                 71    logger_log                : Read 8 bytes data
2025-01-04 20:37:53,234 BTPWorkerThread-3218 (_rx_task) root DEBUG client.py                 71    logger_log                : Received data: {'00 2a de 25 e8 07 c0 02'}, bytearray(b'\x00*\xde%\xe8\x07\xc0\x02')
2025-01-04 20:37:53,235 BTPWorkerThread-3218 (_rx_task) root DEBUG client.py                 71    logger_log                : event_handler Header(svc_id=1, op=137, ctrl_index=0, data_len=8) (b'\x00*\xde%\xe8\x07\xc0\x02',)
2025-01-04 20:37:53,235 BTPWorkerThread-3218 (_rx_task) root DEBUG client.py                 71    logger_log                : gap_sec_level_changed_ev_
2025-01-04 20:37:53,235 BTPWorkerThread-3218 (_rx_task) root DEBUG client.py                 71    logger_log                : received b'\x00*\xde%\xe8\x07\xc0\x02'
2025-01-04 20:37:53,235 BTPWorkerThread-3218 (_rx_task) root DEBUG client.py                 71    logger_log                : received (0, 'c007e825de2a', 2)
2025-01-04 20:37:53,253 LT1-callback ClientCallback.on_implicit_send INFO client.py                 71    logger_log                : 
    ********************
    BEGIN OnImplicitSend:
    project_name: GATT
    wid: 400
    test_case_name: GATT/CL/GAR/BI-13-C
    description: Please prepare IUT into an L2CAP Credit Based Connection connectable mode using LE signaling channel.

Description: Verify that the Implementation Under Test (IUT) can accept L2CAP_CREDIT_BASED_CONNECTION_REQ from PTS.
    style: MMI_Style_Ok_Cancel2 0x11141
2025-01-04 20:37:53,254 LT1-callback ClientCallback.on_implicit_send INFO client.py                 71    logger_log                : Calling test cases on_implicit_send
2025-01-04 20:37:53,254 LT1-callback ClientCallback.on_implicit_send INFO client.py                 71    logger_log                : 
    on_implicit_send returned response: WAIT
    END OnImplicitSend
    ********************
2025-01-04 20:37:53,301 LT1-thread root DEBUG client.py                 71    logger_log                : GATT GATT/CL/GAR/BI-13-C on_implicit_send
2025-01-04 20:37:53,301 LT1-thread root DEBUG client.py                 71    logger_log                : gatt_wid_hdl, 400, Please prepare IUT into an L2CAP Credit Based Connection connectable mode using LE signaling channel.

Description: Verify that the Implementation Under Test (IUT) can accept L2CAP_CREDIT_BASED_CONNECTION_REQ from PTS., GATT/CL/GAR/BI-13-C
2025-01-04 20:37:53,301 LT1-thread root DEBUG client.py                 71    logger_log                : Sending response 'OK' to wid 400 test case GATT/CL/GAR/BI-13-C
2025-01-04 20:37:53,303 LT1-thread root DEBUG client.py                 71    logger_log                : ClientCallback.get_result run_test_case
2025-01-04 20:37:55,420 BTPWorkerThread-3218 (_rx_task) root DEBUG client.py                 71    logger_log                : Read 5 bytes
2025-01-04 20:37:55,420 BTPWorkerThread-3218 (_rx_task) root DEBUG client.py                 71    logger_log                : Received: hdr: Header(svc_id=0x01, op=0x89, ctrl_index=0x00, data_len=0x08) bytearray(b'\x01\x89\x00\x08\x00')
2025-01-04 20:37:55,420 BTPWorkerThread-3218 (_rx_task) root DEBUG client.py                 71    logger_log                : Read 8 bytes data
2025-01-04 20:37:55,420 BTPWorkerThread-3218 (_rx_task) root DEBUG client.py                 71    logger_log                : Received data: {'00 2a de 25 e8 07 c0 02'}, bytearray(b'\x00*\xde%\xe8\x07\xc0\x02')
2025-01-04 20:37:55,421 BTPWorkerThread-3218 (_rx_task) root DEBUG client.py                 71    logger_log                : event_handler Header(svc_id=1, op=137, ctrl_index=0, data_len=8) (b'\x00*\xde%\xe8\x07\xc0\x02',)
2025-01-04 20:37:55,421 BTPWorkerThread-3218 (_rx_task) root DEBUG client.py                 71    logger_log                : gap_sec_level_changed_ev_
2025-01-04 20:37:55,421 BTPWorkerThread-3218 (_rx_task) root DEBUG client.py                 71    logger_log                : received b'\x00*\xde%\xe8\x07\xc0\x02'
2025-01-04 20:37:55,421 BTPWorkerThread-3218 (_rx_task) root DEBUG client.py                 71    logger_log                : received (0, 'c007e825de2a', 2)
2025-01-04 20:38:00,447 LT1-callback ClientCallback.on_implicit_send INFO client.py                 71    logger_log                : 
    ********************
    BEGIN OnImplicitSend:
    project_name: GATT
    wid: 53
    test_case_name: GATT/CL/GAR/BI-13-C
    description: Please send read to handle = '01A4'O and offset greater than '0040'O to the PTS.

Description: Verify that the Implementation Under Test (IUT) can send Read with invalid offset.
    style: MMI_Style_Ok_Cancel2 0x11141
2025-01-04 20:38:00,447 LT1-callback ClientCallback.on_implicit_send INFO client.py                 71    logger_log                : Calling test cases on_implicit_send
2025-01-04 20:38:00,447 LT1-callback ClientCallback.on_implicit_send INFO client.py                 71    logger_log                : 
    on_implicit_send returned response: WAIT
    END OnImplicitSend
    ********************
2025-01-04 20:38:01,307 LT1-thread root DEBUG client.py                 71    logger_log                : GATT GATT/CL/GAR/BI-13-C on_implicit_send
2025-01-04 20:38:01,307 LT1-thread root DEBUG client.py                 71    logger_log                : gatt_wid_hdl, 53, Please send read to handle = '01A4'O and offset greater than '0040'O to the PTS.

Description: Verify that the Implementation Under Test (IUT) can send Read with invalid offset., GATT/CL/GAR/BI-13-C
2025-01-04 20:38:01,307 LT1-thread root DEBUG client.py                 71    logger_log                : parse_description "Please send read to handle = '01A4'O and offset greater than '0040'O to the PTS.\n\nDescription: Verify that the Implementation Under Test (IUT) can send Read with invalid offset."
2025-01-04 20:38:01,307 LT1-thread root DEBUG client.py                 71    logger_log                : Parse result: ['01A4', '0040']
2025-01-04 20:38:01,307 LT1-thread root DEBUG client.py                 71    logger_log                : gattc_read_long 0 'c007e825de2a' '01A4' 65 1
2025-01-04 20:38:01,308 LT1-thread root DEBUG client.py                 71    logger_log                : send, 2 19 0 "bytearray(b'\\x00*\\xde%\\xe8\\x07\\xc0\\xa4\\x01B\\x00')"
2025-01-04 20:38:01,308 LT1-thread root DEBUG client.py                 71    logger_log                : sending frame '0213000b00002ade25e807c0a4014200'
2025-01-04 20:38:01,308 LT1-thread root DEBUG client.py                 71    logger_log                : read
2025-01-04 20:38:01,416 BTPWorkerThread-3218 (_rx_task) root DEBUG client.py                 71    logger_log                : Read 5 bytes
2025-01-04 20:38:01,426 BTPWorkerThread-3218 (_rx_task) root DEBUG client.py                 71    logger_log                : Received: hdr: Header(svc_id=0x02, op=0x13, ctrl_index=0x00, data_len=0x03) bytearray(b'\x02\x13\x00\x03\x00')
2025-01-04 20:38:01,442 BTPWorkerThread-3218 (_rx_task) root DEBUG client.py                 71    logger_log                : Read 3 bytes data
2025-01-04 20:38:01,469 BTPWorkerThread-3218 (_rx_task) root DEBUG client.py                 71    logger_log                : Received data: {'07 00 00'}, bytearray(b'\x07\x00\x00')
2025-01-04 20:38:01,485 LT1-thread root DEBUG client.py                 71    logger_log                : gattc_read_long_rsp received Header(svc_id=2, op=19, ctrl_index=0, data_len=3) (b'\x07\x00\x00',)
2025-01-04 20:38:01,485 LT1-thread root DEBUG client.py                 71    logger_log                : gattc_read_long_rsp 7 (b'',)
2025-01-04 20:38:01,485 LT1-thread root DEBUG client.py                 71    logger_log                : Sending response 'OK' to wid 53 test case GATT/CL/GAR/BI-13-C
2025-01-04 20:38:01,488 LT1-thread root DEBUG client.py                 71    logger_log                : ClientCallback.get_result run_test_case
2025-01-04 20:38:01,491 LT1-callback ClientCallback.on_implicit_send INFO client.py                 71    logger_log                : 
    ********************
    BEGIN OnImplicitSend:
    project_name: GATT
    wid: 46
    test_case_name: GATT/CL/GAR/BI-13-C
    description: Please confirm IUT received Invalid offset error. Click Yes if IUT received it, otherwise click No.

Description: Verify that the Implementation Under Test (IUT) indicate Invalid offset error when read a characteristic.
    style: MMI_Style_Yes_No1 0x11044
2025-01-04 20:38:01,491 LT1-callback ClientCallback.on_implicit_send INFO client.py                 71    logger_log                : Calling test cases on_implicit_send
2025-01-04 20:38:01,491 LT1-callback ClientCallback.on_implicit_send INFO client.py                 71    logger_log                : 
    on_implicit_send returned response: WAIT
    END OnImplicitSend
    ********************
2025-01-04 20:38:02,488 LT1-thread root DEBUG client.py                 71    logger_log                : GATT GATT/CL/GAR/BI-13-C on_implicit_send
2025-01-04 20:38:02,488 LT1-thread root DEBUG client.py                 71    logger_log                : gatt_wid_hdl, 46, Please confirm IUT received Invalid offset error. Click Yes if IUT received it, otherwise click No.

Description: Verify that the Implementation Under Test (IUT) indicate Invalid offset error when read a characteristic., GATT/CL/GAR/BI-13-C
2025-01-04 20:38:02,488 LT1-thread root DEBUG client.py                 71    logger_log                : description='Please confirm IUT received Invalid offset error. Click Yes if IUT received it, otherwise click No.\n\nDescription: Verify that the Implementation Under Test (IUT) indicate Invalid offset error when read a characteristic.'
2025-01-04 20:38:02,488 LT1-thread root DEBUG client.py                 71    logger_log                : Verifying values: ['Invalid offset error', '01A4']
2025-01-04 20:38:02,489 LT1-thread root DEBUG client.py                 71    logger_log                : Description values: ['Invalid offset error']
2025-01-04 20:38:02,489 LT1-thread root DEBUG client.py                 71    logger_log                : Verifying: 'Invalid offset error'
2025-01-04 20:38:02,489 LT1-thread root DEBUG client.py                 71    logger_log                : All verifications passed
2025-01-04 20:38:02,489 LT1-thread root DEBUG client.py                 71    logger_log                : Sending response 'Yes' to wid 46 test case GATT/CL/GAR/BI-13-C
2025-01-04 20:38:02,492 LT1-thread root DEBUG client.py                 71    logger_log                : ClientCallback.get_result run_test_case
2025-01-04 20:38:03,843 BTPWorkerThread-3218 (_rx_task) root DEBUG client.py                 71    logger_log                : Read 5 bytes
2025-01-04 20:38:03,843 BTPWorkerThread-3218 (_rx_task) root DEBUG client.py                 71    logger_log                : Received: hdr: Header(svc_id=0x01, op=0x83, ctrl_index=0x00, data_len=0x07) bytearray(b'\x01\x83\x00\x07\x00')
2025-01-04 20:38:03,843 BTPWorkerThread-3218 (_rx_task) root DEBUG client.py                 71    logger_log                : Read 7 bytes data
2025-01-04 20:38:03,843 BTPWorkerThread-3218 (_rx_task) root DEBUG client.py                 71    logger_log                : Received data: {'00 2a de 25 e8 07 c0'}, bytearray(b'\x00*\xde%\xe8\x07\xc0')
2025-01-04 20:38:03,844 BTPWorkerThread-3218 (_rx_task) root DEBUG client.py                 71    logger_log                : event_handler Header(svc_id=1, op=131, ctrl_index=0, data_len=7) (b'\x00*\xde%\xe8\x07\xc0',)
2025-01-04 20:38:03,844 BTPWorkerThread-3218 (_rx_task) root DEBUG client.py                 71    logger_log                : gap_disconnected_ev_ b'\x00*\xde%\xe8\x07\xc0'
2025-01-04 20:38:07,396 LT1-callback ClientCallback.log INFO client.py                 71    logger_log                : PTS_LOGTYPE_START_TEST Start Test Case 

+2031 ms
 GATT/CL/GAR/BI-13-C GATT/CL/GAR/BI-13-C

2025-01-04 20:38:08,040 LT1-callback ClientCallback.log INFO client.py                 71    logger_log                : PTS_LOGTYPE_FINAL_VERDICT Final Verdict 

+26625 ms
 GATT/CL/GAR/BI-13-C PASS

2025-01-04 20:38:08,045 LT1-callback ClientCallback.log INFO client.py                 71    logger_log                : PTS_LOGTYPE_FINAL_VERDICT Encrypted Verdict 

+26625 ms
 GATT/CL/GAR/BI-13-C A1#ZWY4MzQ5MDg3MmQwNTIxOGQzMzQ5YjY2ODA5M2MzNjQ5ZDY4NmY0Yjc2MzIzM2VkNTUyNTFhNGU4Mjg1MjI0NA==#Rx92by9kU89pU2oN5OkEx3sQII3+DYCgPuHiMzfqfOMs1b/OMJI47NJq3fJVTyop

2025-01-04 20:38:08,051 LT1-callback ClientCallback.log INFO client.py                 71    logger_log                : PTS_LOGTYPE_END_TEST Test Case Ended 

+26625 ms
 GATT/CL/GAR/BI-13-C GATT/CL/GAR/BI-13-C

2025-01-04 20:38:08,181 LT1-callback root DEBUG client.py                 71    logger_log                : ClientCallback, set_result, run_test_case, PASS
2025-01-04 20:38:08,181 LT1-thread root DEBUG client.py                 71    logger_log                : After run_test_case error_code=0 status='PASS'
2025-01-04 20:38:08,181 LT1-thread root DEBUG client.py                 71    logger_log                : post_run GATT GATT/CL/GAR/BI-13-C 0
2025-01-04 20:38:08,182 LT1-thread root DEBUG client.py                 71    logger_log                : Starting test function: class=<class 'autopts.ptsprojects.testcase.TestFuncCleanUp'>, func=<bound method Stack.cleanup of <autopts.ptsprojects.stack.stack.Stack object at 0x000001CE003A0450>> start_wid=None stop_wid=None post_wid=None skip_call=None call_count=1 args=() kwds={}
2025-01-04 20:38:08,182 LT1-thread root DEBUG client.py                 71    logger_log                : Test function parameters: args=(), kwds={}
2025-01-04 20:38:08,182 LT1-thread root DEBUG client.py                 71    logger_log                : Starting test function: class=<class 'autopts.ptsprojects.testcase.TestFuncCleanUp'>, func=<bound method ZephyrCtl.stop of <autopts.ptsprojects.zephyr.iutctl.ZephyrCtl object at 0x000001CE7D2B9F50>> start_wid=None stop_wid=None post_wid=None skip_call=None call_count=1 args=() kwds={}
2025-01-04 20:38:08,182 LT1-thread root DEBUG client.py                 71    logger_log                : Test function parameters: args=(), kwds={}
2025-01-04 20:38:08,182 LT1-thread root DEBUG client.py                 71    logger_log                : <class 'autopts.ptsprojects.zephyr.iutctl.ZephyrCtl'>.stop
2025-01-04 20:38:08,283 LT1-thread root DEBUG client.py                 71    logger_log                : <class 'autopts.rtt.RTTLogger'>.stop
2025-01-04 20:38:08,283 LT1-thread root DEBUG client.py                 71    logger_log                : <class 'autopts.rtt.RTT'>.stop
2025-01-04 20:38:08,326 LT1-thread root DEBUG client.py                 71    logger_log                : About to reset DUT: JLink -CommandFile reset.jlink -usb 1064371884 -device MCXW716
2025-01-04 20:38:08,773 BTPWorkerThread-3218 (_rx_task) root DEBUG client.py                 71    logger_log                : Read 5 bytes
2025-01-04 20:38:08,793 BTPWorkerThread-3218 (_rx_task) root DEBUG client.py                 71    logger_log                : Received: hdr: Header(svc_id=0x00, op=0x80, ctrl_index=0xff, data_len=0x00) bytearray(b'\x00\x80\xff\x00\x00')
2025-01-04 20:38:08,813 BTPWorkerThread-3218 (_rx_task) root DEBUG client.py                 71    logger_log                : Received data: {''}, bytearray(b'')
2025-01-04 20:38:08,813 BTPWorkerThread-3218 (_rx_task) root DEBUG client.py                 71    logger_log                : event_handler Header(svc_id=0, op=128, ctrl_index=255, data_len=0) (b'',)
2025-01-04 20:38:08,813 BTPWorkerThread-3218 (_rx_task) root DEBUG client.py                 71    logger_log                : core_iut_ready_ev
2025-01-04 20:38:08,823 LT1-thread root DEBUG client.py                 71    logger_log                : IUT ready event received OK
2025-01-04 20:38:08,823 LT1-thread root DEBUG client.py                 71    logger_log                : Waiting for _rx_worker to finish ...
2025-01-04 20:38:09,824 BTPWorkerThread-3218 (_rx_task) root DEBUG client.py                 71    logger_log                : BTPWorkerThread-3218 (_rx_task) finishing...
2025-01-04 20:38:09,824 LT1-thread root DEBUG client.py                 71    logger_log                : Waiting for _rx_worker to finish ...
2025-01-04 20:38:12,845 LT1-thread root DEBUG client.py                 71    logger_log                : post_run, cleanup running post test case script
2025-01-04 20:38:12,845 LT1-thread root DEBUG client.py                 71    logger_log                : post_run, run post test case script
2025-01-04 20:38:12,985 LT1-thread root DEBUG client.py                 71    logger_log                : Done TestCase _run_test_case GATT GATT/CL/GAR/BI-13-C
