> 2025/02/11 13:45:36.708708  length=6 from=0 to=5
 00 03 ff 01 00 01                                ......
--
< 2025/02/11 13:45:36.748874  length=5 from=0 to=4
 00 03 ff 00 00                                   .....
--
> 2025/02/11 13:45:36.868726  length=6 from=6 to=11
 00 03 ff 01 00 03                                ......
--
< 2025/02/11 13:45:36.888706  length=5 from=5 to=9
 00 03 ff 00 00                                   .....
--
> 2025/02/11 13:45:37.008662  length=5 from=12 to=16
 01 03 00 00 00                                   .....
--
< 2025/02/11 13:45:37.678900  length=64 from=10 to=73
 01 03 00 15 01 28 00 03 37 60 00 13 06 02 00 13  .....(..7`......
 02 00 00 00 00 00 62 74 70 5f 74 65 73 74 65 72  ......btp_tester
 00 00 00 00 00 00 00 00 00 00 00 00 00 00 00 00  ................
 00 00 00 00 00 00 00 00 00 00 00 00 00 00 00 00  ................
--
< 2025/02/11 13:45:37.683441  length=64 from=74 to=137
 00 00 00 00 00 00 00 00 00 00 00 00 00 00 00 00  ................
 00 00 00 00 00 00 00 00 00 00 00 00 00 00 00 00  ................
 00 00 00 00 00 00 00 00 00 00 00 00 00 00 00 00  ................
 00 00 00 00 00 00 00 00 00 00 00 00 00 00 00 00  ................
--
< 2025/02/11 13:45:37.687693  length=32 from=138 to=169
 00 00 00 00 00 00 00 00 00 00 00 00 00 00 00 00  ................
 00 00 00 00 00 00 00 00 00 00 00 00 00 00 00 00  ................
--
< 2025/02/11 13:45:37.690147  length=32 from=170 to=201
 00 00 00 00 00 00 00 00 00 00 00 00 00 00 00 00  ................
 00 00 00 00 00 00 00 00 00 00 00 00 00 00 00 00  ................
--
< 2025/02/11 13:45:37.692398  length=32 from=202 to=233
 00 00 00 00 00 00 00 00 00 00 00 00 00 00 00 00  ................
 00 00 00 00 00 00 00 00 00 00 00 00 00 00 00 00  ................
--
< 2025/02/11 13:45:37.694649  length=32 from=234 to=265
 00 00 00 00 00 00 00 00 00 00 00 00 00 00 00 00  ................
 00 00 00 00 00 00 00 00 00 00 00 00 00 00 00 00  ................
--
< 2025/02/11 13:45:37.708916  length=26 from=266 to=291
 00 00 00 00 00 00 00 00 00 00 00 00 00 00 00 00  ................
 00 00 00 00 00 00 00 00 00 00                    ..........
--
> 2025/02/11 13:45:37.928785  length=12 from=17 to=28
 03 05 00 07 00 80 00 01 78 00 00 00              ........x...
--
< 2025/02/11 13:45:37.948933  length=5 from=292 to=296
 03 05 00 00 00                                   .....
--
> 2025/02/11 13:45:40.088850  length=13 from=29 to=41
 01 0e 00 08 00 00 2a de 25 e8 07 c0 00           ......*.%....
--
< 2025/02/11 13:45:40.108898  length=5 from=297 to=301
 01 0e 00 00 00                                   .....
--
< 2025/02/11 13:45:40.179150  length=18 from=302 to=319
 01 82 00 0d 00 00 2a de 25 e8 07 c0 18 00 00 00  ......*.%.......
 90 01                                            ..
--
> 2025/02/11 13:45:42.188887  length=18 from=42 to=59
 03 02 00 0d 00 00 2a de 25 e8 07 c0 80 00 78 00  ......*.%.....x.
 02 01                                            ..
--
< 2025/02/11 13:45:42.208989  length=8 from=320 to=327
 03 02 00 03 00 02 00 01                          ........
--
< 2025/02/11 13:45:42.268903  length=40 from=328 to=367
 03 81 00 12 00 00 99 01 40 00 40 00 78 00 60 00  ........@.@.x.`.
 00 2a de 25 e8 07 c0 03 82 00 0c 00 00 00 01 00  .*.%............
 00 00 2a de 25 e8 07 c0                          ..*.%...
--
> 2025/02/11 13:45:48.369754  length=9 from=60 to=68
 03 04 00 04 00 00 01 00 00                       .........
--
< 2025/02/11 13:45:48.389838  length=5 from=368 to=372
 03 04 00 00 00                                   .....
--
> 2025/02/11 13:45:48.489706  length=9 from=69 to=77
 03 04 00 04 00 00 01 00 00                       .........
--
< 2025/02/11 13:45:48.509905  length=5 from=373 to=377
 03 04 00 00 00                                   .....
--
> 2025/02/11 13:45:48.629737  length=9 from=78 to=86
 03 04 00 04 00 00 01 00 00                       .........
--
< 2025/02/11 13:45:48.649877  length=5 from=378 to=382
 03 04 00 00 00                                   .....
--
> 2025/02/11 13:45:48.709740  length=9 from=87 to=95
 03 04 00 04 00 00 01 00 00                       .........
--
< 2025/02/11 13:45:48.729901  length=5 from=383 to=387
 03 04 00 00 00                                   .....
--
> 2025/02/11 13:45:48.809873  length=9 from=96 to=104
 03 04 00 04 00 00 01 00 00                       .........
--
< 2025/02/11 13:46:13.468051  length=5 from=388 to=392
 00 80 ff 00 00                                   .....
--
