< 2025/01/09 08:45:18.580073  length=5 from=0 to=4
 00 80 ff 00 00                                   .....
--
> 2025/01/09 08:45:28.524672  length=6 from=0 to=5
 00 03 ff 01 00 01                                ......
--
< 2025/01/09 08:45:28.572840  length=5 from=5 to=9
 00 03 ff 00 00                                   .....
--
> 2025/01/09 08:45:28.636651  length=5 from=6 to=10
 01 03 00 00 00                                   .....
--
< 2025/01/09 08:45:29.496995  length=32 from=10 to=41
 01 03 00 15 01 28 00 03 37 60 00 13 06 02 00 13  .....(..7`......
 02 00 00 00 00 00 62 74 70 5f 74 65 73 74 65 72  ......btp_tester
--
< 2025/01/09 08:45:29.500781  length=64 from=42 to=105
 00 00 00 00 00 00 00 00 00 00 00 00 00 00 00 00  ................
 00 00 00 00 00 00 00 00 00 00 00 00 00 00 00 00  ................
 00 00 00 00 00 00 00 00 00 00 00 00 00 00 00 00  ................
 00 00 00 00 00 00 00 00 00 00 00 00 00 00 00 00  ................
--
< 2025/01/09 08:45:29.504635  length=32 from=106 to=137
 00 00 00 00 00 00 00 00 00 00 00 00 00 00 00 00  ................
 00 00 00 00 00 00 00 00 00 00 00 00 00 00 00 00  ................
--
< 2025/01/09 08:45:29.506558  length=32 from=138 to=169
 00 00 00 00 00 00 00 00 00 00 00 00 00 00 00 00  ................
 00 00 00 00 00 00 00 00 00 00 00 00 00 00 00 00  ................
--
< 2025/01/09 08:45:29.508525  length=32 from=170 to=201
 00 00 00 00 00 00 00 00 00 00 00 00 00 00 00 00  ................
 00 00 00 00 00 00 00 00 00 00 00 00 00 00 00 00  ................
--
< 2025/01/09 08:45:29.529014  length=90 from=202 to=291
 00 00 00 00 00 00 00 00 00 00 00 00 00 00 00 00  ................
 00 00 00 00 00 00 00 00 00 00 00 00 00 00 00 00  ................
 00 00 00 00 00 00 00 00 00 00 00 00 00 00 00 00  ................
 00 00 00 00 00 00 00 00 00 00 00 00 00 00 00 00  ................
 00 00 00 00 00 00 00 00 00 00 00 00 00 00 00 00  ................
 00 00 00 00 00 00 00 00 00 00                    ..........
--
> 2025/01/09 08:45:29.591807  length=6 from=11 to=16
 01 10 00 01 00 02                                ......
--
< 2025/01/09 08:45:29.607969  length=5 from=292 to=296
 01 10 00 00 00                                   .....
--
> 2025/01/09 08:45:32.654356  length=13 from=17 to=29
 01 0e 00 08 00 00 e6 f2 59 e8 07 c0 00           ........Y....
--
< 2025/01/09 08:45:32.669429  length=5 from=297 to=301
 01 0e 00 00 00                                   .....
--
< 2025/01/09 08:45:32.764548  length=18 from=302 to=319
 01 82 00 0d 00 00 e6 f2 59 e8 07 c0 18 00 00 00  ........Y.......
 90 01                                            ..
--
> 2025/01/09 08:45:33.835885  length=12 from=30 to=41
 01 11 00 07 00 00 e6 f2 59 e8 07 c0              ........Y...
--
< 2025/01/09 08:45:33.852016  length=5 from=320 to=324
 01 11 00 00 00                                   .....
--
< 2025/01/09 08:45:33.882981  length=12 from=325 to=336
 01 85 00 07 00 00 e6 f2 59 e8 07 c0              ........Y...
--
> 2025/01/09 08:45:34.925453  length=16 from=42 to=57
 01 13 00 0b 00 00 e6 f2 59 e8 07 c0 6d 42 04 00  ........Y...mB..
--
< 2025/01/09 08:45:34.941659  length=5 from=337 to=341
 01 13 00 00 00                                   .....
--
< 2025/01/09 08:45:35.304504  length=13 from=342 to=354
 01 8c 00 08 00 00 e6 f2 59 e8 07 c0 01           ........Y....
--
> 2025/01/09 08:45:36.014846  length=12 from=58 to=69
 01 0f 00 07 00 00 e6 f2 59 e8 07 c0              ........Y...
--
< 2025/01/09 08:45:36.030858  length=5 from=355 to=359
 01 0f 00 00 00                                   .....
--
< 2025/01/09 08:45:36.046926  length=12 from=360 to=371
 01 83 00 07 00 00 e6 f2 59 e8 07 c0              ........Y...
--
< 2025/01/09 08:45:40.788298  length=5 from=372 to=376
 00 80 ff 00 00                                   .....
--
