2025-01-09 08:45:16,238 LT1-thread root DEBUG client.py                 71    logger_log                : Starting TestCase _run_test_case SM SM/CEN/PKE/BI-01-C
2025-01-09 08:45:16,238 LT1-thread root DEBUG client.py                 71    logger_log                : pre_run SM SM/CEN/PKE/BI-01-C
2025-01-09 08:45:16,238 LT1-thread root DEBUG client.py                 71    logger_log                : About to run test case SM SM/CEN/PKE/BI-01-C with commands:
2025-01-09 08:45:16,238 LT1-thread root DEBUG client.py                 71    logger_log                : 0) class=<class 'autopts.ptsprojects.testcase.TestFunc'>, func=<bound method Stack.core_init of <autopts.ptsprojects.stack.stack.Stack object at 0x000001C0E6699CD0>> start_wid=None stop_wid=None post_wid=None skip_call=None call_count=0 args=() kwds={}
2025-01-09 08:45:16,238 LT1-thread root DEBUG client.py                 71    logger_log                : 1) class=<class 'autopts.ptsprojects.testcase.TestFunc'>, func=<bound method ZephyrCtl.hw_reset of <autopts.ptsprojects.zephyr.iutctl.ZephyrCtl object at 0x000001C0E659FF50>> start_wid=None stop_wid=None post_wid=None skip_call=None call_count=0 args=() kwds={}
2025-01-09 08:45:16,238 LT1-thread root DEBUG client.py                 71    logger_log                : 2) class=<class 'autopts.ptsprojects.testcase.TestFunc'>, func=<bound method ZephyrCtl.start of <autopts.ptsprojects.zephyr.iutctl.ZephyrCtl object at 0x000001C0E659FF50>> start_wid=None stop_wid=None post_wid=None skip_call=None call_count=0 args=(<autopts.ptsprojects.zephyr.ztestcase.ZTestCase object at 0x000001C0E6C61590>,) kwds={}
2025-01-09 08:45:16,238 LT1-thread root DEBUG client.py                 71    logger_log                : 3) class=<class 'autopts.ptsprojects.testcase.TestFunc'>, func=<bound method ZephyrCtl.hw_reset of <autopts.ptsprojects.zephyr.iutctl.ZephyrCtl object at 0x000001C0E659FF50>> start_wid=None stop_wid=None post_wid=None skip_call=None call_count=0 args=() kwds={}
2025-01-09 08:45:16,238 LT1-thread root DEBUG client.py                 71    logger_log                : 4) class=<class 'autopts.ptsprojects.testcase.TestFunc'>, func=<bound method ZephyrCtl.wait_iut_ready_event of <autopts.ptsprojects.zephyr.iutctl.ZephyrCtl object at 0x000001C0E659FF50>> start_wid=None stop_wid=None post_wid=None skip_call=None call_count=0 args=(False,) kwds={}
2025-01-09 08:45:16,238 LT1-thread root DEBUG client.py                 71    logger_log                : 5) class=<class 'autopts.ptsprojects.testcase.TestFunc'>, func=<function core_reg_svc_gap at 0x000001C0E25E4540> start_wid=None stop_wid=None post_wid=None skip_call=None call_count=6 args=() kwds={}
2025-01-09 08:45:16,238 LT1-thread root DEBUG client.py                 71    logger_log                : 6) class=<class 'autopts.ptsprojects.testcase.TestFunc'>, func=<bound method Stack.gap_init of <autopts.ptsprojects.stack.stack.Stack object at 0x000001C0E6699CD0>> start_wid=None stop_wid=None post_wid=None skip_call=None call_count=6 args=(b'Tester_59F2E6',) kwds={}
2025-01-09 08:45:16,238 LT1-thread root DEBUG client.py                 71    logger_log                : 7) class=<class 'autopts.ptsprojects.testcase.TestFunc'>, func=<function gap_read_ctrl_info at 0x000001C0E25F4400> start_wid=None stop_wid=None post_wid=None skip_call=None call_count=6 args=() kwds={}
2025-01-09 08:45:16,238 LT1-thread root DEBUG client.py                 71    logger_log                : 8) class=<class 'autopts.ptsprojects.testcase.TestFunc'>, func=<function test_cases.<locals>.<lambda> at 0x000001C0E6BAE0C0> start_wid=None stop_wid=None post_wid=None skip_call=None call_count=6 args=() kwds={}
2025-01-09 08:45:16,238 LT1-thread root DEBUG client.py                 71    logger_log                : 9) class=<class 'autopts.ptsprojects.testcase.TestFunc'>, func=<function test_cases.<locals>.<lambda> at 0x000001C0E6BAE160> start_wid=None stop_wid=None post_wid=None skip_call=None call_count=6 args=() kwds={}
2025-01-09 08:45:16,238 LT1-thread root DEBUG client.py                 71    logger_log                : 10) class=<class 'autopts.ptsprojects.testcase.TestFunc'>, func=<function test_cases.<locals>.<lambda> at 0x000001C0E6BAE200> start_wid=None stop_wid=None post_wid=None skip_call=None call_count=6 args=() kwds={}
2025-01-09 08:45:16,238 LT1-thread root DEBUG client.py                 71    logger_log                : 11) class=<class 'autopts.ptsprojects.testcase.TestFunc'>, func=<function set_pts_addr at 0x000001C0E25E40E0> start_wid=None stop_wid=None post_wid=None skip_call=None call_count=6 args=('C0:07:E8:59:F2:E6', 0) kwds={}
2025-01-09 08:45:16,238 LT1-thread root DEBUG client.py                 71    logger_log                : 12) class=<class 'autopts.ptsprojects.testcase.TestFunc'>, func=<function gap_set_io_cap at 0x000001C0E25E7920> start_wid=None stop_wid=None post_wid=None skip_call=None call_count=0 args=(2,) kwds={}
2025-01-09 08:45:16,238 LT1-thread root DEBUG client.py                 71    logger_log                : 13) class=<class 'autopts.ptsprojects.testcase.TestFuncCleanUp'>, func=<bound method Stack.cleanup of <autopts.ptsprojects.stack.stack.Stack object at 0x000001C0E6699CD0>> start_wid=None stop_wid=None post_wid=None skip_call=None call_count=0 args=() kwds={}
2025-01-09 08:45:16,238 LT1-thread root DEBUG client.py                 71    logger_log                : 14) class=<class 'autopts.ptsprojects.testcase.TestFuncCleanUp'>, func=<bound method ZephyrCtl.stop of <autopts.ptsprojects.zephyr.iutctl.ZephyrCtl object at 0x000001C0E659FF50>> start_wid=None stop_wid=None post_wid=None skip_call=None call_count=0 args=() kwds={}
2025-01-09 08:45:16,238 LT1-thread root DEBUG client.py                 71    logger_log                : pre_run, run pre test case script
2025-01-09 08:45:16,258 LT1-thread root DEBUG client.py                 71    logger_log                : Starting test function: class=<class 'autopts.ptsprojects.testcase.TestFunc'>, func=<bound method Stack.core_init of <autopts.ptsprojects.stack.stack.Stack object at 0x000001C0E6699CD0>> start_wid=None stop_wid=None post_wid=None skip_call=None call_count=1 args=() kwds={}
2025-01-09 08:45:16,258 LT1-thread root DEBUG client.py                 71    logger_log                : Test function parameters: args=(), kwds={}
2025-01-09 08:45:16,258 LT1-thread root DEBUG client.py                 71    logger_log                : Starting test function: class=<class 'autopts.ptsprojects.testcase.TestFunc'>, func=<bound method ZephyrCtl.hw_reset of <autopts.ptsprojects.zephyr.iutctl.ZephyrCtl object at 0x000001C0E659FF50>> start_wid=None stop_wid=None post_wid=None skip_call=None call_count=1 args=() kwds={}
2025-01-09 08:45:16,258 LT1-thread root DEBUG client.py                 71    logger_log                : Test function parameters: args=(), kwds={}
2025-01-09 08:45:16,258 LT1-thread root DEBUG client.py                 71    logger_log                : Starting test function: class=<class 'autopts.ptsprojects.testcase.TestFunc'>, func=<bound method ZephyrCtl.start of <autopts.ptsprojects.zephyr.iutctl.ZephyrCtl object at 0x000001C0E659FF50>> start_wid=None stop_wid=None post_wid=None skip_call=None call_count=1 args=(<autopts.ptsprojects.zephyr.ztestcase.ZTestCase object at 0x000001C0E6C61590>,) kwds={}
2025-01-09 08:45:16,258 LT1-thread root DEBUG client.py                 71    logger_log                : Test function parameters: args=(<autopts.ptsprojects.zephyr.ztestcase.ZTestCase object at 0x000001C0E6C61590>,), kwds={}
2025-01-09 08:45:16,258 LT1-thread root DEBUG client.py                 71    logger_log                : <class 'autopts.ptsprojects.zephyr.iutctl.ZephyrCtl'>.start
2025-01-09 08:45:16,258 LT1-thread root DEBUG client.py                 71    logger_log                : <class 'autopts.ptsprojects.zephyr.iutctl.ZephyrCtl'>.flush_serial
2025-01-09 08:45:17,522 LT1-thread root DEBUG client.py                 71    logger_log                : Starting socat process: socat.exe -x -v tcp:10.192.253.135:61021,retry=100,interval=1 /dev/ttyS34,raw,b115200
2025-01-09 08:45:17,542 LT1-thread root DEBUG client.py                 71    logger_log                : accept
2025-01-09 08:45:17,662 BTPWorkerThread-124 (_rx_task) root DEBUG client.py                 71    logger_log                : BTPWorkerThread-124 (_rx_task) started
2025-01-09 08:45:17,672 LT1-thread root DEBUG client.py                 71    logger_log                : Starting test function: class=<class 'autopts.ptsprojects.testcase.TestFunc'>, func=<bound method ZephyrCtl.hw_reset of <autopts.ptsprojects.zephyr.iutctl.ZephyrCtl object at 0x000001C0E659FF50>> start_wid=None stop_wid=None post_wid=None skip_call=None call_count=1 args=() kwds={}
2025-01-09 08:45:17,672 LT1-thread root DEBUG client.py                 71    logger_log                : Test function parameters: args=(), kwds={}
2025-01-09 08:45:17,672 LT1-thread root DEBUG client.py                 71    logger_log                : Starting test function: class=<class 'autopts.ptsprojects.testcase.TestFunc'>, func=<bound method ZephyrCtl.wait_iut_ready_event of <autopts.ptsprojects.zephyr.iutctl.ZephyrCtl object at 0x000001C0E659FF50>> start_wid=None stop_wid=None post_wid=None skip_call=None call_count=1 args=(False,) kwds={}
2025-01-09 08:45:17,672 LT1-thread root DEBUG client.py                 71    logger_log                : Test function parameters: args=(False,), kwds={}
2025-01-09 08:45:17,672 LT1-thread root DEBUG client.py                 71    logger_log                : IUT ready event received OK
2025-01-09 08:45:17,672 LT1-thread root DEBUG client.py                 71    logger_log                : <class 'autopts.rtt.RTTLogger'>.start
2025-01-09 08:45:17,672 LT1-thread root DEBUG client.py                 71    logger_log                : <class 'autopts.rtt.RTT'>.start
2025-01-09 08:45:18,583 BTPWorkerThread-124 (_rx_task) root DEBUG client.py                 71    logger_log                : Read 5 bytes
2025-01-09 08:45:18,583 BTPWorkerThread-124 (_rx_task) root DEBUG client.py                 71    logger_log                : Received: hdr: Header(svc_id=0x00, op=0x80, ctrl_index=0xff, data_len=0x00) bytearray(b'\x00\x80\xff\x00\x00')
2025-01-09 08:45:18,584 BTPWorkerThread-124 (_rx_task) root DEBUG client.py                 71    logger_log                : Received data: {''}, bytearray(b'')
2025-01-09 08:45:18,584 BTPWorkerThread-124 (_rx_task) root DEBUG client.py                 71    logger_log                : event_handler Header(svc_id=0, op=128, ctrl_index=255, data_len=0) (b'',)
2025-01-09 08:45:18,584 BTPWorkerThread-124 (_rx_task) root DEBUG client.py                 71    logger_log                : core_iut_ready_ev
2025-01-09 08:45:28,500 LT1-thread root DEBUG client.py                 71    logger_log                : Starting test function: class=<class 'autopts.ptsprojects.testcase.TestFunc'>, func=<function core_reg_svc_gap at 0x000001C0E25E4540> start_wid=None stop_wid=None post_wid=None skip_call=None call_count=7 args=() kwds={}
2025-01-09 08:45:28,501 LT1-thread root DEBUG client.py                 71    logger_log                : Test function parameters: args=(), kwds={}
2025-01-09 08:45:28,501 LT1-thread root DEBUG client.py                 71    logger_log                : core_reg_svc_gap
2025-01-09 08:45:28,501 LT1-thread root DEBUG client.py                 71    logger_log                : send, 0 3 255 '1'
2025-01-09 08:45:28,501 LT1-thread root DEBUG client.py                 71    logger_log                : sending frame '0003ff010001'
2025-01-09 08:45:28,501 LT1-thread root DEBUG client.py                 71    logger_log                : core_reg_svc_rsp_succ
2025-01-09 08:45:28,501 LT1-thread root DEBUG client.py                 71    logger_log                : read
2025-01-09 08:45:28,575 BTPWorkerThread-124 (_rx_task) root DEBUG client.py                 71    logger_log                : Read 5 bytes
2025-01-09 08:45:28,580 BTPWorkerThread-124 (_rx_task) root DEBUG client.py                 71    logger_log                : Received: hdr: Header(svc_id=0x00, op=0x03, ctrl_index=0xff, data_len=0x00) bytearray(b'\x00\x03\xff\x00\x00')
2025-01-09 08:45:28,580 BTPWorkerThread-124 (_rx_task) root DEBUG client.py                 71    logger_log                : Received data: {''}, bytearray(b'')
2025-01-09 08:45:28,591 LT1-thread root DEBUG client.py                 71    logger_log                : received Header(svc_id=0, op=3, ctrl_index=255, data_len=0) (b'',)
2025-01-09 08:45:28,591 LT1-thread root DEBUG client.py                 71    logger_log                : expected ((0, 3, 255, 0), (b'',))
2025-01-09 08:45:28,591 LT1-thread root DEBUG client.py                 71    logger_log                : response is valid
2025-01-09 08:45:28,591 LT1-thread root DEBUG client.py                 71    logger_log                : Starting test function: class=<class 'autopts.ptsprojects.testcase.TestFunc'>, func=<bound method Stack.gap_init of <autopts.ptsprojects.stack.stack.Stack object at 0x000001C0E6699CD0>> start_wid=None stop_wid=None post_wid=None skip_call=None call_count=7 args=(b'Tester_59F2E6',) kwds={}
2025-01-09 08:45:28,591 LT1-thread root DEBUG client.py                 71    logger_log                : Test function parameters: args=(b'Tester_59F2E6',), kwds={}
2025-01-09 08:45:28,592 LT1-thread root DEBUG client.py                 71    logger_log                : Starting test function: class=<class 'autopts.ptsprojects.testcase.TestFunc'>, func=<function gap_read_ctrl_info at 0x000001C0E25F4400> start_wid=None stop_wid=None post_wid=None skip_call=None call_count=7 args=() kwds={}
2025-01-09 08:45:28,592 LT1-thread root DEBUG client.py                 71    logger_log                : Test function parameters: args=(), kwds={}
2025-01-09 08:45:28,592 LT1-thread root DEBUG client.py                 71    logger_log                : gap_read_ctrl_info
2025-01-09 08:45:28,592 LT1-thread root DEBUG client.py                 71    logger_log                : send, 1 3 0 ''
2025-01-09 08:45:28,593 LT1-thread root DEBUG client.py                 71    logger_log                : sending frame '0103000000'
2025-01-09 08:45:28,593 LT1-thread root DEBUG client.py                 71    logger_log                : read
2025-01-09 08:45:29,504 BTPWorkerThread-124 (_rx_task) root DEBUG client.py                 71    logger_log                : Read 5 bytes
2025-01-09 08:45:29,514 BTPWorkerThread-124 (_rx_task) root DEBUG client.py                 71    logger_log                : Received: hdr: Header(svc_id=0x01, op=0x03, ctrl_index=0x00, data_len=0x115) bytearray(b'\x01\x03\x00\x15\x01')
2025-01-09 08:45:29,520 BTPWorkerThread-124 (_rx_task) root DEBUG client.py                 71    logger_log                : Read 187 bytes data
2025-01-09 08:45:29,536 BTPWorkerThread-124 (_rx_task) root DEBUG client.py                 71    logger_log                : Read 90 bytes data
2025-01-09 08:45:29,548 BTPWorkerThread-124 (_rx_task) root DEBUG client.py                 71    logger_log                : Received data: {'28 00 03 37 60 00 13 06 02 00 13 02 00 00 00 00 00 62 74 70 5f 74 65 73 74 65 72 00 00 00 00 00 00 00 00 00 00 00 00 00 00 00 00 00 00 00 00 00 00 00 00 00 00 00 00 00 00 00 00 00 00 00 00 00 00 00 00 00 00 00 00 00 00 00 00 00 00 00 00 00 00 00 00 00 00 00 00 00 00 00 00 00 00 00 00 00 00 00 00 00 00 00 00 00 00 00 00 00 00 00 00 00 00 00 00 00 00 00 00 00 00 00 00 00 00 00 00 00 00 00 00 00 00 00 00 00 00 00 00 00 00 00 00 00 00 00 00 00 00 00 00 00 00 00 00 00 00 00 00 00 00 00 00 00 00 00 00 00 00 00 00 00 00 00 00 00 00 00 00 00 00 00 00 00 00 00 00 00 00 00 00 00 00 00 00 00 00 00 00 00 00 00 00 00 00 00 00 00 00 00 00 00 00 00 00 00 00 00 00 00 00 00 00 00 00 00 00 00 00 00 00 00 00 00 00 00 00 00 00 00 00 00 00 00 00 00 00 00 00 00 00 00 00 00 00 00 00 00 00 00 00 00 00 00 00 00 00 00 00 00 00 00 00 00 00 00 00'}, bytearray(b'(\x00\x037`\x00\x13\x06\x02\x00\x13\x02\x00\x00\x00\x00\x00btp_tester\x00\x00\x00\x00\x00\x00\x00\x00\x00\x00\x00\x00\x00\x00\x00\x00\x00\x00\x00\x00\x00\x00\x00\x00\x00\x00\x00\x00\x00\x00\x00\x00\x00\x00\x00\x00\x00\x00\x00\x00\x00\x00\x00\x00\x00\x00\x00\x00\x00\x00\x00\x00\x00\x00\x00\x00\x00\x00\x00\x00\x00\x00\x00\x00\x00\x00\x00\x00\x00\x00\x00\x00\x00\x00\x00\x00\x00\x00\x00\x00\x00\x00\x00\x00\x00\x00\x00\x00\x00\x00\x00\x00\x00\x00\x00\x00\x00\x00\x00\x00\x00\x00\x00\x00\x00\x00\x00\x00\x00\x00\x00\x00\x00\x00\x00\x00\x00\x00\x00\x00\x00\x00\x00\x00\x00\x00\x00\x00\x00\x00\x00\x00\x00\x00\x00\x00\x00\x00\x00\x00\x00\x00\x00\x00\x00\x00\x00\x00\x00\x00\x00\x00\x00\x00\x00\x00\x00\x00\x00\x00\x00\x00\x00\x00\x00\x00\x00\x00\x00\x00\x00\x00\x00\x00\x00\x00\x00\x00\x00\x00\x00\x00\x00\x00\x00\x00\x00\x00\x00\x00\x00\x00\x00\x00\x00\x00\x00\x00\x00\x00\x00\x00\x00\x00\x00\x00\x00\x00\x00\x00\x00\x00\x00\x00\x00\x00\x00\x00\x00\x00\x00\x00\x00\x00\x00\x00\x00\x00\x00\x00\x00\x00\x00\x00\x00\x00\x00\x00\x00\x00\x00\x00\x00\x00\x00\x00\x00\x00\x00\x00')
2025-01-09 08:45:29,548 LT1-thread root DEBUG client.py                 71    logger_log                : received Header(svc_id=1, op=3, ctrl_index=0, data_len=277) (b'(\x00\x037`\x00\x13\x06\x02\x00\x13\x02\x00\x00\x00\x00\x00btp_tester\x00\x00\x00\x00\x00\x00\x00\x00\x00\x00\x00\x00\x00\x00\x00\x00\x00\x00\x00\x00\x00\x00\x00\x00\x00\x00\x00\x00\x00\x00\x00\x00\x00\x00\x00\x00\x00\x00\x00\x00\x00\x00\x00\x00\x00\x00\x00\x00\x00\x00\x00\x00\x00\x00\x00\x00\x00\x00\x00\x00\x00\x00\x00\x00\x00\x00\x00\x00\x00\x00\x00\x00\x00\x00\x00\x00\x00\x00\x00\x00\x00\x00\x00\x00\x00\x00\x00\x00\x00\x00\x00\x00\x00\x00\x00\x00\x00\x00\x00\x00\x00\x00\x00\x00\x00\x00\x00\x00\x00\x00\x00\x00\x00\x00\x00\x00\x00\x00\x00\x00\x00\x00\x00\x00\x00\x00\x00\x00\x00\x00\x00\x00\x00\x00\x00\x00\x00\x00\x00\x00\x00\x00\x00\x00\x00\x00\x00\x00\x00\x00\x00\x00\x00\x00\x00\x00\x00\x00\x00\x00\x00\x00\x00\x00\x00\x00\x00\x00\x00\x00\x00\x00\x00\x00\x00\x00\x00\x00\x00\x00\x00\x00\x00\x00\x00\x00\x00\x00\x00\x00\x00\x00\x00\x00\x00\x00\x00\x00\x00\x00\x00\x00\x00\x00\x00\x00\x00\x00\x00\x00\x00\x00\x00\x00\x00\x00\x00\x00\x00\x00\x00\x00\x00\x00\x00\x00\x00\x00\x00\x00\x00\x00\x00\x00\x00\x00\x00\x00\x00\x00\x00\x00\x00\x00\x00\x00\x00\x00\x00\x00',)
2025-01-09 08:45:29,549 LT1-thread root DEBUG client.py                 71    logger_log                : IUT address '006037030028' 'public'
2025-01-09 08:45:29,549 LT1-thread root DEBUG client.py                 71    logger_log                : __gap_current_settings_update 531
2025-01-09 08:45:29,549 LT1-thread root DEBUG client.py                 71    logger_log                : Starting test function: class=<class 'autopts.ptsprojects.testcase.TestFunc'>, func=<function test_cases.<locals>.<lambda> at 0x000001C0E6BAE0C0> start_wid=None stop_wid=None post_wid=None skip_call=None call_count=7 args=() kwds={}
2025-01-09 08:45:29,549 LT1-thread root DEBUG client.py                 71    logger_log                : Test function parameters: args=(), kwds={}
2025-01-09 08:45:29,553 LT1-thread root DEBUG client.py                 71    logger_log                : Starting test function: class=<class 'autopts.ptsprojects.testcase.TestFunc'>, func=<function test_cases.<locals>.<lambda> at 0x000001C0E6BAE160> start_wid=None stop_wid=None post_wid=None skip_call=None call_count=7 args=() kwds={}
2025-01-09 08:45:29,553 LT1-thread root DEBUG client.py                 71    logger_log                : Test function parameters: args=(), kwds={}
2025-01-09 08:45:29,557 LT1-thread root DEBUG client.py                 71    logger_log                : Starting test function: class=<class 'autopts.ptsprojects.testcase.TestFunc'>, func=<function test_cases.<locals>.<lambda> at 0x000001C0E6BAE200> start_wid=None stop_wid=None post_wid=None skip_call=None call_count=7 args=() kwds={}
2025-01-09 08:45:29,557 LT1-thread root DEBUG client.py                 71    logger_log                : Test function parameters: args=(), kwds={}
2025-01-09 08:45:29,560 LT1-thread root DEBUG client.py                 71    logger_log                : Starting test function: class=<class 'autopts.ptsprojects.testcase.TestFunc'>, func=<function set_pts_addr at 0x000001C0E25E40E0> start_wid=None stop_wid=None post_wid=None skip_call=None call_count=7 args=('C0:07:E8:59:F2:E6', 0) kwds={}
2025-01-09 08:45:29,560 LT1-thread root DEBUG client.py                 71    logger_log                : Test function parameters: args=('C0:07:E8:59:F2:E6', 0), kwds={}
2025-01-09 08:45:29,561 LT1-thread root DEBUG client.py                 71    logger_log                : Starting test function: class=<class 'autopts.ptsprojects.testcase.TestFunc'>, func=<function gap_set_io_cap at 0x000001C0E25E7920> start_wid=None stop_wid=None post_wid=None skip_call=None call_count=1 args=(2,) kwds={}
2025-01-09 08:45:29,561 LT1-thread root DEBUG client.py                 71    logger_log                : Test function parameters: args=(2,), kwds={}
2025-01-09 08:45:29,561 LT1-thread root DEBUG client.py                 71    logger_log                : gap_set_io_cap 2
2025-01-09 08:45:29,561 LT1-thread root DEBUG client.py                 71    logger_log                : send, 1 16 0 '\x02'
2025-01-09 08:45:29,561 LT1-thread root DEBUG client.py                 71    logger_log                : sending frame '011000010002'
2025-01-09 08:45:29,562 LT1-thread root DEBUG client.py                 71    logger_log                : gap_command_rsp_succ
2025-01-09 08:45:29,562 LT1-thread root DEBUG client.py                 71    logger_log                : read
2025-01-09 08:45:29,610 BTPWorkerThread-124 (_rx_task) root DEBUG client.py                 71    logger_log                : Read 5 bytes
2025-01-09 08:45:29,610 BTPWorkerThread-124 (_rx_task) root DEBUG client.py                 71    logger_log                : Received: hdr: Header(svc_id=0x01, op=0x10, ctrl_index=0x00, data_len=0x00) bytearray(b'\x01\x10\x00\x00\x00')
2025-01-09 08:45:29,615 BTPWorkerThread-124 (_rx_task) root DEBUG client.py                 71    logger_log                : Received data: {''}, bytearray(b'')
2025-01-09 08:45:29,632 LT1-thread root DEBUG client.py                 71    logger_log                : received Header(svc_id=1, op=16, ctrl_index=0, data_len=0) (b'',)
2025-01-09 08:45:29,635 LT1-thread root DEBUG client.py                 71    logger_log                : ClientCallback.get_result run_test_case
2025-01-09 08:45:32,109 LT1-callback ClientCallback.on_implicit_send INFO client.py                 71    logger_log                : 
    ********************
    BEGIN OnImplicitSend:
    project_name: SM
    wid: 100
    test_case_name: SM/CEN/PKE/BI-01-C
    description: Initiate an connection from the IUT to the PTS.
    style: MMI_Style_Ok_Cancel2 0x11141
2025-01-09 08:45:32,109 LT1-callback ClientCallback.on_implicit_send INFO client.py                 71    logger_log                : Calling test cases on_implicit_send
2025-01-09 08:45:32,109 LT1-callback ClientCallback.on_implicit_send INFO client.py                 71    logger_log                : 
    on_implicit_send returned response: WAIT
    END OnImplicitSend
    ********************
2025-01-09 08:45:32,637 LT1-thread root DEBUG client.py                 71    logger_log                : SM SM/CEN/PKE/BI-01-C on_implicit_send
2025-01-09 08:45:32,637 LT1-thread root DEBUG client.py                 71    logger_log                : sm_wid_hdl, 100, Initiate an connection from the IUT to the PTS., SM/CEN/PKE/BI-01-C
2025-01-09 08:45:32,637 LT1-thread root DEBUG client.py                 71    logger_log                : gap_conn None None
2025-01-09 08:45:32,637 LT1-thread root DEBUG client.py                 71    logger_log                : send, 1 14 0 "bytearray(b'\\x00\\xe6\\xf2Y\\xe8\\x07\\xc0\\x00')"
2025-01-09 08:45:32,637 LT1-thread root DEBUG client.py                 71    logger_log                : sending frame '010e00080000e6f259e807c000'
2025-01-09 08:45:32,638 LT1-thread root DEBUG client.py                 71    logger_log                : read
2025-01-09 08:45:32,681 BTPWorkerThread-124 (_rx_task) root DEBUG client.py                 71    logger_log                : Read 5 bytes
2025-01-09 08:45:32,698 BTPWorkerThread-124 (_rx_task) root DEBUG client.py                 71    logger_log                : Received: hdr: Header(svc_id=0x01, op=0x0e, ctrl_index=0x00, data_len=0x00) bytearray(b'\x01\x0e\x00\x00\x00')
2025-01-09 08:45:32,715 BTPWorkerThread-124 (_rx_task) root DEBUG client.py                 71    logger_log                : Received data: {''}, bytearray(b'')
2025-01-09 08:45:32,771 BTPWorkerThread-124 (_rx_task) root DEBUG client.py                 71    logger_log                : Read 5 bytes
2025-01-09 08:45:32,788 BTPWorkerThread-124 (_rx_task) root DEBUG client.py                 71    logger_log                : Received: hdr: Header(svc_id=0x01, op=0x82, ctrl_index=0x00, data_len=0x0d) bytearray(b'\x01\x82\x00\r\x00')
2025-01-09 08:45:32,804 BTPWorkerThread-124 (_rx_task) root DEBUG client.py                 71    logger_log                : Read 13 bytes data
2025-01-09 08:45:32,815 BTPWorkerThread-124 (_rx_task) root DEBUG client.py                 71    logger_log                : Received data: {'00 e6 f2 59 e8 07 c0 18 00 00 00 90 01'}, bytearray(b'\x00\xe6\xf2Y\xe8\x07\xc0\x18\x00\x00\x00\x90\x01')
2025-01-09 08:45:32,820 BTPWorkerThread-124 (_rx_task) root DEBUG client.py                 71    logger_log                : event_handler Header(svc_id=1, op=130, ctrl_index=0, data_len=13) (b'\x00\xe6\xf2Y\xe8\x07\xc0\x18\x00\x00\x00\x90\x01',)
2025-01-09 08:45:32,820 BTPWorkerThread-124 (_rx_task) root DEBUG client.py                 71    logger_log                : gap_connected_ev_ b'\x00\xe6\xf2Y\xe8\x07\xc0\x18\x00\x00\x00\x90\x01'
2025-01-09 08:45:32,820 LT1-thread root DEBUG client.py                 71    logger_log                : Sending response 'OK' to wid 100 test case SM/CEN/PKE/BI-01-C
2025-01-09 08:45:32,823 LT1-thread root DEBUG client.py                 71    logger_log                : ClientCallback.get_result run_test_case
2025-01-09 08:45:32,826 LT1-callback ClientCallback.on_implicit_send INFO client.py                 71    logger_log                : 
    ********************
    BEGIN OnImplicitSend:
    project_name: SM
    wid: 108
    test_case_name: SM/CEN/PKE/BI-01-C
    description: Please start pairing process.
    style: MMI_Style_Ok 0x11040
2025-01-09 08:45:32,826 LT1-callback ClientCallback.on_implicit_send INFO client.py                 71    logger_log                : Calling test cases on_implicit_send
2025-01-09 08:45:32,826 LT1-callback ClientCallback.on_implicit_send INFO client.py                 71    logger_log                : 
    on_implicit_send returned response: WAIT
    END OnImplicitSend
    ********************
2025-01-09 08:45:33,823 LT1-thread root DEBUG client.py                 71    logger_log                : SM SM/CEN/PKE/BI-01-C on_implicit_send
2025-01-09 08:45:33,823 LT1-thread root DEBUG client.py                 71    logger_log                : sm_wid_hdl, 108, Please start pairing process., SM/CEN/PKE/BI-01-C
2025-01-09 08:45:33,823 LT1-thread root DEBUG client.py                 71    logger_log                : gap_pair None None
2025-01-09 08:45:33,824 LT1-thread root DEBUG client.py                 71    logger_log                : send, 1 17 0 "bytearray(b'\\x00\\xe6\\xf2Y\\xe8\\x07\\xc0')"
2025-01-09 08:45:33,824 LT1-thread root DEBUG client.py                 71    logger_log                : sending frame '011100070000e6f259e807c0'
2025-01-09 08:45:33,824 LT1-thread root DEBUG client.py                 71    logger_log                : gap_command_rsp_succ
2025-01-09 08:45:33,824 LT1-thread root DEBUG client.py                 71    logger_log                : read
2025-01-09 08:45:33,856 BTPWorkerThread-124 (_rx_task) root DEBUG client.py                 71    logger_log                : Read 5 bytes
2025-01-09 08:45:33,866 BTPWorkerThread-124 (_rx_task) root DEBUG client.py                 71    logger_log                : Received: hdr: Header(svc_id=0x01, op=0x11, ctrl_index=0x00, data_len=0x00) bytearray(b'\x01\x11\x00\x00\x00')
2025-01-09 08:45:33,883 BTPWorkerThread-124 (_rx_task) root DEBUG client.py                 71    logger_log                : Received data: {''}, bytearray(b'')
2025-01-09 08:45:33,894 LT1-thread root DEBUG client.py                 71    logger_log                : received Header(svc_id=1, op=17, ctrl_index=0, data_len=0) (b'',)
2025-01-09 08:45:33,894 BTPWorkerThread-124 (_rx_task) root DEBUG client.py                 71    logger_log                : Read 5 bytes
2025-01-09 08:45:33,895 LT1-thread root DEBUG client.py                 71    logger_log                : Sending response 'Ok' to wid 108 test case SM/CEN/PKE/BI-01-C
2025-01-09 08:45:33,895 BTPWorkerThread-124 (_rx_task) root DEBUG client.py                 71    logger_log                : Received: hdr: Header(svc_id=0x01, op=0x85, ctrl_index=0x00, data_len=0x07) bytearray(b'\x01\x85\x00\x07\x00')
2025-01-09 08:45:33,895 BTPWorkerThread-124 (_rx_task) root DEBUG client.py                 71    logger_log                : Read 7 bytes data
2025-01-09 08:45:33,896 BTPWorkerThread-124 (_rx_task) root DEBUG client.py                 71    logger_log                : Received data: {'00 e6 f2 59 e8 07 c0'}, bytearray(b'\x00\xe6\xf2Y\xe8\x07\xc0')
2025-01-09 08:45:33,896 BTPWorkerThread-124 (_rx_task) root DEBUG client.py                 71    logger_log                : event_handler Header(svc_id=1, op=133, ctrl_index=0, data_len=7) (b'\x00\xe6\xf2Y\xe8\x07\xc0',)
2025-01-09 08:45:33,896 BTPWorkerThread-124 (_rx_task) root DEBUG client.py                 71    logger_log                : gap_passkey_entry_req_ev_
2025-01-09 08:45:33,898 LT1-thread root DEBUG client.py                 71    logger_log                : ClientCallback.get_result run_test_case
2025-01-09 08:45:33,911 LT1-callback ClientCallback.on_implicit_send INFO client.py                 71    logger_log                : 
    ********************
    BEGIN OnImplicitSend:
    project_name: SM
    wid: 104
    test_case_name: SM/CEN/PKE/BI-01-C
    description: Please enter 6 digit passkey code.
    style: MMI_Style_Edit1 0x12040
2025-01-09 08:45:33,912 LT1-callback ClientCallback.on_implicit_send INFO client.py                 71    logger_log                : Calling test cases on_implicit_send
2025-01-09 08:45:33,912 LT1-callback ClientCallback.on_implicit_send INFO client.py                 71    logger_log                : 
    on_implicit_send returned response: WAIT
    END OnImplicitSend
    ********************
2025-01-09 08:45:34,899 LT1-thread root DEBUG client.py                 71    logger_log                : SM SM/CEN/PKE/BI-01-C on_implicit_send
2025-01-09 08:45:34,899 LT1-thread root DEBUG client.py                 71    logger_log                : sm_wid_hdl, 104, Please enter 6 digit passkey code., SM/CEN/PKE/BI-01-C
2025-01-09 08:45:34,899 LT1-thread root DEBUG client.py                 71    logger_log                : gap_passkey_entry_rsp 'c007e859f2e6' 0
2025-01-09 08:45:34,899 LT1-thread root DEBUG client.py                 71    logger_log                : send, 1 19 0 "bytearray(b'\\x00\\xe6\\xf2Y\\xe8\\x07\\xc0mB\\x04\\x00')"
2025-01-09 08:45:34,899 LT1-thread root DEBUG client.py                 71    logger_log                : sending frame '0113000b0000e6f259e807c06d420400'
2025-01-09 08:45:34,900 LT1-thread root DEBUG client.py                 71    logger_log                : gap_command_rsp_succ
2025-01-09 08:45:34,900 LT1-thread root DEBUG client.py                 71    logger_log                : read
2025-01-09 08:45:34,948 BTPWorkerThread-124 (_rx_task) root DEBUG client.py                 71    logger_log                : Read 5 bytes
2025-01-09 08:45:34,959 BTPWorkerThread-124 (_rx_task) root DEBUG client.py                 71    logger_log                : Received: hdr: Header(svc_id=0x01, op=0x13, ctrl_index=0x00, data_len=0x00) bytearray(b'\x01\x13\x00\x00\x00')
2025-01-09 08:45:34,971 BTPWorkerThread-124 (_rx_task) root DEBUG client.py                 71    logger_log                : Received data: {''}, bytearray(b'')
2025-01-09 08:45:34,988 LT1-thread root DEBUG client.py                 71    logger_log                : received Header(svc_id=1, op=19, ctrl_index=0, data_len=0) (b'',)
2025-01-09 08:45:34,988 LT1-thread root DEBUG client.py                 71    logger_log                : Sending response '279149' to wid 104 test case SM/CEN/PKE/BI-01-C
2025-01-09 08:45:34,991 LT1-thread root DEBUG client.py                 71    logger_log                : ClientCallback.get_result run_test_case
2025-01-09 08:45:35,305 BTPWorkerThread-124 (_rx_task) root DEBUG client.py                 71    logger_log                : Read 5 bytes
2025-01-09 08:45:35,305 BTPWorkerThread-124 (_rx_task) root DEBUG client.py                 71    logger_log                : Received: hdr: Header(svc_id=0x01, op=0x8c, ctrl_index=0x00, data_len=0x08) bytearray(b'\x01\x8c\x00\x08\x00')
2025-01-09 08:45:35,306 BTPWorkerThread-124 (_rx_task) root DEBUG client.py                 71    logger_log                : Read 8 bytes data
2025-01-09 08:45:35,306 BTPWorkerThread-124 (_rx_task) root DEBUG client.py                 71    logger_log                : Received data: {'00 e6 f2 59 e8 07 c0 01'}, bytearray(b'\x00\xe6\xf2Y\xe8\x07\xc0\x01')
2025-01-09 08:45:35,306 BTPWorkerThread-124 (_rx_task) root DEBUG client.py                 71    logger_log                : event_handler Header(svc_id=1, op=140, ctrl_index=0, data_len=8) (b'\x00\xe6\xf2Y\xe8\x07\xc0\x01',)
2025-01-09 08:45:35,306 BTPWorkerThread-124 (_rx_task) root DEBUG client.py                 71    logger_log                : gap_pairing_failed_ev_
2025-01-09 08:45:35,306 BTPWorkerThread-124 (_rx_task) root DEBUG client.py                 71    logger_log                : received b'\x00\xe6\xf2Y\xe8\x07\xc0\x01'
2025-01-09 08:45:35,307 BTPWorkerThread-124 (_rx_task) root DEBUG client.py                 71    logger_log                : received (0, 'c007e859f2e6', 1)
2025-01-09 08:45:35,324 LT1-callback ClientCallback.on_implicit_send INFO client.py                 71    logger_log                : 
    ********************
    BEGIN OnImplicitSend:
    project_name: SM
    wid: 102
    test_case_name: SM/CEN/PKE/BI-01-C
    description: Please initiate a disconnection to the PTS.

Description: Verify that the Implementation Under Test(IUT) can initiate a disconnect request to PTS.
    style: MMI_Style_Ok_Cancel2 0x11141
2025-01-09 08:45:35,324 LT1-callback ClientCallback.on_implicit_send INFO client.py                 71    logger_log                : Calling test cases on_implicit_send
2025-01-09 08:45:35,324 LT1-callback ClientCallback.on_implicit_send INFO client.py                 71    logger_log                : 
    on_implicit_send returned response: WAIT
    END OnImplicitSend
    ********************
2025-01-09 08:45:35,991 LT1-thread root DEBUG client.py                 71    logger_log                : SM SM/CEN/PKE/BI-01-C on_implicit_send
2025-01-09 08:45:35,991 LT1-thread root DEBUG client.py                 71    logger_log                : sm_wid_hdl, 102, Please initiate a disconnection to the PTS.

Description: Verify that the Implementation Under Test(IUT) can initiate a disconnect request to PTS., SM/CEN/PKE/BI-01-C
2025-01-09 08:45:35,991 LT1-thread root DEBUG client.py                 71    logger_log                : gap_disconn None None
2025-01-09 08:45:35,991 LT1-thread root DEBUG client.py                 71    logger_log                : send, 1 15 0 "bytearray(b'\\x00\\xe6\\xf2Y\\xe8\\x07\\xc0')"
2025-01-09 08:45:35,992 LT1-thread root DEBUG client.py                 71    logger_log                : sending frame '010f00070000e6f259e807c0'
2025-01-09 08:45:35,992 LT1-thread root DEBUG client.py                 71    logger_log                : read
2025-01-09 08:45:36,038 BTPWorkerThread-124 (_rx_task) root DEBUG client.py                 71    logger_log                : Read 5 bytes
2025-01-09 08:45:36,060 BTPWorkerThread-124 (_rx_task) root DEBUG client.py                 71    logger_log                : Received: hdr: Header(svc_id=0x01, op=0x0f, ctrl_index=0x00, data_len=0x00) bytearray(b'\x01\x0f\x00\x00\x00')
2025-01-09 08:45:36,060 BTPWorkerThread-124 (_rx_task) root DEBUG client.py                 71    logger_log                : Received data: {''}, bytearray(b'')
2025-01-09 08:45:36,065 BTPWorkerThread-124 (_rx_task) root DEBUG client.py                 71    logger_log                : Read 5 bytes
2025-01-09 08:45:36,065 BTPWorkerThread-124 (_rx_task) root DEBUG client.py                 71    logger_log                : Received: hdr: Header(svc_id=0x01, op=0x83, ctrl_index=0x00, data_len=0x07) bytearray(b'\x01\x83\x00\x07\x00')
2025-01-09 08:45:36,066 BTPWorkerThread-124 (_rx_task) root DEBUG client.py                 71    logger_log                : Read 7 bytes data
2025-01-09 08:45:36,071 BTPWorkerThread-124 (_rx_task) root DEBUG client.py                 71    logger_log                : Received data: {'00 e6 f2 59 e8 07 c0'}, bytearray(b'\x00\xe6\xf2Y\xe8\x07\xc0')
2025-01-09 08:45:36,081 BTPWorkerThread-124 (_rx_task) root DEBUG client.py                 71    logger_log                : event_handler Header(svc_id=1, op=131, ctrl_index=0, data_len=7) (b'\x00\xe6\xf2Y\xe8\x07\xc0',)
2025-01-09 08:45:36,092 BTPWorkerThread-124 (_rx_task) root DEBUG client.py                 71    logger_log                : gap_disconnected_ev_ b'\x00\xe6\xf2Y\xe8\x07\xc0'
2025-01-09 08:45:36,104 LT1-thread root DEBUG client.py                 71    logger_log                : Sending response 'OK' to wid 102 test case SM/CEN/PKE/BI-01-C
2025-01-09 08:45:36,107 LT1-thread root DEBUG client.py                 71    logger_log                : ClientCallback.get_result run_test_case
2025-01-09 08:45:39,604 LT1-callback ClientCallback.log INFO client.py                 71    logger_log                : PTS_LOGTYPE_START_TEST Start Test Case 

+15 ms
 SM/CEN/PKE/BI-01-C SM/CEN/PKE/BI-01-C

2025-01-09 08:45:39,957 LT1-callback ClientCallback.log INFO client.py                 71    logger_log                : PTS_LOGTYPE_FINAL_VERDICT Final Verdict 

+9797 ms
 SM/CEN/PKE/BI-01-C PASS

2025-01-09 08:45:39,981 LT1-callback ClientCallback.log INFO client.py                 71    logger_log                : PTS_LOGTYPE_FINAL_VERDICT Encrypted Verdict 

+9797 ms
 SM/CEN/PKE/BI-01-C A1#ZWY4MzQ5MDg3MmQwNTIxOGQzMzQ5YjY2ODA5M2MzNjQ5ZDY4NmY0Yjc2MzIzM2VkNTUyNTFhNGU4Mjg1MjI0NA==#Br5KBwmavhJH/9OEGiBrdPKkiHntCb6EjhIQxZghT6Adn6OUE/cIBIJZSlhAGrew

2025-01-09 08:45:40,044 LT1-callback ClientCallback.log INFO client.py                 71    logger_log                : PTS_LOGTYPE_END_TEST Test Case Ended 

+9797 ms
 SM/CEN/PKE/BI-01-C SM/CEN/PKE/BI-01-C

2025-01-09 08:45:40,188 LT1-callback root DEBUG client.py                 71    logger_log                : ClientCallback, set_result, run_test_case, PASS
2025-01-09 08:45:40,188 LT1-thread root DEBUG client.py                 71    logger_log                : After run_test_case error_code=0 status='PASS'
2025-01-09 08:45:40,189 LT1-thread root DEBUG client.py                 71    logger_log                : post_run SM SM/CEN/PKE/BI-01-C 0
2025-01-09 08:45:40,189 LT1-thread root DEBUG client.py                 71    logger_log                : Starting test function: class=<class 'autopts.ptsprojects.testcase.TestFuncCleanUp'>, func=<bound method Stack.cleanup of <autopts.ptsprojects.stack.stack.Stack object at 0x000001C0E6699CD0>> start_wid=None stop_wid=None post_wid=None skip_call=None call_count=1 args=() kwds={}
2025-01-09 08:45:40,189 LT1-thread root DEBUG client.py                 71    logger_log                : Test function parameters: args=(), kwds={}
2025-01-09 08:45:40,190 LT1-thread root DEBUG client.py                 71    logger_log                : Starting test function: class=<class 'autopts.ptsprojects.testcase.TestFuncCleanUp'>, func=<bound method ZephyrCtl.stop of <autopts.ptsprojects.zephyr.iutctl.ZephyrCtl object at 0x000001C0E659FF50>> start_wid=None stop_wid=None post_wid=None skip_call=None call_count=1 args=() kwds={}
2025-01-09 08:45:40,190 LT1-thread root DEBUG client.py                 71    logger_log                : Test function parameters: args=(), kwds={}
2025-01-09 08:45:40,190 LT1-thread root DEBUG client.py                 71    logger_log                : <class 'autopts.ptsprojects.zephyr.iutctl.ZephyrCtl'>.stop
2025-01-09 08:45:40,291 LT1-thread root DEBUG client.py                 71    logger_log                : <class 'autopts.rtt.RTTLogger'>.stop
2025-01-09 08:45:40,291 LT1-thread root DEBUG client.py                 71    logger_log                : <class 'autopts.rtt.RTT'>.stop
2025-01-09 08:45:40,313 LT1-thread root DEBUG client.py                 71    logger_log                : About to reset DUT: JLink -CommandFile reset.jlink -usb 1064371884 -device MCXW716
2025-01-09 08:45:40,808 BTPWorkerThread-124 (_rx_task) root DEBUG client.py                 71    logger_log                : Read 5 bytes
2025-01-09 08:45:40,828 BTPWorkerThread-124 (_rx_task) root DEBUG client.py                 71    logger_log                : Received: hdr: Header(svc_id=0x00, op=0x80, ctrl_index=0xff, data_len=0x00) bytearray(b'\x00\x80\xff\x00\x00')
2025-01-09 08:45:40,848 BTPWorkerThread-124 (_rx_task) root DEBUG client.py                 71    logger_log                : Received data: {''}, bytearray(b'')
2025-01-09 08:45:40,878 BTPWorkerThread-124 (_rx_task) root DEBUG client.py                 71    logger_log                : event_handler Header(svc_id=0, op=128, ctrl_index=255, data_len=0) (b'',)
2025-01-09 08:45:40,898 BTPWorkerThread-124 (_rx_task) root DEBUG client.py                 71    logger_log                : core_iut_ready_ev
2025-01-09 08:45:40,918 LT1-thread root DEBUG client.py                 71    logger_log                : IUT ready event received OK
2025-01-09 08:45:40,918 LT1-thread root DEBUG client.py                 71    logger_log                : Waiting for _rx_worker to finish ...
2025-01-09 08:45:41,923 LT1-thread root DEBUG client.py                 71    logger_log                : Waiting for _rx_worker to finish ...
2025-01-09 08:45:41,923 BTPWorkerThread-124 (_rx_task) root DEBUG client.py                 71    logger_log                : BTPWorkerThread-124 (_rx_task) finishing...
2025-01-09 08:45:44,941 LT1-thread root DEBUG client.py                 71    logger_log                : post_run, cleanup running post test case script
2025-01-09 08:45:44,941 LT1-thread root DEBUG client.py                 71    logger_log                : post_run, run post test case script
2025-01-09 08:45:45,081 LT1-thread root DEBUG client.py                 71    logger_log                : Done TestCase _run_test_case SM SM/CEN/PKE/BI-01-C
