2025-01-10 01:34:24,697 LT1-thread root DEBUG client.py                 71    logger_log                : Starting TestCase _run_test_case L2CAP L2CAP/COS/CFC/BV-04-C
2025-01-10 01:34:24,699 LT1-thread root DEBUG client.py                 71    logger_log                : pre_run L2CAP L2CAP/COS/CFC/BV-04-C
2025-01-10 01:34:24,699 LT1-thread root DEBUG client.py                 71    logger_log                : About to run test case L2CAP L2CAP/COS/CFC/BV-04-C with commands:
2025-01-10 01:34:24,699 LT1-thread root DEBUG client.py                 71    logger_log                : 0) class=<class 'autopts.ptsprojects.testcase.TestFunc'>, func=<bound method Stack.core_init of <autopts.ptsprojects.stack.stack.Stack object at 0x000001C083019550>> start_wid=None stop_wid=None post_wid=None skip_call=None call_count=0 args=() kwds={}
2025-01-10 01:34:24,700 LT1-thread root DEBUG client.py                 71    logger_log                : 1) class=<class 'autopts.ptsprojects.testcase.TestFunc'>, func=<bound method ZephyrCtl.hw_reset of <autopts.ptsprojects.zephyr.iutctl.ZephyrCtl object at 0x000001C08303E410>> start_wid=None stop_wid=None post_wid=None skip_call=None call_count=0 args=() kwds={}
2025-01-10 01:34:24,700 LT1-thread root DEBUG client.py                 71    logger_log                : 2) class=<class 'autopts.ptsprojects.testcase.TestFunc'>, func=<bound method ZephyrCtl.start of <autopts.ptsprojects.zephyr.iutctl.ZephyrCtl object at 0x000001C08303E410>> start_wid=None stop_wid=None post_wid=None skip_call=None call_count=0 args=(<autopts.ptsprojects.zephyr.ztestcase.ZTestCase object at 0x000001C0838ECCD0>,) kwds={}
2025-01-10 01:34:24,701 LT1-thread root DEBUG client.py                 71    logger_log                : 3) class=<class 'autopts.ptsprojects.testcase.TestFunc'>, func=<bound method ZephyrCtl.hw_reset of <autopts.ptsprojects.zephyr.iutctl.ZephyrCtl object at 0x000001C08303E410>> start_wid=None stop_wid=None post_wid=None skip_call=None call_count=0 args=() kwds={}
2025-01-10 01:34:24,701 LT1-thread root DEBUG client.py                 71    logger_log                : 4) class=<class 'autopts.ptsprojects.testcase.TestFunc'>, func=<bound method ZephyrCtl.wait_iut_ready_event of <autopts.ptsprojects.zephyr.iutctl.ZephyrCtl object at 0x000001C08303E410>> start_wid=None stop_wid=None post_wid=None skip_call=None call_count=0 args=(False,) kwds={}
2025-01-10 01:34:24,701 LT1-thread root DEBUG client.py                 71    logger_log                : 5) class=<class 'autopts.ptsprojects.testcase.TestFunc'>, func=<function core_reg_svc_gap at 0x000001C0FF3E4540> start_wid=None stop_wid=None post_wid=None skip_call=None call_count=3 args=() kwds={}
2025-01-10 01:34:24,702 LT1-thread root DEBUG client.py                 71    logger_log                : 6) class=<class 'autopts.ptsprojects.testcase.TestFunc'>, func=<function core_reg_svc_l2cap at 0x000001C0FF3E47C0> start_wid=None stop_wid=None post_wid=None skip_call=None call_count=3 args=() kwds={}
2025-01-10 01:34:24,702 LT1-thread root DEBUG client.py                 71    logger_log                : 7) class=<class 'autopts.ptsprojects.testcase.TestFunc'>, func=<function gap_read_ctrl_info at 0x000001C0FF3F4400> start_wid=None stop_wid=None post_wid=None skip_call=None call_count=3 args=() kwds={}
2025-01-10 01:34:24,702 LT1-thread root DEBUG client.py                 71    logger_log                : 8) class=<class 'autopts.ptsprojects.testcase.TestFunc'>, func=<function test_cases.<locals>.<lambda> at 0x000001C0838D11C0> start_wid=None stop_wid=None post_wid=None skip_call=None call_count=3 args=() kwds={}
2025-01-10 01:34:24,703 LT1-thread root DEBUG client.py                 71    logger_log                : 9) class=<class 'autopts.ptsprojects.testcase.TestFunc'>, func=<function test_cases.<locals>.<lambda> at 0x000001C0838D1260> start_wid=None stop_wid=None post_wid=None skip_call=None call_count=3 args=() kwds={}
2025-01-10 01:34:24,703 LT1-thread root DEBUG client.py                 71    logger_log                : 10) class=<class 'autopts.ptsprojects.testcase.TestFunc'>, func=<function test_cases.<locals>.<lambda> at 0x000001C0838D1300> start_wid=None stop_wid=None post_wid=None skip_call=None call_count=3 args=() kwds={}
2025-01-10 01:34:24,703 LT1-thread root DEBUG client.py                 71    logger_log                : 11) class=<class 'autopts.ptsprojects.testcase.TestFunc'>, func=<function test_cases.<locals>.<lambda> at 0x000001C0838D13A0> start_wid=None stop_wid=None post_wid=None skip_call=None call_count=3 args=() kwds={}
2025-01-10 01:34:24,703 LT1-thread root DEBUG client.py                 71    logger_log                : 12) class=<class 'autopts.ptsprojects.testcase.TestFunc'>, func=<function test_cases.<locals>.<lambda> at 0x000001C0838D1440> start_wid=None stop_wid=None post_wid=None skip_call=None call_count=3 args=() kwds={}
2025-01-10 01:34:24,704 LT1-thread root DEBUG client.py                 71    logger_log                : 13) class=<class 'autopts.ptsprojects.testcase.TestFunc'>, func=<function test_cases.<locals>.<lambda> at 0x000001C0838D14E0> start_wid=None stop_wid=None post_wid=None skip_call=None call_count=3 args=() kwds={}
2025-01-10 01:34:24,704 LT1-thread root DEBUG client.py                 71    logger_log                : 14) class=<class 'autopts.ptsprojects.testcase.TestFunc'>, func=<function test_cases.<locals>.<lambda> at 0x000001C0838D1580> start_wid=None stop_wid=None post_wid=None skip_call=None call_count=3 args=() kwds={}
2025-01-10 01:34:24,705 LT1-thread root DEBUG client.py                 71    logger_log                : 15) class=<class 'autopts.ptsprojects.testcase.TestFunc'>, func=<function test_cases.<locals>.<lambda> at 0x000001C0838D1620> start_wid=None stop_wid=None post_wid=None skip_call=None call_count=3 args=() kwds={}
2025-01-10 01:34:24,705 LT1-thread root DEBUG client.py                 71    logger_log                : 16) class=<class 'autopts.ptsprojects.testcase.TestFunc'>, func=<function test_cases.<locals>.<lambda> at 0x000001C0838D16C0> start_wid=None stop_wid=None post_wid=None skip_call=None call_count=3 args=() kwds={}
2025-01-10 01:34:24,705 LT1-thread root DEBUG client.py                 71    logger_log                : 17) class=<class 'autopts.ptsprojects.testcase.TestFunc'>, func=<function test_cases.<locals>.<lambda> at 0x000001C0838D1760> start_wid=None stop_wid=None post_wid=None skip_call=None call_count=3 args=() kwds={}
2025-01-10 01:34:24,706 LT1-thread root DEBUG client.py                 71    logger_log                : 18) class=<class 'autopts.ptsprojects.testcase.TestFunc'>, func=<function test_cases.<locals>.<lambda> at 0x000001C0838D1800> start_wid=None stop_wid=None post_wid=None skip_call=None call_count=3 args=() kwds={}
2025-01-10 01:34:24,706 LT1-thread root DEBUG client.py                 71    logger_log                : 19) class=<class 'autopts.ptsprojects.testcase.TestFunc'>, func=<function test_cases.<locals>.<lambda> at 0x000001C0838D18A0> start_wid=None stop_wid=None post_wid=None skip_call=None call_count=3 args=() kwds={}
2025-01-10 01:34:24,706 LT1-thread root DEBUG client.py                 71    logger_log                : 20) class=<class 'autopts.ptsprojects.testcase.TestFunc'>, func=<function test_cases.<locals>.<lambda> at 0x000001C0838D1940> start_wid=None stop_wid=None post_wid=None skip_call=None call_count=3 args=() kwds={}
2025-01-10 01:34:24,706 LT1-thread root DEBUG client.py                 71    logger_log                : 21) class=<class 'autopts.ptsprojects.testcase.TestFunc'>, func=<function test_cases.<locals>.<lambda> at 0x000001C0838D19E0> start_wid=None stop_wid=None post_wid=None skip_call=None call_count=3 args=() kwds={}
2025-01-10 01:34:24,707 LT1-thread root DEBUG client.py                 71    logger_log                : 22) class=<class 'autopts.ptsprojects.testcase.TestFunc'>, func=<function test_cases.<locals>.<lambda> at 0x000001C0838D1A80> start_wid=None stop_wid=None post_wid=None skip_call=None call_count=3 args=() kwds={}
2025-01-10 01:34:24,707 LT1-thread root DEBUG client.py                 71    logger_log                : 23) class=<class 'autopts.ptsprojects.testcase.TestFunc'>, func=<function set_pts_addr at 0x000001C0FF3E40E0> start_wid=None stop_wid=None post_wid=None skip_call=None call_count=3 args=('C0:07:E8:59:F2:E6', 0) kwds={}
2025-01-10 01:34:24,707 LT1-thread root DEBUG client.py                 71    logger_log                : 24) class=<class 'autopts.ptsprojects.testcase.TestFunc'>, func=<bound method Stack.l2cap_init of <autopts.ptsprojects.stack.stack.Stack object at 0x000001C083019550>> start_wid=None stop_wid=None post_wid=None skip_call=None call_count=3 args=(128, 120) kwds={}
2025-01-10 01:34:24,708 LT1-thread root DEBUG client.py                 71    logger_log                : 25) class=<class 'autopts.ptsprojects.testcase.TestFunc'>, func=<function l2cap_le_listen at 0x000001C0FF408E00> start_wid=None stop_wid=None post_wid=None skip_call=None call_count=3 args=(128, 120, 0) kwds={}
2025-01-10 01:34:24,708 LT1-thread root DEBUG client.py                 71    logger_log                : 26) class=<class 'autopts.ptsprojects.testcase.TestFuncCleanUp'>, func=<bound method Stack.cleanup of <autopts.ptsprojects.stack.stack.Stack object at 0x000001C083019550>> start_wid=None stop_wid=None post_wid=None skip_call=None call_count=0 args=() kwds={}
2025-01-10 01:34:24,708 LT1-thread root DEBUG client.py                 71    logger_log                : 27) class=<class 'autopts.ptsprojects.testcase.TestFuncCleanUp'>, func=<bound method ZephyrCtl.stop of <autopts.ptsprojects.zephyr.iutctl.ZephyrCtl object at 0x000001C08303E410>> start_wid=None stop_wid=None post_wid=None skip_call=None call_count=0 args=() kwds={}
2025-01-10 01:34:24,709 LT1-thread root DEBUG client.py                 71    logger_log                : pre_run, run pre test case script
2025-01-10 01:34:24,727 LT1-thread root DEBUG client.py                 71    logger_log                : Starting test function: class=<class 'autopts.ptsprojects.testcase.TestFunc'>, func=<bound method Stack.core_init of <autopts.ptsprojects.stack.stack.Stack object at 0x000001C083019550>> start_wid=None stop_wid=None post_wid=None skip_call=None call_count=1 args=() kwds={}
2025-01-10 01:34:24,727 LT1-thread root DEBUG client.py                 71    logger_log                : Test function parameters: args=(), kwds={}
2025-01-10 01:34:24,727 LT1-thread root DEBUG client.py                 71    logger_log                : Starting test function: class=<class 'autopts.ptsprojects.testcase.TestFunc'>, func=<bound method ZephyrCtl.hw_reset of <autopts.ptsprojects.zephyr.iutctl.ZephyrCtl object at 0x000001C08303E410>> start_wid=None stop_wid=None post_wid=None skip_call=None call_count=1 args=() kwds={}
2025-01-10 01:34:24,727 LT1-thread root DEBUG client.py                 71    logger_log                : Test function parameters: args=(), kwds={}
2025-01-10 01:34:24,737 LT1-thread root DEBUG client.py                 71    logger_log                : Starting test function: class=<class 'autopts.ptsprojects.testcase.TestFunc'>, func=<bound method ZephyrCtl.start of <autopts.ptsprojects.zephyr.iutctl.ZephyrCtl object at 0x000001C08303E410>> start_wid=None stop_wid=None post_wid=None skip_call=None call_count=1 args=(<autopts.ptsprojects.zephyr.ztestcase.ZTestCase object at 0x000001C0838ECCD0>,) kwds={}
2025-01-10 01:34:24,737 LT1-thread root DEBUG client.py                 71    logger_log                : Test function parameters: args=(<autopts.ptsprojects.zephyr.ztestcase.ZTestCase object at 0x000001C0838ECCD0>,), kwds={}
2025-01-10 01:34:24,737 LT1-thread root DEBUG client.py                 71    logger_log                : <class 'autopts.ptsprojects.zephyr.iutctl.ZephyrCtl'>.start
2025-01-10 01:34:24,737 LT1-thread root DEBUG client.py                 71    logger_log                : <class 'autopts.ptsprojects.zephyr.iutctl.ZephyrCtl'>.flush_serial
2025-01-10 01:34:26,086 LT1-thread root DEBUG client.py                 71    logger_log                : Starting socat process: socat.exe -x -v tcp:10.192.253.135:62803,retry=100,interval=1 /dev/ttyS34,raw,b115200
2025-01-10 01:34:26,116 LT1-thread root DEBUG client.py                 71    logger_log                : accept
2025-01-10 01:34:26,296 BTPWorkerThread-10607 (_rx_task) root DEBUG client.py                 71    logger_log                : BTPWorkerThread-10607 (_rx_task) started
2025-01-10 01:34:26,296 LT1-thread root DEBUG client.py                 71    logger_log                : Starting test function: class=<class 'autopts.ptsprojects.testcase.TestFunc'>, func=<bound method ZephyrCtl.hw_reset of <autopts.ptsprojects.zephyr.iutctl.ZephyrCtl object at 0x000001C08303E410>> start_wid=None stop_wid=None post_wid=None skip_call=None call_count=1 args=() kwds={}
2025-01-10 01:34:26,296 LT1-thread root DEBUG client.py                 71    logger_log                : Test function parameters: args=(), kwds={}
2025-01-10 01:34:26,296 LT1-thread root DEBUG client.py                 71    logger_log                : Starting test function: class=<class 'autopts.ptsprojects.testcase.TestFunc'>, func=<bound method ZephyrCtl.wait_iut_ready_event of <autopts.ptsprojects.zephyr.iutctl.ZephyrCtl object at 0x000001C08303E410>> start_wid=None stop_wid=None post_wid=None skip_call=None call_count=1 args=(False,) kwds={}
2025-01-10 01:34:26,296 LT1-thread root DEBUG client.py                 71    logger_log                : Test function parameters: args=(False,), kwds={}
2025-01-10 01:34:26,296 LT1-thread root DEBUG client.py                 71    logger_log                : IUT ready event received OK
2025-01-10 01:34:26,296 LT1-thread root DEBUG client.py                 71    logger_log                : Starting test function: class=<class 'autopts.ptsprojects.testcase.TestFunc'>, func=<function core_reg_svc_gap at 0x000001C0FF3E4540> start_wid=None stop_wid=None post_wid=None skip_call=None call_count=4 args=() kwds={}
2025-01-10 01:34:26,296 LT1-thread root DEBUG client.py                 71    logger_log                : Test function parameters: args=(), kwds={}
2025-01-10 01:34:26,296 LT1-thread root DEBUG client.py                 71    logger_log                : core_reg_svc_gap
2025-01-10 01:34:26,296 LT1-thread root DEBUG client.py                 71    logger_log                : send, 0 3 255 '1'
2025-01-10 01:34:26,296 LT1-thread root DEBUG client.py                 71    logger_log                : sending frame '0003ff010001'
2025-01-10 01:34:26,296 LT1-thread root DEBUG client.py                 71    logger_log                : core_reg_svc_rsp_succ
2025-01-10 01:34:26,296 LT1-thread root DEBUG client.py                 71    logger_log                : read
2025-01-10 01:34:26,396 BTPWorkerThread-10607 (_rx_task) root DEBUG client.py                 71    logger_log                : Read 5 bytes
2025-01-10 01:34:26,416 BTPWorkerThread-10607 (_rx_task) root DEBUG client.py                 71    logger_log                : Received: hdr: Header(svc_id=0x00, op=0x03, ctrl_index=0xff, data_len=0x00) bytearray(b'\x00\x03\xff\x00\x00')
2025-01-10 01:34:26,436 BTPWorkerThread-10607 (_rx_task) root DEBUG client.py                 71    logger_log                : Received data: {''}, bytearray(b'')
2025-01-10 01:34:26,466 LT1-thread root DEBUG client.py                 71    logger_log                : received Header(svc_id=0, op=3, ctrl_index=255, data_len=0) (b'',)
2025-01-10 01:34:26,466 LT1-thread root DEBUG client.py                 71    logger_log                : expected ((0, 3, 255, 0), (b'',))
2025-01-10 01:34:26,466 LT1-thread root DEBUG client.py                 71    logger_log                : response is valid
2025-01-10 01:34:26,466 LT1-thread root DEBUG client.py                 71    logger_log                : Starting test function: class=<class 'autopts.ptsprojects.testcase.TestFunc'>, func=<function core_reg_svc_l2cap at 0x000001C0FF3E47C0> start_wid=None stop_wid=None post_wid=None skip_call=None call_count=4 args=() kwds={}
2025-01-10 01:34:26,466 LT1-thread root DEBUG client.py                 71    logger_log                : Test function parameters: args=(), kwds={}
2025-01-10 01:34:26,466 LT1-thread root DEBUG client.py                 71    logger_log                : core_reg_svc_l2cap
2025-01-10 01:34:26,466 LT1-thread root DEBUG client.py                 71    logger_log                : send, 0 3 255 '3'
2025-01-10 01:34:26,466 LT1-thread root DEBUG client.py                 71    logger_log                : sending frame '0003ff010003'
2025-01-10 01:34:26,466 LT1-thread root DEBUG client.py                 71    logger_log                : core_reg_svc_rsp_succ
2025-01-10 01:34:26,466 LT1-thread root DEBUG client.py                 71    logger_log                : read
2025-01-10 01:34:26,536 BTPWorkerThread-10607 (_rx_task) root DEBUG client.py                 71    logger_log                : Read 5 bytes
2025-01-10 01:34:26,556 BTPWorkerThread-10607 (_rx_task) root DEBUG client.py                 71    logger_log                : Received: hdr: Header(svc_id=0x00, op=0x03, ctrl_index=0xff, data_len=0x00) bytearray(b'\x00\x03\xff\x00\x00')
2025-01-10 01:34:26,576 BTPWorkerThread-10607 (_rx_task) root DEBUG client.py                 71    logger_log                : Received data: {''}, bytearray(b'')
2025-01-10 01:34:26,606 LT1-thread root DEBUG client.py                 71    logger_log                : received Header(svc_id=0, op=3, ctrl_index=255, data_len=0) (b'',)
2025-01-10 01:34:26,606 LT1-thread root DEBUG client.py                 71    logger_log                : expected ((0, 3, 255, 0), (b'',))
2025-01-10 01:34:26,606 LT1-thread root DEBUG client.py                 71    logger_log                : response is valid
2025-01-10 01:34:26,606 LT1-thread root DEBUG client.py                 71    logger_log                : Starting test function: class=<class 'autopts.ptsprojects.testcase.TestFunc'>, func=<function gap_read_ctrl_info at 0x000001C0FF3F4400> start_wid=None stop_wid=None post_wid=None skip_call=None call_count=4 args=() kwds={}
2025-01-10 01:34:26,606 LT1-thread root DEBUG client.py                 71    logger_log                : Test function parameters: args=(), kwds={}
2025-01-10 01:34:26,606 LT1-thread root DEBUG client.py                 71    logger_log                : gap_read_ctrl_info
2025-01-10 01:34:26,606 LT1-thread root DEBUG client.py                 71    logger_log                : send, 1 3 0 ''
2025-01-10 01:34:26,606 LT1-thread root DEBUG client.py                 71    logger_log                : sending frame '0103000000'
2025-01-10 01:34:26,606 LT1-thread root DEBUG client.py                 71    logger_log                : read
2025-01-10 01:34:27,346 BTPWorkerThread-10607 (_rx_task) root DEBUG client.py                 71    logger_log                : Read 5 bytes
2025-01-10 01:34:27,366 BTPWorkerThread-10607 (_rx_task) root DEBUG client.py                 71    logger_log                : Received: hdr: Header(svc_id=0x01, op=0x03, ctrl_index=0x00, data_len=0x115) bytearray(b'\x01\x03\x00\x15\x01')
2025-01-10 01:34:27,406 BTPWorkerThread-10607 (_rx_task) root DEBUG client.py                 71    logger_log                : Read 277 bytes data
2025-01-10 01:34:27,426 BTPWorkerThread-10607 (_rx_task) root DEBUG client.py                 71    logger_log                : Received data: {'28 00 03 37 60 00 13 06 02 00 13 02 00 00 00 00 00 62 74 70 5f 74 65 73 74 65 72 00 00 00 00 00 00 00 00 00 00 00 00 00 00 00 00 00 00 00 00 00 00 00 00 00 00 00 00 00 00 00 00 00 00 00 00 00 00 00 00 00 00 00 00 00 00 00 00 00 00 00 00 00 00 00 00 00 00 00 00 00 00 00 00 00 00 00 00 00 00 00 00 00 00 00 00 00 00 00 00 00 00 00 00 00 00 00 00 00 00 00 00 00 00 00 00 00 00 00 00 00 00 00 00 00 00 00 00 00 00 00 00 00 00 00 00 00 00 00 00 00 00 00 00 00 00 00 00 00 00 00 00 00 00 00 00 00 00 00 00 00 00 00 00 00 00 00 00 00 00 00 00 00 00 00 00 00 00 00 00 00 00 00 00 00 00 00 00 00 00 00 00 00 00 00 00 00 00 00 00 00 00 00 00 00 00 00 00 00 00 00 00 00 00 00 00 00 00 00 00 00 00 00 00 00 00 00 00 00 00 00 00 00 00 00 00 00 00 00 00 00 00 00 00 00 00 00 00 00 00 00 00 00 00 00 00 00 00 00 00 00 00 00 00 00 00 00 00 00 00'}, bytearray(b'(\x00\x037`\x00\x13\x06\x02\x00\x13\x02\x00\x00\x00\x00\x00btp_tester\x00\x00\x00\x00\x00\x00\x00\x00\x00\x00\x00\x00\x00\x00\x00\x00\x00\x00\x00\x00\x00\x00\x00\x00\x00\x00\x00\x00\x00\x00\x00\x00\x00\x00\x00\x00\x00\x00\x00\x00\x00\x00\x00\x00\x00\x00\x00\x00\x00\x00\x00\x00\x00\x00\x00\x00\x00\x00\x00\x00\x00\x00\x00\x00\x00\x00\x00\x00\x00\x00\x00\x00\x00\x00\x00\x00\x00\x00\x00\x00\x00\x00\x00\x00\x00\x00\x00\x00\x00\x00\x00\x00\x00\x00\x00\x00\x00\x00\x00\x00\x00\x00\x00\x00\x00\x00\x00\x00\x00\x00\x00\x00\x00\x00\x00\x00\x00\x00\x00\x00\x00\x00\x00\x00\x00\x00\x00\x00\x00\x00\x00\x00\x00\x00\x00\x00\x00\x00\x00\x00\x00\x00\x00\x00\x00\x00\x00\x00\x00\x00\x00\x00\x00\x00\x00\x00\x00\x00\x00\x00\x00\x00\x00\x00\x00\x00\x00\x00\x00\x00\x00\x00\x00\x00\x00\x00\x00\x00\x00\x00\x00\x00\x00\x00\x00\x00\x00\x00\x00\x00\x00\x00\x00\x00\x00\x00\x00\x00\x00\x00\x00\x00\x00\x00\x00\x00\x00\x00\x00\x00\x00\x00\x00\x00\x00\x00\x00\x00\x00\x00\x00\x00\x00\x00\x00\x00\x00\x00\x00\x00\x00\x00\x00\x00\x00\x00\x00\x00\x00\x00\x00\x00\x00\x00\x00\x00\x00\x00\x00\x00')
2025-01-10 01:34:27,456 LT1-thread root DEBUG client.py                 71    logger_log                : received Header(svc_id=1, op=3, ctrl_index=0, data_len=277) (b'(\x00\x037`\x00\x13\x06\x02\x00\x13\x02\x00\x00\x00\x00\x00btp_tester\x00\x00\x00\x00\x00\x00\x00\x00\x00\x00\x00\x00\x00\x00\x00\x00\x00\x00\x00\x00\x00\x00\x00\x00\x00\x00\x00\x00\x00\x00\x00\x00\x00\x00\x00\x00\x00\x00\x00\x00\x00\x00\x00\x00\x00\x00\x00\x00\x00\x00\x00\x00\x00\x00\x00\x00\x00\x00\x00\x00\x00\x00\x00\x00\x00\x00\x00\x00\x00\x00\x00\x00\x00\x00\x00\x00\x00\x00\x00\x00\x00\x00\x00\x00\x00\x00\x00\x00\x00\x00\x00\x00\x00\x00\x00\x00\x00\x00\x00\x00\x00\x00\x00\x00\x00\x00\x00\x00\x00\x00\x00\x00\x00\x00\x00\x00\x00\x00\x00\x00\x00\x00\x00\x00\x00\x00\x00\x00\x00\x00\x00\x00\x00\x00\x00\x00\x00\x00\x00\x00\x00\x00\x00\x00\x00\x00\x00\x00\x00\x00\x00\x00\x00\x00\x00\x00\x00\x00\x00\x00\x00\x00\x00\x00\x00\x00\x00\x00\x00\x00\x00\x00\x00\x00\x00\x00\x00\x00\x00\x00\x00\x00\x00\x00\x00\x00\x00\x00\x00\x00\x00\x00\x00\x00\x00\x00\x00\x00\x00\x00\x00\x00\x00\x00\x00\x00\x00\x00\x00\x00\x00\x00\x00\x00\x00\x00\x00\x00\x00\x00\x00\x00\x00\x00\x00\x00\x00\x00\x00\x00\x00\x00\x00\x00\x00\x00\x00\x00\x00\x00\x00\x00\x00\x00\x00\x00\x00\x00\x00\x00',)
2025-01-10 01:34:27,456 LT1-thread root DEBUG client.py                 71    logger_log                : IUT address '006037030028' 'public'
2025-01-10 01:34:27,456 LT1-thread root DEBUG client.py                 71    logger_log                : __gap_current_settings_update 531
2025-01-10 01:34:27,456 LT1-thread root DEBUG client.py                 71    logger_log                : Starting test function: class=<class 'autopts.ptsprojects.testcase.TestFunc'>, func=<function test_cases.<locals>.<lambda> at 0x000001C0838D11C0> start_wid=None stop_wid=None post_wid=None skip_call=None call_count=4 args=() kwds={}
2025-01-10 01:34:27,456 LT1-thread root DEBUG client.py                 71    logger_log                : Test function parameters: args=(), kwds={}
2025-01-10 01:34:27,466 LT1-thread root DEBUG client.py                 71    logger_log                : Starting test function: class=<class 'autopts.ptsprojects.testcase.TestFunc'>, func=<function test_cases.<locals>.<lambda> at 0x000001C0838D1260> start_wid=None stop_wid=None post_wid=None skip_call=None call_count=4 args=() kwds={}
2025-01-10 01:34:27,466 LT1-thread root DEBUG client.py                 71    logger_log                : Test function parameters: args=(), kwds={}
2025-01-10 01:34:27,466 LT1-thread root DEBUG client.py                 71    logger_log                : Starting test function: class=<class 'autopts.ptsprojects.testcase.TestFunc'>, func=<function test_cases.<locals>.<lambda> at 0x000001C0838D1300> start_wid=None stop_wid=None post_wid=None skip_call=None call_count=4 args=() kwds={}
2025-01-10 01:34:27,466 LT1-thread root DEBUG client.py                 71    logger_log                : Test function parameters: args=(), kwds={}
2025-01-10 01:34:27,476 LT1-thread root DEBUG client.py                 71    logger_log                : Starting test function: class=<class 'autopts.ptsprojects.testcase.TestFunc'>, func=<function test_cases.<locals>.<lambda> at 0x000001C0838D13A0> start_wid=None stop_wid=None post_wid=None skip_call=None call_count=4 args=() kwds={}
2025-01-10 01:34:27,476 LT1-thread root DEBUG client.py                 71    logger_log                : Test function parameters: args=(), kwds={}
2025-01-10 01:34:27,486 LT1-thread root DEBUG client.py                 71    logger_log                : Starting test function: class=<class 'autopts.ptsprojects.testcase.TestFunc'>, func=<function test_cases.<locals>.<lambda> at 0x000001C0838D1440> start_wid=None stop_wid=None post_wid=None skip_call=None call_count=4 args=() kwds={}
2025-01-10 01:34:27,486 LT1-thread root DEBUG client.py                 71    logger_log                : Test function parameters: args=(), kwds={}
2025-01-10 01:34:27,496 LT1-thread root DEBUG client.py                 71    logger_log                : Starting test function: class=<class 'autopts.ptsprojects.testcase.TestFunc'>, func=<function test_cases.<locals>.<lambda> at 0x000001C0838D14E0> start_wid=None stop_wid=None post_wid=None skip_call=None call_count=4 args=() kwds={}
2025-01-10 01:34:27,496 LT1-thread root DEBUG client.py                 71    logger_log                : Test function parameters: args=(), kwds={}
2025-01-10 01:34:27,506 LT1-thread root DEBUG client.py                 71    logger_log                : Starting test function: class=<class 'autopts.ptsprojects.testcase.TestFunc'>, func=<function test_cases.<locals>.<lambda> at 0x000001C0838D1580> start_wid=None stop_wid=None post_wid=None skip_call=None call_count=4 args=() kwds={}
2025-01-10 01:34:27,506 LT1-thread root DEBUG client.py                 71    logger_log                : Test function parameters: args=(), kwds={}
2025-01-10 01:34:27,516 LT1-thread root DEBUG client.py                 71    logger_log                : Starting test function: class=<class 'autopts.ptsprojects.testcase.TestFunc'>, func=<function test_cases.<locals>.<lambda> at 0x000001C0838D1620> start_wid=None stop_wid=None post_wid=None skip_call=None call_count=4 args=() kwds={}
2025-01-10 01:34:27,516 LT1-thread root DEBUG client.py                 71    logger_log                : Test function parameters: args=(), kwds={}
2025-01-10 01:34:27,526 LT1-thread root DEBUG client.py                 71    logger_log                : Starting test function: class=<class 'autopts.ptsprojects.testcase.TestFunc'>, func=<function test_cases.<locals>.<lambda> at 0x000001C0838D16C0> start_wid=None stop_wid=None post_wid=None skip_call=None call_count=4 args=() kwds={}
2025-01-10 01:34:27,526 LT1-thread root DEBUG client.py                 71    logger_log                : Test function parameters: args=(), kwds={}
2025-01-10 01:34:27,526 LT1-thread root DEBUG client.py                 71    logger_log                : Starting test function: class=<class 'autopts.ptsprojects.testcase.TestFunc'>, func=<function test_cases.<locals>.<lambda> at 0x000001C0838D1760> start_wid=None stop_wid=None post_wid=None skip_call=None call_count=4 args=() kwds={}
2025-01-10 01:34:27,526 LT1-thread root DEBUG client.py                 71    logger_log                : Test function parameters: args=(), kwds={}
2025-01-10 01:34:27,536 LT1-thread root DEBUG client.py                 71    logger_log                : Starting test function: class=<class 'autopts.ptsprojects.testcase.TestFunc'>, func=<function test_cases.<locals>.<lambda> at 0x000001C0838D1800> start_wid=None stop_wid=None post_wid=None skip_call=None call_count=4 args=() kwds={}
2025-01-10 01:34:27,536 LT1-thread root DEBUG client.py                 71    logger_log                : Test function parameters: args=(), kwds={}
2025-01-10 01:34:27,546 LT1-thread root DEBUG client.py                 71    logger_log                : Starting test function: class=<class 'autopts.ptsprojects.testcase.TestFunc'>, func=<function test_cases.<locals>.<lambda> at 0x000001C0838D18A0> start_wid=None stop_wid=None post_wid=None skip_call=None call_count=4 args=() kwds={}
2025-01-10 01:34:27,546 LT1-thread root DEBUG client.py                 71    logger_log                : Test function parameters: args=(), kwds={}
2025-01-10 01:34:27,556 LT1-thread root DEBUG client.py                 71    logger_log                : Starting test function: class=<class 'autopts.ptsprojects.testcase.TestFunc'>, func=<function test_cases.<locals>.<lambda> at 0x000001C0838D1940> start_wid=None stop_wid=None post_wid=None skip_call=None call_count=4 args=() kwds={}
2025-01-10 01:34:27,556 LT1-thread root DEBUG client.py                 71    logger_log                : Test function parameters: args=(), kwds={}
2025-01-10 01:34:27,566 LT1-thread root DEBUG client.py                 71    logger_log                : Starting test function: class=<class 'autopts.ptsprojects.testcase.TestFunc'>, func=<function test_cases.<locals>.<lambda> at 0x000001C0838D19E0> start_wid=None stop_wid=None post_wid=None skip_call=None call_count=4 args=() kwds={}
2025-01-10 01:34:27,566 LT1-thread root DEBUG client.py                 71    logger_log                : Test function parameters: args=(), kwds={}
2025-01-10 01:34:27,576 LT1-thread root DEBUG client.py                 71    logger_log                : Starting test function: class=<class 'autopts.ptsprojects.testcase.TestFunc'>, func=<function test_cases.<locals>.<lambda> at 0x000001C0838D1A80> start_wid=None stop_wid=None post_wid=None skip_call=None call_count=4 args=() kwds={}
2025-01-10 01:34:27,576 LT1-thread root DEBUG client.py                 71    logger_log                : Test function parameters: args=(), kwds={}
2025-01-10 01:34:27,586 LT1-thread root DEBUG client.py                 71    logger_log                : Starting test function: class=<class 'autopts.ptsprojects.testcase.TestFunc'>, func=<function set_pts_addr at 0x000001C0FF3E40E0> start_wid=None stop_wid=None post_wid=None skip_call=None call_count=4 args=('C0:07:E8:59:F2:E6', 0) kwds={}
2025-01-10 01:34:27,586 LT1-thread root DEBUG client.py                 71    logger_log                : Test function parameters: args=('C0:07:E8:59:F2:E6', 0), kwds={}
2025-01-10 01:34:27,586 LT1-thread root DEBUG client.py                 71    logger_log                : Starting test function: class=<class 'autopts.ptsprojects.testcase.TestFunc'>, func=<bound method Stack.l2cap_init of <autopts.ptsprojects.stack.stack.Stack object at 0x000001C083019550>> start_wid=None stop_wid=None post_wid=None skip_call=None call_count=4 args=(128, 120) kwds={}
2025-01-10 01:34:27,586 LT1-thread root DEBUG client.py                 71    logger_log                : Test function parameters: args=(128, 120), kwds={}
2025-01-10 01:34:27,586 LT1-thread root DEBUG client.py                 71    logger_log                : Starting test function: class=<class 'autopts.ptsprojects.testcase.TestFunc'>, func=<function l2cap_le_listen at 0x000001C0FF408E00> start_wid=None stop_wid=None post_wid=None skip_call=None call_count=4 args=(128, 120, 0) kwds={}
2025-01-10 01:34:27,586 LT1-thread root DEBUG client.py                 71    logger_log                : Test function parameters: args=(128, 120, 0), kwds={}
2025-01-10 01:34:27,586 LT1-thread root DEBUG client.py                 71    logger_log                : l2cap_le_listen 128 1 120 0
2025-01-10 01:34:27,586 LT1-thread root DEBUG client.py                 71    logger_log                : send, 3 5 0 "bytearray(b'\\x80\\x00\\x01x\\x00\\x00\\x00')"
2025-01-10 01:34:27,586 LT1-thread root DEBUG client.py                 71    logger_log                : sending frame '030500070080000178000000'
2025-01-10 01:34:27,586 LT1-thread root DEBUG client.py                 71    logger_log                : l2cap_command_rsp_succ
2025-01-10 01:34:27,586 LT1-thread root DEBUG client.py                 71    logger_log                : read
2025-01-10 01:34:27,656 BTPWorkerThread-10607 (_rx_task) root DEBUG client.py                 71    logger_log                : Read 5 bytes
2025-01-10 01:34:27,676 BTPWorkerThread-10607 (_rx_task) root DEBUG client.py                 71    logger_log                : Received: hdr: Header(svc_id=0x03, op=0x05, ctrl_index=0x00, data_len=0x00) bytearray(b'\x03\x05\x00\x00\x00')
2025-01-10 01:34:27,696 BTPWorkerThread-10607 (_rx_task) root DEBUG client.py                 71    logger_log                : Received data: {''}, bytearray(b'')
2025-01-10 01:34:27,726 LT1-thread root DEBUG client.py                 71    logger_log                : received Header(svc_id=3, op=5, ctrl_index=0, data_len=0) (b'',)
2025-01-10 01:34:27,726 LT1-thread root DEBUG client.py                 71    logger_log                : ClientCallback.get_result run_test_case
2025-01-10 01:34:29,326 LT1-callback ClientCallback.on_implicit_send INFO client.py                 71    logger_log                : 
    ********************
    BEGIN OnImplicitSend:
    project_name: L2CAP
    wid: 51
    test_case_name: L2CAP/COS/CFC/BV-04-C
    description: Initiate or create LE ACL connection to the PTS.
    style: MMI_Style_Ok_Cancel2 0x11141
2025-01-10 01:34:29,326 LT1-callback ClientCallback.on_implicit_send INFO client.py                 71    logger_log                : Calling test cases on_implicit_send
2025-01-10 01:34:29,326 LT1-callback ClientCallback.on_implicit_send INFO client.py                 71    logger_log                : 
    on_implicit_send returned response: WAIT
    END OnImplicitSend
    ********************
2025-01-10 01:34:29,746 LT1-thread root DEBUG client.py                 71    logger_log                : L2CAP L2CAP/COS/CFC/BV-04-C on_implicit_send
2025-01-10 01:34:29,746 LT1-thread root DEBUG client.py                 71    logger_log                : l2cap_wid_hdl, 51, Initiate or create LE ACL connection to the PTS., L2CAP/COS/CFC/BV-04-C
2025-01-10 01:34:29,746 LT1-thread root DEBUG client.py                 71    logger_log                : gap_conn None None
2025-01-10 01:34:29,746 LT1-thread root DEBUG client.py                 71    logger_log                : send, 1 14 0 "bytearray(b'\\x00\\xe6\\xf2Y\\xe8\\x07\\xc0\\x00')"
2025-01-10 01:34:29,746 LT1-thread root DEBUG client.py                 71    logger_log                : sending frame '010e00080000e6f259e807c000'
2025-01-10 01:34:29,746 LT1-thread root DEBUG client.py                 71    logger_log                : read
2025-01-10 01:34:29,816 BTPWorkerThread-10607 (_rx_task) root DEBUG client.py                 71    logger_log                : Read 5 bytes
2025-01-10 01:34:29,836 BTPWorkerThread-10607 (_rx_task) root DEBUG client.py                 71    logger_log                : Received: hdr: Header(svc_id=0x01, op=0x0e, ctrl_index=0x00, data_len=0x00) bytearray(b'\x01\x0e\x00\x00\x00')
2025-01-10 01:34:29,856 BTPWorkerThread-10607 (_rx_task) root DEBUG client.py                 71    logger_log                : Received data: {''}, bytearray(b'')
2025-01-10 01:34:29,886 LT1-thread root DEBUG client.py                 71    logger_log                : Sending response 'OK' to wid 51 test case L2CAP/COS/CFC/BV-04-C
2025-01-10 01:34:29,886 BTPWorkerThread-10607 (_rx_task) root DEBUG client.py                 71    logger_log                : Read 5 bytes
2025-01-10 01:34:29,886 BTPWorkerThread-10607 (_rx_task) root DEBUG client.py                 71    logger_log                : Received: hdr: Header(svc_id=0x01, op=0x82, ctrl_index=0x00, data_len=0x0d) bytearray(b'\x01\x82\x00\r\x00')
2025-01-10 01:34:29,886 BTPWorkerThread-10607 (_rx_task) root DEBUG client.py                 71    logger_log                : Read 13 bytes data
2025-01-10 01:34:29,886 BTPWorkerThread-10607 (_rx_task) root DEBUG client.py                 71    logger_log                : Received data: {'00 e6 f2 59 e8 07 c0 18 00 00 00 90 01'}, bytearray(b'\x00\xe6\xf2Y\xe8\x07\xc0\x18\x00\x00\x00\x90\x01')
2025-01-10 01:34:29,886 BTPWorkerThread-10607 (_rx_task) root DEBUG client.py                 71    logger_log                : event_handler Header(svc_id=1, op=130, ctrl_index=0, data_len=13) (b'\x00\xe6\xf2Y\xe8\x07\xc0\x18\x00\x00\x00\x90\x01',)
2025-01-10 01:34:29,886 BTPWorkerThread-10607 (_rx_task) root DEBUG client.py                 71    logger_log                : gap_connected_ev_ b'\x00\xe6\xf2Y\xe8\x07\xc0\x18\x00\x00\x00\x90\x01'
2025-01-10 01:34:29,886 LT1-thread root DEBUG client.py                 71    logger_log                : ClientCallback.get_result run_test_case
2025-01-10 01:34:30,866 LT1-callback ClientCallback.on_implicit_send INFO client.py                 71    logger_log                : 
    ********************
    BEGIN OnImplicitSend:
    project_name: L2CAP
    wid: 41
    test_case_name: L2CAP/COS/CFC/BV-04-C
    description: Using the Implementation Under Test (IUT), send a LE Credit based connection request to PTS.

Description: Verify that IUT can setup LE credit based channel.
    style: MMI_Style_Ok_Cancel2 0x11141
2025-01-10 01:34:30,866 LT1-callback ClientCallback.on_implicit_send INFO client.py                 71    logger_log                : Calling test cases on_implicit_send
2025-01-10 01:34:30,866 LT1-callback ClientCallback.on_implicit_send INFO client.py                 71    logger_log                : 
    on_implicit_send returned response: WAIT
    END OnImplicitSend
    ********************
2025-01-10 01:34:30,896 LT1-thread root DEBUG client.py                 71    logger_log                : L2CAP L2CAP/COS/CFC/BV-04-C on_implicit_send
2025-01-10 01:34:30,896 LT1-thread root DEBUG client.py                 71    logger_log                : l2cap_wid_hdl, 41, Using the Implementation Under Test (IUT), send a LE Credit based connection request to PTS.

Description: Verify that IUT can setup LE credit based channel., L2CAP/COS/CFC/BV-04-C
2025-01-10 01:34:30,896 LT1-thread root DEBUG client.py                 71    logger_log                : l2cap_conn None None 128
2025-01-10 01:34:30,896 LT1-thread root DEBUG client.py                 71    logger_log                : send, 3 2 0 "bytearray(b'\\x00\\xe6\\xf2Y\\xe8\\x07\\xc0\\x80\\x00x\\x00\\x01\\x00')"
2025-01-10 01:34:30,896 LT1-thread root DEBUG client.py                 71    logger_log                : sending frame '0302000d0000e6f259e807c0800078000100'
2025-01-10 01:34:30,896 LT1-thread root DEBUG client.py                 71    logger_log                : l2cap_conn_rsp
2025-01-10 01:34:30,896 LT1-thread root DEBUG client.py                 71    logger_log                : read
2025-01-10 01:34:30,976 BTPWorkerThread-10607 (_rx_task) root DEBUG client.py                 71    logger_log                : Read 5 bytes
2025-01-10 01:34:30,996 BTPWorkerThread-10607 (_rx_task) root DEBUG client.py                 71    logger_log                : Received: hdr: Header(svc_id=0x03, op=0x02, ctrl_index=0x00, data_len=0x02) bytearray(b'\x03\x02\x00\x02\x00')
2025-01-10 01:34:31,016 BTPWorkerThread-10607 (_rx_task) root DEBUG client.py                 71    logger_log                : Read 2 bytes data
2025-01-10 01:34:31,036 BTPWorkerThread-10607 (_rx_task) root DEBUG client.py                 71    logger_log                : Received data: {'01 00'}, bytearray(b'\x01\x00')
2025-01-10 01:34:31,066 LT1-thread root DEBUG client.py                 71    logger_log                : received Header(svc_id=3, op=2, ctrl_index=0, data_len=2) (b'\x01\x00',)
2025-01-10 01:34:31,066 BTPWorkerThread-10607 (_rx_task) root DEBUG client.py                 71    logger_log                : Read 5 bytes
2025-01-10 01:34:31,066 LT1-thread root DEBUG client.py                 71    logger_log                : id [0]
2025-01-10 01:34:31,066 BTPWorkerThread-10607 (_rx_task) root DEBUG client.py                 71    logger_log                : Received: hdr: Header(svc_id=0x03, op=0x81, ctrl_index=0x00, data_len=0x12) bytearray(b'\x03\x81\x00\x12\x00')
2025-01-10 01:34:31,066 BTPWorkerThread-10607 (_rx_task) root DEBUG client.py                 71    logger_log                : Read 18 bytes data
2025-01-10 01:34:31,066 BTPWorkerThread-10607 (_rx_task) root DEBUG client.py                 71    logger_log                : Received data: {'00 99 01 17 00 17 00 78 00 60 00 00 e6 f2 59 e8 07 c0'}, bytearray(b'\x00\x99\x01\x17\x00\x17\x00x\x00`\x00\x00\xe6\xf2Y\xe8\x07\xc0')
2025-01-10 01:34:31,066 BTPWorkerThread-10607 (_rx_task) root DEBUG client.py                 71    logger_log                : event_handler Header(svc_id=3, op=129, ctrl_index=0, data_len=18) (b'\x00\x99\x01\x17\x00\x17\x00x\x00`\x00\x00\xe6\xf2Y\xe8\x07\xc0',)
2025-01-10 01:34:31,066 BTPWorkerThread-10607 (_rx_task) root DEBUG client.py                 71    logger_log                : l2cap_connected_ev b'\x00\x99\x01\x17\x00\x17\x00x\x00`\x00\x00\xe6\xf2Y\xe8\x07\xc0' 18
2025-01-10 01:34:31,066 BTPWorkerThread-10607 (_rx_task) root DEBUG client.py                 71    logger_log                : id:0 on psm:409, peer_mtu:23, peer_mps:23, our_mtu:120, our_mps:96, addr b'\xe6\xf2Y\xe8\x07\xc0' type 0
2025-01-10 01:34:31,066 BTPWorkerThread-10607 (_rx_task) root DEBUG client.py                 71    logger_log                : Read 5 bytes
2025-01-10 01:34:31,066 LT1-thread root DEBUG client.py                 71    logger_log                : Sending response 'OK' to wid 41 test case L2CAP/COS/CFC/BV-04-C
2025-01-10 01:34:31,066 BTPWorkerThread-10607 (_rx_task) root DEBUG client.py                 71    logger_log                : Received: hdr: Header(svc_id=0x03, op=0x83, ctrl_index=0x00, data_len=0x0d) bytearray(b'\x03\x83\x00\r\x00')
2025-01-10 01:34:31,066 BTPWorkerThread-10607 (_rx_task) root DEBUG client.py                 71    logger_log                : Read 13 bytes data
2025-01-10 01:34:31,066 BTPWorkerThread-10607 (_rx_task) root DEBUG client.py                 71    logger_log                : Received data: {'00 0a 00 00 01 02 03 04 05 06 07 08 09'}, bytearray(b'\x00\n\x00\x00\x01\x02\x03\x04\x05\x06\x07\x08\t')
2025-01-10 01:34:31,066 BTPWorkerThread-10607 (_rx_task) root DEBUG client.py                 71    logger_log                : event_handler Header(svc_id=3, op=131, ctrl_index=0, data_len=13) (b'\x00\n\x00\x00\x01\x02\x03\x04\x05\x06\x07\x08\t',)
2025-01-10 01:34:31,066 BTPWorkerThread-10607 (_rx_task) root DEBUG client.py                 71    logger_log                : l2cap_data_rcv_ev b'\x00\n\x00\x00\x01\x02\x03\x04\x05\x06\x07\x08\t' 13
2025-01-10 01:34:31,066 BTPWorkerThread-10607 (_rx_task) root DEBUG client.py                 71    logger_log                : id:0, data:b'00010203040506070809'
2025-01-10 01:34:31,066 LT1-thread root DEBUG client.py                 71    logger_log                : ClientCallback.get_result run_test_case
2025-01-10 01:34:31,106 LT1-callback ClientCallback.on_implicit_send INFO client.py                 71    logger_log                : 
    ********************
    BEGIN OnImplicitSend:
    project_name: L2CAP
    wid: 40
    test_case_name: L2CAP/COS/CFC/BV-04-C
    description: Please confirm the Upper Tester receive data
    style: MMI_Style_Yes_No1 0x11044
2025-01-10 01:34:31,106 LT1-callback ClientCallback.on_implicit_send INFO client.py                 71    logger_log                : Calling test cases on_implicit_send
2025-01-10 01:34:31,106 LT1-callback ClientCallback.on_implicit_send INFO client.py                 71    logger_log                : 
    on_implicit_send returned response: WAIT
    END OnImplicitSend
    ********************
2025-01-10 01:34:32,076 LT1-thread root DEBUG client.py                 71    logger_log                : L2CAP L2CAP/COS/CFC/BV-04-C on_implicit_send
2025-01-10 01:34:32,076 LT1-thread root DEBUG client.py                 71    logger_log                : l2cap_wid_hdl, 40, Please confirm the Upper Tester receive data, L2CAP/COS/CFC/BV-04-C
2025-01-10 01:34:32,076 LT1-thread root DEBUG client.py                 71    logger_log                : Sending response 'Yes' to wid 40 test case L2CAP/COS/CFC/BV-04-C
2025-01-10 01:34:32,080 LT1-thread root DEBUG client.py                 71    logger_log                : ClientCallback.get_result run_test_case
2025-01-10 01:34:34,840 LT1-callback ClientCallback.log INFO client.py                 71    logger_log                : PTS_LOGTYPE_START_TEST Start Test Case 

+0 ms
 L2CAP/COS/CFC/BV-04-C L2CAP/COS/CFC/BV-04-C

2025-01-10 01:34:35,406 LT1-callback ClientCallback.log INFO client.py                 71    logger_log                : PTS_LOGTYPE_FINAL_VERDICT Final Verdict 

+6578 ms
 L2CAP/COS/CFC/BV-04-C PASS

2025-01-10 01:34:35,413 LT1-callback ClientCallback.log INFO client.py                 71    logger_log                : PTS_LOGTYPE_FINAL_VERDICT Encrypted Verdict 

+6578 ms
 L2CAP/COS/CFC/BV-04-C A1#ZWY4MzQ5MDg3MmQwNTIxOGQzMzQ5YjY2ODA5M2MzNjQ5ZDY4NmY0Yjc2MzIzM2VkNTUyNTFhNGU4Mjg1MjI0NA==#Br5KBwmavhJlUptER6L/vjKuD54MfMSWv3egXViZxcu8ek/gEuWOtGBuvqLVc5Se

2025-01-10 01:34:35,513 LT1-callback ClientCallback.log INFO client.py                 71    logger_log                : PTS_LOGTYPE_END_TEST Test Case Ended 

+6578 ms
 L2CAP/COS/CFC/BV-04-C L2CAP/COS/CFC/BV-04-C

2025-01-10 01:34:35,693 LT1-callback root DEBUG client.py                 71    logger_log                : ClientCallback, set_result, run_test_case, PASS
2025-01-10 01:34:35,693 LT1-thread root DEBUG client.py                 71    logger_log                : After run_test_case error_code=0 status='PASS'
2025-01-10 01:34:35,693 LT1-thread root DEBUG client.py                 71    logger_log                : post_run L2CAP L2CAP/COS/CFC/BV-04-C 0
2025-01-10 01:34:35,693 LT1-thread root DEBUG client.py                 71    logger_log                : Starting test function: class=<class 'autopts.ptsprojects.testcase.TestFuncCleanUp'>, func=<bound method Stack.cleanup of <autopts.ptsprojects.stack.stack.Stack object at 0x000001C083019550>> start_wid=None stop_wid=None post_wid=None skip_call=None call_count=1 args=() kwds={}
2025-01-10 01:34:35,693 LT1-thread root DEBUG client.py                 71    logger_log                : Test function parameters: args=(), kwds={}
2025-01-10 01:34:35,693 LT1-thread root DEBUG client.py                 71    logger_log                : Starting test function: class=<class 'autopts.ptsprojects.testcase.TestFuncCleanUp'>, func=<bound method ZephyrCtl.stop of <autopts.ptsprojects.zephyr.iutctl.ZephyrCtl object at 0x000001C08303E410>> start_wid=None stop_wid=None post_wid=None skip_call=None call_count=1 args=() kwds={}
2025-01-10 01:34:35,693 LT1-thread root DEBUG client.py                 71    logger_log                : Test function parameters: args=(), kwds={}
2025-01-10 01:34:35,693 LT1-thread root DEBUG client.py                 71    logger_log                : <class 'autopts.ptsprojects.zephyr.iutctl.ZephyrCtl'>.stop
2025-01-10 01:34:35,693 LT1-thread root DEBUG client.py                 71    logger_log                : About to reset DUT: JLink -CommandFile reset.jlink -usb 1064371884 -device MCXW716
2025-01-10 01:34:36,154 BTPWorkerThread-10607 (_rx_task) root DEBUG client.py                 71    logger_log                : Read 5 bytes
2025-01-10 01:34:36,174 BTPWorkerThread-10607 (_rx_task) root DEBUG client.py                 71    logger_log                : Received: hdr: Header(svc_id=0x00, op=0x80, ctrl_index=0xff, data_len=0x00) bytearray(b'\x00\x80\xff\x00\x00')
2025-01-10 01:34:36,194 BTPWorkerThread-10607 (_rx_task) root DEBUG client.py                 71    logger_log                : Received data: {''}, bytearray(b'')
2025-01-10 01:34:36,224 BTPWorkerThread-10607 (_rx_task) root DEBUG client.py                 71    logger_log                : event_handler Header(svc_id=0, op=128, ctrl_index=255, data_len=0) (b'',)
2025-01-10 01:34:36,244 BTPWorkerThread-10607 (_rx_task) root DEBUG client.py                 71    logger_log                : core_iut_ready_ev
2025-01-10 01:34:36,264 LT1-thread root DEBUG client.py                 71    logger_log                : IUT ready event received OK
2025-01-10 01:34:36,264 LT1-thread root DEBUG client.py                 71    logger_log                : Waiting for _rx_worker to finish ...
2025-01-10 01:34:37,265 BTPWorkerThread-10607 (_rx_task) root DEBUG client.py                 71    logger_log                : BTPWorkerThread-10607 (_rx_task) finishing...
2025-01-10 01:34:40,288 LT1-thread root DEBUG client.py                 71    logger_log                : post_run, cleanup running post test case script
2025-01-10 01:34:40,289 LT1-thread root DEBUG client.py                 71    logger_log                : post_run, run post test case script
2025-01-10 01:34:40,523 LT1-thread root DEBUG client.py                 71    logger_log                : Done TestCase _run_test_case L2CAP L2CAP/COS/CFC/BV-04-C
