14:32:44:822	> BTP_CORE_CMD_REGISTER_SERVICE (0x00|0x03|0xff)
                  raw data (1): 00 03 ff 01 00 01
14:32:44:962	< BTP_CORE_CMD_REGISTER_SERVICE (0x00|0x03|0xff)
                  raw data (0): 00 03 ff 00 00
14:32:44:992	> BTP_CORE_CMD_REGISTER_SERVICE (0x00|0x03|0xff)
                  raw data (2): 00 03 ff 01 00 02
14:32:45:102	< BTP_CORE_CMD_REGISTER_SERVICE (0x00|0x03|0xff)
                  raw data (0): 00 03 ff 00 00
14:32:45:132	> BTP_GAP_CMD_READ_CONTROLLER_INFO (0x01|0x03|0x00)
                  raw data (0): 01 03 00 00 00
14:32:45:282	< BTP_GAP_CMD_READ_CONTROLLER_INFO (0x01|0x03|0x00)
                  raw data (277): 
                  01 03 00 15 01 28 00 03 37 60 00 13 06 02 00 13 
                  02 00 00 00 00 00 62 74 70 5f 74 65 73 74 65 72 
                  00 00 00 00 00 00 00 00 00 00 00 00 00 00 00 00 
                  00 00 00 00 00 00 00 00 00 00 00 00 00 00 00 00 
                  00 00 00 00 00 00 00 00 00 00 00 00 00 00 00 00 
                  00 00 00 00 00 00 00 00 00 00 00 00 00 00 00 00 
                  00 00 00 00 00 00 00 00 00 00 00 00 00 00 00 00 
                  00 00 00 00 00 00 00 00 00 00 00 00 00 00 00 00 
                  00 00 00 00 00 00 00 00 00 00 00 00 00 00 00 00 
                  00 00 00 00 00 00 00 00 00 00 00 00 00 00 00 00 
                  00 00 00 00 00 00 00 00 00 00 00 00 00 00 00 00 
                  00 00 00 00 00 00 00 00 00 00 00 00 00 00 00 00 
                  00 00 00 00 00 00 00 00 00 00 00 00 00 00 00 00 
                  00 00 00 00 00 00 00 00 00 00 00 00 00 00 00 00 
                  00 00 00 00 00 00 00 00 00 00 00 00 00 00 00 00 
                  00 00 00 00 00 00 00 00 00 00 00 00 00 00 00 00 
                  00 00 00 00 00 00 00 00 00 00 00 00 00 00 00 00 
                  00 00 00 00 00 00 00 00 00 00
14:32:45:322	> BTP_GAP_CMD_SET_IO_CAP (0x01|0x10|0x00)
                  raw data (1): 01 10 00 01 00 00
14:32:45:422	< BTP_GAP_CMD_SET_IO_CAP (0x01|0x10|0x00)
                  raw data (0): 01 10 00 00 00
14:32:45:452	> BTP_GATT_CMD_ADD_SERVICE (0x02|0x02|0x00)
                  raw data (4): 02 02 00 04 00 01 02 aa 40
14:32:45:602	< BTP_GATT_CMD_ADD_SERVICE (0x02|0x02|0x00)
                  raw data (2): 02 02 00 02 00 00 00
14:32:45:632	> BTP_GATT_CMD_ADD_CHARACTERISTIC (0x02|0x03|0x00)
                  raw data (7): 02 03 00 07 00 00 00 0a 03 02 aa 50
14:32:45:762	< BTP_GATT_CMD_ADD_CHARACTERISTIC (0x02|0x03|0x00)
                  raw data (2): 02 03 00 02 00 00 00
14:32:45:782	> BTP_GATT_CMD_SET_VALUE (0x02|0x06|0x00)
                  raw data (12): 
                  02 06 00 0c 00 00 00 08 00 01 23 45 67 89 ab cd 
                  ef
14:32:45:902	< BTP_GATT_CMD_SET_VALUE (0x02|0x06|0x00)
                  raw data (0): 02 06 00 00 00
14:32:45:932	> BTP_GATT_CMD_ADD_CHARACTERISTIC (0x02|0x03|0x00)
                  raw data (7): 02 03 00 07 00 00 00 0a 0c 02 aa 51
14:32:46:082	< BTP_GATT_CMD_ADD_CHARACTERISTIC (0x02|0x03|0x00)
                  raw data (2): 02 03 00 02 00 00 00
14:32:46:112	> BTP_GATT_CMD_SET_VALUE (0x02|0x06|0x00)
                  raw data (12): 
                  02 06 00 0c 00 00 00 08 00 01 23 45 67 89 ab cd 
                  ef
14:32:46:222	< BTP_GATT_CMD_SET_VALUE (0x02|0x06|0x00)
                  raw data (0): 02 06 00 00 00
14:32:46:242	> BTP_GATT_CMD_ADD_CHARACTERISTIC (0x02|0x03|0x00)
                  raw data (7): 02 03 00 07 00 00 00 0a 30 02 aa 52
14:32:46:372	< BTP_GATT_CMD_ADD_CHARACTERISTIC (0x02|0x03|0x00)
                  raw data (2): 02 03 00 02 00 00 00
14:32:46:392	> BTP_GATT_CMD_SET_VALUE (0x02|0x06|0x00)
                  raw data (12): 
                  02 06 00 0c 00 00 00 08 00 01 23 45 67 89 ab cd 
                  ef
14:32:46:512	< BTP_GATT_CMD_SET_VALUE (0x02|0x06|0x00)
                  raw data (0): 02 06 00 00 00
14:32:46:542	> BTP_GATT_CMD_ADD_CHARACTERISTIC (0x02|0x03|0x00)
                  raw data (7): 02 03 00 07 00 00 00 0a c0 02 aa 53
14:32:46:692	< BTP_GATT_CMD_ADD_CHARACTERISTIC (0x02|0x03|0x00)
                  raw data (2): 02 03 00 02 00 00 00
14:32:46:722	> BTP_GATT_CMD_SET_VALUE (0x02|0x06|0x00)
                  raw data (12): 
                  02 06 00 0c 00 00 00 08 00 01 23 45 67 89 ab cd 
                  ef
14:32:46:842	< BTP_GATT_CMD_SET_VALUE (0x02|0x06|0x00)
                  raw data (0): 02 06 00 00 00
14:32:46:872	> BTP_GATT_CMD_ADD_CHARACTERISTIC (0x02|0x03|0x00)
                  raw data (7): 02 03 00 07 00 00 00 3a 03 02 aa 54
14:32:47:012	< BTP_GATT_CMD_ADD_CHARACTERISTIC (0x02|0x03|0x00)
                  raw data (2): 02 03 00 02 00 00 00
14:32:47:042	> BTP_GATT_CMD_SET_VALUE (0x02|0x06|0x00)
                  raw data (12): 
                  02 06 00 0c 00 00 00 08 00 01 23 45 67 89 ab cd 
                  ef
14:32:47:152	< BTP_GATT_CMD_SET_VALUE (0x02|0x06|0x00)
                  raw data (0): 02 06 00 00 00
14:32:47:182	> BTP_GATT_CMD_ADD_DESCRIPTOR (0x02|0x04|0x00)
                  raw data (6): 02 04 00 06 00 00 00 03 02 02 29
14:32:47:332	< BTP_GATT_CMD_ADD_DESCRIPTOR (0x02|0x04|0x00)
                  raw data (2): 02 04 00 02 00 00 00
14:32:47:362	> BTP_GATT_CMD_ADD_CHARACTERISTIC (0x02|0x03|0x00)
                  raw data (7): 02 03 00 07 00 00 00 3a 03 02 aa 55
14:32:47:512	< BTP_GATT_CMD_ADD_CHARACTERISTIC (0x02|0x03|0x00)
                  raw data (2): 02 03 00 02 00 00 00
14:32:47:542	> BTP_GATT_CMD_SET_VALUE (0x02|0x06|0x00)
                  raw data (12): 
                  02 06 00 0c 00 00 00 08 00 01 23 45 67 89 ab cd 
                  ef
14:32:47:652	< BTP_GATT_CMD_SET_VALUE (0x02|0x06|0x00)
                  raw data (0): 02 06 00 00 00
14:32:47:682	> BTP_GATT_CMD_ADD_DESCRIPTOR (0x02|0x04|0x00)
                  raw data (6): 02 04 00 06 00 00 00 03 02 02 29
14:32:47:842	< BTP_GATT_CMD_ADD_DESCRIPTOR (0x02|0x04|0x00)
                  raw data (2): 02 04 00 02 00 00 00
14:32:47:872	> BTP_GATT_CMD_ADD_CHARACTERISTIC (0x02|0x03|0x00)
                  raw data (7): 02 03 00 07 00 00 00 46 03 02 aa 56
14:32:48:012	< BTP_GATT_CMD_ADD_CHARACTERISTIC (0x02|0x03|0x00)
                  raw data (2): 02 03 00 02 00 00 00
14:32:48:042	> BTP_GATT_CMD_SET_VALUE (0x02|0x06|0x00)
                  raw data (12): 
                  02 06 00 0c 00 00 00 08 00 01 23 45 67 89 ab cd 
                  ef
14:32:48:142	< BTP_GATT_CMD_SET_VALUE (0x02|0x06|0x00)
                  raw data (0): 02 06 00 00 00
14:32:48:162	> BTP_GATT_CMD_ADD_CHARACTERISTIC (0x02|0x03|0x00)
                  raw data (7): 02 03 00 07 00 00 00 46 30 02 aa 57
14:32:48:282	< BTP_GATT_CMD_ADD_CHARACTERISTIC (0x02|0x03|0x00)
                  raw data (2): 02 03 00 02 00 00 00
14:32:48:282	> BTP_GATT_CMD_SET_VALUE (0x02|0x06|0x00)
                  raw data (12): 
                  02 06 00 0c 00 00 00 08 00 01 23 45 67 89 ab cd 
                  ef
14:32:48:392	< BTP_GATT_CMD_SET_VALUE (0x02|0x06|0x00)
                  raw data (0): 02 06 00 00 00
14:32:48:402	> BTP_GATT_CMD_ADD_CHARACTERISTIC (0x02|0x03|0x00)
                  raw data (7): 02 03 00 07 00 00 00 8a 03 02 aa 58
14:32:48:552	< BTP_GATT_CMD_ADD_CHARACTERISTIC (0x02|0x03|0x00)
                  raw data (2): 02 03 00 02 00 00 00
14:32:48:572	> BTP_GATT_CMD_SET_VALUE (0x02|0x06|0x00)
                  raw data (12): 
                  02 06 00 0c 00 00 00 08 00 01 23 45 67 89 ab cd 
                  ef
14:32:48:662	< BTP_GATT_CMD_SET_VALUE (0x02|0x06|0x00)
                  raw data (0): 02 06 00 00 00
14:32:48:672	> BTP_GATT_CMD_ADD_DESCRIPTOR (0x02|0x04|0x00)
                  raw data (6): 02 04 00 06 00 00 00 01 02 00 29
14:32:48:762	< BTP_GATT_CMD_ADD_DESCRIPTOR (0x02|0x04|0x00)
                  raw data (2): 02 04 00 02 00 00 00
14:32:48:762	> BTP_GATT_CMD_SET_VALUE (0x02|0x06|0x00)
                  raw data (6): 02 06 00 06 00 00 00 02 00 01 00
14:32:48:882	< BTP_GATT_CMD_SET_VALUE (0x02|0x06|0x00)
                  raw data (0): 02 06 00 00 00
14:32:48:892	> BTP_GATT_CMD_ADD_CHARACTERISTIC (0x02|0x03|0x00)
                  raw data (7): 02 03 00 07 00 00 00 0a 0c 02 aa 59
14:32:49:022	< BTP_GATT_CMD_ADD_CHARACTERISTIC (0x02|0x03|0x00)
                  raw data (2): 02 03 00 02 00 00 00
14:32:49:052	> BTP_GATT_CMD_SET_VALUE (0x02|0x06|0x00)
                  raw data (12): 
                  02 06 00 0c 00 00 00 08 00 01 23 45 67 89 ab cd 
                  ef
14:32:49:162	< BTP_GATT_CMD_SET_VALUE (0x02|0x06|0x00)
                  raw data (0): 02 06 00 00 00
14:32:49:182	> BTP_GATT_CMD_SET_ENC_KEY_SIZE (0x02|0x09|0x00)
                  raw data (3): 02 09 00 03 00 00 00 0f
14:32:49:282	< BTP_GATT_CMD_SET_ENC_KEY_SIZE (0x02|0x09|0x00)
                  raw data (0): 02 09 00 00 00
14:32:49:312	> BTP_GATT_CMD_ADD_CHARACTERISTIC (0x02|0x03|0x00)
                  raw data (7): 02 03 00 07 00 00 00 0a 0c 02 aa 5a
14:32:49:432	< BTP_GATT_CMD_ADD_CHARACTERISTIC (0x02|0x03|0x00)
                  raw data (2): 02 03 00 02 00 00 00
14:32:49:432	> BTP_GATT_CMD_SET_VALUE (0x02|0x06|0x00)
                  raw data (12): 
                  02 06 00 0c 00 00 00 08 00 01 23 45 67 89 ab cd 
                  ef
14:32:49:542	< BTP_GATT_CMD_SET_VALUE (0x02|0x06|0x00)
                  raw data (0): 02 06 00 00 00
14:32:49:562	> BTP_GATT_CMD_SET_ENC_KEY_SIZE (0x02|0x09|0x00)
                  raw data (3): 02 09 00 03 00 00 00 0f
14:32:49:662	< BTP_GATT_CMD_SET_ENC_KEY_SIZE (0x02|0x09|0x00)
                  raw data (0): 02 09 00 00 00
14:32:49:662	> BTP_GATT_CMD_ADD_CHARACTERISTIC (0x02|0x03|0x00)
                  raw data (21): 
                  02 03 00 15 00 00 00 0a 03 10 f0 00 bb 50 04 51 
                  40 00 b1 23 45 67 89 ab cd ef
14:32:49:792	< BTP_GATT_CMD_ADD_CHARACTERISTIC (0x02|0x03|0x00)
                  raw data (2): 02 03 00 02 00 00 00
14:32:49:822	> BTP_GATT_CMD_SET_VALUE (0x02|0x06|0x00)
                  raw data (12): 
                  02 06 00 0c 00 00 00 08 00 01 23 45 67 89 ab cd 
                  ef
14:32:49:942	< BTP_GATT_CMD_SET_VALUE (0x02|0x06|0x00)
                  raw data (0): 02 06 00 00 00
14:32:49:972	> BTP_GATT_CMD_ADD_SERVICE (0x02|0x02|0x00)
                  raw data (4): 02 02 00 04 00 00 02 aa 41
14:32:50:122	< BTP_GATT_CMD_ADD_SERVICE (0x02|0x02|0x00)
                  raw data (2): 02 02 00 02 00 00 00
14:32:50:152	> BTP_GATT_CMD_ADD_INCLUDED_SERVICE (0x02|0x05|0x00)
                  raw data (2): 02 05 00 02 00 01 00
14:32:50:302	< BTP_GATT_CMD_ADD_INCLUDED_SERVICE (0x02|0x05|0x00)
                  raw data (2): 02 05 00 02 00 00 00
14:32:50:332	> BTP_GATT_CMD_ADD_CHARACTERISTIC (0x02|0x03|0x00)
                  raw data (7): 02 03 00 07 00 00 00 0a 03 02 aa 50
14:32:50:482	< BTP_GATT_CMD_ADD_CHARACTERISTIC (0x02|0x03|0x00)
                  raw data (2): 02 03 00 02 00 00 00
14:32:50:512	> BTP_GATT_CMD_SET_VALUE (0x02|0x06|0x00)
                  raw data (36): 
                  02 06 00 24 00 00 00 20 00 01 23 45 67 89 ab cd 
                  ef 01 23 45 67 89 ab cd ef 01 23 45 67 89 ab cd 
                  ef 01 23 45 67 89 ab cd ef
14:32:50:592	< BTP_GATT_CMD_SET_VALUE (0x02|0x06|0x00)
                  raw data (0): 02 06 00 00 00
14:32:50:612	> BTP_GATT_CMD_ADD_CHARACTERISTIC (0x02|0x03|0x00)
                  raw data (7): 02 03 00 07 00 00 00 0a 03 02 aa 51
14:32:50:752	< BTP_GATT_CMD_ADD_CHARACTERISTIC (0x02|0x03|0x00)
                  raw data (2): 02 03 00 02 00 00 00
14:32:50:782	> BTP_GATT_CMD_SET_VALUE (0x02|0x06|0x00)
                  raw data (36): 
                  02 06 00 24 00 00 00 20 00 fe dc ba 98 76 54 32 
                  10 fe dc ba 98 76 54 32 10 fe dc ba 98 76 54 32 
                  10 fe dc ba 98 76 54 32 10
14:32:50:872	< BTP_GATT_CMD_SET_VALUE (0x02|0x06|0x00)
                  raw data (0): 02 06 00 00 00
14:32:50:892	> BTP_GATT_CMD_ADD_CHARACTERISTIC (0x02|0x03|0x00)
                  raw data (7): 02 03 00 07 00 00 00 0a 0c 02 aa 52
14:32:51:032	< BTP_GATT_CMD_ADD_CHARACTERISTIC (0x02|0x03|0x00)
                  raw data (2): 02 03 00 02 00 00 00
14:32:51:052	> BTP_GATT_CMD_SET_VALUE (0x02|0x06|0x00)
                  raw data (60): 
                  02 06 00 3c 00 00 00 38 00 fe dc ba 98 76 54 32 
                  10 fe dc ba 98 76 54 32 10 fe dc ba 98 76 54 32 
                  10 fe dc ba 98 76 54 32 10 fe dc ba 98 76 54 32 
                  10 fe dc ba 98 76 54 32 10 fe dc ba 98 76 54 32 
                  10
14:32:51:152	< BTP_GATT_CMD_SET_VALUE (0x02|0x06|0x00)
                  raw data (0): 02 06 00 00 00
14:32:51:182	> BTP_GATT_CMD_SET_ENC_KEY_SIZE (0x02|0x09|0x00)
                  raw data (3): 02 09 00 03 00 00 00 0f
14:32:51:302	< BTP_GATT_CMD_SET_ENC_KEY_SIZE (0x02|0x09|0x00)
                  raw data (0): 02 09 00 00 00
14:32:51:332	> BTP_GATT_CMD_ADD_CHARACTERISTIC (0x02|0x03|0x00)
                  raw data (7): 02 03 00 07 00 00 00 02 01 02 aa 53
14:32:51:462	< BTP_GATT_CMD_ADD_CHARACTERISTIC (0x02|0x03|0x00)
                  raw data (2): 02 03 00 02 00 00 00
14:32:51:492	> BTP_GATT_CMD_SET_VALUE (0x02|0x06|0x00)
                  raw data (84): 
                  02 06 00 54 00 00 00 50 00 01 23 45 67 89 ab cd 
                  ef 01 23 45 67 89 ab cd ef 01 23 45 67 89 ab cd 
                  ef 01 23 45 67 89 ab cd ef 01 23 45 67 89 ab cd 
                  ef 01 23 45 67 89 ab cd ef 01 23 45 67 89 ab cd 
                  ef 01 23 45 67 89 ab cd ef 01 23 45 67 89 ab cd 
                  ef 01 23 45 67 89 ab cd ef
14:32:51:602	< BTP_GATT_CMD_SET_VALUE (0x02|0x06|0x00)
                  raw data (0): 02 06 00 00 00
14:32:51:632	> BTP_GATT_CMD_ADD_DESCRIPTOR (0x02|0x04|0x00)
                  raw data (6): 02 04 00 06 00 00 00 03 02 54 aa
14:32:51:782	< BTP_GATT_CMD_ADD_DESCRIPTOR (0x02|0x04|0x00)
                  raw data (2): 02 04 00 02 00 00 00
14:32:51:812	> BTP_GATT_CMD_SET_VALUE (0x02|0x06|0x00)
                  raw data (68): 
                  02 06 00 44 00 00 00 40 00 01 01 01 01 01 01 01 
                  01 01 01 01 01 01 01 01 01 01 01 01 01 01 01 01 
                  01 01 01 01 01 01 01 01 01 01 01 01 01 01 01 01 
                  01 01 01 01 01 01 01 01 01 01 01 01 01 01 01 01 
                  01 01 01 01 01 01 01 01 01
14:32:51:922	< BTP_GATT_CMD_SET_VALUE (0x02|0x06|0x00)
                  raw data (0): 02 06 00 00 00
14:32:51:942	> BTP_GATT_CMD_ADD_CHARACTERISTIC (0x02|0x03|0x00)
                  raw data (7): 02 03 00 07 00 00 00 0a 03 02 aa 55
14:32:52:102	< BTP_GATT_CMD_ADD_CHARACTERISTIC (0x02|0x03|0x00)
                  raw data (2): 02 03 00 02 00 00 00
14:32:52:132	> BTP_GATT_CMD_SET_VALUE (0x02|0x06|0x00)
                  raw data (84): 
                  02 06 00 54 00 00 00 50 00 01 23 45 67 89 ab cd 
                  ef 01 23 45 67 89 ab cd ef 01 23 45 67 89 ab cd 
                  ef 01 23 45 67 89 ab cd ef 01 23 45 67 89 ab cd 
                  ef 01 23 45 67 89 ab cd ef 01 23 45 67 89 ab cd 
                  ef 01 23 45 67 89 ab cd ef 01 23 45 67 89 ab cd 
                  ef 01 23 45 67 89 ab cd ef
14:32:52:242	< BTP_GATT_CMD_SET_VALUE (0x02|0x06|0x00)
                  raw data (0): 02 06 00 00 00
14:32:52:272	> BTP_GATT_CMD_ADD_CHARACTERISTIC (0x02|0x03|0x00)
                  raw data (7): 02 03 00 07 00 00 00 0a 03 02 aa 56
14:32:52:422	< BTP_GATT_CMD_ADD_CHARACTERISTIC (0x02|0x03|0x00)
                  raw data (2): 02 03 00 02 00 00 00
14:32:52:452	> BTP_GATT_CMD_SET_VALUE (0x02|0x06|0x00)
                  raw data (516): 
                  02 06 00 04 02 00 00 00 02 02 02 02 02 02 02 02 
                  02 02 02 02 02 02 02 02 02 02 02 02 02 02 02 02 
                  02 02 02 02 02 02 02 02 02 02 02 02 02 02 02 02 
                  02 02 02 02 02 02 02 02 02 02 02 02 02 02 02 02 
                  02 02 02 02 02 02 02 02 02 02 02 02 02 02 02 02 
                  02 02 02 02 02 02 02 02 02 02 02 02 02 02 02 02 
                  02 02 02 02 02 02 02 02 02 02 02 02 02 02 02 02 
                  02 02 02 02 02 02 02 02 02 02 02 02 02 02 02 02 
                  02 02 02 02 02 02 02 02 02 02 02 02 02 02 02 02 
                  02 02 02 02 02 02 02 02 02 02 02 02 02 02 02 02 
                  02 02 02 02 02 02 02 02 02 02 02 02 02 02 02 02 
                  02 02 02 02 02 02 02 02 02 02 02 02 02 02 02 02 
                  02 02 02 02 02 02 02 02 02 02 02 02 02 02 02 02 
                  02 02 02 02 02 02 02 02 02 02 02 02 02 02 02 02 
                  02 02 02 02 02 02 02 02 02 02 02 02 02 02 02 02 
                  02 02 02 02 02 02 02 02 02 02 02 02 02 02 02 02 
                  02 02 02 02 02 02 02 02 02 02 02 02 02 02 02 02 
                  02 02 02 02 02 02 02 02 02 02 02 02 02 02 02 02 
                  02 02 02 02 02 02 02 02 02 02 02 02 02 02 02 02 
                  02 02 02 02 02 02 02 02 02 02 02 02 02 02 02 02 
                  02 02 02 02 02 02 02 02 02 02 02 02 02 02 02 02 
                  02 02 02 02 02 02 02 02 02 02 02 02 02 02 02 02 
                  02 02 02 02 02 02 02 02 02 02 02 02 02 02 02 02 
                  02 02 02 02 02 02 02 02 02 02 02 02 02 02 02 02 
                  02 02 02 02 02 02 02 02 02 02 02 02 02 02 02 02 
                  02 02 02 02 02 02 02 02 02 02 02 02 02 02 02 02 
                  02 02 02 02 02 02 02 02 02 02 02 02 02 02 02 02 
                  02 02 02 02 02 02 02 02 02 02 02 02 02 02 02 02 
                  02 02 02 02 02 02 02 02 02 02 02 02 02 02 02 02 
                  02 02 02 02 02 02 02 02 02 02 02 02 02 02 02 02 
                  02 02 02 02 02 02 02 02 02 02 02 02 02 02 02 02 
                  02 02 02 02 02 02 02 02 02 02 02 02 02 02 02 02 
                  02 02 02 02 02 02 02 02 02
14:32:52:602	< BTP_GATT_CMD_SET_VALUE (0x02|0x06|0x00)
                  raw data (0): 02 06 00 00 00
14:32:52:632	> BTP_GATT_CMD_START_SERVER (0x02|0x07|0x00)
                  raw data (0): 02 07 00 00 00
14:32:52:782	< BTP_GATT_CMD_START_SERVER (0x02|0x07|0x00)
                  raw data (3): 02 07 00 03 00 00 00 00
14:32:56:823	> BTP_GAP_CMD_SET_DISCOVERABLE (0x01|0x08|0x00)
                  raw data (1): 01 08 00 01 00 01
14:32:56:942	< BTP_GAP_CMD_SET_DISCOVERABLE (0x01|0x08|0x00)
                  raw data (4): 01 08 00 04 00 1b 02 00 00
14:32:56:972	> BTP_GAP_CMD_START_ADVERTISING (0x01|0x0a|0x00)
                  raw data (22): 
                  01 0a 00 16 00 0f 00 09 0d 54 65 73 74 65 72 5f 
                  32 35 44 45 32 41 ff ff ff ff 00
14:32:57:072	< BTP_GAP_CMD_START_ADVERTISING (0x01|0x0a|0x00)
                  raw data (4): 01 0a 00 04 00 1b 06 00 00
14:33:00:032	< BTP_GAP_EV_DEVICE_CONNECTED (0x01|0x82|0x00)
                  raw data (13): 
                  01 82 00 0d 00 00 2a de 25 e8 07 c0 38 00 00 00 
                  d0 07
14:33:00:102	< BTP_GAP_EV_NEW_SETTINGS (0x01|0x80|0x00)
                  raw data (4): 01 80 00 04 00 1b 02 00 00
14:33:05:483	< BTP_GAP_EV_CONN_PARAM_UPDATE (0x01|0x88|0x00)
                  raw data (13): 
                  01 88 00 0d 00 00 2a de 25 e8 07 c0 18 00 00 00 
                  2a 00
14:33:08:864	< BTP_GAP_EV_SEC_LEVEL_CHANGED (0x01|0x89|0x00)
                  raw data (8): 01 89 00 08 00 00 2a de 25 e8 07 c0 02
14:33:11:034	< BTP_GAP_EV_SEC_LEVEL_CHANGED (0x01|0x89|0x00)
                  raw data (8): 01 89 00 08 00 00 2a de 25 e8 07 c0 02
14:33:18:184	> BTP_GATT_CMD_GET_ATTRIBUTES (0x02|0x1c|0x00)
                  raw data (5): 02 1c 00 05 00 01 00 ff ff 00
14:33:18:314	< BTP_GATT_CMD_GET_ATTRIBUTES (0x02|0x1c|0x00)
                  raw data (465): 
                  02 1c 00 d1 01 4b 01 00 01 02 00 28 02 00 01 02 
                  03 28 03 00 00 02 05 2a 04 00 03 02 02 29 05 00 
                  01 02 03 28 06 00 03 02 29 2b 07 00 01 02 03 28 
                  08 00 01 02 2a 2b 09 00 01 02 03 28 0a 00 01 02 
                  3a 2b 0b 00 01 02 00 28 0c 00 01 02 03 28 0d 00 
                  09 02 00 2a 0e 00 01 02 03 28 0f 00 21 02 01 2a 
                  10 00 01 02 03 28 11 00 01 02 04 2a 12 00 01 02 
                  00 28 13 00 01 02 03 28 14 00 01 02 24 2a 15 00 
                  01 02 03 28 16 00 01 02 29 2a 17 00 01 02 03 28 
                  18 00 01 02 50 2a 19 00 01 02 03 28 1a 00 01 02 
                  25 2a 1b 00 01 02 03 28 1c 00 01 02 26 2a 1d 00 
                  01 02 03 28 1e 00 01 02 27 2a 1f 00 01 02 03 28 
                  20 00 01 02 28 2a 21 00 01 02 01 28 22 00 01 02 
                  03 28 23 00 43 02 aa 50 24 00 01 02 03 28 25 00 
                  4c 02 aa 51 26 00 01 02 03 28 27 00 70 02 aa 52 
                  28 00 01 02 03 28 29 00 43 02 aa 53 2a 00 01 02 
                  03 28 2b 00 43 02 aa 54 2c 00 03 02 02 29 2d 00 
                  01 02 03 28 2e 00 43 02 aa 55 2f 00 03 02 02 29 
                  30 00 01 02 03 28 31 00 43 02 aa 56 32 00 01 02 
                  03 28 33 00 70 02 aa 57 34 00 01 02 03 28 35 00 
                  43 02 aa 58 36 00 01 02 00 29 37 00 01 02 03 28 
                  38 00 4c 02 aa 59 39 00 01 02 03 28 3a 00 4c 02 
                  aa 5a 3b 00 01 02 03 28 3c 00 43 10 f0 00 bb 50 
                  04 51 40 00 b1 23 45 67 89 ab cd ef 3d 00 01 02 
                  00 28 3e 00 01 02 02 28 3f 00 01 02 03 28 40 00 
                  43 02 aa 50 41 00 01 02 03 28 42 00 43 02 aa 51 
                  43 00 01 02 03 28 44 00 4c 02 aa 52 45 00 01 02 
                  03 28 46 00 41 02 aa 53 47 00 43 02 54 aa 48 00 
                  01 02 03 28 49 00 43 02 aa 55 4a 00 01 02 03 28 
                  4b 00 43 02 aa 56
14:33:18:324	> BTP_GATT_CMD_GET_ATTRIBUTE_VALUE (0x02|0x1d|0x00)
                  raw data (9): 02 1d 00 09 00 00 2a de 25 e8 07 c0 01 00
14:33:18:464	< BTP_GATT_CMD_GET_ATTRIBUTE_VALUE (0x02|0x1d|0x00)
                  raw data (5): 02 1d 00 05 00 00 02 00 01 18
14:33:18:494	> BTP_GATT_CMD_GET_ATTRIBUTE_VALUE (0x02|0x1d|0x00)
                  raw data (9): 02 1d 00 09 00 00 2a de 25 e8 07 c0 02 00
14:33:18:644	< BTP_GATT_CMD_GET_ATTRIBUTE_VALUE (0x02|0x1d|0x00)
                  raw data (8): 02 1d 00 08 00 00 05 00 20 03 00 05 2a
14:33:18:674	> BTP_GATT_CMD_GET_ATTRIBUTE_VALUE (0x02|0x1d|0x00)
                  raw data (9): 02 1d 00 09 00 00 2a de 25 e8 07 c0 03 00
14:33:18:824	< BTP_GATT_CMD_GET_ATTRIBUTE_VALUE (0x02|0x1d|0x00)
                  raw data (3): 02 1d 00 03 00 02 00 00
14:33:18:854	> BTP_GATT_CMD_GET_ATTRIBUTE_VALUE (0x02|0x1d|0x00)
                  raw data (9): 02 1d 00 09 00 00 2a de 25 e8 07 c0 04 00
14:33:18:984	< BTP_GATT_CMD_GET_ATTRIBUTE_VALUE (0x02|0x1d|0x00)
                  raw data (5): 02 1d 00 05 00 00 02 00 00 00
14:33:19:004	> BTP_GATT_CMD_GET_ATTRIBUTE_VALUE (0x02|0x1d|0x00)
                  raw data (9): 02 1d 00 09 00 00 2a de 25 e8 07 c0 05 00
14:33:19:154	< BTP_GATT_CMD_GET_ATTRIBUTE_VALUE (0x02|0x1d|0x00)
                  raw data (8): 02 1d 00 08 00 00 05 00 0a 06 00 29 2b
14:33:19:184	> BTP_GATT_CMD_GET_ATTRIBUTE_VALUE (0x02|0x1d|0x00)
                  raw data (9): 02 1d 00 09 00 00 2a de 25 e8 07 c0 06 00
14:33:19:344	< BTP_GATT_CMD_GET_ATTRIBUTE_VALUE (0x02|0x1d|0x00)
                  raw data (4): 02 1d 00 04 00 00 01 00 02
14:33:19:374	> BTP_GATT_CMD_GET_ATTRIBUTE_VALUE (0x02|0x1d|0x00)
                  raw data (9): 02 1d 00 09 00 00 2a de 25 e8 07 c0 07 00
14:33:19:504	< BTP_GATT_CMD_GET_ATTRIBUTE_VALUE (0x02|0x1d|0x00)
                  raw data (8): 02 1d 00 08 00 00 05 00 02 08 00 2a 2b
14:33:19:524	> BTP_GATT_CMD_GET_ATTRIBUTE_VALUE (0x02|0x1d|0x00)
                  raw data (9): 02 1d 00 09 00 00 2a de 25 e8 07 c0 08 00
14:33:19:614	< BTP_GATT_CMD_GET_ATTRIBUTE_VALUE (0x02|0x1d|0x00)
                  raw data (19): 
                  02 1d 00 13 00 00 10 00 80 61 c3 7e ef 85 32 f3 
                  2d 0c b7 d8 b7 1e 5a b6
14:33:19:624	> BTP_GATT_CMD_GET_ATTRIBUTE_VALUE (0x02|0x1d|0x00)
                  raw data (9): 02 1d 00 09 00 00 2a de 25 e8 07 c0 09 00
14:33:19:724	< BTP_GATT_CMD_GET_ATTRIBUTE_VALUE (0x02|0x1d|0x00)
                  raw data (8): 02 1d 00 08 00 00 05 00 02 0a 00 3a 2b
14:33:19:744	> BTP_GATT_CMD_GET_ATTRIBUTE_VALUE (0x02|0x1d|0x00)
                  raw data (9): 02 1d 00 09 00 00 2a de 25 e8 07 c0 0a 00
14:33:19:904	< BTP_GATT_CMD_GET_ATTRIBUTE_VALUE (0x02|0x1d|0x00)
                  raw data (4): 02 1d 00 04 00 00 01 00 01
14:33:19:934	> BTP_GATT_CMD_GET_ATTRIBUTE_VALUE (0x02|0x1d|0x00)
                  raw data (9): 02 1d 00 09 00 00 2a de 25 e8 07 c0 0b 00
14:33:20:074	< BTP_GATT_CMD_GET_ATTRIBUTE_VALUE (0x02|0x1d|0x00)
                  raw data (5): 02 1d 00 05 00 00 02 00 00 18
14:33:20:094	> BTP_GATT_CMD_GET_ATTRIBUTE_VALUE (0x02|0x1d|0x00)
                  raw data (9): 02 1d 00 09 00 00 2a de 25 e8 07 c0 0c 00
14:33:20:244	< BTP_GATT_CMD_GET_ATTRIBUTE_VALUE (0x02|0x1d|0x00)
                  raw data (8): 02 1d 00 08 00 00 05 00 0a 0d 00 00 2a
14:33:20:264	> BTP_GATT_CMD_GET_ATTRIBUTE_VALUE (0x02|0x1d|0x00)
                  raw data (9): 02 1d 00 09 00 00 2a de 25 e8 07 c0 0d 00
14:33:20:404	< BTP_GATT_CMD_GET_ATTRIBUTE_VALUE (0x02|0x1d|0x00)
                  raw data (9): 02 1d 00 09 00 00 06 00 54 65 73 74 65 72
14:33:20:424	> BTP_GATT_CMD_GET_ATTRIBUTE_VALUE (0x02|0x1d|0x00)
                  raw data (9): 02 1d 00 09 00 00 2a de 25 e8 07 c0 0e 00
14:33:20:584	< BTP_GATT_CMD_GET_ATTRIBUTE_VALUE (0x02|0x1d|0x00)
                  raw data (8): 02 1d 00 08 00 00 05 00 0a 0f 00 01 2a
14:33:20:604	> BTP_GATT_CMD_GET_ATTRIBUTE_VALUE (0x02|0x1d|0x00)
                  raw data (9): 02 1d 00 09 00 00 2a de 25 e8 07 c0 0f 00
14:33:20:744	< BTP_GATT_CMD_GET_ATTRIBUTE_VALUE (0x02|0x1d|0x00)
                  raw data (5): 02 1d 00 05 00 00 02 00 00 00
14:33:20:794	> BTP_GATT_CMD_GET_ATTRIBUTE_VALUE (0x02|0x1d|0x00)
                  raw data (9): 02 1d 00 09 00 00 2a de 25 e8 07 c0 10 00
14:33:20:944	< BTP_GATT_CMD_GET_ATTRIBUTE_VALUE (0x02|0x1d|0x00)
                  raw data (8): 02 1d 00 08 00 00 05 00 02 11 00 04 2a
14:33:20:974	> BTP_GATT_CMD_GET_ATTRIBUTE_VALUE (0x02|0x1d|0x00)
                  raw data (9): 02 1d 00 09 00 00 2a de 25 e8 07 c0 11 00
14:33:21:124	< BTP_GATT_CMD_GET_ATTRIBUTE_VALUE (0x02|0x1d|0x00)
                  raw data (11): 02 1d 00 0b 00 00 08 00 18 00 28 00 00 00 2a 00
14:33:21:144	> BTP_GATT_CMD_GET_ATTRIBUTE_VALUE (0x02|0x1d|0x00)
                  raw data (9): 02 1d 00 09 00 00 2a de 25 e8 07 c0 12 00
14:33:21:284	< BTP_GATT_CMD_GET_ATTRIBUTE_VALUE (0x02|0x1d|0x00)
                  raw data (5): 02 1d 00 05 00 00 02 00 0a 18
14:33:21:304	> BTP_GATT_CMD_GET_ATTRIBUTE_VALUE (0x02|0x1d|0x00)
                  raw data (9): 02 1d 00 09 00 00 2a de 25 e8 07 c0 13 00
14:33:21:464	< BTP_GATT_CMD_GET_ATTRIBUTE_VALUE (0x02|0x1d|0x00)
                  raw data (8): 02 1d 00 08 00 00 05 00 02 14 00 24 2a
14:33:21:494	> BTP_GATT_CMD_GET_ATTRIBUTE_VALUE (0x02|0x1d|0x00)
                  raw data (9): 02 1d 00 09 00 00 2a de 25 e8 07 c0 14 00
14:33:21:624	< BTP_GATT_CMD_GET_ATTRIBUTE_VALUE (0x02|0x1d|0x00)
                  raw data (11): 02 1d 00 0b 00 00 08 00 6d 63 78 77 37 31 36 63
14:33:21:654	> BTP_GATT_CMD_GET_ATTRIBUTE_VALUE (0x02|0x1d|0x00)
                  raw data (9): 02 1d 00 09 00 00 2a de 25 e8 07 c0 15 00
14:33:21:794	< BTP_GATT_CMD_GET_ATTRIBUTE_VALUE (0x02|0x1d|0x00)
                  raw data (8): 02 1d 00 08 00 00 05 00 02 16 00 29 2a
14:33:21:814	> BTP_GATT_CMD_GET_ATTRIBUTE_VALUE (0x02|0x1d|0x00)
                  raw data (9): 02 1d 00 09 00 00 2a de 25 e8 07 c0 16 00
14:33:21:964	< BTP_GATT_CMD_GET_ATTRIBUTE_VALUE (0x02|0x1d|0x00)
                  raw data (6): 02 1d 00 06 00 00 03 00 4e 58 50
14:33:21:994	> BTP_GATT_CMD_GET_ATTRIBUTE_VALUE (0x02|0x1d|0x00)
                  raw data (9): 02 1d 00 09 00 00 2a de 25 e8 07 c0 17 00
14:33:22:104	< BTP_GATT_CMD_GET_ATTRIBUTE_VALUE (0x02|0x1d|0x00)
                  raw data (8): 02 1d 00 08 00 00 05 00 02 18 00 50 2a
14:33:22:104	> BTP_GATT_CMD_GET_ATTRIBUTE_VALUE (0x02|0x1d|0x00)
                  raw data (9): 02 1d 00 09 00 00 2a de 25 e8 07 c0 18 00
14:33:22:224	< BTP_GATT_CMD_GET_ATTRIBUTE_VALUE (0x02|0x1d|0x00)
                  raw data (10): 02 1d 00 0a 00 00 07 00 01 00 00 00 00 01 00
14:33:22:244	> BTP_GATT_CMD_GET_ATTRIBUTE_VALUE (0x02|0x1d|0x00)
                  raw data (9): 02 1d 00 09 00 00 2a de 25 e8 07 c0 19 00
14:33:22:404	< BTP_GATT_CMD_GET_ATTRIBUTE_VALUE (0x02|0x1d|0x00)
                  raw data (8): 02 1d 00 08 00 00 05 00 02 1a 00 25 2a
14:33:22:434	> BTP_GATT_CMD_GET_ATTRIBUTE_VALUE (0x02|0x1d|0x00)
                  raw data (9): 02 1d 00 09 00 00 2a de 25 e8 07 c0 1a 00
14:33:22:584	< BTP_GATT_CMD_GET_ATTRIBUTE_VALUE (0x02|0x1d|0x00)
                  raw data (3): 02 1d 00 03 00 00 00 00
14:33:22:614	> BTP_GATT_CMD_GET_ATTRIBUTE_VALUE (0x02|0x1d|0x00)
                  raw data (9): 02 1d 00 09 00 00 2a de 25 e8 07 c0 1b 00
14:33:22:764	< BTP_GATT_CMD_GET_ATTRIBUTE_VALUE (0x02|0x1d|0x00)
                  raw data (8): 02 1d 00 08 00 00 05 00 02 1c 00 26 2a
14:33:22:794	> BTP_GATT_CMD_GET_ATTRIBUTE_VALUE (0x02|0x1d|0x00)
                  raw data (9): 02 1d 00 09 00 00 2a de 25 e8 07 c0 1c 00
14:33:22:904	< BTP_GATT_CMD_GET_ATTRIBUTE_VALUE (0x02|0x1d|0x00)
                  raw data (10): 02 1d 00 0a 00 00 07 00 30 2e 30 2e 30 2b 30
14:33:22:924	> BTP_GATT_CMD_GET_ATTRIBUTE_VALUE (0x02|0x1d|0x00)
                  raw data (9): 02 1d 00 09 00 00 2a de 25 e8 07 c0 1d 00
14:33:23:034	< BTP_GATT_CMD_GET_ATTRIBUTE_VALUE (0x02|0x1d|0x00)
                  raw data (8): 02 1d 00 08 00 00 05 00 02 1e 00 27 2a
14:33:23:034	> BTP_GATT_CMD_GET_ATTRIBUTE_VALUE (0x02|0x1d|0x00)
                  raw data (9): 02 1d 00 09 00 00 2a de 25 e8 07 c0 1e 00
14:33:23:154	< BTP_GATT_CMD_GET_ATTRIBUTE_VALUE (0x02|0x1d|0x00)
                  raw data (3): 02 1d 00 03 00 00 00 00
14:33:23:164	> BTP_GATT_CMD_GET_ATTRIBUTE_VALUE (0x02|0x1d|0x00)
                  raw data (9): 02 1d 00 09 00 00 2a de 25 e8 07 c0 1f 00
14:33:23:324	< BTP_GATT_CMD_GET_ATTRIBUTE_VALUE (0x02|0x1d|0x00)
                  raw data (8): 02 1d 00 08 00 00 05 00 02 20 00 28 2a
14:33:23:354	> BTP_GATT_CMD_GET_ATTRIBUTE_VALUE (0x02|0x1d|0x00)
                  raw data (9): 02 1d 00 09 00 00 2a de 25 e8 07 c0 20 00
14:33:23:504	< BTP_GATT_CMD_GET_ATTRIBUTE_VALUE (0x02|0x1d|0x00)
                  raw data (3): 02 1d 00 03 00 00 00 00
14:33:23:534	> BTP_GATT_CMD_GET_ATTRIBUTE_VALUE (0x02|0x1d|0x00)
                  raw data (9): 02 1d 00 09 00 00 2a de 25 e8 07 c0 21 00
14:33:23:674	< BTP_GATT_CMD_GET_ATTRIBUTE_VALUE (0x02|0x1d|0x00)
                  raw data (5): 02 1d 00 05 00 00 02 00 aa 40
14:33:23:694	> BTP_GATT_CMD_GET_ATTRIBUTE_VALUE (0x02|0x1d|0x00)
                  raw data (9): 02 1d 00 09 00 00 2a de 25 e8 07 c0 22 00
14:33:23:804	< BTP_GATT_CMD_GET_ATTRIBUTE_VALUE (0x02|0x1d|0x00)
                  raw data (8): 02 1d 00 08 00 00 05 00 0a 23 00 aa 50
14:33:23:804	> BTP_GATT_CMD_GET_ATTRIBUTE_VALUE (0x02|0x1d|0x00)
                  raw data (9): 02 1d 00 09 00 00 2a de 25 e8 07 c0 23 00
14:33:23:944	< BTP_GATT_CMD_GET_ATTRIBUTE_VALUE (0x02|0x1d|0x00)
                  raw data (11): 02 1d 00 0b 00 00 08 00 01 23 45 67 89 ab cd ef
14:33:23:944	> BTP_GATT_CMD_GET_ATTRIBUTE_VALUE (0x02|0x1d|0x00)
                  raw data (9): 02 1d 00 09 00 00 2a de 25 e8 07 c0 24 00
14:33:24:054	< BTP_GATT_CMD_GET_ATTRIBUTE_VALUE (0x02|0x1d|0x00)
                  raw data (8): 02 1d 00 08 00 00 05 00 0a 25 00 aa 51
14:33:24:074	> BTP_GATT_CMD_GET_ATTRIBUTE_VALUE (0x02|0x1d|0x00)
                  raw data (9): 02 1d 00 09 00 00 2a de 25 e8 07 c0 25 00
14:33:24:224	< BTP_GATT_CMD_GET_ATTRIBUTE_VALUE (0x02|0x1d|0x00)
                  raw data (11): 02 1d 00 0b 00 00 08 00 01 23 45 67 89 ab cd ef
14:33:24:254	> BTP_GATT_CMD_GET_ATTRIBUTE_VALUE (0x02|0x1d|0x00)
                  raw data (9): 02 1d 00 09 00 00 2a de 25 e8 07 c0 26 00
14:33:24:364	< BTP_GATT_CMD_GET_ATTRIBUTE_VALUE (0x02|0x1d|0x00)
                  raw data (8): 02 1d 00 08 00 00 05 00 0a 27 00 aa 52
14:33:24:364	> BTP_GATT_CMD_GET_ATTRIBUTE_VALUE (0x02|0x1d|0x00)
                  raw data (9): 02 1d 00 09 00 00 2a de 25 e8 07 c0 27 00
14:33:24:524	< BTP_GATT_CMD_GET_ATTRIBUTE_VALUE (0x02|0x1d|0x00)
                  raw data (11): 02 1d 00 0b 00 00 08 00 01 23 45 67 89 ab cd ef
14:33:24:554	> BTP_GATT_CMD_GET_ATTRIBUTE_VALUE (0x02|0x1d|0x00)
                  raw data (9): 02 1d 00 09 00 00 2a de 25 e8 07 c0 28 00
14:33:24:694	< BTP_GATT_CMD_GET_ATTRIBUTE_VALUE (0x02|0x1d|0x00)
                  raw data (8): 02 1d 00 08 00 00 05 00 0a 29 00 aa 53
14:33:24:714	> BTP_GATT_CMD_GET_ATTRIBUTE_VALUE (0x02|0x1d|0x00)
                  raw data (9): 02 1d 00 09 00 00 2a de 25 e8 07 c0 29 00
14:33:24:814	< BTP_GATT_CMD_GET_ATTRIBUTE_VALUE (0x02|0x1d|0x00)
                  raw data (3): 02 1d 00 03 00 08 00 00
14:33:24:814	> BTP_GATT_CMD_GET_ATTRIBUTE_VALUE (0x02|0x1d|0x00)
                  raw data (9): 02 1d 00 09 00 00 2a de 25 e8 07 c0 2a 00
14:33:24:914	< BTP_GATT_CMD_GET_ATTRIBUTE_VALUE (0x02|0x1d|0x00)
                  raw data (8): 02 1d 00 08 00 00 05 00 3a 2b 00 aa 54
14:33:24:934	> BTP_GATT_CMD_GET_ATTRIBUTE_VALUE (0x02|0x1d|0x00)
                  raw data (9): 02 1d 00 09 00 00 2a de 25 e8 07 c0 2b 00
14:33:25:044	< BTP_GATT_CMD_GET_ATTRIBUTE_VALUE (0x02|0x1d|0x00)
                  raw data (11): 02 1d 00 0b 00 00 08 00 01 23 45 67 89 ab cd ef
14:33:25:044	> BTP_GATT_CMD_GET_ATTRIBUTE_VALUE (0x02|0x1d|0x00)
                  raw data (9): 02 1d 00 09 00 00 2a de 25 e8 07 c0 2c 00
14:33:25:184	< BTP_GATT_CMD_GET_ATTRIBUTE_VALUE (0x02|0x1d|0x00)
                  raw data (5): 02 1d 00 05 00 00 02 00 00 00
14:33:25:204	> BTP_GATT_CMD_GET_ATTRIBUTE_VALUE (0x02|0x1d|0x00)
                  raw data (9): 02 1d 00 09 00 00 2a de 25 e8 07 c0 2d 00
14:33:25:354	< BTP_GATT_CMD_GET_ATTRIBUTE_VALUE (0x02|0x1d|0x00)
                  raw data (8): 02 1d 00 08 00 00 05 00 3a 2e 00 aa 55
14:33:25:364	> BTP_GATT_CMD_GET_ATTRIBUTE_VALUE (0x02|0x1d|0x00)
                  raw data (9): 02 1d 00 09 00 00 2a de 25 e8 07 c0 2e 00
14:33:25:474	< BTP_GATT_CMD_GET_ATTRIBUTE_VALUE (0x02|0x1d|0x00)
                  raw data (11): 02 1d 00 0b 00 00 08 00 01 23 45 67 89 ab cd ef
14:33:25:474	> BTP_GATT_CMD_GET_ATTRIBUTE_VALUE (0x02|0x1d|0x00)
                  raw data (9): 02 1d 00 09 00 00 2a de 25 e8 07 c0 2f 00
14:33:25:624	< BTP_GATT_CMD_GET_ATTRIBUTE_VALUE (0x02|0x1d|0x00)
                  raw data (5): 02 1d 00 05 00 00 02 00 00 00
14:33:25:654	> BTP_GATT_CMD_GET_ATTRIBUTE_VALUE (0x02|0x1d|0x00)
                  raw data (9): 02 1d 00 09 00 00 2a de 25 e8 07 c0 30 00
14:33:25:744	< BTP_GATT_CMD_GET_ATTRIBUTE_VALUE (0x02|0x1d|0x00)
                  raw data (8): 02 1d 00 08 00 00 05 00 46 31 00 aa 56
14:33:25:744	> BTP_GATT_CMD_GET_ATTRIBUTE_VALUE (0x02|0x1d|0x00)
                  raw data (9): 02 1d 00 09 00 00 2a de 25 e8 07 c0 31 00
14:33:25:874	< BTP_GATT_CMD_GET_ATTRIBUTE_VALUE (0x02|0x1d|0x00)
                  raw data (11): 02 1d 00 0b 00 00 08 00 01 23 45 67 89 ab cd ef
14:33:25:884	> BTP_GATT_CMD_GET_ATTRIBUTE_VALUE (0x02|0x1d|0x00)
                  raw data (9): 02 1d 00 09 00 00 2a de 25 e8 07 c0 32 00
14:33:26:044	< BTP_GATT_CMD_GET_ATTRIBUTE_VALUE (0x02|0x1d|0x00)
                  raw data (8): 02 1d 00 08 00 00 05 00 46 33 00 aa 57
14:33:26:074	> BTP_GATT_CMD_GET_ATTRIBUTE_VALUE (0x02|0x1d|0x00)
                  raw data (9): 02 1d 00 09 00 00 2a de 25 e8 07 c0 33 00
14:33:26:224	< BTP_GATT_CMD_GET_ATTRIBUTE_VALUE (0x02|0x1d|0x00)
                  raw data (11): 02 1d 00 0b 00 00 08 00 01 23 45 67 89 ab cd ef
14:33:26:244	> BTP_GATT_CMD_GET_ATTRIBUTE_VALUE (0x02|0x1d|0x00)
                  raw data (9): 02 1d 00 09 00 00 2a de 25 e8 07 c0 34 00
14:33:26:384	< BTP_GATT_CMD_GET_ATTRIBUTE_VALUE (0x02|0x1d|0x00)
                  raw data (8): 02 1d 00 08 00 00 05 00 8a 35 00 aa 58
14:33:26:414	> BTP_GATT_CMD_GET_ATTRIBUTE_VALUE (0x02|0x1d|0x00)
                  raw data (9): 02 1d 00 09 00 00 2a de 25 e8 07 c0 35 00
14:33:26:544	< BTP_GATT_CMD_GET_ATTRIBUTE_VALUE (0x02|0x1d|0x00)
                  raw data (11): 02 1d 00 0b 00 00 08 00 01 23 45 67 89 ab cd ef
14:33:26:554	> BTP_GATT_CMD_GET_ATTRIBUTE_VALUE (0x02|0x1d|0x00)
                  raw data (9): 02 1d 00 09 00 00 2a de 25 e8 07 c0 36 00
14:33:26:694	< BTP_GATT_CMD_GET_ATTRIBUTE_VALUE (0x02|0x1d|0x00)
                  raw data (5): 02 1d 00 05 00 00 02 00 01 00
14:33:26:724	> BTP_GATT_CMD_GET_ATTRIBUTE_VALUE (0x02|0x1d|0x00)
                  raw data (9): 02 1d 00 09 00 00 2a de 25 e8 07 c0 37 00
14:33:26:884	< BTP_GATT_CMD_GET_ATTRIBUTE_VALUE (0x02|0x1d|0x00)
                  raw data (8): 02 1d 00 08 00 00 05 00 0a 38 00 aa 59
14:33:26:884	> BTP_GATT_CMD_GET_ATTRIBUTE_VALUE (0x02|0x1d|0x00)
                  raw data (9): 02 1d 00 09 00 00 2a de 25 e8 07 c0 38 00
14:33:27:034	< BTP_GATT_CMD_GET_ATTRIBUTE_VALUE (0x02|0x1d|0x00)
                  raw data (11): 02 1d 00 0b 00 00 08 00 01 23 45 67 89 ab cd ef
14:33:27:044	> BTP_GATT_CMD_GET_ATTRIBUTE_VALUE (0x02|0x1d|0x00)
                  raw data (9): 02 1d 00 09 00 00 2a de 25 e8 07 c0 39 00
14:33:27:174	< BTP_GATT_CMD_GET_ATTRIBUTE_VALUE (0x02|0x1d|0x00)
                  raw data (8): 02 1d 00 08 00 00 05 00 0a 3a 00 aa 5a
14:33:27:204	> BTP_GATT_CMD_GET_ATTRIBUTE_VALUE (0x02|0x1d|0x00)
                  raw data (9): 02 1d 00 09 00 00 2a de 25 e8 07 c0 3a 00
14:33:27:324	< BTP_GATT_CMD_GET_ATTRIBUTE_VALUE (0x02|0x1d|0x00)
                  raw data (11): 02 1d 00 0b 00 00 08 00 01 23 45 67 89 ab cd ef
14:33:27:344	> BTP_GATT_CMD_GET_ATTRIBUTE_VALUE (0x02|0x1d|0x00)
                  raw data (9): 02 1d 00 09 00 00 2a de 25 e8 07 c0 3b 00
14:33:27:504	< BTP_GATT_CMD_GET_ATTRIBUTE_VALUE (0x02|0x1d|0x00)
                  raw data (22): 
                  02 1d 00 16 00 00 13 00 0a 3c 00 f0 00 bb 50 04 
                  51 40 00 b1 23 45 67 89 ab cd ef
14:33:27:534	> BTP_GATT_CMD_GET_ATTRIBUTE_VALUE (0x02|0x1d|0x00)
                  raw data (9): 02 1d 00 09 00 00 2a de 25 e8 07 c0 3c 00
14:33:27:684	< BTP_GATT_CMD_GET_ATTRIBUTE_VALUE (0x02|0x1d|0x00)
                  raw data (11): 02 1d 00 0b 00 00 08 00 01 23 45 67 89 ab cd ef
14:33:27:714	> BTP_GATT_CMD_GET_ATTRIBUTE_VALUE (0x02|0x1d|0x00)
                  raw data (9): 02 1d 00 09 00 00 2a de 25 e8 07 c0 3d 00
14:33:27:864	< BTP_GATT_CMD_GET_ATTRIBUTE_VALUE (0x02|0x1d|0x00)
                  raw data (5): 02 1d 00 05 00 00 02 00 aa 41
14:33:27:894	> BTP_GATT_CMD_GET_ATTRIBUTE_VALUE (0x02|0x1d|0x00)
                  raw data (9): 02 1d 00 09 00 00 2a de 25 e8 07 c0 3e 00
14:33:28:044	< BTP_GATT_CMD_GET_ATTRIBUTE_VALUE (0x02|0x1d|0x00)
                  raw data (9): 02 1d 00 09 00 00 06 00 21 00 3c 00 aa 40
14:33:28:074	> BTP_GATT_CMD_GET_ATTRIBUTE_VALUE (0x02|0x1d|0x00)
                  raw data (9): 02 1d 00 09 00 00 2a de 25 e8 07 c0 3f 00
14:33:28:214	< BTP_GATT_CMD_GET_ATTRIBUTE_VALUE (0x02|0x1d|0x00)
                  raw data (8): 02 1d 00 08 00 00 05 00 0a 40 00 aa 50
14:33:28:214	> BTP_GATT_CMD_GET_ATTRIBUTE_VALUE (0x02|0x1d|0x00)
                  raw data (9): 02 1d 00 09 00 00 2a de 25 e8 07 c0 40 00
14:33:28:334	< BTP_GATT_CMD_GET_ATTRIBUTE_VALUE (0x02|0x1d|0x00)
                  raw data (35): 
                  02 1d 00 23 00 00 20 00 01 23 45 67 89 ab cd ef 
                  01 23 45 67 89 ab cd ef 01 23 45 67 89 ab cd ef 
                  01 23 45 67 89 ab cd ef
14:33:28:334	> BTP_GATT_CMD_GET_ATTRIBUTE_VALUE (0x02|0x1d|0x00)
                  raw data (9): 02 1d 00 09 00 00 2a de 25 e8 07 c0 41 00
14:33:28:484	< BTP_GATT_CMD_GET_ATTRIBUTE_VALUE (0x02|0x1d|0x00)
                  raw data (8): 02 1d 00 08 00 00 05 00 0a 42 00 aa 51
14:33:28:504	> BTP_GATT_CMD_GET_ATTRIBUTE_VALUE (0x02|0x1d|0x00)
                  raw data (9): 02 1d 00 09 00 00 2a de 25 e8 07 c0 42 00
14:33:28:624	< BTP_GATT_CMD_GET_ATTRIBUTE_VALUE (0x02|0x1d|0x00)
                  raw data (35): 
                  02 1d 00 23 00 00 20 00 fe dc ba 98 76 54 32 10 
                  fe dc ba 98 76 54 32 10 fe dc ba 98 76 54 32 10 
                  fe dc ba 98 76 54 32 10
14:33:28:624	> BTP_GATT_CMD_GET_ATTRIBUTE_VALUE (0x02|0x1d|0x00)
                  raw data (9): 02 1d 00 09 00 00 2a de 25 e8 07 c0 43 00
14:33:28:784	< BTP_GATT_CMD_GET_ATTRIBUTE_VALUE (0x02|0x1d|0x00)
                  raw data (8): 02 1d 00 08 00 00 05 00 0a 44 00 aa 52
14:33:28:814	> BTP_GATT_CMD_GET_ATTRIBUTE_VALUE (0x02|0x1d|0x00)
                  raw data (9): 02 1d 00 09 00 00 2a de 25 e8 07 c0 44 00
14:33:28:964	< BTP_GATT_CMD_GET_ATTRIBUTE_VALUE (0x02|0x1d|0x00)
                  raw data (59): 
                  02 1d 00 3b 00 00 38 00 fe dc ba 98 76 54 32 10 
                  fe dc ba 98 76 54 32 10 fe dc ba 98 76 54 32 10 
                  fe dc ba 98 76 54 32 10 fe dc ba 98 76 54 32 10 
                  fe dc ba 98 76 54 32 10 fe dc ba 98 76 54 32 10
14:33:28:974	> BTP_GATT_CMD_GET_ATTRIBUTE_VALUE (0x02|0x1d|0x00)
                  raw data (9): 02 1d 00 09 00 00 2a de 25 e8 07 c0 45 00
14:33:29:074	< BTP_GATT_CMD_GET_ATTRIBUTE_VALUE (0x02|0x1d|0x00)
                  raw data (8): 02 1d 00 08 00 00 05 00 02 46 00 aa 53
14:33:29:074	> BTP_GATT_CMD_GET_ATTRIBUTE_VALUE (0x02|0x1d|0x00)
                  raw data (9): 02 1d 00 09 00 00 2a de 25 e8 07 c0 46 00
14:33:29:204	< BTP_GATT_CMD_GET_ATTRIBUTE_VALUE (0x02|0x1d|0x00)
                  raw data (83): 
                  02 1d 00 53 00 00 50 00 01 23 45 67 89 ab cd ef 
                  01 23 45 67 89 ab cd ef 01 23 45 67 89 ab cd ef 
                  01 23 45 67 89 ab cd ef 01 23 45 67 89 ab cd ef 
                  01 23 45 67 89 ab cd ef 01 23 45 67 89 ab cd ef 
                  01 23 45 67 89 ab cd ef 01 23 45 67 89 ab cd ef 
                  01 23 45 67 89 ab cd ef
14:33:29:234	> BTP_GATT_CMD_GET_ATTRIBUTE_VALUE (0x02|0x1d|0x00)
                  raw data (9): 02 1d 00 09 00 00 2a de 25 e8 07 c0 47 00
14:33:29:364	< BTP_GATT_CMD_GET_ATTRIBUTE_VALUE (0x02|0x1d|0x00)
                  raw data (67): 
                  02 1d 00 43 00 00 40 00 01 01 01 01 01 01 01 01 
                  01 01 01 01 01 01 01 01 01 01 01 01 01 01 01 01 
                  01 01 01 01 01 01 01 01 01 01 01 01 01 01 01 01 
                  01 01 01 01 01 01 01 01 01 01 01 01 01 01 01 01 
                  01 01 01 01 01 01 01 01
14:33:29:384	> BTP_GATT_CMD_GET_ATTRIBUTE_VALUE (0x02|0x1d|0x00)
                  raw data (9): 02 1d 00 09 00 00 2a de 25 e8 07 c0 48 00
14:33:29:544	< BTP_GATT_CMD_GET_ATTRIBUTE_VALUE (0x02|0x1d|0x00)
                  raw data (8): 02 1d 00 08 00 00 05 00 0a 49 00 aa 55
14:33:29:574	> BTP_GATT_CMD_GET_ATTRIBUTE_VALUE (0x02|0x1d|0x00)
                  raw data (9): 02 1d 00 09 00 00 2a de 25 e8 07 c0 49 00
14:33:29:714	< BTP_GATT_CMD_GET_ATTRIBUTE_VALUE (0x02|0x1d|0x00)
                  raw data (83): 
                  02 1d 00 53 00 00 50 00 01 23 45 67 89 ab cd ef 
                  01 23 45 67 89 ab cd ef 01 23 45 67 89 ab cd ef 
                  01 23 45 67 89 ab cd ef 01 23 45 67 89 ab cd ef 
                  01 23 45 67 89 ab cd ef 01 23 45 67 89 ab cd ef 
                  01 23 45 67 89 ab cd ef 01 23 45 67 89 ab cd ef 
                  01 23 45 67 89 ab cd ef
14:33:29:744	> BTP_GATT_CMD_GET_ATTRIBUTE_VALUE (0x02|0x1d|0x00)
                  raw data (9): 02 1d 00 09 00 00 2a de 25 e8 07 c0 4a 00
14:33:29:844	< BTP_GATT_CMD_GET_ATTRIBUTE_VALUE (0x02|0x1d|0x00)
                  raw data (8): 02 1d 00 08 00 00 05 00 0a 4b 00 aa 56
14:33:29:844	> BTP_GATT_CMD_GET_ATTRIBUTE_VALUE (0x02|0x1d|0x00)
                  raw data (9): 02 1d 00 09 00 00 2a de 25 e8 07 c0 4b 00
14:33:29:984	< BTP_GATT_CMD_GET_ATTRIBUTE_VALUE (0x02|0x1d|0x00)
                  raw data (515): 
                  02 1d 00 03 02 00 00 02 02 02 02 02 02 02 02 02 
                  02 02 02 02 02 02 02 02 02 02 02 02 02 02 02 02 
                  02 02 02 02 02 02 02 02 02 02 02 02 02 02 02 02 
                  02 02 02 02 02 02 02 02 02 02 02 02 02 02 02 02 
                  02 02 02 02 02 02 02 02 02 02 02 02 02 02 02 02 
                  02 02 02 02 02 02 02 02 02 02 02 02 02 02 02 02 
                  02 02 02 02 02 02 02 02 02 02 02 02 02 02 02 02 
                  02 02 02 02 02 02 02 02 02 02 02 02 02 02 02 02 
                  02 02 02 02 02 02 02 02 02 02 02 02 02 02 02 02 
                  02 02 02 02 02 02 02 02 02 02 02 02 02 02 02 02 
                  02 02 02 02 02 02 02 02 02 02 02 02 02 02 02 02 
                  02 02 02 02 02 02 02 02 02 02 02 02 02 02 02 02 
                  02 02 02 02 02 02 02 02 02 02 02 02 02 02 02 02 
                  02 02 02 02 02 02 02 02 02 02 02 02 02 02 02 02 
                  02 02 02 02 02 02 02 02 02 02 02 02 02 02 02 02 
                  02 02 02 02 02 02 02 02 02 02 02 02 02 02 02 02 
                  02 02 02 02 02 02 02 02 02 02 02 02 02 02 02 02 
                  02 02 02 02 02 02 02 02 02 02 02 02 02 02 02 02 
                  02 02 02 02 02 02 02 02 02 02 02 02 02 02 02 02 
                  02 02 02 02 02 02 02 02 02 02 02 02 02 02 02 02 
                  02 02 02 02 02 02 02 02 02 02 02 02 02 02 02 02 
                  02 02 02 02 02 02 02 02 02 02 02 02 02 02 02 02 
                  02 02 02 02 02 02 02 02 02 02 02 02 02 02 02 02 
                  02 02 02 02 02 02 02 02 02 02 02 02 02 02 02 02 
                  02 02 02 02 02 02 02 02 02 02 02 02 02 02 02 02 
                  02 02 02 02 02 02 02 02 02 02 02 02 02 02 02 02 
                  02 02 02 02 02 02 02 02 02 02 02 02 02 02 02 02 
                  02 02 02 02 02 02 02 02 02 02 02 02 02 02 02 02 
                  02 02 02 02 02 02 02 02 02 02 02 02 02 02 02 02 
                  02 02 02 02 02 02 02 02 02 02 02 02 02 02 02 02 
                  02 02 02 02 02 02 02 02 02 02 02 02 02 02 02 02 
                  02 02 02 02 02 02 02 02 02 02 02 02 02 02 02 02 
                  02 02 02 02 02 02 02 02
14:33:31:354	< BTP_GAP_EV_DEVICE_DISCONNECTED (0x01|0x83|0x00)
                  raw data (7): 01 83 00 07 00 00 2a de 25 e8 07 c0
14:33:37:151	< BTP_CORE_EV_IUT_READY (0x00|0x80|0xff)
                  raw data (0): 00 80 ff 00 00
