2025-01-09 15:58:04,603 LT1-thread root DEBUG client.py                 71    logger_log                : Starting TestCase _run_test_case GAP GAP/PADV/PASE/BV-04-C
2025-01-09 15:58:04,604 LT1-thread root DEBUG client.py                 71    logger_log                : pre_run GAP GAP/PADV/PASE/BV-04-C
2025-01-09 15:58:04,605 LT1-thread root DEBUG client.py                 71    logger_log                : About to run test case GAP GAP/PADV/PASE/BV-04-C with commands:
2025-01-09 15:58:04,606 LT1-thread root DEBUG client.py                 71    logger_log                : 0) class=<class 'autopts.ptsprojects.testcase.TestFunc'>, func=<bound method Stack.core_init of <autopts.ptsprojects.stack.stack.Stack object at 0x00000255FBD5BB10>> start_wid=None stop_wid=None post_wid=None skip_call=None call_count=2 args=() kwds={}
2025-01-09 15:58:04,607 LT1-callback ClientCallback.log INFO client.py                 71    logger_log                : PTS_LOGTYPE_END_TEST Test Case Ended 

+33391 ms
 GAP/PADV/PASE/BV-04-C GAP/PADV/PASE/BV-04-C

2025-01-09 15:58:04,608 LT1-thread root DEBUG client.py                 71    logger_log                : 1) class=<class 'autopts.ptsprojects.testcase.TestFunc'>, func=<bound method ZephyrCtl.hw_reset of <autopts.ptsprojects.zephyr.iutctl.ZephyrCtl object at 0x00000255F8D734D0>> start_wid=None stop_wid=None post_wid=None skip_call=None call_count=2 args=() kwds={}
2025-01-09 15:58:04,608 LT1-thread root DEBUG client.py                 71    logger_log                : 2) class=<class 'autopts.ptsprojects.testcase.TestFunc'>, func=<bound method ZephyrCtl.start of <autopts.ptsprojects.zephyr.iutctl.ZephyrCtl object at 0x00000255F8D734D0>> start_wid=None stop_wid=None post_wid=None skip_call=None call_count=2 args=(<autopts.ptsprojects.zephyr.ztestcase.ZTestCase object at 0x00000255FCAD9C50>,) kwds={}
2025-01-09 15:58:04,608 LT1-thread root DEBUG client.py                 71    logger_log                : 3) class=<class 'autopts.ptsprojects.testcase.TestFunc'>, func=<bound method ZephyrCtl.hw_reset of <autopts.ptsprojects.zephyr.iutctl.ZephyrCtl object at 0x00000255F8D734D0>> start_wid=None stop_wid=None post_wid=None skip_call=None call_count=2 args=() kwds={}
2025-01-09 15:58:04,609 LT1-thread root DEBUG client.py                 71    logger_log                : 4) class=<class 'autopts.ptsprojects.testcase.TestFunc'>, func=<bound method ZephyrCtl.wait_iut_ready_event of <autopts.ptsprojects.zephyr.iutctl.ZephyrCtl object at 0x00000255F8D734D0>> start_wid=None stop_wid=None post_wid=None skip_call=None call_count=2 args=(False,) kwds={}
2025-01-09 15:58:04,609 LT1-thread root DEBUG client.py                 71    logger_log                : 5) class=<class 'autopts.ptsprojects.testcase.TestFunc'>, func=<function core_reg_svc_gap at 0x00000255F8144540> start_wid=None stop_wid=None post_wid=None skip_call=None call_count=120 args=() kwds={}
2025-01-09 15:58:04,610 LT1-thread root DEBUG client.py                 71    logger_log                : 6) class=<class 'autopts.ptsprojects.testcase.TestFunc'>, func=<bound method Stack.gap_init of <autopts.ptsprojects.stack.stack.Stack object at 0x00000255FBD5BB10>> start_wid=None stop_wid=None post_wid=None skip_call=None call_count=120 args=(b'Tester_59F2E6', 'ABCD', '1111', '1111', '11', '1111', b'\x17github.com/auto-pts', (8, 'PADV_Tester'), 'FF') kwds={}
2025-01-09 15:58:04,610 LT1-thread root DEBUG client.py                 71    logger_log                : 7) class=<class 'autopts.ptsprojects.testcase.TestFunc'>, func=<function gap_read_ctrl_info at 0x00000255F8154400> start_wid=None stop_wid=None post_wid=None skip_call=None call_count=120 args=() kwds={}
2025-01-09 15:58:04,610 LT1-thread root DEBUG client.py                 71    logger_log                : 8) class=<class 'autopts.ptsprojects.testcase.TestFunc'>, func=<function test_cases.<locals>.<lambda> at 0x00000255FC9EC4A0> start_wid=None stop_wid=None post_wid=None skip_call=None call_count=120 args=() kwds={}
2025-01-09 15:58:04,611 LT1-thread root DEBUG client.py                 71    logger_log                : 9) class=<class 'autopts.ptsprojects.testcase.TestFunc'>, func=<function test_cases.<locals>.<lambda> at 0x00000255FC9EC540> start_wid=None stop_wid=None post_wid=None skip_call=None call_count=118 args=() kwds={}
2025-01-09 15:58:04,611 LT1-thread root DEBUG client.py                 71    logger_log                : 10) class=<class 'autopts.ptsprojects.testcase.TestFunc'>, func=<function test_cases.<locals>.<lambda> at 0x00000255FC9EC5E0> start_wid=None stop_wid=None post_wid=None skip_call=None call_count=118 args=() kwds={}
2025-01-09 15:58:04,612 LT1-thread root DEBUG client.py                 71    logger_log                : 11) class=<class 'autopts.ptsprojects.testcase.TestFunc'>, func=<function test_cases.<locals>.<lambda> at 0x00000255FC9EC680> start_wid=None stop_wid=None post_wid=None skip_call=None call_count=118 args=() kwds={}
2025-01-09 15:58:04,612 LT1-thread root DEBUG client.py                 71    logger_log                : 12) class=<class 'autopts.ptsprojects.testcase.TestFunc'>, func=<function test_cases.<locals>.<lambda> at 0x00000255FC9EC720> start_wid=None stop_wid=None post_wid=None skip_call=None call_count=118 args=() kwds={}
2025-01-09 15:58:04,612 LT1-thread root DEBUG client.py                 71    logger_log                : 13) class=<class 'autopts.ptsprojects.testcase.TestFunc'>, func=<function test_cases.<locals>.<lambda> at 0x00000255FC9EC7C0> start_wid=None stop_wid=None post_wid=None skip_call=None call_count=118 args=() kwds={}
2025-01-09 15:58:04,612 LT1-thread root DEBUG client.py                 71    logger_log                : 14) class=<class 'autopts.ptsprojects.testcase.TestFunc'>, func=<function test_cases.<locals>.<lambda> at 0x00000255FC9EC860> start_wid=None stop_wid=None post_wid=None skip_call=None call_count=118 args=() kwds={}
2025-01-09 15:58:04,612 LT1-thread root DEBUG client.py                 71    logger_log                : 15) class=<class 'autopts.ptsprojects.testcase.TestFunc'>, func=<function test_cases.<locals>.<lambda> at 0x00000255FC9EC900> start_wid=None stop_wid=None post_wid=None skip_call=None call_count=118 args=() kwds={}
2025-01-09 15:58:04,613 LT1-thread root DEBUG client.py                 71    logger_log                : 16) class=<class 'autopts.ptsprojects.testcase.TestFunc'>, func=<function test_cases.<locals>.<lambda> at 0x00000255FC9EC9A0> start_wid=None stop_wid=None post_wid=None skip_call=None call_count=118 args=() kwds={}
2025-01-09 15:58:04,613 LT1-thread root DEBUG client.py                 71    logger_log                : 17) class=<class 'autopts.ptsprojects.testcase.TestFunc'>, func=<function test_cases.<locals>.<lambda> at 0x00000255FC9ECA40> start_wid=None stop_wid=None post_wid=None skip_call=None call_count=118 args=() kwds={}
2025-01-09 15:58:04,613 LT1-thread root DEBUG client.py                 71    logger_log                : 18) class=<class 'autopts.ptsprojects.testcase.TestFunc'>, func=<function test_cases.<locals>.<lambda> at 0x00000255FC9ECAE0> start_wid=None stop_wid=None post_wid=None skip_call=None call_count=118 args=() kwds={}
2025-01-09 15:58:04,614 LT1-thread root DEBUG client.py                 71    logger_log                : 19) class=<class 'autopts.ptsprojects.testcase.TestFunc'>, func=<function test_cases.<locals>.<lambda> at 0x00000255FC9ECB80> start_wid=None stop_wid=None post_wid=None skip_call=None call_count=118 args=() kwds={}
2025-01-09 15:58:04,614 LT1-thread root DEBUG client.py                 71    logger_log                : 20) class=<class 'autopts.ptsprojects.testcase.TestFunc'>, func=<function core_reg_svc_gatt at 0x00000255F8144680> start_wid=None stop_wid=None post_wid=None skip_call=None call_count=118 args=() kwds={}
2025-01-09 15:58:04,614 LT1-thread root DEBUG client.py                 71    logger_log                : 21) class=<class 'autopts.ptsprojects.testcase.TestFunc'>, func=<bound method Stack.gatt_init of <autopts.ptsprojects.stack.stack.Stack object at 0x00000255FBD5BB10>> start_wid=None stop_wid=None post_wid=None skip_call=None call_count=118 args=() kwds={}
2025-01-09 15:58:04,614 LT1-thread root DEBUG client.py                 71    logger_log                : 22) class=<class 'autopts.ptsprojects.testcase.TestFunc'>, func=<function gap_set_io_cap at 0x00000255F8147920> start_wid=None stop_wid=None post_wid=None skip_call=None call_count=118 args=(4,) kwds={}
2025-01-09 15:58:04,614 LT1-thread root DEBUG client.py                 71    logger_log                : 23) class=<class 'autopts.ptsprojects.testcase.TestFunc'>, func=<function set_pts_addr at 0x00000255F81440E0> start_wid=None stop_wid=None post_wid=None skip_call=None call_count=118 args=('C0:07:E8:59:F2:E6', 0) kwds={}
2025-01-09 15:58:04,615 LT1-thread root DEBUG client.py                 71    logger_log                : 24) class=<class 'autopts.ptsprojects.testcase.TestFunc'>, func=<function gatts_add_svc at 0x00000255F8155DA0> start_wid=None stop_wid=None post_wid=None skip_call=None call_count=117 args=(0, 'AA51') kwds={}
2025-01-09 15:58:04,615 LT1-thread root DEBUG client.py                 71    logger_log                : 25) class=<class 'autopts.ptsprojects.testcase.TestFunc'>, func=<function gatts_add_char at 0x00000255F8155EE0> start_wid=None stop_wid=None post_wid=None skip_call=None call_count=117 args=(0, 2, 17, 'AA52') kwds={}
2025-01-09 15:58:04,616 LT1-thread root DEBUG client.py                 71    logger_log                : 26) class=<class 'autopts.ptsprojects.testcase.TestFunc'>, func=<function gatts_set_val at 0x00000255F8155F80> start_wid=None stop_wid=None post_wid=None skip_call=None call_count=117 args=(0, '01') kwds={}
2025-01-09 15:58:04,616 LT1-thread root DEBUG client.py                 71    logger_log                : 27) class=<class 'autopts.ptsprojects.testcase.TestFunc'>, func=<function gatts_add_char at 0x00000255F8155EE0> start_wid=None stop_wid=None post_wid=None skip_call=None call_count=117 args=(0, 2, 5, 'AA53') kwds={}
2025-01-09 15:58:04,616 LT1-thread root DEBUG client.py                 71    logger_log                : 28) class=<class 'autopts.ptsprojects.testcase.TestFunc'>, func=<function gatts_set_val at 0x00000255F8155F80> start_wid=None stop_wid=None post_wid=None skip_call=None call_count=117 args=(0, '02') kwds={}
2025-01-09 15:58:04,616 LT1-thread root DEBUG client.py                 71    logger_log                : 29) class=<class 'autopts.ptsprojects.testcase.TestFunc'>, func=<function gatts_add_char at 0x00000255F8155EE0> start_wid=None stop_wid=None post_wid=None skip_call=None call_count=117 args=(0, 66, 3, 'AA54') kwds={}
2025-01-09 15:58:04,616 LT1-thread root DEBUG client.py                 71    logger_log                : 30) class=<class 'autopts.ptsprojects.testcase.TestFunc'>, func=<function gatts_set_val at 0x00000255F8155F80> start_wid=None stop_wid=None post_wid=None skip_call=None call_count=117 args=(0, '03') kwds={}
2025-01-09 15:58:04,617 LT1-thread root DEBUG client.py                 71    logger_log                : 31) class=<class 'autopts.ptsprojects.testcase.TestFunc'>, func=<function gatts_add_char at 0x00000255F8155EE0> start_wid=None stop_wid=None post_wid=None skip_call=None call_count=117 args=(0, 10, 48, 'AA55') kwds={}
2025-01-09 15:58:04,617 LT1-thread root DEBUG client.py                 71    logger_log                : 32) class=<class 'autopts.ptsprojects.testcase.TestFunc'>, func=<function gatts_set_val at 0x00000255F8155F80> start_wid=None stop_wid=None post_wid=None skip_call=None call_count=117 args=(0, '04') kwds={}
2025-01-09 15:58:04,618 LT1-thread root DEBUG client.py                 71    logger_log                : 33) class=<class 'autopts.ptsprojects.testcase.TestFunc'>, func=<function gatts_start_server at 0x00000255F8156200> start_wid=None stop_wid=None post_wid=None skip_call=None call_count=117 args=() kwds={}
2025-01-09 15:58:04,618 LT1-thread root DEBUG client.py                 71    logger_log                : 34) class=<class 'autopts.ptsprojects.testcase.TestFuncCleanUp'>, func=<bound method Stack.cleanup of <autopts.ptsprojects.stack.stack.Stack object at 0x00000255FBD5BB10>> start_wid=None stop_wid=None post_wid=None skip_call=None call_count=2 args=() kwds={}
2025-01-09 15:58:04,618 LT1-thread root DEBUG client.py                 71    logger_log                : 35) class=<class 'autopts.ptsprojects.testcase.TestFuncCleanUp'>, func=<bound method ZephyrCtl.stop of <autopts.ptsprojects.zephyr.iutctl.ZephyrCtl object at 0x00000255F8D734D0>> start_wid=None stop_wid=None post_wid=None skip_call=None call_count=2 args=() kwds={}
2025-01-09 15:58:04,619 LT1-thread root DEBUG client.py                 71    logger_log                : pre_run, run pre test case script
2025-01-09 15:58:04,646 LT1-thread root DEBUG client.py                 71    logger_log                : Starting test function: class=<class 'autopts.ptsprojects.testcase.TestFunc'>, func=<bound method Stack.core_init of <autopts.ptsprojects.stack.stack.Stack object at 0x00000255FBD5BB10>> start_wid=None stop_wid=None post_wid=None skip_call=None call_count=3 args=() kwds={}
2025-01-09 15:58:04,646 LT1-thread root DEBUG client.py                 71    logger_log                : Test function parameters: args=(), kwds={}
2025-01-09 15:58:04,646 LT1-thread root DEBUG client.py                 71    logger_log                : Starting test function: class=<class 'autopts.ptsprojects.testcase.TestFunc'>, func=<bound method ZephyrCtl.hw_reset of <autopts.ptsprojects.zephyr.iutctl.ZephyrCtl object at 0x00000255F8D734D0>> start_wid=None stop_wid=None post_wid=None skip_call=None call_count=3 args=() kwds={}
2025-01-09 15:58:04,646 LT1-thread root DEBUG client.py                 71    logger_log                : Test function parameters: args=(), kwds={}
2025-01-09 15:58:04,647 LT1-thread root DEBUG client.py                 71    logger_log                : Starting test function: class=<class 'autopts.ptsprojects.testcase.TestFunc'>, func=<bound method ZephyrCtl.start of <autopts.ptsprojects.zephyr.iutctl.ZephyrCtl object at 0x00000255F8D734D0>> start_wid=None stop_wid=None post_wid=None skip_call=None call_count=3 args=(<autopts.ptsprojects.zephyr.ztestcase.ZTestCase object at 0x00000255FCAD9C50>,) kwds={}
2025-01-09 15:58:04,647 LT1-thread root DEBUG client.py                 71    logger_log                : Test function parameters: args=(<autopts.ptsprojects.zephyr.ztestcase.ZTestCase object at 0x00000255FCAD9C50>,), kwds={}
2025-01-09 15:58:04,647 LT1-thread root DEBUG client.py                 71    logger_log                : <class 'autopts.ptsprojects.zephyr.iutctl.ZephyrCtl'>.start
2025-01-09 15:58:04,647 LT1-thread root DEBUG client.py                 71    logger_log                : <class 'autopts.ptsprojects.zephyr.iutctl.ZephyrCtl'>.flush_serial
2025-01-09 15:58:05,270 LT1-callback root DEBUG client.py                 71    logger_log                : ClientCallback, set_result, run_test_case, INCONC
2025-01-09 15:58:06,031 LT1-thread root DEBUG client.py                 71    logger_log                : Starting socat process: socat.exe -x -v tcp:10.192.253.135:50872,retry=100,interval=1 /dev/ttyS34,raw,b115200
2025-01-09 15:58:06,057 LT1-thread root DEBUG client.py                 71    logger_log                : accept
2025-01-09 15:58:06,262 BTPWorkerThread-2881 (_rx_task) root DEBUG client.py                 71    logger_log                : BTPWorkerThread-2881 (_rx_task) started
2025-01-09 15:58:06,262 LT1-thread root DEBUG client.py                 71    logger_log                : Starting test function: class=<class 'autopts.ptsprojects.testcase.TestFunc'>, func=<bound method ZephyrCtl.hw_reset of <autopts.ptsprojects.zephyr.iutctl.ZephyrCtl object at 0x00000255F8D734D0>> start_wid=None stop_wid=None post_wid=None skip_call=None call_count=3 args=() kwds={}
2025-01-09 15:58:06,262 LT1-thread root DEBUG client.py                 71    logger_log                : Test function parameters: args=(), kwds={}
2025-01-09 15:58:06,263 LT1-thread root DEBUG client.py                 71    logger_log                : Starting test function: class=<class 'autopts.ptsprojects.testcase.TestFunc'>, func=<bound method ZephyrCtl.wait_iut_ready_event of <autopts.ptsprojects.zephyr.iutctl.ZephyrCtl object at 0x00000255F8D734D0>> start_wid=None stop_wid=None post_wid=None skip_call=None call_count=3 args=(False,) kwds={}
2025-01-09 15:58:06,263 LT1-thread root DEBUG client.py                 71    logger_log                : Test function parameters: args=(False,), kwds={}
2025-01-09 15:58:06,265 LT1-thread root DEBUG client.py                 71    logger_log                : IUT ready event received OK
2025-01-09 15:58:06,265 LT1-thread root DEBUG client.py                 71    logger_log                : <class 'autopts.rtt.RTTLogger'>.start
2025-01-09 15:58:06,267 LT1-thread root DEBUG client.py                 71    logger_log                : <class 'autopts.rtt.RTT'>.start
2025-01-09 15:58:07,661 BTPWorkerThread-2881 (_rx_task) root DEBUG client.py                 71    logger_log                : Read 5 bytes
2025-01-09 15:58:07,661 BTPWorkerThread-2881 (_rx_task) root DEBUG client.py                 71    logger_log                : Received: hdr: Header(svc_id=0x00, op=0x80, ctrl_index=0xff, data_len=0x00) bytearray(b'\x00\x80\xff\x00\x00')
2025-01-09 15:58:07,661 BTPWorkerThread-2881 (_rx_task) root DEBUG client.py                 71    logger_log                : Received data: {''}, bytearray(b'')
2025-01-09 15:58:07,661 BTPWorkerThread-2881 (_rx_task) root DEBUG client.py                 71    logger_log                : event_handler Header(svc_id=0, op=128, ctrl_index=255, data_len=0) (b'',)
2025-01-09 15:58:07,661 BTPWorkerThread-2881 (_rx_task) root DEBUG client.py                 71    logger_log                : core_iut_ready_ev
2025-01-09 15:58:17,350 LT1-thread root DEBUG client.py                 71    logger_log                : Starting test function: class=<class 'autopts.ptsprojects.testcase.TestFunc'>, func=<function core_reg_svc_gap at 0x00000255F8144540> start_wid=None stop_wid=None post_wid=None skip_call=None call_count=121 args=() kwds={}
2025-01-09 15:58:17,351 LT1-thread root DEBUG client.py                 71    logger_log                : Test function parameters: args=(), kwds={}
2025-01-09 15:58:17,351 LT1-thread root DEBUG client.py                 71    logger_log                : core_reg_svc_gap
2025-01-09 15:58:17,351 LT1-thread root DEBUG client.py                 71    logger_log                : send, 0 3 255 '1'
2025-01-09 15:58:17,351 LT1-thread root DEBUG client.py                 71    logger_log                : sending frame '0003ff010001'
2025-01-09 15:58:17,351 LT1-thread root DEBUG client.py                 71    logger_log                : core_reg_svc_rsp_succ
2025-01-09 15:58:17,351 LT1-thread root DEBUG client.py                 71    logger_log                : read
2025-01-09 15:58:17,453 BTPWorkerThread-2881 (_rx_task) root DEBUG client.py                 71    logger_log                : Read 5 bytes
2025-01-09 15:58:17,459 BTPWorkerThread-2881 (_rx_task) root DEBUG client.py                 71    logger_log                : Received: hdr: Header(svc_id=0x00, op=0x03, ctrl_index=0xff, data_len=0x00) bytearray(b'\x00\x03\xff\x00\x00')
2025-01-09 15:58:17,469 BTPWorkerThread-2881 (_rx_task) root DEBUG client.py                 71    logger_log                : Received data: {''}, bytearray(b'')
2025-01-09 15:58:17,480 LT1-thread root DEBUG client.py                 71    logger_log                : received Header(svc_id=0, op=3, ctrl_index=255, data_len=0) (b'',)
2025-01-09 15:58:17,480 LT1-thread root DEBUG client.py                 71    logger_log                : expected ((0, 3, 255, 0), (b'',))
2025-01-09 15:58:17,480 LT1-thread root DEBUG client.py                 71    logger_log                : response is valid
2025-01-09 15:58:17,480 LT1-thread root DEBUG client.py                 71    logger_log                : Starting test function: class=<class 'autopts.ptsprojects.testcase.TestFunc'>, func=<bound method Stack.gap_init of <autopts.ptsprojects.stack.stack.Stack object at 0x00000255FBD5BB10>> start_wid=None stop_wid=None post_wid=None skip_call=None call_count=121 args=(b'Tester_59F2E6', 'ABCD', '1111', '1111', '11', '1111', b'\x17github.com/auto-pts', (8, 'PADV_Tester'), 'FF') kwds={}
2025-01-09 15:58:17,480 LT1-thread root DEBUG client.py                 71    logger_log                : Test function parameters: args=(b'Tester_59F2E6', 'ABCD', '1111', '1111', '11', '1111', b'\x17github.com/auto-pts', (8, 'PADV_Tester'), 'FF'), kwds={}
2025-01-09 15:58:17,481 LT1-thread root DEBUG client.py                 71    logger_log                : Starting test function: class=<class 'autopts.ptsprojects.testcase.TestFunc'>, func=<function gap_read_ctrl_info at 0x00000255F8154400> start_wid=None stop_wid=None post_wid=None skip_call=None call_count=121 args=() kwds={}
2025-01-09 15:58:17,481 LT1-thread root DEBUG client.py                 71    logger_log                : Test function parameters: args=(), kwds={}
2025-01-09 15:58:17,481 LT1-thread root DEBUG client.py                 71    logger_log                : gap_read_ctrl_info
2025-01-09 15:58:17,482 LT1-thread root DEBUG client.py                 71    logger_log                : send, 1 3 0 ''
2025-01-09 15:58:17,482 LT1-thread root DEBUG client.py                 71    logger_log                : sending frame '0103000000'
2025-01-09 15:58:17,482 LT1-thread root DEBUG client.py                 71    logger_log                : read
2025-01-09 15:58:18,388 BTPWorkerThread-2881 (_rx_task) root DEBUG client.py                 71    logger_log                : Read 5 bytes
2025-01-09 15:58:18,394 BTPWorkerThread-2881 (_rx_task) root DEBUG client.py                 71    logger_log                : Received: hdr: Header(svc_id=0x01, op=0x03, ctrl_index=0x00, data_len=0x115) bytearray(b'\x01\x03\x00\x15\x01')
2025-01-09 15:58:18,395 BTPWorkerThread-2881 (_rx_task) root DEBUG client.py                 71    logger_log                : Read 277 bytes data
2025-01-09 15:58:18,395 BTPWorkerThread-2881 (_rx_task) root DEBUG client.py                 71    logger_log                : Received data: {'28 00 03 37 60 00 13 06 02 00 13 02 00 00 00 00 00 62 74 70 5f 74 65 73 74 65 72 00 00 00 00 00 00 00 00 00 00 00 00 00 00 00 00 00 00 00 00 00 00 00 00 00 00 00 00 00 00 00 00 00 00 00 00 00 00 00 00 00 00 00 00 00 00 00 00 00 00 00 00 00 00 00 00 00 00 00 00 00 00 00 00 00 00 00 00 00 00 00 00 00 00 00 00 00 00 00 00 00 00 00 00 00 00 00 00 00 00 00 00 00 00 00 00 00 00 00 00 00 00 00 00 00 00 00 00 00 00 00 00 00 00 00 00 00 00 00 00 00 00 00 00 00 00 00 00 00 00 00 00 00 00 00 00 00 00 00 00 00 00 00 00 00 00 00 00 00 00 00 00 00 00 00 00 00 00 00 00 00 00 00 00 00 00 00 00 00 00 00 00 00 00 00 00 00 00 00 00 00 00 00 00 00 00 00 00 00 00 00 00 00 00 00 00 00 00 00 00 00 00 00 00 00 00 00 00 00 00 00 00 00 00 00 00 00 00 00 00 00 00 00 00 00 00 00 00 00 00 00 00 00 00 00 00 00 00 00 00 00 00 00 00 00 00 00 00 00 00'}, bytearray(b'(\x00\x037`\x00\x13\x06\x02\x00\x13\x02\x00\x00\x00\x00\x00btp_tester\x00\x00\x00\x00\x00\x00\x00\x00\x00\x00\x00\x00\x00\x00\x00\x00\x00\x00\x00\x00\x00\x00\x00\x00\x00\x00\x00\x00\x00\x00\x00\x00\x00\x00\x00\x00\x00\x00\x00\x00\x00\x00\x00\x00\x00\x00\x00\x00\x00\x00\x00\x00\x00\x00\x00\x00\x00\x00\x00\x00\x00\x00\x00\x00\x00\x00\x00\x00\x00\x00\x00\x00\x00\x00\x00\x00\x00\x00\x00\x00\x00\x00\x00\x00\x00\x00\x00\x00\x00\x00\x00\x00\x00\x00\x00\x00\x00\x00\x00\x00\x00\x00\x00\x00\x00\x00\x00\x00\x00\x00\x00\x00\x00\x00\x00\x00\x00\x00\x00\x00\x00\x00\x00\x00\x00\x00\x00\x00\x00\x00\x00\x00\x00\x00\x00\x00\x00\x00\x00\x00\x00\x00\x00\x00\x00\x00\x00\x00\x00\x00\x00\x00\x00\x00\x00\x00\x00\x00\x00\x00\x00\x00\x00\x00\x00\x00\x00\x00\x00\x00\x00\x00\x00\x00\x00\x00\x00\x00\x00\x00\x00\x00\x00\x00\x00\x00\x00\x00\x00\x00\x00\x00\x00\x00\x00\x00\x00\x00\x00\x00\x00\x00\x00\x00\x00\x00\x00\x00\x00\x00\x00\x00\x00\x00\x00\x00\x00\x00\x00\x00\x00\x00\x00\x00\x00\x00\x00\x00\x00\x00\x00\x00\x00\x00\x00\x00\x00\x00\x00\x00\x00\x00\x00\x00\x00\x00\x00\x00\x00\x00')
2025-01-09 15:58:18,395 LT1-thread root DEBUG client.py                 71    logger_log                : received Header(svc_id=1, op=3, ctrl_index=0, data_len=277) (b'(\x00\x037`\x00\x13\x06\x02\x00\x13\x02\x00\x00\x00\x00\x00btp_tester\x00\x00\x00\x00\x00\x00\x00\x00\x00\x00\x00\x00\x00\x00\x00\x00\x00\x00\x00\x00\x00\x00\x00\x00\x00\x00\x00\x00\x00\x00\x00\x00\x00\x00\x00\x00\x00\x00\x00\x00\x00\x00\x00\x00\x00\x00\x00\x00\x00\x00\x00\x00\x00\x00\x00\x00\x00\x00\x00\x00\x00\x00\x00\x00\x00\x00\x00\x00\x00\x00\x00\x00\x00\x00\x00\x00\x00\x00\x00\x00\x00\x00\x00\x00\x00\x00\x00\x00\x00\x00\x00\x00\x00\x00\x00\x00\x00\x00\x00\x00\x00\x00\x00\x00\x00\x00\x00\x00\x00\x00\x00\x00\x00\x00\x00\x00\x00\x00\x00\x00\x00\x00\x00\x00\x00\x00\x00\x00\x00\x00\x00\x00\x00\x00\x00\x00\x00\x00\x00\x00\x00\x00\x00\x00\x00\x00\x00\x00\x00\x00\x00\x00\x00\x00\x00\x00\x00\x00\x00\x00\x00\x00\x00\x00\x00\x00\x00\x00\x00\x00\x00\x00\x00\x00\x00\x00\x00\x00\x00\x00\x00\x00\x00\x00\x00\x00\x00\x00\x00\x00\x00\x00\x00\x00\x00\x00\x00\x00\x00\x00\x00\x00\x00\x00\x00\x00\x00\x00\x00\x00\x00\x00\x00\x00\x00\x00\x00\x00\x00\x00\x00\x00\x00\x00\x00\x00\x00\x00\x00\x00\x00\x00\x00\x00\x00\x00\x00\x00\x00\x00\x00\x00\x00\x00\x00\x00\x00\x00\x00\x00',)
2025-01-09 15:58:18,395 LT1-thread root DEBUG client.py                 71    logger_log                : IUT address '006037030028' 'public'
2025-01-09 15:58:18,395 LT1-thread root DEBUG client.py                 71    logger_log                : __gap_current_settings_update 531
2025-01-09 15:58:18,395 LT1-thread root DEBUG client.py                 71    logger_log                : Starting test function: class=<class 'autopts.ptsprojects.testcase.TestFunc'>, func=<function test_cases.<locals>.<lambda> at 0x00000255FC9EC4A0> start_wid=None stop_wid=None post_wid=None skip_call=None call_count=121 args=() kwds={}
2025-01-09 15:58:18,395 LT1-thread root DEBUG client.py                 71    logger_log                : Test function parameters: args=(), kwds={}
2025-01-09 15:58:18,412 LT1-thread root DEBUG client.py                 71    logger_log                : Starting test function: class=<class 'autopts.ptsprojects.testcase.TestFunc'>, func=<function test_cases.<locals>.<lambda> at 0x00000255FC9EC540> start_wid=None stop_wid=None post_wid=None skip_call=None call_count=119 args=() kwds={}
2025-01-09 15:58:18,412 LT1-thread root DEBUG client.py                 71    logger_log                : Test function parameters: args=(), kwds={}
2025-01-09 15:58:18,429 LT1-thread root DEBUG client.py                 71    logger_log                : Starting test function: class=<class 'autopts.ptsprojects.testcase.TestFunc'>, func=<function test_cases.<locals>.<lambda> at 0x00000255FC9EC5E0> start_wid=None stop_wid=None post_wid=None skip_call=None call_count=119 args=() kwds={}
2025-01-09 15:58:18,429 LT1-thread root DEBUG client.py                 71    logger_log                : Test function parameters: args=(), kwds={}
2025-01-09 15:58:18,445 LT1-thread root DEBUG client.py                 71    logger_log                : Starting test function: class=<class 'autopts.ptsprojects.testcase.TestFunc'>, func=<function test_cases.<locals>.<lambda> at 0x00000255FC9EC680> start_wid=None stop_wid=None post_wid=None skip_call=None call_count=119 args=() kwds={}
2025-01-09 15:58:18,445 LT1-thread root DEBUG client.py                 71    logger_log                : Test function parameters: args=(), kwds={}
2025-01-09 15:58:18,461 LT1-thread root DEBUG client.py                 71    logger_log                : Starting test function: class=<class 'autopts.ptsprojects.testcase.TestFunc'>, func=<function test_cases.<locals>.<lambda> at 0x00000255FC9EC720> start_wid=None stop_wid=None post_wid=None skip_call=None call_count=119 args=() kwds={}
2025-01-09 15:58:18,461 LT1-thread root DEBUG client.py                 71    logger_log                : Test function parameters: args=(), kwds={}
2025-01-09 15:58:18,478 LT1-thread root DEBUG client.py                 71    logger_log                : Starting test function: class=<class 'autopts.ptsprojects.testcase.TestFunc'>, func=<function test_cases.<locals>.<lambda> at 0x00000255FC9EC7C0> start_wid=None stop_wid=None post_wid=None skip_call=None call_count=119 args=() kwds={}
2025-01-09 15:58:18,478 LT1-thread root DEBUG client.py                 71    logger_log                : Test function parameters: args=(), kwds={}
2025-01-09 15:58:18,498 LT1-thread root DEBUG client.py                 71    logger_log                : Starting test function: class=<class 'autopts.ptsprojects.testcase.TestFunc'>, func=<function test_cases.<locals>.<lambda> at 0x00000255FC9EC860> start_wid=None stop_wid=None post_wid=None skip_call=None call_count=119 args=() kwds={}
2025-01-09 15:58:18,499 LT1-thread root DEBUG client.py                 71    logger_log                : Test function parameters: args=(), kwds={}
2025-01-09 15:58:18,515 LT1-thread root DEBUG client.py                 71    logger_log                : Starting test function: class=<class 'autopts.ptsprojects.testcase.TestFunc'>, func=<function test_cases.<locals>.<lambda> at 0x00000255FC9EC900> start_wid=None stop_wid=None post_wid=None skip_call=None call_count=119 args=() kwds={}
2025-01-09 15:58:18,515 LT1-thread root DEBUG client.py                 71    logger_log                : Test function parameters: args=(), kwds={}
2025-01-09 15:58:18,531 LT1-thread root DEBUG client.py                 71    logger_log                : Starting test function: class=<class 'autopts.ptsprojects.testcase.TestFunc'>, func=<function test_cases.<locals>.<lambda> at 0x00000255FC9EC9A0> start_wid=None stop_wid=None post_wid=None skip_call=None call_count=119 args=() kwds={}
2025-01-09 15:58:18,531 LT1-thread root DEBUG client.py                 71    logger_log                : Test function parameters: args=(), kwds={}
2025-01-09 15:58:18,549 LT1-thread root DEBUG client.py                 71    logger_log                : Starting test function: class=<class 'autopts.ptsprojects.testcase.TestFunc'>, func=<function test_cases.<locals>.<lambda> at 0x00000255FC9ECA40> start_wid=None stop_wid=None post_wid=None skip_call=None call_count=119 args=() kwds={}
2025-01-09 15:58:18,549 LT1-thread root DEBUG client.py                 71    logger_log                : Test function parameters: args=(), kwds={}
2025-01-09 15:58:18,566 LT1-thread root DEBUG client.py                 71    logger_log                : Starting test function: class=<class 'autopts.ptsprojects.testcase.TestFunc'>, func=<function test_cases.<locals>.<lambda> at 0x00000255FC9ECAE0> start_wid=None stop_wid=None post_wid=None skip_call=None call_count=119 args=() kwds={}
2025-01-09 15:58:18,566 LT1-thread root DEBUG client.py                 71    logger_log                : Test function parameters: args=(), kwds={}
2025-01-09 15:58:18,581 LT1-thread root DEBUG client.py                 71    logger_log                : Starting test function: class=<class 'autopts.ptsprojects.testcase.TestFunc'>, func=<function test_cases.<locals>.<lambda> at 0x00000255FC9ECB80> start_wid=None stop_wid=None post_wid=None skip_call=None call_count=119 args=() kwds={}
2025-01-09 15:58:18,582 LT1-thread root DEBUG client.py                 71    logger_log                : Test function parameters: args=(), kwds={}
2025-01-09 15:58:18,597 LT1-thread root DEBUG client.py                 71    logger_log                : Starting test function: class=<class 'autopts.ptsprojects.testcase.TestFunc'>, func=<function core_reg_svc_gatt at 0x00000255F8144680> start_wid=None stop_wid=None post_wid=None skip_call=None call_count=119 args=() kwds={}
2025-01-09 15:58:18,598 LT1-thread root DEBUG client.py                 71    logger_log                : Test function parameters: args=(), kwds={}
2025-01-09 15:58:18,598 LT1-thread root DEBUG client.py                 71    logger_log                : core_reg_svc_gatt
2025-01-09 15:58:18,598 LT1-thread root DEBUG client.py                 71    logger_log                : send, 0 3 255 '2'
2025-01-09 15:58:18,598 LT1-thread root DEBUG client.py                 71    logger_log                : sending frame '0003ff010002'
2025-01-09 15:58:18,598 LT1-thread root DEBUG client.py                 71    logger_log                : core_reg_svc_rsp_succ
2025-01-09 15:58:18,598 LT1-thread root DEBUG client.py                 71    logger_log                : read
2025-01-09 15:58:18,658 BTPWorkerThread-2881 (_rx_task) root DEBUG client.py                 71    logger_log                : Read 5 bytes
2025-01-09 15:58:18,675 BTPWorkerThread-2881 (_rx_task) root DEBUG client.py                 71    logger_log                : Received: hdr: Header(svc_id=0x00, op=0x03, ctrl_index=0xff, data_len=0x00) bytearray(b'\x00\x03\xff\x00\x00')
2025-01-09 15:58:18,675 BTPWorkerThread-2881 (_rx_task) root DEBUG client.py                 71    logger_log                : Received data: {''}, bytearray(b'')
2025-01-09 15:58:18,675 LT1-thread root DEBUG client.py                 71    logger_log                : received Header(svc_id=0, op=3, ctrl_index=255, data_len=0) (b'',)
2025-01-09 15:58:18,676 LT1-thread root DEBUG client.py                 71    logger_log                : expected ((0, 3, 255, 0), (b'',))
2025-01-09 15:58:18,676 LT1-thread root DEBUG client.py                 71    logger_log                : response is valid
2025-01-09 15:58:18,676 LT1-thread root DEBUG client.py                 71    logger_log                : Starting test function: class=<class 'autopts.ptsprojects.testcase.TestFunc'>, func=<bound method Stack.gatt_init of <autopts.ptsprojects.stack.stack.Stack object at 0x00000255FBD5BB10>> start_wid=None stop_wid=None post_wid=None skip_call=None call_count=119 args=() kwds={}
2025-01-09 15:58:18,676 LT1-thread root DEBUG client.py                 71    logger_log                : Test function parameters: args=(), kwds={}
2025-01-09 15:58:18,676 LT1-thread root DEBUG client.py                 71    logger_log                : Starting test function: class=<class 'autopts.ptsprojects.testcase.TestFunc'>, func=<function gap_set_io_cap at 0x00000255F8147920> start_wid=None stop_wid=None post_wid=None skip_call=None call_count=119 args=(4,) kwds={}
2025-01-09 15:58:18,677 LT1-thread root DEBUG client.py                 71    logger_log                : Test function parameters: args=(4,), kwds={}
2025-01-09 15:58:18,677 LT1-thread root DEBUG client.py                 71    logger_log                : gap_set_io_cap 4
2025-01-09 15:58:18,677 LT1-thread root DEBUG client.py                 71    logger_log                : send, 1 16 0 '\x04'
2025-01-09 15:58:18,677 LT1-thread root DEBUG client.py                 71    logger_log                : sending frame '011000010004'
2025-01-09 15:58:18,677 LT1-thread root DEBUG client.py                 71    logger_log                : gap_command_rsp_succ
2025-01-09 15:58:18,677 LT1-thread root DEBUG client.py                 71    logger_log                : read
2025-01-09 15:58:18,732 BTPWorkerThread-2881 (_rx_task) root DEBUG client.py                 71    logger_log                : Read 5 bytes
2025-01-09 15:58:18,743 BTPWorkerThread-2881 (_rx_task) root DEBUG client.py                 71    logger_log                : Received: hdr: Header(svc_id=0x01, op=0x10, ctrl_index=0x00, data_len=0x00) bytearray(b'\x01\x10\x00\x00\x00')
2025-01-09 15:58:18,749 BTPWorkerThread-2881 (_rx_task) root DEBUG client.py                 71    logger_log                : Received data: {''}, bytearray(b'')
2025-01-09 15:58:18,749 LT1-thread root DEBUG client.py                 71    logger_log                : received Header(svc_id=1, op=16, ctrl_index=0, data_len=0) (b'',)
2025-01-09 15:58:18,750 LT1-thread root DEBUG client.py                 71    logger_log                : Starting test function: class=<class 'autopts.ptsprojects.testcase.TestFunc'>, func=<function set_pts_addr at 0x00000255F81440E0> start_wid=None stop_wid=None post_wid=None skip_call=None call_count=119 args=('C0:07:E8:59:F2:E6', 0) kwds={}
2025-01-09 15:58:18,750 LT1-thread root DEBUG client.py                 71    logger_log                : Test function parameters: args=('C0:07:E8:59:F2:E6', 0), kwds={}
2025-01-09 15:58:18,751 LT1-thread root DEBUG client.py                 71    logger_log                : Starting test function: class=<class 'autopts.ptsprojects.testcase.TestFunc'>, func=<function gatts_add_svc at 0x00000255F8155DA0> start_wid=None stop_wid=None post_wid=None skip_call=None call_count=118 args=(0, 'AA51') kwds={}
2025-01-09 15:58:18,751 LT1-thread root DEBUG client.py                 71    logger_log                : Test function parameters: args=(0, 'AA51'), kwds={}
2025-01-09 15:58:18,751 LT1-thread root DEBUG client.py                 71    logger_log                : gatts_add_svc 0 'AA51'
2025-01-09 15:58:18,751 LT1-thread root DEBUG client.py                 71    logger_log                : send, 2 2 0 "bytearray(b'\\x00\\x02\\xaaQ')"
2025-01-09 15:58:18,751 LT1-thread root DEBUG client.py                 71    logger_log                : sending frame '02020004000002aa51'
2025-01-09 15:58:18,751 LT1-thread root DEBUG client.py                 71    logger_log                : gatt_command_rsp_succ
2025-01-09 15:58:18,751 LT1-thread root DEBUG client.py                 71    logger_log                : read
2025-01-09 15:58:18,813 BTPWorkerThread-2881 (_rx_task) root DEBUG client.py                 71    logger_log                : Read 5 bytes
2025-01-09 15:58:18,824 BTPWorkerThread-2881 (_rx_task) root DEBUG client.py                 71    logger_log                : Received: hdr: Header(svc_id=0x02, op=0x02, ctrl_index=0x00, data_len=0x02) bytearray(b'\x02\x02\x00\x02\x00')
2025-01-09 15:58:18,867 BTPWorkerThread-2881 (_rx_task) root DEBUG client.py                 71    logger_log                : Read 2 bytes data
2025-01-09 15:58:18,878 BTPWorkerThread-2881 (_rx_task) root DEBUG client.py                 71    logger_log                : Received data: {'00 00'}, bytearray(b'\x00\x00')
2025-01-09 15:58:18,896 LT1-thread root DEBUG client.py                 71    logger_log                : received Header(svc_id=2, op=2, ctrl_index=0, data_len=2) (b'\x00\x00',)
2025-01-09 15:58:18,896 LT1-thread root DEBUG client.py                 71    logger_log                : Starting test function: class=<class 'autopts.ptsprojects.testcase.TestFunc'>, func=<function gatts_add_char at 0x00000255F8155EE0> start_wid=None stop_wid=None post_wid=None skip_call=None call_count=118 args=(0, 2, 17, 'AA52') kwds={}
2025-01-09 15:58:18,896 LT1-thread root DEBUG client.py                 71    logger_log                : Test function parameters: args=(0, 2, 17, 'AA52'), kwds={}
2025-01-09 15:58:18,896 LT1-thread root DEBUG client.py                 71    logger_log                : gatts_add_char 0 2 17 'AA52'
2025-01-09 15:58:18,897 LT1-thread root DEBUG client.py                 71    logger_log                : send, 2 3 0 "bytearray(b'\\x00\\x00\\x02\\x11\\x02\\xaaR')"
2025-01-09 15:58:18,897 LT1-thread root DEBUG client.py                 71    logger_log                : sending frame '02030007000000021102aa52'
2025-01-09 15:58:18,897 LT1-thread root DEBUG client.py                 71    logger_log                : gatt_command_rsp_succ
2025-01-09 15:58:18,897 LT1-thread root DEBUG client.py                 71    logger_log                : read
2025-01-09 15:58:18,942 BTPWorkerThread-2881 (_rx_task) root DEBUG client.py                 71    logger_log                : Read 5 bytes
2025-01-09 15:58:18,947 BTPWorkerThread-2881 (_rx_task) root DEBUG client.py                 71    logger_log                : Received: hdr: Header(svc_id=0x02, op=0x03, ctrl_index=0x00, data_len=0x02) bytearray(b'\x02\x03\x00\x02\x00')
2025-01-09 15:58:18,953 BTPWorkerThread-2881 (_rx_task) root DEBUG client.py                 71    logger_log                : Read 2 bytes data
2025-01-09 15:58:18,958 BTPWorkerThread-2881 (_rx_task) root DEBUG client.py                 71    logger_log                : Received data: {'00 00'}, bytearray(b'\x00\x00')
2025-01-09 15:58:18,963 LT1-thread root DEBUG client.py                 71    logger_log                : received Header(svc_id=2, op=3, ctrl_index=0, data_len=2) (b'\x00\x00',)
2025-01-09 15:58:18,964 LT1-thread root DEBUG client.py                 71    logger_log                : Starting test function: class=<class 'autopts.ptsprojects.testcase.TestFunc'>, func=<function gatts_set_val at 0x00000255F8155F80> start_wid=None stop_wid=None post_wid=None skip_call=None call_count=118 args=(0, '01') kwds={}
2025-01-09 15:58:18,964 LT1-thread root DEBUG client.py                 71    logger_log                : Test function parameters: args=(0, '01'), kwds={}
2025-01-09 15:58:18,964 LT1-thread root DEBUG client.py                 71    logger_log                : gatts_set_val 0 '01' 
2025-01-09 15:58:18,964 LT1-thread root DEBUG client.py                 71    logger_log                : send, 2 6 0 "bytearray(b'\\x00\\x00\\x01\\x00\\x01')"
2025-01-09 15:58:18,964 LT1-thread root DEBUG client.py                 71    logger_log                : sending frame '02060005000000010001'
2025-01-09 15:58:18,965 LT1-thread root DEBUG client.py                 71    logger_log                : gatt_command_rsp_succ
2025-01-09 15:58:18,965 LT1-thread root DEBUG client.py                 71    logger_log                : read
2025-01-09 15:58:19,031 BTPWorkerThread-2881 (_rx_task) root DEBUG client.py                 71    logger_log                : Read 5 bytes
2025-01-09 15:58:19,054 BTPWorkerThread-2881 (_rx_task) root DEBUG client.py                 71    logger_log                : Received: hdr: Header(svc_id=0x02, op=0x06, ctrl_index=0x00, data_len=0x00) bytearray(b'\x02\x06\x00\x00\x00')
2025-01-09 15:58:19,075 BTPWorkerThread-2881 (_rx_task) root DEBUG client.py                 71    logger_log                : Received data: {''}, bytearray(b'')
2025-01-09 15:58:19,081 LT1-thread root DEBUG client.py                 71    logger_log                : received Header(svc_id=2, op=6, ctrl_index=0, data_len=0) (b'',)
2025-01-09 15:58:19,081 LT1-thread root DEBUG client.py                 71    logger_log                : Starting test function: class=<class 'autopts.ptsprojects.testcase.TestFunc'>, func=<function gatts_add_char at 0x00000255F8155EE0> start_wid=None stop_wid=None post_wid=None skip_call=None call_count=118 args=(0, 2, 5, 'AA53') kwds={}
2025-01-09 15:58:19,081 LT1-thread root DEBUG client.py                 71    logger_log                : Test function parameters: args=(0, 2, 5, 'AA53'), kwds={}
2025-01-09 15:58:19,081 LT1-thread root DEBUG client.py                 71    logger_log                : gatts_add_char 0 2 5 'AA53'
2025-01-09 15:58:19,082 LT1-thread root DEBUG client.py                 71    logger_log                : send, 2 3 0 "bytearray(b'\\x00\\x00\\x02\\x05\\x02\\xaaS')"
2025-01-09 15:58:19,082 LT1-thread root DEBUG client.py                 71    logger_log                : sending frame '02030007000000020502aa53'
2025-01-09 15:58:19,082 LT1-thread root DEBUG client.py                 71    logger_log                : gatt_command_rsp_succ
2025-01-09 15:58:19,083 LT1-thread root DEBUG client.py                 71    logger_log                : read
2025-01-09 15:58:19,134 BTPWorkerThread-2881 (_rx_task) root DEBUG client.py                 71    logger_log                : Read 5 bytes
2025-01-09 15:58:19,156 BTPWorkerThread-2881 (_rx_task) root DEBUG client.py                 71    logger_log                : Received: hdr: Header(svc_id=0x02, op=0x03, ctrl_index=0x00, data_len=0x02) bytearray(b'\x02\x03\x00\x02\x00')
2025-01-09 15:58:19,172 BTPWorkerThread-2881 (_rx_task) root DEBUG client.py                 71    logger_log                : Read 2 bytes data
2025-01-09 15:58:19,183 BTPWorkerThread-2881 (_rx_task) root DEBUG client.py                 71    logger_log                : Received data: {'00 00'}, bytearray(b'\x00\x00')
2025-01-09 15:58:19,200 LT1-thread root DEBUG client.py                 71    logger_log                : received Header(svc_id=2, op=3, ctrl_index=0, data_len=2) (b'\x00\x00',)
2025-01-09 15:58:19,200 LT1-thread root DEBUG client.py                 71    logger_log                : Starting test function: class=<class 'autopts.ptsprojects.testcase.TestFunc'>, func=<function gatts_set_val at 0x00000255F8155F80> start_wid=None stop_wid=None post_wid=None skip_call=None call_count=118 args=(0, '02') kwds={}
2025-01-09 15:58:19,200 LT1-thread root DEBUG client.py                 71    logger_log                : Test function parameters: args=(0, '02'), kwds={}
2025-01-09 15:58:19,200 LT1-thread root DEBUG client.py                 71    logger_log                : gatts_set_val 0 '02' 
2025-01-09 15:58:19,201 LT1-thread root DEBUG client.py                 71    logger_log                : send, 2 6 0 "bytearray(b'\\x00\\x00\\x01\\x00\\x02')"
2025-01-09 15:58:19,201 LT1-thread root DEBUG client.py                 71    logger_log                : sending frame '02060005000000010002'
2025-01-09 15:58:19,201 LT1-thread root DEBUG client.py                 71    logger_log                : gatt_command_rsp_succ
2025-01-09 15:58:19,201 LT1-thread root DEBUG client.py                 71    logger_log                : read
2025-01-09 15:58:19,258 BTPWorkerThread-2881 (_rx_task) root DEBUG client.py                 71    logger_log                : Read 5 bytes
2025-01-09 15:58:19,269 BTPWorkerThread-2881 (_rx_task) root DEBUG client.py                 71    logger_log                : Received: hdr: Header(svc_id=0x02, op=0x06, ctrl_index=0x00, data_len=0x00) bytearray(b'\x02\x06\x00\x00\x00')
2025-01-09 15:58:19,285 BTPWorkerThread-2881 (_rx_task) root DEBUG client.py                 71    logger_log                : Received data: {''}, bytearray(b'')
2025-01-09 15:58:19,290 LT1-thread root DEBUG client.py                 71    logger_log                : received Header(svc_id=2, op=6, ctrl_index=0, data_len=0) (b'',)
2025-01-09 15:58:19,290 LT1-thread root DEBUG client.py                 71    logger_log                : Starting test function: class=<class 'autopts.ptsprojects.testcase.TestFunc'>, func=<function gatts_add_char at 0x00000255F8155EE0> start_wid=None stop_wid=None post_wid=None skip_call=None call_count=118 args=(0, 66, 3, 'AA54') kwds={}
2025-01-09 15:58:19,290 LT1-thread root DEBUG client.py                 71    logger_log                : Test function parameters: args=(0, 66, 3, 'AA54'), kwds={}
2025-01-09 15:58:19,290 LT1-thread root DEBUG client.py                 71    logger_log                : gatts_add_char 0 66 3 'AA54'
2025-01-09 15:58:19,291 LT1-thread root DEBUG client.py                 71    logger_log                : send, 2 3 0 "bytearray(b'\\x00\\x00B\\x03\\x02\\xaaT')"
2025-01-09 15:58:19,291 LT1-thread root DEBUG client.py                 71    logger_log                : sending frame '02030007000000420302aa54'
2025-01-09 15:58:19,291 LT1-thread root DEBUG client.py                 71    logger_log                : gatt_command_rsp_succ
2025-01-09 15:58:19,291 LT1-thread root DEBUG client.py                 71    logger_log                : read
2025-01-09 15:58:19,350 BTPWorkerThread-2881 (_rx_task) root DEBUG client.py                 71    logger_log                : Read 5 bytes
2025-01-09 15:58:19,361 BTPWorkerThread-2881 (_rx_task) root DEBUG client.py                 71    logger_log                : Received: hdr: Header(svc_id=0x02, op=0x03, ctrl_index=0x00, data_len=0x02) bytearray(b'\x02\x03\x00\x02\x00')
2025-01-09 15:58:19,394 BTPWorkerThread-2881 (_rx_task) root DEBUG client.py                 71    logger_log                : Read 2 bytes data
2025-01-09 15:58:19,410 BTPWorkerThread-2881 (_rx_task) root DEBUG client.py                 71    logger_log                : Received data: {'00 00'}, bytearray(b'\x00\x00')
2025-01-09 15:58:19,432 LT1-thread root DEBUG client.py                 71    logger_log                : received Header(svc_id=2, op=3, ctrl_index=0, data_len=2) (b'\x00\x00',)
2025-01-09 15:58:19,432 LT1-thread root DEBUG client.py                 71    logger_log                : Starting test function: class=<class 'autopts.ptsprojects.testcase.TestFunc'>, func=<function gatts_set_val at 0x00000255F8155F80> start_wid=None stop_wid=None post_wid=None skip_call=None call_count=118 args=(0, '03') kwds={}
2025-01-09 15:58:19,432 LT1-thread root DEBUG client.py                 71    logger_log                : Test function parameters: args=(0, '03'), kwds={}
2025-01-09 15:58:19,432 LT1-thread root DEBUG client.py                 71    logger_log                : gatts_set_val 0 '03' 
2025-01-09 15:58:19,433 LT1-thread root DEBUG client.py                 71    logger_log                : send, 2 6 0 "bytearray(b'\\x00\\x00\\x01\\x00\\x03')"
2025-01-09 15:58:19,433 LT1-thread root DEBUG client.py                 71    logger_log                : sending frame '02060005000000010003'
2025-01-09 15:58:19,433 LT1-thread root DEBUG client.py                 71    logger_log                : gatt_command_rsp_succ
2025-01-09 15:58:19,433 LT1-thread root DEBUG client.py                 71    logger_log                : read
2025-01-09 15:58:19,495 BTPWorkerThread-2881 (_rx_task) root DEBUG client.py                 71    logger_log                : Read 5 bytes
2025-01-09 15:58:19,495 BTPWorkerThread-2881 (_rx_task) root DEBUG client.py                 71    logger_log                : Received: hdr: Header(svc_id=0x02, op=0x06, ctrl_index=0x00, data_len=0x00) bytearray(b'\x02\x06\x00\x00\x00')
2025-01-09 15:58:19,495 BTPWorkerThread-2881 (_rx_task) root DEBUG client.py                 71    logger_log                : Received data: {''}, bytearray(b'')
2025-01-09 15:58:19,495 LT1-thread root DEBUG client.py                 71    logger_log                : received Header(svc_id=2, op=6, ctrl_index=0, data_len=0) (b'',)
2025-01-09 15:58:19,497 LT1-thread root DEBUG client.py                 71    logger_log                : Starting test function: class=<class 'autopts.ptsprojects.testcase.TestFunc'>, func=<function gatts_add_char at 0x00000255F8155EE0> start_wid=None stop_wid=None post_wid=None skip_call=None call_count=118 args=(0, 10, 48, 'AA55') kwds={}
2025-01-09 15:58:19,497 LT1-thread root DEBUG client.py                 71    logger_log                : Test function parameters: args=(0, 10, 48, 'AA55'), kwds={}
2025-01-09 15:58:19,497 LT1-thread root DEBUG client.py                 71    logger_log                : gatts_add_char 0 10 48 'AA55'
2025-01-09 15:58:19,497 LT1-thread root DEBUG client.py                 71    logger_log                : send, 2 3 0 "bytearray(b'\\x00\\x00\\n0\\x02\\xaaU')"
2025-01-09 15:58:19,498 LT1-thread root DEBUG client.py                 71    logger_log                : sending frame '020300070000000a3002aa55'
2025-01-09 15:58:19,498 LT1-thread root DEBUG client.py                 71    logger_log                : gatt_command_rsp_succ
2025-01-09 15:58:19,498 LT1-thread root DEBUG client.py                 71    logger_log                : read
2025-01-09 15:58:19,547 BTPWorkerThread-2881 (_rx_task) root DEBUG client.py                 71    logger_log                : Read 5 bytes
2025-01-09 15:58:19,558 BTPWorkerThread-2881 (_rx_task) root DEBUG client.py                 71    logger_log                : Received: hdr: Header(svc_id=0x02, op=0x03, ctrl_index=0x00, data_len=0x02) bytearray(b'\x02\x03\x00\x02\x00')
2025-01-09 15:58:19,569 BTPWorkerThread-2881 (_rx_task) root DEBUG client.py                 71    logger_log                : Read 2 bytes data
2025-01-09 15:58:19,580 BTPWorkerThread-2881 (_rx_task) root DEBUG client.py                 71    logger_log                : Received data: {'00 00'}, bytearray(b'\x00\x00')
2025-01-09 15:58:19,603 LT1-thread root DEBUG client.py                 71    logger_log                : received Header(svc_id=2, op=3, ctrl_index=0, data_len=2) (b'\x00\x00',)
2025-01-09 15:58:19,603 LT1-thread root DEBUG client.py                 71    logger_log                : Starting test function: class=<class 'autopts.ptsprojects.testcase.TestFunc'>, func=<function gatts_set_val at 0x00000255F8155F80> start_wid=None stop_wid=None post_wid=None skip_call=None call_count=118 args=(0, '04') kwds={}
2025-01-09 15:58:19,603 LT1-thread root DEBUG client.py                 71    logger_log                : Test function parameters: args=(0, '04'), kwds={}
2025-01-09 15:58:19,603 LT1-thread root DEBUG client.py                 71    logger_log                : gatts_set_val 0 '04' 
2025-01-09 15:58:19,604 LT1-thread root DEBUG client.py                 71    logger_log                : send, 2 6 0 "bytearray(b'\\x00\\x00\\x01\\x00\\x04')"
2025-01-09 15:58:19,604 LT1-thread root DEBUG client.py                 71    logger_log                : sending frame '02060005000000010004'
2025-01-09 15:58:19,604 LT1-thread root DEBUG client.py                 71    logger_log                : gatt_command_rsp_succ
2025-01-09 15:58:19,604 LT1-thread root DEBUG client.py                 71    logger_log                : read
2025-01-09 15:58:19,660 BTPWorkerThread-2881 (_rx_task) root DEBUG client.py                 71    logger_log                : Read 5 bytes
2025-01-09 15:58:19,665 BTPWorkerThread-2881 (_rx_task) root DEBUG client.py                 71    logger_log                : Received: hdr: Header(svc_id=0x02, op=0x06, ctrl_index=0x00, data_len=0x00) bytearray(b'\x02\x06\x00\x00\x00')
2025-01-09 15:58:19,688 BTPWorkerThread-2881 (_rx_task) root DEBUG client.py                 71    logger_log                : Received data: {''}, bytearray(b'')
2025-01-09 15:58:19,704 LT1-thread root DEBUG client.py                 71    logger_log                : received Header(svc_id=2, op=6, ctrl_index=0, data_len=0) (b'',)
2025-01-09 15:58:19,705 LT1-thread root DEBUG client.py                 71    logger_log                : Starting test function: class=<class 'autopts.ptsprojects.testcase.TestFunc'>, func=<function gatts_start_server at 0x00000255F8156200> start_wid=None stop_wid=None post_wid=None skip_call=None call_count=118 args=() kwds={}
2025-01-09 15:58:19,705 LT1-thread root DEBUG client.py                 71    logger_log                : Test function parameters: args=(), kwds={}
2025-01-09 15:58:19,705 LT1-thread root DEBUG client.py                 71    logger_log                : gatts_start_server
2025-01-09 15:58:19,705 LT1-thread root DEBUG client.py                 71    logger_log                : send, 2 7 0 ''
2025-01-09 15:58:19,705 LT1-thread root DEBUG client.py                 71    logger_log                : sending frame '0207000000'
2025-01-09 15:58:19,705 LT1-thread root DEBUG client.py                 71    logger_log                : gatt_command_rsp_succ
2025-01-09 15:58:19,705 LT1-thread root DEBUG client.py                 71    logger_log                : read
2025-01-09 15:58:19,766 BTPWorkerThread-2881 (_rx_task) root DEBUG client.py                 71    logger_log                : Read 5 bytes
2025-01-09 15:58:19,778 BTPWorkerThread-2881 (_rx_task) root DEBUG client.py                 71    logger_log                : Received: hdr: Header(svc_id=0x02, op=0x07, ctrl_index=0x00, data_len=0x03) bytearray(b'\x02\x07\x00\x03\x00')
2025-01-09 15:58:19,789 BTPWorkerThread-2881 (_rx_task) root DEBUG client.py                 71    logger_log                : Read 3 bytes data
2025-01-09 15:58:19,800 BTPWorkerThread-2881 (_rx_task) root DEBUG client.py                 71    logger_log                : Received data: {'00 00 00'}, bytearray(b'\x00\x00\x00')
2025-01-09 15:58:19,811 LT1-thread root DEBUG client.py                 71    logger_log                : received Header(svc_id=2, op=7, ctrl_index=0, data_len=3) (b'\x00\x00\x00',)
2025-01-09 15:58:19,813 LT1-thread root DEBUG client.py                 71    logger_log                : ClientCallback.get_result run_test_case
2025-01-09 15:58:19,814 LT1-thread root DEBUG client.py                 71    logger_log                : After run_test_case error_code=0 status='INCONC'
2025-01-09 15:58:19,814 LT1-thread root DEBUG client.py                 71    logger_log                : post_run GAP GAP/PADV/PASE/BV-04-C 0
2025-01-09 15:58:19,815 LT1-thread root DEBUG client.py                 71    logger_log                : Starting test function: class=<class 'autopts.ptsprojects.testcase.TestFuncCleanUp'>, func=<bound method Stack.cleanup of <autopts.ptsprojects.stack.stack.Stack object at 0x00000255FBD5BB10>> start_wid=None stop_wid=None post_wid=None skip_call=None call_count=3 args=() kwds={}
2025-01-09 15:58:19,815 LT1-thread root DEBUG client.py                 71    logger_log                : Test function parameters: args=(), kwds={}
2025-01-09 15:58:19,815 MainThread root DEBUG client.py                 71    logger_log                : Interrupting GAP GAP/PADV/PASE/BV-04-C test case of thread LT1-thread
2025-01-09 15:58:19,815 LT1-thread root DEBUG client.py                 71    logger_log                : Starting test function: class=<class 'autopts.ptsprojects.testcase.TestFuncCleanUp'>, func=<bound method ZephyrCtl.stop of <autopts.ptsprojects.zephyr.iutctl.ZephyrCtl object at 0x00000255F8D734D0>> start_wid=None stop_wid=None post_wid=None skip_call=None call_count=3 args=() kwds={}
2025-01-09 15:58:19,815 LT1-thread root DEBUG client.py                 71    logger_log                : Test function parameters: args=(), kwds={}
2025-01-09 15:58:19,815 LT1-thread root DEBUG client.py                 71    logger_log                : <class 'autopts.ptsprojects.zephyr.iutctl.ZephyrCtl'>.stop
2025-01-09 15:58:19,916 LT1-thread root DEBUG client.py                 71    logger_log                : <class 'autopts.rtt.RTTLogger'>.stop
2025-01-09 15:58:19,916 LT1-thread root DEBUG client.py                 71    logger_log                : <class 'autopts.rtt.RTT'>.stop
2025-01-09 15:58:19,955 LT1-thread root DEBUG client.py                 71    logger_log                : About to reset DUT: JLink -CommandFile reset.jlink -usb 1064371884 -device MCXW716
2025-01-09 15:58:20,530 BTPWorkerThread-2881 (_rx_task) root DEBUG client.py                 71    logger_log                : Read 5 bytes
2025-01-09 15:58:20,550 BTPWorkerThread-2881 (_rx_task) root DEBUG client.py                 71    logger_log                : Received: hdr: Header(svc_id=0x00, op=0x80, ctrl_index=0xff, data_len=0x00) bytearray(b'\x00\x80\xff\x00\x00')
2025-01-09 15:58:20,569 BTPWorkerThread-2881 (_rx_task) root DEBUG client.py                 71    logger_log                : Received data: {''}, bytearray(b'')
2025-01-09 15:58:20,598 BTPWorkerThread-2881 (_rx_task) root DEBUG client.py                 71    logger_log                : event_handler Header(svc_id=0, op=128, ctrl_index=255, data_len=0) (b'',)
2025-01-09 15:58:20,617 BTPWorkerThread-2881 (_rx_task) root DEBUG client.py                 71    logger_log                : core_iut_ready_ev
2025-01-09 15:58:20,636 LT1-thread root DEBUG client.py                 71    logger_log                : IUT ready event received OK
2025-01-09 15:58:20,636 LT1-thread root DEBUG client.py                 71    logger_log                : Waiting for _rx_worker to finish ...
2025-01-09 15:58:21,641 BTPWorkerThread-2881 (_rx_task) root DEBUG client.py                 71    logger_log                : BTPWorkerThread-2881 (_rx_task) finishing...
2025-01-09 15:58:21,641 LT1-thread root DEBUG client.py                 71    logger_log                : Waiting for _rx_worker to finish ...
2025-01-09 15:58:23,040 LT1-callback ClientCallback.on_implicit_send INFO client.py                 71    logger_log                : 
    ********************
    BEGIN OnImplicitSend:
    project_name: GAP
    wid: 20001
    test_case_name: GAP/PADV/PASE/BV-04-C
    description: Please prepare IUT into a connectable mode.

Description: Verify that the Implementation Under Test (IUT) can accept GATT connect request from PTS.
    style: MMI_Style_Ok_Cancel2 0x11141
2025-01-09 15:58:23,041 LT1-callback ClientCallback.on_implicit_send INFO client.py                 71    logger_log                : Calling test cases on_implicit_send
2025-01-09 15:58:23,041 LT1-callback ClientCallback.on_implicit_send INFO client.py                 71    logger_log                : 
    on_implicit_send returned response: WAIT
    END OnImplicitSend
    ********************
2025-01-09 15:58:24,660 LT1-thread root DEBUG client.py                 71    logger_log                : post_run, cleanup running post test case script
2025-01-09 15:58:24,661 LT1-thread root DEBUG client.py                 71    logger_log                : post_run, run post test case script
2025-01-09 15:58:24,820 LT1-thread root DEBUG client.py                 71    logger_log                : Done TestCase _run_test_case GAP GAP/PADV/PASE/BV-04-C
