< 2025/01/04 19:18:12.061568  length=5 from=0 to=4
 00 80 ff 00 00                                   .....
--
> 2025/01/04 19:18:21.954504  length=6 from=0 to=5
 00 03 ff 01 00 01                                ......
--
< 2025/01/04 19:18:22.001552  length=5 from=5 to=9
 00 03 ff 00 00                                   .....
--
> 2025/01/04 19:18:22.112447  length=5 from=6 to=10
 01 03 00 00 00                                   .....
--
< 2025/01/04 19:18:22.915690  length=32 from=10 to=41
 01 03 00 15 01 28 00 03 37 60 00 13 06 02 00 13  .....(..7`......
 02 00 00 00 00 00 62 74 70 5f 74 65 73 74 65 72  ......btp_tester
--
< 2025/01/04 19:18:22.919927  length=32 from=42 to=73
 00 00 00 00 00 00 00 00 00 00 00 00 00 00 00 00  ................
 00 00 00 00 00 00 00 00 00 00 00 00 00 00 00 00  ................
--
< 2025/01/04 19:18:22.922265  length=32 from=74 to=105
 00 00 00 00 00 00 00 00 00 00 00 00 00 00 00 00  ................
 00 00 00 00 00 00 00 00 00 00 00 00 00 00 00 00  ................
--
< 2025/01/04 19:18:22.924656  length=32 from=106 to=137
 00 00 00 00 00 00 00 00 00 00 00 00 00 00 00 00  ................
 00 00 00 00 00 00 00 00 00 00 00 00 00 00 00 00  ................
--
< 2025/01/04 19:18:22.926981  length=32 from=138 to=169
 00 00 00 00 00 00 00 00 00 00 00 00 00 00 00 00  ................
 00 00 00 00 00 00 00 00 00 00 00 00 00 00 00 00  ................
--
< 2025/01/04 19:18:22.929072  length=32 from=170 to=201
 00 00 00 00 00 00 00 00 00 00 00 00 00 00 00 00  ................
 00 00 00 00 00 00 00 00 00 00 00 00 00 00 00 00  ................
--
< 2025/01/04 19:18:22.946674  length=90 from=202 to=291
 00 00 00 00 00 00 00 00 00 00 00 00 00 00 00 00  ................
 00 00 00 00 00 00 00 00 00 00 00 00 00 00 00 00  ................
 00 00 00 00 00 00 00 00 00 00 00 00 00 00 00 00  ................
 00 00 00 00 00 00 00 00 00 00 00 00 00 00 00 00  ................
 00 00 00 00 00 00 00 00 00 00 00 00 00 00 00 00  ................
 00 00 00 00 00 00 00 00 00 00                    ..........
--
> 2025/01/04 19:18:23.198951  length=6 from=11 to=16
 00 03 ff 01 00 02                                ......
--
< 2025/01/04 19:18:23.214911  length=5 from=292 to=296
 00 03 ff 00 00                                   .....
--
> 2025/01/04 19:18:23.278951  length=6 from=17 to=22
 01 10 00 01 00 04                                ......
--
< 2025/01/04 19:18:23.294103  length=5 from=297 to=301
 01 10 00 00 00                                   .....
--
> 2025/01/04 19:18:23.372957  length=9 from=23 to=31
 02 02 00 04 00 00 02 aa 51                       ........Q
--
< 2025/01/04 19:18:23.388943  length=7 from=302 to=308
 02 02 00 02 00 00 00                             .......
--
> 2025/01/04 19:18:23.450966  length=12 from=32 to=43
 02 03 00 07 00 00 00 02 11 02 aa 52              ...........R
--
< 2025/01/04 19:18:23.466945  length=7 from=309 to=315
 02 03 00 02 00 00 00                             .......
--
> 2025/01/04 19:18:23.559900  length=10 from=44 to=53
 02 06 00 05 00 00 00 01 00 01                    ..........
--
< 2025/01/04 19:18:23.575018  length=5 from=316 to=320
 02 06 00 00 00                                   .....
--
> 2025/01/04 19:18:23.669924  length=12 from=54 to=65
 02 03 00 07 00 00 00 02 05 02 aa 53              ...........S
--
< 2025/01/04 19:18:23.685119  length=7 from=321 to=327
 02 03 00 02 00 00 00                             .......
--
> 2025/01/04 19:18:23.808989  length=10 from=66 to=75
 02 06 00 05 00 00 00 01 00 02                    ..........
--
< 2025/01/04 19:18:23.824977  length=5 from=328 to=332
 02 06 00 00 00                                   .....
--
> 2025/01/04 19:18:23.886906  length=12 from=76 to=87
 02 03 00 07 00 00 00 42 03 02 aa 54              .......B...T
--
< 2025/01/04 19:18:23.903013  length=7 from=333 to=339
 02 03 00 02 00 00 00                             .......
--
> 2025/01/04 19:18:24.012877  length=10 from=88 to=97
 02 06 00 05 00 00 00 01 00 03                    ..........
--
< 2025/01/04 19:18:24.029049  length=5 from=340 to=344
 02 06 00 00 00                                   .....
--
> 2025/01/04 19:18:24.152971  length=12 from=98 to=109
 02 03 00 07 00 00 00 0a                          ........
 30 02 aa 55                                      0..U
--
< 2025/01/04 19:18:24.167976  length=7 from=345 to=351
 02 03 00 02 00 00 00                             .......
--
> 2025/01/04 19:18:24.278975  length=10 from=110 to=119
 02 06 00 05 00 00 00 01 00 04                    ..........
--
< 2025/01/04 19:18:24.295020  length=5 from=352 to=356
 02 06 00 00 00                                   .....
--
> 2025/01/04 19:18:24.372970  length=5 from=120 to=124
 02 07 00 00 00                                   .....
--
< 2025/01/04 19:18:24.388994  length=8 from=357 to=364
 02 07 00 03 00 00 00 00                          ........
--
> 2025/01/04 19:18:27.505580  length=6 from=125 to=130
 01 10 00 01 00 03                                ......
--
< 2025/01/04 19:18:27.520635  length=5 from=365 to=369
 01 10 00 00 00                                   .....
--
> 2025/01/04 19:18:29.600959  length=27 from=131 to=157
 01 0a                                            ..
 00 16 00 0f 00 09 0d 54 65 73 74 65 72 5f 32 35  .......Tester_25
 44 45 32 41 ff ff ff ff 00                       DE2A.....
--
< 2025/01/04 19:18:29.617088  length=9 from=370 to=378
 01 0a                                            ..
 00 04 00 13 06 00 00                             .......
--
< 2025/01/04 19:18:31.433527  length=27 from=379 to=405
 01 82 00 0d 00 00 2a de 25 e8 07 c0 38 00 00 00  ......*.%...8...
 d0 07 01 80 00 04 00 13 02 00 00                 ...........
--
< 2025/01/04 19:18:32.658613  length=13 from=406 to=418
 01 89 00 08 00 00 2a de 25 e8 07 c0 02           ......*.%....
--
> 2025/01/04 19:18:33.710432  length=15 from=158 to=172
 02 1b 00 0a                                      ....
 00 00 2a de 25 e8 07 c0 01 0d 00                 ..*.%......
--
< 2025/01/04 19:18:34.104500  length=5 from=419 to=423
 02 1b 00 00 00                                   .....
--
< 2025/01/04 19:18:35.438394  length=12 from=424 to=435
 01 83 00 07 00 00 2a de 25 e8 07 c0              ......*.%...
--
> 2025/01/04 19:18:36.158141  length=27 from=173 to=199
 01 0a                                            ..
 00 16 00 0f 00 09 0d 54 65 73 74 65 72 5f 32 35  .......Tester_25
 44 45 32 41 ff ff ff ff 00                       DE2A.....
--
< 2025/01/04 19:18:36.174320  length=9 from=436 to=444
 01 0a                                            ..
 00 04 00 13 06 00 00                             .......
--
< 2025/01/04 19:18:38.547961  length=27 from=445 to=471
 01 82 00 0d 00 00 2a de 25 e8 07 c0 38 00 00 00  ......*.%...8...
 d0 07 01 80 00 04 00 13 02 00 00                 ...........
--
< 2025/01/04 19:18:44.089907  length=18 from=472 to=489
 01 88 00 0d 00 00 2a de 25 e8 07 c0 18 00 00 00  ......*.%.......
 2a 00                                            *.
--
< 2025/01/04 19:18:44.307962  length=13 from=490 to=502
 01 89 00 08 00 00 2a de 25 e8 07 c0 02           ......*.%....
--
< 2025/01/04 19:18:44.369766  length=18 from=503 to=520
 02 80 00 0d 00 00 2a de 25 e8 07 c0 02 0b 00 01  ......*.%.......
 00 62                                            .b
--
< 2025/01/04 19:19:15.562467  length=12 from=521 to=532
 01 83 00 07 00 00 2a de 25 e8 07 c0              ......*.%...
--
< 2025/01/04 19:19:20.601943  length=5 from=533 to=537
 00 80 ff 00 00                                   .....
--
