2025-11-27 10:53:40,898 LT1-thread root DEBUG client.py                 82    logger_log                : Starting TestCase _run_test_case AVCTP AVCTP/CT/NFR/BV-01-C
2025-11-27 10:53:40,898 LT1-thread root DEBUG client.py                 82    logger_log                : pre_run AVCTP AVCTP/CT/NFR/BV-01-C
2025-11-27 10:53:40,898 LT1-thread root DEBUG client.py                 82    logger_log                : About to run test case AVCTP AVCTP/CT/NFR/BV-01-C with commands:
2025-11-27 10:53:40,898 LT1-thread root DEBUG client.py                 82    logger_log                : 0) class=<class 'autopts.ptsprojects.testcase.TestFunc'>, func=<bound method Stack.core_init of <autopts.ptsprojects.stack.stack.Stack object at 0x000001E50B6DDA30>> start_wid=None stop_wid=None post_wid=None skip_call=None call_count=0 args=() kwds={}
2025-11-27 10:53:40,898 LT1-thread root DEBUG client.py                 82    logger_log                : 1) class=<class 'autopts.ptsprojects.testcase.TestFunc'>, func=<bound method IutCtl.start of <autopts.ptsprojects.zephyr.iutctl.ZephyrCtl object at 0x000001E50A449130>> start_wid=None stop_wid=None post_wid=None skip_call=None call_count=0 args=(<autopts.ptsprojects.zephyr.ztestcase.ZTestCase object at 0x000001E50BAB3200>,) kwds={}
2025-11-27 10:53:40,898 LT1-thread root DEBUG client.py                 82    logger_log                : 2) class=<class 'autopts.ptsprojects.testcase.TestFunc'>, func=<bound method IutCtl.wait_iut_ready_event of <autopts.ptsprojects.zephyr.iutctl.ZephyrCtl object at 0x000001E50A449130>> start_wid=None stop_wid=None post_wid=None skip_call=None call_count=0 args=(False,) kwds={}
2025-11-27 10:53:40,898 LT1-thread root DEBUG client.py                 82    logger_log                : 3) class=<class 'autopts.ptsprojects.testcase.TestFunc'>, func=<function core_reg_svc_gap at 0x000001E508609580> start_wid=None stop_wid=None post_wid=None skip_call=None call_count=7 args=() kwds={}
2025-11-27 10:53:40,898 LT1-thread root DEBUG client.py                 82    logger_log                : 4) class=<class 'autopts.ptsprojects.testcase.TestFunc'>, func=<bound method Stack.gap_init of <autopts.ptsprojects.stack.stack.Stack object at 0x000001E50B6DDA30>> start_wid=None stop_wid=None post_wid=None skip_call=None call_count=7 args=(b'Tester_08E44E',) kwds={}
2025-11-27 10:53:40,898 LT1-thread root DEBUG client.py                 82    logger_log                : 5) class=<class 'autopts.ptsprojects.testcase.TestFunc'>, func=<function gap_read_ctrl_info at 0x000001E50868B740> start_wid=None stop_wid=None post_wid=None skip_call=None call_count=7 args=() kwds={}
2025-11-27 10:53:40,898 LT1-thread root DEBUG client.py                 82    logger_log                : 6) class=<class 'autopts.ptsprojects.testcase.TestFunc'>, func=<function test_cases.<locals>.<lambda> at 0x000001E50BA937E0> start_wid=None stop_wid=None post_wid=None skip_call=None call_count=7 args=() kwds={}
2025-11-27 10:53:40,898 LT1-thread root DEBUG client.py                 82    logger_log                : 7) class=<class 'autopts.ptsprojects.testcase.TestFunc'>, func=<function set_pts_addr at 0x000001E508609120> start_wid=None stop_wid=None post_wid=None skip_call=None call_count=7 args=('00:1B:DC:08:E4:4E', 0) kwds={}
2025-11-27 10:53:40,898 LT1-thread root DEBUG client.py                 82    logger_log                : 8) class=<class 'autopts.ptsprojects.testcase.TestFunc'>, func=<function core_reg_svc_avctp at 0x000001E50860ACA0> start_wid=None stop_wid=None post_wid=None skip_call=None call_count=7 args=() kwds={}
2025-11-27 10:53:40,898 LT1-thread root DEBUG client.py                 82    logger_log                : 9) class=<class 'autopts.ptsprojects.testcase.TestFunc'>, func=<bound method Stack.avctp_init of <autopts.ptsprojects.stack.stack.Stack object at 0x000001E50B6DDA30>> start_wid=None stop_wid=None post_wid=None skip_call=None call_count=7 args=() kwds={}
2025-11-27 10:53:40,898 LT1-thread root DEBUG client.py                 82    logger_log                : 10) class=<class 'autopts.ptsprojects.testcase.TestFunc'>, func=<function core_reg_svc_avrcp at 0x000001E50860AC00> start_wid=None stop_wid=None post_wid=None skip_call=None call_count=7 args=() kwds={}
2025-11-27 10:53:40,908 LT1-thread root DEBUG client.py                 82    logger_log                : 11) class=<class 'autopts.ptsprojects.testcase.TestFunc'>, func=<bound method Stack.avrcp_init of <autopts.ptsprojects.stack.stack.Stack object at 0x000001E50B6DDA30>> start_wid=None stop_wid=None post_wid=None skip_call=None call_count=7 args=() kwds={}
2025-11-27 10:53:40,908 LT1-thread root DEBUG client.py                 82    logger_log                : 12) class=<class 'autopts.ptsprojects.testcase.TestFuncCleanUp'>, func=<bound method Stack.cleanup of <autopts.ptsprojects.stack.stack.Stack object at 0x000001E50B6DDA30>> start_wid=None stop_wid=None post_wid=None skip_call=None call_count=0 args=() kwds={}
2025-11-27 10:53:40,908 LT1-thread root DEBUG client.py                 82    logger_log                : 13) class=<class 'autopts.ptsprojects.testcase.TestFuncCleanUp'>, func=<bound method ZephyrCtl.stop of <autopts.ptsprojects.zephyr.iutctl.ZephyrCtl object at 0x000001E50A449130>> start_wid=None stop_wid=None post_wid=None skip_call=None call_count=0 args=() kwds={}
2025-11-27 10:53:40,908 LT1-thread root DEBUG client.py                 82    logger_log                : pre_run, run pre test case script
2025-11-27 10:53:40,917 LT1-thread root DEBUG client.py                 82    logger_log                : Starting test function: class=<class 'autopts.ptsprojects.testcase.TestFunc'>, func=<bound method Stack.core_init of <autopts.ptsprojects.stack.stack.Stack object at 0x000001E50B6DDA30>> start_wid=None stop_wid=None post_wid=None skip_call=None call_count=1 args=() kwds={}
2025-11-27 10:53:40,917 LT1-thread root DEBUG client.py                 82    logger_log                : Test function parameters: args=(), kwds={}
2025-11-27 10:53:40,917 LT1-thread root DEBUG client.py                 82    logger_log                : Starting test function: class=<class 'autopts.ptsprojects.testcase.TestFunc'>, func=<bound method IutCtl.start of <autopts.ptsprojects.zephyr.iutctl.ZephyrCtl object at 0x000001E50A449130>> start_wid=None stop_wid=None post_wid=None skip_call=None call_count=1 args=(<autopts.ptsprojects.zephyr.ztestcase.ZTestCase object at 0x000001E50BAB3200>,) kwds={}
2025-11-27 10:53:40,917 LT1-thread root DEBUG client.py                 82    logger_log                : Test function parameters: args=(<autopts.ptsprojects.zephyr.ztestcase.ZTestCase object at 0x000001E50BAB3200>,), kwds={}
2025-11-27 10:53:40,917 LT1-thread root DEBUG client.py                 82    logger_log                : <class 'autopts.ptsprojects.zephyr.iutctl.ZephyrCtl'>.start
2025-11-27 10:53:40,917 LT1-thread root DEBUG client.py                 82    logger_log                : <class 'autopts.ptsprojects.zephyr.iutctl.ZephyrCtl'>.flush_serial
2025-11-27 10:53:42,089 LT1-thread root DEBUG client.py                 82    logger_log                : Starting socat process: socat.exe -x -v tcp:10.17.12.9:64347,retry=100,interval=1 /dev/ttyS2,raw,b115200,
2025-11-27 10:53:42,098 LT1-thread root DEBUG client.py                 82    logger_log                : accept
2025-11-27 10:53:42,224 BTPWorkerThread-135 (_rx_task) root DEBUG client.py                 82    logger_log                : BTPWorkerThread-135 (_rx_task) started
2025-11-27 10:53:42,225 LT1-thread root DEBUG client.py                 82    logger_log                : Starting test function: class=<class 'autopts.ptsprojects.testcase.TestFunc'>, func=<bound method IutCtl.wait_iut_ready_event of <autopts.ptsprojects.zephyr.iutctl.ZephyrCtl object at 0x000001E50A449130>> start_wid=None stop_wid=None post_wid=None skip_call=None call_count=1 args=(False,) kwds={}
2025-11-27 10:53:42,225 LT1-thread root DEBUG client.py                 82    logger_log                : Test function parameters: args=(False,), kwds={}
2025-11-27 10:53:42,227 LT1-thread root DEBUG client.py                 82    logger_log                : IUT ready event received OK
2025-11-27 10:53:42,228 LT1-thread root DEBUG client.py                 82    logger_log                : Starting test function: class=<class 'autopts.ptsprojects.testcase.TestFunc'>, func=<function core_reg_svc_gap at 0x000001E508609580> start_wid=None stop_wid=None post_wid=None skip_call=None call_count=8 args=() kwds={}
2025-11-27 10:53:42,228 LT1-thread root DEBUG client.py                 82    logger_log                : Test function parameters: args=(), kwds={}
2025-11-27 10:53:42,229 LT1-thread root DEBUG client.py                 82    logger_log                : core_reg_svc_univ: gap_reg (GAP)
2025-11-27 10:53:42,229 LT1-thread root DEBUG client.py                 82    logger_log                : send, 0 3 255 '1'
2025-11-27 10:53:42,229 LT1-thread root DEBUG client.py                 82    logger_log                : sending frame '0003ff010001'
2025-11-27 10:53:42,229 LT1-thread root DEBUG client.py                 82    logger_log                : core_reg_svc_rsp_succ
2025-11-27 10:53:42,229 LT1-thread root DEBUG client.py                 82    logger_log                : read
2025-11-27 10:53:45,865 BTPWorkerThread-135 (_rx_task) root DEBUG client.py                 82    logger_log                : Read 5 bytes
2025-11-27 10:53:45,896 BTPWorkerThread-135 (_rx_task) root DEBUG client.py                 82    logger_log                : Received: hdr: Header(svc_id=0x00, op=0x03, ctrl_index=0xff, data_len=0x00) bytearray(b'\x00\x03\xff\x00\x00')
2025-11-27 10:53:45,927 BTPWorkerThread-135 (_rx_task) root DEBUG client.py                 82    logger_log                : Received data: {''}, bytearray(b'')
2025-11-27 10:53:45,958 LT1-thread root DEBUG client.py                 82    logger_log                : received Header(svc_id=0, op=3, ctrl_index=255, data_len=0) (b'',)
2025-11-27 10:53:45,958 LT1-thread root DEBUG client.py                 82    logger_log                : expected ((0, 3, 255, 0), (b'',))
2025-11-27 10:53:45,958 LT1-thread root DEBUG client.py                 82    logger_log                : response is valid
2025-11-27 10:53:45,958 LT1-thread root DEBUG client.py                 82    logger_log                : Reading supported commands for service: GAP
2025-11-27 10:53:45,959 LT1-thread root DEBUG client.py                 82    logger_log                : send, 1 1 255 ''
2025-11-27 10:53:45,959 LT1-thread root DEBUG client.py                 82    logger_log                : sending frame '0101ff0000'
2025-11-27 10:53:45,959 LT1-thread root DEBUG client.py                 82    logger_log                : read
2025-11-27 10:53:46,036 BTPWorkerThread-135 (_rx_task) root DEBUG client.py                 82    logger_log                : Read 5 bytes
2025-11-27 10:53:46,054 BTPWorkerThread-135 (_rx_task) root DEBUG client.py                 82    logger_log                : Received: hdr: Header(svc_id=0x01, op=0x01, ctrl_index=0xff, data_len=0x06) bytearray(b'\x01\x01\xff\x06\x00')
2025-11-27 10:53:46,070 BTPWorkerThread-135 (_rx_task) root DEBUG client.py                 82    logger_log                : Read 6 bytes data
2025-11-27 10:53:46,090 BTPWorkerThread-135 (_rx_task) root DEBUG client.py                 82    logger_log                : Received data: {'6e ff 7f 1f fe f7'}, bytearray(b'n\xff\x7f\x1f\xfe\xf7')
2025-11-27 10:53:46,121 LT1-thread root DEBUG client.py                 82    logger_log                : Starting test function: class=<class 'autopts.ptsprojects.testcase.TestFunc'>, func=<bound method Stack.gap_init of <autopts.ptsprojects.stack.stack.Stack object at 0x000001E50B6DDA30>> start_wid=None stop_wid=None post_wid=None skip_call=None call_count=8 args=(b'Tester_08E44E',) kwds={}
2025-11-27 10:53:46,121 LT1-thread root DEBUG client.py                 82    logger_log                : Test function parameters: args=(b'Tester_08E44E',), kwds={}
2025-11-27 10:53:46,121 LT1-thread root DEBUG client.py                 82    logger_log                : Starting test function: class=<class 'autopts.ptsprojects.testcase.TestFunc'>, func=<function gap_read_ctrl_info at 0x000001E50868B740> start_wid=None stop_wid=None post_wid=None skip_call=None call_count=8 args=() kwds={}
2025-11-27 10:53:46,121 LT1-thread root DEBUG client.py                 82    logger_log                : Test function parameters: args=(), kwds={}
2025-11-27 10:53:46,121 LT1-thread root DEBUG client.py                 82    logger_log                : gap_read_ctrl_info
2025-11-27 10:53:46,121 LT1-thread root DEBUG client.py                 82    logger_log                : send, 1 3 0 ''
2025-11-27 10:53:46,121 LT1-thread root DEBUG client.py                 82    logger_log                : sending frame '0103000000'
2025-11-27 10:53:46,121 LT1-thread root DEBUG client.py                 82    logger_log                : read
2025-11-27 10:53:46,202 BTPWorkerThread-135 (_rx_task) root DEBUG client.py                 82    logger_log                : Read 5 bytes
2025-11-27 10:53:46,232 BTPWorkerThread-135 (_rx_task) root DEBUG client.py                 82    logger_log                : Received: hdr: Header(svc_id=0x01, op=0x03, ctrl_index=0x00, data_len=0x115) bytearray(b'\x01\x03\x00\x15\x01')
2025-11-27 10:53:46,263 BTPWorkerThread-135 (_rx_task) root DEBUG client.py                 82    logger_log                : Read 277 bytes data
2025-11-27 10:53:46,297 BTPWorkerThread-135 (_rx_task) root DEBUG client.py                 82    logger_log                : Received data: {'19 78 ee 69 17 d0 d3 06 02 00 13 02 00 00 00 00 00 62 74 70 5f 74 65 73 74 65 72 00 00 00 00 00 00 00 00 00 00 00 00 00 00 00 00 00 00 00 00 00 00 00 00 00 00 00 00 00 00 00 00 00 00 00 00 00 00 00 00 00 00 00 00 00 00 00 00 00 00 00 00 00 00 00 00 00 00 00 00 00 00 00 00 00 00 00 00 00 00 00 00 00 00 00 00 00 00 00 00 00 00 00 00 00 00 00 00 00 00 00 00 00 00 00 00 00 00 00 00 00 00 00 00 00 00 00 00 00 00 00 00 00 00 00 00 00 00 00 00 00 00 00 00 00 00 00 00 00 00 00 00 00 00 00 00 00 00 00 00 00 00 00 00 00 00 00 00 00 00 00 00 00 00 00 00 00 00 00 00 00 00 00 00 00 00 00 00 00 00 00 00 00 00 00 00 00 00 00 00 00 00 00 00 00 00 00 00 00 00 00 00 00 00 00 00 00 00 00 00 00 00 00 00 00 00 00 00 00 00 00 00 00 00 00 00 00 00 00 00 00 00 00 00 00 00 00 00 00 00 00 00 00 00 00 00 00 00 00 00 00 00 00 00 00 00 00 00 00 00'}, bytearray(b'\x19x\xeei\x17\xd0\xd3\x06\x02\x00\x13\x02\x00\x00\x00\x00\x00btp_tester\x00\x00\x00\x00\x00\x00\x00\x00\x00\x00\x00\x00\x00\x00\x00\x00\x00\x00\x00\x00\x00\x00\x00\x00\x00\x00\x00\x00\x00\x00\x00\x00\x00\x00\x00\x00\x00\x00\x00\x00\x00\x00\x00\x00\x00\x00\x00\x00\x00\x00\x00\x00\x00\x00\x00\x00\x00\x00\x00\x00\x00\x00\x00\x00\x00\x00\x00\x00\x00\x00\x00\x00\x00\x00\x00\x00\x00\x00\x00\x00\x00\x00\x00\x00\x00\x00\x00\x00\x00\x00\x00\x00\x00\x00\x00\x00\x00\x00\x00\x00\x00\x00\x00\x00\x00\x00\x00\x00\x00\x00\x00\x00\x00\x00\x00\x00\x00\x00\x00\x00\x00\x00\x00\x00\x00\x00\x00\x00\x00\x00\x00\x00\x00\x00\x00\x00\x00\x00\x00\x00\x00\x00\x00\x00\x00\x00\x00\x00\x00\x00\x00\x00\x00\x00\x00\x00\x00\x00\x00\x00\x00\x00\x00\x00\x00\x00\x00\x00\x00\x00\x00\x00\x00\x00\x00\x00\x00\x00\x00\x00\x00\x00\x00\x00\x00\x00\x00\x00\x00\x00\x00\x00\x00\x00\x00\x00\x00\x00\x00\x00\x00\x00\x00\x00\x00\x00\x00\x00\x00\x00\x00\x00\x00\x00\x00\x00\x00\x00\x00\x00\x00\x00\x00\x00\x00\x00\x00\x00\x00\x00\x00\x00\x00\x00\x00\x00\x00\x00\x00\x00\x00\x00\x00\x00\x00\x00\x00\x00\x00\x00')
2025-11-27 10:53:46,297 LT1-thread root DEBUG client.py                 82    logger_log                : received Header(svc_id=1, op=3, ctrl_index=0, data_len=277) (b'\x19x\xeei\x17\xd0\xd3\x06\x02\x00\x13\x02\x00\x00\x00\x00\x00btp_tester\x00\x00\x00\x00\x00\x00\x00\x00\x00\x00\x00\x00\x00\x00\x00\x00\x00\x00\x00\x00\x00\x00\x00\x00\x00\x00\x00\x00\x00\x00\x00\x00\x00\x00\x00\x00\x00\x00\x00\x00\x00\x00\x00\x00\x00\x00\x00\x00\x00\x00\x00\x00\x00\x00\x00\x00\x00\x00\x00\x00\x00\x00\x00\x00\x00\x00\x00\x00\x00\x00\x00\x00\x00\x00\x00\x00\x00\x00\x00\x00\x00\x00\x00\x00\x00\x00\x00\x00\x00\x00\x00\x00\x00\x00\x00\x00\x00\x00\x00\x00\x00\x00\x00\x00\x00\x00\x00\x00\x00\x00\x00\x00\x00\x00\x00\x00\x00\x00\x00\x00\x00\x00\x00\x00\x00\x00\x00\x00\x00\x00\x00\x00\x00\x00\x00\x00\x00\x00\x00\x00\x00\x00\x00\x00\x00\x00\x00\x00\x00\x00\x00\x00\x00\x00\x00\x00\x00\x00\x00\x00\x00\x00\x00\x00\x00\x00\x00\x00\x00\x00\x00\x00\x00\x00\x00\x00\x00\x00\x00\x00\x00\x00\x00\x00\x00\x00\x00\x00\x00\x00\x00\x00\x00\x00\x00\x00\x00\x00\x00\x00\x00\x00\x00\x00\x00\x00\x00\x00\x00\x00\x00\x00\x00\x00\x00\x00\x00\x00\x00\x00\x00\x00\x00\x00\x00\x00\x00\x00\x00\x00\x00\x00\x00\x00\x00\x00\x00\x00\x00\x00\x00\x00\x00\x00\x00\x00\x00\x00\x00\x00',)
2025-11-27 10:53:46,298 LT1-thread root DEBUG client.py                 82    logger_log                : IUT address 'd01769ee7819' 'public'
2025-11-27 10:53:46,298 LT1-thread root DEBUG client.py                 82    logger_log                : __gap_current_settings_update 531
2025-11-27 10:53:46,298 LT1-thread root DEBUG client.py                 82    logger_log                : Starting test function: class=<class 'autopts.ptsprojects.testcase.TestFunc'>, func=<function test_cases.<locals>.<lambda> at 0x000001E50BA937E0> start_wid=None stop_wid=None post_wid=None skip_call=None call_count=8 args=() kwds={}
2025-11-27 10:53:46,298 LT1-thread root DEBUG client.py                 82    logger_log                : Test function parameters: args=(), kwds={}
2025-11-27 10:53:46,301 LT1-thread root DEBUG client.py                 82    logger_log                : Starting test function: class=<class 'autopts.ptsprojects.testcase.TestFunc'>, func=<function set_pts_addr at 0x000001E508609120> start_wid=None stop_wid=None post_wid=None skip_call=None call_count=8 args=('00:1B:DC:08:E4:4E', 0) kwds={}
2025-11-27 10:53:46,301 LT1-thread root DEBUG client.py                 82    logger_log                : Test function parameters: args=('00:1B:DC:08:E4:4E', 0), kwds={}
2025-11-27 10:53:46,301 LT1-thread root DEBUG client.py                 82    logger_log                : Starting test function: class=<class 'autopts.ptsprojects.testcase.TestFunc'>, func=<function core_reg_svc_avctp at 0x000001E50860ACA0> start_wid=None stop_wid=None post_wid=None skip_call=None call_count=8 args=() kwds={}
2025-11-27 10:53:46,301 LT1-thread root DEBUG client.py                 82    logger_log                : Test function parameters: args=(), kwds={}
2025-11-27 10:53:46,301 LT1-thread root DEBUG client.py                 82    logger_log                : core_reg_svc_univ: avctp_reg (AVCTP)
2025-11-27 10:53:46,301 LT1-thread root DEBUG client.py                 82    logger_log                : send, 0 3 255 '38'
2025-11-27 10:53:46,302 LT1-thread root DEBUG client.py                 82    logger_log                : sending frame '0003ff010026'
2025-11-27 10:53:46,302 LT1-thread root DEBUG client.py                 82    logger_log                : core_reg_svc_rsp_succ
2025-11-27 10:53:46,302 LT1-thread root DEBUG client.py                 82    logger_log                : read
2025-11-27 10:53:46,391 BTPWorkerThread-135 (_rx_task) root DEBUG client.py                 82    logger_log                : Read 5 bytes
2025-11-27 10:53:46,406 BTPWorkerThread-135 (_rx_task) root DEBUG client.py                 82    logger_log                : Received: hdr: Header(svc_id=0x00, op=0x03, ctrl_index=0xff, data_len=0x00) bytearray(b'\x00\x03\xff\x00\x00')
2025-11-27 10:53:46,437 BTPWorkerThread-135 (_rx_task) root DEBUG client.py                 82    logger_log                : Received data: {''}, bytearray(b'')
2025-11-27 10:53:46,437 LT1-thread root DEBUG client.py                 82    logger_log                : received Header(svc_id=0, op=3, ctrl_index=255, data_len=0) (b'',)
2025-11-27 10:53:46,437 LT1-thread root DEBUG client.py                 82    logger_log                : expected ((0, 3, 255, 0), (b'',))
2025-11-27 10:53:46,438 LT1-thread root DEBUG client.py                 82    logger_log                : response is valid
2025-11-27 10:53:46,438 LT1-thread root DEBUG client.py                 82    logger_log                : Reading supported commands for service: AVCTP
2025-11-27 10:53:46,438 LT1-thread root DEBUG client.py                 82    logger_log                : send, 38 1 255 ''
2025-11-27 10:53:46,438 LT1-thread root DEBUG client.py                 82    logger_log                : sending frame '2601ff0000'
2025-11-27 10:53:46,438 LT1-thread root DEBUG client.py                 82    logger_log                : read
2025-11-27 10:53:46,501 BTPWorkerThread-135 (_rx_task) root DEBUG client.py                 82    logger_log                : Read 5 bytes
2025-11-27 10:53:46,501 BTPWorkerThread-135 (_rx_task) root DEBUG client.py                 82    logger_log                : Received: hdr: Header(svc_id=0x26, op=0x01, ctrl_index=0xff, data_len=0x01) bytearray(b'&\x01\xff\x01\x00')
2025-11-27 10:53:46,548 BTPWorkerThread-135 (_rx_task) root DEBUG client.py                 82    logger_log                : Read 1 bytes data
2025-11-27 10:53:46,579 BTPWorkerThread-135 (_rx_task) root DEBUG client.py                 82    logger_log                : Received data: {'02'}, bytearray(b'\x02')
2025-11-27 10:53:46,658 LT1-thread root DEBUG client.py                 82    logger_log                : Starting test function: class=<class 'autopts.ptsprojects.testcase.TestFunc'>, func=<bound method Stack.avctp_init of <autopts.ptsprojects.stack.stack.Stack object at 0x000001E50B6DDA30>> start_wid=None stop_wid=None post_wid=None skip_call=None call_count=8 args=() kwds={}
2025-11-27 10:53:46,658 LT1-thread root DEBUG client.py                 82    logger_log                : Test function parameters: args=(), kwds={}
2025-11-27 10:53:46,658 LT1-thread root DEBUG client.py                 82    logger_log                : Starting test function: class=<class 'autopts.ptsprojects.testcase.TestFunc'>, func=<function core_reg_svc_avrcp at 0x000001E50860AC00> start_wid=None stop_wid=None post_wid=None skip_call=None call_count=8 args=() kwds={}
2025-11-27 10:53:46,658 LT1-thread root DEBUG client.py                 82    logger_log                : Test function parameters: args=(), kwds={}
2025-11-27 10:53:46,659 LT1-thread root DEBUG client.py                 82    logger_log                : core_reg_svc_univ: avrcp_reg (AVRCP)
2025-11-27 10:53:46,659 LT1-thread root DEBUG client.py                 82    logger_log                : send, 0 3 255 '37'
2025-11-27 10:53:46,659 LT1-thread root DEBUG client.py                 82    logger_log                : sending frame '0003ff010025'
2025-11-27 10:53:46,659 LT1-thread root DEBUG client.py                 82    logger_log                : core_reg_svc_rsp_succ
2025-11-27 10:53:46,659 LT1-thread root DEBUG client.py                 82    logger_log                : read
2025-11-27 10:53:46,721 BTPWorkerThread-135 (_rx_task) root DEBUG client.py                 82    logger_log                : Read 5 bytes
2025-11-27 10:53:46,746 BTPWorkerThread-135 (_rx_task) root DEBUG client.py                 82    logger_log                : Received: hdr: Header(svc_id=0x00, op=0x03, ctrl_index=0xff, data_len=0x00) bytearray(b'\x00\x03\xff\x00\x00')
2025-11-27 10:53:46,768 BTPWorkerThread-135 (_rx_task) root DEBUG client.py                 82    logger_log                : Received data: {''}, bytearray(b'')
2025-11-27 10:53:46,768 LT1-thread root DEBUG client.py                 82    logger_log                : received Header(svc_id=0, op=3, ctrl_index=255, data_len=0) (b'',)
2025-11-27 10:53:46,768 LT1-thread root DEBUG client.py                 82    logger_log                : expected ((0, 3, 255, 0), (b'',))
2025-11-27 10:53:46,768 LT1-thread root DEBUG client.py                 82    logger_log                : response is valid
2025-11-27 10:53:46,768 LT1-thread root DEBUG client.py                 82    logger_log                : Reading supported commands for service: AVRCP
2025-11-27 10:53:46,768 LT1-thread root DEBUG client.py                 82    logger_log                : send, 37 1 255 ''
2025-11-27 10:53:46,768 LT1-thread root DEBUG client.py                 82    logger_log                : sending frame '2501ff0000'
2025-11-27 10:53:46,768 LT1-thread root DEBUG client.py                 82    logger_log                : read
2025-11-27 10:53:46,860 BTPWorkerThread-135 (_rx_task) root DEBUG client.py                 82    logger_log                : Read 5 bytes
2025-11-27 10:53:46,880 BTPWorkerThread-135 (_rx_task) root DEBUG client.py                 82    logger_log                : Received: hdr: Header(svc_id=0x25, op=0x01, ctrl_index=0xff, data_len=0x05) bytearray(b'%\x01\xff\x05\x00')
2025-11-27 10:53:46,920 BTPWorkerThread-135 (_rx_task) root DEBUG client.py                 82    logger_log                : Read 5 bytes data
2025-11-27 10:53:46,940 BTPWorkerThread-135 (_rx_task) root DEBUG client.py                 82    logger_log                : Received data: {'fe ff e7 ff 7f'}, bytearray(b'\xfe\xff\xe7\xff\x7f')
2025-11-27 10:53:46,940 LT1-thread root DEBUG client.py                 82    logger_log                : Starting test function: class=<class 'autopts.ptsprojects.testcase.TestFunc'>, func=<bound method Stack.avrcp_init of <autopts.ptsprojects.stack.stack.Stack object at 0x000001E50B6DDA30>> start_wid=None stop_wid=None post_wid=None skip_call=None call_count=8 args=() kwds={}
2025-11-27 10:53:46,940 LT1-thread root DEBUG client.py                 82    logger_log                : Test function parameters: args=(), kwds={}
2025-11-27 10:53:46,942 LT1-thread root DEBUG client.py                 82    logger_log                : ClientCallback.get_result run_test_case
2025-11-27 10:53:48,601 LT1-callback ClientCallback.on_implicit_send INFO client.py                 82    logger_log                : 
    ********************
    BEGIN OnImplicitSend:
    project_name: AVCTP
    wid: 41
    test_case_name: AVCTP/CT/NFR/BV-01-C
    description: Action: Place the IUT in connectable mode.

Description : PTS requires that the IUT be in connectable mode.The PTS will attempt to establish an ACL connection.
    style: MMI_Style_Ok_Cancel2 0x11141
2025-11-27 10:53:48,601 LT1-callback ClientCallback.on_implicit_send INFO client.py                 82    logger_log                : Calling test cases on_implicit_send
2025-11-27 10:53:48,601 LT1-callback ClientCallback.on_implicit_send INFO client.py                 82    logger_log                : 
    on_implicit_send returned response: WAIT
    END OnImplicitSend
    ********************
2025-11-27 10:53:48,958 LT1-thread root DEBUG client.py                 82    logger_log                : AVCTP AVCTP/CT/NFR/BV-01-C on_implicit_send
2025-11-27 10:53:48,958 LT1-thread root DEBUG client.py                 82    logger_log                : avctp_wid_hdl, 41, Action: Place the IUT in connectable mode.

Description : PTS requires that the IUT be in connectable mode.The PTS will attempt to establish an ACL connection., AVCTP/CT/NFR/BV-01-C
2025-11-27 10:53:48,958 LT1-thread root DEBUG client.py                 82    logger_log                : gap_set_conn
2025-11-27 10:53:48,958 LT1-thread root DEBUG client.py                 82    logger_log                : gap_set_gendiscov
2025-11-27 10:53:48,958 LT1-thread root DEBUG client.py                 82    logger_log                : send, 1 8 0 '1'
2025-11-27 10:53:48,958 LT1-thread root DEBUG client.py                 82    logger_log                : sending frame '010800010001'
2025-11-27 10:53:48,959 LT1-thread root DEBUG client.py                 82    logger_log                : gap_command_rsp_succ
2025-11-27 10:53:48,959 LT1-thread root DEBUG client.py                 82    logger_log                : read
2025-11-27 10:53:49,051 BTPWorkerThread-135 (_rx_task) root DEBUG client.py                 82    logger_log                : Read 5 bytes
2025-11-27 10:53:49,082 BTPWorkerThread-135 (_rx_task) root DEBUG client.py                 82    logger_log                : Received: hdr: Header(svc_id=0x01, op=0x08, ctrl_index=0x00, data_len=0x04) bytearray(b'\x01\x08\x00\x04\x00')
2025-11-27 10:53:49,082 BTPWorkerThread-135 (_rx_task) root DEBUG client.py                 82    logger_log                : Read 4 bytes data
2025-11-27 10:53:49,082 BTPWorkerThread-135 (_rx_task) root DEBUG client.py                 82    logger_log                : Received data: {'1b 02 00 00'}, bytearray(b'\x1b\x02\x00\x00')
2025-11-27 10:53:49,114 LT1-thread root DEBUG client.py                 82    logger_log                : received Header(svc_id=1, op=8, ctrl_index=0, data_len=4) (b'\x1b\x02\x00\x00',)
2025-11-27 10:53:49,114 LT1-thread root DEBUG client.py                 82    logger_log                : __gap_current_settings_update (b'\x1b\x02\x00\x00',)
2025-11-27 10:53:49,114 LT1-thread root DEBUG client.py                 82    logger_log                : gap_adv_ind_on {9: b'Tester_08E44E'} None
2025-11-27 10:53:49,114 LT1-thread root DEBUG client.py                 82    logger_log                : send, 1 10 0 "bytearray(b'\\x0f\\x00\\t\\rTester_08E44E\\xff\\xff\\xff\\xff\\x00')"
2025-11-27 10:53:49,114 LT1-thread root DEBUG client.py                 82    logger_log                : sending frame '010a0016000f00090d5465737465725f303845343445ffffffff00'
2025-11-27 10:53:49,114 LT1-thread root DEBUG client.py                 82    logger_log                : gap_command_rsp_succ
2025-11-27 10:53:49,115 LT1-thread root DEBUG client.py                 82    logger_log                : read
2025-11-27 10:53:49,193 BTPWorkerThread-135 (_rx_task) root DEBUG client.py                 82    logger_log                : Read 5 bytes
2025-11-27 10:53:49,224 BTPWorkerThread-135 (_rx_task) root DEBUG client.py                 82    logger_log                : Received: hdr: Header(svc_id=0x01, op=0x0a, ctrl_index=0x00, data_len=0x04) bytearray(b'\x01\n\x00\x04\x00')
2025-11-27 10:53:49,270 BTPWorkerThread-135 (_rx_task) root DEBUG client.py                 82    logger_log                : Read 4 bytes data
2025-11-27 10:53:49,301 BTPWorkerThread-135 (_rx_task) root DEBUG client.py                 82    logger_log                : Received data: {'1b 06 00 00'}, bytearray(b'\x1b\x06\x00\x00')
2025-11-27 10:53:49,332 LT1-thread root DEBUG client.py                 82    logger_log                : received Header(svc_id=1, op=10, ctrl_index=0, data_len=4) (b'\x1b\x06\x00\x00',)
2025-11-27 10:53:49,332 LT1-thread root DEBUG client.py                 82    logger_log                : __gap_current_settings_update (b'\x1b\x06\x00\x00',)
2025-11-27 10:53:49,332 LT1-thread root DEBUG client.py                 82    logger_log                : Sending response 'OK' to wid 41 test case AVCTP/CT/NFR/BV-01-C
2025-11-27 10:53:49,334 LT1-thread root DEBUG client.py                 82    logger_log                : ClientCallback.get_result run_test_case
2025-11-27 10:53:50,411 BTPWorkerThread-135 (_rx_task) root DEBUG client.py                 82    logger_log                : Read 5 bytes
2025-11-27 10:53:50,412 BTPWorkerThread-135 (_rx_task) root DEBUG client.py                 82    logger_log                : Received: hdr: Header(svc_id=0x01, op=0x82, ctrl_index=0x00, data_len=0x0d) bytearray(b'\x01\x82\x00\r\x00')
2025-11-27 10:53:50,412 BTPWorkerThread-135 (_rx_task) root DEBUG client.py                 82    logger_log                : Read 13 bytes data
2025-11-27 10:53:50,412 BTPWorkerThread-135 (_rx_task) root DEBUG client.py                 82    logger_log                : Received data: {'e0 4e e4 08 dc 1b 00 00 00 00 00 00 00'}, bytearray(b'\xe0N\xe4\x08\xdc\x1b\x00\x00\x00\x00\x00\x00\x00')
2025-11-27 10:53:50,412 BTPWorkerThread-135 (_rx_task) root DEBUG client.py                 82    logger_log                : event_handler Header(svc_id=1, op=130, ctrl_index=0, data_len=13) (b'\xe0N\xe4\x08\xdc\x1b\x00\x00\x00\x00\x00\x00\x00',)
2025-11-27 10:53:50,412 BTPWorkerThread-135 (_rx_task) root DEBUG client.py                 82    logger_log                : gap_connected_ev_ b'\xe0N\xe4\x08\xdc\x1b\x00\x00\x00\x00\x00\x00\x00'
2025-11-27 10:53:50,412 BTPWorkerThread-135 (_rx_task) root DEBUG client.py                 82    logger_log                : Read 5 bytes
2025-11-27 10:53:50,412 BTPWorkerThread-135 (_rx_task) root DEBUG client.py                 82    logger_log                : Received: hdr: Header(svc_id=0x01, op=0x80, ctrl_index=0x00, data_len=0x04) bytearray(b'\x01\x80\x00\x04\x00')
2025-11-27 10:53:50,413 BTPWorkerThread-135 (_rx_task) root DEBUG client.py                 82    logger_log                : Read 4 bytes data
2025-11-27 10:53:50,413 BTPWorkerThread-135 (_rx_task) root DEBUG client.py                 82    logger_log                : Received data: {'1b 02 00 00'}, bytearray(b'\x1b\x02\x00\x00')
2025-11-27 10:53:50,413 BTPWorkerThread-135 (_rx_task) root DEBUG client.py                 82    logger_log                : event_handler Header(svc_id=1, op=128, ctrl_index=0, data_len=4) (b'\x1b\x02\x00\x00',)
2025-11-27 10:53:50,413 BTPWorkerThread-135 (_rx_task) root DEBUG client.py                 82    logger_log                : gap_new_settings_ev_ b'\x1b\x02\x00\x00'
2025-11-27 10:53:50,413 BTPWorkerThread-135 (_rx_task) root DEBUG client.py                 82    logger_log                : __gap_current_settings_update 539
2025-11-27 10:53:50,550 LT1-callback ClientCallback.on_implicit_send INFO client.py                 82    logger_log                : 
    ********************
    BEGIN OnImplicitSend:
    project_name: AVCTP
    wid: 2002
    test_case_name: AVCTP/CT/NFR/BV-01-C
    description: Please wait while PTS creates an AVCTP control channel connection.

Action: Make sure the IUT is in a connectable state.
    style: MMI_Style_Ok_Cancel2 0x11141
2025-11-27 10:53:50,550 LT1-callback ClientCallback.on_implicit_send INFO client.py                 82    logger_log                : Calling test cases on_implicit_send
2025-11-27 10:53:50,550 LT1-callback ClientCallback.on_implicit_send INFO client.py                 82    logger_log                : 
    on_implicit_send returned response: WAIT
    END OnImplicitSend
    ********************
2025-11-27 10:53:51,361 LT1-thread root DEBUG client.py                 82    logger_log                : AVCTP AVCTP/CT/NFR/BV-01-C on_implicit_send
2025-11-27 10:53:51,361 LT1-thread root DEBUG client.py                 82    logger_log                : avctp_wid_hdl, 2002, Please wait while PTS creates an AVCTP control channel connection.

Action: Make sure the IUT is in a connectable state., AVCTP/CT/NFR/BV-01-C
2025-11-27 10:53:52,129 BTPWorkerThread-135 (_rx_task) root DEBUG client.py                 82    logger_log                : Read 5 bytes
2025-11-27 10:53:52,162 BTPWorkerThread-135 (_rx_task) root DEBUG client.py                 82    logger_log                : Received: hdr: Header(svc_id=0x01, op=0x91, ctrl_index=0x00, data_len=0x09) bytearray(b'\x01\x91\x00\t\x00')
2025-11-27 10:53:52,209 BTPWorkerThread-135 (_rx_task) root DEBUG client.py                 82    logger_log                : Read 9 bytes data
2025-11-27 10:53:52,209 BTPWorkerThread-135 (_rx_task) root DEBUG client.py                 82    logger_log                : Received data: {'e0 4e e4 08 dc 1b 00 01 10'}, bytearray(b'\xe0N\xe4\x08\xdc\x1b\x00\x01\x10')
2025-11-27 10:53:52,240 BTPWorkerThread-135 (_rx_task) root DEBUG client.py                 82    logger_log                : event_handler Header(svc_id=1, op=145, ctrl_index=0, data_len=9) (b'\xe0N\xe4\x08\xdc\x1b\x00\x01\x10',)
2025-11-27 10:53:52,270 BTPWorkerThread-135 (_rx_task) root DEBUG client.py                 82    logger_log                : gap_encryption_change_ev_
2025-11-27 10:53:52,300 BTPWorkerThread-135 (_rx_task) root DEBUG client.py                 82    logger_log                : enc change received b'\xe0N\xe4\x08\xdc\x1b\x00\x01\x10'
2025-11-27 10:53:52,332 BTPWorkerThread-135 (_rx_task) root DEBUG client.py                 82    logger_log                : received (224, '001bdc08e44e', 1, 16)
2025-11-27 10:53:52,364 BTPWorkerThread-135 (_rx_task) root DEBUG client.py                 82    logger_log                : Read 5 bytes
2025-11-27 10:53:52,396 BTPWorkerThread-135 (_rx_task) root DEBUG client.py                 82    logger_log                : Received: hdr: Header(svc_id=0x01, op=0x89, ctrl_index=0x00, data_len=0x08) bytearray(b'\x01\x89\x00\x08\x00')
2025-11-27 10:53:52,443 BTPWorkerThread-135 (_rx_task) root DEBUG client.py                 82    logger_log                : Read 8 bytes data
2025-11-27 10:53:52,473 BTPWorkerThread-135 (_rx_task) root DEBUG client.py                 82    logger_log                : Received data: {'e0 4e e4 08 dc 1b 00 02'}, bytearray(b'\xe0N\xe4\x08\xdc\x1b\x00\x02')
2025-11-27 10:53:52,488 BTPWorkerThread-135 (_rx_task) root DEBUG client.py                 82    logger_log                : event_handler Header(svc_id=1, op=137, ctrl_index=0, data_len=8) (b'\xe0N\xe4\x08\xdc\x1b\x00\x02',)
2025-11-27 10:53:52,520 BTPWorkerThread-135 (_rx_task) root DEBUG client.py                 82    logger_log                : gap_sec_level_changed_ev_
2025-11-27 10:53:52,551 BTPWorkerThread-135 (_rx_task) root DEBUG client.py                 82    logger_log                : received b'\xe0N\xe4\x08\xdc\x1b\x00\x02'
2025-11-27 10:53:52,582 BTPWorkerThread-135 (_rx_task) root DEBUG client.py                 82    logger_log                : received (224, '001bdc08e44e', 2)
2025-11-27 10:53:52,613 BTPWorkerThread-135 (_rx_task) root DEBUG client.py                 82    logger_log                : Read 5 bytes
2025-11-27 10:53:52,644 BTPWorkerThread-135 (_rx_task) root DEBUG client.py                 82    logger_log                : Received: hdr: Header(svc_id=0x25, op=0x80, ctrl_index=0x00, data_len=0x06) bytearray(b'%\x80\x00\x06\x00')
2025-11-27 10:53:52,675 BTPWorkerThread-135 (_rx_task) root DEBUG client.py                 82    logger_log                : Read 6 bytes data
2025-11-27 10:53:52,708 BTPWorkerThread-135 (_rx_task) root DEBUG client.py                 82    logger_log                : Received data: {'4e e4 08 dc 1b 00'}, bytearray(b'N\xe4\x08\xdc\x1b\x00')
2025-11-27 10:53:52,755 BTPWorkerThread-135 (_rx_task) root DEBUG client.py                 82    logger_log                : event_handler Header(svc_id=37, op=128, ctrl_index=0, data_len=6) (b'N\xe4\x08\xdc\x1b\x00',)
2025-11-27 10:53:52,785 BTPWorkerThread-135 (_rx_task) root DEBUG client.py                 82    logger_log                : avrcp_ev_control_connected b'N\xe4\x08\xdc\x1b\x00'
2025-11-27 10:53:52,815 LT1-thread root DEBUG client.py                 82    logger_log                : Sending response 'OK' to wid 2002 test case AVCTP/CT/NFR/BV-01-C
2025-11-27 10:53:52,815 BTPWorkerThread-135 (_rx_task) root DEBUG client.py                 82    logger_log                : Read 5 bytes
2025-11-27 10:53:52,815 BTPWorkerThread-135 (_rx_task) root DEBUG client.py                 82    logger_log                : Received: hdr: Header(svc_id=0x25, op=0x80, ctrl_index=0x00, data_len=0x06) bytearray(b'%\x80\x00\x06\x00')
2025-11-27 10:53:52,815 BTPWorkerThread-135 (_rx_task) root DEBUG client.py                 82    logger_log                : Read 6 bytes data
2025-11-27 10:53:52,816 BTPWorkerThread-135 (_rx_task) root DEBUG client.py                 82    logger_log                : Received data: {'4e e4 08 dc 1b 00'}, bytearray(b'N\xe4\x08\xdc\x1b\x00')
2025-11-27 10:53:52,816 BTPWorkerThread-135 (_rx_task) root DEBUG client.py                 82    logger_log                : event_handler Header(svc_id=37, op=128, ctrl_index=0, data_len=6) (b'N\xe4\x08\xdc\x1b\x00',)
2025-11-27 10:53:52,817 BTPWorkerThread-135 (_rx_task) root DEBUG client.py                 82    logger_log                : avrcp_ev_control_connected b'N\xe4\x08\xdc\x1b\x00'
2025-11-27 10:53:52,817 LT1-thread root DEBUG client.py                 82    logger_log                : ClientCallback.get_result run_test_case
2025-11-27 10:53:52,819 LT1-callback ClientCallback.on_implicit_send INFO client.py                 82    logger_log                : 
    ********************
    BEGIN OnImplicitSend:
    project_name: AVCTP
    wid: 40
    test_case_name: AVCTP/CT/NFR/BV-01-C
    description: Take action to initiate any AV/C Command.
    style: MMI_Style_Ok 0x11040
2025-11-27 10:53:52,819 LT1-callback ClientCallback.on_implicit_send INFO client.py                 82    logger_log                : Calling test cases on_implicit_send
2025-11-27 10:53:52,819 LT1-callback ClientCallback.on_implicit_send INFO client.py                 82    logger_log                : 
    on_implicit_send returned response: WAIT
    END OnImplicitSend
    ********************
2025-11-27 10:53:53,818 LT1-thread root DEBUG client.py                 82    logger_log                : AVCTP AVCTP/CT/NFR/BV-01-C on_implicit_send
2025-11-27 10:53:53,818 LT1-thread root DEBUG client.py                 82    logger_log                : avctp_wid_hdl, 40, Take action to initiate any AV/C Command., AVCTP/CT/NFR/BV-01-C
2025-11-27 10:53:53,819 LT1-thread root DEBUG client.py                 82    logger_log                : avrcp_unit_info None
2025-11-27 10:53:53,819 LT1-thread root DEBUG client.py                 82    logger_log                : send, 37 6 0 "bytearray(b'N\\xe4\\x08\\xdc\\x1b\\x00')"
2025-11-27 10:53:53,819 LT1-thread root DEBUG client.py                 82    logger_log                : sending frame '25060006004ee408dc1b00'
2025-11-27 10:53:53,819 LT1-thread root DEBUG client.py                 82    logger_log                : avrcp_command_rsp_succ
2025-11-27 10:53:53,819 LT1-thread root DEBUG client.py                 82    logger_log                : read
2025-11-27 10:53:53,894 BTPWorkerThread-135 (_rx_task) root DEBUG client.py                 82    logger_log                : Read 5 bytes
2025-11-27 10:53:53,925 BTPWorkerThread-135 (_rx_task) root DEBUG client.py                 82    logger_log                : Received: hdr: Header(svc_id=0x25, op=0x06, ctrl_index=0x00, data_len=0x00) bytearray(b'%\x06\x00\x00\x00')
2025-11-27 10:53:53,941 BTPWorkerThread-135 (_rx_task) root DEBUG client.py                 82    logger_log                : Received data: {''}, bytearray(b'')
2025-11-27 10:53:53,941 LT1-thread root DEBUG client.py                 82    logger_log                : received Header(svc_id=37, op=6, ctrl_index=0, data_len=0) (b'',)
2025-11-27 10:53:54,067 BTPWorkerThread-135 (_rx_task) root DEBUG client.py                 82    logger_log                : Read 5 bytes
2025-11-27 10:53:54,099 BTPWorkerThread-135 (_rx_task) root DEBUG client.py                 82    logger_log                : Received: hdr: Header(svc_id=0x25, op=0x84, ctrl_index=0x00, data_len=0x0b) bytearray(b'%\x84\x00\x0b\x00')
2025-11-27 10:53:54,161 BTPWorkerThread-135 (_rx_task) root DEBUG client.py                 82    logger_log                : Read 11 bytes data
2025-11-27 10:53:54,193 BTPWorkerThread-135 (_rx_task) root DEBUG client.py                 82    logger_log                : Received data: {'4e e4 08 dc 1b 00 09 58 19 00 00'}, bytearray(b'N\xe4\x08\xdc\x1b\x00\tX\x19\x00\x00')
2025-11-27 10:53:54,223 BTPWorkerThread-135 (_rx_task) root DEBUG client.py                 82    logger_log                : event_handler Header(svc_id=37, op=132, ctrl_index=0, data_len=11) (b'N\xe4\x08\xdc\x1b\x00\tX\x19\x00\x00',)
2025-11-27 10:53:54,255 BTPWorkerThread-135 (_rx_task) root DEBUG client.py                 82    logger_log                : avrcp_ev_unit_info_rsp b'N\xe4\x08\xdc\x1b\x00\tX\x19\x00\x00'
2025-11-27 10:53:54,286 LT1-thread root DEBUG client.py                 82    logger_log                : Sending response 'Ok' to wid 40 test case AVCTP/CT/NFR/BV-01-C
2025-11-27 10:53:54,288 LT1-thread root DEBUG client.py                 82    logger_log                : ClientCallback.get_result run_test_case
2025-11-27 10:53:55,034 BTPWorkerThread-135 (_rx_task) root DEBUG client.py                 82    logger_log                : Read 5 bytes
2025-11-27 10:53:55,034 BTPWorkerThread-135 (_rx_task) root DEBUG client.py                 82    logger_log                : Received: hdr: Header(svc_id=0x25, op=0x81, ctrl_index=0x00, data_len=0x06) bytearray(b'%\x81\x00\x06\x00')
2025-11-27 10:53:55,034 BTPWorkerThread-135 (_rx_task) root DEBUG client.py                 82    logger_log                : Read 6 bytes data
2025-11-27 10:53:55,034 BTPWorkerThread-135 (_rx_task) root DEBUG client.py                 82    logger_log                : Received data: {'4e e4 08 dc 1b 00'}, bytearray(b'N\xe4\x08\xdc\x1b\x00')
2025-11-27 10:53:55,036 BTPWorkerThread-135 (_rx_task) root DEBUG client.py                 82    logger_log                : event_handler Header(svc_id=37, op=129, ctrl_index=0, data_len=6) (b'N\xe4\x08\xdc\x1b\x00',)
2025-11-27 10:53:55,036 BTPWorkerThread-135 (_rx_task) root DEBUG client.py                 82    logger_log                : avrcp_ev_control_disconnected b'N\xe4\x08\xdc\x1b\x00'
2025-11-27 10:53:55,036 BTPWorkerThread-135 (_rx_task) root DEBUG client.py                 82    logger_log                : Read 5 bytes
2025-11-27 10:53:55,036 BTPWorkerThread-135 (_rx_task) root DEBUG client.py                 82    logger_log                : Received: hdr: Header(svc_id=0x25, op=0x81, ctrl_index=0x00, data_len=0x06) bytearray(b'%\x81\x00\x06\x00')
2025-11-27 10:53:55,036 BTPWorkerThread-135 (_rx_task) root DEBUG client.py                 82    logger_log                : Read 6 bytes data
2025-11-27 10:53:55,036 BTPWorkerThread-135 (_rx_task) root DEBUG client.py                 82    logger_log                : Received data: {'4e e4 08 dc 1b 00'}, bytearray(b'N\xe4\x08\xdc\x1b\x00')
2025-11-27 10:53:55,037 BTPWorkerThread-135 (_rx_task) root DEBUG client.py                 82    logger_log                : event_handler Header(svc_id=37, op=129, ctrl_index=0, data_len=6) (b'N\xe4\x08\xdc\x1b\x00',)
2025-11-27 10:53:55,037 BTPWorkerThread-135 (_rx_task) root DEBUG client.py                 82    logger_log                : avrcp_ev_control_disconnected b'N\xe4\x08\xdc\x1b\x00'
2025-11-27 10:53:55,037 BTPWorkerThread-135 (_rx_task) root DEBUG client.py                 82    logger_log                : Read 5 bytes
2025-11-27 10:53:55,037 BTPWorkerThread-135 (_rx_task) root DEBUG client.py                 82    logger_log                : Received: hdr: Header(svc_id=0x01, op=0x83, ctrl_index=0x00, data_len=0x07) bytearray(b'\x01\x83\x00\x07\x00')
2025-11-27 10:53:55,037 BTPWorkerThread-135 (_rx_task) root DEBUG client.py                 82    logger_log                : Read 7 bytes data
2025-11-27 10:53:55,037 BTPWorkerThread-135 (_rx_task) root DEBUG client.py                 82    logger_log                : Received data: {'e0 4e e4 08 dc 1b 00'}, bytearray(b'\xe0N\xe4\x08\xdc\x1b\x00')
2025-11-27 10:53:55,037 BTPWorkerThread-135 (_rx_task) root DEBUG client.py                 82    logger_log                : event_handler Header(svc_id=1, op=131, ctrl_index=0, data_len=7) (b'\xe0N\xe4\x08\xdc\x1b\x00',)
2025-11-27 10:53:55,037 BTPWorkerThread-135 (_rx_task) root DEBUG client.py                 82    logger_log                : gap_disconnected_ev_ b'\xe0N\xe4\x08\xdc\x1b\x00'
2025-11-27 10:53:57,770 LT1-callback ClientCallback.log INFO client.py                 82    logger_log                : PTS_LOGTYPE_START_TEST Start Test Case 

+140 ms
 AVCTP/CT/NFR/BV-01-C AVCTP/CT/NFR/BV-01-C

2025-11-27 10:53:58,155 LT1-callback ClientCallback.log INFO client.py                 82    logger_log                : PTS_LOGTYPE_FINAL_VERDICT Final Verdict 

+10531 ms
 AVCTP/CT/NFR/BV-01-C PASS

2025-11-27 10:53:58,159 LT1-callback ClientCallback.log INFO client.py                 82    logger_log                : PTS_LOGTYPE_FINAL_VERDICT Encrypted Verdict 

+10531 ms
 AVCTP/CT/NFR/BV-01-C A1#ZWY4MzQ5MDg3MmQwNTIxOGQzMzQ5YjY2ODA5M2MzNjQ5ZDY4NmY0Yjc2MzIzM2VkNTUyNTFhNGU4Mjg1MjI0NA==#9Zuag7L202n8IRvlX05kncfJmCyFiZTeqvG4jVKzNsSWwjrOtzg1WGBuvqLVc5Se

2025-11-27 10:53:58,163 LT1-callback ClientCallback.log INFO client.py                 82    logger_log                : PTS_LOGTYPE_END_TEST Test Case Ended 

+10531 ms
 AVCTP/CT/NFR/BV-01-C AVCTP/CT/NFR/BV-01-C

2025-11-27 10:53:58,276 LT1-callback root DEBUG client.py                 82    logger_log                : ClientCallback, set_result, run_test_case, PASS
2025-11-27 10:53:58,276 LT1-thread root DEBUG client.py                 82    logger_log                : After run_test_case error_code=0 status='PASS'
2025-11-27 10:53:58,276 LT1-thread root DEBUG client.py                 82    logger_log                : post_run AVCTP AVCTP/CT/NFR/BV-01-C 0
2025-11-27 10:53:58,277 LT1-thread root DEBUG client.py                 82    logger_log                : Starting test function: class=<class 'autopts.ptsprojects.testcase.TestFuncCleanUp'>, func=<bound method Stack.cleanup of <autopts.ptsprojects.stack.stack.Stack object at 0x000001E50B6DDA30>> start_wid=None stop_wid=None post_wid=None skip_call=None call_count=1 args=() kwds={}
2025-11-27 10:53:58,277 LT1-thread root DEBUG client.py                 82    logger_log                : Test function parameters: args=(), kwds={}
2025-11-27 10:53:58,277 LT1-thread root DEBUG client.py                 82    logger_log                : Starting test function: class=<class 'autopts.ptsprojects.testcase.TestFuncCleanUp'>, func=<bound method ZephyrCtl.stop of <autopts.ptsprojects.zephyr.iutctl.ZephyrCtl object at 0x000001E50A449130>> start_wid=None stop_wid=None post_wid=None skip_call=None call_count=1 args=() kwds={}
2025-11-27 10:53:58,277 LT1-thread root DEBUG client.py                 82    logger_log                : Test function parameters: args=(), kwds={}
2025-11-27 10:53:58,277 LT1-thread root DEBUG client.py                 82    logger_log                : <class 'autopts.ptsprojects.zephyr.iutctl.ZephyrCtl'>.stop
2025-11-27 10:53:58,277 LT1-thread root DEBUG client.py                 82    logger_log                : About to reset DUT: JLink -CommandFile reset.jlink -usb 1063214216 -device MIMXRT1176XXXA_M7
2025-11-27 10:53:58,553 BTPWorkerThread-135 (_rx_task) root DEBUG client.py                 82    logger_log                : Read 5 bytes
2025-11-27 10:53:58,553 BTPWorkerThread-135 (_rx_task) root DEBUG client.py                 82    logger_log                : Received: hdr: Header(svc_id=0x00, op=0x80, ctrl_index=0xff, data_len=0x00) bytearray(b'\x00\x80\xff\x00\x00')
2025-11-27 10:53:58,554 BTPWorkerThread-135 (_rx_task) root DEBUG client.py                 82    logger_log                : Received data: {''}, bytearray(b'')
2025-11-27 10:53:58,554 BTPWorkerThread-135 (_rx_task) root DEBUG client.py                 82    logger_log                : event_handler Header(svc_id=0, op=128, ctrl_index=255, data_len=0) (b'',)
2025-11-27 10:53:58,554 BTPWorkerThread-135 (_rx_task) root DEBUG client.py                 82    logger_log                : core_iut_ready_ev
2025-11-27 10:53:59,015 LT1-thread root DEBUG client.py                 82    logger_log                : IUT ready event received OK
2025-11-27 10:53:59,015 LT1-thread root DEBUG client.py                 82    logger_log                : Waiting for _rx_worker to finish ...
2025-11-27 10:53:59,567 BTPWorkerThread-135 (_rx_task) root DEBUG client.py                 82    logger_log                : BTPWorkerThread-135 (_rx_task) finishing...
2025-11-27 10:54:02,575 LT1-thread root DEBUG client.py                 82    logger_log                : post_run, cleanup running post test case script
2025-11-27 10:54:02,575 LT1-thread root DEBUG client.py                 82    logger_log                : post_run, run post test case script
2025-11-27 10:54:02,647 LT1-thread root DEBUG client.py                 82    logger_log                : Done TestCase _run_test_case AVCTP AVCTP/CT/NFR/BV-01-C
