> 2025/01/10 06:29:50.032731  length=6 from=0 to=5
 00 03 ff 01 00 01                                ......
--
< 2025/01/10 06:29:50.072897  length=5 from=0 to=4
 00 03 ff 00 00                                   .....
--
> 2025/01/10 06:29:50.192857  length=5 from=6 to=10
 01 03 00 00 00                                   .....
--
< 2025/01/10 06:29:51.012836  length=160 from=5 to=164
 01 03 00 15 01 28 00 03 37 60 00 13 06 02 00 13  .....(..7`......
 02 00 00 00 00 00 62 74 70 5f 74 65 73 74 65 72  ......btp_tester
 00 00 00 00 00 00 00 00 00 00 00 00 00 00 00 00  ................
 00 00 00 00 00 00 00 00 00 00 00 00 00 00 00 00  ................
 00 00 00 00 00 00 00 00 00 00 00 00 00 00 00 00  ................
 00 00 00 00 00 00 00 00 00 00 00 00 00 00 00 00  ................
 00 00 00 00 00 00 00 00 00 00 00 00 00 00 00 00  ................
 00 00 00 00 00 00 00 00 00 00 00 00 00 00 00 00  ................
 00 00 00 00 00 00 00 00 00 00 00 00 00 00 00 00  ................
 00 00 00 00 00 00 00 00 00 00 00 00 00 00 00 00  ................
--
< 2025/01/10 06:29:51.024810  length=122 from=165 to=286
 00 00 00 00 00 00 00 00 00 00 00 00 00 00 00 00  ................
 00 00 00 00 00 00 00 00 00 00 00 00 00 00 00 00  ................
 00 00 00 00 00 00 00 00 00 00 00 00 00 00 00 00  ................
 00 00 00 00 00 00 00 00 00 00 00 00 00 00 00 00  ................
 00 00 00 00 00 00 00 00 00 00 00 00 00 00 00 00  ................
 00 00 00 00 00 00 00 00 00 00 00 00 00 00 00 00  ................
 00 00 00 00 00 00 00 00 00 00 00 00 00 00 00 00  ................
 00 00 00 00 00 00 00 00 00 00                    ..........
--
> 2025/01/10 06:31:18.105201  length=6 from=11 to=16
 01 09 00 01 00 00                                ......
--
< 2025/01/10 06:31:18.125359  length=9 from=287 to=295
 01 09 00 04 00 03 02 00 00                       .........
--
< 2025/01/10 06:31:18.696544  length=5 from=296 to=300
 00 80 ff 00 00                                   .....
--
