2025-03-29 05:15:35,238 LT1-thread root DEBUG client.py                 71    logger_log                : Starting TestCase _run_test_case GAP GAP/BROB/BCST/BV-04-C
2025-03-29 05:15:35,238 LT1-thread root DEBUG client.py                 71    logger_log                : pre_run GAP GAP/BROB/BCST/BV-04-C
2025-03-29 05:15:35,238 LT1-thread root DEBUG client.py                 71    logger_log                : About to run test case GAP GAP/BROB/BCST/BV-04-C with commands:
2025-03-29 05:15:35,238 LT1-thread root DEBUG client.py                 71    logger_log                : 0) class=<class 'autopts.ptsprojects.testcase.TestFunc'>, func=<bound method Stack.core_init of <autopts.ptsprojects.stack.stack.Stack object at 0x0000018A8ACB9E90>> start_wid=None stop_wid=None post_wid=None skip_call=None call_count=0 args=() kwds={}
2025-03-29 05:15:35,238 LT1-thread root DEBUG client.py                 71    logger_log                : 1) class=<class 'autopts.ptsprojects.testcase.TestFunc'>, func=<bound method ZephyrCtl.hw_reset of <autopts.ptsprojects.zephyr.iutctl.ZephyrCtl object at 0x0000018A8ACCB8D0>> start_wid=None stop_wid=None post_wid=None skip_call=None call_count=0 args=() kwds={}
2025-03-29 05:15:35,238 LT1-thread root DEBUG client.py                 71    logger_log                : 2) class=<class 'autopts.ptsprojects.testcase.TestFunc'>, func=<bound method ZephyrCtl.start of <autopts.ptsprojects.zephyr.iutctl.ZephyrCtl object at 0x0000018A8ACCB8D0>> start_wid=None stop_wid=None post_wid=None skip_call=None call_count=0 args=(<autopts.ptsprojects.zephyr.ztestcase.ZTestCase object at 0x0000018A8BAEBD90>,) kwds={}
2025-03-29 05:15:35,238 LT1-thread root DEBUG client.py                 71    logger_log                : 3) class=<class 'autopts.ptsprojects.testcase.TestFunc'>, func=<bound method ZephyrCtl.hw_reset of <autopts.ptsprojects.zephyr.iutctl.ZephyrCtl object at 0x0000018A8ACCB8D0>> start_wid=None stop_wid=None post_wid=None skip_call=None call_count=0 args=() kwds={}
2025-03-29 05:15:35,238 LT1-thread root DEBUG client.py                 71    logger_log                : 4) class=<class 'autopts.ptsprojects.testcase.TestFunc'>, func=<bound method ZephyrCtl.wait_iut_ready_event of <autopts.ptsprojects.zephyr.iutctl.ZephyrCtl object at 0x0000018A8ACCB8D0>> start_wid=None stop_wid=None post_wid=None skip_call=None call_count=0 args=(False,) kwds={}
2025-03-29 05:15:35,238 LT1-thread root DEBUG client.py                 71    logger_log                : 5) class=<class 'autopts.ptsprojects.testcase.TestFunc'>, func=<function core_reg_svc_gap at 0x0000018A870AC7C0> start_wid=None stop_wid=None post_wid=None skip_call=None call_count=191 args=() kwds={}
2025-03-29 05:15:35,238 LT1-thread root DEBUG client.py                 71    logger_log                : 6) class=<class 'autopts.ptsprojects.testcase.TestFunc'>, func=<bound method Stack.gap_init of <autopts.ptsprojects.stack.stack.Stack object at 0x0000018A8ACB9E90>> start_wid=None stop_wid=None post_wid=None skip_call=None call_count=191 args=(b'Tester_59F2E6', 'ABCD', '1111', '1111', '11', '1111', b'\x17github.com/auto-pts', (8, 'PADV_Tester'), 'FF') kwds={}
2025-03-29 05:15:35,238 LT1-thread root DEBUG client.py                 71    logger_log                : 7) class=<class 'autopts.ptsprojects.testcase.TestFunc'>, func=<function gap_read_ctrl_info at 0x0000018A870B8680> start_wid=None stop_wid=None post_wid=None skip_call=None call_count=191 args=() kwds={}
2025-03-29 05:15:35,238 LT1-thread root DEBUG client.py                 71    logger_log                : 8) class=<class 'autopts.ptsprojects.testcase.TestFunc'>, func=<function test_cases.<locals>.<lambda> at 0x0000018A8B960CC0> start_wid=None stop_wid=None post_wid=None skip_call=None call_count=191 args=() kwds={}
2025-03-29 05:15:35,238 LT1-thread root DEBUG client.py                 71    logger_log                : 9) class=<class 'autopts.ptsprojects.testcase.TestFunc'>, func=<function test_cases.<locals>.<lambda> at 0x0000018A8B960D60> start_wid=None stop_wid=None post_wid=None skip_call=None call_count=191 args=() kwds={}
2025-03-29 05:15:35,238 LT1-thread root DEBUG client.py                 71    logger_log                : 10) class=<class 'autopts.ptsprojects.testcase.TestFunc'>, func=<function test_cases.<locals>.<lambda> at 0x0000018A8B960E00> start_wid=None stop_wid=None post_wid=None skip_call=None call_count=191 args=() kwds={}
2025-03-29 05:15:35,238 LT1-thread root DEBUG client.py                 71    logger_log                : 11) class=<class 'autopts.ptsprojects.testcase.TestFunc'>, func=<function test_cases.<locals>.<lambda> at 0x0000018A8B960EA0> start_wid=None stop_wid=None post_wid=None skip_call=None call_count=191 args=() kwds={}
2025-03-29 05:15:35,238 LT1-thread root DEBUG client.py                 71    logger_log                : 12) class=<class 'autopts.ptsprojects.testcase.TestFunc'>, func=<function test_cases.<locals>.<lambda> at 0x0000018A8B960F40> start_wid=None stop_wid=None post_wid=None skip_call=None call_count=191 args=() kwds={}
2025-03-29 05:15:35,238 LT1-thread root DEBUG client.py                 71    logger_log                : 13) class=<class 'autopts.ptsprojects.testcase.TestFunc'>, func=<function test_cases.<locals>.<lambda> at 0x0000018A8B960FE0> start_wid=None stop_wid=None post_wid=None skip_call=None call_count=191 args=() kwds={}
2025-03-29 05:15:35,238 LT1-thread root DEBUG client.py                 71    logger_log                : 14) class=<class 'autopts.ptsprojects.testcase.TestFunc'>, func=<function test_cases.<locals>.<lambda> at 0x0000018A8B961080> start_wid=None stop_wid=None post_wid=None skip_call=None call_count=191 args=() kwds={}
2025-03-29 05:15:35,238 LT1-thread root DEBUG client.py                 71    logger_log                : 15) class=<class 'autopts.ptsprojects.testcase.TestFunc'>, func=<function test_cases.<locals>.<lambda> at 0x0000018A8B961120> start_wid=None stop_wid=None post_wid=None skip_call=None call_count=191 args=() kwds={}
2025-03-29 05:15:35,238 LT1-thread root DEBUG client.py                 71    logger_log                : 16) class=<class 'autopts.ptsprojects.testcase.TestFunc'>, func=<function test_cases.<locals>.<lambda> at 0x0000018A8B9611C0> start_wid=None stop_wid=None post_wid=None skip_call=None call_count=191 args=() kwds={}
2025-03-29 05:15:35,238 LT1-thread root DEBUG client.py                 71    logger_log                : 17) class=<class 'autopts.ptsprojects.testcase.TestFunc'>, func=<function test_cases.<locals>.<lambda> at 0x0000018A8B961260> start_wid=None stop_wid=None post_wid=None skip_call=None call_count=191 args=() kwds={}
2025-03-29 05:15:35,238 LT1-thread root DEBUG client.py                 71    logger_log                : 18) class=<class 'autopts.ptsprojects.testcase.TestFunc'>, func=<function test_cases.<locals>.<lambda> at 0x0000018A8B961300> start_wid=None stop_wid=None post_wid=None skip_call=None call_count=191 args=() kwds={}
2025-03-29 05:15:35,238 LT1-thread root DEBUG client.py                 71    logger_log                : 19) class=<class 'autopts.ptsprojects.testcase.TestFunc'>, func=<function test_cases.<locals>.<lambda> at 0x0000018A8B9613A0> start_wid=None stop_wid=None post_wid=None skip_call=None call_count=191 args=() kwds={}
2025-03-29 05:15:35,238 LT1-thread root DEBUG client.py                 71    logger_log                : 20) class=<class 'autopts.ptsprojects.testcase.TestFunc'>, func=<function core_reg_svc_gatt at 0x0000018A870AC900> start_wid=None stop_wid=None post_wid=None skip_call=None call_count=191 args=() kwds={}
2025-03-29 05:15:35,238 LT1-thread root DEBUG client.py                 71    logger_log                : 21) class=<class 'autopts.ptsprojects.testcase.TestFunc'>, func=<bound method Stack.gatt_init of <autopts.ptsprojects.stack.stack.Stack object at 0x0000018A8ACB9E90>> start_wid=None stop_wid=None post_wid=None skip_call=None call_count=191 args=() kwds={}
2025-03-29 05:15:35,238 LT1-thread root DEBUG client.py                 71    logger_log                : 22) class=<class 'autopts.ptsprojects.testcase.TestFunc'>, func=<function gap_set_io_cap at 0x0000018A870AFBA0> start_wid=None stop_wid=None post_wid=None skip_call=None call_count=191 args=(4,) kwds={}
2025-03-29 05:15:35,238 LT1-thread root DEBUG client.py                 71    logger_log                : 23) class=<class 'autopts.ptsprojects.testcase.TestFunc'>, func=<function set_pts_addr at 0x0000018A870AC360> start_wid=None stop_wid=None post_wid=None skip_call=None call_count=191 args=('C0:07:E8:59:F2:E6', 0) kwds={}
2025-03-29 05:15:35,238 LT1-thread root DEBUG client.py                 71    logger_log                : 24) class=<class 'autopts.ptsprojects.testcase.TestFunc'>, func=<function gatts_add_svc at 0x0000018A870BA020> start_wid=None stop_wid=None post_wid=None skip_call=None call_count=190 args=(0, 'AA51') kwds={}
2025-03-29 05:15:35,238 LT1-thread root DEBUG client.py                 71    logger_log                : 25) class=<class 'autopts.ptsprojects.testcase.TestFunc'>, func=<function gatts_add_char at 0x0000018A870BA160> start_wid=None stop_wid=None post_wid=None skip_call=None call_count=190 args=(0, 2, 17, 'AA52') kwds={}
2025-03-29 05:15:35,238 LT1-thread root DEBUG client.py                 71    logger_log                : 26) class=<class 'autopts.ptsprojects.testcase.TestFunc'>, func=<function gatts_set_val at 0x0000018A870BA200> start_wid=None stop_wid=None post_wid=None skip_call=None call_count=190 args=(0, '01') kwds={}
2025-03-29 05:15:35,238 LT1-thread root DEBUG client.py                 71    logger_log                : 27) class=<class 'autopts.ptsprojects.testcase.TestFunc'>, func=<function gatts_add_char at 0x0000018A870BA160> start_wid=None stop_wid=None post_wid=None skip_call=None call_count=190 args=(0, 2, 5, 'AA53') kwds={}
2025-03-29 05:15:35,238 LT1-thread root DEBUG client.py                 71    logger_log                : 28) class=<class 'autopts.ptsprojects.testcase.TestFunc'>, func=<function gatts_set_val at 0x0000018A870BA200> start_wid=None stop_wid=None post_wid=None skip_call=None call_count=190 args=(0, '02') kwds={}
2025-03-29 05:15:35,238 LT1-thread root DEBUG client.py                 71    logger_log                : 29) class=<class 'autopts.ptsprojects.testcase.TestFunc'>, func=<function gatts_add_char at 0x0000018A870BA160> start_wid=None stop_wid=None post_wid=None skip_call=None call_count=190 args=(0, 66, 3, 'AA54') kwds={}
2025-03-29 05:15:35,238 LT1-thread root DEBUG client.py                 71    logger_log                : 30) class=<class 'autopts.ptsprojects.testcase.TestFunc'>, func=<function gatts_set_val at 0x0000018A870BA200> start_wid=None stop_wid=None post_wid=None skip_call=None call_count=190 args=(0, '03') kwds={}
2025-03-29 05:15:35,238 LT1-thread root DEBUG client.py                 71    logger_log                : 31) class=<class 'autopts.ptsprojects.testcase.TestFunc'>, func=<function gatts_add_char at 0x0000018A870BA160> start_wid=None stop_wid=None post_wid=None skip_call=None call_count=190 args=(0, 10, 48, 'AA55') kwds={}
2025-03-29 05:15:35,238 LT1-thread root DEBUG client.py                 71    logger_log                : 32) class=<class 'autopts.ptsprojects.testcase.TestFunc'>, func=<function gatts_set_val at 0x0000018A870BA200> start_wid=None stop_wid=None post_wid=None skip_call=None call_count=190 args=(0, '04') kwds={}
2025-03-29 05:15:35,238 LT1-thread root DEBUG client.py                 71    logger_log                : 33) class=<class 'autopts.ptsprojects.testcase.TestFunc'>, func=<function gatts_start_server at 0x0000018A870BA480> start_wid=None stop_wid=None post_wid=None skip_call=None call_count=190 args=() kwds={}
2025-03-29 05:15:35,238 LT1-thread root DEBUG client.py                 71    logger_log                : 34) class=<class 'autopts.ptsprojects.testcase.TestFuncCleanUp'>, func=<bound method Stack.cleanup of <autopts.ptsprojects.stack.stack.Stack object at 0x0000018A8ACB9E90>> start_wid=None stop_wid=None post_wid=None skip_call=None call_count=0 args=() kwds={}
2025-03-29 05:15:35,238 LT1-thread root DEBUG client.py                 71    logger_log                : 35) class=<class 'autopts.ptsprojects.testcase.TestFuncCleanUp'>, func=<bound method ZephyrCtl.stop of <autopts.ptsprojects.zephyr.iutctl.ZephyrCtl object at 0x0000018A8ACCB8D0>> start_wid=None stop_wid=None post_wid=None skip_call=None call_count=0 args=() kwds={}
2025-03-29 05:15:35,238 LT1-thread root DEBUG client.py                 71    logger_log                : pre_run, run pre test case script
2025-03-29 05:15:35,248 LT1-thread root DEBUG client.py                 71    logger_log                : Starting test function: class=<class 'autopts.ptsprojects.testcase.TestFunc'>, func=<bound method Stack.core_init of <autopts.ptsprojects.stack.stack.Stack object at 0x0000018A8ACB9E90>> start_wid=None stop_wid=None post_wid=None skip_call=None call_count=1 args=() kwds={}
2025-03-29 05:15:35,248 LT1-thread root DEBUG client.py                 71    logger_log                : Test function parameters: args=(), kwds={}
2025-03-29 05:15:35,248 LT1-thread root DEBUG client.py                 71    logger_log                : Starting test function: class=<class 'autopts.ptsprojects.testcase.TestFunc'>, func=<bound method ZephyrCtl.hw_reset of <autopts.ptsprojects.zephyr.iutctl.ZephyrCtl object at 0x0000018A8ACCB8D0>> start_wid=None stop_wid=None post_wid=None skip_call=None call_count=1 args=() kwds={}
2025-03-29 05:15:35,248 LT1-thread root DEBUG client.py                 71    logger_log                : Test function parameters: args=(), kwds={}
2025-03-29 05:15:35,248 LT1-thread root DEBUG client.py                 71    logger_log                : Starting test function: class=<class 'autopts.ptsprojects.testcase.TestFunc'>, func=<bound method ZephyrCtl.start of <autopts.ptsprojects.zephyr.iutctl.ZephyrCtl object at 0x0000018A8ACCB8D0>> start_wid=None stop_wid=None post_wid=None skip_call=None call_count=1 args=(<autopts.ptsprojects.zephyr.ztestcase.ZTestCase object at 0x0000018A8BAEBD90>,) kwds={}
2025-03-29 05:15:35,248 LT1-thread root DEBUG client.py                 71    logger_log                : Test function parameters: args=(<autopts.ptsprojects.zephyr.ztestcase.ZTestCase object at 0x0000018A8BAEBD90>,), kwds={}
2025-03-29 05:15:35,258 LT1-thread root DEBUG client.py                 71    logger_log                : <class 'autopts.ptsprojects.zephyr.iutctl.ZephyrCtl'>.start
2025-03-29 05:15:35,258 LT1-thread root DEBUG client.py                 71    logger_log                : <class 'autopts.ptsprojects.zephyr.iutctl.ZephyrCtl'>.flush_serial
2025-03-29 05:15:36,505 LT1-thread root DEBUG client.py                 71    logger_log                : Starting socat process: socat.exe -x -v tcp:10.192.244.153:51090,retry=100,interval=1 /dev/ttyS35,raw,b115200
2025-03-29 05:15:36,515 LT1-thread root DEBUG client.py                 71    logger_log                : accept
2025-03-29 05:15:36,655 BTPWorkerThread-14245 (_rx_task) root DEBUG client.py                 71    logger_log                : BTPWorkerThread-14245 (_rx_task) started
2025-03-29 05:15:36,655 LT1-thread root DEBUG client.py                 71    logger_log                : Starting test function: class=<class 'autopts.ptsprojects.testcase.TestFunc'>, func=<bound method ZephyrCtl.hw_reset of <autopts.ptsprojects.zephyr.iutctl.ZephyrCtl object at 0x0000018A8ACCB8D0>> start_wid=None stop_wid=None post_wid=None skip_call=None call_count=1 args=() kwds={}
2025-03-29 05:15:36,655 LT1-thread root DEBUG client.py                 71    logger_log                : Test function parameters: args=(), kwds={}
2025-03-29 05:15:36,655 LT1-thread root DEBUG client.py                 71    logger_log                : Starting test function: class=<class 'autopts.ptsprojects.testcase.TestFunc'>, func=<bound method ZephyrCtl.wait_iut_ready_event of <autopts.ptsprojects.zephyr.iutctl.ZephyrCtl object at 0x0000018A8ACCB8D0>> start_wid=None stop_wid=None post_wid=None skip_call=None call_count=1 args=(False,) kwds={}
2025-03-29 05:15:36,655 LT1-thread root DEBUG client.py                 71    logger_log                : Test function parameters: args=(False,), kwds={}
2025-03-29 05:15:36,655 LT1-thread root DEBUG client.py                 71    logger_log                : IUT ready event received OK
2025-03-29 05:15:36,655 LT1-thread root DEBUG client.py                 71    logger_log                : Starting test function: class=<class 'autopts.ptsprojects.testcase.TestFunc'>, func=<function core_reg_svc_gap at 0x0000018A870AC7C0> start_wid=None stop_wid=None post_wid=None skip_call=None call_count=192 args=() kwds={}
2025-03-29 05:15:36,655 LT1-thread root DEBUG client.py                 71    logger_log                : Test function parameters: args=(), kwds={}
2025-03-29 05:15:36,655 LT1-thread root DEBUG client.py                 71    logger_log                : core_reg_svc_gap
2025-03-29 05:15:36,655 LT1-thread root DEBUG client.py                 71    logger_log                : send, 0 3 255 '1'
2025-03-29 05:15:36,655 LT1-thread root DEBUG client.py                 71    logger_log                : sending frame '0003ff010001'
2025-03-29 05:15:36,655 LT1-thread root DEBUG client.py                 71    logger_log                : core_reg_svc_rsp_succ
2025-03-29 05:15:36,655 LT1-thread root DEBUG client.py                 71    logger_log                : read
2025-03-29 05:15:36,775 BTPWorkerThread-14245 (_rx_task) root DEBUG client.py                 71    logger_log                : Read 5 bytes
2025-03-29 05:15:36,795 BTPWorkerThread-14245 (_rx_task) root DEBUG client.py                 71    logger_log                : Received: hdr: Header(svc_id=0x00, op=0x03, ctrl_index=0xff, data_len=0x00) bytearray(b'\x00\x03\xff\x00\x00')
2025-03-29 05:15:36,815 BTPWorkerThread-14245 (_rx_task) root DEBUG client.py                 71    logger_log                : Received data: {''}, bytearray(b'')
2025-03-29 05:15:36,845 LT1-thread root DEBUG client.py                 71    logger_log                : received Header(svc_id=0, op=3, ctrl_index=255, data_len=0) (b'',)
2025-03-29 05:15:36,845 LT1-thread root DEBUG client.py                 71    logger_log                : expected ((0, 3, 255, 0), (b'',))
2025-03-29 05:15:36,845 LT1-thread root DEBUG client.py                 71    logger_log                : response is valid
2025-03-29 05:15:36,845 LT1-thread root DEBUG client.py                 71    logger_log                : Starting test function: class=<class 'autopts.ptsprojects.testcase.TestFunc'>, func=<bound method Stack.gap_init of <autopts.ptsprojects.stack.stack.Stack object at 0x0000018A8ACB9E90>> start_wid=None stop_wid=None post_wid=None skip_call=None call_count=192 args=(b'Tester_59F2E6', 'ABCD', '1111', '1111', '11', '1111', b'\x17github.com/auto-pts', (8, 'PADV_Tester'), 'FF') kwds={}
2025-03-29 05:15:36,845 LT1-thread root DEBUG client.py                 71    logger_log                : Test function parameters: args=(b'Tester_59F2E6', 'ABCD', '1111', '1111', '11', '1111', b'\x17github.com/auto-pts', (8, 'PADV_Tester'), 'FF'), kwds={}
2025-03-29 05:15:36,845 LT1-thread root DEBUG client.py                 71    logger_log                : Starting test function: class=<class 'autopts.ptsprojects.testcase.TestFunc'>, func=<function gap_read_ctrl_info at 0x0000018A870B8680> start_wid=None stop_wid=None post_wid=None skip_call=None call_count=192 args=() kwds={}
2025-03-29 05:15:36,845 LT1-thread root DEBUG client.py                 71    logger_log                : Test function parameters: args=(), kwds={}
2025-03-29 05:15:36,845 LT1-thread root DEBUG client.py                 71    logger_log                : gap_read_ctrl_info
2025-03-29 05:15:36,845 LT1-thread root DEBUG client.py                 71    logger_log                : send, 1 3 0 ''
2025-03-29 05:15:36,845 LT1-thread root DEBUG client.py                 71    logger_log                : sending frame '0103000000'
2025-03-29 05:15:36,845 LT1-thread root DEBUG client.py                 71    logger_log                : read
2025-03-29 05:15:37,015 BTPWorkerThread-14245 (_rx_task) root DEBUG client.py                 71    logger_log                : Read 5 bytes
2025-03-29 05:15:37,035 BTPWorkerThread-14245 (_rx_task) root DEBUG client.py                 71    logger_log                : Received: hdr: Header(svc_id=0x01, op=0x03, ctrl_index=0x00, data_len=0x115) bytearray(b'\x01\x03\x00\x15\x01')
2025-03-29 05:15:37,075 BTPWorkerThread-14245 (_rx_task) root DEBUG client.py                 71    logger_log                : Read 277 bytes data
2025-03-29 05:15:37,095 BTPWorkerThread-14245 (_rx_task) root DEBUG client.py                 71    logger_log                : Received data: {'a3 6a 78 c7 2b 71 13 06 02 00 13 22 00 00 00 00 00 62 74 70 5f 74 65 73 74 65 72 00 00 00 00 00 00 00 00 00 00 00 00 00 00 00 00 00 00 00 00 00 00 00 00 00 00 00 00 00 00 00 00 00 00 00 00 00 00 00 00 00 00 00 00 00 00 00 00 00 00 00 00 00 00 00 00 00 00 00 00 00 00 00 00 00 00 00 00 00 00 00 00 00 00 00 00 00 00 00 00 00 00 00 00 00 00 00 00 00 00 00 00 00 00 00 00 00 00 00 00 00 00 00 00 00 00 00 00 00 00 00 00 00 00 00 00 00 00 00 00 00 00 00 00 00 00 00 00 00 00 00 00 00 00 00 00 00 00 00 00 00 00 00 00 00 00 00 00 00 00 00 00 00 00 00 00 00 00 00 00 00 00 00 00 00 00 00 00 00 00 00 00 00 00 00 00 00 00 00 00 00 00 00 00 00 00 00 00 00 00 00 00 00 00 00 00 00 00 00 00 00 00 00 00 00 00 00 00 00 00 00 00 00 00 00 00 00 00 00 00 00 00 00 00 00 00 00 00 00 00 00 00 00 00 00 00 00 00 00 00 00 00 00 00 00 00 00 00 00 00'}, bytearray(b'\xa3jx\xc7+q\x13\x06\x02\x00\x13"\x00\x00\x00\x00\x00btp_tester\x00\x00\x00\x00\x00\x00\x00\x00\x00\x00\x00\x00\x00\x00\x00\x00\x00\x00\x00\x00\x00\x00\x00\x00\x00\x00\x00\x00\x00\x00\x00\x00\x00\x00\x00\x00\x00\x00\x00\x00\x00\x00\x00\x00\x00\x00\x00\x00\x00\x00\x00\x00\x00\x00\x00\x00\x00\x00\x00\x00\x00\x00\x00\x00\x00\x00\x00\x00\x00\x00\x00\x00\x00\x00\x00\x00\x00\x00\x00\x00\x00\x00\x00\x00\x00\x00\x00\x00\x00\x00\x00\x00\x00\x00\x00\x00\x00\x00\x00\x00\x00\x00\x00\x00\x00\x00\x00\x00\x00\x00\x00\x00\x00\x00\x00\x00\x00\x00\x00\x00\x00\x00\x00\x00\x00\x00\x00\x00\x00\x00\x00\x00\x00\x00\x00\x00\x00\x00\x00\x00\x00\x00\x00\x00\x00\x00\x00\x00\x00\x00\x00\x00\x00\x00\x00\x00\x00\x00\x00\x00\x00\x00\x00\x00\x00\x00\x00\x00\x00\x00\x00\x00\x00\x00\x00\x00\x00\x00\x00\x00\x00\x00\x00\x00\x00\x00\x00\x00\x00\x00\x00\x00\x00\x00\x00\x00\x00\x00\x00\x00\x00\x00\x00\x00\x00\x00\x00\x00\x00\x00\x00\x00\x00\x00\x00\x00\x00\x00\x00\x00\x00\x00\x00\x00\x00\x00\x00\x00\x00\x00\x00\x00\x00\x00\x00\x00\x00\x00\x00\x00\x00\x00\x00\x00\x00\x00\x00\x00\x00\x00')
2025-03-29 05:15:37,115 LT1-thread root DEBUG client.py                 71    logger_log                : received Header(svc_id=1, op=3, ctrl_index=0, data_len=277) (b'\xa3jx\xc7+q\x13\x06\x02\x00\x13"\x00\x00\x00\x00\x00btp_tester\x00\x00\x00\x00\x00\x00\x00\x00\x00\x00\x00\x00\x00\x00\x00\x00\x00\x00\x00\x00\x00\x00\x00\x00\x00\x00\x00\x00\x00\x00\x00\x00\x00\x00\x00\x00\x00\x00\x00\x00\x00\x00\x00\x00\x00\x00\x00\x00\x00\x00\x00\x00\x00\x00\x00\x00\x00\x00\x00\x00\x00\x00\x00\x00\x00\x00\x00\x00\x00\x00\x00\x00\x00\x00\x00\x00\x00\x00\x00\x00\x00\x00\x00\x00\x00\x00\x00\x00\x00\x00\x00\x00\x00\x00\x00\x00\x00\x00\x00\x00\x00\x00\x00\x00\x00\x00\x00\x00\x00\x00\x00\x00\x00\x00\x00\x00\x00\x00\x00\x00\x00\x00\x00\x00\x00\x00\x00\x00\x00\x00\x00\x00\x00\x00\x00\x00\x00\x00\x00\x00\x00\x00\x00\x00\x00\x00\x00\x00\x00\x00\x00\x00\x00\x00\x00\x00\x00\x00\x00\x00\x00\x00\x00\x00\x00\x00\x00\x00\x00\x00\x00\x00\x00\x00\x00\x00\x00\x00\x00\x00\x00\x00\x00\x00\x00\x00\x00\x00\x00\x00\x00\x00\x00\x00\x00\x00\x00\x00\x00\x00\x00\x00\x00\x00\x00\x00\x00\x00\x00\x00\x00\x00\x00\x00\x00\x00\x00\x00\x00\x00\x00\x00\x00\x00\x00\x00\x00\x00\x00\x00\x00\x00\x00\x00\x00\x00\x00\x00\x00\x00\x00\x00\x00\x00\x00\x00\x00\x00\x00\x00',)
2025-03-29 05:15:37,115 LT1-thread root DEBUG client.py                 71    logger_log                : IUT address '712bc7786aa3' 'random'
2025-03-29 05:15:37,115 LT1-thread root DEBUG client.py                 71    logger_log                : __gap_current_settings_update 8723
2025-03-29 05:15:37,115 LT1-thread root DEBUG client.py                 71    logger_log                : Starting test function: class=<class 'autopts.ptsprojects.testcase.TestFunc'>, func=<function test_cases.<locals>.<lambda> at 0x0000018A8B960CC0> start_wid=None stop_wid=None post_wid=None skip_call=None call_count=192 args=() kwds={}
2025-03-29 05:15:37,115 LT1-thread root DEBUG client.py                 71    logger_log                : Test function parameters: args=(), kwds={}
2025-03-29 05:15:37,125 LT1-thread root DEBUG client.py                 71    logger_log                : Starting test function: class=<class 'autopts.ptsprojects.testcase.TestFunc'>, func=<function test_cases.<locals>.<lambda> at 0x0000018A8B960D60> start_wid=None stop_wid=None post_wid=None skip_call=None call_count=192 args=() kwds={}
2025-03-29 05:15:37,125 LT1-thread root DEBUG client.py                 71    logger_log                : Test function parameters: args=(), kwds={}
2025-03-29 05:15:37,145 LT1-thread root DEBUG client.py                 71    logger_log                : Starting test function: class=<class 'autopts.ptsprojects.testcase.TestFunc'>, func=<function test_cases.<locals>.<lambda> at 0x0000018A8B960E00> start_wid=None stop_wid=None post_wid=None skip_call=None call_count=192 args=() kwds={}
2025-03-29 05:15:37,145 LT1-thread root DEBUG client.py                 71    logger_log                : Test function parameters: args=(), kwds={}
2025-03-29 05:15:37,165 LT1-thread root DEBUG client.py                 71    logger_log                : Starting test function: class=<class 'autopts.ptsprojects.testcase.TestFunc'>, func=<function test_cases.<locals>.<lambda> at 0x0000018A8B960EA0> start_wid=None stop_wid=None post_wid=None skip_call=None call_count=192 args=() kwds={}
2025-03-29 05:15:37,165 LT1-thread root DEBUG client.py                 71    logger_log                : Test function parameters: args=(), kwds={}
2025-03-29 05:15:37,185 LT1-thread root DEBUG client.py                 71    logger_log                : Starting test function: class=<class 'autopts.ptsprojects.testcase.TestFunc'>, func=<function test_cases.<locals>.<lambda> at 0x0000018A8B960F40> start_wid=None stop_wid=None post_wid=None skip_call=None call_count=192 args=() kwds={}
2025-03-29 05:15:37,185 LT1-thread root DEBUG client.py                 71    logger_log                : Test function parameters: args=(), kwds={}
2025-03-29 05:15:37,195 LT1-thread root DEBUG client.py                 71    logger_log                : Starting test function: class=<class 'autopts.ptsprojects.testcase.TestFunc'>, func=<function test_cases.<locals>.<lambda> at 0x0000018A8B960FE0> start_wid=None stop_wid=None post_wid=None skip_call=None call_count=192 args=() kwds={}
2025-03-29 05:15:37,195 LT1-thread root DEBUG client.py                 71    logger_log                : Test function parameters: args=(), kwds={}
2025-03-29 05:15:37,215 LT1-thread root DEBUG client.py                 71    logger_log                : Starting test function: class=<class 'autopts.ptsprojects.testcase.TestFunc'>, func=<function test_cases.<locals>.<lambda> at 0x0000018A8B961080> start_wid=None stop_wid=None post_wid=None skip_call=None call_count=192 args=() kwds={}
2025-03-29 05:15:37,215 LT1-thread root DEBUG client.py                 71    logger_log                : Test function parameters: args=(), kwds={}
2025-03-29 05:15:37,235 LT1-thread root DEBUG client.py                 71    logger_log                : Starting test function: class=<class 'autopts.ptsprojects.testcase.TestFunc'>, func=<function test_cases.<locals>.<lambda> at 0x0000018A8B961120> start_wid=None stop_wid=None post_wid=None skip_call=None call_count=192 args=() kwds={}
2025-03-29 05:15:37,235 LT1-thread root DEBUG client.py                 71    logger_log                : Test function parameters: args=(), kwds={}
2025-03-29 05:15:37,245 LT1-thread root DEBUG client.py                 71    logger_log                : Starting test function: class=<class 'autopts.ptsprojects.testcase.TestFunc'>, func=<function test_cases.<locals>.<lambda> at 0x0000018A8B9611C0> start_wid=None stop_wid=None post_wid=None skip_call=None call_count=192 args=() kwds={}
2025-03-29 05:15:37,245 LT1-thread root DEBUG client.py                 71    logger_log                : Test function parameters: args=(), kwds={}
2025-03-29 05:15:37,265 LT1-thread root DEBUG client.py                 71    logger_log                : Starting test function: class=<class 'autopts.ptsprojects.testcase.TestFunc'>, func=<function test_cases.<locals>.<lambda> at 0x0000018A8B961260> start_wid=None stop_wid=None post_wid=None skip_call=None call_count=192 args=() kwds={}
2025-03-29 05:15:37,265 LT1-thread root DEBUG client.py                 71    logger_log                : Test function parameters: args=(), kwds={}
2025-03-29 05:15:37,285 LT1-thread root DEBUG client.py                 71    logger_log                : Starting test function: class=<class 'autopts.ptsprojects.testcase.TestFunc'>, func=<function test_cases.<locals>.<lambda> at 0x0000018A8B961300> start_wid=None stop_wid=None post_wid=None skip_call=None call_count=192 args=() kwds={}
2025-03-29 05:15:37,285 LT1-thread root DEBUG client.py                 71    logger_log                : Test function parameters: args=(), kwds={}
2025-03-29 05:15:37,295 LT1-thread root DEBUG client.py                 71    logger_log                : Starting test function: class=<class 'autopts.ptsprojects.testcase.TestFunc'>, func=<function test_cases.<locals>.<lambda> at 0x0000018A8B9613A0> start_wid=None stop_wid=None post_wid=None skip_call=None call_count=192 args=() kwds={}
2025-03-29 05:15:37,295 LT1-thread root DEBUG client.py                 71    logger_log                : Test function parameters: args=(), kwds={}
2025-03-29 05:15:37,315 LT1-thread root DEBUG client.py                 71    logger_log                : Starting test function: class=<class 'autopts.ptsprojects.testcase.TestFunc'>, func=<function core_reg_svc_gatt at 0x0000018A870AC900> start_wid=None stop_wid=None post_wid=None skip_call=None call_count=192 args=() kwds={}
2025-03-29 05:15:37,315 LT1-thread root DEBUG client.py                 71    logger_log                : Test function parameters: args=(), kwds={}
2025-03-29 05:15:37,315 LT1-thread root DEBUG client.py                 71    logger_log                : core_reg_svc_gatt
2025-03-29 05:15:37,315 LT1-thread root DEBUG client.py                 71    logger_log                : send, 0 3 255 '2'
2025-03-29 05:15:37,315 LT1-thread root DEBUG client.py                 71    logger_log                : sending frame '0003ff010002'
2025-03-29 05:15:37,315 LT1-thread root DEBUG client.py                 71    logger_log                : core_reg_svc_rsp_succ
2025-03-29 05:15:37,315 LT1-thread root DEBUG client.py                 71    logger_log                : read
2025-03-29 05:15:37,375 BTPWorkerThread-14245 (_rx_task) root DEBUG client.py                 71    logger_log                : Read 5 bytes
2025-03-29 05:15:37,395 BTPWorkerThread-14245 (_rx_task) root DEBUG client.py                 71    logger_log                : Received: hdr: Header(svc_id=0x00, op=0x03, ctrl_index=0xff, data_len=0x00) bytearray(b'\x00\x03\xff\x00\x00')
2025-03-29 05:15:37,415 BTPWorkerThread-14245 (_rx_task) root DEBUG client.py                 71    logger_log                : Received data: {''}, bytearray(b'')
2025-03-29 05:15:37,445 LT1-thread root DEBUG client.py                 71    logger_log                : received Header(svc_id=0, op=3, ctrl_index=255, data_len=0) (b'',)
2025-03-29 05:15:37,445 LT1-thread root DEBUG client.py                 71    logger_log                : expected ((0, 3, 255, 0), (b'',))
2025-03-29 05:15:37,445 LT1-thread root DEBUG client.py                 71    logger_log                : response is valid
2025-03-29 05:15:37,445 LT1-thread root DEBUG client.py                 71    logger_log                : Starting test function: class=<class 'autopts.ptsprojects.testcase.TestFunc'>, func=<bound method Stack.gatt_init of <autopts.ptsprojects.stack.stack.Stack object at 0x0000018A8ACB9E90>> start_wid=None stop_wid=None post_wid=None skip_call=None call_count=192 args=() kwds={}
2025-03-29 05:15:37,445 LT1-thread root DEBUG client.py                 71    logger_log                : Test function parameters: args=(), kwds={}
2025-03-29 05:15:37,445 LT1-thread root DEBUG client.py                 71    logger_log                : Starting test function: class=<class 'autopts.ptsprojects.testcase.TestFunc'>, func=<function gap_set_io_cap at 0x0000018A870AFBA0> start_wid=None stop_wid=None post_wid=None skip_call=None call_count=192 args=(4,) kwds={}
2025-03-29 05:15:37,445 LT1-thread root DEBUG client.py                 71    logger_log                : Test function parameters: args=(4,), kwds={}
2025-03-29 05:15:37,445 LT1-thread root DEBUG client.py                 71    logger_log                : gap_set_io_cap 4
2025-03-29 05:15:37,445 LT1-thread root DEBUG client.py                 71    logger_log                : send, 1 16 0 '\x04'
2025-03-29 05:15:37,445 LT1-thread root DEBUG client.py                 71    logger_log                : sending frame '011000010004'
2025-03-29 05:15:37,445 LT1-thread root DEBUG client.py                 71    logger_log                : gap_command_rsp_succ
2025-03-29 05:15:37,445 LT1-thread root DEBUG client.py                 71    logger_log                : read
2025-03-29 05:15:37,515 BTPWorkerThread-14245 (_rx_task) root DEBUG client.py                 71    logger_log                : Read 5 bytes
2025-03-29 05:15:37,535 BTPWorkerThread-14245 (_rx_task) root DEBUG client.py                 71    logger_log                : Received: hdr: Header(svc_id=0x01, op=0x10, ctrl_index=0x00, data_len=0x00) bytearray(b'\x01\x10\x00\x00\x00')
2025-03-29 05:15:37,535 BTPWorkerThread-14245 (_rx_task) root DEBUG client.py                 71    logger_log                : Received data: {''}, bytearray(b'')
2025-03-29 05:15:37,535 LT1-thread root DEBUG client.py                 71    logger_log                : received Header(svc_id=1, op=16, ctrl_index=0, data_len=0) (b'',)
2025-03-29 05:15:37,535 LT1-thread root DEBUG client.py                 71    logger_log                : Starting test function: class=<class 'autopts.ptsprojects.testcase.TestFunc'>, func=<function set_pts_addr at 0x0000018A870AC360> start_wid=None stop_wid=None post_wid=None skip_call=None call_count=192 args=('C0:07:E8:59:F2:E6', 0) kwds={}
2025-03-29 05:15:37,535 LT1-thread root DEBUG client.py                 71    logger_log                : Test function parameters: args=('C0:07:E8:59:F2:E6', 0), kwds={}
2025-03-29 05:15:37,535 LT1-thread root DEBUG client.py                 71    logger_log                : Starting test function: class=<class 'autopts.ptsprojects.testcase.TestFunc'>, func=<function gatts_add_svc at 0x0000018A870BA020> start_wid=None stop_wid=None post_wid=None skip_call=None call_count=191 args=(0, 'AA51') kwds={}
2025-03-29 05:15:37,535 LT1-thread root DEBUG client.py                 71    logger_log                : Test function parameters: args=(0, 'AA51'), kwds={}
2025-03-29 05:15:37,535 LT1-thread root DEBUG client.py                 71    logger_log                : gatts_add_svc 0 'AA51'
2025-03-29 05:15:37,535 LT1-thread root DEBUG client.py                 71    logger_log                : send, 2 2 0 "bytearray(b'\\x00\\x02\\xaaQ')"
2025-03-29 05:15:37,535 LT1-thread root DEBUG client.py                 71    logger_log                : sending frame '02020004000002aa51'
2025-03-29 05:15:37,535 LT1-thread root DEBUG client.py                 71    logger_log                : gatt_command_rsp_succ
2025-03-29 05:15:37,535 LT1-thread root DEBUG client.py                 71    logger_log                : read
2025-03-29 05:15:37,615 BTPWorkerThread-14245 (_rx_task) root DEBUG client.py                 71    logger_log                : Read 5 bytes
2025-03-29 05:15:37,635 BTPWorkerThread-14245 (_rx_task) root DEBUG client.py                 71    logger_log                : Received: hdr: Header(svc_id=0x02, op=0x02, ctrl_index=0x00, data_len=0x02) bytearray(b'\x02\x02\x00\x02\x00')
2025-03-29 05:15:37,675 BTPWorkerThread-14245 (_rx_task) root DEBUG client.py                 71    logger_log                : Read 2 bytes data
2025-03-29 05:15:37,695 BTPWorkerThread-14245 (_rx_task) root DEBUG client.py                 71    logger_log                : Received data: {'00 00'}, bytearray(b'\x00\x00')
2025-03-29 05:15:37,715 LT1-thread root DEBUG client.py                 71    logger_log                : received Header(svc_id=2, op=2, ctrl_index=0, data_len=2) (b'\x00\x00',)
2025-03-29 05:15:37,715 LT1-thread root DEBUG client.py                 71    logger_log                : Starting test function: class=<class 'autopts.ptsprojects.testcase.TestFunc'>, func=<function gatts_add_char at 0x0000018A870BA160> start_wid=None stop_wid=None post_wid=None skip_call=None call_count=191 args=(0, 2, 17, 'AA52') kwds={}
2025-03-29 05:15:37,715 LT1-thread root DEBUG client.py                 71    logger_log                : Test function parameters: args=(0, 2, 17, 'AA52'), kwds={}
2025-03-29 05:15:37,715 LT1-thread root DEBUG client.py                 71    logger_log                : gatts_add_char 0 2 17 'AA52'
2025-03-29 05:15:37,715 LT1-thread root DEBUG client.py                 71    logger_log                : send, 2 3 0 "bytearray(b'\\x00\\x00\\x02\\x11\\x02\\xaaR')"
2025-03-29 05:15:37,715 LT1-thread root DEBUG client.py                 71    logger_log                : sending frame '02030007000000021102aa52'
2025-03-29 05:15:37,715 LT1-thread root DEBUG client.py                 71    logger_log                : gatt_command_rsp_succ
2025-03-29 05:15:37,715 LT1-thread root DEBUG client.py                 71    logger_log                : read
2025-03-29 05:15:37,775 BTPWorkerThread-14245 (_rx_task) root DEBUG client.py                 71    logger_log                : Read 5 bytes
2025-03-29 05:15:37,795 BTPWorkerThread-14245 (_rx_task) root DEBUG client.py                 71    logger_log                : Received: hdr: Header(svc_id=0x02, op=0x03, ctrl_index=0x00, data_len=0x02) bytearray(b'\x02\x03\x00\x02\x00')
2025-03-29 05:15:37,835 BTPWorkerThread-14245 (_rx_task) root DEBUG client.py                 71    logger_log                : Read 2 bytes data
2025-03-29 05:15:37,855 BTPWorkerThread-14245 (_rx_task) root DEBUG client.py                 71    logger_log                : Received data: {'00 00'}, bytearray(b'\x00\x00')
2025-03-29 05:15:37,885 LT1-thread root DEBUG client.py                 71    logger_log                : received Header(svc_id=2, op=3, ctrl_index=0, data_len=2) (b'\x00\x00',)
2025-03-29 05:15:37,885 LT1-thread root DEBUG client.py                 71    logger_log                : Starting test function: class=<class 'autopts.ptsprojects.testcase.TestFunc'>, func=<function gatts_set_val at 0x0000018A870BA200> start_wid=None stop_wid=None post_wid=None skip_call=None call_count=191 args=(0, '01') kwds={}
2025-03-29 05:15:37,885 LT1-thread root DEBUG client.py                 71    logger_log                : Test function parameters: args=(0, '01'), kwds={}
2025-03-29 05:15:37,885 LT1-thread root DEBUG client.py                 71    logger_log                : gatts_set_val 0 '01' 
2025-03-29 05:15:37,885 LT1-thread root DEBUG client.py                 71    logger_log                : send, 2 6 0 "bytearray(b'\\x00\\x00\\x01\\x00\\x01')"
2025-03-29 05:15:37,885 LT1-thread root DEBUG client.py                 71    logger_log                : sending frame '02060005000000010001'
2025-03-29 05:15:37,885 LT1-thread root DEBUG client.py                 71    logger_log                : gatt_command_rsp_succ
2025-03-29 05:15:37,885 LT1-thread root DEBUG client.py                 71    logger_log                : read
2025-03-29 05:15:37,955 BTPWorkerThread-14245 (_rx_task) root DEBUG client.py                 71    logger_log                : Read 5 bytes
2025-03-29 05:15:37,975 BTPWorkerThread-14245 (_rx_task) root DEBUG client.py                 71    logger_log                : Received: hdr: Header(svc_id=0x02, op=0x06, ctrl_index=0x00, data_len=0x00) bytearray(b'\x02\x06\x00\x00\x00')
2025-03-29 05:15:37,995 BTPWorkerThread-14245 (_rx_task) root DEBUG client.py                 71    logger_log                : Received data: {''}, bytearray(b'')
2025-03-29 05:15:38,015 LT1-thread root DEBUG client.py                 71    logger_log                : received Header(svc_id=2, op=6, ctrl_index=0, data_len=0) (b'',)
2025-03-29 05:15:38,015 LT1-thread root DEBUG client.py                 71    logger_log                : Starting test function: class=<class 'autopts.ptsprojects.testcase.TestFunc'>, func=<function gatts_add_char at 0x0000018A870BA160> start_wid=None stop_wid=None post_wid=None skip_call=None call_count=191 args=(0, 2, 5, 'AA53') kwds={}
2025-03-29 05:15:38,015 LT1-thread root DEBUG client.py                 71    logger_log                : Test function parameters: args=(0, 2, 5, 'AA53'), kwds={}
2025-03-29 05:15:38,015 LT1-thread root DEBUG client.py                 71    logger_log                : gatts_add_char 0 2 5 'AA53'
2025-03-29 05:15:38,015 LT1-thread root DEBUG client.py                 71    logger_log                : send, 2 3 0 "bytearray(b'\\x00\\x00\\x02\\x05\\x02\\xaaS')"
2025-03-29 05:15:38,015 LT1-thread root DEBUG client.py                 71    logger_log                : sending frame '02030007000000020502aa53'
2025-03-29 05:15:38,015 LT1-thread root DEBUG client.py                 71    logger_log                : gatt_command_rsp_succ
2025-03-29 05:15:38,015 LT1-thread root DEBUG client.py                 71    logger_log                : read
2025-03-29 05:15:38,075 BTPWorkerThread-14245 (_rx_task) root DEBUG client.py                 71    logger_log                : Read 5 bytes
2025-03-29 05:15:38,095 BTPWorkerThread-14245 (_rx_task) root DEBUG client.py                 71    logger_log                : Received: hdr: Header(svc_id=0x02, op=0x03, ctrl_index=0x00, data_len=0x02) bytearray(b'\x02\x03\x00\x02\x00')
2025-03-29 05:15:38,135 BTPWorkerThread-14245 (_rx_task) root DEBUG client.py                 71    logger_log                : Read 2 bytes data
2025-03-29 05:15:38,155 BTPWorkerThread-14245 (_rx_task) root DEBUG client.py                 71    logger_log                : Received data: {'00 00'}, bytearray(b'\x00\x00')
2025-03-29 05:15:38,185 LT1-thread root DEBUG client.py                 71    logger_log                : received Header(svc_id=2, op=3, ctrl_index=0, data_len=2) (b'\x00\x00',)
2025-03-29 05:15:38,185 LT1-thread root DEBUG client.py                 71    logger_log                : Starting test function: class=<class 'autopts.ptsprojects.testcase.TestFunc'>, func=<function gatts_set_val at 0x0000018A870BA200> start_wid=None stop_wid=None post_wid=None skip_call=None call_count=191 args=(0, '02') kwds={}
2025-03-29 05:15:38,185 LT1-thread root DEBUG client.py                 71    logger_log                : Test function parameters: args=(0, '02'), kwds={}
2025-03-29 05:15:38,185 LT1-thread root DEBUG client.py                 71    logger_log                : gatts_set_val 0 '02' 
2025-03-29 05:15:38,185 LT1-thread root DEBUG client.py                 71    logger_log                : send, 2 6 0 "bytearray(b'\\x00\\x00\\x01\\x00\\x02')"
2025-03-29 05:15:38,185 LT1-thread root DEBUG client.py                 71    logger_log                : sending frame '02060005000000010002'
2025-03-29 05:15:38,185 LT1-thread root DEBUG client.py                 71    logger_log                : gatt_command_rsp_succ
2025-03-29 05:15:38,185 LT1-thread root DEBUG client.py                 71    logger_log                : read
2025-03-29 05:15:38,245 BTPWorkerThread-14245 (_rx_task) root DEBUG client.py                 71    logger_log                : Read 5 bytes
2025-03-29 05:15:38,285 BTPWorkerThread-14245 (_rx_task) root DEBUG client.py                 71    logger_log                : Received: hdr: Header(svc_id=0x02, op=0x06, ctrl_index=0x00, data_len=0x00) bytearray(b'\x02\x06\x00\x00\x00')
2025-03-29 05:15:38,295 BTPWorkerThread-14245 (_rx_task) root DEBUG client.py                 71    logger_log                : Received data: {''}, bytearray(b'')
2025-03-29 05:15:38,295 LT1-thread root DEBUG client.py                 71    logger_log                : received Header(svc_id=2, op=6, ctrl_index=0, data_len=0) (b'',)
2025-03-29 05:15:38,295 LT1-thread root DEBUG client.py                 71    logger_log                : Starting test function: class=<class 'autopts.ptsprojects.testcase.TestFunc'>, func=<function gatts_add_char at 0x0000018A870BA160> start_wid=None stop_wid=None post_wid=None skip_call=None call_count=191 args=(0, 66, 3, 'AA54') kwds={}
2025-03-29 05:15:38,295 LT1-thread root DEBUG client.py                 71    logger_log                : Test function parameters: args=(0, 66, 3, 'AA54'), kwds={}
2025-03-29 05:15:38,295 LT1-thread root DEBUG client.py                 71    logger_log                : gatts_add_char 0 66 3 'AA54'
2025-03-29 05:15:38,295 LT1-thread root DEBUG client.py                 71    logger_log                : send, 2 3 0 "bytearray(b'\\x00\\x00B\\x03\\x02\\xaaT')"
2025-03-29 05:15:38,295 LT1-thread root DEBUG client.py                 71    logger_log                : sending frame '02030007000000420302aa54'
2025-03-29 05:15:38,295 LT1-thread root DEBUG client.py                 71    logger_log                : gatt_command_rsp_succ
2025-03-29 05:15:38,295 LT1-thread root DEBUG client.py                 71    logger_log                : read
2025-03-29 05:15:38,375 BTPWorkerThread-14245 (_rx_task) root DEBUG client.py                 71    logger_log                : Read 5 bytes
2025-03-29 05:15:38,395 BTPWorkerThread-14245 (_rx_task) root DEBUG client.py                 71    logger_log                : Received: hdr: Header(svc_id=0x02, op=0x03, ctrl_index=0x00, data_len=0x02) bytearray(b'\x02\x03\x00\x02\x00')
2025-03-29 05:15:38,415 BTPWorkerThread-14245 (_rx_task) root DEBUG client.py                 71    logger_log                : Read 2 bytes data
2025-03-29 05:15:38,435 BTPWorkerThread-14245 (_rx_task) root DEBUG client.py                 71    logger_log                : Received data: {'00 00'}, bytearray(b'\x00\x00')
2025-03-29 05:15:38,465 LT1-thread root DEBUG client.py                 71    logger_log                : received Header(svc_id=2, op=3, ctrl_index=0, data_len=2) (b'\x00\x00',)
2025-03-29 05:15:38,465 LT1-thread root DEBUG client.py                 71    logger_log                : Starting test function: class=<class 'autopts.ptsprojects.testcase.TestFunc'>, func=<function gatts_set_val at 0x0000018A870BA200> start_wid=None stop_wid=None post_wid=None skip_call=None call_count=191 args=(0, '03') kwds={}
2025-03-29 05:15:38,465 LT1-thread root DEBUG client.py                 71    logger_log                : Test function parameters: args=(0, '03'), kwds={}
2025-03-29 05:15:38,465 LT1-thread root DEBUG client.py                 71    logger_log                : gatts_set_val 0 '03' 
2025-03-29 05:15:38,465 LT1-thread root DEBUG client.py                 71    logger_log                : send, 2 6 0 "bytearray(b'\\x00\\x00\\x01\\x00\\x03')"
2025-03-29 05:15:38,465 LT1-thread root DEBUG client.py                 71    logger_log                : sending frame '02060005000000010003'
2025-03-29 05:15:38,465 LT1-thread root DEBUG client.py                 71    logger_log                : gatt_command_rsp_succ
2025-03-29 05:15:38,465 LT1-thread root DEBUG client.py                 71    logger_log                : read
2025-03-29 05:15:38,525 BTPWorkerThread-14245 (_rx_task) root DEBUG client.py                 71    logger_log                : Read 5 bytes
2025-03-29 05:15:38,545 BTPWorkerThread-14245 (_rx_task) root DEBUG client.py                 71    logger_log                : Received: hdr: Header(svc_id=0x02, op=0x06, ctrl_index=0x00, data_len=0x00) bytearray(b'\x02\x06\x00\x00\x00')
2025-03-29 05:15:38,565 BTPWorkerThread-14245 (_rx_task) root DEBUG client.py                 71    logger_log                : Received data: {''}, bytearray(b'')
2025-03-29 05:15:38,595 LT1-thread root DEBUG client.py                 71    logger_log                : received Header(svc_id=2, op=6, ctrl_index=0, data_len=0) (b'',)
2025-03-29 05:15:38,595 LT1-thread root DEBUG client.py                 71    logger_log                : Starting test function: class=<class 'autopts.ptsprojects.testcase.TestFunc'>, func=<function gatts_add_char at 0x0000018A870BA160> start_wid=None stop_wid=None post_wid=None skip_call=None call_count=191 args=(0, 10, 48, 'AA55') kwds={}
2025-03-29 05:15:38,595 LT1-thread root DEBUG client.py                 71    logger_log                : Test function parameters: args=(0, 10, 48, 'AA55'), kwds={}
2025-03-29 05:15:38,595 LT1-thread root DEBUG client.py                 71    logger_log                : gatts_add_char 0 10 48 'AA55'
2025-03-29 05:15:38,595 LT1-thread root DEBUG client.py                 71    logger_log                : send, 2 3 0 "bytearray(b'\\x00\\x00\\n0\\x02\\xaaU')"
2025-03-29 05:15:38,595 LT1-thread root DEBUG client.py                 71    logger_log                : sending frame '020300070000000a3002aa55'
2025-03-29 05:15:38,595 LT1-thread root DEBUG client.py                 71    logger_log                : gatt_command_rsp_succ
2025-03-29 05:15:38,595 LT1-thread root DEBUG client.py                 71    logger_log                : read
2025-03-29 05:15:38,665 BTPWorkerThread-14245 (_rx_task) root DEBUG client.py                 71    logger_log                : Read 5 bytes
2025-03-29 05:15:38,685 BTPWorkerThread-14245 (_rx_task) root DEBUG client.py                 71    logger_log                : Received: hdr: Header(svc_id=0x02, op=0x03, ctrl_index=0x00, data_len=0x02) bytearray(b'\x02\x03\x00\x02\x00')
2025-03-29 05:15:38,725 BTPWorkerThread-14245 (_rx_task) root DEBUG client.py                 71    logger_log                : Read 2 bytes data
2025-03-29 05:15:38,745 BTPWorkerThread-14245 (_rx_task) root DEBUG client.py                 71    logger_log                : Received data: {'00 00'}, bytearray(b'\x00\x00')
2025-03-29 05:15:38,775 LT1-thread root DEBUG client.py                 71    logger_log                : received Header(svc_id=2, op=3, ctrl_index=0, data_len=2) (b'\x00\x00',)
2025-03-29 05:15:38,775 LT1-thread root DEBUG client.py                 71    logger_log                : Starting test function: class=<class 'autopts.ptsprojects.testcase.TestFunc'>, func=<function gatts_set_val at 0x0000018A870BA200> start_wid=None stop_wid=None post_wid=None skip_call=None call_count=191 args=(0, '04') kwds={}
2025-03-29 05:15:38,775 LT1-thread root DEBUG client.py                 71    logger_log                : Test function parameters: args=(0, '04'), kwds={}
2025-03-29 05:15:38,775 LT1-thread root DEBUG client.py                 71    logger_log                : gatts_set_val 0 '04' 
2025-03-29 05:15:38,775 LT1-thread root DEBUG client.py                 71    logger_log                : send, 2 6 0 "bytearray(b'\\x00\\x00\\x01\\x00\\x04')"
2025-03-29 05:15:38,775 LT1-thread root DEBUG client.py                 71    logger_log                : sending frame '02060005000000010004'
2025-03-29 05:15:38,775 LT1-thread root DEBUG client.py                 71    logger_log                : gatt_command_rsp_succ
2025-03-29 05:15:38,775 LT1-thread root DEBUG client.py                 71    logger_log                : read
2025-03-29 05:15:38,845 BTPWorkerThread-14245 (_rx_task) root DEBUG client.py                 71    logger_log                : Read 5 bytes
2025-03-29 05:15:38,865 BTPWorkerThread-14245 (_rx_task) root DEBUG client.py                 71    logger_log                : Received: hdr: Header(svc_id=0x02, op=0x06, ctrl_index=0x00, data_len=0x00) bytearray(b'\x02\x06\x00\x00\x00')
2025-03-29 05:15:38,885 BTPWorkerThread-14245 (_rx_task) root DEBUG client.py                 71    logger_log                : Received data: {''}, bytearray(b'')
2025-03-29 05:15:38,915 LT1-thread root DEBUG client.py                 71    logger_log                : received Header(svc_id=2, op=6, ctrl_index=0, data_len=0) (b'',)
2025-03-29 05:15:38,915 LT1-thread root DEBUG client.py                 71    logger_log                : Starting test function: class=<class 'autopts.ptsprojects.testcase.TestFunc'>, func=<function gatts_start_server at 0x0000018A870BA480> start_wid=None stop_wid=None post_wid=None skip_call=None call_count=191 args=() kwds={}
2025-03-29 05:15:38,915 LT1-thread root DEBUG client.py                 71    logger_log                : Test function parameters: args=(), kwds={}
2025-03-29 05:15:38,915 LT1-thread root DEBUG client.py                 71    logger_log                : gatts_start_server
2025-03-29 05:15:38,915 LT1-thread root DEBUG client.py                 71    logger_log                : send, 2 7 0 ''
2025-03-29 05:15:38,915 LT1-thread root DEBUG client.py                 71    logger_log                : sending frame '0207000000'
2025-03-29 05:15:38,915 LT1-thread root DEBUG client.py                 71    logger_log                : gatt_command_rsp_succ
2025-03-29 05:15:38,915 LT1-thread root DEBUG client.py                 71    logger_log                : read
2025-03-29 05:15:38,985 BTPWorkerThread-14245 (_rx_task) root DEBUG client.py                 71    logger_log                : Read 5 bytes
2025-03-29 05:15:39,005 BTPWorkerThread-14245 (_rx_task) root DEBUG client.py                 71    logger_log                : Received: hdr: Header(svc_id=0x02, op=0x07, ctrl_index=0x00, data_len=0x03) bytearray(b'\x02\x07\x00\x03\x00')
2025-03-29 05:15:39,025 BTPWorkerThread-14245 (_rx_task) root DEBUG client.py                 71    logger_log                : Read 3 bytes data
2025-03-29 05:15:39,045 BTPWorkerThread-14245 (_rx_task) root DEBUG client.py                 71    logger_log                : Received data: {'00 00 00'}, bytearray(b'\x00\x00\x00')
2025-03-29 05:15:39,075 LT1-thread root DEBUG client.py                 71    logger_log                : received Header(svc_id=2, op=7, ctrl_index=0, data_len=3) (b'\x00\x00\x00',)
2025-03-29 05:15:39,075 LT1-thread root DEBUG client.py                 71    logger_log                : ClientCallback.get_result run_test_case
2025-03-29 05:15:44,740 LT1-callback ClientCallback.on_implicit_send INFO client.py                 71    logger_log                : 
    ********************
    BEGIN OnImplicitSend:
    project_name: GAP
    wid: 79
    test_case_name: GAP/BROB/BCST/BV-04-C
    description: Please send non-connectable undirected advertising report with non-resolvable private address.
    style: MMI_Style_Ok_Cancel1 0x11041
2025-03-29 05:15:44,740 LT1-callback ClientCallback.on_implicit_send INFO client.py                 71    logger_log                : Calling test cases on_implicit_send
2025-03-29 05:15:44,740 LT1-callback ClientCallback.on_implicit_send INFO client.py                 71    logger_log                : 
    on_implicit_send returned response: WAIT
    END OnImplicitSend
    ********************
2025-03-29 05:15:45,110 LT1-thread root DEBUG client.py                 71    logger_log                : GAP GAP/BROB/BCST/BV-04-C on_implicit_send
2025-03-29 05:15:45,110 LT1-thread root DEBUG client.py                 71    logger_log                : gap_wid_hdl, 79, Please send non-connectable undirected advertising report with non-resolvable private address., GAP/BROB/BCST/BV-04-C
2025-03-29 05:15:45,110 LT1-thread root DEBUG client.py                 71    logger_log                : gap_set_nonconn
2025-03-29 05:15:45,110 LT1-thread root DEBUG client.py                 71    logger_log                : send, 1 6 0 '0'
2025-03-29 05:15:45,110 LT1-thread root DEBUG client.py                 71    logger_log                : sending frame '010600010000'
2025-03-29 05:15:45,110 LT1-thread root DEBUG client.py                 71    logger_log                : gap_command_rsp_succ
2025-03-29 05:15:45,110 LT1-thread root DEBUG client.py                 71    logger_log                : read
2025-03-29 05:15:45,180 BTPWorkerThread-14245 (_rx_task) root DEBUG client.py                 71    logger_log                : Read 5 bytes
2025-03-29 05:15:45,200 BTPWorkerThread-14245 (_rx_task) root DEBUG client.py                 71    logger_log                : Received: hdr: Header(svc_id=0x01, op=0x06, ctrl_index=0x00, data_len=0x04) bytearray(b'\x01\x06\x00\x04\x00')
2025-03-29 05:15:45,240 BTPWorkerThread-14245 (_rx_task) root DEBUG client.py                 71    logger_log                : Read 4 bytes data
2025-03-29 05:15:45,250 BTPWorkerThread-14245 (_rx_task) root DEBUG client.py                 71    logger_log                : Received data: {'11 22 00 00'}, bytearray(b'\x11"\x00\x00')
2025-03-29 05:15:45,270 LT1-thread root DEBUG client.py                 71    logger_log                : received Header(svc_id=1, op=6, ctrl_index=0, data_len=4) (b'\x11"\x00\x00',)
2025-03-29 05:15:45,270 LT1-thread root DEBUG client.py                 71    logger_log                : __gap_current_settings_update (b'\x11"\x00\x00',)
2025-03-29 05:15:45,270 LT1-thread root DEBUG client.py                 71    logger_log                : gap_adv_ind_on {9: b'Tester_59F2E6'} None
2025-03-29 05:15:45,270 LT1-thread root DEBUG client.py                 71    logger_log                : send, 1 10 0 "bytearray(b'\\x0f\\x00\\t\\rTester_59F2E6\\xff\\xff\\xff\\xff\\x00')"
2025-03-29 05:15:45,270 LT1-thread root DEBUG client.py                 71    logger_log                : sending frame '010a0016000f00090d5465737465725f353946324536ffffffff00'
2025-03-29 05:15:45,270 LT1-thread root DEBUG client.py                 71    logger_log                : gap_command_rsp_succ
2025-03-29 05:15:45,270 LT1-thread root DEBUG client.py                 71    logger_log                : read
2025-03-29 05:15:45,330 BTPWorkerThread-14245 (_rx_task) root DEBUG client.py                 71    logger_log                : Read 5 bytes
2025-03-29 05:15:45,350 BTPWorkerThread-14245 (_rx_task) root DEBUG client.py                 71    logger_log                : Received: hdr: Header(svc_id=0x01, op=0x0a, ctrl_index=0x00, data_len=0x04) bytearray(b'\x01\n\x00\x04\x00')
2025-03-29 05:15:45,370 BTPWorkerThread-14245 (_rx_task) root DEBUG client.py                 71    logger_log                : Read 4 bytes data
2025-03-29 05:15:45,390 BTPWorkerThread-14245 (_rx_task) root DEBUG client.py                 71    logger_log                : Received data: {'11 26 00 00'}, bytearray(b'\x11&\x00\x00')
2025-03-29 05:15:45,390 LT1-thread root DEBUG client.py                 71    logger_log                : received Header(svc_id=1, op=10, ctrl_index=0, data_len=4) (b'\x11&\x00\x00',)
2025-03-29 05:15:45,390 LT1-thread root DEBUG client.py                 71    logger_log                : __gap_current_settings_update (b'\x11&\x00\x00',)
2025-03-29 05:15:45,390 LT1-thread root DEBUG client.py                 71    logger_log                : Sending response 'OK' to wid 79 test case GAP/BROB/BCST/BV-04-C
2025-03-29 05:15:45,390 LT1-thread root DEBUG client.py                 71    logger_log                : ClientCallback.get_result run_test_case
2025-03-29 05:15:48,130 LT1-callback ClientCallback.log INFO client.py                 71    logger_log                : PTS_LOGTYPE_START_TEST Start Test Case 

+15 ms
 GAP/BROB/BCST/BV-04-C GAP/BROB/BCST/BV-04-C

2025-03-29 05:15:48,570 LT1-callback ClientCallback.log INFO client.py                 71    logger_log                : PTS_LOGTYPE_FINAL_VERDICT Final Verdict 

+7422 ms
 GAP/BROB/BCST/BV-04-C PASS

2025-03-29 05:15:48,580 LT1-callback ClientCallback.log INFO client.py                 71    logger_log                : PTS_LOGTYPE_FINAL_VERDICT Encrypted Verdict 

+7422 ms
 GAP/BROB/BCST/BV-04-C A1#ZWY4MzQ5MDg3MmQwNTIxOGQzMzQ5YjY2ODA5M2MzNjQ5ZDY4NmY0Yjc2MzIzM2VkNTUyNTFhNGU4Mjg1MjI0NA==#5pXnWsernO3t4bajrLw8JQMk6Y60lKFEdeRmucyMp6vqZAw2eNEeeV1M8l2OpmQs

2025-03-29 05:15:48,590 LT1-callback ClientCallback.log INFO client.py                 71    logger_log                : PTS_LOGTYPE_END_TEST Test Case Ended 

+7422 ms
 GAP/BROB/BCST/BV-04-C GAP/BROB/BCST/BV-04-C

2025-03-29 05:15:48,790 LT1-callback root DEBUG client.py                 71    logger_log                : ClientCallback, set_result, run_test_case, PASS
2025-03-29 05:15:48,790 LT1-thread root DEBUG client.py                 71    logger_log                : After run_test_case error_code=0 status='PASS'
2025-03-29 05:15:48,790 LT1-thread root DEBUG client.py                 71    logger_log                : post_run GAP GAP/BROB/BCST/BV-04-C 0
2025-03-29 05:15:48,790 LT1-thread root DEBUG client.py                 71    logger_log                : Starting test function: class=<class 'autopts.ptsprojects.testcase.TestFuncCleanUp'>, func=<bound method Stack.cleanup of <autopts.ptsprojects.stack.stack.Stack object at 0x0000018A8ACB9E90>> start_wid=None stop_wid=None post_wid=None skip_call=None call_count=1 args=() kwds={}
2025-03-29 05:15:48,790 LT1-thread root DEBUG client.py                 71    logger_log                : Test function parameters: args=(), kwds={}
2025-03-29 05:15:48,790 LT1-thread root DEBUG client.py                 71    logger_log                : Starting test function: class=<class 'autopts.ptsprojects.testcase.TestFuncCleanUp'>, func=<bound method ZephyrCtl.stop of <autopts.ptsprojects.zephyr.iutctl.ZephyrCtl object at 0x0000018A8ACCB8D0>> start_wid=None stop_wid=None post_wid=None skip_call=None call_count=1 args=() kwds={}
2025-03-29 05:15:48,790 LT1-thread root DEBUG client.py                 71    logger_log                : Test function parameters: args=(), kwds={}
2025-03-29 05:15:48,790 LT1-thread root DEBUG client.py                 71    logger_log                : <class 'autopts.ptsprojects.zephyr.iutctl.ZephyrCtl'>.stop
2025-03-29 05:15:48,790 LT1-thread root DEBUG client.py                 71    logger_log                : About to reset DUT: JLink -CommandFile reset.jlink -usb 1064371884 -device MCXW716
2025-03-29 05:15:49,278 BTPWorkerThread-14245 (_rx_task) root DEBUG client.py                 71    logger_log                : Read 5 bytes
2025-03-29 05:15:49,298 BTPWorkerThread-14245 (_rx_task) root DEBUG client.py                 71    logger_log                : Received: hdr: Header(svc_id=0x00, op=0x80, ctrl_index=0xff, data_len=0x00) bytearray(b'\x00\x80\xff\x00\x00')
2025-03-29 05:15:49,318 BTPWorkerThread-14245 (_rx_task) root DEBUG client.py                 71    logger_log                : Received data: {''}, bytearray(b'')
2025-03-29 05:15:49,338 BTPWorkerThread-14245 (_rx_task) root DEBUG client.py                 71    logger_log                : event_handler Header(svc_id=0, op=128, ctrl_index=255, data_len=0) (b'',)
2025-03-29 05:15:49,358 BTPWorkerThread-14245 (_rx_task) root DEBUG client.py                 71    logger_log                : core_iut_ready_ev
2025-03-29 05:15:49,378 LT1-thread root DEBUG client.py                 71    logger_log                : IUT ready event received OK
2025-03-29 05:15:49,378 LT1-thread root DEBUG client.py                 71    logger_log                : Waiting for _rx_worker to finish ...
2025-03-29 05:15:50,385 BTPWorkerThread-14245 (_rx_task) root DEBUG client.py                 71    logger_log                : BTPWorkerThread-14245 (_rx_task) finishing...
2025-03-29 05:15:50,385 LT1-thread root DEBUG client.py                 71    logger_log                : Waiting for _rx_worker to finish ...
2025-03-29 05:15:53,391 LT1-thread root DEBUG client.py                 71    logger_log                : post_run, cleanup running post test case script
2025-03-29 05:15:53,391 LT1-thread root DEBUG client.py                 71    logger_log                : post_run, run post test case script
2025-03-29 05:15:53,511 LT1-thread root DEBUG client.py                 71    logger_log                : Done TestCase _run_test_case GAP GAP/BROB/BCST/BV-04-C
