< 2025/01/09 08:52:50.232097  length=5 from=0 to=4
 00 80 ff 00 00                                   .....
--
> 2025/01/09 08:53:00.063195  length=6 from=0 to=5
 00 03 ff 01 00 01                                ......
--
< 2025/01/09 08:53:00.110257  length=5 from=5 to=9
 00 03 ff 00 00                                   .....
--
> 2025/01/09 08:53:00.187137  length=5 from=6 to=10
 01 03 00 00 00                                   .....
--
< 2025/01/09 08:53:01.035518  length=64 from=10 to=73
 01 03 00 15 01 28 00 03 37 60 00 13 06 02 00 13  .....(..7`......
 02 00 00 00 00 00 62 74 70 5f 74 65 73 74 65 72  ......btp_tester
 00 00 00 00 00 00 00 00 00 00 00 00 00 00 00 00  ................
 00 00 00 00 00 00 00 00 00 00 00 00 00 00 00 00  ................
--
< 2025/01/09 08:53:01.043199  length=96 from=74 to=169
 00 00 00 00 00 00 00 00 00 00 00 00 00 00 00 00  ................
 00 00 00 00 00 00 00 00 00 00 00 00 00 00 00 00  ................
 00 00 00 00 00 00 00 00 00 00 00 00 00 00 00 00  ................
 00 00 00 00 00 00 00 00 00 00 00 00 00 00 00 00  ................
 00 00 00 00 00 00 00 00 00 00 00 00 00 00 00 00  ................
 00 00 00 00 00 00 00 00 00 00 00 00 00 00 00 00  ................
--
< 2025/01/09 08:53:01.050465  length=64 from=170 to=233
 00 00 00 00 00 00 00 00 00 00 00 00 00 00 00 00  ................
 00 00 00 00 00 00 00 00 00 00 00 00 00 00 00 00  ................
 00 00 00 00 00 00 00 00 00 00 00 00 00 00 00 00  ................
 00 00 00 00 00 00 00 00 00 00 00 00 00 00 00 00  ................
--
< 2025/01/09 08:53:01.055510  length=58 from=234 to=291
 00 00 00 00 00 00 00 00 00 00 00 00 00 00 00 00  ................
 00 00 00 00 00 00 00 00 00 00 00 00 00 00 00 00  ................
 00 00 00 00 00 00 00 00 00 00 00 00 00 00 00 00  ................
 00 00 00 00 00 00 00 00 00 00                    ..........
--
> 2025/01/09 08:53:01.161155  length=6 from=11 to=16
 01 09 00 01 00 00                                ......
--
< 2025/01/09 08:53:01.177259  length=9 from=292 to=300
 01 09 00 04 00 03 02 00 00                       .........
--
> 2025/01/09 08:53:04.312339  length=13 from=17 to=29
 01 0e 00 08 00 00 e6 f2 59 e8 07 c0 00           ........Y....
--
< 2025/01/09 08:53:04.328317  length=5 from=301 to=305
 01 0e 00 00 00                                   .....
--
< 2025/01/09 08:53:04.532417  length=18 from=306 to=323
 01 82 00 0d 00 00 e6 f2 59 e8 07 c0 18 00 00 00  ........Y.......
 90 01                                            ..
--
> 2025/01/09 08:53:05.683460  length=12 from=30 to=41
 01 11 00 07 00 00 e6 f2 59 e8 07 c0              ........Y...
--
< 2025/01/09 08:53:05.699490  length=5 from=324 to=328
 01 11 00 00 00                                   .....
--
< 2025/01/09 08:53:07.008216  length=13 from=329 to=341
 01 89 00 08 00 00 e6 f2 59 e8 07 c0 02           ........Y....
--
> 2025/01/09 08:53:07.810097  length=12 from=42 to=53
 01 0f 00 07 00 00 e6 f2 59 e8 07 c0              ........Y...
--
< 2025/01/09 08:53:07.826244  length=5 from=342 to=346
 01 0f 00 00 00                                   .....
--
< 2025/01/09 08:53:07.842291  length=12 from=347 to=358
 01 83 00 07 00 00 e6 f2 59 e8 07 c0              ........Y...
--
> 2025/01/09 08:53:09.960959  length=13 from=54 to=66
 01 0e 00 08 00 00 e6 f2 59 e8 07 c0 00           ........Y....
--
< 2025/01/09 08:53:09.977003  length=5 from=359 to=363
 01 0e 00 00 00                                   .....
--
< 2025/01/09 08:53:09.992285  length=18 from=364 to=381
 01 82 00 0d 00 00 e6 f2 59 e8 07 c0 18 00 00 00  ........Y.......
 90 01                                            ..
--
> 2025/01/09 08:53:11.054485  length=12 from=67 to=78
 01 11 00 07 00 00 e6 f2 59 e8 07 c0              ........Y...
--
< 2025/01/09 08:53:11.070657  length=5 from=382 to=386
 01 11 00 00 00                                   .....
--
< 2025/01/09 08:53:12.376959  length=13 from=387 to=399
 01 89 00 08 00 00 e6 f2 59 e8 07 c0 02           ........Y....
--
> 2025/01/09 08:53:13.157825  length=12 from=79 to=90
 01 0f 00 07 00 00 e6 f2 59 e8 07 c0              ........Y...
--
< 2025/01/09 08:53:13.173137  length=5 from=400 to=404
 01 0f 00 00 00                                   .....
--
< 2025/01/09 08:53:13.174062  length=12 from=405 to=416
 01 83 00 07 00 00 e6 f2 59 e8 07 c0              ........Y...
--
> 2025/01/09 08:53:15.284575  length=13 from=91 to=103
 01 0e 00 08 00 00 e6 f2 59 e8 07 c0 00           ........Y....
--
< 2025/01/09 08:53:15.300555  length=5 from=417 to=421
 01 0e 00 00 00                                   .....
--
< 2025/01/09 08:53:15.394672  length=18 from=422 to=439
 01 82 00 0d 00 00 e6 f2 59 e8 07 c0 18 00 00 00  ........Y.......
 90 01                                            ..
--
> 2025/01/09 08:53:16.546790  length=12 from=104 to=115
 01 11 00 07 00 00 e6 f2 59 e8 07 c0              ........Y...
--
< 2025/01/09 08:53:16.563013  length=5 from=440 to=444
 01 11 00 00 00                                   .....
--
< 2025/01/09 08:53:17.871527  length=13 from=445 to=457
 01 89 00 08 00 00 e6 f2 59 e8 07 c0 02           ........Y....
--
> 2025/01/09 08:53:18.628017  length=12 from=116 to=127
 01 0f 00 07 00 00 e6 f2 59 e8 07 c0              ........Y...
--
< 2025/01/09 08:53:18.643953  length=5 from=458 to=462
 01 0f 00 00 00                                   .....
--
< 2025/01/09 08:53:18.676039  length=12 from=463 to=474
 01 83 00 07 00 00 e6 f2 59 e8 07 c0              ........Y...
--
< 2025/01/09 08:53:23.964936  length=5 from=475 to=479
 00 80 ff 00 00                                   .....
--
