12:34:09:606	> BTP_CORE_CMD_REGISTER_SERVICE (0x00|0x03|0xff)
                  raw data (1): 00 03 ff 01 00 01
12:34:09:746	< BTP_CORE_CMD_REGISTER_SERVICE (0x00|0x03|0xff)
                  raw data (0): 00 03 ff 00 00
12:34:09:776	> BTP_GAP_CMD_READ_CONTROLLER_INFO (0x01|0x03|0x00)
                  raw data (0): 01 03 00 00 00
12:34:10:046	< BTP_GAP_CMD_READ_CONTROLLER_INFO (0x01|0x03|0x00)
                  raw data (277): 
                  01 03 00 15 01 28 00 03 37 60 00 13 06 02 00 13 
                  02 00 00 00 00 00 62 74 70 5f 74 65 73 74 65 72 
                  00 00 00 00 00 00 00 00 00 00 00 00 00 00 00 00 
                  00 00 00 00 00 00 00 00 00 00 00 00 00 00 00 00 
                  00 00 00 00 00 00 00 00 00 00 00 00 00 00 00 00 
                  00 00 00 00 00 00 00 00 00 00 00 00 00 00 00 00 
                  00 00 00 00 00 00 00 00 00 00 00 00 00 00 00 00 
                  00 00 00 00 00 00 00 00 00 00 00 00 00 00 00 00 
                  00 00 00 00 00 00 00 00 00 00 00 00 00 00 00 00 
                  00 00 00 00 00 00 00 00 00 00 00 00 00 00 00 00 
                  00 00 00 00 00 00 00 00 00 00 00 00 00 00 00 00 
                  00 00 00 00 00 00 00 00 00 00 00 00 00 00 00 00 
                  00 00 00 00 00 00 00 00 00 00 00 00 00 00 00 00 
                  00 00 00 00 00 00 00 00 00 00 00 00 00 00 00 00 
                  00 00 00 00 00 00 00 00 00 00 00 00 00 00 00 00 
                  00 00 00 00 00 00 00 00 00 00 00 00 00 00 00 00 
                  00 00 00 00 00 00 00 00 00 00 00 00 00 00 00 00 
                  00 00 00 00 00 00 00 00 00 00
12:34:10:276	> BTP_CORE_CMD_REGISTER_SERVICE (0x00|0x03|0xff)
                  raw data (2): 00 03 ff 01 00 02
12:34:10:386	< BTP_CORE_CMD_REGISTER_SERVICE (0x00|0x03|0xff)
                  raw data (0): 00 03 ff 00 00
12:34:10:416	> BTP_GAP_CMD_SET_IO_CAP (0x01|0x10|0x00)
                  raw data (1): 01 10 00 01 00 04
12:34:10:526	< BTP_GAP_CMD_SET_IO_CAP (0x01|0x10|0x00)
                  raw data (0): 01 10 00 00 00
12:34:10:556	> BTP_GATT_CMD_ADD_SERVICE (0x02|0x02|0x00)
                  raw data (4): 02 02 00 04 00 00 02 aa 51
12:34:10:706	< BTP_GATT_CMD_ADD_SERVICE (0x02|0x02|0x00)
                  raw data (2): 02 02 00 02 00 00 00
12:34:10:736	> BTP_GATT_CMD_ADD_CHARACTERISTIC (0x02|0x03|0x00)
                  raw data (7): 02 03 00 07 00 00 00 02 11 02 aa 52
12:34:10:886	< BTP_GATT_CMD_ADD_CHARACTERISTIC (0x02|0x03|0x00)
                  raw data (2): 02 03 00 02 00 00 00
12:34:10:916	> BTP_GATT_CMD_SET_VALUE (0x02|0x06|0x00)
                  raw data (5): 02 06 00 05 00 00 00 01 00 01
12:34:11:026	< BTP_GATT_CMD_SET_VALUE (0x02|0x06|0x00)
                  raw data (0): 02 06 00 00 00
12:34:11:056	> BTP_GATT_CMD_ADD_CHARACTERISTIC (0x02|0x03|0x00)
                  raw data (7): 02 03 00 07 00 00 00 02 05 02 aa 53
12:34:11:206	< BTP_GATT_CMD_ADD_CHARACTERISTIC (0x02|0x03|0x00)
                  raw data (2): 02 03 00 02 00 00 00
12:34:11:236	> BTP_GATT_CMD_SET_VALUE (0x02|0x06|0x00)
                  raw data (5): 02 06 00 05 00 00 00 01 00 02
12:34:11:346	< BTP_GATT_CMD_SET_VALUE (0x02|0x06|0x00)
                  raw data (0): 02 06 00 00 00
12:34:11:376	> BTP_GATT_CMD_ADD_CHARACTERISTIC (0x02|0x03|0x00)
                  raw data (7): 02 03 00 07 00 00 00 42 03 02 aa 54
12:34:11:526	< BTP_GATT_CMD_ADD_CHARACTERISTIC (0x02|0x03|0x00)
                  raw data (2): 02 03 00 02 00 00 00
12:34:11:526	> BTP_GATT_CMD_SET_VALUE (0x02|0x06|0x00)
                  raw data (5): 02 06 00 05 00 00 00 01 00 03
12:34:11:626	< BTP_GATT_CMD_SET_VALUE (0x02|0x06|0x00)
                  raw data (0): 02 06 00 00 00
12:34:11:626	> BTP_GATT_CMD_ADD_CHARACTERISTIC (0x02|0x03|0x00)
                  raw data (7): 02 03 00 07 00 00 00 0a 30 02 aa 55
12:34:11:786	< BTP_GATT_CMD_ADD_CHARACTERISTIC (0x02|0x03|0x00)
                  raw data (2): 02 03 00 02 00 00 00
12:34:11:816	> BTP_GATT_CMD_SET_VALUE (0x02|0x06|0x00)
                  raw data (5): 02 06 00 05 00 00 00 01 00 04
12:34:11:916	< BTP_GATT_CMD_SET_VALUE (0x02|0x06|0x00)
                  raw data (0): 02 06 00 00 00
12:34:11:926	> BTP_GATT_CMD_START_SERVER (0x02|0x07|0x00)
                  raw data (0): 02 07 00 00 00
12:34:12:046	< BTP_GATT_CMD_START_SERVER (0x02|0x07|0x00)
                  raw data (3): 02 07 00 03 00 00 00 00
12:34:15:066	> BTP_GAP_CMD_CONNECT (0x01|0x0e|0x00)
                  raw data (8): 01 0e 00 08 00 00 2a de 25 e8 07 c0 00
12:34:15:176	< BTP_GAP_CMD_CONNECT (0x01|0x0e|0x00)
                  raw data (0): 01 0e 00 00 00
12:34:15:176	< BTP_GAP_EV_DEVICE_CONNECTED (0x01|0x82|0x00)
                  raw data (13): 
                  01 82 00 0d 00 00 2a de 25 e8 07 c0 30 00 00 00 
                  90 01
12:34:16:186	> BTP_GATT_CMD_READ (0x02|0x11|0x00)
                  raw data (9): 02 11 00 09 00 00 2a de 25 e8 07 c0 07 00
12:34:16:376	< BTP_GATT_CMD_READ (0x02|0x11|0x00)
                  raw data (3): 02 11 00 03 00 05 00 00
12:34:17:416	> BTP_GAP_CMD_PAIR (0x01|0x11|0x00)
                  raw data (7): 01 11 00 07 00 00 2a de 25 e8 07 c0
12:34:17:506	< BTP_GAP_CMD_PAIR (0x01|0x11|0x00)
                  raw data (0): 01 11 00 00 00
12:34:18:216	< BTP_GAP_EV_PAIRING_FAILED (0x01|0x8c|0x00)
                  raw data (8): 01 8c 00 08 00 00 2a de 25 e8 07 c0 09
12:34:18:216	< BTP_GAP_EV_SEC_LEVEL_CHANGED (0x01|0x89|0x00)
                  raw data (8): 01 89 00 08 00 00 2a de 25 e8 07 c0 02
12:34:18:696	< BTP_GAP_EV_DEVICE_DISCONNECTED (0x01|0x83|0x00)
                  raw data (7): 01 83 00 07 00 00 2a de 25 e8 07 c0
12:34:22:515	< BTP_CORE_EV_IUT_READY (0x00|0x80|0xff)
                  raw data (0): 00 80 ff 00 00
