2025-03-06 01:31:35,561 LT1-thread root DEBUG client.py                 71    logger_log                : Starting TestCase _run_test_case OTS OTS/SR/OAE/BI-06-C
2025-03-06 01:31:35,562 LT1-thread root DEBUG client.py                 71    logger_log                : pre_run OTS OTS/SR/OAE/BI-06-C
2025-03-06 01:31:35,563 LT1-thread root DEBUG client.py                 71    logger_log                : About to run test case OTS OTS/SR/OAE/BI-06-C with commands:
2025-03-06 01:31:35,563 LT1-thread root DEBUG client.py                 71    logger_log                : 0) class=<class 'autopts.ptsprojects.testcase.TestFunc'>, func=<bound method Stack.core_init of <autopts.ptsprojects.stack.stack.Stack object at 0x0000022DC2EF3CD0>> start_wid=None stop_wid=None post_wid=None skip_call=None call_count=0 args=() kwds={}
2025-03-06 01:31:35,564 LT1-thread root DEBUG client.py                 71    logger_log                : 1) class=<class 'autopts.ptsprojects.testcase.TestFunc'>, func=<bound method ZephyrCtl.hw_reset of <autopts.ptsprojects.zephyr.iutctl.ZephyrCtl object at 0x0000022DC2EF3ED0>> start_wid=None stop_wid=None post_wid=None skip_call=None call_count=0 args=() kwds={}
2025-03-06 01:31:35,564 LT1-thread root DEBUG client.py                 71    logger_log                : 2) class=<class 'autopts.ptsprojects.testcase.TestFunc'>, func=<bound method ZephyrCtl.start of <autopts.ptsprojects.zephyr.iutctl.ZephyrCtl object at 0x0000022DC2EF3ED0>> start_wid=None stop_wid=None post_wid=None skip_call=None call_count=0 args=(<autopts.ptsprojects.zephyr.ztestcase.ZTestCase object at 0x0000022DC36AA4D0>,) kwds={}
2025-03-06 01:31:35,564 LT1-thread root DEBUG client.py                 71    logger_log                : 3) class=<class 'autopts.ptsprojects.testcase.TestFunc'>, func=<bound method ZephyrCtl.hw_reset of <autopts.ptsprojects.zephyr.iutctl.ZephyrCtl object at 0x0000022DC2EF3ED0>> start_wid=None stop_wid=None post_wid=None skip_call=None call_count=0 args=() kwds={}
2025-03-06 01:31:35,564 LT1-thread root DEBUG client.py                 71    logger_log                : 4) class=<class 'autopts.ptsprojects.testcase.TestFunc'>, func=<bound method ZephyrCtl.wait_iut_ready_event of <autopts.ptsprojects.zephyr.iutctl.ZephyrCtl object at 0x0000022DC2EF3ED0>> start_wid=None stop_wid=None post_wid=None skip_call=None call_count=0 args=(False,) kwds={}
2025-03-06 01:31:35,564 LT1-thread root DEBUG client.py                 71    logger_log                : 5) class=<class 'autopts.ptsprojects.testcase.TestFunc'>, func=<function core_reg_svc_gap at 0x0000022DBEE7C7C0> start_wid=None stop_wid=None post_wid=None skip_call=None call_count=33 args=() kwds={}
2025-03-06 01:31:35,565 LT1-thread root DEBUG client.py                 71    logger_log                : 6) class=<class 'autopts.ptsprojects.testcase.TestFunc'>, func=<bound method Stack.gap_init of <autopts.ptsprojects.stack.stack.Stack object at 0x0000022DC2EF3CD0>> start_wid=None stop_wid=None post_wid=None skip_call=None call_count=33 args=(b'Tester_25DE2A',) kwds={}
2025-03-06 01:31:35,565 LT1-thread root DEBUG client.py                 71    logger_log                : 7) class=<class 'autopts.ptsprojects.testcase.TestFunc'>, func=<function gap_read_ctrl_info at 0x0000022DBEE88680> start_wid=None stop_wid=None post_wid=None skip_call=None call_count=33 args=() kwds={}
2025-03-06 01:31:35,565 LT1-thread root DEBUG client.py                 71    logger_log                : 8) class=<class 'autopts.ptsprojects.testcase.TestFunc'>, func=<function test_cases.<locals>.<lambda> at 0x0000022DC360A340> start_wid=None stop_wid=None post_wid=None skip_call=None call_count=33 args=() kwds={}
2025-03-06 01:31:35,565 LT1-thread root DEBUG client.py                 71    logger_log                : 9) class=<class 'autopts.ptsprojects.testcase.TestFunc'>, func=<function set_pts_addr at 0x0000022DBEE7C360> start_wid=None stop_wid=None post_wid=None skip_call=None call_count=33 args=('C0:07:E8:25:DE:2A', 0) kwds={}
2025-03-06 01:31:35,565 LT1-thread root DEBUG client.py                 71    logger_log                : 10) class=<class 'autopts.ptsprojects.testcase.TestFunc'>, func=<function core_reg_svc_gatt at 0x0000022DBEE7C900> start_wid=None stop_wid=None post_wid=None skip_call=None call_count=33 args=() kwds={}
2025-03-06 01:31:35,565 LT1-thread root DEBUG client.py                 71    logger_log                : 11) class=<class 'autopts.ptsprojects.testcase.TestFunc'>, func=<bound method Stack.gatt_init of <autopts.ptsprojects.stack.stack.Stack object at 0x0000022DC2EF3CD0>> start_wid=None stop_wid=None post_wid=None skip_call=None call_count=33 args=() kwds={}
2025-03-06 01:31:35,566 LT1-thread root DEBUG client.py                 71    logger_log                : 12) class=<class 'autopts.ptsprojects.testcase.TestFunc'>, func=<function core_reg_svc_ots at 0x0000022DBEE7DC60> start_wid=None stop_wid=None post_wid=None skip_call=None call_count=33 args=() kwds={}
2025-03-06 01:31:35,566 LT1-thread root DEBUG client.py                 71    logger_log                : 13) class=<class 'autopts.ptsprojects.testcase.TestFunc'>, func=<bound method Stack.ots_init of <autopts.ptsprojects.stack.stack.Stack object at 0x0000022DC2EF3CD0>> start_wid=None stop_wid=None post_wid=None skip_call=None call_count=33 args=() kwds={}
2025-03-06 01:31:35,566 LT1-thread root DEBUG client.py                 71    logger_log                : 14) class=<class 'autopts.ptsprojects.testcase.TestFunc'>, func=<function otc_register_object at 0x0000022DBF7299E0> start_wid=None stop_wid=None post_wid=None skip_call=None call_count=0 args=(0, 'Object 1 with very long name', 1, 0, 100, 50) kwds={}
2025-03-06 01:31:35,566 LT1-thread root DEBUG client.py                 71    logger_log                : 15) class=<class 'autopts.ptsprojects.testcase.TestFuncCleanUp'>, func=<bound method Stack.cleanup of <autopts.ptsprojects.stack.stack.Stack object at 0x0000022DC2EF3CD0>> start_wid=None stop_wid=None post_wid=None skip_call=None call_count=0 args=() kwds={}
2025-03-06 01:31:35,566 LT1-thread root DEBUG client.py                 71    logger_log                : 16) class=<class 'autopts.ptsprojects.testcase.TestFuncCleanUp'>, func=<bound method ZephyrCtl.stop of <autopts.ptsprojects.zephyr.iutctl.ZephyrCtl object at 0x0000022DC2EF3ED0>> start_wid=None stop_wid=None post_wid=None skip_call=None call_count=0 args=() kwds={}
2025-03-06 01:31:35,567 LT1-thread root DEBUG client.py                 71    logger_log                : pre_run, run pre test case script
2025-03-06 01:31:35,580 LT1-thread root DEBUG client.py                 71    logger_log                : Starting test function: class=<class 'autopts.ptsprojects.testcase.TestFunc'>, func=<bound method Stack.core_init of <autopts.ptsprojects.stack.stack.Stack object at 0x0000022DC2EF3CD0>> start_wid=None stop_wid=None post_wid=None skip_call=None call_count=1 args=() kwds={}
2025-03-06 01:31:35,580 LT1-thread root DEBUG client.py                 71    logger_log                : Test function parameters: args=(), kwds={}
2025-03-06 01:31:35,581 LT1-thread root DEBUG client.py                 71    logger_log                : Starting test function: class=<class 'autopts.ptsprojects.testcase.TestFunc'>, func=<bound method ZephyrCtl.hw_reset of <autopts.ptsprojects.zephyr.iutctl.ZephyrCtl object at 0x0000022DC2EF3ED0>> start_wid=None stop_wid=None post_wid=None skip_call=None call_count=1 args=() kwds={}
2025-03-06 01:31:35,581 LT1-thread root DEBUG client.py                 71    logger_log                : Test function parameters: args=(), kwds={}
2025-03-06 01:31:35,581 LT1-thread root DEBUG client.py                 71    logger_log                : Starting test function: class=<class 'autopts.ptsprojects.testcase.TestFunc'>, func=<bound method ZephyrCtl.start of <autopts.ptsprojects.zephyr.iutctl.ZephyrCtl object at 0x0000022DC2EF3ED0>> start_wid=None stop_wid=None post_wid=None skip_call=None call_count=1 args=(<autopts.ptsprojects.zephyr.ztestcase.ZTestCase object at 0x0000022DC36AA4D0>,) kwds={}
2025-03-06 01:31:35,581 LT1-thread root DEBUG client.py                 71    logger_log                : Test function parameters: args=(<autopts.ptsprojects.zephyr.ztestcase.ZTestCase object at 0x0000022DC36AA4D0>,), kwds={}
2025-03-06 01:31:35,582 LT1-thread root DEBUG client.py                 71    logger_log                : <class 'autopts.ptsprojects.zephyr.iutctl.ZephyrCtl'>.start
2025-03-06 01:31:35,582 LT1-thread root DEBUG client.py                 71    logger_log                : <class 'autopts.ptsprojects.zephyr.iutctl.ZephyrCtl'>.flush_serial
2025-03-06 01:31:36,846 LT1-thread root DEBUG client.py                 71    logger_log                : Starting socat process: socat.exe -x -v tcp:10.192.253.135:54959,retry=100,interval=1 /dev/ttyS35,raw,b115200
2025-03-06 01:31:36,861 LT1-thread root DEBUG client.py                 71    logger_log                : accept
2025-03-06 01:31:36,996 BTPWorkerThread-11144 (_rx_task) root DEBUG client.py                 71    logger_log                : BTPWorkerThread-11144 (_rx_task) started
2025-03-06 01:31:36,996 LT1-thread root DEBUG client.py                 71    logger_log                : Starting test function: class=<class 'autopts.ptsprojects.testcase.TestFunc'>, func=<bound method ZephyrCtl.hw_reset of <autopts.ptsprojects.zephyr.iutctl.ZephyrCtl object at 0x0000022DC2EF3ED0>> start_wid=None stop_wid=None post_wid=None skip_call=None call_count=1 args=() kwds={}
2025-03-06 01:31:36,996 LT1-thread root DEBUG client.py                 71    logger_log                : Test function parameters: args=(), kwds={}
2025-03-06 01:31:36,997 LT1-thread root DEBUG client.py                 71    logger_log                : Starting test function: class=<class 'autopts.ptsprojects.testcase.TestFunc'>, func=<bound method ZephyrCtl.wait_iut_ready_event of <autopts.ptsprojects.zephyr.iutctl.ZephyrCtl object at 0x0000022DC2EF3ED0>> start_wid=None stop_wid=None post_wid=None skip_call=None call_count=1 args=(False,) kwds={}
2025-03-06 01:31:36,997 LT1-thread root DEBUG client.py                 71    logger_log                : Test function parameters: args=(False,), kwds={}
2025-03-06 01:31:36,998 LT1-thread root DEBUG client.py                 71    logger_log                : IUT ready event received OK
2025-03-06 01:31:36,999 LT1-thread root DEBUG client.py                 71    logger_log                : Starting test function: class=<class 'autopts.ptsprojects.testcase.TestFunc'>, func=<function core_reg_svc_gap at 0x0000022DBEE7C7C0> start_wid=None stop_wid=None post_wid=None skip_call=None call_count=34 args=() kwds={}
2025-03-06 01:31:36,999 LT1-thread root DEBUG client.py                 71    logger_log                : Test function parameters: args=(), kwds={}
2025-03-06 01:31:36,999 LT1-thread root DEBUG client.py                 71    logger_log                : core_reg_svc_gap
2025-03-06 01:31:37,000 LT1-thread root DEBUG client.py                 71    logger_log                : send, 0 3 255 '1'
2025-03-06 01:31:37,000 LT1-thread root DEBUG client.py                 71    logger_log                : sending frame '0003ff010001'
2025-03-06 01:31:37,000 LT1-thread root DEBUG client.py                 71    logger_log                : core_reg_svc_rsp_succ
2025-03-06 01:31:37,001 LT1-thread root DEBUG client.py                 71    logger_log                : read
2025-03-06 01:31:37,119 BTPWorkerThread-11144 (_rx_task) root DEBUG client.py                 71    logger_log                : Read 5 bytes
2025-03-06 01:31:37,151 BTPWorkerThread-11144 (_rx_task) root DEBUG client.py                 71    logger_log                : Received: hdr: Header(svc_id=0x00, op=0x03, ctrl_index=0xff, data_len=0x00) bytearray(b'\x00\x03\xff\x00\x00')
2025-03-06 01:31:37,183 BTPWorkerThread-11144 (_rx_task) root DEBUG client.py                 71    logger_log                : Received data: {''}, bytearray(b'')
2025-03-06 01:31:37,231 LT1-thread root DEBUG client.py                 71    logger_log                : received Header(svc_id=0, op=3, ctrl_index=255, data_len=0) (b'',)
2025-03-06 01:31:37,231 LT1-thread root DEBUG client.py                 71    logger_log                : expected ((0, 3, 255, 0), (b'',))
2025-03-06 01:31:37,231 LT1-thread root DEBUG client.py                 71    logger_log                : response is valid
2025-03-06 01:31:37,232 LT1-thread root DEBUG client.py                 71    logger_log                : Starting test function: class=<class 'autopts.ptsprojects.testcase.TestFunc'>, func=<bound method Stack.gap_init of <autopts.ptsprojects.stack.stack.Stack object at 0x0000022DC2EF3CD0>> start_wid=None stop_wid=None post_wid=None skip_call=None call_count=34 args=(b'Tester_25DE2A',) kwds={}
2025-03-06 01:31:37,232 LT1-thread root DEBUG client.py                 71    logger_log                : Test function parameters: args=(b'Tester_25DE2A',), kwds={}
2025-03-06 01:31:37,232 LT1-thread root DEBUG client.py                 71    logger_log                : Starting test function: class=<class 'autopts.ptsprojects.testcase.TestFunc'>, func=<function gap_read_ctrl_info at 0x0000022DBEE88680> start_wid=None stop_wid=None post_wid=None skip_call=None call_count=34 args=() kwds={}
2025-03-06 01:31:37,232 LT1-thread root DEBUG client.py                 71    logger_log                : Test function parameters: args=(), kwds={}
2025-03-06 01:31:37,232 LT1-thread root DEBUG client.py                 71    logger_log                : gap_read_ctrl_info
2025-03-06 01:31:37,233 LT1-thread root DEBUG client.py                 71    logger_log                : send, 1 3 0 ''
2025-03-06 01:31:37,233 LT1-thread root DEBUG client.py                 71    logger_log                : sending frame '0103000000'
2025-03-06 01:31:37,233 LT1-thread root DEBUG client.py                 71    logger_log                : read
2025-03-06 01:31:37,371 BTPWorkerThread-11144 (_rx_task) root DEBUG client.py                 71    logger_log                : Read 5 bytes
2025-03-06 01:31:37,402 BTPWorkerThread-11144 (_rx_task) root DEBUG client.py                 71    logger_log                : Received: hdr: Header(svc_id=0x01, op=0x03, ctrl_index=0x00, data_len=0x115) bytearray(b'\x01\x03\x00\x15\x01')
2025-03-06 01:31:37,464 BTPWorkerThread-11144 (_rx_task) root DEBUG client.py                 71    logger_log                : Read 277 bytes data
2025-03-06 01:31:37,495 BTPWorkerThread-11144 (_rx_task) root DEBUG client.py                 71    logger_log                : Received data: {'28 00 03 37 60 00 13 06 02 00 13 02 00 00 00 00 00 62 74 70 5f 74 65 73 74 65 72 00 00 00 00 00 00 00 00 00 00 00 00 00 00 00 00 00 00 00 00 00 00 00 00 00 00 00 00 00 00 00 00 00 00 00 00 00 00 00 00 00 00 00 00 00 00 00 00 00 00 00 00 00 00 00 00 00 00 00 00 00 00 00 00 00 00 00 00 00 00 00 00 00 00 00 00 00 00 00 00 00 00 00 00 00 00 00 00 00 00 00 00 00 00 00 00 00 00 00 00 00 00 00 00 00 00 00 00 00 00 00 00 00 00 00 00 00 00 00 00 00 00 00 00 00 00 00 00 00 00 00 00 00 00 00 00 00 00 00 00 00 00 00 00 00 00 00 00 00 00 00 00 00 00 00 00 00 00 00 00 00 00 00 00 00 00 00 00 00 00 00 00 00 00 00 00 00 00 00 00 00 00 00 00 00 00 00 00 00 00 00 00 00 00 00 00 00 00 00 00 00 00 00 00 00 00 00 00 00 00 00 00 00 00 00 00 00 00 00 00 00 00 00 00 00 00 00 00 00 00 00 00 00 00 00 00 00 00 00 00 00 00 00 00 00 00 00 00 00 00'}, bytearray(b'(\x00\x037`\x00\x13\x06\x02\x00\x13\x02\x00\x00\x00\x00\x00btp_tester\x00\x00\x00\x00\x00\x00\x00\x00\x00\x00\x00\x00\x00\x00\x00\x00\x00\x00\x00\x00\x00\x00\x00\x00\x00\x00\x00\x00\x00\x00\x00\x00\x00\x00\x00\x00\x00\x00\x00\x00\x00\x00\x00\x00\x00\x00\x00\x00\x00\x00\x00\x00\x00\x00\x00\x00\x00\x00\x00\x00\x00\x00\x00\x00\x00\x00\x00\x00\x00\x00\x00\x00\x00\x00\x00\x00\x00\x00\x00\x00\x00\x00\x00\x00\x00\x00\x00\x00\x00\x00\x00\x00\x00\x00\x00\x00\x00\x00\x00\x00\x00\x00\x00\x00\x00\x00\x00\x00\x00\x00\x00\x00\x00\x00\x00\x00\x00\x00\x00\x00\x00\x00\x00\x00\x00\x00\x00\x00\x00\x00\x00\x00\x00\x00\x00\x00\x00\x00\x00\x00\x00\x00\x00\x00\x00\x00\x00\x00\x00\x00\x00\x00\x00\x00\x00\x00\x00\x00\x00\x00\x00\x00\x00\x00\x00\x00\x00\x00\x00\x00\x00\x00\x00\x00\x00\x00\x00\x00\x00\x00\x00\x00\x00\x00\x00\x00\x00\x00\x00\x00\x00\x00\x00\x00\x00\x00\x00\x00\x00\x00\x00\x00\x00\x00\x00\x00\x00\x00\x00\x00\x00\x00\x00\x00\x00\x00\x00\x00\x00\x00\x00\x00\x00\x00\x00\x00\x00\x00\x00\x00\x00\x00\x00\x00\x00\x00\x00\x00\x00\x00\x00\x00\x00\x00\x00\x00\x00\x00\x00\x00')
2025-03-06 01:31:37,543 LT1-thread root DEBUG client.py                 71    logger_log                : received Header(svc_id=1, op=3, ctrl_index=0, data_len=277) (b'(\x00\x037`\x00\x13\x06\x02\x00\x13\x02\x00\x00\x00\x00\x00btp_tester\x00\x00\x00\x00\x00\x00\x00\x00\x00\x00\x00\x00\x00\x00\x00\x00\x00\x00\x00\x00\x00\x00\x00\x00\x00\x00\x00\x00\x00\x00\x00\x00\x00\x00\x00\x00\x00\x00\x00\x00\x00\x00\x00\x00\x00\x00\x00\x00\x00\x00\x00\x00\x00\x00\x00\x00\x00\x00\x00\x00\x00\x00\x00\x00\x00\x00\x00\x00\x00\x00\x00\x00\x00\x00\x00\x00\x00\x00\x00\x00\x00\x00\x00\x00\x00\x00\x00\x00\x00\x00\x00\x00\x00\x00\x00\x00\x00\x00\x00\x00\x00\x00\x00\x00\x00\x00\x00\x00\x00\x00\x00\x00\x00\x00\x00\x00\x00\x00\x00\x00\x00\x00\x00\x00\x00\x00\x00\x00\x00\x00\x00\x00\x00\x00\x00\x00\x00\x00\x00\x00\x00\x00\x00\x00\x00\x00\x00\x00\x00\x00\x00\x00\x00\x00\x00\x00\x00\x00\x00\x00\x00\x00\x00\x00\x00\x00\x00\x00\x00\x00\x00\x00\x00\x00\x00\x00\x00\x00\x00\x00\x00\x00\x00\x00\x00\x00\x00\x00\x00\x00\x00\x00\x00\x00\x00\x00\x00\x00\x00\x00\x00\x00\x00\x00\x00\x00\x00\x00\x00\x00\x00\x00\x00\x00\x00\x00\x00\x00\x00\x00\x00\x00\x00\x00\x00\x00\x00\x00\x00\x00\x00\x00\x00\x00\x00\x00\x00\x00\x00\x00\x00\x00\x00\x00\x00\x00\x00\x00\x00\x00',)
2025-03-06 01:31:37,543 LT1-thread root DEBUG client.py                 71    logger_log                : IUT address '006037030028' 'public'
2025-03-06 01:31:37,544 LT1-thread root DEBUG client.py                 71    logger_log                : __gap_current_settings_update 531
2025-03-06 01:31:37,544 LT1-thread root DEBUG client.py                 71    logger_log                : Starting test function: class=<class 'autopts.ptsprojects.testcase.TestFunc'>, func=<function test_cases.<locals>.<lambda> at 0x0000022DC360A340> start_wid=None stop_wid=None post_wid=None skip_call=None call_count=34 args=() kwds={}
2025-03-06 01:31:37,544 LT1-thread root DEBUG client.py                 71    logger_log                : Test function parameters: args=(), kwds={}
2025-03-06 01:31:37,549 LT1-thread root DEBUG client.py                 71    logger_log                : Starting test function: class=<class 'autopts.ptsprojects.testcase.TestFunc'>, func=<function set_pts_addr at 0x0000022DBEE7C360> start_wid=None stop_wid=None post_wid=None skip_call=None call_count=34 args=('C0:07:E8:25:DE:2A', 0) kwds={}
2025-03-06 01:31:37,549 LT1-thread root DEBUG client.py                 71    logger_log                : Test function parameters: args=('C0:07:E8:25:DE:2A', 0), kwds={}
2025-03-06 01:31:37,549 LT1-thread root DEBUG client.py                 71    logger_log                : Starting test function: class=<class 'autopts.ptsprojects.testcase.TestFunc'>, func=<function core_reg_svc_gatt at 0x0000022DBEE7C900> start_wid=None stop_wid=None post_wid=None skip_call=None call_count=34 args=() kwds={}
2025-03-06 01:31:37,550 LT1-thread root DEBUG client.py                 71    logger_log                : Test function parameters: args=(), kwds={}
2025-03-06 01:31:37,550 LT1-thread root DEBUG client.py                 71    logger_log                : core_reg_svc_gatt
2025-03-06 01:31:37,550 LT1-thread root DEBUG client.py                 71    logger_log                : send, 0 3 255 '2'
2025-03-06 01:31:37,550 LT1-thread root DEBUG client.py                 71    logger_log                : sending frame '0003ff010002'
2025-03-06 01:31:37,551 LT1-thread root DEBUG client.py                 71    logger_log                : core_reg_svc_rsp_succ
2025-03-06 01:31:37,551 LT1-thread root DEBUG client.py                 71    logger_log                : read
2025-03-06 01:31:37,636 BTPWorkerThread-11144 (_rx_task) root DEBUG client.py                 71    logger_log                : Read 5 bytes
2025-03-06 01:31:37,667 BTPWorkerThread-11144 (_rx_task) root DEBUG client.py                 71    logger_log                : Received: hdr: Header(svc_id=0x00, op=0x03, ctrl_index=0xff, data_len=0x00) bytearray(b'\x00\x03\xff\x00\x00')
2025-03-06 01:31:37,698 BTPWorkerThread-11144 (_rx_task) root DEBUG client.py                 71    logger_log                : Received data: {''}, bytearray(b'')
2025-03-06 01:31:37,744 LT1-thread root DEBUG client.py                 71    logger_log                : received Header(svc_id=0, op=3, ctrl_index=255, data_len=0) (b'',)
2025-03-06 01:31:37,745 LT1-thread root DEBUG client.py                 71    logger_log                : expected ((0, 3, 255, 0), (b'',))
2025-03-06 01:31:37,745 LT1-thread root DEBUG client.py                 71    logger_log                : response is valid
2025-03-06 01:31:37,745 LT1-thread root DEBUG client.py                 71    logger_log                : Starting test function: class=<class 'autopts.ptsprojects.testcase.TestFunc'>, func=<bound method Stack.gatt_init of <autopts.ptsprojects.stack.stack.Stack object at 0x0000022DC2EF3CD0>> start_wid=None stop_wid=None post_wid=None skip_call=None call_count=34 args=() kwds={}
2025-03-06 01:31:37,745 LT1-thread root DEBUG client.py                 71    logger_log                : Test function parameters: args=(), kwds={}
2025-03-06 01:31:37,745 LT1-thread root DEBUG client.py                 71    logger_log                : Starting test function: class=<class 'autopts.ptsprojects.testcase.TestFunc'>, func=<function core_reg_svc_ots at 0x0000022DBEE7DC60> start_wid=None stop_wid=None post_wid=None skip_call=None call_count=34 args=() kwds={}
2025-03-06 01:31:37,746 LT1-thread root DEBUG client.py                 71    logger_log                : Test function parameters: args=(), kwds={}
2025-03-06 01:31:37,746 LT1-thread root DEBUG client.py                 71    logger_log                : core_reg_svc_ots
2025-03-06 01:31:37,746 LT1-thread root DEBUG client.py                 71    logger_log                : send, 0 3 255 '29'
2025-03-06 01:31:37,746 LT1-thread root DEBUG client.py                 71    logger_log                : sending frame '0003ff01001d'
2025-03-06 01:31:37,746 LT1-thread root DEBUG client.py                 71    logger_log                : read
2025-03-06 01:31:37,806 BTPWorkerThread-11144 (_rx_task) root DEBUG client.py                 71    logger_log                : Read 5 bytes
2025-03-06 01:31:37,837 BTPWorkerThread-11144 (_rx_task) root DEBUG client.py                 71    logger_log                : Received: hdr: Header(svc_id=0x00, op=0x03, ctrl_index=0xff, data_len=0x00) bytearray(b'\x00\x03\xff\x00\x00')
2025-03-06 01:31:37,868 BTPWorkerThread-11144 (_rx_task) root DEBUG client.py                 71    logger_log                : Received data: {''}, bytearray(b'')
2025-03-06 01:31:37,898 LT1-thread root DEBUG client.py                 71    logger_log                : Starting test function: class=<class 'autopts.ptsprojects.testcase.TestFunc'>, func=<bound method Stack.ots_init of <autopts.ptsprojects.stack.stack.Stack object at 0x0000022DC2EF3CD0>> start_wid=None stop_wid=None post_wid=None skip_call=None call_count=34 args=() kwds={}
2025-03-06 01:31:37,899 LT1-thread root DEBUG client.py                 71    logger_log                : Test function parameters: args=(), kwds={}
2025-03-06 01:31:37,899 LT1-thread root DEBUG client.py                 71    logger_log                : Starting test function: class=<class 'autopts.ptsprojects.testcase.TestFunc'>, func=<function otc_register_object at 0x0000022DBF7299E0> start_wid=None stop_wid=None post_wid=None skip_call=None call_count=1 args=(0, 'Object 1 with very long name', 1, 0, 100, 50) kwds={}
2025-03-06 01:31:37,899 LT1-thread root DEBUG client.py                 71    logger_log                : Test function parameters: args=(0, 'Object 1 with very long name', 1, 0, 100, 50), kwds={}
2025-03-06 01:31:37,900 LT1-thread root DEBUG client.py                 71    logger_log                : otc_register_object
2025-03-06 01:31:37,900 LT1-thread root DEBUG client.py                 71    logger_log                : send, 29 2 0 "bytearray(b'\\x01\\x00\\x00\\x00\\x00d\\x00\\x00\\x002\\x00\\x00\\x00\\x1cObject 1 with very long name')"
2025-03-06 01:31:37,900 LT1-thread root DEBUG client.py                 71    logger_log                : sending frame '1d02002a00010000000064000000320000001c4f626a656374203120776974682076657279206c6f6e67206e616d65'
2025-03-06 01:31:37,902 LT1-thread root DEBUG client.py                 71    logger_log                : ots_command_rsp_succ
2025-03-06 01:31:37,902 LT1-thread root DEBUG client.py                 71    logger_log                : read
2025-03-06 01:31:37,977 BTPWorkerThread-11144 (_rx_task) root DEBUG client.py                 71    logger_log                : Read 5 bytes
2025-03-06 01:31:38,009 BTPWorkerThread-11144 (_rx_task) root DEBUG client.py                 71    logger_log                : Received: hdr: Header(svc_id=0x1d, op=0x02, ctrl_index=0x00, data_len=0x08) bytearray(b'\x1d\x02\x00\x08\x00')
2025-03-06 01:31:38,055 BTPWorkerThread-11144 (_rx_task) root DEBUG client.py                 71    logger_log                : Read 8 bytes data
2025-03-06 01:31:38,087 BTPWorkerThread-11144 (_rx_task) root DEBUG client.py                 71    logger_log                : Received data: {'00 01 00 00 00 00 00 00'}, bytearray(b'\x00\x01\x00\x00\x00\x00\x00\x00')
2025-03-06 01:31:38,133 LT1-thread root DEBUG client.py                 71    logger_log                : received Header(svc_id=29, op=2, ctrl_index=0, data_len=8) (b'\x00\x01\x00\x00\x00\x00\x00\x00',)
2025-03-06 01:31:38,137 LT1-thread root DEBUG client.py                 71    logger_log                : ClientCallback.get_result run_test_case
2025-03-06 01:31:39,825 LT1-callback ClientCallback.on_implicit_send INFO client.py                 71    logger_log                : 
    ********************
    BEGIN OnImplicitSend:
    project_name: OTS
    wid: 1
    test_case_name: OTS/SR/OAE/BI-06-C
    description: Please make sure at least one object is stored on the IUT.
    style: MMI_Style_Ok_Cancel1 0x11041
2025-03-06 01:31:39,826 LT1-callback ClientCallback.on_implicit_send INFO client.py                 71    logger_log                : Calling test cases on_implicit_send
2025-03-06 01:31:39,826 LT1-callback ClientCallback.on_implicit_send INFO client.py                 71    logger_log                : 
    on_implicit_send returned response: WAIT
    END OnImplicitSend
    ********************
2025-03-06 01:31:40,149 LT1-thread root DEBUG client.py                 71    logger_log                : OTS OTS/SR/OAE/BI-06-C on_implicit_send
2025-03-06 01:31:40,150 LT1-thread root DEBUG client.py                 71    logger_log                : ots_wid_hdl, 1, Please make sure at least one object is stored on the IUT., OTS/SR/OAE/BI-06-C
2025-03-06 01:31:40,150 LT1-thread root DEBUG client.py                 71    logger_log                : Sending response 'OK' to wid 1 test case OTS/SR/OAE/BI-06-C
2025-03-06 01:31:40,157 LT1-thread root DEBUG client.py                 71    logger_log                : ClientCallback.get_result run_test_case
2025-03-06 01:31:44,220 LT1-callback ClientCallback.on_implicit_send INFO client.py                 71    logger_log                : 
    ********************
    BEGIN OnImplicitSend:
    project_name: OTS
    wid: 20001
    test_case_name: OTS/SR/OAE/BI-06-C
    description: Please prepare IUT into a connectable mode.

Description: Verify that the Implementation Under Test (IUT) can accept GATT connect request from PTS.
    style: MMI_Style_Ok_Cancel2 0x11141
2025-03-06 01:31:44,220 LT1-callback ClientCallback.on_implicit_send INFO client.py                 71    logger_log                : Calling test cases on_implicit_send
2025-03-06 01:31:44,220 LT1-callback ClientCallback.on_implicit_send INFO client.py                 71    logger_log                : 
    on_implicit_send returned response: WAIT
    END OnImplicitSend
    ********************
2025-03-06 01:31:45,206 LT1-thread root DEBUG client.py                 71    logger_log                : OTS OTS/SR/OAE/BI-06-C on_implicit_send
2025-03-06 01:31:45,206 LT1-thread root DEBUG client.py                 71    logger_log                : ots_wid_hdl, 20001, Please prepare IUT into a connectable mode.

Description: Verify that the Implementation Under Test (IUT) can accept GATT connect request from PTS., OTS/SR/OAE/BI-06-C
2025-03-06 01:31:45,206 LT1-thread root DEBUG client.py                 71    logger_log                : gap_set_conn
2025-03-06 01:31:45,206 LT1-thread root DEBUG client.py                 71    logger_log                : gap_adv_ind_on {9: b'Tester_25DE2A'} None
2025-03-06 01:31:45,207 LT1-thread root DEBUG client.py                 71    logger_log                : send, 1 10 0 "bytearray(b'\\x0f\\x00\\t\\rTester_25DE2A\\xff\\xff\\xff\\xff\\x00')"
2025-03-06 01:31:45,207 LT1-thread root DEBUG client.py                 71    logger_log                : sending frame '010a0016000f00090d5465737465725f323544453241ffffffff00'
2025-03-06 01:31:45,207 LT1-thread root DEBUG client.py                 71    logger_log                : gap_command_rsp_succ
2025-03-06 01:31:45,207 LT1-thread root DEBUG client.py                 71    logger_log                : read
2025-03-06 01:31:45,268 BTPWorkerThread-11144 (_rx_task) root DEBUG client.py                 71    logger_log                : Read 5 bytes
2025-03-06 01:31:45,300 BTPWorkerThread-11144 (_rx_task) root DEBUG client.py                 71    logger_log                : Received: hdr: Header(svc_id=0x01, op=0x0a, ctrl_index=0x00, data_len=0x04) bytearray(b'\x01\n\x00\x04\x00')
2025-03-06 01:31:45,363 BTPWorkerThread-11144 (_rx_task) root DEBUG client.py                 71    logger_log                : Read 4 bytes data
2025-03-06 01:31:45,394 BTPWorkerThread-11144 (_rx_task) root DEBUG client.py                 71    logger_log                : Received data: {'13 06 00 00'}, bytearray(b'\x13\x06\x00\x00')
2025-03-06 01:31:45,442 LT1-thread root DEBUG client.py                 71    logger_log                : received Header(svc_id=1, op=10, ctrl_index=0, data_len=4) (b'\x13\x06\x00\x00',)
2025-03-06 01:31:45,442 LT1-thread root DEBUG client.py                 71    logger_log                : __gap_current_settings_update (b'\x13\x06\x00\x00',)
2025-03-06 01:31:45,442 LT1-thread root DEBUG client.py                 71    logger_log                : Sending response 'OK' to wid 20001 test case OTS/SR/OAE/BI-06-C
2025-03-06 01:31:45,445 LT1-thread root DEBUG client.py                 71    logger_log                : ClientCallback.get_result run_test_case
2025-03-06 01:31:47,772 BTPWorkerThread-11144 (_rx_task) root DEBUG client.py                 71    logger_log                : Read 5 bytes
2025-03-06 01:31:47,773 BTPWorkerThread-11144 (_rx_task) root DEBUG client.py                 71    logger_log                : Received: hdr: Header(svc_id=0x01, op=0x82, ctrl_index=0x00, data_len=0x0d) bytearray(b'\x01\x82\x00\r\x00')
2025-03-06 01:31:47,773 BTPWorkerThread-11144 (_rx_task) root DEBUG client.py                 71    logger_log                : Read 13 bytes data
2025-03-06 01:31:47,773 BTPWorkerThread-11144 (_rx_task) root DEBUG client.py                 71    logger_log                : Received data: {'00 2a de 25 e8 07 c0 38 00 00 00 d0 07'}, bytearray(b'\x00*\xde%\xe8\x07\xc08\x00\x00\x00\xd0\x07')
2025-03-06 01:31:47,773 BTPWorkerThread-11144 (_rx_task) root DEBUG client.py                 71    logger_log                : event_handler Header(svc_id=1, op=130, ctrl_index=0, data_len=13) (b'\x00*\xde%\xe8\x07\xc08\x00\x00\x00\xd0\x07',)
2025-03-06 01:31:47,773 BTPWorkerThread-11144 (_rx_task) root DEBUG client.py                 71    logger_log                : gap_connected_ev_ b'\x00*\xde%\xe8\x07\xc08\x00\x00\x00\xd0\x07'
2025-03-06 01:31:47,773 BTPWorkerThread-11144 (_rx_task) root DEBUG client.py                 71    logger_log                : Read 5 bytes
2025-03-06 01:31:47,774 BTPWorkerThread-11144 (_rx_task) root DEBUG client.py                 71    logger_log                : Received: hdr: Header(svc_id=0x01, op=0x80, ctrl_index=0x00, data_len=0x04) bytearray(b'\x01\x80\x00\x04\x00')
2025-03-06 01:31:47,774 BTPWorkerThread-11144 (_rx_task) root DEBUG client.py                 71    logger_log                : Read 4 bytes data
2025-03-06 01:31:47,774 BTPWorkerThread-11144 (_rx_task) root DEBUG client.py                 71    logger_log                : Received data: {'13 02 00 00'}, bytearray(b'\x13\x02\x00\x00')
2025-03-06 01:31:47,774 BTPWorkerThread-11144 (_rx_task) root DEBUG client.py                 71    logger_log                : event_handler Header(svc_id=1, op=128, ctrl_index=0, data_len=4) (b'\x13\x02\x00\x00',)
2025-03-06 01:31:47,774 BTPWorkerThread-11144 (_rx_task) root DEBUG client.py                 71    logger_log                : gap_new_settings_ev_ b'\x13\x02\x00\x00'
2025-03-06 01:31:47,774 BTPWorkerThread-11144 (_rx_task) root DEBUG client.py                 71    logger_log                : __gap_current_settings_update 531
2025-03-06 01:31:51,008 BTPWorkerThread-11144 (_rx_task) root DEBUG client.py                 71    logger_log                : Read 5 bytes
2025-03-06 01:31:51,008 BTPWorkerThread-11144 (_rx_task) root DEBUG client.py                 71    logger_log                : Received: hdr: Header(svc_id=0x01, op=0x89, ctrl_index=0x00, data_len=0x08) bytearray(b'\x01\x89\x00\x08\x00')
2025-03-06 01:31:51,008 BTPWorkerThread-11144 (_rx_task) root DEBUG client.py                 71    logger_log                : Read 8 bytes data
2025-03-06 01:31:51,009 BTPWorkerThread-11144 (_rx_task) root DEBUG client.py                 71    logger_log                : Received data: {'00 2a de 25 e8 07 c0 02'}, bytearray(b'\x00*\xde%\xe8\x07\xc0\x02')
2025-03-06 01:31:51,009 BTPWorkerThread-11144 (_rx_task) root DEBUG client.py                 71    logger_log                : event_handler Header(svc_id=1, op=137, ctrl_index=0, data_len=8) (b'\x00*\xde%\xe8\x07\xc0\x02',)
2025-03-06 01:31:51,009 BTPWorkerThread-11144 (_rx_task) root DEBUG client.py                 71    logger_log                : gap_sec_level_changed_ev_
2025-03-06 01:31:51,009 BTPWorkerThread-11144 (_rx_task) root DEBUG client.py                 71    logger_log                : received b'\x00*\xde%\xe8\x07\xc0\x02'
2025-03-06 01:31:51,009 BTPWorkerThread-11144 (_rx_task) root DEBUG client.py                 71    logger_log                : received (0, 'c007e825de2a', 2)
2025-03-06 01:31:53,288 BTPWorkerThread-11144 (_rx_task) root DEBUG client.py                 71    logger_log                : Read 5 bytes
2025-03-06 01:31:53,288 BTPWorkerThread-11144 (_rx_task) root DEBUG client.py                 71    logger_log                : Received: hdr: Header(svc_id=0x01, op=0x88, ctrl_index=0x00, data_len=0x0d) bytearray(b'\x01\x88\x00\r\x00')
2025-03-06 01:31:53,289 BTPWorkerThread-11144 (_rx_task) root DEBUG client.py                 71    logger_log                : Read 13 bytes data
2025-03-06 01:31:53,289 BTPWorkerThread-11144 (_rx_task) root DEBUG client.py                 71    logger_log                : Received data: {'00 2a de 25 e8 07 c0 18 00 00 00 2a 00'}, bytearray(b'\x00*\xde%\xe8\x07\xc0\x18\x00\x00\x00*\x00')
2025-03-06 01:31:53,289 BTPWorkerThread-11144 (_rx_task) root DEBUG client.py                 71    logger_log                : event_handler Header(svc_id=1, op=136, ctrl_index=0, data_len=13) (b'\x00*\xde%\xe8\x07\xc0\x18\x00\x00\x00*\x00',)
2025-03-06 01:31:53,289 BTPWorkerThread-11144 (_rx_task) root DEBUG client.py                 71    logger_log                : gap_conn_param_update_ev_
2025-03-06 01:31:53,289 BTPWorkerThread-11144 (_rx_task) root DEBUG client.py                 71    logger_log                : received b'\x00*\xde%\xe8\x07\xc0\x18\x00\x00\x00*\x00'
2025-03-06 01:31:53,289 BTPWorkerThread-11144 (_rx_task) root DEBUG client.py                 71    logger_log                : received (0, b'c007e825de2a', 24, 0, 42)
2025-03-06 01:31:53,826 LT1-callback ClientCallback.on_implicit_send INFO client.py                 71    logger_log                : 
    ********************
    BEGIN OnImplicitSend:
    project_name: OTS
    wid: 20109
    test_case_name: OTS/SR/OAE/BI-06-C
    description: Please send indications for Characteristic '' to the PTS.

Description: Verify that the Implementation Under Test (IUT) can send indication.Expected Value: Any value
    style: MMI_Style_Ok_Cancel2 0x11141
2025-03-06 01:31:53,827 LT1-callback ClientCallback.on_implicit_send INFO client.py                 71    logger_log                : Calling test cases on_implicit_send
2025-03-06 01:31:53,827 LT1-callback ClientCallback.on_implicit_send INFO client.py                 71    logger_log                : 
    on_implicit_send returned response: WAIT
    END OnImplicitSend
    ********************
2025-03-06 01:31:54,510 LT1-thread root DEBUG client.py                 71    logger_log                : OTS OTS/SR/OAE/BI-06-C on_implicit_send
2025-03-06 01:31:54,510 LT1-thread root DEBUG client.py                 71    logger_log                : ots_wid_hdl, 20109, Please send indications for Characteristic '' to the PTS.

Description: Verify that the Implementation Under Test (IUT) can send indication.Expected Value: Any value, OTS/SR/OAE/BI-06-C
2025-03-06 01:31:54,510 LT1-thread root DEBUG client.py                 71    logger_log                : Sending response 'OK' to wid 20109 test case OTS/SR/OAE/BI-06-C
2025-03-06 01:31:54,514 LT1-thread root DEBUG client.py                 71    logger_log                : ClientCallback.get_result run_test_case
2025-03-06 01:31:54,516 LT1-callback ClientCallback.on_implicit_send INFO client.py                 71    logger_log                : 
    ********************
    BEGIN OnImplicitSend:
    project_name: OTS
    wid: 20109
    test_case_name: OTS/SR/OAE/BI-06-C
    description: Please send indications for Characteristic '' to the PTS.

Description: Verify that the Implementation Under Test (IUT) can send indication.Expected Value: Any value
    style: MMI_Style_Ok_Cancel2 0x11141
2025-03-06 01:31:54,517 LT1-callback ClientCallback.on_implicit_send INFO client.py                 71    logger_log                : Calling test cases on_implicit_send
2025-03-06 01:31:54,517 LT1-callback ClientCallback.on_implicit_send INFO client.py                 71    logger_log                : 
    on_implicit_send returned response: WAIT
    END OnImplicitSend
    ********************
2025-03-06 01:31:55,522 LT1-thread root DEBUG client.py                 71    logger_log                : OTS OTS/SR/OAE/BI-06-C on_implicit_send
2025-03-06 01:31:55,522 LT1-thread root DEBUG client.py                 71    logger_log                : ots_wid_hdl, 20109, Please send indications for Characteristic '' to the PTS.

Description: Verify that the Implementation Under Test (IUT) can send indication.Expected Value: Any value, OTS/SR/OAE/BI-06-C
2025-03-06 01:31:55,522 LT1-thread root DEBUG client.py                 71    logger_log                : Sending response 'OK' to wid 20109 test case OTS/SR/OAE/BI-06-C
2025-03-06 01:31:55,525 LT1-thread root DEBUG client.py                 71    logger_log                : ClientCallback.get_result run_test_case
2025-03-06 01:31:55,528 LT1-callback ClientCallback.on_implicit_send INFO client.py                 71    logger_log                : 
    ********************
    BEGIN OnImplicitSend:
    project_name: OTS
    wid: 20109
    test_case_name: OTS/SR/OAE/BI-06-C
    description: Please send indications for Characteristic 'Object Action Control Point' to the PTS.

Description: Verify that the Implementation Under Test (IUT) can send indication.Expected Value: Object Action Control Point: 
    Op Code: [96 (0x60)] Response Code
    Request Op Code Operand: [2 (0x02)] Delete
    Result Code: [8 (0x08)] Procedure Not Permitted
    style: MMI_Style_Ok_Cancel2 0x11141
2025-03-06 01:31:55,528 LT1-callback ClientCallback.on_implicit_send INFO client.py                 71    logger_log                : Calling test cases on_implicit_send
2025-03-06 01:31:55,529 LT1-callback ClientCallback.on_implicit_send INFO client.py                 71    logger_log                : 
    on_implicit_send returned response: WAIT
    END OnImplicitSend
    ********************
2025-03-06 01:31:55,993 BTPWorkerThread-11144 (_rx_task) root DEBUG client.py                 71    logger_log                : Read 5 bytes
2025-03-06 01:31:55,993 BTPWorkerThread-11144 (_rx_task) root DEBUG client.py                 71    logger_log                : Received: hdr: Header(svc_id=0x01, op=0x83, ctrl_index=0x00, data_len=0x07) bytearray(b'\x01\x83\x00\x07\x00')
2025-03-06 01:31:55,994 BTPWorkerThread-11144 (_rx_task) root DEBUG client.py                 71    logger_log                : Read 7 bytes data
2025-03-06 01:31:55,994 BTPWorkerThread-11144 (_rx_task) root DEBUG client.py                 71    logger_log                : Received data: {'00 2a de 25 e8 07 c0'}, bytearray(b'\x00*\xde%\xe8\x07\xc0')
2025-03-06 01:31:55,994 BTPWorkerThread-11144 (_rx_task) root DEBUG client.py                 71    logger_log                : event_handler Header(svc_id=1, op=131, ctrl_index=0, data_len=7) (b'\x00*\xde%\xe8\x07\xc0',)
2025-03-06 01:31:55,994 BTPWorkerThread-11144 (_rx_task) root DEBUG client.py                 71    logger_log                : gap_disconnected_ev_ b'\x00*\xde%\xe8\x07\xc0'
2025-03-06 01:31:56,539 LT1-thread root DEBUG client.py                 71    logger_log                : OTS OTS/SR/OAE/BI-06-C on_implicit_send
2025-03-06 01:31:56,539 LT1-thread root DEBUG client.py                 71    logger_log                : ots_wid_hdl, 20109, Please send indications for Characteristic 'Object Action Control Point' to the PTS.

Description: Verify that the Implementation Under Test (IUT) can send indication.Expected Value: Object Action Control Point: 
    Op Code: [96 (0x60)] Response Code
    Request Op Code Operand: [2 (0x02)] Delete
    Result Code: [8 (0x08)] Procedure Not Permitted, OTS/SR/OAE/BI-06-C
2025-03-06 01:31:56,539 LT1-thread root DEBUG client.py                 71    logger_log                : Sending response 'OK' to wid 20109 test case OTS/SR/OAE/BI-06-C
2025-03-06 01:31:56,542 LT1-thread root DEBUG client.py                 71    logger_log                : ClientCallback.get_result run_test_case
2025-03-06 01:31:59,110 LT1-callback ClientCallback.log INFO client.py                 71    logger_log                : PTS_LOGTYPE_START_TEST Start Test Case 

+359 ms
 OTS/SR/OAE/BI-06-C OTS/SR/OAE/BI-06-C

2025-03-06 01:32:01,270 LT1-callback ClientCallback.log INFO client.py                 71    logger_log                : PTS_LOGTYPE_FINAL_VERDICT Final Verdict 

+19297 ms
 OTS/SR/OAE/BI-06-C PASS

2025-03-06 01:32:01,278 LT1-callback ClientCallback.log INFO client.py                 71    logger_log                : PTS_LOGTYPE_FINAL_VERDICT Encrypted Verdict 

+19297 ms
 OTS/SR/OAE/BI-06-C A1#ZWY4MzQ5MDg3MmQwNTIxOGQzMzQ5YjY2ODA5M2MzNjQ5ZDY4NmY0Yjc2MzIzM2VkNTUyNTFhNGU4Mjg1MjI0NA==#Q2mZCWzr3hQLA2m7m+nYdKG3AA+dF9z0Ql94O8ycpjmdvkq/0zITHtJq3fJVTyop

2025-03-06 01:32:01,571 LT1-callback ClientCallback.log INFO client.py                 71    logger_log                : PTS_LOGTYPE_END_TEST Test Case Ended 

+19297 ms
 OTS/SR/OAE/BI-06-C OTS/SR/OAE/BI-06-C

2025-03-06 01:32:01,672 LT1-callback root DEBUG client.py                 71    logger_log                : ClientCallback, set_result, run_test_case, PASS
2025-03-06 01:32:01,672 LT1-thread root DEBUG client.py                 71    logger_log                : After run_test_case error_code=0 status='PASS'
2025-03-06 01:32:01,672 LT1-thread root DEBUG client.py                 71    logger_log                : post_run OTS OTS/SR/OAE/BI-06-C 0
2025-03-06 01:32:01,672 LT1-thread root DEBUG client.py                 71    logger_log                : Starting test function: class=<class 'autopts.ptsprojects.testcase.TestFuncCleanUp'>, func=<bound method Stack.cleanup of <autopts.ptsprojects.stack.stack.Stack object at 0x0000022DC2EF3CD0>> start_wid=None stop_wid=None post_wid=None skip_call=None call_count=1 args=() kwds={}
2025-03-06 01:32:01,672 LT1-thread root DEBUG client.py                 71    logger_log                : Test function parameters: args=(), kwds={}
2025-03-06 01:32:01,672 LT1-thread root DEBUG client.py                 71    logger_log                : Starting test function: class=<class 'autopts.ptsprojects.testcase.TestFuncCleanUp'>, func=<bound method ZephyrCtl.stop of <autopts.ptsprojects.zephyr.iutctl.ZephyrCtl object at 0x0000022DC2EF3ED0>> start_wid=None stop_wid=None post_wid=None skip_call=None call_count=1 args=() kwds={}
2025-03-06 01:32:01,672 LT1-thread root DEBUG client.py                 71    logger_log                : Test function parameters: args=(), kwds={}
2025-03-06 01:32:01,672 LT1-thread root DEBUG client.py                 71    logger_log                : <class 'autopts.ptsprojects.zephyr.iutctl.ZephyrCtl'>.stop
2025-03-06 01:32:01,672 LT1-thread root DEBUG client.py                 71    logger_log                : About to reset DUT: JLink -CommandFile reset.jlink -usb 1064371884 -device MCXW716
2025-03-06 01:32:02,231 BTPWorkerThread-11144 (_rx_task) root DEBUG client.py                 71    logger_log                : Read 5 bytes
2025-03-06 01:32:02,263 BTPWorkerThread-11144 (_rx_task) root DEBUG client.py                 71    logger_log                : Received: hdr: Header(svc_id=0x00, op=0x80, ctrl_index=0xff, data_len=0x00) bytearray(b'\x00\x80\xff\x00\x00')
2025-03-06 01:32:02,295 BTPWorkerThread-11144 (_rx_task) root DEBUG client.py                 71    logger_log                : Received data: {''}, bytearray(b'')
2025-03-06 01:32:02,341 BTPWorkerThread-11144 (_rx_task) root DEBUG client.py                 71    logger_log                : event_handler Header(svc_id=0, op=128, ctrl_index=255, data_len=0) (b'',)
2025-03-06 01:32:02,373 BTPWorkerThread-11144 (_rx_task) root DEBUG client.py                 71    logger_log                : core_iut_ready_ev
2025-03-06 01:32:02,405 LT1-thread root DEBUG client.py                 71    logger_log                : IUT ready event received OK
2025-03-06 01:32:02,405 LT1-thread root DEBUG client.py                 71    logger_log                : Waiting for _rx_worker to finish ...
2025-03-06 01:32:03,417 LT1-thread root DEBUG client.py                 71    logger_log                : Waiting for _rx_worker to finish ...
2025-03-06 01:32:03,417 BTPWorkerThread-11144 (_rx_task) root DEBUG client.py                 71    logger_log                : BTPWorkerThread-11144 (_rx_task) finishing...
2025-03-06 01:32:06,424 LT1-thread root DEBUG client.py                 71    logger_log                : post_run, cleanup running post test case script
2025-03-06 01:32:06,424 LT1-thread root DEBUG client.py                 71    logger_log                : post_run, run post test case script
2025-03-06 01:32:06,598 LT1-thread root DEBUG client.py                 71    logger_log                : Done TestCase _run_test_case OTS OTS/SR/OAE/BI-06-C
