< 2025/01/09 01:41:53.696170  length=5 from=0 to=4
 00 80 ff 00 00                                   .....
--
> 2025/01/09 01:42:03.566030  length=6 from=0 to=5
 00 03 ff 01 00 01                                ......
--
< 2025/01/09 01:42:03.613171  length=5 from=5 to=9
 00 03 ff 00 00                                   .....
--
> 2025/01/09 01:42:03.675121  length=6 from=6 to=11
 00 03 ff 01 00 03                                ......
--
< 2025/01/09 01:42:03.691273  length=5 from=10 to=14
 00 03 ff 00 00                                   .....
--
> 2025/01/09 01:42:03.771042  length=5 from=12 to=16
 01 03 00 00 00                                   .....
--
< 2025/01/09 01:42:04.537260  length=64 from=15 to=78
 01 03 00 15 01 28 00 03 37 60 00 13 06 02 00 13  .....(..7`......
 02 00 00 00 00 00 62 74 70 5f 74 65 73 74 65 72  ......btp_tester
 00 00 00 00 00 00 00 00 00 00 00 00 00 00 00 00  ................
 00 00 00 00 00 00 00 00 00 00 00 00 00 00 00 00  ................
--
< 2025/01/09 01:42:04.541028  length=32 from=79 to=110
 00 00 00 00 00 00 00 00 00 00 00 00 00 00 00 00  ................
 00 00 00 00 00 00 00 00 00 00 00 00 00 00 00 00  ................
--
< 2025/01/09 01:42:04.543035  length=32 from=111 to=142
 00 00 00 00 00 00 00 00 00 00 00 00 00 00 00 00  ................
 00 00 00 00 00 00 00 00 00 00 00 00 00 00 00 00  ................
--
< 2025/01/09 01:42:04.544821  length=32 from=143 to=174
 00 00 00 00 00 00 00 00 00 00 00 00 00 00 00 00  ................
 00 00 00 00 00 00 00 00 00 00 00 00 00 00 00 00  ................
--
< 2025/01/09 01:42:04.569426  length=122 from=175 to=296
 00 00 00 00 00 00 00 00 00 00 00 00 00 00 00 00  ................
 00 00 00 00 00 00 00 00 00 00 00 00 00 00 00 00  ................
 00 00 00 00 00 00 00 00 00 00 00 00 00 00 00 00  ................
 00 00 00 00 00 00 00 00 00 00 00 00 00 00 00 00  ................
 00 00 00 00 00 00 00 00 00 00 00 00 00 00 00 00  ................
 00 00 00 00 00 00 00 00 00 00 00 00 00 00 00 00  ................
 00 00 00 00 00 00 00 00 00 00 00 00 00 00 00 00  ................
 00 00 00 00 00 00 00 00 00 00                    ..........
--
> 2025/01/09 01:42:04.757105  length=12 from=17 to=28
 03 05 00 07 00 80 00 01 78 00 00 00              ........x...
--
< 2025/01/09 01:42:04.773249  length=5 from=297 to=301
 03 05 00 00 00                                   .....
--
> 2025/01/09 01:42:06.835299  length=13 from=29 to=41
 01 0e 00 08 00 00 e6 f2 59 e8 07 c0 00           ........Y....
--
< 2025/01/09 01:42:06.851461  length=5 from=302 to=306
 01 0e 00 00 00                                   .....
--
< 2025/01/09 01:42:06.931464  length=18 from=307 to=324
 01 82 00 0d 00 00 e6 f2 59 e8 07 c0 18 00 00 00  ........Y.......
 90 01                                            ..
--
> 2025/01/09 01:42:08.884281  length=18 from=42 to=59
 03 02 00 0d 00 00 e6 f2 59 e8 07 c0 80 00 78 00  ........Y.....x.
 02 01                                            ..
--
< 2025/01/09 01:42:08.900333  length=8 from=325 to=332
 03 02 00 03 00 02 00 01                          ........
--
< 2025/01/09 01:42:08.946367  length=46 from=333 to=378
 03 81 00 12 00 00 99 01 40 00 40 00 78 00 60 00  ........@.@.x.`.
 00 e6 f2 59 e8 07 c0 03 81 00 12 00 01 99 01 40  ...Y...........@
 00 40 00 78 00 60 00 00 e6 f2 59 e8 07 c0        .@.x.`....Y...
--
< 2025/01/09 01:42:09.149454  length=17 from=379 to=395
 03 82 00 0c 00 00 00 00 00 00 00 e6 f2 59 e8 07  .............Y..
 c0                                               .
--
< 2025/01/09 01:42:13.635835  length=5 from=396 to=400
 00 80 ff 00 00                                   .....
--
