2025-12-15 19:03:19,603 LT1-thread root DEBUG client.py                 82    logger_log                : Starting TestCase _run_test_case HFP HFP/AG/SGSIT/ATTR/BV-01-C
2025-12-15 19:03:19,603 LT1-thread root DEBUG client.py                 82    logger_log                : pre_run HFP HFP/AG/SGSIT/ATTR/BV-01-C
2025-12-15 19:03:19,603 LT1-thread root DEBUG client.py                 82    logger_log                : About to run test case HFP HFP/AG/SGSIT/ATTR/BV-01-C with commands:
2025-12-15 19:03:19,603 LT1-thread root DEBUG client.py                 82    logger_log                : 0) class=<class 'autopts.ptsprojects.testcase.TestFunc'>, func=<bound method Stack.core_init of <autopts.ptsprojects.stack.stack.Stack object at 0x000001F50559F3E0>> start_wid=None stop_wid=None post_wid=None skip_call=None call_count=0 args=() kwds={}
2025-12-15 19:03:19,603 LT1-thread root DEBUG client.py                 82    logger_log                : 1) class=<class 'autopts.ptsprojects.testcase.TestFunc'>, func=<bound method IutCtl.start of <autopts.ptsprojects.zephyr.iutctl.ZephyrCtl object at 0x000001F505428770>> start_wid=None stop_wid=None post_wid=None skip_call=None call_count=0 args=(<autopts.ptsprojects.zephyr.ztestcase.ZTestCase object at 0x000001F506DE5940>,) kwds={}
2025-12-15 19:03:19,603 LT1-thread root DEBUG client.py                 82    logger_log                : 2) class=<class 'autopts.ptsprojects.testcase.TestFunc'>, func=<bound method IutCtl.wait_iut_ready_event of <autopts.ptsprojects.zephyr.iutctl.ZephyrCtl object at 0x000001F505428770>> start_wid=None stop_wid=None post_wid=None skip_call=None call_count=0 args=(False,) kwds={}
2025-12-15 19:03:19,603 LT1-thread root DEBUG client.py                 82    logger_log                : 3) class=<class 'autopts.ptsprojects.testcase.TestFunc'>, func=<function core_reg_svc_gap at 0x000001F5038B5B20> start_wid=None stop_wid=None post_wid=None skip_call=None call_count=1 args=() kwds={}
2025-12-15 19:03:19,603 LT1-thread root DEBUG client.py                 82    logger_log                : 4) class=<class 'autopts.ptsprojects.testcase.TestFunc'>, func=<bound method Stack.gap_init of <autopts.ptsprojects.stack.stack.Stack object at 0x000001F50559F3E0>> start_wid=None stop_wid=None post_wid=None skip_call=None call_count=1 args=(b'Tester_08E44E',) kwds={}
2025-12-15 19:03:19,603 LT1-thread root DEBUG client.py                 82    logger_log                : 5) class=<class 'autopts.ptsprojects.testcase.TestFunc'>, func=<function gap_read_ctrl_info at 0x000001F5038EC540> start_wid=None stop_wid=None post_wid=None skip_call=None call_count=1 args=() kwds={}
2025-12-15 19:03:19,603 LT1-thread root DEBUG client.py                 82    logger_log                : 6) class=<class 'autopts.ptsprojects.testcase.TestFunc'>, func=<function test_cases.<locals>.<lambda> at 0x000001F506CD2160> start_wid=None stop_wid=None post_wid=None skip_call=None call_count=1 args=() kwds={}
2025-12-15 19:03:19,603 LT1-thread root DEBUG client.py                 82    logger_log                : 7) class=<class 'autopts.ptsprojects.testcase.TestFunc'>, func=<function set_pts_addr at 0x000001F5038B56C0> start_wid=None stop_wid=None post_wid=None skip_call=None call_count=1 args=('00:1B:DC:08:E4:4E', 0) kwds={}
2025-12-15 19:03:19,603 LT1-thread root DEBUG client.py                 82    logger_log                : 8) class=<class 'autopts.ptsprojects.testcase.TestFunc'>, func=<function gap_set_conn at 0x000001F5038BFE20> start_wid=None stop_wid=None post_wid=None skip_call=None call_count=1 args=() kwds={}
2025-12-15 19:03:19,603 LT1-thread root DEBUG client.py                 82    logger_log                : 9) class=<class 'autopts.ptsprojects.testcase.TestFunc'>, func=<function gap_set_gendiscov at 0x000001F5038EC040> start_wid=None stop_wid=None post_wid=None skip_call=None call_count=1 args=() kwds={}
2025-12-15 19:03:19,603 LT1-thread root DEBUG client.py                 82    logger_log                : 10) class=<class 'autopts.ptsprojects.testcase.TestFunc'>, func=<function gap_set_io_cap at 0x000001F5038BF9C0> start_wid=None stop_wid=None post_wid=None skip_call=None call_count=1 args=(3,) kwds={}
2025-12-15 19:03:19,603 LT1-thread root DEBUG client.py                 82    logger_log                : 11) class=<class 'autopts.ptsprojects.testcase.TestFunc'>, func=<function core_reg_svc_hfp_ag at 0x000001F5038B7240> start_wid=None stop_wid=None post_wid=None skip_call=None call_count=1 args=() kwds={}
2025-12-15 19:03:19,603 LT1-thread root DEBUG client.py                 82    logger_log                : 12) class=<class 'autopts.ptsprojects.testcase.TestFunc'>, func=<bound method Stack.hfp_ag_init of <autopts.ptsprojects.stack.stack.Stack object at 0x000001F50559F3E0>> start_wid=None stop_wid=None post_wid=None skip_call=None call_count=1 args=() kwds={}
2025-12-15 19:03:19,603 LT1-thread root DEBUG client.py                 82    logger_log                : 13) class=<class 'autopts.ptsprojects.testcase.TestFunc'>, func=<function hfp_ag_set_default_indicator_value at 0x000001F503A4AC00> start_wid=None stop_wid=None post_wid=None skip_call=None call_count=1 args=(1, 5, 0, 5) kwds={}
2025-12-15 19:03:19,603 LT1-thread root DEBUG client.py                 82    logger_log                : 14) class=<class 'autopts.ptsprojects.testcase.TestFunc'>, func=<function hfp_ag_set_memory_dial_mapping at 0x000001F503A4ACA0> start_wid=None stop_wid=None post_wid=None skip_call=None call_count=1 args=('1', '1234567') kwds={}
2025-12-15 19:03:19,603 LT1-thread root DEBUG client.py                 82    logger_log                : 15) class=<class 'autopts.ptsprojects.testcase.TestFunc'>, func=<function hfp_ag_set_voice_tag_number at 0x000001F503A4ADE0> start_wid=None stop_wid=None post_wid=None skip_call=None call_count=1 args=('1234567',) kwds={}
2025-12-15 19:03:19,603 LT1-thread root DEBUG client.py                 82    logger_log                : 16) class=<class 'autopts.ptsprojects.testcase.TestFuncCleanUp'>, func=<bound method Stack.cleanup of <autopts.ptsprojects.stack.stack.Stack object at 0x000001F50559F3E0>> start_wid=None stop_wid=None post_wid=None skip_call=None call_count=0 args=() kwds={}
2025-12-15 19:03:19,603 LT1-thread root DEBUG client.py                 82    logger_log                : 17) class=<class 'autopts.ptsprojects.testcase.TestFuncCleanUp'>, func=<bound method ZephyrCtl.stop of <autopts.ptsprojects.zephyr.iutctl.ZephyrCtl object at 0x000001F505428770>> start_wid=None stop_wid=None post_wid=None skip_call=None call_count=0 args=() kwds={}
2025-12-15 19:03:19,603 LT1-thread root DEBUG client.py                 82    logger_log                : pre_run, run pre test case script
2025-12-15 19:03:19,613 LT1-thread root DEBUG client.py                 82    logger_log                : Starting test function: class=<class 'autopts.ptsprojects.testcase.TestFunc'>, func=<bound method Stack.core_init of <autopts.ptsprojects.stack.stack.Stack object at 0x000001F50559F3E0>> start_wid=None stop_wid=None post_wid=None skip_call=None call_count=1 args=() kwds={}
2025-12-15 19:03:19,613 LT1-thread root DEBUG client.py                 82    logger_log                : Test function parameters: args=(), kwds={}
2025-12-15 19:03:19,613 LT1-thread root DEBUG client.py                 82    logger_log                : Starting test function: class=<class 'autopts.ptsprojects.testcase.TestFunc'>, func=<bound method IutCtl.start of <autopts.ptsprojects.zephyr.iutctl.ZephyrCtl object at 0x000001F505428770>> start_wid=None stop_wid=None post_wid=None skip_call=None call_count=1 args=(<autopts.ptsprojects.zephyr.ztestcase.ZTestCase object at 0x000001F506DE5940>,) kwds={}
2025-12-15 19:03:19,613 LT1-thread root DEBUG client.py                 82    logger_log                : Test function parameters: args=(<autopts.ptsprojects.zephyr.ztestcase.ZTestCase object at 0x000001F506DE5940>,), kwds={}
2025-12-15 19:03:19,613 LT1-thread root DEBUG client.py                 82    logger_log                : <class 'autopts.ptsprojects.zephyr.iutctl.ZephyrCtl'>.start
2025-12-15 19:03:19,613 LT1-thread root DEBUG client.py                 82    logger_log                : <class 'autopts.ptsprojects.zephyr.iutctl.ZephyrCtl'>.flush_serial
2025-12-15 19:03:20,795 LT1-thread root DEBUG client.py                 82    logger_log                : Starting socat process: socat.exe -x -v tcp:10.17.12.9:53527,retry=100,interval=1 /dev/ttyS2,raw,b115200,
2025-12-15 19:03:20,805 LT1-thread root DEBUG client.py                 82    logger_log                : accept
2025-12-15 19:03:21,367 BTPWorkerThread-40 (_rx_task) root DEBUG client.py                 82    logger_log                : BTPWorkerThread-40 (_rx_task) started
2025-12-15 19:03:21,367 LT1-thread root DEBUG client.py                 82    logger_log                : Starting test function: class=<class 'autopts.ptsprojects.testcase.TestFunc'>, func=<bound method IutCtl.wait_iut_ready_event of <autopts.ptsprojects.zephyr.iutctl.ZephyrCtl object at 0x000001F505428770>> start_wid=None stop_wid=None post_wid=None skip_call=None call_count=1 args=(False,) kwds={}
2025-12-15 19:03:21,367 LT1-thread root DEBUG client.py                 82    logger_log                : Test function parameters: args=(False,), kwds={}
2025-12-15 19:03:21,367 LT1-thread root DEBUG client.py                 82    logger_log                : IUT ready event received OK
2025-12-15 19:03:21,367 LT1-thread root DEBUG client.py                 82    logger_log                : Starting test function: class=<class 'autopts.ptsprojects.testcase.TestFunc'>, func=<function core_reg_svc_gap at 0x000001F5038B5B20> start_wid=None stop_wid=None post_wid=None skip_call=None call_count=2 args=() kwds={}
2025-12-15 19:03:21,367 LT1-thread root DEBUG client.py                 82    logger_log                : Test function parameters: args=(), kwds={}
2025-12-15 19:03:21,377 LT1-thread root DEBUG client.py                 82    logger_log                : core_reg_svc_univ: gap_reg (GAP)
2025-12-15 19:03:21,377 LT1-thread root DEBUG client.py                 82    logger_log                : send, 0 3 255 '1'
2025-12-15 19:03:21,377 LT1-thread root DEBUG client.py                 82    logger_log                : sending frame '0003ff010001'
2025-12-15 19:03:21,377 LT1-thread root DEBUG client.py                 82    logger_log                : core_reg_svc_rsp_succ
2025-12-15 19:03:21,377 LT1-thread root DEBUG client.py                 82    logger_log                : read
2025-12-15 19:03:24,972 BTPWorkerThread-40 (_rx_task) root DEBUG client.py                 82    logger_log                : Read 5 bytes
2025-12-15 19:03:24,982 BTPWorkerThread-40 (_rx_task) root DEBUG client.py                 82    logger_log                : Received: hdr: Header(svc_id=0x00, op=0x03, ctrl_index=0xff, data_len=0x00) bytearray(b'\x00\x03\xff\x00\x00')
2025-12-15 19:03:24,982 BTPWorkerThread-40 (_rx_task) root DEBUG client.py                 82    logger_log                : Received data: {''}, bytearray(b'')
2025-12-15 19:03:24,992 LT1-thread root DEBUG client.py                 82    logger_log                : received Header(svc_id=0, op=3, ctrl_index=255, data_len=0) (b'',)
2025-12-15 19:03:24,992 LT1-thread root DEBUG client.py                 82    logger_log                : expected ((0, 3, 255, 0), (b'',))
2025-12-15 19:03:24,992 LT1-thread root DEBUG client.py                 82    logger_log                : response is valid
2025-12-15 19:03:24,992 LT1-thread root DEBUG client.py                 82    logger_log                : Reading supported commands for service: GAP
2025-12-15 19:03:24,992 LT1-thread root DEBUG client.py                 82    logger_log                : send, 1 1 255 ''
2025-12-15 19:03:24,992 LT1-thread root DEBUG client.py                 82    logger_log                : sending frame '0101ff0000'
2025-12-15 19:03:24,992 LT1-thread root DEBUG client.py                 82    logger_log                : read
2025-12-15 19:03:25,063 BTPWorkerThread-40 (_rx_task) root DEBUG client.py                 82    logger_log                : Read 5 bytes
2025-12-15 19:03:25,083 BTPWorkerThread-40 (_rx_task) root DEBUG client.py                 82    logger_log                : Received: hdr: Header(svc_id=0x01, op=0x01, ctrl_index=0xff, data_len=0x06) bytearray(b'\x01\x01\xff\x06\x00')
2025-12-15 19:03:25,083 BTPWorkerThread-40 (_rx_task) root DEBUG client.py                 82    logger_log                : Read 6 bytes data
2025-12-15 19:03:25,083 BTPWorkerThread-40 (_rx_task) root DEBUG client.py                 82    logger_log                : Received data: {'6e ff 7f 1f fe f7'}, bytearray(b'n\xff\x7f\x1f\xfe\xf7')
2025-12-15 19:03:25,083 LT1-thread root DEBUG client.py                 82    logger_log                : Starting test function: class=<class 'autopts.ptsprojects.testcase.TestFunc'>, func=<bound method Stack.gap_init of <autopts.ptsprojects.stack.stack.Stack object at 0x000001F50559F3E0>> start_wid=None stop_wid=None post_wid=None skip_call=None call_count=2 args=(b'Tester_08E44E',) kwds={}
2025-12-15 19:03:25,083 LT1-thread root DEBUG client.py                 82    logger_log                : Test function parameters: args=(b'Tester_08E44E',), kwds={}
2025-12-15 19:03:25,083 LT1-thread root DEBUG client.py                 82    logger_log                : Starting test function: class=<class 'autopts.ptsprojects.testcase.TestFunc'>, func=<function gap_read_ctrl_info at 0x000001F5038EC540> start_wid=None stop_wid=None post_wid=None skip_call=None call_count=2 args=() kwds={}
2025-12-15 19:03:25,083 LT1-thread root DEBUG client.py                 82    logger_log                : Test function parameters: args=(), kwds={}
2025-12-15 19:03:25,083 LT1-thread root DEBUG client.py                 82    logger_log                : gap_read_ctrl_info
2025-12-15 19:03:25,083 LT1-thread root DEBUG client.py                 82    logger_log                : send, 1 3 0 ''
2025-12-15 19:03:25,083 LT1-thread root DEBUG client.py                 82    logger_log                : sending frame '0103000000'
2025-12-15 19:03:25,083 LT1-thread root DEBUG client.py                 82    logger_log                : read
2025-12-15 19:03:25,133 BTPWorkerThread-40 (_rx_task) root DEBUG client.py                 82    logger_log                : Read 5 bytes
2025-12-15 19:03:25,153 BTPWorkerThread-40 (_rx_task) root DEBUG client.py                 82    logger_log                : Received: hdr: Header(svc_id=0x01, op=0x03, ctrl_index=0x00, data_len=0x115) bytearray(b'\x01\x03\x00\x15\x01')
2025-12-15 19:03:25,183 BTPWorkerThread-40 (_rx_task) root DEBUG client.py                 82    logger_log                : Read 277 bytes data
2025-12-15 19:03:25,203 BTPWorkerThread-40 (_rx_task) root DEBUG client.py                 82    logger_log                : Received data: {'19 78 ee 69 17 d0 d3 06 02 00 13 02 00 00 00 00 00 62 74 70 5f 74 65 73 74 65 72 00 00 00 00 00 00 00 00 00 00 00 00 00 00 00 00 00 00 00 00 00 00 00 00 00 00 00 00 00 00 00 00 00 00 00 00 00 00 00 00 00 00 00 00 00 00 00 00 00 00 00 00 00 00 00 00 00 00 00 00 00 00 00 00 00 00 00 00 00 00 00 00 00 00 00 00 00 00 00 00 00 00 00 00 00 00 00 00 00 00 00 00 00 00 00 00 00 00 00 00 00 00 00 00 00 00 00 00 00 00 00 00 00 00 00 00 00 00 00 00 00 00 00 00 00 00 00 00 00 00 00 00 00 00 00 00 00 00 00 00 00 00 00 00 00 00 00 00 00 00 00 00 00 00 00 00 00 00 00 00 00 00 00 00 00 00 00 00 00 00 00 00 00 00 00 00 00 00 00 00 00 00 00 00 00 00 00 00 00 00 00 00 00 00 00 00 00 00 00 00 00 00 00 00 00 00 00 00 00 00 00 00 00 00 00 00 00 00 00 00 00 00 00 00 00 00 00 00 00 00 00 00 00 00 00 00 00 00 00 00 00 00 00 00 00 00 00 00 00 00'}, bytearray(b'\x19x\xeei\x17\xd0\xd3\x06\x02\x00\x13\x02\x00\x00\x00\x00\x00btp_tester\x00\x00\x00\x00\x00\x00\x00\x00\x00\x00\x00\x00\x00\x00\x00\x00\x00\x00\x00\x00\x00\x00\x00\x00\x00\x00\x00\x00\x00\x00\x00\x00\x00\x00\x00\x00\x00\x00\x00\x00\x00\x00\x00\x00\x00\x00\x00\x00\x00\x00\x00\x00\x00\x00\x00\x00\x00\x00\x00\x00\x00\x00\x00\x00\x00\x00\x00\x00\x00\x00\x00\x00\x00\x00\x00\x00\x00\x00\x00\x00\x00\x00\x00\x00\x00\x00\x00\x00\x00\x00\x00\x00\x00\x00\x00\x00\x00\x00\x00\x00\x00\x00\x00\x00\x00\x00\x00\x00\x00\x00\x00\x00\x00\x00\x00\x00\x00\x00\x00\x00\x00\x00\x00\x00\x00\x00\x00\x00\x00\x00\x00\x00\x00\x00\x00\x00\x00\x00\x00\x00\x00\x00\x00\x00\x00\x00\x00\x00\x00\x00\x00\x00\x00\x00\x00\x00\x00\x00\x00\x00\x00\x00\x00\x00\x00\x00\x00\x00\x00\x00\x00\x00\x00\x00\x00\x00\x00\x00\x00\x00\x00\x00\x00\x00\x00\x00\x00\x00\x00\x00\x00\x00\x00\x00\x00\x00\x00\x00\x00\x00\x00\x00\x00\x00\x00\x00\x00\x00\x00\x00\x00\x00\x00\x00\x00\x00\x00\x00\x00\x00\x00\x00\x00\x00\x00\x00\x00\x00\x00\x00\x00\x00\x00\x00\x00\x00\x00\x00\x00\x00\x00\x00\x00\x00\x00\x00\x00\x00\x00\x00')
2025-12-15 19:03:25,233 LT1-thread root DEBUG client.py                 82    logger_log                : received Header(svc_id=1, op=3, ctrl_index=0, data_len=277) (b'\x19x\xeei\x17\xd0\xd3\x06\x02\x00\x13\x02\x00\x00\x00\x00\x00btp_tester\x00\x00\x00\x00\x00\x00\x00\x00\x00\x00\x00\x00\x00\x00\x00\x00\x00\x00\x00\x00\x00\x00\x00\x00\x00\x00\x00\x00\x00\x00\x00\x00\x00\x00\x00\x00\x00\x00\x00\x00\x00\x00\x00\x00\x00\x00\x00\x00\x00\x00\x00\x00\x00\x00\x00\x00\x00\x00\x00\x00\x00\x00\x00\x00\x00\x00\x00\x00\x00\x00\x00\x00\x00\x00\x00\x00\x00\x00\x00\x00\x00\x00\x00\x00\x00\x00\x00\x00\x00\x00\x00\x00\x00\x00\x00\x00\x00\x00\x00\x00\x00\x00\x00\x00\x00\x00\x00\x00\x00\x00\x00\x00\x00\x00\x00\x00\x00\x00\x00\x00\x00\x00\x00\x00\x00\x00\x00\x00\x00\x00\x00\x00\x00\x00\x00\x00\x00\x00\x00\x00\x00\x00\x00\x00\x00\x00\x00\x00\x00\x00\x00\x00\x00\x00\x00\x00\x00\x00\x00\x00\x00\x00\x00\x00\x00\x00\x00\x00\x00\x00\x00\x00\x00\x00\x00\x00\x00\x00\x00\x00\x00\x00\x00\x00\x00\x00\x00\x00\x00\x00\x00\x00\x00\x00\x00\x00\x00\x00\x00\x00\x00\x00\x00\x00\x00\x00\x00\x00\x00\x00\x00\x00\x00\x00\x00\x00\x00\x00\x00\x00\x00\x00\x00\x00\x00\x00\x00\x00\x00\x00\x00\x00\x00\x00\x00\x00\x00\x00\x00\x00\x00\x00\x00\x00\x00\x00\x00\x00\x00\x00',)
2025-12-15 19:03:25,233 LT1-thread root DEBUG client.py                 82    logger_log                : IUT address 'd01769ee7819' 'public'
2025-12-15 19:03:25,233 LT1-thread root DEBUG client.py                 82    logger_log                : __gap_current_settings_update 531
2025-12-15 19:03:25,233 LT1-thread root DEBUG client.py                 82    logger_log                : Starting test function: class=<class 'autopts.ptsprojects.testcase.TestFunc'>, func=<function test_cases.<locals>.<lambda> at 0x000001F506CD2160> start_wid=None stop_wid=None post_wid=None skip_call=None call_count=2 args=() kwds={}
2025-12-15 19:03:25,233 LT1-thread root DEBUG client.py                 82    logger_log                : Test function parameters: args=(), kwds={}
2025-12-15 19:03:25,233 LT1-thread root DEBUG client.py                 82    logger_log                : Starting test function: class=<class 'autopts.ptsprojects.testcase.TestFunc'>, func=<function set_pts_addr at 0x000001F5038B56C0> start_wid=None stop_wid=None post_wid=None skip_call=None call_count=2 args=('00:1B:DC:08:E4:4E', 0) kwds={}
2025-12-15 19:03:25,233 LT1-thread root DEBUG client.py                 82    logger_log                : Test function parameters: args=('00:1B:DC:08:E4:4E', 0), kwds={}
2025-12-15 19:03:25,233 LT1-thread root DEBUG client.py                 82    logger_log                : Starting test function: class=<class 'autopts.ptsprojects.testcase.TestFunc'>, func=<function gap_set_conn at 0x000001F5038BFE20> start_wid=None stop_wid=None post_wid=None skip_call=None call_count=2 args=() kwds={}
2025-12-15 19:03:25,233 LT1-thread root DEBUG client.py                 82    logger_log                : Test function parameters: args=(), kwds={}
2025-12-15 19:03:25,233 LT1-thread root DEBUG client.py                 82    logger_log                : gap_set_conn
2025-12-15 19:03:25,233 LT1-thread root DEBUG client.py                 82    logger_log                : Starting test function: class=<class 'autopts.ptsprojects.testcase.TestFunc'>, func=<function gap_set_gendiscov at 0x000001F5038EC040> start_wid=None stop_wid=None post_wid=None skip_call=None call_count=2 args=() kwds={}
2025-12-15 19:03:25,233 LT1-thread root DEBUG client.py                 82    logger_log                : Test function parameters: args=(), kwds={}
2025-12-15 19:03:25,233 LT1-thread root DEBUG client.py                 82    logger_log                : gap_set_gendiscov
2025-12-15 19:03:25,233 LT1-thread root DEBUG client.py                 82    logger_log                : send, 1 8 0 '1'
2025-12-15 19:03:25,233 LT1-thread root DEBUG client.py                 82    logger_log                : sending frame '010800010001'
2025-12-15 19:03:25,243 LT1-thread root DEBUG client.py                 82    logger_log                : gap_command_rsp_succ
2025-12-15 19:03:25,243 LT1-thread root DEBUG client.py                 82    logger_log                : read
2025-12-15 19:03:25,343 BTPWorkerThread-40 (_rx_task) root DEBUG client.py                 82    logger_log                : Read 5 bytes
2025-12-15 19:03:25,363 BTPWorkerThread-40 (_rx_task) root DEBUG client.py                 82    logger_log                : Received: hdr: Header(svc_id=0x01, op=0x08, ctrl_index=0x00, data_len=0x04) bytearray(b'\x01\x08\x00\x04\x00')
2025-12-15 19:03:25,403 BTPWorkerThread-40 (_rx_task) root DEBUG client.py                 82    logger_log                : Read 4 bytes data
2025-12-15 19:03:25,433 BTPWorkerThread-40 (_rx_task) root DEBUG client.py                 82    logger_log                : Received data: {'1b 02 00 00'}, bytearray(b'\x1b\x02\x00\x00')
2025-12-15 19:03:25,453 LT1-thread root DEBUG client.py                 82    logger_log                : received Header(svc_id=1, op=8, ctrl_index=0, data_len=4) (b'\x1b\x02\x00\x00',)
2025-12-15 19:03:25,453 LT1-thread root DEBUG client.py                 82    logger_log                : __gap_current_settings_update (b'\x1b\x02\x00\x00',)
2025-12-15 19:03:25,453 LT1-thread root DEBUG client.py                 82    logger_log                : Starting test function: class=<class 'autopts.ptsprojects.testcase.TestFunc'>, func=<function gap_set_io_cap at 0x000001F5038BF9C0> start_wid=None stop_wid=None post_wid=None skip_call=None call_count=2 args=(3,) kwds={}
2025-12-15 19:03:25,453 LT1-thread root DEBUG client.py                 82    logger_log                : Test function parameters: args=(3,), kwds={}
2025-12-15 19:03:25,453 LT1-thread root DEBUG client.py                 82    logger_log                : gap_set_io_cap 3
2025-12-15 19:03:25,453 LT1-thread root DEBUG client.py                 82    logger_log                : send, 1 16 0 '\x03'
2025-12-15 19:03:25,453 LT1-thread root DEBUG client.py                 82    logger_log                : sending frame '011000010003'
2025-12-15 19:03:25,453 LT1-thread root DEBUG client.py                 82    logger_log                : gap_command_rsp_succ
2025-12-15 19:03:25,453 LT1-thread root DEBUG client.py                 82    logger_log                : read
2025-12-15 19:03:25,523 BTPWorkerThread-40 (_rx_task) root DEBUG client.py                 82    logger_log                : Read 5 bytes
2025-12-15 19:03:25,543 BTPWorkerThread-40 (_rx_task) root DEBUG client.py                 82    logger_log                : Received: hdr: Header(svc_id=0x01, op=0x10, ctrl_index=0x00, data_len=0x00) bytearray(b'\x01\x10\x00\x00\x00')
2025-12-15 19:03:25,553 BTPWorkerThread-40 (_rx_task) root DEBUG client.py                 82    logger_log                : Received data: {''}, bytearray(b'')
2025-12-15 19:03:25,573 LT1-thread root DEBUG client.py                 82    logger_log                : received Header(svc_id=1, op=16, ctrl_index=0, data_len=0) (b'',)
2025-12-15 19:03:25,573 LT1-thread root DEBUG client.py                 82    logger_log                : Starting test function: class=<class 'autopts.ptsprojects.testcase.TestFunc'>, func=<function core_reg_svc_hfp_ag at 0x000001F5038B7240> start_wid=None stop_wid=None post_wid=None skip_call=None call_count=2 args=() kwds={}
2025-12-15 19:03:25,573 LT1-thread root DEBUG client.py                 82    logger_log                : Test function parameters: args=(), kwds={}
2025-12-15 19:03:25,573 LT1-thread root DEBUG client.py                 82    logger_log                : core_reg_svc_univ: hfp_ag_reg (HFP_AG)
2025-12-15 19:03:25,573 LT1-thread root DEBUG client.py                 82    logger_log                : send, 0 3 255 '33'
2025-12-15 19:03:25,573 LT1-thread root DEBUG client.py                 82    logger_log                : sending frame '0003ff010021'
2025-12-15 19:03:25,573 LT1-thread root DEBUG client.py                 82    logger_log                : core_reg_svc_rsp_succ
2025-12-15 19:03:25,573 LT1-thread root DEBUG client.py                 82    logger_log                : read
2025-12-15 19:03:25,643 BTPWorkerThread-40 (_rx_task) root DEBUG client.py                 82    logger_log                : Read 5 bytes
2025-12-15 19:03:25,663 BTPWorkerThread-40 (_rx_task) root DEBUG client.py                 82    logger_log                : Received: hdr: Header(svc_id=0x00, op=0x03, ctrl_index=0xff, data_len=0x00) bytearray(b'\x00\x03\xff\x00\x00')
2025-12-15 19:03:25,663 BTPWorkerThread-40 (_rx_task) root DEBUG client.py                 82    logger_log                : Received data: {''}, bytearray(b'')
2025-12-15 19:03:25,663 LT1-thread root DEBUG client.py                 82    logger_log                : received Header(svc_id=0, op=3, ctrl_index=255, data_len=0) (b'',)
2025-12-15 19:03:25,663 LT1-thread root DEBUG client.py                 82    logger_log                : expected ((0, 3, 255, 0), (b'',))
2025-12-15 19:03:25,663 LT1-thread root DEBUG client.py                 82    logger_log                : response is valid
2025-12-15 19:03:25,663 LT1-thread root DEBUG client.py                 82    logger_log                : Reading supported commands for service: HFP_AG
2025-12-15 19:03:25,663 LT1-thread root DEBUG client.py                 82    logger_log                : send, 33 1 255 ''
2025-12-15 19:03:25,663 LT1-thread root DEBUG client.py                 82    logger_log                : sending frame '2101ff0000'
2025-12-15 19:03:25,663 LT1-thread root DEBUG client.py                 82    logger_log                : read
2025-12-15 19:03:25,733 BTPWorkerThread-40 (_rx_task) root DEBUG client.py                 82    logger_log                : Read 5 bytes
2025-12-15 19:03:25,754 BTPWorkerThread-40 (_rx_task) root DEBUG client.py                 82    logger_log                : Received: hdr: Header(svc_id=0x21, op=0x01, ctrl_index=0xff, data_len=0x05) bytearray(b'!\x01\xff\x05\x00')
2025-12-15 19:03:25,794 BTPWorkerThread-40 (_rx_task) root DEBUG client.py                 82    logger_log                : Read 5 bytes data
2025-12-15 19:03:25,814 BTPWorkerThread-40 (_rx_task) root DEBUG client.py                 82    logger_log                : Received data: {'fe ff ff ff 1f'}, bytearray(b'\xfe\xff\xff\xff\x1f')
2025-12-15 19:03:25,824 LT1-thread root DEBUG client.py                 82    logger_log                : Starting test function: class=<class 'autopts.ptsprojects.testcase.TestFunc'>, func=<bound method Stack.hfp_ag_init of <autopts.ptsprojects.stack.stack.Stack object at 0x000001F50559F3E0>> start_wid=None stop_wid=None post_wid=None skip_call=None call_count=2 args=() kwds={}
2025-12-15 19:03:25,824 LT1-thread root DEBUG client.py                 82    logger_log                : Test function parameters: args=(), kwds={}
2025-12-15 19:03:25,824 LT1-thread root DEBUG client.py                 82    logger_log                : Starting test function: class=<class 'autopts.ptsprojects.testcase.TestFunc'>, func=<function hfp_ag_set_default_indicator_value at 0x000001F503A4AC00> start_wid=None stop_wid=None post_wid=None skip_call=None call_count=2 args=(1, 5, 0, 5) kwds={}
2025-12-15 19:03:25,824 LT1-thread root DEBUG client.py                 82    logger_log                : Test function parameters: args=(1, 5, 0, 5), kwds={}
2025-12-15 19:03:25,824 LT1-thread root DEBUG client.py                 82    logger_log                : hfp_ag_set_default_indicator_value 1 5 0 5
2025-12-15 19:03:25,824 LT1-thread root DEBUG client.py                 82    logger_log                : send, 33 33 0 "bytearray(b'\\x01\\x05\\x00\\x05')"
2025-12-15 19:03:25,824 LT1-thread root DEBUG client.py                 82    logger_log                : sending frame '212100040001050005'
2025-12-15 19:03:25,824 LT1-thread root DEBUG client.py                 82    logger_log                : read
2025-12-15 19:03:25,894 BTPWorkerThread-40 (_rx_task) root DEBUG client.py                 82    logger_log                : Read 5 bytes
2025-12-15 19:03:25,914 BTPWorkerThread-40 (_rx_task) root DEBUG client.py                 82    logger_log                : Received: hdr: Header(svc_id=0x21, op=0x21, ctrl_index=0x00, data_len=0x00) bytearray(b'!!\x00\x00\x00')
2025-12-15 19:03:25,924 BTPWorkerThread-40 (_rx_task) root DEBUG client.py                 82    logger_log                : Received data: {''}, bytearray(b'')
2025-12-15 19:03:25,944 LT1-thread root DEBUG client.py                 82    logger_log                : Starting test function: class=<class 'autopts.ptsprojects.testcase.TestFunc'>, func=<function hfp_ag_set_memory_dial_mapping at 0x000001F503A4ACA0> start_wid=None stop_wid=None post_wid=None skip_call=None call_count=2 args=('1', '1234567') kwds={}
2025-12-15 19:03:25,944 LT1-thread root DEBUG client.py                 82    logger_log                : Test function parameters: args=('1', '1234567'), kwds={}
2025-12-15 19:03:25,944 LT1-thread root DEBUG client.py                 82    logger_log                : hfp_ag_set_memory_dial_mapping '1' '1234567'
2025-12-15 19:03:25,944 LT1-thread root DEBUG client.py                 82    logger_log                : send, 33 34 0 "bytearray(b'\\x01\\x0711234567')"
2025-12-15 19:03:25,944 LT1-thread root DEBUG client.py                 82    logger_log                : sending frame '2122000a0001073131323334353637'
2025-12-15 19:03:25,944 LT1-thread root DEBUG client.py                 82    logger_log                : read
2025-12-15 19:03:26,004 BTPWorkerThread-40 (_rx_task) root DEBUG client.py                 82    logger_log                : Read 5 bytes
2025-12-15 19:03:26,024 BTPWorkerThread-40 (_rx_task) root DEBUG client.py                 82    logger_log                : Received: hdr: Header(svc_id=0x21, op=0x22, ctrl_index=0x00, data_len=0x00) bytearray(b'!"\x00\x00\x00')
2025-12-15 19:03:26,034 BTPWorkerThread-40 (_rx_task) root DEBUG client.py                 82    logger_log                : Received data: {''}, bytearray(b'')
2025-12-15 19:03:26,034 LT1-thread root DEBUG client.py                 82    logger_log                : Starting test function: class=<class 'autopts.ptsprojects.testcase.TestFunc'>, func=<function hfp_ag_set_voice_tag_number at 0x000001F503A4ADE0> start_wid=None stop_wid=None post_wid=None skip_call=None call_count=2 args=('1234567',) kwds={}
2025-12-15 19:03:26,034 LT1-thread root DEBUG client.py                 82    logger_log                : Test function parameters: args=('1234567',), kwds={}
2025-12-15 19:03:26,034 LT1-thread root DEBUG client.py                 82    logger_log                : hfp_ag_set_voice_tag_number '1234567'
2025-12-15 19:03:26,034 LT1-thread root DEBUG client.py                 82    logger_log                : send, 33 36 0 "bytearray(b'\\x071234567')"
2025-12-15 19:03:26,034 LT1-thread root DEBUG client.py                 82    logger_log                : sending frame '21240008000731323334353637'
2025-12-15 19:03:26,034 LT1-thread root DEBUG client.py                 82    logger_log                : read
2025-12-15 19:03:26,074 BTPWorkerThread-40 (_rx_task) root DEBUG client.py                 82    logger_log                : Read 5 bytes
2025-12-15 19:03:26,094 BTPWorkerThread-40 (_rx_task) root DEBUG client.py                 82    logger_log                : Received: hdr: Header(svc_id=0x21, op=0x24, ctrl_index=0x00, data_len=0x00) bytearray(b'!$\x00\x00\x00')
2025-12-15 19:03:26,104 BTPWorkerThread-40 (_rx_task) root DEBUG client.py                 82    logger_log                : Received data: {''}, bytearray(b'')
2025-12-15 19:03:26,114 LT1-thread root DEBUG client.py                 82    logger_log                : ClientCallback.get_result run_test_case
2025-12-15 19:03:27,809 LT1-callback ClientCallback.on_implicit_send INFO client.py                 82    logger_log                : 
    ********************
    BEGIN OnImplicitSend:
    project_name: HFP
    wid: 20000
    test_case_name: HFP/AG/SGSIT/ATTR/BV-01-C
    description: Please prepare IUT into a connectable mode in BR/EDR.

Description: Verify that the Implementation Under Test (IUT) can accept GATT connect request from PTS.
    style: MMI_Style_Ok_Cancel1 0x11041
2025-12-15 19:03:27,809 LT1-callback ClientCallback.on_implicit_send INFO client.py                 82    logger_log                : Calling test cases on_implicit_send
2025-12-15 19:03:27,809 LT1-callback ClientCallback.on_implicit_send INFO client.py                 82    logger_log                : 
    on_implicit_send returned response: WAIT
    END OnImplicitSend
    ********************
2025-12-15 19:03:28,120 LT1-thread root DEBUG client.py                 82    logger_log                : HFP HFP/AG/SGSIT/ATTR/BV-01-C on_implicit_send
2025-12-15 19:03:28,120 LT1-thread root DEBUG client.py                 82    logger_log                : hfp_ag_wid_hdl, 20000, Please prepare IUT into a connectable mode in BR/EDR.

Description: Verify that the Implementation Under Test (IUT) can accept GATT connect request from PTS., HFP/AG/SGSIT/ATTR/BV-01-C
2025-12-15 19:03:28,120 LT1-thread root DEBUG client.py                 82    logger_log                : Sending response 'OK' to wid 20000 test case HFP/AG/SGSIT/ATTR/BV-01-C
2025-12-15 19:03:28,120 LT1-thread root DEBUG client.py                 82    logger_log                : ClientCallback.get_result run_test_case
2025-12-15 19:03:31,833 BTPWorkerThread-40 (_rx_task) root DEBUG client.py                 82    logger_log                : Read 5 bytes
2025-12-15 19:03:31,833 BTPWorkerThread-40 (_rx_task) root DEBUG client.py                 82    logger_log                : Received: hdr: Header(svc_id=0x01, op=0x82, ctrl_index=0x00, data_len=0x0d) bytearray(b'\x01\x82\x00\r\x00')
2025-12-15 19:03:31,833 BTPWorkerThread-40 (_rx_task) root DEBUG client.py                 82    logger_log                : Read 13 bytes data
2025-12-15 19:03:31,833 BTPWorkerThread-40 (_rx_task) root DEBUG client.py                 82    logger_log                : Received data: {'e0 4e e4 08 dc 1b 00 00 00 00 00 00 00'}, bytearray(b'\xe0N\xe4\x08\xdc\x1b\x00\x00\x00\x00\x00\x00\x00')
2025-12-15 19:03:31,833 BTPWorkerThread-40 (_rx_task) root DEBUG client.py                 82    logger_log                : event_handler Header(svc_id=1, op=130, ctrl_index=0, data_len=13) (b'\xe0N\xe4\x08\xdc\x1b\x00\x00\x00\x00\x00\x00\x00',)
2025-12-15 19:03:31,833 BTPWorkerThread-40 (_rx_task) root DEBUG client.py                 82    logger_log                : gap_connected_ev_ b'\xe0N\xe4\x08\xdc\x1b\x00\x00\x00\x00\x00\x00\x00'
2025-12-15 19:03:31,833 BTPWorkerThread-40 (_rx_task) root DEBUG client.py                 82    logger_log                : Read 5 bytes
2025-12-15 19:03:31,833 BTPWorkerThread-40 (_rx_task) root DEBUG client.py                 82    logger_log                : Received: hdr: Header(svc_id=0x01, op=0x80, ctrl_index=0x00, data_len=0x04) bytearray(b'\x01\x80\x00\x04\x00')
2025-12-15 19:03:31,833 BTPWorkerThread-40 (_rx_task) root DEBUG client.py                 82    logger_log                : Read 4 bytes data
2025-12-15 19:03:31,833 BTPWorkerThread-40 (_rx_task) root DEBUG client.py                 82    logger_log                : Received data: {'1b 02 00 00'}, bytearray(b'\x1b\x02\x00\x00')
2025-12-15 19:03:31,833 BTPWorkerThread-40 (_rx_task) root DEBUG client.py                 82    logger_log                : event_handler Header(svc_id=1, op=128, ctrl_index=0, data_len=4) (b'\x1b\x02\x00\x00',)
2025-12-15 19:03:31,833 BTPWorkerThread-40 (_rx_task) root DEBUG client.py                 82    logger_log                : gap_new_settings_ev_ b'\x1b\x02\x00\x00'
2025-12-15 19:03:31,833 BTPWorkerThread-40 (_rx_task) root DEBUG client.py                 82    logger_log                : __gap_current_settings_update 539
2025-12-15 19:03:32,936 BTPWorkerThread-40 (_rx_task) root DEBUG client.py                 82    logger_log                : Read 5 bytes
2025-12-15 19:03:32,936 BTPWorkerThread-40 (_rx_task) root DEBUG client.py                 82    logger_log                : Received: hdr: Header(svc_id=0x01, op=0x83, ctrl_index=0x00, data_len=0x07) bytearray(b'\x01\x83\x00\x07\x00')
2025-12-15 19:03:32,936 BTPWorkerThread-40 (_rx_task) root DEBUG client.py                 82    logger_log                : Read 7 bytes data
2025-12-15 19:03:32,936 BTPWorkerThread-40 (_rx_task) root DEBUG client.py                 82    logger_log                : Received data: {'e0 4e e4 08 dc 1b 00'}, bytearray(b'\xe0N\xe4\x08\xdc\x1b\x00')
2025-12-15 19:03:32,936 BTPWorkerThread-40 (_rx_task) root DEBUG client.py                 82    logger_log                : event_handler Header(svc_id=1, op=131, ctrl_index=0, data_len=7) (b'\xe0N\xe4\x08\xdc\x1b\x00',)
2025-12-15 19:03:32,936 BTPWorkerThread-40 (_rx_task) root DEBUG client.py                 82    logger_log                : gap_disconnected_ev_ b'\xe0N\xe4\x08\xdc\x1b\x00'
2025-12-15 19:03:35,624 LT1-callback ClientCallback.log INFO client.py                 82    logger_log                : PTS_LOGTYPE_START_TEST Start Test Case 

+140 ms
 HFP/AG/SGSIT/ATTR/BV-01-C HFP/AG/SGSIT/ATTR/BV-01-C

2025-12-15 19:03:35,904 LT1-callback ClientCallback.log INFO client.py                 82    logger_log                : PTS_LOGTYPE_FINAL_VERDICT Final Verdict 

+9171 ms
 HFP/AG/SGSIT/ATTR/BV-01-C PASS

2025-12-15 19:03:35,904 LT1-callback ClientCallback.log INFO client.py                 82    logger_log                : PTS_LOGTYPE_FINAL_VERDICT Encrypted Verdict 

+9171 ms
 HFP/AG/SGSIT/ATTR/BV-01-C A1#ZWY4MzQ5MDg3MmQwNTIxOGQzMzQ5YjY2ODA5M2MzNjQ5ZDY4NmY0Yjc2MzIzM2VkNTUyNTFhNGU4Mjg1MjI0NA==#CnEdNqiaQiLxCcHsr4Yf1V9NxYiXp959wyLQbHXTttLh2vnZcvOaqE9EN+Yi9wYs0mrd8lVPKik=

2025-12-15 19:03:35,964 LT1-callback ClientCallback.log INFO client.py                 82    logger_log                : PTS_LOGTYPE_END_TEST Test Case Ended 

+9171 ms
 HFP/AG/SGSIT/ATTR/BV-01-C HFP/AG/SGSIT/ATTR/BV-01-C

2025-12-15 19:03:36,024 LT1-callback root DEBUG client.py                 82    logger_log                : ClientCallback, set_result, run_test_case, PASS
2025-12-15 19:03:36,024 LT1-thread root DEBUG client.py                 82    logger_log                : After run_test_case error_code=0 status='PASS'
2025-12-15 19:03:36,024 LT1-thread root DEBUG client.py                 82    logger_log                : post_run HFP HFP/AG/SGSIT/ATTR/BV-01-C 0
2025-12-15 19:03:36,024 LT1-thread root DEBUG client.py                 82    logger_log                : Starting test function: class=<class 'autopts.ptsprojects.testcase.TestFuncCleanUp'>, func=<bound method Stack.cleanup of <autopts.ptsprojects.stack.stack.Stack object at 0x000001F50559F3E0>> start_wid=None stop_wid=None post_wid=None skip_call=None call_count=1 args=() kwds={}
2025-12-15 19:03:36,024 LT1-thread root DEBUG client.py                 82    logger_log                : Test function parameters: args=(), kwds={}
2025-12-15 19:03:36,024 LT1-thread root DEBUG client.py                 82    logger_log                : Starting test function: class=<class 'autopts.ptsprojects.testcase.TestFuncCleanUp'>, func=<bound method ZephyrCtl.stop of <autopts.ptsprojects.zephyr.iutctl.ZephyrCtl object at 0x000001F505428770>> start_wid=None stop_wid=None post_wid=None skip_call=None call_count=1 args=() kwds={}
2025-12-15 19:03:36,024 LT1-thread root DEBUG client.py                 82    logger_log                : Test function parameters: args=(), kwds={}
2025-12-15 19:03:36,024 LT1-thread root DEBUG client.py                 82    logger_log                : <class 'autopts.ptsprojects.zephyr.iutctl.ZephyrCtl'>.stop
2025-12-15 19:03:36,024 LT1-thread root DEBUG client.py                 82    logger_log                : About to reset DUT: JLink -CommandFile reset.jlink -usb 1063214216 -device MIMXRT1176XXXA_M7
2025-12-15 19:03:36,289 BTPWorkerThread-40 (_rx_task) root DEBUG client.py                 82    logger_log                : Read 5 bytes
2025-12-15 19:03:36,289 BTPWorkerThread-40 (_rx_task) root DEBUG client.py                 82    logger_log                : Received: hdr: Header(svc_id=0x00, op=0x80, ctrl_index=0xff, data_len=0x00) bytearray(b'\x00\x80\xff\x00\x00')
2025-12-15 19:03:36,289 BTPWorkerThread-40 (_rx_task) root DEBUG client.py                 82    logger_log                : Received data: {''}, bytearray(b'')
2025-12-15 19:03:36,289 BTPWorkerThread-40 (_rx_task) root DEBUG client.py                 82    logger_log                : event_handler Header(svc_id=0, op=128, ctrl_index=255, data_len=0) (b'',)
2025-12-15 19:03:36,289 BTPWorkerThread-40 (_rx_task) root DEBUG client.py                 82    logger_log                : core_iut_ready_ev
2025-12-15 19:03:36,756 LT1-thread root DEBUG client.py                 82    logger_log                : IUT ready event received OK
2025-12-15 19:03:36,756 LT1-thread root DEBUG client.py                 82    logger_log                : Waiting for _rx_worker to finish ...
2025-12-15 19:03:37,297 BTPWorkerThread-40 (_rx_task) root DEBUG client.py                 82    logger_log                : BTPWorkerThread-40 (_rx_task) finishing...
2025-12-15 19:03:40,302 LT1-thread root DEBUG client.py                 82    logger_log                : post_run, cleanup running post test case script
2025-12-15 19:03:40,302 LT1-thread root DEBUG client.py                 82    logger_log                : post_run, run post test case script
2025-12-15 19:03:40,368 LT1-thread root DEBUG client.py                 82    logger_log                : Done TestCase _run_test_case HFP HFP/AG/SGSIT/ATTR/BV-01-C
