< 2025/01/07 22:03:32.441323  length=5 from=0 to=4
 00 80 ff 00 00                                   .....
--
> 2025/01/07 22:03:42.235529  length=6 from=0 to=5
 00 03 ff 01 00 01                                ......
--
< 2025/01/07 22:03:42.281644  length=5 from=5 to=9
 00 03 ff 00 00                                   .....
--
> 2025/01/07 22:03:42.358536  length=5 from=6 to=10
 01 03 00 00 00                                   .....
--
< 2025/01/07 22:03:43.208665  length=96 from=10 to=105
 01 03 00 15 01 28 00 03 37 60 00 13 06 02 00 13  .....(..7`......
 02 00 00 00 00 00 62 74 70 5f 74 65 73 74 65 72  ......btp_tester
 00 00 00 00 00 00 00 00 00 00 00 00 00 00 00 00  ................
 00 00 00 00 00 00 00 00 00 00 00 00 00 00 00 00  ................
 00 00 00 00 00 00 00 00 00 00 00 00 00 00 00 00  ................
 00 00 00 00 00 00 00 00 00 00 00 00 00 00 00 00  ................
--
< 2025/01/07 22:03:43.217858  length=96 from=106 to=201
 00 00 00 00 00 00 00 00 00 00 00 00 00 00 00 00  ................
 00 00 00 00 00 00 00 00 00 00 00 00 00 00 00 00  ................
 00 00 00 00 00 00 00 00 00 00 00 00 00 00 00 00  ................
 00 00 00 00 00 00 00 00 00 00 00 00 00 00 00 00  ................
 00 00 00 00 00 00 00 00 00 00 00 00 00 00 00 00  ................
 00 00 00 00 00 00 00 00 00 00 00 00 00 00 00 00  ................
--
< 2025/01/07 22:03:43.224699  length=64 from=202 to=265
 00 00 00 00 00 00 00 00 00 00 00 00 00 00 00 00  ................
 00 00 00 00 00 00 00 00 00 00 00 00 00 00 00 00  ................
 00 00 00 00 00 00 00 00 00 00 00 00 00 00 00 00  ................
 00 00 00 00 00 00 00 00 00 00 00 00 00 00 00 00  ................
--
< 2025/01/07 22:03:43.229243  length=26 from=266 to=291
 00 00 00 00 00 00 00 00 00 00 00 00 00 00 00 00  ................
 00 00 00 00 00 00 00 00 00 00                    ..........
--
> 2025/01/07 22:03:43.515542  length=6 from=11 to=16
 00 03 ff 01 00 02                                ......
--
< 2025/01/07 22:03:43.531624  length=5 from=292 to=296
 00 03 ff 00 00                                   .....
--
> 2025/01/07 22:03:43.607557  length=6 from=17 to=22
 01 10 00 01 00 04                                ......
--
< 2025/01/07 22:03:43.623643  length=5 from=297 to=301
 01 10 00 00 00                                   .....
--
> 2025/01/07 22:03:43.699544  length=9 from=23 to=31
 02 02 00 04 00 00 02 aa 51                       ........Q
--
< 2025/01/07 22:03:43.715625  length=7 from=302 to=308
 02 02 00 02 00 00 00                             .......
--
> 2025/01/07 22:03:43.810626  length=12 from=32 to=43
 02 03 00 07 00 00 00 02 11 02 aa 52              ...........R
--
< 2025/01/07 22:03:43.826617  length=7 from=309 to=315
 02 03 00 02 00 00 00                             .......
--
> 2025/01/07 22:03:43.904553  length=10 from=44 to=53
 02 06 00 05 00 00 00 01 00 01                    ..........
--
< 2025/01/07 22:03:43.919665  length=5 from=316 to=320
 02 06 00 00 00                                   .....
--
> 2025/01/07 22:03:43.996554  length=12 from=54 to=65
 02 03 00 07 00 00 00 02 05 02 aa 53              ...........S
--
< 2025/01/07 22:03:44.011703  length=7 from=321 to=327
 02 03 00 02 00 00 00                             .......
--
> 2025/01/07 22:03:44.074578  length=10 from=66 to=75
 02 06 00 05 00 00 00 01 00 02                    ..........
--
< 2025/01/07 22:03:44.089686  length=5 from=328 to=332
 02 06 00 00 00                                   .....
--
> 2025/01/07 22:03:44.121574  length=12 from=76 to=87
 02 03 00 07 00 00 00 42 03 02 aa 54              .......B...T
--
< 2025/01/07 22:03:44.137693  length=7 from=333 to=339
 02 03 00 02 00 00 00                             .......
--
> 2025/01/07 22:03:44.215623  length=10 from=88 to=97
 02 06 00 05 00 00 00 01 00 03                    ..........
--
< 2025/01/07 22:03:44.231633  length=5 from=340 to=344
 02 06 00 00 00                                   .....
--
> 2025/01/07 22:03:44.308562  length=12 from=98 to=109
 02 03 00 07 00 00 00 0a                          ........
 30 02 aa 55                                      0..U
--
< 2025/01/07 22:03:44.323649  length=7 from=345 to=351
 02 03 00 02 00 00 00                             .......
--
> 2025/01/07 22:03:44.417564  length=10 from=110 to=119
 02 06 00 05 00 00 00 01 00 04                    ..........
--
< 2025/01/07 22:03:44.433663  length=5 from=352 to=356
 02 06 00 00 00                                   .....
--
> 2025/01/07 22:03:44.526550  length=5 from=120 to=124
 02 07 00 00 00                                   .....
--
< 2025/01/07 22:03:44.542668  length=8 from=357 to=364
 02 07 00 03 00 00 00 00                          ........
--
> 2025/01/07 22:03:46.643600  length=6 from=125 to=130
 01 0c 00 01 00 19                                ......
--
< 2025/01/07 22:03:46.659665  length=5 from=365 to=369
 01 0c 00 00 00                                   .....
--
< 2025/01/07 22:03:46.660494  length=32 from=370 to=401
 01 81 00 43 00 01 11 45 b1 8a 55 d7 ac 07 38 00  ...C...E..U...8.
 02 01 06 1a ff 4c 00 02 15 00 00 99 99 00 00 10  .....L..........
--
< 2025/01/07 22:03:46.663077  length=32 from=402 to=433
 00 80 00 00 17 7a 00 00 02 aa aa bb bb ce 04 08  .....z..........
 44 32 32 14 ff 2e 01 15 49 d3 b6 00 b6 2a 46 4c  D22.....I....*FL
--
< 2025/01/07 22:03:46.665381  length=8 from=434 to=441
 30 4d 30 4a 30 30 56 4e                          0M0J00VN
--
< 2025/01/07 22:03:46.784679  length=75 from=442 to=516
 01 81 00 46 00 01 5f 90 d5 b2 96 ff a9 07 3b 00  ...F.._.......;.
 02 01 06 1a ff 4c 00 02 15 00 00 99 99 00 00 10  .....L..........
 00 80 00 00 17 7a 00 00 02 aa aa bb bb ce 07 08  .....z..........
 44 31 35 4f 55 54 14 ff 2e 01 15 49 d3 b6 00 b6  D15OUT.....I....
 2a 46 4c 30 4d 30 4a 30 30 36 47                 *FL0M0J006G
--
< 2025/01/07 22:03:46.788763  length=32 from=517 to=548
 01 81 00 3d 00 01 1d 1e 8b 0a                    ...=......
 2e d2 a2 07 32 00 02 01 06 11 07 02 00 00 7a 17  ....2.........z.
 00 00 80 00 10 00                                ......
--
< 2025/01/07 22:03:46.790976  length=32 from=549 to=580
 00 00 98 00 00 02 0a                             .......
 00 04 08 44 32 30 14 ff 2e 01 15 49 d3 b6 00 b6  ...D20.....I....
 2a 46 4c 30 4d 30 4a 30 30                       *FL0M0J00
--
< 2025/01/07 22:03:46.793081  length=32 from=581 to=612
 4d 56 01 81 00 23 00 01 76 b0 8b 6e 92 e0 a3 03  MV...#..v..n....
 18 00 02 01 06 11 07 02 00 00 7a 17 00 00 80 00  ..........z.....
--
< 2025/01/07 22:03:46.816580  length=166 from=613 to=778
 10 00 00 00 98 00 00 02 0a                       .........
 00 01 81 00 43 00 01 f3 90 e2 fb b3 dc aa 07 38  ....C..........8
 00 02 01 06 1a ff 4c 00 02 15 00 00 99 99 00 00  ......L.........
 10 00 80 00 00 17 7a 00 00 02 aa aa bb bb ce 04  ......z.........
 08 44 31 36 14 ff 2e 01 15 49 d3 b6 00 b6 2a 46  .D16.....I....*F
 4c 30 4d 30 4a 30 30 56 59 01 81 00 23 00 01 ec  L0M0J00VY...#...
 1b 0b 68 4e f3 a0 03 18 00 02 01 06 11 07 02 00  ..hN............
 00 7a 17 00 00 80 00 10 00 00 00 98 00 00 02 0a  .z..............
 00 01 81 00 27 00 00 95 75 9f e5 fc 24 9d 03 1c  ....'...u...$...
 00 1b ff 75 00 42 04 01 80 60 24 fc e5 9f 75 95  ...u.B...`$...u.
 26 fc e5 9f 75 94 01 c5 00 00 00 00 00           &...u........
--
< 2025/01/07 22:03:46.848441  length=43 from=779 to=821
 01 81 00 26 00 01 d8 d4 15 0e 8a 79 b2 07 1b 00  ...&.......y....
 1a ff 4c 00 02 15 50 76 5c b7 d9 ea 4e 21 99 a4  ..L...Pv\...N!..
 fa 87 96 13 a4 92 13 4a 35 b2 ce                 .......J5..
--
< 2025/01/07 22:03:46.864484  length=64 from=822 to=885
 01 81 00 43 00 01 11 d3 ab 9c 0a                 ...C.......
 ff ab 07 38 00 02 01 06 1a ff 4c 00 02 15 00 00  ...8......L.....
 99 99 00 00 10 00 80 00 00 17 7a 00 00 02 aa aa  ..........z.....
 bb bb ce 04 08 44 32 31 14 ff 2e 01 15 49 d3 b6  .....D21.....I..
 00 b6 2a 46 4c                                   ..*FL
--
< 2025/01/07 22:03:46.867838  length=8 from=886 to=893
 30 4d 30 4a 30 30 37 30                          0M0J0070
--
< 2025/01/07 22:03:46.912512  length=32 from=894 to=925
 01 81 00 27 00 00 5c 00 01 da 95 c0 a5 03 1c 00  ...'..\.........
 02 01 06 0b 16 f6 ff 00 00 0f f1 ff 01 80 00 0c  ................
--
< 2025/01/07 22:03:46.915791  length=32 from=926 to=957
 09 4d 41 54 54 45 52 2d 33 38 34 30 01 81 00 3d  .MATTER-3840...=
 00 01 a5 66 69 18 96 d0 a7 07 32 00 02 01 06 11  ...fi.....2.....
--
< 2025/01/07 22:03:46.917434  length=32 from=958 to=989
 07 02 00 00 7a 17 00 00 80 00 10 00 00 00 98 00  ....z...........
 00 02 0a                                         ...
 00 04 08 44 32 33 14 ff 2e 01 15 49 d3           ...D23.....I.
--
< 2025/01/07 22:03:46.943724  length=142 from=990 to=1131
 b6 00 b6 2a 46 4c 30 4d 30 4a 30 30 37 37 01 81  ...*FL0M0J0077..
 00 27 00 01 10 58 75 4a c9 c0 a6 07 1c 00 02 01  .'...XuJ........
 06 03 03 03 18 05 ff 59 00 00 46 09 16 0a        .......Y..F...
 18 c0 c9 4a 75 58 10 04 09 6e 75 74 01 81 00 23  ...JuX...nut...#
 00 01 88 48 0f 5c 42 d6 a0 03 18 00 02 01 06 11  ...H.\B.........
 07 02 00 00 7a 17 00 00 80 00 10 00 00 00 98 00  ....z...........
 00 02 0a                                         ...
 00 01 81 00 27 00 01 14 2e 10 ab 8a de a6 07 1c  ....'...........
 00 02 01 06 03 03 03 18 05 ff 59 00 00 46 09 16  ..........Y..F..
 0a                                               .
 18 de 8a ab 10 2e 14 04 09 6e 75 74              .........nut
--
< 2025/01/07 22:03:47.022571  length=32 from=1132 to=1163
 01 81 00 2a 00 00 e1 c4 ee 38 c1 a4 b1 07 1f 00  ...*.....8......
 02 01 06 03 03 00 09 07 09 6e 75 74 61 6c 65 0f  .........nutale.
--
< 2025/01/07 22:03:47.024518  length=15 from=1164 to=1178
 16 00 09 a4 c1 38 ee c4 e1 16 01 00 01 01 00     .....8.........
--
< 2025/01/07 22:03:47.084577  length=96 from=1179 to=1274
 01 81 00 27 00 00 83 1f a0 e5 fc 24 a1 03 1c 00  ...'.......$....
 1b ff 75 00 42 04 01 80 60 24 fc e5 a0 1f 83 26  ..u.B...`$.....&
 fc e5 a0 1f 82 01 00 00 00 00 00 00 01 81 00 46  ...............F
 00 01 58 cf f5 ce 01 dc a3 07 3b 00 02 01 06 1a  ..X.......;.....
 ff 4c 00 02 15 00 00 99 99 00 00 10 00 80 00 00  .L..............
 17 7a 00 00 02 aa aa bb bb ce 07 08 44 31 31 4f  .z..........D11O
--
< 2025/01/07 22:03:47.089670  length=23 from=1275 to=1297
 55 54 14 ff 2e 01 15 49 d3 b6 00 b6 2a 46 4c 30  UT.....I....*FL0
 4d 30 4a 30 30 4e 47                             M0J00NG
--
< 2025/01/07 22:03:47.380471  length=32 from=1298 to=1329
 01 81 00 27 00 00 52 e7 5b 5a 5a 3f ac 07 1c 00  ...'..R.[ZZ?....
 02 01 06 03 03 03 18 05 ff d2 00 00 33 09 16 0a  ............3...
--
< 2025/01/07 22:03:47.382553  length=12 from=1330 to=1341
 18 3f 5a 5a 5b e7 52 04 09 6e 75 74              .?ZZ[.R..nut
--
< 2025/01/07 22:03:47.443425  length=37 from=1342 to=1378
 01 81 00 20 00 01 26 79 ba 05 87 4f ac 07 15 00  ... ..&y...O....
 02 01 02 11 07 fc 9d d0 b3 cb 84 e0 84 06 42 f3  ..............B.
 f7 e1 e0 bf cb                                   .....
--
< 2025/01/07 22:03:47.458519  length=32 from=1379 to=1410
 01 81 00 27 00 00 35 f2 9f e5 fc 24 a1 03 1c 00  ...'..5....$....
 1b ff 75 00 42 04 01 80 60 24 fc e5 9f f2 35 26  ..u.B...`$....5&
--
< 2025/01/07 22:03:47.461182  length=12 from=1411 to=1422
 fc e5 9f f2 34 01 00 00 00 00 00 00              ....4.......
--
< 2025/01/07 22:03:47.769468  length=100 from=1423 to=1522
 01 81 00 27 00 01 d9 ae 5e 92 63 2f 9e 03 1c 00  ...'....^.c/....
 02 01 02 18 16 f1 fc 04 10 b5 e3 09 25 1e 41 ac  ............%.A.
 e0 71 ac 20 82 36 3c bc 54 ec 5f 16 01 81 00 33  .q. .6<.T._....3
 00 00 e6 f2 59 e8 07 c0 db 07 28 00 02 01 04 0e  ....Y.....(.....
 09 54 65 73 74 65 72 5f 35 39 46 32 45 36 02 01  .Tester_59F2E6..
 04 0e 09 54 65 73 74 65 72 5f 35 39 46 32 45 36  ...Tester_59F2E6
 03 19 00 00                                      ....
--
< 2025/01/07 22:03:48.063469  length=32 from=1523 to=1554
 01 81 00 27 00 01 47 8d 79 d5 35 fa a9 03 1c 00  ...'..G.y.5.....
 02 01 06 03 03 03 18 05 ff 59 00 00 46 09 16 0a  .........Y..F...
--
< 2025/01/07 22:03:48.065370  length=12 from=1555 to=1566
 18 fa 35 d5 79 8d 47 04 09 6e 75 74              ..5.y.G..nut
--
< 2025/01/07 22:03:48.109473  length=44 from=1567 to=1610
 01 81 00 27 00 01 5c f0 72 d3 bd ed a9 07 1c 00  ...'..\.r.......
 02 01 06 03 03 03 18 05 ff 59 00 00 46 09 16 0a  .........Y..F...
 18 ed bd d3 72 f0 5c 04 09 6e 75 74              ....r.\..nut
--
< 2025/01/07 22:03:48.218485  length=44 from=1611 to=1654
 01 81 00 27 00 00 40 2b 69 5a 7a 3b ac 03 1c 00  ...'..@+iZz;....
 02 01 06 03 03 03 18 05 ff d2 00 00 33 09 16 0a  ............3...
 18 3b 7a 5a 69 2b 40 04 09 6e 75 74              .;zZi+@..nut
--
< 2025/01/07 22:03:48.826591  length=88 from=1655 to=1742
 01 81 00 27 00 00 bd 1d 69 5a 31 41 a1 03 1c 00  ...'....iZ1A....
 02 01 06 03 03 03 18 05 ff d2 00 00 33 09 16 0a  ............3...
 18 41 31 5a 69 1d bd 04 09 6e 75 74 01 81 00 27  .A1Zi....nut...'
 00 01 01 e8 06 92 87 d6 b2 07 1c 00 02 01 06 03  ................
 03 03 18 05 ff 59 00 00 46 09 16 0a              .....Y..F...
 18 d6 87 92 06 e8 01 04 09 6e 75 74              .........nut
--
< 2025/01/07 22:03:49.078556  length=32 from=1743 to=1774
 01 81 00 2a 00 01 c8 b0 f9 4a e9 ec a8 07 1f 00  ...*.....J......
 1e ff 4c 00 12 19 6a 85 bc 74 10 0f fe 8a d5 f4  ..L...j..t......
--
< 2025/01/07 22:03:49.080562  length=15 from=1775 to=1789
 1f 7a 48 b3 b4 f0 73 25 9c 6b 3e 2b 3b 03 da     .zH...s%.k>+;..
--
< 2025/01/07 22:03:49.248534  length=44 from=1790 to=1833
 01 81 00 27 00 00 4f 2d 69 5a d2 10 a7 07 1c 00  ...'..O-iZ......
 02 01 06 03 03 03 18 05 ff d2 00 00 33 09 16 0a  ............3...
 18 10 d2 5a 69 2d 4f 04 09 6e 75 74              ...Zi-O..nut
--
< 2025/01/07 22:03:49.310653  length=44 from=1834 to=1877
 01 81 00 27 00 01 92 65 3a 4c ee f7 be 07 1c 00  ...'...e:L......
 02 01 06 03 03 03 18 05 ff 59 00 00 46 09 16 0a  .........Y..F...
 18 f7 ee 4c 3a 65 92 04 09 6e 75 74              ...L:e...nut
--
< 2025/01/07 22:03:49.313243  length=32 from=1878 to=1909
 01 81 00 27 00 00 4e 2d 69 5a 86 37 a2 07 1c 00  ...'..N-iZ.7....
 02 01 06 03 03 03 18 05 ff d2 00 00 33 09 16 0a  ............3...
--
< 2025/01/07 22:03:49.314971  length=12 from=1910 to=1921
 18 37 86 5a 69 2d 4e 04 09 6e 75 74              .7.Zi-N..nut
--
< 2025/01/07 22:03:49.781188  length=44 from=1922 to=1965
 01 81 00 27 00 00 93 7d 81 36 f9 0e a7 07 1c 00  ...'...}.6......
 02 01 06 03 03 03 18 05 ff d2 00 00 33 09 16 0a  ............3...
 18 0e f9 36 81 7d 93 04 09 6e 75 74              ...6.}...nut
--
< 2025/01/07 22:03:49.971382  length=32 from=1966 to=1997
 01 81 00 27 00 00 2b 29 69 5a 43 20 a4 07 1c 00  ...'..+)iZC ....
 02 01 06 03 03 03 18 05 ff d2 00 00 33 09 16 0a  ............3...
--
< 2025/01/07 22:03:49.973280  length=12 from=1998 to=2009
 18 20 43 5a 69 29 2b 04 09 6e 75 74              . CZi)+..nut
--
< 2025/01/07 22:03:51.344933  length=44 from=2010 to=2053
 01 81 00 27 00 00 ec 05 7a 36 cb 06 a4 03 1c 00  ...'....z6......
 02 01 06 03 03 03 18 05 ff d2 00 00 33 09 16 0a  ............3...
 18 06 cb 36 7a 05 ec 04 09 6e 75 74              ...6z....nut
--
< 2025/01/07 22:03:51.421403  length=66 from=2054 to=2119
 01 81 00 3d 00 01 11 45 b1 8a 55 d7 a4 07 32 00  ...=...E..U...2.
 02 01 06 11 07 02 00 00 7a 17 00 00 80 00 10 00  ........z.......
 00 00 98 00 00 02 0a                             .......
 00 04 08 44 32 32 14 ff 2e 01 15 49 d3 b6 00 b6  ...D22.....I....
 2a 46 4c 30 4d 30 4a 30 30 56 4e                 *FL0M0J00VN
--
< 2025/01/07 22:03:51.609286  length=69 from=2120 to=2188
 01 81 00 40 00 01 5f 90 d5 b2 96 ff aa 07 35 00  ...@.._.......5.
 02 01 06 11 07 02 00 00 7a 17 00 00 80 00 10 00  ........z.......
 00 00 98 00 00 02 0a                             .......
 00 07 08 44 31 35 4f 55 54 14 ff 2e 01 15 49 d3  ...D15OUT.....I.
 b6 00 b6 2a 46 4c 30 4d 30 4a 30 30 36 47        ...*FL0M0J006G
--
< 2025/01/07 22:03:51.950363  length=32 from=2189 to=2220
 01 81 00 43 00 01 1d 1e 8b 0a                    ...C......
 2e d2 a4 07 38 00 02 01 06 1a ff 4c 00 02 15 00  ....8......L....
 00 99 99 00 00 10                                ......
--
< 2025/01/07 22:03:51.966302  length=40 from=2221 to=2260
 00 80 00 00 17 7a 00 00 02 aa aa bb bb ce 04 08  .....z..........
 44 32 30 14 ff 2e 01 15 49 d3 b6 00 b6 2a 46 4c  D20.....I....*FL
 30 4d 30 4a 30 30 4d 56                          0M0J00MV
--
< 2025/01/07 22:03:52.140356  length=110 from=2261 to=2370
 01 81 00 27 00 00 60 11 69 5a 94 28 a4 07 1c 00  ...'..`.iZ.(....
 02 01 06 03 03 03 18 05 ff d2 00 00 33 09 16 0a  ............3...
 18 28 94 5a 69 11 60 04 09 6e 75 74 01 81 00 3d  .(.Zi.`..nut...=
 00 01 f3 90 e2 fb b3 dc a6 07 32 00 02 01 06 11  ..........2.....
 07 02 00 00 7a 17 00 00 80 00 10 00 00 00 98 00  ....z...........
 00 02 0a                                         ...
 00 04 08 44 31 36 14 ff 2e 01 15 49 d3 b6 00 b6  ...D16.....I....
 2a 46 4c 30 4d 30 4a 30 30 56 59                 *FL0M0J00VY
--
< 2025/01/07 22:03:52.249261  length=46 from=2371 to=2416
 01 81 00 29 00 01 ec 1b 0b 68 4e f3 a0 03 1e 00  ...).....hN.....
 02 01 06 1a ff 4c 00 02 15 00 00 99 99 00 00 10  .....L..........
 00 80 00 00 17 7a 00 00 02 aa aa bb bb ce        .....z........
--
< 2025/01/07 22:03:52.374879  length=84 from=2417 to=2500
 01 81 00 23 00 01 76 b0 8b 6e 92 e0 a7 03 18 00  ...#..v..n......
 02 01 06 11 07 02 00 00 7a 17 00 00 80 00 10 00  ........z.......
 00 00 98 00 00 02 0a                             .......
 00 01 81 00 27 00 00 95 75 9f e5 fc 24 9e 03 1c  ....'...u...$...
 00 1b ff 75 00 42 04 01 80 60 24 fc e5 9f 75 95  ...u.B...`$...u.
 26 fc e5 9f 75 94 01 c5 00 00 00 00 00           &...u........
--
< 2025/01/07 22:03:52.498328  length=43 from=2501 to=2543
 01 81 00 26 00 01 d8 d4 15 0e 8a 79 ac 07 1b 00  ...&.......y....
 1a ff 4c 00 02 15 50 76 5c b7 d9 ea 4e 21 99 a4  ..L...Pv\...N!..
 fa 87 96 13 a4 92 13 4a 35 b2 ce                 .......J5..
--
< 2025/01/07 22:03:52.560275  length=66 from=2544 to=2609
 01 81 00 3d 00 01 11 d3 ab 9c 0a                 ...=.......
 ff a0 07 32 00 02 01 06 11 07 02 00 00 7a 17 00  ...2.........z..
 00 80 00 10 00 00 00 98 00 00 02 0a              ............
 00 04 08 44 32 31 14 ff 2e 01 15 49 d3 b6 00 b6  ...D21.....I....
 2a 46 4c 30 4d 30 4a 30 30 37 30                 *FL0M0J0070
--
< 2025/01/07 22:03:52.621848  length=44 from=2610 to=2653
 01 81 00 27 00 00 79 23 69 5a ba 66 ad 07 1c 00  ...'..y#iZ.f....
 02 01 06 03 03 03 18 05 ff d2 00 00 33 09 16 0a  ............3...
 18 66 ba 5a 69 23 79 04 09 6e 75 74              .f.Zi#y..nut
--
< 2025/01/07 22:03:52.668970  length=32 from=2654 to=2685
 01 81 00 3d 00 01 a5 66 69 18 96 d0 a8 07 32 00  ...=...fi.....2.
 02 01 06 11 07 02 00 00 7a 17 00 00 80 00 10 00  ........z.......
--
< 2025/01/07 22:03:52.670697  length=34 from=2686 to=2719
 00 00 98 00 00 02 0a                             .......
 00 04 08 44 32 33 14 ff 2e 01 15 49 d3 b6 00 b6  ...D23.....I....
 2a 46 4c 30 4d 30 4a 30 30 37 37                 *FL0M0J0077
--
< 2025/01/07 22:03:52.858522  length=112 from=2720 to=2831
 01 81 00 27 00 00 5c 00 01 da 95 c0 a4 03 1c 00  ...'..\.........
 02 01 06 0b 16 f6 ff 00 00 0f f1 ff 01 80 00 0c  ................
 09 4d 41 54 54 45 52 2d 33 38 34 30 01 81 00 3f  .MATTER-3840...?
 00 01 2a 5a 53 4c cf e7 a1 07 34 00 02 01 06 11  ..*ZSL....4.....
 07 02 00 00 7a 17 00 00 80 00 10 00 00 00 98 00  ....z...........
 00 02 0a                                         ...
 00 06 08 44 31 35 49 4e 14 ff 2e 01 15 49 d3 b6  ...D15IN.....I..
 00 b6 2a 46 4c 30 4d 30 4a 30 32 54 50           ..*FL0M0J02TP
--
< 2025/01/07 22:03:53.044304  length=44 from=2832 to=2875
 01 81 00 27 00 00 be f4 68 36 29 70 a6 03 1c 00  ...'....h6)p....
 02 01 06 03 03 03 18 05 ff d2 00 00 33 09 16 0a  ............3...
 18 70 29 36 68 f4 be 04 09 6e 75 74              .p)6h....nut
--
< 2025/01/07 22:03:53.092100  length=64 from=2876 to=2939
 01 81 00 3d 00 01 88 48 0f 5c 42 d6 a0 07 32 00  ...=...H.\B...2.
 02 01 06 11 07 02 00 00 7a 17 00 00 80 00 10 00  ........z.......
 00 00 98 00 00 02 0a                             .......
 00 04 08 44 31 32 14 ff 2e 01 15 49 d3 b6 00 b6  ...D12.....I....
 2a 46 4c 30 4d 30 4a 30 30                       *FL0M0J00
--
< 2025/01/07 22:03:53.096600  length=2 from=2940 to=2941
 36 4d                                            6M
--
< 2025/01/07 22:03:53.436192  length=32 from=2942 to=2973
 01 81 00 27 00 01 5c 5f 34 a4 d5 cc aa 07 1c 00  ...'..\_4.......
 02 01 06 03 03 03 18 05 ff 59 00 00 46 09 16 0a  .........Y..F...
--
< 2025/01/07 22:03:53.438061  length=12 from=2974 to=2985
 18 cc d5 a4 34 5f 5c 04 09 6e 75 74              ....4_\..nut
--
< 2025/01/07 22:03:53.451563  length=47 from=2986 to=3032
 01 81 00 2a 00 00 e1 c4 ee 38 c1 a4 a3 07 1f 00  ...*.....8......
 02 01 06 03 03 00 09 07 09 6e 75 74 61 6c 65 0f  .........nutale.
 16 00 09 a4 c1 38 ee c4 e1 16 01 00 01 01 00     .....8.........
--
< 2025/01/07 22:03:53.591006  length=44 from=3033 to=3076
 01 81 00 27 00 00 83 1f a0 e5 fc 24 a0 03 1c 00  ...'.......$....
 1b ff 75 00 42 04 01 80 60 24 fc e5 a0 1f 83 26  ..u.B...`$.....&
 fc e5 a0 1f 82 01 00 00 00 00 00 00              ............
--
< 2025/01/07 22:03:54.105690  length=84 from=3077 to=3160
 01 81 00 23 00 01 58 cf f5 ce 01 dc a3 03 18 00  ...#..X.........
 02 01 06 11 07 02 00 00 7a 17 00 00 80 00 10 00  ........z.......
 00 00 98 00 00 02 0a                             .......
 00 01 81 00 27 00 01 0d 7a 9f fd 59 e9 aa 07 1c  ....'...z..Y....
 00 02 01 06 03 03 03 18 05 ff 59 00 00 46 09 16  ..........Y..F..
 0a                                               .
 18 e9 59 fd 9f 7a 0d 04 09 6e 75 74              ..Y..z...nut
--
< 2025/01/07 22:03:54.277377  length=81 from=3161 to=3241
 01 81 00 27 00 00 52 e7 5b 5a 5a 3f ac 03 1c 00  ...'..R.[ZZ?....
 02 01 06 03 03 03 18 05 ff d2 00 00 33 09 16 0a  ............3...
 18 3f 5a 5a 5b e7 52 04 09 6e 75 74 01 81 00 20  .?ZZ[.R..nut... 
 00 01 26 79 ba 05 87 4f ac 07 15 00 02 01 02 11  ..&y...O........
 07 fc 9d d0 b3 cb 84 e0 84 06 42 f3 f7 e1 e0 bf  ..........B.....
 cb                                               .
--
< 2025/01/07 22:03:54.402483  length=56 from=3242 to=3297
 01 81 00 33 00 00 e6 f2 59 e8 07 c0 db 07 28 00  ...3....Y.....(.
 02 01 04 0e 09 54 65 73 74 65 72 5f 35 39 46 32  .....Tester_59F2
 45 36 02 01 04 0e 09 54 65 73 74 65 72 5f 35 39  E6.....Tester_59
 46 32 45 36 03 19 00 00                          F2E6....
--
< 2025/01/07 22:03:54.855743  length=44 from=3298 to=3341
 01 81 00 27 00 00 35 f2 9f e5 fc 24 a0 03 1c 00  ...'..5....$....
 1b ff 75 00 42 04 01 80 60 24 fc e5 9f f2 35 26  ..u.B...`$....5&
 fc e5 9f f2 34 01 00 00 00 00 00 00              ....4.......
--
< 2025/01/07 22:03:55.196210  length=44 from=3342 to=3385
 01 81 00 27 00 01 8b 52 ce ae a5 d0 af 07 1c 00  ...'...R........
 02 01 06 03 03 03 18 05 ff 59 00 00 46 09 16 0a  .........Y..F...
 18 d0 a5 ae ce 52 8b 04 09 6e 75 74              .....R...nut
--
< 2025/01/07 22:03:55.664328  length=44 from=3386 to=3429
 01 81 00 27 00 01 7d b1 da 79 b5 fd ab 07 1c 00  ...'..}..y......
 02 01 06 03 03 03 18 05 ff 59 00 00 46 09 16 0a  .........Y..F...
 18 fd b5 79 da b1 7d 04 09 6e 75 74              ...y..}..nut
--
< 2025/01/07 22:03:56.100574  length=88 from=3430 to=3517
 01 81 00 27 00 01 14 2e 10 ab 8a de 9c 03 1c 00  ...'............
 02 01 06 03 03 03 18 05 ff 59 00 00 46 09 16 0a  .........Y..F...
 18 de 8a ab 10 2e 14 04 09 6e 75 74 01 81 00 27  .........nut...'
 00 00 4f 2d 69 5a d2 10 a7 07 1c 00 02 01 06 03  ..O-iZ..........
 03 03 18 05 ff d2 00 00 33 09 16 0a              ........3...
 18 10 d2 5a 69 2d 4f 04 09 6e 75 74              ...Zi-O..nut
--
< 2025/01/07 22:03:56.146636  length=44 from=3518 to=3561
 01 81 00 27 00 01 63 cf 67 22 fa d2 a2 07 1c 00  ...'..c.g"......
 02 01 06 03 03 03 18 05 ff 59 00 00 46 09 16 0a  .........Y..F...
 18 d2 fa 22 67 cf 63 04 09 6e 75 74              ..."g.c..nut
--
< 2025/01/07 22:03:56.194163  length=32 from=3562 to=3593
 01 81 00 27 00 00 82 1b 69 5a cf 1e a9 07 1c 00  ...'....iZ......
 02 01 06 03 03 03 18 05 ff d2 00 00 33 09 16 0a  ............3...
--
< 2025/01/07 22:03:56.195889  length=12 from=3594 to=3605
 18 1e cf 5a 69 1b 82 04 09 6e 75 74              ...Zi....nut
--
< 2025/01/07 22:03:56.334340  length=76 from=3606 to=3681
 01 81 00 27 00 01 d9 ae 5e 92 63 2f 9d 03 1c 00  ...'....^.c/....
 02 01 02 18 16 f1 fc 04 10 b5 e3 09 25 1e 41 ac  ............%.A.
 e0 71 ac 20 82 36 3c bc 54 ec 5f 16 01 81 00 27  .q. .6<.T._....'
 00 00 40 2b 69 5a 7a 3b a1 03 1c 00 02 01 06 03  ..@+iZz;........
 03 03 18 05 ff d2 00 00 33 09 16 0a              ........3...
--
< 2025/01/07 22:03:56.337839  length=32 from=3682 to=3713
 18 3b 7a 5a 69 2b 40 04 09 6e 75 74 01 81 00 27  .;zZi+@..nut...'
 00 01 01 e8 06 92 87 d6 ae 07 1c 00 02 01 06 03  ................
--
< 2025/01/07 22:03:56.350229  length=24 from=3714 to=3737
 03 03 18 05 ff 59 00 00 46 09 16 0a              .....Y..F...
 18 d6 87 92 06 e8 01 04 09 6e 75 74              .........nut
--
< 2025/01/07 22:03:56.820230  length=76 from=3738 to=3813
 01 81 00 27 00 00 93 7d 81 36 f9 0e a7 03 1c 00  ...'...}.6......
 02 01 06 03 03 03 18 05 ff d2 00 00 33 09 16 0a  ............3...
 18 0e f9 36 81 7d 93 04 09 6e 75 74 01 81 00 27  ...6.}...nut...'
 00 00 bd 1d 69 5a 31 41 ac 03 1c 00 02 01 06 03  ....iZ1A........
 03 03 18 05 ff d2 00 00 33 09 16 0a              ........3...
--
< 2025/01/07 22:03:56.824032  length=32 from=3814 to=3845
 18 41 31 5a 69 1d bd 04 09 6e 75 74 01 81 00 27  .A1Zi....nut...'
 00 01 92 65 3a 4c ee f7 c3 07 1c 00 02 01 06 03  ...e:L..........
--
< 2025/01/07 22:03:56.825708  length=24 from=3846 to=3869
 03 03 18 05 ff 59 00 00 46 09 16 0a              .....Y..F...
 18 f7 ee 4c 3a 65 92 04 09 6e 75 74              ...L:e...nut
--
< 2025/01/07 22:03:56.896806  length=66 from=3870 to=3935
 01 81 00 3d 00 01 11 45 b1 8a 55 d7 ad 07 32 00  ...=...E..U...2.
 02 01 06 11 07 02 00 00 7a 17 00 00 80 00 10 00  ........z.......
 00 00 98 00 00 02 0a                             .......
 00 04 08 44 32 32 14 ff 2e 01 15 49 d3 b6 00 b6  ...D22.....I....
 2a 46 4c 30 4d 30 4a 30 30 56 4e                 *FL0M0J00VN
--
< 2025/01/07 22:03:56.989882  length=72 from=3936 to=4007
 01 81 00 43 00 01 1d 1e 8b 0a                    ...C......
 2e d2 a4 07 38 00 02 01 06 1a ff 4c 00 02 15 00  ....8......L....
 00 99 99 00 00 10 00 80 00 00 17 7a 00 00 02 aa  ...........z....
 aa bb bb ce 04 08 44 32 30 14 ff 2e 01 15 49 d3  ......D20.....I.
 b6 00 b6 2a 46 4c 30 4d 30 4a 30 30 4d 56        ...*FL0M0J00MV
--
< 2025/01/07 22:03:57.176445  length=32 from=4008 to=4039
 01 81 00 27 00 01 47 8d 79 d5 35 fa a5 03 1c 00  ...'..G.y.5.....
 02 01 06 03 03 03 18 05 ff 59 00 00 46 09 16 0a  .........Y..F...
--
< 2025/01/07 22:03:57.191910  length=119 from=4040 to=4158
 18 fa 35 d5 79 8d 47 04 09 6e 75 74 01 81 00 46  ..5.y.G..nut...F
 00 01 5f 90 d5 b2 96 ff ab 07 3b 00 02 01 06 1a  .._.......;.....
 ff 4c 00 02 15 00 00 99 99 00 00 10 00 80 00 00  .L..............
 17 7a 00 00 02 aa aa bb bb ce 07 08 44 31 35 4f  .z..........D15O
 55 54 14 ff 2e 01 15 49 d3 b6 00 b6 2a 46 4c 30  UT.....I....*FL0
 4d 30 4a 30 30 36 47 01 81 00 43 00 01 f3 90 e2  M0J006G...C.....
 fb b3 dc a6 07 38 00 02 01 06 1a ff 4c 00 02 15  .....8......L...
 00 00 99 99 00 00 10                             .......
--
< 2025/01/07 22:03:57.197081  length=40 from=4159 to=4198
 00 80 00 00 17 7a 00 00 02 aa aa bb bb ce 04 08  .....z..........
 44 31 36 14 ff 2e 01 15 49 d3 b6 00 b6 2a 46 4c  D16.....I....*FL
 30 4d 30 4a 30 30 56 59                          0M0J00VY
--
< 2025/01/07 22:03:57.237733  length=64 from=4199 to=4262
 01 81 00 3d 00 01 ec 1b 0b 68 4e f3 a1 07 32 00  ...=.....hN...2.
 02 01 06 11 07 02 00 00 7a 17 00 00 80 00 10 00  ........z.......
 00 00 98 00 00 02 0a                             .......
 00 04 08 44 32 35 14 ff 2e 01 15 49 d3 b6 00 b6  ...D25.....I....
 2a 46 4c 30 4d 30 4a 30 30                       *FL0M0J00
--
< 2025/01/07 22:03:57.241379  length=2 from=4263 to=4264
 4e 36                                            N6
--
< 2025/01/07 22:03:57.299689  length=89 from=4265 to=4353
 01 81 00 29 00 01 76 b0 8b 6e 92 e0 a7 03 1e 00  ...)..v..n......
 02 01 06 1a ff 4c 00 02 15 00 00 99 99 00 00 10  .....L..........
 00 80 00 00 17 7a 00 00 02 aa aa bb bb ce 01 81  .....z..........
 00 26 00 01 d8 d4 15 0e 8a 79 b2 07 1b 00 1a ff  .&.......y......
 4c 00 02 15 50 76 5c b7 d9 ea 4e 21 99 a4 fa 87  L...Pv\...N!....
 96 13 a4 92 13 4a 35 b2 ce                       .....J5..
--
< 2025/01/07 22:03:57.454845  length=64 from=4354 to=4417
 01 81 00 3d 00 01 11 d3 ab 9c 0a                 ...=.......
 ff ac 07 32 00 02 01 06 11 07 02 00 00 7a 17 00  ...2.........z..
 00 80 00 10 00 00 00 98 00 00 02 0a              ............
 00 04 08 44 32 31 14 ff 2e 01 15 49 d3 b6 00 b6  ...D21.....I....
 2a 46 4c 30 4d 30 4a 30 30                       *FL0M0J00
--
< 2025/01/07 22:03:57.458307  length=2 from=4418 to=4419
 37 30                                            70
--
< 2025/01/07 22:03:57.470997  length=32 from=4420 to=4451
 01 81 00 27 00 00 95 75 9f e5 fc 24 a8 03 1c 00  ...'...u...$....
 1b ff 75 00 42 04 01 80 60 24 fc e5 9f 75 95 26  ..u.B...`$...u.&
--
< 2025/01/07 22:03:57.472634  length=12 from=4452 to=4463
 fc e5 9f 75 94 01 c5 00 00 00 00 00              ...u........
--
< 2025/01/07 22:03:57.611955  length=66 from=4464 to=4529
 01 81 00 3d 00 01 a5 66 69 18 96 d0 a8 07 32 00  ...=...fi.....2.
 02 01 06 11 07 02 00 00 7a 17 00 00 80 00 10 00  ........z.......
 00 00 98 00 00 02 0a                             .......
 00 04 08 44 32 33 14 ff 2e 01 15 49 d3 b6 00 b6  ...D23.....I....
 2a 46 4c 30 4d 30 4a 30 30 37 37                 *FL0M0J0077
--
< 2025/01/07 22:03:57.719977  length=64 from=4530 to=4593
 01 81 00 3f 00 01 2a 5a 53 4c cf e7 a1 07 34 00  ...?..*ZSL....4.
 02 01 06 11 07 02 00 00 7a 17 00 00 80 00 10 00  ........z.......
 00 00 98 00 00 02 0a                             .......
 00 06 08 44 31 35 49 4e 14 ff 2e 01 15 49 d3 b6  ...D15IN.....I..
 00 b6 2a 46 4c 30 4d 30 4a                       ..*FL0M0J
--
< 2025/01/07 22:03:57.723315  length=4 from=4594 to=4597
 30 32 54 50                                      02TP
--
< 2025/01/07 22:03:57.892240  length=32 from=4598 to=4629
 01 81 00 43 00 00 5c 00 01 da 95 c0 a6 07 38 00  ...C..\.......8.
 02 01 06 0b 16 f6 ff 00 00 0f f1 ff 01 80 00 0c  ................
--
< 2025/01/07 22:03:57.907901  length=40 from=4630 to=4669
 09 4d 41 54 54 45 52 2d 33 38 34 30 02 01 06 0b  .MATTER-3840....
 16 f6 ff 00 00 0f f1 ff 01 80 00 0c 09 4d 41 54  .............MAT
 54 45 52 2d 33 38 34 30                          TER-3840
--
< 2025/01/07 22:03:58.095172  length=72 from=4670 to=4741
 01 81 00 43 00 01 88 48 0f 5c 42 d6 a1 07 38 00  ...C...H.\B...8.
 02 01 06 1a ff 4c 00 02 15 00 00 99 99 00 00 10  .....L..........
 00 80 00 00 17 7a 00 00 02 aa aa bb bb ce 04 08  .....z..........
 44 31 32 14 ff 2e 01 15 49 d3 b6 00 b6 2a 46 4c  D12.....I....*FL
 30 4d 30 4a 30 30 36 4d                          0M0J006M
--
> 2025/01/07 22:03:58.749167  length=5 from=131 to=135
 01 0d 00 00 00                                   .....
--
< 2025/01/07 22:03:58.764198  length=5 from=4742 to=4746
 01 0d 00 00 00                                   .....
--
< 2025/01/07 22:04:02.679652  length=5 from=4747 to=4751
 00 80 ff 00 00                                   .....
--
