2025-11-28 19:37:30,483 LT1-thread root DEBUG client.py                 82    logger_log                : Starting TestCase _run_test_case AVRCP AVRCP/TG/CON/BV-04-C
2025-11-28 19:37:30,484 LT1-thread root DEBUG client.py                 82    logger_log                : pre_run AVRCP AVRCP/TG/CON/BV-04-C
2025-11-28 19:37:30,484 LT1-thread root DEBUG client.py                 82    logger_log                : About to run test case AVRCP AVRCP/TG/CON/BV-04-C with commands:
2025-11-28 19:37:30,484 LT1-thread root DEBUG client.py                 82    logger_log                : 0) class=<class 'autopts.ptsprojects.testcase.TestFunc'>, func=<bound method Stack.core_init of <autopts.ptsprojects.stack.stack.Stack object at 0x000002302CC8FEF0>> start_wid=None stop_wid=None post_wid=None skip_call=None call_count=0 args=() kwds={}
2025-11-28 19:37:30,484 LT1-thread root DEBUG client.py                 82    logger_log                : 1) class=<class 'autopts.ptsprojects.testcase.TestFunc'>, func=<bound method IutCtl.start of <autopts.ptsprojects.zephyr.iutctl.ZephyrCtl object at 0x000002302BB1D190>> start_wid=None stop_wid=None post_wid=None skip_call=None call_count=0 args=(<autopts.ptsprojects.zephyr.ztestcase.ZTestCase object at 0x000002302D28ADE0>,) kwds={}
2025-11-28 19:37:30,485 LT1-thread root DEBUG client.py                 82    logger_log                : 2) class=<class 'autopts.ptsprojects.testcase.TestFunc'>, func=<bound method IutCtl.wait_iut_ready_event of <autopts.ptsprojects.zephyr.iutctl.ZephyrCtl object at 0x000002302BB1D190>> start_wid=None stop_wid=None post_wid=None skip_call=None call_count=0 args=(False,) kwds={}
2025-11-28 19:37:30,485 LT1-thread root DEBUG client.py                 82    logger_log                : 3) class=<class 'autopts.ptsprojects.testcase.TestFunc'>, func=<function core_reg_svc_gap at 0x0000023029C40040> start_wid=None stop_wid=None post_wid=None skip_call=None call_count=136 args=() kwds={}
2025-11-28 19:37:30,485 LT1-thread root DEBUG client.py                 82    logger_log                : 4) class=<class 'autopts.ptsprojects.testcase.TestFunc'>, func=<bound method Stack.gap_init of <autopts.ptsprojects.stack.stack.Stack object at 0x000002302CC8FEF0>> start_wid=None stop_wid=None post_wid=None skip_call=None call_count=135 args=(b'Tester_08E44E',) kwds={}
2025-11-28 19:37:30,485 LT1-thread root DEBUG client.py                 82    logger_log                : 5) class=<class 'autopts.ptsprojects.testcase.TestFunc'>, func=<function gap_read_ctrl_info at 0x0000023029C822A0> start_wid=None stop_wid=None post_wid=None skip_call=None call_count=135 args=() kwds={}
2025-11-28 19:37:30,485 LT1-thread root DEBUG client.py                 82    logger_log                : 6) class=<class 'autopts.ptsprojects.testcase.TestFunc'>, func=<function test_cases.<locals>.<lambda> at 0x000002302D1A58A0> start_wid=None stop_wid=None post_wid=None skip_call=None call_count=135 args=() kwds={}
2025-11-28 19:37:30,485 LT1-thread root DEBUG client.py                 82    logger_log                : 7) class=<class 'autopts.ptsprojects.testcase.TestFunc'>, func=<function set_pts_addr at 0x0000023029C3BBA0> start_wid=None stop_wid=None post_wid=None skip_call=None call_count=135 args=('00:1B:DC:08:E4:4E', 0) kwds={}
2025-11-28 19:37:30,485 LT1-thread root DEBUG client.py                 82    logger_log                : 8) class=<class 'autopts.ptsprojects.testcase.TestFunc'>, func=<function core_reg_svc_avrcp at 0x0000023029C416C0> start_wid=None stop_wid=None post_wid=None skip_call=None call_count=135 args=() kwds={}
2025-11-28 19:37:30,485 LT1-thread root DEBUG client.py                 82    logger_log                : 9) class=<class 'autopts.ptsprojects.testcase.TestFunc'>, func=<bound method Stack.avrcp_init of <autopts.ptsprojects.stack.stack.Stack object at 0x000002302CC8FEF0>> start_wid=None stop_wid=None post_wid=None skip_call=None call_count=135 args=() kwds={}
2025-11-28 19:37:30,485 LT1-thread root DEBUG client.py                 82    logger_log                : 10) class=<class 'autopts.ptsprojects.testcase.TestFuncCleanUp'>, func=<bound method Stack.cleanup of <autopts.ptsprojects.stack.stack.Stack object at 0x000002302CC8FEF0>> start_wid=None stop_wid=None post_wid=None skip_call=None call_count=0 args=() kwds={}
2025-11-28 19:37:30,485 LT1-thread root DEBUG client.py                 82    logger_log                : 11) class=<class 'autopts.ptsprojects.testcase.TestFuncCleanUp'>, func=<bound method ZephyrCtl.stop of <autopts.ptsprojects.zephyr.iutctl.ZephyrCtl object at 0x000002302BB1D190>> start_wid=None stop_wid=None post_wid=None skip_call=None call_count=0 args=() kwds={}
2025-11-28 19:37:30,486 LT1-thread root DEBUG client.py                 82    logger_log                : pre_run, run pre test case script
2025-11-28 19:37:30,496 LT1-thread root DEBUG client.py                 82    logger_log                : Starting test function: class=<class 'autopts.ptsprojects.testcase.TestFunc'>, func=<bound method Stack.core_init of <autopts.ptsprojects.stack.stack.Stack object at 0x000002302CC8FEF0>> start_wid=None stop_wid=None post_wid=None skip_call=None call_count=1 args=() kwds={}
2025-11-28 19:37:30,496 LT1-thread root DEBUG client.py                 82    logger_log                : Test function parameters: args=(), kwds={}
2025-11-28 19:37:30,496 LT1-thread root DEBUG client.py                 82    logger_log                : Starting test function: class=<class 'autopts.ptsprojects.testcase.TestFunc'>, func=<bound method IutCtl.start of <autopts.ptsprojects.zephyr.iutctl.ZephyrCtl object at 0x000002302BB1D190>> start_wid=None stop_wid=None post_wid=None skip_call=None call_count=1 args=(<autopts.ptsprojects.zephyr.ztestcase.ZTestCase object at 0x000002302D28ADE0>,) kwds={}
2025-11-28 19:37:30,496 LT1-thread root DEBUG client.py                 82    logger_log                : Test function parameters: args=(<autopts.ptsprojects.zephyr.ztestcase.ZTestCase object at 0x000002302D28ADE0>,), kwds={}
2025-11-28 19:37:30,496 LT1-thread root DEBUG client.py                 82    logger_log                : <class 'autopts.ptsprojects.zephyr.iutctl.ZephyrCtl'>.start
2025-11-28 19:37:30,496 LT1-thread root DEBUG client.py                 82    logger_log                : <class 'autopts.ptsprojects.zephyr.iutctl.ZephyrCtl'>.flush_serial
2025-11-28 19:37:31,716 LT1-thread root DEBUG client.py                 82    logger_log                : Starting socat process: socat.exe -x -v tcp:10.17.12.9:52208,retry=100,interval=1 /dev/ttyS2,raw,b115200,
2025-11-28 19:37:31,727 LT1-thread root DEBUG client.py                 82    logger_log                : accept
2025-11-28 19:37:31,822 BTPWorkerThread-3485 (_rx_task) root DEBUG client.py                 82    logger_log                : BTPWorkerThread-3485 (_rx_task) started
2025-11-28 19:37:31,822 LT1-thread root DEBUG client.py                 82    logger_log                : Starting test function: class=<class 'autopts.ptsprojects.testcase.TestFunc'>, func=<bound method IutCtl.wait_iut_ready_event of <autopts.ptsprojects.zephyr.iutctl.ZephyrCtl object at 0x000002302BB1D190>> start_wid=None stop_wid=None post_wid=None skip_call=None call_count=1 args=(False,) kwds={}
2025-11-28 19:37:31,822 LT1-thread root DEBUG client.py                 82    logger_log                : Test function parameters: args=(False,), kwds={}
2025-11-28 19:37:31,823 LT1-thread root DEBUG client.py                 82    logger_log                : IUT ready event received OK
2025-11-28 19:37:31,823 LT1-thread root DEBUG client.py                 82    logger_log                : Starting test function: class=<class 'autopts.ptsprojects.testcase.TestFunc'>, func=<function core_reg_svc_gap at 0x0000023029C40040> start_wid=None stop_wid=None post_wid=None skip_call=None call_count=137 args=() kwds={}
2025-11-28 19:37:31,824 LT1-thread root DEBUG client.py                 82    logger_log                : Test function parameters: args=(), kwds={}
2025-11-28 19:37:31,824 LT1-thread root DEBUG client.py                 82    logger_log                : core_reg_svc_univ: gap_reg (GAP)
2025-11-28 19:37:31,824 LT1-thread root DEBUG client.py                 82    logger_log                : send, 0 3 255 '1'
2025-11-28 19:37:31,824 LT1-thread root DEBUG client.py                 82    logger_log                : sending frame '0003ff010001'
2025-11-28 19:37:31,825 LT1-thread root DEBUG client.py                 82    logger_log                : core_reg_svc_rsp_succ
2025-11-28 19:37:31,825 LT1-thread root DEBUG client.py                 82    logger_log                : read
2025-11-28 19:37:35,474 BTPWorkerThread-3485 (_rx_task) root DEBUG client.py                 82    logger_log                : Read 5 bytes
2025-11-28 19:37:35,505 BTPWorkerThread-3485 (_rx_task) root DEBUG client.py                 82    logger_log                : Received: hdr: Header(svc_id=0x00, op=0x03, ctrl_index=0xff, data_len=0x00) bytearray(b'\x00\x03\xff\x00\x00')
2025-11-28 19:37:35,536 BTPWorkerThread-3485 (_rx_task) root DEBUG client.py                 82    logger_log                : Received data: {''}, bytearray(b'')
2025-11-28 19:37:35,582 LT1-thread root DEBUG client.py                 82    logger_log                : received Header(svc_id=0, op=3, ctrl_index=255, data_len=0) (b'',)
2025-11-28 19:37:35,582 LT1-thread root DEBUG client.py                 82    logger_log                : expected ((0, 3, 255, 0), (b'',))
2025-11-28 19:37:35,582 LT1-thread root DEBUG client.py                 82    logger_log                : response is valid
2025-11-28 19:37:35,583 LT1-thread root DEBUG client.py                 82    logger_log                : Reading supported commands for service: GAP
2025-11-28 19:37:35,583 LT1-thread root DEBUG client.py                 82    logger_log                : send, 1 1 255 ''
2025-11-28 19:37:35,583 LT1-thread root DEBUG client.py                 82    logger_log                : sending frame '0101ff0000'
2025-11-28 19:37:35,583 LT1-thread root DEBUG client.py                 82    logger_log                : read
2025-11-28 19:37:35,662 BTPWorkerThread-3485 (_rx_task) root DEBUG client.py                 82    logger_log                : Read 5 bytes
2025-11-28 19:37:35,694 BTPWorkerThread-3485 (_rx_task) root DEBUG client.py                 82    logger_log                : Received: hdr: Header(svc_id=0x01, op=0x01, ctrl_index=0xff, data_len=0x06) bytearray(b'\x01\x01\xff\x06\x00')
2025-11-28 19:37:35,741 BTPWorkerThread-3485 (_rx_task) root DEBUG client.py                 82    logger_log                : Read 6 bytes data
2025-11-28 19:37:35,773 BTPWorkerThread-3485 (_rx_task) root DEBUG client.py                 82    logger_log                : Received data: {'6e ff 7f 1f fe f7'}, bytearray(b'n\xff\x7f\x1f\xfe\xf7')
2025-11-28 19:37:35,821 LT1-thread root DEBUG client.py                 82    logger_log                : Starting test function: class=<class 'autopts.ptsprojects.testcase.TestFunc'>, func=<bound method Stack.gap_init of <autopts.ptsprojects.stack.stack.Stack object at 0x000002302CC8FEF0>> start_wid=None stop_wid=None post_wid=None skip_call=None call_count=136 args=(b'Tester_08E44E',) kwds={}
2025-11-28 19:37:35,821 LT1-thread root DEBUG client.py                 82    logger_log                : Test function parameters: args=(b'Tester_08E44E',), kwds={}
2025-11-28 19:37:35,821 LT1-thread root DEBUG client.py                 82    logger_log                : Starting test function: class=<class 'autopts.ptsprojects.testcase.TestFunc'>, func=<function gap_read_ctrl_info at 0x0000023029C822A0> start_wid=None stop_wid=None post_wid=None skip_call=None call_count=136 args=() kwds={}
2025-11-28 19:37:35,821 LT1-thread root DEBUG client.py                 82    logger_log                : Test function parameters: args=(), kwds={}
2025-11-28 19:37:35,821 LT1-thread root DEBUG client.py                 82    logger_log                : gap_read_ctrl_info
2025-11-28 19:37:35,822 LT1-thread root DEBUG client.py                 82    logger_log                : send, 1 3 0 ''
2025-11-28 19:37:35,822 LT1-thread root DEBUG client.py                 82    logger_log                : sending frame '0103000000'
2025-11-28 19:37:35,822 LT1-thread root DEBUG client.py                 82    logger_log                : read
2025-11-28 19:37:35,883 BTPWorkerThread-3485 (_rx_task) root DEBUG client.py                 82    logger_log                : Read 5 bytes
2025-11-28 19:37:35,915 BTPWorkerThread-3485 (_rx_task) root DEBUG client.py                 82    logger_log                : Received: hdr: Header(svc_id=0x01, op=0x03, ctrl_index=0x00, data_len=0x115) bytearray(b'\x01\x03\x00\x15\x01')
2025-11-28 19:37:35,977 BTPWorkerThread-3485 (_rx_task) root DEBUG client.py                 82    logger_log                : Read 277 bytes data
2025-11-28 19:37:36,009 BTPWorkerThread-3485 (_rx_task) root DEBUG client.py                 82    logger_log                : Received data: {'19 78 ee 69 17 d0 d3 06 02 00 13 02 00 00 00 00 00 62 74 70 5f 74 65 73 74 65 72 00 00 00 00 00 00 00 00 00 00 00 00 00 00 00 00 00 00 00 00 00 00 00 00 00 00 00 00 00 00 00 00 00 00 00 00 00 00 00 00 00 00 00 00 00 00 00 00 00 00 00 00 00 00 00 00 00 00 00 00 00 00 00 00 00 00 00 00 00 00 00 00 00 00 00 00 00 00 00 00 00 00 00 00 00 00 00 00 00 00 00 00 00 00 00 00 00 00 00 00 00 00 00 00 00 00 00 00 00 00 00 00 00 00 00 00 00 00 00 00 00 00 00 00 00 00 00 00 00 00 00 00 00 00 00 00 00 00 00 00 00 00 00 00 00 00 00 00 00 00 00 00 00 00 00 00 00 00 00 00 00 00 00 00 00 00 00 00 00 00 00 00 00 00 00 00 00 00 00 00 00 00 00 00 00 00 00 00 00 00 00 00 00 00 00 00 00 00 00 00 00 00 00 00 00 00 00 00 00 00 00 00 00 00 00 00 00 00 00 00 00 00 00 00 00 00 00 00 00 00 00 00 00 00 00 00 00 00 00 00 00 00 00 00 00 00 00 00 00 00'}, bytearray(b'\x19x\xeei\x17\xd0\xd3\x06\x02\x00\x13\x02\x00\x00\x00\x00\x00btp_tester\x00\x00\x00\x00\x00\x00\x00\x00\x00\x00\x00\x00\x00\x00\x00\x00\x00\x00\x00\x00\x00\x00\x00\x00\x00\x00\x00\x00\x00\x00\x00\x00\x00\x00\x00\x00\x00\x00\x00\x00\x00\x00\x00\x00\x00\x00\x00\x00\x00\x00\x00\x00\x00\x00\x00\x00\x00\x00\x00\x00\x00\x00\x00\x00\x00\x00\x00\x00\x00\x00\x00\x00\x00\x00\x00\x00\x00\x00\x00\x00\x00\x00\x00\x00\x00\x00\x00\x00\x00\x00\x00\x00\x00\x00\x00\x00\x00\x00\x00\x00\x00\x00\x00\x00\x00\x00\x00\x00\x00\x00\x00\x00\x00\x00\x00\x00\x00\x00\x00\x00\x00\x00\x00\x00\x00\x00\x00\x00\x00\x00\x00\x00\x00\x00\x00\x00\x00\x00\x00\x00\x00\x00\x00\x00\x00\x00\x00\x00\x00\x00\x00\x00\x00\x00\x00\x00\x00\x00\x00\x00\x00\x00\x00\x00\x00\x00\x00\x00\x00\x00\x00\x00\x00\x00\x00\x00\x00\x00\x00\x00\x00\x00\x00\x00\x00\x00\x00\x00\x00\x00\x00\x00\x00\x00\x00\x00\x00\x00\x00\x00\x00\x00\x00\x00\x00\x00\x00\x00\x00\x00\x00\x00\x00\x00\x00\x00\x00\x00\x00\x00\x00\x00\x00\x00\x00\x00\x00\x00\x00\x00\x00\x00\x00\x00\x00\x00\x00\x00\x00\x00\x00\x00\x00\x00\x00\x00\x00\x00\x00\x00')
2025-11-28 19:37:36,055 LT1-thread root DEBUG client.py                 82    logger_log                : received Header(svc_id=1, op=3, ctrl_index=0, data_len=277) (b'\x19x\xeei\x17\xd0\xd3\x06\x02\x00\x13\x02\x00\x00\x00\x00\x00btp_tester\x00\x00\x00\x00\x00\x00\x00\x00\x00\x00\x00\x00\x00\x00\x00\x00\x00\x00\x00\x00\x00\x00\x00\x00\x00\x00\x00\x00\x00\x00\x00\x00\x00\x00\x00\x00\x00\x00\x00\x00\x00\x00\x00\x00\x00\x00\x00\x00\x00\x00\x00\x00\x00\x00\x00\x00\x00\x00\x00\x00\x00\x00\x00\x00\x00\x00\x00\x00\x00\x00\x00\x00\x00\x00\x00\x00\x00\x00\x00\x00\x00\x00\x00\x00\x00\x00\x00\x00\x00\x00\x00\x00\x00\x00\x00\x00\x00\x00\x00\x00\x00\x00\x00\x00\x00\x00\x00\x00\x00\x00\x00\x00\x00\x00\x00\x00\x00\x00\x00\x00\x00\x00\x00\x00\x00\x00\x00\x00\x00\x00\x00\x00\x00\x00\x00\x00\x00\x00\x00\x00\x00\x00\x00\x00\x00\x00\x00\x00\x00\x00\x00\x00\x00\x00\x00\x00\x00\x00\x00\x00\x00\x00\x00\x00\x00\x00\x00\x00\x00\x00\x00\x00\x00\x00\x00\x00\x00\x00\x00\x00\x00\x00\x00\x00\x00\x00\x00\x00\x00\x00\x00\x00\x00\x00\x00\x00\x00\x00\x00\x00\x00\x00\x00\x00\x00\x00\x00\x00\x00\x00\x00\x00\x00\x00\x00\x00\x00\x00\x00\x00\x00\x00\x00\x00\x00\x00\x00\x00\x00\x00\x00\x00\x00\x00\x00\x00\x00\x00\x00\x00\x00\x00\x00\x00\x00\x00\x00\x00\x00\x00',)
2025-11-28 19:37:36,055 LT1-thread root DEBUG client.py                 82    logger_log                : IUT address 'd01769ee7819' 'public'
2025-11-28 19:37:36,056 LT1-thread root DEBUG client.py                 82    logger_log                : __gap_current_settings_update 531
2025-11-28 19:37:36,056 LT1-thread root DEBUG client.py                 82    logger_log                : Starting test function: class=<class 'autopts.ptsprojects.testcase.TestFunc'>, func=<function test_cases.<locals>.<lambda> at 0x000002302D1A58A0> start_wid=None stop_wid=None post_wid=None skip_call=None call_count=136 args=() kwds={}
2025-11-28 19:37:36,056 LT1-thread root DEBUG client.py                 82    logger_log                : Test function parameters: args=(), kwds={}
2025-11-28 19:37:36,061 LT1-thread root DEBUG client.py                 82    logger_log                : Starting test function: class=<class 'autopts.ptsprojects.testcase.TestFunc'>, func=<function set_pts_addr at 0x0000023029C3BBA0> start_wid=None stop_wid=None post_wid=None skip_call=None call_count=136 args=('00:1B:DC:08:E4:4E', 0) kwds={}
2025-11-28 19:37:36,062 LT1-thread root DEBUG client.py                 82    logger_log                : Test function parameters: args=('00:1B:DC:08:E4:4E', 0), kwds={}
2025-11-28 19:37:36,062 LT1-thread root DEBUG client.py                 82    logger_log                : Starting test function: class=<class 'autopts.ptsprojects.testcase.TestFunc'>, func=<function core_reg_svc_avrcp at 0x0000023029C416C0> start_wid=None stop_wid=None post_wid=None skip_call=None call_count=136 args=() kwds={}
2025-11-28 19:37:36,062 LT1-thread root DEBUG client.py                 82    logger_log                : Test function parameters: args=(), kwds={}
2025-11-28 19:37:36,062 LT1-thread root DEBUG client.py                 82    logger_log                : core_reg_svc_univ: avrcp_reg (AVRCP)
2025-11-28 19:37:36,063 LT1-thread root DEBUG client.py                 82    logger_log                : send, 0 3 255 '37'
2025-11-28 19:37:36,063 LT1-thread root DEBUG client.py                 82    logger_log                : sending frame '0003ff010025'
2025-11-28 19:37:36,063 LT1-thread root DEBUG client.py                 82    logger_log                : core_reg_svc_rsp_succ
2025-11-28 19:37:36,063 LT1-thread root DEBUG client.py                 82    logger_log                : read
2025-11-28 19:37:36,149 BTPWorkerThread-3485 (_rx_task) root DEBUG client.py                 82    logger_log                : Read 5 bytes
2025-11-28 19:37:36,180 BTPWorkerThread-3485 (_rx_task) root DEBUG client.py                 82    logger_log                : Received: hdr: Header(svc_id=0x00, op=0x03, ctrl_index=0xff, data_len=0x00) bytearray(b'\x00\x03\xff\x00\x00')
2025-11-28 19:37:36,211 BTPWorkerThread-3485 (_rx_task) root DEBUG client.py                 82    logger_log                : Received data: {''}, bytearray(b'')
2025-11-28 19:37:36,243 LT1-thread root DEBUG client.py                 82    logger_log                : received Header(svc_id=0, op=3, ctrl_index=255, data_len=0) (b'',)
2025-11-28 19:37:36,243 LT1-thread root DEBUG client.py                 82    logger_log                : expected ((0, 3, 255, 0), (b'',))
2025-11-28 19:37:36,243 LT1-thread root DEBUG client.py                 82    logger_log                : response is valid
2025-11-28 19:37:36,243 LT1-thread root DEBUG client.py                 82    logger_log                : Reading supported commands for service: AVRCP
2025-11-28 19:37:36,243 LT1-thread root DEBUG client.py                 82    logger_log                : send, 37 1 255 ''
2025-11-28 19:37:36,244 LT1-thread root DEBUG client.py                 82    logger_log                : sending frame '2501ff0000'
2025-11-28 19:37:36,244 LT1-thread root DEBUG client.py                 82    logger_log                : read
2025-11-28 19:37:36,323 BTPWorkerThread-3485 (_rx_task) root DEBUG client.py                 82    logger_log                : Read 5 bytes
2025-11-28 19:37:36,355 BTPWorkerThread-3485 (_rx_task) root DEBUG client.py                 82    logger_log                : Received: hdr: Header(svc_id=0x25, op=0x01, ctrl_index=0xff, data_len=0x05) bytearray(b'%\x01\xff\x05\x00')
2025-11-28 19:37:36,418 BTPWorkerThread-3485 (_rx_task) root DEBUG client.py                 82    logger_log                : Read 5 bytes data
2025-11-28 19:37:36,450 BTPWorkerThread-3485 (_rx_task) root DEBUG client.py                 82    logger_log                : Received data: {'fe ff e7 ff 7f'}, bytearray(b'\xfe\xff\xe7\xff\x7f')
2025-11-28 19:37:36,496 LT1-thread root DEBUG client.py                 82    logger_log                : Starting test function: class=<class 'autopts.ptsprojects.testcase.TestFunc'>, func=<bound method Stack.avrcp_init of <autopts.ptsprojects.stack.stack.Stack object at 0x000002302CC8FEF0>> start_wid=None stop_wid=None post_wid=None skip_call=None call_count=136 args=() kwds={}
2025-11-28 19:37:36,496 LT1-thread root DEBUG client.py                 82    logger_log                : Test function parameters: args=(), kwds={}
2025-11-28 19:37:36,498 LT1-thread root DEBUG client.py                 82    logger_log                : ClientCallback.get_result run_test_case
2025-11-28 19:37:38,646 LT1-callback ClientCallback.on_implicit_send INFO client.py                 82    logger_log                : 
    ********************
    BEGIN OnImplicitSend:
    project_name: AVRCP
    wid: 84
    test_case_name: AVRCP/TG/CON/BV-04-C
    description: Action: Place the IUT in connectable mode.

Description : PTS requires that the IUT be in connectable mode.The PTS will attempt to establish an ACL connection.
    style: MMI_Style_Ok_Cancel1 0x11041
2025-11-28 19:37:38,646 LT1-callback ClientCallback.on_implicit_send INFO client.py                 82    logger_log                : Calling test cases on_implicit_send
2025-11-28 19:37:38,646 LT1-callback ClientCallback.on_implicit_send INFO client.py                 82    logger_log                : 
    on_implicit_send returned response: WAIT
    END OnImplicitSend
    ********************
2025-11-28 19:37:39,533 LT1-thread root DEBUG client.py                 82    logger_log                : AVRCP AVRCP/TG/CON/BV-04-C on_implicit_send
2025-11-28 19:37:39,533 LT1-thread root DEBUG client.py                 82    logger_log                : avrcp_wid_hdl, 84, Action: Place the IUT in connectable mode.

Description : PTS requires that the IUT be in connectable mode.The PTS will attempt to establish an ACL connection., AVRCP/TG/CON/BV-04-C
2025-11-28 19:37:39,533 LT1-thread root DEBUG client.py                 82    logger_log                : gap_set_conn
2025-11-28 19:37:39,534 LT1-thread root DEBUG client.py                 82    logger_log                : gap_set_gendiscov
2025-11-28 19:37:39,534 LT1-thread root DEBUG client.py                 82    logger_log                : send, 1 8 0 '1'
2025-11-28 19:37:39,534 LT1-thread root DEBUG client.py                 82    logger_log                : sending frame '010800010001'
2025-11-28 19:37:39,534 LT1-thread root DEBUG client.py                 82    logger_log                : gap_command_rsp_succ
2025-11-28 19:37:39,534 LT1-thread root DEBUG client.py                 82    logger_log                : read
2025-11-28 19:37:39,630 BTPWorkerThread-3485 (_rx_task) root DEBUG client.py                 82    logger_log                : Read 5 bytes
2025-11-28 19:37:39,661 BTPWorkerThread-3485 (_rx_task) root DEBUG client.py                 82    logger_log                : Received: hdr: Header(svc_id=0x01, op=0x08, ctrl_index=0x00, data_len=0x04) bytearray(b'\x01\x08\x00\x04\x00')
2025-11-28 19:37:39,723 BTPWorkerThread-3485 (_rx_task) root DEBUG client.py                 82    logger_log                : Read 4 bytes data
2025-11-28 19:37:39,755 BTPWorkerThread-3485 (_rx_task) root DEBUG client.py                 82    logger_log                : Received data: {'1b 02 00 00'}, bytearray(b'\x1b\x02\x00\x00')
2025-11-28 19:37:39,803 LT1-thread root DEBUG client.py                 82    logger_log                : received Header(svc_id=1, op=8, ctrl_index=0, data_len=4) (b'\x1b\x02\x00\x00',)
2025-11-28 19:37:39,803 BTPWorkerThread-3485 (_rx_task) root DEBUG client.py                 82    logger_log                : Read 5 bytes
2025-11-28 19:37:39,804 LT1-thread root DEBUG client.py                 82    logger_log                : __gap_current_settings_update (b'\x1b\x02\x00\x00',)
2025-11-28 19:37:39,804 BTPWorkerThread-3485 (_rx_task) root DEBUG client.py                 82    logger_log                : Received: hdr: Header(svc_id=0x01, op=0x82, ctrl_index=0x00, data_len=0x0d) bytearray(b'\x01\x82\x00\r\x00')
2025-11-28 19:37:39,804 LT1-thread root DEBUG client.py                 82    logger_log                : gap_adv_ind_on {9: b'Tester_08E44E'} None
2025-11-28 19:37:39,804 BTPWorkerThread-3485 (_rx_task) root DEBUG client.py                 82    logger_log                : Read 13 bytes data
2025-11-28 19:37:39,804 LT1-thread root DEBUG client.py                 82    logger_log                : send, 1 10 0 "bytearray(b'\\x0f\\x00\\t\\rTester_08E44E\\xff\\xff\\xff\\xff\\x00')"
2025-11-28 19:37:39,805 BTPWorkerThread-3485 (_rx_task) root DEBUG client.py                 82    logger_log                : Received data: {'e0 4e e4 08 dc 1b 00 00 00 00 00 00 00'}, bytearray(b'\xe0N\xe4\x08\xdc\x1b\x00\x00\x00\x00\x00\x00\x00')
2025-11-28 19:37:39,805 LT1-thread root DEBUG client.py                 82    logger_log                : sending frame '010a0016000f00090d5465737465725f303845343445ffffffff00'
2025-11-28 19:37:39,805 BTPWorkerThread-3485 (_rx_task) root DEBUG client.py                 82    logger_log                : event_handler Header(svc_id=1, op=130, ctrl_index=0, data_len=13) (b'\xe0N\xe4\x08\xdc\x1b\x00\x00\x00\x00\x00\x00\x00',)
2025-11-28 19:37:39,805 LT1-thread root DEBUG client.py                 82    logger_log                : gap_command_rsp_succ
2025-11-28 19:37:39,805 LT1-thread root DEBUG client.py                 82    logger_log                : read
2025-11-28 19:37:39,806 BTPWorkerThread-3485 (_rx_task) root DEBUG client.py                 82    logger_log                : gap_connected_ev_ b'\xe0N\xe4\x08\xdc\x1b\x00\x00\x00\x00\x00\x00\x00'
2025-11-28 19:37:39,819 BTPWorkerThread-3485 (_rx_task) root DEBUG client.py                 82    logger_log                : Read 5 bytes
2025-11-28 19:37:39,851 BTPWorkerThread-3485 (_rx_task) root DEBUG client.py                 82    logger_log                : Received: hdr: Header(svc_id=0x01, op=0x80, ctrl_index=0x00, data_len=0x04) bytearray(b'\x01\x80\x00\x04\x00')
2025-11-28 19:37:39,915 BTPWorkerThread-3485 (_rx_task) root DEBUG client.py                 82    logger_log                : Read 4 bytes data
2025-11-28 19:37:39,946 BTPWorkerThread-3485 (_rx_task) root DEBUG client.py                 82    logger_log                : Received data: {'1b 02 00 00'}, bytearray(b'\x1b\x02\x00\x00')
2025-11-28 19:37:39,992 BTPWorkerThread-3485 (_rx_task) root DEBUG client.py                 82    logger_log                : event_handler Header(svc_id=1, op=128, ctrl_index=0, data_len=4) (b'\x1b\x02\x00\x00',)
2025-11-28 19:37:40,022 BTPWorkerThread-3485 (_rx_task) root DEBUG client.py                 82    logger_log                : gap_new_settings_ev_ b'\x1b\x02\x00\x00'
2025-11-28 19:37:40,053 BTPWorkerThread-3485 (_rx_task) root DEBUG client.py                 82    logger_log                : __gap_current_settings_update 539
2025-11-28 19:37:40,132 BTPWorkerThread-3485 (_rx_task) root DEBUG client.py                 82    logger_log                : Read 5 bytes
2025-11-28 19:37:40,163 BTPWorkerThread-3485 (_rx_task) root DEBUG client.py                 82    logger_log                : Received: hdr: Header(svc_id=0x01, op=0x0a, ctrl_index=0x00, data_len=0x04) bytearray(b'\x01\n\x00\x04\x00')
2025-11-28 19:37:40,227 BTPWorkerThread-3485 (_rx_task) root DEBUG client.py                 82    logger_log                : Read 4 bytes data
2025-11-28 19:37:40,259 BTPWorkerThread-3485 (_rx_task) root DEBUG client.py                 82    logger_log                : Received data: {'1b 06 00 00'}, bytearray(b'\x1b\x06\x00\x00')
2025-11-28 19:37:40,291 LT1-thread root DEBUG client.py                 82    logger_log                : received Header(svc_id=1, op=10, ctrl_index=0, data_len=4) (b'\x1b\x06\x00\x00',)
2025-11-28 19:37:40,291 LT1-thread root DEBUG client.py                 82    logger_log                : __gap_current_settings_update (b'\x1b\x06\x00\x00',)
2025-11-28 19:37:40,292 LT1-thread root DEBUG client.py                 82    logger_log                : Sending response 'OK' to wid 84 test case AVRCP/TG/CON/BV-04-C
2025-11-28 19:37:40,294 LT1-thread root DEBUG client.py                 82    logger_log                : ClientCallback.get_result run_test_case
2025-11-28 19:37:40,297 LT1-callback ClientCallback.on_implicit_send INFO client.py                 82    logger_log                : 
    ********************
    BEGIN OnImplicitSend:
    project_name: AVRCP
    wid: 2002
    test_case_name: AVRCP/TG/CON/BV-04-C
    description: Please wait while PTS creates an AVCTP control channel connection.

Action: Make sure the IUT is in a connectable state.
    style: MMI_Style_Ok_Cancel2 0x11141
2025-11-28 19:37:40,297 LT1-callback ClientCallback.on_implicit_send INFO client.py                 82    logger_log                : Calling test cases on_implicit_send
2025-11-28 19:37:40,297 LT1-callback ClientCallback.on_implicit_send INFO client.py                 82    logger_log                : 
    on_implicit_send returned response: WAIT
    END OnImplicitSend
    ********************
2025-11-28 19:37:41,305 LT1-thread root DEBUG client.py                 82    logger_log                : AVRCP AVRCP/TG/CON/BV-04-C on_implicit_send
2025-11-28 19:37:41,305 LT1-thread root DEBUG client.py                 82    logger_log                : avrcp_wid_hdl, 2002, Please wait while PTS creates an AVCTP control channel connection.

Action: Make sure the IUT is in a connectable state., AVRCP/TG/CON/BV-04-C
2025-11-28 19:37:41,431 BTPWorkerThread-3485 (_rx_task) root DEBUG client.py                 82    logger_log                : Read 5 bytes
2025-11-28 19:37:41,461 BTPWorkerThread-3485 (_rx_task) root DEBUG client.py                 82    logger_log                : Received: hdr: Header(svc_id=0x01, op=0x91, ctrl_index=0x00, data_len=0x09) bytearray(b'\x01\x91\x00\t\x00')
2025-11-28 19:37:41,523 BTPWorkerThread-3485 (_rx_task) root DEBUG client.py                 82    logger_log                : Read 9 bytes data
2025-11-28 19:37:41,554 BTPWorkerThread-3485 (_rx_task) root DEBUG client.py                 82    logger_log                : Received data: {'e0 4e e4 08 dc 1b 00 01 10'}, bytearray(b'\xe0N\xe4\x08\xdc\x1b\x00\x01\x10')
2025-11-28 19:37:41,602 BTPWorkerThread-3485 (_rx_task) root DEBUG client.py                 82    logger_log                : event_handler Header(svc_id=1, op=145, ctrl_index=0, data_len=9) (b'\xe0N\xe4\x08\xdc\x1b\x00\x01\x10',)
2025-11-28 19:37:41,633 BTPWorkerThread-3485 (_rx_task) root DEBUG client.py                 82    logger_log                : gap_encryption_change_ev_
2025-11-28 19:37:41,664 BTPWorkerThread-3485 (_rx_task) root DEBUG client.py                 82    logger_log                : enc change received b'\xe0N\xe4\x08\xdc\x1b\x00\x01\x10'
2025-11-28 19:37:41,696 BTPWorkerThread-3485 (_rx_task) root DEBUG client.py                 82    logger_log                : received (224, '001bdc08e44e', 1, 16)
2025-11-28 19:37:41,776 BTPWorkerThread-3485 (_rx_task) root DEBUG client.py                 82    logger_log                : Read 5 bytes
2025-11-28 19:37:41,807 BTPWorkerThread-3485 (_rx_task) root DEBUG client.py                 82    logger_log                : Received: hdr: Header(svc_id=0x01, op=0x89, ctrl_index=0x00, data_len=0x08) bytearray(b'\x01\x89\x00\x08\x00')
2025-11-28 19:37:41,869 BTPWorkerThread-3485 (_rx_task) root DEBUG client.py                 82    logger_log                : Read 8 bytes data
2025-11-28 19:37:41,900 BTPWorkerThread-3485 (_rx_task) root DEBUG client.py                 82    logger_log                : Received data: {'e0 4e e4 08 dc 1b 00 02'}, bytearray(b'\xe0N\xe4\x08\xdc\x1b\x00\x02')
2025-11-28 19:37:41,948 BTPWorkerThread-3485 (_rx_task) root DEBUG client.py                 82    logger_log                : event_handler Header(svc_id=1, op=137, ctrl_index=0, data_len=8) (b'\xe0N\xe4\x08\xdc\x1b\x00\x02',)
2025-11-28 19:37:41,978 BTPWorkerThread-3485 (_rx_task) root DEBUG client.py                 82    logger_log                : gap_sec_level_changed_ev_
2025-11-28 19:37:42,009 BTPWorkerThread-3485 (_rx_task) root DEBUG client.py                 82    logger_log                : received b'\xe0N\xe4\x08\xdc\x1b\x00\x02'
2025-11-28 19:37:42,039 BTPWorkerThread-3485 (_rx_task) root DEBUG client.py                 82    logger_log                : received (224, '001bdc08e44e', 2)
2025-11-28 19:37:42,102 BTPWorkerThread-3485 (_rx_task) root DEBUG client.py                 82    logger_log                : Read 5 bytes
2025-11-28 19:37:42,133 BTPWorkerThread-3485 (_rx_task) root DEBUG client.py                 82    logger_log                : Received: hdr: Header(svc_id=0x25, op=0x80, ctrl_index=0x00, data_len=0x06) bytearray(b'%\x80\x00\x06\x00')
2025-11-28 19:37:42,196 BTPWorkerThread-3485 (_rx_task) root DEBUG client.py                 82    logger_log                : Read 6 bytes data
2025-11-28 19:37:42,226 BTPWorkerThread-3485 (_rx_task) root DEBUG client.py                 82    logger_log                : Received data: {'4e e4 08 dc 1b 00'}, bytearray(b'N\xe4\x08\xdc\x1b\x00')
2025-11-28 19:37:42,274 BTPWorkerThread-3485 (_rx_task) root DEBUG client.py                 82    logger_log                : event_handler Header(svc_id=37, op=128, ctrl_index=0, data_len=6) (b'N\xe4\x08\xdc\x1b\x00',)
2025-11-28 19:37:42,306 BTPWorkerThread-3485 (_rx_task) root DEBUG client.py                 82    logger_log                : avrcp_ev_control_connected b'N\xe4\x08\xdc\x1b\x00'
2025-11-28 19:37:42,338 LT1-thread root DEBUG client.py                 82    logger_log                : Sending response 'OK' to wid 2002 test case AVRCP/TG/CON/BV-04-C
2025-11-28 19:37:42,338 BTPWorkerThread-3485 (_rx_task) root DEBUG client.py                 82    logger_log                : Read 5 bytes
2025-11-28 19:37:42,339 BTPWorkerThread-3485 (_rx_task) root DEBUG client.py                 82    logger_log                : Received: hdr: Header(svc_id=0x25, op=0x80, ctrl_index=0x00, data_len=0x06) bytearray(b'%\x80\x00\x06\x00')
2025-11-28 19:37:42,339 BTPWorkerThread-3485 (_rx_task) root DEBUG client.py                 82    logger_log                : Read 6 bytes data
2025-11-28 19:37:42,340 BTPWorkerThread-3485 (_rx_task) root DEBUG client.py                 82    logger_log                : Received data: {'4e e4 08 dc 1b 00'}, bytearray(b'N\xe4\x08\xdc\x1b\x00')
2025-11-28 19:37:42,340 LT1-thread root DEBUG client.py                 82    logger_log                : ClientCallback.get_result run_test_case
2025-11-28 19:37:42,341 BTPWorkerThread-3485 (_rx_task) root DEBUG client.py                 82    logger_log                : event_handler Header(svc_id=37, op=128, ctrl_index=0, data_len=6) (b'N\xe4\x08\xdc\x1b\x00',)
2025-11-28 19:37:42,341 BTPWorkerThread-3485 (_rx_task) root DEBUG client.py                 82    logger_log                : avrcp_ev_control_connected b'N\xe4\x08\xdc\x1b\x00'
2025-11-28 19:37:42,342 BTPWorkerThread-3485 (_rx_task) root DEBUG client.py                 82    logger_log                : Read 5 bytes
2025-11-28 19:37:42,343 BTPWorkerThread-3485 (_rx_task) root DEBUG client.py                 82    logger_log                : Received: hdr: Header(svc_id=0x25, op=0x82, ctrl_index=0x00, data_len=0x06) bytearray(b'%\x82\x00\x06\x00')
2025-11-28 19:37:42,343 BTPWorkerThread-3485 (_rx_task) root DEBUG client.py                 82    logger_log                : Read 6 bytes data
2025-11-28 19:37:42,343 BTPWorkerThread-3485 (_rx_task) root DEBUG client.py                 82    logger_log                : Received data: {'4e e4 08 dc 1b 00'}, bytearray(b'N\xe4\x08\xdc\x1b\x00')
2025-11-28 19:37:42,344 BTPWorkerThread-3485 (_rx_task) root DEBUG client.py                 82    logger_log                : event_handler Header(svc_id=37, op=130, ctrl_index=0, data_len=6) (b'N\xe4\x08\xdc\x1b\x00',)
2025-11-28 19:37:42,344 LT1-callback ClientCallback.on_implicit_send INFO client.py                 82    logger_log                : 
    ********************
    BEGIN OnImplicitSend:
    project_name: AVRCP
    wid: 2008
    test_case_name: AVRCP/TG/CON/BV-04-C
    description: Take action to disconnect the AVCTP control channel.

Description: Disable the Bluetooth connection to PTS, turn off Bluetooth, or turn off the IUT (Implementation Under Test).
    style: MMI_Style_Ok_Cancel2 0x11141
2025-11-28 19:37:42,345 LT1-callback ClientCallback.on_implicit_send INFO client.py                 82    logger_log                : Calling test cases on_implicit_send
2025-11-28 19:37:42,345 BTPWorkerThread-3485 (_rx_task) root DEBUG client.py                 82    logger_log                : avrcp_ev_browsing_connected b'N\xe4\x08\xdc\x1b\x00'
2025-11-28 19:37:42,345 LT1-callback ClientCallback.on_implicit_send INFO client.py                 82    logger_log                : 
    on_implicit_send returned response: WAIT
    END OnImplicitSend
    ********************
2025-11-28 19:37:42,345 BTPWorkerThread-3485 (_rx_task) root DEBUG client.py                 82    logger_log                : Read 5 bytes
2025-11-28 19:37:42,345 BTPWorkerThread-3485 (_rx_task) root DEBUG client.py                 82    logger_log                : Received: hdr: Header(svc_id=0x25, op=0x82, ctrl_index=0x00, data_len=0x06) bytearray(b'%\x82\x00\x06\x00')
2025-11-28 19:37:42,346 BTPWorkerThread-3485 (_rx_task) root DEBUG client.py                 82    logger_log                : Read 6 bytes data
2025-11-28 19:37:42,346 BTPWorkerThread-3485 (_rx_task) root DEBUG client.py                 82    logger_log                : Received data: {'4e e4 08 dc 1b 00'}, bytearray(b'N\xe4\x08\xdc\x1b\x00')
2025-11-28 19:37:42,347 BTPWorkerThread-3485 (_rx_task) root DEBUG client.py                 82    logger_log                : event_handler Header(svc_id=37, op=130, ctrl_index=0, data_len=6) (b'N\xe4\x08\xdc\x1b\x00',)
2025-11-28 19:37:42,347 BTPWorkerThread-3485 (_rx_task) root DEBUG client.py                 82    logger_log                : avrcp_ev_browsing_connected b'N\xe4\x08\xdc\x1b\x00'
2025-11-28 19:37:43,350 LT1-thread root DEBUG client.py                 82    logger_log                : AVRCP AVRCP/TG/CON/BV-04-C on_implicit_send
2025-11-28 19:37:43,350 LT1-thread root DEBUG client.py                 82    logger_log                : avrcp_wid_hdl, 2008, Take action to disconnect the AVCTP control channel.

Description: Disable the Bluetooth connection to PTS, turn off Bluetooth, or turn off the IUT (Implementation Under Test)., AVRCP/TG/CON/BV-04-C
2025-11-28 19:37:43,350 LT1-thread root DEBUG client.py                 82    logger_log                : avrcp_browsing_disconnect None
2025-11-28 19:37:43,350 LT1-thread root DEBUG client.py                 82    logger_log                : send, 37 5 0 "bytearray(b'N\\xe4\\x08\\xdc\\x1b\\x00')"
2025-11-28 19:37:43,351 LT1-thread root DEBUG client.py                 82    logger_log                : sending frame '25050006004ee408dc1b00'
2025-11-28 19:37:43,351 LT1-thread root DEBUG client.py                 82    logger_log                : avrcp_command_rsp_succ
2025-11-28 19:37:43,351 LT1-thread root DEBUG client.py                 82    logger_log                : read
2025-11-28 19:37:43,430 BTPWorkerThread-3485 (_rx_task) root DEBUG client.py                 82    logger_log                : Read 5 bytes
2025-11-28 19:37:43,462 BTPWorkerThread-3485 (_rx_task) root DEBUG client.py                 82    logger_log                : Received: hdr: Header(svc_id=0x25, op=0x05, ctrl_index=0x00, data_len=0x00) bytearray(b'%\x05\x00\x00\x00')
2025-11-28 19:37:43,494 BTPWorkerThread-3485 (_rx_task) root DEBUG client.py                 82    logger_log                : Received data: {''}, bytearray(b'')
2025-11-28 19:37:43,525 LT1-thread root DEBUG client.py                 82    logger_log                : received Header(svc_id=37, op=5, ctrl_index=0, data_len=0) (b'',)
2025-11-28 19:37:43,526 BTPWorkerThread-3485 (_rx_task) root DEBUG client.py                 82    logger_log                : Read 5 bytes
2025-11-28 19:37:43,526 BTPWorkerThread-3485 (_rx_task) root DEBUG client.py                 82    logger_log                : Received: hdr: Header(svc_id=0x25, op=0x83, ctrl_index=0x00, data_len=0x06) bytearray(b'%\x83\x00\x06\x00')
2025-11-28 19:37:43,587 BTPWorkerThread-3485 (_rx_task) root DEBUG client.py                 82    logger_log                : Read 6 bytes data
2025-11-28 19:37:43,617 BTPWorkerThread-3485 (_rx_task) root DEBUG client.py                 82    logger_log                : Received data: {'4e e4 08 dc 1b 00'}, bytearray(b'N\xe4\x08\xdc\x1b\x00')
2025-11-28 19:37:43,665 BTPWorkerThread-3485 (_rx_task) root DEBUG client.py                 82    logger_log                : event_handler Header(svc_id=37, op=131, ctrl_index=0, data_len=6) (b'N\xe4\x08\xdc\x1b\x00',)
2025-11-28 19:37:43,697 BTPWorkerThread-3485 (_rx_task) root DEBUG client.py                 82    logger_log                : avrcp_ev_browsing_disconnected b'N\xe4\x08\xdc\x1b\x00'
2025-11-28 19:37:43,777 BTPWorkerThread-3485 (_rx_task) root DEBUG client.py                 82    logger_log                : Read 5 bytes
2025-11-28 19:37:43,809 BTPWorkerThread-3485 (_rx_task) root DEBUG client.py                 82    logger_log                : Received: hdr: Header(svc_id=0x25, op=0x83, ctrl_index=0x00, data_len=0x06) bytearray(b'%\x83\x00\x06\x00')
2025-11-28 19:37:43,870 BTPWorkerThread-3485 (_rx_task) root DEBUG client.py                 82    logger_log                : Read 6 bytes data
2025-11-28 19:37:43,902 BTPWorkerThread-3485 (_rx_task) root DEBUG client.py                 82    logger_log                : Received data: {'4e e4 08 dc 1b 00'}, bytearray(b'N\xe4\x08\xdc\x1b\x00')
2025-11-28 19:37:43,950 BTPWorkerThread-3485 (_rx_task) root DEBUG client.py                 82    logger_log                : event_handler Header(svc_id=37, op=131, ctrl_index=0, data_len=6) (b'N\xe4\x08\xdc\x1b\x00',)
2025-11-28 19:37:43,981 BTPWorkerThread-3485 (_rx_task) root DEBUG client.py                 82    logger_log                : avrcp_ev_browsing_disconnected b'N\xe4\x08\xdc\x1b\x00'
2025-11-28 19:37:44,012 LT1-thread root DEBUG client.py                 82    logger_log                : avrcp_control_disconnect None
2025-11-28 19:37:44,012 LT1-thread root DEBUG client.py                 82    logger_log                : send, 37 3 0 "bytearray(b'N\\xe4\\x08\\xdc\\x1b\\x00')"
2025-11-28 19:37:44,012 LT1-thread root DEBUG client.py                 82    logger_log                : sending frame '25030006004ee408dc1b00'
2025-11-28 19:37:44,013 LT1-thread root DEBUG client.py                 82    logger_log                : avrcp_command_rsp_succ
2025-11-28 19:37:44,013 LT1-thread root DEBUG client.py                 82    logger_log                : read
2025-11-28 19:37:44,092 BTPWorkerThread-3485 (_rx_task) root DEBUG client.py                 82    logger_log                : Read 5 bytes
2025-11-28 19:37:44,124 BTPWorkerThread-3485 (_rx_task) root DEBUG client.py                 82    logger_log                : Received: hdr: Header(svc_id=0x25, op=0x03, ctrl_index=0x00, data_len=0x00) bytearray(b'%\x03\x00\x00\x00')
2025-11-28 19:37:44,155 BTPWorkerThread-3485 (_rx_task) root DEBUG client.py                 82    logger_log                : Received data: {''}, bytearray(b'')
2025-11-28 19:37:44,202 LT1-thread root DEBUG client.py                 82    logger_log                : received Header(svc_id=37, op=3, ctrl_index=0, data_len=0) (b'',)
2025-11-28 19:37:44,203 BTPWorkerThread-3485 (_rx_task) root DEBUG client.py                 82    logger_log                : Read 5 bytes
2025-11-28 19:37:44,218 BTPWorkerThread-3485 (_rx_task) root DEBUG client.py                 82    logger_log                : Received: hdr: Header(svc_id=0x25, op=0x81, ctrl_index=0x00, data_len=0x06) bytearray(b'%\x81\x00\x06\x00')
2025-11-28 19:37:44,280 BTPWorkerThread-3485 (_rx_task) root DEBUG client.py                 82    logger_log                : Read 6 bytes data
2025-11-28 19:37:44,311 BTPWorkerThread-3485 (_rx_task) root DEBUG client.py                 82    logger_log                : Received data: {'4e e4 08 dc 1b 00'}, bytearray(b'N\xe4\x08\xdc\x1b\x00')
2025-11-28 19:37:44,359 BTPWorkerThread-3485 (_rx_task) root DEBUG client.py                 82    logger_log                : event_handler Header(svc_id=37, op=129, ctrl_index=0, data_len=6) (b'N\xe4\x08\xdc\x1b\x00',)
2025-11-28 19:37:44,391 BTPWorkerThread-3485 (_rx_task) root DEBUG client.py                 82    logger_log                : avrcp_ev_control_disconnected b'N\xe4\x08\xdc\x1b\x00'
2025-11-28 19:37:44,438 BTPWorkerThread-3485 (_rx_task) root DEBUG client.py                 82    logger_log                : Read 5 bytes
2025-11-28 19:37:44,470 BTPWorkerThread-3485 (_rx_task) root DEBUG client.py                 82    logger_log                : Received: hdr: Header(svc_id=0x25, op=0x81, ctrl_index=0x00, data_len=0x06) bytearray(b'%\x81\x00\x06\x00')
2025-11-28 19:37:44,534 BTPWorkerThread-3485 (_rx_task) root DEBUG client.py                 82    logger_log                : Read 6 bytes data
2025-11-28 19:37:44,566 BTPWorkerThread-3485 (_rx_task) root DEBUG client.py                 82    logger_log                : Received data: {'4e e4 08 dc 1b 00'}, bytearray(b'N\xe4\x08\xdc\x1b\x00')
2025-11-28 19:37:44,614 BTPWorkerThread-3485 (_rx_task) root DEBUG client.py                 82    logger_log                : event_handler Header(svc_id=37, op=129, ctrl_index=0, data_len=6) (b'N\xe4\x08\xdc\x1b\x00',)
2025-11-28 19:37:44,645 BTPWorkerThread-3485 (_rx_task) root DEBUG client.py                 82    logger_log                : avrcp_ev_control_disconnected b'N\xe4\x08\xdc\x1b\x00'
2025-11-28 19:37:44,677 LT1-thread root DEBUG client.py                 82    logger_log                : Sending response 'OK' to wid 2008 test case AVRCP/TG/CON/BV-04-C
2025-11-28 19:37:44,679 LT1-thread root DEBUG client.py                 82    logger_log                : ClientCallback.get_result run_test_case
2025-11-28 19:37:44,682 LT1-callback ClientCallback.on_implicit_send INFO client.py                 82    logger_log                : 
    ********************
    BEGIN OnImplicitSend:
    project_name: AVRCP
    wid: 2001
    test_case_name: AVRCP/TG/CON/BV-04-C
    description: Please wait while PTS creates an AVCTP browsing channel connection.

Action: Make sure the IUT is in a connectable state.
    style: MMI_Style_Ok_Cancel2 0x11141
2025-11-28 19:37:44,683 LT1-callback ClientCallback.on_implicit_send INFO client.py                 82    logger_log                : Calling test cases on_implicit_send
2025-11-28 19:37:44,683 LT1-callback ClientCallback.on_implicit_send INFO client.py                 82    logger_log                : 
    on_implicit_send returned response: WAIT
    END OnImplicitSend
    ********************
2025-11-28 19:37:45,688 LT1-thread root DEBUG client.py                 82    logger_log                : AVRCP AVRCP/TG/CON/BV-04-C on_implicit_send
2025-11-28 19:37:45,688 LT1-thread root DEBUG client.py                 82    logger_log                : avrcp_wid_hdl, 2001, Please wait while PTS creates an AVCTP browsing channel connection.

Action: Make sure the IUT is in a connectable state., AVRCP/TG/CON/BV-04-C
2025-11-28 19:37:50,730 EventTimerThread-3499 root ERROR client.py                 82    logger_log                : Timeout after 5 seconds while waiting for event <threading.Event at 0x2302d5a29c0: set> with condition     def is_connected(self, addr, conn_type):
        conn = self.conn_lookup_addr(addr)
        if conn is None:
            return False
        if conn_type not in conn.conn_type:
            return False
        return True

2025-11-28 19:37:50,762 LT1-thread root DEBUG client.py                 82    logger_log                : Sending response 'OK' to wid 2001 test case AVRCP/TG/CON/BV-04-C
2025-11-28 19:37:50,764 LT1-thread root DEBUG client.py                 82    logger_log                : ClientCallback.get_result run_test_case
2025-11-28 19:37:50,768 LT1-callback ClientCallback.on_implicit_send INFO client.py                 82    logger_log                : 
    ********************
    BEGIN OnImplicitSend:
    project_name: AVRCP
    wid: 2007
    test_case_name: AVRCP/TG/CON/BV-04-C
    description: Take action to disconnect the AVCTP browsing channel.

Description: Disable the Bluetooth connection to PTS, turn off Bluetooth, or turn off the IUT (Implementation Under Test).
    style: MMI_Style_Ok_Cancel2 0x11141
2025-11-28 19:37:50,768 LT1-callback ClientCallback.on_implicit_send INFO client.py                 82    logger_log                : Calling test cases on_implicit_send
2025-11-28 19:37:50,768 LT1-callback ClientCallback.on_implicit_send INFO client.py                 82    logger_log                : 
    on_implicit_send returned response: WAIT
    END OnImplicitSend
    ********************
2025-11-28 19:37:51,777 LT1-thread root DEBUG client.py                 82    logger_log                : AVRCP AVRCP/TG/CON/BV-04-C on_implicit_send
2025-11-28 19:37:51,777 LT1-thread root DEBUG client.py                 82    logger_log                : avrcp_wid_hdl, 2007, Take action to disconnect the AVCTP browsing channel.

Description: Disable the Bluetooth connection to PTS, turn off Bluetooth, or turn off the IUT (Implementation Under Test)., AVRCP/TG/CON/BV-04-C
2025-11-28 19:37:51,777 LT1-thread root DEBUG client.py                 82    logger_log                : Sending response 'OK' to wid 2007 test case AVRCP/TG/CON/BV-04-C
2025-11-28 19:37:51,779 LT1-thread root DEBUG client.py                 82    logger_log                : ClientCallback.get_result run_test_case
2025-11-28 19:38:15,102 BTPWorkerThread-3485 (_rx_task) root DEBUG client.py                 82    logger_log                : Read 5 bytes
2025-11-28 19:38:15,102 BTPWorkerThread-3485 (_rx_task) root DEBUG client.py                 82    logger_log                : Received: hdr: Header(svc_id=0x01, op=0x83, ctrl_index=0x00, data_len=0x07) bytearray(b'\x01\x83\x00\x07\x00')
2025-11-28 19:38:15,102 BTPWorkerThread-3485 (_rx_task) root DEBUG client.py                 82    logger_log                : Read 7 bytes data
2025-11-28 19:38:15,103 BTPWorkerThread-3485 (_rx_task) root DEBUG client.py                 82    logger_log                : Received data: {'e0 4e e4 08 dc 1b 00'}, bytearray(b'\xe0N\xe4\x08\xdc\x1b\x00')
2025-11-28 19:38:15,103 BTPWorkerThread-3485 (_rx_task) root DEBUG client.py                 82    logger_log                : event_handler Header(svc_id=1, op=131, ctrl_index=0, data_len=7) (b'\xe0N\xe4\x08\xdc\x1b\x00',)
2025-11-28 19:38:15,103 BTPWorkerThread-3485 (_rx_task) root DEBUG client.py                 82    logger_log                : gap_disconnected_ev_ b'\xe0N\xe4\x08\xdc\x1b\x00'
2025-11-28 19:38:17,825 LT1-callback ClientCallback.log INFO client.py                 82    logger_log                : PTS_LOGTYPE_START_TEST Start Test Case 

+140 ms
 AVRCP/TG/CON/BV-04-C AVRCP/TG/CON/BV-04-C

2025-11-28 19:38:18,349 LT1-callback ClientCallback.log INFO client.py                 82    logger_log                : PTS_LOGTYPE_FINAL_VERDICT Final Verdict 

+40531 ms
 AVRCP/TG/CON/BV-04-C PASS

2025-11-28 19:38:18,354 LT1-callback ClientCallback.log INFO client.py                 82    logger_log                : PTS_LOGTYPE_FINAL_VERDICT Encrypted Verdict 

+40531 ms
 AVRCP/TG/CON/BV-04-C A1#ZWY4MzQ5MDg3MmQwNTIxOGQzMzQ5YjY2ODA5M2MzNjQ5ZDY4NmY0Yjc2MzIzM2VkNTUyNTFhNGU4Mjg1MjI0NA==#Hc0oh2d5Jm/xCcHsr4Yf1UgAlrRBp/GWbDA8KWVHPsNpCDZ7y6ARAF1M8l2OpmQs

2025-11-28 19:38:18,358 LT1-callback ClientCallback.log INFO client.py                 82    logger_log                : PTS_LOGTYPE_END_TEST Test Case Ended 

+40531 ms
 AVRCP/TG/CON/BV-04-C AVRCP/TG/CON/BV-04-C

2025-11-28 19:38:18,461 LT1-callback root DEBUG client.py                 82    logger_log                : ClientCallback, set_result, run_test_case, PASS
2025-11-28 19:38:18,461 LT1-thread root DEBUG client.py                 82    logger_log                : After run_test_case error_code=0 status='PASS'
2025-11-28 19:38:18,462 LT1-thread root DEBUG client.py                 82    logger_log                : post_run AVRCP AVRCP/TG/CON/BV-04-C 0
2025-11-28 19:38:18,462 LT1-thread root DEBUG client.py                 82    logger_log                : Starting test function: class=<class 'autopts.ptsprojects.testcase.TestFuncCleanUp'>, func=<bound method Stack.cleanup of <autopts.ptsprojects.stack.stack.Stack object at 0x000002302CC8FEF0>> start_wid=None stop_wid=None post_wid=None skip_call=None call_count=1 args=() kwds={}
2025-11-28 19:38:18,462 LT1-thread root DEBUG client.py                 82    logger_log                : Test function parameters: args=(), kwds={}
2025-11-28 19:38:18,462 LT1-thread root DEBUG client.py                 82    logger_log                : Starting test function: class=<class 'autopts.ptsprojects.testcase.TestFuncCleanUp'>, func=<bound method ZephyrCtl.stop of <autopts.ptsprojects.zephyr.iutctl.ZephyrCtl object at 0x000002302BB1D190>> start_wid=None stop_wid=None post_wid=None skip_call=None call_count=1 args=() kwds={}
2025-11-28 19:38:18,463 LT1-thread root DEBUG client.py                 82    logger_log                : Test function parameters: args=(), kwds={}
2025-11-28 19:38:18,463 LT1-thread root DEBUG client.py                 82    logger_log                : <class 'autopts.ptsprojects.zephyr.iutctl.ZephyrCtl'>.stop
2025-11-28 19:38:18,463 LT1-thread root DEBUG client.py                 82    logger_log                : About to reset DUT: JLink -CommandFile reset.jlink -usb 1063214216 -device MIMXRT1176XXXA_M7
2025-11-28 19:38:18,789 BTPWorkerThread-3485 (_rx_task) root DEBUG client.py                 82    logger_log                : Read 5 bytes
2025-11-28 19:38:18,790 BTPWorkerThread-3485 (_rx_task) root DEBUG client.py                 82    logger_log                : Received: hdr: Header(svc_id=0x00, op=0x80, ctrl_index=0xff, data_len=0x00) bytearray(b'\x00\x80\xff\x00\x00')
2025-11-28 19:38:18,790 BTPWorkerThread-3485 (_rx_task) root DEBUG client.py                 82    logger_log                : Received data: {''}, bytearray(b'')
2025-11-28 19:38:18,790 BTPWorkerThread-3485 (_rx_task) root DEBUG client.py                 82    logger_log                : event_handler Header(svc_id=0, op=128, ctrl_index=255, data_len=0) (b'',)
2025-11-28 19:38:18,790 BTPWorkerThread-3485 (_rx_task) root DEBUG client.py                 82    logger_log                : core_iut_ready_ev
2025-11-28 19:38:19,251 LT1-thread root DEBUG client.py                 82    logger_log                : IUT ready event received OK
2025-11-28 19:38:19,252 LT1-thread root DEBUG client.py                 82    logger_log                : Waiting for _rx_worker to finish ...
2025-11-28 19:38:19,791 BTPWorkerThread-3485 (_rx_task) root DEBUG client.py                 82    logger_log                : BTPWorkerThread-3485 (_rx_task) finishing...
2025-11-28 19:38:22,798 LT1-thread root DEBUG client.py                 82    logger_log                : post_run, cleanup running post test case script
2025-11-28 19:38:22,798 LT1-thread root DEBUG client.py                 82    logger_log                : post_run, run post test case script
2025-11-28 19:38:22,897 LT1-thread root DEBUG client.py                 82    logger_log                : Done TestCase _run_test_case AVRCP AVRCP/TG/CON/BV-04-C
