2025-07-16 14:52:27,999 LT1-thread root DEBUG client.py                 80    logger_log                : Starting TestCase _run_test_case L2CAP L2CAP/ECFC/BV-07-C
2025-07-16 14:52:28,009 LT1-thread root DEBUG client.py                 80    logger_log                : pre_run L2CAP L2CAP/ECFC/BV-07-C
2025-07-16 14:52:28,009 LT1-thread root DEBUG client.py                 80    logger_log                : About to run test case L2CAP L2CAP/ECFC/BV-07-C with commands:
2025-07-16 14:52:28,009 LT1-thread root DEBUG client.py                 80    logger_log                : 0) class=<class 'autopts.ptsprojects.testcase.TestFunc'>, func=<bound method Stack.core_init of <autopts.ptsprojects.stack.stack.Stack object at 0x0000020582262CC0>> start_wid=None stop_wid=None post_wid=None skip_call=None call_count=0 args=() kwds={}
2025-07-16 14:52:28,010 LT1-thread root DEBUG client.py                 80    logger_log                : 1) class=<class 'autopts.ptsprojects.testcase.TestFunc'>, func=<bound method ZephyrCtl.hw_reset of <autopts.ptsprojects.zephyr.iutctl.ZephyrCtl object at 0x0000020582141670>> start_wid=None stop_wid=None post_wid=None skip_call=None call_count=0 args=() kwds={}
2025-07-16 14:52:28,010 LT1-thread root DEBUG client.py                 80    logger_log                : 2) class=<class 'autopts.ptsprojects.testcase.TestFunc'>, func=<bound method ZephyrCtl.start of <autopts.ptsprojects.zephyr.iutctl.ZephyrCtl object at 0x0000020582141670>> start_wid=None stop_wid=None post_wid=None skip_call=None call_count=0 args=(<autopts.ptsprojects.zephyr.ztestcase.ZTestCase object at 0x0000020582A31370>,) kwds={}
2025-07-16 14:52:28,010 LT1-thread root DEBUG client.py                 80    logger_log                : 3) class=<class 'autopts.ptsprojects.testcase.TestFunc'>, func=<bound method ZephyrCtl.hw_reset of <autopts.ptsprojects.zephyr.iutctl.ZephyrCtl object at 0x0000020582141670>> start_wid=None stop_wid=None post_wid=None skip_call=None call_count=0 args=() kwds={}
2025-07-16 14:52:28,010 LT1-thread root DEBUG client.py                 80    logger_log                : 4) class=<class 'autopts.ptsprojects.testcase.TestFunc'>, func=<bound method ZephyrCtl.wait_iut_ready_event of <autopts.ptsprojects.zephyr.iutctl.ZephyrCtl object at 0x0000020582141670>> start_wid=None stop_wid=None post_wid=None skip_call=None call_count=0 args=(False,) kwds={}
2025-07-16 14:52:28,010 LT1-thread root DEBUG client.py                 80    logger_log                : 5) class=<class 'autopts.ptsprojects.testcase.TestFunc'>, func=<function core_reg_svc_gap at 0x00000205FF0D65C0> start_wid=None stop_wid=None post_wid=None skip_call=None call_count=170 args=() kwds={}
2025-07-16 14:52:28,010 LT1-thread root DEBUG client.py                 80    logger_log                : 6) class=<class 'autopts.ptsprojects.testcase.TestFunc'>, func=<function core_reg_svc_l2cap at 0x00000205FF0D6840> start_wid=None stop_wid=None post_wid=None skip_call=None call_count=170 args=() kwds={}
2025-07-16 14:52:28,010 LT1-thread root DEBUG client.py                 80    logger_log                : 7) class=<class 'autopts.ptsprojects.testcase.TestFunc'>, func=<function gap_read_ctrl_info at 0x00000205FF104860> start_wid=None stop_wid=None post_wid=None skip_call=None call_count=170 args=() kwds={}
2025-07-16 14:52:28,010 LT1-thread root DEBUG client.py                 80    logger_log                : 8) class=<class 'autopts.ptsprojects.testcase.TestFunc'>, func=<function test_cases.<locals>.<lambda> at 0x00000205827DD760> start_wid=None stop_wid=None post_wid=None skip_call=None call_count=170 args=() kwds={}
2025-07-16 14:52:28,010 LT1-thread root DEBUG client.py                 80    logger_log                : 9) class=<class 'autopts.ptsprojects.testcase.TestFunc'>, func=<function test_cases.<locals>.<lambda> at 0x00000205828393A0> start_wid=None stop_wid=None post_wid=None skip_call=None call_count=170 args=() kwds={}
2025-07-16 14:52:28,010 LT1-thread root DEBUG client.py                 80    logger_log                : 10) class=<class 'autopts.ptsprojects.testcase.TestFunc'>, func=<function test_cases.<locals>.<lambda> at 0x0000020582839440> start_wid=None stop_wid=None post_wid=None skip_call=None call_count=170 args=() kwds={}
2025-07-16 14:52:28,010 LT1-thread root DEBUG client.py                 80    logger_log                : 11) class=<class 'autopts.ptsprojects.testcase.TestFunc'>, func=<function test_cases.<locals>.<lambda> at 0x00000205828394E0> start_wid=None stop_wid=None post_wid=None skip_call=None call_count=170 args=() kwds={}
2025-07-16 14:52:28,010 LT1-thread root DEBUG client.py                 80    logger_log                : 12) class=<class 'autopts.ptsprojects.testcase.TestFunc'>, func=<function test_cases.<locals>.<lambda> at 0x0000020582839580> start_wid=None stop_wid=None post_wid=None skip_call=None call_count=170 args=() kwds={}
2025-07-16 14:52:28,010 LT1-thread root DEBUG client.py                 80    logger_log                : 13) class=<class 'autopts.ptsprojects.testcase.TestFunc'>, func=<function test_cases.<locals>.<lambda> at 0x0000020582839620> start_wid=None stop_wid=None post_wid=None skip_call=None call_count=170 args=() kwds={}
2025-07-16 14:52:28,010 LT1-thread root DEBUG client.py                 80    logger_log                : 14) class=<class 'autopts.ptsprojects.testcase.TestFunc'>, func=<function test_cases.<locals>.<lambda> at 0x00000205828396C0> start_wid=None stop_wid=None post_wid=None skip_call=None call_count=170 args=() kwds={}
2025-07-16 14:52:28,010 LT1-thread root DEBUG client.py                 80    logger_log                : 15) class=<class 'autopts.ptsprojects.testcase.TestFunc'>, func=<function test_cases.<locals>.<lambda> at 0x0000020582839760> start_wid=None stop_wid=None post_wid=None skip_call=None call_count=170 args=() kwds={}
2025-07-16 14:52:28,010 LT1-thread root DEBUG client.py                 80    logger_log                : 16) class=<class 'autopts.ptsprojects.testcase.TestFunc'>, func=<function test_cases.<locals>.<lambda> at 0x0000020582839800> start_wid=None stop_wid=None post_wid=None skip_call=None call_count=170 args=() kwds={}
2025-07-16 14:52:28,010 LT1-thread root DEBUG client.py                 80    logger_log                : 17) class=<class 'autopts.ptsprojects.testcase.TestFunc'>, func=<function test_cases.<locals>.<lambda> at 0x00000205828398A0> start_wid=None stop_wid=None post_wid=None skip_call=None call_count=170 args=() kwds={}
2025-07-16 14:52:28,010 LT1-thread root DEBUG client.py                 80    logger_log                : 18) class=<class 'autopts.ptsprojects.testcase.TestFunc'>, func=<function test_cases.<locals>.<lambda> at 0x0000020582839940> start_wid=None stop_wid=None post_wid=None skip_call=None call_count=170 args=() kwds={}
2025-07-16 14:52:28,010 LT1-thread root DEBUG client.py                 80    logger_log                : 19) class=<class 'autopts.ptsprojects.testcase.TestFunc'>, func=<function test_cases.<locals>.<lambda> at 0x00000205828399E0> start_wid=None stop_wid=None post_wid=None skip_call=None call_count=170 args=() kwds={}
2025-07-16 14:52:28,010 LT1-thread root DEBUG client.py                 80    logger_log                : 20) class=<class 'autopts.ptsprojects.testcase.TestFunc'>, func=<function test_cases.<locals>.<lambda> at 0x0000020582839A80> start_wid=None stop_wid=None post_wid=None skip_call=None call_count=170 args=() kwds={}
2025-07-16 14:52:28,010 LT1-thread root DEBUG client.py                 80    logger_log                : 21) class=<class 'autopts.ptsprojects.testcase.TestFunc'>, func=<function set_pts_addr at 0x00000205FF0D6160> start_wid=None stop_wid=None post_wid=None skip_call=None call_count=170 args=('00:1B:DC:08:E4:4E', 0) kwds={}
2025-07-16 14:52:28,010 LT1-thread root DEBUG client.py                 80    logger_log                : 22) class=<class 'autopts.ptsprojects.testcase.TestFunc'>, func=<bound method Stack.l2cap_init of <autopts.ptsprojects.stack.stack.Stack object at 0x0000020582262CC0>> start_wid=None stop_wid=None post_wid=None skip_call=None call_count=57 args=(128, 120) kwds={}
2025-07-16 14:52:28,010 LT1-thread root DEBUG client.py                 80    logger_log                : 23) class=<class 'autopts.ptsprojects.testcase.TestFunc'>, func=<function l2cap_le_listen at 0x00000205FF141F80> start_wid=None stop_wid=None post_wid=None skip_call=None call_count=57 args=(128, 120, 0) kwds={}
2025-07-16 14:52:28,010 LT1-thread root DEBUG client.py                 80    logger_log                : 24) class=<class 'autopts.ptsprojects.testcase.TestFuncCleanUp'>, func=<bound method Stack.cleanup of <autopts.ptsprojects.stack.stack.Stack object at 0x0000020582262CC0>> start_wid=None stop_wid=None post_wid=None skip_call=None call_count=0 args=() kwds={}
2025-07-16 14:52:28,010 LT1-thread root DEBUG client.py                 80    logger_log                : 25) class=<class 'autopts.ptsprojects.testcase.TestFuncCleanUp'>, func=<bound method ZephyrCtl.stop of <autopts.ptsprojects.zephyr.iutctl.ZephyrCtl object at 0x0000020582141670>> start_wid=None stop_wid=None post_wid=None skip_call=None call_count=0 args=() kwds={}
2025-07-16 14:52:28,010 LT1-thread root DEBUG client.py                 80    logger_log                : pre_run, run pre test case script
2025-07-16 14:52:28,019 LT1-thread root DEBUG client.py                 80    logger_log                : Starting test function: class=<class 'autopts.ptsprojects.testcase.TestFunc'>, func=<bound method Stack.core_init of <autopts.ptsprojects.stack.stack.Stack object at 0x0000020582262CC0>> start_wid=None stop_wid=None post_wid=None skip_call=None call_count=1 args=() kwds={}
2025-07-16 14:52:28,029 LT1-thread root DEBUG client.py                 80    logger_log                : Test function parameters: args=(), kwds={}
2025-07-16 14:52:28,029 LT1-thread root DEBUG client.py                 80    logger_log                : Starting test function: class=<class 'autopts.ptsprojects.testcase.TestFunc'>, func=<bound method ZephyrCtl.hw_reset of <autopts.ptsprojects.zephyr.iutctl.ZephyrCtl object at 0x0000020582141670>> start_wid=None stop_wid=None post_wid=None skip_call=None call_count=1 args=() kwds={}
2025-07-16 14:52:28,029 LT1-thread root DEBUG client.py                 80    logger_log                : Test function parameters: args=(), kwds={}
2025-07-16 14:52:28,029 LT1-thread root DEBUG client.py                 80    logger_log                : Starting test function: class=<class 'autopts.ptsprojects.testcase.TestFunc'>, func=<bound method ZephyrCtl.start of <autopts.ptsprojects.zephyr.iutctl.ZephyrCtl object at 0x0000020582141670>> start_wid=None stop_wid=None post_wid=None skip_call=None call_count=1 args=(<autopts.ptsprojects.zephyr.ztestcase.ZTestCase object at 0x0000020582A31370>,) kwds={}
2025-07-16 14:52:28,029 LT1-thread root DEBUG client.py                 80    logger_log                : Test function parameters: args=(<autopts.ptsprojects.zephyr.ztestcase.ZTestCase object at 0x0000020582A31370>,), kwds={}
2025-07-16 14:52:28,029 LT1-thread root DEBUG client.py                 80    logger_log                : <class 'autopts.ptsprojects.zephyr.iutctl.ZephyrCtl'>.start
2025-07-16 14:52:28,029 LT1-thread root DEBUG client.py                 80    logger_log                : <class 'autopts.ptsprojects.zephyr.iutctl.ZephyrCtl'>.flush_serial
2025-07-16 14:52:29,253 LT1-thread root DEBUG client.py                 80    logger_log                : Starting socat process: socat.exe -x -v tcp:10.17.12.103:55633,retry=100,interval=1 /dev/ttyS43,raw,b115200
2025-07-16 14:52:29,263 LT1-thread root DEBUG client.py                 80    logger_log                : accept
2025-07-16 14:52:30,113 BTPWorkerThread-2351 (_rx_task) root DEBUG client.py                 80    logger_log                : BTPWorkerThread-2351 (_rx_task) started
2025-07-16 14:52:30,113 LT1-thread root DEBUG client.py                 80    logger_log                : Starting test function: class=<class 'autopts.ptsprojects.testcase.TestFunc'>, func=<bound method ZephyrCtl.hw_reset of <autopts.ptsprojects.zephyr.iutctl.ZephyrCtl object at 0x0000020582141670>> start_wid=None stop_wid=None post_wid=None skip_call=None call_count=1 args=() kwds={}
2025-07-16 14:52:30,113 LT1-thread root DEBUG client.py                 80    logger_log                : Test function parameters: args=(), kwds={}
2025-07-16 14:52:30,113 LT1-thread root DEBUG client.py                 80    logger_log                : Starting test function: class=<class 'autopts.ptsprojects.testcase.TestFunc'>, func=<bound method ZephyrCtl.wait_iut_ready_event of <autopts.ptsprojects.zephyr.iutctl.ZephyrCtl object at 0x0000020582141670>> start_wid=None stop_wid=None post_wid=None skip_call=None call_count=1 args=(False,) kwds={}
2025-07-16 14:52:30,113 LT1-thread root DEBUG client.py                 80    logger_log                : Test function parameters: args=(False,), kwds={}
2025-07-16 14:52:30,113 LT1-thread root DEBUG client.py                 80    logger_log                : IUT ready event received OK
2025-07-16 14:52:30,113 LT1-thread root DEBUG client.py                 80    logger_log                : Starting test function: class=<class 'autopts.ptsprojects.testcase.TestFunc'>, func=<function core_reg_svc_gap at 0x00000205FF0D65C0> start_wid=None stop_wid=None post_wid=None skip_call=None call_count=171 args=() kwds={}
2025-07-16 14:52:30,113 LT1-thread root DEBUG client.py                 80    logger_log                : Test function parameters: args=(), kwds={}
2025-07-16 14:52:30,113 LT1-thread root DEBUG client.py                 80    logger_log                : core_reg_svc_univ: gap_reg (GAP)
2025-07-16 14:52:30,113 LT1-thread root DEBUG client.py                 80    logger_log                : send, 0 3 255 '1'
2025-07-16 14:52:30,113 LT1-thread root DEBUG client.py                 80    logger_log                : sending frame '0003ff010001'
2025-07-16 14:52:30,113 LT1-thread root DEBUG client.py                 80    logger_log                : core_reg_svc_rsp_succ
2025-07-16 14:52:30,113 LT1-thread root DEBUG client.py                 80    logger_log                : read
2025-07-16 14:52:33,739 BTPWorkerThread-2351 (_rx_task) root DEBUG client.py                 80    logger_log                : Read 5 bytes
2025-07-16 14:52:33,759 BTPWorkerThread-2351 (_rx_task) root DEBUG client.py                 80    logger_log                : Received: hdr: Header(svc_id=0x00, op=0x03, ctrl_index=0xff, data_len=0x00) bytearray(b'\x00\x03\xff\x00\x00')
2025-07-16 14:52:33,779 BTPWorkerThread-2351 (_rx_task) root DEBUG client.py                 80    logger_log                : Received data: {''}, bytearray(b'')
2025-07-16 14:52:33,779 LT1-thread root DEBUG client.py                 80    logger_log                : received Header(svc_id=0, op=3, ctrl_index=255, data_len=0) (b'',)
2025-07-16 14:52:33,779 LT1-thread root DEBUG client.py                 80    logger_log                : expected ((0, 3, 255, 0), (b'',))
2025-07-16 14:52:33,779 LT1-thread root DEBUG client.py                 80    logger_log                : response is valid
2025-07-16 14:52:33,779 LT1-thread root DEBUG client.py                 80    logger_log                : Reading supported commands for service: GAP
2025-07-16 14:52:33,779 LT1-thread root DEBUG client.py                 80    logger_log                : send, 1 1 255 ''
2025-07-16 14:52:33,779 LT1-thread root DEBUG client.py                 80    logger_log                : sending frame '0101ff0000'
2025-07-16 14:52:33,779 LT1-thread root DEBUG client.py                 80    logger_log                : read
2025-07-16 14:52:33,860 BTPWorkerThread-2351 (_rx_task) root DEBUG client.py                 80    logger_log                : Read 5 bytes
2025-07-16 14:52:33,880 BTPWorkerThread-2351 (_rx_task) root DEBUG client.py                 80    logger_log                : Received: hdr: Header(svc_id=0x01, op=0x01, ctrl_index=0xff, data_len=0x06) bytearray(b'\x01\x01\xff\x06\x00')
2025-07-16 14:52:33,920 BTPWorkerThread-2351 (_rx_task) root DEBUG client.py                 80    logger_log                : Read 6 bytes data
2025-07-16 14:52:33,940 BTPWorkerThread-2351 (_rx_task) root DEBUG client.py                 80    logger_log                : Received data: {'6e ff 7f 1f fe 07'}, bytearray(b'n\xff\x7f\x1f\xfe\x07')
2025-07-16 14:52:33,960 LT1-thread root DEBUG client.py                 80    logger_log                : Starting test function: class=<class 'autopts.ptsprojects.testcase.TestFunc'>, func=<function core_reg_svc_l2cap at 0x00000205FF0D6840> start_wid=None stop_wid=None post_wid=None skip_call=None call_count=171 args=() kwds={}
2025-07-16 14:52:33,960 LT1-thread root DEBUG client.py                 80    logger_log                : Test function parameters: args=(), kwds={}
2025-07-16 14:52:33,960 LT1-thread root DEBUG client.py                 80    logger_log                : core_reg_svc_univ: l2cap_reg (L2CAP)
2025-07-16 14:52:33,960 LT1-thread root DEBUG client.py                 80    logger_log                : send, 0 3 255 '3'
2025-07-16 14:52:33,960 LT1-thread root DEBUG client.py                 80    logger_log                : sending frame '0003ff010003'
2025-07-16 14:52:33,960 LT1-thread root DEBUG client.py                 80    logger_log                : core_reg_svc_rsp_succ
2025-07-16 14:52:33,960 LT1-thread root DEBUG client.py                 80    logger_log                : read
2025-07-16 14:52:34,040 BTPWorkerThread-2351 (_rx_task) root DEBUG client.py                 80    logger_log                : Read 5 bytes
2025-07-16 14:52:34,060 BTPWorkerThread-2351 (_rx_task) root DEBUG client.py                 80    logger_log                : Received: hdr: Header(svc_id=0x00, op=0x03, ctrl_index=0xff, data_len=0x00) bytearray(b'\x00\x03\xff\x00\x00')
2025-07-16 14:52:34,080 BTPWorkerThread-2351 (_rx_task) root DEBUG client.py                 80    logger_log                : Received data: {''}, bytearray(b'')
2025-07-16 14:52:34,111 LT1-thread root DEBUG client.py                 80    logger_log                : received Header(svc_id=0, op=3, ctrl_index=255, data_len=0) (b'',)
2025-07-16 14:52:34,111 LT1-thread root DEBUG client.py                 80    logger_log                : expected ((0, 3, 255, 0), (b'',))
2025-07-16 14:52:34,111 LT1-thread root DEBUG client.py                 80    logger_log                : response is valid
2025-07-16 14:52:34,111 LT1-thread root DEBUG client.py                 80    logger_log                : Reading supported commands for service: L2CAP
2025-07-16 14:52:34,111 LT1-thread root DEBUG client.py                 80    logger_log                : send, 3 1 255 ''
2025-07-16 14:52:34,111 LT1-thread root DEBUG client.py                 80    logger_log                : sending frame '0301ff0000'
2025-07-16 14:52:34,111 LT1-thread root DEBUG client.py                 80    logger_log                : read
2025-07-16 14:52:34,181 BTPWorkerThread-2351 (_rx_task) root DEBUG client.py                 80    logger_log                : Read 5 bytes
2025-07-16 14:52:34,201 BTPWorkerThread-2351 (_rx_task) root DEBUG client.py                 80    logger_log                : Received: hdr: Header(svc_id=0x03, op=0x01, ctrl_index=0xff, data_len=0x02) bytearray(b'\x03\x01\xff\x02\x00')
2025-07-16 14:52:34,241 BTPWorkerThread-2351 (_rx_task) root DEBUG client.py                 80    logger_log                : Read 2 bytes data
2025-07-16 14:52:34,261 BTPWorkerThread-2351 (_rx_task) root DEBUG client.py                 80    logger_log                : Received data: {'be 1f'}, bytearray(b'\xbe\x1f')
2025-07-16 14:52:34,291 LT1-thread root DEBUG client.py                 80    logger_log                : Starting test function: class=<class 'autopts.ptsprojects.testcase.TestFunc'>, func=<function gap_read_ctrl_info at 0x00000205FF104860> start_wid=None stop_wid=None post_wid=None skip_call=None call_count=171 args=() kwds={}
2025-07-16 14:52:34,291 LT1-thread root DEBUG client.py                 80    logger_log                : Test function parameters: args=(), kwds={}
2025-07-16 14:52:34,291 LT1-thread root DEBUG client.py                 80    logger_log                : gap_read_ctrl_info
2025-07-16 14:52:34,291 LT1-thread root DEBUG client.py                 80    logger_log                : send, 1 3 0 ''
2025-07-16 14:52:34,291 LT1-thread root DEBUG client.py                 80    logger_log                : sending frame '0103000000'
2025-07-16 14:52:34,291 LT1-thread root DEBUG client.py                 80    logger_log                : read
2025-07-16 14:52:34,362 BTPWorkerThread-2351 (_rx_task) root DEBUG client.py                 80    logger_log                : Read 5 bytes
2025-07-16 14:52:34,382 BTPWorkerThread-2351 (_rx_task) root DEBUG client.py                 80    logger_log                : Received: hdr: Header(svc_id=0x01, op=0x03, ctrl_index=0x00, data_len=0x115) bytearray(b'\x01\x03\x00\x15\x01')
2025-07-16 14:52:34,402 BTPWorkerThread-2351 (_rx_task) root DEBUG client.py                 80    logger_log                : Read 277 bytes data
2025-07-16 14:52:34,422 BTPWorkerThread-2351 (_rx_task) root DEBUG client.py                 80    logger_log                : Received data: {'19 78 ee 69 17 d0 d3 06 02 00 13 02 00 00 00 00 00 62 74 70 5f 74 65 73 74 65 72 00 00 00 00 00 00 00 00 00 00 00 00 00 00 00 00 00 00 00 00 00 00 00 00 00 00 00 00 00 00 00 00 00 00 00 00 00 00 00 00 00 00 00 00 00 00 00 00 00 00 00 00 00 00 00 00 00 00 00 00 00 00 00 00 00 00 00 00 00 00 00 00 00 00 00 00 00 00 00 00 00 00 00 00 00 00 00 00 00 00 00 00 00 00 00 00 00 00 00 00 00 00 00 00 00 00 00 00 00 00 00 00 00 00 00 00 00 00 00 00 00 00 00 00 00 00 00 00 00 00 00 00 00 00 00 00 00 00 00 00 00 00 00 00 00 00 00 00 00 00 00 00 00 00 00 00 00 00 00 00 00 00 00 00 00 00 00 00 00 00 00 00 00 00 00 00 00 00 00 00 00 00 00 00 00 00 00 00 00 00 00 00 00 00 00 00 00 00 00 00 00 00 00 00 00 00 00 00 00 00 00 00 00 00 00 00 00 00 00 00 00 00 00 00 00 00 00 00 00 00 00 00 00 00 00 00 00 00 00 00 00 00 00 00 00 00 00 00 00 00'}, bytearray(b'\x19x\xeei\x17\xd0\xd3\x06\x02\x00\x13\x02\x00\x00\x00\x00\x00btp_tester\x00\x00\x00\x00\x00\x00\x00\x00\x00\x00\x00\x00\x00\x00\x00\x00\x00\x00\x00\x00\x00\x00\x00\x00\x00\x00\x00\x00\x00\x00\x00\x00\x00\x00\x00\x00\x00\x00\x00\x00\x00\x00\x00\x00\x00\x00\x00\x00\x00\x00\x00\x00\x00\x00\x00\x00\x00\x00\x00\x00\x00\x00\x00\x00\x00\x00\x00\x00\x00\x00\x00\x00\x00\x00\x00\x00\x00\x00\x00\x00\x00\x00\x00\x00\x00\x00\x00\x00\x00\x00\x00\x00\x00\x00\x00\x00\x00\x00\x00\x00\x00\x00\x00\x00\x00\x00\x00\x00\x00\x00\x00\x00\x00\x00\x00\x00\x00\x00\x00\x00\x00\x00\x00\x00\x00\x00\x00\x00\x00\x00\x00\x00\x00\x00\x00\x00\x00\x00\x00\x00\x00\x00\x00\x00\x00\x00\x00\x00\x00\x00\x00\x00\x00\x00\x00\x00\x00\x00\x00\x00\x00\x00\x00\x00\x00\x00\x00\x00\x00\x00\x00\x00\x00\x00\x00\x00\x00\x00\x00\x00\x00\x00\x00\x00\x00\x00\x00\x00\x00\x00\x00\x00\x00\x00\x00\x00\x00\x00\x00\x00\x00\x00\x00\x00\x00\x00\x00\x00\x00\x00\x00\x00\x00\x00\x00\x00\x00\x00\x00\x00\x00\x00\x00\x00\x00\x00\x00\x00\x00\x00\x00\x00\x00\x00\x00\x00\x00\x00\x00\x00\x00\x00\x00\x00\x00\x00\x00\x00\x00\x00')
2025-07-16 14:52:34,452 LT1-thread root DEBUG client.py                 80    logger_log                : received Header(svc_id=1, op=3, ctrl_index=0, data_len=277) (b'\x19x\xeei\x17\xd0\xd3\x06\x02\x00\x13\x02\x00\x00\x00\x00\x00btp_tester\x00\x00\x00\x00\x00\x00\x00\x00\x00\x00\x00\x00\x00\x00\x00\x00\x00\x00\x00\x00\x00\x00\x00\x00\x00\x00\x00\x00\x00\x00\x00\x00\x00\x00\x00\x00\x00\x00\x00\x00\x00\x00\x00\x00\x00\x00\x00\x00\x00\x00\x00\x00\x00\x00\x00\x00\x00\x00\x00\x00\x00\x00\x00\x00\x00\x00\x00\x00\x00\x00\x00\x00\x00\x00\x00\x00\x00\x00\x00\x00\x00\x00\x00\x00\x00\x00\x00\x00\x00\x00\x00\x00\x00\x00\x00\x00\x00\x00\x00\x00\x00\x00\x00\x00\x00\x00\x00\x00\x00\x00\x00\x00\x00\x00\x00\x00\x00\x00\x00\x00\x00\x00\x00\x00\x00\x00\x00\x00\x00\x00\x00\x00\x00\x00\x00\x00\x00\x00\x00\x00\x00\x00\x00\x00\x00\x00\x00\x00\x00\x00\x00\x00\x00\x00\x00\x00\x00\x00\x00\x00\x00\x00\x00\x00\x00\x00\x00\x00\x00\x00\x00\x00\x00\x00\x00\x00\x00\x00\x00\x00\x00\x00\x00\x00\x00\x00\x00\x00\x00\x00\x00\x00\x00\x00\x00\x00\x00\x00\x00\x00\x00\x00\x00\x00\x00\x00\x00\x00\x00\x00\x00\x00\x00\x00\x00\x00\x00\x00\x00\x00\x00\x00\x00\x00\x00\x00\x00\x00\x00\x00\x00\x00\x00\x00\x00\x00\x00\x00\x00\x00\x00\x00\x00\x00\x00\x00\x00\x00\x00\x00',)
2025-07-16 14:52:34,452 LT1-thread root DEBUG client.py                 80    logger_log                : IUT address 'd01769ee7819' 'public'
2025-07-16 14:52:34,452 LT1-thread root DEBUG client.py                 80    logger_log                : __gap_current_settings_update 531
2025-07-16 14:52:34,452 LT1-thread root DEBUG client.py                 80    logger_log                : Starting test function: class=<class 'autopts.ptsprojects.testcase.TestFunc'>, func=<function test_cases.<locals>.<lambda> at 0x00000205827DD760> start_wid=None stop_wid=None post_wid=None skip_call=None call_count=171 args=() kwds={}
2025-07-16 14:52:34,452 LT1-thread root DEBUG client.py                 80    logger_log                : Test function parameters: args=(), kwds={}
2025-07-16 14:52:34,452 LT1-thread root DEBUG client.py                 80    logger_log                : Starting test function: class=<class 'autopts.ptsprojects.testcase.TestFunc'>, func=<function test_cases.<locals>.<lambda> at 0x00000205828393A0> start_wid=None stop_wid=None post_wid=None skip_call=None call_count=171 args=() kwds={}
2025-07-16 14:52:34,452 LT1-thread root DEBUG client.py                 80    logger_log                : Test function parameters: args=(), kwds={}
2025-07-16 14:52:34,462 LT1-thread root DEBUG client.py                 80    logger_log                : Starting test function: class=<class 'autopts.ptsprojects.testcase.TestFunc'>, func=<function test_cases.<locals>.<lambda> at 0x0000020582839440> start_wid=None stop_wid=None post_wid=None skip_call=None call_count=171 args=() kwds={}
2025-07-16 14:52:34,462 LT1-thread root DEBUG client.py                 80    logger_log                : Test function parameters: args=(), kwds={}
2025-07-16 14:52:34,472 LT1-thread root DEBUG client.py                 80    logger_log                : Starting test function: class=<class 'autopts.ptsprojects.testcase.TestFunc'>, func=<function test_cases.<locals>.<lambda> at 0x00000205828394E0> start_wid=None stop_wid=None post_wid=None skip_call=None call_count=171 args=() kwds={}
2025-07-16 14:52:34,472 LT1-thread root DEBUG client.py                 80    logger_log                : Test function parameters: args=(), kwds={}
2025-07-16 14:52:34,482 LT1-thread root DEBUG client.py                 80    logger_log                : Starting test function: class=<class 'autopts.ptsprojects.testcase.TestFunc'>, func=<function test_cases.<locals>.<lambda> at 0x0000020582839580> start_wid=None stop_wid=None post_wid=None skip_call=None call_count=171 args=() kwds={}
2025-07-16 14:52:34,482 LT1-thread root DEBUG client.py                 80    logger_log                : Test function parameters: args=(), kwds={}
2025-07-16 14:52:34,482 LT1-thread root DEBUG client.py                 80    logger_log                : Starting test function: class=<class 'autopts.ptsprojects.testcase.TestFunc'>, func=<function test_cases.<locals>.<lambda> at 0x0000020582839620> start_wid=None stop_wid=None post_wid=None skip_call=None call_count=171 args=() kwds={}
2025-07-16 14:52:34,482 LT1-thread root DEBUG client.py                 80    logger_log                : Test function parameters: args=(), kwds={}
2025-07-16 14:52:34,492 LT1-thread root DEBUG client.py                 80    logger_log                : Starting test function: class=<class 'autopts.ptsprojects.testcase.TestFunc'>, func=<function test_cases.<locals>.<lambda> at 0x00000205828396C0> start_wid=None stop_wid=None post_wid=None skip_call=None call_count=171 args=() kwds={}
2025-07-16 14:52:34,492 LT1-thread root DEBUG client.py                 80    logger_log                : Test function parameters: args=(), kwds={}
2025-07-16 14:52:34,502 LT1-thread root DEBUG client.py                 80    logger_log                : Starting test function: class=<class 'autopts.ptsprojects.testcase.TestFunc'>, func=<function test_cases.<locals>.<lambda> at 0x0000020582839760> start_wid=None stop_wid=None post_wid=None skip_call=None call_count=171 args=() kwds={}
2025-07-16 14:52:34,502 LT1-thread root DEBUG client.py                 80    logger_log                : Test function parameters: args=(), kwds={}
2025-07-16 14:52:34,512 LT1-thread root DEBUG client.py                 80    logger_log                : Starting test function: class=<class 'autopts.ptsprojects.testcase.TestFunc'>, func=<function test_cases.<locals>.<lambda> at 0x0000020582839800> start_wid=None stop_wid=None post_wid=None skip_call=None call_count=171 args=() kwds={}
2025-07-16 14:52:34,512 LT1-thread root DEBUG client.py                 80    logger_log                : Test function parameters: args=(), kwds={}
2025-07-16 14:52:34,512 LT1-thread root DEBUG client.py                 80    logger_log                : Starting test function: class=<class 'autopts.ptsprojects.testcase.TestFunc'>, func=<function test_cases.<locals>.<lambda> at 0x00000205828398A0> start_wid=None stop_wid=None post_wid=None skip_call=None call_count=171 args=() kwds={}
2025-07-16 14:52:34,512 LT1-thread root DEBUG client.py                 80    logger_log                : Test function parameters: args=(), kwds={}
2025-07-16 14:52:34,522 LT1-thread root DEBUG client.py                 80    logger_log                : Starting test function: class=<class 'autopts.ptsprojects.testcase.TestFunc'>, func=<function test_cases.<locals>.<lambda> at 0x0000020582839940> start_wid=None stop_wid=None post_wid=None skip_call=None call_count=171 args=() kwds={}
2025-07-16 14:52:34,522 LT1-thread root DEBUG client.py                 80    logger_log                : Test function parameters: args=(), kwds={}
2025-07-16 14:52:34,522 LT1-thread root DEBUG client.py                 80    logger_log                : Starting test function: class=<class 'autopts.ptsprojects.testcase.TestFunc'>, func=<function test_cases.<locals>.<lambda> at 0x00000205828399E0> start_wid=None stop_wid=None post_wid=None skip_call=None call_count=171 args=() kwds={}
2025-07-16 14:52:34,532 LT1-thread root DEBUG client.py                 80    logger_log                : Test function parameters: args=(), kwds={}
2025-07-16 14:52:34,532 LT1-thread root DEBUG client.py                 80    logger_log                : Starting test function: class=<class 'autopts.ptsprojects.testcase.TestFunc'>, func=<function test_cases.<locals>.<lambda> at 0x0000020582839A80> start_wid=None stop_wid=None post_wid=None skip_call=None call_count=171 args=() kwds={}
2025-07-16 14:52:34,532 LT1-thread root DEBUG client.py                 80    logger_log                : Test function parameters: args=(), kwds={}
2025-07-16 14:52:34,542 LT1-thread root DEBUG client.py                 80    logger_log                : Starting test function: class=<class 'autopts.ptsprojects.testcase.TestFunc'>, func=<function set_pts_addr at 0x00000205FF0D6160> start_wid=None stop_wid=None post_wid=None skip_call=None call_count=171 args=('00:1B:DC:08:E4:4E', 0) kwds={}
2025-07-16 14:52:34,542 LT1-thread root DEBUG client.py                 80    logger_log                : Test function parameters: args=('00:1B:DC:08:E4:4E', 0), kwds={}
2025-07-16 14:52:34,542 LT1-thread root DEBUG client.py                 80    logger_log                : Starting test function: class=<class 'autopts.ptsprojects.testcase.TestFunc'>, func=<bound method Stack.l2cap_init of <autopts.ptsprojects.stack.stack.Stack object at 0x0000020582262CC0>> start_wid=None stop_wid=None post_wid=None skip_call=None call_count=58 args=(128, 120) kwds={}
2025-07-16 14:52:34,542 LT1-thread root DEBUG client.py                 80    logger_log                : Test function parameters: args=(128, 120), kwds={}
2025-07-16 14:52:34,542 LT1-thread root DEBUG client.py                 80    logger_log                : Starting test function: class=<class 'autopts.ptsprojects.testcase.TestFunc'>, func=<function l2cap_le_listen at 0x00000205FF141F80> start_wid=None stop_wid=None post_wid=None skip_call=None call_count=58 args=(128, 120, 0) kwds={}
2025-07-16 14:52:34,542 LT1-thread root DEBUG client.py                 80    logger_log                : Test function parameters: args=(128, 120, 0), kwds={}
2025-07-16 14:52:34,542 LT1-thread root DEBUG client.py                 80    logger_log                : l2cap_le_listen 128 1 120 0
2025-07-16 14:52:34,542 LT1-thread root DEBUG client.py                 80    logger_log                : send, 3 5 0 "bytearray(b'\\x80\\x00\\x01x\\x00\\x00\\x00')"
2025-07-16 14:52:34,542 LT1-thread root DEBUG client.py                 80    logger_log                : sending frame '030500070080000178000000'
2025-07-16 14:52:34,542 LT1-thread root DEBUG client.py                 80    logger_log                : l2cap_command_rsp_succ
2025-07-16 14:52:34,542 LT1-thread root DEBUG client.py                 80    logger_log                : read
2025-07-16 14:52:34,623 BTPWorkerThread-2351 (_rx_task) root DEBUG client.py                 80    logger_log                : Read 5 bytes
2025-07-16 14:52:34,643 BTPWorkerThread-2351 (_rx_task) root DEBUG client.py                 80    logger_log                : Received: hdr: Header(svc_id=0x03, op=0x05, ctrl_index=0x00, data_len=0x00) bytearray(b'\x03\x05\x00\x00\x00')
2025-07-16 14:52:34,663 BTPWorkerThread-2351 (_rx_task) root DEBUG client.py                 80    logger_log                : Received data: {''}, bytearray(b'')
2025-07-16 14:52:34,693 LT1-thread root DEBUG client.py                 80    logger_log                : received Header(svc_id=3, op=5, ctrl_index=0, data_len=0) (b'',)
2025-07-16 14:52:34,693 LT1-thread root DEBUG client.py                 80    logger_log                : ClientCallback.get_result run_test_case
2025-07-16 14:52:39,709 LT1-callback ClientCallback.on_implicit_send INFO client.py                 80    logger_log                : 
    ********************
    BEGIN OnImplicitSend:
    project_name: L2CAP
    wid: 51
    test_case_name: L2CAP/ECFC/BV-07-C
    description: Initiate or create LE ACL connection to the PTS.
    style: MMI_Style_Ok_Cancel2 0x11141
2025-07-16 14:52:39,709 LT1-callback ClientCallback.on_implicit_send INFO client.py                 80    logger_log                : Calling test cases on_implicit_send
2025-07-16 14:52:39,709 LT1-callback ClientCallback.on_implicit_send INFO client.py                 80    logger_log                : 
    on_implicit_send returned response: WAIT
    END OnImplicitSend
    ********************
2025-07-16 14:52:39,719 LT1-thread root DEBUG client.py                 80    logger_log                : L2CAP L2CAP/ECFC/BV-07-C on_implicit_send
2025-07-16 14:52:39,719 LT1-thread root DEBUG client.py                 80    logger_log                : l2cap_wid_hdl, 51, Initiate or create LE ACL connection to the PTS., L2CAP/ECFC/BV-07-C
2025-07-16 14:52:39,719 LT1-thread root DEBUG client.py                 80    logger_log                : gap_conn None None
2025-07-16 14:52:39,719 LT1-thread root DEBUG client.py                 80    logger_log                : send, 1 14 0 "bytearray(b'\\x00N\\xe4\\x08\\xdc\\x1b\\x00\\x00')"
2025-07-16 14:52:39,719 LT1-thread root DEBUG client.py                 80    logger_log                : sending frame '010e000800004ee408dc1b0000'
2025-07-16 14:52:39,719 LT1-thread root DEBUG client.py                 80    logger_log                : read
2025-07-16 14:52:39,789 BTPWorkerThread-2351 (_rx_task) root DEBUG client.py                 80    logger_log                : Read 5 bytes
2025-07-16 14:52:39,789 BTPWorkerThread-2351 (_rx_task) root DEBUG client.py                 80    logger_log                : Received: hdr: Header(svc_id=0x01, op=0x0e, ctrl_index=0x00, data_len=0x00) bytearray(b'\x01\x0e\x00\x00\x00')
2025-07-16 14:52:39,789 BTPWorkerThread-2351 (_rx_task) root DEBUG client.py                 80    logger_log                : Received data: {''}, bytearray(b'')
2025-07-16 14:52:39,789 LT1-thread root DEBUG client.py                 80    logger_log                : Sending response 'OK' to wid 51 test case L2CAP/ECFC/BV-07-C
2025-07-16 14:52:39,791 LT1-thread root DEBUG client.py                 80    logger_log                : ClientCallback.get_result run_test_case
2025-07-16 14:52:40,093 BTPWorkerThread-2351 (_rx_task) root DEBUG client.py                 80    logger_log                : Read 5 bytes
2025-07-16 14:52:40,093 BTPWorkerThread-2351 (_rx_task) root DEBUG client.py                 80    logger_log                : Received: hdr: Header(svc_id=0x01, op=0x82, ctrl_index=0x00, data_len=0x0d) bytearray(b'\x01\x82\x00\r\x00')
2025-07-16 14:52:40,093 BTPWorkerThread-2351 (_rx_task) root DEBUG client.py                 80    logger_log                : Read 13 bytes data
2025-07-16 14:52:40,093 BTPWorkerThread-2351 (_rx_task) root DEBUG client.py                 80    logger_log                : Received data: {'00 4e e4 08 dc 1b 00 24 00 00 00 90 01'}, bytearray(b'\x00N\xe4\x08\xdc\x1b\x00$\x00\x00\x00\x90\x01')
2025-07-16 14:52:40,093 BTPWorkerThread-2351 (_rx_task) root DEBUG client.py                 80    logger_log                : event_handler Header(svc_id=1, op=130, ctrl_index=0, data_len=13) (b'\x00N\xe4\x08\xdc\x1b\x00$\x00\x00\x00\x90\x01',)
2025-07-16 14:52:40,093 BTPWorkerThread-2351 (_rx_task) root DEBUG client.py                 80    logger_log                : gap_connected_ev_ b'\x00N\xe4\x08\xdc\x1b\x00$\x00\x00\x00\x90\x01'
2025-07-16 14:52:41,096 LT1-callback ClientCallback.on_implicit_send INFO client.py                 80    logger_log                : 
    ********************
    BEGIN OnImplicitSend:
    project_name: L2CAP
    wid: 255
    test_case_name: L2CAP/ECFC/BV-07-C
    description: Please send L2CAP Credit Based Connection REQ to PTS.
    style: MMI_Style_Ok_Cancel2 0x11141
2025-07-16 14:52:41,096 LT1-callback ClientCallback.on_implicit_send INFO client.py                 80    logger_log                : Calling test cases on_implicit_send
2025-07-16 14:52:41,096 LT1-callback ClientCallback.on_implicit_send INFO client.py                 80    logger_log                : 
    on_implicit_send returned response: WAIT
    END OnImplicitSend
    ********************
2025-07-16 14:52:41,799 LT1-thread root DEBUG client.py                 80    logger_log                : L2CAP L2CAP/ECFC/BV-07-C on_implicit_send
2025-07-16 14:52:41,799 LT1-thread root DEBUG client.py                 80    logger_log                : l2cap_wid_hdl, 255, Please send L2CAP Credit Based Connection REQ to PTS., L2CAP/ECFC/BV-07-C
2025-07-16 14:52:41,799 LT1-thread root DEBUG client.py                 80    logger_log                : l2cap_conn None None 128
2025-07-16 14:52:41,799 LT1-thread root DEBUG client.py                 80    logger_log                : send, 3 2 0 "bytearray(b'\\x00N\\xe4\\x08\\xdc\\x1b\\x00\\x80\\x00x\\x00\\x02\\x01')"
2025-07-16 14:52:41,799 LT1-thread root DEBUG client.py                 80    logger_log                : sending frame '0302000d00004ee408dc1b00800078000201'
2025-07-16 14:52:41,799 LT1-thread root DEBUG client.py                 80    logger_log                : l2cap_conn_rsp
2025-07-16 14:52:41,799 LT1-thread root DEBUG client.py                 80    logger_log                : read
2025-07-16 14:52:41,879 BTPWorkerThread-2351 (_rx_task) root DEBUG client.py                 80    logger_log                : Read 5 bytes
2025-07-16 14:52:41,879 BTPWorkerThread-2351 (_rx_task) root DEBUG client.py                 80    logger_log                : Received: hdr: Header(svc_id=0x03, op=0x02, ctrl_index=0x00, data_len=0x03) bytearray(b'\x03\x02\x00\x03\x00')
2025-07-16 14:52:41,879 BTPWorkerThread-2351 (_rx_task) root DEBUG client.py                 80    logger_log                : Read 3 bytes data
2025-07-16 14:52:41,890 BTPWorkerThread-2351 (_rx_task) root DEBUG client.py                 80    logger_log                : Received data: {'02 00 01'}, bytearray(b'\x02\x00\x01')
2025-07-16 14:52:41,920 BTPWorkerThread-2351 (_rx_task) root DEBUG client.py                 80    logger_log                : Read 5 bytes
2025-07-16 14:52:41,920 LT1-thread root DEBUG client.py                 80    logger_log                : received Header(svc_id=3, op=2, ctrl_index=0, data_len=3) (b'\x02\x00\x01',)
2025-07-16 14:52:41,921 LT1-thread root DEBUG client.py                 80    logger_log                : id [0, 1]
2025-07-16 14:52:41,921 BTPWorkerThread-2351 (_rx_task) root DEBUG client.py                 80    logger_log                : Received: hdr: Header(svc_id=0x03, op=0x81, ctrl_index=0x00, data_len=0x12) bytearray(b'\x03\x81\x00\x12\x00')
2025-07-16 14:52:41,921 BTPWorkerThread-2351 (_rx_task) root DEBUG client.py                 80    logger_log                : Read 18 bytes data
2025-07-16 14:52:41,940 BTPWorkerThread-2351 (_rx_task) root DEBUG client.py                 80    logger_log                : Received data: {'00 1d 00 40 00 40 00 78 00 60 00 00 4e e4 08 dc 1b 00'}, bytearray(b'\x00\x1d\x00@\x00@\x00x\x00`\x00\x00N\xe4\x08\xdc\x1b\x00')
2025-07-16 14:52:41,970 BTPWorkerThread-2351 (_rx_task) root DEBUG client.py                 80    logger_log                : event_handler Header(svc_id=3, op=129, ctrl_index=0, data_len=18) (b'\x00\x1d\x00@\x00@\x00x\x00`\x00\x00N\xe4\x08\xdc\x1b\x00',)
2025-07-16 14:52:41,990 BTPWorkerThread-2351 (_rx_task) root DEBUG client.py                 80    logger_log                : l2cap_connected_ev b'\x00\x1d\x00@\x00@\x00x\x00`\x00\x00N\xe4\x08\xdc\x1b\x00' 18
2025-07-16 14:52:42,010 BTPWorkerThread-2351 (_rx_task) root DEBUG client.py                 80    logger_log                : id:0 on psm:29, peer_mtu:64, peer_mps:64, our_mtu:120, our_mps:96, addr b'N\xe4\x08\xdc\x1b\x00' type 0
2025-07-16 14:52:42,010 BTPWorkerThread-2351 (_rx_task) root DEBUG client.py                 80    logger_log                : Read 5 bytes
2025-07-16 14:52:42,020 BTPWorkerThread-2351 (_rx_task) root DEBUG client.py                 80    logger_log                : Received: hdr: Header(svc_id=0x03, op=0x81, ctrl_index=0x00, data_len=0x12) bytearray(b'\x03\x81\x00\x12\x00')
2025-07-16 14:52:42,030 BTPWorkerThread-2351 (_rx_task) root DEBUG client.py                 80    logger_log                : Read 18 bytes data
2025-07-16 14:52:42,030 BTPWorkerThread-2351 (_rx_task) root DEBUG client.py                 80    logger_log                : Received data: {'01 1d 00 40 00 40 00 78 00 60 00 00 4e e4 08 dc 1b 00'}, bytearray(b'\x01\x1d\x00@\x00@\x00x\x00`\x00\x00N\xe4\x08\xdc\x1b\x00')
2025-07-16 14:52:42,050 BTPWorkerThread-2351 (_rx_task) root DEBUG client.py                 80    logger_log                : event_handler Header(svc_id=3, op=129, ctrl_index=0, data_len=18) (b'\x01\x1d\x00@\x00@\x00x\x00`\x00\x00N\xe4\x08\xdc\x1b\x00',)
2025-07-16 14:52:42,071 BTPWorkerThread-2351 (_rx_task) root DEBUG client.py                 80    logger_log                : l2cap_connected_ev b'\x01\x1d\x00@\x00@\x00x\x00`\x00\x00N\xe4\x08\xdc\x1b\x00' 18
2025-07-16 14:52:42,071 BTPWorkerThread-2351 (_rx_task) root DEBUG client.py                 80    logger_log                : id:1 on psm:29, peer_mtu:64, peer_mps:64, our_mtu:120, our_mps:96, addr b'N\xe4\x08\xdc\x1b\x00' type 0
2025-07-16 14:52:42,071 BTPWorkerThread-2351 (_rx_task) root DEBUG client.py                 80    logger_log                : Read 5 bytes
2025-07-16 14:52:42,071 LT1-thread root DEBUG client.py                 80    logger_log                : Sending response 'OK' to wid 255 test case L2CAP/ECFC/BV-07-C
2025-07-16 14:52:42,071 BTPWorkerThread-2351 (_rx_task) root DEBUG client.py                 80    logger_log                : Received: hdr: Header(svc_id=0x03, op=0x83, ctrl_index=0x00, data_len=0x5d) bytearray(b'\x03\x83\x00]\x00')
2025-07-16 14:52:42,071 BTPWorkerThread-2351 (_rx_task) root DEBUG client.py                 80    logger_log                : Read 93 bytes data
2025-07-16 14:52:42,073 BTPWorkerThread-2351 (_rx_task) root DEBUG client.py                 80    logger_log                : Received data: {'00 5a 00 00 01 02 03 04 05 06 07 08 09 0a 0b 0c 0d 0e 0f 10 11 12 13 14 15 16 17 18 19 1a 1b 1c 1d 1e 1f 20 21 22 23 24 25 26 27 28 29 2a 2b 2c 2d 2e 2f 30 31 32 33 34 35 36 37 38 39 3a 3b 3c 3d 3e 3f 40 41 42 43 44 45 46 47 48 49 4a 4b 4c 4d 4e 4f 50 51 52 53 54 55 56 57 58 59'}, bytearray(b'\x00Z\x00\x00\x01\x02\x03\x04\x05\x06\x07\x08\t\n\x0b\x0c\r\x0e\x0f\x10\x11\x12\x13\x14\x15\x16\x17\x18\x19\x1a\x1b\x1c\x1d\x1e\x1f !"#$%&\'()*+,-./0123456789:;<=>?@ABCDEFGHIJKLMNOPQRSTUVWXY')
2025-07-16 14:52:42,073 BTPWorkerThread-2351 (_rx_task) root DEBUG client.py                 80    logger_log                : event_handler Header(svc_id=3, op=131, ctrl_index=0, data_len=93) (b'\x00Z\x00\x00\x01\x02\x03\x04\x05\x06\x07\x08\t\n\x0b\x0c\r\x0e\x0f\x10\x11\x12\x13\x14\x15\x16\x17\x18\x19\x1a\x1b\x1c\x1d\x1e\x1f !"#$%&\'()*+,-./0123456789:;<=>?@ABCDEFGHIJKLMNOPQRSTUVWXY',)
2025-07-16 14:52:42,073 BTPWorkerThread-2351 (_rx_task) root DEBUG client.py                 80    logger_log                : l2cap_data_rcv_ev b'\x00Z\x00\x00\x01\x02\x03\x04\x05\x06\x07\x08\t\n\x0b\x0c\r\x0e\x0f\x10\x11\x12\x13\x14\x15\x16\x17\x18\x19\x1a\x1b\x1c\x1d\x1e\x1f !"#$%&\'()*+,-./0123456789:;<=>?@ABCDEFGHIJKLMNOPQRSTUVWXY' 93
2025-07-16 14:52:42,073 BTPWorkerThread-2351 (_rx_task) root DEBUG client.py                 80    logger_log                : id:0, data:b'000102030405060708090a0b0c0d0e0f101112131415161718191a1b1c1d1e1f202122232425262728292a2b2c2d2e2f303132333435363738393a3b3c3d3e3f404142434445464748494a4b4c4d4e4f50515253545556575859'
2025-07-16 14:52:42,073 LT1-thread root DEBUG client.py                 80    logger_log                : ClientCallback.get_result run_test_case
2025-07-16 14:52:42,142 BTPWorkerThread-2351 (_rx_task) root DEBUG client.py                 80    logger_log                : Read 5 bytes
2025-07-16 14:52:42,142 BTPWorkerThread-2351 (_rx_task) root DEBUG client.py                 80    logger_log                : Received: hdr: Header(svc_id=0x03, op=0x83, ctrl_index=0x00, data_len=0x5d) bytearray(b'\x03\x83\x00]\x00')
2025-07-16 14:52:42,142 BTPWorkerThread-2351 (_rx_task) root DEBUG client.py                 80    logger_log                : Read 93 bytes data
2025-07-16 14:52:42,142 BTPWorkerThread-2351 (_rx_task) root DEBUG client.py                 80    logger_log                : Received data: {'00 5a 00 00 01 02 03 04 05 06 07 08 09 0a 0b 0c 0d 0e 0f 10 11 12 13 14 15 16 17 18 19 1a 1b 1c 1d 1e 1f 20 21 22 23 24 25 26 27 28 29 2a 2b 2c 2d 2e 2f 30 31 32 33 34 35 36 37 38 39 3a 3b 3c 3d 3e 3f 40 41 42 43 44 45 46 47 48 49 4a 4b 4c 4d 4e 4f 50 51 52 53 54 55 56 57 58 59'}, bytearray(b'\x00Z\x00\x00\x01\x02\x03\x04\x05\x06\x07\x08\t\n\x0b\x0c\r\x0e\x0f\x10\x11\x12\x13\x14\x15\x16\x17\x18\x19\x1a\x1b\x1c\x1d\x1e\x1f !"#$%&\'()*+,-./0123456789:;<=>?@ABCDEFGHIJKLMNOPQRSTUVWXY')
2025-07-16 14:52:42,142 BTPWorkerThread-2351 (_rx_task) root DEBUG client.py                 80    logger_log                : event_handler Header(svc_id=3, op=131, ctrl_index=0, data_len=93) (b'\x00Z\x00\x00\x01\x02\x03\x04\x05\x06\x07\x08\t\n\x0b\x0c\r\x0e\x0f\x10\x11\x12\x13\x14\x15\x16\x17\x18\x19\x1a\x1b\x1c\x1d\x1e\x1f !"#$%&\'()*+,-./0123456789:;<=>?@ABCDEFGHIJKLMNOPQRSTUVWXY',)
2025-07-16 14:52:42,142 BTPWorkerThread-2351 (_rx_task) root DEBUG client.py                 80    logger_log                : l2cap_data_rcv_ev b'\x00Z\x00\x00\x01\x02\x03\x04\x05\x06\x07\x08\t\n\x0b\x0c\r\x0e\x0f\x10\x11\x12\x13\x14\x15\x16\x17\x18\x19\x1a\x1b\x1c\x1d\x1e\x1f !"#$%&\'()*+,-./0123456789:;<=>?@ABCDEFGHIJKLMNOPQRSTUVWXY' 93
2025-07-16 14:52:42,142 BTPWorkerThread-2351 (_rx_task) root DEBUG client.py                 80    logger_log                : id:0, data:b'000102030405060708090a0b0c0d0e0f101112131415161718191a1b1c1d1e1f202122232425262728292a2b2c2d2e2f303132333435363738393a3b3c3d3e3f404142434445464748494a4b4c4d4e4f50515253545556575859'
2025-07-16 14:52:42,530 BTPWorkerThread-2351 (_rx_task) root DEBUG client.py                 80    logger_log                : Read 5 bytes
2025-07-16 14:52:42,530 BTPWorkerThread-2351 (_rx_task) root DEBUG client.py                 80    logger_log                : Received: hdr: Header(svc_id=0x03, op=0x82, ctrl_index=0x00, data_len=0x0c) bytearray(b'\x03\x82\x00\x0c\x00')
2025-07-16 14:52:42,530 BTPWorkerThread-2351 (_rx_task) root DEBUG client.py                 80    logger_log                : Read 12 bytes data
2025-07-16 14:52:42,530 BTPWorkerThread-2351 (_rx_task) root DEBUG client.py                 80    logger_log                : Received data: {'00 00 00 00 00 00 4e e4 08 dc 1b 00'}, bytearray(b'\x00\x00\x00\x00\x00\x00N\xe4\x08\xdc\x1b\x00')
2025-07-16 14:52:42,530 BTPWorkerThread-2351 (_rx_task) root DEBUG client.py                 80    logger_log                : event_handler Header(svc_id=3, op=130, ctrl_index=0, data_len=12) (b'\x00\x00\x00\x00\x00\x00N\xe4\x08\xdc\x1b\x00',)
2025-07-16 14:52:42,530 BTPWorkerThread-2351 (_rx_task) root DEBUG client.py                 80    logger_log                : l2cap_disconnected_ev b'\x00\x00\x00\x00\x00\x00N\xe4\x08\xdc\x1b\x00' 12
2025-07-16 14:52:42,530 BTPWorkerThread-2351 (_rx_task) root DEBUG client.py                 80    logger_log                : id:0 on psm:0, addr b'N\xe4\x08\xdc\x1b\x00' type 0, res 'Success'
2025-07-16 14:52:42,530 BTPWorkerThread-2351 (_rx_task) root DEBUG client.py                 80    logger_log                : Read 5 bytes
2025-07-16 14:52:42,530 BTPWorkerThread-2351 (_rx_task) root DEBUG client.py                 80    logger_log                : Received: hdr: Header(svc_id=0x03, op=0x82, ctrl_index=0x00, data_len=0x0c) bytearray(b'\x03\x82\x00\x0c\x00')
2025-07-16 14:52:42,530 BTPWorkerThread-2351 (_rx_task) root DEBUG client.py                 80    logger_log                : Read 3 bytes data
2025-07-16 14:52:42,551 BTPWorkerThread-2351 (_rx_task) root DEBUG client.py                 80    logger_log                : Read 9 bytes data
2025-07-16 14:52:42,551 BTPWorkerThread-2351 (_rx_task) root DEBUG client.py                 80    logger_log                : Received data: {'00 00 01 00 00 00 4e e4 08 dc 1b 00'}, bytearray(b'\x00\x00\x01\x00\x00\x00N\xe4\x08\xdc\x1b\x00')
2025-07-16 14:52:42,551 BTPWorkerThread-2351 (_rx_task) root DEBUG client.py                 80    logger_log                : event_handler Header(svc_id=3, op=130, ctrl_index=0, data_len=12) (b'\x00\x00\x01\x00\x00\x00N\xe4\x08\xdc\x1b\x00',)
2025-07-16 14:52:42,551 BTPWorkerThread-2351 (_rx_task) root DEBUG client.py                 80    logger_log                : l2cap_disconnected_ev b'\x00\x00\x01\x00\x00\x00N\xe4\x08\xdc\x1b\x00' 12
2025-07-16 14:52:42,551 BTPWorkerThread-2351 (_rx_task) root DEBUG client.py                 80    logger_log                : id:1 on psm:0, addr b'N\xe4\x08\xdc\x1b\x00' type 0, res 'Success'
2025-07-16 14:52:42,551 BTPWorkerThread-2351 (_rx_task) root DEBUG client.py                 80    logger_log                : Read 5 bytes
2025-07-16 14:52:42,551 BTPWorkerThread-2351 (_rx_task) root DEBUG client.py                 80    logger_log                : Received: hdr: Header(svc_id=0x01, op=0x83, ctrl_index=0x00, data_len=0x07) bytearray(b'\x01\x83\x00\x07\x00')
2025-07-16 14:52:42,551 BTPWorkerThread-2351 (_rx_task) root DEBUG client.py                 80    logger_log                : Read 7 bytes data
2025-07-16 14:52:42,551 BTPWorkerThread-2351 (_rx_task) root DEBUG client.py                 80    logger_log                : Received data: {'00 4e e4 08 dc 1b 00'}, bytearray(b'\x00N\xe4\x08\xdc\x1b\x00')
2025-07-16 14:52:42,551 BTPWorkerThread-2351 (_rx_task) root DEBUG client.py                 80    logger_log                : event_handler Header(svc_id=1, op=131, ctrl_index=0, data_len=7) (b'\x00N\xe4\x08\xdc\x1b\x00',)
2025-07-16 14:52:42,551 BTPWorkerThread-2351 (_rx_task) root DEBUG client.py                 80    logger_log                : gap_disconnected_ev_ b'\x00N\xe4\x08\xdc\x1b\x00'
2025-07-16 14:52:45,030 LT1-callback ClientCallback.log INFO client.py                 80    logger_log                : PTS_LOGTYPE_START_TEST Start Test Case 

+156 ms
 L2CAP/ECFC/BV-07-C L2CAP/ECFC/BV-07-C

2025-07-16 14:52:45,583 LT1-callback ClientCallback.log INFO client.py                 80    logger_log                : PTS_LOGTYPE_FINAL_VERDICT Final Verdict 

+9703 ms
 L2CAP/ECFC/BV-07-C PASS

2025-07-16 14:52:45,593 LT1-callback ClientCallback.log INFO client.py                 80    logger_log                : PTS_LOGTYPE_FINAL_VERDICT Encrypted Verdict 

+9703 ms
 L2CAP/ECFC/BV-07-C A1#ZWY4MzQ5MDg3MmQwNTIxOGQzMzQ5YjY2ODA5M2MzNjQ5ZDY4NmY0Yjc2MzIzM2VkNTUyNTFhNGU4Mjg1MjI0NA==#xnWzHf7Y3tSmWwuxWTBBzrnRsMnZgqH2MWmCGqwThEW+9lKxmNncZNJq3fJVTyop

2025-07-16 14:52:45,593 LT1-callback ClientCallback.log INFO client.py                 80    logger_log                : PTS_LOGTYPE_END_TEST Test Case Ended 

+9703 ms
 L2CAP/ECFC/BV-07-C L2CAP/ECFC/BV-07-C

2025-07-16 14:52:45,760 LT1-callback root DEBUG client.py                 80    logger_log                : ClientCallback, set_result, run_test_case, PASS
2025-07-16 14:52:45,765 LT1-thread root DEBUG client.py                 80    logger_log                : After run_test_case error_code=0 status='PASS'
2025-07-16 14:52:45,765 LT1-thread root DEBUG client.py                 80    logger_log                : post_run L2CAP L2CAP/ECFC/BV-07-C 0
2025-07-16 14:52:45,765 LT1-thread root DEBUG client.py                 80    logger_log                : Starting test function: class=<class 'autopts.ptsprojects.testcase.TestFuncCleanUp'>, func=<bound method Stack.cleanup of <autopts.ptsprojects.stack.stack.Stack object at 0x0000020582262CC0>> start_wid=None stop_wid=None post_wid=None skip_call=None call_count=1 args=() kwds={}
2025-07-16 14:52:45,765 LT1-thread root DEBUG client.py                 80    logger_log                : Test function parameters: args=(), kwds={}
2025-07-16 14:52:45,765 LT1-thread root DEBUG client.py                 80    logger_log                : Starting test function: class=<class 'autopts.ptsprojects.testcase.TestFuncCleanUp'>, func=<bound method ZephyrCtl.stop of <autopts.ptsprojects.zephyr.iutctl.ZephyrCtl object at 0x0000020582141670>> start_wid=None stop_wid=None post_wid=None skip_call=None call_count=1 args=() kwds={}
2025-07-16 14:52:45,765 LT1-thread root DEBUG client.py                 80    logger_log                : Test function parameters: args=(), kwds={}
2025-07-16 14:52:45,765 LT1-thread root DEBUG client.py                 80    logger_log                : <class 'autopts.ptsprojects.zephyr.iutctl.ZephyrCtl'>.stop
2025-07-16 14:52:45,765 LT1-thread root DEBUG client.py                 80    logger_log                : About to reset DUT: JLink -CommandFile reset.jlink -usb 1063214216 -device MIMXRT1176XXXA_M7
2025-07-16 14:52:46,126 BTPWorkerThread-2351 (_rx_task) root DEBUG client.py                 80    logger_log                : Read 5 bytes
2025-07-16 14:52:46,147 BTPWorkerThread-2351 (_rx_task) root DEBUG client.py                 80    logger_log                : Received: hdr: Header(svc_id=0x00, op=0x80, ctrl_index=0xff, data_len=0x00) bytearray(b'\x00\x80\xff\x00\x00')
2025-07-16 14:52:46,167 BTPWorkerThread-2351 (_rx_task) root DEBUG client.py                 80    logger_log                : Received data: {''}, bytearray(b'')
2025-07-16 14:52:46,197 BTPWorkerThread-2351 (_rx_task) root DEBUG client.py                 80    logger_log                : event_handler Header(svc_id=0, op=128, ctrl_index=255, data_len=0) (b'',)
2025-07-16 14:52:46,217 BTPWorkerThread-2351 (_rx_task) root DEBUG client.py                 80    logger_log                : core_iut_ready_ev
2025-07-16 14:52:46,217 LT1-thread root DEBUG client.py                 80    logger_log                : IUT ready event received OK
2025-07-16 14:52:46,217 LT1-thread root DEBUG client.py                 80    logger_log                : Waiting for _rx_worker to finish ...
2025-07-16 14:52:47,227 LT1-thread root DEBUG client.py                 80    logger_log                : Waiting for _rx_worker to finish ...
2025-07-16 14:52:47,227 BTPWorkerThread-2351 (_rx_task) root DEBUG client.py                 80    logger_log                : BTPWorkerThread-2351 (_rx_task) finishing...
2025-07-16 14:52:50,234 LT1-thread root DEBUG client.py                 80    logger_log                : post_run, cleanup running post test case script
2025-07-16 14:52:50,234 LT1-thread root DEBUG client.py                 80    logger_log                : post_run, run post test case script
2025-07-16 14:52:50,354 LT1-thread root DEBUG client.py                 80    logger_log                : Done TestCase _run_test_case L2CAP L2CAP/ECFC/BV-07-C
