2026-03-11 17:55:35,087 LT1-thread root DEBUG client.py                 82    logger_log                : Starting TestCase _run_test_case PBAP PBAP/PSE/PBB/BI-01-C
2026-03-11 17:55:35,087 LT1-thread root DEBUG client.py                 82    logger_log                : pre_run PBAP PBAP/PSE/PBB/BI-01-C
2026-03-11 17:55:35,087 LT1-thread root DEBUG client.py                 82    logger_log                : About to run test case PBAP PBAP/PSE/PBB/BI-01-C with commands:
2026-03-11 17:55:35,087 LT1-thread root DEBUG client.py                 82    logger_log                : 0) class=<class 'autopts.ptsprojects.testcase.TestFunc'>, func=<bound method Stack.core_init of <autopts.ptsprojects.stack.stack.Stack object at 0x00000272738E3D70>> start_wid=None stop_wid=None post_wid=None skip_call=None call_count=1 args=() kwds={}
2026-03-11 17:55:35,088 LT1-thread root DEBUG client.py                 82    logger_log                : 1) class=<class 'autopts.ptsprojects.testcase.TestFunc'>, func=<bound method IutCtl.start of <autopts.ptsprojects.zephyr.iutctl.ZephyrCtl object at 0x0000027273682600>> start_wid=None stop_wid=None post_wid=None skip_call=None call_count=1 args=(<autopts.ptsprojects.zephyr.ztestcase.ZTestCase object at 0x0000027274A6E3C0>,) kwds={}
2026-03-11 17:55:35,088 LT1-thread root DEBUG client.py                 82    logger_log                : 2) class=<class 'autopts.ptsprojects.testcase.TestFunc'>, func=<bound method IutCtl.wait_iut_ready_event of <autopts.ptsprojects.zephyr.iutctl.ZephyrCtl object at 0x0000027273682600>> start_wid=None stop_wid=None post_wid=None skip_call=None call_count=1 args=(False,) kwds={}
2026-03-11 17:55:35,088 LT1-thread root DEBUG client.py                 82    logger_log                : 3) class=<class 'autopts.ptsprojects.testcase.TestFunc'>, func=<function core_reg_svc_gap at 0x0000027272277EC0> start_wid=None stop_wid=None post_wid=None skip_call=None call_count=186 args=() kwds={}
2026-03-11 17:55:35,088 LT1-thread root DEBUG client.py                 82    logger_log                : 4) class=<class 'autopts.ptsprojects.testcase.TestFunc'>, func=<bound method Stack.gap_init of <autopts.ptsprojects.stack.stack.Stack object at 0x00000272738E3D70>> start_wid=None stop_wid=None post_wid=None skip_call=None call_count=183 args=(b'Tester_08E44E',) kwds={}
2026-03-11 17:55:35,088 LT1-thread root DEBUG client.py                 82    logger_log                : 5) class=<class 'autopts.ptsprojects.testcase.TestFunc'>, func=<function gap_read_ctrl_info at 0x00000272722AEFC0> start_wid=None stop_wid=None post_wid=None skip_call=None call_count=183 args=() kwds={}
2026-03-11 17:55:35,088 LT1-thread root DEBUG client.py                 82    logger_log                : 6) class=<class 'autopts.ptsprojects.testcase.TestFunc'>, func=<function test_cases.<locals>.<lambda> at 0x00000272749FD9E0> start_wid=None stop_wid=None post_wid=None skip_call=None call_count=182 args=() kwds={}
2026-03-11 17:55:35,088 LT1-thread root DEBUG client.py                 82    logger_log                : 7) class=<class 'autopts.ptsprojects.testcase.TestFunc'>, func=<function set_pts_addr at 0x0000027272277A60> start_wid=None stop_wid=None post_wid=None skip_call=None call_count=182 args=('00:1B:DC:08:E4:4E', 0) kwds={}
2026-03-11 17:55:35,088 LT1-thread root DEBUG client.py                 82    logger_log                : 8) class=<class 'autopts.ptsprojects.testcase.TestFunc'>, func=<function core_reg_svc_gatt at 0x0000027272298040> start_wid=None stop_wid=None post_wid=None skip_call=None call_count=182 args=() kwds={}
2026-03-11 17:55:35,089 LT1-thread root DEBUG client.py                 82    logger_log                : 9) class=<class 'autopts.ptsprojects.testcase.TestFunc'>, func=<bound method Stack.gatt_init of <autopts.ptsprojects.stack.stack.Stack object at 0x00000272738E3D70>> start_wid=None stop_wid=None post_wid=None skip_call=None call_count=182 args=() kwds={}
2026-03-11 17:55:35,089 LT1-thread root DEBUG client.py                 82    logger_log                : 10) class=<class 'autopts.ptsprojects.testcase.TestFunc'>, func=<function core_reg_svc_pbap at 0x0000027272299620> start_wid=None stop_wid=None post_wid=None skip_call=None call_count=182 args=() kwds={}
2026-03-11 17:55:35,089 LT1-thread root DEBUG client.py                 82    logger_log                : 11) class=<class 'autopts.ptsprojects.testcase.TestFunc'>, func=<bound method Stack.pbap_init of <autopts.ptsprojects.stack.stack.Stack object at 0x00000272738E3D70>> start_wid=None stop_wid=None post_wid=None skip_call=None call_count=182 args=() kwds={}
2026-03-11 17:55:35,089 LT1-thread root DEBUG client.py                 82    logger_log                : 12) class=<class 'autopts.ptsprojects.testcase.TestFuncCleanUp'>, func=<bound method Stack.cleanup of <autopts.ptsprojects.stack.stack.Stack object at 0x00000272738E3D70>> start_wid=None stop_wid=None post_wid=None skip_call=None call_count=1 args=() kwds={}
2026-03-11 17:55:35,089 LT1-thread root DEBUG client.py                 82    logger_log                : 13) class=<class 'autopts.ptsprojects.testcase.TestFuncCleanUp'>, func=<bound method ZephyrCtl.stop of <autopts.ptsprojects.zephyr.iutctl.ZephyrCtl object at 0x0000027273682600>> start_wid=None stop_wid=None post_wid=None skip_call=None call_count=1 args=() kwds={}
2026-03-11 17:55:35,089 LT1-thread root DEBUG client.py                 82    logger_log                : pre_run, run pre test case script
2026-03-11 17:55:35,116 LT1-thread root DEBUG client.py                 82    logger_log                : Starting test function: class=<class 'autopts.ptsprojects.testcase.TestFunc'>, func=<bound method Stack.core_init of <autopts.ptsprojects.stack.stack.Stack object at 0x00000272738E3D70>> start_wid=None stop_wid=None post_wid=None skip_call=None call_count=2 args=() kwds={}
2026-03-11 17:55:35,116 LT1-thread root DEBUG client.py                 82    logger_log                : Test function parameters: args=(), kwds={}
2026-03-11 17:55:35,116 LT1-thread root DEBUG client.py                 82    logger_log                : Starting test function: class=<class 'autopts.ptsprojects.testcase.TestFunc'>, func=<bound method IutCtl.start of <autopts.ptsprojects.zephyr.iutctl.ZephyrCtl object at 0x0000027273682600>> start_wid=None stop_wid=None post_wid=None skip_call=None call_count=2 args=(<autopts.ptsprojects.zephyr.ztestcase.ZTestCase object at 0x0000027274A6E3C0>,) kwds={}
2026-03-11 17:55:35,116 LT1-thread root DEBUG client.py                 82    logger_log                : Test function parameters: args=(<autopts.ptsprojects.zephyr.ztestcase.ZTestCase object at 0x0000027274A6E3C0>,), kwds={}
2026-03-11 17:55:35,116 LT1-thread root DEBUG client.py                 82    logger_log                : <class 'autopts.ptsprojects.zephyr.iutctl.ZephyrCtl'>.start
2026-03-11 17:55:35,117 LT1-thread root DEBUG client.py                 82    logger_log                : <class 'autopts.ptsprojects.zephyr.iutctl.ZephyrCtl'>.flush_serial
2026-03-11 17:55:36,376 LT1-thread root DEBUG client.py                 82    logger_log                : Starting socat process: socat.exe -x -v tcp:10.17.12.9:57521,retry=100,interval=1 /dev/ttyS2,raw,b115200,
2026-03-11 17:55:36,398 LT1-thread root DEBUG client.py                 82    logger_log                : accept
2026-03-11 17:55:36,480 BTPWorkerThread-8650 (_rx_task) root DEBUG client.py                 82    logger_log                : BTPWorkerThread-8650 (_rx_task) started
2026-03-11 17:55:36,480 LT1-thread root DEBUG client.py                 82    logger_log                : Starting test function: class=<class 'autopts.ptsprojects.testcase.TestFunc'>, func=<bound method IutCtl.wait_iut_ready_event of <autopts.ptsprojects.zephyr.iutctl.ZephyrCtl object at 0x0000027273682600>> start_wid=None stop_wid=None post_wid=None skip_call=None call_count=2 args=(False,) kwds={}
2026-03-11 17:55:36,480 LT1-thread root DEBUG client.py                 82    logger_log                : Test function parameters: args=(False,), kwds={}
2026-03-11 17:55:36,481 LT1-thread root DEBUG client.py                 82    logger_log                : IUT ready event received OK
2026-03-11 17:55:36,481 LT1-thread root DEBUG client.py                 82    logger_log                : Starting test function: class=<class 'autopts.ptsprojects.testcase.TestFunc'>, func=<function core_reg_svc_gap at 0x0000027272277EC0> start_wid=None stop_wid=None post_wid=None skip_call=None call_count=187 args=() kwds={}
2026-03-11 17:55:36,482 LT1-thread root DEBUG client.py                 82    logger_log                : Test function parameters: args=(), kwds={}
2026-03-11 17:55:36,482 LT1-thread root DEBUG client.py                 82    logger_log                : core_reg_svc_univ: gap_reg (GAP)
2026-03-11 17:55:36,482 LT1-thread root DEBUG client.py                 82    logger_log                : send, 0 3 255 '1'
2026-03-11 17:55:36,482 LT1-thread root DEBUG client.py                 82    logger_log                : sending frame '0003ff010001'
2026-03-11 17:55:36,482 LT1-thread root DEBUG client.py                 82    logger_log                : core_reg_svc_rsp_succ
2026-03-11 17:55:36,482 LT1-thread root DEBUG client.py                 82    logger_log                : read
2026-03-11 17:55:40,672 BTPWorkerThread-8650 (_rx_task) root DEBUG client.py                 82    logger_log                : Read 5 bytes
2026-03-11 17:55:40,672 BTPWorkerThread-8650 (_rx_task) root DEBUG client.py                 82    logger_log                : Received: hdr: Header(svc_id=0x00, op=0x03, ctrl_index=0xff, data_len=0x00) bytearray(b'\x00\x03\xff\x00\x00')
2026-03-11 17:55:40,684 BTPWorkerThread-8650 (_rx_task) root DEBUG client.py                 82    logger_log                : Received data: {''}, bytearray(b'')
2026-03-11 17:55:40,695 LT1-thread root DEBUG client.py                 82    logger_log                : received Header(svc_id=0, op=3, ctrl_index=255, data_len=0) (b'',)
2026-03-11 17:55:40,695 LT1-thread root DEBUG client.py                 82    logger_log                : expected ((0, 3, 255, 0), (b'',))
2026-03-11 17:55:40,695 LT1-thread root DEBUG client.py                 82    logger_log                : response is valid
2026-03-11 17:55:40,695 LT1-thread root DEBUG client.py                 82    logger_log                : Reading supported commands for service: GAP
2026-03-11 17:55:40,696 LT1-thread root DEBUG client.py                 82    logger_log                : send, 1 1 255 ''
2026-03-11 17:55:40,696 LT1-thread root DEBUG client.py                 82    logger_log                : sending frame '0101ff0000'
2026-03-11 17:55:40,696 LT1-thread root DEBUG client.py                 82    logger_log                : read
2026-03-11 17:55:40,735 BTPWorkerThread-8650 (_rx_task) root DEBUG client.py                 82    logger_log                : Read 5 bytes
2026-03-11 17:55:40,751 BTPWorkerThread-8650 (_rx_task) root DEBUG client.py                 82    logger_log                : Received: hdr: Header(svc_id=0x01, op=0x01, ctrl_index=0xff, data_len=0x07) bytearray(b'\x01\x01\xff\x07\x00')
2026-03-11 17:55:40,783 BTPWorkerThread-8650 (_rx_task) root DEBUG client.py                 82    logger_log                : Read 7 bytes data
2026-03-11 17:55:40,790 BTPWorkerThread-8650 (_rx_task) root DEBUG client.py                 82    logger_log                : Received data: {'6e ff 7f 1f fe f7 0e'}, bytearray(b'n\xff\x7f\x1f\xfe\xf7\x0e')
2026-03-11 17:55:40,795 LT1-thread root DEBUG client.py                 82    logger_log                : Starting test function: class=<class 'autopts.ptsprojects.testcase.TestFunc'>, func=<bound method Stack.gap_init of <autopts.ptsprojects.stack.stack.Stack object at 0x00000272738E3D70>> start_wid=None stop_wid=None post_wid=None skip_call=None call_count=184 args=(b'Tester_08E44E',) kwds={}
2026-03-11 17:55:40,795 LT1-thread root DEBUG client.py                 82    logger_log                : Test function parameters: args=(b'Tester_08E44E',), kwds={}
2026-03-11 17:55:40,796 LT1-thread root DEBUG client.py                 82    logger_log                : Starting test function: class=<class 'autopts.ptsprojects.testcase.TestFunc'>, func=<function gap_read_ctrl_info at 0x00000272722AEFC0> start_wid=None stop_wid=None post_wid=None skip_call=None call_count=184 args=() kwds={}
2026-03-11 17:55:40,796 LT1-thread root DEBUG client.py                 82    logger_log                : Test function parameters: args=(), kwds={}
2026-03-11 17:55:40,796 LT1-thread root DEBUG client.py                 82    logger_log                : gap_read_ctrl_info
2026-03-11 17:55:40,796 LT1-thread root DEBUG client.py                 82    logger_log                : send, 1 3 0 ''
2026-03-11 17:55:40,796 LT1-thread root DEBUG client.py                 82    logger_log                : sending frame '0103000000'
2026-03-11 17:55:40,796 LT1-thread root DEBUG client.py                 82    logger_log                : read
2026-03-11 17:55:40,828 BTPWorkerThread-8650 (_rx_task) root DEBUG client.py                 82    logger_log                : Read 5 bytes
2026-03-11 17:55:40,839 BTPWorkerThread-8650 (_rx_task) root DEBUG client.py                 82    logger_log                : Received: hdr: Header(svc_id=0x01, op=0x03, ctrl_index=0x00, data_len=0x115) bytearray(b'\x01\x03\x00\x15\x01')
2026-03-11 17:55:40,855 BTPWorkerThread-8650 (_rx_task) root DEBUG client.py                 82    logger_log                : Read 277 bytes data
2026-03-11 17:55:40,866 BTPWorkerThread-8650 (_rx_task) root DEBUG client.py                 82    logger_log                : Received data: {'19 78 ee 69 17 d0 d3 06 02 00 13 02 00 00 00 00 00 62 74 70 5f 74 65 73 74 65 72 00 00 00 00 00 00 00 00 00 00 00 00 00 00 00 00 00 00 00 00 00 00 00 00 00 00 00 00 00 00 00 00 00 00 00 00 00 00 00 00 00 00 00 00 00 00 00 00 00 00 00 00 00 00 00 00 00 00 00 00 00 00 00 00 00 00 00 00 00 00 00 00 00 00 00 00 00 00 00 00 00 00 00 00 00 00 00 00 00 00 00 00 00 00 00 00 00 00 00 00 00 00 00 00 00 00 00 00 00 00 00 00 00 00 00 00 00 00 00 00 00 00 00 00 00 00 00 00 00 00 00 00 00 00 00 00 00 00 00 00 00 00 00 00 00 00 00 00 00 00 00 00 00 00 00 00 00 00 00 00 00 00 00 00 00 00 00 00 00 00 00 00 00 00 00 00 00 00 00 00 00 00 00 00 00 00 00 00 00 00 00 00 00 00 00 00 00 00 00 00 00 00 00 00 00 00 00 00 00 00 00 00 00 00 00 00 00 00 00 00 00 00 00 00 00 00 00 00 00 00 00 00 00 00 00 00 00 00 00 00 00 00 00 00 00 00 00 00 00 00'}, bytearray(b'\x19x\xeei\x17\xd0\xd3\x06\x02\x00\x13\x02\x00\x00\x00\x00\x00btp_tester\x00\x00\x00\x00\x00\x00\x00\x00\x00\x00\x00\x00\x00\x00\x00\x00\x00\x00\x00\x00\x00\x00\x00\x00\x00\x00\x00\x00\x00\x00\x00\x00\x00\x00\x00\x00\x00\x00\x00\x00\x00\x00\x00\x00\x00\x00\x00\x00\x00\x00\x00\x00\x00\x00\x00\x00\x00\x00\x00\x00\x00\x00\x00\x00\x00\x00\x00\x00\x00\x00\x00\x00\x00\x00\x00\x00\x00\x00\x00\x00\x00\x00\x00\x00\x00\x00\x00\x00\x00\x00\x00\x00\x00\x00\x00\x00\x00\x00\x00\x00\x00\x00\x00\x00\x00\x00\x00\x00\x00\x00\x00\x00\x00\x00\x00\x00\x00\x00\x00\x00\x00\x00\x00\x00\x00\x00\x00\x00\x00\x00\x00\x00\x00\x00\x00\x00\x00\x00\x00\x00\x00\x00\x00\x00\x00\x00\x00\x00\x00\x00\x00\x00\x00\x00\x00\x00\x00\x00\x00\x00\x00\x00\x00\x00\x00\x00\x00\x00\x00\x00\x00\x00\x00\x00\x00\x00\x00\x00\x00\x00\x00\x00\x00\x00\x00\x00\x00\x00\x00\x00\x00\x00\x00\x00\x00\x00\x00\x00\x00\x00\x00\x00\x00\x00\x00\x00\x00\x00\x00\x00\x00\x00\x00\x00\x00\x00\x00\x00\x00\x00\x00\x00\x00\x00\x00\x00\x00\x00\x00\x00\x00\x00\x00\x00\x00\x00\x00\x00\x00\x00\x00\x00\x00\x00\x00\x00\x00\x00\x00\x00')
2026-03-11 17:55:40,877 LT1-thread root DEBUG client.py                 82    logger_log                : received Header(svc_id=1, op=3, ctrl_index=0, data_len=277) (b'\x19x\xeei\x17\xd0\xd3\x06\x02\x00\x13\x02\x00\x00\x00\x00\x00btp_tester\x00\x00\x00\x00\x00\x00\x00\x00\x00\x00\x00\x00\x00\x00\x00\x00\x00\x00\x00\x00\x00\x00\x00\x00\x00\x00\x00\x00\x00\x00\x00\x00\x00\x00\x00\x00\x00\x00\x00\x00\x00\x00\x00\x00\x00\x00\x00\x00\x00\x00\x00\x00\x00\x00\x00\x00\x00\x00\x00\x00\x00\x00\x00\x00\x00\x00\x00\x00\x00\x00\x00\x00\x00\x00\x00\x00\x00\x00\x00\x00\x00\x00\x00\x00\x00\x00\x00\x00\x00\x00\x00\x00\x00\x00\x00\x00\x00\x00\x00\x00\x00\x00\x00\x00\x00\x00\x00\x00\x00\x00\x00\x00\x00\x00\x00\x00\x00\x00\x00\x00\x00\x00\x00\x00\x00\x00\x00\x00\x00\x00\x00\x00\x00\x00\x00\x00\x00\x00\x00\x00\x00\x00\x00\x00\x00\x00\x00\x00\x00\x00\x00\x00\x00\x00\x00\x00\x00\x00\x00\x00\x00\x00\x00\x00\x00\x00\x00\x00\x00\x00\x00\x00\x00\x00\x00\x00\x00\x00\x00\x00\x00\x00\x00\x00\x00\x00\x00\x00\x00\x00\x00\x00\x00\x00\x00\x00\x00\x00\x00\x00\x00\x00\x00\x00\x00\x00\x00\x00\x00\x00\x00\x00\x00\x00\x00\x00\x00\x00\x00\x00\x00\x00\x00\x00\x00\x00\x00\x00\x00\x00\x00\x00\x00\x00\x00\x00\x00\x00\x00\x00\x00\x00\x00\x00\x00\x00\x00\x00\x00\x00',)
2026-03-11 17:55:40,877 LT1-thread root DEBUG client.py                 82    logger_log                : IUT address 'd01769ee7819' 'public'
2026-03-11 17:55:40,877 LT1-thread root DEBUG client.py                 82    logger_log                : __gap_current_settings_update 531
2026-03-11 17:55:40,878 LT1-thread root DEBUG client.py                 82    logger_log                : Starting test function: class=<class 'autopts.ptsprojects.testcase.TestFunc'>, func=<function test_cases.<locals>.<lambda> at 0x00000272749FD9E0> start_wid=None stop_wid=None post_wid=None skip_call=None call_count=183 args=() kwds={}
2026-03-11 17:55:40,878 LT1-thread root DEBUG client.py                 82    logger_log                : Test function parameters: args=(), kwds={}
2026-03-11 17:55:40,881 LT1-thread root DEBUG client.py                 82    logger_log                : Starting test function: class=<class 'autopts.ptsprojects.testcase.TestFunc'>, func=<function set_pts_addr at 0x0000027272277A60> start_wid=None stop_wid=None post_wid=None skip_call=None call_count=183 args=('00:1B:DC:08:E4:4E', 0) kwds={}
2026-03-11 17:55:40,881 LT1-thread root DEBUG client.py                 82    logger_log                : Test function parameters: args=('00:1B:DC:08:E4:4E', 0), kwds={}
2026-03-11 17:55:40,881 LT1-thread root DEBUG client.py                 82    logger_log                : Starting test function: class=<class 'autopts.ptsprojects.testcase.TestFunc'>, func=<function core_reg_svc_gatt at 0x0000027272298040> start_wid=None stop_wid=None post_wid=None skip_call=None call_count=183 args=() kwds={}
2026-03-11 17:55:40,881 LT1-thread root DEBUG client.py                 82    logger_log                : Test function parameters: args=(), kwds={}
2026-03-11 17:55:40,882 LT1-thread root DEBUG client.py                 82    logger_log                : core_reg_svc_univ: gatt_reg (GATT)
2026-03-11 17:55:40,882 LT1-thread root DEBUG client.py                 82    logger_log                : send, 0 3 255 '2'
2026-03-11 17:55:40,882 LT1-thread root DEBUG client.py                 82    logger_log                : sending frame '0003ff010002'
2026-03-11 17:55:40,882 LT1-thread root DEBUG client.py                 82    logger_log                : core_reg_svc_rsp_succ
2026-03-11 17:55:40,882 LT1-thread root DEBUG client.py                 82    logger_log                : read
2026-03-11 17:55:40,915 BTPWorkerThread-8650 (_rx_task) root DEBUG client.py                 82    logger_log                : Read 5 bytes
2026-03-11 17:55:40,926 BTPWorkerThread-8650 (_rx_task) root DEBUG client.py                 82    logger_log                : Received: hdr: Header(svc_id=0x00, op=0x03, ctrl_index=0xff, data_len=0x00) bytearray(b'\x00\x03\xff\x00\x00')
2026-03-11 17:55:40,937 BTPWorkerThread-8650 (_rx_task) root DEBUG client.py                 82    logger_log                : Received data: {''}, bytearray(b'')
2026-03-11 17:55:40,948 LT1-thread root DEBUG client.py                 82    logger_log                : received Header(svc_id=0, op=3, ctrl_index=255, data_len=0) (b'',)
2026-03-11 17:55:40,948 LT1-thread root DEBUG client.py                 82    logger_log                : expected ((0, 3, 255, 0), (b'',))
2026-03-11 17:55:40,948 LT1-thread root DEBUG client.py                 82    logger_log                : response is valid
2026-03-11 17:55:40,948 LT1-thread root DEBUG client.py                 82    logger_log                : Reading supported commands for service: GATT
2026-03-11 17:55:40,948 LT1-thread root DEBUG client.py                 82    logger_log                : send, 2 1 255 ''
2026-03-11 17:55:40,948 LT1-thread root DEBUG client.py                 82    logger_log                : sending frame '0201ff0000'
2026-03-11 17:55:40,949 LT1-thread root DEBUG client.py                 82    logger_log                : read
2026-03-11 17:55:41,000 BTPWorkerThread-8650 (_rx_task) root DEBUG client.py                 82    logger_log                : Read 5 bytes
2026-03-11 17:55:41,046 BTPWorkerThread-8650 (_rx_task) root DEBUG client.py                 82    logger_log                : Received: hdr: Header(svc_id=0x02, op=0x01, ctrl_index=0xff, data_len=0x05) bytearray(b'\x02\x01\xff\x05\x00')
2026-03-11 17:55:41,046 BTPWorkerThread-8650 (_rx_task) root DEBUG client.py                 82    logger_log                : Read 5 bytes data
2026-03-11 17:55:41,066 BTPWorkerThread-8650 (_rx_task) root DEBUG client.py                 82    logger_log                : Received data: {'fe fe bf fd 0f'}, bytearray(b'\xfe\xfe\xbf\xfd\x0f')
2026-03-11 17:55:41,066 LT1-thread root DEBUG client.py                 82    logger_log                : Starting test function: class=<class 'autopts.ptsprojects.testcase.TestFunc'>, func=<bound method Stack.gatt_init of <autopts.ptsprojects.stack.stack.Stack object at 0x00000272738E3D70>> start_wid=None stop_wid=None post_wid=None skip_call=None call_count=183 args=() kwds={}
2026-03-11 17:55:41,067 LT1-thread root DEBUG client.py                 82    logger_log                : Test function parameters: args=(), kwds={}
2026-03-11 17:55:41,067 LT1-thread root DEBUG client.py                 82    logger_log                : Starting test function: class=<class 'autopts.ptsprojects.testcase.TestFunc'>, func=<function core_reg_svc_pbap at 0x0000027272299620> start_wid=None stop_wid=None post_wid=None skip_call=None call_count=183 args=() kwds={}
2026-03-11 17:55:41,067 LT1-thread root DEBUG client.py                 82    logger_log                : Test function parameters: args=(), kwds={}
2026-03-11 17:55:41,067 LT1-thread root DEBUG client.py                 82    logger_log                : core_reg_svc_univ: pbap_reg (PBAP)
2026-03-11 17:55:41,067 LT1-thread root DEBUG client.py                 82    logger_log                : send, 0 3 255 '34'
2026-03-11 17:55:41,067 LT1-thread root DEBUG client.py                 82    logger_log                : sending frame '0003ff010022'
2026-03-11 17:55:41,067 LT1-thread root DEBUG client.py                 82    logger_log                : core_reg_svc_rsp_succ
2026-03-11 17:55:41,067 LT1-thread root DEBUG client.py                 82    logger_log                : read
2026-03-11 17:55:41,105 BTPWorkerThread-8650 (_rx_task) root DEBUG client.py                 82    logger_log                : Read 5 bytes
2026-03-11 17:55:41,116 BTPWorkerThread-8650 (_rx_task) root DEBUG client.py                 82    logger_log                : Received: hdr: Header(svc_id=0x00, op=0x03, ctrl_index=0xff, data_len=0x00) bytearray(b'\x00\x03\xff\x00\x00')
2026-03-11 17:55:41,132 BTPWorkerThread-8650 (_rx_task) root DEBUG client.py                 82    logger_log                : Received data: {''}, bytearray(b'')
2026-03-11 17:55:41,148 LT1-thread root DEBUG client.py                 82    logger_log                : received Header(svc_id=0, op=3, ctrl_index=255, data_len=0) (b'',)
2026-03-11 17:55:41,148 LT1-thread root DEBUG client.py                 82    logger_log                : expected ((0, 3, 255, 0), (b'',))
2026-03-11 17:55:41,148 LT1-thread root DEBUG client.py                 82    logger_log                : response is valid
2026-03-11 17:55:41,148 LT1-thread root DEBUG client.py                 82    logger_log                : Reading supported commands for service: PBAP
2026-03-11 17:55:41,148 LT1-thread root DEBUG client.py                 82    logger_log                : send, 34 1 255 ''
2026-03-11 17:55:41,148 LT1-thread root DEBUG client.py                 82    logger_log                : sending frame '2201ff0000'
2026-03-11 17:55:41,149 LT1-thread root DEBUG client.py                 82    logger_log                : read
2026-03-11 17:55:41,178 BTPWorkerThread-8650 (_rx_task) root DEBUG client.py                 82    logger_log                : Read 5 bytes
2026-03-11 17:55:41,184 BTPWorkerThread-8650 (_rx_task) root DEBUG client.py                 82    logger_log                : Received: hdr: Header(svc_id=0x22, op=0x01, ctrl_index=0xff, data_len=0x03) bytearray(b'"\x01\xff\x03\x00')
2026-03-11 17:55:41,208 BTPWorkerThread-8650 (_rx_task) root DEBUG client.py                 82    logger_log                : Read 3 bytes data
2026-03-11 17:55:41,219 BTPWorkerThread-8650 (_rx_task) root DEBUG client.py                 82    logger_log                : Received data: {'fe ff 1f'}, bytearray(b'\xfe\xff\x1f')
2026-03-11 17:55:41,234 LT1-thread root DEBUG client.py                 82    logger_log                : Starting test function: class=<class 'autopts.ptsprojects.testcase.TestFunc'>, func=<bound method Stack.pbap_init of <autopts.ptsprojects.stack.stack.Stack object at 0x00000272738E3D70>> start_wid=None stop_wid=None post_wid=None skip_call=None call_count=183 args=() kwds={}
2026-03-11 17:55:41,234 LT1-thread root DEBUG client.py                 82    logger_log                : Test function parameters: args=(), kwds={}
2026-03-11 17:55:41,235 LT1-thread root DEBUG client.py                 82    logger_log                : PBAP event handler started
2026-03-11 17:55:41,236 LT1-thread root DEBUG client.py                 82    logger_log                : ClientCallback.get_result run_test_case
2026-03-11 17:55:46,825 LT1-callback ClientCallback.on_implicit_send INFO client.py                 82    logger_log                : 
    ********************
    BEGIN OnImplicitSend:
    project_name: PBAP
    wid: 38
    test_case_name: PBAP/PSE/PBB/BI-01-C
    description: Click OK when the IUT becomes connectable.
    style: MMI_Style_Ok_Cancel1 0x11041
2026-03-11 17:55:46,826 LT1-callback ClientCallback.on_implicit_send INFO client.py                 82    logger_log                : Calling test cases on_implicit_send
2026-03-11 17:55:46,826 LT1-callback ClientCallback.on_implicit_send INFO client.py                 82    logger_log                : 
    on_implicit_send returned response: WAIT
    END OnImplicitSend
    ********************
2026-03-11 17:55:47,244 LT1-thread root DEBUG client.py                 82    logger_log                : PBAP PBAP/PSE/PBB/BI-01-C on_implicit_send
2026-03-11 17:55:47,244 LT1-thread root DEBUG client.py                 82    logger_log                : pbap_wid_hdl, 38, Click OK when the IUT becomes connectable., PBAP/PSE/PBB/BI-01-C
2026-03-11 17:55:47,245 LT1-thread root DEBUG client.py                 82    logger_log                : gap_set_conn
2026-03-11 17:55:47,245 LT1-thread root DEBUG client.py                 82    logger_log                : gap_set_gendiscov
2026-03-11 17:55:47,245 LT1-thread root DEBUG client.py                 82    logger_log                : send, 1 8 0 '1'
2026-03-11 17:55:47,245 LT1-thread root DEBUG client.py                 82    logger_log                : sending frame '010800010001'
2026-03-11 17:55:47,246 LT1-thread root DEBUG client.py                 82    logger_log                : gap_command_rsp_succ
2026-03-11 17:55:47,246 LT1-thread root DEBUG client.py                 82    logger_log                : read
2026-03-11 17:55:47,301 BTPWorkerThread-8650 (_rx_task) root DEBUG client.py                 82    logger_log                : Read 5 bytes
2026-03-11 17:55:47,301 BTPWorkerThread-8650 (_rx_task) root DEBUG client.py                 82    logger_log                : Received: hdr: Header(svc_id=0x01, op=0x08, ctrl_index=0x00, data_len=0x04) bytearray(b'\x01\x08\x00\x04\x00')
2026-03-11 17:55:47,302 BTPWorkerThread-8650 (_rx_task) root DEBUG client.py                 82    logger_log                : Read 4 bytes data
2026-03-11 17:55:47,302 BTPWorkerThread-8650 (_rx_task) root DEBUG client.py                 82    logger_log                : Received data: {'1b 02 00 00'}, bytearray(b'\x1b\x02\x00\x00')
2026-03-11 17:55:47,313 LT1-thread root DEBUG client.py                 82    logger_log                : received Header(svc_id=1, op=8, ctrl_index=0, data_len=4) (b'\x1b\x02\x00\x00',)
2026-03-11 17:55:47,314 LT1-thread root DEBUG client.py                 82    logger_log                : __gap_current_settings_update (b'\x1b\x02\x00\x00',)
2026-03-11 17:55:47,314 LT1-thread root DEBUG client.py                 82    logger_log                : Sending response 'OK' to wid 38 test case PBAP/PSE/PBB/BI-01-C
2026-03-11 17:55:47,331 LT1-thread root DEBUG client.py                 82    logger_log                : ClientCallback.get_result run_test_case
2026-03-11 17:55:48,686 BTPWorkerThread-8650 (_rx_task) root DEBUG client.py                 82    logger_log                : Read 5 bytes
2026-03-11 17:55:48,686 BTPWorkerThread-8650 (_rx_task) root DEBUG client.py                 82    logger_log                : Received: hdr: Header(svc_id=0x01, op=0x82, ctrl_index=0x00, data_len=0x0d) bytearray(b'\x01\x82\x00\r\x00')
2026-03-11 17:55:48,686 BTPWorkerThread-8650 (_rx_task) root DEBUG client.py                 82    logger_log                : Read 13 bytes data
2026-03-11 17:55:48,687 BTPWorkerThread-8650 (_rx_task) root DEBUG client.py                 82    logger_log                : Received data: {'e0 4e e4 08 dc 1b 00 00 00 00 00 00 00'}, bytearray(b'\xe0N\xe4\x08\xdc\x1b\x00\x00\x00\x00\x00\x00\x00')
2026-03-11 17:55:48,687 BTPWorkerThread-8650 (_rx_task) root DEBUG client.py                 82    logger_log                : event_handler Header(svc_id=1, op=130, ctrl_index=0, data_len=13) (b'\xe0N\xe4\x08\xdc\x1b\x00\x00\x00\x00\x00\x00\x00',)
2026-03-11 17:55:48,687 BTPWorkerThread-8650 (_rx_task) root DEBUG client.py                 82    logger_log                : gap_connected_ev_ b'\xe0N\xe4\x08\xdc\x1b\x00\x00\x00\x00\x00\x00\x00'
2026-03-11 17:55:48,687 BTPWorkerThread-8650 (_rx_task) root DEBUG client.py                 82    logger_log                : Read 5 bytes
2026-03-11 17:55:48,687 BTPWorkerThread-8650 (_rx_task) root DEBUG client.py                 82    logger_log                : Received: hdr: Header(svc_id=0x01, op=0x80, ctrl_index=0x00, data_len=0x04) bytearray(b'\x01\x80\x00\x04\x00')
2026-03-11 17:55:48,687 BTPWorkerThread-8650 (_rx_task) root DEBUG client.py                 82    logger_log                : Read 4 bytes data
2026-03-11 17:55:48,687 BTPWorkerThread-8650 (_rx_task) root DEBUG client.py                 82    logger_log                : Received data: {'1b 02 00 00'}, bytearray(b'\x1b\x02\x00\x00')
2026-03-11 17:55:48,687 BTPWorkerThread-8650 (_rx_task) root DEBUG client.py                 82    logger_log                : event_handler Header(svc_id=1, op=128, ctrl_index=0, data_len=4) (b'\x1b\x02\x00\x00',)
2026-03-11 17:55:48,688 BTPWorkerThread-8650 (_rx_task) root DEBUG client.py                 82    logger_log                : gap_new_settings_ev_ b'\x1b\x02\x00\x00'
2026-03-11 17:55:48,688 BTPWorkerThread-8650 (_rx_task) root DEBUG client.py                 82    logger_log                : __gap_current_settings_update 539
2026-03-11 17:55:48,830 LT1-callback ClientCallback.on_implicit_send INFO client.py                 82    logger_log                : 
    ********************
    BEGIN OnImplicitSend:
    project_name: PBAP
    wid: 4017
    test_case_name: PBAP/PSE/PBB/BI-01-C
    description:  Please accept the l2cap channel connection for an OBEX connection.
    style: MMI_Style_Ok_Cancel1 0x11041
2026-03-11 17:55:48,831 LT1-callback ClientCallback.on_implicit_send INFO client.py                 82    logger_log                : Calling test cases on_implicit_send
2026-03-11 17:55:48,831 LT1-callback ClientCallback.on_implicit_send INFO client.py                 82    logger_log                : 
    on_implicit_send returned response: WAIT
    END OnImplicitSend
    ********************
2026-03-11 17:55:49,332 LT1-thread root DEBUG client.py                 82    logger_log                : PBAP PBAP/PSE/PBB/BI-01-C on_implicit_send
2026-03-11 17:55:49,332 LT1-thread root DEBUG client.py                 82    logger_log                : pbap_wid_hdl, 4017,  Please accept the l2cap channel connection for an OBEX connection., PBAP/PSE/PBB/BI-01-C
2026-03-11 17:55:49,332 LT1-thread root DEBUG client.py                 82    logger_log                : Sending response 'OK' to wid 4017 test case PBAP/PSE/PBB/BI-01-C
2026-03-11 17:55:49,334 LT1-thread root DEBUG client.py                 82    logger_log                : ClientCallback.get_result run_test_case
2026-03-11 17:55:50,369 BTPWorkerThread-8650 (_rx_task) root DEBUG client.py                 82    logger_log                : Read 5 bytes
2026-03-11 17:55:50,369 BTPWorkerThread-8650 (_rx_task) root DEBUG client.py                 82    logger_log                : Received: hdr: Header(svc_id=0x01, op=0x91, ctrl_index=0x00, data_len=0x09) bytearray(b'\x01\x91\x00\t\x00')
2026-03-11 17:55:50,369 BTPWorkerThread-8650 (_rx_task) root DEBUG client.py                 82    logger_log                : Read 9 bytes data
2026-03-11 17:55:50,370 BTPWorkerThread-8650 (_rx_task) root DEBUG client.py                 82    logger_log                : Received data: {'e0 4e e4 08 dc 1b 00 01 10'}, bytearray(b'\xe0N\xe4\x08\xdc\x1b\x00\x01\x10')
2026-03-11 17:55:50,370 BTPWorkerThread-8650 (_rx_task) root DEBUG client.py                 82    logger_log                : event_handler Header(svc_id=1, op=145, ctrl_index=0, data_len=9) (b'\xe0N\xe4\x08\xdc\x1b\x00\x01\x10',)
2026-03-11 17:55:50,370 BTPWorkerThread-8650 (_rx_task) root DEBUG client.py                 82    logger_log                : gap_encryption_change_ev_
2026-03-11 17:55:50,370 BTPWorkerThread-8650 (_rx_task) root DEBUG client.py                 82    logger_log                : enc change received b'\xe0N\xe4\x08\xdc\x1b\x00\x01\x10'
2026-03-11 17:55:50,370 BTPWorkerThread-8650 (_rx_task) root DEBUG client.py                 82    logger_log                : received (224, '001bdc08e44e', 1, 16)
2026-03-11 17:55:50,370 BTPWorkerThread-8650 (_rx_task) root DEBUG client.py                 82    logger_log                : Read 5 bytes
2026-03-11 17:55:50,370 BTPWorkerThread-8650 (_rx_task) root DEBUG client.py                 82    logger_log                : Received: hdr: Header(svc_id=0x01, op=0x89, ctrl_index=0x00, data_len=0x08) bytearray(b'\x01\x89\x00\x08\x00')
2026-03-11 17:55:50,370 BTPWorkerThread-8650 (_rx_task) root DEBUG client.py                 82    logger_log                : Read 8 bytes data
2026-03-11 17:55:50,370 BTPWorkerThread-8650 (_rx_task) root DEBUG client.py                 82    logger_log                : Received data: {'e0 4e e4 08 dc 1b 00 02'}, bytearray(b'\xe0N\xe4\x08\xdc\x1b\x00\x02')
2026-03-11 17:55:50,370 BTPWorkerThread-8650 (_rx_task) root DEBUG client.py                 82    logger_log                : event_handler Header(svc_id=1, op=137, ctrl_index=0, data_len=8) (b'\xe0N\xe4\x08\xdc\x1b\x00\x02',)
2026-03-11 17:55:50,371 BTPWorkerThread-8650 (_rx_task) root DEBUG client.py                 82    logger_log                : gap_sec_level_changed_ev_
2026-03-11 17:55:50,371 BTPWorkerThread-8650 (_rx_task) root DEBUG client.py                 82    logger_log                : received b'\xe0N\xe4\x08\xdc\x1b\x00\x02'
2026-03-11 17:55:50,371 BTPWorkerThread-8650 (_rx_task) root DEBUG client.py                 82    logger_log                : received (224, '001bdc08e44e', 2)
2026-03-11 17:55:50,402 BTPWorkerThread-8650 (_rx_task) root DEBUG client.py                 82    logger_log                : Read 5 bytes
2026-03-11 17:55:50,402 BTPWorkerThread-8650 (_rx_task) root DEBUG client.py                 82    logger_log                : Received: hdr: Header(svc_id=0x22, op=0x8d, ctrl_index=0x00, data_len=0x07) bytearray(b'"\x8d\x00\x07\x00')
2026-03-11 17:55:50,402 BTPWorkerThread-8650 (_rx_task) root DEBUG client.py                 82    logger_log                : Read 7 bytes data
2026-03-11 17:55:50,403 BTPWorkerThread-8650 (_rx_task) root DEBUG client.py                 82    logger_log                : Received data: {'e0 4e e4 08 dc 1b 00'}, bytearray(b'\xe0N\xe4\x08\xdc\x1b\x00')
2026-03-11 17:55:50,403 BTPWorkerThread-8650 (_rx_task) root DEBUG client.py                 82    logger_log                : event_handler Header(svc_id=34, op=141, ctrl_index=0, data_len=7) (b'\xe0N\xe4\x08\xdc\x1b\x00',)
2026-03-11 17:55:50,403 BTPWorkerThread-8650 (_rx_task) root DEBUG client.py                 82    logger_log                : pbap_pse_l2cap_connected_ev <autopts.ptsprojects.stack.layers.pbap.PBAP object at 0x0000027276245F40> b'\xe0N\xe4\x08\xdc\x1b\x00' 7
2026-03-11 17:55:50,403 Thread-8659 (_process_events) root DEBUG client.py                 82    logger_log                : _pbap_pse_l2cap_connected_ev <autopts.ptsprojects.stack.layers.pbap.PBAP object at 0x0000027276245F40> b'\xe0N\xe4\x08\xdc\x1b\x00' 7
2026-03-11 17:55:50,403 Thread-8659 (_process_events) root DEBUG client.py                 82    logger_log                : PBAP PSE L2CAP connected to addr b'N\xe4\x08\xdc\x1b\x00'
2026-03-11 17:55:50,496 LT1-callback ClientCallback.on_implicit_send INFO client.py                 82    logger_log                : 
    ********************
    BEGIN OnImplicitSend:
    project_name: PBAP
    wid: 4004
    test_case_name: PBAP/PSE/PBB/BI-01-C
    description:  Please accept the OBEX CONNECT REQ.
    style: MMI_Style_Ok_Cancel1 0x11041
2026-03-11 17:55:50,496 LT1-callback ClientCallback.on_implicit_send INFO client.py                 82    logger_log                : Calling test cases on_implicit_send
2026-03-11 17:55:50,497 LT1-callback ClientCallback.on_implicit_send INFO client.py                 82    logger_log                : 
    on_implicit_send returned response: WAIT
    END OnImplicitSend
    ********************
2026-03-11 17:55:50,500 BTPWorkerThread-8650 (_rx_task) root DEBUG client.py                 82    logger_log                : Read 5 bytes
2026-03-11 17:55:50,501 BTPWorkerThread-8650 (_rx_task) root DEBUG client.py                 82    logger_log                : Received: hdr: Header(svc_id=0x22, op=0x8f, ctrl_index=0x00, data_len=0x28) bytearray(b'"\x8f\x00(\x00')
2026-03-11 17:55:50,501 BTPWorkerThread-8650 (_rx_task) root DEBUG client.py                 82    logger_log                : Read 40 bytes data
2026-03-11 17:55:50,501 BTPWorkerThread-8650 (_rx_task) root DEBUG client.py                 82    logger_log                : Received data: {'e0 4e e4 08 dc 1b 00 10 fe 06 1c 00 46 00 13 79 61 35 f0 f0 c5 11 d8 09 66 08 00 20 0c 9a 66 4c 00 09 10 04 00 00 03 ff'}, bytearray(b'\xe0N\xe4\x08\xdc\x1b\x00\x10\xfe\x06\x1c\x00F\x00\x13ya5\xf0\xf0\xc5\x11\xd8\tf\x08\x00 \x0c\x9afL\x00\t\x10\x04\x00\x00\x03\xff')
2026-03-11 17:55:50,501 BTPWorkerThread-8650 (_rx_task) root DEBUG client.py                 82    logger_log                : event_handler Header(svc_id=34, op=143, ctrl_index=0, data_len=40) (b'\xe0N\xe4\x08\xdc\x1b\x00\x10\xfe\x06\x1c\x00F\x00\x13ya5\xf0\xf0\xc5\x11\xd8\tf\x08\x00 \x0c\x9afL\x00\t\x10\x04\x00\x00\x03\xff',)
2026-03-11 17:55:50,501 BTPWorkerThread-8650 (_rx_task) root DEBUG client.py                 82    logger_log                : pbap_pse_connect_ev <autopts.ptsprojects.stack.layers.pbap.PBAP object at 0x0000027276245F40> b'\xe0N\xe4\x08\xdc\x1b\x00\x10\xfe\x06\x1c\x00F\x00\x13ya5\xf0\xf0\xc5\x11\xd8\tf\x08\x00 \x0c\x9afL\x00\t\x10\x04\x00\x00\x03\xff' 40
2026-03-11 17:55:50,502 Thread-8659 (_process_events) root DEBUG client.py                 82    logger_log                : _pbap_pse_connect_ev <autopts.ptsprojects.stack.layers.pbap.PBAP object at 0x0000027276245F40> b'\xe0N\xe4\x08\xdc\x1b\x00\x10\xfe\x06\x1c\x00F\x00\x13ya5\xf0\xf0\xc5\x11\xd8\tf\x08\x00 \x0c\x9afL\x00\t\x10\x04\x00\x00\x03\xff' 40
2026-03-11 17:55:50,502 Thread-8659 (_process_events) root DEBUG client.py                 82    logger_log                : PBAP PSE connect from addr b'N\xe4\x08\xdc\x1b\x00', version 16, mopl 1790
2026-03-11 17:55:50,502 Thread-8659 (_process_events) root DEBUG client.py                 82    logger_log                : pbap_get_headers 28 bytearray(b'F\x00\x13ya5\xf0\xf0\xc5\x11\xd8\tf\x08\x00 \x0c\x9afL\x00\t\x10\x04\x00\x00\x03\xff')
2026-03-11 17:55:50,502 Thread-8659 (_process_events) root DEBUG client.py                 82    logger_log                : _get_header_encoding 70
2026-03-11 17:55:50,502 Thread-8659 (_process_events) root DEBUG client.py                 82    logger_log                : _get_header_encoding 76
2026-03-11 17:55:50,502 Thread-8659 (_process_events) root DEBUG client.py                 82    logger_log                : _parse_tlv 6 b'\x10\x04\x00\x00\x03\xff'
2026-03-11 17:55:50,503 Thread-8659 (_process_events) root DEBUG client.py                 82    logger_log                : bt_pbap_parse_header_app_param {16: b'\x00\x00\x03\xff'}
2026-03-11 17:55:50,503 Thread-8659 (_process_events) root DEBUG client.py                 82    logger_log                : pbap_add_headers bytearray(b'') {74: bytearray(b'ya5\xf0\xf0\xc5\x11\xd8\tf\x08\x00 \x0c\x9af'), 203: 1}
2026-03-11 17:55:50,503 Thread-8659 (_process_events) root DEBUG client.py                 82    logger_log                : pbap_set_info '001bdc08e44e' 'tx_data' {74: bytearray(b'ya5\xf0\xf0\xc5\x11\xd8\tf\x08\x00 \x0c\x9af'), 203: 1}
2026-03-11 17:55:50,503 Thread-8659 (_process_events) root INFO client.py                 82    logger_log                : tx = {13: [(160, bytearray(b'J\x00\x13ya5\xf0\xf0\xc5\x11\xd8\tf\x08\x00 \x0c\x9af\xcb\x00\x00\x00\x01'))]}
2026-03-11 17:55:50,503 Thread-8659 (_process_events) root DEBUG client.py                 82    logger_log                : pbap_pse_connect_rsp None 224 255 160 bytearray(b'J\x00\x13ya5\xf0\xf0\xc5\x11\xd8\tf\x08\x00 \x0c\x9af\xcb\x00\x00\x00\x01')
2026-03-11 17:55:50,503 Thread-8659 (_process_events) root DEBUG client.py                 82    logger_log                : send, 34 13 0 "bytearray(b'\\xe0N\\xe4\\x08\\xdc\\x1b\\x00\\xff\\x00\\xa0\\x18\\x00J\\x00\\x13ya5\\xf0\\xf0\\xc5\\x11\\xd8\\tf\\x08\\x00 \\x0c\\x9af\\xcb\\x00\\x00\\x00\\x01')"
2026-03-11 17:55:50,503 Thread-8659 (_process_events) root DEBUG client.py                 82    logger_log                : sending frame '220d002400e04ee408dc1b00ff00a018004a0013796135f0f0c511d809660800200c9a66cb00000001'
2026-03-11 17:55:50,503 Thread-8659 (_process_events) root DEBUG client.py                 82    logger_log                : read
2026-03-11 17:55:50,550 BTPWorkerThread-8650 (_rx_task) root DEBUG client.py                 82    logger_log                : Read 5 bytes
2026-03-11 17:55:50,567 BTPWorkerThread-8650 (_rx_task) root DEBUG client.py                 82    logger_log                : Received: hdr: Header(svc_id=0x22, op=0x0d, ctrl_index=0x00, data_len=0x00) bytearray(b'"\r\x00\x00\x00')
2026-03-11 17:55:50,567 BTPWorkerThread-8650 (_rx_task) root DEBUG client.py                 82    logger_log                : Received data: {''}, bytearray(b'')
2026-03-11 17:55:50,579 BTPWorkerThread-8650 (_rx_task) root DEBUG client.py                 82    logger_log                : Read 5 bytes
2026-03-11 17:55:50,579 BTPWorkerThread-8650 (_rx_task) root DEBUG client.py                 82    logger_log                : Received: hdr: Header(svc_id=0x22, op=0x94, ctrl_index=0x00, data_len=0x2e) bytearray(b'"\x94\x00.\x00')
2026-03-11 17:55:50,579 BTPWorkerThread-8650 (_rx_task) root DEBUG client.py                 82    logger_log                : Read 46 bytes data
2026-03-11 17:55:50,580 BTPWorkerThread-8650 (_rx_task) root DEBUG client.py                 82    logger_log                : Received data: {'e0 4e e4 08 dc 1b 00 02 24 00 01 00 1f 00 69 00 6e 00 76 00 61 00 6c 00 69 00 64 00 66 00 6f 00 6c 00 64 00 65 00 72 00 00 cb 00 00 00 01'}, bytearray(b'\xe0N\xe4\x08\xdc\x1b\x00\x02$\x00\x01\x00\x1f\x00i\x00n\x00v\x00a\x00l\x00i\x00d\x00f\x00o\x00l\x00d\x00e\x00r\x00\x00\xcb\x00\x00\x00\x01')
2026-03-11 17:55:50,580 BTPWorkerThread-8650 (_rx_task) root DEBUG client.py                 82    logger_log                : event_handler Header(svc_id=34, op=148, ctrl_index=0, data_len=46) (b'\xe0N\xe4\x08\xdc\x1b\x00\x02$\x00\x01\x00\x1f\x00i\x00n\x00v\x00a\x00l\x00i\x00d\x00f\x00o\x00l\x00d\x00e\x00r\x00\x00\xcb\x00\x00\x00\x01',)
2026-03-11 17:55:50,580 BTPWorkerThread-8650 (_rx_task) root DEBUG client.py                 82    logger_log                : pbap_pse_set_phone_book_ev <autopts.ptsprojects.stack.layers.pbap.PBAP object at 0x0000027276245F40> b'\xe0N\xe4\x08\xdc\x1b\x00\x02$\x00\x01\x00\x1f\x00i\x00n\x00v\x00a\x00l\x00i\x00d\x00f\x00o\x00l\x00d\x00e\x00r\x00\x00\xcb\x00\x00\x00\x01' 46
2026-03-11 17:55:50,580 Thread-8659 (_process_events) root DEBUG client.py                 82    logger_log                : _pbap_pse_set_phone_book_ev <autopts.ptsprojects.stack.layers.pbap.PBAP object at 0x0000027276245F40> b'\xe0N\xe4\x08\xdc\x1b\x00\x02$\x00\x01\x00\x1f\x00i\x00n\x00v\x00a\x00l\x00i\x00d\x00f\x00o\x00l\x00d\x00e\x00r\x00\x00\xcb\x00\x00\x00\x01' 46
2026-03-11 17:55:50,580 Thread-8659 (_process_events) root DEBUG client.py                 82    logger_log                : PBAP PSE set path from addr b'N\xe4\x08\xdc\x1b\x00', flags 2
2026-03-11 17:55:50,580 Thread-8659 (_process_events) root DEBUG client.py                 82    logger_log                : pbap_get_headers 36 bytearray(b'\x01\x00\x1f\x00i\x00n\x00v\x00a\x00l\x00i\x00d\x00f\x00o\x00l\x00d\x00e\x00r\x00\x00\xcb\x00\x00\x00\x01')
2026-03-11 17:55:50,580 Thread-8659 (_process_events) root DEBUG client.py                 82    logger_log                : _get_header_encoding 1
2026-03-11 17:55:50,581 Thread-8659 (_process_events) root DEBUG client.py                 82    logger_log                : _get_header_encoding 203
2026-03-11 17:55:50,581 Thread-8659 (_process_events) root INFO client.py                 82    logger_log                : flags = 2, path = invalidfolder
2026-03-11 17:55:50,581 Thread-8659 (_process_events) root INFO client.py                 82    logger_log                : tx = {13: [(160, bytearray(b'J\x00\x13ya5\xf0\xf0\xc5\x11\xd8\tf\x08\x00 \x0c\x9af\xcb\x00\x00\x00\x01'))], 18: [(196, bytearray(b''))]}
2026-03-11 17:55:50,581 Thread-8659 (_process_events) root DEBUG client.py                 82    logger_log                : pbap_pse_set_phone_book_rsp None 224 196 b''
2026-03-11 17:55:50,581 Thread-8659 (_process_events) root DEBUG client.py                 82    logger_log                : send, 34 18 0 "bytearray(b'\\xe0N\\xe4\\x08\\xdc\\x1b\\x00\\xc4\\x00\\x00')"
2026-03-11 17:55:50,581 Thread-8659 (_process_events) root DEBUG client.py                 82    logger_log                : sending frame '2212000a00e04ee408dc1b00c40000'
2026-03-11 17:55:50,582 Thread-8659 (_process_events) root DEBUG client.py                 82    logger_log                : read
2026-03-11 17:55:50,614 BTPWorkerThread-8650 (_rx_task) root DEBUG client.py                 82    logger_log                : Read 5 bytes
2026-03-11 17:55:50,625 BTPWorkerThread-8650 (_rx_task) root DEBUG client.py                 82    logger_log                : Received: hdr: Header(svc_id=0x22, op=0x12, ctrl_index=0x00, data_len=0x00) bytearray(b'"\x12\x00\x00\x00')
2026-03-11 17:55:50,640 BTPWorkerThread-8650 (_rx_task) root DEBUG client.py                 82    logger_log                : Received data: {''}, bytearray(b'')
2026-03-11 17:55:50,640 BTPWorkerThread-8650 (_rx_task) root DEBUG client.py                 82    logger_log                : Read 5 bytes
2026-03-11 17:55:50,640 BTPWorkerThread-8650 (_rx_task) root DEBUG client.py                 82    logger_log                : Received: hdr: Header(svc_id=0x22, op=0x90, ctrl_index=0x00, data_len=0x0e) bytearray(b'"\x90\x00\x0e\x00')
2026-03-11 17:55:50,641 BTPWorkerThread-8650 (_rx_task) root DEBUG client.py                 82    logger_log                : Read 14 bytes data
2026-03-11 17:55:50,641 BTPWorkerThread-8650 (_rx_task) root DEBUG client.py                 82    logger_log                : Received data: {'e0 4e e4 08 dc 1b 00 05 00 cb 00 00 00 01'}, bytearray(b'\xe0N\xe4\x08\xdc\x1b\x00\x05\x00\xcb\x00\x00\x00\x01')
2026-03-11 17:55:50,641 BTPWorkerThread-8650 (_rx_task) root DEBUG client.py                 82    logger_log                : event_handler Header(svc_id=34, op=144, ctrl_index=0, data_len=14) (b'\xe0N\xe4\x08\xdc\x1b\x00\x05\x00\xcb\x00\x00\x00\x01',)
2026-03-11 17:55:50,641 BTPWorkerThread-8650 (_rx_task) root DEBUG client.py                 82    logger_log                : pbap_pse_disconnect_ev <autopts.ptsprojects.stack.layers.pbap.PBAP object at 0x0000027276245F40> b'\xe0N\xe4\x08\xdc\x1b\x00\x05\x00\xcb\x00\x00\x00\x01' 14
2026-03-11 17:55:50,641 Thread-8659 (_process_events) root DEBUG client.py                 82    logger_log                : _pbap_pse_disconnect_ev <autopts.ptsprojects.stack.layers.pbap.PBAP object at 0x0000027276245F40> b'\xe0N\xe4\x08\xdc\x1b\x00\x05\x00\xcb\x00\x00\x00\x01' 14
2026-03-11 17:55:50,641 Thread-8659 (_process_events) root INFO client.py                 82    logger_log                : tx = {13: [(160, bytearray(b'J\x00\x13ya5\xf0\xf0\xc5\x11\xd8\tf\x08\x00 \x0c\x9af\xcb\x00\x00\x00\x01'))], 18: [(196, bytearray(b''))], 14: [(160, bytearray(b''))]}
2026-03-11 17:55:50,641 Thread-8659 (_process_events) root DEBUG client.py                 82    logger_log                : pbap_pse_disconnect_rsp None 224 160 b''
2026-03-11 17:55:50,642 Thread-8659 (_process_events) root DEBUG client.py                 82    logger_log                : send, 34 14 0 "bytearray(b'\\xe0N\\xe4\\x08\\xdc\\x1b\\x00\\xa0\\x00\\x00')"
2026-03-11 17:55:50,642 Thread-8659 (_process_events) root DEBUG client.py                 82    logger_log                : sending frame '220e000a00e04ee408dc1b00a00000'
2026-03-11 17:55:50,642 Thread-8659 (_process_events) root DEBUG client.py                 82    logger_log                : read
2026-03-11 17:55:50,681 BTPWorkerThread-8650 (_rx_task) root DEBUG client.py                 82    logger_log                : Read 5 bytes
2026-03-11 17:55:50,687 BTPWorkerThread-8650 (_rx_task) root DEBUG client.py                 82    logger_log                : Received: hdr: Header(svc_id=0x22, op=0x0e, ctrl_index=0x00, data_len=0x00) bytearray(b'"\x0e\x00\x00\x00')
2026-03-11 17:55:50,693 BTPWorkerThread-8650 (_rx_task) root DEBUG client.py                 82    logger_log                : Received data: {''}, bytearray(b'')
2026-03-11 17:55:50,693 BTPWorkerThread-8650 (_rx_task) root DEBUG client.py                 82    logger_log                : Read 5 bytes
2026-03-11 17:55:50,694 BTPWorkerThread-8650 (_rx_task) root DEBUG client.py                 82    logger_log                : Received: hdr: Header(svc_id=0x22, op=0x8e, ctrl_index=0x00, data_len=0x07) bytearray(b'"\x8e\x00\x07\x00')
2026-03-11 17:55:50,694 BTPWorkerThread-8650 (_rx_task) root DEBUG client.py                 82    logger_log                : Read 7 bytes data
2026-03-11 17:55:50,694 BTPWorkerThread-8650 (_rx_task) root DEBUG client.py                 82    logger_log                : Received data: {'e0 4e e4 08 dc 1b 00'}, bytearray(b'\xe0N\xe4\x08\xdc\x1b\x00')
2026-03-11 17:55:50,694 BTPWorkerThread-8650 (_rx_task) root DEBUG client.py                 82    logger_log                : event_handler Header(svc_id=34, op=142, ctrl_index=0, data_len=7) (b'\xe0N\xe4\x08\xdc\x1b\x00',)
2026-03-11 17:55:50,694 BTPWorkerThread-8650 (_rx_task) root DEBUG client.py                 82    logger_log                : pbap_pse_l2cap_disconnected_ev <autopts.ptsprojects.stack.layers.pbap.PBAP object at 0x0000027276245F40> b'\xe0N\xe4\x08\xdc\x1b\x00' 7
2026-03-11 17:55:50,694 BTPWorkerThread-8650 (_rx_task) root DEBUG client.py                 82    logger_log                : Read 5 bytes
2026-03-11 17:55:50,695 Thread-8659 (_process_events) root DEBUG client.py                 82    logger_log                : _pbap_pse_l2cap_disconnected_ev <autopts.ptsprojects.stack.layers.pbap.PBAP object at 0x0000027276245F40> b'\xe0N\xe4\x08\xdc\x1b\x00' 7
2026-03-11 17:55:50,695 Thread-8659 (_process_events) root DEBUG client.py                 82    logger_log                : PBAP PSE L2CAP disconnected from addr b'N\xe4\x08\xdc\x1b\x00'
2026-03-11 17:55:50,695 BTPWorkerThread-8650 (_rx_task) root DEBUG client.py                 82    logger_log                : Received: hdr: Header(svc_id=0x01, op=0x83, ctrl_index=0x00, data_len=0x07) bytearray(b'\x01\x83\x00\x07\x00')
2026-03-11 17:55:50,695 BTPWorkerThread-8650 (_rx_task) root DEBUG client.py                 82    logger_log                : Read 7 bytes data
2026-03-11 17:55:50,695 BTPWorkerThread-8650 (_rx_task) root DEBUG client.py                 82    logger_log                : Received data: {'e0 4e e4 08 dc 1b 00'}, bytearray(b'\xe0N\xe4\x08\xdc\x1b\x00')
2026-03-11 17:55:50,695 BTPWorkerThread-8650 (_rx_task) root DEBUG client.py                 82    logger_log                : event_handler Header(svc_id=1, op=131, ctrl_index=0, data_len=7) (b'\xe0N\xe4\x08\xdc\x1b\x00',)
2026-03-11 17:55:50,696 BTPWorkerThread-8650 (_rx_task) root DEBUG client.py                 82    logger_log                : gap_disconnected_ev_ b'\xe0N\xe4\x08\xdc\x1b\x00'
2026-03-11 17:55:51,335 LT1-thread root DEBUG client.py                 82    logger_log                : PBAP PBAP/PSE/PBB/BI-01-C on_implicit_send
2026-03-11 17:55:51,335 LT1-thread root DEBUG client.py                 82    logger_log                : pbap_wid_hdl, 4004,  Please accept the OBEX CONNECT REQ., PBAP/PSE/PBB/BI-01-C
2026-03-11 17:55:51,335 LT1-thread root DEBUG client.py                 82    logger_log                : Sending response 'OK' to wid 4004 test case PBAP/PSE/PBB/BI-01-C
2026-03-11 17:55:51,337 LT1-thread root DEBUG client.py                 82    logger_log                : ClientCallback.get_result run_test_case
2026-03-11 17:55:51,340 LT1-callback ClientCallback.on_implicit_send INFO client.py                 82    logger_log                : 
    ********************
    BEGIN OnImplicitSend:
    project_name: PBAP
    wid: 4016
    test_case_name: PBAP/PSE/PBB/BI-01-C
    description: Please accept the SET_PATH command.
    style: MMI_Style_Ok_Cancel1 0x11041
2026-03-11 17:55:51,340 LT1-callback ClientCallback.on_implicit_send INFO client.py                 82    logger_log                : Calling test cases on_implicit_send
2026-03-11 17:55:51,340 LT1-callback ClientCallback.on_implicit_send INFO client.py                 82    logger_log                : 
    on_implicit_send returned response: WAIT
    END OnImplicitSend
    ********************
2026-03-11 17:55:52,338 LT1-thread root DEBUG client.py                 82    logger_log                : PBAP PBAP/PSE/PBB/BI-01-C on_implicit_send
2026-03-11 17:55:52,338 LT1-thread root DEBUG client.py                 82    logger_log                : pbap_wid_hdl, 4016, Please accept the SET_PATH command., PBAP/PSE/PBB/BI-01-C
2026-03-11 17:55:52,338 LT1-thread root DEBUG client.py                 82    logger_log                : pbap_wait_for_func_finished
2026-03-11 17:55:52,338 LT1-thread root DEBUG client.py                 82    logger_log                : data = None
2026-03-11 17:55:52,338 LT1-thread root DEBUG client.py                 82    logger_log                : Sending response 'Cancel' to wid 4016 test case PBAP/PSE/PBB/BI-01-C
2026-03-11 17:55:52,340 LT1-thread root DEBUG client.py                 82    logger_log                : ClientCallback.get_result run_test_case
2026-03-11 17:55:53,397 LT1-callback ClientCallback.log INFO client.py                 82    logger_log                : PTS_LOGTYPE_START_TEST Start Test Case 

+1640 ms
 PBAP/PSE/PBB/BI-01-C PBAP/PSE/PBB/BI-01-C

2026-03-11 17:55:53,774 LT1-callback ClientCallback.log INFO client.py                 82    logger_log                : PTS_LOGTYPE_FINAL_VERDICT Final Verdict 

+11312 ms
 PBAP/PSE/PBB/BI-01-C PASS

2026-03-11 17:55:53,778 LT1-callback ClientCallback.log INFO client.py                 82    logger_log                : PTS_LOGTYPE_FINAL_VERDICT Encrypted Verdict 

+11312 ms
 PBAP/PSE/PBB/BI-01-C A1#NmU2ZTQ4NGJkNDRiNjJiNzRjZDZmNDg5YjlhMmMxYzBkZjRhMWNiOTJkOWU2MjJjNzEwNjdhZmViM2IwZjNmNA==#20flFCsqK/pOhl6TrLQRr4kuaOh0skdtx44ISOnvdsldSbP5VN1U+RwM+GKwpUxK

2026-03-11 17:55:53,782 LT1-callback ClientCallback.log INFO client.py                 82    logger_log                : PTS_LOGTYPE_END_TEST Test Case Ended 

+11312 ms
 PBAP/PSE/PBB/BI-01-C PBAP/PSE/PBB/BI-01-C

2026-03-11 17:55:53,871 LT1-callback root DEBUG client.py                 82    logger_log                : ClientCallback, set_result, run_test_case, PASS
2026-03-11 17:55:53,871 LT1-thread root DEBUG client.py                 82    logger_log                : After run_test_case error_code=0 status='PASS'
2026-03-11 17:55:53,871 LT1-thread root DEBUG client.py                 82    logger_log                : post_run PBAP PBAP/PSE/PBB/BI-01-C 0
2026-03-11 17:55:53,872 LT1-thread root DEBUG client.py                 82    logger_log                : Starting test function: class=<class 'autopts.ptsprojects.testcase.TestFuncCleanUp'>, func=<bound method Stack.cleanup of <autopts.ptsprojects.stack.stack.Stack object at 0x00000272738E3D70>> start_wid=None stop_wid=None post_wid=None skip_call=None call_count=2 args=() kwds={}
2026-03-11 17:55:53,872 LT1-thread root DEBUG client.py                 82    logger_log                : Test function parameters: args=(), kwds={}
2026-03-11 17:55:53,873 LT1-thread root DEBUG client.py                 82    logger_log                : PBAP event handler started
2026-03-11 17:55:53,873 LT1-thread root DEBUG client.py                 82    logger_log                : Starting test function: class=<class 'autopts.ptsprojects.testcase.TestFuncCleanUp'>, func=<bound method ZephyrCtl.stop of <autopts.ptsprojects.zephyr.iutctl.ZephyrCtl object at 0x0000027273682600>> start_wid=None stop_wid=None post_wid=None skip_call=None call_count=2 args=() kwds={}
2026-03-11 17:55:53,873 LT1-thread root DEBUG client.py                 82    logger_log                : Test function parameters: args=(), kwds={}
2026-03-11 17:55:53,873 LT1-thread root DEBUG client.py                 82    logger_log                : <class 'autopts.ptsprojects.zephyr.iutctl.ZephyrCtl'>.stop
2026-03-11 17:55:53,873 LT1-thread root DEBUG client.py                 82    logger_log                : About to reset DUT: JLink -CommandFile reset.jlink -usb 1063214216 -device MIMXRT1176XXXA_M7
2026-03-11 17:55:54,234 BTPWorkerThread-8650 (_rx_task) root DEBUG client.py                 82    logger_log                : Read 5 bytes
2026-03-11 17:55:54,234 BTPWorkerThread-8650 (_rx_task) root DEBUG client.py                 82    logger_log                : Received: hdr: Header(svc_id=0x00, op=0x80, ctrl_index=0xff, data_len=0x00) bytearray(b'\x00\x80\xff\x00\x00')
2026-03-11 17:55:54,235 BTPWorkerThread-8650 (_rx_task) root DEBUG client.py                 82    logger_log                : Received data: {''}, bytearray(b'')
2026-03-11 17:55:54,235 BTPWorkerThread-8650 (_rx_task) root DEBUG client.py                 82    logger_log                : event_handler Header(svc_id=0, op=128, ctrl_index=255, data_len=0) (b'',)
2026-03-11 17:55:54,235 BTPWorkerThread-8650 (_rx_task) root DEBUG client.py                 82    logger_log                : core_iut_ready_ev
2026-03-11 17:55:54,701 LT1-thread root DEBUG client.py                 82    logger_log                : IUT ready event received OK
2026-03-11 17:55:54,701 LT1-thread root DEBUG client.py                 82    logger_log                : Waiting for _rx_worker to finish ...
2026-03-11 17:55:55,235 BTPWorkerThread-8650 (_rx_task) root DEBUG client.py                 82    logger_log                : BTPWorkerThread-8650 (_rx_task) finishing...
2026-03-11 17:55:58,243 LT1-thread root DEBUG client.py                 82    logger_log                : post_run, cleanup running post test case script
2026-03-11 17:55:58,243 LT1-thread root DEBUG client.py                 82    logger_log                : post_run, run post test case script
2026-03-11 17:55:58,335 LT1-thread root DEBUG client.py                 82    logger_log                : Done TestCase _run_test_case PBAP PBAP/PSE/PBB/BI-01-C
