2025-12-02 16:34:32,863 LT1-thread root DEBUG client.py                 82    logger_log                : Starting TestCase _run_test_case HFP HFP/AG/TCA/BV-03-C
2025-12-02 16:34:32,864 LT1-thread root DEBUG client.py                 82    logger_log                : pre_run HFP HFP/AG/TCA/BV-03-C
2025-12-02 16:34:32,864 LT1-thread root DEBUG client.py                 82    logger_log                : About to run test case HFP HFP/AG/TCA/BV-03-C with commands:
2025-12-02 16:34:32,864 LT1-thread root DEBUG client.py                 82    logger_log                : 0) class=<class 'autopts.ptsprojects.testcase.TestFunc'>, func=<bound method Stack.core_init of <autopts.ptsprojects.stack.stack.Stack object at 0x000001F5FA8D3620>> start_wid=None stop_wid=None post_wid=None skip_call=None call_count=0 args=() kwds={}
2025-12-02 16:34:32,865 LT1-thread root DEBUG client.py                 82    logger_log                : 1) class=<class 'autopts.ptsprojects.testcase.TestFunc'>, func=<bound method IutCtl.start of <autopts.ptsprojects.zephyr.iutctl.ZephyrCtl object at 0x000001F5FE1407D0>> start_wid=None stop_wid=None post_wid=None skip_call=None call_count=0 args=(<autopts.ptsprojects.zephyr.ztestcase.ZTestCase object at 0x000001F5FFCE0710>,) kwds={}
2025-12-02 16:34:32,865 LT1-thread root DEBUG client.py                 82    logger_log                : 2) class=<class 'autopts.ptsprojects.testcase.TestFunc'>, func=<bound method IutCtl.wait_iut_ready_event of <autopts.ptsprojects.zephyr.iutctl.ZephyrCtl object at 0x000001F5FE1407D0>> start_wid=None stop_wid=None post_wid=None skip_call=None call_count=0 args=(False,) kwds={}
2025-12-02 16:34:32,865 LT1-thread root DEBUG client.py                 82    logger_log                : 3) class=<class 'autopts.ptsprojects.testcase.TestFunc'>, func=<function core_reg_svc_gap at 0x000001F5FBF8B600> start_wid=None stop_wid=None post_wid=None skip_call=None call_count=43 args=() kwds={}
2025-12-02 16:34:32,865 LT1-thread root DEBUG client.py                 82    logger_log                : 4) class=<class 'autopts.ptsprojects.testcase.TestFunc'>, func=<function core_reg_svc_l2cap at 0x000001F5FBF8B880> start_wid=None stop_wid=None post_wid=None skip_call=None call_count=42 args=() kwds={}
2025-12-02 16:34:32,865 LT1-thread root DEBUG client.py                 82    logger_log                : 5) class=<class 'autopts.ptsprojects.testcase.TestFunc'>, func=<bound method Stack.gap_init of <autopts.ptsprojects.stack.stack.Stack object at 0x000001F5FA8D3620>> start_wid=None stop_wid=None post_wid=None skip_call=None call_count=42 args=(b'Tester_08E44E',) kwds={}
2025-12-02 16:34:32,865 LT1-thread root DEBUG client.py                 82    logger_log                : 6) class=<class 'autopts.ptsprojects.testcase.TestFunc'>, func=<function gap_read_ctrl_info at 0x000001F5FC44DF80> start_wid=None stop_wid=None post_wid=None skip_call=None call_count=42 args=() kwds={}
2025-12-02 16:34:32,865 LT1-thread root DEBUG client.py                 82    logger_log                : 7) class=<class 'autopts.ptsprojects.testcase.TestFunc'>, func=<function test_cases.<locals>.<lambda> at 0x000001F5FFC22020> start_wid=None stop_wid=None post_wid=None skip_call=None call_count=42 args=() kwds={}
2025-12-02 16:34:32,865 LT1-thread root DEBUG client.py                 82    logger_log                : 8) class=<class 'autopts.ptsprojects.testcase.TestFunc'>, func=<function set_pts_addr at 0x000001F5FBF8B1A0> start_wid=None stop_wid=None post_wid=None skip_call=None call_count=42 args=('00:1B:DC:08:E4:4E', 0) kwds={}
2025-12-02 16:34:32,865 LT1-thread root DEBUG client.py                 82    logger_log                : 9) class=<class 'autopts.ptsprojects.testcase.TestFunc'>, func=<function core_reg_svc_hfp at 0x000001F5FC420CC0> start_wid=None stop_wid=None post_wid=None skip_call=None call_count=42 args=() kwds={}
2025-12-02 16:34:32,865 LT1-thread root DEBUG client.py                 82    logger_log                : 10) class=<class 'autopts.ptsprojects.testcase.TestFunc'>, func=<bound method Stack.hfp_init of <autopts.ptsprojects.stack.stack.Stack object at 0x000001F5FA8D3620>> start_wid=None stop_wid=None post_wid=None skip_call=None call_count=42 args=() kwds={}
2025-12-02 16:34:32,866 LT1-thread root DEBUG client.py                 82    logger_log                : 11) class=<class 'autopts.ptsprojects.testcase.TestFuncCleanUp'>, func=<bound method Stack.cleanup of <autopts.ptsprojects.stack.stack.Stack object at 0x000001F5FA8D3620>> start_wid=None stop_wid=None post_wid=None skip_call=None call_count=0 args=() kwds={}
2025-12-02 16:34:32,866 LT1-thread root DEBUG client.py                 82    logger_log                : 12) class=<class 'autopts.ptsprojects.testcase.TestFuncCleanUp'>, func=<bound method ZephyrCtl.stop of <autopts.ptsprojects.zephyr.iutctl.ZephyrCtl object at 0x000001F5FE1407D0>> start_wid=None stop_wid=None post_wid=None skip_call=None call_count=0 args=() kwds={}
2025-12-02 16:34:32,866 LT1-thread root DEBUG client.py                 82    logger_log                : pre_run, run pre test case script
2025-12-02 16:34:32,876 LT1-thread root DEBUG client.py                 82    logger_log                : Starting test function: class=<class 'autopts.ptsprojects.testcase.TestFunc'>, func=<bound method Stack.core_init of <autopts.ptsprojects.stack.stack.Stack object at 0x000001F5FA8D3620>> start_wid=None stop_wid=None post_wid=None skip_call=None call_count=1 args=() kwds={}
2025-12-02 16:34:32,876 LT1-thread root DEBUG client.py                 82    logger_log                : Test function parameters: args=(), kwds={}
2025-12-02 16:34:32,876 LT1-thread root DEBUG client.py                 82    logger_log                : Starting test function: class=<class 'autopts.ptsprojects.testcase.TestFunc'>, func=<bound method IutCtl.start of <autopts.ptsprojects.zephyr.iutctl.ZephyrCtl object at 0x000001F5FE1407D0>> start_wid=None stop_wid=None post_wid=None skip_call=None call_count=1 args=(<autopts.ptsprojects.zephyr.ztestcase.ZTestCase object at 0x000001F5FFCE0710>,) kwds={}
2025-12-02 16:34:32,876 LT1-thread root DEBUG client.py                 82    logger_log                : Test function parameters: args=(<autopts.ptsprojects.zephyr.ztestcase.ZTestCase object at 0x000001F5FFCE0710>,), kwds={}
2025-12-02 16:34:32,876 LT1-thread root DEBUG client.py                 82    logger_log                : <class 'autopts.ptsprojects.zephyr.iutctl.ZephyrCtl'>.start
2025-12-02 16:34:32,876 LT1-thread root DEBUG client.py                 82    logger_log                : <class 'autopts.ptsprojects.zephyr.iutctl.ZephyrCtl'>.flush_serial
2025-12-02 16:34:34,102 LT1-thread root DEBUG client.py                 82    logger_log                : Starting socat process: socat.exe -x -v tcp:10.17.12.9:60587,retry=100,interval=1 /dev/ttyS2,raw,b115200,
2025-12-02 16:34:34,113 LT1-thread root DEBUG client.py                 82    logger_log                : accept
2025-12-02 16:34:34,205 BTPWorkerThread-889 (_rx_task) root DEBUG client.py                 82    logger_log                : BTPWorkerThread-889 (_rx_task) started
2025-12-02 16:34:34,205 LT1-thread root DEBUG client.py                 82    logger_log                : Starting test function: class=<class 'autopts.ptsprojects.testcase.TestFunc'>, func=<bound method IutCtl.wait_iut_ready_event of <autopts.ptsprojects.zephyr.iutctl.ZephyrCtl object at 0x000001F5FE1407D0>> start_wid=None stop_wid=None post_wid=None skip_call=None call_count=1 args=(False,) kwds={}
2025-12-02 16:34:34,206 LT1-thread root DEBUG client.py                 82    logger_log                : Test function parameters: args=(False,), kwds={}
2025-12-02 16:34:34,206 LT1-thread root DEBUG client.py                 82    logger_log                : IUT ready event received OK
2025-12-02 16:34:34,207 LT1-thread root DEBUG client.py                 82    logger_log                : Starting test function: class=<class 'autopts.ptsprojects.testcase.TestFunc'>, func=<function core_reg_svc_gap at 0x000001F5FBF8B600> start_wid=None stop_wid=None post_wid=None skip_call=None call_count=44 args=() kwds={}
2025-12-02 16:34:34,207 LT1-thread root DEBUG client.py                 82    logger_log                : Test function parameters: args=(), kwds={}
2025-12-02 16:34:34,207 LT1-thread root DEBUG client.py                 82    logger_log                : core_reg_svc_univ: gap_reg (GAP)
2025-12-02 16:34:34,207 LT1-thread root DEBUG client.py                 82    logger_log                : send, 0 3 255 '1'
2025-12-02 16:34:34,207 LT1-thread root DEBUG client.py                 82    logger_log                : sending frame '0003ff010001'
2025-12-02 16:34:34,208 LT1-thread root DEBUG client.py                 82    logger_log                : core_reg_svc_rsp_succ
2025-12-02 16:34:34,208 LT1-thread root DEBUG client.py                 82    logger_log                : read
2025-12-02 16:34:37,950 BTPWorkerThread-889 (_rx_task) root DEBUG client.py                 82    logger_log                : Read 5 bytes
2025-12-02 16:34:37,982 BTPWorkerThread-889 (_rx_task) root DEBUG client.py                 82    logger_log                : Received: hdr: Header(svc_id=0x00, op=0x03, ctrl_index=0xff, data_len=0x00) bytearray(b'\x00\x03\xff\x00\x00')
2025-12-02 16:34:38,014 BTPWorkerThread-889 (_rx_task) root DEBUG client.py                 82    logger_log                : Received data: {''}, bytearray(b'')
2025-12-02 16:34:38,062 LT1-thread root DEBUG client.py                 82    logger_log                : received Header(svc_id=0, op=3, ctrl_index=255, data_len=0) (b'',)
2025-12-02 16:34:38,062 LT1-thread root DEBUG client.py                 82    logger_log                : expected ((0, 3, 255, 0), (b'',))
2025-12-02 16:34:38,062 LT1-thread root DEBUG client.py                 82    logger_log                : response is valid
2025-12-02 16:34:38,062 LT1-thread root DEBUG client.py                 82    logger_log                : Reading supported commands for service: GAP
2025-12-02 16:34:38,062 LT1-thread root DEBUG client.py                 82    logger_log                : send, 1 1 255 ''
2025-12-02 16:34:38,063 LT1-thread root DEBUG client.py                 82    logger_log                : sending frame '0101ff0000'
2025-12-02 16:34:38,063 LT1-thread root DEBUG client.py                 82    logger_log                : read
2025-12-02 16:34:38,126 BTPWorkerThread-889 (_rx_task) root DEBUG client.py                 82    logger_log                : Read 5 bytes
2025-12-02 16:34:38,158 BTPWorkerThread-889 (_rx_task) root DEBUG client.py                 82    logger_log                : Received: hdr: Header(svc_id=0x01, op=0x01, ctrl_index=0xff, data_len=0x06) bytearray(b'\x01\x01\xff\x06\x00')
2025-12-02 16:34:38,206 BTPWorkerThread-889 (_rx_task) root DEBUG client.py                 82    logger_log                : Read 6 bytes data
2025-12-02 16:34:38,238 BTPWorkerThread-889 (_rx_task) root DEBUG client.py                 82    logger_log                : Received data: {'6e ff 7f 1f fe f7'}, bytearray(b'n\xff\x7f\x1f\xfe\xf7')
2025-12-02 16:34:38,286 LT1-thread root DEBUG client.py                 82    logger_log                : Starting test function: class=<class 'autopts.ptsprojects.testcase.TestFunc'>, func=<function core_reg_svc_l2cap at 0x000001F5FBF8B880> start_wid=None stop_wid=None post_wid=None skip_call=None call_count=43 args=() kwds={}
2025-12-02 16:34:38,286 LT1-thread root DEBUG client.py                 82    logger_log                : Test function parameters: args=(), kwds={}
2025-12-02 16:34:38,286 LT1-thread root DEBUG client.py                 82    logger_log                : core_reg_svc_univ: l2cap_reg (L2CAP)
2025-12-02 16:34:38,286 LT1-thread root DEBUG client.py                 82    logger_log                : send, 0 3 255 '3'
2025-12-02 16:34:38,287 LT1-thread root DEBUG client.py                 82    logger_log                : sending frame '0003ff010003'
2025-12-02 16:34:38,287 LT1-thread root DEBUG client.py                 82    logger_log                : core_reg_svc_rsp_succ
2025-12-02 16:34:38,287 LT1-thread root DEBUG client.py                 82    logger_log                : read
2025-12-02 16:34:38,366 BTPWorkerThread-889 (_rx_task) root DEBUG client.py                 82    logger_log                : Read 5 bytes
2025-12-02 16:34:38,398 BTPWorkerThread-889 (_rx_task) root DEBUG client.py                 82    logger_log                : Received: hdr: Header(svc_id=0x00, op=0x03, ctrl_index=0xff, data_len=0x00) bytearray(b'\x00\x03\xff\x00\x00')
2025-12-02 16:34:38,430 BTPWorkerThread-889 (_rx_task) root DEBUG client.py                 82    logger_log                : Received data: {''}, bytearray(b'')
2025-12-02 16:34:38,478 LT1-thread root DEBUG client.py                 82    logger_log                : received Header(svc_id=0, op=3, ctrl_index=255, data_len=0) (b'',)
2025-12-02 16:34:38,478 LT1-thread root DEBUG client.py                 82    logger_log                : expected ((0, 3, 255, 0), (b'',))
2025-12-02 16:34:38,478 LT1-thread root DEBUG client.py                 82    logger_log                : response is valid
2025-12-02 16:34:38,478 LT1-thread root DEBUG client.py                 82    logger_log                : Reading supported commands for service: L2CAP
2025-12-02 16:34:38,478 LT1-thread root DEBUG client.py                 82    logger_log                : send, 3 1 255 ''
2025-12-02 16:34:38,478 LT1-thread root DEBUG client.py                 82    logger_log                : sending frame '0301ff0000'
2025-12-02 16:34:38,479 LT1-thread root DEBUG client.py                 82    logger_log                : read
2025-12-02 16:34:38,558 BTPWorkerThread-889 (_rx_task) root DEBUG client.py                 82    logger_log                : Read 5 bytes
2025-12-02 16:34:38,590 BTPWorkerThread-889 (_rx_task) root DEBUG client.py                 82    logger_log                : Received: hdr: Header(svc_id=0x03, op=0x01, ctrl_index=0xff, data_len=0x02) bytearray(b'\x03\x01\xff\x02\x00')
2025-12-02 16:34:38,654 BTPWorkerThread-889 (_rx_task) root DEBUG client.py                 82    logger_log                : Read 2 bytes data
2025-12-02 16:34:38,686 BTPWorkerThread-889 (_rx_task) root DEBUG client.py                 82    logger_log                : Received data: {'be 03'}, bytearray(b'\xbe\x03')
2025-12-02 16:34:38,734 LT1-thread root DEBUG client.py                 82    logger_log                : Starting test function: class=<class 'autopts.ptsprojects.testcase.TestFunc'>, func=<bound method Stack.gap_init of <autopts.ptsprojects.stack.stack.Stack object at 0x000001F5FA8D3620>> start_wid=None stop_wid=None post_wid=None skip_call=None call_count=43 args=(b'Tester_08E44E',) kwds={}
2025-12-02 16:34:38,734 LT1-thread root DEBUG client.py                 82    logger_log                : Test function parameters: args=(b'Tester_08E44E',), kwds={}
2025-12-02 16:34:38,734 LT1-thread root DEBUG client.py                 82    logger_log                : Starting test function: class=<class 'autopts.ptsprojects.testcase.TestFunc'>, func=<function gap_read_ctrl_info at 0x000001F5FC44DF80> start_wid=None stop_wid=None post_wid=None skip_call=None call_count=43 args=() kwds={}
2025-12-02 16:34:38,734 LT1-thread root DEBUG client.py                 82    logger_log                : Test function parameters: args=(), kwds={}
2025-12-02 16:34:38,734 LT1-thread root DEBUG client.py                 82    logger_log                : gap_read_ctrl_info
2025-12-02 16:34:38,735 LT1-thread root DEBUG client.py                 82    logger_log                : send, 1 3 0 ''
2025-12-02 16:34:38,735 LT1-thread root DEBUG client.py                 82    logger_log                : sending frame '0103000000'
2025-12-02 16:34:38,735 LT1-thread root DEBUG client.py                 82    logger_log                : read
2025-12-02 16:34:38,814 BTPWorkerThread-889 (_rx_task) root DEBUG client.py                 82    logger_log                : Read 5 bytes
2025-12-02 16:34:38,846 BTPWorkerThread-889 (_rx_task) root DEBUG client.py                 82    logger_log                : Received: hdr: Header(svc_id=0x01, op=0x03, ctrl_index=0x00, data_len=0x115) bytearray(b'\x01\x03\x00\x15\x01')
2025-12-02 16:34:38,910 BTPWorkerThread-889 (_rx_task) root DEBUG client.py                 82    logger_log                : Read 277 bytes data
2025-12-02 16:34:38,942 BTPWorkerThread-889 (_rx_task) root DEBUG client.py                 82    logger_log                : Received data: {'19 78 ee 69 17 d0 d3 06 02 00 13 02 00 00 00 00 00 62 74 70 5f 74 65 73 74 65 72 00 00 00 00 00 00 00 00 00 00 00 00 00 00 00 00 00 00 00 00 00 00 00 00 00 00 00 00 00 00 00 00 00 00 00 00 00 00 00 00 00 00 00 00 00 00 00 00 00 00 00 00 00 00 00 00 00 00 00 00 00 00 00 00 00 00 00 00 00 00 00 00 00 00 00 00 00 00 00 00 00 00 00 00 00 00 00 00 00 00 00 00 00 00 00 00 00 00 00 00 00 00 00 00 00 00 00 00 00 00 00 00 00 00 00 00 00 00 00 00 00 00 00 00 00 00 00 00 00 00 00 00 00 00 00 00 00 00 00 00 00 00 00 00 00 00 00 00 00 00 00 00 00 00 00 00 00 00 00 00 00 00 00 00 00 00 00 00 00 00 00 00 00 00 00 00 00 00 00 00 00 00 00 00 00 00 00 00 00 00 00 00 00 00 00 00 00 00 00 00 00 00 00 00 00 00 00 00 00 00 00 00 00 00 00 00 00 00 00 00 00 00 00 00 00 00 00 00 00 00 00 00 00 00 00 00 00 00 00 00 00 00 00 00 00 00 00 00 00 00'}, bytearray(b'\x19x\xeei\x17\xd0\xd3\x06\x02\x00\x13\x02\x00\x00\x00\x00\x00btp_tester\x00\x00\x00\x00\x00\x00\x00\x00\x00\x00\x00\x00\x00\x00\x00\x00\x00\x00\x00\x00\x00\x00\x00\x00\x00\x00\x00\x00\x00\x00\x00\x00\x00\x00\x00\x00\x00\x00\x00\x00\x00\x00\x00\x00\x00\x00\x00\x00\x00\x00\x00\x00\x00\x00\x00\x00\x00\x00\x00\x00\x00\x00\x00\x00\x00\x00\x00\x00\x00\x00\x00\x00\x00\x00\x00\x00\x00\x00\x00\x00\x00\x00\x00\x00\x00\x00\x00\x00\x00\x00\x00\x00\x00\x00\x00\x00\x00\x00\x00\x00\x00\x00\x00\x00\x00\x00\x00\x00\x00\x00\x00\x00\x00\x00\x00\x00\x00\x00\x00\x00\x00\x00\x00\x00\x00\x00\x00\x00\x00\x00\x00\x00\x00\x00\x00\x00\x00\x00\x00\x00\x00\x00\x00\x00\x00\x00\x00\x00\x00\x00\x00\x00\x00\x00\x00\x00\x00\x00\x00\x00\x00\x00\x00\x00\x00\x00\x00\x00\x00\x00\x00\x00\x00\x00\x00\x00\x00\x00\x00\x00\x00\x00\x00\x00\x00\x00\x00\x00\x00\x00\x00\x00\x00\x00\x00\x00\x00\x00\x00\x00\x00\x00\x00\x00\x00\x00\x00\x00\x00\x00\x00\x00\x00\x00\x00\x00\x00\x00\x00\x00\x00\x00\x00\x00\x00\x00\x00\x00\x00\x00\x00\x00\x00\x00\x00\x00\x00\x00\x00\x00\x00\x00\x00\x00\x00\x00\x00\x00\x00\x00')
2025-12-02 16:34:38,990 LT1-thread root DEBUG client.py                 82    logger_log                : received Header(svc_id=1, op=3, ctrl_index=0, data_len=277) (b'\x19x\xeei\x17\xd0\xd3\x06\x02\x00\x13\x02\x00\x00\x00\x00\x00btp_tester\x00\x00\x00\x00\x00\x00\x00\x00\x00\x00\x00\x00\x00\x00\x00\x00\x00\x00\x00\x00\x00\x00\x00\x00\x00\x00\x00\x00\x00\x00\x00\x00\x00\x00\x00\x00\x00\x00\x00\x00\x00\x00\x00\x00\x00\x00\x00\x00\x00\x00\x00\x00\x00\x00\x00\x00\x00\x00\x00\x00\x00\x00\x00\x00\x00\x00\x00\x00\x00\x00\x00\x00\x00\x00\x00\x00\x00\x00\x00\x00\x00\x00\x00\x00\x00\x00\x00\x00\x00\x00\x00\x00\x00\x00\x00\x00\x00\x00\x00\x00\x00\x00\x00\x00\x00\x00\x00\x00\x00\x00\x00\x00\x00\x00\x00\x00\x00\x00\x00\x00\x00\x00\x00\x00\x00\x00\x00\x00\x00\x00\x00\x00\x00\x00\x00\x00\x00\x00\x00\x00\x00\x00\x00\x00\x00\x00\x00\x00\x00\x00\x00\x00\x00\x00\x00\x00\x00\x00\x00\x00\x00\x00\x00\x00\x00\x00\x00\x00\x00\x00\x00\x00\x00\x00\x00\x00\x00\x00\x00\x00\x00\x00\x00\x00\x00\x00\x00\x00\x00\x00\x00\x00\x00\x00\x00\x00\x00\x00\x00\x00\x00\x00\x00\x00\x00\x00\x00\x00\x00\x00\x00\x00\x00\x00\x00\x00\x00\x00\x00\x00\x00\x00\x00\x00\x00\x00\x00\x00\x00\x00\x00\x00\x00\x00\x00\x00\x00\x00\x00\x00\x00\x00\x00\x00\x00\x00\x00\x00\x00\x00',)
2025-12-02 16:34:38,990 LT1-thread root DEBUG client.py                 82    logger_log                : IUT address 'd01769ee7819' 'public'
2025-12-02 16:34:38,991 LT1-thread root DEBUG client.py                 82    logger_log                : __gap_current_settings_update 531
2025-12-02 16:34:38,991 LT1-thread root DEBUG client.py                 82    logger_log                : Starting test function: class=<class 'autopts.ptsprojects.testcase.TestFunc'>, func=<function test_cases.<locals>.<lambda> at 0x000001F5FFC22020> start_wid=None stop_wid=None post_wid=None skip_call=None call_count=43 args=() kwds={}
2025-12-02 16:34:38,992 LT1-thread root DEBUG client.py                 82    logger_log                : Test function parameters: args=(), kwds={}
2025-12-02 16:34:38,996 LT1-thread root DEBUG client.py                 82    logger_log                : Starting test function: class=<class 'autopts.ptsprojects.testcase.TestFunc'>, func=<function set_pts_addr at 0x000001F5FBF8B1A0> start_wid=None stop_wid=None post_wid=None skip_call=None call_count=43 args=('00:1B:DC:08:E4:4E', 0) kwds={}
2025-12-02 16:34:38,996 LT1-thread root DEBUG client.py                 82    logger_log                : Test function parameters: args=('00:1B:DC:08:E4:4E', 0), kwds={}
2025-12-02 16:34:38,997 LT1-thread root DEBUG client.py                 82    logger_log                : Starting test function: class=<class 'autopts.ptsprojects.testcase.TestFunc'>, func=<function core_reg_svc_hfp at 0x000001F5FC420CC0> start_wid=None stop_wid=None post_wid=None skip_call=None call_count=43 args=() kwds={}
2025-12-02 16:34:38,997 LT1-thread root DEBUG client.py                 82    logger_log                : Test function parameters: args=(), kwds={}
2025-12-02 16:34:38,997 LT1-thread root DEBUG client.py                 82    logger_log                : core_reg_svc_univ: hfp_reg (HFP)
2025-12-02 16:34:38,997 LT1-thread root DEBUG client.py                 82    logger_log                : send, 0 3 255 '33'
2025-12-02 16:34:38,997 LT1-thread root DEBUG client.py                 82    logger_log                : sending frame '0003ff010021'
2025-12-02 16:34:38,998 LT1-thread root DEBUG client.py                 82    logger_log                : core_reg_svc_rsp_succ
2025-12-02 16:34:38,998 LT1-thread root DEBUG client.py                 82    logger_log                : read
2025-12-02 16:34:39,084 BTPWorkerThread-889 (_rx_task) root DEBUG client.py                 82    logger_log                : Read 5 bytes
2025-12-02 16:34:39,116 BTPWorkerThread-889 (_rx_task) root DEBUG client.py                 82    logger_log                : Received: hdr: Header(svc_id=0x00, op=0x03, ctrl_index=0xff, data_len=0x00) bytearray(b'\x00\x03\xff\x00\x00')
2025-12-02 16:34:39,148 BTPWorkerThread-889 (_rx_task) root DEBUG client.py                 82    logger_log                : Received data: {''}, bytearray(b'')
2025-12-02 16:34:39,196 LT1-thread root DEBUG client.py                 82    logger_log                : received Header(svc_id=0, op=3, ctrl_index=255, data_len=0) (b'',)
2025-12-02 16:34:39,196 LT1-thread root DEBUG client.py                 82    logger_log                : expected ((0, 3, 255, 0), (b'',))
2025-12-02 16:34:39,196 LT1-thread root DEBUG client.py                 82    logger_log                : response is valid
2025-12-02 16:34:39,196 LT1-thread root DEBUG client.py                 82    logger_log                : Reading supported commands for service: HFP
2025-12-02 16:34:39,196 LT1-thread root DEBUG client.py                 82    logger_log                : send, 33 1 255 ''
2025-12-02 16:34:39,196 LT1-thread root DEBUG client.py                 82    logger_log                : sending frame '2101ff0000'
2025-12-02 16:34:39,197 LT1-thread root DEBUG client.py                 82    logger_log                : read
2025-12-02 16:34:39,260 BTPWorkerThread-889 (_rx_task) root DEBUG client.py                 82    logger_log                : Read 5 bytes
2025-12-02 16:34:39,292 BTPWorkerThread-889 (_rx_task) root DEBUG client.py                 82    logger_log                : Received: hdr: Header(svc_id=0x21, op=0x01, ctrl_index=0xff, data_len=0x05) bytearray(b'!\x01\xff\x05\x00')
2025-12-02 16:34:39,354 BTPWorkerThread-889 (_rx_task) root DEBUG client.py                 82    logger_log                : Read 5 bytes data
2025-12-02 16:34:39,386 BTPWorkerThread-889 (_rx_task) root DEBUG client.py                 82    logger_log                : Received data: {'fe ff ff ff 7f'}, bytearray(b'\xfe\xff\xff\xff\x7f')
2025-12-02 16:34:39,432 LT1-thread root DEBUG client.py                 82    logger_log                : Starting test function: class=<class 'autopts.ptsprojects.testcase.TestFunc'>, func=<bound method Stack.hfp_init of <autopts.ptsprojects.stack.stack.Stack object at 0x000001F5FA8D3620>> start_wid=None stop_wid=None post_wid=None skip_call=None call_count=43 args=() kwds={}
2025-12-02 16:34:39,432 LT1-thread root DEBUG client.py                 82    logger_log                : Test function parameters: args=(), kwds={}
2025-12-02 16:34:39,434 LT1-thread root DEBUG client.py                 82    logger_log                : ClientCallback.get_result run_test_case
2025-12-02 16:34:40,079 LT1-callback ClientCallback.on_implicit_send INFO client.py                 82    logger_log                : 
    ********************
    BEGIN OnImplicitSend:
    project_name: HFP
    wid: 121
    test_case_name: HFP/AG/TCA/BV-03-C
    description: Click Ok, then make a connection request to the PTS from the Implementation Under Test (IUT).
    style: MMI_Style_Ok_Cancel1 0x11041
2025-12-02 16:34:40,079 LT1-callback ClientCallback.on_implicit_send INFO client.py                 82    logger_log                : Calling test cases on_implicit_send
2025-12-02 16:34:40,079 LT1-callback ClientCallback.on_implicit_send INFO client.py                 82    logger_log                : 
    on_implicit_send returned response: WAIT
    END OnImplicitSend
    ********************
2025-12-02 16:34:40,436 LT1-thread root DEBUG client.py                 82    logger_log                : HFP HFP/AG/TCA/BV-03-C on_implicit_send
2025-12-02 16:34:40,436 LT1-thread root DEBUG client.py                 82    logger_log                : hfp_wid_hdl, 121, Click Ok, then make a connection request to the PTS from the Implementation Under Test (IUT)., HFP/AG/TCA/BV-03-C
2025-12-02 16:34:40,436 LT1-thread root DEBUG client.py                 82    logger_log                : gap_conn None 224
2025-12-02 16:34:40,436 LT1-thread root DEBUG client.py                 82    logger_log                : send, 1 14 0 "bytearray(b'\\xe0N\\xe4\\x08\\xdc\\x1b\\x00\\x00')"
2025-12-02 16:34:40,436 LT1-thread root DEBUG client.py                 82    logger_log                : sending frame '010e000800e04ee408dc1b0000'
2025-12-02 16:34:40,437 LT1-thread root DEBUG client.py                 82    logger_log                : read
2025-12-02 16:34:40,516 BTPWorkerThread-889 (_rx_task) root DEBUG client.py                 82    logger_log                : Read 5 bytes
2025-12-02 16:34:40,548 BTPWorkerThread-889 (_rx_task) root DEBUG client.py                 82    logger_log                : Received: hdr: Header(svc_id=0x01, op=0x0e, ctrl_index=0x00, data_len=0x00) bytearray(b'\x01\x0e\x00\x00\x00')
2025-12-02 16:34:40,580 BTPWorkerThread-889 (_rx_task) root DEBUG client.py                 82    logger_log                : Received data: {''}, bytearray(b'')
2025-12-02 16:34:44,368 BTPWorkerThread-889 (_rx_task) root DEBUG client.py                 82    logger_log                : Read 5 bytes
2025-12-02 16:34:44,400 BTPWorkerThread-889 (_rx_task) root DEBUG client.py                 82    logger_log                : Received: hdr: Header(svc_id=0x01, op=0x82, ctrl_index=0x00, data_len=0x0d) bytearray(b'\x01\x82\x00\r\x00')
2025-12-02 16:34:44,464 BTPWorkerThread-889 (_rx_task) root DEBUG client.py                 82    logger_log                : Read 13 bytes data
2025-12-02 16:34:44,496 BTPWorkerThread-889 (_rx_task) root DEBUG client.py                 82    logger_log                : Received data: {'e0 4e e4 08 dc 1b 00 00 00 00 00 00 00'}, bytearray(b'\xe0N\xe4\x08\xdc\x1b\x00\x00\x00\x00\x00\x00\x00')
2025-12-02 16:34:44,544 BTPWorkerThread-889 (_rx_task) root DEBUG client.py                 82    logger_log                : event_handler Header(svc_id=1, op=130, ctrl_index=0, data_len=13) (b'\xe0N\xe4\x08\xdc\x1b\x00\x00\x00\x00\x00\x00\x00',)
2025-12-02 16:34:44,576 BTPWorkerThread-889 (_rx_task) root DEBUG client.py                 82    logger_log                : gap_connected_ev_ b'\xe0N\xe4\x08\xdc\x1b\x00\x00\x00\x00\x00\x00\x00'
2025-12-02 16:34:44,608 LT1-thread root DEBUG client.py                 82    logger_log                : gap_pair None 224
2025-12-02 16:34:44,608 LT1-thread root DEBUG client.py                 82    logger_log                : send, 1 17 0 "bytearray(b'\\xe0N\\xe4\\x08\\xdc\\x1b\\x00')"
2025-12-02 16:34:44,608 LT1-thread root DEBUG client.py                 82    logger_log                : sending frame '0111000700e04ee408dc1b00'
2025-12-02 16:34:44,609 LT1-thread root DEBUG client.py                 82    logger_log                : gap_command_rsp_succ
2025-12-02 16:34:44,609 LT1-thread root DEBUG client.py                 82    logger_log                : read
2025-12-02 16:34:44,688 BTPWorkerThread-889 (_rx_task) root DEBUG client.py                 82    logger_log                : Read 5 bytes
2025-12-02 16:34:44,720 BTPWorkerThread-889 (_rx_task) root DEBUG client.py                 82    logger_log                : Received: hdr: Header(svc_id=0x01, op=0x11, ctrl_index=0x00, data_len=0x00) bytearray(b'\x01\x11\x00\x00\x00')
2025-12-02 16:34:44,752 BTPWorkerThread-889 (_rx_task) root DEBUG client.py                 82    logger_log                : Received data: {''}, bytearray(b'')
2025-12-02 16:34:44,800 LT1-thread root DEBUG client.py                 82    logger_log                : received Header(svc_id=1, op=17, ctrl_index=0, data_len=0) (b'',)
2025-12-02 16:34:44,800 LT1-thread root DEBUG client.py                 82    logger_log                : hfp_enable_slc None 1 1
2025-12-02 16:34:44,800 LT1-thread root DEBUG client.py                 82    logger_log                : send, 33 2 0 "bytearray(b'\\xe0N\\xe4\\x08\\xdc\\x1b\\x00\\x01\\x01\\x00')"
2025-12-02 16:34:44,800 LT1-thread root DEBUG client.py                 82    logger_log                : sending frame '2102000a00e04ee408dc1b00010100'
2025-12-02 16:34:44,801 LT1-thread root DEBUG client.py                 82    logger_log                : read
2025-12-02 16:34:44,880 BTPWorkerThread-889 (_rx_task) root DEBUG client.py                 82    logger_log                : Read 5 bytes
2025-12-02 16:34:44,912 BTPWorkerThread-889 (_rx_task) root DEBUG client.py                 82    logger_log                : Received: hdr: Header(svc_id=0x21, op=0x02, ctrl_index=0x00, data_len=0x00) bytearray(b'!\x02\x00\x00\x00')
2025-12-02 16:34:44,944 BTPWorkerThread-889 (_rx_task) root DEBUG client.py                 82    logger_log                : Received data: {''}, bytearray(b'')
2025-12-02 16:34:44,990 LT1-thread root DEBUG client.py                 82    logger_log                : Sending response 'OK' to wid 121 test case HFP/AG/TCA/BV-03-C
2025-12-02 16:34:44,992 LT1-thread root DEBUG client.py                 82    logger_log                : ClientCallback.get_result run_test_case
2025-12-02 16:34:45,452 BTPWorkerThread-889 (_rx_task) root DEBUG client.py                 82    logger_log                : Read 5 bytes
2025-12-02 16:34:45,452 BTPWorkerThread-889 (_rx_task) root DEBUG client.py                 82    logger_log                : Received: hdr: Header(svc_id=0x01, op=0x91, ctrl_index=0x00, data_len=0x09) bytearray(b'\x01\x91\x00\t\x00')
2025-12-02 16:34:45,452 BTPWorkerThread-889 (_rx_task) root DEBUG client.py                 82    logger_log                : Read 9 bytes data
2025-12-02 16:34:45,453 BTPWorkerThread-889 (_rx_task) root DEBUG client.py                 82    logger_log                : Received data: {'e0 4e e4 08 dc 1b 00 01 10'}, bytearray(b'\xe0N\xe4\x08\xdc\x1b\x00\x01\x10')
2025-12-02 16:34:45,453 BTPWorkerThread-889 (_rx_task) root DEBUG client.py                 82    logger_log                : event_handler Header(svc_id=1, op=145, ctrl_index=0, data_len=9) (b'\xe0N\xe4\x08\xdc\x1b\x00\x01\x10',)
2025-12-02 16:34:45,453 BTPWorkerThread-889 (_rx_task) root DEBUG client.py                 82    logger_log                : gap_encryption_change_ev_
2025-12-02 16:34:45,453 BTPWorkerThread-889 (_rx_task) root DEBUG client.py                 82    logger_log                : enc change received b'\xe0N\xe4\x08\xdc\x1b\x00\x01\x10'
2025-12-02 16:34:45,453 BTPWorkerThread-889 (_rx_task) root DEBUG client.py                 82    logger_log                : received (224, '001bdc08e44e', 1, 16)
2025-12-02 16:34:45,453 BTPWorkerThread-889 (_rx_task) root DEBUG client.py                 82    logger_log                : Read 5 bytes
2025-12-02 16:34:45,453 BTPWorkerThread-889 (_rx_task) root DEBUG client.py                 82    logger_log                : Received: hdr: Header(svc_id=0x01, op=0x89, ctrl_index=0x00, data_len=0x08) bytearray(b'\x01\x89\x00\x08\x00')
2025-12-02 16:34:45,453 BTPWorkerThread-889 (_rx_task) root DEBUG client.py                 82    logger_log                : Read 8 bytes data
2025-12-02 16:34:45,454 BTPWorkerThread-889 (_rx_task) root DEBUG client.py                 82    logger_log                : Received data: {'e0 4e e4 08 dc 1b 00 02'}, bytearray(b'\xe0N\xe4\x08\xdc\x1b\x00\x02')
2025-12-02 16:34:45,454 BTPWorkerThread-889 (_rx_task) root DEBUG client.py                 82    logger_log                : event_handler Header(svc_id=1, op=137, ctrl_index=0, data_len=8) (b'\xe0N\xe4\x08\xdc\x1b\x00\x02',)
2025-12-02 16:34:45,454 BTPWorkerThread-889 (_rx_task) root DEBUG client.py                 82    logger_log                : gap_sec_level_changed_ev_
2025-12-02 16:34:45,454 BTPWorkerThread-889 (_rx_task) root DEBUG client.py                 82    logger_log                : received b'\xe0N\xe4\x08\xdc\x1b\x00\x02'
2025-12-02 16:34:45,454 BTPWorkerThread-889 (_rx_task) root DEBUG client.py                 82    logger_log                : received (224, '001bdc08e44e', 2)
2025-12-02 16:34:45,526 LT1-callback ClientCallback.on_implicit_send INFO client.py                 82    logger_log                : 
    ********************
    BEGIN OnImplicitSend:
    project_name: HFP
    wid: 12
    test_case_name: HFP/AG/TCA/BV-03-C
    description: Click Ok, then place a call from an external line to the Implementation Under Test (IUT).  Do not answer the call unless prompted to do so.
    style: MMI_Style_Ok_Cancel1 0x11041
2025-12-02 16:34:45,526 LT1-callback ClientCallback.on_implicit_send INFO client.py                 82    logger_log                : Calling test cases on_implicit_send
2025-12-02 16:34:45,527 LT1-callback ClientCallback.on_implicit_send INFO client.py                 82    logger_log                : 
    on_implicit_send returned response: WAIT
    END OnImplicitSend
    ********************
2025-12-02 16:34:45,994 LT1-thread root DEBUG client.py                 82    logger_log                : HFP HFP/AG/TCA/BV-03-C on_implicit_send
2025-12-02 16:34:45,994 LT1-thread root DEBUG client.py                 82    logger_log                : hfp_wid_hdl, 12, Click Ok, then place a call from an external line to the Implementation Under Test (IUT).  Do not answer the call unless prompted to do so., HFP/AG/TCA/BV-03-C
2025-12-02 16:34:48,996 LT1-thread root DEBUG client.py                 82    logger_log                : hdl_wid_12: External call to IUT
2025-12-02 16:34:48,996 LT1-thread root DEBUG client.py                 82    logger_log                : hfp_ag_enable_call
2025-12-02 16:34:48,996 LT1-thread root DEBUG client.py                 82    logger_log                : send, 33 7 0 "bytearray(b'\\x00')"
2025-12-02 16:34:48,996 LT1-thread root DEBUG client.py                 82    logger_log                : sending frame '210700010000'
2025-12-02 16:34:48,997 LT1-thread root DEBUG client.py                 82    logger_log                : read
2025-12-02 16:34:49,078 BTPWorkerThread-889 (_rx_task) root DEBUG client.py                 82    logger_log                : Read 5 bytes
2025-12-02 16:34:49,110 BTPWorkerThread-889 (_rx_task) root DEBUG client.py                 82    logger_log                : Received: hdr: Header(svc_id=0x21, op=0x07, ctrl_index=0x00, data_len=0x00) bytearray(b'!\x07\x00\x00\x00')
2025-12-02 16:34:49,142 BTPWorkerThread-889 (_rx_task) root DEBUG client.py                 82    logger_log                : Received data: {''}, bytearray(b'')
2025-12-02 16:34:49,190 LT1-thread root DEBUG client.py                 82    logger_log                : Sending response 'OK' to wid 12 test case HFP/AG/TCA/BV-03-C
2025-12-02 16:34:49,190 BTPWorkerThread-889 (_rx_task) root DEBUG client.py                 82    logger_log                : Read 5 bytes
2025-12-02 16:34:49,191 BTPWorkerThread-889 (_rx_task) root DEBUG client.py                 82    logger_log                : Received: hdr: Header(svc_id=0x21, op=0x83, ctrl_index=0x00, data_len=0x0b) bytearray(b'!\x83\x00\x0b\x00')
2025-12-02 16:34:49,191 BTPWorkerThread-889 (_rx_task) root DEBUG client.py                 82    logger_log                : Read 11 bytes data
2025-12-02 16:34:49,192 BTPWorkerThread-889 (_rx_task) root DEBUG client.py                 82    logger_log                : Received data: {'00 00 01 07 31 32 33 34 35 36 37'}, bytearray(b'\x00\x00\x01\x071234567')
2025-12-02 16:34:49,192 LT1-thread root DEBUG client.py                 82    logger_log                : ClientCallback.get_result run_test_case
2025-12-02 16:34:49,193 BTPWorkerThread-889 (_rx_task) root DEBUG client.py                 82    logger_log                : event_handler Header(svc_id=33, op=131, ctrl_index=0, data_len=11) (b'\x00\x00\x01\x071234567',)
2025-12-02 16:34:49,193 BTPWorkerThread-889 (_rx_task) root DEBUG client.py                 82    logger_log                : hfp_new_call_ev b'\x00\x00\x01\x071234567' 11
2025-12-02 16:34:49,193 BTPWorkerThread-889 (_rx_task) root DEBUG client.py                 82    logger_log                : Read 5 bytes
2025-12-02 16:34:49,194 BTPWorkerThread-889 (_rx_task) root DEBUG client.py                 82    logger_log                : Received: hdr: Header(svc_id=0x21, op=0x84, ctrl_index=0x00, data_len=0x02) bytearray(b'!\x84\x00\x02\x00')
2025-12-02 16:34:49,194 BTPWorkerThread-889 (_rx_task) root DEBUG client.py                 82    logger_log                : Read 2 bytes data
2025-12-02 16:34:49,195 BTPWorkerThread-889 (_rx_task) root DEBUG client.py                 82    logger_log                : Received data: {'00 05'}, bytearray(b'\x00\x05')
2025-12-02 16:34:49,196 LT1-callback ClientCallback.on_implicit_send INFO client.py                 82    logger_log                : 
    ********************
    BEGIN OnImplicitSend:
    project_name: HFP
    wid: 35
    test_case_name: HFP/AG/TCA/BV-03-C
    description: Verify the presence of an audio connection, then click Ok.
    style: MMI_Style_Ok_Cancel1 0x11041
2025-12-02 16:34:49,196 LT1-callback ClientCallback.on_implicit_send INFO client.py                 82    logger_log                : Calling test cases on_implicit_send
2025-12-02 16:34:49,196 BTPWorkerThread-889 (_rx_task) root DEBUG client.py                 82    logger_log                : event_handler Header(svc_id=33, op=132, ctrl_index=0, data_len=2) (b'\x00\x05',)
2025-12-02 16:34:49,196 LT1-callback ClientCallback.on_implicit_send INFO client.py                 82    logger_log                : 
    on_implicit_send returned response: WAIT
    END OnImplicitSend
    ********************
2025-12-02 16:34:49,197 BTPWorkerThread-889 (_rx_task) root DEBUG client.py                 82    logger_log                : hfp_call_status_ev b'\x00\x05' 2
2025-12-02 16:34:49,197 BTPWorkerThread-889 (_rx_task) root DEBUG client.py                 82    logger_log                : Read 5 bytes
2025-12-02 16:34:49,197 BTPWorkerThread-889 (_rx_task) root DEBUG client.py                 82    logger_log                : Received: hdr: Header(svc_id=0x21, op=0x81, ctrl_index=0x00, data_len=0x00) bytearray(b'!\x81\x00\x00\x00')
2025-12-02 16:34:49,198 BTPWorkerThread-889 (_rx_task) root DEBUG client.py                 82    logger_log                : Received data: {''}, bytearray(b'')
2025-12-02 16:34:49,198 BTPWorkerThread-889 (_rx_task) root DEBUG client.py                 82    logger_log                : event_handler Header(svc_id=33, op=129, ctrl_index=0, data_len=0) (b'',)
2025-12-02 16:34:49,198 BTPWorkerThread-889 (_rx_task) root DEBUG client.py                 82    logger_log                : hfp_sco_connected_ev b'' 0
2025-12-02 16:34:49,198 BTPWorkerThread-889 (_rx_task) root DEBUG client.py                 82    logger_log                : Read 5 bytes
2025-12-02 16:34:49,198 BTPWorkerThread-889 (_rx_task) root DEBUG client.py                 82    logger_log                : Received: hdr: Header(svc_id=0x21, op=0x84, ctrl_index=0x00, data_len=0x02) bytearray(b'!\x84\x00\x02\x00')
2025-12-02 16:34:49,198 BTPWorkerThread-889 (_rx_task) root DEBUG client.py                 82    logger_log                : Read 2 bytes data
2025-12-02 16:34:49,199 BTPWorkerThread-889 (_rx_task) root DEBUG client.py                 82    logger_log                : Received data: {'00 00'}, bytearray(b'\x00\x00')
2025-12-02 16:34:49,199 BTPWorkerThread-889 (_rx_task) root DEBUG client.py                 82    logger_log                : event_handler Header(svc_id=33, op=132, ctrl_index=0, data_len=2) (b'\x00\x00',)
2025-12-02 16:34:49,199 BTPWorkerThread-889 (_rx_task) root DEBUG client.py                 82    logger_log                : hfp_call_status_ev b'\x00\x00' 2
2025-12-02 16:34:50,198 LT1-thread root DEBUG client.py                 82    logger_log                : HFP HFP/AG/TCA/BV-03-C on_implicit_send
2025-12-02 16:34:50,198 LT1-thread root DEBUG client.py                 82    logger_log                : hfp_wid_hdl, 35, Verify the presence of an audio connection, then click Ok., HFP/AG/TCA/BV-03-C
2025-12-02 16:34:50,198 LT1-thread root DEBUG client.py                 82    logger_log                : hdl_wid_35: Verify presence of audio connection
2025-12-02 16:34:55,199 LT1-thread root DEBUG client.py                 82    logger_log                : Sending response 'OK' to wid 35 test case HFP/AG/TCA/BV-03-C
2025-12-02 16:34:55,201 LT1-thread root DEBUG client.py                 82    logger_log                : ClientCallback.get_result run_test_case
2025-12-02 16:34:55,206 LT1-callback ClientCallback.on_implicit_send INFO client.py                 82    logger_log                : 
    ********************
    BEGIN OnImplicitSend:
    project_name: HFP
    wid: 15
    test_case_name: HFP/AG/TCA/BV-03-C
    description: Click Ok, then end the call using the external terminal.
    style: MMI_Style_Ok_Cancel1 0x11041
2025-12-02 16:34:55,206 LT1-callback ClientCallback.on_implicit_send INFO client.py                 82    logger_log                : Calling test cases on_implicit_send
2025-12-02 16:34:55,206 LT1-callback ClientCallback.on_implicit_send INFO client.py                 82    logger_log                : 
    on_implicit_send returned response: WAIT
    END OnImplicitSend
    ********************
2025-12-02 16:34:56,207 LT1-thread root DEBUG client.py                 82    logger_log                : HFP HFP/AG/TCA/BV-03-C on_implicit_send
2025-12-02 16:34:56,207 LT1-thread root DEBUG client.py                 82    logger_log                : hfp_wid_hdl, 15, Click Ok, then end the call using the external terminal., HFP/AG/TCA/BV-03-C
2025-12-02 16:34:56,207 LT1-thread root DEBUG client.py                 82    logger_log                : hdl_wid_15: End the call using external terminal
2025-12-02 16:35:06,208 LT1-thread root DEBUG client.py                 82    logger_log                : hfp_ag_disable_call_external
2025-12-02 16:35:06,208 LT1-thread root DEBUG client.py                 82    logger_log                : send, 33 11 0 "bytearray(b'\\x00')"
2025-12-02 16:35:06,208 LT1-thread root DEBUG client.py                 82    logger_log                : sending frame '210b00010000'
2025-12-02 16:35:06,209 LT1-thread root DEBUG client.py                 82    logger_log                : read
2025-12-02 16:35:06,284 BTPWorkerThread-889 (_rx_task) root DEBUG client.py                 82    logger_log                : Read 5 bytes
2025-12-02 16:35:06,316 BTPWorkerThread-889 (_rx_task) root DEBUG client.py                 82    logger_log                : Received: hdr: Header(svc_id=0x21, op=0x0b, ctrl_index=0x00, data_len=0x00) bytearray(b'!\x0b\x00\x00\x00')
2025-12-02 16:35:06,348 BTPWorkerThread-889 (_rx_task) root DEBUG client.py                 82    logger_log                : Received data: {''}, bytearray(b'')
2025-12-02 16:35:06,380 LT1-thread root DEBUG client.py                 82    logger_log                : Sending response 'OK' to wid 15 test case HFP/AG/TCA/BV-03-C
2025-12-02 16:35:06,380 BTPWorkerThread-889 (_rx_task) root DEBUG client.py                 82    logger_log                : Read 5 bytes
2025-12-02 16:35:06,381 BTPWorkerThread-889 (_rx_task) root DEBUG client.py                 82    logger_log                : Received: hdr: Header(svc_id=0x21, op=0x82, ctrl_index=0x00, data_len=0x00) bytearray(b'!\x82\x00\x00\x00')
2025-12-02 16:35:06,381 BTPWorkerThread-889 (_rx_task) root DEBUG client.py                 82    logger_log                : Received data: {''}, bytearray(b'')
2025-12-02 16:35:06,381 BTPWorkerThread-889 (_rx_task) root DEBUG client.py                 82    logger_log                : event_handler Header(svc_id=33, op=130, ctrl_index=0, data_len=0) (b'',)
2025-12-02 16:35:06,382 BTPWorkerThread-889 (_rx_task) root DEBUG client.py                 82    logger_log                : hfp_sco_disconnected_ev b'' 0
2025-12-02 16:35:06,382 LT1-thread root DEBUG client.py                 82    logger_log                : ClientCallback.get_result run_test_case
2025-12-02 16:35:06,385 LT1-callback ClientCallback.on_implicit_send INFO client.py                 82    logger_log                : 
    ********************
    BEGIN OnImplicitSend:
    project_name: HFP
    wid: 2
    test_case_name: HFP/AG/TCA/BV-03-C
    description: Click Ok, then disable the service level connection using the Implementation Under Test (IUT).
    style: MMI_Style_Ok 0x11040
2025-12-02 16:35:06,386 LT1-callback ClientCallback.on_implicit_send INFO client.py                 82    logger_log                : Calling test cases on_implicit_send
2025-12-02 16:35:06,386 LT1-callback ClientCallback.on_implicit_send INFO client.py                 82    logger_log                : 
    on_implicit_send returned response: WAIT
    END OnImplicitSend
    ********************
2025-12-02 16:35:07,397 LT1-thread root DEBUG client.py                 82    logger_log                : HFP HFP/AG/TCA/BV-03-C on_implicit_send
2025-12-02 16:35:07,397 LT1-thread root DEBUG client.py                 82    logger_log                : hfp_wid_hdl, 2, Click Ok, then disable the service level connection using the Implementation Under Test (IUT)., HFP/AG/TCA/BV-03-C
2025-12-02 16:35:07,397 LT1-thread root DEBUG client.py                 82    logger_log                : hdl_wid_2: Disable service level connection
2025-12-02 16:35:07,397 LT1-thread root DEBUG client.py                 82    logger_log                : hfp_disable_slc
2025-12-02 16:35:07,397 LT1-thread root DEBUG client.py                 82    logger_log                : send, 33 3 0 "bytearray(b'\\x00')"
2025-12-02 16:35:07,398 LT1-thread root DEBUG client.py                 82    logger_log                : sending frame '210300010000'
2025-12-02 16:35:07,398 LT1-thread root DEBUG client.py                 82    logger_log                : read
2025-12-02 16:35:07,476 BTPWorkerThread-889 (_rx_task) root DEBUG client.py                 82    logger_log                : Read 5 bytes
2025-12-02 16:35:07,508 BTPWorkerThread-889 (_rx_task) root DEBUG client.py                 82    logger_log                : Received: hdr: Header(svc_id=0x21, op=0x03, ctrl_index=0x00, data_len=0x00) bytearray(b'!\x03\x00\x00\x00')
2025-12-02 16:35:07,540 BTPWorkerThread-889 (_rx_task) root DEBUG client.py                 82    logger_log                : Received data: {''}, bytearray(b'')
2025-12-02 16:35:07,588 LT1-thread root DEBUG client.py                 82    logger_log                : Sending response 'Ok' to wid 2 test case HFP/AG/TCA/BV-03-C
2025-12-02 16:35:07,590 LT1-thread root DEBUG client.py                 82    logger_log                : ClientCallback.get_result run_test_case
2025-12-02 16:35:08,490 BTPWorkerThread-889 (_rx_task) root DEBUG client.py                 82    logger_log                : Read 5 bytes
2025-12-02 16:35:08,490 BTPWorkerThread-889 (_rx_task) root DEBUG client.py                 82    logger_log                : Received: hdr: Header(svc_id=0x01, op=0x83, ctrl_index=0x00, data_len=0x07) bytearray(b'\x01\x83\x00\x07\x00')
2025-12-02 16:35:08,491 BTPWorkerThread-889 (_rx_task) root DEBUG client.py                 82    logger_log                : Read 7 bytes data
2025-12-02 16:35:08,491 BTPWorkerThread-889 (_rx_task) root DEBUG client.py                 82    logger_log                : Received data: {'e0 4e e4 08 dc 1b 00'}, bytearray(b'\xe0N\xe4\x08\xdc\x1b\x00')
2025-12-02 16:35:08,491 BTPWorkerThread-889 (_rx_task) root DEBUG client.py                 82    logger_log                : event_handler Header(svc_id=1, op=131, ctrl_index=0, data_len=7) (b'\xe0N\xe4\x08\xdc\x1b\x00',)
2025-12-02 16:35:08,491 BTPWorkerThread-889 (_rx_task) root DEBUG client.py                 82    logger_log                : gap_disconnected_ev_ b'\xe0N\xe4\x08\xdc\x1b\x00'
2025-12-02 16:35:11,278 LT1-callback ClientCallback.log INFO client.py                 82    logger_log                : PTS_LOGTYPE_START_TEST Start Test Case 

+141 ms
 HFP/AG/TCA/BV-03-C HFP/AG/TCA/BV-03-C

2025-12-02 16:35:12,088 LT1-callback ClientCallback.log INFO client.py                 82    logger_log                : PTS_LOGTYPE_FINAL_VERDICT Final Verdict 

+31328 ms
 HFP/AG/TCA/BV-03-C PASS

2025-12-02 16:35:12,092 LT1-callback ClientCallback.log INFO client.py                 82    logger_log                : PTS_LOGTYPE_FINAL_VERDICT Encrypted Verdict 

+31328 ms
 HFP/AG/TCA/BV-03-C A1#ZWY4MzQ5MDg3MmQwNTIxOGQzMzQ5YjY2ODA5M2MzNjQ5ZDY4NmY0Yjc2MzIzM2VkNTUyNTFhNGU4Mjg1MjI0NA==#W50Jjsm2XVroAXPzqvzaL12yIC0E5qVyynCgthNXft/JKyEi88EVZNJq3fJVTyop

2025-12-02 16:35:12,096 LT1-callback ClientCallback.log INFO client.py                 82    logger_log                : PTS_LOGTYPE_END_TEST Test Case Ended 

+31328 ms
 HFP/AG/TCA/BV-03-C HFP/AG/TCA/BV-03-C

2025-12-02 16:35:12,189 LT1-callback root DEBUG client.py                 82    logger_log                : ClientCallback, set_result, run_test_case, PASS
2025-12-02 16:35:12,190 LT1-thread root DEBUG client.py                 82    logger_log                : After run_test_case error_code=0 status='PASS'
2025-12-02 16:35:12,190 LT1-thread root DEBUG client.py                 82    logger_log                : post_run HFP HFP/AG/TCA/BV-03-C 0
2025-12-02 16:35:12,190 LT1-thread root DEBUG client.py                 82    logger_log                : Starting test function: class=<class 'autopts.ptsprojects.testcase.TestFuncCleanUp'>, func=<bound method Stack.cleanup of <autopts.ptsprojects.stack.stack.Stack object at 0x000001F5FA8D3620>> start_wid=None stop_wid=None post_wid=None skip_call=None call_count=1 args=() kwds={}
2025-12-02 16:35:12,190 LT1-thread root DEBUG client.py                 82    logger_log                : Test function parameters: args=(), kwds={}
2025-12-02 16:35:12,191 LT1-thread root DEBUG client.py                 82    logger_log                : Starting test function: class=<class 'autopts.ptsprojects.testcase.TestFuncCleanUp'>, func=<bound method ZephyrCtl.stop of <autopts.ptsprojects.zephyr.iutctl.ZephyrCtl object at 0x000001F5FE1407D0>> start_wid=None stop_wid=None post_wid=None skip_call=None call_count=1 args=() kwds={}
2025-12-02 16:35:12,191 LT1-thread root DEBUG client.py                 82    logger_log                : Test function parameters: args=(), kwds={}
2025-12-02 16:35:12,191 LT1-thread root DEBUG client.py                 82    logger_log                : <class 'autopts.ptsprojects.zephyr.iutctl.ZephyrCtl'>.stop
2025-12-02 16:35:12,191 LT1-thread root DEBUG client.py                 82    logger_log                : About to reset DUT: JLink -CommandFile reset.jlink -usb 1063214216 -device MIMXRT1176XXXA_M7
2025-12-02 16:35:12,516 BTPWorkerThread-889 (_rx_task) root DEBUG client.py                 82    logger_log                : Read 5 bytes
2025-12-02 16:35:12,517 BTPWorkerThread-889 (_rx_task) root DEBUG client.py                 82    logger_log                : Received: hdr: Header(svc_id=0x00, op=0x80, ctrl_index=0xff, data_len=0x00) bytearray(b'\x00\x80\xff\x00\x00')
2025-12-02 16:35:12,517 BTPWorkerThread-889 (_rx_task) root DEBUG client.py                 82    logger_log                : Received data: {''}, bytearray(b'')
2025-12-02 16:35:12,517 BTPWorkerThread-889 (_rx_task) root DEBUG client.py                 82    logger_log                : event_handler Header(svc_id=0, op=128, ctrl_index=255, data_len=0) (b'',)
2025-12-02 16:35:12,517 BTPWorkerThread-889 (_rx_task) root DEBUG client.py                 82    logger_log                : core_iut_ready_ev
2025-12-02 16:35:12,975 LT1-thread root DEBUG client.py                 82    logger_log                : IUT ready event received OK
2025-12-02 16:35:12,975 LT1-thread root DEBUG client.py                 82    logger_log                : Waiting for _rx_worker to finish ...
2025-12-02 16:35:13,520 BTPWorkerThread-889 (_rx_task) root DEBUG client.py                 82    logger_log                : BTPWorkerThread-889 (_rx_task) finishing...
2025-12-02 16:35:16,528 LT1-thread root DEBUG client.py                 82    logger_log                : post_run, cleanup running post test case script
2025-12-02 16:35:16,528 LT1-thread root DEBUG client.py                 82    logger_log                : post_run, run post test case script
2025-12-02 16:35:16,622 LT1-thread root DEBUG client.py                 82    logger_log                : Done TestCase _run_test_case HFP HFP/AG/TCA/BV-03-C
