11:31:40:910    > BTP_CORE_CMD_REGISTER_SERVICE (0x00|0x03|0xff)
                  raw data (1): 00 03 ff 01 00|01
11:31:45:134    < BTP_CORE_CMD_REGISTER_SERVICE (0x00|0x03|0xff)
                  raw data (0): 00 03 ff 00 00|
11:31:45:144    > BTP_GAP_CMD_READ_SUPPORTED_COMMANDS (0x01|0x01|0xff)
                  raw data (0): 01 01 ff 00 00|
11:31:45:196    < BTP_GAP_CMD_READ_SUPPORTED_COMMANDS (0x01|0x01|0xff)
                  raw data (7): 01 01 ff 07 00|6e ff 7f 1f fe f7 0e
11:31:45:203    > BTP_GAP_CMD_READ_CONTROLLER_INFO (0x01|0x03|0x00)
                  raw data (0): 01 03 00 00 00|
11:31:45:306    < BTP_GAP_CMD_READ_CONTROLLER_INFO (0x01|0x03|0x00)
                  raw data (277): 
                  01 03 00 15 01|19 78 ee 69 17 d0 d3 06 02 00 13 
                  02 00 00 00 00 00 62 74 70 5f 74 65 73 74 65 72 
                  00 00 00 00 00 00 00 00 00 00 00 00 00 00 00 00 
                  00 00 00 00 00 00 00 00 00 00 00 00 00 00 00 00 
                  00 00 00 00 00 00 00 00 00 00 00 00 00 00 00 00 
                  00 00 00 00 00 00 00 00 00 00 00 00 00 00 00 00 
                  00 00 00 00 00 00 00 00 00 00 00 00 00 00 00 00 
                  00 00 00 00 00 00 00 00 00 00 00 00 00 00 00 00 
                  00 00 00 00 00 00 00 00 00 00 00 00 00 00 00 00 
                  00 00 00 00 00 00 00 00 00 00 00 00 00 00 00 00 
                  00 00 00 00 00 00 00 00 00 00 00 00 00 00 00 00 
                  00 00 00 00 00 00 00 00 00 00 00 00 00 00 00 00 
                  00 00 00 00 00 00 00 00 00 00 00 00 00 00 00 00 
                  00 00 00 00 00 00 00 00 00 00 00 00 00 00 00 00 
                  00 00 00 00 00 00 00 00 00 00 00 00 00 00 00 00 
                  00 00 00 00 00 00 00 00 00 00 00 00 00 00 00 00 
                  00 00 00 00 00 00 00 00 00 00 00 00 00 00 00 00 
                  00 00 00 00 00 00 00 00 00 00
11:31:45:327    > BTP_CORE_CMD_REGISTER_SERVICE (0x00|0x03|0xff)
                  raw data (2): 00 03 ff 01 00|02
11:31:45:377    < BTP_CORE_CMD_REGISTER_SERVICE (0x00|0x03|0xff)
                  raw data (0): 00 03 ff 00 00|
11:31:45:382    > BTP_GATT_CMD_READ_SUPPORTED_COMMANDS (0x02|0x01|0xff)
                  raw data (0): 02 01 ff 00 00|
11:31:45:458    < BTP_GATT_CMD_READ_SUPPORTED_COMMANDS (0x02|0x01|0xff)
                  raw data (5): 02 01 ff 05 00|fe fe bf fd 0f
11:31:45:475    > BTP_CORE_CMD_REGISTER_SERVICE (0x00|0x03|0xff)
                  raw data (36): 00 03 ff 01 00|24
11:31:45:540    < BTP_CORE_CMD_REGISTER_SERVICE (0x00|0x03|0xff)
                  raw data (0): 00 03 ff 00 00|
11:31:45:557    > BTP_AVDTP_CMD_READ_SUPPORTED_COMMANDS (0x24|0x01|0xff)
                  raw data (0): 24 01 ff 00 00|
11:31:45:629    < BTP_AVDTP_CMD_READ_SUPPORTED_COMMANDS (0x24|0x01|0xff)
                  raw data (1): 24 01 ff 01 00|02
11:31:45:645    > BTP_CORE_CMD_REGISTER_SERVICE (0x00|0x03|0xff)
                  raw data (35): 00 03 ff 01 00|23
11:31:45:704    < BTP_CORE_CMD_REGISTER_SERVICE (0x00|0x03|0xff)
                  raw data (0): 00 03 ff 00 00|
11:31:45:720    > BTP_A2DP_CMD_READ_SUPPORTED_COMMANDS (0x23|0x01|0xff)
                  raw data (0): 23 01 ff 00 00|
11:31:45:775    < BTP_A2DP_CMD_READ_SUPPORTED_COMMANDS (0x23|0x01|0xff)
                  raw data (3): 23 01 ff 03 00|fe ff 01
11:31:45:776    > BTP_A2DP_CMD_REGISTER_ENDPOINT (0x23|0x04|0x00)
                  raw data (6): 23 04 00 06 00|00 00 00 00 00 00
11:31:45:830    < BTP_A2DP_CMD_REGISTER_ENDPOINT (0x23|0x04|0x00)
                  raw data (0): 23 04 00 00 00|
11:31:47:833    > BTP_GAP_CMD_SET_DISCOVERABLE (0x01|0x08|0x00)
                  raw data (1): 01 08 00 01 00|01
11:31:47:907    < BTP_GAP_CMD_SET_DISCOVERABLE (0x01|0x08|0x00)
                  raw data (4): 01 08 00 04 00|1b 02 00 00
11:31:48:001    < BTP_GAP_EV_DEVICE_CONNECTED (0x01|0x82|0x00)
                  raw data (13): 
                  01 82 00 0d 00|e0 4e e4 08 dc 1b 00 00 00 00 00 
                  00 00
11:31:48:002    < BTP_GAP_EV_NEW_SETTINGS (0x01|0x80|0x00)
                  raw data (4): 01 80 00 04 00|1b 02 00 00
11:31:49:603    < BTP_GAP_EV_ENCRYPTION_CHANGE (0x01|0x91|0x00)
                  raw data (9): 01 91 00 09 00|e0 4e e4 08 dc 1b 00 01 10
11:31:49:604    < BTP_GAP_EV_SEC_LEVEL_CHANGED (0x01|0x89|0x00)
                  raw data (8): 01 89 00 08 00|e0 4e e4 08 dc 1b 00 02
11:31:49:615    < BTP_A2DP_EV_CONNECTED (0x23|0x80|0x00)
                  raw data (8): 23 80 00 08 00|e0 4e e4 08 dc 1b 00 00
11:31:49:913    > BTP_A2DP_CMD_DISCOVER (0x23|0x05|0x00)
                  raw data (7): 23 05 00 07 00|e0 4e e4 08 dc 1b 00
11:31:49:960    < BTP_A2DP_CMD_DISCOVER (0x23|0x05|0x00)
                  raw data (0): 23 05 00 00 00|
11:31:50:595    < BTP_A2DP_EV_GET_CAPABILITIES (0x23|0x83|0x00)
                  raw data (16): 
                  23 83 00 10 00|e0 4e e4 08 dc 1b 00 01 07 06 00 
                  00 ff ff 02 fa
11:31:50:689    < BTP_A2DP_EV_GET_CAPABILITIES (0x23|0x83|0x00)
                  raw data (18): 
                  23 83 00 12 00|e0 4e e4 08 dc 1b 00 02 07 08 00 
                  02 fe 01 8c 80 00 00
11:31:50:799    < BTP_A2DP_EV_GET_CAPABILITIES (0x23|0x83|0x00)
                  raw data (19): 
                  23 83 00 13 00|e0 4e e4 08 dc 1b 00 03 07 09 00 
                  03 80 00 0c 0c 80 00 00
11:31:50:932    < BTP_A2DP_EV_GET_CAPABILITIES (0x23|0x83|0x00)
                  raw data (16): 
                  23 83 00 10 00|e0 4e e4 08 dc 1b 00 04 07 06 00 
                  00 ff ff 02 fa
11:31:50:965    < BTP_A2DP_EV_DISCOVERED (0x23|0x82|0x00)
                  raw data (17): 
                  23 82 00 11 00|e0 4e e4 08 dc 1b 00 00 08 01 10 
                  02 10 03 10 04 10
11:31:52:037    > BTP_A2DP_CMD_CONFIG (0x23|0x08|0x00)
                  raw data (12): 
                  23 08 00 0c 00|e0 4e e4 08 dc 1b 00 01 01 00 00 
                  00
11:31:52:086    < BTP_A2DP_CMD_CONFIG (0x23|0x08|0x00)
                  raw data (0): 23 08 00 00 00|
11:31:52:154    < BTP_A2DP_EV_CONFIG_RSP (0x23|0x86|0x00)
                  raw data (9): 23 86 00 09 00|e0 4e e4 08 dc 1b 00 00 00
11:31:53:168    > BTP_A2DP_CMD_ESTABLISH (0x23|0x09|0x00)
                  raw data (8): 23 09 00 08 00|e0 4e e4 08 dc 1b 00 00
11:31:53:230    < BTP_A2DP_CMD_ESTABLISH (0x23|0x09|0x00)
                  raw data (0): 23 09 00 00 00|
11:31:53:463    < BTP_A2DP_EV_ESTABLISH_RSP (0x23|0x89|0x00)
                  raw data (9): 23 89 00 09 00|e0 4e e4 08 dc 1b 00 00 00
11:31:53:490    > BTP_A2DP_CMD_START (0x23|0x0b|0x00)
                  raw data (8): 23 0b 00 08 00|e0 4e e4 08 dc 1b 00 00
11:31:53:546    < BTP_A2DP_CMD_START (0x23|0x0b|0x00)
                  raw data (0): 23 0b 00 00 00|
11:31:53:627    < BTP_A2DP_EV_START_RSP (0x23|0x8d|0x00)
                  raw data (9): 23 8d 00 09 00|e0 4e e4 08 dc 1b 00 00 00
11:31:56:635    > BTP_A2DP_CMD_SUSPEND (0x23|0x0c|0x00)
                  raw data (8): 23 0c 00 08 00|e0 4e e4 08 dc 1b 00 00
11:31:56:682    < BTP_A2DP_CMD_SUSPEND (0x23|0x0c|0x00)
                  raw data (0): 23 0c 00 00 00|
11:31:56:759    < BTP_A2DP_EV_SUSPEND_RSP (0x23|0x8f|0x00)
                  raw data (9): 23 8f 00 09 00|e0 4e e4 08 dc 1b 00 00 00
11:31:56:760    > BTP_A2DP_CMD_RECONFIG (0x23|0x0d|0x00)
                  raw data (11): 23 0d 00 0b 00|e0 4e e4 08 dc 1b 00 00 00 00 00
11:31:56:818    < BTP_A2DP_CMD_RECONFIG (0x23|0x0d|0x00)
                  raw data (0): 23 0d 00 00 00|
11:31:56:928    < BTP_A2DP_EV_CONFIG_RSP (0x23|0x86|0x00)
                  raw data (9): 23 86 00 09 00|e0 4e e4 08 dc 1b 00 00 00
11:31:57:884    < BTP_A2DP_EV_DISCONNECTED (0x23|0x81|0x00)
                  raw data (7): 23 81 00 07 00|e0 4e e4 08 dc 1b 00
11:31:57:885    < BTP_GAP_EV_DEVICE_DISCONNECTED (0x01|0x83|0x00)
                  raw data (7): 01 83 00 07 00|e0 4e e4 08 dc 1b 00
11:32:01:706    < BTP_CORE_EV_IUT_READY (0x00|0x80|0xff)
                  raw data (0): 00 80 ff 00 00|
