< 2025/01/04 20:42:59.642574  length=5 from=0 to=4
 00 80 ff 00 00                                   .....
--
> 2025/01/04 20:43:09.475411  length=6 from=0 to=5
 00 03 ff 01 00 01                                ......
--
< 2025/01/04 20:43:09.523518  length=5 from=5 to=9
 00 03 ff 00 00                                   .....
--
> 2025/01/04 20:43:09.571423  length=5 from=6 to=10
 01 03 00 00 00                                   .....
--
< 2025/01/04 20:43:10.438573  length=128 from=10 to=137
 01 03 00 15 01 28 00 03 37 60 00 13 06 02 00 13  .....(..7`......
 02 00 00 00 00 00 62 74 70 5f 74 65 73 74 65 72  ......btp_tester
 00 00 00 00 00 00 00 00 00 00 00 00 00 00 00 00  ................
 00 00 00 00 00 00 00 00 00 00 00 00 00 00 00 00  ................
 00 00 00 00 00 00 00 00 00 00 00 00 00 00 00 00  ................
 00 00 00 00 00 00 00 00 00 00 00 00 00 00 00 00  ................
 00 00 00 00 00 00 00 00 00 00 00 00 00 00 00 00  ................
 00 00 00 00 00 00 00 00 00 00 00 00 00 00 00 00  ................
--
< 2025/01/04 20:43:10.448139  length=96 from=138 to=233
 00 00 00 00 00 00 00 00 00 00 00 00 00 00 00 00  ................
 00 00 00 00 00 00 00 00 00 00 00 00 00 00 00 00  ................
 00 00 00 00 00 00 00 00 00 00 00 00 00 00 00 00  ................
 00 00 00 00 00 00 00 00 00 00 00 00 00 00 00 00  ................
 00 00 00 00 00 00 00 00 00 00 00 00 00 00 00 00  ................
 00 00 00 00 00 00 00 00 00 00 00 00 00 00 00 00  ................
--
< 2025/01/04 20:43:10.454105  length=58 from=234 to=291
 00 00 00 00 00 00 00 00 00 00 00 00 00 00 00 00  ................
 00 00 00 00 00 00 00 00 00 00 00 00 00 00 00 00  ................
 00 00 00 00 00 00 00 00 00 00 00 00 00 00 00 00  ................
 00 00 00 00 00 00 00 00 00 00                    ..........
--
> 2025/01/04 20:43:10.563444  length=6 from=11 to=16
 00 03 ff 01 00 02                                ......
--
< 2025/01/04 20:43:10.579416  length=5 from=292 to=296
 00 03 ff 00 00                                   .....
--
> 2025/01/04 20:43:12.675092  length=6 from=17 to=22
 01 08 00 01 00 01                                ......
--
< 2025/01/04 20:43:12.691120  length=9 from=297 to=305
 01 08 00 04 00 1b 02 00 00                       .........
--
> 2025/01/04 20:43:12.755108  length=27 from=23 to=49
 01 0a                                            ..
 00 16 00 0f 00 09 0d 54 65 73 74 65 72 5f 32 35  .......Tester_25
 44 45 32 41 ff ff ff ff 00                       DE2A.....
--
< 2025/01/04 20:43:12.771173  length=9 from=306 to=314
 01 0a                                            ..
 00 04 00 1b 06 00 00                             .......
--
< 2025/01/04 20:43:13.196152  length=27 from=315 to=341
 01 82 00 0d 00 00 2a de 25 e8 07 c0 38 00 00 00  ......*.%...8...
 d0 07 01 80 00 04 00 1b 02 00 00                 ...........
--
> 2025/01/04 20:43:16.370932  length=17 from=50 to=66
 02 14 00 0c 00 00 2a de 25 e8 07 c0 02 24 03 06  ......*.%....$..
 00                                               .
--
< 2025/01/04 20:43:16.497154  length=8 from=342 to=349
 02 14 00 03 00 08 00 00                          ........
--
< 2025/01/04 20:43:17.903030  length=12 from=350 to=361
 01 83 00 07 00 00 2a de 25 e8 07 c0              ......*.%...
--
< 2025/01/04 20:43:22.808581  length=5 from=362 to=366
 00 80 ff 00 00                                   .....
--
