14:56:30:580	> BTP_CORE_CMD_REGISTER_SERVICE (0x00|0x03|0xff)
                  raw data (1): 00 03 ff 01 00|01
14:56:34:266	< BTP_CORE_CMD_REGISTER_SERVICE (0x00|0x03|0xff)
                  raw data (0): 00 03 ff 00 00|
14:56:34:297	> BTP_GAP_CMD_READ_SUPPORTED_COMMANDS (0x01|0x01|0xff)
                  raw data (0): 01 01 ff 00 00|
14:56:34:458	< BTP_GAP_CMD_READ_SUPPORTED_COMMANDS (0x01|0x01|0xff)
                  raw data (6): 01 01 ff 06 00|6e ff 7f 1f fe 07
14:56:34:488	> BTP_CORE_CMD_REGISTER_SERVICE (0x00|0x03|0xff)
                  raw data (3): 00 03 ff 01 00|03
14:56:34:598	< BTP_CORE_CMD_REGISTER_SERVICE (0x00|0x03|0xff)
                  raw data (0): 00 03 ff 00 00|
14:56:34:620	> BTP_L2CAP_CMD_READ_SUPPORTED_COMMANDS (0x03|0x01|0xff)
                  raw data (0): 03 01 ff 00 00|
14:56:34:759	< BTP_L2CAP_CMD_READ_SUPPORTED_COMMANDS (0x03|0x01|0xff)
                  raw data (2): 03 01 ff 02 00|be 1f
14:56:34:789	> BTP_GAP_CMD_READ_CONTROLLER_INFO (0x01|0x03|0x00)
                  raw data (0): 01 03 00 00 00|
14:56:34:939	< BTP_GAP_CMD_READ_CONTROLLER_INFO (0x01|0x03|0x00)
                  raw data (277): 
                  01 03 00 15 01|19 78 ee 69 17 d0 d3 06 02 00 13 
                  02 00 00 00 00 00 62 74 70 5f 74 65 73 74 65 72 
                  00 00 00 00 00 00 00 00 00 00 00 00 00 00 00 00 
                  00 00 00 00 00 00 00 00 00 00 00 00 00 00 00 00 
                  00 00 00 00 00 00 00 00 00 00 00 00 00 00 00 00 
                  00 00 00 00 00 00 00 00 00 00 00 00 00 00 00 00 
                  00 00 00 00 00 00 00 00 00 00 00 00 00 00 00 00 
                  00 00 00 00 00 00 00 00 00 00 00 00 00 00 00 00 
                  00 00 00 00 00 00 00 00 00 00 00 00 00 00 00 00 
                  00 00 00 00 00 00 00 00 00 00 00 00 00 00 00 00 
                  00 00 00 00 00 00 00 00 00 00 00 00 00 00 00 00 
                  00 00 00 00 00 00 00 00 00 00 00 00 00 00 00 00 
                  00 00 00 00 00 00 00 00 00 00 00 00 00 00 00 00 
                  00 00 00 00 00 00 00 00 00 00 00 00 00 00 00 00 
                  00 00 00 00 00 00 00 00 00 00 00 00 00 00 00 00 
                  00 00 00 00 00 00 00 00 00 00 00 00 00 00 00 00 
                  00 00 00 00 00 00 00 00 00 00 00 00 00 00 00 00 
                  00 00 00 00 00 00 00 00 00 00
14:56:35:079	> BTP_L2CAP_CMD_LISTEN (0x03|0x05|0x00)
                  raw data (7): 03 05 00 07 00|80 00 01 78 00 02 00
14:56:35:170	< BTP_L2CAP_CMD_LISTEN (0x03|0x05|0x00)
                  raw data (0): 03 05 00 00 00|
14:56:42:230	> BTP_GAP_CMD_CONNECT (0x01|0x0e|0x00)
                  raw data (8): 01 0e 00 08 00|00 4e e4 08 dc 1b 00 00
14:56:42:351	< BTP_GAP_CMD_CONNECT (0x01|0x0e|0x00)
                  raw data (0): 01 0e 00 00 00|
14:56:42:351	< BTP_GAP_EV_DEVICE_CONNECTED (0x01|0x82|0x00)
                  raw data (13): 
                  01 82 00 0d 00|00 4e e4 08 dc 1b 00 24 00 00 00 
                  90 01
14:56:43:363	> BTP_GAP_CMD_PAIR (0x01|0x11|0x00)
                  raw data (7): 01 11 00 07 00|00 4e e4 08 dc 1b 00
14:56:43:474	< BTP_GAP_CMD_PAIR (0x01|0x11|0x00)
                  raw data (0): 01 11 00 00 00|
14:56:44:191	< BTP_GAP_EV_ENCRYPTION_CHANGE (0x01|0x91|0x00)
                  raw data (9): 01 91 00 09 00|00 4e e4 08 dc 1b 00 01 10
14:56:44:191	< BTP_GAP_EV_SEC_LEVEL_CHANGED (0x01|0x89|0x00)
                  raw data (8): 01 89 00 08 00|00 4e e4 08 dc 1b 00 02
14:56:44:824	< BTP_GAP_EV_DEVICE_DISCONNECTED (0x01|0x83|0x00)
                  raw data (7): 01 83 00 07 00|00 4e e4 08 dc 1b 00
14:57:17:729	< BTP_CORE_EV_IUT_READY (0x00|0x80|0xff)
                  raw data (0): 00 80 ff 00 00|
