> 2025/02/10 18:07:46.550126  length=6 from=0 to=5
 00 03 ff 01 00 01                                ......
--
< 2025/02/10 18:07:46.590250  length=5 from=0 to=4
 00 03 ff 00 00                                   .....
--
> 2025/02/10 18:07:46.716738  length=6 from=6 to=11
 00 03 ff 01 00 02                                ......
--
< 2025/02/10 18:07:46.736806  length=5 from=5 to=9
 00 03 ff 00 00                                   .....
--
> 2025/02/10 18:07:46.816703  length=5 from=12 to=16
 01 03 00 00 00                                   .....
--
< 2025/02/10 18:07:47.530441  length=128 from=10 to=137
 01 03 00 15 01 28 00 03 37 60 00 13 06 02 00 13  .....(..7`......
 02 00 00 00 00 00 62 74 70 5f 74 65 73 74 65 72  ......btp_tester
 00 00 00 00 00 00 00 00 00 00 00 00 00 00 00 00  ................
 00 00 00 00 00 00 00 00 00 00 00 00 00 00 00 00  ................
 00 00 00 00 00 00 00 00 00 00 00 00 00 00 00 00  ................
 00 00 00 00 00 00 00 00 00 00 00 00 00 00 00 00  ................
 00 00 00 00 00 00 00 00 00 00 00 00 00 00 00 00  ................
 00 00 00 00 00 00 00 00 00 00 00 00 00 00 00 00  ................
--
< 2025/02/10 18:07:47.536956  length=96 from=138 to=233
 00 00 00 00 00 00 00 00 00 00 00 00 00 00 00 00  ................
 00 00 00 00 00 00 00 00 00 00 00 00 00 00 00 00  ................
 00 00 00 00 00 00 00 00 00 00 00 00 00 00 00 00  ................
 00 00 00 00 00 00 00 00 00 00 00 00 00 00 00 00  ................
 00 00 00 00 00 00 00 00 00 00 00 00 00 00 00 00  ................
 00 00 00 00 00 00 00 00 00 00 00 00 00 00 00 00  ................
--
< 2025/02/10 18:07:47.541454  length=32 from=234 to=265
 00 00 00 00 00 00 00 00 00 00 00 00 00 00 00 00  ................
 00 00 00 00 00 00 00 00 00 00 00 00 00 00 00 00  ................
--
< 2025/02/10 18:07:47.543101  length=26 from=266 to=291
 00 00 00 00 00 00 00 00 00 00 00 00 00 00 00 00  ................
 00 00 00 00 00 00 00 00 00 00                    ..........
--
> 2025/02/10 18:07:47.660404  length=6 from=17 to=22
 01 10 00 01 00 00                                ......
--
< 2025/02/10 18:07:47.680463  length=5 from=292 to=296
 01 10 00 00 00                                   .....
--
> 2025/02/10 18:07:47.777431  length=9 from=23 to=31
 02 02 00 04 00 01 02 aa 40                       ........@
--
< 2025/02/10 18:07:47.797609  length=7 from=297 to=303
 02 02 00 02 00 00 00                             .......
--
> 2025/02/10 18:07:47.917502  length=12 from=32 to=43
 02 03 00 07 00 00 00 0a                          ........
 03 02 aa 50                                      ...P
--
< 2025/02/10 18:07:47.937599  length=7 from=304 to=310
 02 03 00 02 00 00 00                             .......
--
> 2025/02/10 18:07:48.077468  length=17 from=44 to=60
 02 06 00 0c 00 00 00 08 00 01 23 45 67 89 ab cd  ..........#Eg...
 ef                                               .
--
< 2025/02/10 18:07:48.097568  length=5 from=311 to=315
 02 06 00 00 00                                   .....
--
> 2025/02/10 18:07:48.243531  length=12 from=61 to=72
 02 03 00 07 00 00 00 0a                          ........
 0c 02 aa 51                                      ...Q
--
< 2025/02/10 18:07:48.263671  length=7 from=316 to=322
 02 03 00 02 00 00 00                             .......
--
> 2025/02/10 18:07:48.383533  length=17 from=73 to=89
 02 06 00 0c 00 00 00 08 00 01 23 45 67 89 ab cd  ..........#Eg...
 ef                                               .
--
< 2025/02/10 18:07:48.403708  length=5 from=323 to=327
 02 06 00 00 00                                   .....
--
> 2025/02/10 18:07:48.463563  length=12 from=90 to=101
 02 03 00 07 00 00 00 0a                          ........
 30 02 aa 52                                      0..R
--
< 2025/02/10 18:07:48.483705  length=7 from=328 to=334
 02 03 00 02 00 00 00                             .......
--
> 2025/02/10 18:07:48.591108  length=17 from=102 to=118
 02 06 00 0c 00 00 00 08 00 01 23 45 67 89 ab cd  ..........#Eg...
 ef                                               .
--
< 2025/02/10 18:07:48.611122  length=5 from=335 to=339
 02 06 00 00 00                                   .....
--
> 2025/02/10 18:07:48.697814  length=12 from=119 to=130
 02 03 00 07 00 00 00 0a                          ........
 c0 02 aa 53                                      ...S
--
< 2025/02/10 18:07:48.717931  length=7 from=340 to=346
 02 03 00 02 00 00 00                             .......
--
> 2025/02/10 18:07:48.857750  length=17 from=131 to=147
 02 06 00 0c 00 00 00 08 00 01 23 45 67 89 ab cd  ..........#Eg...
 ef                                               .
--
< 2025/02/10 18:07:48.877772  length=5 from=347 to=351
 02 06 00 00 00                                   .....
--
> 2025/02/10 18:07:48.997805  length=12 from=148 to=159
 02 03 00 07 00 00 00 3a 03 02 aa 54              .......:...T
--
< 2025/02/10 18:07:49.017859  length=7 from=352 to=358
 02 03 00 02 00 00 00                             .......
--
> 2025/02/10 18:07:49.157815  length=17 from=160 to=176
 02 06 00 0c 00 00 00 08 00 01 23 45 67 89 ab cd  ..........#Eg...
 ef                                               .
--
< 2025/02/10 18:07:49.177869  length=5 from=359 to=363
 02 06 00 00 00                                   .....
--
> 2025/02/10 18:07:49.277737  length=11 from=177 to=187
 02 04 00 06 00 00 00 03 02 02 29                 ..........)
--
< 2025/02/10 18:07:49.297829  length=7 from=364 to=370
 02 04 00 02 00 00 00                             .......
--
> 2025/02/10 18:07:49.417770  length=12 from=188 to=199
 02 03 00 07 00 00 00 3a 03 02 aa 55              .......:...U
--
< 2025/02/10 18:07:49.437953  length=7 from=371 to=377
 02 03 00 02 00 00 00                             .......
--
> 2025/02/10 18:07:49.537754  length=17 from=200 to=216
 02 06 00 0c 00 00 00 08 00 01 23 45 67 89 ab cd  ..........#Eg...
 ef                                               .
--
< 2025/02/10 18:07:49.557778  length=5 from=378 to=382
 02 06 00 00 00                                   .....
--
> 2025/02/10 18:07:49.657779  length=11 from=217 to=227
 02 04 00 06 00 00 00 03 02 02 29                 ..........)
--
< 2025/02/10 18:07:49.677935  length=7 from=383 to=389
 02 04 00 02 00 00 00                             .......
--
> 2025/02/10 18:07:49.817783  length=12 from=228 to=239
 02 03 00 07 00 00 00 46 03 02 aa 56              .......F...V
--
< 2025/02/10 18:07:49.837764  length=7 from=390 to=396
 02 03 00 02 00 00 00                             .......
--
> 2025/02/10 18:07:49.917817  length=17 from=240 to=256
 02 06 00 0c 00 00 00 08 00 01 23 45 67 89 ab cd  ..........#Eg...
 ef                                               .
--
< 2025/02/10 18:07:49.937902  length=5 from=397 to=401
 02 06 00 00 00                                   .....
--
> 2025/02/10 18:07:50.057755  length=12 from=257 to=268
 02 03 00 07 00 00 00 46 30 02 aa 57              .......F0..W
--
< 2025/02/10 18:07:50.077953  length=7 from=402 to=408
 02 03 00 02 00 00 00                             .......
--
> 2025/02/10 18:07:50.237731  length=17 from=269 to=285
 02 06 00 0c 00 00 00 08 00 01 23 45 67 89 ab cd  ..........#Eg...
 ef                                               .
--
< 2025/02/10 18:07:50.257941  length=5 from=409 to=413
 02 06 00 00 00                                   .....
--
> 2025/02/10 18:07:50.357673  length=12 from=286 to=297
 02 03 00 07 00 00 00 8a 03 02 aa 58              ...........X
--
< 2025/02/10 18:07:50.377749  length=7 from=414 to=420
 02 03 00 02 00 00 00                             .......
--
> 2025/02/10 18:07:50.477737  length=17 from=298 to=314
 02 06 00 0c 00 00 00 08 00 01 23 45 67 89 ab cd  ..........#Eg...
 ef                                               .
--
< 2025/02/10 18:07:50.497932  length=5 from=421 to=425
 02 06 00 00 00                                   .....
--
> 2025/02/10 18:07:50.557773  length=11 from=315 to=325
 02 04 00 06 00 00 00 01 02 00 29                 ..........)
--
< 2025/02/10 18:07:50.577877  length=7 from=426 to=432
 02 04 00 02 00 00 00                             .......
--
> 2025/02/10 18:07:50.717743  length=11 from=326 to=336
 02 06 00 06 00 00 00 02 00 01 00                 ...........
--
< 2025/02/10 18:07:50.737732  length=5 from=433 to=437
 02 06 00 00 00                                   .....
--
> 2025/02/10 18:07:50.837811  length=12 from=337 to=348
 02 03 00 07 00 00 00 0a                          ........
 0c 02 aa 59                                      ...Y
--
< 2025/02/10 18:07:50.857940  length=7 from=438 to=444
 02 03 00 02 00 00 00                             .......
--
> 2025/02/10 18:07:50.997742  length=17 from=349 to=365
 02 06 00 0c 00 00 00 08 00 01 23 45 67 89 ab cd  ..........#Eg...
 ef                                               .
--
< 2025/02/10 18:07:51.017772  length=5 from=445 to=449
 02 06 00 00 00                                   .....
--
> 2025/02/10 18:07:51.117801  length=8 from=366 to=373
 02 09 00 03 00 00 00 0f                          ........
--
< 2025/02/10 18:07:51.137784  length=5 from=450 to=454
 02 09 00 00 00                                   .....
--
> 2025/02/10 18:07:51.217810  length=12 from=374 to=385
 02 03 00 07 00 00 00 0a                          ........
 0c 02 aa 5a                                      ...Z
--
< 2025/02/10 18:07:51.237895  length=7 from=455 to=461
 02 03 00 02 00 00 00                             .......
--
> 2025/02/10 18:07:51.297728  length=17 from=386 to=402
 02 06 00 0c 00 00 00 08 00 01 23 45 67 89 ab cd  ..........#Eg...
 ef                                               .
--
< 2025/02/10 18:07:51.317918  length=5 from=462 to=466
 02 06 00 00 00                                   .....
--
> 2025/02/10 18:07:51.437771  length=8 from=403 to=410
 02 09 00 03 00 00 00 0f                          ........
--
< 2025/02/10 18:07:51.457967  length=5 from=467 to=471
 02 09 00 00 00                                   .....
--
> 2025/02/10 18:07:51.537796  length=26 from=411 to=436
 02 03 00 15 00 00 00 0a                          ........
 03 10 f0 00 bb 50 04 51 40 00 b1 23 45 67 89 ab  .....P.Q@..#Eg..
 cd ef                                            ..
--
< 2025/02/10 18:07:51.557873  length=7 from=472 to=478
 02 03 00 02 00 00 00                             .......
--
> 2025/02/10 18:07:51.637815  length=17 from=437 to=453
 02 06 00 0c 00 00 00 08 00 01 23 45 67 89 ab cd  ..........#Eg...
 ef                                               .
--
< 2025/02/10 18:07:51.657861  length=5 from=479 to=483
 02 06 00 00 00                                   .....
--
> 2025/02/10 18:07:51.737779  length=9 from=454 to=462
 02 02 00 04 00 00 02 aa 41                       ........A
--
< 2025/02/10 18:07:51.757821  length=7 from=484 to=490
 02 02 00 02 00 00 00                             .......
--
> 2025/02/10 18:07:51.857823  length=7 from=463 to=469
 02 05 00 02 00 01 00                             .......
--
< 2025/02/10 18:07:51.877938  length=7 from=491 to=497
 02 05 00 02 00 00 00                             .......
--
> 2025/02/10 18:07:51.937819  length=12 from=470 to=481
 02 03 00 07 00 00 00 0a                          ........
 03 02 aa 50                                      ...P
--
< 2025/02/10 18:07:51.957876  length=7 from=498 to=504
 02 03 00 02 00 00 00                             .......
--
> 2025/02/10 18:07:52.057781  length=41 from=482 to=522
 02 06 00 24 00 00 00 20 00 01 23 45 67 89 ab cd  ...$... ..#Eg...
 ef 01 23 45 67 89 ab cd ef 01 23 45 67 89 ab cd  ..#Eg.....#Eg...
 ef 01 23 45 67 89 ab cd ef                       ..#Eg....
--
< 2025/02/10 18:07:52.077924  length=5 from=505 to=509
 02 06 00 00 00                                   .....
--
> 2025/02/10 18:07:52.157732  length=12 from=523 to=534
 02 03 00 07 00 00 00 0a                          ........
 03 02 aa 51                                      ...Q
--
< 2025/02/10 18:07:52.177903  length=7 from=510 to=516
 02 03 00 02 00 00 00                             .......
--
> 2025/02/10 18:07:52.317744  length=41 from=535 to=575
 02 06 00 24 00 00 00 20 00 fe dc ba 98 76 54 32  ...$... .....vT2
 10 fe dc ba 98 76 54 32 10 fe dc ba 98 76 54 32  .....vT2.....vT2
 10 fe dc ba 98 76 54 32 10                       .....vT2.
--
< 2025/02/10 18:07:52.337924  length=5 from=517 to=521
 02 06 00 00 00                                   .....
--
> 2025/02/10 18:07:52.397835  length=12 from=576 to=587
 02 03 00 07 00 00 00 0a                          ........
 0c 02 aa 52                                      ...R
--
< 2025/02/10 18:07:52.417825  length=7 from=522 to=528
 02 03 00 02 00 00 00                             .......
--
> 2025/02/10 18:07:52.557793  length=65 from=588 to=652
 02 06 00 3c 00 00 00 38 00 fe dc ba 98 76 54 32  ...<...8.....vT2
 10 fe dc ba 98 76 54 32 10 fe dc ba 98 76 54 32  .....vT2.....vT2
 10 fe dc ba 98 76 54 32 10 fe dc ba 98 76 54 32  .....vT2.....vT2
 10 fe dc ba 98 76 54 32 10 fe dc ba 98 76 54 32  .....vT2.....vT2
 10                                               .
--
< 2025/02/10 18:07:52.577934  length=5 from=529 to=533
 02 06 00 00 00                                   .....
--
> 2025/02/10 18:07:52.697805  length=8 from=653 to=660
 02 09 00 03 00 00 00 0f                          ........
--
< 2025/02/10 18:07:52.717789  length=5 from=534 to=538
 02 09 00 00 00                                   .....
--
> 2025/02/10 18:07:52.837854  length=12 from=661 to=672
 02 03 00 07 00 00 00 02 01 02 aa 53              ...........S
--
< 2025/02/10 18:07:52.857859  length=7 from=539 to=545
 02 03 00 02 00 00 00                             .......
--
> 2025/02/10 18:07:52.937792  length=89 from=673 to=761
 02 06 00 54 00 00 00 50 00 01 23 45 67 89 ab cd  ...T...P..#Eg...
 ef 01 23 45 67 89 ab cd ef 01 23 45 67 89 ab cd  ..#Eg.....#Eg...
 ef 01 23 45 67 89 ab cd ef 01 23 45 67 89 ab cd  ..#Eg.....#Eg...
 ef 01 23 45 67 89 ab cd ef 01 23 45 67 89 ab cd  ..#Eg.....#Eg...
 ef 01 23 45 67 89 ab cd ef 01 23 45 67 89 ab cd  ..#Eg.....#Eg...
 ef 01 23 45 67 89 ab cd ef                       ..#Eg....
--
< 2025/02/10 18:07:52.957785  length=5 from=546 to=550
 02 06 00 00 00                                   .....
--
> 2025/02/10 18:07:53.037824  length=11 from=762 to=772
 02 04 00 06 00 00 00 03 02 54 aa                 .........T.
--
< 2025/02/10 18:07:53.057941  length=7 from=551 to=557
 02 04 00 02 00 00 00                             .......
--
> 2025/02/10 18:07:53.227735  length=73 from=773 to=845
 02 06 00 44 00 00 00 40 00 01 01 01 01 01 01 01  ...D...@........
 01 01 01 01 01 01 01 01 01 01 01 01 01 01 01 01  ................
 01 01 01 01 01 01 01 01 01 01 01 01 01 01 01 01  ................
 01 01 01 01 01 01 01 01 01 01 01 01 01 01 01 01  ................
 01 01 01 01 01 01 01 01 01                       .........
--
< 2025/02/10 18:07:53.247910  length=5 from=558 to=562
 02 06 00 00 00                                   .....
--
> 2025/02/10 18:07:53.367788  length=12 from=846 to=857
 02 03 00 07 00 00 00 0a                          ........
 03 02 aa 55                                      ...U
--
< 2025/02/10 18:07:53.387813  length=7 from=563 to=569
 02 03 00 02 00 00 00                             .......
--
> 2025/02/10 18:07:53.467771  length=89 from=858 to=946
 02 06 00 54 00 00 00 50 00 01 23 45 67 89 ab cd  ...T...P..#Eg...
 ef 01 23 45 67 89 ab cd ef 01 23 45 67 89 ab cd  ..#Eg.....#Eg...
 ef 01 23 45 67 89 ab cd ef 01 23 45 67 89 ab cd  ..#Eg.....#Eg...
 ef 01 23 45 67 89 ab cd ef 01 23 45 67 89 ab cd  ..#Eg.....#Eg...
 ef 01 23 45 67 89 ab cd ef 01 23 45 67 89 ab cd  ..#Eg.....#Eg...
 ef 01 23 45 67 89 ab cd ef                       ..#Eg....
--
< 2025/02/10 18:07:53.487866  length=5 from=570 to=574
 02 06 00 00 00                                   .....
--
> 2025/02/10 18:07:53.607731  length=12 from=947 to=958
 02 03 00 07 00 00 00 0a                          ........
 03 02 aa 56                                      ...V
--
< 2025/02/10 18:07:53.627792  length=7 from=575 to=581
 02 03 00 02 00 00 00                             .......
--
> 2025/02/10 18:07:53.707793  length=521 from=959 to=1479
 02 06 00 04 02 00 00 00 02 02 02 02 02 02 02 02  ................
 02 02 02 02 02 02 02 02 02 02 02 02 02 02 02 02  ................
 02 02 02 02 02 02 02 02 02 02 02 02 02 02 02 02  ................
 02 02 02 02 02 02 02 02 02 02 02 02 02 02 02 02  ................
 02 02 02 02 02 02 02 02 02 02 02 02 02 02 02 02  ................
 02 02 02 02 02 02 02 02 02 02 02 02 02 02 02 02  ................
 02 02 02 02 02 02 02 02 02 02 02 02 02 02 02 02  ................
 02 02 02 02 02 02 02 02 02 02 02 02 02 02 02 02  ................
 02 02 02 02 02 02 02 02 02 02 02 02 02 02 02 02  ................
 02 02 02 02 02 02 02 02 02 02 02 02 02 02 02 02  ................
 02 02 02 02 02 02 02 02 02 02 02 02 02 02 02 02  ................
 02 02 02 02 02 02 02 02 02 02 02 02 02 02 02 02  ................
 02 02 02 02 02 02 02 02 02 02 02 02 02 02 02 02  ................
 02 02 02 02 02 02 02 02 02 02 02 02 02 02 02 02  ................
 02 02 02 02 02 02 02 02 02 02 02 02 02 02 02 02  ................
 02 02 02 02 02 02 02 02 02 02 02 02 02 02 02 02  ................
 02 02 02 02 02 02 02 02 02 02 02 02 02 02 02 02  ................
 02 02 02 02 02 02 02 02 02 02 02 02 02 02 02 02  ................
 02 02 02 02 02 02 02 02 02 02 02 02 02 02 02 02  ................
 02 02 02 02 02 02 02 02 02 02 02 02 02 02 02 02  ................
 02 02 02 02 02 02 02 02 02 02 02 02 02 02 02 02  ................
 02 02 02 02 02 02 02 02 02 02 02 02 02 02 02 02  ................
 02 02 02 02 02 02 02 02 02 02 02 02 02 02 02 02  ................
 02 02 02 02 02 02 02 02 02 02 02 02 02 02 02 02  ................
 02 02 02 02 02 02 02 02 02 02 02 02 02 02 02 02  ................
 02 02 02 02 02 02 02 02 02 02 02 02 02 02 02 02  ................
 02 02 02 02 02 02 02 02 02 02 02 02 02 02 02 02  ................
 02 02 02 02 02 02 02 02 02 02 02 02 02 02 02 02  ................
 02 02 02 02 02 02 02 02 02 02 02 02 02 02 02 02  ................
 02 02 02 02 02 02 02 02 02 02 02 02 02 02 02 02  ................
 02 02 02 02 02 02 02 02 02 02 02 02 02 02 02 02  ................
 02 02 02 02 02 02 02 02 02 02 02 02 02 02 02 02  ................
 02 02 02 02 02 02 02 02 02                       .........
--
< 2025/02/10 18:07:53.797919  length=5 from=582 to=586
 02 06 00 00 00                                   .....
--
> 2025/02/10 18:07:53.877758  length=5 from=1480 to=1484
 02 07 00 00 00                                   .....
--
< 2025/02/10 18:07:53.897783  length=8 from=587 to=594
 02 07 00 03 00 00 00 00                          ........
--
> 2025/02/10 18:07:58.077708  length=6 from=1485 to=1490
 01 08 00 01 00 01                                ......
--
< 2025/02/10 18:07:58.097914  length=9 from=595 to=603
 01 08 00 04 00 1b 02 00 00                       .........
--
> 2025/02/10 18:07:58.197830  length=27 from=1491 to=1517
 01 0a                                            ..
 00 16 00 0f 00 09 0d 54 65 73 74 65 72 5f 32 35  .......Tester_25
 44 45 32 41 ff ff ff ff 00                       DE2A.....
--
< 2025/02/10 18:07:58.217860  length=9 from=604 to=612
 01 0a                                            ..
 00 04 00 1b 06 00 00                             .......
--
< 2025/02/10 18:08:00.872578  length=27 from=613 to=639
 01 82 00 0d 00 00 2a de 25 e8 07 c0 38 00 00 00  ......*.%...8...
 d0 07 01 80 00 04 00 1b 02 00 00                 ...........
--
< 2025/02/10 18:08:06.410086  length=18 from=640 to=657
 01 88 00 0d 00 00 2a de 25 e8 07 c0 18 00 00 00  ......*.%.......
 2a 00                                            *.
--
< 2025/02/10 18:08:09.699399  length=13 from=658 to=670
 01 89 00 08 00 00 2a de 25 e8 07 c0 02           ......*.%....
--
< 2025/02/10 18:08:11.928767  length=13 from=671 to=683
 01 89 00 08 00 00 2a de 25 e8 07 c0 02           ......*.%....
--
< 2025/02/10 18:08:17.477017  length=17 from=684 to=700
 02 81 00 0c 00 2e 00 08 00 01 23 45 67 89 ab cd  ..........#Eg...
 ef                                               .
--
< 2025/02/10 18:08:17.639952  length=10 from=701 to=710
 02 81 00 05 00 2e 00 01 00 00                    ..........
--
< 2025/02/10 18:08:19.051832  length=12 from=711 to=722
 01 83 00 07 00 00 2a de 25 e8 07 c0              ......*.%...
--
< 2025/02/10 18:08:24.627414  length=5 from=723 to=727
 00 80 ff 00 00                                   .....
--
