15:41:15:724    > BTP_CORE_CMD_REGISTER_SERVICE (0x00|0x03|0xff)
                  raw data (1): 00 03 ff 01 00|01
15:41:19:520    < BTP_CORE_CMD_REGISTER_SERVICE (0x00|0x03|0xff)
                  raw data (0): 00 03 ff 00 00|
15:41:19:568    > BTP_GAP_CMD_READ_SUPPORTED_COMMANDS (0x01|0x01|0xff)
                  raw data (0): 01 01 ff 00 00|
15:41:19:774    < BTP_GAP_CMD_READ_SUPPORTED_COMMANDS (0x01|0x01|0xff)
                  raw data (6): 01 01 ff 06 00|6e ff 7f 1f fe f7
15:41:19:823    > BTP_CORE_CMD_REGISTER_SERVICE (0x00|0x03|0xff)
                  raw data (3): 00 03 ff 01 00|03
15:41:19:964    < BTP_CORE_CMD_REGISTER_SERVICE (0x00|0x03|0xff)
                  raw data (0): 00 03 ff 00 00|
15:41:20:011    > BTP_L2CAP_CMD_READ_SUPPORTED_COMMANDS (0x03|0x01|0xff)
                  raw data (0): 03 01 ff 00 00|
15:41:20:218    < BTP_L2CAP_CMD_READ_SUPPORTED_COMMANDS (0x03|0x01|0xff)
                  raw data (2): 03 01 ff 02 00|be 03
15:41:20:267    > BTP_GAP_CMD_READ_CONTROLLER_INFO (0x01|0x03|0x00)
                  raw data (0): 01 03 00 00 00|
15:41:20:474    < BTP_GAP_CMD_READ_CONTROLLER_INFO (0x01|0x03|0x00)
                  raw data (277): 
                  01 03 00 15 01|19 78 ee 69 17 d0 d3 06 02 00 13 
                  02 00 00 00 00 00 62 74 70 5f 74 65 73 74 65 72 
                  00 00 00 00 00 00 00 00 00 00 00 00 00 00 00 00 
                  00 00 00 00 00 00 00 00 00 00 00 00 00 00 00 00 
                  00 00 00 00 00 00 00 00 00 00 00 00 00 00 00 00 
                  00 00 00 00 00 00 00 00 00 00 00 00 00 00 00 00 
                  00 00 00 00 00 00 00 00 00 00 00 00 00 00 00 00 
                  00 00 00 00 00 00 00 00 00 00 00 00 00 00 00 00 
                  00 00 00 00 00 00 00 00 00 00 00 00 00 00 00 00 
                  00 00 00 00 00 00 00 00 00 00 00 00 00 00 00 00 
                  00 00 00 00 00 00 00 00 00 00 00 00 00 00 00 00 
                  00 00 00 00 00 00 00 00 00 00 00 00 00 00 00 00 
                  00 00 00 00 00 00 00 00 00 00 00 00 00 00 00 00 
                  00 00 00 00 00 00 00 00 00 00 00 00 00 00 00 00 
                  00 00 00 00 00 00 00 00 00 00 00 00 00 00 00 00 
                  00 00 00 00 00 00 00 00 00 00 00 00 00 00 00 00 
                  00 00 00 00 00 00 00 00 00 00 00 00 00 00 00 00 
                  00 00 00 00 00 00 00 00 00 00
15:41:20:528    > BTP_CORE_CMD_REGISTER_SERVICE (0x00|0x03|0xff)
                  raw data (33): 00 03 ff 01 00|21
15:41:20:678    < BTP_CORE_CMD_REGISTER_SERVICE (0x00|0x03|0xff)
                  raw data (0): 00 03 ff 00 00|
15:41:20:726    > BTP_HFP_CMD_READ_SUPPORTED_COMMANDS (0x21|0x01|0xff)
                  raw data (0): 21 01 ff 00 00|
15:41:20:931    < BTP_HFP_CMD_READ_SUPPORTED_COMMANDS (0x21|0x01|0xff)
                  raw data (5): 21 01 ff 05 00|fe ff ff ff 7f
15:41:21:982    > BTP_GAP_CMD_CONNECT (0x01|0x0e|0x00)
                  raw data (8): 01 0e 00 08 00|e0 4e e4 08 dc 1b 00 00
15:41:22:109    < BTP_GAP_CMD_CONNECT (0x01|0x0e|0x00)
                  raw data (0): 01 0e 00 00 00|
15:41:25:588    < BTP_GAP_EV_DEVICE_CONNECTED (0x01|0x82|0x00)
                  raw data (13): 
                  01 82 00 0d 00|e0 4e e4 08 dc 1b 00 00 00 00 00 
                  00 00
15:41:25:696    > BTP_GAP_CMD_PAIR (0x01|0x11|0x00)
                  raw data (7): 01 11 00 07 00|e0 4e e4 08 dc 1b 00
15:41:25:839    < BTP_GAP_CMD_PAIR (0x01|0x11|0x00)
                  raw data (0): 01 11 00 00 00|
15:41:25:888    > BTP_HFP_CMD_ENABLE_SLC (0x21|0x02|0x00)
                  raw data (10): 21 02 00 0a 00|e0 4e e4 08 dc 1b 00 01 01 00
15:41:26:029    < BTP_HFP_CMD_ENABLE_SLC (0x21|0x02|0x00)
                  raw data (0): 21 02 00 00 00|
15:41:26:522    < BTP_GAP_EV_ENCRYPTION_CHANGE (0x01|0x91|0x00)
                  raw data (9): 01 91 00 09 00|e0 4e e4 08 dc 1b 00 01 10
15:41:26:523    < BTP_GAP_EV_SEC_LEVEL_CHANGED (0x01|0x89|0x00)
                  raw data (8): 01 89 00 08 00|e0 4e e4 08 dc 1b 00 02
15:41:27:092    > BTP_HFP_CMD_SIGNAL_STRENGTH_SEND (0x21|0x04|0x00)
                  raw data (2): 21 04 00 02 00|05 00
15:41:27:231    < BTP_HFP_CMD_SIGNAL_STRENGTH_SEND (0x21|0x04|0x00)
                  raw data (0): 21 04 00 00 00|
15:41:28:294    > BTP_HFP_CMD_CONTROL (0x21|0x05|0x00)
                  raw data (3): 21 05 00 03 00|1b 00 00
15:41:28:437    < BTP_HFP_CMD_CONTROL (0x21|0x05|0x00)
                  raw data (0): 21 05 00 00 00|
15:41:29:500    > BTP_HFP_CMD_SIGNAL_STRENGTH_SEND (0x21|0x04|0x00)
                  raw data (2): 21 04 00 02 00|04 00
15:41:29:641    < BTP_HFP_CMD_SIGNAL_STRENGTH_SEND (0x21|0x04|0x00)
                  raw data (0): 21 04 00 00 00|
15:41:30:694    > BTP_HFP_CMD_CONTROL (0x21|0x05|0x00)
                  raw data (3): 21 05 00 03 00|1b 00 00
15:41:30:837    < BTP_HFP_CMD_CONTROL (0x21|0x05|0x00)
                  raw data (0): 21 05 00 00 00|
15:41:31:894    > BTP_HFP_CMD_SIGNAL_STRENGTH_SEND (0x21|0x04|0x00)
                  raw data (2): 21 04 00 02 00|03 00
15:41:32:037    < BTP_HFP_CMD_SIGNAL_STRENGTH_SEND (0x21|0x04|0x00)
                  raw data (0): 21 04 00 00 00|
15:41:33:104    > BTP_HFP_CMD_CONTROL (0x21|0x05|0x00)
                  raw data (3): 21 05 00 03 00|1b 00 00
15:41:33:231    < BTP_HFP_CMD_CONTROL (0x21|0x05|0x00)
                  raw data (0): 21 05 00 00 00|
15:41:34:288    > BTP_HFP_CMD_SIGNAL_STRENGTH_SEND (0x21|0x04|0x00)
                  raw data (2): 21 04 00 02 00|02 00
15:41:34:431    < BTP_HFP_CMD_SIGNAL_STRENGTH_SEND (0x21|0x04|0x00)
                  raw data (0): 21 04 00 00 00|
15:41:35:488    > BTP_HFP_CMD_CONTROL (0x21|0x05|0x00)
                  raw data (3): 21 05 00 03 00|1b 00 00
15:41:35:631    < BTP_HFP_CMD_CONTROL (0x21|0x05|0x00)
                  raw data (0): 21 05 00 00 00|
15:41:36:684    > BTP_HFP_CMD_SIGNAL_STRENGTH_SEND (0x21|0x04|0x00)
                  raw data (2): 21 04 00 02 00|01 00
15:41:36:827    < BTP_HFP_CMD_SIGNAL_STRENGTH_SEND (0x21|0x04|0x00)
                  raw data (0): 21 04 00 00 00|
15:41:37:882    > BTP_HFP_CMD_CONTROL (0x21|0x05|0x00)
                  raw data (3): 21 05 00 03 00|1b 00 00
15:41:38:025    < BTP_HFP_CMD_CONTROL (0x21|0x05|0x00)
                  raw data (0): 21 05 00 00 00|
15:41:39:048    > BTP_HFP_CMD_SIGNAL_STRENGTH_SEND (0x21|0x04|0x00)
                  raw data (2): 21 04 00 02 00|05 00
15:41:39:189    < BTP_HFP_CMD_SIGNAL_STRENGTH_SEND (0x21|0x04|0x00)
                  raw data (0): 21 04 00 00 00|
15:41:40:252    > BTP_HFP_CMD_CONTROL (0x21|0x05|0x00)
                  raw data (3): 21 05 00 03 00|1b 00 00
15:41:40:395    < BTP_HFP_CMD_CONTROL (0x21|0x05|0x00)
                  raw data (0): 21 05 00 00 00|
15:41:41:461    > BTP_HFP_CMD_SIGNAL_STRENGTH_SEND (0x21|0x04|0x00)
                  raw data (2): 21 04 00 02 00|04 00
15:41:41:601    < BTP_HFP_CMD_SIGNAL_STRENGTH_SEND (0x21|0x04|0x00)
                  raw data (0): 21 04 00 00 00|
15:41:42:662    > BTP_HFP_CMD_CONTROL (0x21|0x05|0x00)
                  raw data (3): 21 05 00 03 00|1b 00 00
15:41:42:805    < BTP_HFP_CMD_CONTROL (0x21|0x05|0x00)
                  raw data (0): 21 05 00 00 00|
15:41:43:868    > BTP_HFP_CMD_SIGNAL_STRENGTH_SEND (0x21|0x04|0x00)
                  raw data (2): 21 04 00 02 00|03 00
15:41:43:995    < BTP_HFP_CMD_SIGNAL_STRENGTH_SEND (0x21|0x04|0x00)
                  raw data (0): 21 04 00 00 00|
15:41:45:047    > BTP_HFP_CMD_CONTROL (0x21|0x05|0x00)
                  raw data (3): 21 05 00 03 00|1b 00 00
15:41:45:191    < BTP_HFP_CMD_CONTROL (0x21|0x05|0x00)
                  raw data (0): 21 05 00 00 00|
15:41:46:252    > BTP_HFP_CMD_SIGNAL_STRENGTH_SEND (0x21|0x04|0x00)
                  raw data (2): 21 04 00 02 00|02 00
15:41:46:395    < BTP_HFP_CMD_SIGNAL_STRENGTH_SEND (0x21|0x04|0x00)
                  raw data (0): 21 04 00 00 00|
15:41:47:454    > BTP_HFP_CMD_CONTROL (0x21|0x05|0x00)
                  raw data (3): 21 05 00 03 00|1b 00 00
15:41:47:596    < BTP_HFP_CMD_CONTROL (0x21|0x05|0x00)
                  raw data (0): 21 05 00 00 00|
15:41:48:658    > BTP_HFP_CMD_SIGNAL_STRENGTH_SEND (0x21|0x04|0x00)
                  raw data (2): 21 04 00 02 00|01 00
15:41:48:801    < BTP_HFP_CMD_SIGNAL_STRENGTH_SEND (0x21|0x04|0x00)
                  raw data (0): 21 04 00 00 00|
15:41:49:867    > BTP_HFP_CMD_CONTROL (0x21|0x05|0x00)
                  raw data (3): 21 05 00 03 00|1b 00 00
15:41:50:007    < BTP_HFP_CMD_CONTROL (0x21|0x05|0x00)
                  raw data (0): 21 05 00 00 00|
15:41:51:070    > BTP_HFP_CMD_SIGNAL_STRENGTH_SEND (0x21|0x04|0x00)
                  raw data (2): 21 04 00 02 00|05 00
15:41:51:213    < BTP_HFP_CMD_SIGNAL_STRENGTH_SEND (0x21|0x04|0x00)
                  raw data (0): 21 04 00 00 00|
15:41:52:273    > BTP_HFP_CMD_CONTROL (0x21|0x05|0x00)
                  raw data (3): 21 05 00 03 00|1b 00 00
15:41:52:416    < BTP_HFP_CMD_CONTROL (0x21|0x05|0x00)
                  raw data (0): 21 05 00 00 00|
15:41:53:468    > BTP_HFP_CMD_SIGNAL_STRENGTH_SEND (0x21|0x04|0x00)
                  raw data (2): 21 04 00 02 00|04 00
15:41:53:610    < BTP_HFP_CMD_SIGNAL_STRENGTH_SEND (0x21|0x04|0x00)
                  raw data (0): 21 04 00 00 00|
15:41:54:673    > BTP_HFP_CMD_CONTROL (0x21|0x05|0x00)
                  raw data (3): 21 05 00 03 00|1b 00 00
15:41:54:816    < BTP_HFP_CMD_CONTROL (0x21|0x05|0x00)
                  raw data (0): 21 05 00 00 00|
15:41:55:879    > BTP_HFP_CMD_SIGNAL_STRENGTH_SEND (0x21|0x04|0x00)
                  raw data (2): 21 04 00 02 00|03 00
15:41:56:020    < BTP_HFP_CMD_SIGNAL_STRENGTH_SEND (0x21|0x04|0x00)
                  raw data (0): 21 04 00 00 00|
15:41:57:082    > BTP_HFP_CMD_CONTROL (0x21|0x05|0x00)
                  raw data (3): 21 05 00 03 00|1b 00 00
15:41:57:223    < BTP_HFP_CMD_CONTROL (0x21|0x05|0x00)
                  raw data (0): 21 05 00 00 00|
15:41:58:286    > BTP_HFP_CMD_SIGNAL_STRENGTH_SEND (0x21|0x04|0x00)
                  raw data (2): 21 04 00 02 00|02 00
15:41:58:426    < BTP_HFP_CMD_SIGNAL_STRENGTH_SEND (0x21|0x04|0x00)
                  raw data (0): 21 04 00 00 00|
15:41:59:489    > BTP_HFP_CMD_CONTROL (0x21|0x05|0x00)
                  raw data (3): 21 05 00 03 00|1b 00 00
15:41:59:632    < BTP_HFP_CMD_CONTROL (0x21|0x05|0x00)
                  raw data (0): 21 05 00 00 00|
15:42:00:695    > BTP_HFP_CMD_SIGNAL_STRENGTH_SEND (0x21|0x04|0x00)
                  raw data (2): 21 04 00 02 00|01 00
15:42:00:834    < BTP_HFP_CMD_SIGNAL_STRENGTH_SEND (0x21|0x04|0x00)
                  raw data (0): 21 04 00 00 00|
15:42:01:897    > BTP_HFP_CMD_CONTROL (0x21|0x05|0x00)
                  raw data (3): 21 05 00 03 00|1b 00 00
15:42:02:021    < BTP_HFP_CMD_CONTROL (0x21|0x05|0x00)
                  raw data (0): 21 05 00 00 00|
15:42:03:073    > BTP_HFP_CMD_SIGNAL_STRENGTH_SEND (0x21|0x04|0x00)
                  raw data (2): 21 04 00 02 00|05 00
15:42:03:200    < BTP_HFP_CMD_SIGNAL_STRENGTH_SEND (0x21|0x04|0x00)
                  raw data (0): 21 04 00 00 00|
15:42:04:266    > BTP_HFP_CMD_CONTROL (0x21|0x05|0x00)
                  raw data (3): 21 05 00 03 00|1b 00 00
15:42:04:404    < BTP_HFP_CMD_CONTROL (0x21|0x05|0x00)
                  raw data (0): 21 05 00 00 00|
15:42:05:456    > BTP_HFP_CMD_SIGNAL_STRENGTH_SEND (0x21|0x04|0x00)
                  raw data (2): 21 04 00 02 00|04 00
15:42:05:583    < BTP_HFP_CMD_SIGNAL_STRENGTH_SEND (0x21|0x04|0x00)
                  raw data (0): 21 04 00 00 00|
15:42:06:645    > BTP_HFP_CMD_CONTROL (0x21|0x05|0x00)
                  raw data (3): 21 05 00 03 00|1b 00 00
15:42:06:785    < BTP_HFP_CMD_CONTROL (0x21|0x05|0x00)
                  raw data (0): 21 05 00 00 00|
15:42:07:851    > BTP_HFP_CMD_SIGNAL_STRENGTH_SEND (0x21|0x04|0x00)
                  raw data (2): 21 04 00 02 00|03 00
15:42:07:991    < BTP_HFP_CMD_SIGNAL_STRENGTH_SEND (0x21|0x04|0x00)
                  raw data (0): 21 04 00 00 00|
15:42:09:046    > BTP_HFP_CMD_CONTROL (0x21|0x05|0x00)
                  raw data (3): 21 05 00 03 00|1b 00 00
15:42:09:189    < BTP_HFP_CMD_CONTROL (0x21|0x05|0x00)
                  raw data (0): 21 05 00 00 00|
15:42:10:242    > BTP_HFP_CMD_SIGNAL_STRENGTH_SEND (0x21|0x04|0x00)
                  raw data (2): 21 04 00 02 00|02 00
15:42:10:369    < BTP_HFP_CMD_SIGNAL_STRENGTH_SEND (0x21|0x04|0x00)
                  raw data (0): 21 04 00 00 00|
15:42:11:424    > BTP_HFP_CMD_CONTROL (0x21|0x05|0x00)
                  raw data (3): 21 05 00 03 00|1b 00 00
15:42:11:567    < BTP_HFP_CMD_CONTROL (0x21|0x05|0x00)
                  raw data (0): 21 05 00 00 00|
15:42:12:622    > BTP_HFP_CMD_SIGNAL_STRENGTH_SEND (0x21|0x04|0x00)
                  raw data (2): 21 04 00 02 00|01 00
15:42:12:761    < BTP_HFP_CMD_SIGNAL_STRENGTH_SEND (0x21|0x04|0x00)
                  raw data (0): 21 04 00 00 00|
15:42:13:824    > BTP_HFP_CMD_CONTROL (0x21|0x05|0x00)
                  raw data (3): 21 05 00 03 00|1b 00 00
15:42:13:967    < BTP_HFP_CMD_CONTROL (0x21|0x05|0x00)
                  raw data (0): 21 05 00 00 00|
15:42:15:024    > BTP_HFP_CMD_SIGNAL_STRENGTH_SEND (0x21|0x04|0x00)
                  raw data (2): 21 04 00 02 00|05 00
15:42:15:167    < BTP_HFP_CMD_SIGNAL_STRENGTH_SEND (0x21|0x04|0x00)
                  raw data (0): 21 04 00 00 00|
15:42:16:233    > BTP_HFP_CMD_CONTROL (0x21|0x05|0x00)
                  raw data (3): 21 05 00 03 00|1b 00 00
15:42:16:375    < BTP_HFP_CMD_CONTROL (0x21|0x05|0x00)
                  raw data (0): 21 05 00 00 00|
15:42:17:436    > BTP_HFP_CMD_SIGNAL_STRENGTH_SEND (0x21|0x04|0x00)
                  raw data (2): 21 04 00 02 00|04 00
15:42:17:575    < BTP_HFP_CMD_SIGNAL_STRENGTH_SEND (0x21|0x04|0x00)
                  raw data (0): 21 04 00 00 00|
15:42:18:637    > BTP_HFP_CMD_CONTROL (0x21|0x05|0x00)
                  raw data (3): 21 05 00 03 00|1b 00 00
15:42:18:780    < BTP_HFP_CMD_CONTROL (0x21|0x05|0x00)
                  raw data (0): 21 05 00 00 00|
15:42:19:845    > BTP_HFP_CMD_SIGNAL_STRENGTH_SEND (0x21|0x04|0x00)
                  raw data (2): 21 04 00 02 00|03 00
15:42:19:986    < BTP_HFP_CMD_SIGNAL_STRENGTH_SEND (0x21|0x04|0x00)
                  raw data (0): 21 04 00 00 00|
15:42:21:051    > BTP_HFP_CMD_CONTROL (0x21|0x05|0x00)
                  raw data (3): 21 05 00 03 00|1b 00 00
15:42:21:195    < BTP_HFP_CMD_CONTROL (0x21|0x05|0x00)
                  raw data (0): 21 05 00 00 00|
15:42:22:282    > BTP_HFP_CMD_SIGNAL_STRENGTH_SEND (0x21|0x04|0x00)
                  raw data (2): 21 04 00 02 00|02 00
15:42:22:407    < BTP_HFP_CMD_SIGNAL_STRENGTH_SEND (0x21|0x04|0x00)
                  raw data (0): 21 04 00 00 00|
15:42:23:473    > BTP_HFP_CMD_CONTROL (0x21|0x05|0x00)
                  raw data (3): 21 05 00 03 00|1b 00 00
15:42:23:611    < BTP_HFP_CMD_CONTROL (0x21|0x05|0x00)
                  raw data (0): 21 05 00 00 00|
15:42:24:672    > BTP_HFP_CMD_SIGNAL_STRENGTH_SEND (0x21|0x04|0x00)
                  raw data (2): 21 04 00 02 00|01 00
15:42:24:815    < BTP_HFP_CMD_SIGNAL_STRENGTH_SEND (0x21|0x04|0x00)
                  raw data (0): 21 04 00 00 00|
15:42:25:866    > BTP_HFP_CMD_CONTROL (0x21|0x05|0x00)
                  raw data (3): 21 05 00 03 00|1b 00 00
15:42:26:009    < BTP_HFP_CMD_CONTROL (0x21|0x05|0x00)
                  raw data (0): 21 05 00 00 00|
15:42:27:063    > BTP_HFP_CMD_SIGNAL_STRENGTH_SEND (0x21|0x04|0x00)
                  raw data (2): 21 04 00 02 00|05 00
15:42:27:205    < BTP_HFP_CMD_SIGNAL_STRENGTH_SEND (0x21|0x04|0x00)
                  raw data (0): 21 04 00 00 00|
15:42:28:242    > BTP_HFP_CMD_CONTROL (0x21|0x05|0x00)
                  raw data (3): 21 05 00 03 00|1b 00 00
15:42:28:369    < BTP_HFP_CMD_CONTROL (0x21|0x05|0x00)
                  raw data (0): 21 05 00 00 00|
15:42:29:422    > BTP_HFP_CMD_SIGNAL_STRENGTH_SEND (0x21|0x04|0x00)
                  raw data (2): 21 04 00 02 00|04 00
15:42:29:549    < BTP_HFP_CMD_SIGNAL_STRENGTH_SEND (0x21|0x04|0x00)
                  raw data (0): 21 04 00 00 00|
15:42:30:601    > BTP_HFP_CMD_CONTROL (0x21|0x05|0x00)
                  raw data (3): 21 05 00 03 00|1b 00 00
15:42:30:793    < BTP_GAP_EV_DEVICE_DISCONNECTED (0x01|0x83|0x00)
                  raw data (7): 01 83 00 07 00|e0 4e e4 08 dc 1b 00
15:42:31:017    < BTP_HFP_CMD_CONTROL (0x21|0x05|0x00)
                  raw data (0): 21 05 00 00 00|
15:42:35:103    < BTP_CORE_EV_IUT_READY (0x00|0x80|0xff)
                  raw data (0): 00 80 ff 00 00|
