> 2025/01/09 20:07:25.345421  length=6 from=0 to=5
 00 03 ff 01 00 01                                ......
--
< 2025/01/09 20:07:25.385538  length=5 from=0 to=4
 00 03 ff 00 00                                   .....
--
> 2025/01/09 20:07:25.505469  length=5 from=6 to=10
 01 03 00 00 00                                   .....
--
< 2025/01/09 20:07:26.311634  length=96 from=5 to=100
 01 03 00 15 01 28 00 03 37 60 00 13 06 02 00 13  .....(..7`......
 02 00 00 00 00 00 62 74 70 5f 74 65 73 74 65 72  ......btp_tester
 00 00 00 00 00 00 00 00 00 00 00 00 00 00 00 00  ................
 00 00 00 00 00 00 00 00 00 00 00 00 00 00 00 00  ................
 00 00 00 00 00 00 00 00 00 00 00 00 00 00 00 00  ................
 00 00 00 00 00 00 00 00 00 00 00 00 00 00 00 00  ................
--
< 2025/01/09 20:07:26.323755  length=128 from=101 to=228
 00 00 00 00 00 00 00 00 00 00 00 00 00 00 00 00  ................
 00 00 00 00 00 00 00 00 00 00 00 00 00 00 00 00  ................
 00 00 00 00 00 00 00 00 00 00 00 00 00 00 00 00  ................
 00 00 00 00 00 00 00 00 00 00 00 00 00 00 00 00  ................
 00 00 00 00 00 00 00 00 00 00 00 00 00 00 00 00  ................
 00 00 00 00 00 00 00 00 00 00 00 00 00 00 00 00  ................
 00 00 00 00 00 00 00 00 00 00 00 00 00 00 00 00  ................
 00 00 00 00 00 00 00 00 00 00 00 00 00 00 00 00  ................
--
< 2025/01/09 20:07:26.334815  length=58 from=229 to=286
 00 00 00 00 00 00 00 00 00 00 00 00 00 00 00 00  ................
 00 00 00 00 00 00 00 00 00 00 00 00 00 00 00 00  ................
 00 00 00 00 00 00 00 00 00 00 00 00 00 00 00 00  ................
 00 00 00 00 00 00 00 00 00 00                    ..........
--
> 2025/01/09 20:07:26.857940  length=6 from=11 to=16
 00 03 ff 01 00 02                                ......
--
< 2025/01/09 20:07:26.873472  length=5 from=287 to=291
 00 03 ff 00 00                                   .....
--
> 2025/01/09 20:07:27.048409  length=6 from=17 to=22
 01 10 00 01 00 04                                ......
--
< 2025/01/09 20:07:27.064440  length=5 from=292 to=296
 01 10 00 00 00                                   .....
--
> 2025/01/09 20:07:27.236431  length=9 from=23 to=31
 02 02 00 04 00 00 02 aa 51                       ........Q
--
< 2025/01/09 20:07:27.252528  length=7 from=297 to=303
 02 02 00 02 00 00 00                             .......
--
> 2025/01/09 20:07:27.471443  length=12 from=32 to=43
 02 03 00 07 00 00 00 02 11 02 aa 52              ...........R
--
< 2025/01/09 20:07:27.487518  length=7 from=304 to=310
 02 03 00 02 00 00 00                             .......
--
> 2025/01/09 20:07:27.722424  length=10 from=44 to=53
 02 06 00 05 00 00 00 01 00 01                    ..........
--
< 2025/01/09 20:07:27.738427  length=5 from=311 to=315
 02 06 00 00 00                                   .....
--
> 2025/01/09 20:07:27.881660  length=12 from=54 to=65
 02 03 00 07 00 00 00 02 05 02 aa 53              ...........S
--
< 2025/01/09 20:07:27.906321  length=7 from=316 to=322
 02 03 00 02 00 00 00                             .......
--
> 2025/01/09 20:07:28.107298  length=10 from=66 to=75
 02 06 00 05 00 00 00 01 00 02                    ..........
--
< 2025/01/09 20:07:28.122392  length=5 from=323 to=327
 02 06 00 00 00                                   .....
--
> 2025/01/09 20:07:28.297363  length=12 from=76 to=87
 02 03 00 07 00 00 00 42 03 02 aa 54              .......B...T
--
< 2025/01/09 20:07:28.312346  length=7 from=328 to=334
 02 03 00 02 00 00 00                             .......
--
> 2025/01/09 20:07:28.548413  length=10 from=88 to=97
 02 06 00 05 00 00 00 01 00 03                    ..........
--
< 2025/01/09 20:07:28.564428  length=5 from=335 to=339
 02 06 00 00 00                                   .....
--
> 2025/01/09 20:07:28.740282  length=12 from=98 to=109
 02 03 00 07 00 00 00 0a                          ........
 30 02 aa 55                                      0..U
--
< 2025/01/09 20:07:28.757563  length=7 from=340 to=346
 02 03 00 02 00 00 00                             .......
--
> 2025/01/09 20:07:28.903112  length=10 from=110 to=119
 02 06 00 05 00 00 00 01 00 04                    ..........
--
< 2025/01/09 20:07:28.918787  length=5 from=347 to=351
 02 06 00 00 00                                   .....
--
> 2025/01/09 20:07:29.094684  length=5 from=120 to=124
 02 07 00 00 00                                   .....
--
< 2025/01/09 20:07:29.110812  length=8 from=352 to=359
 02 07 00 03 00 00 00 00                          ........
--
> 2025/01/09 20:07:33.346624  length=13 from=125 to=137
 01 0e 00 08 00 00 e6 f2 59 e8 07 c0 00           ........Y....
--
< 2025/01/09 20:07:33.366823  length=5 from=360 to=364
 01 0e 00 00 00                                   .....
--
< 2025/01/09 20:07:33.446761  length=18 from=365 to=382
 01 82 00 0d 00 00 e6 f2 59 e8 07 c0 18 00 00 00  ........Y.......
 90 01                                            ..
--
> 2025/01/09 20:07:34.483771  length=14 from=138 to=151
 02 11 00 09 00 00 e6 f2 59 e8 07 c0 07 00        ........Y.....
--
< 2025/01/09 20:07:34.564017  length=8 from=383 to=390
 02 11 00 03 00 05 00 00                          ........
--
> 2025/01/09 20:07:35.743779  length=12 from=152 to=163
 01 11 00 07 00 00 e6 f2 59 e8 07 c0              ........Y...
--
< 2025/01/09 20:07:35.763898  length=5 from=391 to=395
 01 11 00 00 00                                   .....
--
< 2025/01/09 20:07:36.243079  length=13 from=396 to=408
 01 89 00 08 00 00 e6 f2 59 e8 07 c0 02           ........Y....
--
> 2025/01/09 20:07:36.885556  length=14 from=164 to=177
 02 11 00 09 00 00 e6 f2 59 e8 07 c0 07 00        ........Y.....
--
< 2025/01/09 20:07:37.295606  length=42 from=409 to=450
 02 11 00 19 00 0e 16 00 46 75 74 75 72 65 20 43  ........Future C
 68 61 72 61 63 74 65 72 69 73 74 69 63 20 01 83  haracteristic ..
 00 07 00 00 e6 f2 59 e8 07 c0                    ......Y...
--
< 2025/01/09 20:07:42.084682  length=5 from=451 to=455
 00 80 ff 00 00                                   .....
--
