2025-03-29 00:47:02,462 LT1-thread root DEBUG client.py                 71    logger_log                : Starting TestCase _run_test_case GAP GAP/BIS/BSE/BV-01-C
2025-03-29 00:47:02,462 LT1-thread root DEBUG client.py                 71    logger_log                : pre_run GAP GAP/BIS/BSE/BV-01-C
2025-03-29 00:47:02,462 LT1-thread root DEBUG client.py                 71    logger_log                : About to run test case GAP GAP/BIS/BSE/BV-01-C with commands:
2025-03-29 00:47:02,462 LT1-thread root DEBUG client.py                 71    logger_log                : 0) class=<class 'autopts.ptsprojects.testcase.TestFunc'>, func=<bound method Stack.core_init of <autopts.ptsprojects.stack.stack.Stack object at 0x0000018A8ACB9E90>> start_wid=None stop_wid=None post_wid=None skip_call=None call_count=1 args=() kwds={}
2025-03-29 00:47:02,462 LT1-thread root DEBUG client.py                 71    logger_log                : 1) class=<class 'autopts.ptsprojects.testcase.TestFunc'>, func=<bound method ZephyrCtl.hw_reset of <autopts.ptsprojects.zephyr.iutctl.ZephyrCtl object at 0x0000018A8ACCB8D0>> start_wid=None stop_wid=None post_wid=None skip_call=None call_count=1 args=() kwds={}
2025-03-29 00:47:02,472 LT1-thread root DEBUG client.py                 71    logger_log                : 2) class=<class 'autopts.ptsprojects.testcase.TestFunc'>, func=<bound method ZephyrCtl.start of <autopts.ptsprojects.zephyr.iutctl.ZephyrCtl object at 0x0000018A8ACCB8D0>> start_wid=None stop_wid=None post_wid=None skip_call=None call_count=1 args=(<autopts.ptsprojects.zephyr.ztestcase.ZTestCase object at 0x0000018A8BB5BC50>,) kwds={}
2025-03-29 00:47:02,472 LT1-thread root DEBUG client.py                 71    logger_log                : 3) class=<class 'autopts.ptsprojects.testcase.TestFunc'>, func=<bound method ZephyrCtl.hw_reset of <autopts.ptsprojects.zephyr.iutctl.ZephyrCtl object at 0x0000018A8ACCB8D0>> start_wid=None stop_wid=None post_wid=None skip_call=None call_count=1 args=() kwds={}
2025-03-29 00:47:02,472 LT1-thread root DEBUG client.py                 71    logger_log                : 4) class=<class 'autopts.ptsprojects.testcase.TestFunc'>, func=<bound method ZephyrCtl.wait_iut_ready_event of <autopts.ptsprojects.zephyr.iutctl.ZephyrCtl object at 0x0000018A8ACCB8D0>> start_wid=None stop_wid=None post_wid=None skip_call=None call_count=1 args=(False,) kwds={}
2025-03-29 00:47:02,472 LT1-thread root DEBUG client.py                 71    logger_log                : 5) class=<class 'autopts.ptsprojects.testcase.TestFunc'>, func=<function core_reg_svc_gap at 0x0000018A870AC7C0> start_wid=None stop_wid=None post_wid=None skip_call=None call_count=148 args=() kwds={}
2025-03-29 00:47:02,472 LT1-thread root DEBUG client.py                 71    logger_log                : 6) class=<class 'autopts.ptsprojects.testcase.TestFunc'>, func=<bound method Stack.gap_init of <autopts.ptsprojects.stack.stack.Stack object at 0x0000018A8ACB9E90>> start_wid=None stop_wid=None post_wid=None skip_call=None call_count=148 args=(b'Tester_59F2E6', 'ABCD', '1111', '1111', '11', '1111', b'\x17github.com/auto-pts', (8, 'PADV_Tester'), 'FF') kwds={}
2025-03-29 00:47:02,472 LT1-thread root DEBUG client.py                 71    logger_log                : 7) class=<class 'autopts.ptsprojects.testcase.TestFunc'>, func=<function gap_read_ctrl_info at 0x0000018A870B8680> start_wid=None stop_wid=None post_wid=None skip_call=None call_count=148 args=() kwds={}
2025-03-29 00:47:02,472 LT1-thread root DEBUG client.py                 71    logger_log                : 8) class=<class 'autopts.ptsprojects.testcase.TestFunc'>, func=<function test_cases.<locals>.<lambda> at 0x0000018A8B960CC0> start_wid=None stop_wid=None post_wid=None skip_call=None call_count=148 args=() kwds={}
2025-03-29 00:47:02,472 LT1-thread root DEBUG client.py                 71    logger_log                : 9) class=<class 'autopts.ptsprojects.testcase.TestFunc'>, func=<function test_cases.<locals>.<lambda> at 0x0000018A8B960D60> start_wid=None stop_wid=None post_wid=None skip_call=None call_count=148 args=() kwds={}
2025-03-29 00:47:02,472 LT1-thread root DEBUG client.py                 71    logger_log                : 10) class=<class 'autopts.ptsprojects.testcase.TestFunc'>, func=<function test_cases.<locals>.<lambda> at 0x0000018A8B960E00> start_wid=None stop_wid=None post_wid=None skip_call=None call_count=148 args=() kwds={}
2025-03-29 00:47:02,472 LT1-thread root DEBUG client.py                 71    logger_log                : 11) class=<class 'autopts.ptsprojects.testcase.TestFunc'>, func=<function test_cases.<locals>.<lambda> at 0x0000018A8B960EA0> start_wid=None stop_wid=None post_wid=None skip_call=None call_count=148 args=() kwds={}
2025-03-29 00:47:02,472 LT1-thread root DEBUG client.py                 71    logger_log                : 12) class=<class 'autopts.ptsprojects.testcase.TestFunc'>, func=<function test_cases.<locals>.<lambda> at 0x0000018A8B960F40> start_wid=None stop_wid=None post_wid=None skip_call=None call_count=148 args=() kwds={}
2025-03-29 00:47:02,472 LT1-thread root DEBUG client.py                 71    logger_log                : 13) class=<class 'autopts.ptsprojects.testcase.TestFunc'>, func=<function test_cases.<locals>.<lambda> at 0x0000018A8B960FE0> start_wid=None stop_wid=None post_wid=None skip_call=None call_count=148 args=() kwds={}
2025-03-29 00:47:02,472 LT1-thread root DEBUG client.py                 71    logger_log                : 14) class=<class 'autopts.ptsprojects.testcase.TestFunc'>, func=<function test_cases.<locals>.<lambda> at 0x0000018A8B961080> start_wid=None stop_wid=None post_wid=None skip_call=None call_count=148 args=() kwds={}
2025-03-29 00:47:02,472 LT1-thread root DEBUG client.py                 71    logger_log                : 15) class=<class 'autopts.ptsprojects.testcase.TestFunc'>, func=<function test_cases.<locals>.<lambda> at 0x0000018A8B961120> start_wid=None stop_wid=None post_wid=None skip_call=None call_count=148 args=() kwds={}
2025-03-29 00:47:02,472 LT1-thread root DEBUG client.py                 71    logger_log                : 16) class=<class 'autopts.ptsprojects.testcase.TestFunc'>, func=<function test_cases.<locals>.<lambda> at 0x0000018A8B9611C0> start_wid=None stop_wid=None post_wid=None skip_call=None call_count=148 args=() kwds={}
2025-03-29 00:47:02,472 LT1-thread root DEBUG client.py                 71    logger_log                : 17) class=<class 'autopts.ptsprojects.testcase.TestFunc'>, func=<function test_cases.<locals>.<lambda> at 0x0000018A8B961260> start_wid=None stop_wid=None post_wid=None skip_call=None call_count=148 args=() kwds={}
2025-03-29 00:47:02,472 LT1-thread root DEBUG client.py                 71    logger_log                : 18) class=<class 'autopts.ptsprojects.testcase.TestFunc'>, func=<function test_cases.<locals>.<lambda> at 0x0000018A8B961300> start_wid=None stop_wid=None post_wid=None skip_call=None call_count=148 args=() kwds={}
2025-03-29 00:47:02,472 LT1-thread root DEBUG client.py                 71    logger_log                : 19) class=<class 'autopts.ptsprojects.testcase.TestFunc'>, func=<function test_cases.<locals>.<lambda> at 0x0000018A8B9613A0> start_wid=None stop_wid=None post_wid=None skip_call=None call_count=148 args=() kwds={}
2025-03-29 00:47:02,472 LT1-thread root DEBUG client.py                 71    logger_log                : 20) class=<class 'autopts.ptsprojects.testcase.TestFunc'>, func=<function core_reg_svc_gatt at 0x0000018A870AC900> start_wid=None stop_wid=None post_wid=None skip_call=None call_count=148 args=() kwds={}
2025-03-29 00:47:02,472 LT1-thread root DEBUG client.py                 71    logger_log                : 21) class=<class 'autopts.ptsprojects.testcase.TestFunc'>, func=<bound method Stack.gatt_init of <autopts.ptsprojects.stack.stack.Stack object at 0x0000018A8ACB9E90>> start_wid=None stop_wid=None post_wid=None skip_call=None call_count=148 args=() kwds={}
2025-03-29 00:47:02,472 LT1-thread root DEBUG client.py                 71    logger_log                : 22) class=<class 'autopts.ptsprojects.testcase.TestFunc'>, func=<function gap_set_io_cap at 0x0000018A870AFBA0> start_wid=None stop_wid=None post_wid=None skip_call=None call_count=148 args=(4,) kwds={}
2025-03-29 00:47:02,472 LT1-thread root DEBUG client.py                 71    logger_log                : 23) class=<class 'autopts.ptsprojects.testcase.TestFunc'>, func=<function set_pts_addr at 0x0000018A870AC360> start_wid=None stop_wid=None post_wid=None skip_call=None call_count=148 args=('C0:07:E8:59:F2:E6', 0) kwds={}
2025-03-29 00:47:02,472 LT1-thread root DEBUG client.py                 71    logger_log                : 24) class=<class 'autopts.ptsprojects.testcase.TestFunc'>, func=<function gatts_add_svc at 0x0000018A870BA020> start_wid=None stop_wid=None post_wid=None skip_call=None call_count=147 args=(0, 'AA51') kwds={}
2025-03-29 00:47:02,472 LT1-thread root DEBUG client.py                 71    logger_log                : 25) class=<class 'autopts.ptsprojects.testcase.TestFunc'>, func=<function gatts_add_char at 0x0000018A870BA160> start_wid=None stop_wid=None post_wid=None skip_call=None call_count=147 args=(0, 2, 17, 'AA52') kwds={}
2025-03-29 00:47:02,472 LT1-thread root DEBUG client.py                 71    logger_log                : 26) class=<class 'autopts.ptsprojects.testcase.TestFunc'>, func=<function gatts_set_val at 0x0000018A870BA200> start_wid=None stop_wid=None post_wid=None skip_call=None call_count=147 args=(0, '01') kwds={}
2025-03-29 00:47:02,472 LT1-thread root DEBUG client.py                 71    logger_log                : 27) class=<class 'autopts.ptsprojects.testcase.TestFunc'>, func=<function gatts_add_char at 0x0000018A870BA160> start_wid=None stop_wid=None post_wid=None skip_call=None call_count=147 args=(0, 2, 5, 'AA53') kwds={}
2025-03-29 00:47:02,472 LT1-thread root DEBUG client.py                 71    logger_log                : 28) class=<class 'autopts.ptsprojects.testcase.TestFunc'>, func=<function gatts_set_val at 0x0000018A870BA200> start_wid=None stop_wid=None post_wid=None skip_call=None call_count=147 args=(0, '02') kwds={}
2025-03-29 00:47:02,472 LT1-thread root DEBUG client.py                 71    logger_log                : 29) class=<class 'autopts.ptsprojects.testcase.TestFunc'>, func=<function gatts_add_char at 0x0000018A870BA160> start_wid=None stop_wid=None post_wid=None skip_call=None call_count=147 args=(0, 66, 3, 'AA54') kwds={}
2025-03-29 00:47:02,472 LT1-thread root DEBUG client.py                 71    logger_log                : 30) class=<class 'autopts.ptsprojects.testcase.TestFunc'>, func=<function gatts_set_val at 0x0000018A870BA200> start_wid=None stop_wid=None post_wid=None skip_call=None call_count=147 args=(0, '03') kwds={}
2025-03-29 00:47:02,472 LT1-thread root DEBUG client.py                 71    logger_log                : 31) class=<class 'autopts.ptsprojects.testcase.TestFunc'>, func=<function gatts_add_char at 0x0000018A870BA160> start_wid=None stop_wid=None post_wid=None skip_call=None call_count=147 args=(0, 10, 48, 'AA55') kwds={}
2025-03-29 00:47:02,472 LT1-thread root DEBUG client.py                 71    logger_log                : 32) class=<class 'autopts.ptsprojects.testcase.TestFunc'>, func=<function gatts_set_val at 0x0000018A870BA200> start_wid=None stop_wid=None post_wid=None skip_call=None call_count=147 args=(0, '04') kwds={}
2025-03-29 00:47:02,472 LT1-thread root DEBUG client.py                 71    logger_log                : 33) class=<class 'autopts.ptsprojects.testcase.TestFunc'>, func=<function gatts_start_server at 0x0000018A870BA480> start_wid=None stop_wid=None post_wid=None skip_call=None call_count=147 args=() kwds={}
2025-03-29 00:47:02,472 LT1-thread root DEBUG client.py                 71    logger_log                : 34) class=<class 'autopts.ptsprojects.testcase.TestFuncCleanUp'>, func=<bound method Stack.cleanup of <autopts.ptsprojects.stack.stack.Stack object at 0x0000018A8ACB9E90>> start_wid=None stop_wid=None post_wid=None skip_call=None call_count=1 args=() kwds={}
2025-03-29 00:47:02,472 LT1-thread root DEBUG client.py                 71    logger_log                : 35) class=<class 'autopts.ptsprojects.testcase.TestFuncCleanUp'>, func=<bound method ZephyrCtl.stop of <autopts.ptsprojects.zephyr.iutctl.ZephyrCtl object at 0x0000018A8ACCB8D0>> start_wid=None stop_wid=None post_wid=None skip_call=None call_count=1 args=() kwds={}
2025-03-29 00:47:02,472 LT1-thread root DEBUG client.py                 71    logger_log                : pre_run, run pre test case script
2025-03-29 00:47:02,492 LT1-thread root DEBUG client.py                 71    logger_log                : Starting test function: class=<class 'autopts.ptsprojects.testcase.TestFunc'>, func=<bound method Stack.core_init of <autopts.ptsprojects.stack.stack.Stack object at 0x0000018A8ACB9E90>> start_wid=None stop_wid=None post_wid=None skip_call=None call_count=2 args=() kwds={}
2025-03-29 00:47:02,492 LT1-thread root DEBUG client.py                 71    logger_log                : Test function parameters: args=(), kwds={}
2025-03-29 00:47:02,492 LT1-thread root DEBUG client.py                 71    logger_log                : Starting test function: class=<class 'autopts.ptsprojects.testcase.TestFunc'>, func=<bound method ZephyrCtl.hw_reset of <autopts.ptsprojects.zephyr.iutctl.ZephyrCtl object at 0x0000018A8ACCB8D0>> start_wid=None stop_wid=None post_wid=None skip_call=None call_count=2 args=() kwds={}
2025-03-29 00:47:02,492 LT1-thread root DEBUG client.py                 71    logger_log                : Test function parameters: args=(), kwds={}
2025-03-29 00:47:02,492 LT1-thread root DEBUG client.py                 71    logger_log                : Starting test function: class=<class 'autopts.ptsprojects.testcase.TestFunc'>, func=<bound method ZephyrCtl.start of <autopts.ptsprojects.zephyr.iutctl.ZephyrCtl object at 0x0000018A8ACCB8D0>> start_wid=None stop_wid=None post_wid=None skip_call=None call_count=2 args=(<autopts.ptsprojects.zephyr.ztestcase.ZTestCase object at 0x0000018A8BB5BC50>,) kwds={}
2025-03-29 00:47:02,492 LT1-thread root DEBUG client.py                 71    logger_log                : Test function parameters: args=(<autopts.ptsprojects.zephyr.ztestcase.ZTestCase object at 0x0000018A8BB5BC50>,), kwds={}
2025-03-29 00:47:02,492 LT1-thread root DEBUG client.py                 71    logger_log                : <class 'autopts.ptsprojects.zephyr.iutctl.ZephyrCtl'>.start
2025-03-29 00:47:02,492 LT1-thread root DEBUG client.py                 71    logger_log                : <class 'autopts.ptsprojects.zephyr.iutctl.ZephyrCtl'>.flush_serial
2025-03-29 00:47:03,722 LT1-thread root DEBUG client.py                 71    logger_log                : Starting socat process: socat.exe -x -v tcp:10.192.244.153:56313,retry=100,interval=1 /dev/ttyS35,raw,b115200
2025-03-29 00:47:03,742 LT1-thread root DEBUG client.py                 71    logger_log                : accept
2025-03-29 00:47:04,402 BTPWorkerThread-3401 (_rx_task) root DEBUG client.py                 71    logger_log                : BTPWorkerThread-3401 (_rx_task) started
2025-03-29 00:47:04,402 LT1-thread root DEBUG client.py                 71    logger_log                : Starting test function: class=<class 'autopts.ptsprojects.testcase.TestFunc'>, func=<bound method ZephyrCtl.hw_reset of <autopts.ptsprojects.zephyr.iutctl.ZephyrCtl object at 0x0000018A8ACCB8D0>> start_wid=None stop_wid=None post_wid=None skip_call=None call_count=2 args=() kwds={}
2025-03-29 00:47:04,402 LT1-thread root DEBUG client.py                 71    logger_log                : Test function parameters: args=(), kwds={}
2025-03-29 00:47:04,402 LT1-thread root DEBUG client.py                 71    logger_log                : Starting test function: class=<class 'autopts.ptsprojects.testcase.TestFunc'>, func=<bound method ZephyrCtl.wait_iut_ready_event of <autopts.ptsprojects.zephyr.iutctl.ZephyrCtl object at 0x0000018A8ACCB8D0>> start_wid=None stop_wid=None post_wid=None skip_call=None call_count=2 args=(False,) kwds={}
2025-03-29 00:47:04,402 LT1-thread root DEBUG client.py                 71    logger_log                : Test function parameters: args=(False,), kwds={}
2025-03-29 00:47:04,402 LT1-thread root DEBUG client.py                 71    logger_log                : IUT ready event received OK
2025-03-29 00:47:04,402 LT1-thread root DEBUG client.py                 71    logger_log                : Starting test function: class=<class 'autopts.ptsprojects.testcase.TestFunc'>, func=<function core_reg_svc_gap at 0x0000018A870AC7C0> start_wid=None stop_wid=None post_wid=None skip_call=None call_count=149 args=() kwds={}
2025-03-29 00:47:04,402 LT1-thread root DEBUG client.py                 71    logger_log                : Test function parameters: args=(), kwds={}
2025-03-29 00:47:04,402 LT1-thread root DEBUG client.py                 71    logger_log                : core_reg_svc_gap
2025-03-29 00:47:04,402 LT1-thread root DEBUG client.py                 71    logger_log                : send, 0 3 255 '1'
2025-03-29 00:47:04,402 LT1-thread root DEBUG client.py                 71    logger_log                : sending frame '0003ff010001'
2025-03-29 00:47:04,402 LT1-thread root DEBUG client.py                 71    logger_log                : core_reg_svc_rsp_succ
2025-03-29 00:47:04,402 LT1-thread root DEBUG client.py                 71    logger_log                : read
2025-03-29 00:47:04,482 BTPWorkerThread-3401 (_rx_task) root DEBUG client.py                 71    logger_log                : Read 5 bytes
2025-03-29 00:47:04,482 BTPWorkerThread-3401 (_rx_task) root DEBUG client.py                 71    logger_log                : Received: hdr: Header(svc_id=0x00, op=0x03, ctrl_index=0xff, data_len=0x00) bytearray(b'\x00\x03\xff\x00\x00')
2025-03-29 00:47:04,482 BTPWorkerThread-3401 (_rx_task) root DEBUG client.py                 71    logger_log                : Received data: {''}, bytearray(b'')
2025-03-29 00:47:04,482 LT1-thread root DEBUG client.py                 71    logger_log                : received Header(svc_id=0, op=3, ctrl_index=255, data_len=0) (b'',)
2025-03-29 00:47:04,482 LT1-thread root DEBUG client.py                 71    logger_log                : expected ((0, 3, 255, 0), (b'',))
2025-03-29 00:47:04,482 LT1-thread root DEBUG client.py                 71    logger_log                : response is valid
2025-03-29 00:47:04,482 LT1-thread root DEBUG client.py                 71    logger_log                : Starting test function: class=<class 'autopts.ptsprojects.testcase.TestFunc'>, func=<bound method Stack.gap_init of <autopts.ptsprojects.stack.stack.Stack object at 0x0000018A8ACB9E90>> start_wid=None stop_wid=None post_wid=None skip_call=None call_count=149 args=(b'Tester_59F2E6', 'ABCD', '1111', '1111', '11', '1111', b'\x17github.com/auto-pts', (8, 'PADV_Tester'), 'FF') kwds={}
2025-03-29 00:47:04,482 LT1-thread root DEBUG client.py                 71    logger_log                : Test function parameters: args=(b'Tester_59F2E6', 'ABCD', '1111', '1111', '11', '1111', b'\x17github.com/auto-pts', (8, 'PADV_Tester'), 'FF'), kwds={}
2025-03-29 00:47:04,482 LT1-thread root DEBUG client.py                 71    logger_log                : Starting test function: class=<class 'autopts.ptsprojects.testcase.TestFunc'>, func=<function gap_read_ctrl_info at 0x0000018A870B8680> start_wid=None stop_wid=None post_wid=None skip_call=None call_count=149 args=() kwds={}
2025-03-29 00:47:04,482 LT1-thread root DEBUG client.py                 71    logger_log                : Test function parameters: args=(), kwds={}
2025-03-29 00:47:04,482 LT1-thread root DEBUG client.py                 71    logger_log                : gap_read_ctrl_info
2025-03-29 00:47:04,482 LT1-thread root DEBUG client.py                 71    logger_log                : send, 1 3 0 ''
2025-03-29 00:47:04,482 LT1-thread root DEBUG client.py                 71    logger_log                : sending frame '0103000000'
2025-03-29 00:47:04,482 LT1-thread root DEBUG client.py                 71    logger_log                : read
2025-03-29 00:47:04,732 BTPWorkerThread-3401 (_rx_task) root DEBUG client.py                 71    logger_log                : Read 5 bytes
2025-03-29 00:47:04,752 BTPWorkerThread-3401 (_rx_task) root DEBUG client.py                 71    logger_log                : Received: hdr: Header(svc_id=0x01, op=0x03, ctrl_index=0x00, data_len=0x115) bytearray(b'\x01\x03\x00\x15\x01')
2025-03-29 00:47:04,772 BTPWorkerThread-3401 (_rx_task) root DEBUG client.py                 71    logger_log                : Read 277 bytes data
2025-03-29 00:47:04,772 BTPWorkerThread-3401 (_rx_task) root DEBUG client.py                 71    logger_log                : Received data: {'28 00 03 37 60 00 13 06 02 00 13 02 00 00 00 00 00 62 74 70 5f 74 65 73 74 65 72 00 00 00 00 00 00 00 00 00 00 00 00 00 00 00 00 00 00 00 00 00 00 00 00 00 00 00 00 00 00 00 00 00 00 00 00 00 00 00 00 00 00 00 00 00 00 00 00 00 00 00 00 00 00 00 00 00 00 00 00 00 00 00 00 00 00 00 00 00 00 00 00 00 00 00 00 00 00 00 00 00 00 00 00 00 00 00 00 00 00 00 00 00 00 00 00 00 00 00 00 00 00 00 00 00 00 00 00 00 00 00 00 00 00 00 00 00 00 00 00 00 00 00 00 00 00 00 00 00 00 00 00 00 00 00 00 00 00 00 00 00 00 00 00 00 00 00 00 00 00 00 00 00 00 00 00 00 00 00 00 00 00 00 00 00 00 00 00 00 00 00 00 00 00 00 00 00 00 00 00 00 00 00 00 00 00 00 00 00 00 00 00 00 00 00 00 00 00 00 00 00 00 00 00 00 00 00 00 00 00 00 00 00 00 00 00 00 00 00 00 00 00 00 00 00 00 00 00 00 00 00 00 00 00 00 00 00 00 00 00 00 00 00 00 00 00 00 00 00 00'}, bytearray(b'(\x00\x037`\x00\x13\x06\x02\x00\x13\x02\x00\x00\x00\x00\x00btp_tester\x00\x00\x00\x00\x00\x00\x00\x00\x00\x00\x00\x00\x00\x00\x00\x00\x00\x00\x00\x00\x00\x00\x00\x00\x00\x00\x00\x00\x00\x00\x00\x00\x00\x00\x00\x00\x00\x00\x00\x00\x00\x00\x00\x00\x00\x00\x00\x00\x00\x00\x00\x00\x00\x00\x00\x00\x00\x00\x00\x00\x00\x00\x00\x00\x00\x00\x00\x00\x00\x00\x00\x00\x00\x00\x00\x00\x00\x00\x00\x00\x00\x00\x00\x00\x00\x00\x00\x00\x00\x00\x00\x00\x00\x00\x00\x00\x00\x00\x00\x00\x00\x00\x00\x00\x00\x00\x00\x00\x00\x00\x00\x00\x00\x00\x00\x00\x00\x00\x00\x00\x00\x00\x00\x00\x00\x00\x00\x00\x00\x00\x00\x00\x00\x00\x00\x00\x00\x00\x00\x00\x00\x00\x00\x00\x00\x00\x00\x00\x00\x00\x00\x00\x00\x00\x00\x00\x00\x00\x00\x00\x00\x00\x00\x00\x00\x00\x00\x00\x00\x00\x00\x00\x00\x00\x00\x00\x00\x00\x00\x00\x00\x00\x00\x00\x00\x00\x00\x00\x00\x00\x00\x00\x00\x00\x00\x00\x00\x00\x00\x00\x00\x00\x00\x00\x00\x00\x00\x00\x00\x00\x00\x00\x00\x00\x00\x00\x00\x00\x00\x00\x00\x00\x00\x00\x00\x00\x00\x00\x00\x00\x00\x00\x00\x00\x00\x00\x00\x00\x00\x00\x00\x00\x00\x00\x00\x00\x00\x00\x00\x00')
2025-03-29 00:47:04,772 LT1-thread root DEBUG client.py                 71    logger_log                : received Header(svc_id=1, op=3, ctrl_index=0, data_len=277) (b'(\x00\x037`\x00\x13\x06\x02\x00\x13\x02\x00\x00\x00\x00\x00btp_tester\x00\x00\x00\x00\x00\x00\x00\x00\x00\x00\x00\x00\x00\x00\x00\x00\x00\x00\x00\x00\x00\x00\x00\x00\x00\x00\x00\x00\x00\x00\x00\x00\x00\x00\x00\x00\x00\x00\x00\x00\x00\x00\x00\x00\x00\x00\x00\x00\x00\x00\x00\x00\x00\x00\x00\x00\x00\x00\x00\x00\x00\x00\x00\x00\x00\x00\x00\x00\x00\x00\x00\x00\x00\x00\x00\x00\x00\x00\x00\x00\x00\x00\x00\x00\x00\x00\x00\x00\x00\x00\x00\x00\x00\x00\x00\x00\x00\x00\x00\x00\x00\x00\x00\x00\x00\x00\x00\x00\x00\x00\x00\x00\x00\x00\x00\x00\x00\x00\x00\x00\x00\x00\x00\x00\x00\x00\x00\x00\x00\x00\x00\x00\x00\x00\x00\x00\x00\x00\x00\x00\x00\x00\x00\x00\x00\x00\x00\x00\x00\x00\x00\x00\x00\x00\x00\x00\x00\x00\x00\x00\x00\x00\x00\x00\x00\x00\x00\x00\x00\x00\x00\x00\x00\x00\x00\x00\x00\x00\x00\x00\x00\x00\x00\x00\x00\x00\x00\x00\x00\x00\x00\x00\x00\x00\x00\x00\x00\x00\x00\x00\x00\x00\x00\x00\x00\x00\x00\x00\x00\x00\x00\x00\x00\x00\x00\x00\x00\x00\x00\x00\x00\x00\x00\x00\x00\x00\x00\x00\x00\x00\x00\x00\x00\x00\x00\x00\x00\x00\x00\x00\x00\x00\x00\x00\x00\x00\x00\x00\x00\x00',)
2025-03-29 00:47:04,772 LT1-thread root DEBUG client.py                 71    logger_log                : IUT address '006037030028' 'public'
2025-03-29 00:47:04,772 LT1-thread root DEBUG client.py                 71    logger_log                : __gap_current_settings_update 531
2025-03-29 00:47:04,772 LT1-thread root DEBUG client.py                 71    logger_log                : Starting test function: class=<class 'autopts.ptsprojects.testcase.TestFunc'>, func=<function test_cases.<locals>.<lambda> at 0x0000018A8B960CC0> start_wid=None stop_wid=None post_wid=None skip_call=None call_count=149 args=() kwds={}
2025-03-29 00:47:04,772 LT1-thread root DEBUG client.py                 71    logger_log                : Test function parameters: args=(), kwds={}
2025-03-29 00:47:04,772 LT1-thread root DEBUG client.py                 71    logger_log                : Starting test function: class=<class 'autopts.ptsprojects.testcase.TestFunc'>, func=<function test_cases.<locals>.<lambda> at 0x0000018A8B960D60> start_wid=None stop_wid=None post_wid=None skip_call=None call_count=149 args=() kwds={}
2025-03-29 00:47:04,772 LT1-thread root DEBUG client.py                 71    logger_log                : Test function parameters: args=(), kwds={}
2025-03-29 00:47:04,772 LT1-thread root DEBUG client.py                 71    logger_log                : Starting test function: class=<class 'autopts.ptsprojects.testcase.TestFunc'>, func=<function test_cases.<locals>.<lambda> at 0x0000018A8B960E00> start_wid=None stop_wid=None post_wid=None skip_call=None call_count=149 args=() kwds={}
2025-03-29 00:47:04,772 LT1-thread root DEBUG client.py                 71    logger_log                : Test function parameters: args=(), kwds={}
2025-03-29 00:47:04,782 LT1-thread root DEBUG client.py                 71    logger_log                : Starting test function: class=<class 'autopts.ptsprojects.testcase.TestFunc'>, func=<function test_cases.<locals>.<lambda> at 0x0000018A8B960EA0> start_wid=None stop_wid=None post_wid=None skip_call=None call_count=149 args=() kwds={}
2025-03-29 00:47:04,782 LT1-thread root DEBUG client.py                 71    logger_log                : Test function parameters: args=(), kwds={}
2025-03-29 00:47:04,782 LT1-thread root DEBUG client.py                 71    logger_log                : Starting test function: class=<class 'autopts.ptsprojects.testcase.TestFunc'>, func=<function test_cases.<locals>.<lambda> at 0x0000018A8B960F40> start_wid=None stop_wid=None post_wid=None skip_call=None call_count=149 args=() kwds={}
2025-03-29 00:47:04,782 LT1-thread root DEBUG client.py                 71    logger_log                : Test function parameters: args=(), kwds={}
2025-03-29 00:47:04,792 LT1-thread root DEBUG client.py                 71    logger_log                : Starting test function: class=<class 'autopts.ptsprojects.testcase.TestFunc'>, func=<function test_cases.<locals>.<lambda> at 0x0000018A8B960FE0> start_wid=None stop_wid=None post_wid=None skip_call=None call_count=149 args=() kwds={}
2025-03-29 00:47:04,792 LT1-thread root DEBUG client.py                 71    logger_log                : Test function parameters: args=(), kwds={}
2025-03-29 00:47:04,792 LT1-thread root DEBUG client.py                 71    logger_log                : Starting test function: class=<class 'autopts.ptsprojects.testcase.TestFunc'>, func=<function test_cases.<locals>.<lambda> at 0x0000018A8B961080> start_wid=None stop_wid=None post_wid=None skip_call=None call_count=149 args=() kwds={}
2025-03-29 00:47:04,792 LT1-thread root DEBUG client.py                 71    logger_log                : Test function parameters: args=(), kwds={}
2025-03-29 00:47:04,802 LT1-thread root DEBUG client.py                 71    logger_log                : Starting test function: class=<class 'autopts.ptsprojects.testcase.TestFunc'>, func=<function test_cases.<locals>.<lambda> at 0x0000018A8B961120> start_wid=None stop_wid=None post_wid=None skip_call=None call_count=149 args=() kwds={}
2025-03-29 00:47:04,802 LT1-thread root DEBUG client.py                 71    logger_log                : Test function parameters: args=(), kwds={}
2025-03-29 00:47:04,802 LT1-thread root DEBUG client.py                 71    logger_log                : Starting test function: class=<class 'autopts.ptsprojects.testcase.TestFunc'>, func=<function test_cases.<locals>.<lambda> at 0x0000018A8B9611C0> start_wid=None stop_wid=None post_wid=None skip_call=None call_count=149 args=() kwds={}
2025-03-29 00:47:04,802 LT1-thread root DEBUG client.py                 71    logger_log                : Test function parameters: args=(), kwds={}
2025-03-29 00:47:04,802 LT1-thread root DEBUG client.py                 71    logger_log                : Starting test function: class=<class 'autopts.ptsprojects.testcase.TestFunc'>, func=<function test_cases.<locals>.<lambda> at 0x0000018A8B961260> start_wid=None stop_wid=None post_wid=None skip_call=None call_count=149 args=() kwds={}
2025-03-29 00:47:04,802 LT1-thread root DEBUG client.py                 71    logger_log                : Test function parameters: args=(), kwds={}
2025-03-29 00:47:04,812 LT1-thread root DEBUG client.py                 71    logger_log                : Starting test function: class=<class 'autopts.ptsprojects.testcase.TestFunc'>, func=<function test_cases.<locals>.<lambda> at 0x0000018A8B961300> start_wid=None stop_wid=None post_wid=None skip_call=None call_count=149 args=() kwds={}
2025-03-29 00:47:04,812 LT1-thread root DEBUG client.py                 71    logger_log                : Test function parameters: args=(), kwds={}
2025-03-29 00:47:04,812 LT1-thread root DEBUG client.py                 71    logger_log                : Starting test function: class=<class 'autopts.ptsprojects.testcase.TestFunc'>, func=<function test_cases.<locals>.<lambda> at 0x0000018A8B9613A0> start_wid=None stop_wid=None post_wid=None skip_call=None call_count=149 args=() kwds={}
2025-03-29 00:47:04,812 LT1-thread root DEBUG client.py                 71    logger_log                : Test function parameters: args=(), kwds={}
2025-03-29 00:47:04,822 LT1-thread root DEBUG client.py                 71    logger_log                : Starting test function: class=<class 'autopts.ptsprojects.testcase.TestFunc'>, func=<function core_reg_svc_gatt at 0x0000018A870AC900> start_wid=None stop_wid=None post_wid=None skip_call=None call_count=149 args=() kwds={}
2025-03-29 00:47:04,822 LT1-thread root DEBUG client.py                 71    logger_log                : Test function parameters: args=(), kwds={}
2025-03-29 00:47:04,822 LT1-thread root DEBUG client.py                 71    logger_log                : core_reg_svc_gatt
2025-03-29 00:47:04,822 LT1-thread root DEBUG client.py                 71    logger_log                : send, 0 3 255 '2'
2025-03-29 00:47:04,822 LT1-thread root DEBUG client.py                 71    logger_log                : sending frame '0003ff010002'
2025-03-29 00:47:04,822 LT1-thread root DEBUG client.py                 71    logger_log                : core_reg_svc_rsp_succ
2025-03-29 00:47:04,822 LT1-thread root DEBUG client.py                 71    logger_log                : read
2025-03-29 00:47:04,902 BTPWorkerThread-3401 (_rx_task) root DEBUG client.py                 71    logger_log                : Read 5 bytes
2025-03-29 00:47:04,922 BTPWorkerThread-3401 (_rx_task) root DEBUG client.py                 71    logger_log                : Received: hdr: Header(svc_id=0x00, op=0x03, ctrl_index=0xff, data_len=0x00) bytearray(b'\x00\x03\xff\x00\x00')
2025-03-29 00:47:04,942 BTPWorkerThread-3401 (_rx_task) root DEBUG client.py                 71    logger_log                : Received data: {''}, bytearray(b'')
2025-03-29 00:47:04,972 LT1-thread root DEBUG client.py                 71    logger_log                : received Header(svc_id=0, op=3, ctrl_index=255, data_len=0) (b'',)
2025-03-29 00:47:04,972 LT1-thread root DEBUG client.py                 71    logger_log                : expected ((0, 3, 255, 0), (b'',))
2025-03-29 00:47:04,972 LT1-thread root DEBUG client.py                 71    logger_log                : response is valid
2025-03-29 00:47:04,972 LT1-thread root DEBUG client.py                 71    logger_log                : Starting test function: class=<class 'autopts.ptsprojects.testcase.TestFunc'>, func=<bound method Stack.gatt_init of <autopts.ptsprojects.stack.stack.Stack object at 0x0000018A8ACB9E90>> start_wid=None stop_wid=None post_wid=None skip_call=None call_count=149 args=() kwds={}
2025-03-29 00:47:04,972 LT1-thread root DEBUG client.py                 71    logger_log                : Test function parameters: args=(), kwds={}
2025-03-29 00:47:04,972 LT1-thread root DEBUG client.py                 71    logger_log                : Starting test function: class=<class 'autopts.ptsprojects.testcase.TestFunc'>, func=<function gap_set_io_cap at 0x0000018A870AFBA0> start_wid=None stop_wid=None post_wid=None skip_call=None call_count=149 args=(4,) kwds={}
2025-03-29 00:47:04,972 LT1-thread root DEBUG client.py                 71    logger_log                : Test function parameters: args=(4,), kwds={}
2025-03-29 00:47:04,972 LT1-thread root DEBUG client.py                 71    logger_log                : gap_set_io_cap 4
2025-03-29 00:47:04,972 LT1-thread root DEBUG client.py                 71    logger_log                : send, 1 16 0 '\x04'
2025-03-29 00:47:04,972 LT1-thread root DEBUG client.py                 71    logger_log                : sending frame '011000010004'
2025-03-29 00:47:04,972 LT1-thread root DEBUG client.py                 71    logger_log                : gap_command_rsp_succ
2025-03-29 00:47:04,972 LT1-thread root DEBUG client.py                 71    logger_log                : read
2025-03-29 00:47:05,042 BTPWorkerThread-3401 (_rx_task) root DEBUG client.py                 71    logger_log                : Read 5 bytes
2025-03-29 00:47:05,062 BTPWorkerThread-3401 (_rx_task) root DEBUG client.py                 71    logger_log                : Received: hdr: Header(svc_id=0x01, op=0x10, ctrl_index=0x00, data_len=0x00) bytearray(b'\x01\x10\x00\x00\x00')
2025-03-29 00:47:05,082 BTPWorkerThread-3401 (_rx_task) root DEBUG client.py                 71    logger_log                : Received data: {''}, bytearray(b'')
2025-03-29 00:47:05,102 LT1-thread root DEBUG client.py                 71    logger_log                : received Header(svc_id=1, op=16, ctrl_index=0, data_len=0) (b'',)
2025-03-29 00:47:05,102 LT1-thread root DEBUG client.py                 71    logger_log                : Starting test function: class=<class 'autopts.ptsprojects.testcase.TestFunc'>, func=<function set_pts_addr at 0x0000018A870AC360> start_wid=None stop_wid=None post_wid=None skip_call=None call_count=149 args=('C0:07:E8:59:F2:E6', 0) kwds={}
2025-03-29 00:47:05,102 LT1-thread root DEBUG client.py                 71    logger_log                : Test function parameters: args=('C0:07:E8:59:F2:E6', 0), kwds={}
2025-03-29 00:47:05,102 LT1-thread root DEBUG client.py                 71    logger_log                : Starting test function: class=<class 'autopts.ptsprojects.testcase.TestFunc'>, func=<function gatts_add_svc at 0x0000018A870BA020> start_wid=None stop_wid=None post_wid=None skip_call=None call_count=148 args=(0, 'AA51') kwds={}
2025-03-29 00:47:05,102 LT1-thread root DEBUG client.py                 71    logger_log                : Test function parameters: args=(0, 'AA51'), kwds={}
2025-03-29 00:47:05,102 LT1-thread root DEBUG client.py                 71    logger_log                : gatts_add_svc 0 'AA51'
2025-03-29 00:47:05,102 LT1-thread root DEBUG client.py                 71    logger_log                : send, 2 2 0 "bytearray(b'\\x00\\x02\\xaaQ')"
2025-03-29 00:47:05,102 LT1-thread root DEBUG client.py                 71    logger_log                : sending frame '02020004000002aa51'
2025-03-29 00:47:05,102 LT1-thread root DEBUG client.py                 71    logger_log                : gatt_command_rsp_succ
2025-03-29 00:47:05,102 LT1-thread root DEBUG client.py                 71    logger_log                : read
2025-03-29 00:47:05,182 BTPWorkerThread-3401 (_rx_task) root DEBUG client.py                 71    logger_log                : Read 5 bytes
2025-03-29 00:47:05,202 BTPWorkerThread-3401 (_rx_task) root DEBUG client.py                 71    logger_log                : Received: hdr: Header(svc_id=0x02, op=0x02, ctrl_index=0x00, data_len=0x02) bytearray(b'\x02\x02\x00\x02\x00')
2025-03-29 00:47:05,242 BTPWorkerThread-3401 (_rx_task) root DEBUG client.py                 71    logger_log                : Read 2 bytes data
2025-03-29 00:47:05,262 BTPWorkerThread-3401 (_rx_task) root DEBUG client.py                 71    logger_log                : Received data: {'00 00'}, bytearray(b'\x00\x00')
2025-03-29 00:47:05,292 LT1-thread root DEBUG client.py                 71    logger_log                : received Header(svc_id=2, op=2, ctrl_index=0, data_len=2) (b'\x00\x00',)
2025-03-29 00:47:05,292 LT1-thread root DEBUG client.py                 71    logger_log                : Starting test function: class=<class 'autopts.ptsprojects.testcase.TestFunc'>, func=<function gatts_add_char at 0x0000018A870BA160> start_wid=None stop_wid=None post_wid=None skip_call=None call_count=148 args=(0, 2, 17, 'AA52') kwds={}
2025-03-29 00:47:05,292 LT1-thread root DEBUG client.py                 71    logger_log                : Test function parameters: args=(0, 2, 17, 'AA52'), kwds={}
2025-03-29 00:47:05,292 LT1-thread root DEBUG client.py                 71    logger_log                : gatts_add_char 0 2 17 'AA52'
2025-03-29 00:47:05,292 LT1-thread root DEBUG client.py                 71    logger_log                : send, 2 3 0 "bytearray(b'\\x00\\x00\\x02\\x11\\x02\\xaaR')"
2025-03-29 00:47:05,292 LT1-thread root DEBUG client.py                 71    logger_log                : sending frame '02030007000000021102aa52'
2025-03-29 00:47:05,292 LT1-thread root DEBUG client.py                 71    logger_log                : gatt_command_rsp_succ
2025-03-29 00:47:05,292 LT1-thread root DEBUG client.py                 71    logger_log                : read
2025-03-29 00:47:05,362 BTPWorkerThread-3401 (_rx_task) root DEBUG client.py                 71    logger_log                : Read 5 bytes
2025-03-29 00:47:05,382 BTPWorkerThread-3401 (_rx_task) root DEBUG client.py                 71    logger_log                : Received: hdr: Header(svc_id=0x02, op=0x03, ctrl_index=0x00, data_len=0x02) bytearray(b'\x02\x03\x00\x02\x00')
2025-03-29 00:47:05,412 BTPWorkerThread-3401 (_rx_task) root DEBUG client.py                 71    logger_log                : Read 2 bytes data
2025-03-29 00:47:05,432 BTPWorkerThread-3401 (_rx_task) root DEBUG client.py                 71    logger_log                : Received data: {'00 00'}, bytearray(b'\x00\x00')
2025-03-29 00:47:05,442 LT1-thread root DEBUG client.py                 71    logger_log                : received Header(svc_id=2, op=3, ctrl_index=0, data_len=2) (b'\x00\x00',)
2025-03-29 00:47:05,442 LT1-thread root DEBUG client.py                 71    logger_log                : Starting test function: class=<class 'autopts.ptsprojects.testcase.TestFunc'>, func=<function gatts_set_val at 0x0000018A870BA200> start_wid=None stop_wid=None post_wid=None skip_call=None call_count=148 args=(0, '01') kwds={}
2025-03-29 00:47:05,442 LT1-thread root DEBUG client.py                 71    logger_log                : Test function parameters: args=(0, '01'), kwds={}
2025-03-29 00:47:05,442 LT1-thread root DEBUG client.py                 71    logger_log                : gatts_set_val 0 '01' 
2025-03-29 00:47:05,442 LT1-thread root DEBUG client.py                 71    logger_log                : send, 2 6 0 "bytearray(b'\\x00\\x00\\x01\\x00\\x01')"
2025-03-29 00:47:05,442 LT1-thread root DEBUG client.py                 71    logger_log                : sending frame '02060005000000010001'
2025-03-29 00:47:05,442 LT1-thread root DEBUG client.py                 71    logger_log                : gatt_command_rsp_succ
2025-03-29 00:47:05,442 LT1-thread root DEBUG client.py                 71    logger_log                : read
2025-03-29 00:47:05,522 BTPWorkerThread-3401 (_rx_task) root DEBUG client.py                 71    logger_log                : Read 5 bytes
2025-03-29 00:47:05,542 BTPWorkerThread-3401 (_rx_task) root DEBUG client.py                 71    logger_log                : Received: hdr: Header(svc_id=0x02, op=0x06, ctrl_index=0x00, data_len=0x00) bytearray(b'\x02\x06\x00\x00\x00')
2025-03-29 00:47:05,562 BTPWorkerThread-3401 (_rx_task) root DEBUG client.py                 71    logger_log                : Received data: {''}, bytearray(b'')
2025-03-29 00:47:05,592 LT1-thread root DEBUG client.py                 71    logger_log                : received Header(svc_id=2, op=6, ctrl_index=0, data_len=0) (b'',)
2025-03-29 00:47:05,592 LT1-thread root DEBUG client.py                 71    logger_log                : Starting test function: class=<class 'autopts.ptsprojects.testcase.TestFunc'>, func=<function gatts_add_char at 0x0000018A870BA160> start_wid=None stop_wid=None post_wid=None skip_call=None call_count=148 args=(0, 2, 5, 'AA53') kwds={}
2025-03-29 00:47:05,592 LT1-thread root DEBUG client.py                 71    logger_log                : Test function parameters: args=(0, 2, 5, 'AA53'), kwds={}
2025-03-29 00:47:05,592 LT1-thread root DEBUG client.py                 71    logger_log                : gatts_add_char 0 2 5 'AA53'
2025-03-29 00:47:05,592 LT1-thread root DEBUG client.py                 71    logger_log                : send, 2 3 0 "bytearray(b'\\x00\\x00\\x02\\x05\\x02\\xaaS')"
2025-03-29 00:47:05,592 LT1-thread root DEBUG client.py                 71    logger_log                : sending frame '02030007000000020502aa53'
2025-03-29 00:47:05,592 LT1-thread root DEBUG client.py                 71    logger_log                : gatt_command_rsp_succ
2025-03-29 00:47:05,592 LT1-thread root DEBUG client.py                 71    logger_log                : read
2025-03-29 00:47:05,662 BTPWorkerThread-3401 (_rx_task) root DEBUG client.py                 71    logger_log                : Read 5 bytes
2025-03-29 00:47:05,682 BTPWorkerThread-3401 (_rx_task) root DEBUG client.py                 71    logger_log                : Received: hdr: Header(svc_id=0x02, op=0x03, ctrl_index=0x00, data_len=0x02) bytearray(b'\x02\x03\x00\x02\x00')
2025-03-29 00:47:05,722 BTPWorkerThread-3401 (_rx_task) root DEBUG client.py                 71    logger_log                : Read 2 bytes data
2025-03-29 00:47:05,742 BTPWorkerThread-3401 (_rx_task) root DEBUG client.py                 71    logger_log                : Received data: {'00 00'}, bytearray(b'\x00\x00')
2025-03-29 00:47:05,772 LT1-thread root DEBUG client.py                 71    logger_log                : received Header(svc_id=2, op=3, ctrl_index=0, data_len=2) (b'\x00\x00',)
2025-03-29 00:47:05,772 LT1-thread root DEBUG client.py                 71    logger_log                : Starting test function: class=<class 'autopts.ptsprojects.testcase.TestFunc'>, func=<function gatts_set_val at 0x0000018A870BA200> start_wid=None stop_wid=None post_wid=None skip_call=None call_count=148 args=(0, '02') kwds={}
2025-03-29 00:47:05,772 LT1-thread root DEBUG client.py                 71    logger_log                : Test function parameters: args=(0, '02'), kwds={}
2025-03-29 00:47:05,772 LT1-thread root DEBUG client.py                 71    logger_log                : gatts_set_val 0 '02' 
2025-03-29 00:47:05,772 LT1-thread root DEBUG client.py                 71    logger_log                : send, 2 6 0 "bytearray(b'\\x00\\x00\\x01\\x00\\x02')"
2025-03-29 00:47:05,772 LT1-thread root DEBUG client.py                 71    logger_log                : sending frame '02060005000000010002'
2025-03-29 00:47:05,772 LT1-thread root DEBUG client.py                 71    logger_log                : gatt_command_rsp_succ
2025-03-29 00:47:05,772 LT1-thread root DEBUG client.py                 71    logger_log                : read
2025-03-29 00:47:05,842 BTPWorkerThread-3401 (_rx_task) root DEBUG client.py                 71    logger_log                : Read 5 bytes
2025-03-29 00:47:05,862 BTPWorkerThread-3401 (_rx_task) root DEBUG client.py                 71    logger_log                : Received: hdr: Header(svc_id=0x02, op=0x06, ctrl_index=0x00, data_len=0x00) bytearray(b'\x02\x06\x00\x00\x00')
2025-03-29 00:47:05,882 BTPWorkerThread-3401 (_rx_task) root DEBUG client.py                 71    logger_log                : Received data: {''}, bytearray(b'')
2025-03-29 00:47:05,912 LT1-thread root DEBUG client.py                 71    logger_log                : received Header(svc_id=2, op=6, ctrl_index=0, data_len=0) (b'',)
2025-03-29 00:47:05,912 LT1-thread root DEBUG client.py                 71    logger_log                : Starting test function: class=<class 'autopts.ptsprojects.testcase.TestFunc'>, func=<function gatts_add_char at 0x0000018A870BA160> start_wid=None stop_wid=None post_wid=None skip_call=None call_count=148 args=(0, 66, 3, 'AA54') kwds={}
2025-03-29 00:47:05,912 LT1-thread root DEBUG client.py                 71    logger_log                : Test function parameters: args=(0, 66, 3, 'AA54'), kwds={}
2025-03-29 00:47:05,912 LT1-thread root DEBUG client.py                 71    logger_log                : gatts_add_char 0 66 3 'AA54'
2025-03-29 00:47:05,912 LT1-thread root DEBUG client.py                 71    logger_log                : send, 2 3 0 "bytearray(b'\\x00\\x00B\\x03\\x02\\xaaT')"
2025-03-29 00:47:05,912 LT1-thread root DEBUG client.py                 71    logger_log                : sending frame '02030007000000420302aa54'
2025-03-29 00:47:05,912 LT1-thread root DEBUG client.py                 71    logger_log                : gatt_command_rsp_succ
2025-03-29 00:47:05,912 LT1-thread root DEBUG client.py                 71    logger_log                : read
2025-03-29 00:47:05,982 BTPWorkerThread-3401 (_rx_task) root DEBUG client.py                 71    logger_log                : Read 5 bytes
2025-03-29 00:47:06,002 BTPWorkerThread-3401 (_rx_task) root DEBUG client.py                 71    logger_log                : Received: hdr: Header(svc_id=0x02, op=0x03, ctrl_index=0x00, data_len=0x02) bytearray(b'\x02\x03\x00\x02\x00')
2025-03-29 00:47:06,022 BTPWorkerThread-3401 (_rx_task) root DEBUG client.py                 71    logger_log                : Read 2 bytes data
2025-03-29 00:47:06,042 BTPWorkerThread-3401 (_rx_task) root DEBUG client.py                 71    logger_log                : Received data: {'00 00'}, bytearray(b'\x00\x00')
2025-03-29 00:47:06,072 LT1-thread root DEBUG client.py                 71    logger_log                : received Header(svc_id=2, op=3, ctrl_index=0, data_len=2) (b'\x00\x00',)
2025-03-29 00:47:06,072 LT1-thread root DEBUG client.py                 71    logger_log                : Starting test function: class=<class 'autopts.ptsprojects.testcase.TestFunc'>, func=<function gatts_set_val at 0x0000018A870BA200> start_wid=None stop_wid=None post_wid=None skip_call=None call_count=148 args=(0, '03') kwds={}
2025-03-29 00:47:06,072 LT1-thread root DEBUG client.py                 71    logger_log                : Test function parameters: args=(0, '03'), kwds={}
2025-03-29 00:47:06,072 LT1-thread root DEBUG client.py                 71    logger_log                : gatts_set_val 0 '03' 
2025-03-29 00:47:06,072 LT1-thread root DEBUG client.py                 71    logger_log                : send, 2 6 0 "bytearray(b'\\x00\\x00\\x01\\x00\\x03')"
2025-03-29 00:47:06,072 LT1-thread root DEBUG client.py                 71    logger_log                : sending frame '02060005000000010003'
2025-03-29 00:47:06,072 LT1-thread root DEBUG client.py                 71    logger_log                : gatt_command_rsp_succ
2025-03-29 00:47:06,072 LT1-thread root DEBUG client.py                 71    logger_log                : read
2025-03-29 00:47:06,142 BTPWorkerThread-3401 (_rx_task) root DEBUG client.py                 71    logger_log                : Read 5 bytes
2025-03-29 00:47:06,162 BTPWorkerThread-3401 (_rx_task) root DEBUG client.py                 71    logger_log                : Received: hdr: Header(svc_id=0x02, op=0x06, ctrl_index=0x00, data_len=0x00) bytearray(b'\x02\x06\x00\x00\x00')
2025-03-29 00:47:06,182 BTPWorkerThread-3401 (_rx_task) root DEBUG client.py                 71    logger_log                : Received data: {''}, bytearray(b'')
2025-03-29 00:47:06,202 LT1-thread root DEBUG client.py                 71    logger_log                : received Header(svc_id=2, op=6, ctrl_index=0, data_len=0) (b'',)
2025-03-29 00:47:06,202 LT1-thread root DEBUG client.py                 71    logger_log                : Starting test function: class=<class 'autopts.ptsprojects.testcase.TestFunc'>, func=<function gatts_add_char at 0x0000018A870BA160> start_wid=None stop_wid=None post_wid=None skip_call=None call_count=148 args=(0, 10, 48, 'AA55') kwds={}
2025-03-29 00:47:06,202 LT1-thread root DEBUG client.py                 71    logger_log                : Test function parameters: args=(0, 10, 48, 'AA55'), kwds={}
2025-03-29 00:47:06,202 LT1-thread root DEBUG client.py                 71    logger_log                : gatts_add_char 0 10 48 'AA55'
2025-03-29 00:47:06,202 LT1-thread root DEBUG client.py                 71    logger_log                : send, 2 3 0 "bytearray(b'\\x00\\x00\\n0\\x02\\xaaU')"
2025-03-29 00:47:06,202 LT1-thread root DEBUG client.py                 71    logger_log                : sending frame '020300070000000a3002aa55'
2025-03-29 00:47:06,202 LT1-thread root DEBUG client.py                 71    logger_log                : gatt_command_rsp_succ
2025-03-29 00:47:06,202 LT1-thread root DEBUG client.py                 71    logger_log                : read
2025-03-29 00:47:06,282 BTPWorkerThread-3401 (_rx_task) root DEBUG client.py                 71    logger_log                : Read 5 bytes
2025-03-29 00:47:06,302 BTPWorkerThread-3401 (_rx_task) root DEBUG client.py                 71    logger_log                : Received: hdr: Header(svc_id=0x02, op=0x03, ctrl_index=0x00, data_len=0x02) bytearray(b'\x02\x03\x00\x02\x00')
2025-03-29 00:47:06,332 BTPWorkerThread-3401 (_rx_task) root DEBUG client.py                 71    logger_log                : Read 2 bytes data
2025-03-29 00:47:06,342 BTPWorkerThread-3401 (_rx_task) root DEBUG client.py                 71    logger_log                : Received data: {'00 00'}, bytearray(b'\x00\x00')
2025-03-29 00:47:06,342 LT1-thread root DEBUG client.py                 71    logger_log                : received Header(svc_id=2, op=3, ctrl_index=0, data_len=2) (b'\x00\x00',)
2025-03-29 00:47:06,342 LT1-thread root DEBUG client.py                 71    logger_log                : Starting test function: class=<class 'autopts.ptsprojects.testcase.TestFunc'>, func=<function gatts_set_val at 0x0000018A870BA200> start_wid=None stop_wid=None post_wid=None skip_call=None call_count=148 args=(0, '04') kwds={}
2025-03-29 00:47:06,342 LT1-thread root DEBUG client.py                 71    logger_log                : Test function parameters: args=(0, '04'), kwds={}
2025-03-29 00:47:06,342 LT1-thread root DEBUG client.py                 71    logger_log                : gatts_set_val 0 '04' 
2025-03-29 00:47:06,342 LT1-thread root DEBUG client.py                 71    logger_log                : send, 2 6 0 "bytearray(b'\\x00\\x00\\x01\\x00\\x04')"
2025-03-29 00:47:06,342 LT1-thread root DEBUG client.py                 71    logger_log                : sending frame '02060005000000010004'
2025-03-29 00:47:06,342 LT1-thread root DEBUG client.py                 71    logger_log                : gatt_command_rsp_succ
2025-03-29 00:47:06,342 LT1-thread root DEBUG client.py                 71    logger_log                : read
2025-03-29 00:47:06,402 BTPWorkerThread-3401 (_rx_task) root DEBUG client.py                 71    logger_log                : Read 5 bytes
2025-03-29 00:47:06,422 BTPWorkerThread-3401 (_rx_task) root DEBUG client.py                 71    logger_log                : Received: hdr: Header(svc_id=0x02, op=0x06, ctrl_index=0x00, data_len=0x00) bytearray(b'\x02\x06\x00\x00\x00')
2025-03-29 00:47:06,442 BTPWorkerThread-3401 (_rx_task) root DEBUG client.py                 71    logger_log                : Received data: {''}, bytearray(b'')
2025-03-29 00:47:06,462 LT1-thread root DEBUG client.py                 71    logger_log                : received Header(svc_id=2, op=6, ctrl_index=0, data_len=0) (b'',)
2025-03-29 00:47:06,462 LT1-thread root DEBUG client.py                 71    logger_log                : Starting test function: class=<class 'autopts.ptsprojects.testcase.TestFunc'>, func=<function gatts_start_server at 0x0000018A870BA480> start_wid=None stop_wid=None post_wid=None skip_call=None call_count=148 args=() kwds={}
2025-03-29 00:47:06,462 LT1-thread root DEBUG client.py                 71    logger_log                : Test function parameters: args=(), kwds={}
2025-03-29 00:47:06,462 LT1-thread root DEBUG client.py                 71    logger_log                : gatts_start_server
2025-03-29 00:47:06,462 LT1-thread root DEBUG client.py                 71    logger_log                : send, 2 7 0 ''
2025-03-29 00:47:06,462 LT1-thread root DEBUG client.py                 71    logger_log                : sending frame '0207000000'
2025-03-29 00:47:06,462 LT1-thread root DEBUG client.py                 71    logger_log                : gatt_command_rsp_succ
2025-03-29 00:47:06,462 LT1-thread root DEBUG client.py                 71    logger_log                : read
2025-03-29 00:47:06,542 BTPWorkerThread-3401 (_rx_task) root DEBUG client.py                 71    logger_log                : Read 5 bytes
2025-03-29 00:47:06,562 BTPWorkerThread-3401 (_rx_task) root DEBUG client.py                 71    logger_log                : Received: hdr: Header(svc_id=0x02, op=0x07, ctrl_index=0x00, data_len=0x03) bytearray(b'\x02\x07\x00\x03\x00')
2025-03-29 00:47:06,602 BTPWorkerThread-3401 (_rx_task) root DEBUG client.py                 71    logger_log                : Read 3 bytes data
2025-03-29 00:47:06,622 BTPWorkerThread-3401 (_rx_task) root DEBUG client.py                 71    logger_log                : Received data: {'00 00 00'}, bytearray(b'\x00\x00\x00')
2025-03-29 00:47:06,622 LT1-thread root DEBUG client.py                 71    logger_log                : received Header(svc_id=2, op=7, ctrl_index=0, data_len=3) (b'\x00\x00\x00',)
2025-03-29 00:47:06,622 LT1-thread root DEBUG client.py                 71    logger_log                : ClientCallback.get_result run_test_case
2025-03-29 00:47:24,712 LT1-callback ClientCallback.on_implicit_send INFO client.py                 71    logger_log                : 
    ********************
    BEGIN OnImplicitSend:
    project_name: GAP
    wid: 301
    test_case_name: GAP/BIS/BSE/BV-01-C
    description: Please click OK when IUT received periodic advertisement report.
    style: MMI_Style_Ok_Cancel1 0x11041
2025-03-29 00:47:24,712 LT1-callback ClientCallback.on_implicit_send INFO client.py                 71    logger_log                : Calling test cases on_implicit_send
2025-03-29 00:47:24,712 LT1-callback ClientCallback.on_implicit_send INFO client.py                 71    logger_log                : 
    on_implicit_send returned response: WAIT
    END OnImplicitSend
    ********************
2025-03-29 00:47:24,732 LT1-thread root DEBUG client.py                 71    logger_log                : GAP GAP/BIS/BSE/BV-01-C on_implicit_send
2025-03-29 00:47:24,732 LT1-thread root DEBUG client.py                 71    logger_log                : gap_wid_hdl, 301, Please click OK when IUT received periodic advertisement report., GAP/BIS/BSE/BV-01-C
2025-03-29 00:47:34,752 LT1-thread root DEBUG client.py                 71    logger_log                : Sending response 'Cancel' to wid 301 test case GAP/BIS/BSE/BV-01-C
2025-03-29 00:47:34,752 LT1-thread root DEBUG client.py                 71    logger_log                : ClientCallback.get_result run_test_case
2025-03-29 00:47:37,332 LT1-callback ClientCallback.log INFO client.py                 71    logger_log                : PTS_LOGTYPE_START_TEST Start Test Case 

+1531 ms
 GAP/BIS/BSE/BV-01-C GAP/BIS/BSE/BV-01-C

2025-03-29 00:47:37,822 LT1-callback ClientCallback.log INFO client.py                 71    logger_log                : PTS_LOGTYPE_FINAL_VERDICT Final Verdict 

+18172 ms
 GAP/BIS/BSE/BV-01-C INCONC

2025-03-29 00:47:37,842 LT1-callback ClientCallback.log INFO client.py                 71    logger_log                : PTS_LOGTYPE_FINAL_VERDICT Encrypted Verdict 

+18172 ms
 GAP/BIS/BSE/BV-01-C A1#YTk0NzM2N2JmZTg1YTEwNDZmN2RlMGQwMmNhOGIxNDhmMDM0N2E0ZGMyYWQ0ZWY5NWQxNThkYjFhNjBlOTlkOQ==#2EpSuza3og1X5XbEI4WhJp3CCyYyHg5HVPftQtPLQfGaCL1XToII9Kkqoy5Vyysg

2025-03-29 00:47:38,002 LT1-callback ClientCallback.log INFO client.py                 71    logger_log                : PTS_LOGTYPE_END_TEST Test Case Ended 

+18172 ms
 GAP/BIS/BSE/BV-01-C GAP/BIS/BSE/BV-01-C

2025-03-29 00:47:38,272 LT1-callback root DEBUG client.py                 71    logger_log                : ClientCallback, set_result, run_test_case, INCONC
2025-03-29 00:47:38,272 LT1-thread root DEBUG client.py                 71    logger_log                : After run_test_case error_code=0 status='INCONC'
2025-03-29 00:47:38,272 LT1-thread root DEBUG client.py                 71    logger_log                : post_run GAP GAP/BIS/BSE/BV-01-C 0
2025-03-29 00:47:38,272 MainThread root DEBUG client.py                 71    logger_log                : Interrupting GAP GAP/BIS/BSE/BV-01-C test case of thread LT1-thread
2025-03-29 00:47:38,272 LT1-thread root DEBUG client.py                 71    logger_log                : Starting test function: class=<class 'autopts.ptsprojects.testcase.TestFuncCleanUp'>, func=<bound method Stack.cleanup of <autopts.ptsprojects.stack.stack.Stack object at 0x0000018A8ACB9E90>> start_wid=None stop_wid=None post_wid=None skip_call=None call_count=2 args=() kwds={}
2025-03-29 00:47:38,272 LT1-thread root DEBUG client.py                 71    logger_log                : Test function parameters: args=(), kwds={}
2025-03-29 00:47:38,272 LT1-thread root DEBUG client.py                 71    logger_log                : Starting test function: class=<class 'autopts.ptsprojects.testcase.TestFuncCleanUp'>, func=<bound method ZephyrCtl.stop of <autopts.ptsprojects.zephyr.iutctl.ZephyrCtl object at 0x0000018A8ACCB8D0>> start_wid=None stop_wid=None post_wid=None skip_call=None call_count=2 args=() kwds={}
2025-03-29 00:47:38,272 LT1-thread root DEBUG client.py                 71    logger_log                : Test function parameters: args=(), kwds={}
2025-03-29 00:47:38,272 LT1-thread root DEBUG client.py                 71    logger_log                : <class 'autopts.ptsprojects.zephyr.iutctl.ZephyrCtl'>.stop
2025-03-29 00:47:38,272 LT1-thread root DEBUG client.py                 71    logger_log                : About to reset DUT: JLink -CommandFile reset.jlink -usb 1064371884 -device MCXW716
2025-03-29 00:47:38,808 BTPWorkerThread-3401 (_rx_task) root DEBUG client.py                 71    logger_log                : Read 5 bytes
2025-03-29 00:47:38,828 BTPWorkerThread-3401 (_rx_task) root DEBUG client.py                 71    logger_log                : Received: hdr: Header(svc_id=0x00, op=0x80, ctrl_index=0xff, data_len=0x00) bytearray(b'\x00\x80\xff\x00\x00')
2025-03-29 00:47:38,855 BTPWorkerThread-3401 (_rx_task) root DEBUG client.py                 71    logger_log                : Received data: {''}, bytearray(b'')
2025-03-29 00:47:38,885 BTPWorkerThread-3401 (_rx_task) root DEBUG client.py                 71    logger_log                : event_handler Header(svc_id=0, op=128, ctrl_index=255, data_len=0) (b'',)
2025-03-29 00:47:38,905 BTPWorkerThread-3401 (_rx_task) root DEBUG client.py                 71    logger_log                : core_iut_ready_ev
2025-03-29 00:47:38,925 LT1-thread root DEBUG client.py                 71    logger_log                : IUT ready event received OK
2025-03-29 00:47:38,925 LT1-thread root DEBUG client.py                 71    logger_log                : Waiting for _rx_worker to finish ...
2025-03-29 00:47:39,935 BTPWorkerThread-3401 (_rx_task) root DEBUG client.py                 71    logger_log                : BTPWorkerThread-3401 (_rx_task) finishing...
2025-03-29 00:47:39,935 LT1-thread root DEBUG client.py                 71    logger_log                : Waiting for _rx_worker to finish ...
2025-03-29 00:47:42,941 LT1-thread root DEBUG client.py                 71    logger_log                : post_run, cleanup running post test case script
2025-03-29 00:47:42,941 LT1-thread root DEBUG client.py                 71    logger_log                : post_run, run post test case script
2025-03-29 00:47:43,099 LT1-thread root DEBUG client.py                 71    logger_log                : Done TestCase _run_test_case GAP GAP/BIS/BSE/BV-01-C
