2026-03-06 17:33:57,154 LT1-thread root DEBUG client.py                 82    logger_log                : Starting TestCase _run_test_case AVRCP AVRCP/CT/SGSIT/SERR/BV-01-C
2026-03-06 17:33:57,155 LT1-thread root DEBUG client.py                 82    logger_log                : pre_run AVRCP AVRCP/CT/SGSIT/SERR/BV-01-C
2026-03-06 17:33:57,155 LT1-thread root DEBUG client.py                 82    logger_log                : About to run test case AVRCP AVRCP/CT/SGSIT/SERR/BV-01-C with commands:
2026-03-06 17:33:57,155 LT1-thread root DEBUG client.py                 82    logger_log                : 0) class=<class 'autopts.ptsprojects.testcase.TestFunc'>, func=<bound method Stack.core_init of <autopts.ptsprojects.stack.stack.Stack object at 0x0000022A5AAC2960>> start_wid=None stop_wid=None post_wid=None skip_call=None call_count=0 args=() kwds={}
2026-03-06 17:33:57,157 LT1-thread root DEBUG client.py                 82    logger_log                : 1) class=<class 'autopts.ptsprojects.testcase.TestFunc'>, func=<bound method IutCtl.start of <autopts.ptsprojects.zephyr.iutctl.ZephyrCtl object at 0x0000022A5AA2D520>> start_wid=None stop_wid=None post_wid=None skip_call=None call_count=0 args=(<autopts.ptsprojects.zephyr.ztestcase.ZTestCase object at 0x0000022A5ADE2600>,) kwds={}
2026-03-06 17:33:57,157 LT1-thread root DEBUG client.py                 82    logger_log                : 2) class=<class 'autopts.ptsprojects.testcase.TestFunc'>, func=<bound method IutCtl.wait_iut_ready_event of <autopts.ptsprojects.zephyr.iutctl.ZephyrCtl object at 0x0000022A5AA2D520>> start_wid=None stop_wid=None post_wid=None skip_call=None call_count=0 args=(False,) kwds={}
2026-03-06 17:33:57,157 LT1-thread root DEBUG client.py                 82    logger_log                : 3) class=<class 'autopts.ptsprojects.testcase.TestFunc'>, func=<function core_reg_svc_gap at 0x0000022A585A6020> start_wid=None stop_wid=None post_wid=None skip_call=None call_count=0 args=() kwds={}
2026-03-06 17:33:57,157 LT1-thread root DEBUG client.py                 82    logger_log                : 4) class=<class 'autopts.ptsprojects.testcase.TestFunc'>, func=<bound method Stack.gap_init of <autopts.ptsprojects.stack.stack.Stack object at 0x0000022A5AAC2960>> start_wid=None stop_wid=None post_wid=None skip_call=None call_count=0 args=(b'Tester_08E44E',) kwds={}
2026-03-06 17:33:57,157 LT1-thread root DEBUG client.py                 82    logger_log                : 5) class=<class 'autopts.ptsprojects.testcase.TestFunc'>, func=<function gap_read_ctrl_info at 0x0000022A585E0400> start_wid=None stop_wid=None post_wid=None skip_call=None call_count=0 args=() kwds={}
2026-03-06 17:33:57,157 LT1-thread root DEBUG client.py                 82    logger_log                : 6) class=<class 'autopts.ptsprojects.testcase.TestFunc'>, func=<function test_cases.<locals>.<lambda> at 0x0000022A5AB649A0> start_wid=None stop_wid=None post_wid=None skip_call=None call_count=0 args=() kwds={}
2026-03-06 17:33:57,157 LT1-thread root DEBUG client.py                 82    logger_log                : 7) class=<class 'autopts.ptsprojects.testcase.TestFunc'>, func=<function set_pts_addr at 0x0000022A585A5BC0> start_wid=None stop_wid=None post_wid=None skip_call=None call_count=0 args=('00:1B:DC:08:E4:4E', 0) kwds={}
2026-03-06 17:33:57,157 LT1-thread root DEBUG client.py                 82    logger_log                : 8) class=<class 'autopts.ptsprojects.testcase.TestFunc'>, func=<function core_reg_svc_avrcp at 0x0000022A585A7740> start_wid=None stop_wid=None post_wid=None skip_call=None call_count=0 args=() kwds={}
2026-03-06 17:33:57,157 LT1-thread root DEBUG client.py                 82    logger_log                : 9) class=<class 'autopts.ptsprojects.testcase.TestFunc'>, func=<bound method Stack.avrcp_init of <autopts.ptsprojects.stack.stack.Stack object at 0x0000022A5AAC2960>> start_wid=None stop_wid=None post_wid=None skip_call=None call_count=0 args=() kwds={}
2026-03-06 17:33:57,157 LT1-thread root DEBUG client.py                 82    logger_log                : 10) class=<class 'autopts.ptsprojects.testcase.TestFuncCleanUp'>, func=<bound method Stack.cleanup of <autopts.ptsprojects.stack.stack.Stack object at 0x0000022A5AAC2960>> start_wid=None stop_wid=None post_wid=None skip_call=None call_count=0 args=() kwds={}
2026-03-06 17:33:57,157 LT1-thread root DEBUG client.py                 82    logger_log                : 11) class=<class 'autopts.ptsprojects.testcase.TestFuncCleanUp'>, func=<bound method ZephyrCtl.stop of <autopts.ptsprojects.zephyr.iutctl.ZephyrCtl object at 0x0000022A5AA2D520>> start_wid=None stop_wid=None post_wid=None skip_call=None call_count=0 args=() kwds={}
2026-03-06 17:33:57,157 LT1-thread root DEBUG client.py                 82    logger_log                : pre_run, run pre test case script
2026-03-06 17:33:57,181 LT1-thread root DEBUG client.py                 82    logger_log                : Starting test function: class=<class 'autopts.ptsprojects.testcase.TestFunc'>, func=<bound method Stack.core_init of <autopts.ptsprojects.stack.stack.Stack object at 0x0000022A5AAC2960>> start_wid=None stop_wid=None post_wid=None skip_call=None call_count=1 args=() kwds={}
2026-03-06 17:33:57,181 LT1-thread root DEBUG client.py                 82    logger_log                : Test function parameters: args=(), kwds={}
2026-03-06 17:33:57,181 LT1-thread root DEBUG client.py                 82    logger_log                : Starting test function: class=<class 'autopts.ptsprojects.testcase.TestFunc'>, func=<bound method IutCtl.start of <autopts.ptsprojects.zephyr.iutctl.ZephyrCtl object at 0x0000022A5AA2D520>> start_wid=None stop_wid=None post_wid=None skip_call=None call_count=1 args=(<autopts.ptsprojects.zephyr.ztestcase.ZTestCase object at 0x0000022A5ADE2600>,) kwds={}
2026-03-06 17:33:57,181 LT1-thread root DEBUG client.py                 82    logger_log                : Test function parameters: args=(<autopts.ptsprojects.zephyr.ztestcase.ZTestCase object at 0x0000022A5ADE2600>,), kwds={}
2026-03-06 17:33:57,181 LT1-thread root DEBUG client.py                 82    logger_log                : <class 'autopts.ptsprojects.zephyr.iutctl.ZephyrCtl'>.start
2026-03-06 17:33:57,181 LT1-thread root DEBUG client.py                 82    logger_log                : <class 'autopts.ptsprojects.zephyr.iutctl.ZephyrCtl'>.flush_serial
2026-03-06 17:33:58,402 LT1-thread root DEBUG client.py                 82    logger_log                : Starting socat process: socat.exe -x -v tcp:10.17.12.9:49399,retry=100,interval=1 /dev/ttyS2,raw,b115200,
2026-03-06 17:33:58,421 LT1-thread root DEBUG client.py                 82    logger_log                : accept
2026-03-06 17:33:58,495 BTPWorkerThread-298 (_rx_task) root DEBUG client.py                 82    logger_log                : BTPWorkerThread-298 (_rx_task) started
2026-03-06 17:33:58,496 LT1-thread root DEBUG client.py                 82    logger_log                : Starting test function: class=<class 'autopts.ptsprojects.testcase.TestFunc'>, func=<bound method IutCtl.wait_iut_ready_event of <autopts.ptsprojects.zephyr.iutctl.ZephyrCtl object at 0x0000022A5AA2D520>> start_wid=None stop_wid=None post_wid=None skip_call=None call_count=1 args=(False,) kwds={}
2026-03-06 17:33:58,496 LT1-thread root DEBUG client.py                 82    logger_log                : Test function parameters: args=(False,), kwds={}
2026-03-06 17:33:58,497 LT1-thread root DEBUG client.py                 82    logger_log                : IUT ready event received OK
2026-03-06 17:33:58,497 LT1-thread root DEBUG client.py                 82    logger_log                : Starting test function: class=<class 'autopts.ptsprojects.testcase.TestFunc'>, func=<function core_reg_svc_gap at 0x0000022A585A6020> start_wid=None stop_wid=None post_wid=None skip_call=None call_count=1 args=() kwds={}
2026-03-06 17:33:58,497 LT1-thread root DEBUG client.py                 82    logger_log                : Test function parameters: args=(), kwds={}
2026-03-06 17:33:58,497 LT1-thread root DEBUG client.py                 82    logger_log                : core_reg_svc_univ: gap_reg (GAP)
2026-03-06 17:33:58,497 LT1-thread root DEBUG client.py                 82    logger_log                : send, 0 3 255 '1'
2026-03-06 17:33:58,497 LT1-thread root DEBUG client.py                 82    logger_log                : sending frame '0003ff010001'
2026-03-06 17:33:58,498 LT1-thread root DEBUG client.py                 82    logger_log                : core_reg_svc_rsp_succ
2026-03-06 17:33:58,498 LT1-thread root DEBUG client.py                 82    logger_log                : read
2026-03-06 17:34:02,685 BTPWorkerThread-298 (_rx_task) root DEBUG client.py                 82    logger_log                : Read 5 bytes
2026-03-06 17:34:02,696 BTPWorkerThread-298 (_rx_task) root DEBUG client.py                 82    logger_log                : Received: hdr: Header(svc_id=0x00, op=0x03, ctrl_index=0xff, data_len=0x00) bytearray(b'\x00\x03\xff\x00\x00')
2026-03-06 17:34:02,701 BTPWorkerThread-298 (_rx_task) root DEBUG client.py                 82    logger_log                : Received data: {''}, bytearray(b'')
2026-03-06 17:34:02,718 LT1-thread root DEBUG client.py                 82    logger_log                : received Header(svc_id=0, op=3, ctrl_index=255, data_len=0) (b'',)
2026-03-06 17:34:02,718 LT1-thread root DEBUG client.py                 82    logger_log                : expected ((0, 3, 255, 0), (b'',))
2026-03-06 17:34:02,718 LT1-thread root DEBUG client.py                 82    logger_log                : response is valid
2026-03-06 17:34:02,718 LT1-thread root DEBUG client.py                 82    logger_log                : Reading supported commands for service: GAP
2026-03-06 17:34:02,718 LT1-thread root DEBUG client.py                 82    logger_log                : send, 1 1 255 ''
2026-03-06 17:34:02,718 LT1-thread root DEBUG client.py                 82    logger_log                : sending frame '0101ff0000'
2026-03-06 17:34:02,719 LT1-thread root DEBUG client.py                 82    logger_log                : read
2026-03-06 17:34:02,762 BTPWorkerThread-298 (_rx_task) root DEBUG client.py                 82    logger_log                : Read 5 bytes
2026-03-06 17:34:02,772 BTPWorkerThread-298 (_rx_task) root DEBUG client.py                 82    logger_log                : Received: hdr: Header(svc_id=0x01, op=0x01, ctrl_index=0xff, data_len=0x07) bytearray(b'\x01\x01\xff\x07\x00')
2026-03-06 17:34:02,794 BTPWorkerThread-298 (_rx_task) root DEBUG client.py                 82    logger_log                : Read 7 bytes data
2026-03-06 17:34:02,804 BTPWorkerThread-298 (_rx_task) root DEBUG client.py                 82    logger_log                : Received data: {'6e ff 7f 1f fe f7 0e'}, bytearray(b'n\xff\x7f\x1f\xfe\xf7\x0e')
2026-03-06 17:34:02,821 LT1-thread root DEBUG client.py                 82    logger_log                : Starting test function: class=<class 'autopts.ptsprojects.testcase.TestFunc'>, func=<bound method Stack.gap_init of <autopts.ptsprojects.stack.stack.Stack object at 0x0000022A5AAC2960>> start_wid=None stop_wid=None post_wid=None skip_call=None call_count=1 args=(b'Tester_08E44E',) kwds={}
2026-03-06 17:34:02,821 LT1-thread root DEBUG client.py                 82    logger_log                : Test function parameters: args=(b'Tester_08E44E',), kwds={}
2026-03-06 17:34:02,821 LT1-thread root DEBUG client.py                 82    logger_log                : Starting test function: class=<class 'autopts.ptsprojects.testcase.TestFunc'>, func=<function gap_read_ctrl_info at 0x0000022A585E0400> start_wid=None stop_wid=None post_wid=None skip_call=None call_count=1 args=() kwds={}
2026-03-06 17:34:02,821 LT1-thread root DEBUG client.py                 82    logger_log                : Test function parameters: args=(), kwds={}
2026-03-06 17:34:02,821 LT1-thread root DEBUG client.py                 82    logger_log                : gap_read_ctrl_info
2026-03-06 17:34:02,821 LT1-thread root DEBUG client.py                 82    logger_log                : send, 1 3 0 ''
2026-03-06 17:34:02,821 LT1-thread root DEBUG client.py                 82    logger_log                : sending frame '0103000000'
2026-03-06 17:34:02,821 LT1-thread root DEBUG client.py                 82    logger_log                : read
2026-03-06 17:34:02,858 BTPWorkerThread-298 (_rx_task) root DEBUG client.py                 82    logger_log                : Read 5 bytes
2026-03-06 17:34:02,870 BTPWorkerThread-298 (_rx_task) root DEBUG client.py                 82    logger_log                : Received: hdr: Header(svc_id=0x01, op=0x03, ctrl_index=0x00, data_len=0x115) bytearray(b'\x01\x03\x00\x15\x01')
2026-03-06 17:34:02,893 BTPWorkerThread-298 (_rx_task) root DEBUG client.py                 82    logger_log                : Read 277 bytes data
2026-03-06 17:34:02,903 BTPWorkerThread-298 (_rx_task) root DEBUG client.py                 82    logger_log                : Received data: {'19 78 ee 69 17 d0 d3 06 02 00 13 02 00 00 00 00 00 62 74 70 5f 74 65 73 74 65 72 00 00 00 00 00 00 00 00 00 00 00 00 00 00 00 00 00 00 00 00 00 00 00 00 00 00 00 00 00 00 00 00 00 00 00 00 00 00 00 00 00 00 00 00 00 00 00 00 00 00 00 00 00 00 00 00 00 00 00 00 00 00 00 00 00 00 00 00 00 00 00 00 00 00 00 00 00 00 00 00 00 00 00 00 00 00 00 00 00 00 00 00 00 00 00 00 00 00 00 00 00 00 00 00 00 00 00 00 00 00 00 00 00 00 00 00 00 00 00 00 00 00 00 00 00 00 00 00 00 00 00 00 00 00 00 00 00 00 00 00 00 00 00 00 00 00 00 00 00 00 00 00 00 00 00 00 00 00 00 00 00 00 00 00 00 00 00 00 00 00 00 00 00 00 00 00 00 00 00 00 00 00 00 00 00 00 00 00 00 00 00 00 00 00 00 00 00 00 00 00 00 00 00 00 00 00 00 00 00 00 00 00 00 00 00 00 00 00 00 00 00 00 00 00 00 00 00 00 00 00 00 00 00 00 00 00 00 00 00 00 00 00 00 00 00 00 00 00 00 00'}, bytearray(b'\x19x\xeei\x17\xd0\xd3\x06\x02\x00\x13\x02\x00\x00\x00\x00\x00btp_tester\x00\x00\x00\x00\x00\x00\x00\x00\x00\x00\x00\x00\x00\x00\x00\x00\x00\x00\x00\x00\x00\x00\x00\x00\x00\x00\x00\x00\x00\x00\x00\x00\x00\x00\x00\x00\x00\x00\x00\x00\x00\x00\x00\x00\x00\x00\x00\x00\x00\x00\x00\x00\x00\x00\x00\x00\x00\x00\x00\x00\x00\x00\x00\x00\x00\x00\x00\x00\x00\x00\x00\x00\x00\x00\x00\x00\x00\x00\x00\x00\x00\x00\x00\x00\x00\x00\x00\x00\x00\x00\x00\x00\x00\x00\x00\x00\x00\x00\x00\x00\x00\x00\x00\x00\x00\x00\x00\x00\x00\x00\x00\x00\x00\x00\x00\x00\x00\x00\x00\x00\x00\x00\x00\x00\x00\x00\x00\x00\x00\x00\x00\x00\x00\x00\x00\x00\x00\x00\x00\x00\x00\x00\x00\x00\x00\x00\x00\x00\x00\x00\x00\x00\x00\x00\x00\x00\x00\x00\x00\x00\x00\x00\x00\x00\x00\x00\x00\x00\x00\x00\x00\x00\x00\x00\x00\x00\x00\x00\x00\x00\x00\x00\x00\x00\x00\x00\x00\x00\x00\x00\x00\x00\x00\x00\x00\x00\x00\x00\x00\x00\x00\x00\x00\x00\x00\x00\x00\x00\x00\x00\x00\x00\x00\x00\x00\x00\x00\x00\x00\x00\x00\x00\x00\x00\x00\x00\x00\x00\x00\x00\x00\x00\x00\x00\x00\x00\x00\x00\x00\x00\x00\x00\x00\x00\x00\x00\x00\x00\x00\x00')
2026-03-06 17:34:02,913 LT1-thread root DEBUG client.py                 82    logger_log                : received Header(svc_id=1, op=3, ctrl_index=0, data_len=277) (b'\x19x\xeei\x17\xd0\xd3\x06\x02\x00\x13\x02\x00\x00\x00\x00\x00btp_tester\x00\x00\x00\x00\x00\x00\x00\x00\x00\x00\x00\x00\x00\x00\x00\x00\x00\x00\x00\x00\x00\x00\x00\x00\x00\x00\x00\x00\x00\x00\x00\x00\x00\x00\x00\x00\x00\x00\x00\x00\x00\x00\x00\x00\x00\x00\x00\x00\x00\x00\x00\x00\x00\x00\x00\x00\x00\x00\x00\x00\x00\x00\x00\x00\x00\x00\x00\x00\x00\x00\x00\x00\x00\x00\x00\x00\x00\x00\x00\x00\x00\x00\x00\x00\x00\x00\x00\x00\x00\x00\x00\x00\x00\x00\x00\x00\x00\x00\x00\x00\x00\x00\x00\x00\x00\x00\x00\x00\x00\x00\x00\x00\x00\x00\x00\x00\x00\x00\x00\x00\x00\x00\x00\x00\x00\x00\x00\x00\x00\x00\x00\x00\x00\x00\x00\x00\x00\x00\x00\x00\x00\x00\x00\x00\x00\x00\x00\x00\x00\x00\x00\x00\x00\x00\x00\x00\x00\x00\x00\x00\x00\x00\x00\x00\x00\x00\x00\x00\x00\x00\x00\x00\x00\x00\x00\x00\x00\x00\x00\x00\x00\x00\x00\x00\x00\x00\x00\x00\x00\x00\x00\x00\x00\x00\x00\x00\x00\x00\x00\x00\x00\x00\x00\x00\x00\x00\x00\x00\x00\x00\x00\x00\x00\x00\x00\x00\x00\x00\x00\x00\x00\x00\x00\x00\x00\x00\x00\x00\x00\x00\x00\x00\x00\x00\x00\x00\x00\x00\x00\x00\x00\x00\x00\x00\x00\x00\x00\x00\x00\x00',)
2026-03-06 17:34:02,913 LT1-thread root DEBUG client.py                 82    logger_log                : IUT address 'd01769ee7819' 'public'
2026-03-06 17:34:02,913 LT1-thread root DEBUG client.py                 82    logger_log                : __gap_current_settings_update 531
2026-03-06 17:34:02,913 LT1-thread root DEBUG client.py                 82    logger_log                : Starting test function: class=<class 'autopts.ptsprojects.testcase.TestFunc'>, func=<function test_cases.<locals>.<lambda> at 0x0000022A5AB649A0> start_wid=None stop_wid=None post_wid=None skip_call=None call_count=1 args=() kwds={}
2026-03-06 17:34:02,913 LT1-thread root DEBUG client.py                 82    logger_log                : Test function parameters: args=(), kwds={}
2026-03-06 17:34:02,916 LT1-thread root DEBUG client.py                 82    logger_log                : Starting test function: class=<class 'autopts.ptsprojects.testcase.TestFunc'>, func=<function set_pts_addr at 0x0000022A585A5BC0> start_wid=None stop_wid=None post_wid=None skip_call=None call_count=1 args=('00:1B:DC:08:E4:4E', 0) kwds={}
2026-03-06 17:34:02,916 LT1-thread root DEBUG client.py                 82    logger_log                : Test function parameters: args=('00:1B:DC:08:E4:4E', 0), kwds={}
2026-03-06 17:34:02,916 LT1-thread root DEBUG client.py                 82    logger_log                : Starting test function: class=<class 'autopts.ptsprojects.testcase.TestFunc'>, func=<function core_reg_svc_avrcp at 0x0000022A585A7740> start_wid=None stop_wid=None post_wid=None skip_call=None call_count=1 args=() kwds={}
2026-03-06 17:34:02,916 LT1-thread root DEBUG client.py                 82    logger_log                : Test function parameters: args=(), kwds={}
2026-03-06 17:34:02,917 LT1-thread root DEBUG client.py                 82    logger_log                : core_reg_svc_univ: avrcp_reg (AVRCP)
2026-03-06 17:34:02,917 LT1-thread root DEBUG client.py                 82    logger_log                : send, 0 3 255 '37'
2026-03-06 17:34:02,917 LT1-thread root DEBUG client.py                 82    logger_log                : sending frame '0003ff010025'
2026-03-06 17:34:02,917 LT1-thread root DEBUG client.py                 82    logger_log                : core_reg_svc_rsp_succ
2026-03-06 17:34:02,917 LT1-thread root DEBUG client.py                 82    logger_log                : read
2026-03-06 17:34:02,956 BTPWorkerThread-298 (_rx_task) root DEBUG client.py                 82    logger_log                : Read 5 bytes
2026-03-06 17:34:02,966 BTPWorkerThread-298 (_rx_task) root DEBUG client.py                 82    logger_log                : Received: hdr: Header(svc_id=0x00, op=0x03, ctrl_index=0xff, data_len=0x00) bytearray(b'\x00\x03\xff\x00\x00')
2026-03-06 17:34:02,978 BTPWorkerThread-298 (_rx_task) root DEBUG client.py                 82    logger_log                : Received data: {''}, bytearray(b'')
2026-03-06 17:34:02,994 LT1-thread root DEBUG client.py                 82    logger_log                : received Header(svc_id=0, op=3, ctrl_index=255, data_len=0) (b'',)
2026-03-06 17:34:02,994 LT1-thread root DEBUG client.py                 82    logger_log                : expected ((0, 3, 255, 0), (b'',))
2026-03-06 17:34:02,994 LT1-thread root DEBUG client.py                 82    logger_log                : response is valid
2026-03-06 17:34:02,994 LT1-thread root DEBUG client.py                 82    logger_log                : Reading supported commands for service: AVRCP
2026-03-06 17:34:02,994 LT1-thread root DEBUG client.py                 82    logger_log                : send, 37 1 255 ''
2026-03-06 17:34:02,994 LT1-thread root DEBUG client.py                 82    logger_log                : sending frame '2501ff0000'
2026-03-06 17:34:02,995 LT1-thread root DEBUG client.py                 82    logger_log                : read
2026-03-06 17:34:03,032 BTPWorkerThread-298 (_rx_task) root DEBUG client.py                 82    logger_log                : Read 5 bytes
2026-03-06 17:34:03,043 BTPWorkerThread-298 (_rx_task) root DEBUG client.py                 82    logger_log                : Received: hdr: Header(svc_id=0x25, op=0x01, ctrl_index=0xff, data_len=0x05) bytearray(b'%\x01\xff\x05\x00')
2026-03-06 17:34:03,066 BTPWorkerThread-298 (_rx_task) root DEBUG client.py                 82    logger_log                : Read 5 bytes data
2026-03-06 17:34:03,077 BTPWorkerThread-298 (_rx_task) root DEBUG client.py                 82    logger_log                : Received data: {'fe ff ff ff 1f'}, bytearray(b'\xfe\xff\xff\xff\x1f')
2026-03-06 17:34:03,094 LT1-thread root DEBUG client.py                 82    logger_log                : Starting test function: class=<class 'autopts.ptsprojects.testcase.TestFunc'>, func=<bound method Stack.avrcp_init of <autopts.ptsprojects.stack.stack.Stack object at 0x0000022A5AAC2960>> start_wid=None stop_wid=None post_wid=None skip_call=None call_count=1 args=() kwds={}
2026-03-06 17:34:03,094 LT1-thread root DEBUG client.py                 82    logger_log                : Test function parameters: args=(), kwds={}
2026-03-06 17:34:03,096 LT1-thread root DEBUG client.py                 82    logger_log                : ClientCallback.get_result run_test_case
2026-03-06 17:34:05,160 LT1-callback ClientCallback.on_implicit_send INFO client.py                 82    logger_log                : 
    ********************
    BEGIN OnImplicitSend:
    project_name: AVRCP
    wid: 20000
    test_case_name: AVRCP/CT/SGSIT/SERR/BV-01-C
    description: Please prepare IUT into a connectable mode in BR/EDR.

Description: Verify that the Implementation Under Test (IUT) can accept GATT connect request from PTS.
    style: MMI_Style_Ok_Cancel1 0x11041
2026-03-06 17:34:05,160 LT1-callback ClientCallback.on_implicit_send INFO client.py                 82    logger_log                : Calling test cases on_implicit_send
2026-03-06 17:34:05,160 LT1-callback ClientCallback.on_implicit_send INFO client.py                 82    logger_log                : 
    on_implicit_send returned response: WAIT
    END OnImplicitSend
    ********************
2026-03-06 17:34:06,097 LT1-thread root DEBUG client.py                 82    logger_log                : AVRCP AVRCP/CT/SGSIT/SERR/BV-01-C on_implicit_send
2026-03-06 17:34:06,097 LT1-thread root DEBUG client.py                 82    logger_log                : avrcp_wid_hdl, 20000, Please prepare IUT into a connectable mode in BR/EDR.

Description: Verify that the Implementation Under Test (IUT) can accept GATT connect request from PTS., AVRCP/CT/SGSIT/SERR/BV-01-C
2026-03-06 17:34:06,097 LT1-thread root DEBUG client.py                 82    logger_log                : gap_set_conn
2026-03-06 17:34:06,097 LT1-thread root DEBUG client.py                 82    logger_log                : gap_set_gendiscov
2026-03-06 17:34:06,097 LT1-thread root DEBUG client.py                 82    logger_log                : send, 1 8 0 '1'
2026-03-06 17:34:06,097 LT1-thread root DEBUG client.py                 82    logger_log                : sending frame '010800010001'
2026-03-06 17:34:06,097 LT1-thread root DEBUG client.py                 82    logger_log                : gap_command_rsp_succ
2026-03-06 17:34:06,097 LT1-thread root DEBUG client.py                 82    logger_log                : read
2026-03-06 17:34:06,174 BTPWorkerThread-298 (_rx_task) root DEBUG client.py                 82    logger_log                : Read 5 bytes
2026-03-06 17:34:06,179 BTPWorkerThread-298 (_rx_task) root DEBUG client.py                 82    logger_log                : Received: hdr: Header(svc_id=0x01, op=0x08, ctrl_index=0x00, data_len=0x04) bytearray(b'\x01\x08\x00\x04\x00')
2026-03-06 17:34:06,196 BTPWorkerThread-298 (_rx_task) root DEBUG client.py                 82    logger_log                : Read 4 bytes data
2026-03-06 17:34:06,207 BTPWorkerThread-298 (_rx_task) root DEBUG client.py                 82    logger_log                : Received data: {'1b 02 00 00'}, bytearray(b'\x1b\x02\x00\x00')
2026-03-06 17:34:06,207 LT1-thread root DEBUG client.py                 82    logger_log                : received Header(svc_id=1, op=8, ctrl_index=0, data_len=4) (b'\x1b\x02\x00\x00',)
2026-03-06 17:34:06,207 LT1-thread root DEBUG client.py                 82    logger_log                : __gap_current_settings_update (b'\x1b\x02\x00\x00',)
2026-03-06 17:34:06,207 LT1-thread root DEBUG client.py                 82    logger_log                : gap_adv_ind_on {9: b'Tester_08E44E'} None
2026-03-06 17:34:06,208 LT1-thread root DEBUG client.py                 82    logger_log                : send, 1 10 0 "bytearray(b'\\x0f\\x00\\t\\rTester_08E44E\\xff\\xff\\xff\\xff\\x00')"
2026-03-06 17:34:06,208 LT1-thread root DEBUG client.py                 82    logger_log                : sending frame '010a0016000f00090d5465737465725f303845343445ffffffff00'
2026-03-06 17:34:06,208 LT1-thread root DEBUG client.py                 82    logger_log                : gap_command_rsp_succ
2026-03-06 17:34:06,208 LT1-thread root DEBUG client.py                 82    logger_log                : read
2026-03-06 17:34:06,245 BTPWorkerThread-298 (_rx_task) root DEBUG client.py                 82    logger_log                : Read 5 bytes
2026-03-06 17:34:06,255 BTPWorkerThread-298 (_rx_task) root DEBUG client.py                 82    logger_log                : Received: hdr: Header(svc_id=0x01, op=0x0a, ctrl_index=0x00, data_len=0x04) bytearray(b'\x01\n\x00\x04\x00')
2026-03-06 17:34:06,261 BTPWorkerThread-298 (_rx_task) root DEBUG client.py                 82    logger_log                : Read 4 bytes data
2026-03-06 17:34:06,261 BTPWorkerThread-298 (_rx_task) root DEBUG client.py                 82    logger_log                : Received data: {'1b 06 00 00'}, bytearray(b'\x1b\x06\x00\x00')
2026-03-06 17:34:06,261 LT1-thread root DEBUG client.py                 82    logger_log                : received Header(svc_id=1, op=10, ctrl_index=0, data_len=4) (b'\x1b\x06\x00\x00',)
2026-03-06 17:34:06,262 LT1-thread root DEBUG client.py                 82    logger_log                : __gap_current_settings_update (b'\x1b\x06\x00\x00',)
2026-03-06 17:34:06,262 LT1-thread root DEBUG client.py                 82    logger_log                : Sending response 'OK' to wid 20000 test case AVRCP/CT/SGSIT/SERR/BV-01-C
2026-03-06 17:34:06,264 LT1-thread root DEBUG client.py                 82    logger_log                : ClientCallback.get_result run_test_case
2026-03-06 17:34:06,361 BTPWorkerThread-298 (_rx_task) root DEBUG client.py                 82    logger_log                : Read 5 bytes
2026-03-06 17:34:06,362 BTPWorkerThread-298 (_rx_task) root DEBUG client.py                 82    logger_log                : Received: hdr: Header(svc_id=0x01, op=0x82, ctrl_index=0x00, data_len=0x0d) bytearray(b'\x01\x82\x00\r\x00')
2026-03-06 17:34:06,362 BTPWorkerThread-298 (_rx_task) root DEBUG client.py                 82    logger_log                : Read 13 bytes data
2026-03-06 17:34:06,362 BTPWorkerThread-298 (_rx_task) root DEBUG client.py                 82    logger_log                : Received data: {'e0 4e e4 08 dc 1b 00 00 00 00 00 00 00'}, bytearray(b'\xe0N\xe4\x08\xdc\x1b\x00\x00\x00\x00\x00\x00\x00')
2026-03-06 17:34:06,362 BTPWorkerThread-298 (_rx_task) root DEBUG client.py                 82    logger_log                : event_handler Header(svc_id=1, op=130, ctrl_index=0, data_len=13) (b'\xe0N\xe4\x08\xdc\x1b\x00\x00\x00\x00\x00\x00\x00',)
2026-03-06 17:34:06,362 BTPWorkerThread-298 (_rx_task) root DEBUG client.py                 82    logger_log                : gap_connected_ev_ b'\xe0N\xe4\x08\xdc\x1b\x00\x00\x00\x00\x00\x00\x00'
2026-03-06 17:34:06,362 BTPWorkerThread-298 (_rx_task) root DEBUG client.py                 82    logger_log                : Read 5 bytes
2026-03-06 17:34:06,362 BTPWorkerThread-298 (_rx_task) root DEBUG client.py                 82    logger_log                : Received: hdr: Header(svc_id=0x01, op=0x80, ctrl_index=0x00, data_len=0x04) bytearray(b'\x01\x80\x00\x04\x00')
2026-03-06 17:34:06,362 BTPWorkerThread-298 (_rx_task) root DEBUG client.py                 82    logger_log                : Read 4 bytes data
2026-03-06 17:34:06,362 BTPWorkerThread-298 (_rx_task) root DEBUG client.py                 82    logger_log                : Received data: {'1b 02 00 00'}, bytearray(b'\x1b\x02\x00\x00')
2026-03-06 17:34:06,362 BTPWorkerThread-298 (_rx_task) root DEBUG client.py                 82    logger_log                : event_handler Header(svc_id=1, op=128, ctrl_index=0, data_len=4) (b'\x1b\x02\x00\x00',)
2026-03-06 17:34:06,363 BTPWorkerThread-298 (_rx_task) root DEBUG client.py                 82    logger_log                : gap_new_settings_ev_ b'\x1b\x02\x00\x00'
2026-03-06 17:34:06,363 BTPWorkerThread-298 (_rx_task) root DEBUG client.py                 82    logger_log                : __gap_current_settings_update 539
2026-03-06 17:34:07,447 BTPWorkerThread-298 (_rx_task) root DEBUG client.py                 82    logger_log                : Read 4 bytes
2026-03-06 17:34:07,459 BTPWorkerThread-298 (_rx_task) root DEBUG client.py                 82    logger_log                : Read 1 bytes
2026-03-06 17:34:07,459 BTPWorkerThread-298 (_rx_task) root DEBUG client.py                 82    logger_log                : Received: hdr: Header(svc_id=0x01, op=0x83, ctrl_index=0x00, data_len=0x07) bytearray(b'\x01\x83\x00\x07\x00')
2026-03-06 17:34:07,459 BTPWorkerThread-298 (_rx_task) root DEBUG client.py                 82    logger_log                : Read 7 bytes data
2026-03-06 17:34:07,459 BTPWorkerThread-298 (_rx_task) root DEBUG client.py                 82    logger_log                : Received data: {'e0 4e e4 08 dc 1b 00'}, bytearray(b'\xe0N\xe4\x08\xdc\x1b\x00')
2026-03-06 17:34:07,459 BTPWorkerThread-298 (_rx_task) root DEBUG client.py                 82    logger_log                : event_handler Header(svc_id=1, op=131, ctrl_index=0, data_len=7) (b'\xe0N\xe4\x08\xdc\x1b\x00',)
2026-03-06 17:34:07,459 BTPWorkerThread-298 (_rx_task) root DEBUG client.py                 82    logger_log                : gap_disconnected_ev_ b'\xe0N\xe4\x08\xdc\x1b\x00'
2026-03-06 17:34:10,163 LT1-callback ClientCallback.log INFO client.py                 82    logger_log                : PTS_LOGTYPE_START_TEST Start Test Case 

+141 ms
 AVRCP/CT/SGSIT/SERR/BV-01-C AVRCP/CT/SGSIT/SERR/BV-01-C

2026-03-06 17:34:10,467 LT1-callback ClientCallback.log INFO client.py                 82    logger_log                : PTS_LOGTYPE_FINAL_VERDICT Final Verdict 

+6360 ms
 AVRCP/CT/SGSIT/SERR/BV-01-C PASS

2026-03-06 17:34:10,472 LT1-callback ClientCallback.log INFO client.py                 82    logger_log                : PTS_LOGTYPE_FINAL_VERDICT Encrypted Verdict 

+6360 ms
 AVRCP/CT/SGSIT/SERR/BV-01-C A1#ZWY4MzQ5MDg3MmQwNTIxOGQzMzQ5YjY2ODA5M2MzNjQ5ZDY4NmY0Yjc2MzIzM2VkNTUyNTFhNGU4Mjg1MjI0NA==#FU7I8tdMUWPz1HwMIKMXhFfej55q/n963jC6/QrnOv2mEXYrEXkbrk9EN+Yi9wYs0mrd8lVPKik=

2026-03-06 17:34:10,549 LT1-callback ClientCallback.log INFO client.py                 82    logger_log                : PTS_LOGTYPE_END_TEST Test Case Ended 

+6360 ms
 AVRCP/CT/SGSIT/SERR/BV-01-C AVRCP/CT/SGSIT/SERR/BV-01-C

2026-03-06 17:34:10,676 LT1-callback root DEBUG client.py                 82    logger_log                : ClientCallback, set_result, run_test_case, PASS
2026-03-06 17:34:10,676 LT1-thread root DEBUG client.py                 82    logger_log                : After run_test_case error_code=0 status='PASS'
2026-03-06 17:34:10,676 LT1-thread root DEBUG client.py                 82    logger_log                : post_run AVRCP AVRCP/CT/SGSIT/SERR/BV-01-C 0
2026-03-06 17:34:10,676 LT1-thread root DEBUG client.py                 82    logger_log                : Starting test function: class=<class 'autopts.ptsprojects.testcase.TestFuncCleanUp'>, func=<bound method Stack.cleanup of <autopts.ptsprojects.stack.stack.Stack object at 0x0000022A5AAC2960>> start_wid=None stop_wid=None post_wid=None skip_call=None call_count=1 args=() kwds={}
2026-03-06 17:34:10,676 LT1-thread root DEBUG client.py                 82    logger_log                : Test function parameters: args=(), kwds={}
2026-03-06 17:34:10,677 LT1-thread root DEBUG client.py                 82    logger_log                : Starting test function: class=<class 'autopts.ptsprojects.testcase.TestFuncCleanUp'>, func=<bound method ZephyrCtl.stop of <autopts.ptsprojects.zephyr.iutctl.ZephyrCtl object at 0x0000022A5AA2D520>> start_wid=None stop_wid=None post_wid=None skip_call=None call_count=1 args=() kwds={}
2026-03-06 17:34:10,677 LT1-thread root DEBUG client.py                 82    logger_log                : Test function parameters: args=(), kwds={}
2026-03-06 17:34:10,677 LT1-thread root DEBUG client.py                 82    logger_log                : <class 'autopts.ptsprojects.zephyr.iutctl.ZephyrCtl'>.stop
2026-03-06 17:34:10,677 LT1-thread root DEBUG client.py                 82    logger_log                : About to reset DUT: JLink -CommandFile reset.jlink -usb 1063214216 -device MIMXRT1176XXXA_M7
2026-03-06 17:34:11,016 BTPWorkerThread-298 (_rx_task) root DEBUG client.py                 82    logger_log                : Read 5 bytes
2026-03-06 17:34:11,017 BTPWorkerThread-298 (_rx_task) root DEBUG client.py                 82    logger_log                : Received: hdr: Header(svc_id=0x00, op=0x80, ctrl_index=0xff, data_len=0x00) bytearray(b'\x00\x80\xff\x00\x00')
2026-03-06 17:34:11,017 BTPWorkerThread-298 (_rx_task) root DEBUG client.py                 82    logger_log                : Received data: {''}, bytearray(b'')
2026-03-06 17:34:11,017 BTPWorkerThread-298 (_rx_task) root DEBUG client.py                 82    logger_log                : event_handler Header(svc_id=0, op=128, ctrl_index=255, data_len=0) (b'',)
2026-03-06 17:34:11,017 BTPWorkerThread-298 (_rx_task) root DEBUG client.py                 82    logger_log                : core_iut_ready_ev
2026-03-06 17:34:11,478 LT1-thread root DEBUG client.py                 82    logger_log                : IUT ready event received OK
2026-03-06 17:34:11,478 LT1-thread root DEBUG client.py                 82    logger_log                : Waiting for _rx_worker to finish ...
2026-03-06 17:34:12,018 BTPWorkerThread-298 (_rx_task) root DEBUG client.py                 82    logger_log                : BTPWorkerThread-298 (_rx_task) finishing...
2026-03-06 17:34:15,024 LT1-thread root DEBUG client.py                 82    logger_log                : post_run, cleanup running post test case script
2026-03-06 17:34:15,024 LT1-thread root DEBUG client.py                 82    logger_log                : post_run, run post test case script
2026-03-06 17:34:15,113 LT1-thread root DEBUG client.py                 82    logger_log                : Done TestCase _run_test_case AVRCP AVRCP/CT/SGSIT/SERR/BV-01-C
