< 2025/01/08 23:25:37.172606  length=5 from=0 to=4
 00 80 ff 00 00                                   .....
--
> 2025/01/08 23:25:47.086048  length=6 from=0 to=5
 00 03 ff 01 00 01                                ......
--
< 2025/01/08 23:25:47.132103  length=5 from=5 to=9
 00 03 ff 00 00                                   .....
--
> 2025/01/08 23:25:47.223736  length=5 from=6 to=10
 01 03 00 00 00                                   .....
--
< 2025/01/08 23:25:48.067120  length=192 from=10 to=201
 01 03 00 15 01 28 00 03 37 60 00 13 06 02 00 13  .....(..7`......
 02 00 00 00 00 00 62 74 70 5f 74 65 73 74 65 72  ......btp_tester
 00 00 00 00 00 00 00 00 00 00 00 00 00 00 00 00  ................
 00 00 00 00 00 00 00 00 00 00 00 00 00 00 00 00  ................
 00 00 00 00 00 00 00 00 00 00 00 00 00 00 00 00  ................
 00 00 00 00 00 00 00 00 00 00 00 00 00 00 00 00  ................
 00 00 00 00 00 00 00 00 00 00 00 00 00 00 00 00  ................
 00 00 00 00 00 00 00 00 00 00 00 00 00 00 00 00  ................
 00 00 00 00 00 00 00 00 00 00 00 00 00 00 00 00  ................
 00 00 00 00 00 00 00 00 00 00 00 00 00 00 00 00  ................
 00 00 00 00 00 00 00 00 00 00 00 00 00 00 00 00  ................
 00 00 00 00 00 00 00 00 00 00 00 00 00 00 00 00  ................
--
< 2025/01/08 23:25:48.085138  length=90 from=202 to=291
 00 00 00 00 00 00 00 00 00 00 00 00 00 00 00 00  ................
 00 00 00 00 00 00 00 00 00 00 00 00 00 00 00 00  ................
 00 00 00 00 00 00 00 00 00 00 00 00 00 00 00 00  ................
 00 00 00 00 00 00 00 00 00 00 00 00 00 00 00 00  ................
 00 00 00 00 00 00 00 00 00 00 00 00 00 00 00 00  ................
 00 00 00 00 00 00 00 00 00 00                    ..........
--
> 2025/01/08 23:25:48.189271  length=6 from=11 to=16
 00 03 ff 01 00 02                                ......
--
< 2025/01/08 23:25:48.204580  length=5 from=292 to=296
 00 03 ff 00 00                                   .....
--
> 2025/01/08 23:25:52.296437  length=6 from=17 to=22
 01 08 00 01 00 01                                ......
--
< 2025/01/08 23:25:52.312027  length=9 from=297 to=305
 01 08 00 04 00 1b 02 00 00                       .........
--
> 2025/01/08 23:25:52.403710  length=27 from=23 to=49
 01 0a                                            ..
 00 16 00 0f 00 09 0d 54 65 73 74 65 72 5f 35 39  .......Tester_59
 46 32 45 36 ff ff ff ff 00                       F2E6.....
--
< 2025/01/08 23:25:52.419220  length=9 from=306 to=314
 01 0a                                            ..
 00 04 00 1b 06 00 00                             .......
--
< 2025/01/08 23:25:53.416595  length=27 from=315 to=341
 01 82 00 0d 00 00 e6 f2 59 e8 07 c0 38 00 00 00  ........Y...8...
 d0 07 01 80 00 04 00 1b 02 00 00                 ...........
--
< 2025/01/08 23:25:58.933902  length=18 from=342 to=359
 01 88 00 0d 00 00 e6 f2 59 e8 07 c0 18 00 00 00  ........Y.......
 2a 00                                            *.
--
< 2025/01/08 23:26:01.445169  length=13 from=360 to=372
 01 89 00 08 00 00 e6 f2 59 e8 07 c0 02           ........Y....
--
< 2025/01/08 23:26:03.644122  length=13 from=373 to=385
 01 89 00 08 00 00 e6 f2 59 e8 07 c0 02           ........Y....
--
> 2025/01/08 23:26:09.578541  length=112 from=50 to=161
 02 18 00 6b 00 00 e6 f2 59 e8 07 c0 ad 01 00 00  ...k....Y.......
 5e 00 12 12 12 12 12 12 12 12 12 12 12 12 12 12  ^...............
 12 12 12 12 12 12 12 12 12 12 12 12 12 12 12 12  ................
 12 12 12 12 12 12 12 12 12 12 12 12 12 12 12 12  ................
 12 12 12 12 12 12 12 12 12 12 12 12 12 12 12 12  ................
 12 12 12 12 12 12 12 12 12 12 12 12 12 12 12 12  ................
 12 12 12 12 12 12 12 12 12 12 12 12 12 12 12 12  ................
--
< 2025/01/08 23:26:09.762182  length=6 from=386 to=391
 02 18 00 01 00 00                                ......
--
< 2025/01/08 23:26:11.080931  length=12 from=392 to=403
 01 83 00 07 00 00 e6 f2 59 e8 07 c0              ........Y...
--
< 2025/01/08 23:26:16.624308  length=5 from=404 to=408
 00 80 ff 00 00                                   .....
--
