16:23:17:073    > BTP_CORE_CMD_REGISTER_SERVICE (0x00|0x03|0xff)
                  raw data (1): 00 03 ff 01 00|01
16:23:20:873    < BTP_CORE_CMD_REGISTER_SERVICE (0x00|0x03|0xff)
                  raw data (0): 00 03 ff 00 00|
16:23:20:920    > BTP_GAP_CMD_READ_SUPPORTED_COMMANDS (0x01|0x01|0xff)
                  raw data (0): 01 01 ff 00 00|
16:23:21:127    < BTP_GAP_CMD_READ_SUPPORTED_COMMANDS (0x01|0x01|0xff)
                  raw data (6): 01 01 ff 06 00|6e ff 7f 1f fe f7
16:23:21:176    > BTP_CORE_CMD_REGISTER_SERVICE (0x00|0x03|0xff)
                  raw data (3): 00 03 ff 01 00|03
16:23:21:303    < BTP_CORE_CMD_REGISTER_SERVICE (0x00|0x03|0xff)
                  raw data (0): 00 03 ff 00 00|
16:23:21:352    > BTP_L2CAP_CMD_READ_SUPPORTED_COMMANDS (0x03|0x01|0xff)
                  raw data (0): 03 01 ff 00 00|
16:23:21:559    < BTP_L2CAP_CMD_READ_SUPPORTED_COMMANDS (0x03|0x01|0xff)
                  raw data (2): 03 01 ff 02 00|be 03
16:23:21:607    > BTP_GAP_CMD_READ_CONTROLLER_INFO (0x01|0x03|0x00)
                  raw data (0): 01 03 00 00 00|
16:23:21:809    < BTP_GAP_CMD_READ_CONTROLLER_INFO (0x01|0x03|0x00)
                  raw data (277): 
                  01 03 00 15 01|19 78 ee 69 17 d0 d3 06 02 00 13 
                  02 00 00 00 00 00 62 74 70 5f 74 65 73 74 65 72 
                  00 00 00 00 00 00 00 00 00 00 00 00 00 00 00 00 
                  00 00 00 00 00 00 00 00 00 00 00 00 00 00 00 00 
                  00 00 00 00 00 00 00 00 00 00 00 00 00 00 00 00 
                  00 00 00 00 00 00 00 00 00 00 00 00 00 00 00 00 
                  00 00 00 00 00 00 00 00 00 00 00 00 00 00 00 00 
                  00 00 00 00 00 00 00 00 00 00 00 00 00 00 00 00 
                  00 00 00 00 00 00 00 00 00 00 00 00 00 00 00 00 
                  00 00 00 00 00 00 00 00 00 00 00 00 00 00 00 00 
                  00 00 00 00 00 00 00 00 00 00 00 00 00 00 00 00 
                  00 00 00 00 00 00 00 00 00 00 00 00 00 00 00 00 
                  00 00 00 00 00 00 00 00 00 00 00 00 00 00 00 00 
                  00 00 00 00 00 00 00 00 00 00 00 00 00 00 00 00 
                  00 00 00 00 00 00 00 00 00 00 00 00 00 00 00 00 
                  00 00 00 00 00 00 00 00 00 00 00 00 00 00 00 00 
                  00 00 00 00 00 00 00 00 00 00 00 00 00 00 00 00 
                  00 00 00 00 00 00 00 00 00 00
16:23:21:862    > BTP_CORE_CMD_REGISTER_SERVICE (0x00|0x03|0xff)
                  raw data (33): 00 03 ff 01 00|21
16:23:22:013    < BTP_CORE_CMD_REGISTER_SERVICE (0x00|0x03|0xff)
                  raw data (0): 00 03 ff 00 00|
16:23:22:046    > BTP_HFP_CMD_READ_SUPPORTED_COMMANDS (0x21|0x01|0xff)
                  raw data (0): 21 01 ff 00 00|
16:23:22:235    < BTP_HFP_CMD_READ_SUPPORTED_COMMANDS (0x21|0x01|0xff)
                  raw data (5): 21 01 ff 05 00|fe ff ff ff 7f
16:23:23:287    > BTP_GAP_CMD_CONNECT (0x01|0x0e|0x00)
                  raw data (8): 01 0e 00 08 00|e0 4e e4 08 dc 1b 00 00
16:23:23:415    < BTP_GAP_CMD_CONNECT (0x01|0x0e|0x00)
                  raw data (0): 01 0e 00 00 00|
16:23:26:969    < BTP_GAP_EV_DEVICE_CONNECTED (0x01|0x82|0x00)
                  raw data (13): 
                  01 82 00 0d 00|e0 4e e4 08 dc 1b 00 00 00 00 00 
                  00 00
16:23:27:113    > BTP_GAP_CMD_PAIR (0x01|0x11|0x00)
                  raw data (7): 01 11 00 07 00|e0 4e e4 08 dc 1b 00
16:23:27:257    < BTP_GAP_CMD_PAIR (0x01|0x11|0x00)
                  raw data (0): 01 11 00 00 00|
16:23:27:305    > BTP_HFP_CMD_ENABLE_SLC (0x21|0x02|0x00)
                  raw data (10): 21 02 00 0a 00|e0 4e e4 08 dc 1b 00 01 01 00
16:23:27:449    < BTP_HFP_CMD_ENABLE_SLC (0x21|0x02|0x00)
                  raw data (0): 21 02 00 00 00|
16:23:27:930    < BTP_GAP_EV_ENCRYPTION_CHANGE (0x01|0x91|0x00)
                  raw data (9): 01 91 00 09 00|e0 4e e4 08 dc 1b 00 01 10
16:23:27:931    < BTP_GAP_EV_SEC_LEVEL_CHANGED (0x01|0x89|0x00)
                  raw data (8): 01 89 00 08 00|e0 4e e4 08 dc 1b 00 02
16:23:31:504    > BTP_HFP_CMD_CONTROL (0x21|0x05|0x00)
                  raw data (3): 21 05 00 03 00|19 00 00
16:23:31:648    < BTP_HFP_CMD_CONTROL (0x21|0x05|0x00)
                  raw data (0): 21 05 00 00 00|
16:23:31:697    < BTP_HFP_EV_SCO_CONNECTED (0x21|0x81|0x00)
                  raw data (0): 21 81 00 00 00|
16:23:32:711    > BTP_GAP_CMD_DISCONNECT (0x01|0x0f|0x00)
                  raw data (7): 01 0f 00 07 00|e0 4e e4 08 dc 1b 00
16:23:32:853    < BTP_GAP_CMD_DISCONNECT (0x01|0x0f|0x00)
                  raw data (0): 01 0f 00 00 00|
16:23:32:901    < BTP_HFP_EV_SCO_DISCONNECTED (0x21|0x82|0x00)
                  raw data (0): 21 82 00 00 00|
16:23:32:903    < BTP_GAP_EV_DEVICE_DISCONNECTED (0x01|0x83|0x00)
                  raw data (7): 01 83 00 07 00|e0 4e e4 08 dc 1b 00
16:23:33:915    > BTP_HFP_CMD_DISABLE_SLC (0x21|0x03|0x00)
                  raw data (1): 21 03 00 01 00|00
16:23:34:054    < BTP_HFP_CMD_DISABLE_SLC (0x21|0x03|0x00)
                  raw data (0): 21 03 00 00 00|
16:23:37:870    < BTP_CORE_EV_IUT_READY (0x00|0x80|0xff)
                  raw data (0): 00 80 ff 00 00|
