2025-02-20 15:15:51,973 LT1-thread root DEBUG client.py                 71    logger_log                : Starting TestCase _run_test_case L2CAP L2CAP/LE/CFC/BV-04-C
2025-02-20 15:15:51,973 LT1-thread root DEBUG client.py                 71    logger_log                : pre_run L2CAP L2CAP/LE/CFC/BV-04-C
2025-02-20 15:15:51,973 LT1-thread root DEBUG client.py                 71    logger_log                : About to run test case L2CAP L2CAP/LE/CFC/BV-04-C with commands:
2025-02-20 15:15:51,973 LT1-thread root DEBUG client.py                 71    logger_log                : 0) class=<class 'autopts.ptsprojects.testcase.TestFunc'>, func=<bound method Stack.core_init of <autopts.ptsprojects.stack.stack.Stack object at 0x00000275E020DE10>> start_wid=None stop_wid=None post_wid=None skip_call=None call_count=0 args=() kwds={}
2025-02-20 15:15:51,973 LT1-thread root DEBUG client.py                 71    logger_log                : 1) class=<class 'autopts.ptsprojects.testcase.TestFunc'>, func=<bound method ZephyrCtl.hw_reset of <autopts.ptsprojects.zephyr.iutctl.ZephyrCtl object at 0x00000275E4FF3050>> start_wid=None stop_wid=None post_wid=None skip_call=None call_count=0 args=() kwds={}
2025-02-20 15:15:51,973 LT1-thread root DEBUG client.py                 71    logger_log                : 2) class=<class 'autopts.ptsprojects.testcase.TestFunc'>, func=<bound method ZephyrCtl.start of <autopts.ptsprojects.zephyr.iutctl.ZephyrCtl object at 0x00000275E4FF3050>> start_wid=None stop_wid=None post_wid=None skip_call=None call_count=0 args=(<autopts.ptsprojects.zephyr.ztestcase.ZTestCase object at 0x00000275E5BC4AD0>,) kwds={}
2025-02-20 15:15:51,973 LT1-thread root DEBUG client.py                 71    logger_log                : 3) class=<class 'autopts.ptsprojects.testcase.TestFunc'>, func=<bound method ZephyrCtl.hw_reset of <autopts.ptsprojects.zephyr.iutctl.ZephyrCtl object at 0x00000275E4FF3050>> start_wid=None stop_wid=None post_wid=None skip_call=None call_count=0 args=() kwds={}
2025-02-20 15:15:51,973 LT1-thread root DEBUG client.py                 71    logger_log                : 4) class=<class 'autopts.ptsprojects.testcase.TestFunc'>, func=<bound method ZephyrCtl.wait_iut_ready_event of <autopts.ptsprojects.zephyr.iutctl.ZephyrCtl object at 0x00000275E4FF3050>> start_wid=None stop_wid=None post_wid=None skip_call=None call_count=0 args=(False,) kwds={}
2025-02-20 15:15:51,973 LT1-thread root DEBUG client.py                 71    logger_log                : 5) class=<class 'autopts.ptsprojects.testcase.TestFunc'>, func=<function core_reg_svc_gap at 0x00000275E0EEC7C0> start_wid=None stop_wid=None post_wid=None skip_call=None call_count=17 args=() kwds={}
2025-02-20 15:15:51,973 LT1-thread root DEBUG client.py                 71    logger_log                : 6) class=<class 'autopts.ptsprojects.testcase.TestFunc'>, func=<function core_reg_svc_l2cap at 0x00000275E0EECA40> start_wid=None stop_wid=None post_wid=None skip_call=None call_count=17 args=() kwds={}
2025-02-20 15:15:51,973 LT1-thread root DEBUG client.py                 71    logger_log                : 7) class=<class 'autopts.ptsprojects.testcase.TestFunc'>, func=<function gap_read_ctrl_info at 0x00000275E0EF8680> start_wid=None stop_wid=None post_wid=None skip_call=None call_count=17 args=() kwds={}
2025-02-20 15:15:51,973 LT1-thread root DEBUG client.py                 71    logger_log                : 8) class=<class 'autopts.ptsprojects.testcase.TestFunc'>, func=<function test_cases.<locals>.<lambda> at 0x00000275E576F060> start_wid=None stop_wid=None post_wid=None skip_call=None call_count=17 args=() kwds={}
2025-02-20 15:15:51,973 LT1-thread root DEBUG client.py                 71    logger_log                : 9) class=<class 'autopts.ptsprojects.testcase.TestFunc'>, func=<function test_cases.<locals>.<lambda> at 0x00000275E5A323E0> start_wid=None stop_wid=None post_wid=None skip_call=None call_count=17 args=() kwds={}
2025-02-20 15:15:51,983 LT1-thread root DEBUG client.py                 71    logger_log                : 10) class=<class 'autopts.ptsprojects.testcase.TestFunc'>, func=<function test_cases.<locals>.<lambda> at 0x00000275E5A32480> start_wid=None stop_wid=None post_wid=None skip_call=None call_count=17 args=() kwds={}
2025-02-20 15:15:51,983 LT1-thread root DEBUG client.py                 71    logger_log                : 11) class=<class 'autopts.ptsprojects.testcase.TestFunc'>, func=<function test_cases.<locals>.<lambda> at 0x00000275E5A32520> start_wid=None stop_wid=None post_wid=None skip_call=None call_count=17 args=() kwds={}
2025-02-20 15:15:51,983 LT1-thread root DEBUG client.py                 71    logger_log                : 12) class=<class 'autopts.ptsprojects.testcase.TestFunc'>, func=<function test_cases.<locals>.<lambda> at 0x00000275E5A325C0> start_wid=None stop_wid=None post_wid=None skip_call=None call_count=17 args=() kwds={}
2025-02-20 15:15:51,983 LT1-thread root DEBUG client.py                 71    logger_log                : 13) class=<class 'autopts.ptsprojects.testcase.TestFunc'>, func=<function test_cases.<locals>.<lambda> at 0x00000275E5A32660> start_wid=None stop_wid=None post_wid=None skip_call=None call_count=17 args=() kwds={}
2025-02-20 15:15:51,983 LT1-thread root DEBUG client.py                 71    logger_log                : 14) class=<class 'autopts.ptsprojects.testcase.TestFunc'>, func=<function test_cases.<locals>.<lambda> at 0x00000275E5A32700> start_wid=None stop_wid=None post_wid=None skip_call=None call_count=17 args=() kwds={}
2025-02-20 15:15:51,983 LT1-thread root DEBUG client.py                 71    logger_log                : 15) class=<class 'autopts.ptsprojects.testcase.TestFunc'>, func=<function test_cases.<locals>.<lambda> at 0x00000275E5A327A0> start_wid=None stop_wid=None post_wid=None skip_call=None call_count=17 args=() kwds={}
2025-02-20 15:15:51,983 LT1-thread root DEBUG client.py                 71    logger_log                : 16) class=<class 'autopts.ptsprojects.testcase.TestFunc'>, func=<function test_cases.<locals>.<lambda> at 0x00000275E5A32840> start_wid=None stop_wid=None post_wid=None skip_call=None call_count=17 args=() kwds={}
2025-02-20 15:15:51,983 LT1-thread root DEBUG client.py                 71    logger_log                : 17) class=<class 'autopts.ptsprojects.testcase.TestFunc'>, func=<function test_cases.<locals>.<lambda> at 0x00000275E5A328E0> start_wid=None stop_wid=None post_wid=None skip_call=None call_count=17 args=() kwds={}
2025-02-20 15:15:51,983 LT1-thread root DEBUG client.py                 71    logger_log                : 18) class=<class 'autopts.ptsprojects.testcase.TestFunc'>, func=<function test_cases.<locals>.<lambda> at 0x00000275E5A32980> start_wid=None stop_wid=None post_wid=None skip_call=None call_count=17 args=() kwds={}
2025-02-20 15:15:51,983 LT1-thread root DEBUG client.py                 71    logger_log                : 19) class=<class 'autopts.ptsprojects.testcase.TestFunc'>, func=<function test_cases.<locals>.<lambda> at 0x00000275E5A32A20> start_wid=None stop_wid=None post_wid=None skip_call=None call_count=17 args=() kwds={}
2025-02-20 15:15:51,983 LT1-thread root DEBUG client.py                 71    logger_log                : 20) class=<class 'autopts.ptsprojects.testcase.TestFunc'>, func=<function test_cases.<locals>.<lambda> at 0x00000275E5A32AC0> start_wid=None stop_wid=None post_wid=None skip_call=None call_count=17 args=() kwds={}
2025-02-20 15:15:51,983 LT1-thread root DEBUG client.py                 71    logger_log                : 21) class=<class 'autopts.ptsprojects.testcase.TestFunc'>, func=<function test_cases.<locals>.<lambda> at 0x00000275E5A32B60> start_wid=None stop_wid=None post_wid=None skip_call=None call_count=17 args=() kwds={}
2025-02-20 15:15:51,983 LT1-thread root DEBUG client.py                 71    logger_log                : 22) class=<class 'autopts.ptsprojects.testcase.TestFunc'>, func=<function test_cases.<locals>.<lambda> at 0x00000275E5A32C00> start_wid=None stop_wid=None post_wid=None skip_call=None call_count=17 args=() kwds={}
2025-02-20 15:15:51,983 LT1-thread root DEBUG client.py                 71    logger_log                : 23) class=<class 'autopts.ptsprojects.testcase.TestFunc'>, func=<function set_pts_addr at 0x00000275E0EEC360> start_wid=None stop_wid=None post_wid=None skip_call=None call_count=17 args=('C0:07:E8:25:DE:2A', 0) kwds={}
2025-02-20 15:15:51,983 LT1-thread root DEBUG client.py                 71    logger_log                : 24) class=<class 'autopts.ptsprojects.testcase.TestFunc'>, func=<bound method Stack.l2cap_init of <autopts.ptsprojects.stack.stack.Stack object at 0x00000275E020DE10>> start_wid=None stop_wid=None post_wid=None skip_call=None call_count=1 args=(128, 120) kwds={}
2025-02-20 15:15:51,983 LT1-thread root DEBUG client.py                 71    logger_log                : 25) class=<class 'autopts.ptsprojects.testcase.TestFunc'>, func=<function test_cases.<locals>.<lambda> at 0x00000275E5A32DE0> start_wid=None stop_wid=None post_wid=None skip_call=None call_count=0 args=() kwds={}
2025-02-20 15:15:51,983 LT1-thread root DEBUG client.py                 71    logger_log                : 26) class=<class 'autopts.ptsprojects.testcase.TestFuncCleanUp'>, func=<bound method Stack.cleanup of <autopts.ptsprojects.stack.stack.Stack object at 0x00000275E020DE10>> start_wid=None stop_wid=None post_wid=None skip_call=None call_count=0 args=() kwds={}
2025-02-20 15:15:51,983 LT1-thread root DEBUG client.py                 71    logger_log                : 27) class=<class 'autopts.ptsprojects.testcase.TestFuncCleanUp'>, func=<bound method ZephyrCtl.stop of <autopts.ptsprojects.zephyr.iutctl.ZephyrCtl object at 0x00000275E4FF3050>> start_wid=None stop_wid=None post_wid=None skip_call=None call_count=0 args=() kwds={}
2025-02-20 15:15:51,983 LT1-thread root DEBUG client.py                 71    logger_log                : pre_run, run pre test case script
2025-02-20 15:15:51,993 LT1-thread root DEBUG client.py                 71    logger_log                : Starting test function: class=<class 'autopts.ptsprojects.testcase.TestFunc'>, func=<bound method Stack.core_init of <autopts.ptsprojects.stack.stack.Stack object at 0x00000275E020DE10>> start_wid=None stop_wid=None post_wid=None skip_call=None call_count=1 args=() kwds={}
2025-02-20 15:15:51,993 LT1-thread root DEBUG client.py                 71    logger_log                : Test function parameters: args=(), kwds={}
2025-02-20 15:15:51,993 LT1-thread root DEBUG client.py                 71    logger_log                : Starting test function: class=<class 'autopts.ptsprojects.testcase.TestFunc'>, func=<bound method ZephyrCtl.hw_reset of <autopts.ptsprojects.zephyr.iutctl.ZephyrCtl object at 0x00000275E4FF3050>> start_wid=None stop_wid=None post_wid=None skip_call=None call_count=1 args=() kwds={}
2025-02-20 15:15:51,993 LT1-thread root DEBUG client.py                 71    logger_log                : Test function parameters: args=(), kwds={}
2025-02-20 15:15:51,993 LT1-thread root DEBUG client.py                 71    logger_log                : Starting test function: class=<class 'autopts.ptsprojects.testcase.TestFunc'>, func=<bound method ZephyrCtl.start of <autopts.ptsprojects.zephyr.iutctl.ZephyrCtl object at 0x00000275E4FF3050>> start_wid=None stop_wid=None post_wid=None skip_call=None call_count=1 args=(<autopts.ptsprojects.zephyr.ztestcase.ZTestCase object at 0x00000275E5BC4AD0>,) kwds={}
2025-02-20 15:15:51,993 LT1-thread root DEBUG client.py                 71    logger_log                : Test function parameters: args=(<autopts.ptsprojects.zephyr.ztestcase.ZTestCase object at 0x00000275E5BC4AD0>,), kwds={}
2025-02-20 15:15:51,993 LT1-thread root DEBUG client.py                 71    logger_log                : <class 'autopts.ptsprojects.zephyr.iutctl.ZephyrCtl'>.start
2025-02-20 15:15:51,993 LT1-thread root DEBUG client.py                 71    logger_log                : <class 'autopts.ptsprojects.zephyr.iutctl.ZephyrCtl'>.flush_serial
2025-02-20 15:15:53,264 LT1-thread root DEBUG client.py                 71    logger_log                : Starting socat process: socat.exe -x -v tcp:10.192.253.135:55393,retry=100,interval=1 /dev/ttyS35,raw,b115200
2025-02-20 15:15:53,285 LT1-thread root DEBUG client.py                 71    logger_log                : accept
2025-02-20 15:15:53,409 BTPWorkerThread-11477 (_rx_task) root DEBUG client.py                 71    logger_log                : BTPWorkerThread-11477 (_rx_task) started
2025-02-20 15:15:53,409 LT1-thread root DEBUG client.py                 71    logger_log                : Starting test function: class=<class 'autopts.ptsprojects.testcase.TestFunc'>, func=<bound method ZephyrCtl.hw_reset of <autopts.ptsprojects.zephyr.iutctl.ZephyrCtl object at 0x00000275E4FF3050>> start_wid=None stop_wid=None post_wid=None skip_call=None call_count=1 args=() kwds={}
2025-02-20 15:15:53,409 LT1-thread root DEBUG client.py                 71    logger_log                : Test function parameters: args=(), kwds={}
2025-02-20 15:15:53,419 LT1-thread root DEBUG client.py                 71    logger_log                : Starting test function: class=<class 'autopts.ptsprojects.testcase.TestFunc'>, func=<bound method ZephyrCtl.wait_iut_ready_event of <autopts.ptsprojects.zephyr.iutctl.ZephyrCtl object at 0x00000275E4FF3050>> start_wid=None stop_wid=None post_wid=None skip_call=None call_count=1 args=(False,) kwds={}
2025-02-20 15:15:53,419 LT1-thread root DEBUG client.py                 71    logger_log                : Test function parameters: args=(False,), kwds={}
2025-02-20 15:15:53,419 LT1-thread root DEBUG client.py                 71    logger_log                : IUT ready event received OK
2025-02-20 15:15:53,419 LT1-thread root DEBUG client.py                 71    logger_log                : Starting test function: class=<class 'autopts.ptsprojects.testcase.TestFunc'>, func=<function core_reg_svc_gap at 0x00000275E0EEC7C0> start_wid=None stop_wid=None post_wid=None skip_call=None call_count=18 args=() kwds={}
2025-02-20 15:15:53,419 LT1-thread root DEBUG client.py                 71    logger_log                : Test function parameters: args=(), kwds={}
2025-02-20 15:15:53,419 LT1-thread root DEBUG client.py                 71    logger_log                : core_reg_svc_gap
2025-02-20 15:15:53,419 LT1-thread root DEBUG client.py                 71    logger_log                : send, 0 3 255 '1'
2025-02-20 15:15:53,419 LT1-thread root DEBUG client.py                 71    logger_log                : sending frame '0003ff010001'
2025-02-20 15:15:53,419 LT1-thread root DEBUG client.py                 71    logger_log                : core_reg_svc_rsp_succ
2025-02-20 15:15:53,419 LT1-thread root DEBUG client.py                 71    logger_log                : read
2025-02-20 15:15:53,511 BTPWorkerThread-11477 (_rx_task) root DEBUG client.py                 71    logger_log                : Read 5 bytes
2025-02-20 15:15:53,512 BTPWorkerThread-11477 (_rx_task) root DEBUG client.py                 71    logger_log                : Received: hdr: Header(svc_id=0x00, op=0x03, ctrl_index=0xff, data_len=0x00) bytearray(b'\x00\x03\xff\x00\x00')
2025-02-20 15:15:53,513 BTPWorkerThread-11477 (_rx_task) root DEBUG client.py                 71    logger_log                : Received data: {''}, bytearray(b'')
2025-02-20 15:15:53,541 LT1-thread root DEBUG client.py                 71    logger_log                : received Header(svc_id=0, op=3, ctrl_index=255, data_len=0) (b'',)
2025-02-20 15:15:53,542 LT1-thread root DEBUG client.py                 71    logger_log                : expected ((0, 3, 255, 0), (b'',))
2025-02-20 15:15:53,544 LT1-thread root DEBUG client.py                 71    logger_log                : response is valid
2025-02-20 15:15:53,544 LT1-thread root DEBUG client.py                 71    logger_log                : Starting test function: class=<class 'autopts.ptsprojects.testcase.TestFunc'>, func=<function core_reg_svc_l2cap at 0x00000275E0EECA40> start_wid=None stop_wid=None post_wid=None skip_call=None call_count=18 args=() kwds={}
2025-02-20 15:15:53,544 LT1-thread root DEBUG client.py                 71    logger_log                : Test function parameters: args=(), kwds={}
2025-02-20 15:15:53,545 LT1-thread root DEBUG client.py                 71    logger_log                : core_reg_svc_l2cap
2025-02-20 15:15:53,546 LT1-thread root DEBUG client.py                 71    logger_log                : send, 0 3 255 '3'
2025-02-20 15:15:53,546 LT1-thread root DEBUG client.py                 71    logger_log                : sending frame '0003ff010003'
2025-02-20 15:15:53,547 LT1-thread root DEBUG client.py                 71    logger_log                : core_reg_svc_rsp_succ
2025-02-20 15:15:53,547 LT1-thread root DEBUG client.py                 71    logger_log                : read
2025-02-20 15:15:53,629 BTPWorkerThread-11477 (_rx_task) root DEBUG client.py                 71    logger_log                : Read 5 bytes
2025-02-20 15:15:53,649 BTPWorkerThread-11477 (_rx_task) root DEBUG client.py                 71    logger_log                : Received: hdr: Header(svc_id=0x00, op=0x03, ctrl_index=0xff, data_len=0x00) bytearray(b'\x00\x03\xff\x00\x00')
2025-02-20 15:15:53,680 BTPWorkerThread-11477 (_rx_task) root DEBUG client.py                 71    logger_log                : Received data: {''}, bytearray(b'')
2025-02-20 15:15:53,722 LT1-thread root DEBUG client.py                 71    logger_log                : received Header(svc_id=0, op=3, ctrl_index=255, data_len=0) (b'',)
2025-02-20 15:15:53,722 LT1-thread root DEBUG client.py                 71    logger_log                : expected ((0, 3, 255, 0), (b'',))
2025-02-20 15:15:53,722 LT1-thread root DEBUG client.py                 71    logger_log                : response is valid
2025-02-20 15:15:53,722 LT1-thread root DEBUG client.py                 71    logger_log                : Starting test function: class=<class 'autopts.ptsprojects.testcase.TestFunc'>, func=<function gap_read_ctrl_info at 0x00000275E0EF8680> start_wid=None stop_wid=None post_wid=None skip_call=None call_count=18 args=() kwds={}
2025-02-20 15:15:53,722 LT1-thread root DEBUG client.py                 71    logger_log                : Test function parameters: args=(), kwds={}
2025-02-20 15:15:53,722 LT1-thread root DEBUG client.py                 71    logger_log                : gap_read_ctrl_info
2025-02-20 15:15:53,722 LT1-thread root DEBUG client.py                 71    logger_log                : send, 1 3 0 ''
2025-02-20 15:15:53,722 LT1-thread root DEBUG client.py                 71    logger_log                : sending frame '0103000000'
2025-02-20 15:15:53,722 LT1-thread root DEBUG client.py                 71    logger_log                : read
2025-02-20 15:15:53,805 BTPWorkerThread-11477 (_rx_task) root DEBUG client.py                 71    logger_log                : Read 5 bytes
2025-02-20 15:15:53,825 BTPWorkerThread-11477 (_rx_task) root DEBUG client.py                 71    logger_log                : Received: hdr: Header(svc_id=0x01, op=0x03, ctrl_index=0x00, data_len=0x115) bytearray(b'\x01\x03\x00\x15\x01')
2025-02-20 15:15:53,855 BTPWorkerThread-11477 (_rx_task) root DEBUG client.py                 71    logger_log                : Read 277 bytes data
2025-02-20 15:15:53,875 BTPWorkerThread-11477 (_rx_task) root DEBUG client.py                 71    logger_log                : Received data: {'28 00 03 37 60 00 13 06 02 00 13 02 00 00 00 00 00 62 74 70 5f 74 65 73 74 65 72 00 00 00 00 00 00 00 00 00 00 00 00 00 00 00 00 00 00 00 00 00 00 00 00 00 00 00 00 00 00 00 00 00 00 00 00 00 00 00 00 00 00 00 00 00 00 00 00 00 00 00 00 00 00 00 00 00 00 00 00 00 00 00 00 00 00 00 00 00 00 00 00 00 00 00 00 00 00 00 00 00 00 00 00 00 00 00 00 00 00 00 00 00 00 00 00 00 00 00 00 00 00 00 00 00 00 00 00 00 00 00 00 00 00 00 00 00 00 00 00 00 00 00 00 00 00 00 00 00 00 00 00 00 00 00 00 00 00 00 00 00 00 00 00 00 00 00 00 00 00 00 00 00 00 00 00 00 00 00 00 00 00 00 00 00 00 00 00 00 00 00 00 00 00 00 00 00 00 00 00 00 00 00 00 00 00 00 00 00 00 00 00 00 00 00 00 00 00 00 00 00 00 00 00 00 00 00 00 00 00 00 00 00 00 00 00 00 00 00 00 00 00 00 00 00 00 00 00 00 00 00 00 00 00 00 00 00 00 00 00 00 00 00 00 00 00 00 00 00 00'}, bytearray(b'(\x00\x037`\x00\x13\x06\x02\x00\x13\x02\x00\x00\x00\x00\x00btp_tester\x00\x00\x00\x00\x00\x00\x00\x00\x00\x00\x00\x00\x00\x00\x00\x00\x00\x00\x00\x00\x00\x00\x00\x00\x00\x00\x00\x00\x00\x00\x00\x00\x00\x00\x00\x00\x00\x00\x00\x00\x00\x00\x00\x00\x00\x00\x00\x00\x00\x00\x00\x00\x00\x00\x00\x00\x00\x00\x00\x00\x00\x00\x00\x00\x00\x00\x00\x00\x00\x00\x00\x00\x00\x00\x00\x00\x00\x00\x00\x00\x00\x00\x00\x00\x00\x00\x00\x00\x00\x00\x00\x00\x00\x00\x00\x00\x00\x00\x00\x00\x00\x00\x00\x00\x00\x00\x00\x00\x00\x00\x00\x00\x00\x00\x00\x00\x00\x00\x00\x00\x00\x00\x00\x00\x00\x00\x00\x00\x00\x00\x00\x00\x00\x00\x00\x00\x00\x00\x00\x00\x00\x00\x00\x00\x00\x00\x00\x00\x00\x00\x00\x00\x00\x00\x00\x00\x00\x00\x00\x00\x00\x00\x00\x00\x00\x00\x00\x00\x00\x00\x00\x00\x00\x00\x00\x00\x00\x00\x00\x00\x00\x00\x00\x00\x00\x00\x00\x00\x00\x00\x00\x00\x00\x00\x00\x00\x00\x00\x00\x00\x00\x00\x00\x00\x00\x00\x00\x00\x00\x00\x00\x00\x00\x00\x00\x00\x00\x00\x00\x00\x00\x00\x00\x00\x00\x00\x00\x00\x00\x00\x00\x00\x00\x00\x00\x00\x00\x00\x00\x00\x00\x00\x00\x00\x00\x00\x00\x00\x00\x00')
2025-02-20 15:15:53,895 LT1-thread root DEBUG client.py                 71    logger_log                : received Header(svc_id=1, op=3, ctrl_index=0, data_len=277) (b'(\x00\x037`\x00\x13\x06\x02\x00\x13\x02\x00\x00\x00\x00\x00btp_tester\x00\x00\x00\x00\x00\x00\x00\x00\x00\x00\x00\x00\x00\x00\x00\x00\x00\x00\x00\x00\x00\x00\x00\x00\x00\x00\x00\x00\x00\x00\x00\x00\x00\x00\x00\x00\x00\x00\x00\x00\x00\x00\x00\x00\x00\x00\x00\x00\x00\x00\x00\x00\x00\x00\x00\x00\x00\x00\x00\x00\x00\x00\x00\x00\x00\x00\x00\x00\x00\x00\x00\x00\x00\x00\x00\x00\x00\x00\x00\x00\x00\x00\x00\x00\x00\x00\x00\x00\x00\x00\x00\x00\x00\x00\x00\x00\x00\x00\x00\x00\x00\x00\x00\x00\x00\x00\x00\x00\x00\x00\x00\x00\x00\x00\x00\x00\x00\x00\x00\x00\x00\x00\x00\x00\x00\x00\x00\x00\x00\x00\x00\x00\x00\x00\x00\x00\x00\x00\x00\x00\x00\x00\x00\x00\x00\x00\x00\x00\x00\x00\x00\x00\x00\x00\x00\x00\x00\x00\x00\x00\x00\x00\x00\x00\x00\x00\x00\x00\x00\x00\x00\x00\x00\x00\x00\x00\x00\x00\x00\x00\x00\x00\x00\x00\x00\x00\x00\x00\x00\x00\x00\x00\x00\x00\x00\x00\x00\x00\x00\x00\x00\x00\x00\x00\x00\x00\x00\x00\x00\x00\x00\x00\x00\x00\x00\x00\x00\x00\x00\x00\x00\x00\x00\x00\x00\x00\x00\x00\x00\x00\x00\x00\x00\x00\x00\x00\x00\x00\x00\x00\x00\x00\x00\x00\x00\x00\x00\x00\x00\x00',)
2025-02-20 15:15:53,895 LT1-thread root DEBUG client.py                 71    logger_log                : IUT address '006037030028' 'public'
2025-02-20 15:15:53,895 LT1-thread root DEBUG client.py                 71    logger_log                : __gap_current_settings_update 531
2025-02-20 15:15:53,895 LT1-thread root DEBUG client.py                 71    logger_log                : Starting test function: class=<class 'autopts.ptsprojects.testcase.TestFunc'>, func=<function test_cases.<locals>.<lambda> at 0x00000275E576F060> start_wid=None stop_wid=None post_wid=None skip_call=None call_count=18 args=() kwds={}
2025-02-20 15:15:53,895 LT1-thread root DEBUG client.py                 71    logger_log                : Test function parameters: args=(), kwds={}
2025-02-20 15:15:53,895 LT1-thread root DEBUG client.py                 71    logger_log                : Starting test function: class=<class 'autopts.ptsprojects.testcase.TestFunc'>, func=<function test_cases.<locals>.<lambda> at 0x00000275E5A323E0> start_wid=None stop_wid=None post_wid=None skip_call=None call_count=18 args=() kwds={}
2025-02-20 15:15:53,895 LT1-thread root DEBUG client.py                 71    logger_log                : Test function parameters: args=(), kwds={}
2025-02-20 15:15:53,905 LT1-thread root DEBUG client.py                 71    logger_log                : Starting test function: class=<class 'autopts.ptsprojects.testcase.TestFunc'>, func=<function test_cases.<locals>.<lambda> at 0x00000275E5A32480> start_wid=None stop_wid=None post_wid=None skip_call=None call_count=18 args=() kwds={}
2025-02-20 15:15:53,905 LT1-thread root DEBUG client.py                 71    logger_log                : Test function parameters: args=(), kwds={}
2025-02-20 15:15:53,915 LT1-thread root DEBUG client.py                 71    logger_log                : Starting test function: class=<class 'autopts.ptsprojects.testcase.TestFunc'>, func=<function test_cases.<locals>.<lambda> at 0x00000275E5A32520> start_wid=None stop_wid=None post_wid=None skip_call=None call_count=18 args=() kwds={}
2025-02-20 15:15:53,915 LT1-thread root DEBUG client.py                 71    logger_log                : Test function parameters: args=(), kwds={}
2025-02-20 15:15:53,925 LT1-thread root DEBUG client.py                 71    logger_log                : Starting test function: class=<class 'autopts.ptsprojects.testcase.TestFunc'>, func=<function test_cases.<locals>.<lambda> at 0x00000275E5A325C0> start_wid=None stop_wid=None post_wid=None skip_call=None call_count=18 args=() kwds={}
2025-02-20 15:15:53,925 LT1-thread root DEBUG client.py                 71    logger_log                : Test function parameters: args=(), kwds={}
2025-02-20 15:15:53,925 LT1-thread root DEBUG client.py                 71    logger_log                : Starting test function: class=<class 'autopts.ptsprojects.testcase.TestFunc'>, func=<function test_cases.<locals>.<lambda> at 0x00000275E5A32660> start_wid=None stop_wid=None post_wid=None skip_call=None call_count=18 args=() kwds={}
2025-02-20 15:15:53,925 LT1-thread root DEBUG client.py                 71    logger_log                : Test function parameters: args=(), kwds={}
2025-02-20 15:15:53,941 LT1-thread root DEBUG client.py                 71    logger_log                : Starting test function: class=<class 'autopts.ptsprojects.testcase.TestFunc'>, func=<function test_cases.<locals>.<lambda> at 0x00000275E5A32700> start_wid=None stop_wid=None post_wid=None skip_call=None call_count=18 args=() kwds={}
2025-02-20 15:15:53,941 LT1-thread root DEBUG client.py                 71    logger_log                : Test function parameters: args=(), kwds={}
2025-02-20 15:15:53,951 LT1-thread root DEBUG client.py                 71    logger_log                : Starting test function: class=<class 'autopts.ptsprojects.testcase.TestFunc'>, func=<function test_cases.<locals>.<lambda> at 0x00000275E5A327A0> start_wid=None stop_wid=None post_wid=None skip_call=None call_count=18 args=() kwds={}
2025-02-20 15:15:53,951 LT1-thread root DEBUG client.py                 71    logger_log                : Test function parameters: args=(), kwds={}
2025-02-20 15:15:53,961 LT1-thread root DEBUG client.py                 71    logger_log                : Starting test function: class=<class 'autopts.ptsprojects.testcase.TestFunc'>, func=<function test_cases.<locals>.<lambda> at 0x00000275E5A32840> start_wid=None stop_wid=None post_wid=None skip_call=None call_count=18 args=() kwds={}
2025-02-20 15:15:53,961 LT1-thread root DEBUG client.py                 71    logger_log                : Test function parameters: args=(), kwds={}
2025-02-20 15:15:53,961 LT1-thread root DEBUG client.py                 71    logger_log                : Starting test function: class=<class 'autopts.ptsprojects.testcase.TestFunc'>, func=<function test_cases.<locals>.<lambda> at 0x00000275E5A328E0> start_wid=None stop_wid=None post_wid=None skip_call=None call_count=18 args=() kwds={}
2025-02-20 15:15:53,961 LT1-thread root DEBUG client.py                 71    logger_log                : Test function parameters: args=(), kwds={}
2025-02-20 15:15:53,971 LT1-thread root DEBUG client.py                 71    logger_log                : Starting test function: class=<class 'autopts.ptsprojects.testcase.TestFunc'>, func=<function test_cases.<locals>.<lambda> at 0x00000275E5A32980> start_wid=None stop_wid=None post_wid=None skip_call=None call_count=18 args=() kwds={}
2025-02-20 15:15:53,971 LT1-thread root DEBUG client.py                 71    logger_log                : Test function parameters: args=(), kwds={}
2025-02-20 15:15:53,981 LT1-thread root DEBUG client.py                 71    logger_log                : Starting test function: class=<class 'autopts.ptsprojects.testcase.TestFunc'>, func=<function test_cases.<locals>.<lambda> at 0x00000275E5A32A20> start_wid=None stop_wid=None post_wid=None skip_call=None call_count=18 args=() kwds={}
2025-02-20 15:15:53,981 LT1-thread root DEBUG client.py                 71    logger_log                : Test function parameters: args=(), kwds={}
2025-02-20 15:15:53,991 LT1-thread root DEBUG client.py                 71    logger_log                : Starting test function: class=<class 'autopts.ptsprojects.testcase.TestFunc'>, func=<function test_cases.<locals>.<lambda> at 0x00000275E5A32AC0> start_wid=None stop_wid=None post_wid=None skip_call=None call_count=18 args=() kwds={}
2025-02-20 15:15:53,991 LT1-thread root DEBUG client.py                 71    logger_log                : Test function parameters: args=(), kwds={}
2025-02-20 15:15:54,001 LT1-thread root DEBUG client.py                 71    logger_log                : Starting test function: class=<class 'autopts.ptsprojects.testcase.TestFunc'>, func=<function test_cases.<locals>.<lambda> at 0x00000275E5A32B60> start_wid=None stop_wid=None post_wid=None skip_call=None call_count=18 args=() kwds={}
2025-02-20 15:15:54,001 LT1-thread root DEBUG client.py                 71    logger_log                : Test function parameters: args=(), kwds={}
2025-02-20 15:15:54,001 LT1-thread root DEBUG client.py                 71    logger_log                : Starting test function: class=<class 'autopts.ptsprojects.testcase.TestFunc'>, func=<function test_cases.<locals>.<lambda> at 0x00000275E5A32C00> start_wid=None stop_wid=None post_wid=None skip_call=None call_count=18 args=() kwds={}
2025-02-20 15:15:54,001 LT1-thread root DEBUG client.py                 71    logger_log                : Test function parameters: args=(), kwds={}
2025-02-20 15:15:54,016 LT1-thread root DEBUG client.py                 71    logger_log                : Starting test function: class=<class 'autopts.ptsprojects.testcase.TestFunc'>, func=<function set_pts_addr at 0x00000275E0EEC360> start_wid=None stop_wid=None post_wid=None skip_call=None call_count=18 args=('C0:07:E8:25:DE:2A', 0) kwds={}
2025-02-20 15:15:54,016 LT1-thread root DEBUG client.py                 71    logger_log                : Test function parameters: args=('C0:07:E8:25:DE:2A', 0), kwds={}
2025-02-20 15:15:54,016 LT1-thread root DEBUG client.py                 71    logger_log                : Starting test function: class=<class 'autopts.ptsprojects.testcase.TestFunc'>, func=<bound method Stack.l2cap_init of <autopts.ptsprojects.stack.stack.Stack object at 0x00000275E020DE10>> start_wid=None stop_wid=None post_wid=None skip_call=None call_count=2 args=(128, 120) kwds={}
2025-02-20 15:15:54,016 LT1-thread root DEBUG client.py                 71    logger_log                : Test function parameters: args=(128, 120), kwds={}
2025-02-20 15:15:54,016 LT1-thread root DEBUG client.py                 71    logger_log                : Starting test function: class=<class 'autopts.ptsprojects.testcase.TestFunc'>, func=<function test_cases.<locals>.<lambda> at 0x00000275E5A32DE0> start_wid=None stop_wid=None post_wid=None skip_call=None call_count=1 args=() kwds={}
2025-02-20 15:15:54,016 LT1-thread root DEBUG client.py                 71    logger_log                : Test function parameters: args=(), kwds={}
2025-02-20 15:15:54,026 LT1-thread root DEBUG client.py                 71    logger_log                : ClientCallback.get_result run_test_case
2025-02-20 15:15:55,503 LT1-callback ClientCallback.on_implicit_send INFO client.py                 71    logger_log                : 
    ********************
    BEGIN OnImplicitSend:
    project_name: L2CAP
    wid: 51
    test_case_name: L2CAP/LE/CFC/BV-04-C
    description: Initiate or create LE ACL connection to the PTS.
    style: MMI_Style_Ok_Cancel2 0x11141
2025-02-20 15:15:55,503 LT1-callback ClientCallback.on_implicit_send INFO client.py                 71    logger_log                : Calling test cases on_implicit_send
2025-02-20 15:15:55,503 LT1-callback ClientCallback.on_implicit_send INFO client.py                 71    logger_log                : 
    on_implicit_send returned response: WAIT
    END OnImplicitSend
    ********************
2025-02-20 15:15:56,043 LT1-thread root DEBUG client.py                 71    logger_log                : L2CAP L2CAP/LE/CFC/BV-04-C on_implicit_send
2025-02-20 15:15:56,043 LT1-thread root DEBUG client.py                 71    logger_log                : l2cap_wid_hdl, 51, Initiate or create LE ACL connection to the PTS., L2CAP/LE/CFC/BV-04-C
2025-02-20 15:15:56,044 LT1-thread root DEBUG client.py                 71    logger_log                : gap_conn None None
2025-02-20 15:15:56,044 LT1-thread root DEBUG client.py                 71    logger_log                : send, 1 14 0 "bytearray(b'\\x00*\\xde%\\xe8\\x07\\xc0\\x00')"
2025-02-20 15:15:56,044 LT1-thread root DEBUG client.py                 71    logger_log                : sending frame '010e000800002ade25e807c000'
2025-02-20 15:15:56,044 LT1-thread root DEBUG client.py                 71    logger_log                : read
2025-02-20 15:15:56,117 BTPWorkerThread-11477 (_rx_task) root DEBUG client.py                 71    logger_log                : Read 5 bytes
2025-02-20 15:15:56,137 BTPWorkerThread-11477 (_rx_task) root DEBUG client.py                 71    logger_log                : Received: hdr: Header(svc_id=0x01, op=0x0e, ctrl_index=0x00, data_len=0x00) bytearray(b'\x01\x0e\x00\x00\x00')
2025-02-20 15:15:56,157 BTPWorkerThread-11477 (_rx_task) root DEBUG client.py                 71    logger_log                : Received data: {''}, bytearray(b'')
2025-02-20 15:15:56,187 LT1-thread root DEBUG client.py                 71    logger_log                : Sending response 'OK' to wid 51 test case L2CAP/LE/CFC/BV-04-C
2025-02-20 15:15:56,187 BTPWorkerThread-11477 (_rx_task) root DEBUG client.py                 71    logger_log                : Read 5 bytes
2025-02-20 15:15:56,187 BTPWorkerThread-11477 (_rx_task) root DEBUG client.py                 71    logger_log                : Received: hdr: Header(svc_id=0x01, op=0x82, ctrl_index=0x00, data_len=0x0d) bytearray(b'\x01\x82\x00\r\x00')
2025-02-20 15:15:56,187 BTPWorkerThread-11477 (_rx_task) root DEBUG client.py                 71    logger_log                : Read 13 bytes data
2025-02-20 15:15:56,187 BTPWorkerThread-11477 (_rx_task) root DEBUG client.py                 71    logger_log                : Received data: {'00 2a de 25 e8 07 c0 30 00 00 00 90 01'}, bytearray(b'\x00*\xde%\xe8\x07\xc00\x00\x00\x00\x90\x01')
2025-02-20 15:15:56,187 LT1-thread root DEBUG client.py                 71    logger_log                : ClientCallback.get_result run_test_case
2025-02-20 15:15:56,187 BTPWorkerThread-11477 (_rx_task) root DEBUG client.py                 71    logger_log                : event_handler Header(svc_id=1, op=130, ctrl_index=0, data_len=13) (b'\x00*\xde%\xe8\x07\xc00\x00\x00\x00\x90\x01',)
2025-02-20 15:15:56,187 BTPWorkerThread-11477 (_rx_task) root DEBUG client.py                 71    logger_log                : gap_connected_ev_ b'\x00*\xde%\xe8\x07\xc00\x00\x00\x00\x90\x01'
2025-02-20 15:15:57,135 LT1-callback ClientCallback.on_implicit_send INFO client.py                 71    logger_log                : 
    ********************
    BEGIN OnImplicitSend:
    project_name: L2CAP
    wid: 41
    test_case_name: L2CAP/LE/CFC/BV-04-C
    description: Using the Implementation Under Test (IUT), send a LE Credit based connection request to PTS.

Description: Verify that IUT can setup LE credit based channel.
    style: MMI_Style_Ok_Cancel2 0x11141
2025-02-20 15:15:57,135 LT1-callback ClientCallback.on_implicit_send INFO client.py                 71    logger_log                : Calling test cases on_implicit_send
2025-02-20 15:15:57,135 LT1-callback ClientCallback.on_implicit_send INFO client.py                 71    logger_log                : 
    on_implicit_send returned response: WAIT
    END OnImplicitSend
    ********************
2025-02-20 15:15:57,201 LT1-thread root DEBUG client.py                 71    logger_log                : L2CAP L2CAP/LE/CFC/BV-04-C on_implicit_send
2025-02-20 15:15:57,201 LT1-thread root DEBUG client.py                 71    logger_log                : l2cap_wid_hdl, 41, Using the Implementation Under Test (IUT), send a LE Credit based connection request to PTS.

Description: Verify that IUT can setup LE credit based channel., L2CAP/LE/CFC/BV-04-C
2025-02-20 15:15:57,201 LT1-thread root DEBUG client.py                 71    logger_log                : l2cap_conn None None 241
2025-02-20 15:15:57,201 LT1-thread root DEBUG client.py                 71    logger_log                : send, 3 2 0 "bytearray(b'\\x00*\\xde%\\xe8\\x07\\xc0\\xf1\\x00x\\x00\\x01\\x00')"
2025-02-20 15:15:57,201 LT1-thread root DEBUG client.py                 71    logger_log                : sending frame '0302000d00002ade25e807c0f10078000100'
2025-02-20 15:15:57,201 LT1-thread root DEBUG client.py                 71    logger_log                : l2cap_conn_rsp
2025-02-20 15:15:57,201 LT1-thread root DEBUG client.py                 71    logger_log                : read
2025-02-20 15:15:57,281 BTPWorkerThread-11477 (_rx_task) root DEBUG client.py                 71    logger_log                : Read 5 bytes
2025-02-20 15:15:57,301 BTPWorkerThread-11477 (_rx_task) root DEBUG client.py                 71    logger_log                : Received: hdr: Header(svc_id=0x03, op=0x02, ctrl_index=0x00, data_len=0x02) bytearray(b'\x03\x02\x00\x02\x00')
2025-02-20 15:15:57,341 BTPWorkerThread-11477 (_rx_task) root DEBUG client.py                 71    logger_log                : Read 2 bytes data
2025-02-20 15:15:57,368 BTPWorkerThread-11477 (_rx_task) root DEBUG client.py                 71    logger_log                : Received data: {'01 00'}, bytearray(b'\x01\x00')
2025-02-20 15:15:57,388 LT1-thread root DEBUG client.py                 71    logger_log                : received Header(svc_id=3, op=2, ctrl_index=0, data_len=2) (b'\x01\x00',)
2025-02-20 15:15:57,388 BTPWorkerThread-11477 (_rx_task) root DEBUG client.py                 71    logger_log                : Read 5 bytes
2025-02-20 15:15:57,388 LT1-thread root DEBUG client.py                 71    logger_log                : id [0]
2025-02-20 15:15:57,388 LT1-thread root DEBUG client.py                 71    logger_log                : Sending response 'OK' to wid 41 test case L2CAP/LE/CFC/BV-04-C
2025-02-20 15:15:57,388 BTPWorkerThread-11477 (_rx_task) root DEBUG client.py                 71    logger_log                : Received: hdr: Header(svc_id=0x03, op=0x82, ctrl_index=0x00, data_len=0x0c) bytearray(b'\x03\x82\x00\x0c\x00')
2025-02-20 15:15:57,388 BTPWorkerThread-11477 (_rx_task) root DEBUG client.py                 71    logger_log                : Read 12 bytes data
2025-02-20 15:15:57,388 BTPWorkerThread-11477 (_rx_task) root DEBUG client.py                 71    logger_log                : Received data: {'00 00 00 00 00 00 2a de 25 e8 07 c0'}, bytearray(b'\x00\x00\x00\x00\x00\x00*\xde%\xe8\x07\xc0')
2025-02-20 15:15:57,388 BTPWorkerThread-11477 (_rx_task) root DEBUG client.py                 71    logger_log                : event_handler Header(svc_id=3, op=130, ctrl_index=0, data_len=12) (b'\x00\x00\x00\x00\x00\x00*\xde%\xe8\x07\xc0',)
2025-02-20 15:15:57,388 BTPWorkerThread-11477 (_rx_task) root DEBUG client.py                 71    logger_log                : l2cap_disconnected_ev b'\x00\x00\x00\x00\x00\x00*\xde%\xe8\x07\xc0' 12
2025-02-20 15:15:57,388 BTPWorkerThread-11477 (_rx_task) root ERROR client.py                 71    logger_log                : unknown channel
2025-02-20 15:15:57,388 BTPWorkerThread-11477 (_rx_task) root DEBUG client.py                 71    logger_log                : id:0 on psm:0, addr b'*\xde%\xe8\x07\xc0' type 0, res 'Success'
2025-02-20 15:15:57,388 LT1-thread root DEBUG client.py                 71    logger_log                : ClientCallback.get_result run_test_case
2025-02-20 15:15:57,418 LT1-callback ClientCallback.on_implicit_send INFO client.py                 71    logger_log                : 
    ********************
    BEGIN OnImplicitSend:
    project_name: L2CAP
    wid: 42
    test_case_name: L2CAP/LE/CFC/BV-04-C
    description: Did Implementation Under Test(IUT) receive Request Reject with 'LE_PSM not supported' 0x0002 error.Click Yes if it is, otherwise click No.
Description : Verify that after receiving the Credit Based Connection Request reject from the Lower Tester, the IUT inform the Upper Tester.
    style: MMI_Style_Yes_No1 0x11044
2025-02-20 15:15:57,418 LT1-callback ClientCallback.on_implicit_send INFO client.py                 71    logger_log                : Calling test cases on_implicit_send
2025-02-20 15:15:57,418 LT1-callback ClientCallback.on_implicit_send INFO client.py                 71    logger_log                : 
    on_implicit_send returned response: WAIT
    END OnImplicitSend
    ********************
2025-02-20 15:15:58,399 LT1-thread root DEBUG client.py                 71    logger_log                : L2CAP L2CAP/LE/CFC/BV-04-C on_implicit_send
2025-02-20 15:15:58,399 LT1-thread root DEBUG client.py                 71    logger_log                : l2cap_wid_hdl, 42, Did Implementation Under Test(IUT) receive Request Reject with 'LE_PSM not supported' 0x0002 error.Click Yes if it is, otherwise click No.
Description : Verify that after receiving the Credit Based Connection Request reject from the Lower Tester, the IUT inform the Upper Tester., L2CAP/LE/CFC/BV-04-C
2025-02-20 15:15:58,399 LT1-thread root DEBUG client.py                 71    logger_log                : Sending response 'Yes' to wid 42 test case L2CAP/LE/CFC/BV-04-C
2025-02-20 15:15:58,399 LT1-thread root DEBUG client.py                 71    logger_log                : ClientCallback.get_result run_test_case
2025-02-20 15:16:00,941 LT1-callback ClientCallback.log INFO client.py                 71    logger_log                : PTS_LOGTYPE_START_TEST Start Test Case 

+0 ms
 L2CAP/LE/CFC/BV-04-C L2CAP/LE/CFC/BV-04-C

2025-02-20 15:16:01,441 LT1-callback ClientCallback.log INFO client.py                 71    logger_log                : PTS_LOGTYPE_FINAL_VERDICT Final Verdict 

+6469 ms
 L2CAP/LE/CFC/BV-04-C PASS

2025-02-20 15:16:01,451 LT1-callback ClientCallback.log INFO client.py                 71    logger_log                : PTS_LOGTYPE_FINAL_VERDICT Encrypted Verdict 

+6469 ms
 L2CAP/LE/CFC/BV-04-C A1#ZWY4MzQ5MDg3MmQwNTIxOGQzMzQ5YjY2ODA5M2MzNjQ5ZDY4NmY0Yjc2MzIzM2VkNTUyNTFhNGU4Mjg1MjI0NA==#LA0qIexyja1QGKLoF9Cr4rEmphijNFex1G5zFIahqF6N3cPjXsEcCasNYMr/YCMX

2025-02-20 15:16:01,461 LT1-callback ClientCallback.log INFO client.py                 71    logger_log                : PTS_LOGTYPE_END_TEST Test Case Ended 

+6469 ms
 L2CAP/LE/CFC/BV-04-C L2CAP/LE/CFC/BV-04-C

2025-02-20 15:16:01,571 BTPWorkerThread-11477 (_rx_task) root DEBUG client.py                 71    logger_log                : Read 5 bytes
2025-02-20 15:16:01,571 BTPWorkerThread-11477 (_rx_task) root DEBUG client.py                 71    logger_log                : Received: hdr: Header(svc_id=0x01, op=0x83, ctrl_index=0x00, data_len=0x07) bytearray(b'\x01\x83\x00\x07\x00')
2025-02-20 15:16:01,571 BTPWorkerThread-11477 (_rx_task) root DEBUG client.py                 71    logger_log                : Read 7 bytes data
2025-02-20 15:16:01,571 BTPWorkerThread-11477 (_rx_task) root DEBUG client.py                 71    logger_log                : Received data: {'00 2a de 25 e8 07 c0'}, bytearray(b'\x00*\xde%\xe8\x07\xc0')
2025-02-20 15:16:01,571 BTPWorkerThread-11477 (_rx_task) root DEBUG client.py                 71    logger_log                : event_handler Header(svc_id=1, op=131, ctrl_index=0, data_len=7) (b'\x00*\xde%\xe8\x07\xc0',)
2025-02-20 15:16:01,571 BTPWorkerThread-11477 (_rx_task) root DEBUG client.py                 71    logger_log                : gap_disconnected_ev_ b'\x00*\xde%\xe8\x07\xc0'
2025-02-20 15:16:01,618 LT1-callback root DEBUG client.py                 71    logger_log                : ClientCallback, set_result, run_test_case, PASS
2025-02-20 15:16:01,618 LT1-thread root DEBUG client.py                 71    logger_log                : After run_test_case error_code=0 status='PASS'
2025-02-20 15:16:01,618 LT1-thread root DEBUG client.py                 71    logger_log                : post_run L2CAP L2CAP/LE/CFC/BV-04-C 0
2025-02-20 15:16:01,618 LT1-thread root DEBUG client.py                 71    logger_log                : Starting test function: class=<class 'autopts.ptsprojects.testcase.TestFuncCleanUp'>, func=<bound method Stack.cleanup of <autopts.ptsprojects.stack.stack.Stack object at 0x00000275E020DE10>> start_wid=None stop_wid=None post_wid=None skip_call=None call_count=1 args=() kwds={}
2025-02-20 15:16:01,618 LT1-thread root DEBUG client.py                 71    logger_log                : Test function parameters: args=(), kwds={}
2025-02-20 15:16:01,618 LT1-thread root DEBUG client.py                 71    logger_log                : Starting test function: class=<class 'autopts.ptsprojects.testcase.TestFuncCleanUp'>, func=<bound method ZephyrCtl.stop of <autopts.ptsprojects.zephyr.iutctl.ZephyrCtl object at 0x00000275E4FF3050>> start_wid=None stop_wid=None post_wid=None skip_call=None call_count=1 args=() kwds={}
2025-02-20 15:16:01,618 LT1-thread root DEBUG client.py                 71    logger_log                : Test function parameters: args=(), kwds={}
2025-02-20 15:16:01,618 LT1-thread root DEBUG client.py                 71    logger_log                : <class 'autopts.ptsprojects.zephyr.iutctl.ZephyrCtl'>.stop
2025-02-20 15:16:01,618 LT1-thread root DEBUG client.py                 71    logger_log                : About to reset DUT: JLink -CommandFile reset.jlink -usb 1064371884 -device MCXW716
2025-02-20 15:16:02,128 BTPWorkerThread-11477 (_rx_task) root DEBUG client.py                 71    logger_log                : Read 5 bytes
2025-02-20 15:16:02,148 BTPWorkerThread-11477 (_rx_task) root DEBUG client.py                 71    logger_log                : Received: hdr: Header(svc_id=0x00, op=0x80, ctrl_index=0xff, data_len=0x00) bytearray(b'\x00\x80\xff\x00\x00')
2025-02-20 15:16:02,168 BTPWorkerThread-11477 (_rx_task) root DEBUG client.py                 71    logger_log                : Received data: {''}, bytearray(b'')
2025-02-20 15:16:02,198 BTPWorkerThread-11477 (_rx_task) root DEBUG client.py                 71    logger_log                : event_handler Header(svc_id=0, op=128, ctrl_index=255, data_len=0) (b'',)
2025-02-20 15:16:02,218 BTPWorkerThread-11477 (_rx_task) root DEBUG client.py                 71    logger_log                : core_iut_ready_ev
2025-02-20 15:16:02,238 LT1-thread root DEBUG client.py                 71    logger_log                : IUT ready event received OK
2025-02-20 15:16:02,238 LT1-thread root DEBUG client.py                 71    logger_log                : Waiting for _rx_worker to finish ...
2025-02-20 15:16:03,243 BTPWorkerThread-11477 (_rx_task) root DEBUG client.py                 71    logger_log                : BTPWorkerThread-11477 (_rx_task) finishing...
2025-02-20 15:16:03,243 LT1-thread root DEBUG client.py                 71    logger_log                : Waiting for _rx_worker to finish ...
2025-02-20 15:16:06,250 LT1-thread root DEBUG client.py                 71    logger_log                : post_run, cleanup running post test case script
2025-02-20 15:16:06,250 LT1-thread root DEBUG client.py                 71    logger_log                : post_run, run post test case script
2025-02-20 15:16:06,429 LT1-thread root DEBUG client.py                 71    logger_log                : Done TestCase _run_test_case L2CAP L2CAP/LE/CFC/BV-04-C
