2025-11-28 18:41:43,916 LT1-thread root DEBUG client.py                 82    logger_log                : Starting TestCase _run_test_case AVRCP AVRCP/CT/MCN/CB/BV-12-C
2025-11-28 18:41:43,916 LT1-thread root DEBUG client.py                 82    logger_log                : pre_run AVRCP AVRCP/CT/MCN/CB/BV-12-C
2025-11-28 18:41:43,916 LT1-thread root DEBUG client.py                 82    logger_log                : About to run test case AVRCP AVRCP/CT/MCN/CB/BV-12-C with commands:
2025-11-28 18:41:43,917 LT1-thread root DEBUG client.py                 82    logger_log                : 0) class=<class 'autopts.ptsprojects.testcase.TestFunc'>, func=<bound method Stack.core_init of <autopts.ptsprojects.stack.stack.Stack object at 0x000002302CC8FEF0>> start_wid=None stop_wid=None post_wid=None skip_call=None call_count=0 args=() kwds={}
2025-11-28 18:41:43,917 LT1-thread root DEBUG client.py                 82    logger_log                : 1) class=<class 'autopts.ptsprojects.testcase.TestFunc'>, func=<bound method IutCtl.start of <autopts.ptsprojects.zephyr.iutctl.ZephyrCtl object at 0x000002302BB1D190>> start_wid=None stop_wid=None post_wid=None skip_call=None call_count=0 args=(<autopts.ptsprojects.zephyr.ztestcase.ZTestCase object at 0x000002302D262060>,) kwds={}
2025-11-28 18:41:43,917 LT1-thread root DEBUG client.py                 82    logger_log                : 2) class=<class 'autopts.ptsprojects.testcase.TestFunc'>, func=<bound method IutCtl.wait_iut_ready_event of <autopts.ptsprojects.zephyr.iutctl.ZephyrCtl object at 0x000002302BB1D190>> start_wid=None stop_wid=None post_wid=None skip_call=None call_count=0 args=(False,) kwds={}
2025-11-28 18:41:43,917 LT1-thread root DEBUG client.py                 82    logger_log                : 3) class=<class 'autopts.ptsprojects.testcase.TestFunc'>, func=<function core_reg_svc_gap at 0x0000023029C40040> start_wid=None stop_wid=None post_wid=None skip_call=None call_count=36 args=() kwds={}
2025-11-28 18:41:43,917 LT1-thread root DEBUG client.py                 82    logger_log                : 4) class=<class 'autopts.ptsprojects.testcase.TestFunc'>, func=<bound method Stack.gap_init of <autopts.ptsprojects.stack.stack.Stack object at 0x000002302CC8FEF0>> start_wid=None stop_wid=None post_wid=None skip_call=None call_count=35 args=(b'Tester_08E44E',) kwds={}
2025-11-28 18:41:43,917 LT1-thread root DEBUG client.py                 82    logger_log                : 5) class=<class 'autopts.ptsprojects.testcase.TestFunc'>, func=<function gap_read_ctrl_info at 0x0000023029C822A0> start_wid=None stop_wid=None post_wid=None skip_call=None call_count=35 args=() kwds={}
2025-11-28 18:41:43,917 LT1-thread root DEBUG client.py                 82    logger_log                : 6) class=<class 'autopts.ptsprojects.testcase.TestFunc'>, func=<function test_cases.<locals>.<lambda> at 0x000002302D1A58A0> start_wid=None stop_wid=None post_wid=None skip_call=None call_count=35 args=() kwds={}
2025-11-28 18:41:43,917 LT1-thread root DEBUG client.py                 82    logger_log                : 7) class=<class 'autopts.ptsprojects.testcase.TestFunc'>, func=<function set_pts_addr at 0x0000023029C3BBA0> start_wid=None stop_wid=None post_wid=None skip_call=None call_count=35 args=('00:1B:DC:08:E4:4E', 0) kwds={}
2025-11-28 18:41:43,917 LT1-thread root DEBUG client.py                 82    logger_log                : 8) class=<class 'autopts.ptsprojects.testcase.TestFunc'>, func=<function core_reg_svc_avrcp at 0x0000023029C416C0> start_wid=None stop_wid=None post_wid=None skip_call=None call_count=35 args=() kwds={}
2025-11-28 18:41:43,918 LT1-thread root DEBUG client.py                 82    logger_log                : 9) class=<class 'autopts.ptsprojects.testcase.TestFunc'>, func=<bound method Stack.avrcp_init of <autopts.ptsprojects.stack.stack.Stack object at 0x000002302CC8FEF0>> start_wid=None stop_wid=None post_wid=None skip_call=None call_count=35 args=() kwds={}
2025-11-28 18:41:43,918 LT1-thread root DEBUG client.py                 82    logger_log                : 10) class=<class 'autopts.ptsprojects.testcase.TestFuncCleanUp'>, func=<bound method Stack.cleanup of <autopts.ptsprojects.stack.stack.Stack object at 0x000002302CC8FEF0>> start_wid=None stop_wid=None post_wid=None skip_call=None call_count=0 args=() kwds={}
2025-11-28 18:41:43,918 LT1-thread root DEBUG client.py                 82    logger_log                : 11) class=<class 'autopts.ptsprojects.testcase.TestFuncCleanUp'>, func=<bound method ZephyrCtl.stop of <autopts.ptsprojects.zephyr.iutctl.ZephyrCtl object at 0x000002302BB1D190>> start_wid=None stop_wid=None post_wid=None skip_call=None call_count=0 args=() kwds={}
2025-11-28 18:41:43,918 LT1-thread root DEBUG client.py                 82    logger_log                : pre_run, run pre test case script
2025-11-28 18:41:43,926 LT1-thread root DEBUG client.py                 82    logger_log                : Starting test function: class=<class 'autopts.ptsprojects.testcase.TestFunc'>, func=<bound method Stack.core_init of <autopts.ptsprojects.stack.stack.Stack object at 0x000002302CC8FEF0>> start_wid=None stop_wid=None post_wid=None skip_call=None call_count=1 args=() kwds={}
2025-11-28 18:41:43,926 LT1-thread root DEBUG client.py                 82    logger_log                : Test function parameters: args=(), kwds={}
2025-11-28 18:41:43,926 LT1-thread root DEBUG client.py                 82    logger_log                : Starting test function: class=<class 'autopts.ptsprojects.testcase.TestFunc'>, func=<bound method IutCtl.start of <autopts.ptsprojects.zephyr.iutctl.ZephyrCtl object at 0x000002302BB1D190>> start_wid=None stop_wid=None post_wid=None skip_call=None call_count=1 args=(<autopts.ptsprojects.zephyr.ztestcase.ZTestCase object at 0x000002302D262060>,) kwds={}
2025-11-28 18:41:43,926 LT1-thread root DEBUG client.py                 82    logger_log                : Test function parameters: args=(<autopts.ptsprojects.zephyr.ztestcase.ZTestCase object at 0x000002302D262060>,), kwds={}
2025-11-28 18:41:43,926 LT1-thread root DEBUG client.py                 82    logger_log                : <class 'autopts.ptsprojects.zephyr.iutctl.ZephyrCtl'>.start
2025-11-28 18:41:43,926 LT1-thread root DEBUG client.py                 82    logger_log                : <class 'autopts.ptsprojects.zephyr.iutctl.ZephyrCtl'>.flush_serial
2025-11-28 18:41:45,121 LT1-thread root DEBUG client.py                 82    logger_log                : Starting socat process: socat.exe -x -v tcp:10.17.12.9:55761,retry=100,interval=1 /dev/ttyS2,raw,b115200,
2025-11-28 18:41:45,129 LT1-thread root DEBUG client.py                 82    logger_log                : accept
2025-11-28 18:41:45,207 BTPWorkerThread-600 (_rx_task) root DEBUG client.py                 82    logger_log                : BTPWorkerThread-600 (_rx_task) started
2025-11-28 18:41:45,207 LT1-thread root DEBUG client.py                 82    logger_log                : Starting test function: class=<class 'autopts.ptsprojects.testcase.TestFunc'>, func=<bound method IutCtl.wait_iut_ready_event of <autopts.ptsprojects.zephyr.iutctl.ZephyrCtl object at 0x000002302BB1D190>> start_wid=None stop_wid=None post_wid=None skip_call=None call_count=1 args=(False,) kwds={}
2025-11-28 18:41:45,208 LT1-thread root DEBUG client.py                 82    logger_log                : Test function parameters: args=(False,), kwds={}
2025-11-28 18:41:45,208 LT1-thread root DEBUG client.py                 82    logger_log                : IUT ready event received OK
2025-11-28 18:41:45,209 LT1-thread root DEBUG client.py                 82    logger_log                : Starting test function: class=<class 'autopts.ptsprojects.testcase.TestFunc'>, func=<function core_reg_svc_gap at 0x0000023029C40040> start_wid=None stop_wid=None post_wid=None skip_call=None call_count=37 args=() kwds={}
2025-11-28 18:41:45,209 LT1-thread root DEBUG client.py                 82    logger_log                : Test function parameters: args=(), kwds={}
2025-11-28 18:41:45,209 LT1-thread root DEBUG client.py                 82    logger_log                : core_reg_svc_univ: gap_reg (GAP)
2025-11-28 18:41:45,209 LT1-thread root DEBUG client.py                 82    logger_log                : send, 0 3 255 '1'
2025-11-28 18:41:45,209 LT1-thread root DEBUG client.py                 82    logger_log                : sending frame '0003ff010001'
2025-11-28 18:41:45,209 LT1-thread root DEBUG client.py                 82    logger_log                : core_reg_svc_rsp_succ
2025-11-28 18:41:45,209 LT1-thread root DEBUG client.py                 82    logger_log                : read
2025-11-28 18:41:48,838 BTPWorkerThread-600 (_rx_task) root DEBUG client.py                 82    logger_log                : Read 5 bytes
2025-11-28 18:41:48,868 BTPWorkerThread-600 (_rx_task) root DEBUG client.py                 82    logger_log                : Received: hdr: Header(svc_id=0x00, op=0x03, ctrl_index=0xff, data_len=0x00) bytearray(b'\x00\x03\xff\x00\x00')
2025-11-28 18:41:48,884 BTPWorkerThread-600 (_rx_task) root DEBUG client.py                 82    logger_log                : Received data: {''}, bytearray(b'')
2025-11-28 18:41:48,884 LT1-thread root DEBUG client.py                 82    logger_log                : received Header(svc_id=0, op=3, ctrl_index=255, data_len=0) (b'',)
2025-11-28 18:41:48,885 LT1-thread root DEBUG client.py                 82    logger_log                : expected ((0, 3, 255, 0), (b'',))
2025-11-28 18:41:48,885 LT1-thread root DEBUG client.py                 82    logger_log                : response is valid
2025-11-28 18:41:48,885 LT1-thread root DEBUG client.py                 82    logger_log                : Reading supported commands for service: GAP
2025-11-28 18:41:48,885 LT1-thread root DEBUG client.py                 82    logger_log                : send, 1 1 255 ''
2025-11-28 18:41:48,885 LT1-thread root DEBUG client.py                 82    logger_log                : sending frame '0101ff0000'
2025-11-28 18:41:48,886 LT1-thread root DEBUG client.py                 82    logger_log                : read
2025-11-28 18:41:48,948 BTPWorkerThread-600 (_rx_task) root DEBUG client.py                 82    logger_log                : Read 5 bytes
2025-11-28 18:41:48,949 BTPWorkerThread-600 (_rx_task) root DEBUG client.py                 82    logger_log                : Received: hdr: Header(svc_id=0x01, op=0x01, ctrl_index=0xff, data_len=0x06) bytearray(b'\x01\x01\xff\x06\x00')
2025-11-28 18:41:48,949 BTPWorkerThread-600 (_rx_task) root DEBUG client.py                 82    logger_log                : Read 6 bytes data
2025-11-28 18:41:48,950 BTPWorkerThread-600 (_rx_task) root DEBUG client.py                 82    logger_log                : Received data: {'6e ff 7f 1f fe f7'}, bytearray(b'n\xff\x7f\x1f\xfe\xf7')
2025-11-28 18:41:48,951 LT1-thread root DEBUG client.py                 82    logger_log                : Starting test function: class=<class 'autopts.ptsprojects.testcase.TestFunc'>, func=<bound method Stack.gap_init of <autopts.ptsprojects.stack.stack.Stack object at 0x000002302CC8FEF0>> start_wid=None stop_wid=None post_wid=None skip_call=None call_count=36 args=(b'Tester_08E44E',) kwds={}
2025-11-28 18:41:48,952 LT1-thread root DEBUG client.py                 82    logger_log                : Test function parameters: args=(b'Tester_08E44E',), kwds={}
2025-11-28 18:41:48,952 LT1-thread root DEBUG client.py                 82    logger_log                : Starting test function: class=<class 'autopts.ptsprojects.testcase.TestFunc'>, func=<function gap_read_ctrl_info at 0x0000023029C822A0> start_wid=None stop_wid=None post_wid=None skip_call=None call_count=36 args=() kwds={}
2025-11-28 18:41:48,952 LT1-thread root DEBUG client.py                 82    logger_log                : Test function parameters: args=(), kwds={}
2025-11-28 18:41:48,952 LT1-thread root DEBUG client.py                 82    logger_log                : gap_read_ctrl_info
2025-11-28 18:41:48,952 LT1-thread root DEBUG client.py                 82    logger_log                : send, 1 3 0 ''
2025-11-28 18:41:48,953 LT1-thread root DEBUG client.py                 82    logger_log                : sending frame '0103000000'
2025-11-28 18:41:48,953 LT1-thread root DEBUG client.py                 82    logger_log                : read
2025-11-28 18:41:49,026 BTPWorkerThread-600 (_rx_task) root DEBUG client.py                 82    logger_log                : Read 5 bytes
2025-11-28 18:41:49,057 BTPWorkerThread-600 (_rx_task) root DEBUG client.py                 82    logger_log                : Received: hdr: Header(svc_id=0x01, op=0x03, ctrl_index=0x00, data_len=0x115) bytearray(b'\x01\x03\x00\x15\x01')
2025-11-28 18:41:49,120 BTPWorkerThread-600 (_rx_task) root DEBUG client.py                 82    logger_log                : Read 277 bytes data
2025-11-28 18:41:49,135 BTPWorkerThread-600 (_rx_task) root DEBUG client.py                 82    logger_log                : Received data: {'19 78 ee 69 17 d0 d3 06 02 00 13 02 00 00 00 00 00 62 74 70 5f 74 65 73 74 65 72 00 00 00 00 00 00 00 00 00 00 00 00 00 00 00 00 00 00 00 00 00 00 00 00 00 00 00 00 00 00 00 00 00 00 00 00 00 00 00 00 00 00 00 00 00 00 00 00 00 00 00 00 00 00 00 00 00 00 00 00 00 00 00 00 00 00 00 00 00 00 00 00 00 00 00 00 00 00 00 00 00 00 00 00 00 00 00 00 00 00 00 00 00 00 00 00 00 00 00 00 00 00 00 00 00 00 00 00 00 00 00 00 00 00 00 00 00 00 00 00 00 00 00 00 00 00 00 00 00 00 00 00 00 00 00 00 00 00 00 00 00 00 00 00 00 00 00 00 00 00 00 00 00 00 00 00 00 00 00 00 00 00 00 00 00 00 00 00 00 00 00 00 00 00 00 00 00 00 00 00 00 00 00 00 00 00 00 00 00 00 00 00 00 00 00 00 00 00 00 00 00 00 00 00 00 00 00 00 00 00 00 00 00 00 00 00 00 00 00 00 00 00 00 00 00 00 00 00 00 00 00 00 00 00 00 00 00 00 00 00 00 00 00 00 00 00 00 00 00 00'}, bytearray(b'\x19x\xeei\x17\xd0\xd3\x06\x02\x00\x13\x02\x00\x00\x00\x00\x00btp_tester\x00\x00\x00\x00\x00\x00\x00\x00\x00\x00\x00\x00\x00\x00\x00\x00\x00\x00\x00\x00\x00\x00\x00\x00\x00\x00\x00\x00\x00\x00\x00\x00\x00\x00\x00\x00\x00\x00\x00\x00\x00\x00\x00\x00\x00\x00\x00\x00\x00\x00\x00\x00\x00\x00\x00\x00\x00\x00\x00\x00\x00\x00\x00\x00\x00\x00\x00\x00\x00\x00\x00\x00\x00\x00\x00\x00\x00\x00\x00\x00\x00\x00\x00\x00\x00\x00\x00\x00\x00\x00\x00\x00\x00\x00\x00\x00\x00\x00\x00\x00\x00\x00\x00\x00\x00\x00\x00\x00\x00\x00\x00\x00\x00\x00\x00\x00\x00\x00\x00\x00\x00\x00\x00\x00\x00\x00\x00\x00\x00\x00\x00\x00\x00\x00\x00\x00\x00\x00\x00\x00\x00\x00\x00\x00\x00\x00\x00\x00\x00\x00\x00\x00\x00\x00\x00\x00\x00\x00\x00\x00\x00\x00\x00\x00\x00\x00\x00\x00\x00\x00\x00\x00\x00\x00\x00\x00\x00\x00\x00\x00\x00\x00\x00\x00\x00\x00\x00\x00\x00\x00\x00\x00\x00\x00\x00\x00\x00\x00\x00\x00\x00\x00\x00\x00\x00\x00\x00\x00\x00\x00\x00\x00\x00\x00\x00\x00\x00\x00\x00\x00\x00\x00\x00\x00\x00\x00\x00\x00\x00\x00\x00\x00\x00\x00\x00\x00\x00\x00\x00\x00\x00\x00\x00\x00\x00\x00\x00\x00\x00\x00')
2025-11-28 18:41:49,166 LT1-thread root DEBUG client.py                 82    logger_log                : received Header(svc_id=1, op=3, ctrl_index=0, data_len=277) (b'\x19x\xeei\x17\xd0\xd3\x06\x02\x00\x13\x02\x00\x00\x00\x00\x00btp_tester\x00\x00\x00\x00\x00\x00\x00\x00\x00\x00\x00\x00\x00\x00\x00\x00\x00\x00\x00\x00\x00\x00\x00\x00\x00\x00\x00\x00\x00\x00\x00\x00\x00\x00\x00\x00\x00\x00\x00\x00\x00\x00\x00\x00\x00\x00\x00\x00\x00\x00\x00\x00\x00\x00\x00\x00\x00\x00\x00\x00\x00\x00\x00\x00\x00\x00\x00\x00\x00\x00\x00\x00\x00\x00\x00\x00\x00\x00\x00\x00\x00\x00\x00\x00\x00\x00\x00\x00\x00\x00\x00\x00\x00\x00\x00\x00\x00\x00\x00\x00\x00\x00\x00\x00\x00\x00\x00\x00\x00\x00\x00\x00\x00\x00\x00\x00\x00\x00\x00\x00\x00\x00\x00\x00\x00\x00\x00\x00\x00\x00\x00\x00\x00\x00\x00\x00\x00\x00\x00\x00\x00\x00\x00\x00\x00\x00\x00\x00\x00\x00\x00\x00\x00\x00\x00\x00\x00\x00\x00\x00\x00\x00\x00\x00\x00\x00\x00\x00\x00\x00\x00\x00\x00\x00\x00\x00\x00\x00\x00\x00\x00\x00\x00\x00\x00\x00\x00\x00\x00\x00\x00\x00\x00\x00\x00\x00\x00\x00\x00\x00\x00\x00\x00\x00\x00\x00\x00\x00\x00\x00\x00\x00\x00\x00\x00\x00\x00\x00\x00\x00\x00\x00\x00\x00\x00\x00\x00\x00\x00\x00\x00\x00\x00\x00\x00\x00\x00\x00\x00\x00\x00\x00\x00\x00\x00\x00\x00\x00\x00\x00',)
2025-11-28 18:41:49,166 LT1-thread root DEBUG client.py                 82    logger_log                : IUT address 'd01769ee7819' 'public'
2025-11-28 18:41:49,166 LT1-thread root DEBUG client.py                 82    logger_log                : __gap_current_settings_update 531
2025-11-28 18:41:49,167 LT1-thread root DEBUG client.py                 82    logger_log                : Starting test function: class=<class 'autopts.ptsprojects.testcase.TestFunc'>, func=<function test_cases.<locals>.<lambda> at 0x000002302D1A58A0> start_wid=None stop_wid=None post_wid=None skip_call=None call_count=36 args=() kwds={}
2025-11-28 18:41:49,167 LT1-thread root DEBUG client.py                 82    logger_log                : Test function parameters: args=(), kwds={}
2025-11-28 18:41:49,179 LT1-thread root DEBUG client.py                 82    logger_log                : Starting test function: class=<class 'autopts.ptsprojects.testcase.TestFunc'>, func=<function set_pts_addr at 0x0000023029C3BBA0> start_wid=None stop_wid=None post_wid=None skip_call=None call_count=36 args=('00:1B:DC:08:E4:4E', 0) kwds={}
2025-11-28 18:41:49,179 LT1-thread root DEBUG client.py                 82    logger_log                : Test function parameters: args=('00:1B:DC:08:E4:4E', 0), kwds={}
2025-11-28 18:41:49,180 LT1-thread root DEBUG client.py                 82    logger_log                : Starting test function: class=<class 'autopts.ptsprojects.testcase.TestFunc'>, func=<function core_reg_svc_avrcp at 0x0000023029C416C0> start_wid=None stop_wid=None post_wid=None skip_call=None call_count=36 args=() kwds={}
2025-11-28 18:41:49,180 LT1-thread root DEBUG client.py                 82    logger_log                : Test function parameters: args=(), kwds={}
2025-11-28 18:41:49,180 LT1-thread root DEBUG client.py                 82    logger_log                : core_reg_svc_univ: avrcp_reg (AVRCP)
2025-11-28 18:41:49,180 LT1-thread root DEBUG client.py                 82    logger_log                : send, 0 3 255 '37'
2025-11-28 18:41:49,180 LT1-thread root DEBUG client.py                 82    logger_log                : sending frame '0003ff010025'
2025-11-28 18:41:49,180 LT1-thread root DEBUG client.py                 82    logger_log                : core_reg_svc_rsp_succ
2025-11-28 18:41:49,182 LT1-thread root DEBUG client.py                 82    logger_log                : read
2025-11-28 18:41:49,244 BTPWorkerThread-600 (_rx_task) root DEBUG client.py                 82    logger_log                : Read 5 bytes
2025-11-28 18:41:49,244 BTPWorkerThread-600 (_rx_task) root DEBUG client.py                 82    logger_log                : Received: hdr: Header(svc_id=0x00, op=0x03, ctrl_index=0xff, data_len=0x00) bytearray(b'\x00\x03\xff\x00\x00')
2025-11-28 18:41:49,276 BTPWorkerThread-600 (_rx_task) root DEBUG client.py                 82    logger_log                : Received data: {''}, bytearray(b'')
2025-11-28 18:41:49,308 LT1-thread root DEBUG client.py                 82    logger_log                : received Header(svc_id=0, op=3, ctrl_index=255, data_len=0) (b'',)
2025-11-28 18:41:49,308 LT1-thread root DEBUG client.py                 82    logger_log                : expected ((0, 3, 255, 0), (b'',))
2025-11-28 18:41:49,309 LT1-thread root DEBUG client.py                 82    logger_log                : response is valid
2025-11-28 18:41:49,309 LT1-thread root DEBUG client.py                 82    logger_log                : Reading supported commands for service: AVRCP
2025-11-28 18:41:49,309 LT1-thread root DEBUG client.py                 82    logger_log                : send, 37 1 255 ''
2025-11-28 18:41:49,309 LT1-thread root DEBUG client.py                 82    logger_log                : sending frame '2501ff0000'
2025-11-28 18:41:49,310 LT1-thread root DEBUG client.py                 82    logger_log                : read
2025-11-28 18:41:49,387 BTPWorkerThread-600 (_rx_task) root DEBUG client.py                 82    logger_log                : Read 5 bytes
2025-11-28 18:41:49,419 BTPWorkerThread-600 (_rx_task) root DEBUG client.py                 82    logger_log                : Received: hdr: Header(svc_id=0x25, op=0x01, ctrl_index=0xff, data_len=0x05) bytearray(b'%\x01\xff\x05\x00')
2025-11-28 18:41:49,592 BTPWorkerThread-600 (_rx_task) root DEBUG client.py                 82    logger_log                : Read 5 bytes data
2025-11-28 18:41:49,593 BTPWorkerThread-600 (_rx_task) root DEBUG client.py                 82    logger_log                : Received data: {'fe ff e7 ff 7f'}, bytearray(b'\xfe\xff\xe7\xff\x7f')
2025-11-28 18:41:49,624 LT1-thread root DEBUG client.py                 82    logger_log                : Starting test function: class=<class 'autopts.ptsprojects.testcase.TestFunc'>, func=<bound method Stack.avrcp_init of <autopts.ptsprojects.stack.stack.Stack object at 0x000002302CC8FEF0>> start_wid=None stop_wid=None post_wid=None skip_call=None call_count=36 args=() kwds={}
2025-11-28 18:41:49,624 LT1-thread root DEBUG client.py                 82    logger_log                : Test function parameters: args=(), kwds={}
2025-11-28 18:41:49,627 LT1-thread root DEBUG client.py                 82    logger_log                : ClientCallback.get_result run_test_case
2025-11-28 18:41:52,774 LT1-callback ClientCallback.on_implicit_send INFO client.py                 82    logger_log                : 
    ********************
    BEGIN OnImplicitSend:
    project_name: AVRCP
    wid: 84
    test_case_name: AVRCP/CT/MCN/CB/BV-12-C
    description: Action: Place the IUT in connectable mode.

Description : PTS requires that the IUT be in connectable mode.The PTS will attempt to establish an ACL connection.
    style: MMI_Style_Ok_Cancel1 0x11041
2025-11-28 18:41:52,775 LT1-callback ClientCallback.on_implicit_send INFO client.py                 82    logger_log                : Calling test cases on_implicit_send
2025-11-28 18:41:52,775 LT1-callback ClientCallback.on_implicit_send INFO client.py                 82    logger_log                : 
    on_implicit_send returned response: WAIT
    END OnImplicitSend
    ********************
2025-11-28 18:41:53,674 LT1-thread root DEBUG client.py                 82    logger_log                : AVRCP AVRCP/CT/MCN/CB/BV-12-C on_implicit_send
2025-11-28 18:41:53,675 LT1-thread root DEBUG client.py                 82    logger_log                : avrcp_wid_hdl, 84, Action: Place the IUT in connectable mode.

Description : PTS requires that the IUT be in connectable mode.The PTS will attempt to establish an ACL connection., AVRCP/CT/MCN/CB/BV-12-C
2025-11-28 18:41:53,677 LT1-thread root DEBUG client.py                 82    logger_log                : gap_set_conn
2025-11-28 18:41:53,678 LT1-thread root DEBUG client.py                 82    logger_log                : gap_set_gendiscov
2025-11-28 18:41:53,679 LT1-thread root DEBUG client.py                 82    logger_log                : send, 1 8 0 '1'
2025-11-28 18:41:53,686 LT1-thread root DEBUG client.py                 82    logger_log                : sending frame '010800010001'
2025-11-28 18:41:53,688 LT1-thread root DEBUG client.py                 82    logger_log                : gap_command_rsp_succ
2025-11-28 18:41:53,688 LT1-thread root DEBUG client.py                 82    logger_log                : read
2025-11-28 18:41:53,762 BTPWorkerThread-600 (_rx_task) root DEBUG client.py                 82    logger_log                : Read 5 bytes
2025-11-28 18:41:53,795 BTPWorkerThread-600 (_rx_task) root DEBUG client.py                 82    logger_log                : Received: hdr: Header(svc_id=0x01, op=0x08, ctrl_index=0x00, data_len=0x04) bytearray(b'\x01\x08\x00\x04\x00')
2025-11-28 18:41:53,852 BTPWorkerThread-600 (_rx_task) root DEBUG client.py                 82    logger_log                : Read 4 bytes data
2025-11-28 18:41:53,873 BTPWorkerThread-600 (_rx_task) root DEBUG client.py                 82    logger_log                : Received data: {'1b 02 00 00'}, bytearray(b'\x1b\x02\x00\x00')
2025-11-28 18:41:53,873 LT1-thread root DEBUG client.py                 82    logger_log                : received Header(svc_id=1, op=8, ctrl_index=0, data_len=4) (b'\x1b\x02\x00\x00',)
2025-11-28 18:41:53,874 LT1-thread root DEBUG client.py                 82    logger_log                : __gap_current_settings_update (b'\x1b\x02\x00\x00',)
2025-11-28 18:41:53,874 LT1-thread root DEBUG client.py                 82    logger_log                : gap_adv_ind_on {9: b'Tester_08E44E'} None
2025-11-28 18:41:53,875 LT1-thread root DEBUG client.py                 82    logger_log                : send, 1 10 0 "bytearray(b'\\x0f\\x00\\t\\rTester_08E44E\\xff\\xff\\xff\\xff\\x00')"
2025-11-28 18:41:53,875 LT1-thread root DEBUG client.py                 82    logger_log                : sending frame '010a0016000f00090d5465737465725f303845343445ffffffff00'
2025-11-28 18:41:53,875 LT1-thread root DEBUG client.py                 82    logger_log                : gap_command_rsp_succ
2025-11-28 18:41:53,876 LT1-thread root DEBUG client.py                 82    logger_log                : read
2025-11-28 18:41:53,973 BTPWorkerThread-600 (_rx_task) root DEBUG client.py                 82    logger_log                : Read 5 bytes
2025-11-28 18:41:53,974 BTPWorkerThread-600 (_rx_task) root DEBUG client.py                 82    logger_log                : Received: hdr: Header(svc_id=0x01, op=0x0a, ctrl_index=0x00, data_len=0x04) bytearray(b'\x01\n\x00\x04\x00')
2025-11-28 18:41:53,974 BTPWorkerThread-600 (_rx_task) root DEBUG client.py                 82    logger_log                : Read 4 bytes data
2025-11-28 18:41:53,975 BTPWorkerThread-600 (_rx_task) root DEBUG client.py                 82    logger_log                : Received data: {'1b 06 00 00'}, bytearray(b'\x1b\x06\x00\x00')
2025-11-28 18:41:53,976 LT1-thread root DEBUG client.py                 82    logger_log                : received Header(svc_id=1, op=10, ctrl_index=0, data_len=4) (b'\x1b\x06\x00\x00',)
2025-11-28 18:41:53,976 LT1-thread root DEBUG client.py                 82    logger_log                : __gap_current_settings_update (b'\x1b\x06\x00\x00',)
2025-11-28 18:41:53,977 LT1-thread root DEBUG client.py                 82    logger_log                : Sending response 'OK' to wid 84 test case AVRCP/CT/MCN/CB/BV-12-C
2025-11-28 18:41:54,001 LT1-thread root DEBUG client.py                 82    logger_log                : ClientCallback.get_result run_test_case
2025-11-28 18:41:56,400 BTPWorkerThread-600 (_rx_task) root DEBUG client.py                 82    logger_log                : Read 5 bytes
2025-11-28 18:41:56,400 BTPWorkerThread-600 (_rx_task) root DEBUG client.py                 82    logger_log                : Received: hdr: Header(svc_id=0x01, op=0x82, ctrl_index=0x00, data_len=0x0d) bytearray(b'\x01\x82\x00\r\x00')
2025-11-28 18:41:56,401 BTPWorkerThread-600 (_rx_task) root DEBUG client.py                 82    logger_log                : Read 12 bytes data
2025-11-28 18:41:56,416 BTPWorkerThread-600 (_rx_task) root DEBUG client.py                 82    logger_log                : Read 1 bytes data
2025-11-28 18:41:56,416 BTPWorkerThread-600 (_rx_task) root DEBUG client.py                 82    logger_log                : Received data: {'e0 4e e4 08 dc 1b 00 00 00 00 00 00 00'}, bytearray(b'\xe0N\xe4\x08\xdc\x1b\x00\x00\x00\x00\x00\x00\x00')
2025-11-28 18:41:56,417 BTPWorkerThread-600 (_rx_task) root DEBUG client.py                 82    logger_log                : event_handler Header(svc_id=1, op=130, ctrl_index=0, data_len=13) (b'\xe0N\xe4\x08\xdc\x1b\x00\x00\x00\x00\x00\x00\x00',)
2025-11-28 18:41:56,417 BTPWorkerThread-600 (_rx_task) root DEBUG client.py                 82    logger_log                : gap_connected_ev_ b'\xe0N\xe4\x08\xdc\x1b\x00\x00\x00\x00\x00\x00\x00'
2025-11-28 18:41:56,417 BTPWorkerThread-600 (_rx_task) root DEBUG client.py                 82    logger_log                : Read 5 bytes
2025-11-28 18:41:56,417 BTPWorkerThread-600 (_rx_task) root DEBUG client.py                 82    logger_log                : Received: hdr: Header(svc_id=0x01, op=0x80, ctrl_index=0x00, data_len=0x04) bytearray(b'\x01\x80\x00\x04\x00')
2025-11-28 18:41:56,417 BTPWorkerThread-600 (_rx_task) root DEBUG client.py                 82    logger_log                : Read 4 bytes data
2025-11-28 18:41:56,418 BTPWorkerThread-600 (_rx_task) root DEBUG client.py                 82    logger_log                : Received data: {'1b 02 00 00'}, bytearray(b'\x1b\x02\x00\x00')
2025-11-28 18:41:56,418 BTPWorkerThread-600 (_rx_task) root DEBUG client.py                 82    logger_log                : event_handler Header(svc_id=1, op=128, ctrl_index=0, data_len=4) (b'\x1b\x02\x00\x00',)
2025-11-28 18:41:56,418 BTPWorkerThread-600 (_rx_task) root DEBUG client.py                 82    logger_log                : gap_new_settings_ev_ b'\x1b\x02\x00\x00'
2025-11-28 18:41:56,418 BTPWorkerThread-600 (_rx_task) root DEBUG client.py                 82    logger_log                : __gap_current_settings_update 539
2025-11-28 18:41:56,554 LT1-callback ClientCallback.on_implicit_send INFO client.py                 82    logger_log                : 
    ********************
    BEGIN OnImplicitSend:
    project_name: AVRCP
    wid: 2002
    test_case_name: AVRCP/CT/MCN/CB/BV-12-C
    description: Please wait while PTS creates an AVCTP control channel connection.

Action: Make sure the IUT is in a connectable state.
    style: MMI_Style_Ok_Cancel2 0x11141
2025-11-28 18:41:56,554 LT1-callback ClientCallback.on_implicit_send INFO client.py                 82    logger_log                : Calling test cases on_implicit_send
2025-11-28 18:41:56,554 LT1-callback ClientCallback.on_implicit_send INFO client.py                 82    logger_log                : 
    on_implicit_send returned response: WAIT
    END OnImplicitSend
    ********************
2025-11-28 18:41:57,014 LT1-thread root DEBUG client.py                 82    logger_log                : AVRCP AVRCP/CT/MCN/CB/BV-12-C on_implicit_send
2025-11-28 18:41:57,014 LT1-thread root DEBUG client.py                 82    logger_log                : avrcp_wid_hdl, 2002, Please wait while PTS creates an AVCTP control channel connection.

Action: Make sure the IUT is in a connectable state., AVRCP/CT/MCN/CB/BV-12-C
2025-11-28 18:41:58,125 BTPWorkerThread-600 (_rx_task) root DEBUG client.py                 82    logger_log                : Read 5 bytes
2025-11-28 18:41:58,172 BTPWorkerThread-600 (_rx_task) root DEBUG client.py                 82    logger_log                : Received: hdr: Header(svc_id=0x01, op=0x91, ctrl_index=0x00, data_len=0x09) bytearray(b'\x01\x91\x00\t\x00')
2025-11-28 18:41:58,234 BTPWorkerThread-600 (_rx_task) root DEBUG client.py                 82    logger_log                : Read 9 bytes data
2025-11-28 18:41:58,265 BTPWorkerThread-600 (_rx_task) root DEBUG client.py                 82    logger_log                : Received data: {'e0 4e e4 08 dc 1b 00 01 10'}, bytearray(b'\xe0N\xe4\x08\xdc\x1b\x00\x01\x10')
2025-11-28 18:41:58,311 BTPWorkerThread-600 (_rx_task) root DEBUG client.py                 82    logger_log                : event_handler Header(svc_id=1, op=145, ctrl_index=0, data_len=9) (b'\xe0N\xe4\x08\xdc\x1b\x00\x01\x10',)
2025-11-28 18:41:58,342 BTPWorkerThread-600 (_rx_task) root DEBUG client.py                 82    logger_log                : gap_encryption_change_ev_
2025-11-28 18:41:58,374 BTPWorkerThread-600 (_rx_task) root DEBUG client.py                 82    logger_log                : enc change received b'\xe0N\xe4\x08\xdc\x1b\x00\x01\x10'
2025-11-28 18:41:58,404 BTPWorkerThread-600 (_rx_task) root DEBUG client.py                 82    logger_log                : received (224, '001bdc08e44e', 1, 16)
2025-11-28 18:41:58,466 BTPWorkerThread-600 (_rx_task) root DEBUG client.py                 82    logger_log                : Read 5 bytes
2025-11-28 18:41:58,498 BTPWorkerThread-600 (_rx_task) root DEBUG client.py                 82    logger_log                : Received: hdr: Header(svc_id=0x01, op=0x89, ctrl_index=0x00, data_len=0x08) bytearray(b'\x01\x89\x00\x08\x00')
2025-11-28 18:41:58,545 BTPWorkerThread-600 (_rx_task) root DEBUG client.py                 82    logger_log                : Read 8 bytes data
2025-11-28 18:41:58,623 BTPWorkerThread-600 (_rx_task) root DEBUG client.py                 82    logger_log                : Received data: {'e0 4e e4 08 dc 1b 00 02'}, bytearray(b'\xe0N\xe4\x08\xdc\x1b\x00\x02')
2025-11-28 18:41:58,670 BTPWorkerThread-600 (_rx_task) root DEBUG client.py                 82    logger_log                : event_handler Header(svc_id=1, op=137, ctrl_index=0, data_len=8) (b'\xe0N\xe4\x08\xdc\x1b\x00\x02',)
2025-11-28 18:41:58,701 BTPWorkerThread-600 (_rx_task) root DEBUG client.py                 82    logger_log                : gap_sec_level_changed_ev_
2025-11-28 18:41:58,732 BTPWorkerThread-600 (_rx_task) root DEBUG client.py                 82    logger_log                : received b'\xe0N\xe4\x08\xdc\x1b\x00\x02'
2025-11-28 18:41:58,764 BTPWorkerThread-600 (_rx_task) root DEBUG client.py                 82    logger_log                : received (224, '001bdc08e44e', 2)
2025-11-28 18:41:58,811 BTPWorkerThread-600 (_rx_task) root DEBUG client.py                 82    logger_log                : Read 5 bytes
2025-11-28 18:41:58,841 BTPWorkerThread-600 (_rx_task) root DEBUG client.py                 82    logger_log                : Received: hdr: Header(svc_id=0x25, op=0x80, ctrl_index=0x00, data_len=0x06) bytearray(b'%\x80\x00\x06\x00')
2025-11-28 18:41:58,905 BTPWorkerThread-600 (_rx_task) root DEBUG client.py                 82    logger_log                : Read 6 bytes data
2025-11-28 18:41:58,936 BTPWorkerThread-600 (_rx_task) root DEBUG client.py                 82    logger_log                : Received data: {'4e e4 08 dc 1b 00'}, bytearray(b'N\xe4\x08\xdc\x1b\x00')
2025-11-28 18:41:58,984 BTPWorkerThread-600 (_rx_task) root DEBUG client.py                 82    logger_log                : event_handler Header(svc_id=37, op=128, ctrl_index=0, data_len=6) (b'N\xe4\x08\xdc\x1b\x00',)
2025-11-28 18:41:59,015 BTPWorkerThread-600 (_rx_task) root DEBUG client.py                 82    logger_log                : avrcp_ev_control_connected b'N\xe4\x08\xdc\x1b\x00'
2025-11-28 18:41:59,046 LT1-thread root DEBUG client.py                 82    logger_log                : Sending response 'OK' to wid 2002 test case AVRCP/CT/MCN/CB/BV-12-C
2025-11-28 18:41:59,046 BTPWorkerThread-600 (_rx_task) root DEBUG client.py                 82    logger_log                : Read 5 bytes
2025-11-28 18:41:59,047 BTPWorkerThread-600 (_rx_task) root DEBUG client.py                 82    logger_log                : Received: hdr: Header(svc_id=0x25, op=0x80, ctrl_index=0x00, data_len=0x06) bytearray(b'%\x80\x00\x06\x00')
2025-11-28 18:41:59,047 BTPWorkerThread-600 (_rx_task) root DEBUG client.py                 82    logger_log                : Read 6 bytes data
2025-11-28 18:41:59,048 BTPWorkerThread-600 (_rx_task) root DEBUG client.py                 82    logger_log                : Received data: {'4e e4 08 dc 1b 00'}, bytearray(b'N\xe4\x08\xdc\x1b\x00')
2025-11-28 18:41:59,049 LT1-thread root DEBUG client.py                 82    logger_log                : ClientCallback.get_result run_test_case
2025-11-28 18:41:59,049 BTPWorkerThread-600 (_rx_task) root DEBUG client.py                 82    logger_log                : event_handler Header(svc_id=37, op=128, ctrl_index=0, data_len=6) (b'N\xe4\x08\xdc\x1b\x00',)
2025-11-28 18:41:59,049 BTPWorkerThread-600 (_rx_task) root DEBUG client.py                 82    logger_log                : avrcp_ev_control_connected b'N\xe4\x08\xdc\x1b\x00'
2025-11-28 18:41:59,050 BTPWorkerThread-600 (_rx_task) root DEBUG client.py                 82    logger_log                : Read 5 bytes
2025-11-28 18:41:59,050 BTPWorkerThread-600 (_rx_task) root DEBUG client.py                 82    logger_log                : Received: hdr: Header(svc_id=0x25, op=0x82, ctrl_index=0x00, data_len=0x06) bytearray(b'%\x82\x00\x06\x00')
2025-11-28 18:41:59,050 BTPWorkerThread-600 (_rx_task) root DEBUG client.py                 82    logger_log                : Read 6 bytes data
2025-11-28 18:41:59,052 BTPWorkerThread-600 (_rx_task) root DEBUG client.py                 82    logger_log                : Received data: {'4e e4 08 dc 1b 00'}, bytearray(b'N\xe4\x08\xdc\x1b\x00')
2025-11-28 18:41:59,052 LT1-callback ClientCallback.on_implicit_send INFO client.py                 82    logger_log                : 
    ********************
    BEGIN OnImplicitSend:
    project_name: AVRCP
    wid: 2001
    test_case_name: AVRCP/CT/MCN/CB/BV-12-C
    description: Please wait while PTS creates an AVCTP browsing channel connection.

Action: Make sure the IUT is in a connectable state.
    style: MMI_Style_Ok_Cancel2 0x11141
2025-11-28 18:41:59,053 LT1-callback ClientCallback.on_implicit_send INFO client.py                 82    logger_log                : Calling test cases on_implicit_send
2025-11-28 18:41:59,053 BTPWorkerThread-600 (_rx_task) root DEBUG client.py                 82    logger_log                : event_handler Header(svc_id=37, op=130, ctrl_index=0, data_len=6) (b'N\xe4\x08\xdc\x1b\x00',)
2025-11-28 18:41:59,053 LT1-callback ClientCallback.on_implicit_send INFO client.py                 82    logger_log                : 
    on_implicit_send returned response: WAIT
    END OnImplicitSend
    ********************
2025-11-28 18:41:59,053 BTPWorkerThread-600 (_rx_task) root DEBUG client.py                 82    logger_log                : avrcp_ev_browsing_connected b'N\xe4\x08\xdc\x1b\x00'
2025-11-28 18:41:59,053 BTPWorkerThread-600 (_rx_task) root DEBUG client.py                 82    logger_log                : Read 5 bytes
2025-11-28 18:41:59,054 BTPWorkerThread-600 (_rx_task) root DEBUG client.py                 82    logger_log                : Received: hdr: Header(svc_id=0x25, op=0x82, ctrl_index=0x00, data_len=0x06) bytearray(b'%\x82\x00\x06\x00')
2025-11-28 18:41:59,054 BTPWorkerThread-600 (_rx_task) root DEBUG client.py                 82    logger_log                : Read 6 bytes data
2025-11-28 18:41:59,055 BTPWorkerThread-600 (_rx_task) root DEBUG client.py                 82    logger_log                : Received data: {'4e e4 08 dc 1b 00'}, bytearray(b'N\xe4\x08\xdc\x1b\x00')
2025-11-28 18:41:59,055 BTPWorkerThread-600 (_rx_task) root DEBUG client.py                 82    logger_log                : event_handler Header(svc_id=37, op=130, ctrl_index=0, data_len=6) (b'N\xe4\x08\xdc\x1b\x00',)
2025-11-28 18:41:59,055 BTPWorkerThread-600 (_rx_task) root DEBUG client.py                 82    logger_log                : avrcp_ev_browsing_connected b'N\xe4\x08\xdc\x1b\x00'
2025-11-28 18:42:00,059 LT1-thread root DEBUG client.py                 82    logger_log                : AVRCP AVRCP/CT/MCN/CB/BV-12-C on_implicit_send
2025-11-28 18:42:00,059 LT1-thread root DEBUG client.py                 82    logger_log                : avrcp_wid_hdl, 2001, Please wait while PTS creates an AVCTP browsing channel connection.

Action: Make sure the IUT is in a connectable state., AVRCP/CT/MCN/CB/BV-12-C
2025-11-28 18:42:00,059 LT1-thread root DEBUG client.py                 82    logger_log                : Sending response 'OK' to wid 2001 test case AVRCP/CT/MCN/CB/BV-12-C
2025-11-28 18:42:00,062 LT1-thread root DEBUG client.py                 82    logger_log                : ClientCallback.get_result run_test_case
2025-11-28 18:42:00,065 LT1-callback ClientCallback.on_implicit_send INFO client.py                 82    logger_log                : 
    ********************
    BEGIN OnImplicitSend:
    project_name: AVRCP
    wid: 3086
    test_case_name: AVRCP/CT/MCN/CB/BV-12-C
    description: Take action to send a [Set Browsed Player] command to the PTS from the IUT.

Description: Verify that the Implementation Under Test (IUT) can send a Set Browsed Player command to PTS.  Browse for media players to find a browsable media player ID to use for this command.
    style: MMI_Style_Ok 0x11040
2025-11-28 18:42:00,065 LT1-callback ClientCallback.on_implicit_send INFO client.py                 82    logger_log                : Calling test cases on_implicit_send
2025-11-28 18:42:00,065 LT1-callback ClientCallback.on_implicit_send INFO client.py                 82    logger_log                : 
    on_implicit_send returned response: WAIT
    END OnImplicitSend
    ********************
2025-11-28 18:42:01,067 LT1-thread root DEBUG client.py                 82    logger_log                : AVRCP AVRCP/CT/MCN/CB/BV-12-C on_implicit_send
2025-11-28 18:42:01,067 LT1-thread root DEBUG client.py                 82    logger_log                : avrcp_wid_hdl, 3086, Take action to send a [Set Browsed Player] command to the PTS from the IUT.

Description: Verify that the Implementation Under Test (IUT) can send a Set Browsed Player command to PTS.  Browse for media players to find a browsable media player ID to use for this command., AVRCP/CT/MCN/CB/BV-12-C
2025-11-28 18:42:01,067 LT1-thread root DEBUG client.py                 82    logger_log                : avrcp_get_folder_items None 0 0 10 []
2025-11-28 18:42:01,068 LT1-thread root DEBUG client.py                 82    logger_log                : send, 37 23 0 "bytearray(b'N\\xe4\\x08\\xdc\\x1b\\x00\\x00\\x00\\x00\\x00\\x00\\n\\x00\\x00\\x00\\x00')"
2025-11-28 18:42:01,068 LT1-thread root DEBUG client.py                 82    logger_log                : sending frame '25170010004ee408dc1b0000000000000a00000000'
2025-11-28 18:42:01,069 LT1-thread root DEBUG client.py                 82    logger_log                : avrcp_command_rsp_succ
2025-11-28 18:42:01,069 LT1-thread root DEBUG client.py                 82    logger_log                : read
2025-11-28 18:42:01,129 BTPWorkerThread-600 (_rx_task) root DEBUG client.py                 82    logger_log                : Read 5 bytes
2025-11-28 18:42:01,159 BTPWorkerThread-600 (_rx_task) root DEBUG client.py                 82    logger_log                : Received: hdr: Header(svc_id=0x25, op=0x17, ctrl_index=0x00, data_len=0x00) bytearray(b'%\x17\x00\x00\x00')
2025-11-28 18:42:01,190 BTPWorkerThread-600 (_rx_task) root DEBUG client.py                 82    logger_log                : Received data: {''}, bytearray(b'')
2025-11-28 18:42:01,236 LT1-thread root DEBUG client.py                 82    logger_log                : received Header(svc_id=37, op=23, ctrl_index=0, data_len=0) (b'',)
2025-11-28 18:42:01,237 BTPWorkerThread-600 (_rx_task) root DEBUG client.py                 82    logger_log                : Read 5 bytes
2025-11-28 18:42:01,237 BTPWorkerThread-600 (_rx_task) root DEBUG client.py                 82    logger_log                : Received: hdr: Header(svc_id=0x25, op=0x95, ctrl_index=0x00, data_len=0x67) bytearray(b'%\x95\x00g\x00')
2025-11-28 18:42:01,266 BTPWorkerThread-600 (_rx_task) root DEBUG client.py                 82    logger_log                : Read 103 bytes data
2025-11-28 18:42:01,298 BTPWorkerThread-600 (_rx_task) root DEBUG client.py                 82    logger_log                : Received data: {'4e e4 08 dc 1b 00 04 56 10 02 00 01 2a 00 01 00 03 01 00 00 00 00 ff ff ff ff ff ff ff 7f 1f 00 00 00 00 00 00 00 6a 00 0e 00 42 72 6f 77 73 65 64 20 50 6c 61 79 65 72 01 2c 00 02 00 03 01 00 00 00 00 ff ff ff ff ff ff ff 77 1f 00 00 00 00 00 00 00 6a 00 10 00 41 64 64 72 65 73 73 65 64 20 50 6c 61 79 65 72'}, bytearray(b'N\xe4\x08\xdc\x1b\x00\x04V\x10\x02\x00\x01*\x00\x01\x00\x03\x01\x00\x00\x00\x00\xff\xff\xff\xff\xff\xff\xff\x7f\x1f\x00\x00\x00\x00\x00\x00\x00j\x00\x0e\x00Browsed Player\x01,\x00\x02\x00\x03\x01\x00\x00\x00\x00\xff\xff\xff\xff\xff\xff\xffw\x1f\x00\x00\x00\x00\x00\x00\x00j\x00\x10\x00Addressed Player')
2025-11-28 18:42:01,345 BTPWorkerThread-600 (_rx_task) root DEBUG client.py                 82    logger_log                : event_handler Header(svc_id=37, op=149, ctrl_index=0, data_len=103) (b'N\xe4\x08\xdc\x1b\x00\x04V\x10\x02\x00\x01*\x00\x01\x00\x03\x01\x00\x00\x00\x00\xff\xff\xff\xff\xff\xff\xff\x7f\x1f\x00\x00\x00\x00\x00\x00\x00j\x00\x0e\x00Browsed Player\x01,\x00\x02\x00\x03\x01\x00\x00\x00\x00\xff\xff\xff\xff\xff\xff\xffw\x1f\x00\x00\x00\x00\x00\x00\x00j\x00\x10\x00Addressed Player',)
2025-11-28 18:42:01,376 BTPWorkerThread-600 (_rx_task) root DEBUG client.py                 82    logger_log                : avrcp_ev_get_folder_items_rsp b'N\xe4\x08\xdc\x1b\x00\x04V\x10\x02\x00\x01*\x00\x01\x00\x03\x01\x00\x00\x00\x00\xff\xff\xff\xff\xff\xff\xff\x7f\x1f\x00\x00\x00\x00\x00\x00\x00j\x00\x0e\x00Browsed Player\x01,\x00\x02\x00\x03\x01\x00\x00\x00\x00\xff\xff\xff\xff\xff\xff\xffw\x1f\x00\x00\x00\x00\x00\x00\x00j\x00\x10\x00Addressed Player'
2025-11-28 18:42:01,409 LT1-thread root DEBUG client.py                 82    logger_log                : avrcp_set_browsed_player None 1
2025-11-28 18:42:01,409 LT1-thread root DEBUG client.py                 82    logger_log                : send, 37 25 0 "bytearray(b'N\\xe4\\x08\\xdc\\x1b\\x00\\x01\\x00')"
2025-11-28 18:42:01,410 LT1-thread root DEBUG client.py                 82    logger_log                : sending frame '25190008004ee408dc1b000100'
2025-11-28 18:42:01,410 LT1-thread root DEBUG client.py                 82    logger_log                : avrcp_command_rsp_succ
2025-11-28 18:42:01,411 LT1-thread root DEBUG client.py                 82    logger_log                : read
2025-11-28 18:42:01,487 BTPWorkerThread-600 (_rx_task) root DEBUG client.py                 82    logger_log                : Read 5 bytes
2025-11-28 18:42:01,518 BTPWorkerThread-600 (_rx_task) root DEBUG client.py                 82    logger_log                : Received: hdr: Header(svc_id=0x25, op=0x19, ctrl_index=0x00, data_len=0x00) bytearray(b'%\x19\x00\x00\x00')
2025-11-28 18:42:01,549 BTPWorkerThread-600 (_rx_task) root DEBUG client.py                 82    logger_log                : Received data: {''}, bytearray(b'')
2025-11-28 18:42:01,594 LT1-thread root DEBUG client.py                 82    logger_log                : received Header(svc_id=37, op=25, ctrl_index=0, data_len=0) (b'',)
2025-11-28 18:42:01,595 BTPWorkerThread-600 (_rx_task) root DEBUG client.py                 82    logger_log                : Read 5 bytes
2025-11-28 18:42:01,610 BTPWorkerThread-600 (_rx_task) root DEBUG client.py                 82    logger_log                : Received: hdr: Header(svc_id=0x25, op=0x97, ctrl_index=0x00, data_len=0x10) bytearray(b'%\x97\x00\x10\x00')
2025-11-28 18:42:01,673 BTPWorkerThread-600 (_rx_task) root DEBUG client.py                 82    logger_log                : Read 16 bytes data
2025-11-28 18:42:01,706 BTPWorkerThread-600 (_rx_task) root DEBUG client.py                 82    logger_log                : Received data: {'4e e4 08 dc 1b 00 04 56 10 07 00 00 00 6a 00 00'}, bytearray(b'N\xe4\x08\xdc\x1b\x00\x04V\x10\x07\x00\x00\x00j\x00\x00')
2025-11-28 18:42:01,752 BTPWorkerThread-600 (_rx_task) root DEBUG client.py                 82    logger_log                : event_handler Header(svc_id=37, op=151, ctrl_index=0, data_len=16) (b'N\xe4\x08\xdc\x1b\x00\x04V\x10\x07\x00\x00\x00j\x00\x00',)
2025-11-28 18:42:01,784 BTPWorkerThread-600 (_rx_task) root DEBUG client.py                 82    logger_log                : avrcp_ev_set_browsed_player_rsp b'N\xe4\x08\xdc\x1b\x00\x04V\x10\x07\x00\x00\x00j\x00\x00'
2025-11-28 18:42:01,815 LT1-thread root DEBUG client.py                 82    logger_log                : Sending response 'Ok' to wid 3086 test case AVRCP/CT/MCN/CB/BV-12-C
2025-11-28 18:42:01,819 LT1-thread root DEBUG client.py                 82    logger_log                : ClientCallback.get_result run_test_case
2025-11-28 18:42:01,822 LT1-callback ClientCallback.on_implicit_send INFO client.py                 82    logger_log                : 
    ********************
    BEGIN OnImplicitSend:
    project_name: AVRCP
    wid: 3097
    test_case_name: AVRCP/CT/MCN/CB/BV-12-C
    description: Take action to send a [Get Total Number of Items] command with the scope of <Virtual File System> to the PTS from the IUT.
    style: MMI_Style_Ok 0x11040
2025-11-28 18:42:01,822 LT1-callback ClientCallback.on_implicit_send INFO client.py                 82    logger_log                : Calling test cases on_implicit_send
2025-11-28 18:42:01,822 LT1-callback ClientCallback.on_implicit_send INFO client.py                 82    logger_log                : 
    on_implicit_send returned response: WAIT
    END OnImplicitSend
    ********************
2025-11-28 18:42:02,829 LT1-thread root DEBUG client.py                 82    logger_log                : AVRCP AVRCP/CT/MCN/CB/BV-12-C on_implicit_send
2025-11-28 18:42:02,829 LT1-thread root DEBUG client.py                 82    logger_log                : avrcp_wid_hdl, 3097, Take action to send a [Get Total Number of Items] command with the scope of <Virtual File System> to the PTS from the IUT., AVRCP/CT/MCN/CB/BV-12-C
2025-11-28 18:42:02,830 LT1-thread root DEBUG client.py                 82    logger_log                : avrcp_get_total_number_of_items None 1
2025-11-28 18:42:02,830 LT1-thread root DEBUG client.py                 82    logger_log                : send, 37 24 0 "bytearray(b'N\\xe4\\x08\\xdc\\x1b\\x00\\x01')"
2025-11-28 18:42:02,830 LT1-thread root DEBUG client.py                 82    logger_log                : sending frame '25180007004ee408dc1b0001'
2025-11-28 18:42:02,831 LT1-thread root DEBUG client.py                 82    logger_log                : avrcp_command_rsp_succ
2025-11-28 18:42:02,832 LT1-thread root DEBUG client.py                 82    logger_log                : read
2025-11-28 18:42:02,908 BTPWorkerThread-600 (_rx_task) root DEBUG client.py                 82    logger_log                : Read 5 bytes
2025-11-28 18:42:02,939 BTPWorkerThread-600 (_rx_task) root DEBUG client.py                 82    logger_log                : Received: hdr: Header(svc_id=0x25, op=0x18, ctrl_index=0x00, data_len=0x00) bytearray(b'%\x18\x00\x00\x00')
2025-11-28 18:42:02,969 BTPWorkerThread-600 (_rx_task) root DEBUG client.py                 82    logger_log                : Received data: {''}, bytearray(b'')
2025-11-28 18:42:03,015 LT1-thread root DEBUG client.py                 82    logger_log                : received Header(svc_id=37, op=24, ctrl_index=0, data_len=0) (b'',)
2025-11-28 18:42:03,016 BTPWorkerThread-600 (_rx_task) root DEBUG client.py                 82    logger_log                : Read 5 bytes
2025-11-28 18:42:03,016 BTPWorkerThread-600 (_rx_task) root DEBUG client.py                 82    logger_log                : Received: hdr: Header(svc_id=0x25, op=0x96, ctrl_index=0x00, data_len=0x0d) bytearray(b'%\x96\x00\r\x00')
2025-11-28 18:42:03,063 BTPWorkerThread-600 (_rx_task) root DEBUG client.py                 82    logger_log                : Read 13 bytes data
2025-11-28 18:42:03,093 BTPWorkerThread-600 (_rx_task) root DEBUG client.py                 82    logger_log                : Received data: {'4e e4 08 dc 1b 00 04 56 10 07 00 00 00'}, bytearray(b'N\xe4\x08\xdc\x1b\x00\x04V\x10\x07\x00\x00\x00')
2025-11-28 18:42:03,141 BTPWorkerThread-600 (_rx_task) root DEBUG client.py                 82    logger_log                : event_handler Header(svc_id=37, op=150, ctrl_index=0, data_len=13) (b'N\xe4\x08\xdc\x1b\x00\x04V\x10\x07\x00\x00\x00',)
2025-11-28 18:42:03,172 BTPWorkerThread-600 (_rx_task) root DEBUG client.py                 82    logger_log                : avrcp_ev_get_total_number_of_items_rsp b'N\xe4\x08\xdc\x1b\x00\x04V\x10\x07\x00\x00\x00'
2025-11-28 18:42:03,203 LT1-thread root DEBUG client.py                 82    logger_log                : Sending response 'Ok' to wid 3097 test case AVRCP/CT/MCN/CB/BV-12-C
2025-11-28 18:42:03,206 LT1-thread root DEBUG client.py                 82    logger_log                : ClientCallback.get_result run_test_case
2025-11-28 18:42:04,028 BTPWorkerThread-600 (_rx_task) root DEBUG client.py                 82    logger_log                : Read 5 bytes
2025-11-28 18:42:04,029 BTPWorkerThread-600 (_rx_task) root DEBUG client.py                 82    logger_log                : Received: hdr: Header(svc_id=0x25, op=0x81, ctrl_index=0x00, data_len=0x06) bytearray(b'%\x81\x00\x06\x00')
2025-11-28 18:42:04,029 BTPWorkerThread-600 (_rx_task) root DEBUG client.py                 82    logger_log                : Read 6 bytes data
2025-11-28 18:42:04,030 BTPWorkerThread-600 (_rx_task) root DEBUG client.py                 82    logger_log                : Received data: {'4e e4 08 dc 1b 00'}, bytearray(b'N\xe4\x08\xdc\x1b\x00')
2025-11-28 18:42:04,030 BTPWorkerThread-600 (_rx_task) root DEBUG client.py                 82    logger_log                : event_handler Header(svc_id=37, op=129, ctrl_index=0, data_len=6) (b'N\xe4\x08\xdc\x1b\x00',)
2025-11-28 18:42:04,031 BTPWorkerThread-600 (_rx_task) root DEBUG client.py                 82    logger_log                : avrcp_ev_control_disconnected b'N\xe4\x08\xdc\x1b\x00'
2025-11-28 18:42:04,031 BTPWorkerThread-600 (_rx_task) root DEBUG client.py                 82    logger_log                : Read 5 bytes
2025-11-28 18:42:04,031 BTPWorkerThread-600 (_rx_task) root DEBUG client.py                 82    logger_log                : Received: hdr: Header(svc_id=0x25, op=0x81, ctrl_index=0x00, data_len=0x06) bytearray(b'%\x81\x00\x06\x00')
2025-11-28 18:42:04,031 BTPWorkerThread-600 (_rx_task) root DEBUG client.py                 82    logger_log                : Read 6 bytes data
2025-11-28 18:42:04,032 BTPWorkerThread-600 (_rx_task) root DEBUG client.py                 82    logger_log                : Received data: {'4e e4 08 dc 1b 00'}, bytearray(b'N\xe4\x08\xdc\x1b\x00')
2025-11-28 18:42:04,032 BTPWorkerThread-600 (_rx_task) root DEBUG client.py                 82    logger_log                : event_handler Header(svc_id=37, op=129, ctrl_index=0, data_len=6) (b'N\xe4\x08\xdc\x1b\x00',)
2025-11-28 18:42:04,033 BTPWorkerThread-600 (_rx_task) root DEBUG client.py                 82    logger_log                : avrcp_ev_control_disconnected b'N\xe4\x08\xdc\x1b\x00'
2025-11-28 18:42:06,763 LT1-callback ClientCallback.log INFO client.py                 82    logger_log                : PTS_LOGTYPE_START_TEST Start Test Case 

+187 ms
 AVRCP/CT/MCN/CB/BV-12-C AVRCP/CT/MCN/CB/BV-12-C

2025-11-28 18:42:07,769 LT1-callback ClientCallback.log INFO client.py                 82    logger_log                : PTS_LOGTYPE_FINAL_VERDICT Final Verdict 

+15594 ms
 AVRCP/CT/MCN/CB/BV-12-C PASS

2025-11-28 18:42:07,777 LT1-callback ClientCallback.log INFO client.py                 82    logger_log                : PTS_LOGTYPE_FINAL_VERDICT Encrypted Verdict 

+15594 ms
 AVRCP/CT/MCN/CB/BV-12-C A1#ZWY4MzQ5MDg3MmQwNTIxOGQzMzQ5YjY2ODA5M2MzNjQ5ZDY4NmY0Yjc2MzIzM2VkNTUyNTFhNGU4Mjg1MjI0NA==#Hc0oh2d5Jm82xfDD5HfilZUBpxWVaaus9Wu9qHzVENAKbDEOgABZfR3FdmdwKBhXf55rhIL676c=

2025-11-28 18:42:07,785 LT1-callback ClientCallback.log INFO client.py                 82    logger_log                : PTS_LOGTYPE_END_TEST Test Case Ended 

+15594 ms
 AVRCP/CT/MCN/CB/BV-12-C AVRCP/CT/MCN/CB/BV-12-C

2025-11-28 18:42:07,942 LT1-callback root DEBUG client.py                 82    logger_log                : ClientCallback, set_result, run_test_case, PASS
2025-11-28 18:42:07,942 LT1-thread root DEBUG client.py                 82    logger_log                : After run_test_case error_code=0 status='PASS'
2025-11-28 18:42:07,943 LT1-thread root DEBUG client.py                 82    logger_log                : post_run AVRCP AVRCP/CT/MCN/CB/BV-12-C 0
2025-11-28 18:42:07,943 LT1-thread root DEBUG client.py                 82    logger_log                : Starting test function: class=<class 'autopts.ptsprojects.testcase.TestFuncCleanUp'>, func=<bound method Stack.cleanup of <autopts.ptsprojects.stack.stack.Stack object at 0x000002302CC8FEF0>> start_wid=None stop_wid=None post_wid=None skip_call=None call_count=1 args=() kwds={}
2025-11-28 18:42:07,943 LT1-thread root DEBUG client.py                 82    logger_log                : Test function parameters: args=(), kwds={}
2025-11-28 18:42:07,944 LT1-thread root DEBUG client.py                 82    logger_log                : Starting test function: class=<class 'autopts.ptsprojects.testcase.TestFuncCleanUp'>, func=<bound method ZephyrCtl.stop of <autopts.ptsprojects.zephyr.iutctl.ZephyrCtl object at 0x000002302BB1D190>> start_wid=None stop_wid=None post_wid=None skip_call=None call_count=1 args=() kwds={}
2025-11-28 18:42:07,944 LT1-thread root DEBUG client.py                 82    logger_log                : Test function parameters: args=(), kwds={}
2025-11-28 18:42:07,944 LT1-thread root DEBUG client.py                 82    logger_log                : <class 'autopts.ptsprojects.zephyr.iutctl.ZephyrCtl'>.stop
2025-11-28 18:42:07,945 LT1-thread root DEBUG client.py                 82    logger_log                : About to reset DUT: JLink -CommandFile reset.jlink -usb 1063214216 -device MIMXRT1176XXXA_M7
2025-11-28 18:42:09,372 BTPWorkerThread-600 (_rx_task) root DEBUG client.py                 82    logger_log                : Read 5 bytes
2025-11-28 18:42:09,373 BTPWorkerThread-600 (_rx_task) root DEBUG client.py                 82    logger_log                : Received: hdr: Header(svc_id=0x00, op=0x80, ctrl_index=0xff, data_len=0x00) bytearray(b'\x00\x80\xff\x00\x00')
2025-11-28 18:42:09,373 BTPWorkerThread-600 (_rx_task) root DEBUG client.py                 82    logger_log                : Received data: {''}, bytearray(b'')
2025-11-28 18:42:09,373 BTPWorkerThread-600 (_rx_task) root DEBUG client.py                 82    logger_log                : event_handler Header(svc_id=0, op=128, ctrl_index=255, data_len=0) (b'',)
2025-11-28 18:42:09,374 BTPWorkerThread-600 (_rx_task) root DEBUG client.py                 82    logger_log                : core_iut_ready_ev
2025-11-28 18:42:09,487 LT1-thread root DEBUG client.py                 82    logger_log                : IUT ready event received OK
2025-11-28 18:42:09,488 LT1-thread root DEBUG client.py                 82    logger_log                : Waiting for _rx_worker to finish ...
2025-11-28 18:42:10,386 BTPWorkerThread-600 (_rx_task) root DEBUG client.py                 82    logger_log                : BTPWorkerThread-600 (_rx_task) finishing...
2025-11-28 18:42:13,476 LT1-thread root DEBUG client.py                 82    logger_log                : post_run, cleanup running post test case script
2025-11-28 18:42:13,477 LT1-thread root DEBUG client.py                 82    logger_log                : post_run, run post test case script
2025-11-28 18:42:13,903 LT1-thread root DEBUG client.py                 82    logger_log                : Done TestCase _run_test_case AVRCP AVRCP/CT/MCN/CB/BV-12-C
