2025-01-09 01:43:12,005 LT1-thread root DEBUG client.py                 71    logger_log                : Starting TestCase _run_test_case L2CAP L2CAP/ECFC/BV-41-C
2025-01-09 01:43:12,015 LT1-thread root DEBUG client.py                 71    logger_log                : pre_run L2CAP L2CAP/ECFC/BV-41-C
2025-01-09 01:43:12,015 LT1-thread root DEBUG client.py                 71    logger_log                : About to run test case L2CAP L2CAP/ECFC/BV-41-C with commands:
2025-01-09 01:43:12,015 LT1-thread root DEBUG client.py                 71    logger_log                : 0) class=<class 'autopts.ptsprojects.testcase.TestFunc'>, func=<bound method Stack.core_init of <autopts.ptsprojects.stack.stack.Stack object at 0x000001E8FE401590>> start_wid=None stop_wid=None post_wid=None skip_call=None call_count=0 args=() kwds={}
2025-01-09 01:43:12,015 LT1-thread root DEBUG client.py                 71    logger_log                : 1) class=<class 'autopts.ptsprojects.testcase.TestFunc'>, func=<bound method ZephyrCtl.hw_reset of <autopts.ptsprojects.zephyr.iutctl.ZephyrCtl object at 0x000001E8FB029B90>> start_wid=None stop_wid=None post_wid=None skip_call=None call_count=0 args=() kwds={}
2025-01-09 01:43:12,015 LT1-thread root DEBUG client.py                 71    logger_log                : 2) class=<class 'autopts.ptsprojects.testcase.TestFunc'>, func=<bound method ZephyrCtl.start of <autopts.ptsprojects.zephyr.iutctl.ZephyrCtl object at 0x000001E8FB029B90>> start_wid=None stop_wid=None post_wid=None skip_call=None call_count=0 args=(<autopts.ptsprojects.zephyr.ztestcase.ZTestCase object at 0x000001E8FEDDAC10>,) kwds={}
2025-01-09 01:43:12,015 LT1-thread root DEBUG client.py                 71    logger_log                : 3) class=<class 'autopts.ptsprojects.testcase.TestFunc'>, func=<bound method ZephyrCtl.hw_reset of <autopts.ptsprojects.zephyr.iutctl.ZephyrCtl object at 0x000001E8FB029B90>> start_wid=None stop_wid=None post_wid=None skip_call=None call_count=0 args=() kwds={}
2025-01-09 01:43:12,015 LT1-thread root DEBUG client.py                 71    logger_log                : 4) class=<class 'autopts.ptsprojects.testcase.TestFunc'>, func=<bound method ZephyrCtl.wait_iut_ready_event of <autopts.ptsprojects.zephyr.iutctl.ZephyrCtl object at 0x000001E8FB029B90>> start_wid=None stop_wid=None post_wid=None skip_call=None call_count=0 args=(False,) kwds={}
2025-01-09 01:43:12,015 LT1-thread root DEBUG client.py                 71    logger_log                : 5) class=<class 'autopts.ptsprojects.testcase.TestFunc'>, func=<function core_reg_svc_gap at 0x000001E8FA3D4540> start_wid=None stop_wid=None post_wid=None skip_call=None call_count=87 args=() kwds={}
2025-01-09 01:43:12,015 LT1-thread root DEBUG client.py                 71    logger_log                : 6) class=<class 'autopts.ptsprojects.testcase.TestFunc'>, func=<function core_reg_svc_l2cap at 0x000001E8FA3D47C0> start_wid=None stop_wid=None post_wid=None skip_call=None call_count=87 args=() kwds={}
2025-01-09 01:43:12,015 LT1-thread root DEBUG client.py                 71    logger_log                : 7) class=<class 'autopts.ptsprojects.testcase.TestFunc'>, func=<function gap_read_ctrl_info at 0x000001E8FA3E4400> start_wid=None stop_wid=None post_wid=None skip_call=None call_count=87 args=() kwds={}
2025-01-09 01:43:12,015 LT1-thread root DEBUG client.py                 71    logger_log                : 8) class=<class 'autopts.ptsprojects.testcase.TestFunc'>, func=<function test_cases.<locals>.<lambda> at 0x000001E8FE90F7E0> start_wid=None stop_wid=None post_wid=None skip_call=None call_count=87 args=() kwds={}
2025-01-09 01:43:12,015 LT1-thread root DEBUG client.py                 71    logger_log                : 9) class=<class 'autopts.ptsprojects.testcase.TestFunc'>, func=<function test_cases.<locals>.<lambda> at 0x000001E8FEADF1A0> start_wid=None stop_wid=None post_wid=None skip_call=None call_count=87 args=() kwds={}
2025-01-09 01:43:12,015 LT1-thread root DEBUG client.py                 71    logger_log                : 10) class=<class 'autopts.ptsprojects.testcase.TestFunc'>, func=<function test_cases.<locals>.<lambda> at 0x000001E8FEADF240> start_wid=None stop_wid=None post_wid=None skip_call=None call_count=87 args=() kwds={}
2025-01-09 01:43:12,015 LT1-thread root DEBUG client.py                 71    logger_log                : 11) class=<class 'autopts.ptsprojects.testcase.TestFunc'>, func=<function test_cases.<locals>.<lambda> at 0x000001E8FEADF2E0> start_wid=None stop_wid=None post_wid=None skip_call=None call_count=87 args=() kwds={}
2025-01-09 01:43:12,015 LT1-thread root DEBUG client.py                 71    logger_log                : 12) class=<class 'autopts.ptsprojects.testcase.TestFunc'>, func=<function test_cases.<locals>.<lambda> at 0x000001E8FEADF380> start_wid=None stop_wid=None post_wid=None skip_call=None call_count=87 args=() kwds={}
2025-01-09 01:43:12,015 LT1-thread root DEBUG client.py                 71    logger_log                : 13) class=<class 'autopts.ptsprojects.testcase.TestFunc'>, func=<function test_cases.<locals>.<lambda> at 0x000001E8FEADF420> start_wid=None stop_wid=None post_wid=None skip_call=None call_count=87 args=() kwds={}
2025-01-09 01:43:12,015 LT1-thread root DEBUG client.py                 71    logger_log                : 14) class=<class 'autopts.ptsprojects.testcase.TestFunc'>, func=<function test_cases.<locals>.<lambda> at 0x000001E8FEADF4C0> start_wid=None stop_wid=None post_wid=None skip_call=None call_count=87 args=() kwds={}
2025-01-09 01:43:12,015 LT1-thread root DEBUG client.py                 71    logger_log                : 15) class=<class 'autopts.ptsprojects.testcase.TestFunc'>, func=<function test_cases.<locals>.<lambda> at 0x000001E8FEADF560> start_wid=None stop_wid=None post_wid=None skip_call=None call_count=87 args=() kwds={}
2025-01-09 01:43:12,015 LT1-thread root DEBUG client.py                 71    logger_log                : 16) class=<class 'autopts.ptsprojects.testcase.TestFunc'>, func=<function test_cases.<locals>.<lambda> at 0x000001E8FEADF600> start_wid=None stop_wid=None post_wid=None skip_call=None call_count=87 args=() kwds={}
2025-01-09 01:43:12,015 LT1-thread root DEBUG client.py                 71    logger_log                : 17) class=<class 'autopts.ptsprojects.testcase.TestFunc'>, func=<function test_cases.<locals>.<lambda> at 0x000001E8FEADF6A0> start_wid=None stop_wid=None post_wid=None skip_call=None call_count=87 args=() kwds={}
2025-01-09 01:43:12,015 LT1-thread root DEBUG client.py                 71    logger_log                : 18) class=<class 'autopts.ptsprojects.testcase.TestFunc'>, func=<function test_cases.<locals>.<lambda> at 0x000001E8FEADF740> start_wid=None stop_wid=None post_wid=None skip_call=None call_count=87 args=() kwds={}
2025-01-09 01:43:12,015 LT1-thread root DEBUG client.py                 71    logger_log                : 19) class=<class 'autopts.ptsprojects.testcase.TestFunc'>, func=<function test_cases.<locals>.<lambda> at 0x000001E8FEADF7E0> start_wid=None stop_wid=None post_wid=None skip_call=None call_count=87 args=() kwds={}
2025-01-09 01:43:12,015 LT1-thread root DEBUG client.py                 71    logger_log                : 20) class=<class 'autopts.ptsprojects.testcase.TestFunc'>, func=<function test_cases.<locals>.<lambda> at 0x000001E8FEADF880> start_wid=None stop_wid=None post_wid=None skip_call=None call_count=87 args=() kwds={}
2025-01-09 01:43:12,015 LT1-thread root DEBUG client.py                 71    logger_log                : 21) class=<class 'autopts.ptsprojects.testcase.TestFunc'>, func=<function test_cases.<locals>.<lambda> at 0x000001E8FEADF920> start_wid=None stop_wid=None post_wid=None skip_call=None call_count=87 args=() kwds={}
2025-01-09 01:43:12,015 LT1-thread root DEBUG client.py                 71    logger_log                : 22) class=<class 'autopts.ptsprojects.testcase.TestFunc'>, func=<function test_cases.<locals>.<lambda> at 0x000001E8FEADF9C0> start_wid=None stop_wid=None post_wid=None skip_call=None call_count=87 args=() kwds={}
2025-01-09 01:43:12,015 LT1-thread root DEBUG client.py                 71    logger_log                : 23) class=<class 'autopts.ptsprojects.testcase.TestFunc'>, func=<function set_pts_addr at 0x000001E8FA3D40E0> start_wid=None stop_wid=None post_wid=None skip_call=None call_count=87 args=('C0:07:E8:59:F2:E6', 0) kwds={}
2025-01-09 01:43:12,015 LT1-thread root DEBUG client.py                 71    logger_log                : 24) class=<class 'autopts.ptsprojects.testcase.TestFunc'>, func=<bound method Stack.l2cap_init of <autopts.ptsprojects.stack.stack.Stack object at 0x000001E8FE401590>> start_wid=None stop_wid=None post_wid=None skip_call=None call_count=77 args=(128, 120) kwds={}
2025-01-09 01:43:12,015 LT1-thread root DEBUG client.py                 71    logger_log                : 25) class=<class 'autopts.ptsprojects.testcase.TestFunc'>, func=<function l2cap_le_listen at 0x000001E8FA3F8E00> start_wid=None stop_wid=None post_wid=None skip_call=None call_count=77 args=(128, 120, 0) kwds={}
2025-01-09 01:43:12,015 LT1-thread root DEBUG client.py                 71    logger_log                : 26) class=<class 'autopts.ptsprojects.testcase.TestFuncCleanUp'>, func=<bound method Stack.cleanup of <autopts.ptsprojects.stack.stack.Stack object at 0x000001E8FE401590>> start_wid=None stop_wid=None post_wid=None skip_call=None call_count=0 args=() kwds={}
2025-01-09 01:43:12,015 LT1-thread root DEBUG client.py                 71    logger_log                : 27) class=<class 'autopts.ptsprojects.testcase.TestFuncCleanUp'>, func=<bound method ZephyrCtl.stop of <autopts.ptsprojects.zephyr.iutctl.ZephyrCtl object at 0x000001E8FB029B90>> start_wid=None stop_wid=None post_wid=None skip_call=None call_count=0 args=() kwds={}
2025-01-09 01:43:12,015 LT1-thread root DEBUG client.py                 71    logger_log                : pre_run, run pre test case script
2025-01-09 01:43:12,025 LT1-thread root DEBUG client.py                 71    logger_log                : Starting test function: class=<class 'autopts.ptsprojects.testcase.TestFunc'>, func=<bound method Stack.core_init of <autopts.ptsprojects.stack.stack.Stack object at 0x000001E8FE401590>> start_wid=None stop_wid=None post_wid=None skip_call=None call_count=1 args=() kwds={}
2025-01-09 01:43:12,025 LT1-thread root DEBUG client.py                 71    logger_log                : Test function parameters: args=(), kwds={}
2025-01-09 01:43:12,025 LT1-thread root DEBUG client.py                 71    logger_log                : Starting test function: class=<class 'autopts.ptsprojects.testcase.TestFunc'>, func=<bound method ZephyrCtl.hw_reset of <autopts.ptsprojects.zephyr.iutctl.ZephyrCtl object at 0x000001E8FB029B90>> start_wid=None stop_wid=None post_wid=None skip_call=None call_count=1 args=() kwds={}
2025-01-09 01:43:12,025 LT1-thread root DEBUG client.py                 71    logger_log                : Test function parameters: args=(), kwds={}
2025-01-09 01:43:12,025 LT1-thread root DEBUG client.py                 71    logger_log                : Starting test function: class=<class 'autopts.ptsprojects.testcase.TestFunc'>, func=<bound method ZephyrCtl.start of <autopts.ptsprojects.zephyr.iutctl.ZephyrCtl object at 0x000001E8FB029B90>> start_wid=None stop_wid=None post_wid=None skip_call=None call_count=1 args=(<autopts.ptsprojects.zephyr.ztestcase.ZTestCase object at 0x000001E8FEDDAC10>,) kwds={}
2025-01-09 01:43:12,025 LT1-thread root DEBUG client.py                 71    logger_log                : Test function parameters: args=(<autopts.ptsprojects.zephyr.ztestcase.ZTestCase object at 0x000001E8FEDDAC10>,), kwds={}
2025-01-09 01:43:12,025 LT1-thread root DEBUG client.py                 71    logger_log                : <class 'autopts.ptsprojects.zephyr.iutctl.ZephyrCtl'>.start
2025-01-09 01:43:12,035 LT1-thread root DEBUG client.py                 71    logger_log                : <class 'autopts.ptsprojects.zephyr.iutctl.ZephyrCtl'>.flush_serial
2025-01-09 01:43:13,313 LT1-thread root DEBUG client.py                 71    logger_log                : Starting socat process: socat.exe -x -v tcp:10.192.253.135:61489,retry=100,interval=1 /dev/ttyS34,raw,b115200
2025-01-09 01:43:13,333 LT1-thread root DEBUG client.py                 71    logger_log                : accept
2025-01-09 01:43:13,473 BTPWorkerThread-11109 (_rx_task) root DEBUG client.py                 71    logger_log                : BTPWorkerThread-11109 (_rx_task) started
2025-01-09 01:43:13,473 LT1-thread root DEBUG client.py                 71    logger_log                : Starting test function: class=<class 'autopts.ptsprojects.testcase.TestFunc'>, func=<bound method ZephyrCtl.hw_reset of <autopts.ptsprojects.zephyr.iutctl.ZephyrCtl object at 0x000001E8FB029B90>> start_wid=None stop_wid=None post_wid=None skip_call=None call_count=1 args=() kwds={}
2025-01-09 01:43:13,473 LT1-thread root DEBUG client.py                 71    logger_log                : Test function parameters: args=(), kwds={}
2025-01-09 01:43:13,473 LT1-thread root DEBUG client.py                 71    logger_log                : Starting test function: class=<class 'autopts.ptsprojects.testcase.TestFunc'>, func=<bound method ZephyrCtl.wait_iut_ready_event of <autopts.ptsprojects.zephyr.iutctl.ZephyrCtl object at 0x000001E8FB029B90>> start_wid=None stop_wid=None post_wid=None skip_call=None call_count=1 args=(False,) kwds={}
2025-01-09 01:43:13,473 LT1-thread root DEBUG client.py                 71    logger_log                : Test function parameters: args=(False,), kwds={}
2025-01-09 01:43:13,473 LT1-thread root DEBUG client.py                 71    logger_log                : IUT ready event received OK
2025-01-09 01:43:13,473 LT1-thread root DEBUG client.py                 71    logger_log                : <class 'autopts.rtt.RTTLogger'>.start
2025-01-09 01:43:13,473 LT1-thread root DEBUG client.py                 71    logger_log                : <class 'autopts.rtt.RTT'>.start
2025-01-09 01:43:14,507 BTPWorkerThread-11109 (_rx_task) root DEBUG client.py                 71    logger_log                : Read 5 bytes
2025-01-09 01:43:14,508 BTPWorkerThread-11109 (_rx_task) root DEBUG client.py                 71    logger_log                : Received: hdr: Header(svc_id=0x00, op=0x80, ctrl_index=0xff, data_len=0x00) bytearray(b'\x00\x80\xff\x00\x00')
2025-01-09 01:43:14,508 BTPWorkerThread-11109 (_rx_task) root DEBUG client.py                 71    logger_log                : Received data: {''}, bytearray(b'')
2025-01-09 01:43:14,508 BTPWorkerThread-11109 (_rx_task) root DEBUG client.py                 71    logger_log                : event_handler Header(svc_id=0, op=128, ctrl_index=255, data_len=0) (b'',)
2025-01-09 01:43:14,508 BTPWorkerThread-11109 (_rx_task) root DEBUG client.py                 71    logger_log                : core_iut_ready_ev
2025-01-09 01:43:24,281 LT1-thread root DEBUG client.py                 71    logger_log                : Starting test function: class=<class 'autopts.ptsprojects.testcase.TestFunc'>, func=<function core_reg_svc_gap at 0x000001E8FA3D4540> start_wid=None stop_wid=None post_wid=None skip_call=None call_count=88 args=() kwds={}
2025-01-09 01:43:24,281 LT1-thread root DEBUG client.py                 71    logger_log                : Test function parameters: args=(), kwds={}
2025-01-09 01:43:24,281 LT1-thread root DEBUG client.py                 71    logger_log                : core_reg_svc_gap
2025-01-09 01:43:24,281 LT1-thread root DEBUG client.py                 71    logger_log                : send, 0 3 255 '1'
2025-01-09 01:43:24,282 LT1-thread root DEBUG client.py                 71    logger_log                : sending frame '0003ff010001'
2025-01-09 01:43:24,282 LT1-thread root DEBUG client.py                 71    logger_log                : core_reg_svc_rsp_succ
2025-01-09 01:43:24,282 LT1-thread root DEBUG client.py                 71    logger_log                : read
2025-01-09 01:43:24,374 BTPWorkerThread-11109 (_rx_task) root DEBUG client.py                 71    logger_log                : Read 5 bytes
2025-01-09 01:43:24,374 BTPWorkerThread-11109 (_rx_task) root DEBUG client.py                 71    logger_log                : Received: hdr: Header(svc_id=0x00, op=0x03, ctrl_index=0xff, data_len=0x00) bytearray(b'\x00\x03\xff\x00\x00')
2025-01-09 01:43:24,380 BTPWorkerThread-11109 (_rx_task) root DEBUG client.py                 71    logger_log                : Received data: {''}, bytearray(b'')
2025-01-09 01:43:24,380 LT1-thread root DEBUG client.py                 71    logger_log                : received Header(svc_id=0, op=3, ctrl_index=255, data_len=0) (b'',)
2025-01-09 01:43:24,380 LT1-thread root DEBUG client.py                 71    logger_log                : expected ((0, 3, 255, 0), (b'',))
2025-01-09 01:43:24,380 LT1-thread root DEBUG client.py                 71    logger_log                : response is valid
2025-01-09 01:43:24,380 LT1-thread root DEBUG client.py                 71    logger_log                : Starting test function: class=<class 'autopts.ptsprojects.testcase.TestFunc'>, func=<function core_reg_svc_l2cap at 0x000001E8FA3D47C0> start_wid=None stop_wid=None post_wid=None skip_call=None call_count=88 args=() kwds={}
2025-01-09 01:43:24,381 LT1-thread root DEBUG client.py                 71    logger_log                : Test function parameters: args=(), kwds={}
2025-01-09 01:43:24,381 LT1-thread root DEBUG client.py                 71    logger_log                : core_reg_svc_l2cap
2025-01-09 01:43:24,381 LT1-thread root DEBUG client.py                 71    logger_log                : send, 0 3 255 '3'
2025-01-09 01:43:24,381 LT1-thread root DEBUG client.py                 71    logger_log                : sending frame '0003ff010003'
2025-01-09 01:43:24,381 LT1-thread root DEBUG client.py                 71    logger_log                : core_reg_svc_rsp_succ
2025-01-09 01:43:24,381 LT1-thread root DEBUG client.py                 71    logger_log                : read
2025-01-09 01:43:24,428 BTPWorkerThread-11109 (_rx_task) root DEBUG client.py                 71    logger_log                : Read 5 bytes
2025-01-09 01:43:24,438 BTPWorkerThread-11109 (_rx_task) root DEBUG client.py                 71    logger_log                : Received: hdr: Header(svc_id=0x00, op=0x03, ctrl_index=0xff, data_len=0x00) bytearray(b'\x00\x03\xff\x00\x00')
2025-01-09 01:43:24,449 BTPWorkerThread-11109 (_rx_task) root DEBUG client.py                 71    logger_log                : Received data: {''}, bytearray(b'')
2025-01-09 01:43:24,467 LT1-thread root DEBUG client.py                 71    logger_log                : received Header(svc_id=0, op=3, ctrl_index=255, data_len=0) (b'',)
2025-01-09 01:43:24,467 LT1-thread root DEBUG client.py                 71    logger_log                : expected ((0, 3, 255, 0), (b'',))
2025-01-09 01:43:24,467 LT1-thread root DEBUG client.py                 71    logger_log                : response is valid
2025-01-09 01:43:24,467 LT1-thread root DEBUG client.py                 71    logger_log                : Starting test function: class=<class 'autopts.ptsprojects.testcase.TestFunc'>, func=<function gap_read_ctrl_info at 0x000001E8FA3E4400> start_wid=None stop_wid=None post_wid=None skip_call=None call_count=88 args=() kwds={}
2025-01-09 01:43:24,468 LT1-thread root DEBUG client.py                 71    logger_log                : Test function parameters: args=(), kwds={}
2025-01-09 01:43:24,468 LT1-thread root DEBUG client.py                 71    logger_log                : gap_read_ctrl_info
2025-01-09 01:43:24,468 LT1-thread root DEBUG client.py                 71    logger_log                : send, 1 3 0 ''
2025-01-09 01:43:24,468 LT1-thread root DEBUG client.py                 71    logger_log                : sending frame '0103000000'
2025-01-09 01:43:24,468 LT1-thread root DEBUG client.py                 71    logger_log                : read
2025-01-09 01:43:25,296 BTPWorkerThread-11109 (_rx_task) root DEBUG client.py                 71    logger_log                : Read 5 bytes
2025-01-09 01:43:25,301 BTPWorkerThread-11109 (_rx_task) root DEBUG client.py                 71    logger_log                : Received: hdr: Header(svc_id=0x01, op=0x03, ctrl_index=0x00, data_len=0x115) bytearray(b'\x01\x03\x00\x15\x01')
2025-01-09 01:43:25,318 BTPWorkerThread-11109 (_rx_task) root DEBUG client.py                 71    logger_log                : Read 251 bytes data
2025-01-09 01:43:25,367 BTPWorkerThread-11109 (_rx_task) root DEBUG client.py                 71    logger_log                : Read 26 bytes data
2025-01-09 01:43:25,399 BTPWorkerThread-11109 (_rx_task) root DEBUG client.py                 71    logger_log                : Received data: {'28 00 03 37 60 00 13 06 02 00 13 02 00 00 00 00 00 62 74 70 5f 74 65 73 74 65 72 00 00 00 00 00 00 00 00 00 00 00 00 00 00 00 00 00 00 00 00 00 00 00 00 00 00 00 00 00 00 00 00 00 00 00 00 00 00 00 00 00 00 00 00 00 00 00 00 00 00 00 00 00 00 00 00 00 00 00 00 00 00 00 00 00 00 00 00 00 00 00 00 00 00 00 00 00 00 00 00 00 00 00 00 00 00 00 00 00 00 00 00 00 00 00 00 00 00 00 00 00 00 00 00 00 00 00 00 00 00 00 00 00 00 00 00 00 00 00 00 00 00 00 00 00 00 00 00 00 00 00 00 00 00 00 00 00 00 00 00 00 00 00 00 00 00 00 00 00 00 00 00 00 00 00 00 00 00 00 00 00 00 00 00 00 00 00 00 00 00 00 00 00 00 00 00 00 00 00 00 00 00 00 00 00 00 00 00 00 00 00 00 00 00 00 00 00 00 00 00 00 00 00 00 00 00 00 00 00 00 00 00 00 00 00 00 00 00 00 00 00 00 00 00 00 00 00 00 00 00 00 00 00 00 00 00 00 00 00 00 00 00 00 00 00 00 00 00 00 00'}, bytearray(b'(\x00\x037`\x00\x13\x06\x02\x00\x13\x02\x00\x00\x00\x00\x00btp_tester\x00\x00\x00\x00\x00\x00\x00\x00\x00\x00\x00\x00\x00\x00\x00\x00\x00\x00\x00\x00\x00\x00\x00\x00\x00\x00\x00\x00\x00\x00\x00\x00\x00\x00\x00\x00\x00\x00\x00\x00\x00\x00\x00\x00\x00\x00\x00\x00\x00\x00\x00\x00\x00\x00\x00\x00\x00\x00\x00\x00\x00\x00\x00\x00\x00\x00\x00\x00\x00\x00\x00\x00\x00\x00\x00\x00\x00\x00\x00\x00\x00\x00\x00\x00\x00\x00\x00\x00\x00\x00\x00\x00\x00\x00\x00\x00\x00\x00\x00\x00\x00\x00\x00\x00\x00\x00\x00\x00\x00\x00\x00\x00\x00\x00\x00\x00\x00\x00\x00\x00\x00\x00\x00\x00\x00\x00\x00\x00\x00\x00\x00\x00\x00\x00\x00\x00\x00\x00\x00\x00\x00\x00\x00\x00\x00\x00\x00\x00\x00\x00\x00\x00\x00\x00\x00\x00\x00\x00\x00\x00\x00\x00\x00\x00\x00\x00\x00\x00\x00\x00\x00\x00\x00\x00\x00\x00\x00\x00\x00\x00\x00\x00\x00\x00\x00\x00\x00\x00\x00\x00\x00\x00\x00\x00\x00\x00\x00\x00\x00\x00\x00\x00\x00\x00\x00\x00\x00\x00\x00\x00\x00\x00\x00\x00\x00\x00\x00\x00\x00\x00\x00\x00\x00\x00\x00\x00\x00\x00\x00\x00\x00\x00\x00\x00\x00\x00\x00\x00\x00\x00\x00\x00\x00\x00\x00\x00\x00\x00\x00\x00')
2025-01-09 01:43:25,416 LT1-thread root DEBUG client.py                 71    logger_log                : received Header(svc_id=1, op=3, ctrl_index=0, data_len=277) (b'(\x00\x037`\x00\x13\x06\x02\x00\x13\x02\x00\x00\x00\x00\x00btp_tester\x00\x00\x00\x00\x00\x00\x00\x00\x00\x00\x00\x00\x00\x00\x00\x00\x00\x00\x00\x00\x00\x00\x00\x00\x00\x00\x00\x00\x00\x00\x00\x00\x00\x00\x00\x00\x00\x00\x00\x00\x00\x00\x00\x00\x00\x00\x00\x00\x00\x00\x00\x00\x00\x00\x00\x00\x00\x00\x00\x00\x00\x00\x00\x00\x00\x00\x00\x00\x00\x00\x00\x00\x00\x00\x00\x00\x00\x00\x00\x00\x00\x00\x00\x00\x00\x00\x00\x00\x00\x00\x00\x00\x00\x00\x00\x00\x00\x00\x00\x00\x00\x00\x00\x00\x00\x00\x00\x00\x00\x00\x00\x00\x00\x00\x00\x00\x00\x00\x00\x00\x00\x00\x00\x00\x00\x00\x00\x00\x00\x00\x00\x00\x00\x00\x00\x00\x00\x00\x00\x00\x00\x00\x00\x00\x00\x00\x00\x00\x00\x00\x00\x00\x00\x00\x00\x00\x00\x00\x00\x00\x00\x00\x00\x00\x00\x00\x00\x00\x00\x00\x00\x00\x00\x00\x00\x00\x00\x00\x00\x00\x00\x00\x00\x00\x00\x00\x00\x00\x00\x00\x00\x00\x00\x00\x00\x00\x00\x00\x00\x00\x00\x00\x00\x00\x00\x00\x00\x00\x00\x00\x00\x00\x00\x00\x00\x00\x00\x00\x00\x00\x00\x00\x00\x00\x00\x00\x00\x00\x00\x00\x00\x00\x00\x00\x00\x00\x00\x00\x00\x00\x00\x00\x00\x00\x00\x00\x00\x00\x00\x00',)
2025-01-09 01:43:25,416 LT1-thread root DEBUG client.py                 71    logger_log                : IUT address '006037030028' 'public'
2025-01-09 01:43:25,416 LT1-thread root DEBUG client.py                 71    logger_log                : __gap_current_settings_update 531
2025-01-09 01:43:25,416 LT1-thread root DEBUG client.py                 71    logger_log                : Starting test function: class=<class 'autopts.ptsprojects.testcase.TestFunc'>, func=<function test_cases.<locals>.<lambda> at 0x000001E8FE90F7E0> start_wid=None stop_wid=None post_wid=None skip_call=None call_count=88 args=() kwds={}
2025-01-09 01:43:25,417 LT1-thread root DEBUG client.py                 71    logger_log                : Test function parameters: args=(), kwds={}
2025-01-09 01:43:25,423 LT1-thread root DEBUG client.py                 71    logger_log                : Starting test function: class=<class 'autopts.ptsprojects.testcase.TestFunc'>, func=<function test_cases.<locals>.<lambda> at 0x000001E8FEADF1A0> start_wid=None stop_wid=None post_wid=None skip_call=None call_count=88 args=() kwds={}
2025-01-09 01:43:25,423 LT1-thread root DEBUG client.py                 71    logger_log                : Test function parameters: args=(), kwds={}
2025-01-09 01:43:25,429 LT1-thread root DEBUG client.py                 71    logger_log                : Starting test function: class=<class 'autopts.ptsprojects.testcase.TestFunc'>, func=<function test_cases.<locals>.<lambda> at 0x000001E8FEADF240> start_wid=None stop_wid=None post_wid=None skip_call=None call_count=88 args=() kwds={}
2025-01-09 01:43:25,429 LT1-thread root DEBUG client.py                 71    logger_log                : Test function parameters: args=(), kwds={}
2025-01-09 01:43:25,435 LT1-thread root DEBUG client.py                 71    logger_log                : Starting test function: class=<class 'autopts.ptsprojects.testcase.TestFunc'>, func=<function test_cases.<locals>.<lambda> at 0x000001E8FEADF2E0> start_wid=None stop_wid=None post_wid=None skip_call=None call_count=88 args=() kwds={}
2025-01-09 01:43:25,435 LT1-thread root DEBUG client.py                 71    logger_log                : Test function parameters: args=(), kwds={}
2025-01-09 01:43:25,440 LT1-thread root DEBUG client.py                 71    logger_log                : Starting test function: class=<class 'autopts.ptsprojects.testcase.TestFunc'>, func=<function test_cases.<locals>.<lambda> at 0x000001E8FEADF380> start_wid=None stop_wid=None post_wid=None skip_call=None call_count=88 args=() kwds={}
2025-01-09 01:43:25,441 LT1-thread root DEBUG client.py                 71    logger_log                : Test function parameters: args=(), kwds={}
2025-01-09 01:43:25,446 LT1-thread root DEBUG client.py                 71    logger_log                : Starting test function: class=<class 'autopts.ptsprojects.testcase.TestFunc'>, func=<function test_cases.<locals>.<lambda> at 0x000001E8FEADF420> start_wid=None stop_wid=None post_wid=None skip_call=None call_count=88 args=() kwds={}
2025-01-09 01:43:25,446 LT1-thread root DEBUG client.py                 71    logger_log                : Test function parameters: args=(), kwds={}
2025-01-09 01:43:25,452 LT1-thread root DEBUG client.py                 71    logger_log                : Starting test function: class=<class 'autopts.ptsprojects.testcase.TestFunc'>, func=<function test_cases.<locals>.<lambda> at 0x000001E8FEADF4C0> start_wid=None stop_wid=None post_wid=None skip_call=None call_count=88 args=() kwds={}
2025-01-09 01:43:25,452 LT1-thread root DEBUG client.py                 71    logger_log                : Test function parameters: args=(), kwds={}
2025-01-09 01:43:25,457 LT1-thread root DEBUG client.py                 71    logger_log                : Starting test function: class=<class 'autopts.ptsprojects.testcase.TestFunc'>, func=<function test_cases.<locals>.<lambda> at 0x000001E8FEADF560> start_wid=None stop_wid=None post_wid=None skip_call=None call_count=88 args=() kwds={}
2025-01-09 01:43:25,458 LT1-thread root DEBUG client.py                 71    logger_log                : Test function parameters: args=(), kwds={}
2025-01-09 01:43:25,463 LT1-thread root DEBUG client.py                 71    logger_log                : Starting test function: class=<class 'autopts.ptsprojects.testcase.TestFunc'>, func=<function test_cases.<locals>.<lambda> at 0x000001E8FEADF600> start_wid=None stop_wid=None post_wid=None skip_call=None call_count=88 args=() kwds={}
2025-01-09 01:43:25,463 LT1-thread root DEBUG client.py                 71    logger_log                : Test function parameters: args=(), kwds={}
2025-01-09 01:43:25,469 LT1-thread root DEBUG client.py                 71    logger_log                : Starting test function: class=<class 'autopts.ptsprojects.testcase.TestFunc'>, func=<function test_cases.<locals>.<lambda> at 0x000001E8FEADF6A0> start_wid=None stop_wid=None post_wid=None skip_call=None call_count=88 args=() kwds={}
2025-01-09 01:43:25,469 LT1-thread root DEBUG client.py                 71    logger_log                : Test function parameters: args=(), kwds={}
2025-01-09 01:43:25,476 LT1-thread root DEBUG client.py                 71    logger_log                : Starting test function: class=<class 'autopts.ptsprojects.testcase.TestFunc'>, func=<function test_cases.<locals>.<lambda> at 0x000001E8FEADF740> start_wid=None stop_wid=None post_wid=None skip_call=None call_count=88 args=() kwds={}
2025-01-09 01:43:25,476 LT1-thread root DEBUG client.py                 71    logger_log                : Test function parameters: args=(), kwds={}
2025-01-09 01:43:25,481 LT1-thread root DEBUG client.py                 71    logger_log                : Starting test function: class=<class 'autopts.ptsprojects.testcase.TestFunc'>, func=<function test_cases.<locals>.<lambda> at 0x000001E8FEADF7E0> start_wid=None stop_wid=None post_wid=None skip_call=None call_count=88 args=() kwds={}
2025-01-09 01:43:25,482 LT1-thread root DEBUG client.py                 71    logger_log                : Test function parameters: args=(), kwds={}
2025-01-09 01:43:25,487 LT1-thread root DEBUG client.py                 71    logger_log                : Starting test function: class=<class 'autopts.ptsprojects.testcase.TestFunc'>, func=<function test_cases.<locals>.<lambda> at 0x000001E8FEADF880> start_wid=None stop_wid=None post_wid=None skip_call=None call_count=88 args=() kwds={}
2025-01-09 01:43:25,487 LT1-thread root DEBUG client.py                 71    logger_log                : Test function parameters: args=(), kwds={}
2025-01-09 01:43:25,493 LT1-thread root DEBUG client.py                 71    logger_log                : Starting test function: class=<class 'autopts.ptsprojects.testcase.TestFunc'>, func=<function test_cases.<locals>.<lambda> at 0x000001E8FEADF920> start_wid=None stop_wid=None post_wid=None skip_call=None call_count=88 args=() kwds={}
2025-01-09 01:43:25,493 LT1-thread root DEBUG client.py                 71    logger_log                : Test function parameters: args=(), kwds={}
2025-01-09 01:43:25,499 LT1-thread root DEBUG client.py                 71    logger_log                : Starting test function: class=<class 'autopts.ptsprojects.testcase.TestFunc'>, func=<function test_cases.<locals>.<lambda> at 0x000001E8FEADF9C0> start_wid=None stop_wid=None post_wid=None skip_call=None call_count=88 args=() kwds={}
2025-01-09 01:43:25,499 LT1-thread root DEBUG client.py                 71    logger_log                : Test function parameters: args=(), kwds={}
2025-01-09 01:43:25,507 LT1-thread root DEBUG client.py                 71    logger_log                : Starting test function: class=<class 'autopts.ptsprojects.testcase.TestFunc'>, func=<function set_pts_addr at 0x000001E8FA3D40E0> start_wid=None stop_wid=None post_wid=None skip_call=None call_count=88 args=('C0:07:E8:59:F2:E6', 0) kwds={}
2025-01-09 01:43:25,507 LT1-thread root DEBUG client.py                 71    logger_log                : Test function parameters: args=('C0:07:E8:59:F2:E6', 0), kwds={}
2025-01-09 01:43:25,507 LT1-thread root DEBUG client.py                 71    logger_log                : Starting test function: class=<class 'autopts.ptsprojects.testcase.TestFunc'>, func=<bound method Stack.l2cap_init of <autopts.ptsprojects.stack.stack.Stack object at 0x000001E8FE401590>> start_wid=None stop_wid=None post_wid=None skip_call=None call_count=78 args=(128, 120) kwds={}
2025-01-09 01:43:25,507 LT1-thread root DEBUG client.py                 71    logger_log                : Test function parameters: args=(128, 120), kwds={}
2025-01-09 01:43:25,507 LT1-thread root DEBUG client.py                 71    logger_log                : Starting test function: class=<class 'autopts.ptsprojects.testcase.TestFunc'>, func=<function l2cap_le_listen at 0x000001E8FA3F8E00> start_wid=None stop_wid=None post_wid=None skip_call=None call_count=78 args=(128, 120, 0) kwds={}
2025-01-09 01:43:25,508 LT1-thread root DEBUG client.py                 71    logger_log                : Test function parameters: args=(128, 120, 0), kwds={}
2025-01-09 01:43:25,508 LT1-thread root DEBUG client.py                 71    logger_log                : l2cap_le_listen 128 1 120 0
2025-01-09 01:43:25,508 LT1-thread root DEBUG client.py                 71    logger_log                : send, 3 5 0 "bytearray(b'\\x80\\x00\\x01x\\x00\\x00\\x00')"
2025-01-09 01:43:25,508 LT1-thread root DEBUG client.py                 71    logger_log                : sending frame '030500070080000178000000'
2025-01-09 01:43:25,508 LT1-thread root DEBUG client.py                 71    logger_log                : l2cap_command_rsp_succ
2025-01-09 01:43:25,509 LT1-thread root DEBUG client.py                 71    logger_log                : read
2025-01-09 01:43:25,547 BTPWorkerThread-11109 (_rx_task) root DEBUG client.py                 71    logger_log                : Read 5 bytes
2025-01-09 01:43:25,558 BTPWorkerThread-11109 (_rx_task) root DEBUG client.py                 71    logger_log                : Received: hdr: Header(svc_id=0x03, op=0x05, ctrl_index=0x00, data_len=0x00) bytearray(b'\x03\x05\x00\x00\x00')
2025-01-09 01:43:25,574 BTPWorkerThread-11109 (_rx_task) root DEBUG client.py                 71    logger_log                : Received data: {''}, bytearray(b'')
2025-01-09 01:43:25,596 LT1-thread root DEBUG client.py                 71    logger_log                : received Header(svc_id=3, op=5, ctrl_index=0, data_len=0) (b'',)
2025-01-09 01:43:25,598 LT1-thread root DEBUG client.py                 71    logger_log                : ClientCallback.get_result run_test_case
2025-01-09 01:43:27,028 LT1-callback ClientCallback.on_implicit_send INFO client.py                 71    logger_log                : 
    ********************
    BEGIN OnImplicitSend:
    project_name: L2CAP
    wid: 51
    test_case_name: L2CAP/ECFC/BV-41-C
    description: Initiate or create LE ACL connection to the PTS.
    style: MMI_Style_Ok_Cancel2 0x11141
2025-01-09 01:43:27,029 LT1-callback ClientCallback.on_implicit_send INFO client.py                 71    logger_log                : Calling test cases on_implicit_send
2025-01-09 01:43:27,029 LT1-callback ClientCallback.on_implicit_send INFO client.py                 71    logger_log                : 
    on_implicit_send returned response: WAIT
    END OnImplicitSend
    ********************
2025-01-09 01:43:27,599 LT1-thread root DEBUG client.py                 71    logger_log                : L2CAP L2CAP/ECFC/BV-41-C on_implicit_send
2025-01-09 01:43:27,599 LT1-thread root DEBUG client.py                 71    logger_log                : l2cap_wid_hdl, 51, Initiate or create LE ACL connection to the PTS., L2CAP/ECFC/BV-41-C
2025-01-09 01:43:27,599 LT1-thread root DEBUG client.py                 71    logger_log                : gap_conn None None
2025-01-09 01:43:27,599 LT1-thread root DEBUG client.py                 71    logger_log                : send, 1 14 0 "bytearray(b'\\x00\\xe6\\xf2Y\\xe8\\x07\\xc0\\x00')"
2025-01-09 01:43:27,599 LT1-thread root DEBUG client.py                 71    logger_log                : sending frame '010e00080000e6f259e807c000'
2025-01-09 01:43:27,599 LT1-thread root DEBUG client.py                 71    logger_log                : read
2025-01-09 01:43:27,663 BTPWorkerThread-11109 (_rx_task) root DEBUG client.py                 71    logger_log                : Read 5 bytes
2025-01-09 01:43:27,681 BTPWorkerThread-11109 (_rx_task) root DEBUG client.py                 71    logger_log                : Received: hdr: Header(svc_id=0x01, op=0x0e, ctrl_index=0x00, data_len=0x00) bytearray(b'\x01\x0e\x00\x00\x00')
2025-01-09 01:43:27,692 BTPWorkerThread-11109 (_rx_task) root DEBUG client.py                 71    logger_log                : Received data: {''}, bytearray(b'')
2025-01-09 01:43:27,719 BTPWorkerThread-11109 (_rx_task) root DEBUG client.py                 71    logger_log                : Read 5 bytes
2025-01-09 01:43:27,719 BTPWorkerThread-11109 (_rx_task) root DEBUG client.py                 71    logger_log                : Received: hdr: Header(svc_id=0x01, op=0x82, ctrl_index=0x00, data_len=0x0d) bytearray(b'\x01\x82\x00\r\x00')
2025-01-09 01:43:27,719 LT1-thread root DEBUG client.py                 71    logger_log                : Sending response 'OK' to wid 51 test case L2CAP/ECFC/BV-41-C
2025-01-09 01:43:27,720 BTPWorkerThread-11109 (_rx_task) root DEBUG client.py                 71    logger_log                : Read 13 bytes data
2025-01-09 01:43:27,720 BTPWorkerThread-11109 (_rx_task) root DEBUG client.py                 71    logger_log                : Received data: {'00 e6 f2 59 e8 07 c0 18 00 00 00 90 01'}, bytearray(b'\x00\xe6\xf2Y\xe8\x07\xc0\x18\x00\x00\x00\x90\x01')
2025-01-09 01:43:27,720 BTPWorkerThread-11109 (_rx_task) root DEBUG client.py                 71    logger_log                : event_handler Header(svc_id=1, op=130, ctrl_index=0, data_len=13) (b'\x00\xe6\xf2Y\xe8\x07\xc0\x18\x00\x00\x00\x90\x01',)
2025-01-09 01:43:27,720 BTPWorkerThread-11109 (_rx_task) root DEBUG client.py                 71    logger_log                : gap_connected_ev_ b'\x00\xe6\xf2Y\xe8\x07\xc0\x18\x00\x00\x00\x90\x01'
2025-01-09 01:43:27,723 LT1-thread root DEBUG client.py                 71    logger_log                : ClientCallback.get_result run_test_case
2025-01-09 01:43:28,664 LT1-callback ClientCallback.on_implicit_send INFO client.py                 71    logger_log                : 
    ********************
    BEGIN OnImplicitSend:
    project_name: L2CAP
    wid: 255
    test_case_name: L2CAP/ECFC/BV-41-C
    description: Please send L2CAP Credit Based Connection REQ to PTS.
    style: MMI_Style_Ok_Cancel2 0x11141
2025-01-09 01:43:28,664 LT1-callback ClientCallback.on_implicit_send INFO client.py                 71    logger_log                : Calling test cases on_implicit_send
2025-01-09 01:43:28,664 LT1-callback ClientCallback.on_implicit_send INFO client.py                 71    logger_log                : 
    on_implicit_send returned response: WAIT
    END OnImplicitSend
    ********************
2025-01-09 01:43:28,724 LT1-thread root DEBUG client.py                 71    logger_log                : L2CAP L2CAP/ECFC/BV-41-C on_implicit_send
2025-01-09 01:43:28,724 LT1-thread root DEBUG client.py                 71    logger_log                : l2cap_wid_hdl, 255, Please send L2CAP Credit Based Connection REQ to PTS., L2CAP/ECFC/BV-41-C
2025-01-09 01:43:28,724 LT1-thread root DEBUG client.py                 71    logger_log                : l2cap_conn None None 128
2025-01-09 01:43:28,724 LT1-thread root DEBUG client.py                 71    logger_log                : send, 3 2 0 "bytearray(b'\\x00\\xe6\\xf2Y\\xe8\\x07\\xc0\\x80\\x00x\\x00\\x02\\x01')"
2025-01-09 01:43:28,724 LT1-thread root DEBUG client.py                 71    logger_log                : sending frame '0302000d0000e6f259e807c0800078000201'
2025-01-09 01:43:28,725 LT1-thread root DEBUG client.py                 71    logger_log                : l2cap_conn_rsp
2025-01-09 01:43:28,725 LT1-thread root DEBUG client.py                 71    logger_log                : read
2025-01-09 01:43:28,780 BTPWorkerThread-11109 (_rx_task) root DEBUG client.py                 71    logger_log                : Read 5 bytes
2025-01-09 01:43:28,791 BTPWorkerThread-11109 (_rx_task) root DEBUG client.py                 71    logger_log                : Received: hdr: Header(svc_id=0x03, op=0x02, ctrl_index=0x00, data_len=0x03) bytearray(b'\x03\x02\x00\x03\x00')
2025-01-09 01:43:28,818 BTPWorkerThread-11109 (_rx_task) root DEBUG client.py                 71    logger_log                : Read 3 bytes data
2025-01-09 01:43:28,835 BTPWorkerThread-11109 (_rx_task) root DEBUG client.py                 71    logger_log                : Received data: {'02 00 01'}, bytearray(b'\x02\x00\x01')
2025-01-09 01:43:28,873 LT1-thread root DEBUG client.py                 71    logger_log                : received Header(svc_id=3, op=2, ctrl_index=0, data_len=3) (b'\x02\x00\x01',)
2025-01-09 01:43:28,873 LT1-thread root DEBUG client.py                 71    logger_log                : id [0, 1]
2025-01-09 01:43:28,874 BTPWorkerThread-11109 (_rx_task) root DEBUG client.py                 71    logger_log                : Read 5 bytes
2025-01-09 01:43:28,874 BTPWorkerThread-11109 (_rx_task) root DEBUG client.py                 71    logger_log                : Received: hdr: Header(svc_id=0x03, op=0x81, ctrl_index=0x00, data_len=0x12) bytearray(b'\x03\x81\x00\x12\x00')
2025-01-09 01:43:28,891 BTPWorkerThread-11109 (_rx_task) root DEBUG client.py                 71    logger_log                : Read 18 bytes data
2025-01-09 01:43:28,902 BTPWorkerThread-11109 (_rx_task) root DEBUG client.py                 71    logger_log                : Received data: {'00 99 01 40 00 40 00 78 00 60 00 00 e6 f2 59 e8 07 c0'}, bytearray(b'\x00\x99\x01@\x00@\x00x\x00`\x00\x00\xe6\xf2Y\xe8\x07\xc0')
2025-01-09 01:43:28,941 BTPWorkerThread-11109 (_rx_task) root DEBUG client.py                 71    logger_log                : event_handler Header(svc_id=3, op=129, ctrl_index=0, data_len=18) (b'\x00\x99\x01@\x00@\x00x\x00`\x00\x00\xe6\xf2Y\xe8\x07\xc0',)
2025-01-09 01:43:28,957 BTPWorkerThread-11109 (_rx_task) root DEBUG client.py                 71    logger_log                : l2cap_connected_ev b'\x00\x99\x01@\x00@\x00x\x00`\x00\x00\xe6\xf2Y\xe8\x07\xc0' 18
2025-01-09 01:43:28,989 BTPWorkerThread-11109 (_rx_task) root DEBUG client.py                 71    logger_log                : id:0 on psm:409, peer_mtu:64, peer_mps:64, our_mtu:120, our_mps:96, addr b'\xe6\xf2Y\xe8\x07\xc0' type 0
2025-01-09 01:43:28,990 BTPWorkerThread-11109 (_rx_task) root DEBUG client.py                 71    logger_log                : Read 5 bytes
2025-01-09 01:43:29,000 BTPWorkerThread-11109 (_rx_task) root DEBUG client.py                 71    logger_log                : Received: hdr: Header(svc_id=0x03, op=0x81, ctrl_index=0x00, data_len=0x12) bytearray(b'\x03\x81\x00\x12\x00')
2025-01-09 01:43:29,022 BTPWorkerThread-11109 (_rx_task) root DEBUG client.py                 71    logger_log                : Read 18 bytes data
2025-01-09 01:43:29,022 BTPWorkerThread-11109 (_rx_task) root DEBUG client.py                 71    logger_log                : Received data: {'01 99 01 40 00 40 00 78 00 60 00 00 e6 f2 59 e8 07 c0'}, bytearray(b'\x01\x99\x01@\x00@\x00x\x00`\x00\x00\xe6\xf2Y\xe8\x07\xc0')
2025-01-09 01:43:29,033 BTPWorkerThread-11109 (_rx_task) root DEBUG client.py                 71    logger_log                : event_handler Header(svc_id=3, op=129, ctrl_index=0, data_len=18) (b'\x01\x99\x01@\x00@\x00x\x00`\x00\x00\xe6\xf2Y\xe8\x07\xc0',)
2025-01-09 01:43:29,050 BTPWorkerThread-11109 (_rx_task) root DEBUG client.py                 71    logger_log                : l2cap_connected_ev b'\x01\x99\x01@\x00@\x00x\x00`\x00\x00\xe6\xf2Y\xe8\x07\xc0' 18
2025-01-09 01:43:29,055 BTPWorkerThread-11109 (_rx_task) root DEBUG client.py                 71    logger_log                : id:1 on psm:409, peer_mtu:64, peer_mps:64, our_mtu:120, our_mps:96, addr b'\xe6\xf2Y\xe8\x07\xc0' type 0
2025-01-09 01:43:29,055 LT1-thread root DEBUG client.py                 71    logger_log                : Sending response 'OK' to wid 255 test case L2CAP/ECFC/BV-41-C
2025-01-09 01:43:29,055 BTPWorkerThread-11109 (_rx_task) root DEBUG client.py                 71    logger_log                : Read 5 bytes
2025-01-09 01:43:29,056 BTPWorkerThread-11109 (_rx_task) root DEBUG client.py                 71    logger_log                : Received: hdr: Header(svc_id=0x03, op=0x83, ctrl_index=0x00, data_len=0x11) bytearray(b'\x03\x83\x00\x11\x00')
2025-01-09 01:43:29,056 BTPWorkerThread-11109 (_rx_task) root DEBUG client.py                 71    logger_log                : Read 17 bytes data
2025-01-09 01:43:29,056 BTPWorkerThread-11109 (_rx_task) root DEBUG client.py                 71    logger_log                : Received data: {'00 0e 00 00 01 02 03 04 05 06 07 08 09 0a 0b 0c 0d'}, bytearray(b'\x00\x0e\x00\x00\x01\x02\x03\x04\x05\x06\x07\x08\t\n\x0b\x0c\r')
2025-01-09 01:43:29,056 BTPWorkerThread-11109 (_rx_task) root DEBUG client.py                 71    logger_log                : event_handler Header(svc_id=3, op=131, ctrl_index=0, data_len=17) (b'\x00\x0e\x00\x00\x01\x02\x03\x04\x05\x06\x07\x08\t\n\x0b\x0c\r',)
2025-01-09 01:43:29,056 BTPWorkerThread-11109 (_rx_task) root DEBUG client.py                 71    logger_log                : l2cap_data_rcv_ev b'\x00\x0e\x00\x00\x01\x02\x03\x04\x05\x06\x07\x08\t\n\x0b\x0c\r' 17
2025-01-09 01:43:29,057 BTPWorkerThread-11109 (_rx_task) root DEBUG client.py                 71    logger_log                : id:0, data:b'000102030405060708090a0b0c0d'
2025-01-09 01:43:29,057 LT1-thread root DEBUG client.py                 71    logger_log                : ClientCallback.get_result run_test_case
2025-01-09 01:43:29,061 LT1-callback ClientCallback.on_implicit_send INFO client.py                 71    logger_log                : 
    ********************
    BEGIN OnImplicitSend:
    project_name: L2CAP
    wid: 60
    test_case_name: L2CAP/ECFC/BV-41-C
    description: Please confirm there are two fragmented L2CAP Data and received values are 0E00000102030405060708090A0B0C0D.
Click Yes if it is, otherwise click No.
    style: MMI_Style_Yes_No1 0x11044
2025-01-09 01:43:29,061 LT1-callback ClientCallback.on_implicit_send INFO client.py                 71    logger_log                : Calling test cases on_implicit_send
2025-01-09 01:43:29,061 LT1-callback ClientCallback.on_implicit_send INFO client.py                 71    logger_log                : 
    on_implicit_send returned response: WAIT
    END OnImplicitSend
    ********************
2025-01-09 01:43:30,059 LT1-thread root DEBUG client.py                 71    logger_log                : L2CAP L2CAP/ECFC/BV-41-C on_implicit_send
2025-01-09 01:43:30,059 LT1-thread root DEBUG client.py                 71    logger_log                : l2cap_wid_hdl, 60, Please confirm there are two fragmented L2CAP Data and received values are 0E00000102030405060708090A0B0C0D.
Click Yes if it is, otherwise click No., L2CAP/ECFC/BV-41-C
2025-01-09 01:43:40,063 LT1-thread root DEBUG client.py                 71    logger_log                : Sending response 'Yes' to wid 60 test case L2CAP/ECFC/BV-41-C
2025-01-09 01:43:40,065 LT1-thread root DEBUG client.py                 71    logger_log                : ClientCallback.get_result run_test_case
2025-01-09 01:43:42,815 LT1-callback ClientCallback.log INFO client.py                 71    logger_log                : PTS_LOGTYPE_START_TEST Start Test Case 

+16 ms
 L2CAP/ECFC/BV-41-C L2CAP/ECFC/BV-41-C

2025-01-09 01:43:43,177 LT1-callback ClientCallback.log INFO client.py                 71    logger_log                : PTS_LOGTYPE_FINAL_VERDICT Final Verdict 

+16860 ms
 L2CAP/ECFC/BV-41-C PASS

2025-01-09 01:43:43,183 LT1-callback ClientCallback.log INFO client.py                 71    logger_log                : PTS_LOGTYPE_FINAL_VERDICT Encrypted Verdict 

+16860 ms
 L2CAP/ECFC/BV-41-C A1#ZWY4MzQ5MDg3MmQwNTIxOGQzMzQ5YjY2ODA5M2MzNjQ5ZDY4NmY0Yjc2MzIzM2VkNTUyNTFhNGU4Mjg1MjI0NA==#DK43H8UZi6O235az8Z5XCMFZPQmS9e+tMWmCGqwThEVaCEygppVTpdJq3fJVTyop

2025-01-09 01:43:43,264 LT1-callback ClientCallback.log INFO client.py                 71    logger_log                : PTS_LOGTYPE_END_TEST Test Case Ended 

+16860 ms
 L2CAP/ECFC/BV-41-C L2CAP/ECFC/BV-41-C

2025-01-09 01:43:43,416 LT1-callback root DEBUG client.py                 71    logger_log                : ClientCallback, set_result, run_test_case, PASS
2025-01-09 01:43:43,416 LT1-thread root DEBUG client.py                 71    logger_log                : After run_test_case error_code=0 status='PASS'
2025-01-09 01:43:43,417 LT1-thread root DEBUG client.py                 71    logger_log                : post_run L2CAP L2CAP/ECFC/BV-41-C 0
2025-01-09 01:43:43,417 LT1-thread root DEBUG client.py                 71    logger_log                : Starting test function: class=<class 'autopts.ptsprojects.testcase.TestFuncCleanUp'>, func=<bound method Stack.cleanup of <autopts.ptsprojects.stack.stack.Stack object at 0x000001E8FE401590>> start_wid=None stop_wid=None post_wid=None skip_call=None call_count=1 args=() kwds={}
2025-01-09 01:43:43,417 LT1-thread root DEBUG client.py                 71    logger_log                : Test function parameters: args=(), kwds={}
2025-01-09 01:43:43,417 LT1-thread root DEBUG client.py                 71    logger_log                : Starting test function: class=<class 'autopts.ptsprojects.testcase.TestFuncCleanUp'>, func=<bound method ZephyrCtl.stop of <autopts.ptsprojects.zephyr.iutctl.ZephyrCtl object at 0x000001E8FB029B90>> start_wid=None stop_wid=None post_wid=None skip_call=None call_count=1 args=() kwds={}
2025-01-09 01:43:43,418 LT1-thread root DEBUG client.py                 71    logger_log                : Test function parameters: args=(), kwds={}
2025-01-09 01:43:43,418 LT1-thread root DEBUG client.py                 71    logger_log                : <class 'autopts.ptsprojects.zephyr.iutctl.ZephyrCtl'>.stop
2025-01-09 01:43:43,519 LT1-thread root DEBUG client.py                 71    logger_log                : <class 'autopts.rtt.RTTLogger'>.stop
2025-01-09 01:43:43,519 LT1-thread root DEBUG client.py                 71    logger_log                : <class 'autopts.rtt.RTT'>.stop
2025-01-09 01:43:43,545 LT1-thread root DEBUG client.py                 71    logger_log                : About to reset DUT: JLink -CommandFile reset.jlink -usb 1064371884 -device MCXW716
2025-01-09 01:43:44,056 BTPWorkerThread-11109 (_rx_task) root DEBUG client.py                 71    logger_log                : Read 5 bytes
2025-01-09 01:43:44,076 BTPWorkerThread-11109 (_rx_task) root DEBUG client.py                 71    logger_log                : Received: hdr: Header(svc_id=0x00, op=0x80, ctrl_index=0xff, data_len=0x00) bytearray(b'\x00\x80\xff\x00\x00')
2025-01-09 01:43:44,096 BTPWorkerThread-11109 (_rx_task) root DEBUG client.py                 71    logger_log                : Received data: {''}, bytearray(b'')
2025-01-09 01:43:44,126 BTPWorkerThread-11109 (_rx_task) root DEBUG client.py                 71    logger_log                : event_handler Header(svc_id=0, op=128, ctrl_index=255, data_len=0) (b'',)
2025-01-09 01:43:44,146 BTPWorkerThread-11109 (_rx_task) root DEBUG client.py                 71    logger_log                : core_iut_ready_ev
2025-01-09 01:43:44,166 LT1-thread root DEBUG client.py                 71    logger_log                : IUT ready event received OK
2025-01-09 01:43:44,166 LT1-thread root DEBUG client.py                 71    logger_log                : Waiting for _rx_worker to finish ...
2025-01-09 01:43:45,166 BTPWorkerThread-11109 (_rx_task) root DEBUG client.py                 71    logger_log                : BTPWorkerThread-11109 (_rx_task) finishing...
2025-01-09 01:43:45,166 LT1-thread root DEBUG client.py                 71    logger_log                : Waiting for _rx_worker to finish ...
2025-01-09 01:43:48,186 LT1-thread root DEBUG client.py                 71    logger_log                : post_run, cleanup running post test case script
2025-01-09 01:43:48,186 LT1-thread root DEBUG client.py                 71    logger_log                : post_run, run post test case script
2025-01-09 01:43:48,326 LT1-thread root DEBUG client.py                 71    logger_log                : Done TestCase _run_test_case L2CAP L2CAP/ECFC/BV-41-C
