2025-12-15 19:53:00,255 LT1-thread root DEBUG client.py                 82    logger_log                : Starting TestCase _run_test_case HFP HFP/AG/RHH/BV-05-C
2025-12-15 19:53:00,255 LT1-thread root DEBUG client.py                 82    logger_log                : pre_run HFP HFP/AG/RHH/BV-05-C
2025-12-15 19:53:00,255 LT1-thread root DEBUG client.py                 82    logger_log                : About to run test case HFP HFP/AG/RHH/BV-05-C with commands:
2025-12-15 19:53:00,255 LT1-thread root DEBUG client.py                 82    logger_log                : 0) class=<class 'autopts.ptsprojects.testcase.TestFunc'>, func=<bound method Stack.core_init of <autopts.ptsprojects.stack.stack.Stack object at 0x000001F50559F3E0>> start_wid=None stop_wid=None post_wid=None skip_call=None call_count=1 args=() kwds={}
2025-12-15 19:53:00,255 LT1-thread root DEBUG client.py                 82    logger_log                : 1) class=<class 'autopts.ptsprojects.testcase.TestFunc'>, func=<bound method IutCtl.start of <autopts.ptsprojects.zephyr.iutctl.ZephyrCtl object at 0x000001F505428770>> start_wid=None stop_wid=None post_wid=None skip_call=None call_count=1 args=(<autopts.ptsprojects.zephyr.ztestcase.ZTestCase object at 0x000001F506DE4440>,) kwds={}
2025-12-15 19:53:00,255 LT1-thread root DEBUG client.py                 82    logger_log                : 2) class=<class 'autopts.ptsprojects.testcase.TestFunc'>, func=<bound method IutCtl.wait_iut_ready_event of <autopts.ptsprojects.zephyr.iutctl.ZephyrCtl object at 0x000001F505428770>> start_wid=None stop_wid=None post_wid=None skip_call=None call_count=1 args=(False,) kwds={}
2025-12-15 19:53:00,255 LT1-thread root DEBUG client.py                 82    logger_log                : 3) class=<class 'autopts.ptsprojects.testcase.TestFunc'>, func=<function core_reg_svc_gap at 0x000001F5038B5B20> start_wid=None stop_wid=None post_wid=None skip_call=None call_count=91 args=() kwds={}
2025-12-15 19:53:00,255 LT1-thread root DEBUG client.py                 82    logger_log                : 4) class=<class 'autopts.ptsprojects.testcase.TestFunc'>, func=<bound method Stack.gap_init of <autopts.ptsprojects.stack.stack.Stack object at 0x000001F50559F3E0>> start_wid=None stop_wid=None post_wid=None skip_call=None call_count=88 args=(b'Tester_08E44E',) kwds={}
2025-12-15 19:53:00,255 LT1-thread root DEBUG client.py                 82    logger_log                : 5) class=<class 'autopts.ptsprojects.testcase.TestFunc'>, func=<function gap_read_ctrl_info at 0x000001F5038EC540> start_wid=None stop_wid=None post_wid=None skip_call=None call_count=88 args=() kwds={}
2025-12-15 19:53:00,255 LT1-thread root DEBUG client.py                 82    logger_log                : 6) class=<class 'autopts.ptsprojects.testcase.TestFunc'>, func=<function test_cases.<locals>.<lambda> at 0x000001F506CD2160> start_wid=None stop_wid=None post_wid=None skip_call=None call_count=88 args=() kwds={}
2025-12-15 19:53:00,255 LT1-thread root DEBUG client.py                 82    logger_log                : 7) class=<class 'autopts.ptsprojects.testcase.TestFunc'>, func=<function set_pts_addr at 0x000001F5038B56C0> start_wid=None stop_wid=None post_wid=None skip_call=None call_count=88 args=('00:1B:DC:08:E4:4E', 0) kwds={}
2025-12-15 19:53:00,255 LT1-thread root DEBUG client.py                 82    logger_log                : 8) class=<class 'autopts.ptsprojects.testcase.TestFunc'>, func=<function gap_set_conn at 0x000001F5038BFE20> start_wid=None stop_wid=None post_wid=None skip_call=None call_count=88 args=() kwds={}
2025-12-15 19:53:00,255 LT1-thread root DEBUG client.py                 82    logger_log                : 9) class=<class 'autopts.ptsprojects.testcase.TestFunc'>, func=<function gap_set_gendiscov at 0x000001F5038EC040> start_wid=None stop_wid=None post_wid=None skip_call=None call_count=88 args=() kwds={}
2025-12-15 19:53:00,255 LT1-thread root DEBUG client.py                 82    logger_log                : 10) class=<class 'autopts.ptsprojects.testcase.TestFunc'>, func=<function gap_set_io_cap at 0x000001F5038BF9C0> start_wid=None stop_wid=None post_wid=None skip_call=None call_count=88 args=(3,) kwds={}
2025-12-15 19:53:00,255 LT1-thread root DEBUG client.py                 82    logger_log                : 11) class=<class 'autopts.ptsprojects.testcase.TestFunc'>, func=<function core_reg_svc_hfp_ag at 0x000001F5038B7240> start_wid=None stop_wid=None post_wid=None skip_call=None call_count=88 args=() kwds={}
2025-12-15 19:53:00,255 LT1-thread root DEBUG client.py                 82    logger_log                : 12) class=<class 'autopts.ptsprojects.testcase.TestFunc'>, func=<bound method Stack.hfp_ag_init of <autopts.ptsprojects.stack.stack.Stack object at 0x000001F50559F3E0>> start_wid=None stop_wid=None post_wid=None skip_call=None call_count=88 args=() kwds={}
2025-12-15 19:53:00,255 LT1-thread root DEBUG client.py                 82    logger_log                : 13) class=<class 'autopts.ptsprojects.testcase.TestFunc'>, func=<function hfp_ag_set_default_indicator_value at 0x000001F503A4AC00> start_wid=None stop_wid=None post_wid=None skip_call=None call_count=88 args=(1, 5, 0, 5) kwds={}
2025-12-15 19:53:00,255 LT1-thread root DEBUG client.py                 82    logger_log                : 14) class=<class 'autopts.ptsprojects.testcase.TestFunc'>, func=<function hfp_ag_set_memory_dial_mapping at 0x000001F503A4ACA0> start_wid=None stop_wid=None post_wid=None skip_call=None call_count=88 args=('1', '1234567') kwds={}
2025-12-15 19:53:00,255 LT1-thread root DEBUG client.py                 82    logger_log                : 15) class=<class 'autopts.ptsprojects.testcase.TestFunc'>, func=<function hfp_ag_set_voice_tag_number at 0x000001F503A4ADE0> start_wid=None stop_wid=None post_wid=None skip_call=None call_count=88 args=('1234567',) kwds={}
2025-12-15 19:53:00,255 LT1-thread root DEBUG client.py                 82    logger_log                : 16) class=<class 'autopts.ptsprojects.testcase.TestFunc'>, func=<function hfp_ag_set_ongoing_calls at 0x000001F503A4AAC0> start_wid=None stop_wid=None post_wid=None skip_call=None call_count=0 args=([{'number': '1234567', 'type': 0, 'dir': 1, 'status': 6}],) kwds={}
2025-12-15 19:53:00,255 LT1-thread root DEBUG client.py                 82    logger_log                : 17) class=<class 'autopts.ptsprojects.testcase.TestFuncCleanUp'>, func=<bound method Stack.cleanup of <autopts.ptsprojects.stack.stack.Stack object at 0x000001F50559F3E0>> start_wid=None stop_wid=None post_wid=None skip_call=None call_count=1 args=() kwds={}
2025-12-15 19:53:00,255 LT1-thread root DEBUG client.py                 82    logger_log                : 18) class=<class 'autopts.ptsprojects.testcase.TestFuncCleanUp'>, func=<bound method ZephyrCtl.stop of <autopts.ptsprojects.zephyr.iutctl.ZephyrCtl object at 0x000001F505428770>> start_wid=None stop_wid=None post_wid=None skip_call=None call_count=1 args=() kwds={}
2025-12-15 19:53:00,255 LT1-thread root DEBUG client.py                 82    logger_log                : pre_run, run pre test case script
2025-12-15 19:53:00,265 LT1-thread root DEBUG client.py                 82    logger_log                : Starting test function: class=<class 'autopts.ptsprojects.testcase.TestFunc'>, func=<bound method Stack.core_init of <autopts.ptsprojects.stack.stack.Stack object at 0x000001F50559F3E0>> start_wid=None stop_wid=None post_wid=None skip_call=None call_count=2 args=() kwds={}
2025-12-15 19:53:00,265 LT1-thread root DEBUG client.py                 82    logger_log                : Test function parameters: args=(), kwds={}
2025-12-15 19:53:00,265 LT1-thread root DEBUG client.py                 82    logger_log                : Starting test function: class=<class 'autopts.ptsprojects.testcase.TestFunc'>, func=<bound method IutCtl.start of <autopts.ptsprojects.zephyr.iutctl.ZephyrCtl object at 0x000001F505428770>> start_wid=None stop_wid=None post_wid=None skip_call=None call_count=2 args=(<autopts.ptsprojects.zephyr.ztestcase.ZTestCase object at 0x000001F506DE4440>,) kwds={}
2025-12-15 19:53:00,265 LT1-thread root DEBUG client.py                 82    logger_log                : Test function parameters: args=(<autopts.ptsprojects.zephyr.ztestcase.ZTestCase object at 0x000001F506DE4440>,), kwds={}
2025-12-15 19:53:00,265 LT1-thread root DEBUG client.py                 82    logger_log                : <class 'autopts.ptsprojects.zephyr.iutctl.ZephyrCtl'>.start
2025-12-15 19:53:00,265 LT1-thread root DEBUG client.py                 82    logger_log                : <class 'autopts.ptsprojects.zephyr.iutctl.ZephyrCtl'>.flush_serial
2025-12-15 19:53:01,438 LT1-thread root DEBUG client.py                 82    logger_log                : Starting socat process: socat.exe -x -v tcp:10.17.12.9:51018,retry=100,interval=1 /dev/ttyS2,raw,b115200,
2025-12-15 19:53:01,448 LT1-thread root DEBUG client.py                 82    logger_log                : accept
2025-12-15 19:53:02,030 BTPWorkerThread-1878 (_rx_task) root DEBUG client.py                 82    logger_log                : BTPWorkerThread-1878 (_rx_task) started
2025-12-15 19:53:02,030 LT1-thread root DEBUG client.py                 82    logger_log                : Starting test function: class=<class 'autopts.ptsprojects.testcase.TestFunc'>, func=<bound method IutCtl.wait_iut_ready_event of <autopts.ptsprojects.zephyr.iutctl.ZephyrCtl object at 0x000001F505428770>> start_wid=None stop_wid=None post_wid=None skip_call=None call_count=2 args=(False,) kwds={}
2025-12-15 19:53:02,030 LT1-thread root DEBUG client.py                 82    logger_log                : Test function parameters: args=(False,), kwds={}
2025-12-15 19:53:02,030 LT1-thread root DEBUG client.py                 82    logger_log                : IUT ready event received OK
2025-12-15 19:53:02,030 LT1-thread root DEBUG client.py                 82    logger_log                : Starting test function: class=<class 'autopts.ptsprojects.testcase.TestFunc'>, func=<function core_reg_svc_gap at 0x000001F5038B5B20> start_wid=None stop_wid=None post_wid=None skip_call=None call_count=92 args=() kwds={}
2025-12-15 19:53:02,030 LT1-thread root DEBUG client.py                 82    logger_log                : Test function parameters: args=(), kwds={}
2025-12-15 19:53:02,030 LT1-thread root DEBUG client.py                 82    logger_log                : core_reg_svc_univ: gap_reg (GAP)
2025-12-15 19:53:02,030 LT1-thread root DEBUG client.py                 82    logger_log                : send, 0 3 255 '1'
2025-12-15 19:53:02,030 LT1-thread root DEBUG client.py                 82    logger_log                : sending frame '0003ff010001'
2025-12-15 19:53:02,030 LT1-thread root DEBUG client.py                 82    logger_log                : core_reg_svc_rsp_succ
2025-12-15 19:53:02,030 LT1-thread root DEBUG client.py                 82    logger_log                : read
2025-12-15 19:53:05,613 BTPWorkerThread-1878 (_rx_task) root DEBUG client.py                 82    logger_log                : Read 5 bytes
2025-12-15 19:53:05,623 BTPWorkerThread-1878 (_rx_task) root DEBUG client.py                 82    logger_log                : Received: hdr: Header(svc_id=0x00, op=0x03, ctrl_index=0xff, data_len=0x00) bytearray(b'\x00\x03\xff\x00\x00')
2025-12-15 19:53:05,623 BTPWorkerThread-1878 (_rx_task) root DEBUG client.py                 82    logger_log                : Received data: {''}, bytearray(b'')
2025-12-15 19:53:05,633 LT1-thread root DEBUG client.py                 82    logger_log                : received Header(svc_id=0, op=3, ctrl_index=255, data_len=0) (b'',)
2025-12-15 19:53:05,633 LT1-thread root DEBUG client.py                 82    logger_log                : expected ((0, 3, 255, 0), (b'',))
2025-12-15 19:53:05,633 LT1-thread root DEBUG client.py                 82    logger_log                : response is valid
2025-12-15 19:53:05,633 LT1-thread root DEBUG client.py                 82    logger_log                : Reading supported commands for service: GAP
2025-12-15 19:53:05,633 LT1-thread root DEBUG client.py                 82    logger_log                : send, 1 1 255 ''
2025-12-15 19:53:05,633 LT1-thread root DEBUG client.py                 82    logger_log                : sending frame '0101ff0000'
2025-12-15 19:53:05,633 LT1-thread root DEBUG client.py                 82    logger_log                : read
2025-12-15 19:53:05,703 BTPWorkerThread-1878 (_rx_task) root DEBUG client.py                 82    logger_log                : Read 5 bytes
2025-12-15 19:53:05,723 BTPWorkerThread-1878 (_rx_task) root DEBUG client.py                 82    logger_log                : Received: hdr: Header(svc_id=0x01, op=0x01, ctrl_index=0xff, data_len=0x06) bytearray(b'\x01\x01\xff\x06\x00')
2025-12-15 19:53:05,763 BTPWorkerThread-1878 (_rx_task) root DEBUG client.py                 82    logger_log                : Read 6 bytes data
2025-12-15 19:53:05,783 BTPWorkerThread-1878 (_rx_task) root DEBUG client.py                 82    logger_log                : Received data: {'6e ff 7f 1f fe f7'}, bytearray(b'n\xff\x7f\x1f\xfe\xf7')
2025-12-15 19:53:05,813 LT1-thread root DEBUG client.py                 82    logger_log                : Starting test function: class=<class 'autopts.ptsprojects.testcase.TestFunc'>, func=<bound method Stack.gap_init of <autopts.ptsprojects.stack.stack.Stack object at 0x000001F50559F3E0>> start_wid=None stop_wid=None post_wid=None skip_call=None call_count=89 args=(b'Tester_08E44E',) kwds={}
2025-12-15 19:53:05,813 LT1-thread root DEBUG client.py                 82    logger_log                : Test function parameters: args=(b'Tester_08E44E',), kwds={}
2025-12-15 19:53:05,813 LT1-thread root DEBUG client.py                 82    logger_log                : Starting test function: class=<class 'autopts.ptsprojects.testcase.TestFunc'>, func=<function gap_read_ctrl_info at 0x000001F5038EC540> start_wid=None stop_wid=None post_wid=None skip_call=None call_count=89 args=() kwds={}
2025-12-15 19:53:05,813 LT1-thread root DEBUG client.py                 82    logger_log                : Test function parameters: args=(), kwds={}
2025-12-15 19:53:05,813 LT1-thread root DEBUG client.py                 82    logger_log                : gap_read_ctrl_info
2025-12-15 19:53:05,813 LT1-thread root DEBUG client.py                 82    logger_log                : send, 1 3 0 ''
2025-12-15 19:53:05,813 LT1-thread root DEBUG client.py                 82    logger_log                : sending frame '0103000000'
2025-12-15 19:53:05,813 LT1-thread root DEBUG client.py                 82    logger_log                : read
2025-12-15 19:53:05,893 BTPWorkerThread-1878 (_rx_task) root DEBUG client.py                 82    logger_log                : Read 5 bytes
2025-12-15 19:53:05,913 BTPWorkerThread-1878 (_rx_task) root DEBUG client.py                 82    logger_log                : Received: hdr: Header(svc_id=0x01, op=0x03, ctrl_index=0x00, data_len=0x115) bytearray(b'\x01\x03\x00\x15\x01')
2025-12-15 19:53:05,933 BTPWorkerThread-1878 (_rx_task) root DEBUG client.py                 82    logger_log                : Read 277 bytes data
2025-12-15 19:53:05,953 BTPWorkerThread-1878 (_rx_task) root DEBUG client.py                 82    logger_log                : Received data: {'19 78 ee 69 17 d0 d3 06 02 00 13 02 00 00 00 00 00 62 74 70 5f 74 65 73 74 65 72 00 00 00 00 00 00 00 00 00 00 00 00 00 00 00 00 00 00 00 00 00 00 00 00 00 00 00 00 00 00 00 00 00 00 00 00 00 00 00 00 00 00 00 00 00 00 00 00 00 00 00 00 00 00 00 00 00 00 00 00 00 00 00 00 00 00 00 00 00 00 00 00 00 00 00 00 00 00 00 00 00 00 00 00 00 00 00 00 00 00 00 00 00 00 00 00 00 00 00 00 00 00 00 00 00 00 00 00 00 00 00 00 00 00 00 00 00 00 00 00 00 00 00 00 00 00 00 00 00 00 00 00 00 00 00 00 00 00 00 00 00 00 00 00 00 00 00 00 00 00 00 00 00 00 00 00 00 00 00 00 00 00 00 00 00 00 00 00 00 00 00 00 00 00 00 00 00 00 00 00 00 00 00 00 00 00 00 00 00 00 00 00 00 00 00 00 00 00 00 00 00 00 00 00 00 00 00 00 00 00 00 00 00 00 00 00 00 00 00 00 00 00 00 00 00 00 00 00 00 00 00 00 00 00 00 00 00 00 00 00 00 00 00 00 00 00 00 00 00 00'}, bytearray(b'\x19x\xeei\x17\xd0\xd3\x06\x02\x00\x13\x02\x00\x00\x00\x00\x00btp_tester\x00\x00\x00\x00\x00\x00\x00\x00\x00\x00\x00\x00\x00\x00\x00\x00\x00\x00\x00\x00\x00\x00\x00\x00\x00\x00\x00\x00\x00\x00\x00\x00\x00\x00\x00\x00\x00\x00\x00\x00\x00\x00\x00\x00\x00\x00\x00\x00\x00\x00\x00\x00\x00\x00\x00\x00\x00\x00\x00\x00\x00\x00\x00\x00\x00\x00\x00\x00\x00\x00\x00\x00\x00\x00\x00\x00\x00\x00\x00\x00\x00\x00\x00\x00\x00\x00\x00\x00\x00\x00\x00\x00\x00\x00\x00\x00\x00\x00\x00\x00\x00\x00\x00\x00\x00\x00\x00\x00\x00\x00\x00\x00\x00\x00\x00\x00\x00\x00\x00\x00\x00\x00\x00\x00\x00\x00\x00\x00\x00\x00\x00\x00\x00\x00\x00\x00\x00\x00\x00\x00\x00\x00\x00\x00\x00\x00\x00\x00\x00\x00\x00\x00\x00\x00\x00\x00\x00\x00\x00\x00\x00\x00\x00\x00\x00\x00\x00\x00\x00\x00\x00\x00\x00\x00\x00\x00\x00\x00\x00\x00\x00\x00\x00\x00\x00\x00\x00\x00\x00\x00\x00\x00\x00\x00\x00\x00\x00\x00\x00\x00\x00\x00\x00\x00\x00\x00\x00\x00\x00\x00\x00\x00\x00\x00\x00\x00\x00\x00\x00\x00\x00\x00\x00\x00\x00\x00\x00\x00\x00\x00\x00\x00\x00\x00\x00\x00\x00\x00\x00\x00\x00\x00\x00\x00\x00\x00\x00\x00\x00\x00')
2025-12-15 19:53:05,983 LT1-thread root DEBUG client.py                 82    logger_log                : received Header(svc_id=1, op=3, ctrl_index=0, data_len=277) (b'\x19x\xeei\x17\xd0\xd3\x06\x02\x00\x13\x02\x00\x00\x00\x00\x00btp_tester\x00\x00\x00\x00\x00\x00\x00\x00\x00\x00\x00\x00\x00\x00\x00\x00\x00\x00\x00\x00\x00\x00\x00\x00\x00\x00\x00\x00\x00\x00\x00\x00\x00\x00\x00\x00\x00\x00\x00\x00\x00\x00\x00\x00\x00\x00\x00\x00\x00\x00\x00\x00\x00\x00\x00\x00\x00\x00\x00\x00\x00\x00\x00\x00\x00\x00\x00\x00\x00\x00\x00\x00\x00\x00\x00\x00\x00\x00\x00\x00\x00\x00\x00\x00\x00\x00\x00\x00\x00\x00\x00\x00\x00\x00\x00\x00\x00\x00\x00\x00\x00\x00\x00\x00\x00\x00\x00\x00\x00\x00\x00\x00\x00\x00\x00\x00\x00\x00\x00\x00\x00\x00\x00\x00\x00\x00\x00\x00\x00\x00\x00\x00\x00\x00\x00\x00\x00\x00\x00\x00\x00\x00\x00\x00\x00\x00\x00\x00\x00\x00\x00\x00\x00\x00\x00\x00\x00\x00\x00\x00\x00\x00\x00\x00\x00\x00\x00\x00\x00\x00\x00\x00\x00\x00\x00\x00\x00\x00\x00\x00\x00\x00\x00\x00\x00\x00\x00\x00\x00\x00\x00\x00\x00\x00\x00\x00\x00\x00\x00\x00\x00\x00\x00\x00\x00\x00\x00\x00\x00\x00\x00\x00\x00\x00\x00\x00\x00\x00\x00\x00\x00\x00\x00\x00\x00\x00\x00\x00\x00\x00\x00\x00\x00\x00\x00\x00\x00\x00\x00\x00\x00\x00\x00\x00\x00\x00\x00\x00\x00\x00',)
2025-12-15 19:53:05,983 LT1-thread root DEBUG client.py                 82    logger_log                : IUT address 'd01769ee7819' 'public'
2025-12-15 19:53:05,983 LT1-thread root DEBUG client.py                 82    logger_log                : __gap_current_settings_update 531
2025-12-15 19:53:05,983 LT1-thread root DEBUG client.py                 82    logger_log                : Starting test function: class=<class 'autopts.ptsprojects.testcase.TestFunc'>, func=<function test_cases.<locals>.<lambda> at 0x000001F506CD2160> start_wid=None stop_wid=None post_wid=None skip_call=None call_count=89 args=() kwds={}
2025-12-15 19:53:05,983 LT1-thread root DEBUG client.py                 82    logger_log                : Test function parameters: args=(), kwds={}
2025-12-15 19:53:06,013 LT1-thread root DEBUG client.py                 82    logger_log                : Starting test function: class=<class 'autopts.ptsprojects.testcase.TestFunc'>, func=<function set_pts_addr at 0x000001F5038B56C0> start_wid=None stop_wid=None post_wid=None skip_call=None call_count=89 args=('00:1B:DC:08:E4:4E', 0) kwds={}
2025-12-15 19:53:06,013 LT1-thread root DEBUG client.py                 82    logger_log                : Test function parameters: args=('00:1B:DC:08:E4:4E', 0), kwds={}
2025-12-15 19:53:06,013 LT1-thread root DEBUG client.py                 82    logger_log                : Starting test function: class=<class 'autopts.ptsprojects.testcase.TestFunc'>, func=<function gap_set_conn at 0x000001F5038BFE20> start_wid=None stop_wid=None post_wid=None skip_call=None call_count=89 args=() kwds={}
2025-12-15 19:53:06,013 LT1-thread root DEBUG client.py                 82    logger_log                : Test function parameters: args=(), kwds={}
2025-12-15 19:53:06,013 LT1-thread root DEBUG client.py                 82    logger_log                : gap_set_conn
2025-12-15 19:53:06,013 LT1-thread root DEBUG client.py                 82    logger_log                : Starting test function: class=<class 'autopts.ptsprojects.testcase.TestFunc'>, func=<function gap_set_gendiscov at 0x000001F5038EC040> start_wid=None stop_wid=None post_wid=None skip_call=None call_count=89 args=() kwds={}
2025-12-15 19:53:06,013 LT1-thread root DEBUG client.py                 82    logger_log                : Test function parameters: args=(), kwds={}
2025-12-15 19:53:06,013 LT1-thread root DEBUG client.py                 82    logger_log                : gap_set_gendiscov
2025-12-15 19:53:06,013 LT1-thread root DEBUG client.py                 82    logger_log                : send, 1 8 0 '1'
2025-12-15 19:53:06,013 LT1-thread root DEBUG client.py                 82    logger_log                : sending frame '010800010001'
2025-12-15 19:53:06,013 LT1-thread root DEBUG client.py                 82    logger_log                : gap_command_rsp_succ
2025-12-15 19:53:06,013 LT1-thread root DEBUG client.py                 82    logger_log                : read
2025-12-15 19:53:06,104 BTPWorkerThread-1878 (_rx_task) root DEBUG client.py                 82    logger_log                : Read 5 bytes
2025-12-15 19:53:06,154 BTPWorkerThread-1878 (_rx_task) root DEBUG client.py                 82    logger_log                : Received: hdr: Header(svc_id=0x01, op=0x08, ctrl_index=0x00, data_len=0x04) bytearray(b'\x01\x08\x00\x04\x00')
2025-12-15 19:53:06,194 BTPWorkerThread-1878 (_rx_task) root DEBUG client.py                 82    logger_log                : Read 4 bytes data
2025-12-15 19:53:06,214 BTPWorkerThread-1878 (_rx_task) root DEBUG client.py                 82    logger_log                : Received data: {'1b 02 00 00'}, bytearray(b'\x1b\x02\x00\x00')
2025-12-15 19:53:06,254 LT1-thread root DEBUG client.py                 82    logger_log                : received Header(svc_id=1, op=8, ctrl_index=0, data_len=4) (b'\x1b\x02\x00\x00',)
2025-12-15 19:53:06,254 LT1-thread root DEBUG client.py                 82    logger_log                : __gap_current_settings_update (b'\x1b\x02\x00\x00',)
2025-12-15 19:53:06,254 LT1-thread root DEBUG client.py                 82    logger_log                : Starting test function: class=<class 'autopts.ptsprojects.testcase.TestFunc'>, func=<function gap_set_io_cap at 0x000001F5038BF9C0> start_wid=None stop_wid=None post_wid=None skip_call=None call_count=89 args=(3,) kwds={}
2025-12-15 19:53:06,254 LT1-thread root DEBUG client.py                 82    logger_log                : Test function parameters: args=(3,), kwds={}
2025-12-15 19:53:06,254 LT1-thread root DEBUG client.py                 82    logger_log                : gap_set_io_cap 3
2025-12-15 19:53:06,254 LT1-thread root DEBUG client.py                 82    logger_log                : send, 1 16 0 '\x03'
2025-12-15 19:53:06,254 LT1-thread root DEBUG client.py                 82    logger_log                : sending frame '011000010003'
2025-12-15 19:53:06,254 LT1-thread root DEBUG client.py                 82    logger_log                : gap_command_rsp_succ
2025-12-15 19:53:06,254 LT1-thread root DEBUG client.py                 82    logger_log                : read
2025-12-15 19:53:06,314 BTPWorkerThread-1878 (_rx_task) root DEBUG client.py                 82    logger_log                : Read 5 bytes
2025-12-15 19:53:06,314 BTPWorkerThread-1878 (_rx_task) root DEBUG client.py                 82    logger_log                : Received: hdr: Header(svc_id=0x01, op=0x10, ctrl_index=0x00, data_len=0x00) bytearray(b'\x01\x10\x00\x00\x00')
2025-12-15 19:53:06,314 BTPWorkerThread-1878 (_rx_task) root DEBUG client.py                 82    logger_log                : Received data: {''}, bytearray(b'')
2025-12-15 19:53:06,314 LT1-thread root DEBUG client.py                 82    logger_log                : received Header(svc_id=1, op=16, ctrl_index=0, data_len=0) (b'',)
2025-12-15 19:53:06,314 LT1-thread root DEBUG client.py                 82    logger_log                : Starting test function: class=<class 'autopts.ptsprojects.testcase.TestFunc'>, func=<function core_reg_svc_hfp_ag at 0x000001F5038B7240> start_wid=None stop_wid=None post_wid=None skip_call=None call_count=89 args=() kwds={}
2025-12-15 19:53:06,314 LT1-thread root DEBUG client.py                 82    logger_log                : Test function parameters: args=(), kwds={}
2025-12-15 19:53:06,314 LT1-thread root DEBUG client.py                 82    logger_log                : core_reg_svc_univ: hfp_ag_reg (HFP_AG)
2025-12-15 19:53:06,314 LT1-thread root DEBUG client.py                 82    logger_log                : send, 0 3 255 '33'
2025-12-15 19:53:06,314 LT1-thread root DEBUG client.py                 82    logger_log                : sending frame '0003ff010021'
2025-12-15 19:53:06,314 LT1-thread root DEBUG client.py                 82    logger_log                : core_reg_svc_rsp_succ
2025-12-15 19:53:06,314 LT1-thread root DEBUG client.py                 82    logger_log                : read
2025-12-15 19:53:06,384 BTPWorkerThread-1878 (_rx_task) root DEBUG client.py                 82    logger_log                : Read 5 bytes
2025-12-15 19:53:06,414 BTPWorkerThread-1878 (_rx_task) root DEBUG client.py                 82    logger_log                : Received: hdr: Header(svc_id=0x00, op=0x03, ctrl_index=0xff, data_len=0x00) bytearray(b'\x00\x03\xff\x00\x00')
2025-12-15 19:53:06,434 BTPWorkerThread-1878 (_rx_task) root DEBUG client.py                 82    logger_log                : Received data: {''}, bytearray(b'')
2025-12-15 19:53:06,464 LT1-thread root DEBUG client.py                 82    logger_log                : received Header(svc_id=0, op=3, ctrl_index=255, data_len=0) (b'',)
2025-12-15 19:53:06,464 LT1-thread root DEBUG client.py                 82    logger_log                : expected ((0, 3, 255, 0), (b'',))
2025-12-15 19:53:06,464 LT1-thread root DEBUG client.py                 82    logger_log                : response is valid
2025-12-15 19:53:06,464 LT1-thread root DEBUG client.py                 82    logger_log                : Reading supported commands for service: HFP_AG
2025-12-15 19:53:06,464 LT1-thread root DEBUG client.py                 82    logger_log                : send, 33 1 255 ''
2025-12-15 19:53:06,464 LT1-thread root DEBUG client.py                 82    logger_log                : sending frame '2101ff0000'
2025-12-15 19:53:06,464 LT1-thread root DEBUG client.py                 82    logger_log                : read
2025-12-15 19:53:06,564 BTPWorkerThread-1878 (_rx_task) root DEBUG client.py                 82    logger_log                : Read 5 bytes
2025-12-15 19:53:06,584 BTPWorkerThread-1878 (_rx_task) root DEBUG client.py                 82    logger_log                : Received: hdr: Header(svc_id=0x21, op=0x01, ctrl_index=0xff, data_len=0x05) bytearray(b'!\x01\xff\x05\x00')
2025-12-15 19:53:06,624 BTPWorkerThread-1878 (_rx_task) root DEBUG client.py                 82    logger_log                : Read 5 bytes data
2025-12-15 19:53:06,644 BTPWorkerThread-1878 (_rx_task) root DEBUG client.py                 82    logger_log                : Received data: {'fe ff ff ff 1f'}, bytearray(b'\xfe\xff\xff\xff\x1f')
2025-12-15 19:53:06,674 LT1-thread root DEBUG client.py                 82    logger_log                : Starting test function: class=<class 'autopts.ptsprojects.testcase.TestFunc'>, func=<bound method Stack.hfp_ag_init of <autopts.ptsprojects.stack.stack.Stack object at 0x000001F50559F3E0>> start_wid=None stop_wid=None post_wid=None skip_call=None call_count=89 args=() kwds={}
2025-12-15 19:53:06,674 LT1-thread root DEBUG client.py                 82    logger_log                : Test function parameters: args=(), kwds={}
2025-12-15 19:53:06,674 LT1-thread root DEBUG client.py                 82    logger_log                : Starting test function: class=<class 'autopts.ptsprojects.testcase.TestFunc'>, func=<function hfp_ag_set_default_indicator_value at 0x000001F503A4AC00> start_wid=None stop_wid=None post_wid=None skip_call=None call_count=89 args=(1, 5, 0, 5) kwds={}
2025-12-15 19:53:06,674 LT1-thread root DEBUG client.py                 82    logger_log                : Test function parameters: args=(1, 5, 0, 5), kwds={}
2025-12-15 19:53:06,674 LT1-thread root DEBUG client.py                 82    logger_log                : hfp_ag_set_default_indicator_value 1 5 0 5
2025-12-15 19:53:06,674 LT1-thread root DEBUG client.py                 82    logger_log                : send, 33 33 0 "bytearray(b'\\x01\\x05\\x00\\x05')"
2025-12-15 19:53:06,674 LT1-thread root DEBUG client.py                 82    logger_log                : sending frame '212100040001050005'
2025-12-15 19:53:06,674 LT1-thread root DEBUG client.py                 82    logger_log                : read
2025-12-15 19:53:06,724 BTPWorkerThread-1878 (_rx_task) root DEBUG client.py                 82    logger_log                : Read 5 bytes
2025-12-15 19:53:06,724 BTPWorkerThread-1878 (_rx_task) root DEBUG client.py                 82    logger_log                : Received: hdr: Header(svc_id=0x21, op=0x21, ctrl_index=0x00, data_len=0x00) bytearray(b'!!\x00\x00\x00')
2025-12-15 19:53:06,724 BTPWorkerThread-1878 (_rx_task) root DEBUG client.py                 82    logger_log                : Received data: {''}, bytearray(b'')
2025-12-15 19:53:06,734 LT1-thread root DEBUG client.py                 82    logger_log                : Starting test function: class=<class 'autopts.ptsprojects.testcase.TestFunc'>, func=<function hfp_ag_set_memory_dial_mapping at 0x000001F503A4ACA0> start_wid=None stop_wid=None post_wid=None skip_call=None call_count=89 args=('1', '1234567') kwds={}
2025-12-15 19:53:06,734 LT1-thread root DEBUG client.py                 82    logger_log                : Test function parameters: args=('1', '1234567'), kwds={}
2025-12-15 19:53:06,734 LT1-thread root DEBUG client.py                 82    logger_log                : hfp_ag_set_memory_dial_mapping '1' '1234567'
2025-12-15 19:53:06,734 LT1-thread root DEBUG client.py                 82    logger_log                : send, 33 34 0 "bytearray(b'\\x01\\x0711234567')"
2025-12-15 19:53:06,734 LT1-thread root DEBUG client.py                 82    logger_log                : sending frame '2122000a0001073131323334353637'
2025-12-15 19:53:06,734 LT1-thread root DEBUG client.py                 82    logger_log                : read
2025-12-15 19:53:06,804 BTPWorkerThread-1878 (_rx_task) root DEBUG client.py                 82    logger_log                : Read 5 bytes
2025-12-15 19:53:06,824 BTPWorkerThread-1878 (_rx_task) root DEBUG client.py                 82    logger_log                : Received: hdr: Header(svc_id=0x21, op=0x22, ctrl_index=0x00, data_len=0x00) bytearray(b'!"\x00\x00\x00')
2025-12-15 19:53:06,844 BTPWorkerThread-1878 (_rx_task) root DEBUG client.py                 82    logger_log                : Received data: {''}, bytearray(b'')
2025-12-15 19:53:06,874 LT1-thread root DEBUG client.py                 82    logger_log                : Starting test function: class=<class 'autopts.ptsprojects.testcase.TestFunc'>, func=<function hfp_ag_set_voice_tag_number at 0x000001F503A4ADE0> start_wid=None stop_wid=None post_wid=None skip_call=None call_count=89 args=('1234567',) kwds={}
2025-12-15 19:53:06,874 LT1-thread root DEBUG client.py                 82    logger_log                : Test function parameters: args=('1234567',), kwds={}
2025-12-15 19:53:06,874 LT1-thread root DEBUG client.py                 82    logger_log                : hfp_ag_set_voice_tag_number '1234567'
2025-12-15 19:53:06,874 LT1-thread root DEBUG client.py                 82    logger_log                : send, 33 36 0 "bytearray(b'\\x071234567')"
2025-12-15 19:53:06,874 LT1-thread root DEBUG client.py                 82    logger_log                : sending frame '21240008000731323334353637'
2025-12-15 19:53:06,874 LT1-thread root DEBUG client.py                 82    logger_log                : read
2025-12-15 19:53:06,944 BTPWorkerThread-1878 (_rx_task) root DEBUG client.py                 82    logger_log                : Read 5 bytes
2025-12-15 19:53:06,964 BTPWorkerThread-1878 (_rx_task) root DEBUG client.py                 82    logger_log                : Received: hdr: Header(svc_id=0x21, op=0x24, ctrl_index=0x00, data_len=0x00) bytearray(b'!$\x00\x00\x00')
2025-12-15 19:53:06,984 BTPWorkerThread-1878 (_rx_task) root DEBUG client.py                 82    logger_log                : Received data: {''}, bytearray(b'')
2025-12-15 19:53:07,014 LT1-thread root DEBUG client.py                 82    logger_log                : Starting test function: class=<class 'autopts.ptsprojects.testcase.TestFunc'>, func=<function hfp_ag_set_ongoing_calls at 0x000001F503A4AAC0> start_wid=None stop_wid=None post_wid=None skip_call=None call_count=1 args=([{'number': '1234567', 'type': 0, 'dir': 1, 'status': 6}],) kwds={}
2025-12-15 19:53:07,014 LT1-thread root DEBUG client.py                 82    logger_log                : Test function parameters: args=([{'number': '1234567', 'type': 0, 'dir': 1, 'status': 6}],), kwds={}
2025-12-15 19:53:07,014 LT1-thread root DEBUG client.py                 82    logger_log                : hfp_ag_set_ongoing_calls [{'number': '1234567', 'type': 0, 'dir': 1, 'status': 6}]
2025-12-15 19:53:07,014 LT1-thread root DEBUG client.py                 82    logger_log                : send, 33 31 0 "bytearray(b'\\x01\\x07\\x00\\x01\\x061234567')"
2025-12-15 19:53:07,014 LT1-thread root DEBUG client.py                 82    logger_log                : sending frame '211f000c00010700010631323334353637'
2025-12-15 19:53:07,014 LT1-thread root DEBUG client.py                 82    logger_log                : read
2025-12-15 19:53:07,094 BTPWorkerThread-1878 (_rx_task) root DEBUG client.py                 82    logger_log                : Read 5 bytes
2025-12-15 19:53:07,115 BTPWorkerThread-1878 (_rx_task) root DEBUG client.py                 82    logger_log                : Received: hdr: Header(svc_id=0x21, op=0x1f, ctrl_index=0x00, data_len=0x00) bytearray(b'!\x1f\x00\x00\x00')
2025-12-15 19:53:07,125 BTPWorkerThread-1878 (_rx_task) root DEBUG client.py                 82    logger_log                : Received data: {''}, bytearray(b'')
2025-12-15 19:53:07,125 LT1-thread root DEBUG client.py                 82    logger_log                : ClientCallback.get_result run_test_case
2025-12-15 19:53:09,191 LT1-callback ClientCallback.on_implicit_send INFO client.py                 82    logger_log                : 
    ********************
    BEGIN OnImplicitSend:
    project_name: HFP
    wid: 121
    test_case_name: HFP/AG/RHH/BV-05-C
    description: Click Ok, then make a connection request to the PTS from the Implementation Under Test (IUT).
    style: MMI_Style_Ok_Cancel1 0x11041
2025-12-15 19:53:09,191 LT1-callback ClientCallback.on_implicit_send INFO client.py                 82    logger_log                : Calling test cases on_implicit_send
2025-12-15 19:53:09,191 LT1-callback ClientCallback.on_implicit_send INFO client.py                 82    logger_log                : 
    on_implicit_send returned response: WAIT
    END OnImplicitSend
    ********************
2025-12-15 19:53:10,134 LT1-thread root DEBUG client.py                 82    logger_log                : HFP HFP/AG/RHH/BV-05-C on_implicit_send
2025-12-15 19:53:10,134 LT1-thread root DEBUG client.py                 82    logger_log                : hfp_ag_wid_hdl, 121, Click Ok, then make a connection request to the PTS from the Implementation Under Test (IUT)., HFP/AG/RHH/BV-05-C
2025-12-15 19:53:10,134 LT1-thread root DEBUG client.py                 82    logger_log                : gap_conn None 224
2025-12-15 19:53:10,134 LT1-thread root DEBUG client.py                 82    logger_log                : send, 1 14 0 "bytearray(b'\\xe0N\\xe4\\x08\\xdc\\x1b\\x00\\x00')"
2025-12-15 19:53:10,134 LT1-thread root DEBUG client.py                 82    logger_log                : sending frame '010e000800e04ee408dc1b0000'
2025-12-15 19:53:10,134 LT1-thread root DEBUG client.py                 82    logger_log                : read
2025-12-15 19:53:10,214 BTPWorkerThread-1878 (_rx_task) root DEBUG client.py                 82    logger_log                : Read 5 bytes
2025-12-15 19:53:10,234 BTPWorkerThread-1878 (_rx_task) root DEBUG client.py                 82    logger_log                : Received: hdr: Header(svc_id=0x01, op=0x0e, ctrl_index=0x00, data_len=0x00) bytearray(b'\x01\x0e\x00\x00\x00')
2025-12-15 19:53:10,254 BTPWorkerThread-1878 (_rx_task) root DEBUG client.py                 82    logger_log                : Received data: {''}, bytearray(b'')
2025-12-15 19:53:13,043 BTPWorkerThread-1878 (_rx_task) root DEBUG client.py                 82    logger_log                : Read 5 bytes
2025-12-15 19:53:13,075 BTPWorkerThread-1878 (_rx_task) root DEBUG client.py                 82    logger_log                : Received: hdr: Header(svc_id=0x01, op=0x82, ctrl_index=0x00, data_len=0x0d) bytearray(b'\x01\x82\x00\r\x00')
2025-12-15 19:53:13,115 BTPWorkerThread-1878 (_rx_task) root DEBUG client.py                 82    logger_log                : Read 13 bytes data
2025-12-15 19:53:13,135 BTPWorkerThread-1878 (_rx_task) root DEBUG client.py                 82    logger_log                : Received data: {'e0 4e e4 08 dc 1b 00 00 00 00 00 00 00'}, bytearray(b'\xe0N\xe4\x08\xdc\x1b\x00\x00\x00\x00\x00\x00\x00')
2025-12-15 19:53:13,165 BTPWorkerThread-1878 (_rx_task) root DEBUG client.py                 82    logger_log                : event_handler Header(svc_id=1, op=130, ctrl_index=0, data_len=13) (b'\xe0N\xe4\x08\xdc\x1b\x00\x00\x00\x00\x00\x00\x00',)
2025-12-15 19:53:13,185 BTPWorkerThread-1878 (_rx_task) root DEBUG client.py                 82    logger_log                : gap_connected_ev_ b'\xe0N\xe4\x08\xdc\x1b\x00\x00\x00\x00\x00\x00\x00'
2025-12-15 19:53:13,205 LT1-thread root DEBUG client.py                 82    logger_log                : gap_pair None 224
2025-12-15 19:53:13,205 LT1-thread root DEBUG client.py                 82    logger_log                : send, 1 17 0 "bytearray(b'\\xe0N\\xe4\\x08\\xdc\\x1b\\x00')"
2025-12-15 19:53:13,205 LT1-thread root DEBUG client.py                 82    logger_log                : sending frame '0111000700e04ee408dc1b00'
2025-12-15 19:53:13,205 LT1-thread root DEBUG client.py                 82    logger_log                : gap_command_rsp_succ
2025-12-15 19:53:13,205 LT1-thread root DEBUG client.py                 82    logger_log                : read
2025-12-15 19:53:13,275 BTPWorkerThread-1878 (_rx_task) root DEBUG client.py                 82    logger_log                : Read 5 bytes
2025-12-15 19:53:13,295 BTPWorkerThread-1878 (_rx_task) root DEBUG client.py                 82    logger_log                : Received: hdr: Header(svc_id=0x01, op=0x11, ctrl_index=0x00, data_len=0x00) bytearray(b'\x01\x11\x00\x00\x00')
2025-12-15 19:53:13,305 BTPWorkerThread-1878 (_rx_task) root DEBUG client.py                 82    logger_log                : Received data: {''}, bytearray(b'')
2025-12-15 19:53:13,335 LT1-thread root DEBUG client.py                 82    logger_log                : received Header(svc_id=1, op=17, ctrl_index=0, data_len=0) (b'',)
2025-12-15 19:53:13,335 LT1-thread root DEBUG client.py                 82    logger_log                : hfp_ag_connect '001bdc08e44e' None 1
2025-12-15 19:53:13,335 LT1-thread root DEBUG client.py                 82    logger_log                : send, 33 2 0 "bytearray(b'N\\xe4\\x08\\xdc\\x1b\\x00\\x01')"
2025-12-15 19:53:13,335 LT1-thread root DEBUG client.py                 82    logger_log                : sending frame '21020007004ee408dc1b0001'
2025-12-15 19:53:13,335 LT1-thread root DEBUG client.py                 82    logger_log                : read
2025-12-15 19:53:13,403 BTPWorkerThread-1878 (_rx_task) root DEBUG client.py                 82    logger_log                : Read 5 bytes
2025-12-15 19:53:13,424 BTPWorkerThread-1878 (_rx_task) root DEBUG client.py                 82    logger_log                : Received: hdr: Header(svc_id=0x21, op=0x02, ctrl_index=0x00, data_len=0x00) bytearray(b'!\x02\x00\x00\x00')
2025-12-15 19:53:13,444 BTPWorkerThread-1878 (_rx_task) root DEBUG client.py                 82    logger_log                : Received data: {''}, bytearray(b'')
2025-12-15 19:53:13,464 LT1-thread root DEBUG client.py                 82    logger_log                : Sending response 'OK' to wid 121 test case HFP/AG/RHH/BV-05-C
2025-12-15 19:53:13,464 LT1-thread root DEBUG client.py                 82    logger_log                : ClientCallback.get_result run_test_case
2025-12-15 19:53:14,182 BTPWorkerThread-1878 (_rx_task) root DEBUG client.py                 82    logger_log                : Read 5 bytes
2025-12-15 19:53:14,182 BTPWorkerThread-1878 (_rx_task) root DEBUG client.py                 82    logger_log                : Received: hdr: Header(svc_id=0x01, op=0x91, ctrl_index=0x00, data_len=0x09) bytearray(b'\x01\x91\x00\t\x00')
2025-12-15 19:53:14,182 BTPWorkerThread-1878 (_rx_task) root DEBUG client.py                 82    logger_log                : Read 9 bytes data
2025-12-15 19:53:14,182 BTPWorkerThread-1878 (_rx_task) root DEBUG client.py                 82    logger_log                : Received data: {'e0 4e e4 08 dc 1b 00 01 10'}, bytearray(b'\xe0N\xe4\x08\xdc\x1b\x00\x01\x10')
2025-12-15 19:53:14,183 BTPWorkerThread-1878 (_rx_task) root DEBUG client.py                 82    logger_log                : event_handler Header(svc_id=1, op=145, ctrl_index=0, data_len=9) (b'\xe0N\xe4\x08\xdc\x1b\x00\x01\x10',)
2025-12-15 19:53:14,183 BTPWorkerThread-1878 (_rx_task) root DEBUG client.py                 82    logger_log                : gap_encryption_change_ev_
2025-12-15 19:53:14,183 BTPWorkerThread-1878 (_rx_task) root DEBUG client.py                 82    logger_log                : enc change received b'\xe0N\xe4\x08\xdc\x1b\x00\x01\x10'
2025-12-15 19:53:14,183 BTPWorkerThread-1878 (_rx_task) root DEBUG client.py                 82    logger_log                : received (224, '001bdc08e44e', 1, 16)
2025-12-15 19:53:14,183 BTPWorkerThread-1878 (_rx_task) root DEBUG client.py                 82    logger_log                : Read 5 bytes
2025-12-15 19:53:14,183 BTPWorkerThread-1878 (_rx_task) root DEBUG client.py                 82    logger_log                : Received: hdr: Header(svc_id=0x01, op=0x89, ctrl_index=0x00, data_len=0x08) bytearray(b'\x01\x89\x00\x08\x00')
2025-12-15 19:53:14,183 BTPWorkerThread-1878 (_rx_task) root DEBUG client.py                 82    logger_log                : Read 8 bytes data
2025-12-15 19:53:14,183 BTPWorkerThread-1878 (_rx_task) root DEBUG client.py                 82    logger_log                : Received data: {'e0 4e e4 08 dc 1b 00 02'}, bytearray(b'\xe0N\xe4\x08\xdc\x1b\x00\x02')
2025-12-15 19:53:14,183 BTPWorkerThread-1878 (_rx_task) root DEBUG client.py                 82    logger_log                : event_handler Header(svc_id=1, op=137, ctrl_index=0, data_len=8) (b'\xe0N\xe4\x08\xdc\x1b\x00\x02',)
2025-12-15 19:53:14,183 BTPWorkerThread-1878 (_rx_task) root DEBUG client.py                 82    logger_log                : gap_sec_level_changed_ev_
2025-12-15 19:53:14,183 BTPWorkerThread-1878 (_rx_task) root DEBUG client.py                 82    logger_log                : received b'\xe0N\xe4\x08\xdc\x1b\x00\x02'
2025-12-15 19:53:14,183 BTPWorkerThread-1878 (_rx_task) root DEBUG client.py                 82    logger_log                : received (224, '001bdc08e44e', 2)
2025-12-15 19:53:14,382 BTPWorkerThread-1878 (_rx_task) root DEBUG client.py                 82    logger_log                : Read 5 bytes
2025-12-15 19:53:14,382 BTPWorkerThread-1878 (_rx_task) root DEBUG client.py                 82    logger_log                : Received: hdr: Header(svc_id=0x21, op=0x80, ctrl_index=0x00, data_len=0x06) bytearray(b'!\x80\x00\x06\x00')
2025-12-15 19:53:14,382 BTPWorkerThread-1878 (_rx_task) root DEBUG client.py                 82    logger_log                : Read 6 bytes data
2025-12-15 19:53:14,382 BTPWorkerThread-1878 (_rx_task) root DEBUG client.py                 82    logger_log                : Received data: {'4e e4 08 dc 1b 00'}, bytearray(b'N\xe4\x08\xdc\x1b\x00')
2025-12-15 19:53:14,382 BTPWorkerThread-1878 (_rx_task) root DEBUG client.py                 82    logger_log                : event_handler Header(svc_id=33, op=128, ctrl_index=0, data_len=6) (b'N\xe4\x08\xdc\x1b\x00',)
2025-12-15 19:53:14,382 BTPWorkerThread-1878 (_rx_task) root DEBUG client.py                 82    logger_log                : hfp_ag_connected_ev b'N\xe4\x08\xdc\x1b\x00' 6
2025-12-15 19:53:14,382 BTPWorkerThread-1878 (_rx_task) root DEBUG client.py                 82    logger_log                : HFP AG connected to addr b'N\xe4\x08\xdc\x1b\x00'
2025-12-15 19:53:14,382 BTPWorkerThread-1878 (_rx_task) root DEBUG client.py                 82    logger_log                : Read 5 bytes
2025-12-15 19:53:14,382 BTPWorkerThread-1878 (_rx_task) root DEBUG client.py                 82    logger_log                : Received: hdr: Header(svc_id=0x21, op=0x85, ctrl_index=0x00, data_len=0x0f) bytearray(b'!\x85\x00\x0f\x00')
2025-12-15 19:53:14,382 BTPWorkerThread-1878 (_rx_task) root DEBUG client.py                 82    logger_log                : Read 15 bytes data
2025-12-15 19:53:14,382 BTPWorkerThread-1878 (_rx_task) root DEBUG client.py                 82    logger_log                : Received data: {'4e e4 08 dc 1b 00 00 07 31 32 33 34 35 36 37'}, bytearray(b'N\xe4\x08\xdc\x1b\x00\x00\x071234567')
2025-12-15 19:53:14,382 BTPWorkerThread-1878 (_rx_task) root DEBUG client.py                 82    logger_log                : event_handler Header(svc_id=33, op=133, ctrl_index=0, data_len=15) (b'N\xe4\x08\xdc\x1b\x00\x00\x071234567',)
2025-12-15 19:53:14,382 BTPWorkerThread-1878 (_rx_task) root DEBUG client.py                 82    logger_log                : hfp_ag_incoming_ev b'N\xe4\x08\xdc\x1b\x00\x00\x071234567' 15
2025-12-15 19:53:14,382 BTPWorkerThread-1878 (_rx_task) root DEBUG client.py                 82    logger_log                : HFP AG incoming call from addr b'N\xe4\x08\xdc\x1b\x00', call_index 0, number '1234567'
2025-12-15 19:53:14,382 BTPWorkerThread-1878 (_rx_task) root DEBUG client.py                 82    logger_log                : Read 5 bytes
2025-12-15 19:53:14,382 BTPWorkerThread-1878 (_rx_task) root DEBUG client.py                 82    logger_log                : Received: hdr: Header(svc_id=0x21, op=0x86, ctrl_index=0x00, data_len=0x07) bytearray(b'!\x86\x00\x07\x00')
2025-12-15 19:53:14,382 BTPWorkerThread-1878 (_rx_task) root DEBUG client.py                 82    logger_log                : Read 7 bytes data
2025-12-15 19:53:14,382 BTPWorkerThread-1878 (_rx_task) root DEBUG client.py                 82    logger_log                : Received data: {'4e e4 08 dc 1b 00 00'}, bytearray(b'N\xe4\x08\xdc\x1b\x00\x00')
2025-12-15 19:53:14,382 BTPWorkerThread-1878 (_rx_task) root DEBUG client.py                 82    logger_log                : event_handler Header(svc_id=33, op=134, ctrl_index=0, data_len=7) (b'N\xe4\x08\xdc\x1b\x00\x00',)
2025-12-15 19:53:14,382 BTPWorkerThread-1878 (_rx_task) root DEBUG client.py                 82    logger_log                : hfp_ag_incoming_held_ev b'N\xe4\x08\xdc\x1b\x00\x00' 7
2025-12-15 19:53:14,382 BTPWorkerThread-1878 (_rx_task) root DEBUG client.py                 82    logger_log                : HFP AG incoming call held from addr b'N\xe4\x08\xdc\x1b\x00', call_index 0
2025-12-15 19:53:14,452 BTPWorkerThread-1878 (_rx_task) root DEBUG client.py                 82    logger_log                : Read 5 bytes
2025-12-15 19:53:14,452 BTPWorkerThread-1878 (_rx_task) root DEBUG client.py                 82    logger_log                : Received: hdr: Header(svc_id=0x21, op=0x82, ctrl_index=0x00, data_len=0x06) bytearray(b'!\x82\x00\x06\x00')
2025-12-15 19:53:14,452 BTPWorkerThread-1878 (_rx_task) root DEBUG client.py                 82    logger_log                : Read 6 bytes data
2025-12-15 19:53:14,452 BTPWorkerThread-1878 (_rx_task) root DEBUG client.py                 82    logger_log                : Received data: {'4e e4 08 dc 1b 00'}, bytearray(b'N\xe4\x08\xdc\x1b\x00')
2025-12-15 19:53:14,452 BTPWorkerThread-1878 (_rx_task) root DEBUG client.py                 82    logger_log                : event_handler Header(svc_id=33, op=130, ctrl_index=0, data_len=6) (b'N\xe4\x08\xdc\x1b\x00',)
2025-12-15 19:53:14,452 BTPWorkerThread-1878 (_rx_task) root DEBUG client.py                 82    logger_log                : hfp_ag_sco_connected_ev b'N\xe4\x08\xdc\x1b\x00' 6
2025-12-15 19:53:14,452 BTPWorkerThread-1878 (_rx_task) root DEBUG client.py                 82    logger_log                : HFP AG SCO connected to addr b'N\xe4\x08\xdc\x1b\x00'
2025-12-15 19:53:14,472 LT1-callback ClientCallback.on_implicit_send INFO client.py                 82    logger_log                : 
    ********************
    BEGIN OnImplicitSend:
    project_name: HFP
    wid: 140
    test_case_name: HFP/AG/RHH/BV-05-C
    description: Click Ok, then accept the held incoming call using the Implementation Under Test (IUT).
    style: MMI_Style_Ok_Cancel1 0x11041
2025-12-15 19:53:14,472 LT1-callback ClientCallback.on_implicit_send INFO client.py                 82    logger_log                : Calling test cases on_implicit_send
2025-12-15 19:53:14,472 LT1-callback ClientCallback.on_implicit_send INFO client.py                 82    logger_log                : 
    on_implicit_send returned response: WAIT
    END OnImplicitSend
    ********************
2025-12-15 19:53:15,478 LT1-thread root DEBUG client.py                 82    logger_log                : HFP HFP/AG/RHH/BV-05-C on_implicit_send
2025-12-15 19:53:15,478 LT1-thread root DEBUG client.py                 82    logger_log                : hfp_ag_wid_hdl, 140, Click Ok, then accept the held incoming call using the Implementation Under Test (IUT)., HFP/AG/RHH/BV-05-C
2025-12-15 19:53:15,478 LT1-thread root DEBUG client.py                 82    logger_log                : hfp_ag_accept_call '001bdc08e44e' None 0
2025-12-15 19:53:15,478 LT1-thread root DEBUG client.py                 82    logger_log                : send, 33 10 0 "bytearray(b'N\\xe4\\x08\\xdc\\x1b\\x00\\x00')"
2025-12-15 19:53:15,478 LT1-thread root DEBUG client.py                 82    logger_log                : sending frame '210a0007004ee408dc1b0000'
2025-12-15 19:53:15,478 LT1-thread root DEBUG client.py                 82    logger_log                : read
2025-12-15 19:53:15,539 BTPWorkerThread-1878 (_rx_task) root DEBUG client.py                 82    logger_log                : Read 5 bytes
2025-12-15 19:53:15,559 BTPWorkerThread-1878 (_rx_task) root DEBUG client.py                 82    logger_log                : Received: hdr: Header(svc_id=0x21, op=0x0a, ctrl_index=0x00, data_len=0x00) bytearray(b'!\n\x00\x00\x00')
2025-12-15 19:53:15,559 BTPWorkerThread-1878 (_rx_task) root DEBUG client.py                 82    logger_log                : Received data: {''}, bytearray(b'')
2025-12-15 19:53:15,559 LT1-thread root DEBUG client.py                 82    logger_log                : Sending response 'OK' to wid 140 test case HFP/AG/RHH/BV-05-C
2025-12-15 19:53:15,559 BTPWorkerThread-1878 (_rx_task) root DEBUG client.py                 82    logger_log                : Read 5 bytes
2025-12-15 19:53:15,559 BTPWorkerThread-1878 (_rx_task) root DEBUG client.py                 82    logger_log                : Received: hdr: Header(svc_id=0x21, op=0x88, ctrl_index=0x00, data_len=0x07) bytearray(b'!\x88\x00\x07\x00')
2025-12-15 19:53:15,559 BTPWorkerThread-1878 (_rx_task) root DEBUG client.py                 82    logger_log                : Read 7 bytes data
2025-12-15 19:53:15,559 BTPWorkerThread-1878 (_rx_task) root DEBUG client.py                 82    logger_log                : Received data: {'4e e4 08 dc 1b 00 00'}, bytearray(b'N\xe4\x08\xdc\x1b\x00\x00')
2025-12-15 19:53:15,559 LT1-thread root DEBUG client.py                 82    logger_log                : ClientCallback.get_result run_test_case
2025-12-15 19:53:15,559 BTPWorkerThread-1878 (_rx_task) root DEBUG client.py                 82    logger_log                : event_handler Header(svc_id=33, op=136, ctrl_index=0, data_len=7) (b'N\xe4\x08\xdc\x1b\x00\x00',)
2025-12-15 19:53:15,559 BTPWorkerThread-1878 (_rx_task) root DEBUG client.py                 82    logger_log                : hfp_ag_call_accepted_ev b'N\xe4\x08\xdc\x1b\x00\x00' 7
2025-12-15 19:53:15,559 BTPWorkerThread-1878 (_rx_task) root DEBUG client.py                 82    logger_log                : HFP AG call accepted from addr b'N\xe4\x08\xdc\x1b\x00', call_index 0
2025-12-15 19:53:15,559 LT1-callback ClientCallback.on_implicit_send INFO client.py                 82    logger_log                : 
    ********************
    BEGIN OnImplicitSend:
    project_name: HFP
    wid: 15
    test_case_name: HFP/AG/RHH/BV-05-C
    description: Click Ok, then end the call using the external terminal.
    style: MMI_Style_Ok_Cancel1 0x11041
2025-12-15 19:53:15,559 LT1-callback ClientCallback.on_implicit_send INFO client.py                 82    logger_log                : Calling test cases on_implicit_send
2025-12-15 19:53:15,559 LT1-callback ClientCallback.on_implicit_send INFO client.py                 82    logger_log                : 
    on_implicit_send returned response: WAIT
    END OnImplicitSend
    ********************
2025-12-15 19:53:16,563 LT1-thread root DEBUG client.py                 82    logger_log                : HFP HFP/AG/RHH/BV-05-C on_implicit_send
2025-12-15 19:53:16,563 LT1-thread root DEBUG client.py                 82    logger_log                : hfp_ag_wid_hdl, 15, Click Ok, then end the call using the external terminal., HFP/AG/RHH/BV-05-C
2025-12-15 19:53:16,563 LT1-thread root DEBUG client.py                 82    logger_log                : hfp_ag_remote_terminate '001bdc08e44e' None 0
2025-12-15 19:53:16,563 LT1-thread root DEBUG client.py                 82    logger_log                : send, 33 9 0 "bytearray(b'N\\xe4\\x08\\xdc\\x1b\\x00\\x00')"
2025-12-15 19:53:16,563 LT1-thread root DEBUG client.py                 82    logger_log                : sending frame '21090007004ee408dc1b0000'
2025-12-15 19:53:16,563 LT1-thread root DEBUG client.py                 82    logger_log                : read
2025-12-15 19:53:16,633 BTPWorkerThread-1878 (_rx_task) root DEBUG client.py                 82    logger_log                : Read 5 bytes
2025-12-15 19:53:16,643 BTPWorkerThread-1878 (_rx_task) root DEBUG client.py                 82    logger_log                : Received: hdr: Header(svc_id=0x21, op=0x8c, ctrl_index=0x00, data_len=0x07) bytearray(b'!\x8c\x00\x07\x00')
2025-12-15 19:53:16,643 BTPWorkerThread-1878 (_rx_task) root DEBUG client.py                 82    logger_log                : Read 7 bytes data
2025-12-15 19:53:16,643 BTPWorkerThread-1878 (_rx_task) root DEBUG client.py                 82    logger_log                : Received data: {'4e e4 08 dc 1b 00 00'}, bytearray(b'N\xe4\x08\xdc\x1b\x00\x00')
2025-12-15 19:53:16,643 BTPWorkerThread-1878 (_rx_task) root DEBUG client.py                 82    logger_log                : event_handler Header(svc_id=33, op=140, ctrl_index=0, data_len=7) (b'N\xe4\x08\xdc\x1b\x00\x00',)
2025-12-15 19:53:16,663 BTPWorkerThread-1878 (_rx_task) root DEBUG client.py                 82    logger_log                : hfp_ag_call_terminated_ev b'N\xe4\x08\xdc\x1b\x00\x00' 7
2025-12-15 19:53:16,683 BTPWorkerThread-1878 (_rx_task) root DEBUG client.py                 82    logger_log                : HFP AG call terminated from addr b'N\xe4\x08\xdc\x1b\x00', call_index 0
2025-12-15 19:53:16,683 BTPWorkerThread-1878 (_rx_task) root DEBUG client.py                 82    logger_log                : Read 5 bytes
2025-12-15 19:53:16,693 BTPWorkerThread-1878 (_rx_task) root DEBUG client.py                 82    logger_log                : Received: hdr: Header(svc_id=0x21, op=0x09, ctrl_index=0x00, data_len=0x00) bytearray(b'!\t\x00\x00\x00')
2025-12-15 19:53:16,703 BTPWorkerThread-1878 (_rx_task) root DEBUG client.py                 82    logger_log                : Received data: {''}, bytearray(b'')
2025-12-15 19:53:16,703 BTPWorkerThread-1878 (_rx_task) root DEBUG client.py                 82    logger_log                : Read 5 bytes
2025-12-15 19:53:16,703 LT1-thread root DEBUG client.py                 82    logger_log                : Sending response 'OK' to wid 15 test case HFP/AG/RHH/BV-05-C
2025-12-15 19:53:16,703 BTPWorkerThread-1878 (_rx_task) root DEBUG client.py                 82    logger_log                : Received: hdr: Header(svc_id=0x21, op=0x83, ctrl_index=0x00, data_len=0x07) bytearray(b'!\x83\x00\x07\x00')
2025-12-15 19:53:16,703 BTPWorkerThread-1878 (_rx_task) root DEBUG client.py                 82    logger_log                : Read 7 bytes data
2025-12-15 19:53:16,703 BTPWorkerThread-1878 (_rx_task) root DEBUG client.py                 82    logger_log                : Received data: {'4e e4 08 dc 1b 00 16'}, bytearray(b'N\xe4\x08\xdc\x1b\x00\x16')
2025-12-15 19:53:16,703 BTPWorkerThread-1878 (_rx_task) root DEBUG client.py                 82    logger_log                : event_handler Header(svc_id=33, op=131, ctrl_index=0, data_len=7) (b'N\xe4\x08\xdc\x1b\x00\x16',)
2025-12-15 19:53:16,703 BTPWorkerThread-1878 (_rx_task) root DEBUG client.py                 82    logger_log                : hfp_ag_sco_disconnected_ev b'N\xe4\x08\xdc\x1b\x00\x16' 7
2025-12-15 19:53:16,703 BTPWorkerThread-1878 (_rx_task) root DEBUG client.py                 82    logger_log                : HFP AG SCO disconnected from addr b'N\xe4\x08\xdc\x1b\x00', reason 22
2025-12-15 19:53:16,703 LT1-thread root DEBUG client.py                 82    logger_log                : ClientCallback.get_result run_test_case
2025-12-15 19:53:16,703 LT1-callback ClientCallback.on_implicit_send INFO client.py                 82    logger_log                : 
    ********************
    BEGIN OnImplicitSend:
    project_name: HFP
    wid: 2
    test_case_name: HFP/AG/RHH/BV-05-C
    description: Click Ok, then disable the service level connection using the Implementation Under Test (IUT).
    style: MMI_Style_Ok 0x11040
2025-12-15 19:53:16,703 LT1-callback ClientCallback.on_implicit_send INFO client.py                 82    logger_log                : Calling test cases on_implicit_send
2025-12-15 19:53:16,703 LT1-callback ClientCallback.on_implicit_send INFO client.py                 82    logger_log                : 
    on_implicit_send returned response: WAIT
    END OnImplicitSend
    ********************
2025-12-15 19:53:17,707 LT1-thread root DEBUG client.py                 82    logger_log                : HFP HFP/AG/RHH/BV-05-C on_implicit_send
2025-12-15 19:53:17,707 LT1-thread root DEBUG client.py                 82    logger_log                : hfp_ag_wid_hdl, 2, Click Ok, then disable the service level connection using the Implementation Under Test (IUT)., HFP/AG/RHH/BV-05-C
2025-12-15 19:53:17,707 LT1-thread root DEBUG client.py                 82    logger_log                : hfp_ag_disconnect '001bdc08e44e' None
2025-12-15 19:53:17,707 LT1-thread root DEBUG client.py                 82    logger_log                : send, 33 3 0 "bytearray(b'N\\xe4\\x08\\xdc\\x1b\\x00')"
2025-12-15 19:53:17,707 LT1-thread root DEBUG client.py                 82    logger_log                : sending frame '21030006004ee408dc1b00'
2025-12-15 19:53:17,707 LT1-thread root DEBUG client.py                 82    logger_log                : read
2025-12-15 19:53:17,787 BTPWorkerThread-1878 (_rx_task) root DEBUG client.py                 82    logger_log                : Read 5 bytes
2025-12-15 19:53:17,807 BTPWorkerThread-1878 (_rx_task) root DEBUG client.py                 82    logger_log                : Received: hdr: Header(svc_id=0x21, op=0x03, ctrl_index=0x00, data_len=0x00) bytearray(b'!\x03\x00\x00\x00')
2025-12-15 19:53:17,817 BTPWorkerThread-1878 (_rx_task) root DEBUG client.py                 82    logger_log                : Received data: {''}, bytearray(b'')
2025-12-15 19:53:17,827 LT1-thread root DEBUG client.py                 82    logger_log                : Sending response 'Ok' to wid 2 test case HFP/AG/RHH/BV-05-C
2025-12-15 19:53:17,827 BTPWorkerThread-1878 (_rx_task) root DEBUG client.py                 82    logger_log                : Read 5 bytes
2025-12-15 19:53:17,827 BTPWorkerThread-1878 (_rx_task) root DEBUG client.py                 82    logger_log                : Received: hdr: Header(svc_id=0x21, op=0x81, ctrl_index=0x00, data_len=0x06) bytearray(b'!\x81\x00\x06\x00')
2025-12-15 19:53:17,827 BTPWorkerThread-1878 (_rx_task) root DEBUG client.py                 82    logger_log                : Read 6 bytes data
2025-12-15 19:53:17,827 BTPWorkerThread-1878 (_rx_task) root DEBUG client.py                 82    logger_log                : Received data: {'4e e4 08 dc 1b 00'}, bytearray(b'N\xe4\x08\xdc\x1b\x00')
2025-12-15 19:53:17,827 BTPWorkerThread-1878 (_rx_task) root DEBUG client.py                 82    logger_log                : event_handler Header(svc_id=33, op=129, ctrl_index=0, data_len=6) (b'N\xe4\x08\xdc\x1b\x00',)
2025-12-15 19:53:17,827 BTPWorkerThread-1878 (_rx_task) root DEBUG client.py                 82    logger_log                : hfp_ag_disconnected_ev b'N\xe4\x08\xdc\x1b\x00' 6
2025-12-15 19:53:17,827 BTPWorkerThread-1878 (_rx_task) root DEBUG client.py                 82    logger_log                : HFP AG disconnected from addr b'N\xe4\x08\xdc\x1b\x00'
2025-12-15 19:53:17,827 LT1-thread root DEBUG client.py                 82    logger_log                : ClientCallback.get_result run_test_case
2025-12-15 19:53:18,800 BTPWorkerThread-1878 (_rx_task) root DEBUG client.py                 82    logger_log                : Read 5 bytes
2025-12-15 19:53:18,800 BTPWorkerThread-1878 (_rx_task) root DEBUG client.py                 82    logger_log                : Received: hdr: Header(svc_id=0x01, op=0x83, ctrl_index=0x00, data_len=0x07) bytearray(b'\x01\x83\x00\x07\x00')
2025-12-15 19:53:18,800 BTPWorkerThread-1878 (_rx_task) root DEBUG client.py                 82    logger_log                : Read 7 bytes data
2025-12-15 19:53:18,800 BTPWorkerThread-1878 (_rx_task) root DEBUG client.py                 82    logger_log                : Received data: {'e0 4e e4 08 dc 1b 00'}, bytearray(b'\xe0N\xe4\x08\xdc\x1b\x00')
2025-12-15 19:53:18,800 BTPWorkerThread-1878 (_rx_task) root DEBUG client.py                 82    logger_log                : event_handler Header(svc_id=1, op=131, ctrl_index=0, data_len=7) (b'\xe0N\xe4\x08\xdc\x1b\x00',)
2025-12-15 19:53:18,800 BTPWorkerThread-1878 (_rx_task) root DEBUG client.py                 82    logger_log                : gap_disconnected_ev_ b'\xe0N\xe4\x08\xdc\x1b\x00'
2025-12-15 19:53:21,560 LT1-callback ClientCallback.log INFO client.py                 82    logger_log                : PTS_LOGTYPE_START_TEST Start Test Case 

+1641 ms
 HFP/AG/RHH/BV-05-C HFP/AG/RHH/BV-05-C

2025-12-15 19:53:22,211 LT1-callback ClientCallback.log INFO client.py                 82    logger_log                : PTS_LOGTYPE_FINAL_VERDICT Final Verdict 

+14000 ms
 HFP/AG/RHH/BV-05-C PASS

2025-12-15 19:53:22,221 LT1-callback ClientCallback.log INFO client.py                 82    logger_log                : PTS_LOGTYPE_FINAL_VERDICT Encrypted Verdict 

+14000 ms
 HFP/AG/RHH/BV-05-C A1#MWZlMmJiMTAwMzI1NTk4MWYyODBlOGQxNzI5YTYzNzkxNGQ5Mzk0MTdmMDFjNmFjN2UzNTQ4OWFlZjMzMWU1Yw==#H074IXT95eoGFnliHYgoOZ5nbMu0+utxwJEcDSWbfBBX2wZlS3UDh/pFAKDEVN0w

2025-12-15 19:53:22,221 LT1-callback ClientCallback.log INFO client.py                 82    logger_log                : PTS_LOGTYPE_END_TEST Test Case Ended 

+14000 ms
 HFP/AG/RHH/BV-05-C HFP/AG/RHH/BV-05-C

2025-12-15 19:53:22,271 LT1-callback root DEBUG client.py                 82    logger_log                : ClientCallback, set_result, run_test_case, PASS
2025-12-15 19:53:22,271 LT1-thread root DEBUG client.py                 82    logger_log                : After run_test_case error_code=0 status='PASS'
2025-12-15 19:53:22,271 LT1-thread root DEBUG client.py                 82    logger_log                : post_run HFP HFP/AG/RHH/BV-05-C 0
2025-12-15 19:53:22,271 LT1-thread root DEBUG client.py                 82    logger_log                : Starting test function: class=<class 'autopts.ptsprojects.testcase.TestFuncCleanUp'>, func=<bound method Stack.cleanup of <autopts.ptsprojects.stack.stack.Stack object at 0x000001F50559F3E0>> start_wid=None stop_wid=None post_wid=None skip_call=None call_count=2 args=() kwds={}
2025-12-15 19:53:22,271 LT1-thread root DEBUG client.py                 82    logger_log                : Test function parameters: args=(), kwds={}
2025-12-15 19:53:22,271 LT1-thread root DEBUG client.py                 82    logger_log                : Starting test function: class=<class 'autopts.ptsprojects.testcase.TestFuncCleanUp'>, func=<bound method ZephyrCtl.stop of <autopts.ptsprojects.zephyr.iutctl.ZephyrCtl object at 0x000001F505428770>> start_wid=None stop_wid=None post_wid=None skip_call=None call_count=2 args=() kwds={}
2025-12-15 19:53:22,271 LT1-thread root DEBUG client.py                 82    logger_log                : Test function parameters: args=(), kwds={}
2025-12-15 19:53:22,271 LT1-thread root DEBUG client.py                 82    logger_log                : <class 'autopts.ptsprojects.zephyr.iutctl.ZephyrCtl'>.stop
2025-12-15 19:53:22,271 LT1-thread root DEBUG client.py                 82    logger_log                : About to reset DUT: JLink -CommandFile reset.jlink -usb 1063214216 -device MIMXRT1176XXXA_M7
2025-12-15 19:53:22,537 BTPWorkerThread-1878 (_rx_task) root DEBUG client.py                 82    logger_log                : Read 5 bytes
2025-12-15 19:53:22,537 BTPWorkerThread-1878 (_rx_task) root DEBUG client.py                 82    logger_log                : Received: hdr: Header(svc_id=0x00, op=0x80, ctrl_index=0xff, data_len=0x00) bytearray(b'\x00\x80\xff\x00\x00')
2025-12-15 19:53:22,537 BTPWorkerThread-1878 (_rx_task) root DEBUG client.py                 82    logger_log                : Received data: {''}, bytearray(b'')
2025-12-15 19:53:22,537 BTPWorkerThread-1878 (_rx_task) root DEBUG client.py                 82    logger_log                : event_handler Header(svc_id=0, op=128, ctrl_index=255, data_len=0) (b'',)
2025-12-15 19:53:22,537 BTPWorkerThread-1878 (_rx_task) root DEBUG client.py                 82    logger_log                : core_iut_ready_ev
2025-12-15 19:53:23,014 LT1-thread root DEBUG client.py                 82    logger_log                : IUT ready event received OK
2025-12-15 19:53:23,014 LT1-thread root DEBUG client.py                 82    logger_log                : Waiting for _rx_worker to finish ...
2025-12-15 19:53:23,544 BTPWorkerThread-1878 (_rx_task) root DEBUG client.py                 82    logger_log                : BTPWorkerThread-1878 (_rx_task) finishing...
2025-12-15 19:53:26,550 LT1-thread root DEBUG client.py                 82    logger_log                : post_run, cleanup running post test case script
2025-12-15 19:53:26,550 LT1-thread root DEBUG client.py                 82    logger_log                : post_run, run post test case script
2025-12-15 19:53:26,624 LT1-thread root DEBUG client.py                 82    logger_log                : Done TestCase _run_test_case HFP HFP/AG/RHH/BV-05-C
