2025-01-07 22:23:26,403 LT1-thread root DEBUG client.py                 71    logger_log                : Starting TestCase _run_test_case GAP GAP/CONN/CPUP/BV-04-C
2025-01-07 22:23:26,403 LT1-thread root DEBUG client.py                 71    logger_log                : pre_run GAP GAP/CONN/CPUP/BV-04-C
2025-01-07 22:23:26,403 LT1-thread root DEBUG client.py                 71    logger_log                : About to run test case GAP GAP/CONN/CPUP/BV-04-C with commands:
2025-01-07 22:23:26,403 LT1-thread root DEBUG client.py                 71    logger_log                : 0) class=<class 'autopts.ptsprojects.testcase.TestFunc'>, func=<bound method Stack.core_init of <autopts.ptsprojects.stack.stack.Stack object at 0x000002318206AB10>> start_wid=None stop_wid=None post_wid=None skip_call=None call_count=0 args=() kwds={}
2025-01-07 22:23:26,403 LT1-thread root DEBUG client.py                 71    logger_log                : 1) class=<class 'autopts.ptsprojects.testcase.TestFunc'>, func=<bound method ZephyrCtl.hw_reset of <autopts.ptsprojects.zephyr.iutctl.ZephyrCtl object at 0x0000023181FCEB50>> start_wid=None stop_wid=None post_wid=None skip_call=None call_count=0 args=() kwds={}
2025-01-07 22:23:26,403 LT1-thread root DEBUG client.py                 71    logger_log                : 2) class=<class 'autopts.ptsprojects.testcase.TestFunc'>, func=<bound method ZephyrCtl.start of <autopts.ptsprojects.zephyr.iutctl.ZephyrCtl object at 0x0000023181FCEB50>> start_wid=None stop_wid=None post_wid=None skip_call=None call_count=0 args=(<autopts.ptsprojects.zephyr.ztestcase.ZTestCase object at 0x0000023182B37350>,) kwds={}
2025-01-07 22:23:26,413 LT1-thread root DEBUG client.py                 71    logger_log                : 3) class=<class 'autopts.ptsprojects.testcase.TestFunc'>, func=<bound method ZephyrCtl.hw_reset of <autopts.ptsprojects.zephyr.iutctl.ZephyrCtl object at 0x0000023181FCEB50>> start_wid=None stop_wid=None post_wid=None skip_call=None call_count=0 args=() kwds={}
2025-01-07 22:23:26,413 LT1-thread root DEBUG client.py                 71    logger_log                : 4) class=<class 'autopts.ptsprojects.testcase.TestFunc'>, func=<bound method ZephyrCtl.wait_iut_ready_event of <autopts.ptsprojects.zephyr.iutctl.ZephyrCtl object at 0x0000023181FCEB50>> start_wid=None stop_wid=None post_wid=None skip_call=None call_count=0 args=(False,) kwds={}
2025-01-07 22:23:26,413 LT1-thread root DEBUG client.py                 71    logger_log                : 5) class=<class 'autopts.ptsprojects.testcase.TestFunc'>, func=<function core_reg_svc_gap at 0x00000231FE524540> start_wid=None stop_wid=None post_wid=None skip_call=None call_count=37 args=() kwds={}
2025-01-07 22:23:26,413 LT1-thread root DEBUG client.py                 71    logger_log                : 6) class=<class 'autopts.ptsprojects.testcase.TestFunc'>, func=<bound method Stack.gap_init of <autopts.ptsprojects.stack.stack.Stack object at 0x000002318206AB10>> start_wid=None stop_wid=None post_wid=None skip_call=None call_count=37 args=(b'Tester_59F2E6', 'ABCD', '1111', '1111', '11', '1111', b'\x17github.com/auto-pts', (8, 'PADV_Tester'), 'FF') kwds={}
2025-01-07 22:23:26,413 LT1-thread root DEBUG client.py                 71    logger_log                : 7) class=<class 'autopts.ptsprojects.testcase.TestFunc'>, func=<function gap_read_ctrl_info at 0x00000231FE534400> start_wid=None stop_wid=None post_wid=None skip_call=None call_count=37 args=() kwds={}
2025-01-07 22:23:26,413 LT1-thread root DEBUG client.py                 71    logger_log                : 8) class=<class 'autopts.ptsprojects.testcase.TestFunc'>, func=<function test_cases.<locals>.<lambda> at 0x0000023182AA4FE0> start_wid=None stop_wid=None post_wid=None skip_call=None call_count=37 args=() kwds={}
2025-01-07 22:23:26,413 LT1-thread root DEBUG client.py                 71    logger_log                : 9) class=<class 'autopts.ptsprojects.testcase.TestFunc'>, func=<function test_cases.<locals>.<lambda> at 0x0000023182AA5080> start_wid=None stop_wid=None post_wid=None skip_call=None call_count=37 args=() kwds={}
2025-01-07 22:23:26,413 LT1-thread root DEBUG client.py                 71    logger_log                : 10) class=<class 'autopts.ptsprojects.testcase.TestFunc'>, func=<function test_cases.<locals>.<lambda> at 0x0000023182AA5120> start_wid=None stop_wid=None post_wid=None skip_call=None call_count=37 args=() kwds={}
2025-01-07 22:23:26,413 LT1-thread root DEBUG client.py                 71    logger_log                : 11) class=<class 'autopts.ptsprojects.testcase.TestFunc'>, func=<function test_cases.<locals>.<lambda> at 0x0000023182AA51C0> start_wid=None stop_wid=None post_wid=None skip_call=None call_count=37 args=() kwds={}
2025-01-07 22:23:26,413 LT1-thread root DEBUG client.py                 71    logger_log                : 12) class=<class 'autopts.ptsprojects.testcase.TestFunc'>, func=<function test_cases.<locals>.<lambda> at 0x0000023182AA5260> start_wid=None stop_wid=None post_wid=None skip_call=None call_count=37 args=() kwds={}
2025-01-07 22:23:26,413 LT1-thread root DEBUG client.py                 71    logger_log                : 13) class=<class 'autopts.ptsprojects.testcase.TestFunc'>, func=<function test_cases.<locals>.<lambda> at 0x0000023182AA5300> start_wid=None stop_wid=None post_wid=None skip_call=None call_count=37 args=() kwds={}
2025-01-07 22:23:26,413 LT1-thread root DEBUG client.py                 71    logger_log                : 14) class=<class 'autopts.ptsprojects.testcase.TestFunc'>, func=<function test_cases.<locals>.<lambda> at 0x0000023182AA53A0> start_wid=None stop_wid=None post_wid=None skip_call=None call_count=37 args=() kwds={}
2025-01-07 22:23:26,413 LT1-thread root DEBUG client.py                 71    logger_log                : 15) class=<class 'autopts.ptsprojects.testcase.TestFunc'>, func=<function test_cases.<locals>.<lambda> at 0x0000023182AA5440> start_wid=None stop_wid=None post_wid=None skip_call=None call_count=37 args=() kwds={}
2025-01-07 22:23:26,413 LT1-thread root DEBUG client.py                 71    logger_log                : 16) class=<class 'autopts.ptsprojects.testcase.TestFunc'>, func=<function test_cases.<locals>.<lambda> at 0x0000023182AA54E0> start_wid=None stop_wid=None post_wid=None skip_call=None call_count=37 args=() kwds={}
2025-01-07 22:23:26,413 LT1-thread root DEBUG client.py                 71    logger_log                : 17) class=<class 'autopts.ptsprojects.testcase.TestFunc'>, func=<function test_cases.<locals>.<lambda> at 0x0000023182AA5580> start_wid=None stop_wid=None post_wid=None skip_call=None call_count=37 args=() kwds={}
2025-01-07 22:23:26,413 LT1-thread root DEBUG client.py                 71    logger_log                : 18) class=<class 'autopts.ptsprojects.testcase.TestFunc'>, func=<function test_cases.<locals>.<lambda> at 0x0000023182AA5620> start_wid=None stop_wid=None post_wid=None skip_call=None call_count=37 args=() kwds={}
2025-01-07 22:23:26,413 LT1-thread root DEBUG client.py                 71    logger_log                : 19) class=<class 'autopts.ptsprojects.testcase.TestFunc'>, func=<function test_cases.<locals>.<lambda> at 0x0000023182AA56C0> start_wid=None stop_wid=None post_wid=None skip_call=None call_count=37 args=() kwds={}
2025-01-07 22:23:26,413 LT1-thread root DEBUG client.py                 71    logger_log                : 20) class=<class 'autopts.ptsprojects.testcase.TestFunc'>, func=<function core_reg_svc_gatt at 0x00000231FE524680> start_wid=None stop_wid=None post_wid=None skip_call=None call_count=37 args=() kwds={}
2025-01-07 22:23:26,413 LT1-thread root DEBUG client.py                 71    logger_log                : 21) class=<class 'autopts.ptsprojects.testcase.TestFunc'>, func=<bound method Stack.gatt_init of <autopts.ptsprojects.stack.stack.Stack object at 0x000002318206AB10>> start_wid=None stop_wid=None post_wid=None skip_call=None call_count=37 args=() kwds={}
2025-01-07 22:23:26,413 LT1-thread root DEBUG client.py                 71    logger_log                : 22) class=<class 'autopts.ptsprojects.testcase.TestFunc'>, func=<function gap_set_io_cap at 0x00000231FE527920> start_wid=None stop_wid=None post_wid=None skip_call=None call_count=37 args=(4,) kwds={}
2025-01-07 22:23:26,413 LT1-thread root DEBUG client.py                 71    logger_log                : 23) class=<class 'autopts.ptsprojects.testcase.TestFunc'>, func=<function set_pts_addr at 0x00000231FE5240E0> start_wid=None stop_wid=None post_wid=None skip_call=None call_count=37 args=('C0:07:E8:59:F2:E6', 0) kwds={}
2025-01-07 22:23:26,413 LT1-thread root DEBUG client.py                 71    logger_log                : 24) class=<class 'autopts.ptsprojects.testcase.TestFunc'>, func=<function gatts_add_svc at 0x00000231FE535DA0> start_wid=None stop_wid=None post_wid=None skip_call=None call_count=37 args=(0, 'AA51') kwds={}
2025-01-07 22:23:26,413 LT1-thread root DEBUG client.py                 71    logger_log                : 25) class=<class 'autopts.ptsprojects.testcase.TestFunc'>, func=<function gatts_add_char at 0x00000231FE535EE0> start_wid=None stop_wid=None post_wid=None skip_call=None call_count=37 args=(0, 2, 17, 'AA52') kwds={}
2025-01-07 22:23:26,413 LT1-thread root DEBUG client.py                 71    logger_log                : 26) class=<class 'autopts.ptsprojects.testcase.TestFunc'>, func=<function gatts_set_val at 0x00000231FE535F80> start_wid=None stop_wid=None post_wid=None skip_call=None call_count=37 args=(0, '01') kwds={}
2025-01-07 22:23:26,413 LT1-thread root DEBUG client.py                 71    logger_log                : 27) class=<class 'autopts.ptsprojects.testcase.TestFunc'>, func=<function gatts_add_char at 0x00000231FE535EE0> start_wid=None stop_wid=None post_wid=None skip_call=None call_count=37 args=(0, 2, 5, 'AA53') kwds={}
2025-01-07 22:23:26,413 LT1-thread root DEBUG client.py                 71    logger_log                : 28) class=<class 'autopts.ptsprojects.testcase.TestFunc'>, func=<function gatts_set_val at 0x00000231FE535F80> start_wid=None stop_wid=None post_wid=None skip_call=None call_count=37 args=(0, '02') kwds={}
2025-01-07 22:23:26,413 LT1-thread root DEBUG client.py                 71    logger_log                : 29) class=<class 'autopts.ptsprojects.testcase.TestFunc'>, func=<function gatts_add_char at 0x00000231FE535EE0> start_wid=None stop_wid=None post_wid=None skip_call=None call_count=37 args=(0, 66, 3, 'AA54') kwds={}
2025-01-07 22:23:26,413 LT1-thread root DEBUG client.py                 71    logger_log                : 30) class=<class 'autopts.ptsprojects.testcase.TestFunc'>, func=<function gatts_set_val at 0x00000231FE535F80> start_wid=None stop_wid=None post_wid=None skip_call=None call_count=37 args=(0, '03') kwds={}
2025-01-07 22:23:26,413 LT1-thread root DEBUG client.py                 71    logger_log                : 31) class=<class 'autopts.ptsprojects.testcase.TestFunc'>, func=<function gatts_add_char at 0x00000231FE535EE0> start_wid=None stop_wid=None post_wid=None skip_call=None call_count=37 args=(0, 10, 48, 'AA55') kwds={}
2025-01-07 22:23:26,413 LT1-thread root DEBUG client.py                 71    logger_log                : 32) class=<class 'autopts.ptsprojects.testcase.TestFunc'>, func=<function gatts_set_val at 0x00000231FE535F80> start_wid=None stop_wid=None post_wid=None skip_call=None call_count=37 args=(0, '04') kwds={}
2025-01-07 22:23:26,413 LT1-thread root DEBUG client.py                 71    logger_log                : 33) class=<class 'autopts.ptsprojects.testcase.TestFunc'>, func=<function gatts_start_server at 0x00000231FE536200> start_wid=None stop_wid=None post_wid=None skip_call=None call_count=37 args=() kwds={}
2025-01-07 22:23:26,413 LT1-thread root DEBUG client.py                 71    logger_log                : 34) class=<class 'autopts.ptsprojects.testcase.TestFuncCleanUp'>, func=<bound method Stack.cleanup of <autopts.ptsprojects.stack.stack.Stack object at 0x000002318206AB10>> start_wid=None stop_wid=None post_wid=None skip_call=None call_count=0 args=() kwds={}
2025-01-07 22:23:26,413 LT1-thread root DEBUG client.py                 71    logger_log                : 35) class=<class 'autopts.ptsprojects.testcase.TestFuncCleanUp'>, func=<bound method ZephyrCtl.stop of <autopts.ptsprojects.zephyr.iutctl.ZephyrCtl object at 0x0000023181FCEB50>> start_wid=None stop_wid=None post_wid=None skip_call=None call_count=0 args=() kwds={}
2025-01-07 22:23:26,413 LT1-thread root DEBUG client.py                 71    logger_log                : pre_run, run pre test case script
2025-01-07 22:23:26,423 LT1-thread root DEBUG client.py                 71    logger_log                : Starting test function: class=<class 'autopts.ptsprojects.testcase.TestFunc'>, func=<bound method Stack.core_init of <autopts.ptsprojects.stack.stack.Stack object at 0x000002318206AB10>> start_wid=None stop_wid=None post_wid=None skip_call=None call_count=1 args=() kwds={}
2025-01-07 22:23:26,423 LT1-thread root DEBUG client.py                 71    logger_log                : Test function parameters: args=(), kwds={}
2025-01-07 22:23:26,423 LT1-thread root DEBUG client.py                 71    logger_log                : Starting test function: class=<class 'autopts.ptsprojects.testcase.TestFunc'>, func=<bound method ZephyrCtl.hw_reset of <autopts.ptsprojects.zephyr.iutctl.ZephyrCtl object at 0x0000023181FCEB50>> start_wid=None stop_wid=None post_wid=None skip_call=None call_count=1 args=() kwds={}
2025-01-07 22:23:26,423 LT1-thread root DEBUG client.py                 71    logger_log                : Test function parameters: args=(), kwds={}
2025-01-07 22:23:26,423 LT1-thread root DEBUG client.py                 71    logger_log                : Starting test function: class=<class 'autopts.ptsprojects.testcase.TestFunc'>, func=<bound method ZephyrCtl.start of <autopts.ptsprojects.zephyr.iutctl.ZephyrCtl object at 0x0000023181FCEB50>> start_wid=None stop_wid=None post_wid=None skip_call=None call_count=1 args=(<autopts.ptsprojects.zephyr.ztestcase.ZTestCase object at 0x0000023182B37350>,) kwds={}
2025-01-07 22:23:26,423 LT1-thread root DEBUG client.py                 71    logger_log                : Test function parameters: args=(<autopts.ptsprojects.zephyr.ztestcase.ZTestCase object at 0x0000023182B37350>,), kwds={}
2025-01-07 22:23:26,423 LT1-thread root DEBUG client.py                 71    logger_log                : <class 'autopts.ptsprojects.zephyr.iutctl.ZephyrCtl'>.start
2025-01-07 22:23:26,433 LT1-thread root DEBUG client.py                 71    logger_log                : <class 'autopts.ptsprojects.zephyr.iutctl.ZephyrCtl'>.flush_serial
2025-01-07 22:23:27,681 LT1-thread root DEBUG client.py                 71    logger_log                : Starting socat process: socat.exe -x -v tcp:10.192.253.135:63625,retry=100,interval=1 /dev/ttyS34,raw,b115200
2025-01-07 22:23:27,691 LT1-thread root DEBUG client.py                 71    logger_log                : accept
2025-01-07 22:23:27,831 BTPWorkerThread-889 (_rx_task) root DEBUG client.py                 71    logger_log                : BTPWorkerThread-889 (_rx_task) started
2025-01-07 22:23:27,831 LT1-thread root DEBUG client.py                 71    logger_log                : Starting test function: class=<class 'autopts.ptsprojects.testcase.TestFunc'>, func=<bound method ZephyrCtl.hw_reset of <autopts.ptsprojects.zephyr.iutctl.ZephyrCtl object at 0x0000023181FCEB50>> start_wid=None stop_wid=None post_wid=None skip_call=None call_count=1 args=() kwds={}
2025-01-07 22:23:27,831 LT1-thread root DEBUG client.py                 71    logger_log                : Test function parameters: args=(), kwds={}
2025-01-07 22:23:27,831 LT1-thread root DEBUG client.py                 71    logger_log                : Starting test function: class=<class 'autopts.ptsprojects.testcase.TestFunc'>, func=<bound method ZephyrCtl.wait_iut_ready_event of <autopts.ptsprojects.zephyr.iutctl.ZephyrCtl object at 0x0000023181FCEB50>> start_wid=None stop_wid=None post_wid=None skip_call=None call_count=1 args=(False,) kwds={}
2025-01-07 22:23:27,831 LT1-thread root DEBUG client.py                 71    logger_log                : Test function parameters: args=(False,), kwds={}
2025-01-07 22:23:27,831 LT1-thread root DEBUG client.py                 71    logger_log                : IUT ready event received OK
2025-01-07 22:23:27,831 LT1-thread root DEBUG client.py                 71    logger_log                : <class 'autopts.rtt.RTTLogger'>.start
2025-01-07 22:23:27,831 LT1-thread root DEBUG client.py                 71    logger_log                : <class 'autopts.rtt.RTT'>.start
2025-01-07 22:23:28,798 BTPWorkerThread-889 (_rx_task) root DEBUG client.py                 71    logger_log                : Read 5 bytes
2025-01-07 22:23:28,799 BTPWorkerThread-889 (_rx_task) root DEBUG client.py                 71    logger_log                : Received: hdr: Header(svc_id=0x00, op=0x80, ctrl_index=0xff, data_len=0x00) bytearray(b'\x00\x80\xff\x00\x00')
2025-01-07 22:23:28,799 BTPWorkerThread-889 (_rx_task) root DEBUG client.py                 71    logger_log                : Received data: {''}, bytearray(b'')
2025-01-07 22:23:28,799 BTPWorkerThread-889 (_rx_task) root DEBUG client.py                 71    logger_log                : event_handler Header(svc_id=0, op=128, ctrl_index=255, data_len=0) (b'',)
2025-01-07 22:23:28,799 BTPWorkerThread-889 (_rx_task) root DEBUG client.py                 71    logger_log                : core_iut_ready_ev
2025-01-07 22:23:38,610 LT1-thread root DEBUG client.py                 71    logger_log                : Starting test function: class=<class 'autopts.ptsprojects.testcase.TestFunc'>, func=<function core_reg_svc_gap at 0x00000231FE524540> start_wid=None stop_wid=None post_wid=None skip_call=None call_count=38 args=() kwds={}
2025-01-07 22:23:38,611 LT1-thread root DEBUG client.py                 71    logger_log                : Test function parameters: args=(), kwds={}
2025-01-07 22:23:38,611 LT1-thread root DEBUG client.py                 71    logger_log                : core_reg_svc_gap
2025-01-07 22:23:38,611 LT1-thread root DEBUG client.py                 71    logger_log                : send, 0 3 255 '1'
2025-01-07 22:23:38,611 LT1-thread root DEBUG client.py                 71    logger_log                : sending frame '0003ff010001'
2025-01-07 22:23:38,611 LT1-thread root DEBUG client.py                 71    logger_log                : core_reg_svc_rsp_succ
2025-01-07 22:23:38,611 LT1-thread root DEBUG client.py                 71    logger_log                : read
2025-01-07 22:23:38,701 BTPWorkerThread-889 (_rx_task) root DEBUG client.py                 71    logger_log                : Read 5 bytes
2025-01-07 22:23:38,706 BTPWorkerThread-889 (_rx_task) root DEBUG client.py                 71    logger_log                : Received: hdr: Header(svc_id=0x00, op=0x03, ctrl_index=0xff, data_len=0x00) bytearray(b'\x00\x03\xff\x00\x00')
2025-01-07 22:23:38,706 BTPWorkerThread-889 (_rx_task) root DEBUG client.py                 71    logger_log                : Received data: {''}, bytearray(b'')
2025-01-07 22:23:38,712 LT1-thread root DEBUG client.py                 71    logger_log                : received Header(svc_id=0, op=3, ctrl_index=255, data_len=0) (b'',)
2025-01-07 22:23:38,712 LT1-thread root DEBUG client.py                 71    logger_log                : expected ((0, 3, 255, 0), (b'',))
2025-01-07 22:23:38,712 LT1-thread root DEBUG client.py                 71    logger_log                : response is valid
2025-01-07 22:23:38,712 LT1-thread root DEBUG client.py                 71    logger_log                : Starting test function: class=<class 'autopts.ptsprojects.testcase.TestFunc'>, func=<bound method Stack.gap_init of <autopts.ptsprojects.stack.stack.Stack object at 0x000002318206AB10>> start_wid=None stop_wid=None post_wid=None skip_call=None call_count=38 args=(b'Tester_59F2E6', 'ABCD', '1111', '1111', '11', '1111', b'\x17github.com/auto-pts', (8, 'PADV_Tester'), 'FF') kwds={}
2025-01-07 22:23:38,713 LT1-thread root DEBUG client.py                 71    logger_log                : Test function parameters: args=(b'Tester_59F2E6', 'ABCD', '1111', '1111', '11', '1111', b'\x17github.com/auto-pts', (8, 'PADV_Tester'), 'FF'), kwds={}
2025-01-07 22:23:38,713 LT1-thread root DEBUG client.py                 71    logger_log                : Starting test function: class=<class 'autopts.ptsprojects.testcase.TestFunc'>, func=<function gap_read_ctrl_info at 0x00000231FE534400> start_wid=None stop_wid=None post_wid=None skip_call=None call_count=38 args=() kwds={}
2025-01-07 22:23:38,713 LT1-thread root DEBUG client.py                 71    logger_log                : Test function parameters: args=(), kwds={}
2025-01-07 22:23:38,713 LT1-thread root DEBUG client.py                 71    logger_log                : gap_read_ctrl_info
2025-01-07 22:23:38,713 LT1-thread root DEBUG client.py                 71    logger_log                : send, 1 3 0 ''
2025-01-07 22:23:38,713 LT1-thread root DEBUG client.py                 71    logger_log                : sending frame '0103000000'
2025-01-07 22:23:38,713 LT1-thread root DEBUG client.py                 71    logger_log                : read
2025-01-07 22:23:39,631 BTPWorkerThread-889 (_rx_task) root DEBUG client.py                 71    logger_log                : Read 5 bytes
2025-01-07 22:23:39,642 BTPWorkerThread-889 (_rx_task) root DEBUG client.py                 71    logger_log                : Received: hdr: Header(svc_id=0x01, op=0x03, ctrl_index=0x00, data_len=0x115) bytearray(b'\x01\x03\x00\x15\x01')
2025-01-07 22:23:39,686 BTPWorkerThread-889 (_rx_task) root DEBUG client.py                 71    logger_log                : Read 277 bytes data
2025-01-07 22:23:39,703 BTPWorkerThread-889 (_rx_task) root DEBUG client.py                 71    logger_log                : Received data: {'28 00 03 37 60 00 13 06 02 00 13 02 00 00 00 00 00 62 74 70 5f 74 65 73 74 65 72 00 00 00 00 00 00 00 00 00 00 00 00 00 00 00 00 00 00 00 00 00 00 00 00 00 00 00 00 00 00 00 00 00 00 00 00 00 00 00 00 00 00 00 00 00 00 00 00 00 00 00 00 00 00 00 00 00 00 00 00 00 00 00 00 00 00 00 00 00 00 00 00 00 00 00 00 00 00 00 00 00 00 00 00 00 00 00 00 00 00 00 00 00 00 00 00 00 00 00 00 00 00 00 00 00 00 00 00 00 00 00 00 00 00 00 00 00 00 00 00 00 00 00 00 00 00 00 00 00 00 00 00 00 00 00 00 00 00 00 00 00 00 00 00 00 00 00 00 00 00 00 00 00 00 00 00 00 00 00 00 00 00 00 00 00 00 00 00 00 00 00 00 00 00 00 00 00 00 00 00 00 00 00 00 00 00 00 00 00 00 00 00 00 00 00 00 00 00 00 00 00 00 00 00 00 00 00 00 00 00 00 00 00 00 00 00 00 00 00 00 00 00 00 00 00 00 00 00 00 00 00 00 00 00 00 00 00 00 00 00 00 00 00 00 00 00 00 00 00 00'}, bytearray(b'(\x00\x037`\x00\x13\x06\x02\x00\x13\x02\x00\x00\x00\x00\x00btp_tester\x00\x00\x00\x00\x00\x00\x00\x00\x00\x00\x00\x00\x00\x00\x00\x00\x00\x00\x00\x00\x00\x00\x00\x00\x00\x00\x00\x00\x00\x00\x00\x00\x00\x00\x00\x00\x00\x00\x00\x00\x00\x00\x00\x00\x00\x00\x00\x00\x00\x00\x00\x00\x00\x00\x00\x00\x00\x00\x00\x00\x00\x00\x00\x00\x00\x00\x00\x00\x00\x00\x00\x00\x00\x00\x00\x00\x00\x00\x00\x00\x00\x00\x00\x00\x00\x00\x00\x00\x00\x00\x00\x00\x00\x00\x00\x00\x00\x00\x00\x00\x00\x00\x00\x00\x00\x00\x00\x00\x00\x00\x00\x00\x00\x00\x00\x00\x00\x00\x00\x00\x00\x00\x00\x00\x00\x00\x00\x00\x00\x00\x00\x00\x00\x00\x00\x00\x00\x00\x00\x00\x00\x00\x00\x00\x00\x00\x00\x00\x00\x00\x00\x00\x00\x00\x00\x00\x00\x00\x00\x00\x00\x00\x00\x00\x00\x00\x00\x00\x00\x00\x00\x00\x00\x00\x00\x00\x00\x00\x00\x00\x00\x00\x00\x00\x00\x00\x00\x00\x00\x00\x00\x00\x00\x00\x00\x00\x00\x00\x00\x00\x00\x00\x00\x00\x00\x00\x00\x00\x00\x00\x00\x00\x00\x00\x00\x00\x00\x00\x00\x00\x00\x00\x00\x00\x00\x00\x00\x00\x00\x00\x00\x00\x00\x00\x00\x00\x00\x00\x00\x00\x00\x00\x00\x00\x00\x00\x00\x00\x00\x00')
2025-01-07 22:23:39,719 LT1-thread root DEBUG client.py                 71    logger_log                : received Header(svc_id=1, op=3, ctrl_index=0, data_len=277) (b'(\x00\x037`\x00\x13\x06\x02\x00\x13\x02\x00\x00\x00\x00\x00btp_tester\x00\x00\x00\x00\x00\x00\x00\x00\x00\x00\x00\x00\x00\x00\x00\x00\x00\x00\x00\x00\x00\x00\x00\x00\x00\x00\x00\x00\x00\x00\x00\x00\x00\x00\x00\x00\x00\x00\x00\x00\x00\x00\x00\x00\x00\x00\x00\x00\x00\x00\x00\x00\x00\x00\x00\x00\x00\x00\x00\x00\x00\x00\x00\x00\x00\x00\x00\x00\x00\x00\x00\x00\x00\x00\x00\x00\x00\x00\x00\x00\x00\x00\x00\x00\x00\x00\x00\x00\x00\x00\x00\x00\x00\x00\x00\x00\x00\x00\x00\x00\x00\x00\x00\x00\x00\x00\x00\x00\x00\x00\x00\x00\x00\x00\x00\x00\x00\x00\x00\x00\x00\x00\x00\x00\x00\x00\x00\x00\x00\x00\x00\x00\x00\x00\x00\x00\x00\x00\x00\x00\x00\x00\x00\x00\x00\x00\x00\x00\x00\x00\x00\x00\x00\x00\x00\x00\x00\x00\x00\x00\x00\x00\x00\x00\x00\x00\x00\x00\x00\x00\x00\x00\x00\x00\x00\x00\x00\x00\x00\x00\x00\x00\x00\x00\x00\x00\x00\x00\x00\x00\x00\x00\x00\x00\x00\x00\x00\x00\x00\x00\x00\x00\x00\x00\x00\x00\x00\x00\x00\x00\x00\x00\x00\x00\x00\x00\x00\x00\x00\x00\x00\x00\x00\x00\x00\x00\x00\x00\x00\x00\x00\x00\x00\x00\x00\x00\x00\x00\x00\x00\x00\x00\x00\x00\x00\x00\x00\x00\x00\x00',)
2025-01-07 22:23:39,719 LT1-thread root DEBUG client.py                 71    logger_log                : IUT address '006037030028' 'public'
2025-01-07 22:23:39,719 LT1-thread root DEBUG client.py                 71    logger_log                : __gap_current_settings_update 531
2025-01-07 22:23:39,719 LT1-thread root DEBUG client.py                 71    logger_log                : Starting test function: class=<class 'autopts.ptsprojects.testcase.TestFunc'>, func=<function test_cases.<locals>.<lambda> at 0x0000023182AA4FE0> start_wid=None stop_wid=None post_wid=None skip_call=None call_count=38 args=() kwds={}
2025-01-07 22:23:39,719 LT1-thread root DEBUG client.py                 71    logger_log                : Test function parameters: args=(), kwds={}
2025-01-07 22:23:39,743 LT1-thread root DEBUG client.py                 71    logger_log                : Starting test function: class=<class 'autopts.ptsprojects.testcase.TestFunc'>, func=<function test_cases.<locals>.<lambda> at 0x0000023182AA5080> start_wid=None stop_wid=None post_wid=None skip_call=None call_count=38 args=() kwds={}
2025-01-07 22:23:39,744 LT1-thread root DEBUG client.py                 71    logger_log                : Test function parameters: args=(), kwds={}
2025-01-07 22:23:39,758 LT1-thread root DEBUG client.py                 71    logger_log                : Starting test function: class=<class 'autopts.ptsprojects.testcase.TestFunc'>, func=<function test_cases.<locals>.<lambda> at 0x0000023182AA5120> start_wid=None stop_wid=None post_wid=None skip_call=None call_count=38 args=() kwds={}
2025-01-07 22:23:39,758 LT1-thread root DEBUG client.py                 71    logger_log                : Test function parameters: args=(), kwds={}
2025-01-07 22:23:39,772 LT1-thread root DEBUG client.py                 71    logger_log                : Starting test function: class=<class 'autopts.ptsprojects.testcase.TestFunc'>, func=<function test_cases.<locals>.<lambda> at 0x0000023182AA51C0> start_wid=None stop_wid=None post_wid=None skip_call=None call_count=38 args=() kwds={}
2025-01-07 22:23:39,772 LT1-thread root DEBUG client.py                 71    logger_log                : Test function parameters: args=(), kwds={}
2025-01-07 22:23:39,786 LT1-thread root DEBUG client.py                 71    logger_log                : Starting test function: class=<class 'autopts.ptsprojects.testcase.TestFunc'>, func=<function test_cases.<locals>.<lambda> at 0x0000023182AA5260> start_wid=None stop_wid=None post_wid=None skip_call=None call_count=38 args=() kwds={}
2025-01-07 22:23:39,787 LT1-thread root DEBUG client.py                 71    logger_log                : Test function parameters: args=(), kwds={}
2025-01-07 22:23:39,802 LT1-thread root DEBUG client.py                 71    logger_log                : Starting test function: class=<class 'autopts.ptsprojects.testcase.TestFunc'>, func=<function test_cases.<locals>.<lambda> at 0x0000023182AA5300> start_wid=None stop_wid=None post_wid=None skip_call=None call_count=38 args=() kwds={}
2025-01-07 22:23:39,802 LT1-thread root DEBUG client.py                 71    logger_log                : Test function parameters: args=(), kwds={}
2025-01-07 22:23:39,815 LT1-thread root DEBUG client.py                 71    logger_log                : Starting test function: class=<class 'autopts.ptsprojects.testcase.TestFunc'>, func=<function test_cases.<locals>.<lambda> at 0x0000023182AA53A0> start_wid=None stop_wid=None post_wid=None skip_call=None call_count=38 args=() kwds={}
2025-01-07 22:23:39,815 LT1-thread root DEBUG client.py                 71    logger_log                : Test function parameters: args=(), kwds={}
2025-01-07 22:23:39,827 LT1-thread root DEBUG client.py                 71    logger_log                : Starting test function: class=<class 'autopts.ptsprojects.testcase.TestFunc'>, func=<function test_cases.<locals>.<lambda> at 0x0000023182AA5440> start_wid=None stop_wid=None post_wid=None skip_call=None call_count=38 args=() kwds={}
2025-01-07 22:23:39,828 LT1-thread root DEBUG client.py                 71    logger_log                : Test function parameters: args=(), kwds={}
2025-01-07 22:23:39,840 LT1-thread root DEBUG client.py                 71    logger_log                : Starting test function: class=<class 'autopts.ptsprojects.testcase.TestFunc'>, func=<function test_cases.<locals>.<lambda> at 0x0000023182AA54E0> start_wid=None stop_wid=None post_wid=None skip_call=None call_count=38 args=() kwds={}
2025-01-07 22:23:39,841 LT1-thread root DEBUG client.py                 71    logger_log                : Test function parameters: args=(), kwds={}
2025-01-07 22:23:39,853 LT1-thread root DEBUG client.py                 71    logger_log                : Starting test function: class=<class 'autopts.ptsprojects.testcase.TestFunc'>, func=<function test_cases.<locals>.<lambda> at 0x0000023182AA5580> start_wid=None stop_wid=None post_wid=None skip_call=None call_count=38 args=() kwds={}
2025-01-07 22:23:39,854 LT1-thread root DEBUG client.py                 71    logger_log                : Test function parameters: args=(), kwds={}
2025-01-07 22:23:39,866 LT1-thread root DEBUG client.py                 71    logger_log                : Starting test function: class=<class 'autopts.ptsprojects.testcase.TestFunc'>, func=<function test_cases.<locals>.<lambda> at 0x0000023182AA5620> start_wid=None stop_wid=None post_wid=None skip_call=None call_count=38 args=() kwds={}
2025-01-07 22:23:39,867 LT1-thread root DEBUG client.py                 71    logger_log                : Test function parameters: args=(), kwds={}
2025-01-07 22:23:39,880 LT1-thread root DEBUG client.py                 71    logger_log                : Starting test function: class=<class 'autopts.ptsprojects.testcase.TestFunc'>, func=<function test_cases.<locals>.<lambda> at 0x0000023182AA56C0> start_wid=None stop_wid=None post_wid=None skip_call=None call_count=38 args=() kwds={}
2025-01-07 22:23:39,880 LT1-thread root DEBUG client.py                 71    logger_log                : Test function parameters: args=(), kwds={}
2025-01-07 22:23:39,893 LT1-thread root DEBUG client.py                 71    logger_log                : Starting test function: class=<class 'autopts.ptsprojects.testcase.TestFunc'>, func=<function core_reg_svc_gatt at 0x00000231FE524680> start_wid=None stop_wid=None post_wid=None skip_call=None call_count=38 args=() kwds={}
2025-01-07 22:23:39,893 LT1-thread root DEBUG client.py                 71    logger_log                : Test function parameters: args=(), kwds={}
2025-01-07 22:23:39,893 LT1-thread root DEBUG client.py                 71    logger_log                : core_reg_svc_gatt
2025-01-07 22:23:39,893 LT1-thread root DEBUG client.py                 71    logger_log                : send, 0 3 255 '2'
2025-01-07 22:23:39,893 LT1-thread root DEBUG client.py                 71    logger_log                : sending frame '0003ff010002'
2025-01-07 22:23:39,894 LT1-thread root DEBUG client.py                 71    logger_log                : core_reg_svc_rsp_succ
2025-01-07 22:23:39,894 LT1-thread root DEBUG client.py                 71    logger_log                : read
2025-01-07 22:23:39,945 BTPWorkerThread-889 (_rx_task) root DEBUG client.py                 71    logger_log                : Read 5 bytes
2025-01-07 22:23:39,957 BTPWorkerThread-889 (_rx_task) root DEBUG client.py                 71    logger_log                : Received: hdr: Header(svc_id=0x00, op=0x03, ctrl_index=0xff, data_len=0x00) bytearray(b'\x00\x03\xff\x00\x00')
2025-01-07 22:23:39,968 BTPWorkerThread-889 (_rx_task) root DEBUG client.py                 71    logger_log                : Received data: {''}, bytearray(b'')
2025-01-07 22:23:39,979 LT1-thread root DEBUG client.py                 71    logger_log                : received Header(svc_id=0, op=3, ctrl_index=255, data_len=0) (b'',)
2025-01-07 22:23:39,979 LT1-thread root DEBUG client.py                 71    logger_log                : expected ((0, 3, 255, 0), (b'',))
2025-01-07 22:23:39,979 LT1-thread root DEBUG client.py                 71    logger_log                : response is valid
2025-01-07 22:23:39,979 LT1-thread root DEBUG client.py                 71    logger_log                : Starting test function: class=<class 'autopts.ptsprojects.testcase.TestFunc'>, func=<bound method Stack.gatt_init of <autopts.ptsprojects.stack.stack.Stack object at 0x000002318206AB10>> start_wid=None stop_wid=None post_wid=None skip_call=None call_count=38 args=() kwds={}
2025-01-07 22:23:39,979 LT1-thread root DEBUG client.py                 71    logger_log                : Test function parameters: args=(), kwds={}
2025-01-07 22:23:39,980 LT1-thread root DEBUG client.py                 71    logger_log                : Starting test function: class=<class 'autopts.ptsprojects.testcase.TestFunc'>, func=<function gap_set_io_cap at 0x00000231FE527920> start_wid=None stop_wid=None post_wid=None skip_call=None call_count=38 args=(4,) kwds={}
2025-01-07 22:23:39,980 LT1-thread root DEBUG client.py                 71    logger_log                : Test function parameters: args=(4,), kwds={}
2025-01-07 22:23:39,980 LT1-thread root DEBUG client.py                 71    logger_log                : gap_set_io_cap 4
2025-01-07 22:23:39,980 LT1-thread root DEBUG client.py                 71    logger_log                : send, 1 16 0 '\x04'
2025-01-07 22:23:39,980 LT1-thread root DEBUG client.py                 71    logger_log                : sending frame '011000010004'
2025-01-07 22:23:39,981 LT1-thread root DEBUG client.py                 71    logger_log                : gap_command_rsp_succ
2025-01-07 22:23:39,981 LT1-thread root DEBUG client.py                 71    logger_log                : read
2025-01-07 22:23:40,047 BTPWorkerThread-889 (_rx_task) root DEBUG client.py                 71    logger_log                : Read 5 bytes
2025-01-07 22:23:40,052 BTPWorkerThread-889 (_rx_task) root DEBUG client.py                 71    logger_log                : Received: hdr: Header(svc_id=0x01, op=0x10, ctrl_index=0x00, data_len=0x00) bytearray(b'\x01\x10\x00\x00\x00')
2025-01-07 22:23:40,052 BTPWorkerThread-889 (_rx_task) root DEBUG client.py                 71    logger_log                : Received data: {''}, bytearray(b'')
2025-01-07 22:23:40,063 LT1-thread root DEBUG client.py                 71    logger_log                : received Header(svc_id=1, op=16, ctrl_index=0, data_len=0) (b'',)
2025-01-07 22:23:40,063 LT1-thread root DEBUG client.py                 71    logger_log                : Starting test function: class=<class 'autopts.ptsprojects.testcase.TestFunc'>, func=<function set_pts_addr at 0x00000231FE5240E0> start_wid=None stop_wid=None post_wid=None skip_call=None call_count=38 args=('C0:07:E8:59:F2:E6', 0) kwds={}
2025-01-07 22:23:40,063 LT1-thread root DEBUG client.py                 71    logger_log                : Test function parameters: args=('C0:07:E8:59:F2:E6', 0), kwds={}
2025-01-07 22:23:40,063 LT1-thread root DEBUG client.py                 71    logger_log                : Starting test function: class=<class 'autopts.ptsprojects.testcase.TestFunc'>, func=<function gatts_add_svc at 0x00000231FE535DA0> start_wid=None stop_wid=None post_wid=None skip_call=None call_count=38 args=(0, 'AA51') kwds={}
2025-01-07 22:23:40,064 LT1-thread root DEBUG client.py                 71    logger_log                : Test function parameters: args=(0, 'AA51'), kwds={}
2025-01-07 22:23:40,064 LT1-thread root DEBUG client.py                 71    logger_log                : gatts_add_svc 0 'AA51'
2025-01-07 22:23:40,064 LT1-thread root DEBUG client.py                 71    logger_log                : send, 2 2 0 "bytearray(b'\\x00\\x02\\xaaQ')"
2025-01-07 22:23:40,064 LT1-thread root DEBUG client.py                 71    logger_log                : sending frame '02020004000002aa51'
2025-01-07 22:23:40,064 LT1-thread root DEBUG client.py                 71    logger_log                : gatt_command_rsp_succ
2025-01-07 22:23:40,064 LT1-thread root DEBUG client.py                 71    logger_log                : read
2025-01-07 22:23:40,127 BTPWorkerThread-889 (_rx_task) root DEBUG client.py                 71    logger_log                : Read 5 bytes
2025-01-07 22:23:40,138 BTPWorkerThread-889 (_rx_task) root DEBUG client.py                 71    logger_log                : Received: hdr: Header(svc_id=0x02, op=0x02, ctrl_index=0x00, data_len=0x02) bytearray(b'\x02\x02\x00\x02\x00')
2025-01-07 22:23:40,161 BTPWorkerThread-889 (_rx_task) root DEBUG client.py                 71    logger_log                : Read 2 bytes data
2025-01-07 22:23:40,172 BTPWorkerThread-889 (_rx_task) root DEBUG client.py                 71    logger_log                : Received data: {'00 00'}, bytearray(b'\x00\x00')
2025-01-07 22:23:40,190 LT1-thread root DEBUG client.py                 71    logger_log                : received Header(svc_id=2, op=2, ctrl_index=0, data_len=2) (b'\x00\x00',)
2025-01-07 22:23:40,190 LT1-thread root DEBUG client.py                 71    logger_log                : Starting test function: class=<class 'autopts.ptsprojects.testcase.TestFunc'>, func=<function gatts_add_char at 0x00000231FE535EE0> start_wid=None stop_wid=None post_wid=None skip_call=None call_count=38 args=(0, 2, 17, 'AA52') kwds={}
2025-01-07 22:23:40,190 LT1-thread root DEBUG client.py                 71    logger_log                : Test function parameters: args=(0, 2, 17, 'AA52'), kwds={}
2025-01-07 22:23:40,190 LT1-thread root DEBUG client.py                 71    logger_log                : gatts_add_char 0 2 17 'AA52'
2025-01-07 22:23:40,191 LT1-thread root DEBUG client.py                 71    logger_log                : send, 2 3 0 "bytearray(b'\\x00\\x00\\x02\\x11\\x02\\xaaR')"
2025-01-07 22:23:40,191 LT1-thread root DEBUG client.py                 71    logger_log                : sending frame '02030007000000021102aa52'
2025-01-07 22:23:40,191 LT1-thread root DEBUG client.py                 71    logger_log                : gatt_command_rsp_succ
2025-01-07 22:23:40,191 LT1-thread root DEBUG client.py                 71    logger_log                : read
2025-01-07 22:23:40,248 BTPWorkerThread-889 (_rx_task) root DEBUG client.py                 71    logger_log                : Read 5 bytes
2025-01-07 22:23:40,275 BTPWorkerThread-889 (_rx_task) root DEBUG client.py                 71    logger_log                : Received: hdr: Header(svc_id=0x02, op=0x03, ctrl_index=0x00, data_len=0x02) bytearray(b'\x02\x03\x00\x02\x00')
2025-01-07 22:23:40,280 BTPWorkerThread-889 (_rx_task) root DEBUG client.py                 71    logger_log                : Read 2 bytes data
2025-01-07 22:23:40,290 BTPWorkerThread-889 (_rx_task) root DEBUG client.py                 71    logger_log                : Received data: {'00 00'}, bytearray(b'\x00\x00')
2025-01-07 22:23:40,308 LT1-thread root DEBUG client.py                 71    logger_log                : received Header(svc_id=2, op=3, ctrl_index=0, data_len=2) (b'\x00\x00',)
2025-01-07 22:23:40,308 LT1-thread root DEBUG client.py                 71    logger_log                : Starting test function: class=<class 'autopts.ptsprojects.testcase.TestFunc'>, func=<function gatts_set_val at 0x00000231FE535F80> start_wid=None stop_wid=None post_wid=None skip_call=None call_count=38 args=(0, '01') kwds={}
2025-01-07 22:23:40,308 LT1-thread root DEBUG client.py                 71    logger_log                : Test function parameters: args=(0, '01'), kwds={}
2025-01-07 22:23:40,308 LT1-thread root DEBUG client.py                 71    logger_log                : gatts_set_val 0 '01' 
2025-01-07 22:23:40,308 LT1-thread root DEBUG client.py                 71    logger_log                : send, 2 6 0 "bytearray(b'\\x00\\x00\\x01\\x00\\x01')"
2025-01-07 22:23:40,309 LT1-thread root DEBUG client.py                 71    logger_log                : sending frame '02060005000000010001'
2025-01-07 22:23:40,309 LT1-thread root DEBUG client.py                 71    logger_log                : gatt_command_rsp_succ
2025-01-07 22:23:40,309 LT1-thread root DEBUG client.py                 71    logger_log                : read
2025-01-07 22:23:40,356 BTPWorkerThread-889 (_rx_task) root DEBUG client.py                 71    logger_log                : Read 5 bytes
2025-01-07 22:23:40,389 BTPWorkerThread-889 (_rx_task) root DEBUG client.py                 71    logger_log                : Received: hdr: Header(svc_id=0x02, op=0x06, ctrl_index=0x00, data_len=0x00) bytearray(b'\x02\x06\x00\x00\x00')
2025-01-07 22:23:40,399 BTPWorkerThread-889 (_rx_task) root DEBUG client.py                 71    logger_log                : Received data: {''}, bytearray(b'')
2025-01-07 22:23:40,427 LT1-thread root DEBUG client.py                 71    logger_log                : received Header(svc_id=2, op=6, ctrl_index=0, data_len=0) (b'',)
2025-01-07 22:23:40,427 LT1-thread root DEBUG client.py                 71    logger_log                : Starting test function: class=<class 'autopts.ptsprojects.testcase.TestFunc'>, func=<function gatts_add_char at 0x00000231FE535EE0> start_wid=None stop_wid=None post_wid=None skip_call=None call_count=38 args=(0, 2, 5, 'AA53') kwds={}
2025-01-07 22:23:40,427 LT1-thread root DEBUG client.py                 71    logger_log                : Test function parameters: args=(0, 2, 5, 'AA53'), kwds={}
2025-01-07 22:23:40,427 LT1-thread root DEBUG client.py                 71    logger_log                : gatts_add_char 0 2 5 'AA53'
2025-01-07 22:23:40,428 LT1-thread root DEBUG client.py                 71    logger_log                : send, 2 3 0 "bytearray(b'\\x00\\x00\\x02\\x05\\x02\\xaaS')"
2025-01-07 22:23:40,428 LT1-thread root DEBUG client.py                 71    logger_log                : sending frame '02030007000000020502aa53'
2025-01-07 22:23:40,428 LT1-thread root DEBUG client.py                 71    logger_log                : gatt_command_rsp_succ
2025-01-07 22:23:40,428 LT1-thread root DEBUG client.py                 71    logger_log                : read
2025-01-07 22:23:40,468 BTPWorkerThread-889 (_rx_task) root DEBUG client.py                 71    logger_log                : Read 5 bytes
2025-01-07 22:23:40,473 BTPWorkerThread-889 (_rx_task) root DEBUG client.py                 71    logger_log                : Received: hdr: Header(svc_id=0x02, op=0x03, ctrl_index=0x00, data_len=0x02) bytearray(b'\x02\x03\x00\x02\x00')
2025-01-07 22:23:40,490 BTPWorkerThread-889 (_rx_task) root DEBUG client.py                 71    logger_log                : Read 2 bytes data
2025-01-07 22:23:40,501 BTPWorkerThread-889 (_rx_task) root DEBUG client.py                 71    logger_log                : Received data: {'00 00'}, bytearray(b'\x00\x00')
2025-01-07 22:23:40,518 LT1-thread root DEBUG client.py                 71    logger_log                : received Header(svc_id=2, op=3, ctrl_index=0, data_len=2) (b'\x00\x00',)
2025-01-07 22:23:40,518 LT1-thread root DEBUG client.py                 71    logger_log                : Starting test function: class=<class 'autopts.ptsprojects.testcase.TestFunc'>, func=<function gatts_set_val at 0x00000231FE535F80> start_wid=None stop_wid=None post_wid=None skip_call=None call_count=38 args=(0, '02') kwds={}
2025-01-07 22:23:40,519 LT1-thread root DEBUG client.py                 71    logger_log                : Test function parameters: args=(0, '02'), kwds={}
2025-01-07 22:23:40,519 LT1-thread root DEBUG client.py                 71    logger_log                : gatts_set_val 0 '02' 
2025-01-07 22:23:40,519 LT1-thread root DEBUG client.py                 71    logger_log                : send, 2 6 0 "bytearray(b'\\x00\\x00\\x01\\x00\\x02')"
2025-01-07 22:23:40,519 LT1-thread root DEBUG client.py                 71    logger_log                : sending frame '02060005000000010002'
2025-01-07 22:23:40,519 LT1-thread root DEBUG client.py                 71    logger_log                : gatt_command_rsp_succ
2025-01-07 22:23:40,519 LT1-thread root DEBUG client.py                 71    logger_log                : read
2025-01-07 22:23:40,577 BTPWorkerThread-889 (_rx_task) root DEBUG client.py                 71    logger_log                : Read 5 bytes
2025-01-07 22:23:40,588 BTPWorkerThread-889 (_rx_task) root DEBUG client.py                 71    logger_log                : Received: hdr: Header(svc_id=0x02, op=0x06, ctrl_index=0x00, data_len=0x00) bytearray(b'\x02\x06\x00\x00\x00')
2025-01-07 22:23:40,599 BTPWorkerThread-889 (_rx_task) root DEBUG client.py                 71    logger_log                : Received data: {''}, bytearray(b'')
2025-01-07 22:23:40,610 LT1-thread root DEBUG client.py                 71    logger_log                : received Header(svc_id=2, op=6, ctrl_index=0, data_len=0) (b'',)
2025-01-07 22:23:40,610 LT1-thread root DEBUG client.py                 71    logger_log                : Starting test function: class=<class 'autopts.ptsprojects.testcase.TestFunc'>, func=<function gatts_add_char at 0x00000231FE535EE0> start_wid=None stop_wid=None post_wid=None skip_call=None call_count=38 args=(0, 66, 3, 'AA54') kwds={}
2025-01-07 22:23:40,611 LT1-thread root DEBUG client.py                 71    logger_log                : Test function parameters: args=(0, 66, 3, 'AA54'), kwds={}
2025-01-07 22:23:40,611 LT1-thread root DEBUG client.py                 71    logger_log                : gatts_add_char 0 66 3 'AA54'
2025-01-07 22:23:40,611 LT1-thread root DEBUG client.py                 71    logger_log                : send, 2 3 0 "bytearray(b'\\x00\\x00B\\x03\\x02\\xaaT')"
2025-01-07 22:23:40,611 LT1-thread root DEBUG client.py                 71    logger_log                : sending frame '02030007000000420302aa54'
2025-01-07 22:23:40,611 LT1-thread root DEBUG client.py                 71    logger_log                : gatt_command_rsp_succ
2025-01-07 22:23:40,611 LT1-thread root DEBUG client.py                 71    logger_log                : read
2025-01-07 22:23:40,679 BTPWorkerThread-889 (_rx_task) root DEBUG client.py                 71    logger_log                : Read 5 bytes
2025-01-07 22:23:40,690 BTPWorkerThread-889 (_rx_task) root DEBUG client.py                 71    logger_log                : Received: hdr: Header(svc_id=0x02, op=0x03, ctrl_index=0x00, data_len=0x02) bytearray(b'\x02\x03\x00\x02\x00')
2025-01-07 22:23:40,695 BTPWorkerThread-889 (_rx_task) root DEBUG client.py                 71    logger_log                : Read 2 bytes data
2025-01-07 22:23:40,718 BTPWorkerThread-889 (_rx_task) root DEBUG client.py                 71    logger_log                : Received data: {'00 00'}, bytearray(b'\x00\x00')
2025-01-07 22:23:40,740 LT1-thread root DEBUG client.py                 71    logger_log                : received Header(svc_id=2, op=3, ctrl_index=0, data_len=2) (b'\x00\x00',)
2025-01-07 22:23:40,740 LT1-thread root DEBUG client.py                 71    logger_log                : Starting test function: class=<class 'autopts.ptsprojects.testcase.TestFunc'>, func=<function gatts_set_val at 0x00000231FE535F80> start_wid=None stop_wid=None post_wid=None skip_call=None call_count=38 args=(0, '03') kwds={}
2025-01-07 22:23:40,740 LT1-thread root DEBUG client.py                 71    logger_log                : Test function parameters: args=(0, '03'), kwds={}
2025-01-07 22:23:40,740 LT1-thread root DEBUG client.py                 71    logger_log                : gatts_set_val 0 '03' 
2025-01-07 22:23:40,741 LT1-thread root DEBUG client.py                 71    logger_log                : send, 2 6 0 "bytearray(b'\\x00\\x00\\x01\\x00\\x03')"
2025-01-07 22:23:40,741 LT1-thread root DEBUG client.py                 71    logger_log                : sending frame '02060005000000010003'
2025-01-07 22:23:40,741 LT1-thread root DEBUG client.py                 71    logger_log                : gatt_command_rsp_succ
2025-01-07 22:23:40,741 LT1-thread root DEBUG client.py                 71    logger_log                : read
2025-01-07 22:23:40,799 BTPWorkerThread-889 (_rx_task) root DEBUG client.py                 71    logger_log                : Read 5 bytes
2025-01-07 22:23:40,832 BTPWorkerThread-889 (_rx_task) root DEBUG client.py                 71    logger_log                : Received: hdr: Header(svc_id=0x02, op=0x06, ctrl_index=0x00, data_len=0x00) bytearray(b'\x02\x06\x00\x00\x00')
2025-01-07 22:23:40,877 BTPWorkerThread-889 (_rx_task) root DEBUG client.py                 71    logger_log                : Received data: {''}, bytearray(b'')
2025-01-07 22:23:40,900 LT1-thread root DEBUG client.py                 71    logger_log                : received Header(svc_id=2, op=6, ctrl_index=0, data_len=0) (b'',)
2025-01-07 22:23:40,900 LT1-thread root DEBUG client.py                 71    logger_log                : Starting test function: class=<class 'autopts.ptsprojects.testcase.TestFunc'>, func=<function gatts_add_char at 0x00000231FE535EE0> start_wid=None stop_wid=None post_wid=None skip_call=None call_count=38 args=(0, 10, 48, 'AA55') kwds={}
2025-01-07 22:23:40,900 LT1-thread root DEBUG client.py                 71    logger_log                : Test function parameters: args=(0, 10, 48, 'AA55'), kwds={}
2025-01-07 22:23:40,900 LT1-thread root DEBUG client.py                 71    logger_log                : gatts_add_char 0 10 48 'AA55'
2025-01-07 22:23:40,900 LT1-thread root DEBUG client.py                 71    logger_log                : send, 2 3 0 "bytearray(b'\\x00\\x00\\n0\\x02\\xaaU')"
2025-01-07 22:23:40,901 LT1-thread root DEBUG client.py                 71    logger_log                : sending frame '020300070000000a3002aa55'
2025-01-07 22:23:40,901 LT1-thread root DEBUG client.py                 71    logger_log                : gatt_command_rsp_succ
2025-01-07 22:23:40,901 LT1-thread root DEBUG client.py                 71    logger_log                : read
2025-01-07 22:23:40,958 BTPWorkerThread-889 (_rx_task) root DEBUG client.py                 71    logger_log                : Read 5 bytes
2025-01-07 22:23:40,975 BTPWorkerThread-889 (_rx_task) root DEBUG client.py                 71    logger_log                : Received: hdr: Header(svc_id=0x02, op=0x03, ctrl_index=0x00, data_len=0x02) bytearray(b'\x02\x03\x00\x02\x00')
2025-01-07 22:23:40,996 BTPWorkerThread-889 (_rx_task) root DEBUG client.py                 71    logger_log                : Read 2 bytes data
2025-01-07 22:23:41,023 BTPWorkerThread-889 (_rx_task) root DEBUG client.py                 71    logger_log                : Received data: {'00 00'}, bytearray(b'\x00\x00')
2025-01-07 22:23:41,051 LT1-thread root DEBUG client.py                 71    logger_log                : received Header(svc_id=2, op=3, ctrl_index=0, data_len=2) (b'\x00\x00',)
2025-01-07 22:23:41,051 LT1-thread root DEBUG client.py                 71    logger_log                : Starting test function: class=<class 'autopts.ptsprojects.testcase.TestFunc'>, func=<function gatts_set_val at 0x00000231FE535F80> start_wid=None stop_wid=None post_wid=None skip_call=None call_count=38 args=(0, '04') kwds={}
2025-01-07 22:23:41,051 LT1-thread root DEBUG client.py                 71    logger_log                : Test function parameters: args=(0, '04'), kwds={}
2025-01-07 22:23:41,051 LT1-thread root DEBUG client.py                 71    logger_log                : gatts_set_val 0 '04' 
2025-01-07 22:23:41,052 LT1-thread root DEBUG client.py                 71    logger_log                : send, 2 6 0 "bytearray(b'\\x00\\x00\\x01\\x00\\x04')"
2025-01-07 22:23:41,052 LT1-thread root DEBUG client.py                 71    logger_log                : sending frame '02060005000000010004'
2025-01-07 22:23:41,052 LT1-thread root DEBUG client.py                 71    logger_log                : gatt_command_rsp_succ
2025-01-07 22:23:41,052 LT1-thread root DEBUG client.py                 71    logger_log                : read
2025-01-07 22:23:41,109 BTPWorkerThread-889 (_rx_task) root DEBUG client.py                 71    logger_log                : Read 5 bytes
2025-01-07 22:23:41,120 BTPWorkerThread-889 (_rx_task) root DEBUG client.py                 71    logger_log                : Received: hdr: Header(svc_id=0x02, op=0x06, ctrl_index=0x00, data_len=0x00) bytearray(b'\x02\x06\x00\x00\x00')
2025-01-07 22:23:41,137 BTPWorkerThread-889 (_rx_task) root DEBUG client.py                 71    logger_log                : Received data: {''}, bytearray(b'')
2025-01-07 22:23:41,155 LT1-thread root DEBUG client.py                 71    logger_log                : received Header(svc_id=2, op=6, ctrl_index=0, data_len=0) (b'',)
2025-01-07 22:23:41,155 LT1-thread root DEBUG client.py                 71    logger_log                : Starting test function: class=<class 'autopts.ptsprojects.testcase.TestFunc'>, func=<function gatts_start_server at 0x00000231FE536200> start_wid=None stop_wid=None post_wid=None skip_call=None call_count=38 args=() kwds={}
2025-01-07 22:23:41,155 LT1-thread root DEBUG client.py                 71    logger_log                : Test function parameters: args=(), kwds={}
2025-01-07 22:23:41,155 LT1-thread root DEBUG client.py                 71    logger_log                : gatts_start_server
2025-01-07 22:23:41,155 LT1-thread root DEBUG client.py                 71    logger_log                : send, 2 7 0 ''
2025-01-07 22:23:41,156 LT1-thread root DEBUG client.py                 71    logger_log                : sending frame '0207000000'
2025-01-07 22:23:41,156 LT1-thread root DEBUG client.py                 71    logger_log                : gatt_command_rsp_succ
2025-01-07 22:23:41,156 LT1-thread root DEBUG client.py                 71    logger_log                : read
2025-01-07 22:23:41,205 BTPWorkerThread-889 (_rx_task) root DEBUG client.py                 71    logger_log                : Read 5 bytes
2025-01-07 22:23:41,221 BTPWorkerThread-889 (_rx_task) root DEBUG client.py                 71    logger_log                : Received: hdr: Header(svc_id=0x02, op=0x07, ctrl_index=0x00, data_len=0x03) bytearray(b'\x02\x07\x00\x03\x00')
2025-01-07 22:23:41,243 BTPWorkerThread-889 (_rx_task) root DEBUG client.py                 71    logger_log                : Read 3 bytes data
2025-01-07 22:23:41,254 BTPWorkerThread-889 (_rx_task) root DEBUG client.py                 71    logger_log                : Received data: {'00 00 00'}, bytearray(b'\x00\x00\x00')
2025-01-07 22:23:41,277 LT1-thread root DEBUG client.py                 71    logger_log                : received Header(svc_id=2, op=7, ctrl_index=0, data_len=3) (b'\x00\x00\x00',)
2025-01-07 22:23:41,280 LT1-thread root DEBUG client.py                 71    logger_log                : ClientCallback.get_result run_test_case
2025-01-07 22:23:44,065 LT1-callback ClientCallback.on_implicit_send INFO client.py                 71    logger_log                : 
    ********************
    BEGIN OnImplicitSend:
    project_name: GAP
    wid: 78
    test_case_name: GAP/CONN/CPUP/BV-04-C
    description: Please send an LE connect request to establish a connection.
    style: MMI_Style_Ok_Cancel2 0x11141
2025-01-07 22:23:44,065 LT1-callback ClientCallback.on_implicit_send INFO client.py                 71    logger_log                : Calling test cases on_implicit_send
2025-01-07 22:23:44,066 LT1-callback ClientCallback.on_implicit_send INFO client.py                 71    logger_log                : 
    on_implicit_send returned response: WAIT
    END OnImplicitSend
    ********************
2025-01-07 22:23:44,281 LT1-thread root DEBUG client.py                 71    logger_log                : GAP GAP/CONN/CPUP/BV-04-C on_implicit_send
2025-01-07 22:23:44,281 LT1-thread root DEBUG client.py                 71    logger_log                : gap_wid_hdl, 78, Please send an LE connect request to establish a connection., GAP/CONN/CPUP/BV-04-C
2025-01-07 22:23:44,281 LT1-thread root DEBUG client.py                 71    logger_log                : gap_conn None None
2025-01-07 22:23:44,281 LT1-thread root DEBUG client.py                 71    logger_log                : send, 1 14 0 "bytearray(b'\\x00\\xe6\\xf2Y\\xe8\\x07\\xc0\\x00')"
2025-01-07 22:23:44,281 LT1-thread root DEBUG client.py                 71    logger_log                : sending frame '010e00080000e6f259e807c000'
2025-01-07 22:23:44,282 LT1-thread root DEBUG client.py                 71    logger_log                : read
2025-01-07 22:23:44,339 BTPWorkerThread-889 (_rx_task) root DEBUG client.py                 71    logger_log                : Read 5 bytes
2025-01-07 22:23:44,351 BTPWorkerThread-889 (_rx_task) root DEBUG client.py                 71    logger_log                : Received: hdr: Header(svc_id=0x01, op=0x0e, ctrl_index=0x00, data_len=0x00) bytearray(b'\x01\x0e\x00\x00\x00')
2025-01-07 22:23:44,373 BTPWorkerThread-889 (_rx_task) root DEBUG client.py                 71    logger_log                : Received data: {''}, bytearray(b'')
2025-01-07 22:23:44,385 LT1-thread root DEBUG client.py                 71    logger_log                : Sending response 'OK' to wid 78 test case GAP/CONN/CPUP/BV-04-C
2025-01-07 22:23:44,388 LT1-thread root DEBUG client.py                 71    logger_log                : ClientCallback.get_result run_test_case
2025-01-07 22:23:44,399 BTPWorkerThread-889 (_rx_task) root DEBUG client.py                 71    logger_log                : Read 5 bytes
2025-01-07 22:23:44,399 BTPWorkerThread-889 (_rx_task) root DEBUG client.py                 71    logger_log                : Received: hdr: Header(svc_id=0x01, op=0x82, ctrl_index=0x00, data_len=0x0d) bytearray(b'\x01\x82\x00\r\x00')
2025-01-07 22:23:44,400 BTPWorkerThread-889 (_rx_task) root DEBUG client.py                 71    logger_log                : Read 13 bytes data
2025-01-07 22:23:44,400 BTPWorkerThread-889 (_rx_task) root DEBUG client.py                 71    logger_log                : Received data: {'00 e6 f2 59 e8 07 c0 18 00 00 00 90 01'}, bytearray(b'\x00\xe6\xf2Y\xe8\x07\xc0\x18\x00\x00\x00\x90\x01')
2025-01-07 22:23:44,400 BTPWorkerThread-889 (_rx_task) root DEBUG client.py                 71    logger_log                : event_handler Header(svc_id=1, op=130, ctrl_index=0, data_len=13) (b'\x00\xe6\xf2Y\xe8\x07\xc0\x18\x00\x00\x00\x90\x01',)
2025-01-07 22:23:44,400 BTPWorkerThread-889 (_rx_task) root DEBUG client.py                 71    logger_log                : gap_connected_ev_ b'\x00\xe6\xf2Y\xe8\x07\xc0\x18\x00\x00\x00\x90\x01'
2025-01-07 22:23:45,733 LT1-callback ClientCallback.on_implicit_send INFO client.py                 71    logger_log                : 
    ********************
    BEGIN OnImplicitSend:
    project_name: GAP
    wid: 77
    test_case_name: GAP/CONN/CPUP/BV-04-C
    description: Please send a disconnect request to terminate connection.
    style: MMI_Style_Ok_Cancel2 0x11141
2025-01-07 22:23:45,734 LT1-callback ClientCallback.on_implicit_send INFO client.py                 71    logger_log                : Calling test cases on_implicit_send
2025-01-07 22:23:45,734 LT1-callback ClientCallback.on_implicit_send INFO client.py                 71    logger_log                : 
    on_implicit_send returned response: WAIT
    END OnImplicitSend
    ********************
2025-01-07 22:23:45,738 BTPWorkerThread-889 (_rx_task) root DEBUG client.py                 71    logger_log                : Read 5 bytes
2025-01-07 22:23:45,738 BTPWorkerThread-889 (_rx_task) root DEBUG client.py                 71    logger_log                : Received: hdr: Header(svc_id=0x01, op=0x88, ctrl_index=0x00, data_len=0x0d) bytearray(b'\x01\x88\x00\r\x00')
2025-01-07 22:23:45,739 BTPWorkerThread-889 (_rx_task) root DEBUG client.py                 71    logger_log                : Read 13 bytes data
2025-01-07 22:23:45,739 BTPWorkerThread-889 (_rx_task) root DEBUG client.py                 71    logger_log                : Received data: {'00 e6 f2 59 e8 07 c0 3c 00 01 00 f4 01'}, bytearray(b'\x00\xe6\xf2Y\xe8\x07\xc0<\x00\x01\x00\xf4\x01')
2025-01-07 22:23:45,739 BTPWorkerThread-889 (_rx_task) root DEBUG client.py                 71    logger_log                : event_handler Header(svc_id=1, op=136, ctrl_index=0, data_len=13) (b'\x00\xe6\xf2Y\xe8\x07\xc0<\x00\x01\x00\xf4\x01',)
2025-01-07 22:23:45,739 BTPWorkerThread-889 (_rx_task) root DEBUG client.py                 71    logger_log                : gap_conn_param_update_ev_
2025-01-07 22:23:45,739 BTPWorkerThread-889 (_rx_task) root DEBUG client.py                 71    logger_log                : received b'\x00\xe6\xf2Y\xe8\x07\xc0<\x00\x01\x00\xf4\x01'
2025-01-07 22:23:45,739 BTPWorkerThread-889 (_rx_task) root DEBUG client.py                 71    logger_log                : received (0, b'c007e859f2e6', 60, 1, 500)
2025-01-07 22:23:46,390 LT1-thread root DEBUG client.py                 71    logger_log                : GAP GAP/CONN/CPUP/BV-04-C on_implicit_send
2025-01-07 22:23:46,390 LT1-thread root DEBUG client.py                 71    logger_log                : gap_wid_hdl, 77, Please send a disconnect request to terminate connection., GAP/CONN/CPUP/BV-04-C
2025-01-07 22:23:46,390 LT1-thread root DEBUG client.py                 71    logger_log                : gap_disconn None None
2025-01-07 22:23:46,390 LT1-thread root DEBUG client.py                 71    logger_log                : send, 1 15 0 "bytearray(b'\\x00\\xe6\\xf2Y\\xe8\\x07\\xc0')"
2025-01-07 22:23:46,390 LT1-thread root DEBUG client.py                 71    logger_log                : sending frame '010f00070000e6f259e807c0'
2025-01-07 22:23:46,390 LT1-thread root DEBUG client.py                 71    logger_log                : read
2025-01-07 22:23:46,423 BTPWorkerThread-889 (_rx_task) root DEBUG client.py                 71    logger_log                : Read 5 bytes
2025-01-07 22:23:46,443 BTPWorkerThread-889 (_rx_task) root DEBUG client.py                 71    logger_log                : Received: hdr: Header(svc_id=0x01, op=0x0f, ctrl_index=0x00, data_len=0x00) bytearray(b'\x01\x0f\x00\x00\x00')
2025-01-07 22:23:46,454 BTPWorkerThread-889 (_rx_task) root DEBUG client.py                 71    logger_log                : Received data: {''}, bytearray(b'')
2025-01-07 22:23:46,515 BTPWorkerThread-889 (_rx_task) root DEBUG client.py                 71    logger_log                : Read 5 bytes
2025-01-07 22:23:46,521 BTPWorkerThread-889 (_rx_task) root DEBUG client.py                 71    logger_log                : Received: hdr: Header(svc_id=0x01, op=0x83, ctrl_index=0x00, data_len=0x07) bytearray(b'\x01\x83\x00\x07\x00')
2025-01-07 22:23:46,536 BTPWorkerThread-889 (_rx_task) root DEBUG client.py                 71    logger_log                : Read 7 bytes data
2025-01-07 22:23:46,542 BTPWorkerThread-889 (_rx_task) root DEBUG client.py                 71    logger_log                : Received data: {'00 e6 f2 59 e8 07 c0'}, bytearray(b'\x00\xe6\xf2Y\xe8\x07\xc0')
2025-01-07 22:23:46,547 BTPWorkerThread-889 (_rx_task) root DEBUG client.py                 71    logger_log                : event_handler Header(svc_id=1, op=131, ctrl_index=0, data_len=7) (b'\x00\xe6\xf2Y\xe8\x07\xc0',)
2025-01-07 22:23:46,547 BTPWorkerThread-889 (_rx_task) root DEBUG client.py                 71    logger_log                : gap_disconnected_ev_ b'\x00\xe6\xf2Y\xe8\x07\xc0'
2025-01-07 22:23:46,547 LT1-thread root DEBUG client.py                 71    logger_log                : Sending response 'OK' to wid 77 test case GAP/CONN/CPUP/BV-04-C
2025-01-07 22:23:46,550 LT1-thread root DEBUG client.py                 71    logger_log                : ClientCallback.get_result run_test_case
2025-01-07 22:23:49,111 LT1-callback ClientCallback.log INFO client.py                 71    logger_log                : PTS_LOGTYPE_START_TEST Start Test Case 

+0 ms
 GAP/CONN/CPUP/BV-04-C GAP/CONN/CPUP/BV-04-C

2025-01-07 22:23:49,713 LT1-callback ClientCallback.log INFO client.py                 71    logger_log                : PTS_LOGTYPE_FINAL_VERDICT Final Verdict 

+6484 ms
 GAP/CONN/CPUP/BV-04-C PASS

2025-01-07 22:23:49,719 LT1-callback ClientCallback.log INFO client.py                 71    logger_log                : PTS_LOGTYPE_FINAL_VERDICT Encrypted Verdict 

+6484 ms
 GAP/CONN/CPUP/BV-04-C A1#ZWY4MzQ5MDg3MmQwNTIxOGQzMzQ5YjY2ODA5M2MzNjQ5ZDY4NmY0Yjc2MzIzM2VkNTUyNTFhNGU4Mjg1MjI0NA==#ux0xA760Ksb27nZnJgK0WrIsPzpc7N8wgK53YcSVfuC8ek/gEuWOtGBuvqLVc5Se

2025-01-07 22:23:49,859 LT1-callback ClientCallback.log INFO client.py                 71    logger_log                : PTS_LOGTYPE_END_TEST Test Case Ended 

+6484 ms
 GAP/CONN/CPUP/BV-04-C GAP/CONN/CPUP/BV-04-C

2025-01-07 22:23:50,106 LT1-callback root DEBUG client.py                 71    logger_log                : ClientCallback, set_result, run_test_case, PASS
2025-01-07 22:23:50,107 LT1-thread root DEBUG client.py                 71    logger_log                : After run_test_case error_code=0 status='PASS'
2025-01-07 22:23:50,107 LT1-thread root DEBUG client.py                 71    logger_log                : post_run GAP GAP/CONN/CPUP/BV-04-C 0
2025-01-07 22:23:50,108 LT1-thread root DEBUG client.py                 71    logger_log                : Starting test function: class=<class 'autopts.ptsprojects.testcase.TestFuncCleanUp'>, func=<bound method Stack.cleanup of <autopts.ptsprojects.stack.stack.Stack object at 0x000002318206AB10>> start_wid=None stop_wid=None post_wid=None skip_call=None call_count=1 args=() kwds={}
2025-01-07 22:23:50,108 LT1-thread root DEBUG client.py                 71    logger_log                : Test function parameters: args=(), kwds={}
2025-01-07 22:23:50,108 LT1-thread root DEBUG client.py                 71    logger_log                : Starting test function: class=<class 'autopts.ptsprojects.testcase.TestFuncCleanUp'>, func=<bound method ZephyrCtl.stop of <autopts.ptsprojects.zephyr.iutctl.ZephyrCtl object at 0x0000023181FCEB50>> start_wid=None stop_wid=None post_wid=None skip_call=None call_count=1 args=() kwds={}
2025-01-07 22:23:50,108 LT1-thread root DEBUG client.py                 71    logger_log                : Test function parameters: args=(), kwds={}
2025-01-07 22:23:50,108 LT1-thread root DEBUG client.py                 71    logger_log                : <class 'autopts.ptsprojects.zephyr.iutctl.ZephyrCtl'>.stop
2025-01-07 22:23:50,209 LT1-thread root DEBUG client.py                 71    logger_log                : <class 'autopts.rtt.RTTLogger'>.stop
2025-01-07 22:23:50,209 LT1-thread root DEBUG client.py                 71    logger_log                : <class 'autopts.rtt.RTT'>.stop
2025-01-07 22:23:50,233 LT1-thread root DEBUG client.py                 71    logger_log                : About to reset DUT: JLink -CommandFile reset.jlink -usb 1064371884 -device MCXW716
2025-01-07 22:23:50,693 BTPWorkerThread-889 (_rx_task) root DEBUG client.py                 71    logger_log                : Read 5 bytes
2025-01-07 22:23:50,713 BTPWorkerThread-889 (_rx_task) root DEBUG client.py                 71    logger_log                : Received: hdr: Header(svc_id=0x00, op=0x80, ctrl_index=0xff, data_len=0x00) bytearray(b'\x00\x80\xff\x00\x00')
2025-01-07 22:23:50,733 BTPWorkerThread-889 (_rx_task) root DEBUG client.py                 71    logger_log                : Received data: {''}, bytearray(b'')
2025-01-07 22:23:50,763 BTPWorkerThread-889 (_rx_task) root DEBUG client.py                 71    logger_log                : event_handler Header(svc_id=0, op=128, ctrl_index=255, data_len=0) (b'',)
2025-01-07 22:23:50,783 BTPWorkerThread-889 (_rx_task) root DEBUG client.py                 71    logger_log                : core_iut_ready_ev
2025-01-07 22:23:50,803 LT1-thread root DEBUG client.py                 71    logger_log                : IUT ready event received OK
2025-01-07 22:23:50,803 LT1-thread root DEBUG client.py                 71    logger_log                : Waiting for _rx_worker to finish ...
2025-01-07 22:23:51,803 BTPWorkerThread-889 (_rx_task) root DEBUG client.py                 71    logger_log                : BTPWorkerThread-889 (_rx_task) finishing...
2025-01-07 22:23:51,803 LT1-thread root DEBUG client.py                 71    logger_log                : Waiting for _rx_worker to finish ...
2025-01-07 22:23:54,821 LT1-thread root DEBUG client.py                 71    logger_log                : post_run, cleanup running post test case script
2025-01-07 22:23:54,821 LT1-thread root DEBUG client.py                 71    logger_log                : post_run, run post test case script
2025-01-07 22:23:54,958 LT1-thread root DEBUG client.py                 71    logger_log                : Done TestCase _run_test_case GAP GAP/CONN/CPUP/BV-04-C
